
========================[ Aug 28, 2016  9:38 AM ]========================
Version 2.2.26 [Sep-21-2011]
Started database file "data/ITS2db_trimmed_derep.fasta"
Formatted 695 sequences in volume 0
SUCCESS: formatted database data/ITS2db_trimmed_derep.fasta

========================[ Aug 28, 2016  9:39 AM ]========================
Version 2.2.26 [Sep-21-2011]
Started database file "data/ITS2db_trimmed_derep.fasta"
Formatted 695 sequences in volume 0
SUCCESS: formatted database data/ITS2db_trimmed_derep.fasta

========================[ Aug 28, 2016  9:40 AM ]========================
Version 2.2.26 [Sep-21-2011]
Started database file "data/ITS2db_trimmed_derep.fasta"
Formatted 695 sequences in volume 0
SUCCESS: formatted database data/ITS2db_trimmed_derep.fasta

========================[ Aug 28, 2016 11:21 AM ]========================
Version 2.2.26 [Sep-21-2011]
Started database file "data/ITS2db_trimmed_derep.fasta"
Formatted 695 sequences in volume 0
SUCCESS: formatted database data/ITS2db_trimmed_derep.fasta
