denovo119 A136_DQ865210 342 (535.5)
denovo119 A133_DQ174725 353 (514.5)
denovo119 A115_AF180123 349 (499.5)
denovo119 A117_AF201746 338 (524.5)
denovo119 A134_DQ174723 337 (530.0)
denovo119 A114_AF184941 338 (524.5)
denovo119 A135_DQ174727 338 (525.5)
denovo119 A2_AF333506 340 (526.5)
denovo119 A101_AF427468 339 (518.5)
denovo119 A2_1_JN558097 339 (518.5)
denovo119 A2_2_JN558100 339 (518.5)
denovo119 A113_AF184948 345 (524.0)
denovo119 A112_AF184949 346 (499.0)
denovo119 A123_EF378618 355 (347.0)
denovo119 A137_EF378621 350 (340.5)
denovo119 A11_EU449041 341 (547.0)
denovo119 A121_DQ174722 342 (527.5)
denovo119 A15b_EU792886 341 (499.5)
denovo119 A15a_EU792885 340 (514.5)
denovo119 A15c_EU792887 341 (517.5)
denovo119 A15_EU792884 341 (508.5)
denovo119 A147_EU074937 338 (527.0)
denovo119 A154_EU074860 338 (527.0)
denovo119 A146_EU074936 341 (526.0)
denovo119 A150_EU074928 339 (530.5)
denovo119 A116_AF183575 341 (526.0)
denovo119 A141_EU074931 341 (535.0)
denovo119 A5_AF333508 340 (539.0)
denovo119 A3b_EU449043 338 (536.0)
denovo119 A151_EU074925 338 (527.0)
denovo119 A152_EU074927 331 (523.0)
denovo119 A149_EU074929 338 (527.0)
denovo119 A140_EU074930 338 (518.0)
denovo119 A142_EU074932 338 (518.0)
denovo119 A143_EU074933 341 (527.0)
denovo119 A144_EU074934 338 (518.0)
denovo119 A145_EU074935 338 (536.0)
denovo119 A148_EU074938 338 (518.0)
denovo119 A155_EU074856 338 (518.0)
denovo119 A156_EU074859 338 (518.0)
denovo119 A139_EU074962 338 (518.0)
denovo119 A6_AF186058 338 (527.0)
denovo119 A3_AF333507 338 (527.0)
denovo119 A3_JN558091 338 (527.0)
denovo119 A8_AY258468 340 (505.5)
denovo119 A7_AY239360 340 (515.0)
denovo119 A16_EU792888 340 (524.0)
denovo119 A4.3_FN429763 352 (501.0)
denovo119 A120_AF180122 352 (503.5)
denovo119 A4.2_FN429761 350 (493.5)
denovo119 A4_AF333509 350 (521.5)
denovo119 A4.1_FN429760 349 (516.5)
denovo119 A4a_AF499778 349 (520.0)
denovo119 A4a.1_FN429762 349 (520.0)
denovo119 A138_EF378620 354 (471.0)
denovo119 A122_EF378619 353 (508.0)
denovo119 A126_EF378615 352 (509.0)
denovo119 A10_EU792882 352 (509.0)
denovo119 A9_EU449028 346 (511.0)
denovo119 A105_AB207202 352 (509.0)
denovo119 A119_AF180121 341 (510.5)
denovo119 A12_EU792883 351 (516.0)
denovo119 A104_AB207203 345 (526.0)
denovo119 A1a_EU449030 349 (528.0)
denovo119 A1.3_HE578976 353 (519.0)
denovo119 A1.4_HE578977 351 (523.5)
denovo119 A13_AF333504 354 (521.5)
denovo119 A13_JN558094 354 (521.5)
denovo119 A110_AB190282 353 (511.5)
denovo119 A103_AB207206 347 (520.5)
denovo119 A130_EF656428 353 (520.5)
denovo119 A127_EF656429 353 (529.5)
denovo119 A128_EF656430 353 (511.5)
denovo119 A129_EF656431 354 (523.0)
denovo119 A131_EF656432 351 (516.0)
denovo119 A118_AF180120 344 (513.0)
denovo119 A1_AF333505 353 (520.5)
denovo119 A107_AB207199 353 (520.5)
denovo119 A111_AB190280 352 (527.0)
denovo119 A108_AB207197 351 (508.0)
denovo119 A106_AB207200 350 (528.5)
denovo119 A102_AB207209 352 (527.0)
denovo119 A1.2_AB207210 352 (527.0)
denovo119 A109_AB190285 352 (536.0)
denovo119 B4_AF333510 322 (1084.5)
denovo119 B23_EU449079 308 (1185.5)
denovo119 B30_GU907644 308 (1167.5)
denovo119 B11_AY239361 309 (1279.5)
denovo119 B17_AY258470 307 (1299.0)
denovo119 B1k_GU907638 309 (615.5)
denovo119 B1.V_Green2014 315 (1268.0)
denovo119 B1b_AF499780 307 (1230.5)
denovo119 B16_AY258469 307 (1308.0)
denovo119 B31a_GU907646 307 (1308.0)
denovo119 B32_GU907647 307 (1308.0)
denovo119 B31_GU907645 307 (1317.0)
denovo119 B1j_GU907637 307 (1326.0)
denovo119 B37_GU907650 309 (1324.5)
denovo119 B5a_AF499782 307 (1308.0)
denovo119 B5_AF499781 307 (1317.0)
denovo119 B24_GU907643 307 (1148.0)
denovo119 B117_AF180124 308 (1220.5)
denovo119 B10_AF499787 307 (1308.0)
denovo119 B20_GU907642 309 (1300.5)
denovo119 B1m_GU907640 307 (1317.0)
denovo119 B34_GU907649 307 (1317.0)
denovo119 B1d_GU907633 307 (1317.0)
denovo119 B1e_GU907634 307 (1317.0)
denovo119 B1i_GU907636 307 (1317.0)
denovo119 B1g_GU907635 308 (1298.0)
denovo119 B123_EU074872 307 (1308.0)
denovo119 B8_AF499785 308 (1307.0)
denovo119 B1l_GU907639 307 (1317.0)
denovo119 B1a_AF499779 307 (1317.0)
denovo119 B14_AY239362 308 (1307.0)
denovo119 B125_EU074865 307 (1317.0)
denovo119 B122_EU074871 307 (1317.0)
denovo119 B124_EU074874 307 (1317.0)
denovo119 B1.VII_Green2014 307 (1247.0)
denovo119 B1.III_Green2014 307 (1245.0)
denovo119 B1.I_Green2014 307 (1326.0)
denovo119 B1.II_Green2014 307 (1326.0)
denovo119 B1_JN558057 307 (1326.0)
denovo119 B1_AF333511 307 (1326.0)
denovo119 B1.IV_Green2014 317 (1311.5)
denovo119 B121_EU074870 307 (1317.0)
denovo119 B7_AF499784 307 (1317.0)
denovo119 B1.VI_Green2014 308 (1266.5)
denovo119 B3_AF333514 307 (1222.5)
denovo119 B9_AF499786 307 (1231.5)
denovo119 B19a_JN558055 311 (1116.5)
denovo119 B119_EU099825 316 (1166.0)
denovo119 B21_DQ865213 307 (1209.0)
denovo119 B38_GU907651 307 (1209.0)
denovo119 B18_AY258471 307 (1249.5)
denovo119 B18a_AY258472 307 (1240.5)
denovo119 B33_GU907648 307 (1240.5)
denovo119 B6_AF499783 312 (1255.0)
denovo119 B19_DQ865212 307 (1258.5)
denovo119 B19_GU907641 307 (1258.5)
denovo119 B2_AF333512 307 (1249.5)
denovo119 B2_JN558060 307 (1249.5)
denovo119 C33.1_AY258498 333 (782.0)
denovo119 C33.2_AY765400 333 (782.0)
denovo119 C33a_EF541147 333 (782.0)
denovo119 C34_AY258499 326 (779.5)
denovo119 C78_AY765413 328 (749.0)
denovo119 C15.29_KC597690 329 (733.0)
denovo119 C1131_DQ182650 330 (727.0)
denovo119 C1135_DQ182646 323 (725.5)
denovo119 C1134_DQ182647 325 (713.0)
denovo119 C1142_DQ182635 325 (722.0)
denovo119 C1136_DQ182644 323 (704.5)
denovo119 C1111_DQ182645 323 (696.0)
denovo119 C1236_EF473656 323 (705.0)
denovo119 C1138_DQ182642 320 (714.5)
denovo119 C1137_DQ182643 323 (705.0)
denovo119 C1133_DQ182648 323 (705.0)
denovo119 C1132_DQ182649 327 (708.0)
denovo119 C1143_DQ182634 323 (714.0)
denovo119 C1139_DQ182639 325 (722.0)
denovo119 C15.28_KC597687 325 (786.0)
denovo119 C1141_DQ182636 325 (731.0)
denovo119 C1144_DQ182637 325 (740.0)
denovo119 C1122_DQ182654 325 (749.0)
denovo119 C1127_DQ182652 325 (740.5)
denovo119 C15.30_JX394114 330 (763.5)
denovo119 C15.26_KC597686 326 (770.0)
denovo119 C1086_DQ182656 327 (773.0)
denovo119 C15.25_KC597685 327 (782.0)
denovo119 C1118_AF180127 331 (719.0)
denovo119 C1129_DQ182651 327 (718.0)
denovo119 C15.21_KC597683 325 (749.5)
denovo119 C56_AY589760 324 (764.0)
denovo119 C1140_DQ182638 327 (736.0)
denovo119 C1126_DQ182653 327 (727.0)
denovo119 C15c_AY258492 324 (782.5)
denovo119 C15d_AY258493 323 (789.0)
denovo119 C1098_DQ182641 325 (783.0)
denovo119 C15.27_KC597689 327 (773.0)
denovo119 C15.18_HE579024 326 (770.0)
denovo119 C15.16_HE579022 332 (797.0)
denovo119 C1101_AB253787 327 (764.0)
denovo119 C1083_AY237300 327 (773.0)
denovo119 C1088_DQ182640 330 (771.0)
denovo119 C15.6_FN563472 327 (773.0)
denovo119 C15.5_FJ461512 329 (769.5)
denovo119 C15.4_FJ461511 329 (778.5)
denovo119 C15.13_HE579019 327 (764.0)
denovo119 C15.12_HE579018 327 (773.0)
denovo119 C93a_AM748563 325 (794.5)
denovo119 C1094_AJ291514 325 (776.5)
denovo119 C93_AM748562 325 (785.5)
denovo119 C15.17_HE579023 326 (764.0)
denovo119 C15e_AY589742 329 (772.5)
denovo119 C15.22_KC597695 327 (773.0)
denovo119 C60_AY589764 327 (773.0)
denovo119 C15.1_FJ461508 327 (773.0)
denovo119 C15.2_FJ461509 327 (773.0)
denovo119 C15.9_FN563475 327 (790.5)
denovo119 C15.7_HE579015 326 (787.5)
denovo119 C15.8_HE579016 327 (773.0)
denovo119 C15.15_HE579021 327 (773.0)
denovo119 C15.19_HE579025 327 (782.0)
denovo119 C15.24_KC597696 327 (764.0)
denovo119 C15.3_FJ461510 329 (778.5)
denovo119 C1087_DQ182655 327 (782.0)
denovo119 C15.14_HE579020 328 (772.5)
denovo119 C15.23_KC597697 328 (772.5)
denovo119 C19_AY258479 326 (783.0)
denovo119 C1233_EU118166 327 (773.0)
denovo119 C15b_AY258491 327 (773.0)
denovo119 C15a_AY258476 329 (787.5)
denovo119 C1051_AF195153 327 (791.0)
denovo119 C2_AF333518 328 (781.0)
denovo119 C15.20_HE579026 328 (781.5)
denovo119 C15f_AY589743 329 (775.0)
denovo119 C55_AY589759 332 (782.0)
denovo119 C15_AY239369 327 (782.0)
denovo119 C32.1_JF683335 325 (737.0)
denovo119 C32.2_JF683336 325 (737.0)
denovo119 C21.23_KC597693 325 (737.0)
denovo119 C1193_EU099827 333 (768.0)
denovo119 C1195_EU099821 334 (739.0)
denovo119 C3q_GU907655 335 (753.0)
denovo119 C53_AY589758 336 (754.0)
denovo119 C73_AY765408 336 (761.0)
denovo119 C17.2.1_KC597684 330 (731.5)
denovo119 C32_AY258497 326 (739.5)
denovo119 C1189_EU099831 329 (748.5)
denovo119 C1191_EU099833 328 (755.0)
denovo119 C1196_EU099819 329 (730.5)
denovo119 C1192_EU099820 329 (730.5)
denovo119 C17.1_JF683322 329 (748.5)
denovo119 C26_b2_FN827164 330 (757.0)
denovo119 C26_b3_FN827165 330 (730.0)
denovo119 C31.9_HQ630879 331 (735.0)
denovo119 C31a_AY589746 331 (731.5)
denovo119 C30_AY589745 331 (731.5)
denovo119 C31.1_HQ630876 335 (733.0)
denovo119 C31.5_HQ630877 329 (743.5)
denovo119 C31.6_HQ630878 331 (731.5)
denovo119 C31.2_JF683332 331 (740.5)
denovo119 C31.3_JF683333 331 (731.5)
denovo119 C26/C35a_AY239378 330 (739.0)
denovo119 C35a_AY258501 330 (739.0)
denovo119 C35.2_AY258500 330 (748.0)
denovo119 C26_b1_FN827163 330 (748.0)
denovo119 C17_AY239370 329 (748.5)
denovo119 C17.2_FJ461513 331 (747.5)
denovo119 C31.10_HQ630880 331 (744.0)
denovo119 C31.4_JF683334 335 (729.0)
denovo119 C31_AY258496 331 (740.5)
denovo119 C25_AY239377 327 (775.5)
denovo119 C61_AY589765 326 (727.0)
denovo119 C1043_DQ072721 329 (737.5)
denovo119 C79_AY765414 329 (751.5)
denovo119 C69_AY589773 316 (748.5)
denovo119 C69a_AY686648 316 (739.5)
denovo119 C21.22_KC597692 332 (720.0)
denovo119 C51_AY589756 328 (758.0)
denovo119 C1aa_HM185739 331 (767.0)
denovo119 C1096_DQ068023 326 (758.0)
denovo119 C74_AY765409 332 (782.5)
denovo119 C1185_AB294629 334 (779.0)
denovo119 C1184_AB294630 334 (779.0)
denovo119 C1153_AB294625 334 (779.0)
denovo119 C1154_AB294626 333 (794.5)
denovo119 C1187_AB294627 334 (779.0)
denovo119 C1186_AB294628 334 (779.0)
denovo119 C57_AY589761 334 (788.0)
denovo119 C66_AY589771 334 (788.0)
denovo119 C5_AF499795 327 (773.0)
denovo119 C1167_AB294586 327 (773.0)
denovo119 C1164_AB294593 327 (773.0)
denovo119 C1183_AB294631 327 (791.0)
denovo119 C1067_DQ335381 329 (769.5)
denovo119 C1159_AB294613 326 (776.0)
denovo119 C1150_AB294622 326 (785.0)
denovo119 C90_AM748554 328 (796.0)
denovo119 C1168_AB294583 327 (782.0)
denovo119 C1156_AB294616 327 (791.0)
denovo119 C1151_AB294621 327 (800.0)
denovo119 C92a_AM748561 327 (782.0)
denovo119 C92_AM748560 327 (791.0)
denovo119 C1165_AB294581 327 (782.0)
denovo119 C1166_AB294584 327 (800.0)
denovo119 C1162_AB294594 327 (782.0)
denovo119 C1163_AB294596 327 (791.5)
denovo119 C1161_AB294606 327 (791.0)
denovo119 C1160_AB294608 331 (783.5)
denovo119 C1158_AB294614 327 (800.0)
denovo119 C1155_AB294617 327 (782.0)
denovo119 C1149_AB294620 327 (791.0)
denovo119 C1173_AB294662 327 (800.0)
denovo119 C1171_AB294663 327 (782.0)
denovo119 C1172_AB294665 327 (782.0)
denovo119 C91a_AM748556 327 (800.0)
denovo119 C91b_AM748557 327 (791.0)
denovo119 C91d_AM748559 326 (788.5)
denovo119 C91c_AM748558 326 (788.5)
denovo119 C91_AJ621543 327 (791.0)
denovo119 C91_AM748555 327 (791.0)
denovo119 C1023_DQ335330 318 (742.5)
denovo119 C1020_DQ335392 333 (772.5)
denovo119 C1018_DQ335408 329 (778.5)
denovo119 C1074_DQ335329 329 (769.5)
denovo119 C1030_DQ335353 329 (769.5)
denovo119 C1022_DQ335331 329 (769.5)
denovo119 C1027_DQ335360 329 (779.0)
denovo119 C1072_DQ335344 329 (769.5)
denovo119 C1039_AB190274 329 (778.5)
denovo119 C1033_DQ335350 334 (766.5)
denovo119 C1019_DQ335407 329 (778.5)
denovo119 C1194_EU099826 329 (745.5)
denovo119 C8b_AY258475 329 (753.5)
denovo119 C8_AY239367 332 (768.5)
denovo119 C8a_AY239368 336 (762.5)
denovo119 C54a_AY765406 329 (778.5)
denovo119 C3ff_HM185740 329 (787.5)
denovo119 C59_AY589763 333 (764.0)
denovo119 C3k_AY589737 326 (779.5)
denovo119 C3.24_HE579012 325 (786.0)
denovo119 C3.23_HE579011 326 (779.5)
denovo119 C35.1_AY765401 337 (783.5)
denovo119 C35.3_EF541145 330 (781.0)
denovo119 C76_AY765411 329 (766.5)
denovo119 C1107_DQ335359 328 (753.0)
denovo119 C3.22_HE579010 332 (752.5)
denovo119 C77_AY765412 329 (766.0)
denovo119 C20_AY239371 332 (777.5)
denovo119 C1055_DQ480640 327 (769.0)
denovo119 C27/C30_AY239379 330 (739.0)
denovo119 C27.1_FJ461517 330 (730.0)
denovo119 C40a_AY589747 331 (774.0)
denovo119 C40_AY258485 331 (774.0)
denovo119 C40b_AY589748 332 (765.0)
denovo119 C16_AY258477 332 (778.0)
denovo119 C16a_AY765399 332 (778.0)
denovo119 C1091_AB207186 329 (779.0)
denovo119 C1102_DQ335400 329 (761.0)
denovo119 C1069_DQ335375 329 (779.0)
denovo119 C1073_DQ335332 330 (773.0)
denovo119 C1066_DQ335382 327 (764.5)
denovo119 C1031_DQ335352 334 (785.0)
denovo119 C1026_DQ335366 334 (784.5)
denovo119 C70_AY589774 329 (788.0)
denovo119 C1082_AB190267 329 (770.0)
denovo119 C1078_AB190271 327 (781.5)
denovo119 C1090_AB207191 329 (779.0)
denovo119 C1071_DQ335302 329 (779.0)
denovo119 C1075_DQ335328 329 (779.0)
denovo119 C1068_DQ335379 329 (770.0)
denovo119 C1064_DQ335395 329 (770.0)
denovo119 C1063_DQ335403 326 (779.5)
denovo119 C62_AY589766 329 (779.0)
denovo119 C1077_DQ335316 326 (784.5)
denovo119 C1109_DQ335338 329 (770.0)
denovo119 C1110_DQ335340 329 (761.0)
denovo119 C1106_DQ335339 329 (761.0)
denovo119 C1112_DQ335319 329 (770.0)
denovo119 C1108_DQ335351 329 (761.0)
denovo119 C1105_DQ335394 329 (770.0)
denovo119 C1121_DQ335378 336 (763.5)
denovo119 C1116_AB190268 336 (772.5)
denovo119 C1115_AB190273 336 (772.5)
denovo119 C1124_DQ335323 329 (752.0)
denovo119 C1120_DQ335398 329 (752.0)
denovo119 C1119_DQ335404 329 (761.0)
denovo119 C1123_DQ335363 329 (761.0)
denovo119 C1004_DQ480635 329 (778.0)
denovo119 C1061_AY186568 329 (769.0)
denovo119 C1053_AY186569 329 (769.0)
denovo119 C1003_DQ480639 329 (778.0)
denovo119 C81_GU907657 320 (750.5)
denovo119 C22_AY239373 324 (780.5)
denovo119 C22a_AY239374 327 (772.0)
denovo119 C1232_EU118163 331 (775.0)
denovo119 C21.13_FJ461515 328 (737.0)
denovo119 C21.1_JF683323 327 (743.0)
denovo119 C21.3_JF683325 329 (757.5)
denovo119 C1.20_HE578993 329 (769.5)
denovo119 C1.22_HE578995 329 (760.5)
denovo119 C52_AY589757 328 (770.5)
denovo119 C1201_EU099793 331 (734.5)
denovo119 C14_AY589741 332 (772.0)
denovo119 C43_AY589749 332 (778.0)
denovo119 C50_AY589755 329 (778.5)
denovo119 C3.14_HQ630872 328 (784.0)
denovo119 C1m_AY765398 329 (779.0)
denovo119 C82_GU907658 333 (781.0)
denovo119 C82b_GU907660 333 (781.0)
denovo119 C64_AY589768 326 (787.0)
denovo119 C45a_AY765404 332 (778.0)
denovo119 C48_AY589753 329 (799.0)
denovo119 C1_v1b_FJ919244 329 (769.5)
denovo119 C1_v1a_FJ919243 329 (778.5)
denovo119 C3j_AY239366 329 (769.5)
denovo119 C3t_EF541149 329 (778.5)
denovo119 C9_AF499798 331 (784.5)
denovo119 C23_AY239375 330 (800.0)
denovo119 C37_AY258481 329 (778.5)
denovo119 C1048_DQ068026 332 (777.5)
denovo119 C21.4_JF683326 329 (748.5)
denovo119 C21.5_JF683327 329 (748.5)
denovo119 C1070_DQ335349 329 (787.5)
denovo119 C21.6_HQ630873 329 (766.5)
denovo119 C1224_EU074890 329 (787.5)
denovo119 C1.17_HE578990 329 (796.5)
denovo119 C21_b1_FN827162 331 (745.0)
denovo119 C21.9_JF683330 331 (754.0)
denovo119 C1085_AY624605 326 (770.5)
denovo119 C3p_GU907654 329 (763.5)
denovo119 C3f_AY589734 329 (787.5)
denovo119 C65a_AY589770 327 (781.5)
denovo119 C65_AY589769 327 (790.5)
denovo119 C71_AY589775 327 (781.5)
denovo119 C71a_AY589776 327 (772.5)
denovo119 C1178_AB294647 328 (770.0)
denovo119 C1225_EU074893 326 (797.0)
denovo119 C75_AY765410 328 (785.0)
denovo119 C21.10_JF683331 328 (754.5)
denovo119 C21.11_HQ630874 328 (754.5)
denovo119 C1065_DQ335388 329 (769.5)
denovo119 C1045_DQ068036 329 (778.5)
denovo119 C1h_AY258473 328 (784.0)
denovo119 C38_AY258482 328 (775.0)
denovo119 C1202_EU099799 328 (775.0)
denovo119 C7_AF499797 328 (784.0)
denovo119 C12_AF499801 330 (773.5)
denovo119 C38a_AY258483 327 (786.5)
denovo119 C1200_EU099800 316 (783.5)
denovo119 C44a_AY589751 329 (787.0)
denovo119 C47_AY589752 332 (795.5)
denovo119 C44_AY589750 332 (786.5)
denovo119 C1.15_HE578988 329 (778.5)
denovo119 C45.3_FJ461522 332 (777.5)
denovo119 C46a_AY765405 332 (777.5)
denovo119 C46_EU449108 332 (786.5)
denovo119 C3.12_FJ461507 332 (786.5)
denovo119 C1k_AY589733 332 (777.5)
denovo119 C67_AY686647 332 (786.5)
denovo119 C82a_GU907659 329 (778.5)
denovo119 C10a_AY589739 332 (786.5)
denovo119 C10_AF499799 332 (777.5)
denovo119 C13_AY589740 334 (780.5)
denovo119 C4_AF499794 332 (777.5)
denovo119 C1147_EF656433 332 (777.5)
denovo119 C1c/C45_AY239364 332 (786.5)
denovo119 C1c/C45_EU449103 332 (786.5)
denovo119 C21.19_HE579031 329 (757.5)
denovo119 C21.21_HE579033 329 (748.5)
denovo119 C21.20_HE579032 329 (757.5)
denovo119 C42b_AY765403 333 (772.0)
denovo119 C42_AY258487 333 (781.0)
denovo119 C1p_GU907652 329 (778.5)
denovo119 C1d_AY258488 332 (768.5)
denovo119 C42_AY765402 332 (777.5)
denovo119 C3ha_AY589736 329 (748.5)
denovo119 C63a_AY589767 331 (765.5)
denovo119 C21a_AY589744 329 (757.5)
denovo119 C3o_GU907653 328 (755.0)
denovo119 C21.16_HQ630875 329 (748.5)
denovo119 C21.2_JF683324 329 (748.5)
denovo119 C21.7_JF683328 328 (755.0)
denovo119 C21.8_JF683329 329 (757.5)
denovo119 C3h_AY239365 329 (748.5)
denovo119 C1203_EU099798 329 (748.5)
denovo119 C3.10_FJ461505 329 (778.5)
denovo119 C21.14_FJ461516 329 (748.5)
denovo119 C21.18_HE579030 335 (745.5)
denovo119 C3.17_HE579005 329 (778.5)
denovo119 C3.9_FJ461504 333 (770.0)
denovo119 C3.8_FJ461503 329 (787.5)
denovo119 C3.7_FJ461502 329 (778.5)
denovo119 C3.11_FJ461506 336 (790.5)
denovo119 C3.18_HE579006 329 (778.5)
denovo119 C3.19_HE579007 329 (778.5)
denovo119 C3.20_HE579008 329 (778.5)
denovo119 C3g_AY589735 331 (768.0)
denovo119 C3a_AF499790 327 (791.0)
denovo119 C3e_AF499793 329 (778.5)
denovo119 C6_AF499796 336 (799.0)
denovo119 C11_AF499800 329 (778.5)
denovo119 C36_AY258480 329 (778.5)
denovo119 C29_AY258494 329 (796.5)
denovo119 C1146_EF656434 330 (782.0)
denovo119 C1190_EU099841 329 (796.5)
denovo119 C131_JF320826 329 (778.5)
denovo119 C28_AY239380 337 (786.5)
denovo119 C1012_DQ480604 329 (778.5)
denovo119 C1181_AB294640 329 (763.5)
denovo119 C1180_AB294641 329 (781.5)
denovo119 C1179_AB294645 327 (767.0)
denovo119 C1176_AB294651 327 (776.0)
denovo119 C1175_AB294653 329 (763.5)
denovo119 C1174_AB294655 331 (769.0)
denovo119 C1177_AB294659 329 (772.5)
denovo119 C1040_AB190269 331 (784.0)
denovo119 C1182_AB294649 329 (778.5)
denovo119 C1089_AJ278598 329 (778.5)
denovo119 C1028_DQ335357 336 (790.0)
denovo119 C3.16_EU786015 329 (796.5)
denovo119 C1097_AJ311943 328 (772.0)
denovo119 C1170_AB294661 329 (772.5)
denovo119 C21.17_HE579029 329 (768.5)
denovo119 C21/3d/C3k_AY239372 329 (757.5)
denovo119 C58_AY589762 330 (757.0)
denovo119 C3L_AY589738 336 (777.5)
denovo119 C1169_AB294660 329 (772.5)
denovo119 C3.2_FJ461497 329 (781.5)
denovo119 C3.1_JF683321 326 (782.5)
denovo119 C1104_AF427469 330 (777.5)
denovo119 C3b_AF499791 333 (785.0)
denovo119 C83_GU907661 329 (790.0)
denovo119 C49_AY589754 355 (802.0)
denovo119 C3_AB778606 329 (787.5)
denovo119 C3_AF499789 329 (787.5)
denovo119 C3_HE579001 329 (787.5)
denovo119 C21.12_FJ461514 329 (739.5)
denovo119 C1229_EU074888 326 (774.0)
denovo119 C1230_EU074889 326 (783.0)
denovo119 C1114_AB207196 329 (769.5)
denovo119 C3.21_HE579009 329 (709.5)
denovo119 C1057_DQ480619 329 (778.5)
denovo119 C72_AY765407 326 (778.0)
denovo119 C1b.3_HE578999 329 (772.5)
denovo119 C93_AJ621536 329 (778.5)
denovo119 C94_AJ621539 329 (778.5)
denovo119 C1g_AY589730 329 (796.5)
denovo119 C1i_AY589731 323 (771.0)
denovo119 C1j_AY589732 336 (790.0)
denovo119 C1005_DQ480633 329 (778.5)
denovo119 C1.7_FJ461494 329 (778.5)
denovo119 C1.11_HE578984 329 (779.0)
denovo119 C1.12_HE578985 329 (778.5)
denovo119 C1.13_HE578986 329 (787.5)
denovo119 C1.14_HE578987 329 (787.5)
denovo119 C1.18_HE578991 329 (778.5)
denovo119 C1.19_HE578992 329 (778.5)
denovo119 C1199_EU099802 326 (764.0)
denovo119 C1188_EU099838 326 (779.0)
denovo119 C1002_DQ838544 329 (787.5)
denovo119 C1198_EU099810 329 (778.5)
denovo119 C24_AY239376 329 (778.5)
denovo119 C1f_AY258490 329 (787.5)
denovo119 C1006_DQ480629 329 (796.5)
denovo119 C1010_DQ480607 329 (778.5)
denovo119 C1007_DQ480624 329 (769.5)
denovo119 C1011_DQ480605 329 (778.5)
denovo119 C1009_DQ480608 333 (780.5)
denovo119 C1041_AY186548 329 (778.5)
denovo119 C1052_AY186570 329 (778.5)
denovo119 C1148_EU040178 329 (787.5)
denovo119 C1234_EU118165 330 (777.5)
denovo119 C1.5_EF634157 329 (787.5)
denovo119 C1059_DQ480609 329 (778.5)
denovo119 C1228_EU074883 329 (778.5)
denovo119 C1208_EU074963 329 (778.5)
denovo119 C1207_EU074964 329 (787.5)
denovo119 C1206_EU074965 329 (778.5)
denovo119 C1013_DQ480642 329 (778.5)
denovo119 C80_GU907656 336 (764.5)
denovo119 C1a_AF499788 326 (779.0)
denovo119 C41_AY258486 329 (787.5)
denovo119 C39_AY258484 314 (783.0)
denovo119 C1231_EU074878 329 (778.5)
denovo119 C1b.1_HE578997 329 (772.5)
denovo119 C18_AY258478 329 (787.5)
denovo119 C1.10_HE578983 328 (782.0)
denovo119 C1_JN558041 329 (787.5)
denovo119 C1_HE578979 329 (787.5)
denovo119 C1_AM748551 329 (787.5)
denovo119 C1_AF333515 329 (787.5)
denovo119 C1054_AY186565 328 (791.0)
denovo119 C1008_DQ480613 329 (778.5)
denovo119 C1103_AF427470 330 (777.5)
denovo119 C1226_EU074881 330 (777.5)
denovo119 C1b/C1e_AY239363 329 (781.5)
denovo119 C1044_DQ068038 329 (772.5)
denovo119 C1017_DQ174729 330 (771.5)
denovo119 C1.6_FJ461493 329 (796.5)
denovo119 C1b.2_HE578998 329 (772.5)
denovo119 C1060_DQ480600 329 (778.5)
denovo119 C1227_EU074882 329 (778.5)
denovo119 C1197_EU099814 329 (778.5)
denovo119 C1130_DQ480643 329 (673.0)
denovo119 D109_AB097465 354 (490.0)
denovo119 D1.11_HE579040 359 (497.0)
denovo119 D105_AF174570 358 (503.0)
denovo119 D104_AF174572 359 (488.0)
denovo119 D1.3_JF683337 361 (493.5)
denovo119 D1.10_HE579039 359 (488.0)
denovo119 D110_AF174561 359 (488.0)
denovo119 D117_AF174542 359 (488.0)
denovo119 D114_AF174549 359 (497.0)
denovo119 D113_AF174557 354 (490.0)
denovo119 D112_AF174558 361 (494.5)
denovo119 D106_AF174559 366 (499.5)
denovo119 D111_AF174560 359 (496.5)
denovo119 D115_AF174562 359 (488.0)
denovo119 D107_AF174568 361 (494.0)
denovo119 D116_AF174571 364 (484.5)
denovo119 D124_EU074897 356 (497.5)
denovo119 D1.8_HE579037 361 (494.5)
denovo119 D3_AY686650 359 (497.0)
denovo119 D1.6_HQ630881 357 (500.0)
denovo119 D120_EU074900 359 (488.0)
denovo119 D121_EU074904 364 (493.5)
denovo119 D122_EU074905 359 (488.0)
denovo119 D1a.2_JF683339 366 (492.5)
denovo119 D1a.1_JF683338 356 (497.5)
denovo119 D2_AY686649 595 (563.5)
denovo119 D4_DQ865214 362 (494.0)
denovo119 D1a_AF499802 359 (497.0)
denovo119 D1a_JN558078 359 (497.0)
denovo119 D123_EU074895 360 (499.5)
denovo119 D108_AF174567 355 (503.0)
denovo119 D103_AF174575 359 (497.0)
denovo119 D100_AF411415 359 (497.0)
denovo119 D118_EF656435 353 (506.0)
denovo119 D101_AF411416 359 (482.0)
denovo119 D119_EU099832 356 (490.5)
denovo119 D102_AF174573 359 (500.5)
denovo119 D1_AF334660 359 (497.0)
denovo119 D1_JN558076 359 (497.0)
denovo119 D1.12_HE579041 340 (495.0)
denovo119 D1.1_AM748564 409 (532.0)
denovo119 D1.2_AM748617 422 (536.5)
denovo119 E111_EU074915 362 (472.0)
denovo119 E110_EU074914 368 (482.0)
denovo119 E114_EU074909 368 (464.0)
denovo119 E1_AF334659 369 (472.0)
denovo119 E105_EU074921 368 (482.0)
denovo119 E112_EU074916 368 (464.0)
denovo119 E104_EU074922 368 (464.0)
denovo119 E102_EU074924 368 (464.0)
denovo119 E103_EU074923 368 (473.0)
denovo119 E101_AY160123 373 (448.0)
denovo119 E109_EU074913 354 (477.0)
denovo119 E100_DQ011618 365 (497.5)
denovo119 E108_EU074912 359 (481.0)
denovo119 E113_EU074908 355 (491.0)
denovo119 E107_EU074910 359 (481.0)
denovo119 F1_JN558066 346 (710.5)
denovo119 F5.2d_AJ291530 325 (714.5)
denovo119 F104_AJ291531 325 (714.5)
denovo119 F5.2c_AM748596 325 (706.0)
denovo119 F5.2_AM748594 325 (705.5)
denovo119 F5.2a_AM748614 325 (705.5)
denovo119 F5.2b_AM748595 325 (705.5)
denovo119 F5.2e_AJ291533 326 (691.0)
denovo119 F5.2g_JN558072 325 (714.0)
denovo119 F5.2f_AJ291512 325 (723.0)
denovo119 F102_AJ291534 325 (705.0)
denovo119 F5.1c_AM748593 327 (711.0)
denovo119 F5.1d_JN558069 329 (707.5)
denovo119 F5.1b_AJ291535 326 (717.5)
denovo119 F5.1_AM748592 328 (714.0)
denovo119 F5.1a_AM748591 326 (717.5)
denovo119 F110_AJ291526 329 (794.5)
denovo119 F4.7_AM748587 331 (777.0)
denovo119 F4.5_AM748585 324 (762.5)
denovo119 F4.4a_AM748583 320 (788.0)
denovo119 F4.4_AM748582 325 (790.5)
denovo119 F4.4b_AM748584 318 (807.0)
denovo119 F4.1a_AM748573 330 (760.5)
denovo119 F112_AJ291528 328 (738.5)
denovo119 F4.1_AM748572 328 (738.5)
denovo119 F4.8b_AM748590 326 (777.0)
denovo119 F4.8_AM748588 317 (777.5)
denovo119 F4.8a_AM748589 317 (777.5)
denovo119 F109_AJ291527 323 (782.0)
denovo119 F4.6_AM748586 328 (747.0)
denovo119 F111_AJ311949 317 (792.5)
denovo119 F4.3c_AM748581 318 (795.5)
denovo119 F4.3a_AM748579 317 (802.5)
denovo119 F4.3b_AM748580 318 (804.5)
denovo119 F4.3_AM748578 318 (795.5)
denovo119 F4.2_AM748574 324 (808.0)
denovo119 F4.2a_AM748575 324 (793.5)
denovo119 F4.2c_AM748577 324 (790.0)
denovo119 F4.2b_AM748576 324 (793.5)
denovo119 F2b_AJ291521 331 (747.0)
denovo119 F2_AJ830908 331 (756.0)
denovo119 F2a_AJ830911 331 (751.5)
denovo119 F3.1a_AM748566 344 (732.5)
denovo119 F114_AJ291525 344 (742.0)
denovo119 F3.1_AM748565 344 (742.0)
denovo119 F3.2_AM748567 349 (756.0)
denovo119 F3.2a_AM748568 349 (749.5)
denovo119 F3.3_AM748569 346 (743.5)
denovo119 F3.4a_AM748571 344 (683.5)
denovo119 F3.4_AM748570 340 (689.5)
denovo119 F3.4b_AM748616 340 (689.5)
denovo119 G101_AJ291539 363 (552.0)
denovo119 G1_AM748597 363 (552.0)
denovo119 G2b_JN558087 360 (552.5)
denovo119 G2_AM748598 361 (546.5)
denovo119 G2a_AM748599 361 (537.5)
denovo119 G4_AM748601 354 (559.5)
denovo119 G3.4_LK392378 351 (551.0)
denovo119 G3_AM748600 360 (542.0)
denovo119 G3.2_KC597694 354 (485.0)
denovo119 G3.1_KC597688 362 (557.0)
denovo119 G100_AB253788 357 (542.0)
denovo119 G3.3_LK392377 362 (547.5)
denovo119 H6_AJ291520 632 (325.5)
denovo119 H3_AM748606 333 (617.5)
denovo119 H2_AM748605 341 (631.0)
denovo119 H4_AM748607 336 (602.0)
denovo119 H4a_AM748608 346 (600.5)
denovo119 H5a_AM748611 345 (601.5)
denovo119 H5b_AM748610 348 (600.0)
denovo119 H5_AJ621129 345 (601.5)
denovo119 H5_AM748609 345 (601.5)
denovo119 H100_AJ291513 345 (581.5)
denovo119 H1b_AM748604 345 (576.5)
denovo119 H1a_AM748612 345 (585.5)
denovo119 H1_AJ621152 345 (585.5)
denovo119 H1_AM748602 345 (585.5)
denovo119 I3_FN561561 340 (739.5)
denovo119 I4_FN561562 340 (739.5)
denovo119 I1_FN561559 343 (730.0)
denovo119 I2_FN561560 342 (735.5)

#---------------------------------------
#---------------------------------------
