denovo32 A136_DQ865210 294 (747.0)
denovo32 A133_DQ174725 282 (774.0)
denovo32 A115_AF180123 285 (668.5)
denovo32 A117_AF201746 286 (770.0)
denovo32 A134_DQ174723 286 (779.0)
denovo32 A114_AF184941 286 (779.0)
denovo32 A135_DQ174727 288 (783.5)
denovo32 A2_AF333506 289 (782.5)
denovo32 A101_AF427468 288 (783.5)
denovo32 A2_1_JN558097 288 (783.5)
denovo32 A2_2_JN558100 288 (783.5)
denovo32 A113_AF184948 280 (791.0)
denovo32 A112_AF184949 279 (808.0)
denovo32 A123_EF378618 275 (785.5)
denovo32 A137_EF378621 275 (869.5)
denovo32 A11_EU449041 272 (968.5)
denovo32 A121_DQ174722 272 (1016.5)
denovo32 A15b_EU792886 272 (974.5)
denovo32 A15a_EU792885 272 (992.5)
denovo32 A15c_EU792887 273 (977.5)
denovo32 A15_EU792884 272 (983.5)
denovo32 A147_EU074937 272 (1019.5)
denovo32 A154_EU074860 272 (1019.5)
denovo32 A146_EU074936 272 (1019.5)
denovo32 A150_EU074928 272 (1028.5)
denovo32 A116_AF183575 272 (1019.5)
denovo32 A141_EU074931 272 (1028.5)
denovo32 A5_AF333508 272 (1052.5)
denovo32 A3b_EU449043 272 (1037.5)
denovo32 A151_EU074925 272 (1028.5)
denovo32 A152_EU074927 272 (1028.5)
denovo32 A149_EU074929 272 (1028.5)
denovo32 A140_EU074930 272 (1028.5)
denovo32 A142_EU074932 272 (1028.5)
denovo32 A143_EU074933 272 (1028.5)
denovo32 A144_EU074934 272 (1037.5)
denovo32 A145_EU074935 273 (1031.5)
denovo32 A148_EU074938 272 (1028.5)
denovo32 A155_EU074856 272 (1037.5)
denovo32 A156_EU074859 272 (1028.5)
denovo32 A139_EU074962 272 (1028.5)
denovo32 A6_AF186058 272 (1037.5)
denovo32 A3_AF333507 272 (1037.5)
denovo32 A3_JN558091 272 (1037.5)
denovo32 A8_AY258468 272 (1010.5)
denovo32 A7_AY239360 272 (1010.5)
denovo32 A16_EU792888 272 (1010.5)
denovo32 A4.3_FN429763 274 (1113.5)
denovo32 A120_AF180122 273 (1055.5)
denovo32 A4.2_FN429761 272 (1114.0)
denovo32 A4_AF333509 272 (1142.0)
denovo32 A4.1_FN429760 272 (1121.5)
denovo32 A4a_AF499778 272 (1151.0)
denovo32 A4a.1_FN429762 272 (1151.0)
denovo32 A138_EF378620 272 (1033.0)
denovo32 A122_EF378619 271 (1061.0)
denovo32 A126_EF378615 270 (1080.0)
denovo32 A10_EU792882 270 (1080.0)
denovo32 A9_EU449028 272 (1070.0)
denovo32 A105_AB207202 272 (1070.0)
denovo32 A119_AF180121 273 (1007.5)
denovo32 A12_EU792883 272 (1079.0)
denovo32 A104_AB207203 272 (1079.0)
denovo32 A1a_EU449030 272 (1088.0)
denovo32 A1.3_HE578976 272 (1097.0)
denovo32 A1.4_HE578977 272 (1088.0)
denovo32 A13_AF333504 272 (1088.0)
denovo32 A13_JN558094 272 (1088.0)
denovo32 A110_AB190282 272 (1088.0)
denovo32 A103_AB207206 272 (1088.0)
denovo32 A130_EF656428 272 (1088.0)
denovo32 A127_EF656429 272 (1088.0)
denovo32 A128_EF656430 272 (1088.0)
denovo32 A129_EF656431 272 (1088.0)
denovo32 A131_EF656432 272 (1088.0)
denovo32 A118_AF180120 272 (1035.5)
denovo32 A1_AF333505 272 (1097.0)
denovo32 A107_AB207199 272 (1070.0)
denovo32 A111_AB190280 272 (1079.0)
denovo32 A108_AB207197 272 (1064.0)
denovo32 A106_AB207200 272 (1070.0)
denovo32 A102_AB207209 272 (1088.0)
denovo32 A1.2_AB207210 272 (1088.0)
denovo32 A109_AB190285 272 (1079.0)
denovo32 B4_AF333510 331 (508.5)
denovo32 B23_EU449079 334 (470.5)
denovo32 B30_GU907644 336 (459.0)
denovo32 B11_AY239361 340 (470.5)
denovo32 B17_AY258470 335 (473.0)
denovo32 B1k_GU907638 264 (247.5)
denovo32 B1.V_Green2014 348 (458.0)
denovo32 B1b_AF499780 334 (491.0)
denovo32 B16_AY258469 333 (475.5)
denovo32 B31a_GU907646 333 (484.5)
denovo32 B32_GU907647 333 (493.5)
denovo32 B31_GU907645 333 (484.5)
denovo32 B1j_GU907637 332 (490.5)
denovo32 B37_GU907650 338 (491.5)
denovo32 B5a_AF499782 333 (474.5)
denovo32 B5_AF499781 333 (483.5)
denovo32 B24_GU907643 333 (370.0)
denovo32 B117_AF180124 324 (475.0)
denovo32 B10_AF499787 335 (481.0)
denovo32 B20_GU907642 342 (479.5)
denovo32 B1m_GU907640 333 (484.5)
denovo32 B34_GU907649 333 (484.5)
denovo32 B1d_GU907633 342 (482.0)
denovo32 B1e_GU907634 333 (475.5)
denovo32 B1i_GU907636 333 (484.5)
denovo32 B1g_GU907635 334 (475.5)
denovo32 B123_EU074872 341 (481.0)
denovo32 B8_AF499785 334 (475.5)
denovo32 B1l_GU907639 333 (476.0)
denovo32 B1a_AF499779 333 (475.5)
denovo32 B14_AY239362 334 (465.5)
denovo32 B125_EU074865 342 (484.5)
denovo32 B122_EU074871 333 (484.5)
denovo32 B124_EU074874 333 (475.5)
denovo32 B1.VII_Green2014 333 (442.0)
denovo32 B1.III_Green2014 321 (485.0)
denovo32 B1.I_Green2014 333 (484.5)
denovo32 B1.II_Green2014 333 (484.5)
denovo32 B1_JN558057 333 (484.5)
denovo32 B1_AF333511 333 (484.5)
denovo32 B1.IV_Green2014 340 (479.5)
denovo32 B121_EU074870 333 (484.5)
denovo32 B7_AF499784 333 (484.5)
denovo32 B1.VI_Green2014 325 (480.0)
denovo32 B3_AF333514 330 (489.5)
denovo32 B9_AF499786 335 (477.0)
denovo32 B19a_JN558055 322 (465.0)
denovo32 B119_EU099825 324 (480.5)
denovo32 B21_DQ865213 327 (468.0)
denovo32 B38_GU907651 327 (468.0)
denovo32 B18_AY258471 330 (498.5)
denovo32 B18a_AY258472 330 (498.5)
denovo32 B33_GU907648 332 (477.5)
denovo32 B6_AF499783 333 (481.5)
denovo32 B19_DQ865212 330 (480.5)
denovo32 B19_GU907641 330 (480.5)
denovo32 B2_AF333512 330 (480.5)
denovo32 B2_JN558060 330 (480.5)
denovo32 C33.1_AY258498 332 (541.0)
denovo32 C33.2_AY765400 332 (541.0)
denovo32 C33a_EF541147 332 (541.0)
denovo32 C34_AY258499 332 (559.0)
denovo32 C78_AY765413 330 (525.5)
denovo32 C15.29_KC597690 334 (518.5)
denovo32 C1131_DQ182650 332 (494.5)
denovo32 C1135_DQ182646 329 (486.0)
denovo32 C1134_DQ182647 333 (487.5)
denovo32 C1142_DQ182635 332 (485.5)
denovo32 C1136_DQ182644 334 (489.0)
denovo32 C1111_DQ182645 338 (501.0)
denovo32 C1236_EF473656 338 (492.0)
denovo32 C1138_DQ182642 338 (492.0)
denovo32 C1137_DQ182643 336 (503.5)
denovo32 C1133_DQ182648 338 (492.0)
denovo32 C1132_DQ182649 338 (501.0)
denovo32 C1143_DQ182634 338 (501.0)
denovo32 C1139_DQ182639 332 (494.5)
denovo32 C15.28_KC597687 332 (540.5)
denovo32 C1141_DQ182636 332 (503.5)
denovo32 C1144_DQ182637 332 (503.5)
denovo32 C1122_DQ182654 332 (503.5)
denovo32 C1127_DQ182652 332 (503.5)
denovo32 C15.30_JX394114 335 (549.0)
denovo32 C15.26_KC597686 326 (541.0)
denovo32 C1086_DQ182656 334 (537.0)
denovo32 C15.25_KC597685 334 (546.0)
denovo32 C1118_AF180127 321 (532.5)
denovo32 C1129_DQ182651 332 (503.5)
denovo32 C15.21_KC597683 333 (525.0)
denovo32 C56_AY589760 333 (534.0)
denovo32 C1140_DQ182638 332 (512.5)
denovo32 C1126_DQ182653 332 (512.5)
denovo32 C15c_AY258492 332 (531.5)
denovo32 C15d_AY258493 333 (525.0)
denovo32 C1098_DQ182641 334 (543.5)
denovo32 C15.27_KC597689 329 (549.5)
denovo32 C15.18_HE579024 332 (531.5)
denovo32 C15.16_HE579022 332 (540.5)
denovo32 C1101_AB253787 332 (531.5)
denovo32 C1083_AY237300 334 (545.0)
denovo32 C1088_DQ182640 332 (549.5)
denovo32 C15.6_FN563472 332 (540.5)
denovo32 C15.5_FJ461512 333 (543.0)
denovo32 C15.4_FJ461511 332 (549.5)
denovo32 C15.13_HE579019 332 (531.5)
denovo32 C15.12_HE579018 332 (540.5)
denovo32 C93a_AM748563 332 (549.5)
denovo32 C1094_AJ291514 332 (531.5)
denovo32 C93_AM748562 332 (540.5)
denovo32 C15.17_HE579023 332 (543.5)
denovo32 C15e_AY589742 335 (552.0)
denovo32 C15.22_KC597695 332 (540.5)
denovo32 C60_AY589764 332 (549.5)
denovo32 C15.1_FJ461508 332 (558.5)
denovo32 C15.2_FJ461509 332 (540.5)
denovo32 C15.9_FN563475 332 (558.5)
denovo32 C15.7_HE579015 332 (549.5)
denovo32 C15.8_HE579016 332 (540.5)
denovo32 C15.15_HE579021 332 (540.5)
denovo32 C15.19_HE579025 333 (552.0)
denovo32 C15.24_KC597696 332 (540.5)
denovo32 C15.3_FJ461510 332 (549.5)
denovo32 C1087_DQ182655 329 (549.5)
denovo32 C15.14_HE579020 333 (548.0)
denovo32 C15.23_KC597697 333 (548.0)
denovo32 C19_AY258479 332 (544.0)
denovo32 C1233_EU118166 332 (540.5)
denovo32 C15b_AY258491 332 (540.5)
denovo32 C15a_AY258476 332 (558.5)
denovo32 C1051_AF195153 332 (558.5)
denovo32 C2_AF333518 341 (554.5)
denovo32 C15.20_HE579026 332 (555.0)
denovo32 C15f_AY589743 334 (542.5)
denovo32 C55_AY589759 338 (552.5)
denovo32 C15_AY239369 332 (549.5)
denovo32 C32.1_JF683335 331 (551.0)
denovo32 C32.2_JF683336 333 (548.5)
denovo32 C21.23_KC597693 333 (548.5)
denovo32 C1193_EU099827 332 (536.0)
denovo32 C1195_EU099821 340 (510.0)
denovo32 C3q_GU907655 324 (564.0)
denovo32 C53_AY589758 333 (523.5)
denovo32 C73_AY765408 331 (535.0)
denovo32 C17.2.1_KC597684 332 (544.0)
denovo32 C32_AY258497 331 (561.5)
denovo32 C1189_EU099831 326 (546.5)
denovo32 C1191_EU099833 328 (552.0)
denovo32 C1196_EU099819 326 (537.5)
denovo32 C1192_EU099820 326 (537.5)
denovo32 C17.1_JF683322 322 (552.0)
denovo32 C26_b2_FN827164 327 (554.5)
denovo32 C26_b3_FN827165 327 (536.5)
denovo32 C31.9_HQ630879 330 (539.0)
denovo32 C31a_AY589746 333 (535.0)
denovo32 C30_AY589745 329 (540.5)
denovo32 C31.1_HQ630876 333 (544.0)
denovo32 C31.5_HQ630877 333 (552.5)
denovo32 C31.6_HQ630878 329 (541.0)
denovo32 C31.2_JF683332 333 (544.0)
denovo32 C31.3_JF683333 333 (544.0)
denovo32 C26/C35a_AY239378 327 (545.5)
denovo32 C35a_AY258501 327 (545.5)
denovo32 C35.2_AY258500 327 (554.5)
denovo32 C26_b1_FN827163 327 (554.5)
denovo32 C17_AY239370 326 (555.5)
denovo32 C17.2_FJ461513 330 (551.0)
denovo32 C31.10_HQ630880 330 (548.0)
denovo32 C31.4_JF683334 337 (532.5)
denovo32 C31_AY258496 333 (544.0)
denovo32 C25_AY239377 335 (542.0)
denovo32 C61_AY589765 330 (545.5)
denovo32 C1043_DQ072721 332 (507.5)
denovo32 C79_AY765414 329 (540.5)
denovo32 C69_AY589773 321 (543.5)
denovo32 C69a_AY686648 321 (534.5)
denovo32 C21.22_KC597692 325 (562.0)
denovo32 C51_AY589756 332 (531.0)
denovo32 C1aa_HM185739 332 (550.0)
denovo32 C1096_DQ068023 334 (534.5)
denovo32 C74_AY765409 336 (539.0)
denovo32 C1185_AB294629 336 (539.0)
denovo32 C1184_AB294630 336 (539.0)
denovo32 C1153_AB294625 336 (548.5)
denovo32 C1154_AB294626 335 (553.0)
denovo32 C1187_AB294627 336 (539.0)
denovo32 C1186_AB294628 341 (545.5)
denovo32 C57_AY589761 335 (544.0)
denovo32 C66_AY589771 336 (548.0)
denovo32 C5_AF499795 335 (539.5)
denovo32 C1167_AB294586 333 (542.5)
denovo32 C1164_AB294593 331 (538.0)
denovo32 C1183_AB294631 332 (540.5)
denovo32 C1067_DQ335381 332 (549.5)
denovo32 C1159_AB294613 337 (561.0)
denovo32 C1150_AB294622 337 (552.0)
denovo32 C90_AM748554 332 (569.5)
denovo32 C1168_AB294583 336 (543.0)
denovo32 C1156_AB294616 336 (543.0)
denovo32 C1151_AB294621 336 (552.0)
denovo32 C92a_AM748561 336 (552.0)
denovo32 C92_AM748560 336 (552.0)
denovo32 C1165_AB294581 333 (543.0)
denovo32 C1166_AB294584 332 (558.5)
denovo32 C1162_AB294594 333 (543.0)
denovo32 C1163_AB294596 332 (540.5)
denovo32 C1161_AB294606 332 (549.5)
denovo32 C1160_AB294608 334 (555.0)
denovo32 C1158_AB294614 336 (552.5)
denovo32 C1155_AB294617 332 (540.5)
denovo32 C1149_AB294620 334 (554.5)
denovo32 C1173_AB294662 332 (549.5)
denovo32 C1171_AB294663 332 (540.5)
denovo32 C1172_AB294665 332 (540.5)
denovo32 C91a_AM748556 335 (548.5)
denovo32 C91b_AM748557 335 (557.5)
denovo32 C91d_AM748559 332 (540.5)
denovo32 C91c_AM748558 332 (549.0)
denovo32 C91_AJ621543 332 (549.5)
denovo32 C91_AM748555 332 (549.5)
denovo32 C1023_DQ335330 304 (526.0)
denovo32 C1020_DQ335392 332 (558.5)
denovo32 C1018_DQ335408 336 (552.0)
denovo32 C1074_DQ335329 332 (549.5)
denovo32 C1030_DQ335353 332 (558.5)
denovo32 C1022_DQ335331 332 (558.5)
denovo32 C1027_DQ335360 332 (558.5)
denovo32 C1072_DQ335344 332 (549.5)
denovo32 C1039_AB190274 332 (558.5)
denovo32 C1033_DQ335350 337 (546.5)
denovo32 C1019_DQ335407 332 (558.5)
denovo32 C1194_EU099826 335 (534.0)
denovo32 C8b_AY258475 335 (525.0)
denovo32 C8_AY239367 334 (546.0)
denovo32 C8a_AY239368 334 (546.0)
denovo32 C54a_AY765406 332 (557.5)
denovo32 C3ff_HM185740 332 (548.5)
denovo32 C59_AY589763 333 (546.0)
denovo32 C3k_AY589737 329 (550.0)
denovo32 C3.24_HE579012 331 (546.5)
denovo32 C3.23_HE579011 329 (541.0)
denovo32 C35.1_AY765401 332 (567.5)
denovo32 C35.3_EF541145 332 (567.5)
denovo32 C76_AY765411 327 (532.0)
denovo32 C1107_DQ335359 329 (517.0)
denovo32 C3.22_HE579010 333 (545.5)
denovo32 C77_AY765412 330 (540.0)
denovo32 C20_AY239371 334 (546.0)
denovo32 C1055_DQ480640 333 (548.5)
denovo32 C27/C30_AY239379 326 (552.0)
denovo32 C27.1_FJ461517 326 (543.0)
denovo32 C40a_AY589747 337 (555.5)
denovo32 C40_AY258485 337 (555.5)
denovo32 C40b_AY589748 337 (552.0)
denovo32 C16_AY258477 332 (549.5)
denovo32 C16a_AY765399 333 (552.5)
denovo32 C1091_AB207186 329 (541.0)
denovo32 C1102_DQ335400 329 (523.0)
denovo32 C1069_DQ335375 329 (547.0)
denovo32 C1073_DQ335332 330 (542.0)
denovo32 C1066_DQ335382 330 (542.0)
denovo32 C1031_DQ335352 330 (553.0)
denovo32 C1026_DQ335366 333 (561.5)
denovo32 C70_AY589774 329 (550.0)
denovo32 C1082_AB190267 329 (541.0)
denovo32 C1078_AB190271 329 (538.0)
denovo32 C1090_AB207191 329 (532.0)
denovo32 C1071_DQ335302 333 (534.5)
denovo32 C1075_DQ335328 329 (532.0)
denovo32 C1068_DQ335379 329 (541.0)
denovo32 C1064_DQ335395 329 (550.0)
denovo32 C1063_DQ335403 330 (534.5)
denovo32 C62_AY589766 329 (541.0)
denovo32 C1077_DQ335316 330 (539.0)
denovo32 C1109_DQ335338 329 (532.0)
denovo32 C1110_DQ335340 329 (532.0)
denovo32 C1106_DQ335339 329 (523.0)
denovo32 C1112_DQ335319 329 (532.0)
denovo32 C1108_DQ335351 329 (523.0)
denovo32 C1105_DQ335394 329 (532.0)
denovo32 C1121_DQ335378 329 (523.0)
denovo32 C1116_AB190268 329 (532.0)
denovo32 C1115_AB190273 329 (532.0)
denovo32 C1124_DQ335323 329 (514.0)
denovo32 C1120_DQ335398 329 (523.0)
denovo32 C1119_DQ335404 329 (532.0)
denovo32 C1123_DQ335363 329 (523.0)
denovo32 C1004_DQ480635 329 (558.0)
denovo32 C1061_AY186568 332 (549.0)
denovo32 C1053_AY186569 332 (558.0)
denovo32 C1003_DQ480639 332 (558.0)
denovo32 C81_GU907657 327 (552.5)
denovo32 C22_AY239373 330 (560.5)
denovo32 C22a_AY239374 330 (560.5)
denovo32 C1232_EU118163 329 (541.0)
denovo32 C21.13_FJ461515 325 (561.0)
denovo32 C21.1_JF683323 326 (555.5)
denovo32 C21.3_JF683325 326 (555.5)
denovo32 C1.20_HE578993 331 (556.0)
denovo32 C1.22_HE578995 331 (547.0)
denovo32 C52_AY589757 329 (535.0)
denovo32 C1201_EU099793 336 (511.5)
denovo32 C14_AY589741 327 (545.0)
denovo32 C43_AY589749 329 (547.0)
denovo32 C50_AY589755 332 (558.5)
denovo32 C3.14_HQ630872 332 (549.5)
denovo32 C1m_AY765398 329 (541.0)
denovo32 C82_GU907658 333 (550.5)
denovo32 C82b_GU907660 333 (550.5)
denovo32 C64_AY589768 332 (567.0)
denovo32 C45a_AY765404 332 (549.5)
denovo32 C48_AY589753 336 (563.0)
denovo32 C1_v1b_FJ919244 332 (549.5)
denovo32 C1_v1a_FJ919243 332 (549.5)
denovo32 C3j_AY239366 332 (540.5)
denovo32 C3t_EF541149 332 (566.5)
denovo32 C9_AF499798 334 (546.0)
denovo32 C23_AY239375 328 (544.5)
denovo32 C37_AY258481 329 (558.5)
denovo32 C1048_DQ068026 334 (545.5)
denovo32 C21.4_JF683326 326 (546.5)
denovo32 C21.5_JF683327 326 (555.5)
denovo32 C1070_DQ335349 332 (549.5)
denovo32 C21.6_HQ630873 326 (555.5)
denovo32 C1224_EU074890 325 (555.5)
denovo32 C1.17_HE578990 329 (558.5)
denovo32 C21_b1_FN827162 326 (546.5)
denovo32 C21.9_JF683330 326 (555.5)
denovo32 C1085_AY624605 329 (547.0)
denovo32 C3p_GU907654 332 (553.0)
denovo32 C3f_AY589734 332 (558.5)
denovo32 C65a_AY589770 332 (558.5)
denovo32 C65_AY589769 332 (567.5)
denovo32 C71_AY589775 332 (567.5)
denovo32 C71a_AY589776 332 (558.5)
denovo32 C1178_AB294647 333 (555.5)
denovo32 C1225_EU074893 337 (554.5)
denovo32 C75_AY765410 332 (558.5)
denovo32 C21.10_JF683331 330 (557.5)
denovo32 C21.11_HQ630874 326 (564.5)
denovo32 C1065_DQ335388 334 (546.0)
denovo32 C1045_DQ068036 334 (555.0)
denovo32 C1h_AY258473 332 (558.5)
denovo32 C38_AY258482 333 (561.0)
denovo32 C1202_EU099799 332 (549.5)
denovo32 C7_AF499797 332 (558.5)
denovo32 C12_AF499801 334 (548.0)
denovo32 C38a_AY258483 332 (564.0)
denovo32 C1200_EU099800 323 (557.0)
denovo32 C44a_AY589751 333 (552.5)
denovo32 C47_AY589752 333 (552.5)
denovo32 C44_AY589750 333 (552.5)
denovo32 C1.15_HE578988 332 (567.5)
denovo32 C45.3_FJ461522 334 (564.0)
denovo32 C46a_AY765405 335 (548.5)
denovo32 C46_EU449108 334 (555.0)
denovo32 C3.12_FJ461507 334 (555.0)
denovo32 C1k_AY589733 334 (555.0)
denovo32 C67_AY686647 334 (555.0)
denovo32 C82a_GU907659 332 (548.5)
denovo32 C10a_AY589739 334 (555.0)
denovo32 C10_AF499799 334 (555.0)
denovo32 C13_AY589740 340 (552.0)
denovo32 C4_AF499794 334 (546.0)
denovo32 C1147_EF656433 332 (558.5)
denovo32 C1c/C45_AY239364 334 (555.0)
denovo32 C1c/C45_EU449103 334 (555.0)
denovo32 C21.19_HE579031 326 (546.5)
denovo32 C21.21_HE579033 326 (537.5)
denovo32 C21.20_HE579032 326 (546.5)
denovo32 C42b_AY765403 329 (530.5)
denovo32 C42_AY258487 329 (539.5)
denovo32 C1p_GU907652 332 (549.5)
denovo32 C1d_AY258488 334 (537.0)
denovo32 C42_AY765402 334 (546.0)
denovo32 C3ha_AY589736 328 (561.0)
denovo32 C63a_AY589767 327 (560.0)
denovo32 C21a_AY589744 326 (564.5)
denovo32 C3o_GU907653 326 (556.0)
denovo32 C21.16_HQ630875 326 (564.5)
denovo32 C21.2_JF683324 328 (561.0)
denovo32 C21.7_JF683328 326 (555.5)
denovo32 C21.8_JF683329 330 (557.5)
denovo32 C3h_AY239365 326 (555.5)
denovo32 C1203_EU099798 326 (555.5)
denovo32 C3.10_FJ461505 332 (558.5)
denovo32 C21.14_FJ461516 326 (564.5)
denovo32 C21.18_HE579030 326 (553.0)
denovo32 C3.17_HE579005 332 (549.5)
denovo32 C3.9_FJ461504 331 (561.5)
denovo32 C3.8_FJ461503 333 (560.5)
denovo32 C3.7_FJ461502 332 (549.5)
denovo32 C3.11_FJ461506 332 (558.5)
denovo32 C3.18_HE579006 332 (549.5)
denovo32 C3.19_HE579007 339 (552.0)
denovo32 C3.20_HE579008 332 (549.5)
denovo32 C3g_AY589735 332 (560.5)
denovo32 C3a_AF499790 332 (558.5)
denovo32 C3e_AF499793 332 (549.5)
denovo32 C6_AF499796 332 (558.5)
denovo32 C11_AF499800 332 (549.5)
denovo32 C36_AY258480 331 (555.0)
denovo32 C29_AY258494 332 (558.5)
denovo32 C1146_EF656434 329 (559.0)
denovo32 C1190_EU099841 332 (567.5)
denovo32 C131_JF320826 332 (549.5)
denovo32 C28_AY239380 335 (550.5)
denovo32 C1012_DQ480604 332 (558.5)
denovo32 C1181_AB294640 331 (550.0)
denovo32 C1180_AB294641 331 (568.0)
denovo32 C1179_AB294645 333 (555.0)
denovo32 C1176_AB294651 335 (561.5)
denovo32 C1175_AB294653 331 (559.0)
denovo32 C1174_AB294655 333 (555.5)
denovo32 C1177_AB294659 332 (552.0)
denovo32 C1040_AB190269 334 (555.0)
denovo32 C1182_AB294649 332 (549.5)
denovo32 C1089_AJ278598 332 (549.5)
denovo32 C1028_DQ335357 332 (558.5)
denovo32 C3.16_EU786015 332 (549.5)
denovo32 C1097_AJ311943 333 (539.5)
denovo32 C1170_AB294661 331 (559.0)
denovo32 C21.17_HE579029 327 (560.5)
denovo32 C21/3d/C3k_AY239372 326 (564.5)
denovo32 C58_AY589762 329 (560.5)
denovo32 C3L_AY589738 332 (544.5)
denovo32 C1169_AB294660 331 (559.0)
denovo32 C3.2_FJ461497 331 (559.0)
denovo32 C3.1_JF683321 331 (559.0)
denovo32 C1104_AF427469 333 (548.5)
denovo32 C3b_AF499791 331 (559.0)
denovo32 C83_GU907661 334 (557.5)
denovo32 C49_AY589754 363 (579.5)
denovo32 C3_AB778606 332 (558.5)
denovo32 C3_AF499789 332 (558.5)
denovo32 C3_HE579001 332 (558.5)
denovo32 C21.12_FJ461514 326 (555.5)
denovo32 C1229_EU074888 325 (559.5)
denovo32 C1230_EU074889 325 (568.5)
denovo32 C1114_AB207196 332 (540.5)
denovo32 C3.21_HE579009 329 (481.5)
denovo32 C1057_DQ480619 332 (549.5)
denovo32 C72_AY765407 329 (548.5)
denovo32 C1b.3_HE578999 331 (550.0)
denovo32 C93_AJ621536 332 (549.5)
denovo32 C94_AJ621539 332 (549.5)
denovo32 C1g_AY589730 332 (567.5)
denovo32 C1i_AY589731 333 (543.0)
denovo32 C1j_AY589732 332 (558.5)
denovo32 C1005_DQ480633 332 (549.5)
denovo32 C1.7_FJ461494 332 (558.5)
denovo32 C1.11_HE578984 332 (550.0)
denovo32 C1.12_HE578985 331 (556.0)
denovo32 C1.13_HE578986 332 (558.5)
denovo32 C1.14_HE578987 333 (561.5)
denovo32 C1.18_HE578991 332 (549.5)
denovo32 C1.19_HE578992 332 (558.5)
denovo32 C1199_EU099802 332 (534.5)
denovo32 C1188_EU099838 332 (549.5)
denovo32 C1002_DQ838544 332 (558.5)
denovo32 C1198_EU099810 332 (549.5)
denovo32 C24_AY239376 335 (548.5)
denovo32 C1f_AY258490 332 (558.5)
denovo32 C1006_DQ480629 332 (558.5)
denovo32 C1010_DQ480607 332 (558.5)
denovo32 C1007_DQ480624 332 (549.5)
denovo32 C1011_DQ480605 329 (558.5)
denovo32 C1009_DQ480608 332 (558.5)
denovo32 C1041_AY186548 332 (558.5)
denovo32 C1052_AY186570 332 (558.5)
denovo32 C1148_EU040178 332 (558.5)
denovo32 C1234_EU118165 333 (548.5)
denovo32 C1.5_EF634157 336 (551.5)
denovo32 C1059_DQ480609 332 (549.5)
denovo32 C1228_EU074883 332 (558.5)
denovo32 C1208_EU074963 332 (558.5)
denovo32 C1207_EU074964 332 (558.5)
denovo32 C1206_EU074965 332 (558.5)
denovo32 C1013_DQ480642 332 (558.5)
denovo32 C80_GU907656 342 (553.0)
denovo32 C1a_AF499788 332 (549.5)
denovo32 C41_AY258486 335 (557.5)
denovo32 C39_AY258484 321 (547.0)
denovo32 C1231_EU074878 332 (549.5)
denovo32 C1b.1_HE578997 331 (550.0)
denovo32 C18_AY258478 332 (558.5)
denovo32 C1.10_HE578983 325 (562.0)
denovo32 C1_JN558041 332 (558.5)
denovo32 C1_HE578979 332 (558.5)
denovo32 C1_AM748551 332 (558.5)
denovo32 C1_AF333515 332 (558.5)
denovo32 C1054_AY186565 333 (558.0)
denovo32 C1008_DQ480613 332 (549.5)
denovo32 C1103_AF427470 333 (548.5)
denovo32 C1226_EU074881 333 (548.5)
denovo32 C1b/C1e_AY239363 331 (559.0)
denovo32 C1044_DQ068038 332 (543.5)
denovo32 C1017_DQ174729 332 (549.0)
denovo32 C1.6_FJ461493 332 (549.5)
denovo32 C1b.2_HE578998 331 (550.0)
denovo32 C1060_DQ480600 332 (549.5)
denovo32 C1227_EU074882 332 (549.5)
denovo32 C1197_EU099814 332 (549.5)
denovo32 C1130_DQ480643 332 (435.0)
denovo32 D109_AB097465 328 (437.0)
denovo32 D1.11_HE579040 328 (439.5)
denovo32 D105_AF174570 327 (444.5)
denovo32 D104_AF174572 328 (439.0)
denovo32 D1.3_JF683337 326 (434.0)
denovo32 D1.10_HE579039 328 (439.5)
denovo32 D110_AF174561 328 (439.5)
denovo32 D117_AF174542 328 (439.5)
denovo32 D114_AF174549 328 (448.5)
denovo32 D113_AF174557 334 (440.0)
denovo32 D112_AF174558 334 (440.0)
denovo32 D106_AF174559 328 (457.5)
denovo32 D111_AF174560 328 (448.5)
denovo32 D115_AF174562 328 (439.5)
denovo32 D107_AF174568 328 (439.5)
denovo32 D116_AF174571 329 (442.5)
denovo32 D124_EU074897 335 (433.0)
denovo32 D1.8_HE579037 329 (442.5)
denovo32 D3_AY686650 330 (445.0)
denovo32 D1.6_HQ630881 332 (450.5)
denovo32 D120_EU074900 334 (440.0)
denovo32 D121_EU074904 329 (451.5)
denovo32 D122_EU074905 328 (448.0)
denovo32 D1a.2_JF683339 330 (438.5)
denovo32 D1a.1_JF683338 334 (440.0)
denovo32 D2_AY686649 573 (495.5)
denovo32 D4_DQ865214 336 (442.0)
denovo32 D1a_AF499802 334 (440.0)
denovo32 D1a_JN558078 334 (440.0)
denovo32 D123_EU074895 328 (448.5)
denovo32 D108_AF174567 328 (448.5)
denovo32 D103_AF174575 328 (457.5)
denovo32 D100_AF411415 324 (454.5)
denovo32 D118_EF656435 328 (448.5)
denovo32 D101_AF411416 324 (439.5)
denovo32 D119_EU099832 326 (444.5)
denovo32 D102_AF174573 328 (442.5)
denovo32 D1_AF334660 328 (448.5)
denovo32 D1_JN558076 328 (448.5)
denovo32 D1.12_HE579041 311 (443.5)
denovo32 D1.1_AM748564 417 (477.0)
denovo32 D1.2_AM748617 406 (473.5)
denovo32 E111_EU074915 327 (465.0)
denovo32 E110_EU074914 323 (482.0)
denovo32 E114_EU074909 321 (477.0)
denovo32 E1_AF334659 325 (465.5)
denovo32 E105_EU074921 324 (475.5)
denovo32 E112_EU074916 321 (468.0)
denovo32 E104_EU074922 321 (477.0)
denovo32 E102_EU074924 321 (468.0)
denovo32 E103_EU074923 321 (477.0)
denovo32 E101_AY160123 317 (480.0)
denovo32 E109_EU074913 328 (468.5)
denovo32 E100_DQ011618 325 (484.0)
denovo32 E108_EU074912 329 (478.5)
denovo32 E113_EU074908 330 (476.0)
denovo32 E107_EU074910 330 (481.5)
denovo32 F1_JN558066 335 (528.5)
denovo32 F5.2d_AJ291530 329 (531.0)
denovo32 F104_AJ291531 329 (531.0)
denovo32 F5.2c_AM748596 329 (531.0)
denovo32 F5.2_AM748594 332 (532.0)
denovo32 F5.2a_AM748614 332 (532.0)
denovo32 F5.2b_AM748595 329 (531.0)
denovo32 F5.2e_AJ291533 329 (487.0)
denovo32 F5.2g_JN558072 331 (537.0)
denovo32 F5.2f_AJ291512 333 (534.5)
denovo32 F102_AJ291534 332 (540.5)
denovo32 F5.1c_AM748593 345 (515.5)
denovo32 F5.1d_JN558069 340 (529.5)
denovo32 F5.1b_AJ291535 334 (527.5)
denovo32 F5.1_AM748592 335 (531.0)
denovo32 F5.1a_AM748591 334 (536.5)
denovo32 F110_AJ291526 326 (538.0)
denovo32 F4.7_AM748587 330 (543.5)
denovo32 F4.5_AM748585 319 (564.0)
denovo32 F4.4a_AM748583 324 (552.5)
denovo32 F4.4_AM748582 320 (555.0)
denovo32 F4.4b_AM748584 326 (539.0)
denovo32 F4.1a_AM748573 309 (543.5)
denovo32 F112_AJ291528 308 (513.5)
denovo32 F4.1_AM748572 308 (531.5)
denovo32 F4.8b_AM748590 329 (540.0)
denovo32 F4.8_AM748588 324 (543.0)
denovo32 F4.8a_AM748589 324 (543.0)
denovo32 F109_AJ291527 324 (539.5)
denovo32 F4.6_AM748586 320 (532.0)
denovo32 F111_AJ311949 325 (519.5)
denovo32 F4.3c_AM748581 326 (536.5)
denovo32 F4.3a_AM748579 326 (538.5)
denovo32 F4.3b_AM748580 326 (536.5)
denovo32 F4.3_AM748578 326 (536.5)
denovo32 F4.2_AM748574 325 (529.0)
denovo32 F4.2a_AM748575 318 (537.0)
denovo32 F4.2c_AM748577 319 (536.5)
denovo32 F4.2b_AM748576 318 (528.0)
denovo32 F2b_AJ291521 324 (522.0)
denovo32 F2_AJ830908 322 (516.5)
denovo32 F2a_AJ830911 324 (509.5)
denovo32 F3.1a_AM748566 349 (519.5)
denovo32 F114_AJ291525 346 (510.5)
denovo32 F3.1_AM748565 346 (528.5)
denovo32 F3.2_AM748567 340 (535.5)
denovo32 F3.2a_AM748568 337 (546.5)
denovo32 F3.3_AM748569 345 (541.0)
denovo32 F3.4a_AM748571 337 (579.5)
denovo32 F3.4_AM748570 331 (562.0)
denovo32 F3.4b_AM748616 331 (562.0)
denovo32 G101_AJ291539 334 (445.5)
denovo32 G1_AM748597 333 (451.5)
denovo32 G2b_JN558087 346 (457.5)
denovo32 G2_AM748598 346 (449.5)
denovo32 G2a_AM748599 346 (458.0)
denovo32 G4_AM748601 343 (453.5)
denovo32 G3.4_LK392378 335 (456.0)
denovo32 G3_AM748600 339 (440.0)
denovo32 G3.2_KC597694 328 (424.0)
denovo32 G3.1_KC597688 339 (456.5)
denovo32 G100_AB253788 338 (463.0)
denovo32 G3.3_LK392377 338 (463.0)
denovo32 H6_AJ291520 624 (284.5)
denovo32 H3_AM748606 334 (374.0)
denovo32 H2_AM748605 312 (372.0)
denovo32 H4_AM748607 329 (351.0)
denovo32 H4a_AM748608 301 (361.0)
denovo32 H5a_AM748611 315 (389.5)
denovo32 H5b_AM748610 315 (388.0)
denovo32 H5_AJ621129 317 (386.0)
denovo32 H5_AM748609 317 (386.0)
denovo32 H100_AJ291513 295 (379.5)
denovo32 H1b_AM748604 295 (374.5)
denovo32 H1a_AM748612 311 (371.5)
denovo32 H1_AJ621152 295 (374.5)
denovo32 H1_AM748602 295 (374.5)
denovo32 I3_FN561561 344 (539.5)
denovo32 I4_FN561562 344 (539.5)
denovo32 I1_FN561559 342 (551.5)
denovo32 I2_FN561560 333 (543.5)

#---------------------------------------
#---------------------------------------
