denovo161 A136_DQ865210 318 (504.0)
denovo161 A133_DQ174725 318 (456.0)
denovo161 A115_AF180123 326 (414.0)
denovo161 A117_AF201746 328 (463.0)
denovo161 A134_DQ174723 337 (464.0)
denovo161 A114_AF184941 328 (463.0)
denovo161 A135_DQ174727 333 (461.0)
denovo161 A2_AF333506 333 (457.5)
denovo161 A101_AF427468 333 (452.0)
denovo161 A2_1_JN558097 333 (452.0)
denovo161 A2_2_JN558100 333 (452.0)
denovo161 A113_AF184948 319 (476.0)
denovo161 A112_AF184949 313 (457.5)
denovo161 A123_EF378618 319 (302.5)
denovo161 A137_EF378621 339 (336.0)
denovo161 A11_EU449041 331 (476.0)
denovo161 A121_DQ174722 323 (469.5)
denovo161 A15b_EU792886 328 (438.0)
denovo161 A15a_EU792885 328 (456.0)
denovo161 A15c_EU792887 328 (446.5)
denovo161 A15_EU792884 328 (447.0)
denovo161 A147_EU074937 315 (478.0)
denovo161 A154_EU074860 315 (469.0)
denovo161 A146_EU074936 317 (464.5)
denovo161 A150_EU074928 317 (474.0)
denovo161 A116_AF183575 317 (464.5)
denovo161 A141_EU074931 317 (473.5)
denovo161 A5_AF333508 316 (478.0)
denovo161 A3b_EU449043 315 (469.0)
denovo161 A151_EU074925 328 (464.5)
denovo161 A152_EU074927 315 (469.0)
denovo161 A149_EU074929 328 (465.0)
denovo161 A140_EU074930 315 (460.0)
denovo161 A142_EU074932 315 (460.0)
denovo161 A143_EU074933 315 (478.0)
denovo161 A144_EU074934 315 (460.0)
denovo161 A145_EU074935 315 (468.5)
denovo161 A148_EU074938 315 (460.0)
denovo161 A155_EU074856 315 (460.0)
denovo161 A156_EU074859 315 (460.0)
denovo161 A139_EU074962 315 (478.0)
denovo161 A6_AF186058 315 (469.0)
denovo161 A3_AF333507 315 (469.0)
denovo161 A3_JN558091 315 (469.0)
denovo161 A8_AY258468 315 (451.0)
denovo161 A7_AY239360 315 (459.5)
denovo161 A16_EU792888 328 (465.0)
denovo161 A4.3_FN429763 323 (473.5)
denovo161 A120_AF180122 318 (440.0)
denovo161 A4.2_FN429761 325 (449.0)
denovo161 A4_AF333509 325 (477.0)
denovo161 A4.1_FN429760 321 (472.0)
denovo161 A4a_AF499778 325 (486.0)
denovo161 A4a.1_FN429762 325 (486.0)
denovo161 A138_EF378620 321 (445.5)
denovo161 A122_EF378619 321 (458.0)
denovo161 A126_EF378615 320 (459.0)
denovo161 A10_EU792882 320 (459.0)
denovo161 A9_EU449028 319 (458.5)
denovo161 A105_AB207202 318 (474.0)
denovo161 A119_AF180121 317 (459.5)
denovo161 A12_EU792883 320 (470.0)
denovo161 A104_AB207203 321 (482.5)
denovo161 A1a_EU449030 319 (475.5)
denovo161 A1.3_HE578976 319 (476.5)
denovo161 A1.4_HE578977 319 (485.5)
denovo161 A13_AF333504 317 (480.0)
denovo161 A13_JN558094 317 (480.0)
denovo161 A110_AB190282 319 (467.5)
denovo161 A103_AB207206 327 (482.5)
denovo161 A130_EF656428 319 (476.5)
denovo161 A127_EF656429 319 (485.5)
denovo161 A128_EF656430 319 (467.5)
denovo161 A129_EF656431 319 (476.5)
denovo161 A131_EF656432 327 (482.5)
denovo161 A118_AF180120 318 (466.5)
denovo161 A1_AF333505 319 (476.5)
denovo161 A107_AB207199 321 (482.5)
denovo161 A111_AB190280 321 (491.5)
denovo161 A108_AB207197 324 (458.5)
denovo161 A106_AB207200 321 (482.0)
denovo161 A102_AB207209 321 (482.5)
denovo161 A1.2_AB207210 321 (482.5)
denovo161 A109_AB190285 321 (482.0)
denovo161 B4_AF333510 322 (914.0)
denovo161 B23_EU449079 308 (1077.5)
denovo161 B30_GU907644 308 (1059.5)
denovo161 B11_AY239361 313 (1067.0)
denovo161 B17_AY258470 311 (1068.0)
denovo161 B1k_GU907638 292 (574.5)
denovo161 B1.V_Green2014 318 (1035.0)
denovo161 B1b_AF499780 309 (1048.0)
denovo161 B16_AY258469 311 (1077.0)
denovo161 B31a_GU907646 311 (1086.0)
denovo161 B32_GU907647 311 (1086.0)
denovo161 B31_GU907645 311 (1095.0)
denovo161 B1j_GU907637 311 (1077.0)
denovo161 B37_GU907650 313 (1075.5)
denovo161 B5a_AF499782 311 (1086.0)
denovo161 B5_AF499781 311 (1095.0)
denovo161 B24_GU907643 307 (996.0)
denovo161 B117_AF180124 308 (1005.0)
denovo161 B10_AF499787 311 (1077.0)
denovo161 B20_GU907642 313 (1060.5)
denovo161 B1m_GU907640 311 (1086.0)
denovo161 B34_GU907649 311 (1086.0)
denovo161 B1d_GU907633 311 (1086.0)
denovo161 B1e_GU907634 311 (1086.0)
denovo161 B1i_GU907636 311 (1086.0)
denovo161 B1g_GU907635 312 (1085.5)
denovo161 B123_EU074872 311 (1077.0)
denovo161 B8_AF499785 312 (1085.0)
denovo161 B1l_GU907639 311 (1095.0)
denovo161 B1a_AF499779 311 (1086.0)
denovo161 B14_AY239362 312 (1076.0)
denovo161 B125_EU074865 311 (1086.0)
denovo161 B122_EU074871 311 (1095.0)
denovo161 B124_EU074874 311 (1086.0)
denovo161 B1.VII_Green2014 308 (1070.5)
denovo161 B1.III_Green2014 311 (1014.0)
denovo161 B1.I_Green2014 311 (1095.0)
denovo161 B1.II_Green2014 311 (1095.0)
denovo161 B1_JN558057 311 (1095.0)
denovo161 B1_AF333511 311 (1095.0)
denovo161 B1.IV_Green2014 321 (1080.5)
denovo161 B121_EU074870 311 (1086.0)
denovo161 B7_AF499784 311 (1086.0)
denovo161 B1.VI_Green2014 312 (1026.0)
denovo161 B3_AF333514 307 (1106.0)
denovo161 B9_AF499786 307 (1124.0)
denovo161 B19a_JN558055 298 (1015.0)
denovo161 B119_EU099825 303 (1064.5)
denovo161 B21_DQ865213 307 (1083.5)
denovo161 B38_GU907651 307 (1083.5)
denovo161 B18_AY258471 307 (1124.0)
denovo161 B18a_AY258472 307 (1124.0)
denovo161 B33_GU907648 307 (1133.0)
denovo161 B6_AF499783 311 (1118.0)
denovo161 B19_DQ865212 307 (1133.0)
denovo161 B19_GU907641 307 (1133.0)
denovo161 B2_AF333512 307 (1124.0)
denovo161 B2_JN558060 307 (1124.0)
denovo161 C33.1_AY258498 317 (564.0)
denovo161 C33.2_AY765400 317 (564.0)
denovo161 C33a_EF541147 317 (564.0)
denovo161 C34_AY258499 317 (564.5)
denovo161 C78_AY765413 312 (540.0)
denovo161 C15.29_KC597690 315 (511.0)
denovo161 C1131_DQ182650 312 (503.5)
denovo161 C1135_DQ182646 311 (491.5)
denovo161 C1134_DQ182647 311 (491.5)
denovo161 C1142_DQ182635 311 (491.5)
denovo161 C1136_DQ182644 311 (471.0)
denovo161 C1111_DQ182645 308 (490.0)
denovo161 C1236_EF473656 308 (472.0)
denovo161 C1138_DQ182642 308 (490.0)
denovo161 C1137_DQ182643 308 (472.0)
denovo161 C1133_DQ182648 309 (474.5)
denovo161 C1132_DQ182649 312 (474.0)
denovo161 C1143_DQ182634 308 (481.0)
denovo161 C1139_DQ182639 308 (509.5)
denovo161 C15.28_KC597687 314 (546.0)
denovo161 C1141_DQ182636 314 (500.0)
denovo161 C1144_DQ182637 314 (500.0)
denovo161 C1122_DQ182654 312 (504.0)
denovo161 C1127_DQ182652 310 (516.0)
denovo161 C15.30_JX394114 316 (551.5)
denovo161 C15.26_KC597686 315 (548.5)
denovo161 C1086_DQ182656 312 (549.0)
denovo161 C15.25_KC597685 312 (558.0)
denovo161 C1118_AF180127 322 (503.5)
denovo161 C1129_DQ182651 312 (494.0)
denovo161 C15.21_KC597683 316 (542.5)
denovo161 C56_AY589760 309 (540.5)
denovo161 C1140_DQ182638 315 (503.0)
denovo161 C1126_DQ182653 315 (502.5)
denovo161 C15c_AY258492 308 (555.5)
denovo161 C15d_AY258493 308 (555.5)
denovo161 C1098_DQ182641 311 (544.0)
denovo161 C15.27_KC597689 312 (558.5)
denovo161 C15.18_HE579024 311 (546.5)
denovo161 C15.16_HE579022 312 (567.0)
denovo161 C1101_AB253787 312 (540.0)
denovo161 C1083_AY237300 312 (549.0)
denovo161 C1088_DQ182640 312 (549.0)
denovo161 C15.6_FN563472 312 (549.0)
denovo161 C15.5_FJ461512 315 (549.5)
denovo161 C15.4_FJ461511 315 (549.5)
denovo161 C15.13_HE579019 312 (540.0)
denovo161 C15.12_HE579018 312 (549.0)
denovo161 C93a_AM748563 312 (567.0)
denovo161 C1094_AJ291514 312 (549.0)
denovo161 C93_AM748562 312 (558.0)
denovo161 C15.17_HE579023 311 (558.5)
denovo161 C15e_AY589742 315 (551.5)
denovo161 C15.22_KC597695 312 (549.0)
denovo161 C60_AY589764 316 (551.0)
denovo161 C15.1_FJ461508 312 (567.0)
denovo161 C15.2_FJ461509 312 (549.0)
denovo161 C15.9_FN563475 312 (558.0)
denovo161 C15.7_HE579015 312 (549.0)
denovo161 C15.8_HE579016 312 (549.0)
denovo161 C15.15_HE579021 312 (558.0)
denovo161 C15.19_HE579025 312 (558.0)
denovo161 C15.24_KC597696 312 (549.0)
denovo161 C15.3_FJ461510 315 (549.5)
denovo161 C1087_DQ182655 312 (558.0)
denovo161 C15.14_HE579020 316 (557.0)
denovo161 C15.23_KC597697 316 (557.0)
denovo161 C19_AY258479 311 (567.5)
denovo161 C1233_EU118166 312 (549.0)
denovo161 C15b_AY258491 317 (554.5)
denovo161 C15a_AY258476 315 (558.5)
denovo161 C1051_AF195153 312 (567.0)
denovo161 C2_AF333518 313 (566.0)
denovo161 C15.20_HE579026 315 (563.5)
denovo161 C15f_AY589743 313 (557.5)
denovo161 C55_AY589759 318 (561.5)
denovo161 C15_AY239369 312 (558.0)
denovo161 C32.1_JF683335 310 (530.5)
denovo161 C32.2_JF683336 309 (536.5)
denovo161 C21.23_KC597693 309 (536.5)
denovo161 C1193_EU099827 316 (557.0)
denovo161 C1195_EU099821 329 (525.0)
denovo161 C3q_GU907655 319 (536.0)
denovo161 C53_AY589758 323 (547.5)
denovo161 C73_AY765408 316 (569.5)
denovo161 C17.2.1_KC597684 316 (539.0)
denovo161 C32_AY258497 311 (533.0)
denovo161 C1189_EU099831 314 (553.5)
denovo161 C1191_EU099833 314 (553.5)
denovo161 C1196_EU099819 313 (532.5)
denovo161 C1192_EU099820 313 (532.5)
denovo161 C17.1_JF683322 313 (550.5)
denovo161 C26_b2_FN827164 311 (558.0)
denovo161 C26_b3_FN827165 310 (538.0)
denovo161 C31.9_HQ630879 315 (546.0)
denovo161 C31a_AY589746 315 (543.0)
denovo161 C30_AY589745 315 (543.0)
denovo161 C31.1_HQ630876 315 (552.0)
denovo161 C31.5_HQ630877 315 (552.0)
denovo161 C31.6_HQ630878 315 (552.0)
denovo161 C31.2_JF683332 315 (552.0)
denovo161 C31.3_JF683333 315 (543.0)
denovo161 C26/C35a_AY239378 310 (547.0)
denovo161 C35a_AY258501 310 (547.0)
denovo161 C35.2_AY258500 310 (556.0)
denovo161 C26_b1_FN827163 310 (556.0)
denovo161 C17_AY239370 313 (550.5)
denovo161 C17.2_FJ461513 315 (549.5)
denovo161 C31.10_HQ630880 315 (555.0)
denovo161 C31.4_JF683334 324 (547.0)
denovo161 C31_AY258496 315 (552.0)
denovo161 C25_AY239377 320 (548.5)
denovo161 C61_AY589765 311 (521.0)
denovo161 C1043_DQ072721 320 (505.0)
denovo161 C79_AY765414 317 (538.0)
denovo161 C69_AY589773 310 (525.5)
denovo161 C69a_AY686648 310 (516.5)
denovo161 C21.22_KC597692 308 (553.0)
denovo161 C51_AY589756 322 (525.5)
denovo161 C1aa_HM185739 314 (555.5)
denovo161 C1096_DQ068023 327 (528.0)
denovo161 C74_AY765409 319 (547.5)
denovo161 C1185_AB294629 321 (545.0)
denovo161 C1184_AB294630 321 (545.0)
denovo161 C1153_AB294625 321 (554.0)
denovo161 C1154_AB294626 321 (554.0)
denovo161 C1187_AB294627 321 (545.0)
denovo161 C1186_AB294628 321 (545.0)
denovo161 C57_AY589761 315 (554.5)
denovo161 C66_AY589771 321 (554.0)
denovo161 C5_AF499795 319 (542.5)
denovo161 C1167_AB294586 316 (543.0)
denovo161 C1164_AB294593 315 (540.5)
denovo161 C1183_AB294631 315 (558.5)
denovo161 C1067_DQ335381 322 (544.0)
denovo161 C1159_AB294613 322 (538.0)
denovo161 C1150_AB294622 322 (547.0)
denovo161 C90_AM748554 317 (558.0)
denovo161 C1168_AB294583 320 (546.0)
denovo161 C1156_AB294616 318 (558.5)
denovo161 C1151_AB294621 318 (559.0)
denovo161 C92a_AM748561 320 (564.0)
denovo161 C92_AM748560 320 (555.0)
denovo161 C1165_AB294581 312 (550.0)
denovo161 C1166_AB294584 315 (567.5)
denovo161 C1162_AB294594 315 (549.5)
denovo161 C1163_AB294596 315 (567.5)
denovo161 C1161_AB294606 315 (558.5)
denovo161 C1160_AB294608 315 (558.5)
denovo161 C1158_AB294614 317 (564.0)
denovo161 C1155_AB294617 315 (549.5)
denovo161 C1149_AB294620 318 (567.5)
denovo161 C1173_AB294662 315 (558.5)
denovo161 C1171_AB294663 315 (549.5)
denovo161 C1172_AB294665 315 (549.5)
denovo161 C91a_AM748556 317 (564.0)
denovo161 C91b_AM748557 317 (563.5)
denovo161 C91d_AM748559 314 (556.0)
denovo161 C91c_AM748558 314 (556.0)
denovo161 C91_AJ621543 315 (558.5)
denovo161 C91_AM748555 315 (558.5)
denovo161 C1023_DQ335330 294 (519.5)
denovo161 C1020_DQ335392 326 (546.0)
denovo161 C1018_DQ335408 322 (552.5)
denovo161 C1074_DQ335329 322 (543.5)
denovo161 C1030_DQ335353 320 (555.0)
denovo161 C1022_DQ335331 322 (543.5)
denovo161 C1027_DQ335360 322 (561.5)
denovo161 C1072_DQ335344 322 (543.5)
denovo161 C1039_AB190274 322 (561.5)
denovo161 C1033_DQ335350 327 (540.5)
denovo161 C1019_DQ335407 322 (552.5)
denovo161 C1194_EU099826 318 (544.0)
denovo161 C8b_AY258475 318 (533.0)
denovo161 C8_AY239367 317 (537.0)
denovo161 C8a_AY239368 319 (533.0)
denovo161 C54a_AY765406 320 (555.0)
denovo161 C3ff_HM185740 320 (537.0)
denovo161 C59_AY589763 321 (532.5)
denovo161 C3k_AY589737 319 (550.0)
denovo161 C3.24_HE579012 319 (550.0)
denovo161 C3.23_HE579011 319 (550.0)
denovo161 C35.1_AY765401 311 (564.5)
denovo161 C35.3_EF541145 311 (564.5)
denovo161 C76_AY765411 317 (544.5)
denovo161 C1107_DQ335359 316 (538.0)
denovo161 C3.22_HE579010 320 (566.5)
denovo161 C77_AY765412 317 (544.0)
denovo161 C20_AY239371 312 (568.0)
denovo161 C1055_DQ480640 323 (541.5)
denovo161 C27/C30_AY239379 314 (567.5)
denovo161 C27.1_FJ461517 314 (558.5)
denovo161 C40a_AY589747 318 (550.0)
denovo161 C40_AY258485 318 (550.0)
denovo161 C40b_AY589748 315 (546.5)
denovo161 C16_AY258477 318 (550.5)
denovo161 C16a_AY765399 319 (552.5)
denovo161 C1091_AB207186 318 (577.0)
denovo161 C1102_DQ335400 318 (541.0)
denovo161 C1069_DQ335375 318 (550.0)
denovo161 C1073_DQ335332 318 (550.0)
denovo161 C1066_DQ335382 317 (546.0)
denovo161 C1031_DQ335352 318 (559.0)
denovo161 C1026_DQ335366 318 (550.0)
denovo161 C70_AY589774 318 (568.0)
denovo161 C1082_AB190267 318 (550.0)
denovo161 C1078_AB190271 314 (564.5)
denovo161 C1090_AB207191 318 (559.0)
denovo161 C1071_DQ335302 318 (559.0)
denovo161 C1075_DQ335328 318 (559.0)
denovo161 C1068_DQ335379 319 (552.0)
denovo161 C1064_DQ335395 318 (550.0)
denovo161 C1063_DQ335403 318 (568.0)
denovo161 C62_AY589766 318 (559.0)
denovo161 C1077_DQ335316 313 (558.5)
denovo161 C1109_DQ335338 319 (562.0)
denovo161 C1110_DQ335340 319 (562.0)
denovo161 C1106_DQ335339 319 (562.0)
denovo161 C1112_DQ335319 319 (571.0)
denovo161 C1108_DQ335351 319 (562.0)
denovo161 C1105_DQ335394 319 (571.0)
denovo161 C1121_DQ335378 319 (562.0)
denovo161 C1116_AB190268 318 (550.0)
denovo161 C1115_AB190273 318 (559.0)
denovo161 C1124_DQ335323 319 (553.0)
denovo161 C1120_DQ335398 319 (553.0)
denovo161 C1119_DQ335404 319 (562.0)
denovo161 C1123_DQ335363 319 (562.0)
denovo161 C1004_DQ480635 317 (546.0)
denovo161 C1061_AY186568 317 (537.0)
denovo161 C1053_AY186569 317 (546.0)
denovo161 C1003_DQ480639 317 (546.0)
denovo161 C81_GU907657 309 (522.5)
denovo161 C22_AY239373 313 (560.5)
denovo161 C22a_AY239374 315 (557.5)
denovo161 C1232_EU118163 318 (550.0)
denovo161 C21.13_FJ461515 313 (541.5)
denovo161 C21.1_JF683323 311 (544.0)
denovo161 C21.3_JF683325 314 (553.0)
denovo161 C1.20_HE578993 320 (537.0)
denovo161 C1.22_HE578995 321 (540.0)
denovo161 C52_AY589757 317 (558.5)
denovo161 C1201_EU099793 318 (509.5)
denovo161 C14_AY589741 316 (555.5)
denovo161 C43_AY589749 317 (555.0)
denovo161 C50_AY589755 318 (559.0)
denovo161 C3.14_HQ630872 318 (541.0)
denovo161 C1m_AY765398 317 (555.0)
denovo161 C82_GU907658 318 (557.0)
denovo161 C82b_GU907660 318 (557.0)
denovo161 C64_AY589768 318 (550.0)
denovo161 C45a_AY765404 317 (555.5)
denovo161 C48_AY589753 318 (579.5)
denovo161 C1_v1b_FJ919244 320 (546.5)
denovo161 C1_v1a_FJ919243 317 (546.0)
denovo161 C3j_AY239366 318 (541.0)
denovo161 C3t_EF541149 320 (546.0)
denovo161 C9_AF499798 317 (564.0)
denovo161 C23_AY239375 317 (554.0)
denovo161 C37_AY258481 320 (544.0)
denovo161 C1048_DQ068026 317 (546.0)
denovo161 C21.4_JF683326 313 (550.5)
denovo161 C21.5_JF683327 313 (550.5)
denovo161 C1070_DQ335349 318 (559.0)
denovo161 C21.6_HQ630873 313 (568.5)
denovo161 C1224_EU074890 316 (551.5)
denovo161 C1.17_HE578990 316 (551.5)
denovo161 C21_b1_FN827162 308 (553.5)
denovo161 C21.9_JF683330 308 (562.5)
denovo161 C1085_AY624605 318 (559.0)
denovo161 C3p_GU907654 317 (550.0)
denovo161 C3f_AY589734 318 (559.0)
denovo161 C65a_AY589770 318 (550.0)
denovo161 C65_AY589769 318 (559.0)
denovo161 C71_AY589775 318 (550.0)
denovo161 C71a_AY589776 318 (541.0)
denovo161 C1178_AB294647 318 (535.0)
denovo161 C1225_EU074893 315 (559.0)
denovo161 C75_AY765410 318 (549.0)
denovo161 C21.10_JF683331 309 (554.5)
denovo161 C21.11_HQ630874 311 (552.5)
denovo161 C1065_DQ335388 319 (570.5)
denovo161 C1045_DQ068036 318 (568.0)
denovo161 C1h_AY258473 317 (546.0)
denovo161 C38_AY258482 319 (543.0)
denovo161 C1202_EU099799 318 (541.0)
denovo161 C7_AF499797 318 (550.0)
denovo161 C12_AF499801 325 (546.0)
denovo161 C38a_AY258483 319 (548.0)
denovo161 C1200_EU099800 309 (547.5)
denovo161 C44a_AY589751 315 (559.0)
denovo161 C47_AY589752 317 (555.0)
denovo161 C44_AY589750 317 (555.0)
denovo161 C1.15_HE578988 317 (564.0)
denovo161 C45.3_FJ461522 317 (564.0)
denovo161 C46a_AY765405 317 (546.0)
denovo161 C46_EU449108 317 (546.0)
denovo161 C3.12_FJ461507 318 (559.0)
denovo161 C1k_AY589733 317 (546.0)
denovo161 C67_AY686647 312 (557.5)
denovo161 C82a_GU907659 317 (564.0)
denovo161 C10a_AY589739 317 (546.0)
denovo161 C10_AF499799 317 (546.0)
denovo161 C13_AY589740 323 (542.5)
denovo161 C4_AF499794 317 (546.0)
denovo161 C1147_EF656433 317 (546.0)
denovo161 C1c/C45_AY239364 317 (555.0)
denovo161 C1c/C45_EU449103 317 (555.0)
denovo161 C21.19_HE579031 313 (559.5)
denovo161 C21.21_HE579033 313 (550.5)
denovo161 C21.20_HE579032 313 (559.5)
denovo161 C42b_AY765403 317 (536.0)
denovo161 C42_AY258487 317 (545.0)
denovo161 C1p_GU907652 317 (546.0)
denovo161 C1d_AY258488 317 (537.0)
denovo161 C42_AY765402 317 (546.0)
denovo161 C3ha_AY589736 310 (568.0)
denovo161 C63a_AY589767 315 (558.5)
denovo161 C21a_AY589744 313 (559.5)
denovo161 C3o_GU907653 313 (559.5)
denovo161 C21.16_HQ630875 313 (559.0)
denovo161 C21.2_JF683324 309 (556.5)
denovo161 C21.7_JF683328 313 (550.5)
denovo161 C21.8_JF683329 313 (559.5)
denovo161 C3h_AY239365 313 (568.5)
denovo161 C1203_EU099798 313 (559.5)
denovo161 C3.10_FJ461505 318 (568.0)
denovo161 C21.14_FJ461516 313 (568.5)
denovo161 C21.18_HE579030 316 (555.5)
denovo161 C3.17_HE579005 318 (550.0)
denovo161 C3.9_FJ461504 318 (546.5)
denovo161 C3.8_FJ461503 318 (558.5)
denovo161 C3.7_FJ461502 316 (561.5)
denovo161 C3.11_FJ461506 318 (559.0)
denovo161 C3.18_HE579006 318 (550.0)
denovo161 C3.19_HE579007 318 (550.0)
denovo161 C3.20_HE579008 318 (550.0)
denovo161 C3g_AY589735 321 (542.0)
denovo161 C3a_AF499790 316 (561.5)
denovo161 C3e_AF499793 318 (550.0)
denovo161 C6_AF499796 318 (550.0)
denovo161 C11_AF499800 318 (550.0)
denovo161 C36_AY258480 318 (550.0)
denovo161 C29_AY258494 318 (559.0)
denovo161 C1146_EF656434 317 (554.5)
denovo161 C1190_EU099841 318 (568.0)
denovo161 C131_JF320826 318 (550.0)
denovo161 C28_AY239380 321 (560.0)
denovo161 C1012_DQ480604 321 (558.0)
denovo161 C1181_AB294640 318 (544.0)
denovo161 C1180_AB294641 318 (553.0)
denovo161 C1179_AB294645 317 (540.0)
denovo161 C1176_AB294651 316 (546.5)
denovo161 C1175_AB294653 318 (544.0)
denovo161 C1174_AB294655 311 (550.0)
denovo161 C1177_AB294659 318 (544.0)
denovo161 C1040_AB190269 318 (559.0)
denovo161 C1182_AB294649 319 (552.5)
denovo161 C1089_AJ278598 318 (550.0)
denovo161 C1028_DQ335357 318 (559.0)
denovo161 C3.16_EU786015 318 (568.0)
denovo161 C1097_AJ311943 316 (548.5)
denovo161 C1170_AB294661 318 (544.0)
denovo161 C21.17_HE579029 313 (562.0)
denovo161 C21/3d/C3k_AY239372 313 (559.5)
denovo161 C58_AY589762 314 (559.0)
denovo161 C3L_AY589738 321 (554.5)
denovo161 C1169_AB294660 318 (544.0)
denovo161 C3.2_FJ461497 317 (559.5)
denovo161 C3.1_JF683321 317 (558.0)
denovo161 C1104_AF427469 319 (549.0)
denovo161 C3b_AF499791 318 (562.0)
denovo161 C83_GU907661 318 (561.5)
denovo161 C49_AY589754 353 (564.0)
denovo161 C3_AB778606 318 (559.0)
denovo161 C3_AF499789 318 (559.0)
denovo161 C3_HE579001 318 (559.0)
denovo161 C21.12_FJ461514 313 (541.5)
denovo161 C1229_EU074888 311 (548.5)
denovo161 C1230_EU074889 311 (557.5)
denovo161 C1114_AB207196 320 (564.5)
denovo161 C3.21_HE579009 316 (538.5)
denovo161 C1057_DQ480619 320 (564.0)
denovo161 C72_AY765407 312 (548.5)
denovo161 C1b.3_HE578999 316 (546.5)
denovo161 C93_AJ621536 318 (550.0)
denovo161 C94_AJ621539 317 (546.0)
denovo161 C1g_AY589730 317 (564.0)
denovo161 C1i_AY589731 314 (565.0)
denovo161 C1j_AY589732 317 (555.0)
denovo161 C1005_DQ480633 318 (548.5)
denovo161 C1.7_FJ461494 317 (555.0)
denovo161 C1.11_HE578984 312 (556.5)
denovo161 C1.12_HE578985 318 (548.5)
denovo161 C1.13_HE578986 319 (552.5)
denovo161 C1.14_HE578987 319 (552.5)
denovo161 C1.18_HE578991 317 (555.0)
denovo161 C1.19_HE578992 317 (554.5)
denovo161 C1199_EU099802 317 (540.0)
denovo161 C1188_EU099838 317 (555.0)
denovo161 C1002_DQ838544 318 (559.0)
denovo161 C1198_EU099810 317 (546.0)
denovo161 C24_AY239376 318 (548.5)
denovo161 C1f_AY258490 317 (555.0)
denovo161 C1006_DQ480629 313 (560.5)
denovo161 C1010_DQ480607 321 (548.5)
denovo161 C1007_DQ480624 317 (546.0)
denovo161 C1011_DQ480605 319 (551.0)
denovo161 C1009_DQ480608 319 (551.0)
denovo161 C1041_AY186548 317 (555.5)
denovo161 C1052_AY186570 317 (546.0)
denovo161 C1148_EU040178 317 (555.0)
denovo161 C1234_EU118165 318 (545.0)
denovo161 C1.5_EF634157 314 (556.0)
denovo161 C1059_DQ480609 322 (552.0)
denovo161 C1228_EU074883 317 (554.5)
denovo161 C1208_EU074963 317 (546.0)
denovo161 C1207_EU074964 317 (555.5)
denovo161 C1206_EU074965 317 (546.0)
denovo161 C1013_DQ480642 319 (552.5)
denovo161 C80_GU907656 325 (552.5)
denovo161 C1a_AF499788 314 (556.0)
denovo161 C41_AY258486 317 (555.0)
denovo161 C39_AY258484 306 (552.5)
denovo161 C1231_EU074878 317 (546.0)
denovo161 C1b.1_HE578997 316 (546.5)
denovo161 C18_AY258478 317 (555.0)
denovo161 C1.10_HE578983 313 (550.0)
denovo161 C1_JN558041 317 (555.0)
denovo161 C1_HE578979 317 (555.0)
denovo161 C1_AM748551 317 (555.0)
denovo161 C1_AF333515 317 (555.0)
denovo161 C1054_AY186565 316 (549.5)
denovo161 C1008_DQ480613 317 (546.0)
denovo161 C1103_AF427470 318 (545.0)
denovo161 C1226_EU074881 318 (545.0)
denovo161 C1b/C1e_AY239363 316 (555.5)
denovo161 C1044_DQ068038 317 (540.0)
denovo161 C1017_DQ174729 317 (545.5)
denovo161 C1.6_FJ461493 317 (564.0)
denovo161 C1b.2_HE578998 316 (546.5)
denovo161 C1060_DQ480600 317 (546.0)
denovo161 C1227_EU074882 317 (546.0)
denovo161 C1197_EU099814 317 (546.0)
denovo161 C1130_DQ480643 313 (455.0)
denovo161 D109_AB097465 335 (426.5)
denovo161 D1.11_HE579040 338 (427.0)
denovo161 D105_AF174570 340 (423.0)
denovo161 D104_AF174572 336 (420.5)
denovo161 D1.3_JF683337 338 (418.0)
denovo161 D1.10_HE579039 338 (418.0)
denovo161 D110_AF174561 338 (418.0)
denovo161 D117_AF174542 338 (418.0)
denovo161 D114_AF174549 338 (427.0)
denovo161 D113_AF174557 338 (418.5)
denovo161 D112_AF174558 338 (427.0)
denovo161 D106_AF174559 338 (427.0)
denovo161 D111_AF174560 338 (418.0)
denovo161 D115_AF174562 339 (430.0)
denovo161 D107_AF174568 338 (428.0)
denovo161 D116_AF174571 338 (409.5)
denovo161 D124_EU074897 344 (427.5)
denovo161 D1.8_HE579037 338 (427.0)
denovo161 D3_AY686650 338 (427.0)
denovo161 D1.6_HQ630881 338 (418.0)
denovo161 D120_EU074900 338 (418.0)
denovo161 D121_EU074904 338 (418.5)
denovo161 D122_EU074905 338 (418.0)
denovo161 D1a.2_JF683339 346 (426.5)
denovo161 D1a.1_JF683338 344 (427.5)
denovo161 D2_AY686649 574 (483.0)
denovo161 D4_DQ865214 339 (426.5)
denovo161 D1a_AF499802 338 (427.0)
denovo161 D1a_JN558078 338 (427.0)
denovo161 D123_EU074895 343 (423.5)
denovo161 D108_AF174567 336 (429.5)
denovo161 D103_AF174575 338 (427.0)
denovo161 D100_AF411415 338 (427.0)
denovo161 D118_EF656435 340 (433.0)
denovo161 D101_AF411416 338 (412.0)
denovo161 D119_EU099832 345 (414.0)
denovo161 D102_AF174573 339 (424.5)
denovo161 D1_AF334660 338 (427.0)
denovo161 D1_JN558076 338 (427.0)
denovo161 D1.12_HE579041 323 (421.0)
denovo161 D1.1_AM748564 407 (437.5)
denovo161 D1.2_AM748617 405 (445.5)
denovo161 E111_EU074915 342 (434.0)
denovo161 E110_EU074914 348 (434.5)
denovo161 E114_EU074909 351 (425.5)
denovo161 E1_AF334659 349 (415.5)
denovo161 E105_EU074921 348 (425.5)
denovo161 E112_EU074916 348 (425.5)
denovo161 E104_EU074922 340 (436.0)
denovo161 E102_EU074924 348 (425.5)
denovo161 E103_EU074923 348 (434.5)
denovo161 E101_AY160123 353 (409.0)
denovo161 E109_EU074913 344 (467.0)
denovo161 E100_DQ011618 346 (461.5)
denovo161 E108_EU074912 350 (465.0)
denovo161 E113_EU074908 346 (475.0)
denovo161 E107_EU074910 350 (465.0)
denovo161 F1_JN558066 323 (572.5)
denovo161 F5.2d_AJ291530 327 (575.0)
denovo161 F104_AJ291531 327 (575.0)
denovo161 F5.2c_AM748596 326 (572.5)
denovo161 F5.2_AM748594 329 (572.0)
denovo161 F5.2a_AM748614 329 (572.0)
denovo161 F5.2b_AM748595 329 (572.0)
denovo161 F5.2e_AJ291533 324 (562.5)
denovo161 F5.2g_JN558072 317 (571.5)
denovo161 F5.2f_AJ291512 317 (571.5)
denovo161 F102_AJ291534 317 (580.5)
denovo161 F5.1c_AM748593 332 (582.5)
denovo161 F5.1d_JN558069 324 (574.5)
denovo161 F5.1b_AJ291535 324 (610.5)
denovo161 F5.1_AM748592 324 (601.5)
denovo161 F5.1a_AM748591 324 (610.5)
denovo161 F110_AJ291526 313 (623.5)
denovo161 F4.7_AM748587 308 (603.0)
denovo161 F4.5_AM748585 315 (602.5)
denovo161 F4.4a_AM748583 310 (626.0)
denovo161 F4.4_AM748582 307 (622.5)
denovo161 F4.4b_AM748584 308 (635.5)
denovo161 F4.1a_AM748573 310 (579.5)
denovo161 F112_AJ291528 310 (580.0)
denovo161 F4.1_AM748572 309 (568.0)
denovo161 F4.8b_AM748590 324 (601.5)
denovo161 F4.8_AM748588 315 (602.0)
denovo161 F4.8a_AM748589 315 (602.0)
denovo161 F109_AJ291527 321 (606.5)
denovo161 F4.6_AM748586 311 (574.5)
denovo161 F111_AJ311949 311 (615.0)
denovo161 F4.3c_AM748581 312 (609.5)
denovo161 F4.3a_AM748579 312 (618.5)
denovo161 F4.3b_AM748580 312 (618.5)
denovo161 F4.3_AM748578 312 (609.5)
denovo161 F4.2_AM748574 313 (615.5)
denovo161 F4.2a_AM748575 311 (604.0)
denovo161 F4.2c_AM748577 312 (604.0)
denovo161 F4.2b_AM748576 311 (613.0)
denovo161 F2b_AJ291521 323 (605.5)
denovo161 F2_AJ830908 320 (599.5)
denovo161 F2a_AJ830911 320 (598.5)
denovo161 F3.1a_AM748566 327 (558.0)
denovo161 F114_AJ291525 327 (585.0)
denovo161 F3.1_AM748565 327 (567.0)
denovo161 F3.2_AM748567 338 (587.5)
denovo161 F3.2a_AM748568 335 (589.5)
denovo161 F3.3_AM748569 323 (586.5)
denovo161 F3.4a_AM748571 332 (550.5)
denovo161 F3.4_AM748570 332 (550.5)
denovo161 F3.4b_AM748616 336 (553.5)
denovo161 G101_AJ291539 335 (416.0)
denovo161 G1_AM748597 335 (416.0)
denovo161 G2b_JN558087 343 (424.0)
denovo161 G2_AM748598 343 (415.0)
denovo161 G2a_AM748599 347 (409.5)
denovo161 G4_AM748601 350 (460.0)
denovo161 G3.4_LK392378 340 (429.0)
denovo161 G3_AM748600 343 (420.5)
denovo161 G3.2_KC597694 338 (401.0)
denovo161 G3.1_KC597688 346 (429.5)
denovo161 G100_AB253788 333 (427.0)
denovo161 G3.3_LK392377 336 (426.5)
denovo161 H6_AJ291520 632 (303.5)
denovo161 H3_AM748606 320 (498.5)
denovo161 H2_AM748605 318 (546.5)
denovo161 H4_AM748607 325 (526.5)
denovo161 H4a_AM748608 328 (532.0)
denovo161 H5a_AM748611 315 (532.5)
denovo161 H5b_AM748610 317 (528.0)
denovo161 H5_AJ621129 320 (529.5)
denovo161 H5_AM748609 320 (529.5)
denovo161 H100_AJ291513 322 (533.5)
denovo161 H1b_AM748604 322 (528.5)
denovo161 H1a_AM748612 322 (546.5)
denovo161 H1_AJ621152 322 (537.5)
denovo161 H1_AM748602 322 (537.5)
denovo161 I3_FN561561 329 (634.5)
denovo161 I4_FN561562 329 (634.5)
denovo161 I1_FN561559 326 (624.0)
denovo161 I2_FN561560 328 (640.5)

#---------------------------------------
#---------------------------------------
