denovo16 A136_DQ865210 323 (489.0)
denovo16 A133_DQ174725 337 (459.0)
denovo16 A115_AF180123 334 (456.5)
denovo16 A117_AF201746 332 (466.5)
denovo16 A134_DQ174723 337 (463.0)
denovo16 A114_AF184941 334 (462.5)
denovo16 A135_DQ174727 338 (466.0)
denovo16 A2_AF333506 339 (465.0)
denovo16 A101_AF427468 338 (457.0)
denovo16 A2_1_JN558097 338 (457.0)
denovo16 A2_2_JN558100 338 (457.0)
denovo16 A113_AF184948 327 (479.5)
denovo16 A112_AF184949 327 (452.5)
denovo16 A123_EF378618 338 (289.0)
denovo16 A137_EF378621 342 (292.5)
denovo16 A11_EU449041 334 (474.5)
denovo16 A121_DQ174722 342 (466.0)
denovo16 A15b_EU792886 338 (457.0)
denovo16 A15a_EU792885 338 (448.0)
denovo16 A15c_EU792887 335 (447.5)
denovo16 A15_EU792884 338 (448.0)
denovo16 A147_EU074937 342 (461.0)
denovo16 A154_EU074860 342 (461.0)
denovo16 A146_EU074936 345 (461.0)
denovo16 A150_EU074928 341 (465.5)
denovo16 A116_AF183575 341 (456.5)
denovo16 A141_EU074931 341 (465.5)
denovo16 A5_AF333508 332 (471.5)
denovo16 A3b_EU449043 342 (470.0)
denovo16 A151_EU074925 344 (457.5)
denovo16 A152_EU074927 338 (467.0)
denovo16 A149_EU074929 342 (461.0)
denovo16 A140_EU074930 342 (452.0)
denovo16 A142_EU074932 342 (452.0)
denovo16 A143_EU074933 342 (470.0)
denovo16 A144_EU074934 342 (452.0)
denovo16 A145_EU074935 339 (460.5)
denovo16 A148_EU074938 342 (452.0)
denovo16 A155_EU074856 342 (452.0)
denovo16 A156_EU074859 342 (452.0)
denovo16 A139_EU074962 342 (452.0)
denovo16 A6_AF186058 342 (461.0)
denovo16 A3_AF333507 342 (461.0)
denovo16 A3_JN558091 342 (461.0)
denovo16 A8_AY258468 342 (443.0)
denovo16 A7_AY239360 342 (460.5)
denovo16 A16_EU792888 342 (461.0)
denovo16 A4.3_FN429763 338 (454.0)
denovo16 A120_AF180122 339 (449.5)
denovo16 A4.2_FN429761 336 (445.0)
denovo16 A4_AF333509 336 (473.0)
denovo16 A4.1_FN429760 335 (468.0)
denovo16 A4a_AF499778 335 (469.5)
denovo16 A4a.1_FN429762 335 (469.5)
denovo16 A138_EF378620 342 (419.5)
denovo16 A122_EF378619 341 (456.5)
denovo16 A126_EF378615 340 (457.5)
denovo16 A10_EU792882 340 (457.5)
denovo16 A9_EU449028 344 (454.0)
denovo16 A105_AB207202 338 (470.5)
denovo16 A119_AF180121 330 (455.0)
denovo16 A12_EU792883 337 (459.5)
denovo16 A104_AB207203 328 (468.5)
denovo16 A1a_EU449030 339 (464.0)
denovo16 A1.3_HE578976 337 (467.0)
denovo16 A1.4_HE578977 339 (473.0)
denovo16 A13_AF333504 344 (461.0)
denovo16 A13_JN558094 344 (461.0)
denovo16 A110_AB190282 339 (455.0)
denovo16 A103_AB207206 341 (470.0)
denovo16 A130_EF656428 339 (464.0)
denovo16 A127_EF656429 339 (473.0)
denovo16 A128_EF656430 339 (455.0)
denovo16 A129_EF656431 340 (466.5)
denovo16 A131_EF656432 339 (473.0)
denovo16 A118_AF180120 330 (458.0)
denovo16 A1_AF333505 339 (464.0)
denovo16 A107_AB207199 337 (475.5)
denovo16 A111_AB190280 336 (472.5)
denovo16 A108_AB207197 337 (451.5)
denovo16 A106_AB207200 338 (470.0)
denovo16 A102_AB207209 338 (470.5)
denovo16 A1.2_AB207210 338 (470.5)
denovo16 A109_AB190285 338 (470.0)
denovo16 B4_AF333510 319 (1049.5)
denovo16 B23_EU449079 304 (1174.5)
denovo16 B30_GU907644 304 (1156.5)
denovo16 B11_AY239361 309 (1244.5)
denovo16 B17_AY258470 307 (1236.5)
denovo16 B1k_GU907638 293 (686.5)
denovo16 B1.V_Green2014 314 (1194.0)
denovo16 B1b_AF499780 306 (1192.5)
denovo16 B16_AY258469 307 (1245.5)
denovo16 B31a_GU907646 308 (1249.0)
denovo16 B32_GU907647 308 (1249.0)
denovo16 B31_GU907645 308 (1258.0)
denovo16 B1j_GU907637 307 (1245.5)
denovo16 B37_GU907650 309 (1244.0)
denovo16 B5a_AF499782 307 (1254.5)
denovo16 B5_AF499781 307 (1263.5)
denovo16 B24_GU907643 307 (1085.5)
denovo16 B117_AF180124 305 (1140.0)
denovo16 B10_AF499787 307 (1245.5)
denovo16 B20_GU907642 309 (1229.0)
denovo16 B1m_GU907640 307 (1254.5)
denovo16 B34_GU907649 307 (1254.5)
denovo16 B1d_GU907633 307 (1254.5)
denovo16 B1e_GU907634 307 (1254.5)
denovo16 B1i_GU907636 307 (1254.5)
denovo16 B1g_GU907635 308 (1235.5)
denovo16 B123_EU074872 307 (1245.5)
denovo16 B8_AF499785 308 (1244.5)
denovo16 B1l_GU907639 307 (1254.5)
denovo16 B1a_AF499779 307 (1254.5)
denovo16 B14_AY239362 308 (1244.5)
denovo16 B125_EU074865 307 (1254.5)
denovo16 B122_EU074871 307 (1254.5)
denovo16 B124_EU074874 307 (1254.5)
denovo16 B1.VII_Green2014 307 (1184.5)
denovo16 B1.III_Green2014 307 (1182.5)
denovo16 B1.I_Green2014 307 (1263.5)
denovo16 B1.II_Green2014 307 (1263.5)
denovo16 B1_JN558057 307 (1263.5)
denovo16 B1_AF333511 307 (1263.5)
denovo16 B1.IV_Green2014 317 (1249.0)
denovo16 B121_EU074870 307 (1254.5)
denovo16 B7_AF499784 307 (1254.5)
denovo16 B1.VI_Green2014 308 (1194.5)
denovo16 B3_AF333514 303 (1202.5)
denovo16 B9_AF499786 303 (1202.5)
denovo16 B19a_JN558055 306 (1103.5)
denovo16 B119_EU099825 302 (1179.0)
denovo16 B21_DQ865213 303 (1180.0)
denovo16 B38_GU907651 303 (1180.0)
denovo16 B18_AY258471 303 (1220.5)
denovo16 B18a_AY258472 303 (1221.0)
denovo16 B33_GU907648 303 (1221.0)
denovo16 B6_AF499783 308 (1217.0)
denovo16 B19_DQ865212 303 (1229.5)
denovo16 B19_GU907641 303 (1229.5)
denovo16 B2_AF333512 303 (1229.5)
denovo16 B2_JN558060 303 (1229.5)
denovo16 C33.1_AY258498 341 (617.5)
denovo16 C33.2_AY765400 341 (617.5)
denovo16 C33a_EF541147 341 (617.5)
denovo16 C34_AY258499 334 (597.5)
denovo16 C78_AY765413 330 (621.0)
denovo16 C15.29_KC597690 324 (574.0)
denovo16 C1131_DQ182650 323 (553.0)
denovo16 C1135_DQ182646 318 (548.0)
denovo16 C1134_DQ182647 318 (539.0)
denovo16 C1142_DQ182635 318 (548.0)
denovo16 C1136_DQ182644 320 (542.5)
denovo16 C1111_DQ182645 316 (540.0)
denovo16 C1236_EF473656 320 (535.5)
denovo16 C1138_DQ182642 314 (543.5)
denovo16 C1137_DQ182643 316 (531.0)
denovo16 C1133_DQ182648 316 (549.0)
denovo16 C1132_DQ182649 320 (533.5)
denovo16 C1143_DQ182634 316 (540.0)
denovo16 C1139_DQ182639 318 (557.0)
denovo16 C15.28_KC597687 320 (609.0)
denovo16 C1141_DQ182636 318 (557.0)
denovo16 C1144_DQ182637 320 (563.0)
denovo16 C1122_DQ182654 318 (575.0)
denovo16 C1127_DQ182652 318 (575.0)
denovo16 C15.30_JX394114 322 (596.5)
denovo16 C15.26_KC597686 320 (599.0)
denovo16 C1086_DQ182656 320 (599.0)
denovo16 C15.25_KC597685 320 (608.0)
denovo16 C1118_AF180127 325 (556.5)
denovo16 C1129_DQ182651 320 (544.0)
denovo16 C15.21_KC597683 337 (606.5)
denovo16 C56_AY589760 317 (590.5)
denovo16 C1140_DQ182638 322 (559.0)
denovo16 C1126_DQ182653 322 (550.0)
denovo16 C15c_AY258492 317 (609.0)
denovo16 C15d_AY258493 316 (615.5)
denovo16 C1098_DQ182641 331 (603.0)
denovo16 C15.27_KC597689 320 (598.0)
denovo16 C15.18_HE579024 319 (614.5)
denovo16 C15.16_HE579022 325 (622.5)
denovo16 C1101_AB253787 320 (590.0)
denovo16 C1083_AY237300 320 (599.0)
denovo16 C1088_DQ182640 318 (602.0)
denovo16 C15.6_FN563472 321 (611.0)
denovo16 C15.5_FJ461512 325 (605.0)
denovo16 C15.4_FJ461511 325 (605.0)
denovo16 C15.13_HE579019 320 (590.0)
denovo16 C15.12_HE579018 320 (599.0)
denovo16 C93a_AM748563 318 (620.5)
denovo16 C1094_AJ291514 318 (602.5)
denovo16 C93_AM748562 318 (611.5)
denovo16 C15.17_HE579023 319 (608.5)
denovo16 C15e_AY589742 317 (594.0)
denovo16 C15.22_KC597695 320 (617.0)
denovo16 C60_AY589764 320 (599.0)
denovo16 C15.1_FJ461508 321 (610.5)
denovo16 C15.2_FJ461509 320 (599.0)
denovo16 C15.9_FN563475 320 (617.0)
denovo16 C15.7_HE579015 320 (608.0)
denovo16 C15.8_HE579016 320 (599.0)
denovo16 C15.15_HE579021 320 (599.0)
denovo16 C15.19_HE579025 320 (608.0)
denovo16 C15.24_KC597696 336 (612.5)
denovo16 C15.3_FJ461510 324 (593.0)
denovo16 C1087_DQ182655 320 (608.0)
denovo16 C15.14_HE579020 321 (616.5)
denovo16 C15.23_KC597697 321 (616.5)
denovo16 C19_AY258479 319 (617.5)
denovo16 C1233_EU118166 320 (617.0)
denovo16 C15b_AY258491 320 (599.0)
denovo16 C15a_AY258476 324 (602.0)
denovo16 C1051_AF195153 320 (617.0)
denovo16 C2_AF333518 320 (622.5)
denovo16 C15.20_HE579026 321 (607.5)
denovo16 C15f_AY589743 322 (601.0)
denovo16 C55_AY589759 324 (606.0)
denovo16 C15_AY239369 320 (608.0)
denovo16 C32.1_JF683335 327 (581.5)
denovo16 C32.2_JF683336 327 (581.5)
denovo16 C21.23_KC597693 327 (581.5)
denovo16 C1193_EU099827 328 (609.5)
denovo16 C1195_EU099821 331 (586.0)
denovo16 C3q_GU907655 329 (600.5)
denovo16 C53_AY589758 330 (565.5)
denovo16 C73_AY765408 332 (607.5)
denovo16 C17.2.1_KC597684 324 (580.0)
denovo16 C32_AY258497 328 (592.5)
denovo16 C1189_EU099831 321 (590.5)
denovo16 C1191_EU099833 320 (597.0)
denovo16 C1196_EU099819 325 (577.0)
denovo16 C1192_EU099820 323 (579.0)
denovo16 C17.1_JF683322 321 (590.5)
denovo16 C26_b2_FN827164 326 (592.5)
denovo16 C26_b3_FN827165 322 (590.0)
denovo16 C31.9_HQ630879 324 (580.0)
denovo16 C31a_AY589746 325 (597.5)
denovo16 C30_AY589745 325 (579.5)
denovo16 C31.1_HQ630876 329 (581.0)
denovo16 C31.5_HQ630877 325 (588.5)
denovo16 C31.6_HQ630878 325 (588.5)
denovo16 C31.2_JF683332 325 (588.5)
denovo16 C31.3_JF683333 325 (579.5)
denovo16 C26/C35a_AY239378 322 (599.0)
denovo16 C35a_AY258501 322 (599.0)
denovo16 C35.2_AY258500 322 (590.0)
denovo16 C26_b1_FN827163 322 (590.0)
denovo16 C17_AY239370 321 (590.5)
denovo16 C17.2_FJ461513 323 (589.5)
denovo16 C31.10_HQ630880 324 (589.0)
denovo16 C31.4_JF683334 329 (577.0)
denovo16 C31_AY258496 325 (588.5)
denovo16 C25_AY239377 327 (604.0)
denovo16 C61_AY589765 322 (571.5)
denovo16 C1043_DQ072721 324 (561.0)
denovo16 C79_AY765414 324 (574.5)
denovo16 C69_AY589773 310 (579.0)
denovo16 C69a_AY686648 310 (588.0)
denovo16 C21.22_KC597692 319 (575.5)
denovo16 C51_AY589756 324 (584.5)
denovo16 C1aa_HM185739 334 (578.0)
denovo16 C1096_DQ068023 325 (575.0)
denovo16 C74_AY765409 327 (606.0)
denovo16 C1185_AB294629 331 (609.5)
denovo16 C1184_AB294630 329 (603.0)
denovo16 C1153_AB294625 329 (612.0)
denovo16 C1154_AB294626 328 (618.5)
denovo16 C1187_AB294627 329 (603.0)
denovo16 C1186_AB294628 329 (603.0)
denovo16 C57_AY589761 329 (612.0)
denovo16 C66_AY589771 329 (612.0)
denovo16 C5_AF499795 324 (602.0)
denovo16 C1167_AB294586 320 (617.0)
denovo16 C1164_AB294593 320 (599.0)
denovo16 C1183_AB294631 324 (611.0)
denovo16 C1067_DQ335381 324 (584.0)
denovo16 C1159_AB294613 325 (610.5)
denovo16 C1150_AB294622 325 (619.5)
denovo16 C90_AM748554 325 (616.0)
denovo16 C1168_AB294583 324 (602.0)
denovo16 C1156_AB294616 324 (611.0)
denovo16 C1151_AB294621 324 (620.0)
denovo16 C92a_AM748561 321 (612.0)
denovo16 C92_AM748560 324 (611.0)
denovo16 C1165_AB294581 317 (608.5)
denovo16 C1166_AB294584 320 (626.0)
denovo16 C1162_AB294594 320 (608.0)
denovo16 C1163_AB294596 320 (618.0)
denovo16 C1161_AB294606 320 (617.0)
denovo16 C1160_AB294608 324 (609.5)
denovo16 C1158_AB294614 323 (617.0)
denovo16 C1155_AB294617 320 (608.0)
denovo16 C1149_AB294620 320 (617.0)
denovo16 C1173_AB294662 320 (626.0)
denovo16 C1171_AB294663 320 (608.0)
denovo16 C1172_AB294665 320 (608.0)
denovo16 C91a_AM748556 324 (620.0)
denovo16 C91b_AM748557 320 (617.0)
denovo16 C91d_AM748559 319 (614.5)
denovo16 C91c_AM748558 319 (614.5)
denovo16 C91_AJ621543 320 (617.0)
denovo16 C91_AM748555 320 (617.0)
denovo16 C1023_DQ335330 308 (569.5)
denovo16 C1020_DQ335392 340 (587.5)
denovo16 C1018_DQ335408 321 (593.0)
denovo16 C1074_DQ335329 324 (584.0)
denovo16 C1030_DQ335353 324 (584.0)
denovo16 C1022_DQ335331 343 (587.5)
denovo16 C1027_DQ335360 324 (602.0)
denovo16 C1072_DQ335344 324 (584.0)
denovo16 C1039_AB190274 323 (599.5)
denovo16 C1033_DQ335350 329 (581.0)
denovo16 C1019_DQ335407 324 (593.0)
denovo16 C1194_EU099826 322 (600.5)
denovo16 C8b_AY258475 321 (577.5)
denovo16 C8_AY239367 322 (586.0)
denovo16 C8a_AY239368 324 (582.0)
denovo16 C54a_AY765406 324 (611.0)
denovo16 C3ff_HM185740 332 (608.0)
denovo16 C59_AY589763 337 (589.0)
denovo16 C3k_AY589737 333 (603.0)
denovo16 C3.24_HE579012 330 (612.5)
denovo16 C3.23_HE579011 331 (606.0)
denovo16 C35.1_AY765401 331 (604.0)
denovo16 C35.3_EF541145 324 (602.0)
denovo16 C76_AY765411 327 (599.5)
denovo16 C1107_DQ335359 335 (574.0)
denovo16 C3.22_HE579010 327 (567.0)
denovo16 C77_AY765412 325 (592.5)
denovo16 C20_AY239371 327 (592.0)
denovo16 C1055_DQ480640 322 (583.0)
denovo16 C27/C30_AY239379 322 (581.0)
denovo16 C27.1_FJ461517 322 (572.0)
denovo16 C40a_AY589747 326 (597.0)
denovo16 C40_AY258485 326 (597.0)
denovo16 C40b_AY589748 336 (587.5)
denovo16 C16_AY258477 327 (592.5)
denovo16 C16a_AY765399 327 (592.5)
denovo16 C1091_AB207186 323 (600.5)
denovo16 C1102_DQ335400 324 (576.0)
denovo16 C1069_DQ335375 321 (594.0)
denovo16 C1073_DQ335332 324 (593.0)
denovo16 C1066_DQ335382 323 (590.0)
denovo16 C1031_DQ335352 329 (599.5)
denovo16 C1026_DQ335366 329 (598.5)
denovo16 C70_AY589774 324 (603.0)
denovo16 C1082_AB190267 324 (585.0)
denovo16 C1078_AB190271 322 (596.5)
denovo16 C1090_AB207191 321 (593.5)
denovo16 C1071_DQ335302 320 (591.5)
denovo16 C1075_DQ335328 324 (594.0)
denovo16 C1068_DQ335379 324 (585.0)
denovo16 C1064_DQ335395 324 (585.0)
denovo16 C1063_DQ335403 321 (594.5)
denovo16 C62_AY589766 324 (594.0)
denovo16 C1077_DQ335316 321 (599.5)
denovo16 C1109_DQ335338 324 (585.0)
denovo16 C1110_DQ335340 324 (576.0)
denovo16 C1106_DQ335339 323 (582.5)
denovo16 C1112_DQ335319 323 (591.5)
denovo16 C1108_DQ335351 323 (582.5)
denovo16 C1105_DQ335394 323 (591.5)
denovo16 C1121_DQ335378 330 (584.5)
denovo16 C1116_AB190268 331 (587.0)
denovo16 C1115_AB190273 330 (593.5)
denovo16 C1124_DQ335323 323 (591.5)
denovo16 C1120_DQ335398 323 (573.5)
denovo16 C1119_DQ335404 323 (582.5)
denovo16 C1123_DQ335363 323 (582.5)
denovo16 C1004_DQ480635 323 (590.0)
denovo16 C1061_AY186568 323 (581.0)
denovo16 C1053_AY186569 323 (590.0)
denovo16 C1003_DQ480639 323 (590.0)
denovo16 C81_GU907657 326 (581.5)
denovo16 C22_AY239373 321 (593.0)
denovo16 C22a_AY239374 321 (593.0)
denovo16 C1232_EU118163 338 (599.0)
denovo16 C21.13_FJ461515 334 (576.5)
denovo16 C21.1_JF683323 319 (584.5)
denovo16 C21.3_JF683325 321 (590.5)
denovo16 C1.20_HE578993 323 (590.5)
denovo16 C1.22_HE578995 323 (581.5)
denovo16 C52_AY589757 320 (603.5)
denovo16 C1201_EU099793 324 (563.5)
denovo16 C14_AY589741 325 (609.0)
denovo16 C43_AY589749 326 (608.5)
denovo16 C50_AY589755 324 (593.0)
denovo16 C3.14_HQ630872 324 (593.0)
denovo16 C1m_AY765398 323 (609.5)
denovo16 C82_GU907658 345 (593.0)
denovo16 C82b_GU907660 345 (593.0)
denovo16 C64_AY589768 335 (609.0)
denovo16 C45a_AY765404 326 (598.5)
denovo16 C48_AY589753 323 (620.0)
denovo16 C1_v1b_FJ919244 321 (584.0)
denovo16 C1_v1a_FJ919243 323 (590.5)
denovo16 C3j_AY239366 325 (596.0)
denovo16 C3t_EF541149 324 (602.0)
denovo16 C9_AF499798 326 (599.5)
denovo16 C23_AY239375 323 (600.0)
denovo16 C37_AY258481 328 (587.0)
denovo16 C1048_DQ068026 326 (589.5)
denovo16 C21.4_JF683326 318 (590.5)
denovo16 C21.5_JF683327 321 (590.5)
denovo16 C1070_DQ335349 324 (602.0)
denovo16 C21.6_HQ630873 321 (608.5)
denovo16 C1224_EU074890 323 (608.5)
denovo16 C1.17_HE578990 323 (608.5)
denovo16 C21_b1_FN827162 334 (586.0)
denovo16 C21.9_JF683330 334 (595.0)
denovo16 C1085_AY624605 335 (591.0)
denovo16 C3p_GU907654 324 (578.0)
denovo16 C3f_AY589734 324 (602.0)
denovo16 C65a_AY589770 322 (614.0)
denovo16 C65_AY589769 322 (605.0)
denovo16 C71_AY589775 322 (596.0)
denovo16 C71a_AY589776 322 (605.0)
denovo16 C1178_AB294647 327 (588.0)
denovo16 C1225_EU074893 320 (608.5)
denovo16 C75_AY765410 329 (598.5)
denovo16 C21.10_JF683331 324 (599.5)
denovo16 C21.11_HQ630874 328 (593.5)
denovo16 C1065_DQ335388 324 (602.0)
denovo16 C1045_DQ068036 324 (611.0)
denovo16 C1h_AY258473 334 (606.5)
denovo16 C38_AY258482 335 (600.0)
denovo16 C1202_EU099799 335 (600.0)
denovo16 C7_AF499797 335 (609.0)
denovo16 C12_AF499801 337 (598.5)
denovo16 C38a_AY258483 336 (617.0)
denovo16 C1200_EU099800 325 (614.0)
denovo16 C44a_AY589751 324 (601.0)
denovo16 C47_AY589752 326 (607.5)
denovo16 C44_AY589750 326 (598.5)
denovo16 C1.15_HE578988 339 (603.5)
denovo16 C45.3_FJ461522 342 (602.5)
denovo16 C46a_AY765405 326 (607.5)
denovo16 C46_EU449108 326 (598.5)
denovo16 C3.12_FJ461507 327 (601.0)
denovo16 C1k_AY589733 326 (589.5)
denovo16 C67_AY686647 326 (598.5)
denovo16 C82a_GU907659 337 (596.5)
denovo16 C10a_AY589739 326 (598.5)
denovo16 C10_AF499799 326 (589.5)
denovo16 C13_AY589740 328 (592.5)
denovo16 C4_AF499794 326 (589.5)
denovo16 C1147_EF656433 326 (589.5)
denovo16 C1c/C45_AY239364 326 (598.5)
denovo16 C1c/C45_EU449103 326 (598.5)
denovo16 C21.19_HE579031 321 (599.5)
denovo16 C21.21_HE579033 321 (590.5)
denovo16 C21.20_HE579032 321 (599.5)
denovo16 C42b_AY765403 326 (599.0)
denovo16 C42_AY258487 326 (608.0)
denovo16 C1p_GU907652 323 (608.5)
denovo16 C1d_AY258488 326 (598.5)
denovo16 C42_AY765402 326 (607.5)
denovo16 C3ha_AY589736 321 (590.5)
denovo16 C63a_AY589767 323 (607.5)
denovo16 C21a_AY589744 321 (599.5)
denovo16 C3o_GU907653 334 (604.0)
denovo16 C21.16_HQ630875 319 (593.5)
denovo16 C21.2_JF683324 321 (590.5)
denovo16 C21.7_JF683328 320 (597.0)
denovo16 C21.8_JF683329 319 (602.5)
denovo16 C3h_AY239365 321 (590.5)
denovo16 C1203_EU099798 321 (590.5)
denovo16 C3.10_FJ461505 321 (603.0)
denovo16 C21.14_FJ461516 318 (600.5)
denovo16 C21.18_HE579030 327 (587.5)
denovo16 C3.17_HE579005 324 (593.0)
denovo16 C3.9_FJ461504 325 (592.5)
denovo16 C3.8_FJ461503 325 (604.5)
denovo16 C3.7_FJ461502 324 (593.0)
denovo16 C3.11_FJ461506 331 (604.5)
denovo16 C3.18_HE579006 324 (593.0)
denovo16 C3.19_HE579007 324 (593.0)
denovo16 C3.20_HE579008 324 (593.0)
denovo16 C3g_AY589735 327 (585.0)
denovo16 C3a_AF499790 322 (605.0)
denovo16 C3e_AF499793 324 (593.0)
denovo16 C6_AF499796 339 (601.0)
denovo16 C11_AF499800 324 (593.0)
denovo16 C36_AY258480 321 (603.0)
denovo16 C29_AY258494 324 (611.0)
denovo16 C1146_EF656434 326 (598.5)
denovo16 C1190_EU099841 324 (611.0)
denovo16 C131_JF320826 324 (593.0)
denovo16 C28_AY239380 328 (606.5)
denovo16 C1012_DQ480604 335 (600.0)
denovo16 C1181_AB294640 328 (581.5)
denovo16 C1180_AB294641 328 (599.5)
denovo16 C1179_AB294645 327 (597.0)
denovo16 C1176_AB294651 325 (591.0)
denovo16 C1175_AB294653 328 (581.5)
denovo16 C1174_AB294655 330 (587.0)
denovo16 C1177_AB294659 328 (590.5)
denovo16 C1040_AB190269 335 (600.0)
denovo16 C1182_AB294649 324 (593.0)
denovo16 C1089_AJ278598 324 (593.0)
denovo16 C1028_DQ335357 331 (604.0)
denovo16 C3.16_EU786015 324 (611.0)
denovo16 C1097_AJ311943 321 (598.0)
denovo16 C1170_AB294661 332 (593.5)
denovo16 C21.17_HE579029 323 (599.0)
denovo16 C21/3d/C3k_AY239372 321 (599.5)
denovo16 C58_AY589762 322 (599.0)
denovo16 C3L_AY589738 326 (604.5)
denovo16 C1169_AB294660 328 (590.5)
denovo16 C3.2_FJ461497 323 (612.0)
denovo16 C3.1_JF683321 323 (602.5)
denovo16 C1104_AF427469 325 (592.0)
denovo16 C3b_AF499791 324 (605.0)
denovo16 C83_GU907661 324 (604.5)
denovo16 C49_AY589754 356 (608.5)
denovo16 C3_AB778606 324 (602.0)
denovo16 C3_AF499789 324 (602.0)
denovo16 C3_HE579001 324 (602.0)
denovo16 C21.12_FJ461514 321 (581.5)
denovo16 C1229_EU074888 317 (594.5)
denovo16 C1230_EU074889 317 (603.5)
denovo16 C1114_AB207196 324 (584.0)
denovo16 C3.21_HE579009 324 (524.0)
denovo16 C1057_DQ480619 324 (593.0)
denovo16 C72_AY765407 330 (603.0)
denovo16 C1b.3_HE578999 322 (600.5)
denovo16 C93_AJ621536 324 (593.0)
denovo16 C94_AJ621539 323 (590.5)
denovo16 C1g_AY589730 323 (608.5)
denovo16 C1i_AY589731 330 (603.5)
denovo16 C1j_AY589732 330 (601.5)
denovo16 C1005_DQ480633 323 (608.5)
denovo16 C1.7_FJ461494 323 (590.5)
denovo16 C1.11_HE578984 334 (597.5)
denovo16 C1.12_HE578985 323 (599.5)
denovo16 C1.13_HE578986 323 (599.5)
denovo16 C1.14_HE578987 323 (599.5)
denovo16 C1.18_HE578991 323 (590.5)
denovo16 C1.19_HE578992 323 (590.5)
denovo16 C1199_EU099802 323 (584.0)
denovo16 C1188_EU099838 323 (599.0)
denovo16 C1002_DQ838544 324 (602.0)
denovo16 C1198_EU099810 323 (590.5)
denovo16 C24_AY239376 323 (590.5)
denovo16 C1f_AY258490 323 (599.5)
denovo16 C1006_DQ480629 323 (608.5)
denovo16 C1010_DQ480607 323 (590.5)
denovo16 C1007_DQ480624 323 (590.5)
denovo16 C1011_DQ480605 323 (590.5)
denovo16 C1009_DQ480608 327 (592.5)
denovo16 C1041_AY186548 323 (599.5)
denovo16 C1052_AY186570 323 (590.5)
denovo16 C1148_EU040178 323 (599.5)
denovo16 C1234_EU118165 324 (589.5)
denovo16 C1.5_EF634157 319 (605.5)
denovo16 C1059_DQ480609 323 (590.5)
denovo16 C1228_EU074883 323 (590.5)
denovo16 C1208_EU074963 323 (590.5)
denovo16 C1207_EU074964 323 (599.5)
denovo16 C1206_EU074965 323 (590.5)
denovo16 C1013_DQ480642 323 (590.5)
denovo16 C80_GU907656 326 (609.5)
denovo16 C1a_AF499788 319 (605.5)
denovo16 C41_AY258486 323 (599.5)
denovo16 C39_AY258484 309 (606.5)
denovo16 C1231_EU074878 323 (590.5)
denovo16 C1b.1_HE578997 322 (600.5)
denovo16 C18_AY258478 323 (599.5)
denovo16 C1.10_HE578983 322 (594.0)
denovo16 C1_JN558041 323 (599.5)
denovo16 C1_HE578979 323 (599.5)
denovo16 C1_AM748551 323 (599.5)
denovo16 C1_AF333515 323 (599.5)
denovo16 C1054_AY186565 322 (603.0)
denovo16 C1008_DQ480613 323 (590.5)
denovo16 C1103_AF427470 324 (589.5)
denovo16 C1226_EU074881 328 (595.0)
denovo16 C1b/C1e_AY239363 322 (609.5)
denovo16 C1044_DQ068038 323 (584.5)
denovo16 C1017_DQ174729 323 (599.5)
denovo16 C1.6_FJ461493 323 (608.5)
denovo16 C1b.2_HE578998 322 (600.5)
denovo16 C1060_DQ480600 323 (590.5)
denovo16 C1227_EU074882 323 (590.5)
denovo16 C1197_EU099814 323 (590.5)
denovo16 C1130_DQ480643 323 (502.0)
denovo16 D109_AB097465 349 (466.5)
denovo16 D1.11_HE579040 351 (466.0)
denovo16 D105_AF174570 351 (468.0)
denovo16 D104_AF174572 349 (460.5)
denovo16 D1.3_JF683337 351 (457.5)
denovo16 D1.10_HE579039 349 (459.5)
denovo16 D110_AF174561 349 (459.5)
denovo16 D117_AF174542 351 (457.0)
denovo16 D114_AF174549 351 (466.0)
denovo16 D113_AF174557 349 (460.5)
denovo16 D112_AF174558 349 (468.5)
denovo16 D106_AF174559 358 (468.5)
denovo16 D111_AF174560 351 (465.5)
denovo16 D115_AF174562 351 (457.0)
denovo16 D107_AF174568 349 (470.5)
denovo16 D116_AF174571 356 (453.5)
denovo16 D124_EU074897 347 (473.0)
denovo16 D1.8_HE579037 351 (466.0)
denovo16 D3_AY686650 351 (466.0)
denovo16 D1.6_HQ630881 351 (459.5)
denovo16 D120_EU074900 349 (460.5)
denovo16 D121_EU074904 356 (462.5)
denovo16 D122_EU074905 358 (459.5)
denovo16 D1a.2_JF683339 353 (465.0)
denovo16 D1a.1_JF683338 347 (473.0)
denovo16 D2_AY686649 586 (537.0)
denovo16 D4_DQ865214 350 (468.0)
denovo16 D1a_AF499802 349 (469.5)
denovo16 D1a_JN558078 349 (469.5)
denovo16 D123_EU074895 351 (466.0)
denovo16 D108_AF174567 344 (472.0)
denovo16 D103_AF174575 353 (463.5)
denovo16 D100_AF411415 351 (466.0)
denovo16 D118_EF656435 344 (481.5)
denovo16 D101_AF411416 351 (451.0)
denovo16 D119_EU099832 351 (460.5)
denovo16 D102_AF174573 350 (466.5)
denovo16 D1_AF334660 351 (466.0)
denovo16 D1_JN558076 351 (466.0)
denovo16 D1.12_HE579041 331 (461.5)
denovo16 D1.1_AM748564 415 (462.5)
denovo16 D1.2_AM748617 430 (479.5)
denovo16 E111_EU074915 354 (457.5)
denovo16 E110_EU074914 341 (438.5)
denovo16 E114_EU074909 341 (420.5)
denovo16 E1_AF334659 344 (423.5)
denovo16 E105_EU074921 343 (433.5)
denovo16 E112_EU074916 343 (433.5)
denovo16 E104_EU074922 345 (421.5)
denovo16 E102_EU074924 343 (415.5)
denovo16 E103_EU074923 343 (424.5)
denovo16 E101_AY160123 349 (402.0)
denovo16 E109_EU074913 350 (454.5)
denovo16 E100_DQ011618 352 (460.5)
denovo16 E108_EU074912 355 (459.5)
denovo16 E113_EU074908 351 (469.5)
denovo16 E107_EU074910 355 (459.5)
denovo16 F1_JN558066 349 (604.0)
denovo16 F5.2d_AJ291530 333 (611.0)
denovo16 F104_AJ291531 333 (611.0)
denovo16 F5.2c_AM748596 346 (604.5)
denovo16 F5.2_AM748594 356 (600.5)
denovo16 F5.2a_AM748614 356 (600.5)
denovo16 F5.2b_AM748595 333 (602.0)
denovo16 F5.2e_AJ291533 334 (597.0)
denovo16 F5.2g_JN558072 333 (611.0)
denovo16 F5.2f_AJ291512 333 (611.0)
denovo16 F102_AJ291534 354 (612.5)
denovo16 F5.1c_AM748593 328 (633.5)
denovo16 F5.1d_JN558069 337 (622.5)
denovo16 F5.1b_AJ291535 328 (632.5)
denovo16 F5.1_AM748592 330 (629.0)
denovo16 F5.1a_AM748591 328 (632.5)
denovo16 F110_AJ291526 322 (678.0)
denovo16 F4.7_AM748587 319 (664.0)
denovo16 F4.5_AM748585 318 (666.5)
denovo16 F4.4a_AM748583 315 (694.5)
denovo16 F4.4_AM748582 321 (690.5)
denovo16 F4.4b_AM748584 313 (713.0)
denovo16 F4.1a_AM748573 321 (657.0)
denovo16 F112_AJ291528 320 (655.0)
denovo16 F4.1_AM748572 320 (655.0)
denovo16 F4.8b_AM748590 326 (671.0)
denovo16 F4.8_AM748588 322 (677.5)
denovo16 F4.8a_AM748589 325 (677.5)
denovo16 F109_AJ291527 318 (688.0)
denovo16 F4.6_AM748586 327 (659.0)
denovo16 F111_AJ311949 310 (676.0)
denovo16 F4.3c_AM748581 311 (679.0)
denovo16 F4.3a_AM748579 315 (672.5)
denovo16 F4.3b_AM748580 311 (688.0)
denovo16 F4.3_AM748578 311 (679.0)
denovo16 F4.2_AM748574 320 (691.0)
denovo16 F4.2a_AM748575 328 (664.5)
denovo16 F4.2c_AM748577 327 (668.0)
denovo16 F4.2b_AM748576 328 (673.5)
denovo16 F2b_AJ291521 326 (652.0)
denovo16 F2_AJ830908 322 (677.0)
denovo16 F2a_AJ830911 322 (672.5)
denovo16 F3.1a_AM748566 345 (620.5)
denovo16 F114_AJ291525 349 (614.5)
denovo16 F3.1_AM748565 349 (614.5)
denovo16 F3.2_AM748567 347 (644.5)
denovo16 F3.2a_AM748568 338 (644.5)
denovo16 F3.3_AM748569 334 (665.5)
denovo16 F3.4a_AM748571 352 (609.5)
denovo16 F3.4_AM748570 345 (609.0)
denovo16 F3.4b_AM748616 361 (609.5)
denovo16 G101_AJ291539 352 (483.0)
denovo16 G1_AM748597 352 (483.0)
denovo16 G2b_JN558087 359 (478.5)
denovo16 G2_AM748598 356 (469.0)
denovo16 G2a_AM748599 358 (475.0)
denovo16 G4_AM748601 352 (520.0)
denovo16 G3.4_LK392378 351 (483.0)
denovo16 G3_AM748600 355 (485.5)
denovo16 G3.2_KC597694 353 (431.0)
denovo16 G3.1_KC597688 353 (487.5)
denovo16 G100_AB253788 352 (475.0)
denovo16 G3.3_LK392377 356 (478.5)
denovo16 H6_AJ291520 628 (308.0)
denovo16 H3_AM748606 321 (529.5)
denovo16 H2_AM748605 338 (506.0)
denovo16 H4_AM748607 334 (497.5)
denovo16 H4a_AM748608 344 (496.0)
denovo16 H5a_AM748611 339 (503.0)
denovo16 H5b_AM748610 342 (501.5)
denovo16 H5_AJ621129 339 (503.0)
denovo16 H5_AM748609 339 (503.0)
denovo16 H100_AJ291513 353 (497.5)
denovo16 H1b_AM748604 350 (502.0)
denovo16 H1a_AM748612 350 (502.0)
denovo16 H1_AJ621152 350 (502.0)
denovo16 H1_AM748602 350 (502.0)
denovo16 I3_FN561561 340 (679.0)
denovo16 I4_FN561562 335 (682.0)
denovo16 I1_FN561559 326 (681.5)
denovo16 I2_FN561560 329 (680.5)

#---------------------------------------
#---------------------------------------
