denovo182 A136_DQ865210 328 (535.5)
denovo182 A133_DQ174725 356 (491.5)
denovo182 A115_AF180123 341 (496.0)
denovo182 A117_AF201746 341 (511.0)
denovo182 A134_DQ174723 348 (515.0)
denovo182 A114_AF184941 348 (515.0)
denovo182 A135_DQ174727 355 (517.5)
denovo182 A2_AF333506 350 (516.5)
denovo182 A101_AF427468 355 (508.5)
denovo182 A2_1_JN558097 355 (508.5)
denovo182 A2_2_JN558100 355 (508.5)
denovo182 A113_AF184948 335 (532.5)
denovo182 A112_AF184949 335 (505.5)
denovo182 A123_EF378618 350 (326.5)
denovo182 A137_EF378621 340 (340.0)
denovo182 A11_EU449041 347 (532.5)
denovo182 A121_DQ174722 341 (518.0)
denovo182 A15b_EU792886 347 (485.0)
denovo182 A15a_EU792885 346 (499.5)
denovo182 A15c_EU792887 347 (494.0)
denovo182 A15_EU792884 347 (494.0)
denovo182 A147_EU074937 345 (506.5)
denovo182 A154_EU074860 344 (494.5)
denovo182 A146_EU074936 343 (509.5)
denovo182 A150_EU074928 343 (518.5)
denovo182 A116_AF183575 343 (509.5)
denovo182 A141_EU074931 343 (518.5)
denovo182 A5_AF333508 339 (529.5)
denovo182 A3b_EU449043 344 (521.5)
denovo182 A151_EU074925 344 (511.5)
denovo182 A152_EU074927 348 (506.0)
denovo182 A149_EU074929 344 (512.5)
denovo182 A140_EU074930 344 (503.5)
denovo182 A142_EU074932 344 (503.5)
denovo182 A143_EU074933 347 (512.5)
denovo182 A144_EU074934 344 (503.5)
denovo182 A145_EU074935 344 (512.5)
denovo182 A148_EU074938 344 (503.5)
denovo182 A155_EU074856 344 (503.5)
denovo182 A156_EU074859 344 (503.5)
denovo182 A139_EU074962 344 (512.5)
denovo182 A6_AF186058 344 (512.5)
denovo182 A3_AF333507 344 (512.5)
denovo182 A3_JN558091 344 (512.5)
denovo182 A8_AY258468 346 (490.0)
denovo182 A7_AY239360 346 (499.5)
denovo182 A16_EU792888 346 (508.5)
denovo182 A4.3_FN429763 350 (482.0)
denovo182 A120_AF180122 332 (478.5)
denovo182 A4.2_FN429761 348 (473.0)
denovo182 A4_AF333509 348 (501.0)
denovo182 A4.1_FN429760 347 (496.0)
denovo182 A4a_AF499778 347 (508.0)
denovo182 A4a.1_FN429762 347 (508.0)
denovo182 A138_EF378620 339 (455.5)
denovo182 A122_EF378619 335 (491.5)
denovo182 A126_EF378615 334 (492.5)
denovo182 A10_EU792882 334 (492.5)
denovo182 A9_EU449028 337 (494.0)
denovo182 A105_AB207202 346 (503.5)
denovo182 A119_AF180121 331 (493.0)
denovo182 A12_EU792883 329 (497.0)
denovo182 A104_AB207203 340 (505.5)
denovo182 A1a_EU449030 337 (512.0)
denovo182 A1.3_HE578976 348 (498.0)
denovo182 A1.4_HE578977 339 (507.0)
denovo182 A13_AF333504 338 (504.5)
denovo182 A13_JN558094 338 (504.5)
denovo182 A110_AB190282 345 (497.5)
denovo182 A103_AB207206 333 (507.5)
denovo182 A130_EF656428 341 (495.0)
denovo182 A127_EF656429 341 (513.0)
denovo182 A128_EF656430 341 (495.0)
denovo182 A129_EF656431 342 (506.5)
denovo182 A131_EF656432 338 (505.5)
denovo182 A118_AF180120 340 (504.0)
denovo182 A1_AF333505 341 (504.0)
denovo182 A107_AB207199 335 (513.0)
denovo182 A111_AB190280 335 (513.0)
denovo182 A108_AB207197 354 (485.5)
denovo182 A106_AB207200 347 (506.0)
denovo182 A102_AB207209 347 (506.5)
denovo182 A1.2_AB207210 347 (506.5)
denovo182 A109_AB190285 347 (506.0)
denovo182 B4_AF333510 321 (1094.5)
denovo182 B23_EU449079 307 (1213.5)
denovo182 B30_GU907644 307 (1195.5)
denovo182 B11_AY239361 308 (1307.5)
denovo182 B17_AY258470 306 (1327.0)
denovo182 B1k_GU907638 308 (705.5)
denovo182 B1.V_Green2014 313 (1284.5)
denovo182 B1b_AF499780 306 (1258.5)
denovo182 B16_AY258469 306 (1336.0)
denovo182 B31a_GU907646 306 (1336.0)
denovo182 B32_GU907647 306 (1336.0)
denovo182 B31_GU907645 306 (1345.0)
denovo182 B1j_GU907637 306 (1345.0)
denovo182 B37_GU907650 308 (1334.5)
denovo182 B5a_AF499782 306 (1336.0)
denovo182 B5_AF499781 306 (1345.0)
denovo182 B24_GU907643 306 (1212.0)
denovo182 B117_AF180124 306 (1236.5)
denovo182 B10_AF499787 306 (1336.0)
denovo182 B20_GU907642 308 (1319.5)
denovo182 B1m_GU907640 306 (1345.0)
denovo182 B34_GU907649 306 (1354.0)
denovo182 B1d_GU907633 306 (1345.0)
denovo182 B1e_GU907634 306 (1345.0)
denovo182 B1i_GU907636 306 (1345.0)
denovo182 B1g_GU907635 307 (1326.0)
denovo182 B123_EU074872 306 (1336.0)
denovo182 B8_AF499785 307 (1335.0)
denovo182 B1l_GU907639 306 (1345.0)
denovo182 B1a_AF499779 306 (1345.0)
denovo182 B14_AY239362 307 (1335.0)
denovo182 B125_EU074865 306 (1345.0)
denovo182 B122_EU074871 306 (1345.0)
denovo182 B124_EU074874 306 (1345.0)
denovo182 B1.VII_Green2014 306 (1292.5)
denovo182 B1.III_Green2014 306 (1273.0)
denovo182 B1.I_Green2014 306 (1354.0)
denovo182 B1.II_Green2014 306 (1354.0)
denovo182 B1_JN558057 306 (1354.0)
denovo182 B1_AF333511 306 (1354.0)
denovo182 B1.IV_Green2014 316 (1339.5)
denovo182 B121_EU074870 306 (1345.0)
denovo182 B7_AF499784 306 (1345.0)
denovo182 B1.VI_Green2014 307 (1285.0)
denovo182 B3_AF333514 306 (1232.5)
denovo182 B9_AF499786 306 (1250.5)
denovo182 B19a_JN558055 310 (1126.5)
denovo182 B119_EU099825 315 (1167.0)
denovo182 B21_DQ865213 306 (1219.0)
denovo182 B38_GU907651 306 (1219.0)
denovo182 B18_AY258471 306 (1259.5)
denovo182 B18a_AY258472 306 (1250.5)
denovo182 B33_GU907648 306 (1250.5)
denovo182 B6_AF499783 311 (1256.0)
denovo182 B19_DQ865212 306 (1268.5)
denovo182 B19_GU907641 306 (1268.5)
denovo182 B2_AF333512 306 (1259.5)
denovo182 B2_JN558060 306 (1259.5)
denovo182 C33.1_AY258498 332 (656.5)
denovo182 C33.2_AY765400 332 (656.5)
denovo182 C33a_EF541147 332 (656.5)
denovo182 C34_AY258499 325 (654.5)
denovo182 C78_AY765413 327 (669.0)
denovo182 C15.29_KC597690 328 (644.0)
denovo182 C1131_DQ182650 329 (638.0)
denovo182 C1135_DQ182646 322 (636.5)
denovo182 C1134_DQ182647 324 (624.0)
denovo182 C1142_DQ182635 324 (633.0)
denovo182 C1136_DQ182644 322 (615.5)
denovo182 C1111_DQ182645 322 (625.0)
denovo182 C1236_EF473656 322 (616.0)
denovo182 C1138_DQ182642 319 (625.5)
denovo182 C1137_DQ182643 322 (634.0)
denovo182 C1133_DQ182648 322 (616.0)
denovo182 C1132_DQ182649 326 (618.5)
denovo182 C1143_DQ182634 322 (625.0)
denovo182 C1139_DQ182639 324 (633.0)
denovo182 C15.28_KC597687 324 (697.0)
denovo182 C1141_DQ182636 324 (642.0)
denovo182 C1144_DQ182637 324 (651.0)
denovo182 C1122_DQ182654 324 (660.0)
denovo182 C1127_DQ182652 324 (660.0)
denovo182 C15.30_JX394114 329 (683.5)
denovo182 C15.26_KC597686 325 (681.0)
denovo182 C1086_DQ182656 326 (684.0)
denovo182 C15.25_KC597685 326 (693.0)
denovo182 C1118_AF180127 331 (650.0)
denovo182 C1129_DQ182651 326 (629.0)
denovo182 C15.21_KC597683 324 (660.5)
denovo182 C56_AY589760 323 (675.0)
denovo182 C1140_DQ182638 326 (647.0)
denovo182 C1126_DQ182653 326 (638.0)
denovo182 C15c_AY258492 323 (693.5)
denovo182 C15d_AY258493 322 (700.0)
denovo182 C1098_DQ182641 324 (694.0)
denovo182 C15.27_KC597689 326 (684.0)
denovo182 C15.18_HE579024 325 (681.0)
denovo182 C15.16_HE579022 331 (707.5)
denovo182 C1101_AB253787 326 (675.0)
denovo182 C1083_AY237300 326 (684.0)
denovo182 C1088_DQ182640 329 (682.0)
denovo182 C15.6_FN563472 326 (684.0)
denovo182 C15.5_FJ461512 328 (680.5)
denovo182 C15.4_FJ461511 328 (689.5)
denovo182 C15.13_HE579019 326 (675.0)
denovo182 C15.12_HE579018 326 (684.0)
denovo182 C93a_AM748563 324 (705.5)
denovo182 C1094_AJ291514 324 (687.5)
denovo182 C93_AM748562 324 (696.5)
denovo182 C15.17_HE579023 325 (675.0)
denovo182 C15e_AY589742 328 (692.5)
denovo182 C15.22_KC597695 326 (684.0)
denovo182 C60_AY589764 326 (684.0)
denovo182 C15.1_FJ461508 326 (684.0)
denovo182 C15.2_FJ461509 326 (684.0)
denovo182 C15.9_FN563475 326 (701.5)
denovo182 C15.7_HE579015 325 (698.5)
denovo182 C15.8_HE579016 326 (702.0)
denovo182 C15.15_HE579021 326 (684.0)
denovo182 C15.19_HE579025 326 (693.0)
denovo182 C15.24_KC597696 326 (675.0)
denovo182 C15.3_FJ461510 328 (689.5)
denovo182 C1087_DQ182655 326 (693.0)
denovo182 C15.14_HE579020 327 (683.5)
denovo182 C15.23_KC597697 327 (683.5)
denovo182 C19_AY258479 325 (702.5)
denovo182 C1233_EU118166 326 (684.0)
denovo182 C15b_AY258491 326 (684.0)
denovo182 C15a_AY258476 328 (698.5)
denovo182 C1051_AF195153 326 (702.0)
denovo182 C2_AF333518 327 (701.0)
denovo182 C15.20_HE579026 327 (692.5)
denovo182 C15f_AY589743 328 (686.0)
denovo182 C55_AY589759 331 (693.0)
denovo182 C15_AY239369 326 (693.0)
denovo182 C32.1_JF683335 324 (648.0)
denovo182 C32.2_JF683336 324 (648.0)
denovo182 C21.23_KC597693 324 (648.0)
denovo182 C1193_EU099827 337 (693.5)
denovo182 C1195_EU099821 334 (661.0)
denovo182 C3q_GU907655 336 (660.5)
denovo182 C53_AY589758 335 (664.5)
denovo182 C73_AY765408 335 (672.0)
denovo182 C17.2.1_KC597684 329 (624.5)
denovo182 C32_AY258497 328 (658.0)
denovo182 C1189_EU099831 329 (661.5)
denovo182 C1191_EU099833 328 (668.0)
denovo182 C1196_EU099819 328 (641.5)
denovo182 C1192_EU099820 328 (641.5)
denovo182 C17.1_JF683322 328 (659.5)
denovo182 C26_b2_FN827164 333 (661.5)
denovo182 C26_b3_FN827165 329 (641.0)
denovo182 C31.9_HQ630879 330 (646.0)
denovo182 C31a_AY589746 330 (642.5)
denovo182 C30_AY589745 330 (642.5)
denovo182 C31.1_HQ630876 334 (644.0)
denovo182 C31.5_HQ630877 328 (654.5)
denovo182 C31.6_HQ630878 330 (651.5)
denovo182 C31.2_JF683332 330 (651.5)
denovo182 C31.3_JF683333 330 (642.5)
denovo182 C26/C35a_AY239378 329 (650.0)
denovo182 C35a_AY258501 329 (650.0)
denovo182 C35.2_AY258500 329 (659.0)
denovo182 C26_b1_FN827163 329 (659.0)
denovo182 C17_AY239370 328 (659.5)
denovo182 C17.2_FJ461513 330 (658.5)
denovo182 C31.10_HQ630880 330 (655.0)
denovo182 C31.4_JF683334 334 (640.0)
denovo182 C31_AY258496 330 (651.5)
denovo182 C25_AY239377 326 (686.5)
denovo182 C61_AY589765 325 (647.0)
denovo182 C1043_DQ072721 328 (648.5)
denovo182 C79_AY765414 331 (670.0)
denovo182 C69_AY589773 318 (659.0)
denovo182 C69a_AY686648 318 (650.0)
denovo182 C21.22_KC597692 331 (640.0)
denovo182 C51_AY589756 327 (669.0)
denovo182 C1aa_HM185739 328 (681.0)
denovo182 C1096_DQ068023 325 (660.0)
denovo182 C74_AY765409 334 (702.0)
denovo182 C1185_AB294629 336 (698.5)
denovo182 C1184_AB294630 336 (698.5)
denovo182 C1153_AB294625 336 (698.5)
denovo182 C1154_AB294626 335 (714.0)
denovo182 C1187_AB294627 336 (698.5)
denovo182 C1186_AB294628 336 (698.5)
denovo182 C57_AY589761 336 (707.5)
denovo182 C66_AY589771 336 (707.5)
denovo182 C5_AF499795 326 (684.0)
denovo182 C1167_AB294586 326 (684.0)
denovo182 C1164_AB294593 326 (684.0)
denovo182 C1183_AB294631 326 (702.0)
denovo182 C1067_DQ335381 328 (680.5)
denovo182 C1159_AB294613 325 (686.5)
denovo182 C1150_AB294622 325 (695.5)
denovo182 C90_AM748554 327 (707.0)
denovo182 C1168_AB294583 326 (693.0)
denovo182 C1156_AB294616 326 (702.0)
denovo182 C1151_AB294621 326 (711.0)
denovo182 C92a_AM748561 326 (711.0)
denovo182 C92_AM748560 326 (702.0)
denovo182 C1165_AB294581 326 (693.0)
denovo182 C1166_AB294584 326 (693.0)
denovo182 C1162_AB294594 326 (693.0)
denovo182 C1163_AB294596 326 (702.5)
denovo182 C1161_AB294606 326 (702.0)
denovo182 C1160_AB294608 330 (694.5)
denovo182 C1158_AB294614 326 (711.0)
denovo182 C1155_AB294617 326 (693.0)
denovo182 C1149_AB294620 326 (702.0)
denovo182 C1173_AB294662 326 (711.0)
denovo182 C1171_AB294663 326 (693.0)
denovo182 C1172_AB294665 326 (693.0)
denovo182 C91a_AM748556 326 (711.0)
denovo182 C91b_AM748557 326 (702.0)
denovo182 C91d_AM748559 325 (699.5)
denovo182 C91c_AM748558 325 (699.5)
denovo182 C91_AJ621543 326 (702.0)
denovo182 C91_AM748555 326 (702.0)
denovo182 C1023_DQ335330 317 (653.5)
denovo182 C1020_DQ335392 332 (683.0)
denovo182 C1018_DQ335408 328 (689.5)
denovo182 C1074_DQ335329 328 (680.5)
denovo182 C1030_DQ335353 328 (680.5)
denovo182 C1022_DQ335331 328 (680.5)
denovo182 C1027_DQ335360 328 (698.5)
denovo182 C1072_DQ335344 328 (680.5)
denovo182 C1039_AB190274 328 (689.5)
denovo182 C1033_DQ335350 333 (677.5)
denovo182 C1019_DQ335407 328 (689.5)
denovo182 C1194_EU099826 328 (674.5)
denovo182 C8b_AY258475 328 (664.5)
denovo182 C8_AY239367 331 (679.5)
denovo182 C8a_AY239368 333 (675.5)
denovo182 C54a_AY765406 328 (689.5)
denovo182 C3ff_HM185740 328 (698.5)
denovo182 C59_AY589763 332 (675.0)
denovo182 C3k_AY589737 325 (690.5)
denovo182 C3.24_HE579012 324 (697.0)
denovo182 C3.23_HE579011 325 (690.5)
denovo182 C35.1_AY765401 336 (694.0)
denovo182 C35.3_EF541145 329 (692.0)
denovo182 C76_AY765411 328 (677.5)
denovo182 C1107_DQ335359 327 (664.0)
denovo182 C3.22_HE579010 330 (661.0)
denovo182 C77_AY765412 328 (677.0)
denovo182 C20_AY239371 331 (697.5)
denovo182 C1055_DQ480640 326 (680.0)
denovo182 C27/C30_AY239379 329 (650.0)
denovo182 C27.1_FJ461517 329 (641.0)
denovo182 C40a_AY589747 333 (692.5)
denovo182 C40_AY258485 333 (692.5)
denovo182 C40b_AY589748 334 (683.5)
denovo182 C16_AY258477 331 (689.0)
denovo182 C16a_AY765399 331 (689.0)
denovo182 C1091_AB207186 328 (690.0)
denovo182 C1102_DQ335400 328 (672.0)
denovo182 C1069_DQ335375 328 (690.0)
denovo182 C1073_DQ335332 329 (684.0)
denovo182 C1066_DQ335382 326 (675.5)
denovo182 C1031_DQ335352 333 (695.5)
denovo182 C1026_DQ335366 333 (695.0)
denovo182 C70_AY589774 328 (699.0)
denovo182 C1082_AB190267 328 (681.0)
denovo182 C1078_AB190271 326 (692.5)
denovo182 C1090_AB207191 328 (690.0)
denovo182 C1071_DQ335302 328 (690.0)
denovo182 C1075_DQ335328 328 (690.0)
denovo182 C1068_DQ335379 328 (681.0)
denovo182 C1064_DQ335395 328 (681.0)
denovo182 C1063_DQ335403 325 (690.5)
denovo182 C62_AY589766 328 (690.0)
denovo182 C1077_DQ335316 325 (695.5)
denovo182 C1109_DQ335338 328 (690.0)
denovo182 C1110_DQ335340 328 (681.0)
denovo182 C1106_DQ335339 328 (681.0)
denovo182 C1112_DQ335319 328 (690.0)
denovo182 C1108_DQ335351 328 (681.0)
denovo182 C1105_DQ335394 328 (690.0)
denovo182 C1121_DQ335378 335 (683.0)
denovo182 C1116_AB190268 335 (683.0)
denovo182 C1115_AB190273 335 (683.0)
denovo182 C1124_DQ335323 328 (672.0)
denovo182 C1120_DQ335398 328 (672.0)
denovo182 C1119_DQ335404 328 (681.0)
denovo182 C1123_DQ335363 328 (681.0)
denovo182 C1004_DQ480635 328 (689.0)
denovo182 C1061_AY186568 328 (680.0)
denovo182 C1053_AY186569 328 (689.0)
denovo182 C1003_DQ480639 328 (689.0)
denovo182 C81_GU907657 319 (670.0)
denovo182 C22_AY239373 323 (691.5)
denovo182 C22a_AY239374 326 (683.0)
denovo182 C1232_EU118163 330 (686.0)
denovo182 C21.13_FJ461515 327 (648.0)
denovo182 C21.1_JF683323 326 (654.0)
denovo182 C21.3_JF683325 328 (668.5)
denovo182 C1.20_HE578993 328 (680.5)
denovo182 C1.22_HE578995 329 (673.5)
denovo182 C52_AY589757 327 (681.5)
denovo182 C1201_EU099793 329 (662.0)
denovo182 C14_AY589741 331 (683.0)
denovo182 C43_AY589749 331 (689.0)
denovo182 C50_AY589755 328 (689.5)
denovo182 C3.14_HQ630872 327 (695.0)
denovo182 C1m_AY765398 328 (690.0)
denovo182 C82_GU907658 336 (686.0)
denovo182 C82b_GU907660 336 (686.0)
denovo182 C64_AY589768 325 (698.0)
denovo182 C45a_AY765404 331 (697.5)
denovo182 C48_AY589753 328 (710.0)
denovo182 C1_v1b_FJ919244 328 (680.5)
denovo182 C1_v1a_FJ919243 328 (689.5)
denovo182 C3j_AY239366 328 (680.5)
denovo182 C3t_EF541149 331 (697.5)
denovo182 C9_AF499798 330 (695.5)
denovo182 C23_AY239375 329 (711.0)
denovo182 C37_AY258481 333 (686.0)
denovo182 C1048_DQ068026 331 (688.5)
denovo182 C21.4_JF683326 328 (659.5)
denovo182 C21.5_JF683327 328 (659.5)
denovo182 C1070_DQ335349 328 (698.5)
denovo182 C21.6_HQ630873 328 (677.5)
denovo182 C1224_EU074890 328 (707.5)
denovo182 C1.17_HE578990 328 (707.5)
denovo182 C21_b1_FN827162 330 (656.0)
denovo182 C21.9_JF683330 330 (665.0)
denovo182 C1085_AY624605 325 (681.5)
denovo182 C3p_GU907654 328 (683.5)
denovo182 C3f_AY589734 328 (698.5)
denovo182 C65a_AY589770 326 (692.5)
denovo182 C65_AY589769 326 (701.5)
denovo182 C71_AY589775 326 (692.5)
denovo182 C71a_AY589776 326 (683.5)
denovo182 C1178_AB294647 327 (681.0)
denovo182 C1225_EU074893 325 (708.0)
denovo182 C75_AY765410 327 (696.0)
denovo182 C21.10_JF683331 327 (665.5)
denovo182 C21.11_HQ630874 327 (665.5)
denovo182 C1065_DQ335388 328 (698.5)
denovo182 C1045_DQ068036 328 (707.5)
denovo182 C1h_AY258473 327 (695.0)
denovo182 C38_AY258482 327 (686.0)
denovo182 C1202_EU099799 327 (686.0)
denovo182 C7_AF499797 327 (695.0)
denovo182 C12_AF499801 329 (684.5)
denovo182 C38a_AY258483 326 (697.5)
denovo182 C1200_EU099800 315 (694.5)
denovo182 C44a_AY589751 328 (698.0)
denovo182 C47_AY589752 331 (706.5)
denovo182 C44_AY589750 331 (697.5)
denovo182 C1.15_HE578988 328 (689.5)
denovo182 C45.3_FJ461522 331 (688.5)
denovo182 C46a_AY765405 331 (688.5)
denovo182 C46_EU449108 331 (697.5)
denovo182 C3.12_FJ461507 331 (697.5)
denovo182 C1k_AY589733 331 (688.5)
denovo182 C67_AY686647 331 (697.5)
denovo182 C82a_GU907659 328 (689.5)
denovo182 C10a_AY589739 331 (697.5)
denovo182 C10_AF499799 331 (688.5)
denovo182 C13_AY589740 333 (691.5)
denovo182 C4_AF499794 331 (706.5)
denovo182 C1147_EF656433 331 (688.5)
denovo182 C1c/C45_AY239364 331 (697.5)
denovo182 C1c/C45_EU449103 331 (697.5)
denovo182 C21.19_HE579031 328 (668.5)
denovo182 C21.21_HE579033 328 (659.5)
denovo182 C21.20_HE579032 328 (668.5)
denovo182 C42b_AY765403 332 (683.0)
denovo182 C42_AY258487 332 (692.0)
denovo182 C1p_GU907652 328 (689.5)
denovo182 C1d_AY258488 331 (679.5)
denovo182 C42_AY765402 331 (688.5)
denovo182 C3ha_AY589736 328 (659.5)
denovo182 C63a_AY589767 330 (676.5)
denovo182 C21a_AY589744 328 (659.5)
denovo182 C3o_GU907653 327 (666.0)
denovo182 C21.16_HQ630875 328 (659.5)
denovo182 C21.2_JF683324 328 (659.5)
denovo182 C21.7_JF683328 327 (666.0)
denovo182 C21.8_JF683329 328 (668.5)
denovo182 C3h_AY239365 328 (668.5)
denovo182 C1203_EU099798 328 (659.5)
denovo182 C3.10_FJ461505 328 (707.5)
denovo182 C21.14_FJ461516 328 (677.5)
denovo182 C21.18_HE579030 334 (656.5)
denovo182 C3.17_HE579005 328 (689.5)
denovo182 C3.9_FJ461504 328 (686.5)
denovo182 C3.8_FJ461503 328 (698.5)
denovo182 C3.7_FJ461502 328 (689.5)
denovo182 C3.11_FJ461506 335 (701.0)
denovo182 C3.18_HE579006 328 (689.5)
denovo182 C3.19_HE579007 328 (689.5)
denovo182 C3.20_HE579008 328 (689.5)
denovo182 C3g_AY589735 331 (681.5)
denovo182 C3a_AF499790 326 (702.0)
denovo182 C3e_AF499793 328 (689.5)
denovo182 C6_AF499796 335 (709.5)
denovo182 C11_AF499800 328 (689.5)
denovo182 C36_AY258480 328 (707.5)
denovo182 C29_AY258494 328 (707.5)
denovo182 C1146_EF656434 329 (693.0)
denovo182 C1190_EU099841 328 (689.5)
denovo182 C131_JF320826 328 (689.5)
denovo182 C28_AY239380 336 (697.0)
denovo182 C1012_DQ480604 328 (689.5)
denovo182 C1181_AB294640 328 (674.5)
denovo182 C1180_AB294641 328 (674.5)
denovo182 C1179_AB294645 326 (678.0)
denovo182 C1176_AB294651 326 (687.0)
denovo182 C1175_AB294653 328 (674.5)
denovo182 C1174_AB294655 330 (680.0)
denovo182 C1177_AB294659 328 (683.5)
denovo182 C1040_AB190269 330 (695.0)
denovo182 C1182_AB294649 328 (689.5)
denovo182 C1089_AJ278598 328 (689.5)
denovo182 C1028_DQ335357 335 (700.5)
denovo182 C3.16_EU786015 328 (707.5)
denovo182 C1097_AJ311943 327 (683.0)
denovo182 C1170_AB294661 328 (683.5)
denovo182 C21.17_HE579029 328 (679.5)
denovo182 C21/3d/C3k_AY239372 328 (668.5)
denovo182 C58_AY589762 329 (668.0)
denovo182 C3L_AY589738 331 (694.0)
denovo182 C1169_AB294660 328 (683.5)
denovo182 C3.2_FJ461497 328 (692.5)
denovo182 C3.1_JF683321 325 (693.5)
denovo182 C1104_AF427469 329 (688.5)
denovo182 C3b_AF499791 328 (701.5)
denovo182 C83_GU907661 328 (701.0)
denovo182 C49_AY589754 354 (713.0)
denovo182 C3_AB778606 328 (698.5)
denovo182 C3_AF499789 328 (698.5)
denovo182 C3_HE579001 328 (698.5)
denovo182 C21.12_FJ461514 328 (650.5)
denovo182 C1229_EU074888 325 (685.0)
denovo182 C1230_EU074889 325 (694.0)
denovo182 C1114_AB207196 328 (680.5)
denovo182 C3.21_HE579009 328 (603.0)
denovo182 C1057_DQ480619 328 (689.5)
denovo182 C72_AY765407 325 (689.0)
denovo182 C1b.3_HE578999 328 (683.5)
denovo182 C93_AJ621536 328 (689.5)
denovo182 C94_AJ621539 328 (689.5)
denovo182 C1g_AY589730 328 (689.5)
denovo182 C1i_AY589731 322 (682.0)
denovo182 C1j_AY589732 335 (700.5)
denovo182 C1005_DQ480633 328 (689.5)
denovo182 C1.7_FJ461494 328 (689.5)
denovo182 C1.11_HE578984 328 (690.0)
denovo182 C1.12_HE578985 328 (689.5)
denovo182 C1.13_HE578986 328 (698.5)
denovo182 C1.14_HE578987 328 (698.5)
denovo182 C1.18_HE578991 328 (689.5)
denovo182 C1.19_HE578992 328 (707.5)
denovo182 C1199_EU099802 325 (675.0)
denovo182 C1188_EU099838 325 (690.0)
denovo182 C1002_DQ838544 328 (698.5)
denovo182 C1198_EU099810 328 (689.5)
denovo182 C24_AY239376 328 (689.5)
denovo182 C1f_AY258490 328 (698.5)
denovo182 C1006_DQ480629 328 (707.5)
denovo182 C1010_DQ480607 328 (689.5)
denovo182 C1007_DQ480624 328 (689.5)
denovo182 C1011_DQ480605 328 (689.5)
denovo182 C1009_DQ480608 332 (691.5)
denovo182 C1041_AY186548 328 (698.5)
denovo182 C1052_AY186570 328 (689.5)
denovo182 C1148_EU040178 328 (698.5)
denovo182 C1234_EU118165 329 (688.5)
denovo182 C1.5_EF634157 328 (698.5)
denovo182 C1059_DQ480609 328 (689.5)
denovo182 C1228_EU074883 328 (689.5)
denovo182 C1208_EU074963 328 (689.5)
denovo182 C1207_EU074964 328 (698.5)
denovo182 C1206_EU074965 328 (689.5)
denovo182 C1013_DQ480642 328 (689.5)
denovo182 C80_GU907656 335 (684.0)
denovo182 C1a_AF499788 325 (690.0)
denovo182 C41_AY258486 328 (698.5)
denovo182 C39_AY258484 313 (694.0)
denovo182 C1231_EU074878 328 (689.5)
denovo182 C1b.1_HE578997 328 (683.5)
denovo182 C18_AY258478 328 (698.5)
denovo182 C1.10_HE578983 327 (693.0)
denovo182 C1_JN558041 328 (698.5)
denovo182 C1_HE578979 328 (698.5)
denovo182 C1_AM748551 328 (698.5)
denovo182 C1_AF333515 328 (698.5)
denovo182 C1054_AY186565 327 (702.0)
denovo182 C1008_DQ480613 328 (689.5)
denovo182 C1103_AF427470 329 (688.5)
denovo182 C1226_EU074881 329 (688.5)
denovo182 C1b/C1e_AY239363 328 (692.5)
denovo182 C1044_DQ068038 328 (683.5)
denovo182 C1017_DQ174729 329 (682.5)
denovo182 C1.6_FJ461493 328 (707.5)
denovo182 C1b.2_HE578998 328 (683.5)
denovo182 C1060_DQ480600 328 (689.5)
denovo182 C1227_EU074882 328 (689.5)
denovo182 C1197_EU099814 328 (689.5)
denovo182 C1130_DQ480643 328 (575.0)
denovo182 D109_AB097465 360 (529.0)
denovo182 D1.11_HE579040 361 (533.0)
denovo182 D105_AF174570 358 (533.0)
denovo182 D104_AF174572 368 (525.5)
denovo182 D1.3_JF683337 357 (529.0)
denovo182 D1.10_HE579039 361 (524.0)
denovo182 D110_AF174561 361 (524.0)
denovo182 D117_AF174542 361 (524.0)
denovo182 D114_AF174549 361 (533.0)
denovo182 D113_AF174557 354 (529.5)
denovo182 D112_AF174558 363 (530.5)
denovo182 D106_AF174559 368 (535.5)
denovo182 D111_AF174560 361 (532.5)
denovo182 D115_AF174562 361 (533.0)
denovo182 D107_AF174568 356 (536.0)
denovo182 D116_AF174571 366 (520.5)
denovo182 D124_EU074897 358 (533.5)
denovo182 D1.8_HE579037 363 (530.5)
denovo182 D3_AY686650 361 (533.0)
denovo182 D1.6_HQ630881 358 (524.5)
denovo182 D120_EU074900 361 (524.0)
denovo182 D121_EU074904 366 (529.5)
denovo182 D122_EU074905 371 (525.5)
denovo182 D1a.2_JF683339 368 (528.5)
denovo182 D1a.1_JF683338 358 (533.5)
denovo182 D2_AY686649 594 (599.5)
denovo182 D4_DQ865214 364 (530.0)
denovo182 D1a_AF499802 361 (533.0)
denovo182 D1a_JN558078 361 (533.0)
denovo182 D123_EU074895 362 (535.5)
denovo182 D108_AF174567 357 (539.0)
denovo182 D103_AF174575 361 (533.0)
denovo182 D100_AF411415 361 (533.0)
denovo182 D118_EF656435 355 (542.0)
denovo182 D101_AF411416 361 (518.0)
denovo182 D119_EU099832 366 (524.0)
denovo182 D102_AF174573 361 (536.5)
denovo182 D1_AF334660 361 (533.0)
denovo182 D1_JN558076 361 (533.0)
denovo182 D1.12_HE579041 342 (531.0)
denovo182 D1.1_AM748564 418 (544.0)
denovo182 D1.2_AM748617 441 (566.5)
denovo182 E111_EU074915 361 (510.0)
denovo182 E110_EU074914 364 (500.5)
denovo182 E114_EU074909 364 (500.5)
denovo182 E1_AF334659 365 (508.5)
denovo182 E105_EU074921 364 (518.5)
denovo182 E112_EU074916 364 (500.5)
denovo182 E104_EU074922 364 (509.5)
denovo182 E102_EU074924 364 (500.5)
denovo182 E103_EU074923 364 (509.5)
denovo182 E101_AY160123 369 (484.5)
denovo182 E109_EU074913 351 (516.0)
denovo182 E100_DQ011618 364 (534.5)
denovo182 E108_EU074912 360 (523.5)
denovo182 E113_EU074908 352 (530.0)
denovo182 E107_EU074910 356 (520.0)
denovo182 F1_JN558066 331 (635.0)
denovo182 F5.2d_AJ291530 329 (666.0)
denovo182 F104_AJ291531 329 (666.0)
denovo182 F5.2c_AM748596 329 (657.5)
denovo182 F5.2_AM748594 329 (657.0)
denovo182 F5.2a_AM748614 329 (657.0)
denovo182 F5.2b_AM748595 329 (657.0)
denovo182 F5.2e_AJ291533 330 (633.5)
denovo182 F5.2g_JN558072 329 (665.5)
denovo182 F5.2f_AJ291512 329 (656.5)
denovo182 F102_AJ291534 329 (656.5)
denovo182 F5.1c_AM748593 331 (680.5)
denovo182 F5.1d_JN558069 334 (643.0)
denovo182 F5.1b_AJ291535 330 (669.0)
denovo182 F5.1_AM748592 332 (665.5)
denovo182 F5.1a_AM748591 330 (669.0)
denovo182 F110_AJ291526 322 (707.0)
denovo182 F4.7_AM748587 324 (725.5)
denovo182 F4.5_AM748585 323 (718.5)
denovo182 F4.4a_AM748583 319 (744.0)
denovo182 F4.4_AM748582 324 (746.5)
denovo182 F4.4b_AM748584 317 (763.0)
denovo182 F4.1a_AM748573 326 (698.5)
denovo182 F112_AJ291528 323 (683.5)
denovo182 F4.1_AM748572 323 (692.5)
denovo182 F4.8b_AM748590 325 (742.0)
denovo182 F4.8_AM748588 316 (742.5)
denovo182 F4.8a_AM748589 316 (742.5)
denovo182 F109_AJ291527 322 (729.0)
denovo182 F4.6_AM748586 323 (701.0)
denovo182 F111_AJ311949 316 (721.5)
denovo182 F4.3c_AM748581 317 (742.5)
denovo182 F4.3a_AM748579 316 (749.5)
denovo182 F4.3b_AM748580 317 (751.5)
denovo182 F4.3_AM748578 317 (742.5)
denovo182 F4.2_AM748574 323 (755.0)
denovo182 F4.2a_AM748575 323 (731.5)
denovo182 F4.2c_AM748577 323 (728.0)
denovo182 F4.2b_AM748576 323 (740.5)
denovo182 F2b_AJ291521 334 (695.5)
denovo182 F2_AJ830908 330 (720.5)
denovo182 F2a_AJ830911 330 (716.0)
denovo182 F3.1a_AM748566 341 (673.0)
denovo182 F114_AJ291525 341 (673.5)
denovo182 F3.1_AM748565 341 (682.5)
denovo182 F3.2_AM748567 348 (711.5)
denovo182 F3.2a_AM748568 348 (705.0)
denovo182 F3.3_AM748569 341 (696.5)
denovo182 F3.4a_AM748571 339 (645.5)
denovo182 F3.4_AM748570 335 (651.5)
denovo182 F3.4b_AM748616 335 (651.5)
denovo182 G101_AJ291539 367 (577.0)
denovo182 G1_AM748597 364 (577.0)
denovo182 G2b_JN558087 365 (571.0)
denovo182 G2_AM748598 366 (565.0)
denovo182 G2a_AM748599 366 (556.0)
denovo182 G4_AM748601 356 (606.0)
denovo182 G3.4_LK392378 357 (580.5)
denovo182 G3_AM748600 361 (584.5)
denovo182 G3.2_KC597694 357 (532.5)
denovo182 G3.1_KC597688 358 (610.0)
denovo182 G100_AB253788 358 (592.5)
denovo182 G3.3_LK392377 358 (600.5)
denovo182 H6_AJ291520 649 (331.5)
denovo182 H3_AM748606 328 (534.5)
denovo182 H2_AM748605 336 (557.0)
denovo182 H4_AM748607 332 (548.5)
denovo182 H4a_AM748608 342 (547.0)
denovo182 H5a_AM748611 340 (527.5)
denovo182 H5b_AM748610 343 (526.0)
denovo182 H5_AJ621129 340 (527.5)
denovo182 H5_AM748609 340 (527.5)
denovo182 H100_AJ291513 340 (516.5)
denovo182 H1b_AM748604 340 (511.5)
denovo182 H1a_AM748612 340 (520.5)
denovo182 H1_AJ621152 340 (520.5)
denovo182 H1_AM748602 340 (520.5)
denovo182 I3_FN561561 337 (743.5)
denovo182 I4_FN561562 337 (743.5)
denovo182 I1_FN561559 336 (740.0)
denovo182 I2_FN561560 339 (739.5)

#---------------------------------------
#---------------------------------------
