denovo245 A136_DQ865210 340 (542.5)
denovo245 A133_DQ174725 358 (522.5)
denovo245 A115_AF180123 345 (506.0)
denovo245 A117_AF201746 342 (522.5)
denovo245 A134_DQ174723 344 (528.0)
denovo245 A114_AF184941 344 (528.0)
denovo245 A135_DQ174727 356 (529.0)
denovo245 A2_AF333506 357 (528.0)
denovo245 A101_AF427468 356 (520.0)
denovo245 A2_1_JN558097 356 (520.0)
denovo245 A2_2_JN558100 356 (520.0)
denovo245 A113_AF184948 337 (526.5)
denovo245 A112_AF184949 353 (512.5)
denovo245 A123_EF378618 351 (351.5)
denovo245 A137_EF378621 349 (348.0)
denovo245 A11_EU449041 349 (546.5)
denovo245 A121_DQ174722 343 (541.5)
denovo245 A15b_EU792886 357 (505.5)
denovo245 A15a_EU792885 348 (523.0)
denovo245 A15c_EU792887 357 (514.0)
denovo245 A15_EU792884 357 (514.5)
denovo245 A147_EU074937 346 (536.0)
denovo245 A154_EU074860 346 (518.0)
denovo245 A146_EU074936 348 (532.0)
denovo245 A150_EU074928 348 (541.0)
denovo245 A116_AF183575 348 (532.0)
denovo245 A141_EU074931 348 (541.0)
denovo245 A5_AF333508 341 (553.0)
denovo245 A3b_EU449043 346 (545.0)
denovo245 A151_EU074925 346 (535.0)
denovo245 A152_EU074927 346 (527.0)
denovo245 A149_EU074929 346 (536.0)
denovo245 A140_EU074930 346 (527.0)
denovo245 A142_EU074932 346 (527.0)
denovo245 A143_EU074933 349 (536.0)
denovo245 A144_EU074934 346 (527.0)
denovo245 A145_EU074935 349 (535.0)
denovo245 A148_EU074938 342 (531.5)
denovo245 A155_EU074856 346 (527.0)
denovo245 A156_EU074859 346 (527.0)
denovo245 A139_EU074962 346 (527.0)
denovo245 A6_AF186058 346 (536.0)
denovo245 A3_AF333507 346 (536.0)
denovo245 A3_JN558091 346 (536.0)
denovo245 A8_AY258468 348 (513.5)
denovo245 A7_AY239360 348 (523.0)
denovo245 A16_EU792888 348 (532.0)
denovo245 A4.3_FN429763 349 (522.5)
denovo245 A120_AF180122 344 (508.5)
denovo245 A4.2_FN429761 347 (513.5)
denovo245 A4_AF333509 347 (541.5)
denovo245 A4.1_FN429760 346 (536.5)
denovo245 A4a_AF499778 346 (548.5)
denovo245 A4a.1_FN429762 346 (548.5)
denovo245 A138_EF378620 349 (484.0)
denovo245 A122_EF378619 348 (521.0)
denovo245 A126_EF378615 347 (522.0)
denovo245 A10_EU792882 347 (522.0)
denovo245 A9_EU449028 344 (525.0)
denovo245 A105_AB207202 350 (541.0)
denovo245 A119_AF180121 326 (513.5)
denovo245 A12_EU792883 349 (530.0)
denovo245 A104_AB207203 343 (540.0)
denovo245 A1a_EU449030 347 (542.0)
denovo245 A1.3_HE578976 358 (528.5)
denovo245 A1.4_HE578977 349 (537.5)
denovo245 A13_AF333504 351 (533.5)
denovo245 A13_JN558094 351 (533.5)
denovo245 A110_AB190282 351 (525.5)
denovo245 A103_AB207206 339 (534.5)
denovo245 A130_EF656428 351 (534.5)
denovo245 A127_EF656429 351 (543.5)
denovo245 A128_EF656430 351 (525.5)
denovo245 A129_EF656431 352 (537.0)
denovo245 A131_EF656432 349 (529.5)
denovo245 A118_AF180120 350 (516.5)
denovo245 A1_AF333505 351 (534.5)
denovo245 A107_AB207199 339 (543.0)
denovo245 A111_AB190280 339 (543.0)
denovo245 A108_AB207197 357 (520.0)
denovo245 A106_AB207200 350 (540.5)
denovo245 A102_AB207209 350 (541.0)
denovo245 A1.2_AB207210 350 (541.0)
denovo245 A109_AB190285 350 (540.5)
denovo245 B4_AF333510 324 (1146.5)
denovo245 B23_EU449079 310 (1247.5)
denovo245 B30_GU907644 310 (1229.5)
denovo245 B11_AY239361 311 (1341.5)
denovo245 B17_AY258470 309 (1361.0)
denovo245 B1k_GU907638 314 (685.5)
denovo245 B1.V_Green2014 316 (1318.5)
denovo245 B1b_AF499780 309 (1292.5)
denovo245 B16_AY258469 309 (1379.0)
denovo245 B31a_GU907646 309 (1370.0)
denovo245 B32_GU907647 309 (1370.0)
denovo245 B31_GU907645 309 (1379.0)
denovo245 B1j_GU907637 309 (1379.0)
denovo245 B37_GU907650 311 (1368.5)
denovo245 B5a_AF499782 309 (1370.0)
denovo245 B5_AF499781 309 (1379.0)
denovo245 B24_GU907643 309 (1219.0)
denovo245 B117_AF180124 309 (1261.5)
denovo245 B10_AF499787 309 (1370.0)
denovo245 B20_GU907642 311 (1353.5)
denovo245 B1m_GU907640 309 (1379.0)
denovo245 B34_GU907649 309 (1379.0)
denovo245 B1d_GU907633 309 (1379.0)
denovo245 B1e_GU907634 309 (1379.0)
denovo245 B1i_GU907636 309 (1379.0)
denovo245 B1g_GU907635 310 (1360.0)
denovo245 B123_EU074872 309 (1370.0)
denovo245 B8_AF499785 310 (1369.0)
denovo245 B1l_GU907639 309 (1379.0)
denovo245 B1a_AF499779 309 (1379.0)
denovo245 B14_AY239362 310 (1369.0)
denovo245 B125_EU074865 309 (1379.0)
denovo245 B122_EU074871 309 (1379.0)
denovo245 B124_EU074874 309 (1379.0)
denovo245 B1.VII_Green2014 309 (1309.0)
denovo245 B1.III_Green2014 309 (1307.0)
denovo245 B1.I_Green2014 309 (1388.0)
denovo245 B1.II_Green2014 309 (1388.0)
denovo245 B1_JN558057 309 (1388.0)
denovo245 B1_AF333511 309 (1388.0)
denovo245 B1.IV_Green2014 319 (1373.5)
denovo245 B121_EU074870 309 (1379.0)
denovo245 B7_AF499784 309 (1379.0)
denovo245 B1.VI_Green2014 310 (1319.0)
denovo245 B3_AF333514 309 (1284.5)
denovo245 B9_AF499786 309 (1293.5)
denovo245 B19a_JN558055 313 (1178.5)
denovo245 B119_EU099825 315 (1228.5)
denovo245 B21_DQ865213 309 (1280.0)
denovo245 B38_GU907651 309 (1280.0)
denovo245 B18_AY258471 309 (1311.5)
denovo245 B18a_AY258472 309 (1302.5)
denovo245 B33_GU907648 309 (1302.5)
denovo245 B6_AF499783 314 (1308.0)
denovo245 B19_DQ865212 309 (1320.5)
denovo245 B19_GU907641 309 (1320.5)
denovo245 B2_AF333512 309 (1311.5)
denovo245 B2_JN558060 309 (1311.5)
denovo245 C33.1_AY258498 341 (665.0)
denovo245 C33.2_AY765400 341 (665.0)
denovo245 C33a_EF541147 341 (665.0)
denovo245 C34_AY258499 334 (663.0)
denovo245 C78_AY765413 332 (666.0)
denovo245 C15.29_KC597690 335 (638.0)
denovo245 C1131_DQ182650 337 (634.5)
denovo245 C1135_DQ182646 327 (632.5)
denovo245 C1134_DQ182647 332 (620.5)
denovo245 C1142_DQ182635 332 (629.5)
denovo245 C1136_DQ182644 330 (612.0)
denovo245 C1111_DQ182645 330 (621.5)
denovo245 C1236_EF473656 330 (612.5)
denovo245 C1138_DQ182642 324 (621.5)
denovo245 C1137_DQ182643 330 (612.5)
denovo245 C1133_DQ182648 330 (612.5)
denovo245 C1132_DQ182649 334 (615.0)
denovo245 C1143_DQ182634 330 (621.5)
denovo245 C1139_DQ182639 332 (629.5)
denovo245 C15.28_KC597687 327 (695.5)
denovo245 C1141_DQ182636 327 (640.5)
denovo245 C1144_DQ182637 327 (649.5)
denovo245 C1122_DQ182654 332 (656.5)
denovo245 C1127_DQ182652 332 (656.5)
denovo245 C15.30_JX394114 336 (668.5)
denovo245 C15.26_KC597686 327 (669.0)
denovo245 C1086_DQ182656 333 (678.0)
denovo245 C15.25_KC597685 333 (687.0)
denovo245 C1118_AF180127 337 (640.5)
denovo245 C1129_DQ182651 333 (623.0)
denovo245 C15.21_KC597683 328 (653.5)
denovo245 C56_AY589760 330 (668.5)
denovo245 C1140_DQ182638 328 (643.0)
denovo245 C1126_DQ182653 328 (634.0)
denovo245 C15c_AY258492 333 (687.0)
denovo245 C15d_AY258493 333 (696.0)
denovo245 C1098_DQ182641 327 (684.0)
denovo245 C15.27_KC597689 333 (678.0)
denovo245 C15.18_HE579024 332 (675.0)
denovo245 C15.16_HE579022 338 (701.5)
denovo245 C1101_AB253787 333 (669.0)
denovo245 C1083_AY237300 333 (678.0)
denovo245 C1088_DQ182640 331 (670.5)
denovo245 C15.6_FN563472 333 (678.0)
denovo245 C15.5_FJ461512 333 (669.0)
denovo245 C15.4_FJ461511 333 (678.0)
denovo245 C15.13_HE579019 333 (669.0)
denovo245 C15.12_HE579018 333 (678.0)
denovo245 C93a_AM748563 329 (701.0)
denovo245 C1094_AJ291514 329 (683.0)
denovo245 C93_AM748562 329 (692.0)
denovo245 C15.17_HE579023 335 (668.5)
denovo245 C15e_AY589742 332 (677.5)
denovo245 C15.22_KC597695 333 (678.0)
denovo245 C60_AY589764 328 (680.0)
denovo245 C15.1_FJ461508 333 (678.0)
denovo245 C15.2_FJ461509 333 (678.0)
denovo245 C15.9_FN563475 333 (695.5)
denovo245 C15.7_HE579015 327 (686.5)
denovo245 C15.8_HE579016 333 (678.0)
denovo245 C15.15_HE579021 333 (678.0)
denovo245 C15.19_HE579025 333 (687.0)
denovo245 C15.24_KC597696 333 (669.0)
denovo245 C15.3_FJ461510 333 (678.0)
denovo245 C1087_DQ182655 333 (687.0)
denovo245 C15.14_HE579020 335 (680.0)
denovo245 C15.23_KC597697 335 (680.0)
denovo245 C19_AY258479 332 (696.5)
denovo245 C1233_EU118166 333 (678.0)
denovo245 C15b_AY258491 333 (678.0)
denovo245 C15a_AY258476 333 (687.0)
denovo245 C1051_AF195153 333 (696.0)
denovo245 C2_AF333518 334 (695.0)
denovo245 C15.20_HE579026 334 (686.5)
denovo245 C15f_AY589743 335 (680.0)
denovo245 C55_AY589759 337 (685.0)
denovo245 C15_AY239369 333 (687.0)
denovo245 C32.1_JF683335 326 (636.5)
denovo245 C32.2_JF683336 326 (636.5)
denovo245 C21.23_KC597693 326 (636.5)
denovo245 C1193_EU099827 338 (651.0)
denovo245 C1195_EU099821 336 (656.5)
denovo245 C3q_GU907655 340 (654.5)
denovo245 C53_AY589758 339 (650.0)
denovo245 C73_AY765408 341 (653.5)
denovo245 C17.2.1_KC597684 335 (625.5)
denovo245 C32_AY258497 330 (646.5)
denovo245 C1189_EU099831 333 (648.0)
denovo245 C1191_EU099833 333 (657.0)
denovo245 C1196_EU099819 333 (630.0)
denovo245 C1192_EU099820 333 (630.0)
denovo245 C17.1_JF683322 333 (648.0)
denovo245 C26_b2_FN827164 338 (650.0)
denovo245 C26_b3_FN827165 334 (629.5)
denovo245 C31.9_HQ630879 335 (634.5)
denovo245 C31a_AY589746 335 (631.0)
denovo245 C30_AY589745 335 (631.0)
denovo245 C31.1_HQ630876 339 (632.5)
denovo245 C31.5_HQ630877 335 (640.0)
denovo245 C31.6_HQ630878 335 (640.0)
denovo245 C31.2_JF683332 335 (640.0)
denovo245 C31.3_JF683333 335 (631.0)
denovo245 C26/C35a_AY239378 334 (638.5)
denovo245 C35a_AY258501 334 (638.5)
denovo245 C35.2_AY258500 334 (647.5)
denovo245 C26_b1_FN827163 334 (647.5)
denovo245 C17_AY239370 333 (648.0)
denovo245 C17.2_FJ461513 335 (647.0)
denovo245 C31.10_HQ630880 335 (643.5)
denovo245 C31.4_JF683334 339 (628.5)
denovo245 C31_AY258496 335 (640.0)
denovo245 C25_AY239377 325 (682.0)
denovo245 C61_AY589765 327 (635.0)
denovo245 C1043_DQ072721 333 (636.0)
denovo245 C79_AY765414 336 (667.5)
denovo245 C69_AY589773 325 (662.0)
denovo245 C69a_AY686648 325 (653.0)
denovo245 C21.22_KC597692 330 (636.5)
denovo245 C51_AY589756 333 (660.0)
denovo245 C1aa_HM185739 338 (674.5)
denovo245 C1096_DQ068023 327 (657.5)
denovo245 C74_AY765409 341 (696.0)
denovo245 C1185_AB294629 341 (687.0)
denovo245 C1184_AB294630 341 (687.0)
denovo245 C1153_AB294625 341 (687.0)
denovo245 C1154_AB294626 341 (705.0)
denovo245 C1187_AB294627 341 (687.0)
denovo245 C1186_AB294628 341 (687.0)
denovo245 C57_AY589761 341 (696.0)
denovo245 C66_AY589771 341 (696.0)
denovo245 C5_AF499795 333 (678.0)
denovo245 C1167_AB294586 334 (680.5)
denovo245 C1164_AB294593 333 (678.0)
denovo245 C1183_AB294631 333 (696.0)
denovo245 C1067_DQ335381 333 (669.0)
denovo245 C1159_AB294613 334 (677.0)
denovo245 C1150_AB294622 334 (686.0)
denovo245 C90_AM748554 334 (701.0)
denovo245 C1168_AB294583 333 (687.0)
denovo245 C1156_AB294616 333 (696.0)
denovo245 C1151_AB294621 333 (705.0)
denovo245 C92a_AM748561 333 (705.0)
denovo245 C92_AM748560 333 (696.0)
denovo245 C1165_AB294581 333 (687.0)
denovo245 C1166_AB294584 333 (705.0)
denovo245 C1162_AB294594 333 (687.0)
denovo245 C1163_AB294596 328 (698.5)
denovo245 C1161_AB294606 333 (696.0)
denovo245 C1160_AB294608 337 (688.5)
denovo245 C1158_AB294614 333 (705.0)
denovo245 C1155_AB294617 333 (687.0)
denovo245 C1149_AB294620 333 (696.0)
denovo245 C1173_AB294662 333 (705.0)
denovo245 C1171_AB294663 333 (687.0)
denovo245 C1172_AB294665 333 (687.0)
denovo245 C91a_AM748556 333 (705.0)
denovo245 C91b_AM748557 333 (696.0)
denovo245 C91d_AM748559 332 (693.5)
denovo245 C91c_AM748558 332 (693.5)
denovo245 C91_AJ621543 333 (696.0)
denovo245 C91_AM748555 333 (696.0)
denovo245 C1023_DQ335330 325 (641.0)
denovo245 C1020_DQ335392 337 (671.5)
denovo245 C1018_DQ335408 333 (678.0)
denovo245 C1074_DQ335329 333 (669.0)
denovo245 C1030_DQ335353 333 (669.0)
denovo245 C1022_DQ335331 333 (669.0)
denovo245 C1027_DQ335360 333 (687.0)
denovo245 C1072_DQ335344 333 (669.0)
denovo245 C1039_AB190274 333 (678.0)
denovo245 C1033_DQ335350 338 (666.0)
denovo245 C1019_DQ335407 333 (678.0)
denovo245 C1194_EU099826 334 (657.0)
denovo245 C8b_AY258475 334 (656.5)
denovo245 C8_AY239367 335 (665.0)
denovo245 C8a_AY239368 337 (661.0)
denovo245 C54a_AY765406 333 (687.0)
denovo245 C3ff_HM185740 328 (681.0)
denovo245 C59_AY589763 331 (653.5)
denovo245 C3k_AY589737 333 (687.0)
denovo245 C3.24_HE579012 333 (696.0)
denovo245 C3.23_HE579011 333 (687.0)
denovo245 C35.1_AY765401 340 (698.0)
denovo245 C35.3_EF541145 333 (696.0)
denovo245 C76_AY765411 337 (669.0)
denovo245 C1107_DQ335359 327 (654.5)
denovo245 C3.22_HE579010 336 (652.0)
denovo245 C77_AY765412 333 (665.0)
denovo245 C20_AY239371 336 (677.0)
denovo245 C1055_DQ480640 333 (674.0)
denovo245 C27/C30_AY239379 334 (638.5)
denovo245 C27.1_FJ461517 334 (629.5)
denovo245 C40a_AY589747 333 (675.0)
denovo245 C40_AY258485 338 (681.0)
denovo245 C40b_AY589748 342 (671.5)
denovo245 C16_AY258477 336 (677.0)
denovo245 C16a_AY765399 336 (677.0)
denovo245 C1091_AB207186 328 (680.5)
denovo245 C1102_DQ335400 328 (662.5)
denovo245 C1069_DQ335375 329 (673.5)
denovo245 C1073_DQ335332 333 (678.0)
denovo245 C1066_DQ335382 332 (675.0)
denovo245 C1031_DQ335352 333 (686.0)
denovo245 C1026_DQ335366 338 (683.5)
denovo245 C70_AY589774 328 (689.5)
denovo245 C1082_AB190267 328 (671.5)
denovo245 C1078_AB190271 328 (680.5)
denovo245 C1090_AB207191 328 (671.5)
denovo245 C1071_DQ335302 328 (671.5)
denovo245 C1075_DQ335328 328 (680.5)
denovo245 C1068_DQ335379 328 (671.5)
denovo245 C1064_DQ335395 328 (671.5)
denovo245 C1063_DQ335403 325 (681.0)
denovo245 C62_AY589766 328 (680.5)
denovo245 C1077_DQ335316 325 (686.0)
denovo245 C1109_DQ335338 328 (671.5)
denovo245 C1110_DQ335340 328 (662.5)
denovo245 C1106_DQ335339 328 (662.5)
denovo245 C1112_DQ335319 328 (671.5)
denovo245 C1108_DQ335351 328 (662.5)
denovo245 C1105_DQ335394 328 (671.5)
denovo245 C1121_DQ335378 335 (664.5)
denovo245 C1116_AB190268 335 (673.5)
denovo245 C1115_AB190273 335 (673.5)
denovo245 C1124_DQ335323 328 (653.5)
denovo245 C1120_DQ335398 328 (653.5)
denovo245 C1119_DQ335404 328 (662.5)
denovo245 C1123_DQ335363 328 (662.5)
denovo245 C1004_DQ480635 332 (675.0)
denovo245 C1061_AY186568 332 (666.0)
denovo245 C1053_AY186569 332 (675.0)
denovo245 C1003_DQ480639 332 (675.0)
denovo245 C81_GU907657 332 (646.0)
denovo245 C22_AY239373 333 (677.0)
denovo245 C22a_AY239374 333 (677.0)
denovo245 C1232_EU118163 336 (677.0)
denovo245 C21.13_FJ461515 327 (630.5)
denovo245 C21.1_JF683323 333 (648.0)
denovo245 C21.3_JF683325 333 (657.0)
denovo245 C1.20_HE578993 332 (657.0)
denovo245 C1.22_HE578995 332 (648.0)
denovo245 C52_AY589757 327 (672.0)
denovo245 C1201_EU099793 333 (642.0)
denovo245 C14_AY589741 327 (671.0)
denovo245 C43_AY589749 327 (677.0)
denovo245 C50_AY589755 333 (687.0)
denovo245 C3.14_HQ630872 327 (677.5)
denovo245 C1m_AY765398 327 (677.5)
denovo245 C82_GU907658 335 (673.5)
denovo245 C82b_GU907660 335 (673.5)
denovo245 C64_AY589768 333 (677.5)
denovo245 C45a_AY765404 335 (682.5)
denovo245 C48_AY589753 333 (698.0)
denovo245 C1_v1b_FJ919244 332 (666.0)
denovo245 C1_v1a_FJ919243 332 (675.0)
denovo245 C3j_AY239366 333 (669.0)
denovo245 C3t_EF541149 336 (686.0)
denovo245 C9_AF499798 329 (683.0)
denovo245 C23_AY239375 327 (696.0)
denovo245 C37_AY258481 337 (671.5)
denovo245 C1048_DQ068026 335 (674.0)
denovo245 C21.4_JF683326 333 (648.0)
denovo245 C21.5_JF683327 333 (648.0)
denovo245 C1070_DQ335349 333 (687.0)
denovo245 C21.6_HQ630873 333 (666.0)
denovo245 C1224_EU074890 332 (693.0)
denovo245 C1.17_HE578990 332 (693.0)
denovo245 C21_b1_FN827162 335 (644.5)
denovo245 C21.9_JF683330 335 (653.5)
denovo245 C1085_AY624605 335 (675.0)
denovo245 C3p_GU907654 333 (663.0)
denovo245 C3f_AY589734 333 (687.0)
denovo245 C65a_AY589770 333 (678.0)
denovo245 C65_AY589769 333 (687.0)
denovo245 C71_AY589775 333 (678.0)
denovo245 C71a_AY589776 333 (669.0)
denovo245 C1178_AB294647 333 (672.0)
denovo245 C1225_EU074893 332 (684.0)
denovo245 C75_AY765410 327 (678.5)
denovo245 C21.10_JF683331 327 (648.5)
denovo245 C21.11_HQ630874 327 (648.5)
denovo245 C1065_DQ335388 333 (687.0)
denovo245 C1045_DQ068036 333 (696.0)
denovo245 C1h_AY258473 332 (675.0)
denovo245 C38_AY258482 333 (669.0)
denovo245 C1202_EU099799 333 (669.0)
denovo245 C7_AF499797 333 (678.0)
denovo245 C12_AF499801 335 (667.5)
denovo245 C38a_AY258483 334 (686.0)
denovo245 C1200_EU099800 323 (683.0)
denovo245 C44a_AY589751 335 (691.5)
denovo245 C47_AY589752 335 (691.5)
denovo245 C44_AY589750 335 (682.5)
denovo245 C1.15_HE578988 332 (675.0)
denovo245 C45.3_FJ461522 335 (674.0)
denovo245 C46a_AY765405 335 (673.5)
denovo245 C46_EU449108 335 (682.5)
denovo245 C3.12_FJ461507 336 (686.0)
denovo245 C1k_AY589733 335 (674.0)
denovo245 C67_AY686647 335 (683.0)
denovo245 C82a_GU907659 327 (677.0)
denovo245 C10a_AY589739 335 (683.0)
denovo245 C10_AF499799 335 (674.0)
denovo245 C13_AY589740 337 (677.0)
denovo245 C4_AF499794 335 (674.0)
denovo245 C1147_EF656433 335 (674.0)
denovo245 C1c/C45_AY239364 335 (683.0)
denovo245 C1c/C45_EU449103 335 (683.0)
denovo245 C21.19_HE579031 333 (657.0)
denovo245 C21.21_HE579033 333 (647.5)
denovo245 C21.20_HE579032 333 (656.5)
denovo245 C42b_AY765403 330 (668.0)
denovo245 C42_AY258487 330 (677.0)
denovo245 C1p_GU907652 332 (675.0)
denovo245 C1d_AY258488 335 (665.0)
denovo245 C42_AY765402 335 (674.0)
denovo245 C3ha_AY589736 333 (648.0)
denovo245 C63a_AY589767 335 (665.0)
denovo245 C21a_AY589744 333 (657.0)
denovo245 C3o_GU907653 333 (657.0)
denovo245 C21.16_HQ630875 333 (648.0)
denovo245 C21.2_JF683324 333 (648.0)
denovo245 C21.7_JF683328 333 (657.0)
denovo245 C21.8_JF683329 333 (657.0)
denovo245 C3h_AY239365 333 (648.0)
denovo245 C1203_EU099798 333 (648.0)
denovo245 C3.10_FJ461505 333 (696.0)
denovo245 C21.14_FJ461516 333 (666.0)
denovo245 C21.18_HE579030 339 (645.0)
denovo245 C3.17_HE579005 333 (678.0)
denovo245 C3.9_FJ461504 333 (675.0)
denovo245 C3.8_FJ461503 333 (687.0)
denovo245 C3.7_FJ461502 333 (678.0)
denovo245 C3.11_FJ461506 340 (689.5)
denovo245 C3.18_HE579006 333 (678.0)
denovo245 C3.19_HE579007 333 (678.0)
denovo245 C3.20_HE579008 333 (678.0)
denovo245 C3g_AY589735 336 (670.0)
denovo245 C3a_AF499790 333 (696.0)
denovo245 C3e_AF499793 333 (678.0)
denovo245 C6_AF499796 335 (692.0)
denovo245 C11_AF499800 333 (678.0)
denovo245 C36_AY258480 333 (696.0)
denovo245 C29_AY258494 333 (696.0)
denovo245 C1146_EF656434 327 (687.5)
denovo245 C1190_EU099841 333 (696.0)
denovo245 C131_JF320826 333 (678.0)
denovo245 C28_AY239380 340 (691.5)
denovo245 C1012_DQ480604 333 (678.0)
denovo245 C1181_AB294640 333 (663.0)
denovo245 C1180_AB294641 333 (681.0)
denovo245 C1179_AB294645 333 (672.0)
denovo245 C1176_AB294651 344 (667.0)
denovo245 C1175_AB294653 333 (663.0)
denovo245 C1174_AB294655 335 (668.5)
denovo245 C1177_AB294659 333 (672.0)
denovo245 C1040_AB190269 335 (683.5)
denovo245 C1182_AB294649 333 (678.0)
denovo245 C1089_AJ278598 333 (678.0)
denovo245 C1028_DQ335357 340 (689.0)
denovo245 C3.16_EU786015 333 (696.0)
denovo245 C1097_AJ311943 334 (677.0)
denovo245 C1170_AB294661 333 (672.0)
denovo245 C21.17_HE579029 333 (668.0)
denovo245 C21/3d/C3k_AY239372 333 (657.0)
denovo245 C58_AY589762 334 (656.5)
denovo245 C3L_AY589738 336 (682.5)
denovo245 C1169_AB294660 333 (672.0)
denovo245 C3.2_FJ461497 333 (681.0)
denovo245 C3.1_JF683321 332 (687.5)
denovo245 C1104_AF427469 334 (677.0)
denovo245 C3b_AF499791 333 (690.0)
denovo245 C83_GU907661 333 (689.0)
denovo245 C49_AY589754 362 (700.5)
denovo245 C3_AB778606 333 (687.0)
denovo245 C3_AF499789 333 (687.0)
denovo245 C3_HE579001 333 (687.0)
denovo245 C21.12_FJ461514 333 (639.0)
denovo245 C1229_EU074888 326 (679.0)
denovo245 C1230_EU074889 326 (688.0)
denovo245 C1114_AB207196 333 (669.0)
denovo245 C3.21_HE579009 333 (600.0)
denovo245 C1057_DQ480619 333 (678.0)
denovo245 C72_AY765407 329 (674.5)
denovo245 C1b.3_HE578999 332 (669.0)
denovo245 C93_AJ621536 333 (678.0)
denovo245 C94_AJ621539 332 (675.0)
denovo245 C1g_AY589730 332 (693.0)
denovo245 C1i_AY589731 324 (678.0)
denovo245 C1j_AY589732 339 (686.0)
denovo245 C1005_DQ480633 332 (675.0)
denovo245 C1.7_FJ461494 332 (675.0)
denovo245 C1.11_HE578984 327 (677.5)
denovo245 C1.12_HE578985 332 (675.0)
denovo245 C1.13_HE578986 332 (675.0)
denovo245 C1.14_HE578987 332 (684.0)
denovo245 C1.18_HE578991 332 (675.0)
denovo245 C1.19_HE578992 332 (675.0)
denovo245 C1199_EU099802 332 (668.5)
denovo245 C1188_EU099838 332 (683.5)
denovo245 C1002_DQ838544 333 (686.5)
denovo245 C1198_EU099810 332 (675.0)
denovo245 C24_AY239376 332 (675.0)
denovo245 C1f_AY258490 327 (678.0)
denovo245 C1006_DQ480629 332 (693.0)
denovo245 C1010_DQ480607 332 (675.0)
denovo245 C1007_DQ480624 332 (675.0)
denovo245 C1011_DQ480605 332 (675.0)
denovo245 C1009_DQ480608 336 (677.0)
denovo245 C1041_AY186548 332 (684.0)
denovo245 C1052_AY186570 332 (675.0)
denovo245 C1148_EU040178 332 (683.5)
denovo245 C1234_EU118165 333 (673.5)
denovo245 C1.5_EF634157 332 (684.0)
denovo245 C1059_DQ480609 332 (675.0)
denovo245 C1228_EU074883 332 (675.0)
denovo245 C1208_EU074963 332 (675.0)
denovo245 C1207_EU074964 332 (684.0)
denovo245 C1206_EU074965 332 (675.0)
denovo245 C1013_DQ480642 332 (684.0)
denovo245 C80_GU907656 346 (680.0)
denovo245 C1a_AF499788 332 (684.0)
denovo245 C41_AY258486 332 (684.0)
denovo245 C39_AY258484 320 (688.0)
denovo245 C1231_EU074878 332 (675.0)
denovo245 C1b.1_HE578997 332 (669.0)
denovo245 C18_AY258478 333 (677.5)
denovo245 C1.10_HE578983 332 (681.0)
denovo245 C1_JN558041 332 (684.0)
denovo245 C1_HE578979 332 (684.0)
denovo245 C1_AM748551 332 (684.0)
denovo245 C1_AF333515 332 (684.0)
denovo245 C1054_AY186565 332 (680.5)
denovo245 C1008_DQ480613 332 (675.0)
denovo245 C1103_AF427470 333 (674.0)
denovo245 C1226_EU074881 333 (674.0)
denovo245 C1b/C1e_AY239363 332 (678.0)
denovo245 C1044_DQ068038 332 (669.0)
denovo245 C1017_DQ174729 333 (668.0)
denovo245 C1.6_FJ461493 332 (693.0)
denovo245 C1b.2_HE578998 332 (669.0)
denovo245 C1060_DQ480600 332 (675.0)
denovo245 C1227_EU074882 332 (675.0)
denovo245 C1197_EU099814 332 (675.0)
denovo245 C1130_DQ480643 332 (569.5)
denovo245 D109_AB097465 365 (498.0)
denovo245 D1.11_HE579040 359 (507.0)
denovo245 D105_AF174570 366 (502.5)
denovo245 D104_AF174572 362 (498.0)
denovo245 D1.3_JF683337 363 (500.5)
denovo245 D1.10_HE579039 362 (498.0)
denovo245 D110_AF174561 362 (498.0)
denovo245 D117_AF174542 362 (498.0)
denovo245 D114_AF174549 362 (507.0)
denovo245 D113_AF174557 362 (498.0)
denovo245 D112_AF174558 364 (504.5)
denovo245 D106_AF174559 363 (509.5)
denovo245 D111_AF174560 362 (506.5)
denovo245 D115_AF174562 362 (498.0)
denovo245 D107_AF174568 364 (504.5)
denovo245 D116_AF174571 361 (494.5)
denovo245 D124_EU074897 356 (507.0)
denovo245 D1.8_HE579037 364 (504.5)
denovo245 D3_AY686650 362 (507.0)
denovo245 D1.6_HQ630881 362 (498.0)
denovo245 D120_EU074900 362 (498.0)
denovo245 D121_EU074904 361 (503.5)
denovo245 D122_EU074905 362 (498.0)
denovo245 D1a.2_JF683339 363 (502.5)
denovo245 D1a.1_JF683338 356 (507.0)
denovo245 D2_AY686649 595 (575.5)
denovo245 D4_DQ865214 365 (504.0)
denovo245 D1a_AF499802 362 (507.0)
denovo245 D1a_JN558078 362 (507.0)
denovo245 D123_EU074895 362 (507.0)
denovo245 D108_AF174567 358 (513.0)
denovo245 D103_AF174575 362 (507.0)
denovo245 D100_AF411415 358 (504.0)
denovo245 D118_EF656435 356 (516.0)
denovo245 D101_AF411416 358 (489.0)
denovo245 D119_EU099832 369 (494.5)
denovo245 D102_AF174573 361 (507.5)
denovo245 D1_AF334660 362 (507.0)
denovo245 D1_JN558076 362 (507.0)
denovo245 D1.12_HE579041 343 (505.5)
denovo245 D1.1_AM748564 422 (528.5)
denovo245 D1.2_AM748617 447 (539.0)
denovo245 E111_EU074915 368 (492.0)
denovo245 E110_EU074914 364 (490.0)
denovo245 E114_EU074909 364 (472.0)
denovo245 E1_AF334659 365 (480.0)
denovo245 E105_EU074921 364 (490.0)
denovo245 E112_EU074916 364 (472.0)
denovo245 E104_EU074922 364 (481.0)
denovo245 E102_EU074924 364 (472.0)
denovo245 E103_EU074923 364 (481.0)
denovo245 E101_AY160123 369 (456.0)
denovo245 E109_EU074913 357 (496.5)
denovo245 E100_DQ011618 359 (500.5)
denovo245 E108_EU074912 363 (494.5)
denovo245 E113_EU074908 359 (504.5)
denovo245 E107_EU074910 363 (494.5)
denovo245 F1_JN558066 349 (624.0)
denovo245 F5.2d_AJ291530 331 (653.0)
denovo245 F104_AJ291531 331 (653.0)
denovo245 F5.2c_AM748596 334 (653.5)
denovo245 F5.2_AM748594 336 (649.5)
denovo245 F5.2a_AM748614 336 (649.5)
denovo245 F5.2b_AM748595 336 (649.5)
denovo245 F5.2e_AJ291533 335 (620.5)
denovo245 F5.2g_JN558072 334 (652.5)
denovo245 F5.2f_AJ291512 331 (643.5)
denovo245 F102_AJ291534 344 (645.0)
denovo245 F5.1c_AM748593 345 (675.0)
denovo245 F5.1d_JN558069 357 (634.0)
denovo245 F5.1b_AJ291535 346 (660.5)
denovo245 F5.1_AM748592 344 (654.5)
denovo245 F5.1a_AM748591 346 (660.5)
denovo245 F110_AJ291526 323 (709.5)
denovo245 F4.7_AM748587 329 (713.0)
denovo245 F4.5_AM748585 330 (702.0)
denovo245 F4.4a_AM748583 323 (726.0)
denovo245 F4.4_AM748582 324 (737.0)
denovo245 F4.4b_AM748584 317 (745.0)
denovo245 F4.1a_AM748573 326 (680.5)
denovo245 F112_AJ291528 329 (663.5)
denovo245 F4.1_AM748572 329 (681.5)
denovo245 F4.8b_AM748590 327 (738.0)
denovo245 F4.8_AM748588 324 (738.0)
denovo245 F4.8a_AM748589 324 (738.0)
denovo245 F109_AJ291527 324 (725.0)
denovo245 F4.6_AM748586 324 (686.0)
denovo245 F111_AJ311949 321 (703.5)
denovo245 F4.3c_AM748581 321 (727.0)
denovo245 F4.3a_AM748579 317 (734.5)
denovo245 F4.3b_AM748580 317 (733.5)
denovo245 F4.3_AM748578 318 (727.5)
denovo245 F4.2_AM748574 324 (739.5)
denovo245 F4.2a_AM748575 324 (716.0)
denovo245 F4.2c_AM748577 324 (712.5)
denovo245 F4.2b_AM748576 324 (725.0)
denovo245 F2b_AJ291521 336 (682.5)
denovo245 F2_AJ830908 332 (707.5)
denovo245 F2a_AJ830911 332 (703.0)
denovo245 F3.1a_AM748566 343 (669.0)
denovo245 F114_AJ291525 343 (660.5)
denovo245 F3.1_AM748565 343 (678.5)
denovo245 F3.2_AM748567 352 (705.0)
denovo245 F3.2a_AM748568 348 (703.0)
denovo245 F3.3_AM748569 343 (692.5)
denovo245 F3.4a_AM748571 344 (641.5)
denovo245 F3.4_AM748570 340 (647.5)
denovo245 F3.4b_AM748616 340 (647.5)
denovo245 G101_AJ291539 368 (524.0)
denovo245 G1_AM748597 368 (524.0)
denovo245 G2b_JN558087 367 (520.5)
denovo245 G2_AM748598 368 (514.5)
denovo245 G2a_AM748599 382 (512.5)
denovo245 G4_AM748601 360 (571.0)
denovo245 G3.4_LK392378 361 (519.0)
denovo245 G3_AM748600 362 (521.5)
denovo245 G3.2_KC597694 351 (470.0)
denovo245 G3.1_KC597688 363 (535.0)
denovo245 G100_AB253788 345 (519.5)
denovo245 G3.3_LK392377 363 (525.5)
denovo245 H6_AJ291520 642 (328.5)
denovo245 H3_AM748606 329 (529.0)
denovo245 H2_AM748605 338 (553.0)
denovo245 H4_AM748607 334 (544.5)
denovo245 H4a_AM748608 344 (543.0)
denovo245 H5a_AM748611 337 (526.5)
denovo245 H5b_AM748610 337 (525.5)
denovo245 H5_AJ621129 342 (523.5)
denovo245 H5_AM748609 342 (523.5)
denovo245 H100_AJ291513 342 (512.5)
denovo245 H1b_AM748604 345 (516.0)
denovo245 H1a_AM748612 342 (516.5)
denovo245 H1_AJ621152 342 (516.5)
denovo245 H1_AM748602 342 (516.5)
denovo245 I3_FN561561 344 (717.0)
denovo245 I4_FN561562 344 (717.0)
denovo245 I1_FN561559 339 (711.0)
denovo245 I2_FN561560 342 (710.5)

#---------------------------------------
#---------------------------------------
