denovo258 A136_DQ865210 334 (522.0)
denovo258 A133_DQ174725 357 (479.0)
denovo258 A115_AF180123 339 (468.0)
denovo258 A117_AF201746 332 (508.5)
denovo258 A134_DQ174723 334 (514.0)
denovo258 A114_AF184941 334 (514.0)
denovo258 A135_DQ174727 339 (519.5)
denovo258 A2_AF333506 339 (516.0)
denovo258 A101_AF427468 339 (510.5)
denovo258 A2_1_JN558097 339 (510.5)
denovo258 A2_2_JN558100 339 (510.5)
denovo258 A113_AF184948 331 (506.5)
denovo258 A112_AF184949 332 (482.0)
denovo258 A123_EF378618 350 (330.5)
denovo258 A137_EF378621 350 (331.0)
denovo258 A11_EU449041 348 (504.5)
denovo258 A121_DQ174722 341 (488.0)
denovo258 A15b_EU792886 336 (465.0)
denovo258 A15a_EU792885 338 (481.5)
denovo258 A15c_EU792887 339 (473.0)
denovo258 A15_EU792884 336 (474.0)
denovo258 A147_EU074937 338 (490.5)
denovo258 A154_EU074860 338 (490.5)
denovo258 A146_EU074936 341 (489.5)
denovo258 A150_EU074928 340 (504.5)
denovo258 A116_AF183575 341 (489.0)
denovo258 A141_EU074931 340 (495.5)
denovo258 A5_AF333508 336 (499.5)
denovo258 A3b_EU449043 338 (499.5)
denovo258 A151_EU074925 342 (485.5)
denovo258 A152_EU074927 342 (484.0)
denovo258 A149_EU074929 342 (485.5)
denovo258 A140_EU074930 338 (481.5)
denovo258 A142_EU074932 338 (481.5)
denovo258 A143_EU074933 338 (490.5)
denovo258 A144_EU074934 338 (481.5)
denovo258 A145_EU074935 341 (489.5)
denovo258 A148_EU074938 340 (486.5)
denovo258 A155_EU074856 338 (481.5)
denovo258 A156_EU074859 338 (481.5)
denovo258 A139_EU074962 338 (481.5)
denovo258 A6_AF186058 338 (490.5)
denovo258 A3_AF333507 338 (490.5)
denovo258 A3_JN558091 338 (490.5)
denovo258 A8_AY258468 338 (472.5)
denovo258 A7_AY239360 338 (482.0)
denovo258 A16_EU792888 332 (491.0)
denovo258 A4.3_FN429763 349 (484.5)
denovo258 A120_AF180122 343 (467.0)
denovo258 A4.2_FN429761 347 (475.5)
denovo258 A4_AF333509 347 (503.5)
denovo258 A4.1_FN429760 346 (498.5)
denovo258 A4a_AF499778 344 (504.0)
denovo258 A4a.1_FN429762 344 (504.0)
denovo258 A138_EF378620 350 (458.0)
denovo258 A122_EF378619 349 (495.0)
denovo258 A126_EF378615 348 (496.0)
denovo258 A10_EU792882 348 (496.0)
denovo258 A9_EU449028 350 (483.5)
denovo258 A105_AB207202 344 (502.5)
denovo258 A119_AF180121 340 (471.5)
denovo258 A12_EU792883 345 (487.0)
denovo258 A104_AB207203 347 (502.0)
denovo258 A1a_EU449030 344 (494.0)
denovo258 A1.3_HE578976 342 (505.0)
denovo258 A1.4_HE578977 346 (508.0)
denovo258 A13_AF333504 343 (499.5)
denovo258 A13_JN558094 343 (499.5)
denovo258 A110_AB190282 350 (493.0)
denovo258 A103_AB207206 348 (505.0)
denovo258 A130_EF656428 346 (499.0)
denovo258 A127_EF656429 346 (508.0)
denovo258 A128_EF656430 346 (490.0)
denovo258 A129_EF656431 346 (508.0)
denovo258 A131_EF656432 346 (499.5)
denovo258 A118_AF180120 346 (475.5)
denovo258 A1_AF333505 346 (499.0)
denovo258 A107_AB207199 343 (498.5)
denovo258 A111_AB190280 343 (507.5)
denovo258 A108_AB207197 345 (481.5)
denovo258 A106_AB207200 345 (505.0)
denovo258 A102_AB207209 345 (505.5)
denovo258 A1.2_AB207210 345 (505.5)
denovo258 A109_AB190285 345 (505.0)
denovo258 B4_AF333510 317 (1114.5)
denovo258 B23_EU449079 303 (1243.0)
denovo258 B30_GU907644 303 (1225.0)
denovo258 B11_AY239361 308 (1303.5)
denovo258 B17_AY258470 306 (1286.5)
denovo258 B1k_GU907638 307 (698.0)
denovo258 B1.V_Green2014 313 (1244.0)
denovo258 B1b_AF499780 304 (1248.5)
denovo258 B16_AY258469 306 (1295.5)
denovo258 B31a_GU907646 308 (1310.0)
denovo258 B32_GU907647 308 (1310.0)
denovo258 B31_GU907645 308 (1319.0)
denovo258 B1j_GU907637 306 (1295.5)
denovo258 B37_GU907650 308 (1294.0)
denovo258 B5a_AF499782 306 (1313.5)
denovo258 B5_AF499781 306 (1322.5)
denovo258 B24_GU907643 306 (1135.5)
denovo258 B117_AF180124 306 (1187.0)
denovo258 B10_AF499787 306 (1295.5)
denovo258 B20_GU907642 308 (1279.0)
denovo258 B1m_GU907640 306 (1304.5)
denovo258 B34_GU907649 306 (1304.5)
denovo258 B1d_GU907633 306 (1304.5)
denovo258 B1e_GU907634 306 (1304.5)
denovo258 B1i_GU907636 306 (1304.5)
denovo258 B1g_GU907635 307 (1285.5)
denovo258 B123_EU074872 306 (1304.5)
denovo258 B8_AF499785 307 (1294.5)
denovo258 B1l_GU907639 306 (1304.5)
denovo258 B1a_AF499779 306 (1304.5)
denovo258 B14_AY239362 307 (1294.5)
denovo258 B125_EU074865 306 (1304.5)
denovo258 B122_EU074871 306 (1322.0)
denovo258 B124_EU074874 306 (1304.5)
denovo258 B1.VII_Green2014 306 (1234.5)
denovo258 B1.III_Green2014 306 (1241.5)
denovo258 B1.I_Green2014 306 (1313.5)
denovo258 B1.II_Green2014 306 (1313.5)
denovo258 B1_JN558057 306 (1313.5)
denovo258 B1_AF333511 306 (1313.5)
denovo258 B1.IV_Green2014 316 (1299.0)
denovo258 B121_EU074870 306 (1304.5)
denovo258 B7_AF499784 306 (1304.5)
denovo258 B1.VI_Green2014 307 (1244.5)
denovo258 B3_AF333514 302 (1289.0)
denovo258 B9_AF499786 302 (1289.0)
denovo258 B19a_JN558055 306 (1174.0)
denovo258 B119_EU099825 311 (1214.0)
denovo258 B21_DQ865213 302 (1266.5)
denovo258 B38_GU907651 302 (1266.5)
denovo258 B18_AY258471 302 (1316.0)
denovo258 B18a_AY258472 302 (1325.0)
denovo258 B33_GU907648 302 (1316.0)
denovo258 B6_AF499783 307 (1303.5)
denovo258 B19_DQ865212 302 (1316.0)
denovo258 B19_GU907641 302 (1316.0)
denovo258 B2_AF333512 302 (1307.0)
denovo258 B2_JN558060 302 (1307.0)
denovo258 C33.1_AY258498 329 (635.0)
denovo258 C33.2_AY765400 329 (635.0)
denovo258 C33a_EF541147 329 (635.0)
denovo258 C34_AY258499 322 (633.0)
denovo258 C78_AY765413 342 (609.5)
denovo258 C15.29_KC597690 325 (595.0)
denovo258 C1131_DQ182650 327 (591.5)
denovo258 C1135_DQ182646 322 (577.5)
denovo258 C1134_DQ182647 322 (577.5)
denovo258 C1142_DQ182635 322 (586.5)
denovo258 C1136_DQ182644 321 (563.0)
denovo258 C1111_DQ182645 320 (578.5)
denovo258 C1236_EF473656 320 (569.5)
denovo258 C1138_DQ182642 320 (587.5)
denovo258 C1137_DQ182643 320 (569.5)
denovo258 C1133_DQ182648 321 (572.0)
denovo258 C1132_DQ182649 325 (574.5)
denovo258 C1143_DQ182634 320 (578.5)
denovo258 C1139_DQ182639 317 (599.0)
denovo258 C15.28_KC597687 322 (641.5)
denovo258 C1141_DQ182636 322 (595.5)
denovo258 C1144_DQ182637 322 (595.5)
denovo258 C1122_DQ182654 322 (613.5)
denovo258 C1127_DQ182652 322 (613.5)
denovo258 C15.30_JX394114 326 (634.0)
denovo258 C15.26_KC597686 323 (626.0)
denovo258 C1086_DQ182656 323 (635.0)
denovo258 C15.25_KC597685 323 (644.0)
denovo258 C1118_AF180127 332 (594.5)
denovo258 C1129_DQ182651 323 (580.0)
denovo258 C15.21_KC597683 321 (629.0)
denovo258 C56_AY589760 324 (620.0)
denovo258 C1140_DQ182638 323 (589.0)
denovo258 C1126_DQ182653 323 (580.0)
denovo258 C15c_AY258492 322 (641.5)
denovo258 C15d_AY258493 321 (648.0)
denovo258 C1098_DQ182641 323 (624.0)
denovo258 C15.27_KC597689 323 (644.0)
denovo258 C15.18_HE579024 323 (626.0)
denovo258 C15.16_HE579022 328 (658.5)
denovo258 C1101_AB253787 323 (626.0)
denovo258 C1083_AY237300 323 (635.0)
denovo258 C1088_DQ182640 327 (627.5)
denovo258 C15.6_FN563472 324 (638.0)
denovo258 C15.5_FJ461512 324 (629.5)
denovo258 C15.4_FJ461511 324 (629.5)
denovo258 C15.13_HE579019 323 (626.0)
denovo258 C15.12_HE579018 323 (635.0)
denovo258 C93a_AM748563 322 (659.5)
denovo258 C1094_AJ291514 322 (641.5)
denovo258 C93_AM748562 322 (650.5)
denovo258 C15.17_HE579023 321 (650.5)
denovo258 C15e_AY589742 325 (643.5)
denovo258 C15.22_KC597695 323 (653.0)
denovo258 C60_AY589764 323 (635.0)
denovo258 C15.1_FJ461508 318 (647.5)
denovo258 C15.2_FJ461509 323 (635.0)
denovo258 C15.9_FN563475 324 (637.5)
denovo258 C15.7_HE579015 323 (635.0)
denovo258 C15.8_HE579016 323 (635.0)
denovo258 C15.15_HE579021 323 (635.0)
denovo258 C15.19_HE579025 323 (644.0)
denovo258 C15.24_KC597696 321 (638.0)
denovo258 C15.3_FJ461510 323 (626.5)
denovo258 C1087_DQ182655 323 (644.0)
denovo258 C15.14_HE579020 325 (637.0)
denovo258 C15.23_KC597697 325 (637.0)
denovo258 C19_AY258479 323 (647.5)
denovo258 C1233_EU118166 323 (635.0)
denovo258 C15b_AY258491 323 (635.0)
denovo258 C15a_AY258476 323 (635.5)
denovo258 C1051_AF195153 323 (653.0)
denovo258 C2_AF333518 324 (652.0)
denovo258 C15.20_HE579026 324 (643.5)
denovo258 C15f_AY589743 323 (640.5)
denovo258 C55_AY589759 327 (642.0)
denovo258 C15_AY239369 323 (644.0)
denovo258 C32.1_JF683335 318 (608.5)
denovo258 C32.2_JF683336 318 (608.5)
denovo258 C21.23_KC597693 318 (608.5)
denovo258 C1193_EU099827 334 (618.0)
denovo258 C1195_EU099821 336 (598.5)
denovo258 C3q_GU907655 328 (615.5)
denovo258 C53_AY589758 330 (592.0)
denovo258 C73_AY765408 328 (621.0)
denovo258 C17.2.1_KC597684 318 (599.0)
denovo258 C32_AY258497 322 (601.0)
denovo258 C1189_EU099831 318 (609.5)
denovo258 C1191_EU099833 317 (616.0)
denovo258 C1196_EU099819 319 (594.5)
denovo258 C1192_EU099820 319 (594.5)
denovo258 C17.1_JF683322 321 (609.0)
denovo258 C26_b2_FN827164 319 (626.5)
denovo258 C26_b3_FN827165 317 (603.5)
denovo258 C31.9_HQ630879 318 (608.0)
denovo258 C31a_AY589746 318 (613.5)
denovo258 C30_AY589745 316 (616.0)
denovo258 C31.1_HQ630876 322 (615.0)
denovo258 C31.5_HQ630877 319 (624.5)
denovo258 C31.6_HQ630878 318 (622.5)
denovo258 C31.2_JF683332 318 (631.0)
denovo258 C31.3_JF683333 318 (613.5)
denovo258 C26/C35a_AY239378 317 (612.5)
denovo258 C35a_AY258501 317 (612.5)
denovo258 C35.2_AY258500 317 (621.5)
denovo258 C26_b1_FN827163 317 (621.5)
denovo258 C17_AY239370 318 (609.5)
denovo258 C17.2_FJ461513 318 (611.5)
denovo258 C31.10_HQ630880 318 (617.0)
denovo258 C31.4_JF683334 322 (611.0)
denovo258 C31_AY258496 318 (622.5)
denovo258 C25_AY239377 327 (631.5)
denovo258 C61_AY589765 318 (587.5)
denovo258 C1043_DQ072721 323 (576.5)
denovo258 C79_AY765414 328 (604.0)
denovo258 C69_AY589773 316 (595.0)
denovo258 C69a_AY686648 316 (586.0)
denovo258 C21.22_KC597692 325 (601.5)
denovo258 C51_AY589756 323 (600.0)
denovo258 C1aa_HM185739 331 (605.5)
denovo258 C1096_DQ068023 323 (596.5)
denovo258 C74_AY765409 331 (635.5)
denovo258 C1185_AB294629 332 (629.5)
denovo258 C1184_AB294630 331 (626.5)
denovo258 C1153_AB294625 326 (639.0)
denovo258 C1154_AB294626 330 (642.0)
denovo258 C1187_AB294627 331 (626.5)
denovo258 C1186_AB294628 331 (626.5)
denovo258 C57_AY589761 331 (635.5)
denovo258 C66_AY589771 331 (635.5)
denovo258 C5_AF499795 318 (638.5)
denovo258 C1167_AB294586 324 (628.5)
denovo258 C1164_AB294593 323 (626.0)
denovo258 C1183_AB294631 323 (635.0)
denovo258 C1067_DQ335381 326 (608.0)
denovo258 C1159_AB294613 322 (636.5)
denovo258 C1150_AB294622 322 (645.5)
denovo258 C90_AM748554 325 (634.5)
denovo258 C1168_AB294583 323 (626.5)
denovo258 C1156_AB294616 323 (644.5)
denovo258 C1151_AB294621 323 (644.5)
denovo258 C92a_AM748561 323 (644.5)
denovo258 C92_AM748560 323 (635.5)
denovo258 C1165_AB294581 323 (635.0)
denovo258 C1166_AB294584 323 (653.0)
denovo258 C1162_AB294594 323 (635.0)
denovo258 C1163_AB294596 323 (653.0)
denovo258 C1161_AB294606 323 (644.0)
denovo258 C1160_AB294608 327 (636.5)
denovo258 C1158_AB294614 323 (653.0)
denovo258 C1155_AB294617 323 (635.0)
denovo258 C1149_AB294620 323 (644.0)
denovo258 C1173_AB294662 323 (653.0)
denovo258 C1171_AB294663 323 (635.0)
denovo258 C1172_AB294665 323 (635.0)
denovo258 C91a_AM748556 323 (644.5)
denovo258 C91b_AM748557 323 (644.0)
denovo258 C91d_AM748559 323 (644.0)
denovo258 C91c_AM748558 323 (644.0)
denovo258 C91_AJ621543 323 (644.0)
denovo258 C91_AM748555 323 (644.0)
denovo258 C1023_DQ335330 312 (582.0)
denovo258 C1020_DQ335392 328 (613.5)
denovo258 C1018_DQ335408 326 (617.0)
denovo258 C1074_DQ335329 323 (608.5)
denovo258 C1030_DQ335353 323 (608.5)
denovo258 C1022_DQ335331 323 (608.5)
denovo258 C1027_DQ335360 323 (626.5)
denovo258 C1072_DQ335344 323 (608.5)
denovo258 C1039_AB190274 323 (617.5)
denovo258 C1033_DQ335350 328 (605.5)
denovo258 C1019_DQ335407 323 (617.5)
denovo258 C1194_EU099826 322 (607.5)
denovo258 C8b_AY258475 327 (594.0)
denovo258 C8_AY239367 329 (606.5)
denovo258 C8a_AY239368 332 (605.5)
denovo258 C54a_AY765406 326 (617.0)
denovo258 C3ff_HM185740 323 (608.5)
denovo258 C59_AY589763 332 (598.0)
denovo258 C3k_AY589737 338 (626.5)
denovo258 C3.24_HE579012 337 (641.5)
denovo258 C3.23_HE579011 338 (635.0)
denovo258 C35.1_AY765401 332 (634.0)
denovo258 C35.3_EF541145 325 (632.0)
denovo258 C76_AY765411 329 (622.5)
denovo258 C1107_DQ335359 338 (585.5)
denovo258 C3.22_HE579010 326 (591.5)
denovo258 C77_AY765412 325 (619.0)
denovo258 C20_AY239371 325 (623.5)
denovo258 C1055_DQ480640 324 (616.0)
denovo258 C27/C30_AY239379 317 (612.0)
denovo258 C27.1_FJ461517 317 (603.0)
denovo258 C40a_AY589747 328 (620.5)
denovo258 C40_AY258485 328 (620.5)
denovo258 C40b_AY589748 334 (618.0)
denovo258 C16_AY258477 326 (617.0)
denovo258 C16a_AY765399 326 (617.0)
denovo258 C1091_AB207186 325 (614.5)
denovo258 C1102_DQ335400 325 (596.5)
denovo258 C1069_DQ335375 326 (616.5)
denovo258 C1073_DQ335332 338 (608.5)
denovo258 C1066_DQ335382 338 (608.0)
denovo258 C1031_DQ335352 330 (620.0)
denovo258 C1026_DQ335366 328 (623.0)
denovo258 C70_AY589774 325 (623.5)
denovo258 C1082_AB190267 325 (605.5)
denovo258 C1078_AB190271 323 (617.5)
denovo258 C1090_AB207191 328 (614.0)
denovo258 C1071_DQ335302 328 (614.0)
denovo258 C1075_DQ335328 328 (614.0)
denovo258 C1068_DQ335379 325 (605.5)
denovo258 C1064_DQ335395 325 (605.5)
denovo258 C1063_DQ335403 326 (617.0)
denovo258 C62_AY589766 325 (614.5)
denovo258 C1077_DQ335316 326 (614.0)
denovo258 C1109_DQ335338 325 (605.5)
denovo258 C1110_DQ335340 325 (605.5)
denovo258 C1106_DQ335339 325 (596.5)
denovo258 C1112_DQ335319 325 (605.5)
denovo258 C1108_DQ335351 325 (596.5)
denovo258 C1105_DQ335394 325 (605.5)
denovo258 C1121_DQ335378 332 (598.5)
denovo258 C1116_AB190268 332 (607.5)
denovo258 C1115_AB190273 332 (607.5)
denovo258 C1124_DQ335323 325 (587.5)
denovo258 C1120_DQ335398 325 (587.5)
denovo258 C1119_DQ335404 325 (596.5)
denovo258 C1123_DQ335363 325 (596.5)
denovo258 C1004_DQ480635 324 (619.5)
denovo258 C1061_AY186568 324 (610.5)
denovo258 C1053_AY186569 324 (619.5)
denovo258 C1003_DQ480639 324 (619.5)
denovo258 C81_GU907657 337 (595.0)
denovo258 C22_AY239373 321 (619.0)
denovo258 C22a_AY239374 323 (625.0)
denovo258 C1232_EU118163 326 (616.5)
denovo258 C21.13_FJ461515 318 (600.5)
denovo258 C21.1_JF683323 319 (611.5)
denovo258 C21.3_JF683325 319 (612.0)
denovo258 C1.20_HE578993 327 (610.0)
denovo258 C1.22_HE578995 327 (601.0)
denovo258 C52_AY589757 324 (624.0)
denovo258 C1201_EU099793 324 (589.5)
denovo258 C14_AY589741 327 (632.0)
denovo258 C43_AY589749 328 (631.5)
denovo258 C50_AY589755 326 (617.0)
denovo258 C3.14_HQ630872 323 (608.5)
denovo258 C1m_AY765398 325 (632.0)
denovo258 C82_GU907658 325 (631.5)
denovo258 C82b_GU907660 325 (631.5)
denovo258 C64_AY589768 339 (628.5)
denovo258 C45a_AY765404 326 (625.0)
denovo258 C48_AY589753 323 (638.0)
denovo258 C1_v1b_FJ919244 325 (613.0)
denovo258 C1_v1a_FJ919243 323 (617.0)
denovo258 C3j_AY239366 324 (611.5)
denovo258 C3t_EF541149 326 (625.5)
denovo258 C9_AF499798 326 (634.0)
denovo258 C23_AY239375 325 (623.5)
denovo258 C37_AY258481 328 (613.5)
denovo258 C1048_DQ068026 329 (615.5)
denovo258 C21.4_JF683326 318 (609.5)
denovo258 C21.5_JF683327 318 (609.5)
denovo258 C1070_DQ335349 323 (626.5)
denovo258 C21.6_HQ630873 318 (627.5)
denovo258 C1224_EU074890 323 (635.0)
denovo258 C1.17_HE578990 323 (635.0)
denovo258 C21_b1_FN827162 317 (616.0)
denovo258 C21.9_JF683330 317 (625.0)
denovo258 C1085_AY624605 322 (624.5)
denovo258 C3p_GU907654 323 (602.5)
denovo258 C3f_AY589734 323 (626.5)
denovo258 C65a_AY589770 323 (626.5)
denovo258 C65_AY589769 323 (635.5)
denovo258 C71_AY589775 323 (626.5)
denovo258 C71a_AY589776 323 (635.5)
denovo258 C1178_AB294647 322 (609.0)
denovo258 C1225_EU074893 318 (638.5)
denovo258 C75_AY765410 326 (616.5)
denovo258 C21.10_JF683331 321 (609.0)
denovo258 C21.11_HQ630874 318 (609.5)
denovo258 C1065_DQ335388 323 (626.5)
denovo258 C1045_DQ068036 323 (635.5)
denovo258 C1h_AY258473 338 (626.0)
denovo258 C38_AY258482 338 (617.5)
denovo258 C1202_EU099799 338 (617.5)
denovo258 C7_AF499797 338 (626.5)
denovo258 C12_AF499801 340 (616.0)
denovo258 C38a_AY258483 339 (634.5)
denovo258 C1200_EU099800 328 (631.5)
denovo258 C44a_AY589751 326 (634.0)
denovo258 C47_AY589752 326 (634.0)
denovo258 C44_AY589750 326 (625.0)
denovo258 C1.15_HE578988 318 (629.5)
denovo258 C45.3_FJ461522 321 (628.5)
denovo258 C46a_AY765405 325 (622.0)
denovo258 C46_EU449108 326 (625.0)
denovo258 C3.12_FJ461507 326 (625.5)
denovo258 C1k_AY589733 326 (616.0)
denovo258 C67_AY686647 332 (625.5)
denovo258 C82a_GU907659 325 (632.0)
denovo258 C10a_AY589739 326 (625.0)
denovo258 C10_AF499799 326 (616.0)
denovo258 C13_AY589740 328 (628.0)
denovo258 C4_AF499794 326 (616.0)
denovo258 C1147_EF656433 326 (616.0)
denovo258 C1c/C45_AY239364 326 (625.0)
denovo258 C1c/C45_EU449103 326 (625.0)
denovo258 C21.19_HE579031 318 (618.5)
denovo258 C21.21_HE579033 318 (609.5)
denovo258 C21.20_HE579032 318 (618.5)
denovo258 C42b_AY765403 328 (604.5)
denovo258 C42_AY258487 328 (613.5)
denovo258 C1p_GU907652 323 (617.0)
denovo258 C1d_AY258488 326 (607.0)
denovo258 C42_AY765402 326 (616.0)
denovo258 C3ha_AY589736 318 (618.0)
denovo258 C63a_AY589767 318 (638.0)
denovo258 C21a_AY589744 318 (618.5)
denovo258 C3o_GU907653 318 (618.5)
denovo258 C21.16_HQ630875 320 (614.5)
denovo258 C21.2_JF683324 318 (609.5)
denovo258 C21.7_JF683328 317 (616.0)
denovo258 C21.8_JF683329 318 (618.5)
denovo258 C3h_AY239365 318 (609.5)
denovo258 C1203_EU099798 318 (609.5)
denovo258 C3.10_FJ461505 323 (635.5)
denovo258 C21.14_FJ461516 318 (627.5)
denovo258 C21.18_HE579030 321 (615.0)
denovo258 C3.17_HE579005 323 (617.5)
denovo258 C3.9_FJ461504 323 (615.0)
denovo258 C3.8_FJ461503 323 (626.5)
denovo258 C3.7_FJ461502 323 (617.5)
denovo258 C3.11_FJ461506 330 (629.0)
denovo258 C3.18_HE579006 323 (617.5)
denovo258 C3.19_HE579007 323 (617.5)
denovo258 C3.20_HE579008 323 (617.5)
denovo258 C3g_AY589735 326 (609.5)
denovo258 C3a_AF499790 323 (635.5)
denovo258 C3e_AF499793 323 (617.5)
denovo258 C6_AF499796 330 (619.5)
denovo258 C11_AF499800 323 (617.5)
denovo258 C36_AY258480 323 (635.5)
denovo258 C29_AY258494 323 (635.5)
denovo258 C1146_EF656434 321 (619.5)
denovo258 C1190_EU099841 323 (635.5)
denovo258 C131_JF320826 323 (617.5)
denovo258 C28_AY239380 330 (631.0)
denovo258 C1012_DQ480604 323 (617.5)
denovo258 C1181_AB294640 323 (602.5)
denovo258 C1180_AB294641 323 (620.5)
denovo258 C1179_AB294645 323 (611.5)
denovo258 C1176_AB294651 323 (620.5)
denovo258 C1175_AB294653 323 (602.5)
denovo258 C1174_AB294655 323 (611.0)
denovo258 C1177_AB294659 323 (611.5)
denovo258 C1040_AB190269 322 (624.5)
denovo258 C1182_AB294649 323 (617.5)
denovo258 C1089_AJ278598 323 (617.5)
denovo258 C1028_DQ335357 330 (628.5)
denovo258 C3.16_EU786015 323 (635.5)
denovo258 C1097_AJ311943 324 (625.0)
denovo258 C1170_AB294661 321 (614.0)
denovo258 C21.17_HE579029 318 (620.5)
denovo258 C21/3d/C3k_AY239372 318 (618.5)
denovo258 C58_AY589762 318 (624.0)
denovo258 C3L_AY589738 326 (622.0)
denovo258 C1169_AB294660 323 (611.5)
denovo258 C3.2_FJ461497 321 (623.5)
denovo258 C3.1_JF683321 322 (635.5)
denovo258 C1104_AF427469 324 (616.5)
denovo258 C3b_AF499791 323 (630.0)
denovo258 C83_GU907661 323 (629.0)
denovo258 C49_AY589754 358 (641.5)
denovo258 C3_AB778606 323 (626.5)
denovo258 C3_AF499789 323 (626.5)
denovo258 C3_HE579001 323 (626.5)
denovo258 C21.12_FJ461514 318 (600.5)
denovo258 C1229_EU074888 322 (619.0)
denovo258 C1230_EU074889 322 (628.0)
denovo258 C1114_AB207196 323 (608.5)
denovo258 C3.21_HE579009 323 (548.5)
denovo258 C1057_DQ480619 323 (617.0)
denovo258 C72_AY765407 324 (619.5)
denovo258 C1b.3_HE578999 321 (614.0)
denovo258 C93_AJ621536 323 (617.5)
denovo258 C94_AJ621539 323 (617.0)
denovo258 C1g_AY589730 323 (635.0)
denovo258 C1i_AY589731 323 (635.5)
denovo258 C1j_AY589732 330 (628.0)
denovo258 C1005_DQ480633 324 (619.5)
denovo258 C1.7_FJ461494 323 (617.0)
denovo258 C1.11_HE578984 324 (619.5)
denovo258 C1.12_HE578985 324 (619.5)
denovo258 C1.13_HE578986 326 (625.5)
denovo258 C1.14_HE578987 323 (626.0)
denovo258 C1.18_HE578991 323 (617.0)
denovo258 C1.19_HE578992 323 (617.0)
denovo258 C1199_EU099802 323 (611.0)
denovo258 C1188_EU099838 323 (626.0)
denovo258 C1002_DQ838544 323 (626.5)
denovo258 C1198_EU099810 323 (617.0)
denovo258 C24_AY239376 326 (616.5)
denovo258 C1f_AY258490 323 (626.0)
denovo258 C1006_DQ480629 323 (635.0)
denovo258 C1010_DQ480607 323 (617.0)
denovo258 C1007_DQ480624 323 (617.0)
denovo258 C1011_DQ480605 323 (617.0)
denovo258 C1009_DQ480608 327 (619.0)
denovo258 C1041_AY186548 323 (626.0)
denovo258 C1052_AY186570 323 (617.0)
denovo258 C1148_EU040178 323 (626.0)
denovo258 C1234_EU118165 324 (616.0)
denovo258 C1.5_EF634157 326 (625.5)
denovo258 C1059_DQ480609 323 (617.0)
denovo258 C1228_EU074883 323 (617.0)
denovo258 C1208_EU074963 323 (617.0)
denovo258 C1207_EU074964 323 (626.0)
denovo258 C1206_EU074965 323 (617.0)
denovo258 C1013_DQ480642 326 (616.5)
denovo258 C80_GU907656 334 (622.5)
denovo258 C1a_AF499788 324 (628.5)
denovo258 C41_AY258486 326 (625.5)
denovo258 C39_AY258484 310 (627.0)
denovo258 C1231_EU074878 323 (617.0)
denovo258 C1b.1_HE578997 321 (614.0)
denovo258 C18_AY258478 323 (626.0)
denovo258 C1.10_HE578983 322 (620.5)
denovo258 C1_JN558041 323 (626.0)
denovo258 C1_HE578979 323 (626.0)
denovo258 C1_AM748551 323 (626.0)
denovo258 C1_AF333515 323 (626.0)
denovo258 C1054_AY186565 322 (629.5)
denovo258 C1008_DQ480613 323 (617.0)
denovo258 C1103_AF427470 324 (616.0)
denovo258 C1226_EU074881 324 (617.0)
denovo258 C1b/C1e_AY239363 321 (623.0)
denovo258 C1044_DQ068038 323 (611.0)
denovo258 C1017_DQ174729 322 (613.0)
denovo258 C1.6_FJ461493 323 (635.0)
denovo258 C1b.2_HE578998 321 (614.0)
denovo258 C1060_DQ480600 323 (617.0)
denovo258 C1227_EU074882 323 (617.0)
denovo258 C1197_EU099814 323 (617.0)
denovo258 C1130_DQ480643 323 (519.5)
denovo258 D109_AB097465 361 (456.0)
denovo258 D1.11_HE579040 354 (464.0)
denovo258 D105_AF174570 355 (458.5)
denovo258 D104_AF174572 355 (449.0)
denovo258 D1.3_JF683337 355 (466.5)
denovo258 D1.10_HE579039 355 (457.5)
denovo258 D110_AF174561 355 (457.5)
denovo258 D117_AF174542 354 (455.0)
denovo258 D114_AF174549 354 (464.0)
denovo258 D113_AF174557 358 (457.5)
denovo258 D112_AF174558 362 (461.0)
denovo258 D106_AF174559 354 (464.0)
denovo258 D111_AF174560 354 (463.5)
denovo258 D115_AF174562 354 (455.0)
denovo258 D107_AF174568 353 (461.5)
denovo258 D116_AF174571 354 (446.0)
denovo258 D124_EU074897 355 (467.0)
denovo258 D1.8_HE579037 354 (464.0)
denovo258 D3_AY686650 354 (464.0)
denovo258 D1.6_HQ630881 354 (455.0)
denovo258 D120_EU074900 358 (457.5)
denovo258 D121_EU074904 354 (455.0)
denovo258 D122_EU074905 354 (455.0)
denovo258 D1a.2_JF683339 360 (464.5)
denovo258 D1a.1_JF683338 355 (467.0)
denovo258 D2_AY686649 597 (540.5)
denovo258 D4_DQ865214 359 (466.0)
denovo258 D1a_AF499802 358 (466.5)
denovo258 D1a_JN558078 358 (466.5)
denovo258 D123_EU074895 345 (464.0)
denovo258 D108_AF174567 355 (458.0)
denovo258 D103_AF174575 351 (463.5)
denovo258 D100_AF411415 351 (455.5)
denovo258 D118_EF656435 358 (475.5)
denovo258 D101_AF411416 351 (440.5)
denovo258 D119_EU099832 353 (454.5)
denovo258 D102_AF174573 344 (465.0)
denovo258 D1_AF334660 354 (464.0)
denovo258 D1_JN558076 354 (464.0)
denovo258 D1.12_HE579041 333 (456.5)
denovo258 D1.1_AM748564 429 (491.0)
denovo258 D1.2_AM748617 435 (491.0)
denovo258 E111_EU074915 368 (461.0)
denovo258 E110_EU074914 369 (473.0)
denovo258 E114_EU074909 367 (458.5)
denovo258 E1_AF334659 370 (454.0)
denovo258 E105_EU074921 369 (464.0)
denovo258 E112_EU074916 367 (458.5)
denovo258 E104_EU074922 369 (464.5)
denovo258 E102_EU074924 367 (458.5)
denovo258 E103_EU074923 367 (467.5)
denovo258 E101_AY160123 371 (439.5)
denovo258 E109_EU074913 356 (472.5)
denovo258 E100_DQ011618 356 (479.5)
denovo258 E108_EU074912 356 (470.5)
denovo258 E113_EU074908 352 (480.5)
denovo258 E107_EU074910 356 (470.5)
denovo258 F1_JN558066 337 (621.0)
denovo258 F5.2d_AJ291530 333 (645.5)
denovo258 F104_AJ291531 333 (645.5)
denovo258 F5.2c_AM748596 333 (637.0)
denovo258 F5.2_AM748594 333 (636.5)
denovo258 F5.2a_AM748614 333 (636.5)
denovo258 F5.2b_AM748595 333 (636.5)
denovo258 F5.2e_AJ291533 333 (619.0)
denovo258 F5.2g_JN558072 331 (638.0)
denovo258 F5.2f_AJ291512 332 (633.0)
denovo258 F102_AJ291534 332 (633.0)
denovo258 F5.1c_AM748593 330 (662.0)
denovo258 F5.1d_JN558069 332 (640.5)
denovo258 F5.1b_AJ291535 328 (666.5)
denovo258 F5.1_AM748592 330 (663.0)
denovo258 F5.1a_AM748591 328 (666.5)
denovo258 F110_AJ291526 327 (708.5)
denovo258 F4.7_AM748587 329 (682.0)
denovo258 F4.5_AM748585 319 (703.0)
denovo258 F4.4a_AM748583 317 (724.5)
denovo258 F4.4_AM748582 325 (726.5)
denovo258 F4.4b_AM748584 317 (749.0)
denovo258 F4.1a_AM748573 317 (706.5)
denovo258 F112_AJ291528 318 (699.5)
denovo258 F4.1_AM748572 318 (699.5)
denovo258 F4.8b_AM748590 310 (721.0)
denovo258 F4.8_AM748588 310 (730.0)
denovo258 F4.8a_AM748589 310 (730.0)
denovo258 F109_AJ291527 310 (726.0)
denovo258 F4.6_AM748586 316 (695.0)
denovo258 F111_AJ311949 315 (724.5)
denovo258 F4.3c_AM748581 318 (724.0)
denovo258 F4.3a_AM748579 316 (736.5)
denovo258 F4.3b_AM748580 316 (736.5)
denovo258 F4.3_AM748578 316 (727.5)
denovo258 F4.2_AM748574 318 (736.5)
denovo258 F4.2a_AM748575 316 (725.5)
denovo258 F4.2c_AM748577 316 (722.0)
denovo258 F4.2b_AM748576 316 (734.5)
denovo258 F2b_AJ291521 335 (641.5)
denovo258 F2_AJ830908 332 (660.5)
denovo258 F2a_AJ830911 332 (656.0)
denovo258 F3.1a_AM748566 340 (649.5)
denovo258 F114_AJ291525 340 (649.5)
denovo258 F3.1_AM748565 340 (649.5)
denovo258 F3.2_AM748567 361 (649.5)
denovo258 F3.2a_AM748568 336 (655.5)
denovo258 F3.3_AM748569 336 (670.0)
denovo258 F3.4a_AM748571 339 (613.5)
denovo258 F3.4_AM748570 335 (628.5)
denovo258 F3.4b_AM748616 335 (628.5)
denovo258 G101_AJ291539 362 (502.5)
denovo258 G1_AM748597 362 (502.5)
denovo258 G2b_JN558087 367 (493.0)
denovo258 G2_AM748598 374 (478.5)
denovo258 G2a_AM748599 368 (477.0)
denovo258 G4_AM748601 352 (554.0)
denovo258 G3.4_LK392378 357 (496.5)
denovo258 G3_AM748600 359 (519.0)
denovo258 G3.2_KC597694 348 (466.5)
denovo258 G3.1_KC597688 357 (522.5)
denovo258 G100_AB253788 353 (510.0)
denovo258 G3.3_LK392377 358 (506.0)
denovo258 H6_AJ291520 649 (307.5)
denovo258 H3_AM748606 321 (518.0)
denovo258 H2_AM748605 339 (535.0)
denovo258 H4_AM748607 333 (530.0)
denovo258 H4a_AM748608 344 (522.5)
denovo258 H5a_AM748611 339 (520.0)
denovo258 H5b_AM748610 342 (518.5)
denovo258 H5_AJ621129 339 (520.0)
denovo258 H5_AM748609 339 (520.0)
denovo258 H100_AJ291513 342 (517.5)
denovo258 H1b_AM748604 338 (528.0)
denovo258 H1a_AM748612 342 (530.5)
denovo258 H1_AJ621152 342 (521.5)
denovo258 H1_AM748602 342 (521.5)
denovo258 I3_FN561561 335 (706.5)
denovo258 I4_FN561562 351 (700.0)
denovo258 I1_FN561559 334 (703.5)
denovo258 I2_FN561560 339 (708.5)

#---------------------------------------
#---------------------------------------
