denovo268 A136_DQ865210 328 (535.5)
denovo268 A133_DQ174725 361 (506.0)
denovo268 A115_AF180123 341 (505.0)
denovo268 A117_AF201746 337 (517.0)
denovo268 A134_DQ174723 339 (522.5)
denovo268 A114_AF184941 339 (522.5)
denovo268 A135_DQ174727 355 (517.5)
denovo268 A2_AF333506 341 (524.0)
denovo268 A101_AF427468 346 (516.0)
denovo268 A2_1_JN558097 346 (516.0)
denovo268 A2_2_JN558100 346 (516.0)
denovo268 A113_AF184948 335 (531.0)
denovo268 A112_AF184949 335 (504.0)
denovo268 A123_EF378618 349 (341.0)
denovo268 A137_EF378621 348 (336.5)
denovo268 A11_EU449041 343 (539.0)
denovo268 A121_DQ174722 340 (525.0)
denovo268 A15b_EU792886 345 (489.0)
denovo268 A15a_EU792885 345 (506.5)
denovo268 A15c_EU792887 345 (497.5)
denovo268 A15_EU792884 345 (498.0)
denovo268 A147_EU074937 343 (519.5)
denovo268 A154_EU074860 343 (519.5)
denovo268 A146_EU074936 344 (512.5)
denovo268 A150_EU074928 344 (521.5)
denovo268 A116_AF183575 344 (512.5)
denovo268 A141_EU074931 344 (521.5)
denovo268 A5_AF333508 338 (536.5)
denovo268 A3b_EU449043 343 (528.5)
denovo268 A151_EU074925 343 (518.5)
denovo268 A152_EU074927 346 (510.5)
denovo268 A149_EU074929 343 (519.5)
denovo268 A140_EU074930 343 (510.5)
denovo268 A142_EU074932 343 (510.5)
denovo268 A143_EU074933 346 (519.5)
denovo268 A144_EU074934 343 (510.5)
denovo268 A145_EU074935 346 (518.5)
denovo268 A148_EU074938 343 (510.5)
denovo268 A155_EU074856 343 (510.5)
denovo268 A156_EU074859 343 (510.5)
denovo268 A139_EU074962 343 (510.5)
denovo268 A6_AF186058 343 (519.5)
denovo268 A3_AF333507 343 (519.5)
denovo268 A3_JN558091 343 (519.5)
denovo268 A8_AY258468 345 (497.0)
denovo268 A7_AY239360 345 (506.5)
denovo268 A16_EU792888 345 (515.5)
denovo268 A4.3_FN429763 350 (500.0)
denovo268 A120_AF180122 345 (494.5)
denovo268 A4.2_FN429761 348 (491.0)
denovo268 A4_AF333509 348 (519.0)
denovo268 A4.1_FN429760 347 (514.0)
denovo268 A4a_AF499778 347 (525.0)
denovo268 A4a.1_FN429762 347 (525.0)
denovo268 A138_EF378620 348 (463.5)
denovo268 A122_EF378619 347 (500.5)
denovo268 A126_EF378615 346 (501.5)
denovo268 A10_EU792882 346 (501.5)
denovo268 A9_EU449028 341 (508.5)
denovo268 A105_AB207202 346 (521.5)
denovo268 A119_AF180121 343 (504.0)
denovo268 A12_EU792883 346 (513.0)
denovo268 A104_AB207203 340 (523.5)
denovo268 A1a_EU449030 347 (524.5)
denovo268 A1.3_HE578976 346 (521.0)
denovo268 A1.4_HE578977 346 (521.5)
denovo268 A13_AF333504 346 (521.0)
denovo268 A13_JN558094 346 (521.0)
denovo268 A110_AB190282 348 (509.0)
denovo268 A103_AB207206 348 (518.5)
denovo268 A130_EF656428 348 (518.0)
denovo268 A127_EF656429 348 (527.0)
denovo268 A128_EF656430 348 (509.0)
denovo268 A129_EF656431 349 (520.5)
denovo268 A131_EF656432 346 (521.5)
denovo268 A118_AF180120 347 (509.0)
denovo268 A1_AF333505 348 (518.0)
denovo268 A107_AB207199 347 (524.5)
denovo268 A111_AB190280 347 (524.5)
denovo268 A108_AB207197 354 (503.5)
denovo268 A106_AB207200 347 (524.0)
denovo268 A102_AB207209 347 (524.5)
denovo268 A1.2_AB207210 347 (524.5)
denovo268 A109_AB190285 347 (524.0)
denovo268 B4_AF333510 321 (1175.5)
denovo268 B23_EU449079 307 (1285.5)
denovo268 B30_GU907644 307 (1267.5)
denovo268 B11_AY239361 308 (1397.5)
denovo268 B17_AY258470 306 (1399.0)
denovo268 B1k_GU907638 308 (714.5)
denovo268 B1.V_Green2014 313 (1356.5)
denovo268 B1b_AF499780 306 (1330.5)
denovo268 B16_AY258469 306 (1408.0)
denovo268 B31a_GU907646 306 (1408.0)
denovo268 B32_GU907647 306 (1408.0)
denovo268 B31_GU907645 306 (1417.0)
denovo268 B1j_GU907637 306 (1408.0)
denovo268 B37_GU907650 308 (1406.5)
denovo268 B5a_AF499782 306 (1426.0)
denovo268 B5_AF499781 306 (1435.0)
denovo268 B24_GU907643 306 (1248.0)
denovo268 B117_AF180124 306 (1299.5)
denovo268 B10_AF499787 306 (1408.0)
denovo268 B20_GU907642 308 (1391.5)
denovo268 B1m_GU907640 306 (1417.0)
denovo268 B34_GU907649 306 (1417.0)
denovo268 B1d_GU907633 306 (1417.0)
denovo268 B1e_GU907634 306 (1417.0)
denovo268 B1i_GU907636 306 (1417.0)
denovo268 B1g_GU907635 307 (1398.0)
denovo268 B123_EU074872 306 (1408.0)
denovo268 B8_AF499785 307 (1407.0)
denovo268 B1l_GU907639 306 (1417.0)
denovo268 B1a_AF499779 306 (1417.0)
denovo268 B14_AY239362 307 (1407.0)
denovo268 B125_EU074865 306 (1417.0)
denovo268 B122_EU074871 306 (1417.0)
denovo268 B124_EU074874 306 (1417.0)
denovo268 B1.VII_Green2014 306 (1347.0)
denovo268 B1.III_Green2014 306 (1345.0)
denovo268 B1.I_Green2014 306 (1426.0)
denovo268 B1.II_Green2014 306 (1426.0)
denovo268 B1_JN558057 306 (1426.0)
denovo268 B1_AF333511 306 (1426.0)
denovo268 B1.IV_Green2014 316 (1411.5)
denovo268 B121_EU074870 306 (1417.0)
denovo268 B7_AF499784 306 (1417.0)
denovo268 B1.VI_Green2014 307 (1357.0)
denovo268 B3_AF333514 306 (1322.5)
denovo268 B9_AF499786 306 (1331.5)
denovo268 B19a_JN558055 310 (1216.5)
denovo268 B119_EU099825 315 (1248.0)
denovo268 B21_DQ865213 306 (1309.0)
denovo268 B38_GU907651 306 (1309.0)
denovo268 B18_AY258471 306 (1349.5)
denovo268 B18a_AY258472 306 (1340.5)
denovo268 B33_GU907648 306 (1340.5)
denovo268 B6_AF499783 311 (1346.0)
denovo268 B19_DQ865212 306 (1358.5)
denovo268 B19_GU907641 306 (1358.5)
denovo268 B2_AF333512 306 (1349.5)
denovo268 B2_JN558060 306 (1349.5)
denovo268 C33.1_AY258498 331 (680.5)
denovo268 C33.2_AY765400 331 (680.5)
denovo268 C33a_EF541147 331 (680.5)
denovo268 C34_AY258499 324 (678.5)
denovo268 C78_AY765413 327 (649.5)
denovo268 C15.29_KC597690 327 (631.5)
denovo268 C1131_DQ182650 328 (625.5)
denovo268 C1135_DQ182646 322 (618.5)
denovo268 C1134_DQ182647 323 (611.5)
denovo268 C1142_DQ182635 323 (620.5)
denovo268 C1136_DQ182644 321 (603.0)
denovo268 C1111_DQ182645 321 (612.5)
denovo268 C1236_EF473656 321 (603.5)
denovo268 C1138_DQ182642 319 (616.0)
denovo268 C1137_DQ182643 321 (603.5)
denovo268 C1133_DQ182648 321 (603.5)
denovo268 C1132_DQ182649 325 (606.0)
denovo268 C1143_DQ182634 321 (612.5)
denovo268 C1139_DQ182639 323 (620.5)
denovo268 C15.28_KC597687 325 (681.5)
denovo268 C1141_DQ182636 323 (629.5)
denovo268 C1144_DQ182637 325 (635.5)
denovo268 C1122_DQ182654 323 (647.5)
denovo268 C1127_DQ182652 323 (647.5)
denovo268 C15.30_JX394114 328 (671.0)
denovo268 C15.26_KC597686 325 (671.5)
denovo268 C1086_DQ182656 325 (671.5)
denovo268 C15.25_KC597685 325 (680.5)
denovo268 C1118_AF180127 328 (631.5)
denovo268 C1129_DQ182651 325 (616.5)
denovo268 C15.21_KC597683 323 (648.0)
denovo268 C56_AY589760 322 (662.5)
denovo268 C1140_DQ182638 327 (631.5)
denovo268 C1126_DQ182653 327 (622.5)
denovo268 C15c_AY258492 322 (681.5)
denovo268 C15d_AY258493 321 (688.0)
denovo268 C1098_DQ182641 324 (676.0)
denovo268 C15.27_KC597689 325 (672.0)
denovo268 C15.18_HE579024 324 (668.5)
denovo268 C15.16_HE579022 330 (695.0)
denovo268 C1101_AB253787 325 (662.5)
denovo268 C1083_AY237300 325 (671.5)
denovo268 C1088_DQ182640 329 (664.0)
denovo268 C15.6_FN563472 325 (671.5)
denovo268 C15.5_FJ461512 327 (668.0)
denovo268 C15.4_FJ461511 327 (677.0)
denovo268 C15.13_HE579019 325 (662.5)
denovo268 C15.12_HE579018 325 (671.5)
denovo268 C93a_AM748563 323 (693.0)
denovo268 C1094_AJ291514 323 (675.0)
denovo268 C93_AM748562 323 (684.0)
denovo268 C15.17_HE579023 325 (666.0)
denovo268 C15e_AY589742 327 (680.0)
denovo268 C15.22_KC597695 325 (671.5)
denovo268 C60_AY589764 325 (671.5)
denovo268 C15.1_FJ461508 325 (672.0)
denovo268 C15.2_FJ461509 325 (671.5)
denovo268 C15.9_FN563475 325 (689.0)
denovo268 C15.7_HE579015 325 (680.5)
denovo268 C15.8_HE579016 325 (671.5)
denovo268 C15.15_HE579021 325 (671.5)
denovo268 C15.19_HE579025 325 (680.5)
denovo268 C15.24_KC597696 325 (662.5)
denovo268 C15.3_FJ461510 327 (677.0)
denovo268 C1087_DQ182655 325 (680.5)
denovo268 C15.14_HE579020 327 (674.5)
denovo268 C15.23_KC597697 327 (674.5)
denovo268 C19_AY258479 324 (690.0)
denovo268 C1233_EU118166 325 (671.5)
denovo268 C15b_AY258491 325 (671.5)
denovo268 C15a_AY258476 327 (686.0)
denovo268 C1051_AF195153 325 (689.5)
denovo268 C2_AF333518 326 (688.5)
denovo268 C15.20_HE579026 326 (680.0)
denovo268 C15f_AY589743 327 (673.5)
denovo268 C55_AY589759 330 (680.5)
denovo268 C15_AY239369 325 (680.5)
denovo268 C32.1_JF683335 325 (632.5)
denovo268 C32.2_JF683336 325 (632.5)
denovo268 C21.23_KC597693 325 (632.5)
denovo268 C1193_EU099827 336 (663.0)
denovo268 C1195_EU099821 334 (643.0)
denovo268 C3q_GU907655 335 (648.0)
denovo268 C53_AY589758 334 (652.0)
denovo268 C73_AY765408 334 (659.5)
denovo268 C17.2.1_KC597684 329 (625.5)
denovo268 C32_AY258497 329 (642.5)
denovo268 C1189_EU099831 327 (647.0)
denovo268 C1191_EU099833 326 (653.5)
denovo268 C1196_EU099819 327 (629.0)
denovo268 C1192_EU099820 327 (629.0)
denovo268 C17.1_JF683322 327 (647.0)
denovo268 C26_b2_FN827164 332 (649.0)
denovo268 C26_b3_FN827165 328 (628.5)
denovo268 C31.9_HQ630879 329 (634.5)
denovo268 C31a_AY589746 329 (640.0)
denovo268 C30_AY589745 329 (640.0)
denovo268 C31.1_HQ630876 333 (641.5)
denovo268 C31.5_HQ630877 327 (652.0)
denovo268 C31.6_HQ630878 329 (649.0)
denovo268 C31.2_JF683332 329 (649.0)
denovo268 C31.3_JF683333 329 (640.0)
denovo268 C26/C35a_AY239378 328 (637.5)
denovo268 C35a_AY258501 328 (637.5)
denovo268 C35.2_AY258500 328 (646.5)
denovo268 C26_b1_FN827163 328 (646.5)
denovo268 C17_AY239370 327 (647.0)
denovo268 C17.2_FJ461513 329 (646.0)
denovo268 C31.10_HQ630880 329 (643.5)
denovo268 C31.4_JF683334 333 (637.5)
denovo268 C31_AY258496 329 (649.0)
denovo268 C25_AY239377 326 (668.5)
denovo268 C61_AY589765 326 (631.5)
denovo268 C1043_DQ072721 327 (636.0)
denovo268 C79_AY765414 330 (657.5)
denovo268 C69_AY589773 317 (655.5)
denovo268 C69a_AY686648 317 (646.5)
denovo268 C21.22_KC597692 338 (625.0)
denovo268 C51_AY589756 326 (656.5)
denovo268 C1aa_HM185739 328 (663.0)
denovo268 C1096_DQ068023 326 (653.5)
denovo268 C74_AY765409 333 (689.5)
denovo268 C1185_AB294629 335 (686.0)
denovo268 C1184_AB294630 335 (686.0)
denovo268 C1153_AB294625 335 (686.5)
denovo268 C1154_AB294626 334 (701.5)
denovo268 C1187_AB294627 335 (686.0)
denovo268 C1186_AB294628 335 (686.0)
denovo268 C57_AY589761 335 (695.0)
denovo268 C66_AY589771 335 (695.0)
denovo268 C5_AF499795 325 (671.5)
denovo268 C1167_AB294586 326 (675.0)
denovo268 C1164_AB294593 325 (671.5)
denovo268 C1183_AB294631 325 (689.5)
denovo268 C1067_DQ335381 327 (668.0)
denovo268 C1159_AB294613 326 (680.0)
denovo268 C1150_AB294622 326 (689.0)
denovo268 C90_AM748554 326 (694.5)
denovo268 C1168_AB294583 325 (680.5)
denovo268 C1156_AB294616 325 (689.5)
denovo268 C1151_AB294621 325 (698.5)
denovo268 C92a_AM748561 325 (698.5)
denovo268 C92_AM748560 325 (689.5)
denovo268 C1165_AB294581 325 (680.5)
denovo268 C1166_AB294584 325 (698.5)
denovo268 C1162_AB294594 325 (680.5)
denovo268 C1163_AB294596 325 (690.5)
denovo268 C1161_AB294606 325 (689.5)
denovo268 C1160_AB294608 329 (682.0)
denovo268 C1158_AB294614 325 (698.5)
denovo268 C1155_AB294617 325 (680.5)
denovo268 C1149_AB294620 325 (689.5)
denovo268 C1173_AB294662 325 (698.5)
denovo268 C1171_AB294663 325 (680.5)
denovo268 C1172_AB294665 325 (680.5)
denovo268 C91a_AM748556 325 (698.5)
denovo268 C91b_AM748557 325 (689.5)
denovo268 C91d_AM748559 324 (687.0)
denovo268 C91c_AM748558 324 (687.0)
denovo268 C91_AJ621543 325 (689.5)
denovo268 C91_AM748555 325 (689.5)
denovo268 C1023_DQ335330 316 (641.0)
denovo268 C1020_DQ335392 331 (670.5)
denovo268 C1018_DQ335408 327 (677.0)
denovo268 C1074_DQ335329 327 (668.0)
denovo268 C1030_DQ335353 327 (668.0)
denovo268 C1022_DQ335331 327 (668.0)
denovo268 C1027_DQ335360 327 (686.0)
denovo268 C1072_DQ335344 327 (668.0)
denovo268 C1039_AB190274 327 (677.0)
denovo268 C1033_DQ335350 332 (665.0)
denovo268 C1019_DQ335407 327 (677.0)
denovo268 C1194_EU099826 327 (662.0)
denovo268 C8b_AY258475 327 (652.0)
denovo268 C8_AY239367 330 (667.0)
denovo268 C8a_AY239368 332 (663.0)
denovo268 C54a_AY765406 327 (677.0)
denovo268 C3ff_HM185740 328 (680.5)
denovo268 C59_AY589763 331 (663.5)
denovo268 C3k_AY589737 325 (680.0)
denovo268 C3.24_HE579012 324 (686.5)
denovo268 C3.23_HE579011 325 (680.0)
denovo268 C35.1_AY765401 335 (681.5)
denovo268 C35.3_EF541145 328 (679.5)
denovo268 C76_AY765411 327 (665.0)
denovo268 C1107_DQ335359 328 (648.5)
denovo268 C3.22_HE579010 330 (651.0)
denovo268 C77_AY765412 327 (664.5)
denovo268 C20_AY239371 330 (676.0)
denovo268 C1055_DQ480640 325 (667.5)
denovo268 C27/C30_AY239379 328 (637.5)
denovo268 C27.1_FJ461517 328 (628.5)
denovo268 C40a_AY589747 332 (680.0)
denovo268 C40_AY258485 332 (680.0)
denovo268 C40b_AY589748 342 (670.5)
denovo268 C16_AY258477 330 (676.5)
denovo268 C16a_AY765399 330 (676.5)
denovo268 C1091_AB207186 327 (678.0)
denovo268 C1102_DQ335400 327 (660.0)
denovo268 C1069_DQ335375 327 (677.5)
denovo268 C1073_DQ335332 327 (669.0)
denovo268 C1066_DQ335382 324 (660.5)
denovo268 C1031_DQ335352 332 (683.5)
denovo268 C1026_DQ335366 332 (682.5)
denovo268 C70_AY589774 327 (687.0)
denovo268 C1082_AB190267 327 (669.0)
denovo268 C1078_AB190271 325 (680.5)
denovo268 C1090_AB207191 327 (678.0)
denovo268 C1071_DQ335302 327 (678.0)
denovo268 C1075_DQ335328 327 (678.0)
denovo268 C1068_DQ335379 327 (669.0)
denovo268 C1064_DQ335395 327 (669.0)
denovo268 C1063_DQ335403 324 (678.5)
denovo268 C62_AY589766 327 (678.0)
denovo268 C1077_DQ335316 324 (683.5)
denovo268 C1109_DQ335338 327 (669.0)
denovo268 C1110_DQ335340 327 (660.0)
denovo268 C1106_DQ335339 327 (660.0)
denovo268 C1112_DQ335319 327 (669.0)
denovo268 C1108_DQ335351 327 (660.0)
denovo268 C1105_DQ335394 327 (669.0)
denovo268 C1121_DQ335378 334 (662.0)
denovo268 C1116_AB190268 334 (671.0)
denovo268 C1115_AB190273 334 (671.0)
denovo268 C1124_DQ335323 327 (651.0)
denovo268 C1120_DQ335398 327 (651.0)
denovo268 C1119_DQ335404 327 (660.0)
denovo268 C1123_DQ335363 327 (660.0)
denovo268 C1004_DQ480635 327 (676.5)
denovo268 C1061_AY186568 327 (667.5)
denovo268 C1053_AY186569 327 (676.5)
denovo268 C1003_DQ480639 327 (676.5)
denovo268 C81_GU907657 319 (643.0)
denovo268 C22_AY239373 322 (679.0)
denovo268 C22a_AY239374 325 (670.5)
denovo268 C1232_EU118163 330 (675.5)
denovo268 C21.13_FJ461515 327 (630.0)
denovo268 C21.1_JF683323 325 (641.5)
denovo268 C21.3_JF683325 327 (656.0)
denovo268 C1.20_HE578993 328 (680.5)
denovo268 C1.22_HE578995 328 (671.5)
denovo268 C52_AY589757 326 (669.5)
denovo268 C1201_EU099793 328 (649.5)
denovo268 C14_AY589741 330 (671.0)
denovo268 C43_AY589749 330 (677.0)
denovo268 C50_AY589755 327 (677.0)
denovo268 C3.14_HQ630872 327 (677.0)
denovo268 C1m_AY765398 327 (678.0)
denovo268 C82_GU907658 335 (674.0)
denovo268 C82b_GU907660 335 (674.0)
denovo268 C64_AY589768 325 (680.0)
denovo268 C45a_AY765404 330 (685.0)
denovo268 C48_AY589753 327 (697.5)
denovo268 C1_v1b_FJ919244 327 (668.0)
denovo268 C1_v1a_FJ919243 327 (677.0)
denovo268 C3j_AY239366 327 (668.0)
denovo268 C3t_EF541149 330 (685.0)
denovo268 C9_AF499798 330 (686.0)
denovo268 C23_AY239375 327 (695.5)
denovo268 C37_AY258481 332 (673.5)
denovo268 C1048_DQ068026 330 (676.0)
denovo268 C21.4_JF683326 327 (647.0)
denovo268 C21.5_JF683327 327 (647.0)
denovo268 C1070_DQ335349 327 (686.0)
denovo268 C21.6_HQ630873 327 (665.0)
denovo268 C1224_EU074890 327 (695.0)
denovo268 C1.17_HE578990 327 (695.0)
denovo268 C21_b1_FN827162 324 (639.0)
denovo268 C21.9_JF683330 324 (648.0)
denovo268 C1085_AY624605 324 (669.5)
denovo268 C3p_GU907654 327 (662.0)
denovo268 C3f_AY589734 327 (686.0)
denovo268 C65a_AY589770 325 (680.0)
denovo268 C65_AY589769 325 (689.0)
denovo268 C71_AY589775 325 (680.0)
denovo268 C71a_AY589776 325 (671.0)
denovo268 C1178_AB294647 326 (668.5)
denovo268 C1225_EU074893 324 (695.5)
denovo268 C75_AY765410 328 (680.0)
denovo268 C21.10_JF683331 328 (650.0)
denovo268 C21.11_HQ630874 328 (650.0)
denovo268 C1065_DQ335388 327 (686.0)
denovo268 C1045_DQ068036 327 (695.0)
denovo268 C1h_AY258473 327 (677.0)
denovo268 C38_AY258482 327 (668.0)
denovo268 C1202_EU099799 327 (668.0)
denovo268 C7_AF499797 327 (677.0)
denovo268 C12_AF499801 329 (666.5)
denovo268 C38a_AY258483 326 (679.5)
denovo268 C1200_EU099800 315 (676.5)
denovo268 C44a_AY589751 327 (685.5)
denovo268 C47_AY589752 330 (694.0)
denovo268 C44_AY589750 330 (685.0)
denovo268 C1.15_HE578988 327 (677.5)
denovo268 C45.3_FJ461522 330 (676.5)
denovo268 C46a_AY765405 330 (676.0)
denovo268 C46_EU449108 330 (685.0)
denovo268 C3.12_FJ461507 330 (685.0)
denovo268 C1k_AY589733 330 (676.0)
denovo268 C67_AY686647 330 (685.0)
denovo268 C82a_GU907659 327 (677.5)
denovo268 C10a_AY589739 330 (685.0)
denovo268 C10_AF499799 330 (676.0)
denovo268 C13_AY589740 332 (679.0)
denovo268 C4_AF499794 330 (676.0)
denovo268 C1147_EF656433 330 (676.0)
denovo268 C1c/C45_AY239364 330 (685.0)
denovo268 C1c/C45_EU449103 330 (685.0)
denovo268 C21.19_HE579031 327 (656.0)
denovo268 C21.21_HE579033 327 (647.0)
denovo268 C21.20_HE579032 327 (656.0)
denovo268 C42b_AY765403 330 (667.5)
denovo268 C42_AY258487 330 (676.5)
denovo268 C1p_GU907652 327 (677.0)
denovo268 C1d_AY258488 330 (667.0)
denovo268 C42_AY765402 330 (676.0)
denovo268 C3ha_AY589736 327 (647.0)
denovo268 C63a_AY589767 329 (664.0)
denovo268 C21a_AY589744 327 (656.0)
denovo268 C3o_GU907653 327 (655.5)
denovo268 C21.16_HQ630875 327 (647.0)
denovo268 C21.2_JF683324 327 (647.0)
denovo268 C21.7_JF683328 326 (653.5)
denovo268 C21.8_JF683329 327 (656.0)
denovo268 C3h_AY239365 327 (647.0)
denovo268 C1203_EU099798 327 (647.0)
denovo268 C3.10_FJ461505 327 (695.0)
denovo268 C21.14_FJ461516 327 (665.0)
denovo268 C21.18_HE579030 333 (644.0)
denovo268 C3.17_HE579005 327 (677.0)
denovo268 C3.9_FJ461504 327 (674.0)
denovo268 C3.8_FJ461503 327 (686.0)
denovo268 C3.7_FJ461502 327 (677.0)
denovo268 C3.11_FJ461506 334 (688.5)
denovo268 C3.18_HE579006 327 (677.0)
denovo268 C3.19_HE579007 327 (677.0)
denovo268 C3.20_HE579008 327 (677.0)
denovo268 C3g_AY589735 330 (669.0)
denovo268 C3a_AF499790 325 (689.5)
denovo268 C3e_AF499793 327 (677.0)
denovo268 C6_AF499796 335 (691.5)
denovo268 C11_AF499800 327 (677.0)
denovo268 C36_AY258480 327 (695.0)
denovo268 C29_AY258494 327 (695.0)
denovo268 C1146_EF656434 327 (677.0)
denovo268 C1190_EU099841 327 (695.0)
denovo268 C131_JF320826 327 (677.0)
denovo268 C28_AY239380 335 (684.5)
denovo268 C1012_DQ480604 327 (677.0)
denovo268 C1181_AB294640 327 (662.0)
denovo268 C1180_AB294641 327 (680.0)
denovo268 C1179_AB294645 325 (665.5)
denovo268 C1176_AB294651 325 (674.5)
denovo268 C1175_AB294653 327 (662.0)
denovo268 C1174_AB294655 329 (667.5)
denovo268 C1177_AB294659 327 (671.0)
denovo268 C1040_AB190269 329 (682.5)
denovo268 C1182_AB294649 327 (677.0)
denovo268 C1089_AJ278598 327 (677.0)
denovo268 C1028_DQ335357 334 (688.0)
denovo268 C3.16_EU786015 327 (695.0)
denovo268 C1097_AJ311943 326 (670.5)
denovo268 C1170_AB294661 327 (671.0)
denovo268 C21.17_HE579029 327 (667.0)
denovo268 C21/3d/C3k_AY239372 327 (656.0)
denovo268 C58_AY589762 328 (655.5)
denovo268 C3L_AY589738 331 (685.0)
denovo268 C1169_AB294660 327 (671.0)
denovo268 C3.2_FJ461497 327 (680.0)
denovo268 C3.1_JF683321 324 (681.0)
denovo268 C1104_AF427469 328 (676.0)
denovo268 C3b_AF499791 327 (689.0)
denovo268 C83_GU907661 327 (688.5)
denovo268 C49_AY589754 354 (695.0)
denovo268 C3_AB778606 327 (686.0)
denovo268 C3_AF499789 327 (686.0)
denovo268 C3_HE579001 327 (686.0)
denovo268 C21.12_FJ461514 327 (638.0)
denovo268 C1229_EU074888 327 (673.0)
denovo268 C1230_EU074889 327 (682.0)
denovo268 C1114_AB207196 327 (668.0)
denovo268 C3.21_HE579009 327 (608.0)
denovo268 C1057_DQ480619 327 (677.0)
denovo268 C72_AY765407 324 (676.5)
denovo268 C1b.3_HE578999 327 (671.0)
denovo268 C93_AJ621536 327 (677.0)
denovo268 C94_AJ621539 327 (677.0)
denovo268 C1g_AY589730 327 (695.0)
denovo268 C1i_AY589731 321 (670.0)
denovo268 C1j_AY589732 334 (688.0)
denovo268 C1005_DQ480633 327 (677.0)
denovo268 C1.7_FJ461494 327 (677.0)
denovo268 C1.11_HE578984 327 (677.5)
denovo268 C1.12_HE578985 328 (689.5)
denovo268 C1.13_HE578986 327 (686.0)
denovo268 C1.14_HE578987 327 (686.0)
denovo268 C1.18_HE578991 327 (677.0)
denovo268 C1.19_HE578992 327 (677.0)
denovo268 C1199_EU099802 324 (662.5)
denovo268 C1188_EU099838 324 (677.5)
denovo268 C1002_DQ838544 327 (686.0)
denovo268 C1198_EU099810 327 (677.0)
denovo268 C24_AY239376 327 (677.0)
denovo268 C1f_AY258490 327 (686.0)
denovo268 C1006_DQ480629 327 (695.0)
denovo268 C1010_DQ480607 327 (677.0)
denovo268 C1007_DQ480624 327 (677.0)
denovo268 C1011_DQ480605 327 (677.0)
denovo268 C1009_DQ480608 331 (679.0)
denovo268 C1041_AY186548 327 (686.0)
denovo268 C1052_AY186570 327 (677.0)
denovo268 C1148_EU040178 327 (686.0)
denovo268 C1234_EU118165 328 (676.0)
denovo268 C1.5_EF634157 327 (686.0)
denovo268 C1059_DQ480609 327 (677.0)
denovo268 C1228_EU074883 327 (677.0)
denovo268 C1208_EU074963 327 (677.0)
denovo268 C1207_EU074964 327 (686.0)
denovo268 C1206_EU074965 327 (677.0)
denovo268 C1013_DQ480642 327 (677.0)
denovo268 C80_GU907656 334 (671.5)
denovo268 C1a_AF499788 324 (677.5)
denovo268 C41_AY258486 327 (686.0)
denovo268 C39_AY258484 312 (681.5)
denovo268 C1231_EU074878 327 (677.0)
denovo268 C1b.1_HE578997 327 (671.0)
denovo268 C18_AY258478 327 (686.0)
denovo268 C1.10_HE578983 326 (680.5)
denovo268 C1_JN558041 327 (686.0)
denovo268 C1_HE578979 327 (686.0)
denovo268 C1_AM748551 327 (686.0)
denovo268 C1_AF333515 327 (686.0)
denovo268 C1054_AY186565 326 (689.5)
denovo268 C1008_DQ480613 327 (677.0)
denovo268 C1103_AF427470 328 (676.0)
denovo268 C1226_EU074881 328 (676.0)
denovo268 C1b/C1e_AY239363 327 (680.0)
denovo268 C1044_DQ068038 327 (671.0)
denovo268 C1017_DQ174729 328 (670.0)
denovo268 C1.6_FJ461493 327 (695.0)
denovo268 C1b.2_HE578998 327 (671.0)
denovo268 C1060_DQ480600 327 (677.0)
denovo268 C1227_EU074882 327 (677.0)
denovo268 C1197_EU099814 327 (677.0)
denovo268 C1130_DQ480643 327 (571.5)
denovo268 D109_AB097465 358 (497.0)
denovo268 D1.11_HE579040 354 (504.0)
denovo268 D105_AF174570 355 (498.5)
denovo268 D104_AF174572 354 (495.5)
denovo268 D1.3_JF683337 355 (497.5)
denovo268 D1.10_HE579039 354 (495.0)
denovo268 D110_AF174561 354 (495.0)
denovo268 D117_AF174542 354 (495.0)
denovo268 D114_AF174549 354 (504.0)
denovo268 D113_AF174557 354 (495.5)
denovo268 D112_AF174558 354 (504.5)
denovo268 D106_AF174559 354 (504.0)
denovo268 D111_AF174560 354 (503.5)
denovo268 D115_AF174562 354 (495.0)
denovo268 D107_AF174568 353 (501.5)
denovo268 D116_AF174571 354 (486.0)
denovo268 D124_EU074897 352 (507.5)
denovo268 D1.8_HE579037 354 (504.0)
denovo268 D3_AY686650 354 (504.0)
denovo268 D1.6_HQ630881 354 (495.0)
denovo268 D120_EU074900 354 (495.5)
denovo268 D121_EU074904 354 (495.0)
denovo268 D122_EU074905 354 (495.0)
denovo268 D1a.2_JF683339 358 (499.5)
denovo268 D1a.1_JF683338 352 (507.5)
denovo268 D2_AY686649 589 (576.0)
denovo268 D4_DQ865214 354 (501.5)
denovo268 D1a_AF499802 354 (504.5)
denovo268 D1a_JN558078 354 (504.5)
denovo268 D123_EU074895 354 (504.0)
denovo268 D108_AF174567 351 (503.5)
denovo268 D103_AF174575 354 (504.0)
denovo268 D100_AF411415 355 (497.5)
denovo268 D118_EF656435 349 (516.0)
denovo268 D101_AF411416 355 (482.5)
denovo268 D119_EU099832 353 (494.5)
denovo268 D102_AF174573 355 (501.5)
denovo268 D1_AF334660 354 (504.0)
denovo268 D1_JN558076 354 (504.0)
denovo268 D1.12_HE579041 342 (496.5)
denovo268 D1.1_AM748564 421 (508.0)
denovo268 D1.2_AM748617 436 (515.5)
denovo268 E111_EU074915 368 (484.5)
denovo268 E110_EU074914 366 (488.5)
denovo268 E114_EU074909 366 (470.5)
denovo268 E1_AF334659 367 (478.5)
denovo268 E105_EU074921 366 (488.5)
denovo268 E112_EU074916 366 (470.5)
denovo268 E104_EU074922 366 (479.5)
denovo268 E102_EU074924 366 (470.5)
denovo268 E103_EU074923 366 (479.5)
denovo268 E101_AY160123 371 (454.5)
denovo268 E109_EU074913 351 (489.0)
denovo268 E100_DQ011618 356 (502.0)
denovo268 E108_EU074912 356 (493.0)
denovo268 E113_EU074908 352 (503.0)
denovo268 E107_EU074910 356 (493.0)
denovo268 F1_JN558066 340 (634.5)
denovo268 F5.2d_AJ291530 329 (666.0)
denovo268 F104_AJ291531 329 (666.0)
denovo268 F5.2c_AM748596 329 (657.5)
denovo268 F5.2_AM748594 329 (665.5)
denovo268 F5.2a_AM748614 329 (665.5)
denovo268 F5.2b_AM748595 329 (657.0)
denovo268 F5.2e_AJ291533 330 (634.0)
denovo268 F5.2g_JN558072 329 (657.0)
denovo268 F5.2f_AJ291512 329 (648.0)
denovo268 F102_AJ291534 329 (648.0)
denovo268 F5.1c_AM748593 331 (672.0)
denovo268 F5.1d_JN558069 343 (642.5)
denovo268 F5.1b_AJ291535 339 (668.5)
denovo268 F5.1_AM748592 341 (665.0)
denovo268 F5.1a_AM748591 339 (668.5)
denovo268 F110_AJ291526 325 (742.0)
denovo268 F4.7_AM748587 324 (725.5)
denovo268 F4.5_AM748585 324 (712.0)
denovo268 F4.4a_AM748583 319 (744.0)
denovo268 F4.4_AM748582 324 (746.0)
denovo268 F4.4b_AM748584 317 (763.0)
denovo268 F4.1a_AM748573 326 (689.5)
denovo268 F112_AJ291528 323 (683.5)
denovo268 F4.1_AM748572 323 (683.5)
denovo268 F4.8b_AM748590 325 (733.0)
denovo268 F4.8_AM748588 316 (733.5)
denovo268 F4.8a_AM748589 316 (733.5)
denovo268 F109_AJ291527 322 (738.0)
denovo268 F4.6_AM748586 323 (692.0)
denovo268 F111_AJ311949 317 (734.0)
denovo268 F4.3c_AM748581 318 (737.0)
denovo268 F4.3a_AM748579 318 (746.0)
denovo268 F4.3b_AM748580 318 (746.0)
denovo268 F4.3_AM748578 318 (737.0)
denovo268 F4.2_AM748574 323 (747.0)
denovo268 F4.2a_AM748575 323 (723.5)
denovo268 F4.2c_AM748577 323 (720.0)
denovo268 F4.2b_AM748576 323 (732.5)
denovo268 F2b_AJ291521 335 (680.0)
denovo268 F2_AJ830908 331 (705.0)
denovo268 F2a_AJ830911 331 (700.5)
denovo268 F3.1a_AM748566 341 (664.0)
denovo268 F114_AJ291525 341 (673.5)
denovo268 F3.1_AM748565 341 (673.5)
denovo268 F3.2_AM748567 348 (702.5)
denovo268 F3.2a_AM748568 348 (696.0)
denovo268 F3.3_AM748569 341 (697.0)
denovo268 F3.4a_AM748571 339 (636.5)
denovo268 F3.4_AM748570 335 (642.5)
denovo268 F3.4b_AM748616 335 (642.5)
denovo268 G101_AJ291539 369 (527.5)
denovo268 G1_AM748597 369 (527.5)
denovo268 G2b_JN558087 365 (525.5)
denovo268 G2_AM748598 366 (519.5)
denovo268 G2a_AM748599 366 (510.5)
denovo268 G4_AM748601 356 (570.0)
denovo268 G3.4_LK392378 355 (513.0)
denovo268 G3_AM748600 357 (535.5)
denovo268 G3.2_KC597694 352 (472.5)
denovo268 G3.1_KC597688 356 (540.0)
denovo268 G100_AB253788 356 (522.5)
denovo268 G3.3_LK392377 356 (530.5)
denovo268 H6_AJ291520 638 (315.0)
denovo268 H3_AM748606 328 (534.5)
denovo268 H2_AM748605 336 (565.5)
denovo268 H4_AM748607 334 (563.5)
denovo268 H4a_AM748608 342 (556.0)
denovo268 H5a_AM748611 340 (536.5)
denovo268 H5b_AM748610 343 (535.0)
denovo268 H5_AJ621129 340 (536.5)
denovo268 H5_AM748609 340 (536.5)
denovo268 H100_AJ291513 340 (524.5)
denovo268 H1b_AM748604 341 (522.0)
denovo268 H1a_AM748612 341 (531.0)
denovo268 H1_AJ621152 341 (531.0)
denovo268 H1_AM748602 341 (531.0)
denovo268 I3_FN561561 342 (740.5)
denovo268 I4_FN561562 342 (749.0)
denovo268 I1_FN561559 336 (749.0)
denovo268 I2_FN561560 339 (748.5)

#---------------------------------------
#---------------------------------------
