denovo4 A136_DQ865210 347 (386.0)
denovo4 A133_DQ174725 346 (408.0)
denovo4 A115_AF180123 342 (393.0)
denovo4 A117_AF201746 357 (426.5)
denovo4 A134_DQ174723 356 (432.0)
denovo4 A114_AF184941 357 (426.5)
denovo4 A135_DQ174727 347 (414.0)
denovo4 A2_AF333506 357 (432.0)
denovo4 A101_AF427468 357 (417.5)
denovo4 A2_1_JN558097 357 (417.5)
denovo4 A2_2_JN558100 357 (417.5)
denovo4 A113_AF184948 342 (420.0)
denovo4 A112_AF184949 342 (421.5)
denovo4 A123_EF378618 340 (312.5)
denovo4 A137_EF378621 342 (356.0)
denovo4 A11_EU449041 325 (421.0)
denovo4 A121_DQ174722 332 (401.0)
denovo4 A15b_EU792886 329 (394.5)
denovo4 A15a_EU792885 329 (404.0)
denovo4 A15c_EU792887 329 (404.5)
denovo4 A15_EU792884 329 (403.5)
denovo4 A147_EU074937 341 (413.0)
denovo4 A154_EU074860 342 (407.0)
denovo4 A146_EU074936 339 (406.0)
denovo4 A150_EU074928 339 (424.0)
denovo4 A116_AF183575 323 (422.0)
denovo4 A141_EU074931 339 (415.0)
denovo4 A5_AF333508 329 (418.0)
denovo4 A3b_EU449043 324 (415.0)
denovo4 A151_EU074925 324 (406.0)
denovo4 A152_EU074927 332 (403.5)
denovo4 A149_EU074929 335 (404.0)
denovo4 A140_EU074930 336 (398.0)
denovo4 A142_EU074932 336 (398.0)
denovo4 A143_EU074933 323 (412.0)
denovo4 A144_EU074934 336 (407.0)
denovo4 A145_EU074935 336 (416.0)
denovo4 A148_EU074938 336 (407.0)
denovo4 A155_EU074856 336 (407.0)
denovo4 A156_EU074859 336 (398.0)
denovo4 A139_EU074962 335 (413.0)
denovo4 A6_AF186058 336 (407.0)
denovo4 A3_AF333507 336 (407.0)
denovo4 A3_JN558091 336 (407.0)
denovo4 A8_AY258468 333 (417.0)
denovo4 A7_AY239360 324 (424.0)
denovo4 A16_EU792888 333 (417.0)
denovo4 A4.3_FN429763 347 (409.0)
denovo4 A120_AF180122 334 (408.0)
denovo4 A4.2_FN429761 336 (410.5)
denovo4 A4_AF333509 336 (429.5)
denovo4 A4.1_FN429760 335 (434.0)
denovo4 A4a_AF499778 337 (423.0)
denovo4 A4a.1_FN429762 337 (423.0)
denovo4 A138_EF378620 335 (424.5)
denovo4 A122_EF378619 332 (428.0)
denovo4 A126_EF378615 331 (429.0)
denovo4 A10_EU792882 331 (429.0)
denovo4 A9_EU449028 340 (413.0)
denovo4 A105_AB207202 336 (409.5)
denovo4 A119_AF180121 333 (427.5)
denovo4 A12_EU792883 337 (414.0)
denovo4 A104_AB207203 334 (423.5)
denovo4 A1a_EU449030 341 (416.5)
denovo4 A1.3_HE578976 338 (415.5)
denovo4 A1.4_HE578977 339 (419.0)
denovo4 A13_AF333504 338 (415.5)
denovo4 A13_JN558094 338 (415.5)
denovo4 A110_AB190282 344 (418.0)
denovo4 A103_AB207206 337 (422.0)
denovo4 A130_EF656428 338 (415.5)
denovo4 A127_EF656429 337 (422.0)
denovo4 A128_EF656430 337 (413.0)
denovo4 A129_EF656431 337 (413.0)
denovo4 A131_EF656432 337 (422.0)
denovo4 A118_AF180120 336 (422.0)
denovo4 A1_AF333505 337 (422.0)
denovo4 A107_AB207199 334 (432.5)
denovo4 A111_AB190280 334 (432.5)
denovo4 A108_AB207197 338 (402.0)
denovo4 A106_AB207200 334 (424.5)
denovo4 A102_AB207209 334 (423.5)
denovo4 A1.2_AB207210 334 (423.5)
denovo4 A109_AB190285 338 (426.5)
denovo4 B4_AF333510 334 (590.0)
denovo4 B23_EU449079 340 (516.0)
denovo4 B30_GU907644 341 (510.0)
denovo4 B11_AY239361 340 (536.0)
denovo4 B17_AY258470 341 (527.0)
denovo4 B1k_GU907638 305 (317.5)
denovo4 B1.V_Green2014 347 (511.0)
denovo4 B1b_AF499780 333 (517.0)
denovo4 B16_AY258469 338 (555.0)
denovo4 B31a_GU907646 341 (528.0)
denovo4 B32_GU907647 341 (528.0)
denovo4 B31_GU907645 341 (537.0)
denovo4 B1j_GU907637 338 (555.0)
denovo4 B37_GU907650 343 (544.5)
denovo4 B5a_AF499782 340 (533.5)
denovo4 B5_AF499781 340 (542.5)
denovo4 B24_GU907643 331 (482.5)
denovo4 B117_AF180124 333 (533.0)
denovo4 B10_AF499787 341 (555.0)
denovo4 B20_GU907642 341 (542.0)
denovo4 B1m_GU907640 341 (546.0)
denovo4 B34_GU907649 341 (546.0)
denovo4 B1d_GU907633 338 (546.0)
denovo4 B1e_GU907634 341 (555.0)
denovo4 B1i_GU907636 341 (546.0)
denovo4 B1g_GU907635 351 (536.5)
denovo4 B123_EU074872 341 (537.0)
denovo4 B8_AF499785 346 (549.0)
denovo4 B1l_GU907639 346 (543.0)
denovo4 B1a_AF499779 346 (552.0)
denovo4 B14_AY239362 342 (527.0)
denovo4 B125_EU074865 341 (537.0)
denovo4 B122_EU074871 341 (537.0)
denovo4 B124_EU074874 341 (537.0)
denovo4 B1.VII_Green2014 331 (537.0)
denovo4 B1.III_Green2014 333 (523.0)
denovo4 B1.I_Green2014 341 (546.0)
denovo4 B1.II_Green2014 341 (546.0)
denovo4 B1_JN558057 341 (546.0)
denovo4 B1_AF333511 341 (546.0)
denovo4 B1.IV_Green2014 352 (552.5)
denovo4 B121_EU074870 342 (548.0)
denovo4 B7_AF499784 341 (555.0)
denovo4 B1.VI_Green2014 335 (538.5)
denovo4 B3_AF333514 334 (547.0)
denovo4 B9_AF499786 340 (529.5)
denovo4 B19a_JN558055 341 (496.5)
denovo4 B119_EU099825 354 (478.5)
denovo4 B21_DQ865213 329 (520.0)
denovo4 B38_GU907651 329 (520.0)
denovo4 B18_AY258471 339 (535.5)
denovo4 B18a_AY258472 339 (526.5)
denovo4 B33_GU907648 339 (517.0)
denovo4 B6_AF499783 340 (529.5)
denovo4 B19_DQ865212 339 (526.5)
denovo4 B19_GU907641 339 (526.5)
denovo4 B2_AF333512 339 (535.5)
denovo4 B2_JN558060 339 (535.5)
denovo4 C33.1_AY258498 313 (1173.0)
denovo4 C33.2_AY765400 313 (1173.0)
denovo4 C33a_EF541147 313 (1173.0)
denovo4 C34_AY258499 313 (1200.0)
denovo4 C78_AY765413 314 (1130.5)
denovo4 C15.29_KC597690 312 (1134.0)
denovo4 C1131_DQ182650 310 (1074.0)
denovo4 C1135_DQ182646 310 (1074.0)
denovo4 C1134_DQ182647 310 (1074.0)
denovo4 C1142_DQ182635 310 (1083.0)
denovo4 C1136_DQ182644 310 (1044.0)
denovo4 C1111_DQ182645 310 (1044.0)
denovo4 C1236_EF473656 310 (1053.0)
denovo4 C1138_DQ182642 310 (1053.0)
denovo4 C1137_DQ182643 310 (1053.0)
denovo4 C1133_DQ182648 310 (1053.0)
denovo4 C1132_DQ182649 310 (1053.0)
denovo4 C1143_DQ182634 310 (1062.0)
denovo4 C1139_DQ182639 310 (1092.0)
denovo4 C15.28_KC597687 310 (1129.0)
denovo4 C1141_DQ182636 310 (1092.0)
denovo4 C1144_DQ182637 310 (1083.0)
denovo4 C1122_DQ182654 310 (1092.0)
denovo4 C1127_DQ182652 310 (1110.0)
denovo4 C15.30_JX394114 310 (1147.0)
denovo4 C15.26_KC597686 310 (1165.0)
denovo4 C1086_DQ182656 310 (1147.0)
denovo4 C15.25_KC597685 310 (1156.0)
denovo4 C1118_AF180127 309 (1068.5)
denovo4 C1129_DQ182651 310 (1119.0)
denovo4 C15.21_KC597683 310 (1156.0)
denovo4 C56_AY589760 310 (1165.0)
denovo4 C1140_DQ182638 310 (1119.0)
denovo4 C1126_DQ182653 310 (1110.0)
denovo4 C15c_AY258492 310 (1165.0)
denovo4 C15d_AY258493 310 (1156.0)
denovo4 C1098_DQ182641 310 (1135.5)
denovo4 C15.27_KC597689 310 (1165.0)
denovo4 C15.18_HE579024 310 (1165.0)
denovo4 C15.16_HE579022 310 (1165.0)
denovo4 C1101_AB253787 310 (1165.0)
denovo4 C1083_AY237300 310 (1165.0)
denovo4 C1088_DQ182640 310 (1165.0)
denovo4 C15.6_FN563472 310 (1174.0)
denovo4 C15.5_FJ461512 310 (1174.0)
denovo4 C15.4_FJ461511 310 (1183.0)
denovo4 C15.13_HE579019 311 (1176.5)
denovo4 C15.12_HE579018 311 (1185.5)
denovo4 C93a_AM748563 314 (1175.5)
denovo4 C1094_AJ291514 310 (1165.0)
denovo4 C93_AM748562 314 (1166.5)
denovo4 C15.17_HE579023 310 (1159.0)
denovo4 C15e_AY589742 310 (1159.0)
denovo4 C15.22_KC597695 310 (1174.0)
denovo4 C60_AY589764 310 (1174.0)
denovo4 C15.1_FJ461508 310 (1174.0)
denovo4 C15.2_FJ461509 310 (1174.0)
denovo4 C15.9_FN563475 310 (1174.0)
denovo4 C15.7_HE579015 310 (1174.0)
denovo4 C15.8_HE579016 310 (1183.0)
denovo4 C15.15_HE579021 313 (1181.0)
denovo4 C15.19_HE579025 310 (1174.0)
denovo4 C15.24_KC597696 310 (1165.0)
denovo4 C15.3_FJ461510 310 (1183.0)
denovo4 C1087_DQ182655 310 (1174.0)
denovo4 C15.14_HE579020 311 (1164.0)
denovo4 C15.23_KC597697 311 (1164.0)
denovo4 C19_AY258479 310 (1186.0)
denovo4 C1233_EU118166 310 (1174.0)
denovo4 C15b_AY258491 313 (1181.0)
denovo4 C15a_AY258476 310 (1192.0)
denovo4 C1051_AF195153 314 (1184.5)
denovo4 C2_AF333518 315 (1174.5)
denovo4 C15.20_HE579026 311 (1173.0)
denovo4 C15f_AY589743 311 (1173.0)
denovo4 C55_AY589759 314 (1171.5)
denovo4 C15_AY239369 310 (1183.0)
denovo4 C32.1_JF683335 325 (1015.0)
denovo4 C32.2_JF683336 323 (1027.0)
denovo4 C21.23_KC597693 323 (1027.0)
denovo4 C1193_EU099827 315 (1147.5)
denovo4 C1195_EU099821 322 (1162.0)
denovo4 C3q_GU907655 315 (1117.5)
denovo4 C53_AY589758 310 (1165.0)
denovo4 C73_AY765408 319 (1106.0)
denovo4 C17.2.1_KC597684 315 (1110.5)
denovo4 C32_AY258497 314 (1127.5)
denovo4 C1189_EU099831 314 (1145.5)
denovo4 C1191_EU099833 314 (1136.5)
denovo4 C1196_EU099819 314 (1136.5)
denovo4 C1192_EU099820 314 (1136.5)
denovo4 C17.1_JF683322 314 (1145.5)
denovo4 C26_b2_FN827164 315 (1135.5)
denovo4 C26_b3_FN827165 315 (1126.5)
denovo4 C31.9_HQ630879 317 (1125.0)
denovo4 C31a_AY589746 317 (1121.5)
denovo4 C30_AY589745 317 (1121.5)
denovo4 C31.1_HQ630876 317 (1121.5)
denovo4 C31.5_HQ630877 317 (1121.5)
denovo4 C31.6_HQ630878 317 (1121.5)
denovo4 C31.2_JF683332 317 (1121.5)
denovo4 C31.3_JF683333 317 (1121.5)
denovo4 C26/C35a_AY239378 315 (1135.5)
denovo4 C35a_AY258501 315 (1135.5)
denovo4 C35.2_AY258500 315 (1144.5)
denovo4 C26_b1_FN827163 315 (1144.5)
denovo4 C17_AY239370 314 (1154.5)
denovo4 C17.2_FJ461513 316 (1144.0)
denovo4 C31.10_HQ630880 317 (1134.0)
denovo4 C31.4_JF683334 317 (1143.5)
denovo4 C31_AY258496 317 (1130.5)
denovo4 C25_AY239377 316 (1147.0)
denovo4 C61_AY589765 310 (1131.0)
denovo4 C1043_DQ072721 314 (1152.5)
denovo4 C79_AY765414 314 (1157.5)
denovo4 C69_AY589773 312 (1089.0)
denovo4 C69a_AY686648 312 (1080.0)
denovo4 C21.22_KC597692 314 (1118.5)
denovo4 C51_AY589756 314 (1166.5)
denovo4 C1aa_HM185739 314 (1176.5)
denovo4 C1096_DQ068023 312 (1148.5)
denovo4 C74_AY765409 311 (1164.0)
denovo4 C1185_AB294629 315 (1156.5)
denovo4 C1184_AB294630 315 (1156.5)
denovo4 C1153_AB294625 315 (1156.5)
denovo4 C1154_AB294626 315 (1156.5)
denovo4 C1187_AB294627 315 (1156.5)
denovo4 C1186_AB294628 315 (1156.5)
denovo4 C57_AY589761 315 (1165.5)
denovo4 C66_AY589771 315 (1165.5)
denovo4 C5_AF499795 314 (1175.5)
denovo4 C1167_AB294586 314 (1175.5)
denovo4 C1164_AB294593 314 (1175.5)
denovo4 C1183_AB294631 314 (1175.5)
denovo4 C1067_DQ335381 314 (1175.5)
denovo4 C1159_AB294613 315 (1156.5)
denovo4 C1150_AB294622 315 (1165.5)
denovo4 C90_AM748554 316 (1192.0)
denovo4 C1168_AB294583 314 (1175.5)
denovo4 C1156_AB294616 314 (1175.5)
denovo4 C1151_AB294621 314 (1193.5)
denovo4 C92a_AM748561 314 (1175.5)
denovo4 C92_AM748560 314 (1184.5)
denovo4 C1165_AB294581 314 (1184.5)
denovo4 C1166_AB294584 313 (1191.0)
denovo4 C1162_AB294594 314 (1184.5)
denovo4 C1163_AB294596 314 (1184.5)
denovo4 C1161_AB294606 314 (1184.5)
denovo4 C1160_AB294608 314 (1184.5)
denovo4 C1158_AB294614 314 (1184.5)
denovo4 C1155_AB294617 313 (1200.5)
denovo4 C1149_AB294620 314 (1184.5)
denovo4 C1173_AB294662 314 (1184.5)
denovo4 C1171_AB294663 314 (1193.5)
denovo4 C1172_AB294665 314 (1184.5)
denovo4 C91a_AM748556 314 (1184.5)
denovo4 C91b_AM748557 314 (1184.5)
denovo4 C91d_AM748559 314 (1184.5)
denovo4 C91c_AM748558 314 (1184.5)
denovo4 C91_AJ621543 314 (1193.5)
denovo4 C91_AM748555 314 (1193.5)
denovo4 C1023_DQ335330 314 (956.5)
denovo4 C1020_DQ335392 314 (1193.5)
denovo4 C1018_DQ335408 314 (1193.5)
denovo4 C1074_DQ335329 314 (1193.5)
denovo4 C1030_DQ335353 309 (1205.5)
denovo4 C1022_DQ335331 314 (1193.5)
denovo4 C1027_DQ335360 314 (1211.5)
denovo4 C1072_DQ335344 314 (1193.5)
denovo4 C1039_AB190274 314 (1193.5)
denovo4 C1033_DQ335350 319 (1190.5)
denovo4 C1019_DQ335407 314 (1202.5)
denovo4 C1194_EU099826 314 (1160.5)
denovo4 C8b_AY258475 316 (1185.0)
denovo4 C8_AY239367 314 (1202.5)
denovo4 C8a_AY239368 314 (1193.5)
denovo4 C54a_AY765406 314 (1184.5)
denovo4 C3ff_HM185740 314 (1184.5)
denovo4 C59_AY589763 316 (1164.5)
denovo4 C3k_AY589737 314 (1175.5)
denovo4 C3.24_HE579012 314 (1157.5)
denovo4 C3.23_HE579011 314 (1166.5)
denovo4 C35.1_AY765401 314 (1175.5)
denovo4 C35.3_EF541145 314 (1184.5)
denovo4 C76_AY765411 314 (1154.5)
denovo4 C1107_DQ335359 306 (1175.0)
denovo4 C3.22_HE579010 313 (1193.0)
denovo4 C77_AY765412 316 (1159.0)
denovo4 C20_AY239371 308 (1203.0)
denovo4 C1055_DQ480640 315 (1192.5)
denovo4 C27/C30_AY239379 315 (1135.5)
denovo4 C27.1_FJ461517 315 (1126.5)
denovo4 C40a_AY589747 314 (1184.5)
denovo4 C40_AY258485 314 (1193.5)
denovo4 C40b_AY589748 315 (1183.5)
denovo4 C16_AY258477 314 (1193.5)
denovo4 C16a_AY765399 314 (1184.5)
denovo4 C1091_AB207186 301 (1192.0)
denovo4 C1102_DQ335400 314 (1175.5)
denovo4 C1069_DQ335375 314 (1175.5)
denovo4 C1073_DQ335332 314 (1184.5)
denovo4 C1066_DQ335382 314 (1175.5)
denovo4 C1031_DQ335352 314 (1193.5)
denovo4 C1026_DQ335366 314 (1202.5)
denovo4 C70_AY589774 314 (1202.5)
denovo4 C1082_AB190267 314 (1184.5)
denovo4 C1078_AB190271 314 (1184.5)
denovo4 C1090_AB207191 314 (1184.5)
denovo4 C1071_DQ335302 314 (1184.5)
denovo4 C1075_DQ335328 314 (1184.5)
denovo4 C1068_DQ335379 314 (1184.5)
denovo4 C1064_DQ335395 314 (1184.5)
denovo4 C1063_DQ335403 314 (1184.5)
denovo4 C62_AY589766 314 (1193.5)
denovo4 C1077_DQ335316 315 (1183.5)
denovo4 C1109_DQ335338 308 (1194.0)
denovo4 C1110_DQ335340 308 (1185.0)
denovo4 C1106_DQ335339 308 (1176.0)
denovo4 C1112_DQ335319 308 (1185.0)
denovo4 C1108_DQ335351 308 (1176.0)
denovo4 C1105_DQ335394 308 (1185.0)
denovo4 C1121_DQ335378 308 (1167.0)
denovo4 C1116_AB190268 314 (1175.5)
denovo4 C1115_AB190273 314 (1166.5)
denovo4 C1124_DQ335323 308 (1167.0)
denovo4 C1120_DQ335398 308 (1167.0)
denovo4 C1119_DQ335404 308 (1167.0)
denovo4 C1123_DQ335363 308 (1176.0)
denovo4 C1004_DQ480635 314 (1193.5)
denovo4 C1061_AY186568 314 (1193.5)
denovo4 C1053_AY186569 314 (1193.5)
denovo4 C1003_DQ480639 314 (1202.5)
denovo4 C81_GU907657 318 (1052.0)
denovo4 C22_AY239373 314 (1165.0)
denovo4 C22a_AY239374 314 (1156.0)
denovo4 C1232_EU118163 314 (1184.5)
denovo4 C21.13_FJ461515 314 (1127.5)
denovo4 C21.1_JF683323 314 (1136.5)
denovo4 C21.3_JF683325 314 (1163.5)
denovo4 C1.20_HE578993 314 (1193.5)
denovo4 C1.22_HE578995 314 (1193.5)
denovo4 C52_AY589757 314 (1169.5)
denovo4 C1201_EU099793 316 (1167.5)
denovo4 C14_AY589741 314 (1187.5)
denovo4 C43_AY589749 314 (1202.5)
denovo4 C50_AY589755 314 (1193.5)
denovo4 C3.14_HQ630872 314 (1193.5)
denovo4 C1m_AY765398 314 (1202.5)
denovo4 C82_GU907658 314 (1202.5)
denovo4 C82b_GU907660 314 (1202.5)
denovo4 C64_AY589768 314 (1202.5)
denovo4 C45a_AY765404 314 (1256.5)
denovo4 C48_AY589753 316 (1192.0)
denovo4 C1_v1b_FJ919244 314 (1202.5)
denovo4 C1_v1a_FJ919243 314 (1211.5)
denovo4 C3j_AY239366 314 (1193.5)
denovo4 C3t_EF541149 314 (1193.5)
denovo4 C9_AF499798 314 (1211.5)
denovo4 C23_AY239375 314 (1202.5)
denovo4 C37_AY258481 314 (1193.5)
denovo4 C1048_DQ068026 314 (1211.5)
denovo4 C21.4_JF683326 314 (1145.5)
denovo4 C21.5_JF683327 314 (1154.5)
denovo4 C1070_DQ335349 314 (1193.5)
denovo4 C21.6_HQ630873 314 (1154.5)
denovo4 C1224_EU074890 314 (1202.5)
denovo4 C1.17_HE578990 314 (1211.5)
denovo4 C21_b1_FN827162 314 (1154.5)
denovo4 C21.9_JF683330 314 (1154.5)
denovo4 C1085_AY624605 314 (1193.5)
denovo4 C3p_GU907654 313 (1194.0)
denovo4 C3f_AY589734 314 (1202.5)
denovo4 C65a_AY589770 314 (1193.5)
denovo4 C65_AY589769 314 (1202.5)
denovo4 C71_AY589775 314 (1193.5)
denovo4 C71a_AY589776 314 (1184.5)
denovo4 C1178_AB294647 314 (1178.5)
denovo4 C1225_EU074893 314 (1202.5)
denovo4 C75_AY765410 314 (1193.5)
denovo4 C21.10_JF683331 314 (1145.5)
denovo4 C21.11_HQ630874 314 (1154.5)
denovo4 C1065_DQ335388 314 (1202.5)
denovo4 C1045_DQ068036 314 (1202.5)
denovo4 C1h_AY258473 314 (1211.5)
denovo4 C38_AY258482 314 (1193.5)
denovo4 C1202_EU099799 314 (1193.5)
denovo4 C7_AF499797 314 (1202.5)
denovo4 C12_AF499801 315 (1208.5)
denovo4 C38a_AY258483 315 (1183.5)
denovo4 C1200_EU099800 314 (1138.0)
denovo4 C44a_AY589751 314 (1229.5)
denovo4 C47_AY589752 314 (1229.5)
denovo4 C44_AY589750 314 (1238.5)
denovo4 C1.15_HE578988 314 (1211.5)
denovo4 C45.3_FJ461522 314 (1220.5)
denovo4 C46a_AY765405 314 (1211.5)
denovo4 C46_EU449108 314 (1220.5)
denovo4 C3.12_FJ461507 314 (1220.5)
denovo4 C1k_AY589733 314 (1220.5)
denovo4 C67_AY686647 314 (1220.5)
denovo4 C82a_GU907659 314 (1220.5)
denovo4 C10a_AY589739 314 (1211.5)
denovo4 C10_AF499799 314 (1220.5)
denovo4 C13_AY589740 320 (1208.0)
denovo4 C4_AF499794 314 (1229.5)
denovo4 C1147_EF656433 314 (1220.5)
denovo4 C1c/C45_AY239364 314 (1229.5)
denovo4 C1c/C45_EU449103 314 (1229.5)
denovo4 C21.19_HE579031 314 (1145.5)
denovo4 C21.21_HE579033 313 (1161.5)
denovo4 C21.20_HE579032 314 (1154.5)
denovo4 C42b_AY765403 314 (1202.5)
denovo4 C42_AY258487 314 (1211.5)
denovo4 C1p_GU907652 314 (1211.5)
denovo4 C1d_AY258488 314 (1211.5)
denovo4 C42_AY765402 314 (1220.5)
denovo4 C3ha_AY589736 314 (1145.5)
denovo4 C63a_AY589767 316 (1135.0)
denovo4 C21a_AY589744 300 (1160.0)
denovo4 C3o_GU907653 314 (1154.5)
denovo4 C21.16_HQ630875 314 (1154.5)
denovo4 C21.2_JF683324 314 (1154.5)
denovo4 C21.7_JF683328 314 (1154.5)
denovo4 C21.8_JF683329 314 (1154.5)
denovo4 C3h_AY239365 313 (1169.5)
denovo4 C1203_EU099798 314 (1154.5)
denovo4 C3.10_FJ461505 314 (1202.5)
denovo4 C21.14_FJ461516 314 (1154.5)
denovo4 C21.18_HE579030 320 (1142.0)
denovo4 C3.17_HE579005 314 (1202.5)
denovo4 C3.9_FJ461504 314 (1181.5)
denovo4 C3.8_FJ461503 314 (1202.5)
denovo4 C3.7_FJ461502 310 (1210.0)
denovo4 C3.11_FJ461506 314 (1202.5)
denovo4 C3.18_HE579006 314 (1202.5)
denovo4 C3.19_HE579007 314 (1202.5)
denovo4 C3.20_HE579008 311 (1211.5)
denovo4 C3g_AY589735 316 (1192.0)
denovo4 C3a_AF499790 314 (1202.5)
denovo4 C3e_AF499793 314 (1202.5)
denovo4 C6_AF499796 314 (1193.5)
denovo4 C11_AF499800 314 (1202.5)
denovo4 C36_AY258480 314 (1202.5)
denovo4 C29_AY258494 314 (1202.5)
denovo4 C1146_EF656434 314 (1202.5)
denovo4 C1190_EU099841 313 (1209.0)
denovo4 C131_JF320826 314 (1202.5)
denovo4 C28_AY239380 316 (1192.0)
denovo4 C1012_DQ480604 314 (1202.5)
denovo4 C1181_AB294640 313 (1193.5)
denovo4 C1180_AB294641 314 (1187.5)
denovo4 C1179_AB294645 314 (1187.5)
denovo4 C1176_AB294651 314 (1187.5)
denovo4 C1175_AB294653 314 (1187.5)
denovo4 C1174_AB294655 314 (1187.5)
denovo4 C1177_AB294659 314 (1187.5)
denovo4 C1040_AB190269 314 (1202.5)
denovo4 C1182_AB294649 310 (1219.0)
denovo4 C1089_AJ278598 314 (1211.5)
denovo4 C1028_DQ335357 314 (1202.5)
denovo4 C3.16_EU786015 314 (1202.5)
denovo4 C1097_AJ311943 315 (1202.0)
denovo4 C1170_AB294661 314 (1187.5)
denovo4 C21.17_HE579029 314 (1165.5)
denovo4 C21/3d/C3k_AY239372 314 (1163.5)
denovo4 C58_AY589762 315 (1153.5)
denovo4 C3L_AY589738 317 (1179.5)
denovo4 C1169_AB294660 314 (1196.5)
denovo4 C3.2_FJ461497 314 (1196.5)
denovo4 C3.1_JF683321 314 (1196.5)
denovo4 C1104_AF427469 315 (1201.5)
denovo4 C3b_AF499791 314 (1205.5)
denovo4 C83_GU907661 316 (1201.0)
denovo4 C49_AY589754 355 (1181.5)
denovo4 C3_AB778606 314 (1211.5)
denovo4 C3_AF499789 314 (1211.5)
denovo4 C3_HE579001 314 (1211.5)
denovo4 C21.12_FJ461514 314 (1145.5)
denovo4 C1229_EU074888 314 (1143.5)
denovo4 C1230_EU074889 314 (1152.5)
denovo4 C1114_AB207196 315 (1205.5)
denovo4 C3.21_HE579009 305 (1189.5)
denovo4 C1057_DQ480619 314 (1211.5)
denovo4 C72_AY765407 314 (1174.5)
denovo4 C1b.3_HE578999 314 (1205.5)
denovo4 C93_AJ621536 310 (1210.0)
denovo4 C94_AJ621539 310 (1219.0)
denovo4 C1g_AY589730 313 (1218.0)
denovo4 C1i_AY589731 314 (1202.5)
denovo4 C1j_AY589732 314 (1211.5)
denovo4 C1005_DQ480633 314 (1211.5)
denovo4 C1.7_FJ461494 314 (1211.5)
denovo4 C1.11_HE578984 314 (1229.5)
denovo4 C1.12_HE578985 314 (1211.5)
denovo4 C1.13_HE578986 314 (1211.5)
denovo4 C1.14_HE578987 314 (1211.5)
denovo4 C1.18_HE578991 313 (1217.5)
denovo4 C1.19_HE578992 314 (1220.5)
denovo4 C1199_EU099802 314 (1205.5)
denovo4 C1188_EU099838 314 (1220.5)
denovo4 C1002_DQ838544 314 (1220.5)
denovo4 C1198_EU099810 314 (1211.5)
denovo4 C24_AY239376 311 (1203.5)
denovo4 C1f_AY258490 314 (1211.5)
denovo4 C1006_DQ480629 314 (1211.5)
denovo4 C1010_DQ480607 314 (1211.5)
denovo4 C1007_DQ480624 314 (1202.5)
denovo4 C1011_DQ480605 314 (1211.5)
denovo4 C1009_DQ480608 314 (1211.5)
denovo4 C1041_AY186548 314 (1202.5)
denovo4 C1052_AY186570 314 (1211.5)
denovo4 C1148_EU040178 314 (1229.5)
denovo4 C1234_EU118165 315 (1219.5)
denovo4 C1.5_EF634157 314 (1211.5)
denovo4 C1059_DQ480609 314 (1220.5)
denovo4 C1228_EU074883 314 (1211.5)
denovo4 C1208_EU074963 314 (1211.5)
denovo4 C1207_EU074964 314 (1211.5)
denovo4 C1206_EU074965 314 (1211.5)
denovo4 C1013_DQ480642 314 (1202.5)
denovo4 C80_GU907656 324 (1197.0)
denovo4 C1a_AF499788 314 (1211.5)
denovo4 C41_AY258486 314 (1211.5)
denovo4 C39_AY258484 314 (1134.0)
denovo4 C1231_EU074878 314 (1211.5)
denovo4 C1b.1_HE578997 314 (1196.5)
denovo4 C18_AY258478 314 (1211.5)
denovo4 C1.10_HE578983 314 (1181.5)
denovo4 C1_JN558041 314 (1220.5)
denovo4 C1_HE578979 314 (1220.5)
denovo4 C1_AM748551 314 (1220.5)
denovo4 C1_AF333515 314 (1220.5)
denovo4 C1054_AY186565 315 (1210.5)
denovo4 C1008_DQ480613 314 (1211.5)
denovo4 C1103_AF427470 315 (1210.5)
denovo4 C1226_EU074881 315 (1210.5)
denovo4 C1b/C1e_AY239363 314 (1205.5)
denovo4 C1044_DQ068038 314 (1205.5)
denovo4 C1017_DQ174729 315 (1195.5)
denovo4 C1.6_FJ461493 314 (1211.5)
denovo4 C1b.2_HE578998 314 (1196.5)
denovo4 C1060_DQ480600 314 (1211.5)
denovo4 C1227_EU074882 314 (1211.5)
denovo4 C1197_EU099814 314 (1211.5)
denovo4 C1130_DQ480643 301 (1104.0)
denovo4 D109_AB097465 360 (419.5)
denovo4 D1.11_HE579040 352 (425.5)
denovo4 D105_AF174570 352 (425.0)
denovo4 D104_AF174572 357 (413.5)
denovo4 D1.3_JF683337 353 (419.5)
denovo4 D1.10_HE579039 353 (410.5)
denovo4 D110_AF174561 353 (410.5)
denovo4 D117_AF174542 354 (413.0)
denovo4 D114_AF174549 353 (419.5)
denovo4 D113_AF174557 363 (412.0)
denovo4 D112_AF174558 359 (419.0)
denovo4 D106_AF174559 353 (419.5)
denovo4 D111_AF174560 352 (425.0)
denovo4 D115_AF174562 352 (425.5)
denovo4 D107_AF174568 354 (421.5)
denovo4 D116_AF174571 352 (416.5)
denovo4 D124_EU074897 364 (426.0)
denovo4 D1.8_HE579037 353 (419.5)
denovo4 D3_AY686650 356 (419.5)
denovo4 D1.6_HQ630881 353 (410.5)
denovo4 D120_EU074900 359 (410.0)
denovo4 D121_EU074904 352 (425.5)
denovo4 D122_EU074905 353 (410.5)
denovo4 D1a.2_JF683339 359 (430.0)
denovo4 D1a.1_JF683338 359 (428.0)
denovo4 D2_AY686649 599 (478.0)
denovo4 D4_DQ865214 360 (418.5)
denovo4 D1a_AF499802 359 (419.0)
denovo4 D1a_JN558078 359 (419.0)
denovo4 D123_EU074895 357 (422.5)
denovo4 D108_AF174567 353 (419.5)
denovo4 D103_AF174575 359 (419.0)
denovo4 D100_AF411415 359 (419.5)
denovo4 D118_EF656435 359 (419.0)
denovo4 D101_AF411416 359 (404.5)
denovo4 D119_EU099832 355 (418.0)
denovo4 D102_AF174573 358 (428.5)
denovo4 D1_AF334660 353 (419.5)
denovo4 D1_JN558076 353 (419.5)
denovo4 D1.12_HE579041 342 (397.5)
denovo4 D1.1_AM748564 438 (462.0)
denovo4 D1.2_AM748617 415 (459.0)
denovo4 E111_EU074915 384 (336.0)
denovo4 E110_EU074914 383 (347.0)
denovo4 E114_EU074909 370 (345.5)
denovo4 E1_AF334659 383 (347.0)
denovo4 E105_EU074921 382 (357.0)
denovo4 E112_EU074916 385 (345.0)
denovo4 E104_EU074922 386 (348.0)
denovo4 E102_EU074924 385 (345.0)
denovo4 E103_EU074923 385 (354.0)
denovo4 E101_AY160123 378 (348.0)
denovo4 E109_EU074913 367 (348.0)
denovo4 E100_DQ011618 378 (367.0)
denovo4 E108_EU074912 378 (359.5)
denovo4 E113_EU074908 378 (354.5)
denovo4 E107_EU074910 378 (359.5)
denovo4 F1_JN558066 324 (868.5)
denovo4 F5.2d_AJ291530 321 (852.0)
denovo4 F104_AJ291531 321 (852.0)
denovo4 F5.2c_AM748596 321 (852.0)
denovo4 F5.2_AM748594 318 (861.0)
denovo4 F5.2a_AM748614 318 (861.0)
denovo4 F5.2b_AM748595 318 (852.0)
denovo4 F5.2e_AJ291533 317 (818.5)
denovo4 F5.2g_JN558072 318 (852.0)
denovo4 F5.2f_AJ291512 318 (861.0)
denovo4 F102_AJ291534 318 (852.0)
denovo4 F5.1c_AM748593 323 (839.0)
denovo4 F5.1d_JN558069 323 (866.0)
denovo4 F5.1b_AJ291535 321 (862.0)
denovo4 F5.1_AM748592 323 (866.0)
denovo4 F5.1a_AM748591 322 (864.0)
denovo4 F110_AJ291526 327 (757.5)
denovo4 F4.7_AM748587 331 (772.5)
denovo4 F4.5_AM748585 322 (798.5)
denovo4 F4.4a_AM748583 317 (839.0)
denovo4 F4.4_AM748582 320 (836.0)
denovo4 F4.4b_AM748584 322 (833.5)
denovo4 F4.1a_AM748573 339 (749.0)
denovo4 F112_AJ291528 333 (758.0)
denovo4 F4.1_AM748572 333 (758.0)
denovo4 F4.8b_AM748590 324 (766.0)
denovo4 F4.8_AM748588 326 (763.5)
denovo4 F4.8a_AM748589 324 (766.0)
denovo4 F109_AJ291527 326 (750.5)
denovo4 F4.6_AM748586 329 (772.5)
denovo4 F111_AJ311949 325 (803.5)
denovo4 F4.3c_AM748581 328 (804.0)
denovo4 F4.3a_AM748579 325 (794.5)
denovo4 F4.3b_AM748580 331 (794.5)
denovo4 F4.3_AM748578 325 (803.5)
denovo4 F4.2_AM748574 324 (814.0)
denovo4 F4.2a_AM748575 323 (805.5)
denovo4 F4.2c_AM748577 324 (805.0)
denovo4 F4.2b_AM748576 323 (814.5)
denovo4 F2b_AJ291521 327 (865.5)
denovo4 F2_AJ830908 328 (850.5)
denovo4 F2a_AJ830911 326 (843.5)
denovo4 F3.1a_AM748566 331 (799.5)
denovo4 F114_AJ291525 331 (826.5)
denovo4 F3.1_AM748565 331 (826.5)
denovo4 F3.2_AM748567 328 (854.0)
denovo4 F3.2a_AM748568 330 (877.5)
denovo4 F3.3_AM748569 320 (801.0)
denovo4 F3.4a_AM748571 331 (750.5)
denovo4 F3.4_AM748570 331 (741.5)
denovo4 F3.4b_AM748616 325 (742.0)
denovo4 G101_AJ291539 367 (450.5)
denovo4 G1_AM748597 367 (450.5)
denovo4 G2b_JN558087 358 (444.0)
denovo4 G2_AM748598 373 (435.5)
denovo4 G2a_AM748599 358 (444.0)
denovo4 G4_AM748601 355 (469.5)
denovo4 G3.4_LK392378 346 (461.5)
denovo4 G3_AM748600 360 (469.0)
denovo4 G3.2_KC597694 358 (396.0)
denovo4 G3.1_KC597688 363 (451.0)
denovo4 G100_AB253788 363 (451.0)
denovo4 G3.3_LK392377 369 (452.5)
denovo4 H6_AJ291520 648 (339.5)
denovo4 H3_AM748606 306 (826.0)
denovo4 H2_AM748605 307 (873.0)
denovo4 H4_AM748607 315 (801.5)
denovo4 H4a_AM748608 315 (816.5)
denovo4 H5a_AM748611 310 (795.0)
denovo4 H5b_AM748610 313 (802.5)
denovo4 H5_AJ621129 310 (804.0)
denovo4 H5_AM748609 310 (804.0)
denovo4 H100_AJ291513 313 (820.5)
denovo4 H1b_AM748604 318 (821.0)
denovo4 H1a_AM748612 318 (812.0)
denovo4 H1_AJ621152 318 (821.0)
denovo4 H1_AM748602 318 (821.0)
denovo4 I3_FN561561 358 (632.0)
denovo4 I4_FN561562 345 (630.5)
denovo4 I1_FN561559 349 (605.5)
denovo4 I2_FN561560 345 (630.5)

#---------------------------------------
#---------------------------------------
