denovo256 A136_DQ865210 301 (696.0)
denovo256 A133_DQ174725 282 (802.0)
denovo256 A115_AF180123 285 (671.0)
denovo256 A117_AF201746 286 (772.0)
denovo256 A134_DQ174723 286 (781.0)
denovo256 A114_AF184941 286 (781.0)
denovo256 A135_DQ174727 288 (785.5)
denovo256 A2_AF333506 289 (775.5)
denovo256 A101_AF427468 288 (785.5)
denovo256 A2_1_JN558097 288 (785.5)
denovo256 A2_2_JN558100 288 (785.5)
denovo256 A113_AF184948 280 (766.5)
denovo256 A112_AF184949 279 (791.0)
denovo256 A123_EF378618 275 (805.0)
denovo256 A137_EF378621 276 (909.5)
denovo256 A11_EU449041 272 (978.5)
denovo256 A121_DQ174722 272 (1044.5)
denovo256 A15b_EU792886 273 (996.0)
denovo256 A15a_EU792885 273 (1014.0)
denovo256 A15c_EU792887 274 (999.0)
denovo256 A15_EU792884 273 (1005.0)
denovo256 A147_EU074937 272 (1029.5)
denovo256 A154_EU074860 272 (1029.5)
denovo256 A146_EU074936 272 (1029.5)
denovo256 A150_EU074928 272 (1038.5)
denovo256 A116_AF183575 272 (1029.5)
denovo256 A141_EU074931 272 (1038.5)
denovo256 A5_AF333508 272 (1071.5)
denovo256 A3b_EU449043 272 (1056.5)
denovo256 A151_EU074925 272 (1038.5)
denovo256 A152_EU074927 272 (1038.5)
denovo256 A149_EU074929 272 (1038.5)
denovo256 A140_EU074930 272 (1038.5)
denovo256 A142_EU074932 272 (1038.5)
denovo256 A143_EU074933 272 (1038.5)
denovo256 A144_EU074934 272 (1047.5)
denovo256 A145_EU074935 273 (1041.5)
denovo256 A148_EU074938 272 (1038.5)
denovo256 A155_EU074856 272 (1038.5)
denovo256 A156_EU074859 272 (1038.5)
denovo256 A139_EU074962 272 (1038.5)
denovo256 A6_AF186058 272 (1047.5)
denovo256 A3_AF333507 272 (1047.5)
denovo256 A3_JN558091 272 (1047.5)
denovo256 A8_AY258468 272 (1038.5)
denovo256 A7_AY239360 272 (1029.5)
denovo256 A16_EU792888 272 (1029.5)
denovo256 A4.3_FN429763 274 (1159.5)
denovo256 A120_AF180122 272 (1117.0)
denovo256 A4.2_FN429761 272 (1169.0)
denovo256 A4_AF333509 272 (1188.0)
denovo256 A4.1_FN429760 271 (1183.0)
denovo256 A4a_AF499778 272 (1179.0)
denovo256 A4a.1_FN429762 272 (1179.0)
denovo256 A138_EF378620 274 (1039.5)
denovo256 A122_EF378619 273 (1085.5)
denovo256 A126_EF378615 272 (1086.5)
denovo256 A10_EU792882 272 (1086.5)
denovo256 A9_EU449028 272 (1098.0)
denovo256 A105_AB207202 272 (1098.0)
denovo256 A119_AF180121 272 (1051.0)
denovo256 A12_EU792883 272 (1107.0)
denovo256 A104_AB207203 272 (1107.0)
denovo256 A1a_EU449030 272 (1116.0)
denovo256 A1.3_HE578976 272 (1116.0)
denovo256 A1.4_HE578977 272 (1116.0)
denovo256 A13_AF333504 272 (1116.0)
denovo256 A13_JN558094 272 (1116.0)
denovo256 A110_AB190282 272 (1116.0)
denovo256 A103_AB207206 272 (1116.0)
denovo256 A130_EF656428 272 (1116.0)
denovo256 A127_EF656429 272 (1116.0)
denovo256 A128_EF656430 272 (1116.0)
denovo256 A129_EF656431 272 (1116.0)
denovo256 A131_EF656432 272 (1116.0)
denovo256 A118_AF180120 271 (1079.0)
denovo256 A1_AF333505 272 (1125.0)
denovo256 A107_AB207199 272 (1098.0)
denovo256 A111_AB190280 272 (1107.0)
denovo256 A108_AB207197 272 (1092.0)
denovo256 A106_AB207200 272 (1098.0)
denovo256 A102_AB207209 272 (1116.0)
denovo256 A1.2_AB207210 272 (1116.0)
denovo256 A109_AB190285 272 (1107.0)
denovo256 B4_AF333510 338 (513.5)
denovo256 B23_EU449079 339 (488.5)
denovo256 B30_GU907644 344 (476.5)
denovo256 B11_AY239361 348 (515.5)
denovo256 B17_AY258470 343 (489.5)
denovo256 B1k_GU907638 274 (251.5)
denovo256 B1.V_Green2014 355 (480.0)
denovo256 B1b_AF499780 347 (497.5)
denovo256 B16_AY258469 346 (499.0)
denovo256 B31a_GU907646 342 (505.0)
denovo256 B32_GU907647 346 (516.5)
denovo256 B31_GU907645 346 (508.0)
denovo256 B1j_GU907637 341 (511.0)
denovo256 B37_GU907650 343 (510.5)
denovo256 B5a_AF499782 346 (498.0)
denovo256 B5_AF499781 346 (507.0)
denovo256 B24_GU907643 346 (375.0)
denovo256 B117_AF180124 339 (461.0)
denovo256 B10_AF499787 346 (499.0)
denovo256 B20_GU907642 354 (500.0)
denovo256 B1m_GU907640 346 (508.0)
denovo256 B34_GU907649 346 (508.0)
denovo256 B1d_GU907633 346 (499.0)
denovo256 B1e_GU907634 346 (499.0)
denovo256 B1i_GU907636 346 (508.0)
denovo256 B1g_GU907635 347 (499.0)
denovo256 B123_EU074872 346 (490.0)
denovo256 B8_AF499785 347 (499.0)
denovo256 B1l_GU907639 346 (499.5)
denovo256 B1a_AF499779 346 (499.0)
denovo256 B14_AY239362 347 (489.0)
denovo256 B125_EU074865 351 (505.0)
denovo256 B122_EU074871 346 (508.0)
denovo256 B124_EU074874 346 (499.0)
denovo256 B1.VII_Green2014 346 (438.0)
denovo256 B1.III_Green2014 333 (496.5)
denovo256 B1.I_Green2014 346 (508.0)
denovo256 B1.II_Green2014 346 (508.0)
denovo256 B1_JN558057 346 (508.0)
denovo256 B1_AF333511 346 (508.0)
denovo256 B1.IV_Green2014 353 (503.0)
denovo256 B121_EU074870 346 (508.0)
denovo256 B7_AF499784 346 (508.0)
denovo256 B1.VI_Green2014 338 (503.5)
denovo256 B3_AF333514 338 (516.0)
denovo256 B9_AF499786 338 (497.5)
denovo256 B19a_JN558055 326 (480.0)
denovo256 B119_EU099825 335 (498.5)
denovo256 B21_DQ865213 339 (496.0)
denovo256 B38_GU907651 339 (496.0)
denovo256 B18_AY258471 338 (524.5)
denovo256 B18a_AY258472 338 (524.5)
denovo256 B33_GU907648 343 (512.0)
denovo256 B6_AF499783 339 (518.5)
denovo256 B19_DQ865212 338 (506.5)
denovo256 B19_GU907641 338 (506.5)
denovo256 B2_AF333512 338 (506.5)
denovo256 B2_JN558060 338 (506.5)
denovo256 C33.1_AY258498 336 (579.0)
denovo256 C33.2_AY765400 336 (579.0)
denovo256 C33a_EF541147 336 (579.0)
denovo256 C34_AY258499 335 (594.5)
denovo256 C78_AY765413 341 (568.5)
denovo256 C15.29_KC597690 337 (555.0)
denovo256 C1131_DQ182650 335 (540.0)
denovo256 C1135_DQ182646 330 (534.5)
denovo256 C1134_DQ182647 327 (526.0)
denovo256 C1142_DQ182635 328 (528.0)
denovo256 C1136_DQ182644 337 (535.5)
denovo256 C1111_DQ182645 331 (535.0)
denovo256 C1236_EF473656 331 (534.5)
denovo256 C1138_DQ182642 331 (534.5)
denovo256 C1137_DQ182643 332 (545.0)
denovo256 C1133_DQ182648 331 (534.5)
denovo256 C1132_DQ182649 331 (543.5)
denovo256 C1143_DQ182634 331 (543.5)
denovo256 C1139_DQ182639 335 (540.0)
denovo256 C15.28_KC597687 335 (595.0)
denovo256 C1141_DQ182636 335 (549.0)
denovo256 C1144_DQ182637 335 (549.0)
denovo256 C1122_DQ182654 335 (549.5)
denovo256 C1127_DQ182652 335 (549.0)
denovo256 C15.30_JX394114 348 (588.0)
denovo256 C15.26_KC597686 339 (580.5)
denovo256 C1086_DQ182656 343 (581.5)
denovo256 C15.25_KC597685 343 (590.5)
denovo256 C1118_AF180127 328 (554.5)
denovo256 C1129_DQ182651 336 (542.5)
denovo256 C15.21_KC597683 336 (588.5)
denovo256 C56_AY589760 335 (585.5)
denovo256 C1140_DQ182638 336 (551.5)
denovo256 C1126_DQ182653 336 (560.5)
denovo256 C15c_AY258492 336 (588.5)
denovo256 C15d_AY258493 335 (595.0)
denovo256 C1098_DQ182641 342 (577.5)
denovo256 C15.27_KC597689 335 (596.0)
denovo256 C15.18_HE579024 336 (588.5)
denovo256 C15.16_HE579022 336 (588.5)
denovo256 C1101_AB253787 336 (579.5)
denovo256 C1083_AY237300 335 (595.5)
denovo256 C1088_DQ182640 336 (598.0)
denovo256 C15.6_FN563472 336 (588.5)
denovo256 C15.5_FJ461512 336 (588.5)
denovo256 C15.4_FJ461511 336 (588.5)
denovo256 C15.13_HE579019 336 (579.5)
denovo256 C15.12_HE579018 336 (588.5)
denovo256 C93a_AM748563 336 (606.0)
denovo256 C1094_AJ291514 336 (588.0)
denovo256 C93_AM748562 336 (597.0)
denovo256 C15.17_HE579023 335 (598.0)
denovo256 C15e_AY589742 337 (593.5)
denovo256 C15.22_KC597695 336 (588.5)
denovo256 C60_AY589764 336 (597.5)
denovo256 C15.1_FJ461508 336 (588.5)
denovo256 C15.2_FJ461509 336 (588.5)
denovo256 C15.9_FN563475 328 (600.5)
denovo256 C15.7_HE579015 336 (598.0)
denovo256 C15.8_HE579016 336 (588.5)
denovo256 C15.15_HE579021 336 (588.5)
denovo256 C15.19_HE579025 336 (597.5)
denovo256 C15.24_KC597696 336 (588.5)
denovo256 C15.3_FJ461510 336 (588.5)
denovo256 C1087_DQ182655 334 (592.0)
denovo256 C15.14_HE579020 337 (597.0)
denovo256 C15.23_KC597697 337 (597.0)
denovo256 C19_AY258479 335 (597.5)
denovo256 C1233_EU118166 336 (588.5)
denovo256 C15b_AY258491 336 (588.5)
denovo256 C15a_AY258476 336 (597.5)
denovo256 C1051_AF195153 336 (606.5)
denovo256 C2_AF333518 337 (604.5)
denovo256 C15.20_HE579026 337 (597.0)
denovo256 C15f_AY589743 337 (588.0)
denovo256 C55_AY589759 334 (595.5)
denovo256 C15_AY239369 336 (597.5)
denovo256 C32.1_JF683335 341 (591.0)
denovo256 C32.2_JF683336 341 (590.5)
denovo256 C21.23_KC597693 341 (590.5)
denovo256 C1193_EU099827 329 (573.5)
denovo256 C1195_EU099821 343 (554.0)
denovo256 C3q_GU907655 327 (591.0)
denovo256 C53_AY589758 341 (577.5)
denovo256 C73_AY765408 330 (596.0)
denovo256 C17.2.1_KC597684 336 (565.0)
denovo256 C32_AY258497 328 (588.0)
denovo256 C1189_EU099831 327 (587.5)
denovo256 C1191_EU099833 327 (596.5)
denovo256 C1196_EU099819 328 (589.0)
denovo256 C1192_EU099820 328 (589.0)
denovo256 C17.1_JF683322 329 (592.0)
denovo256 C26_b2_FN827164 330 (600.5)
denovo256 C26_b3_FN827165 330 (582.5)
denovo256 C31.9_HQ630879 332 (582.0)
denovo256 C31a_AY589746 333 (581.0)
denovo256 C30_AY589745 324 (590.0)
denovo256 C31.1_HQ630876 333 (590.0)
denovo256 C31.5_HQ630877 333 (590.0)
denovo256 C31.6_HQ630878 329 (587.0)
denovo256 C31.2_JF683332 333 (581.0)
denovo256 C31.3_JF683333 332 (596.5)
denovo256 C26/C35a_AY239378 330 (591.5)
denovo256 C35a_AY258501 330 (591.5)
denovo256 C35.2_AY258500 330 (600.5)
denovo256 C26_b1_FN827163 330 (600.5)
denovo256 C17_AY239370 329 (601.0)
denovo256 C17.2_FJ461513 331 (600.0)
denovo256 C31.10_HQ630880 332 (591.0)
denovo256 C31.4_JF683334 337 (578.5)
denovo256 C31_AY258496 333 (590.0)
denovo256 C25_AY239377 329 (580.0)
denovo256 C61_AY589765 329 (589.0)
denovo256 C1043_DQ072721 336 (566.0)
denovo256 C79_AY765414 334 (583.5)
denovo256 C69_AY589773 321 (588.5)
denovo256 C69a_AY686648 321 (579.5)
denovo256 C21.22_KC597692 323 (601.0)
denovo256 C51_AY589756 334 (591.5)
denovo256 C1aa_HM185739 338 (595.5)
denovo256 C1096_DQ068023 340 (571.0)
denovo256 C74_AY765409 331 (597.5)
denovo256 C1185_AB294629 339 (594.0)
denovo256 C1184_AB294630 339 (594.0)
denovo256 C1153_AB294625 340 (596.0)
denovo256 C1154_AB294626 338 (609.5)
denovo256 C1187_AB294627 339 (594.0)
denovo256 C1186_AB294628 336 (604.0)
denovo256 C57_AY589761 339 (603.0)
denovo256 C66_AY589771 339 (603.0)
denovo256 C5_AF499795 336 (597.5)
denovo256 C1167_AB294586 335 (613.0)
denovo256 C1164_AB294593 336 (597.5)
denovo256 C1183_AB294631 336 (588.5)
denovo256 C1067_DQ335381 328 (592.0)
denovo256 C1159_AB294613 339 (611.0)
denovo256 C1150_AB294622 337 (606.0)
denovo256 C90_AM748554 338 (605.5)
denovo256 C1168_AB294583 336 (597.5)
denovo256 C1156_AB294616 336 (606.0)
denovo256 C1151_AB294621 336 (615.5)
denovo256 C92a_AM748561 336 (606.5)
denovo256 C92_AM748560 336 (606.5)
denovo256 C1165_AB294581 335 (612.5)
denovo256 C1166_AB294584 336 (597.5)
denovo256 C1162_AB294594 335 (603.5)
denovo256 C1163_AB294596 336 (606.5)
denovo256 C1161_AB294606 334 (601.0)
denovo256 C1160_AB294608 336 (615.5)
denovo256 C1158_AB294614 336 (606.5)
denovo256 C1155_AB294617 336 (597.5)
denovo256 C1149_AB294620 328 (609.5)
denovo256 C1173_AB294662 336 (598.0)
denovo256 C1171_AB294663 336 (597.5)
denovo256 C1172_AB294665 336 (597.5)
denovo256 C91a_AM748556 328 (600.5)
denovo256 C91b_AM748557 330 (598.0)
denovo256 C91d_AM748559 335 (604.0)
denovo256 C91c_AM748558 335 (603.5)
denovo256 C91_AJ621543 336 (606.5)
denovo256 C91_AM748555 336 (606.5)
denovo256 C1023_DQ335330 312 (587.0)
denovo256 C1020_DQ335392 336 (606.5)
denovo256 C1018_DQ335408 328 (610.0)
denovo256 C1074_DQ335329 336 (597.5)
denovo256 C1030_DQ335353 336 (597.5)
denovo256 C1022_DQ335331 336 (606.5)
denovo256 C1027_DQ335360 336 (606.5)
denovo256 C1072_DQ335344 336 (597.5)
denovo256 C1039_AB190274 326 (604.0)
denovo256 C1033_DQ335350 341 (594.5)
denovo256 C1019_DQ335407 336 (606.5)
denovo256 C1194_EU099826 330 (581.5)
denovo256 C8b_AY258475 328 (576.5)
denovo256 C8_AY239367 336 (580.5)
denovo256 C8a_AY239368 336 (580.5)
denovo256 C54a_AY765406 328 (601.5)
denovo256 C3ff_HM185740 340 (592.0)
denovo256 C59_AY589763 341 (588.0)
denovo256 C3k_AY589737 328 (593.0)
denovo256 C3.24_HE579012 333 (599.5)
denovo256 C3.23_HE579011 334 (593.0)
denovo256 C35.1_AY765401 334 (610.0)
denovo256 C35.3_EF541145 334 (610.0)
denovo256 C76_AY765411 334 (572.0)
denovo256 C1107_DQ335359 337 (559.5)
denovo256 C3.22_HE579010 336 (590.5)
denovo256 C77_AY765412 336 (586.0)
denovo256 C20_AY239371 336 (598.5)
denovo256 C1055_DQ480640 328 (596.5)
denovo256 C27/C30_AY239379 334 (594.5)
denovo256 C27.1_FJ461517 334 (585.5)
denovo256 C40a_AY589747 334 (599.5)
denovo256 C40_AY258485 334 (599.5)
denovo256 C40b_AY589748 335 (599.0)
denovo256 C16_AY258477 339 (588.5)
denovo256 C16a_AY765399 336 (588.5)
denovo256 C1091_AB207186 326 (594.5)
denovo256 C1102_DQ335400 336 (579.0)
denovo256 C1069_DQ335375 326 (596.0)
denovo256 C1073_DQ335332 336 (597.0)
denovo256 C1066_DQ335382 336 (597.0)
denovo256 C1031_DQ335352 336 (606.0)
denovo256 C1026_DQ335366 336 (606.5)
denovo256 C70_AY589774 336 (606.0)
denovo256 C1082_AB190267 336 (588.0)
denovo256 C1078_AB190271 336 (597.0)
denovo256 C1090_AB207191 328 (600.5)
denovo256 C1071_DQ335302 328 (591.0)
denovo256 C1075_DQ335328 330 (597.0)
denovo256 C1068_DQ335379 336 (588.0)
denovo256 C1064_DQ335395 336 (606.0)
denovo256 C1063_DQ335403 337 (591.5)
denovo256 C62_AY589766 336 (597.0)
denovo256 C1077_DQ335316 337 (596.5)
denovo256 C1109_DQ335338 336 (588.0)
denovo256 C1110_DQ335340 336 (579.0)
denovo256 C1106_DQ335339 326 (576.5)
denovo256 C1112_DQ335319 326 (585.5)
denovo256 C1108_DQ335351 326 (594.5)
denovo256 C1105_DQ335394 326 (585.5)
denovo256 C1121_DQ335378 326 (576.5)
denovo256 C1116_AB190268 336 (588.0)
denovo256 C1115_AB190273 326 (585.5)
denovo256 C1124_DQ335323 326 (567.5)
denovo256 C1120_DQ335398 325 (582.5)
denovo256 C1119_DQ335404 328 (582.0)
denovo256 C1123_DQ335363 326 (576.5)
denovo256 C1004_DQ480635 330 (597.5)
denovo256 C1061_AY186568 331 (582.5)
denovo256 C1053_AY186569 331 (591.5)
denovo256 C1003_DQ480639 331 (591.5)
denovo256 C81_GU907657 327 (580.0)
denovo256 C22_AY239373 325 (609.0)
denovo256 C22a_AY239374 325 (609.0)
denovo256 C1232_EU118163 335 (586.0)
denovo256 C21.13_FJ461515 331 (597.5)
denovo256 C21.1_JF683323 321 (613.0)
denovo256 C21.3_JF683325 328 (598.5)
denovo256 C1.20_HE578993 327 (598.0)
denovo256 C1.22_HE578995 327 (589.0)
denovo256 C52_AY589757 328 (594.5)
denovo256 C1201_EU099793 336 (558.0)
denovo256 C14_AY589741 335 (588.5)
denovo256 C43_AY589749 336 (597.0)
denovo256 C50_AY589755 328 (601.0)
denovo256 C3.14_HQ630872 336 (598.0)
denovo256 C1m_AY765398 336 (588.0)
denovo256 C82_GU907658 337 (591.5)
denovo256 C82b_GU907660 337 (591.5)
denovo256 C64_AY589768 336 (607.0)
denovo256 C45a_AY765404 335 (595.0)
denovo256 C48_AY589753 326 (615.0)
denovo256 C1_v1b_FJ919244 330 (588.5)
denovo256 C1_v1a_FJ919243 336 (588.5)
denovo256 C3j_AY239366 336 (588.5)
denovo256 C3t_EF541149 336 (616.0)
denovo256 C9_AF499798 336 (589.5)
denovo256 C23_AY239375 336 (588.0)
denovo256 C37_AY258481 330 (598.0)
denovo256 C1048_DQ068026 326 (586.0)
denovo256 C21.4_JF683326 323 (592.0)
denovo256 C21.5_JF683327 329 (601.0)
denovo256 C1070_DQ335349 336 (597.5)
denovo256 C21.6_HQ630873 329 (601.0)
denovo256 C1224_EU074890 332 (594.5)
denovo256 C1.17_HE578990 336 (597.5)
denovo256 C21_b1_FN827162 329 (601.0)
denovo256 C21.9_JF683330 329 (610.0)
denovo256 C1085_AY624605 336 (606.0)
denovo256 C3p_GU907654 336 (591.5)
denovo256 C3f_AY589734 336 (606.5)
denovo256 C65a_AY589770 336 (597.5)
denovo256 C65_AY589769 336 (606.5)
denovo256 C71_AY589775 335 (604.0)
denovo256 C71a_AY589776 335 (595.0)
denovo256 C1178_AB294647 335 (606.0)
denovo256 C1225_EU074893 341 (595.0)
denovo256 C75_AY765410 340 (600.5)
denovo256 C21.10_JF683331 326 (601.0)
denovo256 C21.11_HQ630874 330 (604.0)
denovo256 C1065_DQ335388 336 (597.0)
denovo256 C1045_DQ068036 336 (606.0)
denovo256 C1h_AY258473 336 (598.0)
denovo256 C38_AY258482 336 (598.0)
denovo256 C1202_EU099799 336 (598.0)
denovo256 C7_AF499797 336 (607.0)
denovo256 C12_AF499801 338 (596.5)
denovo256 C38a_AY258483 337 (606.5)
denovo256 C1200_EU099800 331 (600.0)
denovo256 C44a_AY589751 328 (601.0)
denovo256 C47_AY589752 336 (597.5)
denovo256 C44_AY589750 336 (597.5)
denovo256 C1.15_HE578988 336 (588.5)
denovo256 C45.3_FJ461522 336 (588.5)
denovo256 C46a_AY765405 336 (597.5)
denovo256 C46_EU449108 336 (597.5)
denovo256 C3.12_FJ461507 336 (606.5)
denovo256 C1k_AY589733 336 (597.5)
denovo256 C67_AY686647 336 (597.5)
denovo256 C82a_GU907659 336 (597.5)
denovo256 C10a_AY589739 335 (595.0)
denovo256 C10_AF499799 335 (595.0)
denovo256 C13_AY589740 341 (592.0)
denovo256 C4_AF499794 336 (588.5)
denovo256 C1147_EF656433 336 (597.5)
denovo256 C1c/C45_AY239364 336 (597.5)
denovo256 C1c/C45_EU449103 336 (597.5)
denovo256 C21.19_HE579031 329 (592.0)
denovo256 C21.21_HE579033 329 (583.0)
denovo256 C21.20_HE579032 329 (592.0)
denovo256 C42b_AY765403 336 (579.0)
denovo256 C42_AY258487 336 (588.0)
denovo256 C1p_GU907652 336 (588.5)
denovo256 C1d_AY258488 335 (585.5)
denovo256 C42_AY765402 336 (588.5)
denovo256 C3ha_AY589736 329 (601.0)
denovo256 C63a_AY589767 329 (594.0)
denovo256 C21a_AY589744 329 (601.0)
denovo256 C3o_GU907653 329 (602.0)
denovo256 C21.16_HQ630875 323 (610.0)
denovo256 C21.2_JF683324 330 (603.5)
denovo256 C21.7_JF683328 328 (607.5)
denovo256 C21.8_JF683329 321 (613.5)
denovo256 C3h_AY239365 329 (601.0)
denovo256 C1203_EU099798 329 (601.0)
denovo256 C3.10_FJ461505 336 (606.5)
denovo256 C21.14_FJ461516 329 (610.0)
denovo256 C21.18_HE579030 335 (598.0)
denovo256 C3.17_HE579005 336 (597.5)
denovo256 C3.9_FJ461504 334 (607.5)
denovo256 C3.8_FJ461503 336 (606.5)
denovo256 C3.7_FJ461502 336 (597.5)
denovo256 C3.11_FJ461506 336 (606.5)
denovo256 C3.18_HE579006 336 (597.5)
denovo256 C3.19_HE579007 336 (606.0)
denovo256 C3.20_HE579008 336 (597.5)
denovo256 C3g_AY589735 339 (607.5)
denovo256 C3a_AF499790 328 (610.0)
denovo256 C3e_AF499793 336 (597.5)
denovo256 C6_AF499796 340 (600.5)
denovo256 C11_AF499800 334 (609.5)
denovo256 C36_AY258480 338 (602.0)
denovo256 C29_AY258494 336 (598.0)
denovo256 C1146_EF656434 340 (600.5)
denovo256 C1190_EU099841 336 (597.5)
denovo256 C131_JF320826 336 (597.5)
denovo256 C28_AY239380 338 (597.5)
denovo256 C1012_DQ480604 336 (606.5)
denovo256 C1181_AB294640 336 (599.5)
denovo256 C1180_AB294641 336 (599.5)
denovo256 C1179_AB294645 336 (608.5)
denovo256 C1176_AB294651 341 (606.0)
denovo256 C1175_AB294653 336 (600.0)
denovo256 C1174_AB294655 336 (599.5)
denovo256 C1177_AB294659 336 (599.5)
denovo256 C1040_AB190269 336 (606.0)
denovo256 C1182_AB294649 336 (597.5)
denovo256 C1089_AJ278598 336 (597.5)
denovo256 C1028_DQ335357 336 (606.5)
denovo256 C3.16_EU786015 336 (597.5)
denovo256 C1097_AJ311943 337 (596.5)
denovo256 C1170_AB294661 336 (608.5)
denovo256 C21.17_HE579029 331 (609.0)
denovo256 C21/3d/C3k_AY239372 329 (610.0)
denovo256 C58_AY589762 330 (600.5)
denovo256 C3L_AY589738 327 (603.5)
denovo256 C1169_AB294660 336 (608.5)
denovo256 C3.2_FJ461497 335 (607.0)
denovo256 C3.1_JF683321 330 (601.5)
denovo256 C1104_AF427469 337 (596.5)
denovo256 C3b_AF499791 335 (607.0)
denovo256 C83_GU907661 336 (609.0)
denovo256 C49_AY589754 360 (625.0)
denovo256 C3_AB778606 336 (606.5)
denovo256 C3_AF499789 336 (606.5)
denovo256 C3_HE579001 336 (606.5)
denovo256 C21.12_FJ461514 329 (592.0)
denovo256 C1229_EU074888 333 (593.0)
denovo256 C1230_EU074889 333 (602.0)
denovo256 C1114_AB207196 336 (588.5)
denovo256 C3.21_HE579009 334 (505.5)
denovo256 C1057_DQ480619 336 (588.5)
denovo256 C72_AY765407 337 (582.0)
denovo256 C1b.3_HE578999 335 (589.0)
denovo256 C93_AJ621536 336 (597.5)
denovo256 C94_AJ621539 336 (588.5)
denovo256 C1g_AY589730 336 (588.5)
denovo256 C1i_AY589731 336 (597.5)
denovo256 C1j_AY589732 336 (597.5)
denovo256 C1005_DQ480633 336 (588.5)
denovo256 C1.7_FJ461494 336 (589.0)
denovo256 C1.11_HE578984 336 (597.5)
denovo256 C1.12_HE578985 336 (597.5)
denovo256 C1.13_HE578986 328 (592.0)
denovo256 C1.14_HE578987 336 (597.5)
denovo256 C1.18_HE578991 336 (588.5)
denovo256 C1.19_HE578992 336 (588.5)
denovo256 C1199_EU099802 336 (582.5)
denovo256 C1188_EU099838 336 (597.5)
denovo256 C1002_DQ838544 336 (606.5)
denovo256 C1198_EU099810 336 (588.5)
denovo256 C24_AY239376 328 (583.0)
denovo256 C1f_AY258490 336 (597.5)
denovo256 C1006_DQ480629 336 (597.5)
denovo256 C1010_DQ480607 336 (597.5)
denovo256 C1007_DQ480624 336 (588.5)
denovo256 C1011_DQ480605 330 (598.0)
denovo256 C1009_DQ480608 331 (591.5)
denovo256 C1041_AY186548 333 (587.5)
denovo256 C1052_AY186570 331 (591.5)
denovo256 C1148_EU040178 336 (597.5)
denovo256 C1234_EU118165 337 (587.5)
denovo256 C1.5_EF634157 326 (595.0)
denovo256 C1059_DQ480609 336 (588.5)
denovo256 C1228_EU074883 336 (598.0)
denovo256 C1208_EU074963 339 (596.5)
denovo256 C1207_EU074964 331 (591.5)
denovo256 C1206_EU074965 336 (606.5)
denovo256 C1013_DQ480642 328 (592.0)
denovo256 C80_GU907656 340 (601.0)
denovo256 C1a_AF499788 336 (597.5)
denovo256 C41_AY258486 328 (592.0)
denovo256 C39_AY258484 321 (593.0)
denovo256 C1231_EU074878 336 (588.5)
denovo256 C1b.1_HE578997 335 (589.0)
denovo256 C18_AY258478 336 (597.5)
denovo256 C1.10_HE578983 328 (599.0)
denovo256 C1_JN558041 336 (597.5)
denovo256 C1_HE578979 336 (597.5)
denovo256 C1_AM748551 336 (597.5)
denovo256 C1_AF333515 336 (597.5)
denovo256 C1054_AY186565 335 (601.0)
denovo256 C1008_DQ480613 336 (588.5)
denovo256 C1103_AF427470 337 (587.5)
denovo256 C1226_EU074881 337 (587.5)
denovo256 C1b/C1e_AY239363 335 (598.0)
denovo256 C1044_DQ068038 336 (582.5)
denovo256 C1017_DQ174729 336 (588.0)
denovo256 C1.6_FJ461493 336 (588.5)
denovo256 C1b.2_HE578998 335 (589.0)
denovo256 C1060_DQ480600 336 (588.5)
denovo256 C1227_EU074882 336 (588.5)
denovo256 C1197_EU099814 336 (588.5)
denovo256 C1130_DQ480643 336 (456.0)
denovo256 D109_AB097465 336 (489.0)
denovo256 D1.11_HE579040 332 (498.0)
denovo256 D105_AF174570 335 (506.0)
denovo256 D104_AF174572 330 (491.5)
denovo256 D1.3_JF683337 337 (485.0)
denovo256 D1.10_HE579039 327 (492.5)
denovo256 D110_AF174561 335 (488.0)
denovo256 D117_AF174542 335 (488.0)
denovo256 D114_AF174549 335 (497.0)
denovo256 D113_AF174557 330 (492.0)
denovo256 D112_AF174558 330 (492.0)
denovo256 D106_AF174559 335 (506.0)
denovo256 D111_AF174560 335 (497.0)
denovo256 D115_AF174562 335 (488.0)
denovo256 D107_AF174568 335 (488.0)
denovo256 D116_AF174571 321 (492.0)
denovo256 D124_EU074897 332 (488.0)
denovo256 D1.8_HE579037 330 (493.0)
denovo256 D3_AY686650 330 (492.0)
denovo256 D1.6_HQ630881 341 (496.5)
denovo256 D120_EU074900 330 (483.0)
denovo256 D121_EU074904 321 (501.0)
denovo256 D122_EU074905 335 (496.5)
denovo256 D1a.2_JF683339 332 (490.5)
denovo256 D1a.1_JF683338 330 (491.5)
denovo256 D2_AY686649 569 (537.5)
denovo256 D4_DQ865214 332 (495.0)
denovo256 D1a_AF499802 330 (492.0)
denovo256 D1a_JN558078 330 (492.0)
denovo256 D123_EU074895 335 (497.5)
denovo256 D108_AF174567 332 (498.5)
denovo256 D103_AF174575 330 (501.0)
denovo256 D100_AF411415 325 (494.5)
denovo256 D118_EF656435 330 (500.5)
denovo256 D101_AF411416 325 (479.5)
denovo256 D119_EU099832 336 (492.5)
denovo256 D102_AF174573 331 (498.0)
denovo256 D1_AF334660 335 (497.0)
denovo256 D1_JN558076 335 (497.0)
denovo256 D1.12_HE579041 313 (496.0)
denovo256 D1.1_AM748564 392 (510.5)
denovo256 D1.2_AM748617 413 (498.5)
denovo256 E111_EU074915 336 (456.0)
denovo256 E110_EU074914 341 (454.5)
denovo256 E114_EU074909 333 (458.5)
denovo256 E1_AF334659 337 (456.0)
denovo256 E105_EU074921 336 (466.0)
denovo256 E112_EU074916 333 (458.5)
denovo256 E104_EU074922 333 (467.5)
denovo256 E102_EU074924 333 (458.5)
denovo256 E103_EU074923 333 (467.5)
denovo256 E101_AY160123 329 (471.0)
denovo256 E109_EU074913 331 (468.0)
denovo256 E100_DQ011618 335 (470.5)
denovo256 E108_EU074912 337 (476.0)
denovo256 E113_EU074908 334 (471.0)
denovo256 E107_EU074910 334 (476.5)
denovo256 F1_JN558066 339 (561.0)
denovo256 F5.2d_AJ291530 338 (560.0)
denovo256 F104_AJ291531 338 (560.0)
denovo256 F5.2c_AM748596 338 (560.0)
denovo256 F5.2_AM748594 338 (560.5)
denovo256 F5.2a_AM748614 338 (560.5)
denovo256 F5.2b_AM748595 338 (560.0)
denovo256 F5.2e_AJ291533 341 (507.0)
denovo256 F5.2g_JN558072 337 (566.0)
denovo256 F5.2f_AJ291512 334 (566.0)
denovo256 F102_AJ291534 333 (571.5)
denovo256 F5.1c_AM748593 343 (565.5)
denovo256 F5.1d_JN558069 343 (574.0)
denovo256 F5.1b_AJ291535 343 (575.5)
denovo256 F5.1_AM748592 334 (584.0)
denovo256 F5.1a_AM748591 343 (584.5)
denovo256 F110_AJ291526 331 (573.0)
denovo256 F4.7_AM748587 330 (583.0)
denovo256 F4.5_AM748585 325 (591.5)
denovo256 F4.4a_AM748583 318 (598.5)
denovo256 F4.4_AM748582 330 (588.0)
denovo256 F4.4b_AM748584 320 (584.0)
denovo256 F4.1a_AM748573 330 (589.0)
denovo256 F112_AJ291528 328 (556.0)
denovo256 F4.1_AM748572 328 (574.0)
denovo256 F4.8b_AM748590 325 (608.0)
denovo256 F4.8_AM748588 326 (611.5)
denovo256 F4.8a_AM748589 326 (611.5)
denovo256 F109_AJ291527 328 (608.5)
denovo256 F4.6_AM748586 326 (577.0)
denovo256 F111_AJ311949 329 (556.5)
denovo256 F4.3c_AM748581 325 (571.5)
denovo256 F4.3a_AM748579 324 (578.0)
denovo256 F4.3b_AM748580 325 (580.0)
denovo256 F4.3_AM748578 323 (574.5)
denovo256 F4.2_AM748574 326 (578.0)
denovo256 F4.2a_AM748575 326 (590.5)
denovo256 F4.2c_AM748577 327 (590.5)
denovo256 F4.2b_AM748576 332 (582.0)
denovo256 F2b_AJ291521 343 (554.5)
denovo256 F2_AJ830908 334 (555.0)
denovo256 F2a_AJ830911 336 (548.0)
denovo256 F3.1a_AM748566 339 (589.0)
denovo256 F114_AJ291525 345 (563.0)
denovo256 F3.1_AM748565 345 (581.0)
denovo256 F3.2_AM748567 346 (592.5)
denovo256 F3.2a_AM748568 329 (595.0)
denovo256 F3.3_AM748569 339 (586.5)
denovo256 F3.4a_AM748571 340 (607.0)
denovo256 F3.4_AM748570 340 (589.0)
denovo256 F3.4b_AM748616 340 (589.0)
denovo256 G101_AJ291539 336 (506.5)
denovo256 G1_AM748597 339 (498.0)
denovo256 G2b_JN558087 336 (518.0)
denovo256 G2_AM748598 334 (513.5)
denovo256 G2a_AM748599 334 (513.5)
denovo256 G4_AM748601 348 (506.5)
denovo256 G3.4_LK392378 346 (499.0)
denovo256 G3_AM748600 340 (506.5)
denovo256 G3.2_KC597694 326 (489.5)
denovo256 G3.1_KC597688 337 (515.5)
denovo256 G100_AB253788 340 (508.5)
denovo256 G3.3_LK392377 335 (519.5)
denovo256 H6_AJ291520 671 (259.5)
denovo256 H3_AM748606 342 (373.5)
denovo256 H2_AM748605 324 (366.0)
denovo256 H4_AM748607 338 (352.0)
denovo256 H4a_AM748608 323 (366.0)
denovo256 H5a_AM748611 316 (391.5)
denovo256 H5b_AM748610 316 (389.5)
denovo256 H5_AJ621129 316 (391.5)
denovo256 H5_AM748609 316 (391.5)
denovo256 H100_AJ291513 325 (373.5)
denovo256 H1b_AM748604 321 (375.0)
denovo256 H1a_AM748612 321 (384.0)
denovo256 H1_AJ621152 321 (384.0)
denovo256 H1_AM748602 321 (384.0)
denovo256 I3_FN561561 343 (564.0)
denovo256 I4_FN561562 343 (564.0)
denovo256 I1_FN561559 346 (572.0)
denovo256 I2_FN561560 338 (567.5)

#---------------------------------------
#---------------------------------------
