denovo101 A136_DQ865210 330 (525.0)
denovo101 A133_DQ174725 364 (506.5)
denovo101 A115_AF180123 343 (485.5)
denovo101 A117_AF201746 351 (508.0)
denovo101 A134_DQ174723 348 (507.5)
denovo101 A114_AF184941 351 (507.5)
denovo101 A135_DQ174727 347 (504.5)
denovo101 A2_AF333506 354 (502.5)
denovo101 A101_AF427468 347 (495.5)
denovo101 A2_1_JN558097 347 (495.5)
denovo101 A2_2_JN558100 347 (495.5)
denovo101 A113_AF184948 337 (523.5)
denovo101 A112_AF184949 337 (496.0)
denovo101 A123_EF378618 350 (345.0)
denovo101 A137_EF378621 350 (354.0)
denovo101 A11_EU449041 345 (537.5)
denovo101 A121_DQ174722 342 (532.5)
denovo101 A15b_EU792886 347 (487.5)
denovo101 A15a_EU792885 347 (505.0)
denovo101 A15c_EU792887 347 (496.0)
denovo101 A15_EU792884 347 (496.5)
denovo101 A147_EU074937 345 (518.0)
denovo101 A154_EU074860 345 (500.0)
denovo101 A146_EU074936 346 (511.0)
denovo101 A150_EU074928 346 (520.0)
denovo101 A116_AF183575 346 (511.0)
denovo101 A141_EU074931 346 (520.0)
denovo101 A5_AF333508 341 (537.5)
denovo101 A3b_EU449043 345 (527.0)
denovo101 A151_EU074925 345 (517.0)
denovo101 A152_EU074927 345 (509.0)
denovo101 A149_EU074929 345 (518.0)
denovo101 A140_EU074930 345 (509.0)
denovo101 A142_EU074932 345 (509.0)
denovo101 A143_EU074933 348 (518.0)
denovo101 A144_EU074934 345 (518.0)
denovo101 A145_EU074935 348 (517.0)
denovo101 A148_EU074938 345 (509.0)
denovo101 A155_EU074856 345 (509.0)
denovo101 A156_EU074859 345 (509.0)
denovo101 A139_EU074962 345 (509.0)
denovo101 A6_AF186058 345 (518.0)
denovo101 A3_AF333507 345 (518.0)
denovo101 A3_JN558091 345 (518.0)
denovo101 A8_AY258468 347 (504.5)
denovo101 A7_AY239360 347 (505.0)
denovo101 A16_EU792888 347 (514.0)
denovo101 A4.3_FN429763 353 (510.0)
denovo101 A120_AF180122 351 (495.0)
denovo101 A4.2_FN429761 351 (510.0)
denovo101 A4_AF333509 351 (529.0)
denovo101 A4.1_FN429760 350 (524.0)
denovo101 A4a_AF499778 349 (533.5)
denovo101 A4a.1_FN429762 349 (533.5)
denovo101 A138_EF378620 352 (459.5)
denovo101 A122_EF378619 351 (496.5)
denovo101 A126_EF378615 350 (497.5)
denovo101 A10_EU792882 350 (497.5)
denovo101 A9_EU449028 343 (516.0)
denovo101 A105_AB207202 349 (513.5)
denovo101 A119_AF180121 345 (502.0)
denovo101 A12_EU792883 348 (521.0)
denovo101 A104_AB207203 343 (533.5)
denovo101 A1a_EU449030 346 (533.0)
denovo101 A1.3_HE578976 347 (518.0)
denovo101 A1.4_HE578977 348 (528.5)
denovo101 A13_AF333504 347 (526.0)
denovo101 A13_JN558094 347 (526.0)
denovo101 A110_AB190282 350 (516.5)
denovo101 A103_AB207206 350 (517.5)
denovo101 A130_EF656428 350 (516.5)
denovo101 A127_EF656429 350 (534.5)
denovo101 A128_EF656430 350 (516.5)
denovo101 A129_EF656431 350 (534.5)
denovo101 A131_EF656432 347 (527.0)
denovo101 A118_AF180120 349 (507.0)
denovo101 A1_AF333505 350 (525.5)
denovo101 A107_AB207199 350 (526.0)
denovo101 A111_AB190280 350 (526.0)
denovo101 A108_AB207197 351 (513.0)
denovo101 A106_AB207200 350 (534.0)
denovo101 A102_AB207209 350 (534.5)
denovo101 A1.2_AB207210 350 (534.5)
denovo101 A109_AB190285 350 (534.0)
denovo101 B4_AF333510 323 (1075.0)
denovo101 B23_EU449079 309 (1176.0)
denovo101 B30_GU907644 309 (1158.0)
denovo101 B11_AY239361 310 (1288.0)
denovo101 B17_AY258470 308 (1307.5)
denovo101 B1k_GU907638 310 (696.5)
denovo101 B1.V_Green2014 315 (1265.0)
denovo101 B1b_AF499780 308 (1239.0)
denovo101 B16_AY258469 308 (1316.5)
denovo101 B31a_GU907646 308 (1316.5)
denovo101 B32_GU907647 308 (1316.5)
denovo101 B31_GU907645 308 (1325.5)
denovo101 B1j_GU907637 308 (1325.5)
denovo101 B37_GU907650 310 (1315.0)
denovo101 B5a_AF499782 308 (1316.5)
denovo101 B5_AF499781 308 (1325.5)
denovo101 B24_GU907643 308 (1192.5)
denovo101 B117_AF180124 308 (1208.0)
denovo101 B10_AF499787 308 (1316.5)
denovo101 B20_GU907642 310 (1300.0)
denovo101 B1m_GU907640 308 (1325.5)
denovo101 B34_GU907649 308 (1334.5)
denovo101 B1d_GU907633 308 (1325.5)
denovo101 B1e_GU907634 308 (1325.5)
denovo101 B1i_GU907636 308 (1325.5)
denovo101 B1g_GU907635 309 (1306.5)
denovo101 B123_EU074872 308 (1316.5)
denovo101 B8_AF499785 309 (1315.5)
denovo101 B1l_GU907639 308 (1325.5)
denovo101 B1a_AF499779 308 (1325.5)
denovo101 B14_AY239362 309 (1315.5)
denovo101 B125_EU074865 308 (1325.5)
denovo101 B122_EU074871 308 (1325.5)
denovo101 B124_EU074874 308 (1325.5)
denovo101 B1.VII_Green2014 308 (1255.5)
denovo101 B1.III_Green2014 308 (1253.5)
denovo101 B1.I_Green2014 308 (1334.5)
denovo101 B1.II_Green2014 308 (1334.5)
denovo101 B1_JN558057 308 (1334.5)
denovo101 B1_AF333511 308 (1334.5)
denovo101 B1.IV_Green2014 318 (1320.0)
denovo101 B121_EU074870 308 (1325.5)
denovo101 B7_AF499784 308 (1325.5)
denovo101 B1.VI_Green2014 309 (1265.5)
denovo101 B3_AF333514 308 (1213.0)
denovo101 B9_AF499786 308 (1240.0)
denovo101 B19a_JN558055 312 (1107.0)
denovo101 B119_EU099825 317 (1147.5)
denovo101 B21_DQ865213 308 (1199.5)
denovo101 B38_GU907651 308 (1199.5)
denovo101 B18_AY258471 308 (1240.0)
denovo101 B18a_AY258472 308 (1231.0)
denovo101 B33_GU907648 308 (1231.0)
denovo101 B6_AF499783 313 (1236.5)
denovo101 B19_DQ865212 308 (1249.0)
denovo101 B19_GU907641 308 (1249.0)
denovo101 B2_AF333512 308 (1240.0)
denovo101 B2_JN558060 308 (1240.0)
denovo101 C33.1_AY258498 334 (673.0)
denovo101 C33.2_AY765400 334 (673.0)
denovo101 C33a_EF541147 334 (673.0)
denovo101 C34_AY258499 327 (671.0)
denovo101 C78_AY765413 329 (658.5)
denovo101 C15.29_KC597690 338 (664.5)
denovo101 C1131_DQ182650 331 (663.5)
denovo101 C1135_DQ182646 325 (655.5)
denovo101 C1134_DQ182647 327 (643.0)
denovo101 C1142_DQ182635 327 (652.0)
denovo101 C1136_DQ182644 325 (634.5)
denovo101 C1111_DQ182645 325 (644.0)
denovo101 C1236_EF473656 325 (635.0)
denovo101 C1138_DQ182642 322 (644.5)
denovo101 C1137_DQ182643 325 (635.0)
denovo101 C1133_DQ182648 325 (635.0)
denovo101 C1132_DQ182649 329 (637.5)
denovo101 C1143_DQ182634 325 (644.0)
denovo101 C1139_DQ182639 327 (652.0)
denovo101 C15.28_KC597687 327 (716.0)
denovo101 C1141_DQ182636 327 (661.0)
denovo101 C1144_DQ182637 327 (670.0)
denovo101 C1122_DQ182654 327 (679.0)
denovo101 C1127_DQ182652 327 (679.0)
denovo101 C15.30_JX394114 331 (700.0)
denovo101 C15.26_KC597686 326 (704.0)
denovo101 C1086_DQ182656 328 (700.5)
denovo101 C15.25_KC597685 328 (709.5)
denovo101 C1118_AF180127 333 (657.5)
denovo101 C1129_DQ182651 328 (645.5)
denovo101 C15.21_KC597683 326 (677.0)
denovo101 C56_AY589760 328 (691.5)
denovo101 C1140_DQ182638 328 (663.5)
denovo101 C1126_DQ182653 328 (654.5)
denovo101 C15c_AY258492 325 (701.0)
denovo101 C15d_AY258493 324 (707.5)
denovo101 C1098_DQ182641 326 (710.5)
denovo101 C15.27_KC597689 328 (700.5)
denovo101 C15.18_HE579024 327 (697.5)
denovo101 C15.16_HE579022 333 (706.0)
denovo101 C1101_AB253787 328 (691.5)
denovo101 C1083_AY237300 328 (700.5)
denovo101 C1088_DQ182640 331 (698.5)
denovo101 C15.6_FN563472 328 (700.5)
denovo101 C15.5_FJ461512 330 (697.0)
denovo101 C15.4_FJ461511 330 (706.0)
denovo101 C15.13_HE579019 328 (691.5)
denovo101 C15.12_HE579018 328 (700.5)
denovo101 C93a_AM748563 326 (722.0)
denovo101 C1094_AJ291514 326 (704.0)
denovo101 C93_AM748562 326 (713.0)
denovo101 C15.17_HE579023 327 (691.5)
denovo101 C15e_AY589742 330 (709.0)
denovo101 C15.22_KC597695 328 (700.5)
denovo101 C60_AY589764 328 (700.5)
denovo101 C15.1_FJ461508 328 (700.5)
denovo101 C15.2_FJ461509 328 (700.5)
denovo101 C15.9_FN563475 328 (718.0)
denovo101 C15.7_HE579015 327 (715.0)
denovo101 C15.8_HE579016 328 (700.5)
denovo101 C15.15_HE579021 328 (700.5)
denovo101 C15.19_HE579025 328 (709.5)
denovo101 C15.24_KC597696 328 (691.5)
denovo101 C15.3_FJ461510 330 (706.0)
denovo101 C1087_DQ182655 328 (709.5)
denovo101 C15.14_HE579020 329 (700.0)
denovo101 C15.23_KC597697 329 (700.0)
denovo101 C19_AY258479 327 (719.0)
denovo101 C1233_EU118166 328 (700.5)
denovo101 C15b_AY258491 328 (700.5)
denovo101 C15a_AY258476 330 (715.0)
denovo101 C1051_AF195153 328 (718.5)
denovo101 C2_AF333518 329 (717.5)
denovo101 C15.20_HE579026 329 (709.0)
denovo101 C15f_AY589743 330 (702.5)
denovo101 C55_AY589759 333 (709.5)
denovo101 C15_AY239369 328 (709.5)
denovo101 C32.1_JF683335 326 (664.5)
denovo101 C32.2_JF683336 326 (664.5)
denovo101 C21.23_KC597693 326 (664.5)
denovo101 C1193_EU099827 339 (692.0)
denovo101 C1195_EU099821 335 (675.0)
denovo101 C3q_GU907655 335 (678.0)
denovo101 C53_AY589758 342 (685.5)
denovo101 C73_AY765408 337 (688.5)
denovo101 C17.2.1_KC597684 331 (641.0)
denovo101 C32_AY258497 330 (674.5)
denovo101 C1189_EU099831 330 (676.0)
denovo101 C1191_EU099833 330 (685.0)
denovo101 C1196_EU099819 330 (658.0)
denovo101 C1192_EU099820 330 (658.0)
denovo101 C17.1_JF683322 330 (676.0)
denovo101 C26_b2_FN827164 335 (678.0)
denovo101 C26_b3_FN827165 331 (657.5)
denovo101 C31.9_HQ630879 332 (662.5)
denovo101 C31a_AY589746 332 (659.0)
denovo101 C30_AY589745 332 (659.0)
denovo101 C31.1_HQ630876 336 (660.5)
denovo101 C31.5_HQ630877 330 (671.0)
denovo101 C31.6_HQ630878 332 (668.0)
denovo101 C31.2_JF683332 332 (668.0)
denovo101 C31.3_JF683333 333 (671.0)
denovo101 C26/C35a_AY239378 331 (666.5)
denovo101 C35a_AY258501 331 (666.5)
denovo101 C35.2_AY258500 331 (675.5)
denovo101 C26_b1_FN827163 331 (675.5)
denovo101 C17_AY239370 330 (676.0)
denovo101 C17.2_FJ461513 332 (675.0)
denovo101 C31.10_HQ630880 332 (671.5)
denovo101 C31.4_JF683334 336 (656.5)
denovo101 C31_AY258496 332 (668.0)
denovo101 C25_AY239377 328 (703.0)
denovo101 C61_AY589765 326 (670.0)
denovo101 C1043_DQ072721 330 (665.0)
denovo101 C79_AY765414 333 (686.5)
denovo101 C69_AY589773 320 (675.5)
denovo101 C69a_AY686648 320 (666.5)
denovo101 C21.22_KC597692 333 (665.5)
denovo101 C51_AY589756 329 (685.5)
denovo101 C1aa_HM185739 334 (698.5)
denovo101 C1096_DQ068023 327 (676.5)
denovo101 C74_AY765409 336 (718.5)
denovo101 C1185_AB294629 338 (715.0)
denovo101 C1184_AB294630 338 (715.0)
denovo101 C1153_AB294625 338 (715.0)
denovo101 C1154_AB294626 338 (733.0)
denovo101 C1187_AB294627 338 (733.0)
denovo101 C1186_AB294628 338 (715.0)
denovo101 C57_AY589761 338 (724.0)
denovo101 C66_AY589771 338 (724.0)
denovo101 C5_AF499795 328 (700.5)
denovo101 C1167_AB294586 329 (712.5)
denovo101 C1164_AB294593 328 (700.5)
denovo101 C1183_AB294631 328 (718.5)
denovo101 C1067_DQ335381 330 (697.0)
denovo101 C1159_AB294613 327 (703.0)
denovo101 C1150_AB294622 327 (712.0)
denovo101 C90_AM748554 329 (723.5)
denovo101 C1168_AB294583 328 (709.5)
denovo101 C1156_AB294616 328 (718.5)
denovo101 C1151_AB294621 328 (727.5)
denovo101 C92a_AM748561 328 (727.5)
denovo101 C92_AM748560 328 (718.5)
denovo101 C1165_AB294581 328 (709.5)
denovo101 C1166_AB294584 328 (709.5)
denovo101 C1162_AB294594 328 (709.5)
denovo101 C1163_AB294596 328 (719.0)
denovo101 C1161_AB294606 328 (718.5)
denovo101 C1160_AB294608 332 (711.0)
denovo101 C1158_AB294614 328 (727.5)
denovo101 C1155_AB294617 328 (709.5)
denovo101 C1149_AB294620 328 (718.5)
denovo101 C1173_AB294662 328 (727.5)
denovo101 C1171_AB294663 328 (709.5)
denovo101 C1172_AB294665 328 (709.5)
denovo101 C91a_AM748556 328 (727.5)
denovo101 C91b_AM748557 328 (718.5)
denovo101 C91d_AM748559 327 (716.0)
denovo101 C91c_AM748558 327 (716.0)
denovo101 C91_AJ621543 328 (718.5)
denovo101 C91_AM748555 328 (718.5)
denovo101 C1023_DQ335330 319 (679.0)
denovo101 C1020_DQ335392 334 (699.5)
denovo101 C1018_DQ335408 330 (706.0)
denovo101 C1074_DQ335329 330 (697.0)
denovo101 C1030_DQ335353 330 (697.0)
denovo101 C1022_DQ335331 330 (697.0)
denovo101 C1027_DQ335360 330 (715.0)
denovo101 C1072_DQ335344 330 (697.0)
denovo101 C1039_AB190274 330 (706.0)
denovo101 C1033_DQ335350 335 (694.0)
denovo101 C1019_DQ335407 330 (706.0)
denovo101 C1194_EU099826 330 (691.0)
denovo101 C8b_AY258475 330 (690.0)
denovo101 C8_AY239367 333 (705.0)
denovo101 C8a_AY239368 335 (701.0)
denovo101 C54a_AY765406 330 (706.0)
denovo101 C3ff_HM185740 330 (715.0)
denovo101 C59_AY589763 342 (696.0)
denovo101 C3k_AY589737 327 (707.0)
denovo101 C3.24_HE579012 327 (716.0)
denovo101 C3.23_HE579011 327 (707.0)
denovo101 C35.1_AY765401 338 (710.5)
denovo101 C35.3_EF541145 331 (708.5)
denovo101 C76_AY765411 328 (680.0)
denovo101 C1107_DQ335359 329 (680.5)
denovo101 C3.22_HE579010 332 (677.5)
denovo101 C77_AY765412 330 (693.5)
denovo101 C20_AY239371 333 (705.0)
denovo101 C1055_DQ480640 328 (696.5)
denovo101 C27/C30_AY239379 344 (668.0)
denovo101 C27.1_FJ461517 344 (659.0)
denovo101 C40a_AY589747 335 (709.0)
denovo101 C40_AY258485 335 (709.0)
denovo101 C40b_AY589748 336 (700.0)
denovo101 C16_AY258477 333 (723.5)
denovo101 C16a_AY765399 333 (723.5)
denovo101 C1091_AB207186 330 (706.5)
denovo101 C1102_DQ335400 330 (688.5)
denovo101 C1069_DQ335375 330 (706.5)
denovo101 C1073_DQ335332 331 (700.5)
denovo101 C1066_DQ335382 328 (692.0)
denovo101 C1031_DQ335352 335 (712.0)
denovo101 C1026_DQ335366 335 (711.5)
denovo101 C70_AY589774 330 (715.5)
denovo101 C1082_AB190267 330 (697.5)
denovo101 C1078_AB190271 328 (709.0)
denovo101 C1090_AB207191 330 (706.5)
denovo101 C1071_DQ335302 330 (706.5)
denovo101 C1075_DQ335328 330 (706.5)
denovo101 C1068_DQ335379 330 (697.5)
denovo101 C1064_DQ335395 330 (697.5)
denovo101 C1063_DQ335403 327 (707.0)
denovo101 C62_AY589766 330 (706.5)
denovo101 C1077_DQ335316 327 (712.0)
denovo101 C1109_DQ335338 330 (697.5)
denovo101 C1110_DQ335340 330 (688.5)
denovo101 C1106_DQ335339 330 (688.5)
denovo101 C1112_DQ335319 330 (697.5)
denovo101 C1108_DQ335351 330 (688.5)
denovo101 C1105_DQ335394 330 (697.5)
denovo101 C1121_DQ335378 337 (690.5)
denovo101 C1116_AB190268 337 (699.5)
denovo101 C1115_AB190273 337 (699.5)
denovo101 C1124_DQ335323 330 (679.5)
denovo101 C1120_DQ335398 331 (691.5)
denovo101 C1119_DQ335404 330 (688.5)
denovo101 C1123_DQ335363 330 (688.5)
denovo101 C1004_DQ480635 330 (705.5)
denovo101 C1061_AY186568 330 (696.5)
denovo101 C1053_AY186569 330 (705.5)
denovo101 C1003_DQ480639 330 (705.5)
denovo101 C81_GU907657 321 (677.5)
denovo101 C22_AY239373 325 (708.0)
denovo101 C22a_AY239374 328 (699.5)
denovo101 C1232_EU118163 332 (702.5)
denovo101 C21.13_FJ461515 329 (664.5)
denovo101 C21.1_JF683323 325 (670.5)
denovo101 C21.3_JF683325 330 (685.0)
denovo101 C1.20_HE578993 331 (709.0)
denovo101 C1.22_HE578995 331 (700.0)
denovo101 C52_AY589757 329 (698.0)
denovo101 C1201_EU099793 331 (678.5)
denovo101 C14_AY589741 333 (699.5)
denovo101 C43_AY589749 333 (705.5)
denovo101 C50_AY589755 330 (706.0)
denovo101 C3.14_HQ630872 329 (711.5)
denovo101 C1m_AY765398 330 (706.5)
denovo101 C82_GU907658 338 (702.5)
denovo101 C82b_GU907660 338 (702.5)
denovo101 C64_AY589768 326 (721.0)
denovo101 C45a_AY765404 332 (720.5)
denovo101 C48_AY589753 330 (726.5)
denovo101 C1_v1b_FJ919244 330 (697.0)
denovo101 C1_v1a_FJ919243 330 (706.0)
denovo101 C3j_AY239366 330 (697.0)
denovo101 C3t_EF541149 333 (714.0)
denovo101 C9_AF499798 332 (712.0)
denovo101 C23_AY239375 331 (727.5)
denovo101 C37_AY258481 337 (707.5)
denovo101 C1048_DQ068026 333 (705.0)
denovo101 C21.4_JF683326 330 (676.0)
denovo101 C21.5_JF683327 330 (676.0)
denovo101 C1070_DQ335349 330 (697.0)
denovo101 C21.6_HQ630873 330 (676.0)
denovo101 C1224_EU074890 330 (724.0)
denovo101 C1.17_HE578990 330 (724.0)
denovo101 C21_b1_FN827162 332 (672.5)
denovo101 C21.9_JF683330 332 (681.5)
denovo101 C1085_AY624605 327 (698.0)
denovo101 C3p_GU907654 330 (691.0)
denovo101 C3f_AY589734 330 (715.0)
denovo101 C65a_AY589770 328 (709.0)
denovo101 C65_AY589769 328 (718.0)
denovo101 C71_AY589775 330 (714.0)
denovo101 C71a_AY589776 330 (705.0)
denovo101 C1178_AB294647 335 (705.5)
denovo101 C1225_EU074893 327 (724.5)
denovo101 C75_AY765410 329 (712.5)
denovo101 C21.10_JF683331 329 (682.0)
denovo101 C21.11_HQ630874 329 (682.0)
denovo101 C1065_DQ335388 330 (715.0)
denovo101 C1045_DQ068036 330 (724.0)
denovo101 C1h_AY258473 329 (711.5)
denovo101 C38_AY258482 329 (702.5)
denovo101 C1202_EU099799 329 (702.5)
denovo101 C7_AF499797 329 (711.5)
denovo101 C12_AF499801 329 (732.0)
denovo101 C38a_AY258483 328 (714.0)
denovo101 C1200_EU099800 317 (711.0)
denovo101 C44a_AY589751 329 (721.0)
denovo101 C47_AY589752 332 (729.5)
denovo101 C44_AY589750 332 (720.5)
denovo101 C1.15_HE578988 330 (706.0)
denovo101 C45.3_FJ461522 333 (705.0)
denovo101 C46a_AY765405 333 (705.0)
denovo101 C46_EU449108 333 (714.0)
denovo101 C3.12_FJ461507 333 (714.0)
denovo101 C1k_AY589733 333 (705.0)
denovo101 C67_AY686647 333 (714.0)
denovo101 C82a_GU907659 330 (706.0)
denovo101 C10a_AY589739 334 (717.0)
denovo101 C10_AF499799 334 (708.0)
denovo101 C13_AY589740 336 (711.0)
denovo101 C4_AF499794 333 (705.0)
denovo101 C1147_EF656433 333 (705.0)
denovo101 C1c/C45_AY239364 333 (714.0)
denovo101 C1c/C45_EU449103 333 (714.0)
denovo101 C21.19_HE579031 330 (685.0)
denovo101 C21.21_HE579033 329 (682.5)
denovo101 C21.20_HE579032 329 (691.5)
denovo101 C42b_AY765403 334 (699.5)
denovo101 C42_AY258487 334 (708.5)
denovo101 C1p_GU907652 330 (706.0)
denovo101 C1d_AY258488 333 (696.0)
denovo101 C42_AY765402 333 (705.0)
denovo101 C3ha_AY589736 330 (676.0)
denovo101 C63a_AY589767 332 (693.0)
denovo101 C21a_AY589744 330 (676.0)
denovo101 C3o_GU907653 329 (682.5)
denovo101 C21.16_HQ630875 330 (676.0)
denovo101 C21.2_JF683324 330 (676.0)
denovo101 C21.7_JF683328 329 (682.5)
denovo101 C21.8_JF683329 330 (685.0)
denovo101 C3h_AY239365 330 (676.0)
denovo101 C1203_EU099798 330 (676.0)
denovo101 C3.10_FJ461505 330 (724.0)
denovo101 C21.14_FJ461516 330 (694.0)
denovo101 C21.18_HE579030 336 (673.0)
denovo101 C3.17_HE579005 330 (706.0)
denovo101 C3.9_FJ461504 330 (703.0)
denovo101 C3.8_FJ461503 330 (715.0)
denovo101 C3.7_FJ461502 330 (706.0)
denovo101 C3.11_FJ461506 337 (717.5)
denovo101 C3.18_HE579006 330 (706.0)
denovo101 C3.19_HE579007 330 (706.0)
denovo101 C3.20_HE579008 330 (706.0)
denovo101 C3g_AY589735 333 (698.0)
denovo101 C3a_AF499790 328 (718.5)
denovo101 C3e_AF499793 330 (706.0)
denovo101 C6_AF499796 337 (726.0)
denovo101 C11_AF499800 331 (709.0)
denovo101 C36_AY258480 330 (724.0)
denovo101 C29_AY258494 330 (724.0)
denovo101 C1146_EF656434 331 (709.5)
denovo101 C1190_EU099841 330 (706.0)
denovo101 C131_JF320826 330 (706.0)
denovo101 C28_AY239380 338 (713.5)
denovo101 C1012_DQ480604 330 (706.0)
denovo101 C1181_AB294640 335 (696.5)
denovo101 C1180_AB294641 335 (696.5)
denovo101 C1179_AB294645 333 (700.0)
denovo101 C1176_AB294651 333 (709.0)
denovo101 C1175_AB294653 335 (696.5)
denovo101 C1174_AB294655 337 (702.0)
denovo101 C1177_AB294659 335 (705.5)
denovo101 C1040_AB190269 332 (711.5)
denovo101 C1182_AB294649 330 (706.0)
denovo101 C1089_AJ278598 330 (706.0)
denovo101 C1028_DQ335357 337 (717.0)
denovo101 C3.16_EU786015 330 (706.0)
denovo101 C1097_AJ311943 329 (699.5)
denovo101 C1170_AB294661 335 (705.5)
denovo101 C21.17_HE579029 330 (696.0)
denovo101 C21/3d/C3k_AY239372 330 (685.0)
denovo101 C58_AY589762 331 (684.5)
denovo101 C3L_AY589738 333 (710.5)
denovo101 C1169_AB294660 335 (705.5)
denovo101 C3.2_FJ461497 330 (709.0)
denovo101 C3.1_JF683321 327 (710.0)
denovo101 C1104_AF427469 331 (705.0)
denovo101 C3b_AF499791 330 (718.0)
denovo101 C83_GU907661 330 (717.5)
denovo101 C49_AY589754 369 (731.0)
denovo101 C3_AB778606 330 (715.0)
denovo101 C3_AF499789 330 (715.0)
denovo101 C3_HE579001 330 (715.0)
denovo101 C21.12_FJ461514 330 (667.0)
denovo101 C1229_EU074888 327 (701.5)
denovo101 C1230_EU074889 327 (710.5)
denovo101 C1114_AB207196 330 (697.0)
denovo101 C3.21_HE579009 330 (619.5)
denovo101 C1057_DQ480619 330 (706.0)
denovo101 C72_AY765407 327 (705.5)
denovo101 C1b.3_HE578999 330 (700.0)
denovo101 C93_AJ621536 330 (706.0)
denovo101 C94_AJ621539 330 (706.0)
denovo101 C1g_AY589730 330 (706.0)
denovo101 C1i_AY589731 324 (698.5)
denovo101 C1j_AY589732 337 (717.0)
denovo101 C1005_DQ480633 330 (706.0)
denovo101 C1.7_FJ461494 330 (706.0)
denovo101 C1.11_HE578984 330 (706.5)
denovo101 C1.12_HE578985 330 (706.0)
denovo101 C1.13_HE578986 330 (715.0)
denovo101 C1.14_HE578987 330 (715.0)
denovo101 C1.18_HE578991 330 (706.0)
denovo101 C1.19_HE578992 330 (706.0)
denovo101 C1199_EU099802 326 (698.0)
denovo101 C1188_EU099838 326 (713.0)
denovo101 C1002_DQ838544 329 (721.5)
denovo101 C1198_EU099810 330 (706.0)
denovo101 C24_AY239376 330 (706.0)
denovo101 C1f_AY258490 330 (715.0)
denovo101 C1006_DQ480629 330 (724.0)
denovo101 C1010_DQ480607 330 (706.0)
denovo101 C1007_DQ480624 330 (706.0)
denovo101 C1011_DQ480605 330 (706.0)
denovo101 C1009_DQ480608 334 (708.0)
denovo101 C1041_AY186548 330 (715.0)
denovo101 C1052_AY186570 330 (706.0)
denovo101 C1148_EU040178 329 (721.5)
denovo101 C1234_EU118165 330 (711.5)
denovo101 C1.5_EF634157 330 (715.0)
denovo101 C1059_DQ480609 330 (706.0)
denovo101 C1228_EU074883 330 (706.0)
denovo101 C1208_EU074963 330 (706.0)
denovo101 C1207_EU074964 330 (715.0)
denovo101 C1206_EU074965 330 (715.0)
denovo101 C1013_DQ480642 330 (706.0)
denovo101 C80_GU907656 345 (704.5)
denovo101 C1a_AF499788 327 (706.5)
denovo101 C41_AY258486 330 (715.0)
denovo101 C39_AY258484 315 (710.5)
denovo101 C1231_EU074878 330 (706.0)
denovo101 C1b.1_HE578997 330 (700.0)
denovo101 C18_AY258478 330 (715.0)
denovo101 C1.10_HE578983 329 (709.5)
denovo101 C1_JN558041 330 (715.0)
denovo101 C1_HE578979 330 (715.0)
denovo101 C1_AM748551 330 (715.0)
denovo101 C1_AF333515 330 (715.0)
denovo101 C1054_AY186565 329 (718.5)
denovo101 C1008_DQ480613 330 (706.0)
denovo101 C1103_AF427470 331 (705.0)
denovo101 C1226_EU074881 331 (705.0)
denovo101 C1b/C1e_AY239363 330 (709.0)
denovo101 C1044_DQ068038 330 (700.0)
denovo101 C1017_DQ174729 331 (699.0)
denovo101 C1.6_FJ461493 330 (706.0)
denovo101 C1b.2_HE578998 330 (700.0)
denovo101 C1060_DQ480600 330 (706.0)
denovo101 C1227_EU074882 330 (706.0)
denovo101 C1197_EU099814 330 (706.0)
denovo101 C1130_DQ480643 330 (573.5)
denovo101 D109_AB097465 361 (498.5)
denovo101 D1.11_HE579040 358 (508.0)
denovo101 D105_AF174570 359 (502.5)
denovo101 D104_AF174572 358 (499.0)
denovo101 D1.3_JF683337 359 (501.5)
denovo101 D1.10_HE579039 358 (499.0)
denovo101 D110_AF174561 358 (499.0)
denovo101 D117_AF174542 359 (501.0)
denovo101 D114_AF174549 358 (508.0)
denovo101 D113_AF174557 358 (499.0)
denovo101 D112_AF174558 360 (505.5)
denovo101 D106_AF174559 365 (510.5)
denovo101 D111_AF174560 358 (507.5)
denovo101 D115_AF174562 358 (499.0)
denovo101 D107_AF174568 357 (505.5)
denovo101 D116_AF174571 363 (495.5)
denovo101 D124_EU074897 355 (508.5)
denovo101 D1.8_HE579037 360 (505.5)
denovo101 D3_AY686650 358 (508.0)
denovo101 D1.6_HQ630881 358 (499.0)
denovo101 D120_EU074900 358 (499.0)
denovo101 D121_EU074904 363 (504.5)
denovo101 D122_EU074905 358 (499.0)
denovo101 D1a.2_JF683339 365 (503.5)
denovo101 D1a.1_JF683338 355 (508.5)
denovo101 D2_AY686649 591 (574.5)
denovo101 D4_DQ865214 361 (505.0)
denovo101 D1a_AF499802 358 (508.0)
denovo101 D1a_JN558078 358 (508.0)
denovo101 D123_EU074895 359 (510.5)
denovo101 D108_AF174567 354 (514.0)
denovo101 D103_AF174575 358 (508.0)
denovo101 D100_AF411415 358 (508.0)
denovo101 D118_EF656435 352 (517.0)
denovo101 D101_AF411416 358 (493.0)
denovo101 D119_EU099832 360 (498.0)
denovo101 D102_AF174573 358 (511.5)
denovo101 D1_AF334660 358 (508.0)
denovo101 D1_JN558076 358 (508.0)
denovo101 D1.12_HE579041 339 (506.0)
denovo101 D1.1_AM748564 419 (540.0)
denovo101 D1.2_AM748617 442 (534.5)
denovo101 E111_EU074915 343 (484.0)
denovo101 E110_EU074914 366 (472.0)
denovo101 E114_EU074909 366 (472.0)
denovo101 E1_AF334659 367 (480.0)
denovo101 E105_EU074921 366 (490.0)
denovo101 E112_EU074916 366 (472.0)
denovo101 E104_EU074922 366 (481.0)
denovo101 E102_EU074924 366 (472.0)
denovo101 E103_EU074923 366 (481.0)
denovo101 E101_AY160123 371 (456.0)
denovo101 E109_EU074913 351 (499.5)
denovo101 E100_DQ011618 358 (518.5)
denovo101 E108_EU074912 356 (503.5)
denovo101 E113_EU074908 352 (513.5)
denovo101 E107_EU074910 356 (503.5)
denovo101 F1_JN558066 359 (654.5)
denovo101 F5.2d_AJ291530 331 (682.5)
denovo101 F104_AJ291531 331 (682.5)
denovo101 F5.2c_AM748596 331 (674.0)
denovo101 F5.2_AM748594 331 (673.5)
denovo101 F5.2a_AM748614 331 (673.5)
denovo101 F5.2b_AM748595 331 (673.5)
denovo101 F5.2e_AJ291533 331 (629.0)
denovo101 F5.2g_JN558072 331 (682.0)
denovo101 F5.2f_AJ291512 331 (673.0)
denovo101 F102_AJ291534 331 (673.0)
denovo101 F5.1c_AM748593 343 (708.0)
denovo101 F5.1d_JN558069 345 (668.0)
denovo101 F5.1b_AJ291535 342 (697.0)
denovo101 F5.1_AM748592 344 (693.5)
denovo101 F5.1a_AM748591 342 (697.0)
denovo101 F110_AJ291526 324 (723.5)
denovo101 F4.7_AM748587 326 (742.0)
denovo101 F4.5_AM748585 325 (735.0)
denovo101 F4.4a_AM748583 321 (760.5)
denovo101 F4.4_AM748582 326 (763.0)
denovo101 F4.4b_AM748584 319 (779.5)
denovo101 F4.1a_AM748573 328 (715.0)
denovo101 F112_AJ291528 325 (691.0)
denovo101 F4.1_AM748572 325 (709.0)
denovo101 F4.8b_AM748590 327 (758.5)
denovo101 F4.8_AM748588 318 (759.0)
denovo101 F4.8a_AM748589 318 (759.0)
denovo101 F109_AJ291527 324 (745.5)
denovo101 F4.6_AM748586 325 (717.5)
denovo101 F111_AJ311949 318 (738.0)
denovo101 F4.3c_AM748581 319 (759.0)
denovo101 F4.3a_AM748579 318 (766.0)
denovo101 F4.3b_AM748580 319 (768.0)
denovo101 F4.3_AM748578 319 (759.0)
denovo101 F4.2_AM748574 325 (771.5)
denovo101 F4.2a_AM748575 325 (748.0)
denovo101 F4.2c_AM748577 325 (744.5)
denovo101 F4.2b_AM748576 325 (757.0)
denovo101 F2b_AJ291521 336 (703.0)
denovo101 F2_AJ830908 332 (728.0)
denovo101 F2a_AJ830911 332 (723.5)
denovo101 F3.1a_AM748566 343 (689.5)
denovo101 F114_AJ291525 357 (684.5)
denovo101 F3.1_AM748565 357 (702.5)
denovo101 F3.2_AM748567 354 (740.0)
denovo101 F3.2a_AM748568 350 (738.0)
denovo101 F3.3_AM748569 345 (718.0)
denovo101 F3.4a_AM748571 344 (669.5)
denovo101 F3.4_AM748570 340 (675.5)
denovo101 F3.4b_AM748616 340 (675.5)
denovo101 G101_AJ291539 369 (529.0)
denovo101 G1_AM748597 369 (529.0)
denovo101 G2b_JN558087 365 (517.5)
denovo101 G2_AM748598 366 (511.5)
denovo101 G2a_AM748599 366 (505.0)
denovo101 G4_AM748601 358 (559.5)
denovo101 G3.4_LK392378 359 (506.5)
denovo101 G3_AM748600 359 (525.0)
denovo101 G3.2_KC597694 354 (462.0)
denovo101 G3.1_KC597688 369 (530.5)
denovo101 G100_AB253788 358 (512.0)
denovo101 G3.3_LK392377 369 (521.0)
denovo101 H6_AJ291520 654 (318.5)
denovo101 H3_AM748606 332 (522.0)
denovo101 H2_AM748605 338 (539.0)
denovo101 H4_AM748607 334 (530.5)
denovo101 H4a_AM748608 344 (529.0)
denovo101 H5a_AM748611 342 (509.5)
denovo101 H5b_AM748610 345 (508.0)
denovo101 H5_AJ621129 342 (509.5)
denovo101 H5_AM748609 342 (509.5)
denovo101 H100_AJ291513 342 (498.5)
denovo101 H1b_AM748604 342 (493.5)
denovo101 H1a_AM748612 342 (502.5)
denovo101 H1_AJ621152 342 (502.5)
denovo101 H1_AM748602 342 (502.5)
denovo101 I3_FN561561 348 (721.5)
denovo101 I4_FN561562 348 (721.5)
denovo101 I1_FN561559 338 (711.5)
denovo101 I2_FN561560 346 (715.5)

#---------------------------------------
#---------------------------------------
