denovo173 A136_DQ865210 304 (773.5)
denovo173 A133_DQ174725 282 (870.0)
denovo173 A115_AF180123 286 (715.5)
denovo173 A117_AF201746 286 (832.0)
denovo173 A134_DQ174723 286 (841.0)
denovo173 A114_AF184941 286 (841.0)
denovo173 A135_DQ174727 288 (845.5)
denovo173 A2_AF333506 289 (835.5)
denovo173 A101_AF427468 288 (845.5)
denovo173 A2_1_JN558097 288 (845.5)
denovo173 A2_2_JN558100 288 (845.5)
denovo173 A113_AF184948 281 (819.5)
denovo173 A112_AF184949 279 (842.0)
denovo173 A123_EF378618 275 (847.5)
denovo173 A137_EF378621 272 (948.0)
denovo173 A11_EU449041 272 (1056.5)
denovo173 A121_DQ174722 272 (1122.5)
denovo173 A15b_EU792886 272 (1071.5)
denovo173 A15a_EU792885 272 (1089.5)
denovo173 A15c_EU792887 273 (1074.5)
denovo173 A15_EU792884 272 (1080.5)
denovo173 A147_EU074937 272 (1107.5)
denovo173 A154_EU074860 272 (1107.5)
denovo173 A146_EU074936 272 (1107.5)
denovo173 A150_EU074928 272 (1107.5)
denovo173 A116_AF183575 272 (1107.5)
denovo173 A141_EU074931 272 (1116.5)
denovo173 A5_AF333508 272 (1149.5)
denovo173 A3b_EU449043 272 (1134.5)
denovo173 A151_EU074925 272 (1116.5)
denovo173 A152_EU074927 272 (1116.5)
denovo173 A149_EU074929 272 (1116.5)
denovo173 A140_EU074930 272 (1116.5)
denovo173 A142_EU074932 272 (1116.5)
denovo173 A143_EU074933 272 (1116.5)
denovo173 A144_EU074934 272 (1116.5)
denovo173 A145_EU074935 273 (1119.5)
denovo173 A148_EU074938 272 (1116.5)
denovo173 A155_EU074856 272 (1116.5)
denovo173 A156_EU074859 272 (1116.5)
denovo173 A139_EU074962 272 (1116.5)
denovo173 A6_AF186058 272 (1125.5)
denovo173 A3_AF333507 272 (1125.5)
denovo173 A3_JN558091 272 (1125.5)
denovo173 A8_AY258468 272 (1116.5)
denovo173 A7_AY239360 272 (1107.5)
denovo173 A16_EU792888 272 (1107.5)
denovo173 A4.3_FN429763 274 (1237.5)
denovo173 A120_AF180122 273 (1179.5)
denovo173 A4.2_FN429761 272 (1229.0)
denovo173 A4_AF333509 272 (1266.0)
denovo173 A4.1_FN429760 272 (1245.5)
denovo173 A4a_AF499778 272 (1257.0)
denovo173 A4a.1_FN429762 272 (1257.0)
denovo173 A138_EF378620 274 (1117.5)
denovo173 A122_EF378619 273 (1145.5)
denovo173 A126_EF378615 272 (1164.5)
denovo173 A10_EU792882 272 (1164.5)
denovo173 A9_EU449028 272 (1176.0)
denovo173 A105_AB207202 272 (1176.0)
denovo173 A119_AF180121 273 (1113.5)
denovo173 A12_EU792883 272 (1185.0)
denovo173 A104_AB207203 272 (1185.0)
denovo173 A1a_EU449030 272 (1194.0)
denovo173 A1.3_HE578976 272 (1194.0)
denovo173 A1.4_HE578977 272 (1194.0)
denovo173 A13_AF333504 272 (1194.0)
denovo173 A13_JN558094 272 (1194.0)
denovo173 A110_AB190282 272 (1194.0)
denovo173 A103_AB207206 272 (1194.0)
denovo173 A130_EF656428 272 (1194.0)
denovo173 A127_EF656429 272 (1194.0)
denovo173 A128_EF656430 272 (1194.0)
denovo173 A129_EF656431 272 (1194.0)
denovo173 A131_EF656432 272 (1194.0)
denovo173 A118_AF180120 272 (1141.5)
denovo173 A1_AF333505 272 (1203.0)
denovo173 A107_AB207199 272 (1176.0)
denovo173 A111_AB190280 272 (1185.0)
denovo173 A108_AB207197 272 (1170.0)
denovo173 A106_AB207200 272 (1176.0)
denovo173 A102_AB207209 272 (1194.0)
denovo173 A1.2_AB207210 272 (1194.0)
denovo173 A109_AB190285 272 (1185.0)
denovo173 B4_AF333510 338 (528.0)
denovo173 B23_EU449079 343 (496.5)
denovo173 B30_GU907644 342 (494.0)
denovo173 B11_AY239361 350 (508.0)
denovo173 B17_AY258470 345 (500.5)
denovo173 B1k_GU907638 275 (261.0)
denovo173 B1.V_Green2014 352 (485.5)
denovo173 B1b_AF499780 341 (529.5)
denovo173 B16_AY258469 348 (501.0)
denovo173 B31a_GU907646 344 (507.0)
denovo173 B32_GU907647 348 (518.5)
denovo173 B31_GU907645 348 (510.0)
denovo173 B1j_GU907637 343 (513.0)
denovo173 B37_GU907650 343 (524.0)
denovo173 B5a_AF499782 350 (497.5)
denovo173 B5_AF499781 350 (506.5)
denovo173 B24_GU907643 348 (386.5)
denovo173 B117_AF180124 329 (479.5)
denovo173 B10_AF499787 348 (501.0)
denovo173 B20_GU907642 353 (503.0)
denovo173 B1m_GU907640 347 (507.5)
denovo173 B34_GU907649 348 (510.0)
denovo173 B1d_GU907633 348 (510.0)
denovo173 B1e_GU907634 348 (510.0)
denovo173 B1i_GU907636 347 (507.5)
denovo173 B1g_GU907635 349 (501.0)
denovo173 B123_EU074872 348 (492.0)
denovo173 B8_AF499785 348 (498.5)
denovo173 B1l_GU907639 348 (501.5)
denovo173 B1a_AF499779 348 (510.0)
denovo173 B14_AY239362 349 (491.0)
denovo173 B125_EU074865 353 (507.0)
denovo173 B122_EU074871 348 (510.0)
denovo173 B124_EU074874 348 (501.0)
denovo173 B1.VII_Green2014 348 (458.5)
denovo173 B1.III_Green2014 335 (498.5)
denovo173 B1.I_Green2014 348 (510.0)
denovo173 B1.II_Green2014 348 (510.0)
denovo173 B1_JN558057 348 (510.0)
denovo173 B1_AF333511 348 (510.0)
denovo173 B1.IV_Green2014 358 (505.0)
denovo173 B121_EU074870 348 (510.0)
denovo173 B7_AF499784 348 (510.0)
denovo173 B1.VI_Green2014 343 (495.5)
denovo173 B3_AF333514 340 (518.0)
denovo173 B9_AF499786 340 (499.5)
denovo173 B19a_JN558055 321 (494.0)
denovo173 B119_EU099825 339 (505.5)
denovo173 B21_DQ865213 341 (498.5)
denovo173 B38_GU907651 341 (498.5)
denovo173 B18_AY258471 339 (515.0)
denovo173 B18a_AY258472 339 (515.0)
denovo173 B33_GU907648 345 (514.0)
denovo173 B6_AF499783 341 (520.5)
denovo173 B19_DQ865212 340 (508.5)
denovo173 B19_GU907641 340 (508.5)
denovo173 B2_AF333512 340 (508.5)
denovo173 B2_JN558060 340 (508.5)
denovo173 C33.1_AY258498 332 (528.0)
denovo173 C33.2_AY765400 332 (528.0)
denovo173 C33a_EF541147 332 (528.0)
denovo173 C34_AY258499 332 (545.5)
denovo173 C78_AY765413 343 (516.0)
denovo173 C15.29_KC597690 339 (502.5)
denovo173 C1131_DQ182650 340 (487.5)
denovo173 C1135_DQ182646 332 (490.5)
denovo173 C1134_DQ182647 329 (482.5)
denovo173 C1142_DQ182635 330 (484.5)
denovo173 C1136_DQ182644 339 (492.0)
denovo173 C1111_DQ182645 333 (500.0)
denovo173 C1236_EF473656 333 (491.0)
denovo173 C1138_DQ182642 339 (492.0)
denovo173 C1137_DQ182643 334 (501.5)
denovo173 C1133_DQ182648 333 (491.0)
denovo173 C1132_DQ182649 333 (500.0)
denovo173 C1143_DQ182634 333 (500.0)
denovo173 C1139_DQ182639 330 (493.5)
denovo173 C15.28_KC597687 329 (546.0)
denovo173 C1141_DQ182636 329 (509.0)
denovo173 C1144_DQ182637 329 (509.0)
denovo173 C1122_DQ182654 332 (499.5)
denovo173 C1127_DQ182652 330 (502.5)
denovo173 C15.30_JX394114 350 (535.5)
denovo173 C15.26_KC597686 341 (528.0)
denovo173 C1086_DQ182656 345 (529.0)
denovo173 C15.25_KC597685 345 (538.0)
denovo173 C1118_AF180127 331 (514.0)
denovo173 C1129_DQ182651 341 (490.0)
denovo173 C15.21_KC597683 337 (524.5)
denovo173 C56_AY589760 343 (524.5)
denovo173 C1140_DQ182638 336 (503.0)
denovo173 C1126_DQ182653 336 (503.0)
denovo173 C15c_AY258492 341 (536.0)
denovo173 C15d_AY258493 340 (542.5)
denovo173 C1098_DQ182641 344 (525.0)
denovo173 C15.27_KC597689 337 (542.5)
denovo173 C15.18_HE579024 343 (533.5)
denovo173 C15.16_HE579022 341 (545.0)
denovo173 C1101_AB253787 341 (518.0)
denovo173 C1083_AY237300 341 (536.5)
denovo173 C1088_DQ182640 341 (536.0)
denovo173 C15.6_FN563472 341 (527.0)
denovo173 C15.5_FJ461512 337 (533.5)
denovo173 C15.4_FJ461511 337 (533.5)
denovo173 C15.13_HE579019 341 (518.0)
denovo173 C15.12_HE579018 341 (527.0)
denovo173 C93a_AM748563 341 (545.0)
denovo173 C1094_AJ291514 341 (527.0)
denovo173 C93_AM748562 341 (536.0)
denovo173 C15.17_HE579023 340 (536.5)
denovo173 C15e_AY589742 343 (535.5)
denovo173 C15.22_KC597695 341 (527.0)
denovo173 C60_AY589764 336 (540.0)
denovo173 C15.1_FJ461508 341 (536.5)
denovo173 C15.2_FJ461509 341 (527.0)
denovo173 C15.9_FN563475 333 (539.0)
denovo173 C15.7_HE579015 341 (536.0)
denovo173 C15.8_HE579016 341 (527.0)
denovo173 C15.15_HE579021 341 (527.0)
denovo173 C15.19_HE579025 343 (542.5)
denovo173 C15.24_KC597696 341 (527.5)
denovo173 C15.3_FJ461510 337 (533.5)
denovo173 C1087_DQ182655 336 (539.5)
denovo173 C15.14_HE579020 342 (535.5)
denovo173 C15.23_KC597697 342 (535.5)
denovo173 C19_AY258479 343 (536.5)
denovo173 C1233_EU118166 341 (527.0)
denovo173 C15b_AY258491 341 (527.0)
denovo173 C15a_AY258476 337 (542.5)
denovo173 C1051_AF195153 341 (545.0)
denovo173 C2_AF333518 342 (543.0)
denovo173 C15.20_HE579026 342 (535.5)
denovo173 C15f_AY589743 342 (535.5)
denovo173 C55_AY589759 339 (534.0)
denovo173 C15_AY239369 341 (536.0)
denovo173 C32.1_JF683335 344 (541.5)
denovo173 C32.2_JF683336 344 (541.0)
denovo173 C21.23_KC597693 344 (541.0)
denovo173 C1193_EU099827 334 (521.0)
denovo173 C1195_EU099821 350 (489.5)
denovo173 C3q_GU907655 330 (541.5)
denovo173 C53_AY589758 343 (525.0)
denovo173 C73_AY765408 336 (537.5)
denovo173 C17.2.1_KC597684 340 (537.5)
denovo173 C32_AY258497 333 (537.0)
denovo173 C1189_EU099831 330 (538.0)
denovo173 C1191_EU099833 330 (547.0)
denovo173 C1196_EU099819 334 (530.5)
denovo173 C1192_EU099820 334 (530.5)
denovo173 C17.1_JF683322 332 (542.5)
denovo173 C26_b2_FN827164 336 (542.0)
denovo173 C26_b3_FN827165 336 (524.0)
denovo173 C31.9_HQ630879 337 (538.5)
denovo173 C31a_AY589746 338 (528.5)
denovo173 C30_AY589745 329 (537.5)
denovo173 C31.1_HQ630876 332 (537.5)
denovo173 C31.5_HQ630877 338 (537.5)
denovo173 C31.6_HQ630878 334 (534.5)
denovo173 C31.2_JF683332 333 (531.5)
denovo173 C31.3_JF683333 337 (544.0)
denovo173 C26/C35a_AY239378 336 (533.0)
denovo173 C35a_AY258501 336 (533.0)
denovo173 C35.2_AY258500 336 (542.0)
denovo173 C26_b1_FN827163 336 (542.0)
denovo173 C17_AY239370 335 (542.5)
denovo173 C17.2_FJ461513 337 (541.5)
denovo173 C31.10_HQ630880 337 (547.5)
denovo173 C31.4_JF683334 342 (526.0)
denovo173 C31_AY258496 338 (537.5)
denovo173 C25_AY239377 331 (527.5)
denovo173 C61_AY589765 333 (542.5)
denovo173 C1043_DQ072721 341 (504.0)
denovo173 C79_AY765414 336 (531.0)
denovo173 C69_AY589773 323 (545.0)
denovo173 C69a_AY686648 323 (536.0)
denovo173 C21.22_KC597692 326 (551.5)
denovo173 C51_AY589756 339 (530.0)
denovo173 C1aa_HM185739 341 (546.5)
denovo173 C1096_DQ068023 342 (518.5)
denovo173 C74_AY765409 336 (544.0)
denovo173 C1185_AB294629 344 (540.5)
denovo173 C1184_AB294630 344 (540.5)
denovo173 C1153_AB294625 344 (550.0)
denovo173 C1154_AB294626 343 (556.0)
denovo173 C1187_AB294627 344 (540.5)
denovo173 C1186_AB294628 341 (550.5)
denovo173 C57_AY589761 342 (543.0)
denovo173 C66_AY589771 344 (549.5)
denovo173 C5_AF499795 341 (536.0)
denovo173 C1167_AB294586 340 (551.5)
denovo173 C1164_AB294593 341 (536.0)
denovo173 C1183_AB294631 334 (532.5)
denovo173 C1067_DQ335381 337 (533.5)
denovo173 C1159_AB294613 345 (552.5)
denovo173 C1150_AB294622 343 (547.5)
denovo173 C90_AM748554 333 (550.5)
denovo173 C1168_AB294583 341 (536.0)
denovo173 C1156_AB294616 341 (545.5)
denovo173 C1151_AB294621 341 (554.0)
denovo173 C92a_AM748561 341 (545.0)
denovo173 C92_AM748560 341 (545.0)
denovo173 C1165_AB294581 340 (551.0)
denovo173 C1166_AB294584 341 (554.0)
denovo173 C1162_AB294594 340 (542.0)
denovo173 C1163_AB294596 337 (542.5)
denovo173 C1161_AB294606 339 (539.5)
denovo173 C1160_AB294608 341 (554.0)
denovo173 C1158_AB294614 341 (545.0)
denovo173 C1155_AB294617 341 (536.0)
denovo173 C1149_AB294620 333 (548.0)
denovo173 C1173_AB294662 341 (536.5)
denovo173 C1171_AB294663 341 (536.0)
denovo173 C1172_AB294665 341 (536.0)
denovo173 C91a_AM748556 333 (539.0)
denovo173 C91b_AM748557 335 (536.5)
denovo173 C91d_AM748559 340 (542.5)
denovo173 C91c_AM748558 340 (542.0)
denovo173 C91_AJ621543 341 (545.0)
denovo173 C91_AM748555 341 (545.0)
denovo173 C1023_DQ335330 314 (534.5)
denovo173 C1020_DQ335392 341 (545.0)
denovo173 C1018_DQ335408 333 (548.5)
denovo173 C1074_DQ335329 341 (536.0)
denovo173 C1030_DQ335353 341 (545.0)
denovo173 C1022_DQ335331 341 (545.0)
denovo173 C1027_DQ335360 341 (545.0)
denovo173 C1072_DQ335344 341 (536.0)
denovo173 C1039_AB190274 337 (542.5)
denovo173 C1033_DQ335350 346 (533.0)
denovo173 C1019_DQ335407 341 (545.0)
denovo173 C1194_EU099826 339 (523.5)
denovo173 C8b_AY258475 336 (515.5)
denovo173 C8_AY239367 333 (521.0)
denovo173 C8a_AY239368 333 (521.0)
denovo173 C54a_AY765406 333 (548.5)
denovo173 C3ff_HM185740 344 (545.0)
denovo173 C59_AY589763 343 (535.5)
denovo173 C3k_AY589737 335 (537.5)
denovo173 C3.24_HE579012 340 (544.0)
denovo173 C3.23_HE579011 341 (537.5)
denovo173 C35.1_AY765401 336 (557.0)
denovo173 C35.3_EF541145 336 (557.0)
denovo173 C76_AY765411 339 (537.5)
denovo173 C1107_DQ335359 339 (507.0)
denovo173 C3.22_HE579010 338 (538.0)
denovo173 C77_AY765412 341 (533.5)
denovo173 C20_AY239371 341 (536.0)
denovo173 C1055_DQ480640 334 (537.5)
denovo173 C27/C30_AY239379 334 (545.0)
denovo173 C27.1_FJ461517 334 (536.0)
denovo173 C40a_AY589747 342 (539.5)
denovo173 C40_AY258485 342 (539.5)
denovo173 C40b_AY589748 340 (537.5)
denovo173 C16_AY258477 337 (533.0)
denovo173 C16a_AY765399 338 (536.0)
denovo173 C1091_AB207186 328 (533.0)
denovo173 C1102_DQ335400 338 (517.5)
denovo173 C1069_DQ335375 341 (538.0)
denovo173 C1073_DQ335332 338 (535.5)
denovo173 C1066_DQ335382 338 (535.5)
denovo173 C1031_DQ335352 339 (547.5)
denovo173 C1026_DQ335366 342 (548.0)
denovo173 C70_AY589774 338 (544.5)
denovo173 C1082_AB190267 338 (526.5)
denovo173 C1078_AB190271 338 (535.5)
denovo173 C1090_AB207191 330 (539.0)
denovo173 C1071_DQ335302 330 (529.5)
denovo173 C1075_DQ335328 332 (535.5)
denovo173 C1068_DQ335379 338 (526.5)
denovo173 C1064_DQ335395 338 (544.5)
denovo173 C1063_DQ335403 343 (534.0)
denovo173 C62_AY589766 338 (535.5)
denovo173 C1077_DQ335316 339 (535.0)
denovo173 C1109_DQ335338 338 (526.5)
denovo173 C1110_DQ335340 338 (526.5)
denovo173 C1106_DQ335339 328 (515.0)
denovo173 C1112_DQ335319 328 (524.0)
denovo173 C1108_DQ335351 328 (515.0)
denovo173 C1105_DQ335394 328 (524.0)
denovo173 C1121_DQ335378 328 (515.0)
denovo173 C1116_AB190268 338 (526.5)
denovo173 C1115_AB190273 328 (524.0)
denovo173 C1124_DQ335323 328 (506.0)
denovo173 C1120_DQ335398 327 (521.0)
denovo173 C1119_DQ335404 330 (520.5)
denovo173 C1123_DQ335363 328 (515.0)
denovo173 C1004_DQ480635 332 (545.0)
denovo173 C1061_AY186568 333 (530.0)
denovo173 C1053_AY186569 333 (539.0)
denovo173 C1003_DQ480639 333 (539.0)
denovo173 C81_GU907657 329 (537.0)
denovo173 C22_AY239373 330 (547.5)
denovo173 C22a_AY239374 330 (547.5)
denovo173 C1232_EU118163 337 (533.5)
denovo173 C21.13_FJ461515 337 (547.0)
denovo173 C21.1_JF683323 327 (554.5)
denovo173 C21.3_JF683325 334 (540.0)
denovo173 C1.20_HE578993 333 (539.0)
denovo173 C1.22_HE578995 333 (530.0)
denovo173 C52_AY589757 330 (533.0)
denovo173 C1201_EU099793 337 (492.0)
denovo173 C14_AY589741 337 (536.0)
denovo173 C43_AY589749 338 (535.5)
denovo173 C50_AY589755 337 (542.5)
denovo173 C3.14_HQ630872 341 (536.0)
denovo173 C1m_AY765398 338 (526.5)
denovo173 C82_GU907658 345 (539.0)
denovo173 C82b_GU907660 345 (539.0)
denovo173 C64_AY589768 341 (545.0)
denovo173 C45a_AY765404 340 (533.5)
denovo173 C48_AY589753 331 (553.5)
denovo173 C1_v1b_FJ919244 333 (530.0)
denovo173 C1_v1a_FJ919243 333 (530.0)
denovo173 C3j_AY239366 341 (527.0)
denovo173 C3t_EF541149 341 (563.0)
denovo173 C9_AF499798 341 (527.0)
denovo173 C23_AY239375 332 (528.0)
denovo173 C37_AY258481 332 (545.5)
denovo173 C1048_DQ068026 331 (524.5)
denovo173 C21.4_JF683326 329 (533.5)
denovo173 C21.5_JF683327 335 (542.5)
denovo173 C1070_DQ335349 341 (536.0)
denovo173 C21.6_HQ630873 335 (542.5)
denovo173 C1224_EU074890 329 (536.0)
denovo173 C1.17_HE578990 333 (539.0)
denovo173 C21_b1_FN827162 335 (542.5)
denovo173 C21.9_JF683330 335 (551.5)
denovo173 C1085_AY624605 338 (544.5)
denovo173 C3p_GU907654 341 (539.5)
denovo173 C3f_AY589734 341 (545.0)
denovo173 C65a_AY589770 337 (542.5)
denovo173 C65_AY589769 337 (551.5)
denovo173 C71_AY589775 337 (551.5)
denovo173 C71a_AY589776 337 (542.5)
denovo173 C1178_AB294647 340 (544.5)
denovo173 C1225_EU074893 337 (541.5)
denovo173 C75_AY765410 344 (545.0)
denovo173 C21.10_JF683331 331 (548.5)
denovo173 C21.11_HQ630874 335 (551.5)
denovo173 C1065_DQ335388 341 (535.5)
denovo173 C1045_DQ068036 341 (544.5)
denovo173 C1h_AY258473 333 (539.0)
denovo173 C38_AY258482 338 (545.0)
denovo173 C1202_EU099799 341 (536.0)
denovo173 C7_AF499797 341 (545.0)
denovo173 C12_AF499801 343 (534.5)
denovo173 C38a_AY258483 342 (544.5)
denovo173 C1200_EU099800 333 (547.5)
denovo173 C44a_AY589751 333 (539.5)
denovo173 C47_AY589752 341 (536.0)
denovo173 C44_AY589750 341 (536.0)
denovo173 C1.15_HE578988 333 (539.5)
denovo173 C45.3_FJ461522 341 (536.5)
denovo173 C46a_AY765405 341 (536.0)
denovo173 C46_EU449108 341 (536.0)
denovo173 C3.12_FJ461507 341 (545.0)
denovo173 C1k_AY589733 341 (536.0)
denovo173 C67_AY686647 341 (536.0)
denovo173 C82a_GU907659 343 (542.5)
denovo173 C10a_AY589739 340 (533.5)
denovo173 C10_AF499799 340 (533.5)
denovo173 C13_AY589740 346 (530.5)
denovo173 C4_AF499794 341 (527.0)
denovo173 C1147_EF656433 340 (542.0)
denovo173 C1c/C45_AY239364 341 (536.0)
denovo173 C1c/C45_EU449103 341 (536.0)
denovo173 C21.19_HE579031 335 (533.5)
denovo173 C21.21_HE579033 335 (524.5)
denovo173 C21.20_HE579032 335 (533.5)
denovo173 C42b_AY765403 338 (517.5)
denovo173 C42_AY258487 338 (526.5)
denovo173 C1p_GU907652 333 (530.0)
denovo173 C1d_AY258488 340 (524.0)
denovo173 C42_AY765402 341 (527.0)
denovo173 C3ha_AY589736 335 (542.5)
denovo173 C63a_AY589767 332 (544.5)
denovo173 C21a_AY589744 335 (551.5)
denovo173 C3o_GU907653 335 (543.0)
denovo173 C21.16_HQ630875 329 (551.5)
denovo173 C21.2_JF683324 331 (557.0)
denovo173 C21.7_JF683328 334 (549.0)
denovo173 C21.8_JF683329 327 (555.0)
denovo173 C3h_AY239365 335 (542.5)
denovo173 C1203_EU099798 335 (542.5)
denovo173 C3.10_FJ461505 341 (545.0)
denovo173 C21.14_FJ461516 335 (551.5)
denovo173 C21.18_HE579030 341 (539.5)
denovo173 C3.17_HE579005 341 (536.0)
denovo173 C3.9_FJ461504 333 (546.0)
denovo173 C3.8_FJ461503 335 (545.0)
denovo173 C3.7_FJ461502 341 (536.0)
denovo173 C3.11_FJ461506 341 (545.0)
denovo173 C3.18_HE579006 341 (536.0)
denovo173 C3.19_HE579007 341 (544.5)
denovo173 C3.20_HE579008 341 (536.0)
denovo173 C3g_AY589735 344 (546.0)
denovo173 C3a_AF499790 333 (548.5)
denovo173 C3e_AF499793 341 (536.0)
denovo173 C6_AF499796 344 (545.0)
denovo173 C11_AF499800 339 (548.0)
denovo173 C36_AY258480 343 (540.5)
denovo173 C29_AY258494 336 (540.5)
denovo173 C1146_EF656434 341 (545.5)
denovo173 C1190_EU099841 341 (554.0)
denovo173 C131_JF320826 341 (536.0)
denovo173 C28_AY239380 343 (535.0)
denovo173 C1012_DQ480604 336 (549.0)
denovo173 C1181_AB294640 341 (538.0)
denovo173 C1180_AB294641 341 (556.0)
denovo173 C1179_AB294645 341 (547.0)
denovo173 C1176_AB294651 340 (545.5)
denovo173 C1175_AB294653 341 (547.0)
denovo173 C1174_AB294655 341 (547.0)
denovo173 C1177_AB294659 342 (540.5)
denovo173 C1040_AB190269 341 (545.0)
denovo173 C1182_AB294649 341 (536.0)
denovo173 C1089_AJ278598 341 (536.0)
denovo173 C1028_DQ335357 341 (545.0)
denovo173 C3.16_EU786015 341 (554.0)
denovo173 C1097_AJ311943 342 (535.0)
denovo173 C1170_AB294661 341 (547.0)
denovo173 C21.17_HE579029 336 (556.5)
denovo173 C21/3d/C3k_AY239372 335 (551.5)
denovo173 C58_AY589762 336 (551.0)
denovo173 C3L_AY589738 332 (542.0)
denovo173 C1169_AB294660 341 (547.0)
denovo173 C3.2_FJ461497 340 (545.5)
denovo173 C3.1_JF683321 332 (549.0)
denovo173 C1104_AF427469 342 (535.0)
denovo173 C3b_AF499791 340 (545.5)
denovo173 C83_GU907661 341 (547.5)
denovo173 C49_AY589754 365 (563.5)
denovo173 C3_AB778606 341 (545.0)
denovo173 C3_AF499789 341 (545.0)
denovo173 C3_HE579001 341 (545.0)
denovo173 C21.12_FJ461514 335 (542.5)
denovo173 C1229_EU074888 334 (538.0)
denovo173 C1230_EU074889 334 (547.0)
denovo173 C1114_AB207196 341 (527.0)
denovo173 C3.21_HE579009 336 (472.0)
denovo173 C1057_DQ480619 333 (530.0)
denovo173 C72_AY765407 339 (529.5)
denovo173 C1b.3_HE578999 332 (530.5)
denovo173 C93_AJ621536 341 (536.0)
denovo173 C94_AJ621539 333 (530.0)
denovo173 C1g_AY589730 333 (548.0)
denovo173 C1i_AY589731 343 (542.5)
denovo173 C1j_AY589732 333 (539.0)
denovo173 C1005_DQ480633 333 (530.0)
denovo173 C1.7_FJ461494 333 (539.0)
denovo173 C1.11_HE578984 338 (535.5)
denovo173 C1.12_HE578985 333 (539.0)
denovo173 C1.13_HE578986 333 (539.0)
denovo173 C1.14_HE578987 334 (542.0)
denovo173 C1.18_HE578991 333 (530.0)
denovo173 C1.19_HE578992 333 (539.0)
denovo173 C1199_EU099802 343 (527.5)
denovo173 C1188_EU099838 343 (542.5)
denovo173 C1002_DQ838544 341 (545.0)
denovo173 C1198_EU099810 333 (530.0)
denovo173 C24_AY239376 343 (524.0)
denovo173 C1f_AY258490 333 (539.0)
denovo173 C1006_DQ480629 333 (539.0)
denovo173 C1010_DQ480607 333 (539.0)
denovo173 C1007_DQ480624 333 (530.0)
denovo173 C1011_DQ480605 332 (545.5)
denovo173 C1009_DQ480608 333 (539.0)
denovo173 C1041_AY186548 335 (535.0)
denovo173 C1052_AY186570 333 (539.0)
denovo173 C1148_EU040178 341 (536.0)
denovo173 C1234_EU118165 342 (526.0)
denovo173 C1.5_EF634157 331 (533.5)
denovo173 C1059_DQ480609 333 (530.0)
denovo173 C1228_EU074883 333 (539.0)
denovo173 C1208_EU074963 336 (538.0)
denovo173 C1207_EU074964 333 (539.0)
denovo173 C1206_EU074965 341 (545.0)
denovo173 C1013_DQ480642 333 (539.0)
denovo173 C80_GU907656 345 (539.5)
denovo173 C1a_AF499788 341 (536.0)
denovo173 C41_AY258486 343 (533.0)
denovo173 C39_AY258484 331 (537.5)
denovo173 C1231_EU074878 333 (530.0)
denovo173 C1b.1_HE578997 332 (530.5)
denovo173 C18_AY258478 341 (536.0)
denovo173 C1.10_HE578983 333 (537.5)
denovo173 C1_JN558041 333 (539.0)
denovo173 C1_HE578979 333 (539.0)
denovo173 C1_AM748551 333 (539.0)
denovo173 C1_AF333515 333 (539.0)
denovo173 C1054_AY186565 340 (539.5)
denovo173 C1008_DQ480613 333 (530.0)
denovo173 C1103_AF427470 334 (529.0)
denovo173 C1226_EU074881 334 (529.0)
denovo173 C1b/C1e_AY239363 332 (539.5)
denovo173 C1044_DQ068038 333 (524.0)
denovo173 C1017_DQ174729 333 (529.5)
denovo173 C1.6_FJ461493 333 (530.0)
denovo173 C1b.2_HE578998 332 (530.5)
denovo173 C1060_DQ480600 333 (530.0)
denovo173 C1227_EU074882 333 (530.0)
denovo173 C1197_EU099814 333 (530.0)
denovo173 C1130_DQ480643 333 (424.5)
denovo173 D109_AB097465 339 (449.0)
denovo173 D1.11_HE579040 333 (461.0)
denovo173 D105_AF174570 329 (458.0)
denovo173 D104_AF174572 331 (454.5)
denovo173 D1.3_JF683337 336 (444.0)
denovo173 D1.10_HE579039 329 (457.5)
denovo173 D110_AF174561 330 (461.0)
denovo173 D117_AF174542 334 (445.5)
denovo173 D114_AF174549 337 (455.0)
denovo173 D113_AF174557 331 (455.0)
denovo173 D112_AF174558 331 (455.0)
denovo173 D106_AF174559 333 (461.5)
denovo173 D111_AF174560 333 (452.5)
denovo173 D115_AF174562 334 (445.5)
denovo173 D107_AF174568 334 (445.5)
denovo173 D116_AF174571 318 (452.5)
denovo173 D124_EU074897 332 (449.0)
denovo173 D1.8_HE579037 333 (461.5)
denovo173 D3_AY686650 332 (458.0)
denovo173 D1.6_HQ630881 340 (454.0)
denovo173 D120_EU074900 331 (455.0)
denovo173 D121_EU074904 318 (461.5)
denovo173 D122_EU074905 334 (454.0)
denovo173 D1a.2_JF683339 333 (454.0)
denovo173 D1a.1_JF683338 331 (455.0)
denovo173 D2_AY686649 577 (513.5)
denovo173 D4_DQ865214 333 (457.0)
denovo173 D1a_AF499802 331 (455.0)
denovo173 D1a_JN558078 331 (455.0)
denovo173 D123_EU074895 333 (452.5)
denovo173 D108_AF174567 333 (461.5)
denovo173 D103_AF174575 331 (455.0)
denovo173 D100_AF411415 327 (451.5)
denovo173 D118_EF656435 331 (464.0)
denovo173 D101_AF411416 327 (436.5)
denovo173 D119_EU099832 335 (450.5)
denovo173 D102_AF174573 330 (455.5)
denovo173 D1_AF334660 334 (454.5)
denovo173 D1_JN558076 334 (454.5)
denovo173 D1.12_HE579041 325 (448.0)
denovo173 D1.1_AM748564 390 (471.0)
denovo173 D1.2_AM748617 426 (465.0)
denovo173 E111_EU074915 335 (487.5)
denovo173 E110_EU074914 335 (506.0)
denovo173 E114_EU074909 333 (501.0)
denovo173 E1_AF334659 336 (487.5)
denovo173 E105_EU074921 335 (497.5)
denovo173 E112_EU074916 333 (492.0)
denovo173 E104_EU074922 333 (501.0)
denovo173 E102_EU074924 333 (492.0)
denovo173 E103_EU074923 333 (501.0)
denovo173 E101_AY160123 329 (504.0)
denovo173 E109_EU074913 328 (494.5)
denovo173 E100_DQ011618 335 (494.5)
denovo173 E108_EU074912 338 (502.5)
denovo173 E113_EU074908 335 (497.5)
denovo173 E107_EU074910 335 (503.0)
denovo173 F1_JN558066 346 (524.0)
denovo173 F5.2d_AJ291530 341 (537.0)
denovo173 F104_AJ291531 341 (537.0)
denovo173 F5.2c_AM748596 341 (528.5)
denovo173 F5.2_AM748594 341 (528.5)
denovo173 F5.2a_AM748614 341 (528.5)
denovo173 F5.2b_AM748595 341 (528.5)
denovo173 F5.2e_AJ291533 343 (490.0)
denovo173 F5.2g_JN558072 338 (528.0)
denovo173 F5.2f_AJ291512 339 (531.5)
denovo173 F102_AJ291534 338 (537.0)
denovo173 F5.1c_AM748593 342 (521.5)
denovo173 F5.1d_JN558069 350 (546.0)
denovo173 F5.1b_AJ291535 341 (555.5)
denovo173 F5.1_AM748592 341 (556.0)
denovo173 F5.1a_AM748591 341 (564.5)
denovo173 F110_AJ291526 332 (536.0)
denovo173 F4.7_AM748587 330 (543.5)
denovo173 F4.5_AM748585 328 (560.5)
denovo173 F4.4a_AM748583 328 (562.5)
denovo173 F4.4_AM748582 333 (547.0)
denovo173 F4.4b_AM748584 334 (551.0)
denovo173 F4.1a_AM748573 327 (549.0)
denovo173 F112_AJ291528 327 (512.0)
denovo173 F4.1_AM748572 327 (530.0)
denovo173 F4.8b_AM748590 327 (557.0)
denovo173 F4.8_AM748588 325 (567.5)
denovo173 F4.8a_AM748589 325 (559.5)
denovo173 F109_AJ291527 327 (565.0)
denovo173 F4.6_AM748586 332 (536.5)
denovo173 F111_AJ311949 327 (522.0)
denovo173 F4.3c_AM748581 328 (540.5)
denovo173 F4.3a_AM748579 327 (545.0)
denovo173 F4.3b_AM748580 328 (548.5)
denovo173 F4.3_AM748578 329 (541.5)
denovo173 F4.2_AM748574 329 (546.0)
denovo173 F4.2a_AM748575 330 (561.5)
denovo173 F4.2c_AM748577 331 (561.0)
denovo173 F4.2b_AM748576 330 (552.5)
denovo173 F2b_AJ291521 343 (514.0)
denovo173 F2_AJ830908 336 (511.5)
denovo173 F2a_AJ830911 330 (506.5)
denovo173 F3.1a_AM748566 350 (538.5)
denovo173 F114_AJ291525 348 (532.0)
denovo173 F3.1_AM748565 348 (550.0)
denovo173 F3.2_AM748567 350 (555.0)
denovo173 F3.2a_AM748568 342 (559.5)
denovo173 F3.3_AM748569 346 (558.0)
denovo173 F3.4a_AM748571 341 (587.5)
denovo173 F3.4_AM748570 341 (569.5)
denovo173 F3.4b_AM748616 341 (569.5)
denovo173 G101_AJ291539 341 (472.0)
denovo173 G1_AM748597 344 (463.5)
denovo173 G2b_JN558087 345 (469.5)
denovo173 G2_AM748598 343 (464.5)
denovo173 G2a_AM748599 340 (472.5)
denovo173 G4_AM748601 349 (487.0)
denovo173 G3.4_LK392378 347 (453.5)
denovo173 G3_AM748600 351 (455.5)
denovo173 G3.2_KC597694 335 (450.5)
denovo173 G3.1_KC597688 340 (476.0)
denovo173 G100_AB253788 341 (471.0)
denovo173 G3.3_LK392377 338 (480.0)
denovo173 H6_AJ291520 639 (274.0)
denovo173 H3_AM748606 337 (381.0)
denovo173 H2_AM748605 331 (389.5)
denovo173 H4_AM748607 345 (369.0)
denovo173 H4a_AM748608 352 (379.5)
denovo173 H5a_AM748611 317 (397.0)
denovo173 H5b_AM748610 320 (390.5)
denovo173 H5_AJ621129 344 (395.0)
denovo173 H5_AM748609 344 (395.0)
denovo173 H100_AJ291513 310 (394.0)
denovo173 H1b_AM748604 311 (391.5)
denovo173 H1a_AM748612 327 (388.5)
denovo173 H1_AJ621152 310 (389.0)
denovo173 H1_AM748602 310 (389.0)
denovo173 I3_FN561561 356 (563.0)
denovo173 I4_FN561562 346 (560.5)
denovo173 I1_FN561559 335 (573.0)
denovo173 I2_FN561560 337 (561.0)

#---------------------------------------
#---------------------------------------
