denovo82 A136_DQ865210 330 (517.0)
denovo82 A133_DQ174725 336 (492.5)
denovo82 A115_AF180123 336 (476.0)
denovo82 A117_AF201746 341 (487.5)
denovo82 A134_DQ174723 343 (493.0)
denovo82 A114_AF184941 343 (493.0)
denovo82 A135_DQ174727 331 (494.5)
denovo82 A2_AF333506 332 (492.5)
denovo82 A101_AF427468 331 (493.5)
denovo82 A2_1_JN558097 331 (493.5)
denovo82 A2_2_JN558100 331 (493.5)
denovo82 A113_AF184948 330 (485.5)
denovo82 A112_AF184949 327 (477.5)
denovo82 A123_EF378618 334 (325.0)
denovo82 A137_EF378621 341 (336.5)
denovo82 A11_EU449041 323 (508.0)
denovo82 A121_DQ174722 342 (487.0)
denovo82 A15b_EU792886 343 (474.5)
denovo82 A15a_EU792885 340 (475.0)
denovo82 A15c_EU792887 343 (483.5)
denovo82 A15_EU792884 343 (483.5)
denovo82 A147_EU074937 339 (490.0)
denovo82 A154_EU074860 339 (490.0)
denovo82 A146_EU074936 342 (490.0)
denovo82 A150_EU074928 344 (497.5)
denovo82 A116_AF183575 344 (504.0)
denovo82 A141_EU074931 342 (499.0)
denovo82 A5_AF333508 336 (496.5)
denovo82 A3b_EU449043 339 (490.0)
denovo82 A151_EU074925 341 (488.5)
denovo82 A152_EU074927 337 (485.0)
denovo82 A149_EU074929 343 (492.5)
denovo82 A140_EU074930 339 (481.0)
denovo82 A142_EU074932 339 (481.0)
denovo82 A143_EU074933 344 (488.5)
denovo82 A144_EU074934 339 (481.0)
denovo82 A145_EU074935 338 (495.5)
denovo82 A148_EU074938 343 (493.0)
denovo82 A155_EU074856 348 (481.0)
denovo82 A156_EU074859 339 (481.0)
denovo82 A139_EU074962 339 (481.0)
denovo82 A6_AF186058 339 (490.0)
denovo82 A3_AF333507 339 (490.0)
denovo82 A3_JN558091 339 (490.0)
denovo82 A8_AY258468 339 (463.0)
denovo82 A7_AY239360 339 (481.0)
denovo82 A16_EU792888 339 (481.0)
denovo82 A4.3_FN429763 328 (479.0)
denovo82 A120_AF180122 323 (483.0)
denovo82 A4.2_FN429761 326 (470.0)
denovo82 A4_AF333509 326 (498.0)
denovo82 A4.1_FN429760 325 (493.0)
denovo82 A4a_AF499778 337 (507.0)
denovo82 A4a.1_FN429762 337 (507.0)
denovo82 A138_EF378620 339 (449.0)
denovo82 A122_EF378619 338 (486.0)
denovo82 A126_EF378615 337 (487.0)
denovo82 A10_EU792882 337 (487.0)
denovo82 A9_EU449028 334 (490.0)
denovo82 A105_AB207202 339 (494.5)
denovo82 A119_AF180121 329 (490.5)
denovo82 A12_EU792883 337 (496.0)
denovo82 A104_AB207203 338 (500.5)
denovo82 A1a_EU449030 337 (507.0)
denovo82 A1.3_HE578976 339 (503.5)
denovo82 A1.4_HE578977 339 (512.5)
denovo82 A13_AF333504 339 (502.5)
denovo82 A13_JN558094 339 (502.5)
denovo82 A110_AB190282 332 (499.0)
denovo82 A103_AB207206 336 (502.5)
denovo82 A130_EF656428 339 (503.5)
denovo82 A127_EF656429 339 (512.5)
denovo82 A128_EF656430 339 (494.5)
denovo82 A129_EF656431 339 (503.5)
denovo82 A131_EF656432 339 (512.5)
denovo82 A118_AF180120 333 (495.5)
denovo82 A1_AF333505 339 (503.5)
denovo82 A107_AB207199 336 (511.5)
denovo82 A111_AB190280 336 (511.0)
denovo82 A108_AB207197 343 (482.0)
denovo82 A106_AB207200 339 (494.5)
denovo82 A102_AB207209 339 (503.5)
denovo82 A1.2_AB207210 339 (503.5)
denovo82 A109_AB190285 339 (494.5)
denovo82 B4_AF333510 339 (1007.0)
denovo82 B23_EU449079 325 (1098.5)
denovo82 B30_GU907644 325 (1080.5)
denovo82 B11_AY239361 326 (1201.5)
denovo82 B17_AY258470 324 (1230.0)
denovo82 B1k_GU907638 326 (545.5)
denovo82 B1.V_Green2014 329 (1182.0)
denovo82 B1b_AF499780 324 (1143.5)
denovo82 B16_AY258469 324 (1221.0)
denovo82 B31a_GU907646 324 (1230.0)
denovo82 B32_GU907647 324 (1221.0)
denovo82 B31_GU907645 324 (1230.0)
denovo82 B1j_GU907637 324 (1221.0)
denovo82 B37_GU907650 326 (1219.5)
denovo82 B5a_AF499782 324 (1221.0)
denovo82 B5_AF499781 324 (1230.0)
denovo82 B24_GU907643 324 (1061.0)
denovo82 B117_AF180124 322 (1134.0)
denovo82 B10_AF499787 324 (1221.0)
denovo82 B20_GU907642 326 (1204.5)
denovo82 B1m_GU907640 324 (1230.0)
denovo82 B34_GU907649 324 (1230.0)
denovo82 B1d_GU907633 324 (1230.0)
denovo82 B1e_GU907634 324 (1230.0)
denovo82 B1i_GU907636 324 (1230.0)
denovo82 B1g_GU907635 325 (1211.0)
denovo82 B123_EU074872 324 (1239.0)
denovo82 B8_AF499785 325 (1220.0)
denovo82 B1l_GU907639 324 (1230.0)
denovo82 B1a_AF499779 324 (1230.0)
denovo82 B14_AY239362 325 (1220.0)
denovo82 B125_EU074865 324 (1230.0)
denovo82 B122_EU074871 324 (1230.0)
denovo82 B124_EU074874 324 (1230.0)
denovo82 B1.VII_Green2014 324 (1160.0)
denovo82 B1.III_Green2014 312 (1202.5)
denovo82 B1.I_Green2014 324 (1239.0)
denovo82 B1.II_Green2014 324 (1239.0)
denovo82 B1_JN558057 324 (1239.0)
denovo82 B1_AF333511 324 (1239.0)
denovo82 B1.IV_Green2014 334 (1224.5)
denovo82 B121_EU074870 324 (1230.0)
denovo82 B7_AF499784 324 (1230.0)
denovo82 B1.VI_Green2014 325 (1170.0)
denovo82 B3_AF333514 324 (1135.5)
denovo82 B9_AF499786 324 (1153.5)
denovo82 B19a_JN558055 307 (1120.0)
denovo82 B119_EU099825 332 (1067.0)
denovo82 B21_DQ865213 324 (1122.0)
denovo82 B38_GU907651 324 (1122.0)
denovo82 B18_AY258471 324 (1162.5)
denovo82 B18a_AY258472 324 (1153.5)
denovo82 B33_GU907648 324 (1162.5)
denovo82 B6_AF499783 328 (1165.5)
denovo82 B19_DQ865212 324 (1171.5)
denovo82 B19_GU907641 324 (1171.5)
denovo82 B2_AF333512 324 (1162.5)
denovo82 B2_JN558060 324 (1162.5)
denovo82 C33.1_AY258498 347 (595.5)
denovo82 C33.2_AY765400 347 (595.5)
denovo82 C33a_EF541147 347 (595.5)
denovo82 C34_AY258499 340 (602.5)
denovo82 C78_AY765413 329 (577.0)
denovo82 C15.29_KC597690 345 (570.5)
denovo82 C1131_DQ182650 347 (549.0)
denovo82 C1135_DQ182646 340 (547.5)
denovo82 C1134_DQ182647 342 (535.0)
denovo82 C1142_DQ182635 342 (544.0)
denovo82 C1136_DQ182644 340 (536.0)
denovo82 C1111_DQ182645 322 (535.0)
denovo82 C1236_EF473656 340 (527.0)
denovo82 C1138_DQ182642 337 (536.5)
denovo82 C1137_DQ182643 322 (535.0)
denovo82 C1133_DQ182648 340 (527.0)
denovo82 C1132_DQ182649 345 (532.0)
denovo82 C1143_DQ182634 340 (536.0)
denovo82 C1139_DQ182639 342 (544.0)
denovo82 C15.28_KC597687 342 (608.0)
denovo82 C1141_DQ182636 342 (553.0)
denovo82 C1144_DQ182637 342 (562.0)
denovo82 C1122_DQ182654 342 (571.0)
denovo82 C1127_DQ182652 342 (571.0)
denovo82 C15.30_JX394114 344 (603.5)
denovo82 C15.26_KC597686 346 (591.0)
denovo82 C1086_DQ182656 343 (592.5)
denovo82 C15.25_KC597685 343 (601.5)
denovo82 C1118_AF180127 334 (561.0)
denovo82 C1129_DQ182651 343 (537.5)
denovo82 C15.21_KC597683 341 (569.0)
denovo82 C56_AY589760 341 (586.0)
denovo82 C1140_DQ182638 343 (555.5)
denovo82 C1126_DQ182653 343 (546.5)
denovo82 C15c_AY258492 340 (602.0)
denovo82 C15d_AY258493 339 (608.5)
denovo82 C1098_DQ182641 341 (602.5)
denovo82 C15.27_KC597689 343 (592.5)
denovo82 C15.18_HE579024 343 (592.0)
denovo82 C15.16_HE579022 348 (616.0)
denovo82 C1101_AB253787 343 (583.5)
denovo82 C1083_AY237300 347 (594.0)
denovo82 C1088_DQ182640 327 (605.5)
denovo82 C15.6_FN563472 343 (592.5)
denovo82 C15.5_FJ461512 343 (583.5)
denovo82 C15.4_FJ461511 343 (592.5)
denovo82 C15.13_HE579019 343 (583.5)
denovo82 C15.12_HE579018 343 (592.5)
denovo82 C93a_AM748563 341 (614.0)
denovo82 C1094_AJ291514 341 (597.0)
denovo82 C93_AM748562 341 (606.0)
denovo82 C15.17_HE579023 342 (583.5)
denovo82 C15e_AY589742 350 (605.5)
denovo82 C15.22_KC597695 343 (592.5)
denovo82 C60_AY589764 343 (592.5)
denovo82 C15.1_FJ461508 343 (592.5)
denovo82 C15.2_FJ461509 343 (592.5)
denovo82 C15.9_FN563475 343 (601.5)
denovo82 C15.7_HE579015 342 (607.0)
denovo82 C15.8_HE579016 343 (610.5)
denovo82 C15.15_HE579021 343 (592.5)
denovo82 C15.19_HE579025 343 (601.5)
denovo82 C15.24_KC597696 343 (583.5)
denovo82 C15.3_FJ461510 343 (592.5)
denovo82 C1087_DQ182655 343 (601.5)
denovo82 C15.14_HE579020 344 (592.0)
denovo82 C15.23_KC597697 344 (592.0)
denovo82 C19_AY258479 342 (611.0)
denovo82 C1233_EU118166 343 (592.5)
denovo82 C15b_AY258491 343 (592.5)
denovo82 C15a_AY258476 343 (601.5)
denovo82 C1051_AF195153 343 (610.5)
denovo82 C2_AF333518 326 (618.5)
denovo82 C15.20_HE579026 344 (601.0)
denovo82 C15f_AY589743 345 (594.5)
denovo82 C55_AY589759 347 (599.5)
denovo82 C15_AY239369 343 (601.5)
denovo82 C32.1_JF683335 332 (564.0)
denovo82 C32.2_JF683336 324 (568.0)
denovo82 C21.23_KC597693 324 (568.0)
denovo82 C1193_EU099827 352 (578.5)
denovo82 C1195_EU099821 346 (582.0)
denovo82 C3q_GU907655 353 (560.5)
denovo82 C53_AY589758 344 (584.5)
denovo82 C73_AY765408 350 (566.0)
denovo82 C17.2.1_KC597684 348 (556.0)
denovo82 C32_AY258497 342 (559.5)
denovo82 C1189_EU099831 343 (562.5)
denovo82 C1191_EU099833 342 (569.0)
denovo82 C1196_EU099819 339 (549.0)
denovo82 C1192_EU099820 339 (549.0)
denovo82 C17.1_JF683322 343 (562.5)
denovo82 C26_b2_FN827164 346 (567.0)
denovo82 C26_b3_FN827165 344 (544.0)
denovo82 C31.9_HQ630879 345 (549.0)
denovo82 C31a_AY589746 345 (545.5)
denovo82 C30_AY589745 344 (550.0)
denovo82 C31.1_HQ630876 344 (550.0)
denovo82 C31.5_HQ630877 345 (554.5)
denovo82 C31.6_HQ630878 345 (554.5)
denovo82 C31.2_JF683332 345 (554.5)
denovo82 C31.3_JF683333 345 (545.5)
denovo82 C26/C35a_AY239378 344 (553.0)
denovo82 C35a_AY258501 344 (553.0)
denovo82 C35.2_AY258500 344 (562.0)
denovo82 C26_b1_FN827163 344 (562.0)
denovo82 C17_AY239370 343 (562.5)
denovo82 C17.2_FJ461513 345 (561.5)
denovo82 C31.10_HQ630880 345 (558.0)
denovo82 C31.4_JF683334 349 (543.0)
denovo82 C31_AY258496 345 (554.5)
denovo82 C25_AY239377 341 (607.0)
denovo82 C61_AY589765 324 (554.5)
denovo82 C1043_DQ072721 343 (557.0)
denovo82 C79_AY765414 353 (574.5)
denovo82 C69_AY589773 317 (595.0)
denovo82 C69a_AY686648 317 (586.0)
denovo82 C21.22_KC597692 341 (563.0)
denovo82 C51_AY589756 342 (572.0)
denovo82 C1aa_HM185739 339 (597.5)
denovo82 C1096_DQ068023 341 (576.5)
denovo82 C74_AY765409 348 (602.0)
denovo82 C1185_AB294629 348 (602.5)
denovo82 C1184_AB294630 348 (602.5)
denovo82 C1153_AB294625 348 (602.5)
denovo82 C1154_AB294626 347 (618.0)
denovo82 C1187_AB294627 348 (602.5)
denovo82 C1186_AB294628 348 (602.5)
denovo82 C57_AY589761 348 (611.5)
denovo82 C66_AY589771 348 (611.5)
denovo82 C5_AF499795 343 (592.5)
denovo82 C1167_AB294586 343 (592.5)
denovo82 C1164_AB294593 327 (598.0)
denovo82 C1183_AB294631 343 (601.5)
denovo82 C1067_DQ335381 338 (576.5)
denovo82 C1159_AB294613 344 (591.0)
denovo82 C1150_AB294622 344 (600.0)
denovo82 C90_AM748554 345 (609.5)
denovo82 C1168_AB294583 347 (594.0)
denovo82 C1156_AB294616 347 (603.0)
denovo82 C1151_AB294621 343 (610.5)
denovo82 C92a_AM748561 347 (612.0)
denovo82 C92_AM748560 347 (603.0)
denovo82 C1165_AB294581 341 (604.0)
denovo82 C1166_AB294584 343 (619.5)
denovo82 C1162_AB294594 347 (603.0)
denovo82 C1163_AB294596 343 (611.0)
denovo82 C1161_AB294606 343 (610.5)
denovo82 C1160_AB294608 346 (609.0)
denovo82 C1158_AB294614 343 (610.5)
denovo82 C1155_AB294617 343 (601.5)
denovo82 C1149_AB294620 343 (610.5)
denovo82 C1173_AB294662 343 (619.5)
denovo82 C1171_AB294663 343 (601.5)
denovo82 C1172_AB294665 343 (601.5)
denovo82 C91a_AM748556 325 (619.0)
denovo82 C91b_AM748557 343 (610.5)
denovo82 C91d_AM748559 343 (610.5)
denovo82 C91c_AM748558 343 (610.5)
denovo82 C91_AJ621543 343 (610.5)
denovo82 C91_AM748555 343 (610.5)
denovo82 C1023_DQ335330 302 (584.5)
denovo82 C1020_DQ335392 348 (588.5)
denovo82 C1018_DQ335408 341 (595.0)
denovo82 C1074_DQ335329 343 (583.5)
denovo82 C1030_DQ335353 343 (583.5)
denovo82 C1022_DQ335331 343 (583.5)
denovo82 C1027_DQ335360 343 (601.5)
denovo82 C1072_DQ335344 343 (583.5)
denovo82 C1039_AB190274 343 (592.5)
denovo82 C1033_DQ335350 343 (611.5)
denovo82 C1019_DQ335407 343 (592.5)
denovo82 C1194_EU099826 343 (577.5)
denovo82 C8b_AY258475 345 (574.0)
denovo82 C8_AY239367 346 (582.5)
denovo82 C8a_AY239368 349 (581.5)
denovo82 C54a_AY765406 343 (592.5)
denovo82 C3ff_HM185740 343 (601.5)
denovo82 C59_AY589763 347 (588.0)
denovo82 C3k_AY589737 324 (589.0)
denovo82 C3.24_HE579012 323 (604.5)
denovo82 C3.23_HE579011 324 (598.0)
denovo82 C35.1_AY765401 350 (603.5)
denovo82 C35.3_EF541145 343 (601.5)
denovo82 C76_AY765411 341 (601.5)
denovo82 C1107_DQ335359 340 (568.5)
denovo82 C3.22_HE579010 342 (580.0)
denovo82 C77_AY765412 344 (591.0)
denovo82 C20_AY239371 346 (591.5)
denovo82 C1055_DQ480640 331 (597.0)
denovo82 C27/C30_AY239379 344 (569.0)
denovo82 C27.1_FJ461517 344 (560.0)
denovo82 C40a_AY589747 345 (597.0)
denovo82 C40_AY258485 345 (597.0)
denovo82 C40b_AY589748 342 (593.5)
denovo82 C16_AY258477 346 (592.0)
denovo82 C16a_AY765399 346 (592.0)
denovo82 C1091_AB207186 343 (593.0)
denovo82 C1102_DQ335400 343 (575.0)
denovo82 C1069_DQ335375 339 (596.5)
denovo82 C1073_DQ335332 339 (588.0)
denovo82 C1066_DQ335382 344 (586.5)
denovo82 C1031_DQ335352 348 (598.5)
denovo82 C1026_DQ335366 348 (598.0)
denovo82 C70_AY589774 343 (602.0)
denovo82 C1082_AB190267 347 (585.5)
denovo82 C1078_AB190271 341 (595.5)
denovo82 C1090_AB207191 343 (593.0)
denovo82 C1071_DQ335302 343 (593.0)
denovo82 C1075_DQ335328 343 (593.0)
denovo82 C1068_DQ335379 344 (586.0)
denovo82 C1064_DQ335395 325 (592.0)
denovo82 C1063_DQ335403 345 (597.5)
denovo82 C62_AY589766 343 (593.0)
denovo82 C1077_DQ335316 340 (598.5)
denovo82 C1109_DQ335338 343 (584.0)
denovo82 C1110_DQ335340 343 (584.0)
denovo82 C1106_DQ335339 343 (575.0)
denovo82 C1112_DQ335319 343 (584.0)
denovo82 C1108_DQ335351 343 (575.0)
denovo82 C1105_DQ335394 343 (584.0)
denovo82 C1121_DQ335378 350 (577.0)
denovo82 C1116_AB190268 350 (586.0)
denovo82 C1115_AB190273 350 (586.0)
denovo82 C1124_DQ335323 343 (566.0)
denovo82 C1120_DQ335398 343 (566.0)
denovo82 C1119_DQ335404 343 (575.0)
denovo82 C1123_DQ335363 343 (575.0)
denovo82 C1004_DQ480635 343 (592.5)
denovo82 C1061_AY186568 343 (583.5)
denovo82 C1053_AY186569 343 (592.5)
denovo82 C1003_DQ480639 343 (592.5)
denovo82 C81_GU907657 333 (588.0)
denovo82 C22_AY239373 338 (595.5)
denovo82 C22a_AY239374 338 (604.0)
denovo82 C1232_EU118163 345 (589.0)
denovo82 C21.13_FJ461515 332 (556.0)
denovo82 C21.1_JF683323 337 (561.5)
denovo82 C21.3_JF683325 343 (571.5)
denovo82 C1.20_HE578993 343 (583.5)
denovo82 C1.22_HE578995 343 (574.5)
denovo82 C52_AY589757 346 (594.5)
denovo82 C1201_EU099793 344 (566.5)
denovo82 C14_AY589741 346 (586.0)
denovo82 C43_AY589749 346 (592.0)
denovo82 C50_AY589755 343 (592.5)
denovo82 C3.14_HQ630872 342 (598.0)
denovo82 C1m_AY765398 343 (593.0)
denovo82 C82_GU907658 343 (592.0)
denovo82 C82b_GU907660 343 (592.0)
denovo82 C64_AY589768 342 (598.0)
denovo82 C45a_AY765404 346 (600.5)
denovo82 C48_AY589753 343 (613.0)
denovo82 C1_v1b_FJ919244 330 (588.5)
denovo82 C1_v1a_FJ919243 343 (592.5)
denovo82 C3j_AY239366 343 (583.5)
denovo82 C3t_EF541149 343 (601.5)
denovo82 C9_AF499798 345 (598.5)
denovo82 C23_AY239375 344 (614.0)
denovo82 C37_AY258481 348 (598.0)
denovo82 C1048_DQ068026 344 (594.0)
denovo82 C21.4_JF683326 343 (562.5)
denovo82 C21.5_JF683327 343 (562.5)
denovo82 C1070_DQ335349 343 (601.5)
denovo82 C21.6_HQ630873 343 (580.5)
denovo82 C1224_EU074890 343 (610.5)
denovo82 C1.17_HE578990 343 (610.5)
denovo82 C21_b1_FN827162 341 (563.0)
denovo82 C21.9_JF683330 341 (572.0)
denovo82 C1085_AY624605 345 (588.5)
denovo82 C3p_GU907654 343 (577.5)
denovo82 C3f_AY589734 343 (601.5)
denovo82 C65a_AY589770 343 (592.5)
denovo82 C65_AY589769 343 (601.5)
denovo82 C71_AY589775 343 (601.5)
denovo82 C71a_AY589776 343 (592.5)
denovo82 C1178_AB294647 341 (599.5)
denovo82 C1225_EU074893 330 (607.0)
denovo82 C75_AY765410 342 (599.0)
denovo82 C21.10_JF683331 342 (568.5)
denovo82 C21.11_HQ630874 342 (568.5)
denovo82 C1065_DQ335388 343 (593.0)
denovo82 C1045_DQ068036 343 (602.0)
denovo82 C1h_AY258473 342 (598.0)
denovo82 C38_AY258482 342 (598.0)
denovo82 C1202_EU099799 342 (589.0)
denovo82 C7_AF499797 342 (598.0)
denovo82 C12_AF499801 344 (587.5)
denovo82 C38a_AY258483 343 (597.5)
denovo82 C1200_EU099800 332 (603.0)
denovo82 C44a_AY589751 333 (605.5)
denovo82 C47_AY589752 346 (609.5)
denovo82 C44_AY589750 346 (600.5)
denovo82 C1.15_HE578988 343 (592.5)
denovo82 C45.3_FJ461522 346 (591.5)
denovo82 C46a_AY765405 346 (591.5)
denovo82 C46_EU449108 346 (600.5)
denovo82 C3.12_FJ461507 346 (600.5)
denovo82 C1k_AY589733 333 (596.0)
denovo82 C67_AY686647 346 (600.5)
denovo82 C82a_GU907659 343 (592.5)
denovo82 C10a_AY589739 346 (600.5)
denovo82 C10_AF499799 346 (591.5)
denovo82 C13_AY589740 348 (603.5)
denovo82 C4_AF499794 346 (609.5)
denovo82 C1147_EF656433 346 (591.5)
denovo82 C1c/C45_AY239364 346 (600.5)
denovo82 C1c/C45_EU449103 346 (600.5)
denovo82 C21.19_HE579031 343 (571.5)
denovo82 C21.21_HE579033 343 (562.5)
denovo82 C21.20_HE579032 343 (571.5)
denovo82 C42b_AY765403 347 (586.0)
denovo82 C42_AY258487 347 (595.0)
denovo82 C1p_GU907652 343 (592.5)
denovo82 C1d_AY258488 344 (585.0)
denovo82 C42_AY765402 346 (591.5)
denovo82 C3ha_AY589736 347 (564.0)
denovo82 C63a_AY589767 345 (579.5)
denovo82 C21a_AY589744 343 (571.5)
denovo82 C3o_GU907653 342 (569.0)
denovo82 C21.16_HQ630875 339 (575.5)
denovo82 C21.2_JF683324 343 (562.5)
denovo82 C21.7_JF683328 342 (569.0)
denovo82 C21.8_JF683329 341 (574.0)
denovo82 C3h_AY239365 343 (562.5)
denovo82 C1203_EU099798 343 (562.5)
denovo82 C3.10_FJ461505 339 (606.0)
denovo82 C21.14_FJ461516 339 (576.0)
denovo82 C21.18_HE579030 349 (559.5)
denovo82 C3.17_HE579005 343 (592.5)
denovo82 C3.9_FJ461504 329 (592.0)
denovo82 C3.8_FJ461503 343 (601.5)
denovo82 C3.7_FJ461502 343 (592.5)
denovo82 C3.11_FJ461506 350 (604.0)
denovo82 C3.18_HE579006 343 (592.5)
denovo82 C3.19_HE579007 343 (593.0)
denovo82 C3.20_HE579008 343 (592.5)
denovo82 C3g_AY589735 343 (584.5)
denovo82 C3a_AF499790 325 (600.5)
denovo82 C3e_AF499793 343 (592.5)
denovo82 C6_AF499796 350 (612.5)
denovo82 C11_AF499800 341 (595.0)
denovo82 C36_AY258480 343 (610.5)
denovo82 C29_AY258494 343 (610.5)
denovo82 C1146_EF656434 344 (596.0)
denovo82 C1190_EU099841 343 (610.5)
denovo82 C131_JF320826 343 (592.5)
denovo82 C28_AY239380 351 (600.0)
denovo82 C1012_DQ480604 339 (596.5)
denovo82 C1181_AB294640 342 (593.0)
denovo82 C1180_AB294641 342 (611.0)
denovo82 C1179_AB294645 342 (602.0)
denovo82 C1176_AB294651 342 (602.0)
denovo82 C1175_AB294653 342 (593.0)
denovo82 C1174_AB294655 344 (598.5)
denovo82 C1177_AB294659 342 (602.0)
denovo82 C1040_AB190269 345 (598.0)
denovo82 C1182_AB294649 343 (592.5)
denovo82 C1089_AJ278598 343 (592.5)
denovo82 C1028_DQ335357 350 (603.5)
denovo82 C3.16_EU786015 343 (610.5)
denovo82 C1097_AJ311943 344 (591.5)
denovo82 C1170_AB294661 342 (602.0)
denovo82 C21.17_HE579029 343 (582.5)
denovo82 C21/3d/C3k_AY239372 343 (571.5)
denovo82 C58_AY589762 344 (571.0)
denovo82 C3L_AY589738 346 (597.5)
denovo82 C1169_AB294660 342 (602.0)
denovo82 C3.2_FJ461497 343 (595.5)
denovo82 C3.1_JF683321 342 (602.0)
denovo82 C1104_AF427469 344 (591.5)
denovo82 C3b_AF499791 343 (605.0)
denovo82 C83_GU907661 343 (604.0)
denovo82 C49_AY589754 369 (616.0)
denovo82 C3_AB778606 343 (601.5)
denovo82 C3_AF499789 343 (601.5)
denovo82 C3_HE579001 343 (601.5)
denovo82 C21.12_FJ461514 343 (553.5)
denovo82 C1229_EU074888 340 (588.0)
denovo82 C1230_EU074889 340 (597.0)
denovo82 C1114_AB207196 343 (583.5)
denovo82 C3.21_HE579009 347 (534.0)
denovo82 C1057_DQ480619 343 (592.5)
denovo82 C72_AY765407 340 (592.0)
denovo82 C1b.3_HE578999 343 (586.5)
denovo82 C93_AJ621536 343 (592.5)
denovo82 C94_AJ621539 343 (592.5)
denovo82 C1g_AY589730 343 (610.5)
denovo82 C1i_AY589731 340 (593.5)
denovo82 C1j_AY589732 350 (603.5)
denovo82 C1005_DQ480633 343 (592.5)
denovo82 C1.7_FJ461494 343 (592.5)
denovo82 C1.11_HE578984 343 (593.0)
denovo82 C1.12_HE578985 343 (592.5)
denovo82 C1.13_HE578986 343 (601.5)
denovo82 C1.14_HE578987 343 (601.5)
denovo82 C1.18_HE578991 343 (592.5)
denovo82 C1.19_HE578992 343 (592.5)
denovo82 C1199_EU099802 343 (586.0)
denovo82 C1188_EU099838 343 (601.0)
denovo82 C1002_DQ838544 343 (601.5)
denovo82 C1198_EU099810 343 (592.5)
denovo82 C24_AY239376 343 (592.5)
denovo82 C1f_AY258490 343 (601.5)
denovo82 C1006_DQ480629 343 (610.5)
denovo82 C1010_DQ480607 343 (592.5)
denovo82 C1007_DQ480624 343 (592.5)
denovo82 C1011_DQ480605 343 (592.5)
denovo82 C1009_DQ480608 347 (594.5)
denovo82 C1041_AY186548 343 (601.5)
denovo82 C1052_AY186570 330 (597.5)
denovo82 C1148_EU040178 343 (601.5)
denovo82 C1234_EU118165 344 (591.5)
denovo82 C1.5_EF634157 343 (601.5)
denovo82 C1059_DQ480609 343 (592.5)
denovo82 C1228_EU074883 343 (592.5)
denovo82 C1208_EU074963 330 (598.0)
denovo82 C1207_EU074964 343 (601.5)
denovo82 C1206_EU074965 343 (601.5)
denovo82 C1013_DQ480642 343 (592.5)
denovo82 C80_GU907656 353 (596.5)
denovo82 C1a_AF499788 343 (601.5)
denovo82 C41_AY258486 343 (601.5)
denovo82 C39_AY258484 329 (608.5)
denovo82 C1231_EU074878 343 (592.5)
denovo82 C1b.1_HE578997 343 (586.5)
denovo82 C18_AY258478 343 (601.5)
denovo82 C1.10_HE578983 342 (596.0)
denovo82 C1_JN558041 343 (601.5)
denovo82 C1_HE578979 343 (601.5)
denovo82 C1_AM748551 343 (601.5)
denovo82 C1_AF333515 343 (601.5)
denovo82 C1054_AY186565 342 (605.0)
denovo82 C1008_DQ480613 343 (592.5)
denovo82 C1103_AF427470 344 (591.5)
denovo82 C1226_EU074881 344 (591.5)
denovo82 C1b/C1e_AY239363 343 (595.5)
denovo82 C1044_DQ068038 343 (587.5)
denovo82 C1017_DQ174729 344 (585.5)
denovo82 C1.6_FJ461493 343 (610.5)
denovo82 C1b.2_HE578998 343 (586.5)
denovo82 C1060_DQ480600 343 (592.5)
denovo82 C1227_EU074882 343 (592.5)
denovo82 C1197_EU099814 343 (592.5)
denovo82 C1130_DQ480643 343 (487.0)
denovo82 D109_AB097465 353 (485.5)
denovo82 D1.11_HE579040 343 (492.0)
denovo82 D105_AF174570 356 (495.0)
denovo82 D104_AF174572 356 (485.0)
denovo82 D1.3_JF683337 347 (485.5)
denovo82 D1.10_HE579039 344 (485.5)
denovo82 D110_AF174561 344 (486.0)
denovo82 D117_AF174542 343 (483.0)
denovo82 D114_AF174549 343 (492.0)
denovo82 D113_AF174557 348 (488.0)
denovo82 D112_AF174558 356 (486.0)
denovo82 D106_AF174559 343 (501.0)
denovo82 D111_AF174560 343 (492.0)
denovo82 D115_AF174562 343 (483.0)
denovo82 D107_AF174568 347 (494.5)
denovo82 D116_AF174571 359 (476.0)
denovo82 D124_EU074897 351 (489.0)
denovo82 D1.8_HE579037 345 (489.5)
denovo82 D3_AY686650 343 (492.0)
denovo82 D1.6_HQ630881 343 (492.0)
denovo82 D120_EU074900 354 (479.5)
denovo82 D121_EU074904 359 (485.0)
denovo82 D122_EU074905 356 (485.0)
denovo82 D1a.2_JF683339 344 (487.5)
denovo82 D1a.1_JF683338 343 (492.0)
denovo82 D2_AY686649 587 (555.0)
denovo82 D4_DQ865214 357 (485.5)
denovo82 D1a_AF499802 354 (488.5)
denovo82 D1a_JN558078 354 (488.5)
denovo82 D123_EU074895 344 (494.5)
denovo82 D108_AF174567 350 (494.5)
denovo82 D103_AF174575 343 (491.5)
denovo82 D100_AF411415 350 (494.0)
denovo82 D118_EF656435 339 (497.5)
denovo82 D101_AF411416 350 (479.0)
denovo82 D119_EU099832 345 (481.5)
denovo82 D102_AF174573 343 (495.5)
denovo82 D1_AF334660 343 (492.0)
denovo82 D1_JN558076 343 (492.0)
denovo82 D1.12_HE579041 335 (486.5)
denovo82 D1.1_AM748564 415 (520.0)
denovo82 D1.2_AM748617 435 (533.5)
denovo82 E111_EU074915 352 (476.0)
denovo82 E110_EU074914 357 (473.0)
denovo82 E114_EU074909 357 (455.0)
denovo82 E1_AF334659 358 (463.0)
denovo82 E105_EU074921 357 (473.0)
denovo82 E112_EU074916 357 (455.0)
denovo82 E104_EU074922 353 (461.0)
denovo82 E102_EU074924 357 (455.0)
denovo82 E103_EU074923 357 (464.0)
denovo82 E101_AY160123 361 (436.0)
denovo82 E109_EU074913 348 (473.5)
denovo82 E100_DQ011618 365 (487.5)
denovo82 E108_EU074912 353 (477.0)
denovo82 E113_EU074908 349 (487.5)
denovo82 E107_EU074910 353 (477.5)
denovo82 F1_JN558066 352 (590.0)
denovo82 F5.2d_AJ291530 346 (608.5)
denovo82 F104_AJ291531 346 (608.5)
denovo82 F5.2c_AM748596 346 (600.0)
denovo82 F5.2_AM748594 346 (599.5)
denovo82 F5.2a_AM748614 346 (599.5)
denovo82 F5.2b_AM748595 346 (599.5)
denovo82 F5.2e_AJ291533 347 (585.0)
denovo82 F5.2g_JN558072 346 (608.0)
denovo82 F5.2f_AJ291512 346 (599.0)
denovo82 F102_AJ291534 346 (599.0)
denovo82 F5.1c_AM748593 348 (623.0)
denovo82 F5.1d_JN558069 348 (595.0)
denovo82 F5.1b_AJ291535 347 (612.0)
denovo82 F5.1_AM748592 349 (608.5)
denovo82 F5.1a_AM748591 347 (612.0)
denovo82 F110_AJ291526 326 (675.5)
denovo82 F4.7_AM748587 328 (658.0)
denovo82 F4.5_AM748585 326 (637.5)
denovo82 F4.4a_AM748583 335 (668.0)
denovo82 F4.4_AM748582 340 (670.5)
denovo82 F4.4b_AM748584 333 (687.0)
denovo82 F4.1a_AM748573 334 (634.5)
denovo82 F112_AJ291528 332 (630.5)
denovo82 F4.1_AM748572 332 (630.5)
denovo82 F4.8b_AM748590 342 (669.0)
denovo82 F4.8_AM748588 333 (669.5)
denovo82 F4.8a_AM748589 333 (669.5)
denovo82 F109_AJ291527 339 (674.0)
denovo82 F4.6_AM748586 339 (625.0)
denovo82 F111_AJ311949 332 (663.5)
denovo82 F4.3c_AM748581 333 (666.5)
denovo82 F4.3a_AM748579 332 (673.5)
denovo82 F4.3b_AM748580 333 (675.5)
denovo82 F4.3_AM748578 333 (666.5)
denovo82 F4.2_AM748574 338 (676.5)
denovo82 F4.2a_AM748575 338 (653.0)
denovo82 F4.2c_AM748577 338 (649.5)
denovo82 F4.2b_AM748576 338 (662.0)
denovo82 F2b_AJ291521 355 (614.5)
denovo82 F2_AJ830908 345 (639.5)
denovo82 F2a_AJ830911 346 (630.0)
denovo82 F3.1a_AM748566 347 (612.0)
denovo82 F114_AJ291525 348 (632.5)
denovo82 F3.1_AM748565 348 (632.5)
denovo82 F3.2_AM748567 344 (675.0)
denovo82 F3.2a_AM748568 340 (673.0)
denovo82 F3.3_AM748569 349 (624.0)
denovo82 F3.4a_AM748571 342 (583.5)
denovo82 F3.4_AM748570 335 (597.0)
denovo82 F3.4b_AM748616 335 (597.0)
denovo82 G101_AJ291539 363 (513.0)
denovo82 G1_AM748597 363 (513.0)
denovo82 G2b_JN558087 370 (511.0)
denovo82 G2_AM748598 370 (511.0)
denovo82 G2a_AM748599 367 (510.0)
denovo82 G4_AM748601 367 (553.5)
denovo82 G3.4_LK392378 355 (532.5)
denovo82 G3_AM748600 350 (536.5)
denovo82 G3.2_KC597694 350 (463.0)
denovo82 G3.1_KC597688 356 (545.0)
denovo82 G100_AB253788 359 (518.0)
denovo82 G3.3_LK392377 356 (535.5)
denovo82 H6_AJ291520 628 (311.5)
denovo82 H3_AM748606 352 (479.5)
denovo82 H2_AM748605 347 (492.5)
denovo82 H4_AM748607 341 (486.5)
denovo82 H4a_AM748608 351 (485.0)
denovo82 H5a_AM748611 348 (481.0)
denovo82 H5b_AM748610 347 (475.5)
denovo82 H5_AJ621129 348 (481.0)
denovo82 H5_AM748609 348 (481.0)
denovo82 H100_AJ291513 340 (446.0)
denovo82 H1b_AM748604 340 (441.0)
denovo82 H1a_AM748612 340 (459.0)
denovo82 H1_AJ621152 340 (450.0)
denovo82 H1_AM748602 340 (450.0)
denovo82 I3_FN561561 338 (729.0)
denovo82 I4_FN561562 338 (729.0)
denovo82 I1_FN561559 337 (726.5)
denovo82 I2_FN561560 339 (732.0)

#---------------------------------------
#---------------------------------------
