denovo164 A136_DQ865210 314 (496.0)
denovo164 A133_DQ174725 314 (448.0)
denovo164 A115_AF180123 324 (421.5)
denovo164 A117_AF201746 324 (455.0)
denovo164 A134_DQ174723 333 (456.0)
denovo164 A114_AF184941 324 (455.0)
denovo164 A135_DQ174727 329 (453.0)
denovo164 A2_AF333506 329 (449.5)
denovo164 A101_AF427468 329 (444.0)
denovo164 A2_1_JN558097 329 (444.0)
denovo164 A2_2_JN558100 329 (444.0)
denovo164 A113_AF184948 315 (468.0)
denovo164 A112_AF184949 309 (449.5)
denovo164 A123_EF378618 315 (285.0)
denovo164 A137_EF378621 320 (308.5)
denovo164 A11_EU449041 327 (468.0)
denovo164 A121_DQ174722 319 (461.5)
denovo164 A15b_EU792886 328 (441.5)
denovo164 A15a_EU792885 328 (441.5)
denovo164 A15c_EU792887 328 (432.0)
denovo164 A15_EU792884 328 (432.5)
denovo164 A147_EU074937 311 (479.0)
denovo164 A154_EU074860 311 (461.0)
denovo164 A146_EU074936 317 (461.0)
denovo164 A150_EU074928 313 (466.0)
denovo164 A116_AF183575 313 (456.5)
denovo164 A141_EU074931 313 (465.5)
denovo164 A5_AF333508 312 (470.0)
denovo164 A3b_EU449043 311 (461.0)
denovo164 A151_EU074925 324 (456.5)
denovo164 A152_EU074927 311 (461.0)
denovo164 A149_EU074929 324 (457.0)
denovo164 A140_EU074930 311 (452.0)
denovo164 A142_EU074932 311 (452.0)
denovo164 A143_EU074933 311 (470.0)
denovo164 A144_EU074934 311 (452.0)
denovo164 A145_EU074935 311 (460.5)
denovo164 A148_EU074938 311 (452.0)
denovo164 A155_EU074856 311 (452.0)
denovo164 A156_EU074859 311 (452.0)
denovo164 A139_EU074962 311 (461.0)
denovo164 A6_AF186058 311 (461.0)
denovo164 A3_AF333507 311 (461.0)
denovo164 A3_JN558091 311 (461.0)
denovo164 A8_AY258468 311 (434.0)
denovo164 A7_AY239360 311 (451.5)
denovo164 A16_EU792888 324 (457.0)
denovo164 A4.3_FN429763 323 (450.0)
denovo164 A120_AF180122 320 (452.5)
denovo164 A4.2_FN429761 321 (441.0)
denovo164 A4_AF333509 321 (469.0)
denovo164 A4.1_FN429760 319 (479.5)
denovo164 A4a_AF499778 321 (478.0)
denovo164 A4a.1_FN429762 321 (478.0)
denovo164 A138_EF378620 318 (422.5)
denovo164 A122_EF378619 317 (450.0)
denovo164 A126_EF378615 316 (451.0)
denovo164 A10_EU792882 316 (451.0)
denovo164 A9_EU449028 315 (450.5)
denovo164 A105_AB207202 314 (466.0)
denovo164 A119_AF180121 315 (467.0)
denovo164 A12_EU792883 316 (462.0)
denovo164 A104_AB207203 317 (474.5)
denovo164 A1a_EU449030 315 (467.5)
denovo164 A1.3_HE578976 315 (468.5)
denovo164 A1.4_HE578977 315 (477.5)
denovo164 A13_AF333504 313 (472.0)
denovo164 A13_JN558094 313 (472.0)
denovo164 A110_AB190282 315 (459.5)
denovo164 A103_AB207206 323 (474.5)
denovo164 A130_EF656428 315 (468.5)
denovo164 A127_EF656429 315 (477.5)
denovo164 A128_EF656430 315 (459.5)
denovo164 A129_EF656431 315 (468.5)
denovo164 A131_EF656432 323 (474.5)
denovo164 A118_AF180120 316 (474.0)
denovo164 A1_AF333505 315 (468.5)
denovo164 A107_AB207199 317 (474.5)
denovo164 A111_AB190280 317 (483.5)
denovo164 A108_AB207197 320 (450.5)
denovo164 A106_AB207200 317 (474.0)
denovo164 A102_AB207209 317 (474.5)
denovo164 A1.2_AB207210 317 (474.5)
denovo164 A109_AB190285 317 (474.0)
denovo164 B4_AF333510 318 (942.0)
denovo164 B23_EU449079 304 (1124.0)
denovo164 B30_GU907644 304 (1106.0)
denovo164 B11_AY239361 309 (1095.0)
denovo164 B17_AY258470 307 (1096.0)
denovo164 B1k_GU907638 291 (574.5)
denovo164 B1.V_Green2014 314 (1063.0)
denovo164 B1b_AF499780 305 (1076.0)
denovo164 B16_AY258469 307 (1105.0)
denovo164 B31a_GU907646 307 (1114.0)
denovo164 B32_GU907647 307 (1114.0)
denovo164 B31_GU907645 307 (1123.0)
denovo164 B1j_GU907637 307 (1105.0)
denovo164 B37_GU907650 309 (1103.5)
denovo164 B5a_AF499782 307 (1114.0)
denovo164 B5_AF499781 307 (1123.0)
denovo164 B24_GU907643 306 (987.5)
denovo164 B117_AF180124 304 (1034.0)
denovo164 B10_AF499787 307 (1105.0)
denovo164 B20_GU907642 309 (1088.5)
denovo164 B1m_GU907640 307 (1114.0)
denovo164 B34_GU907649 307 (1114.0)
denovo164 B1d_GU907633 307 (1114.0)
denovo164 B1e_GU907634 307 (1114.0)
denovo164 B1i_GU907636 307 (1114.0)
denovo164 B1g_GU907635 308 (1113.5)
denovo164 B123_EU074872 307 (1105.0)
denovo164 B8_AF499785 308 (1113.0)
denovo164 B1l_GU907639 307 (1123.0)
denovo164 B1a_AF499779 307 (1114.0)
denovo164 B14_AY239362 308 (1104.0)
denovo164 B125_EU074865 307 (1114.0)
denovo164 B122_EU074871 307 (1123.0)
denovo164 B124_EU074874 307 (1114.0)
denovo164 B1.VII_Green2014 306 (1059.5)
denovo164 B1.III_Green2014 307 (1042.0)
denovo164 B1.I_Green2014 307 (1123.0)
denovo164 B1.II_Green2014 307 (1123.0)
denovo164 B1_JN558057 307 (1123.0)
denovo164 B1_AF333511 307 (1123.0)
denovo164 B1.IV_Green2014 317 (1108.5)
denovo164 B121_EU074870 307 (1114.0)
denovo164 B7_AF499784 307 (1114.0)
denovo164 B1.VI_Green2014 308 (1054.0)
denovo164 B3_AF333514 303 (1134.0)
denovo164 B9_AF499786 303 (1143.0)
denovo164 B19a_JN558055 294 (1043.0)
denovo164 B119_EU099825 299 (1092.5)
denovo164 B21_DQ865213 303 (1111.5)
denovo164 B38_GU907651 303 (1111.5)
denovo164 B18_AY258471 303 (1152.0)
denovo164 B18a_AY258472 303 (1152.0)
denovo164 B33_GU907648 303 (1161.0)
denovo164 B6_AF499783 307 (1146.0)
denovo164 B19_DQ865212 303 (1161.0)
denovo164 B19_GU907641 303 (1161.0)
denovo164 B2_AF333512 303 (1152.0)
denovo164 B2_JN558060 303 (1152.0)
denovo164 C33.1_AY258498 313 (601.0)
denovo164 C33.2_AY765400 313 (601.0)
denovo164 C33a_EF541147 313 (601.0)
denovo164 C34_AY258499 313 (583.5)
denovo164 C78_AY765413 308 (577.0)
denovo164 C15.29_KC597690 311 (539.0)
denovo164 C1131_DQ182650 308 (522.5)
denovo164 C1135_DQ182646 306 (508.0)
denovo164 C1134_DQ182647 306 (508.0)
denovo164 C1142_DQ182635 306 (508.0)
denovo164 C1136_DQ182644 307 (490.0)
denovo164 C1111_DQ182645 304 (509.0)
denovo164 C1236_EF473656 304 (509.0)
denovo164 C1138_DQ182642 304 (509.0)
denovo164 C1137_DQ182643 304 (491.0)
denovo164 C1133_DQ182648 305 (493.5)
denovo164 C1132_DQ182649 308 (493.0)
denovo164 C1143_DQ182634 304 (500.0)
denovo164 C1139_DQ182639 306 (517.0)
denovo164 C15.28_KC597687 310 (565.0)
denovo164 C1141_DQ182636 310 (519.0)
denovo164 C1144_DQ182637 310 (519.0)
denovo164 C1122_DQ182654 308 (523.0)
denovo164 C1127_DQ182652 306 (535.0)
denovo164 C15.30_JX394114 312 (570.5)
denovo164 C15.26_KC597686 311 (567.5)
denovo164 C1086_DQ182656 308 (568.0)
denovo164 C15.25_KC597685 308 (577.0)
denovo164 C1118_AF180127 318 (523.5)
denovo164 C1129_DQ182651 308 (513.0)
denovo164 C15.21_KC597683 312 (570.5)
denovo164 C56_AY589760 305 (559.5)
denovo164 C1140_DQ182638 311 (522.0)
denovo164 C1126_DQ182653 311 (521.5)
denovo164 C15c_AY258492 304 (574.5)
denovo164 C15d_AY258493 304 (574.5)
denovo164 C1098_DQ182641 307 (572.0)
denovo164 C15.27_KC597689 308 (577.5)
denovo164 C15.18_HE579024 307 (565.5)
denovo164 C15.16_HE579022 308 (586.0)
denovo164 C1101_AB253787 308 (559.0)
denovo164 C1083_AY237300 308 (568.0)
denovo164 C1088_DQ182640 308 (568.0)
denovo164 C15.6_FN563472 308 (577.0)
denovo164 C15.5_FJ461512 311 (577.5)
denovo164 C15.4_FJ461511 311 (577.5)
denovo164 C15.13_HE579019 308 (559.0)
denovo164 C15.12_HE579018 308 (568.0)
denovo164 C93a_AM748563 308 (586.0)
denovo164 C1094_AJ291514 308 (577.0)
denovo164 C93_AM748562 308 (586.0)
denovo164 C15.17_HE579023 307 (577.5)
denovo164 C15e_AY589742 311 (570.5)
denovo164 C15.22_KC597695 312 (572.5)
denovo164 C60_AY589764 312 (570.0)
denovo164 C15.1_FJ461508 308 (586.0)
denovo164 C15.2_FJ461509 308 (568.0)
denovo164 C15.9_FN563475 308 (577.0)
denovo164 C15.7_HE579015 308 (568.0)
denovo164 C15.8_HE579016 308 (568.0)
denovo164 C15.15_HE579021 308 (586.0)
denovo164 C15.19_HE579025 308 (577.0)
denovo164 C15.24_KC597696 308 (586.0)
denovo164 C15.3_FJ461510 311 (568.5)
denovo164 C1087_DQ182655 308 (577.0)
denovo164 C15.14_HE579020 312 (576.0)
denovo164 C15.23_KC597697 312 (576.0)
denovo164 C19_AY258479 307 (586.5)
denovo164 C1233_EU118166 308 (586.0)
denovo164 C15b_AY258491 308 (568.0)
denovo164 C15a_AY258476 311 (577.5)
denovo164 C1051_AF195153 308 (586.0)
denovo164 C2_AF333518 309 (585.0)
denovo164 C15.20_HE579026 311 (582.5)
denovo164 C15f_AY589743 309 (576.5)
denovo164 C55_AY589759 314 (580.5)
denovo164 C15_AY239369 308 (577.0)
denovo164 C32.1_JF683335 306 (549.5)
denovo164 C32.2_JF683336 305 (555.5)
denovo164 C21.23_KC597693 305 (555.5)
denovo164 C1193_EU099827 315 (576.0)
denovo164 C1195_EU099821 325 (562.0)
denovo164 C3q_GU907655 315 (555.0)
denovo164 C53_AY589758 314 (551.5)
denovo164 C73_AY765408 312 (588.5)
denovo164 C17.2.1_KC597684 312 (558.0)
denovo164 C32_AY258497 307 (552.0)
denovo164 C1189_EU099831 309 (560.5)
denovo164 C1191_EU099833 309 (560.5)
denovo164 C1196_EU099819 313 (556.0)
denovo164 C1192_EU099820 313 (556.0)
denovo164 C17.1_JF683322 309 (569.5)
denovo164 C26_b2_FN827164 307 (577.0)
denovo164 C26_b3_FN827165 306 (575.0)
denovo164 C31.9_HQ630879 311 (565.0)
denovo164 C31a_AY589746 311 (580.0)
denovo164 C30_AY589745 311 (562.0)
denovo164 C31.1_HQ630876 311 (571.0)
denovo164 C31.5_HQ630877 311 (571.0)
denovo164 C31.6_HQ630878 311 (571.0)
denovo164 C31.2_JF683332 311 (571.0)
denovo164 C31.3_JF683333 311 (562.0)
denovo164 C26/C35a_AY239378 306 (584.0)
denovo164 C35a_AY258501 306 (584.0)
denovo164 C35.2_AY258500 306 (575.0)
denovo164 C26_b1_FN827163 306 (575.0)
denovo164 C17_AY239370 309 (569.5)
denovo164 C17.2_FJ461513 311 (568.5)
denovo164 C31.10_HQ630880 311 (574.0)
denovo164 C31.4_JF683334 315 (560.0)
denovo164 C31_AY258496 311 (571.0)
denovo164 C25_AY239377 316 (585.5)
denovo164 C61_AY589765 306 (537.5)
denovo164 C1043_DQ072721 316 (533.0)
denovo164 C79_AY765414 313 (557.0)
denovo164 C69_AY589773 306 (544.5)
denovo164 C69a_AY686648 306 (553.5)
denovo164 C21.22_KC597692 304 (572.0)
denovo164 C51_AY589756 318 (553.5)
denovo164 C1aa_HM185739 310 (574.5)
denovo164 C1096_DQ068023 323 (547.0)
denovo164 C74_AY765409 315 (566.5)
denovo164 C1185_AB294629 321 (568.5)
denovo164 C1184_AB294630 317 (565.0)
denovo164 C1153_AB294625 317 (573.0)
denovo164 C1154_AB294626 317 (573.0)
denovo164 C1187_AB294627 317 (564.0)
denovo164 C1186_AB294628 317 (564.0)
denovo164 C57_AY589761 311 (573.5)
denovo164 C66_AY589771 317 (573.0)
denovo164 C5_AF499795 315 (561.5)
denovo164 C1167_AB294586 312 (562.0)
denovo164 C1164_AB294593 311 (559.5)
denovo164 C1183_AB294631 311 (577.5)
denovo164 C1067_DQ335381 318 (563.0)
denovo164 C1159_AB294613 318 (557.0)
denovo164 C1150_AB294622 318 (566.0)
denovo164 C90_AM748554 313 (577.0)
denovo164 C1168_AB294583 316 (565.0)
denovo164 C1156_AB294616 314 (577.5)
denovo164 C1151_AB294621 314 (578.0)
denovo164 C92a_AM748561 316 (583.0)
denovo164 C92_AM748560 316 (574.0)
denovo164 C1165_AB294581 308 (569.0)
denovo164 C1166_AB294584 311 (586.5)
denovo164 C1162_AB294594 311 (568.5)
denovo164 C1163_AB294596 311 (586.5)
denovo164 C1161_AB294606 311 (577.5)
denovo164 C1160_AB294608 311 (577.5)
denovo164 C1158_AB294614 313 (583.0)
denovo164 C1155_AB294617 311 (568.5)
denovo164 C1149_AB294620 314 (586.5)
denovo164 C1173_AB294662 311 (577.5)
denovo164 C1171_AB294663 311 (568.5)
denovo164 C1172_AB294665 311 (568.5)
denovo164 C91a_AM748556 313 (583.0)
denovo164 C91b_AM748557 313 (582.5)
denovo164 C91d_AM748559 310 (575.0)
denovo164 C91c_AM748558 310 (575.0)
denovo164 C91_AJ621543 311 (577.5)
denovo164 C91_AM748555 311 (577.5)
denovo164 C1023_DQ335330 290 (538.5)
denovo164 C1020_DQ335392 322 (565.0)
denovo164 C1018_DQ335408 318 (571.5)
denovo164 C1074_DQ335329 318 (562.5)
denovo164 C1030_DQ335353 318 (562.5)
denovo164 C1022_DQ335331 318 (562.5)
denovo164 C1027_DQ335360 318 (580.5)
denovo164 C1072_DQ335344 318 (562.5)
denovo164 C1039_AB190274 318 (580.5)
denovo164 C1033_DQ335350 323 (559.5)
denovo164 C1019_DQ335407 318 (571.5)
denovo164 C1194_EU099826 314 (563.0)
denovo164 C8b_AY258475 312 (547.5)
denovo164 C8_AY239367 313 (556.0)
denovo164 C8a_AY239368 315 (552.0)
denovo164 C54a_AY765406 316 (592.0)
denovo164 C3ff_HM185740 316 (574.0)
denovo164 C59_AY589763 317 (551.5)
denovo164 C3k_AY589737 315 (569.0)
denovo164 C3.24_HE579012 315 (569.0)
denovo164 C3.23_HE579011 315 (569.0)
denovo164 C35.1_AY765401 307 (583.5)
denovo164 C35.3_EF541145 307 (583.5)
denovo164 C76_AY765411 313 (581.5)
denovo164 C1107_DQ335359 312 (549.0)
denovo164 C3.22_HE579010 317 (561.0)
denovo164 C77_AY765412 313 (572.0)
denovo164 C20_AY239371 307 (584.0)
denovo164 C1055_DQ480640 314 (555.0)
denovo164 C27/C30_AY239379 310 (586.5)
denovo164 C27.1_FJ461517 310 (577.5)
denovo164 C40a_AY589747 314 (569.0)
denovo164 C40_AY258485 314 (569.0)
denovo164 C40b_AY589748 311 (565.5)
denovo164 C16_AY258477 314 (569.5)
denovo164 C16a_AY765399 315 (571.5)
denovo164 C1091_AB207186 314 (587.0)
denovo164 C1102_DQ335400 314 (560.0)
denovo164 C1069_DQ335375 314 (569.0)
denovo164 C1073_DQ335332 314 (569.0)
denovo164 C1066_DQ335382 313 (565.0)
denovo164 C1031_DQ335352 314 (578.0)
denovo164 C1026_DQ335366 314 (569.0)
denovo164 C70_AY589774 314 (587.0)
denovo164 C1082_AB190267 314 (569.0)
denovo164 C1078_AB190271 310 (583.5)
denovo164 C1090_AB207191 314 (578.0)
denovo164 C1071_DQ335302 314 (578.0)
denovo164 C1075_DQ335328 314 (578.0)
denovo164 C1068_DQ335379 315 (571.0)
denovo164 C1064_DQ335395 314 (569.0)
denovo164 C1063_DQ335403 314 (587.0)
denovo164 C62_AY589766 314 (578.0)
denovo164 C1077_DQ335316 309 (577.5)
denovo164 C1109_DQ335338 314 (578.0)
denovo164 C1110_DQ335340 314 (578.0)
denovo164 C1106_DQ335339 314 (579.0)
denovo164 C1112_DQ335319 318 (591.5)
denovo164 C1108_DQ335351 314 (578.0)
denovo164 C1105_DQ335394 314 (587.0)
denovo164 C1121_DQ335378 314 (578.0)
denovo164 C1116_AB190268 314 (569.0)
denovo164 C1115_AB190273 314 (578.0)
denovo164 C1124_DQ335323 314 (569.0)
denovo164 C1120_DQ335398 314 (569.0)
denovo164 C1119_DQ335404 314 (578.0)
denovo164 C1123_DQ335363 314 (578.0)
denovo164 C1004_DQ480635 313 (565.0)
denovo164 C1061_AY186568 313 (556.0)
denovo164 C1053_AY186569 313 (565.0)
denovo164 C1003_DQ480639 313 (565.0)
denovo164 C81_GU907657 305 (542.0)
denovo164 C22_AY239373 309 (579.5)
denovo164 C22a_AY239374 311 (576.5)
denovo164 C1232_EU118163 314 (569.0)
denovo164 C21.13_FJ461515 309 (560.5)
denovo164 C21.1_JF683323 307 (563.0)
denovo164 C21.3_JF683325 310 (572.0)
denovo164 C1.20_HE578993 316 (556.0)
denovo164 C1.22_HE578995 316 (547.0)
denovo164 C52_AY589757 317 (582.0)
denovo164 C1201_EU099793 314 (529.0)
denovo164 C14_AY589741 312 (592.5)
denovo164 C43_AY589749 313 (592.0)
denovo164 C50_AY589755 314 (578.0)
denovo164 C3.14_HQ630872 314 (560.0)
denovo164 C1m_AY765398 317 (578.5)
denovo164 C82_GU907658 314 (576.0)
denovo164 C82b_GU907660 314 (576.0)
denovo164 C64_AY589768 314 (569.0)
denovo164 C45a_AY765404 313 (574.5)
denovo164 C48_AY589753 314 (598.5)
denovo164 C1_v1b_FJ919244 316 (565.5)
denovo164 C1_v1a_FJ919243 313 (565.0)
denovo164 C3j_AY239366 314 (569.0)
denovo164 C3t_EF541149 316 (565.0)
denovo164 C9_AF499798 313 (583.0)
denovo164 C23_AY239375 313 (573.0)
denovo164 C37_AY258481 316 (563.0)
denovo164 C1048_DQ068026 313 (565.0)
denovo164 C21.4_JF683326 309 (569.5)
denovo164 C21.5_JF683327 309 (569.5)
denovo164 C1070_DQ335349 314 (578.0)
denovo164 C21.6_HQ630873 309 (587.5)
denovo164 C1224_EU074890 312 (570.5)
denovo164 C1.17_HE578990 312 (570.5)
denovo164 C21_b1_FN827162 304 (572.5)
denovo164 C21.9_JF683330 304 (581.5)
denovo164 C1085_AY624605 314 (578.0)
denovo164 C3p_GU907654 313 (570.0)
denovo164 C3f_AY589734 314 (578.0)
denovo164 C65a_AY589770 314 (587.0)
denovo164 C65_AY589769 314 (578.0)
denovo164 C71_AY589775 314 (569.0)
denovo164 C71a_AY589776 318 (564.5)
denovo164 C1178_AB294647 314 (554.0)
denovo164 C1225_EU074893 311 (578.0)
denovo164 C75_AY765410 314 (568.0)
denovo164 C21.10_JF683331 305 (573.5)
denovo164 C21.11_HQ630874 307 (571.5)
denovo164 C1065_DQ335388 314 (578.0)
denovo164 C1045_DQ068036 314 (587.0)
denovo164 C1h_AY258473 313 (565.0)
denovo164 C38_AY258482 315 (562.0)
denovo164 C1202_EU099799 314 (560.0)
denovo164 C7_AF499797 314 (569.0)
denovo164 C12_AF499801 316 (558.5)
denovo164 C38a_AY258483 315 (567.0)
denovo164 C1200_EU099800 305 (566.5)
denovo164 C44a_AY589751 311 (578.0)
denovo164 C47_AY589752 313 (574.0)
denovo164 C44_AY589750 313 (574.0)
denovo164 C1.15_HE578988 313 (583.0)
denovo164 C45.3_FJ461522 313 (583.0)
denovo164 C46a_AY765405 313 (565.0)
denovo164 C46_EU449108 313 (565.0)
denovo164 C3.12_FJ461507 314 (578.0)
denovo164 C1k_AY589733 313 (565.0)
denovo164 C67_AY686647 308 (576.5)
denovo164 C82a_GU907659 313 (583.0)
denovo164 C10a_AY589739 313 (565.0)
denovo164 C10_AF499799 313 (565.0)
denovo164 C13_AY589740 319 (561.5)
denovo164 C4_AF499794 313 (565.0)
denovo164 C1147_EF656433 313 (565.0)
denovo164 C1c/C45_AY239364 313 (574.0)
denovo164 C1c/C45_EU449103 313 (574.0)
denovo164 C21.19_HE579031 309 (578.5)
denovo164 C21.21_HE579033 309 (569.5)
denovo164 C21.20_HE579032 309 (578.5)
denovo164 C42b_AY765403 313 (573.0)
denovo164 C42_AY258487 313 (582.0)
denovo164 C1p_GU907652 313 (583.0)
denovo164 C1d_AY258488 313 (574.0)
denovo164 C42_AY765402 313 (583.0)
denovo164 C3ha_AY589736 306 (587.0)
denovo164 C63a_AY589767 311 (577.5)
denovo164 C21a_AY589744 309 (578.5)
denovo164 C3o_GU907653 309 (578.5)
denovo164 C21.16_HQ630875 309 (578.0)
denovo164 C21.2_JF683324 305 (575.5)
denovo164 C21.7_JF683328 309 (569.5)
denovo164 C21.8_JF683329 309 (578.5)
denovo164 C3h_AY239365 309 (578.5)
denovo164 C1203_EU099798 309 (569.5)
denovo164 C3.10_FJ461505 314 (587.0)
denovo164 C21.14_FJ461516 309 (587.5)
denovo164 C21.18_HE579030 312 (574.5)
denovo164 C3.17_HE579005 314 (569.0)
denovo164 C3.9_FJ461504 314 (565.5)
denovo164 C3.8_FJ461503 314 (577.5)
denovo164 C3.7_FJ461502 314 (569.0)
denovo164 C3.11_FJ461506 314 (578.0)
denovo164 C3.18_HE579006 314 (569.0)
denovo164 C3.19_HE579007 314 (569.0)
denovo164 C3.20_HE579008 314 (569.0)
denovo164 C3g_AY589735 317 (561.0)
denovo164 C3a_AF499790 312 (580.5)
denovo164 C3e_AF499793 314 (569.0)
denovo164 C6_AF499796 314 (569.0)
denovo164 C11_AF499800 314 (569.0)
denovo164 C36_AY258480 314 (569.0)
denovo164 C29_AY258494 314 (578.0)
denovo164 C1146_EF656434 313 (573.5)
denovo164 C1190_EU099841 314 (587.0)
denovo164 C131_JF320826 314 (569.0)
denovo164 C28_AY239380 317 (579.0)
denovo164 C1012_DQ480604 317 (577.0)
denovo164 C1181_AB294640 314 (572.0)
denovo164 C1180_AB294641 314 (572.0)
denovo164 C1179_AB294645 313 (559.0)
denovo164 C1176_AB294651 312 (565.5)
denovo164 C1175_AB294653 314 (563.0)
denovo164 C1174_AB294655 307 (569.0)
denovo164 C1177_AB294659 314 (563.0)
denovo164 C1040_AB190269 314 (578.0)
denovo164 C1182_AB294649 314 (569.0)
denovo164 C1089_AJ278598 314 (569.0)
denovo164 C1028_DQ335357 314 (578.0)
denovo164 C3.16_EU786015 314 (587.0)
denovo164 C1097_AJ311943 312 (567.5)
denovo164 C1170_AB294661 314 (563.0)
denovo164 C21.17_HE579029 309 (581.0)
denovo164 C21/3d/C3k_AY239372 309 (578.5)
denovo164 C58_AY589762 310 (578.0)
denovo164 C3L_AY589738 317 (573.5)
denovo164 C1169_AB294660 314 (563.0)
denovo164 C3.2_FJ461497 313 (578.5)
denovo164 C3.1_JF683321 313 (577.0)
denovo164 C1104_AF427469 315 (568.0)
denovo164 C3b_AF499791 314 (581.0)
denovo164 C83_GU907661 314 (580.5)
denovo164 C49_AY589754 349 (583.0)
denovo164 C3_AB778606 314 (578.0)
denovo164 C3_AF499789 314 (578.0)
denovo164 C3_HE579001 314 (578.0)
denovo164 C21.12_FJ461514 309 (560.5)
denovo164 C1229_EU074888 307 (567.5)
denovo164 C1230_EU074889 307 (576.5)
denovo164 C1114_AB207196 314 (560.0)
denovo164 C3.21_HE579009 315 (521.0)
denovo164 C1057_DQ480619 315 (571.5)
denovo164 C72_AY765407 308 (576.5)
denovo164 C1b.3_HE578999 312 (565.5)
denovo164 C93_AJ621536 314 (569.0)
denovo164 C94_AJ621539 313 (565.0)
denovo164 C1g_AY589730 313 (583.0)
denovo164 C1i_AY589731 310 (584.0)
denovo164 C1j_AY589732 313 (574.0)
denovo164 C1005_DQ480633 314 (567.5)
denovo164 C1.7_FJ461494 313 (574.0)
denovo164 C1.11_HE578984 308 (575.5)
denovo164 C1.12_HE578985 314 (567.5)
denovo164 C1.13_HE578986 315 (571.5)
denovo164 C1.14_HE578987 315 (571.5)
denovo164 C1.18_HE578991 313 (583.0)
denovo164 C1.19_HE578992 313 (574.0)
denovo164 C1199_EU099802 313 (559.0)
denovo164 C1188_EU099838 313 (574.0)
denovo164 C1002_DQ838544 314 (578.0)
denovo164 C1198_EU099810 313 (565.0)
denovo164 C24_AY239376 313 (565.0)
denovo164 C1f_AY258490 313 (574.0)
denovo164 C1006_DQ480629 309 (579.5)
denovo164 C1010_DQ480607 317 (567.5)
denovo164 C1007_DQ480624 313 (583.0)
denovo164 C1011_DQ480605 315 (570.0)
denovo164 C1009_DQ480608 315 (570.0)
denovo164 C1041_AY186548 313 (574.5)
denovo164 C1052_AY186570 313 (565.0)
denovo164 C1148_EU040178 313 (574.0)
denovo164 C1234_EU118165 314 (564.0)
denovo164 C1.5_EF634157 310 (575.0)
denovo164 C1059_DQ480609 313 (565.0)
denovo164 C1228_EU074883 313 (573.5)
denovo164 C1208_EU074963 313 (565.0)
denovo164 C1207_EU074964 313 (574.5)
denovo164 C1206_EU074965 313 (565.0)
denovo164 C1013_DQ480642 315 (571.5)
denovo164 C80_GU907656 321 (571.5)
denovo164 C1a_AF499788 310 (575.0)
denovo164 C41_AY258486 313 (574.0)
denovo164 C39_AY258484 302 (571.5)
denovo164 C1231_EU074878 313 (565.0)
denovo164 C1b.1_HE578997 312 (565.5)
denovo164 C18_AY258478 313 (574.0)
denovo164 C1.10_HE578983 309 (569.0)
denovo164 C1_JN558041 313 (574.0)
denovo164 C1_HE578979 313 (574.0)
denovo164 C1_AM748551 313 (574.0)
denovo164 C1_AF333515 313 (574.0)
denovo164 C1054_AY186565 312 (568.5)
denovo164 C1008_DQ480613 313 (583.0)
denovo164 C1103_AF427470 314 (564.0)
denovo164 C1226_EU074881 317 (575.0)
denovo164 C1b/C1e_AY239363 312 (574.5)
denovo164 C1044_DQ068038 313 (559.0)
denovo164 C1017_DQ174729 313 (564.5)
denovo164 C1.6_FJ461493 313 (583.0)
denovo164 C1b.2_HE578998 312 (565.5)
denovo164 C1060_DQ480600 313 (565.0)
denovo164 C1227_EU074882 313 (565.0)
denovo164 C1197_EU099814 313 (565.0)
denovo164 C1130_DQ480643 313 (476.5)
denovo164 D109_AB097465 330 (442.5)
denovo164 D1.11_HE579040 333 (443.0)
denovo164 D105_AF174570 335 (439.0)
denovo164 D104_AF174572 331 (436.5)
denovo164 D1.3_JF683337 333 (434.0)
denovo164 D1.10_HE579039 333 (434.0)
denovo164 D110_AF174561 333 (434.0)
denovo164 D117_AF174542 333 (434.0)
denovo164 D114_AF174549 333 (443.0)
denovo164 D113_AF174557 333 (434.5)
denovo164 D112_AF174558 333 (443.0)
denovo164 D106_AF174559 333 (443.0)
denovo164 D111_AF174560 333 (434.0)
denovo164 D115_AF174562 333 (443.0)
denovo164 D107_AF174568 333 (444.0)
denovo164 D116_AF174571 333 (425.5)
denovo164 D124_EU074897 339 (443.5)
denovo164 D1.8_HE579037 333 (443.0)
denovo164 D3_AY686650 333 (443.0)
denovo164 D1.6_HQ630881 333 (434.0)
denovo164 D120_EU074900 333 (434.0)
denovo164 D121_EU074904 333 (434.5)
denovo164 D122_EU074905 333 (434.0)
denovo164 D1a.2_JF683339 341 (442.5)
denovo164 D1a.1_JF683338 339 (443.5)
denovo164 D2_AY686649 570 (502.0)
denovo164 D4_DQ865214 334 (442.5)
denovo164 D1a_AF499802 333 (443.0)
denovo164 D1a_JN558078 333 (443.0)
denovo164 D123_EU074895 338 (439.5)
denovo164 D108_AF174567 331 (445.5)
denovo164 D103_AF174575 333 (443.0)
denovo164 D100_AF411415 333 (443.0)
denovo164 D118_EF656435 335 (449.0)
denovo164 D101_AF411416 333 (428.0)
denovo164 D119_EU099832 340 (430.0)
denovo164 D102_AF174573 334 (440.5)
denovo164 D1_AF334660 333 (443.0)
denovo164 D1_JN558076 333 (443.0)
denovo164 D1.12_HE579041 318 (437.0)
denovo164 D1.1_AM748564 406 (471.5)
denovo164 D1.2_AM748617 400 (470.5)
denovo164 E111_EU074915 342 (410.5)
denovo164 E110_EU074914 348 (411.0)
denovo164 E114_EU074909 351 (402.0)
denovo164 E1_AF334659 349 (392.0)
denovo164 E105_EU074921 348 (402.0)
denovo164 E112_EU074916 348 (402.0)
denovo164 E104_EU074922 340 (412.5)
denovo164 E102_EU074924 348 (402.0)
denovo164 E103_EU074923 348 (411.0)
denovo164 E101_AY160123 354 (388.5)
denovo164 E109_EU074913 344 (443.5)
denovo164 E100_DQ011618 346 (438.0)
denovo164 E108_EU074912 350 (441.5)
denovo164 E113_EU074908 346 (451.5)
denovo164 E107_EU074910 350 (441.5)
denovo164 F1_JN558066 319 (591.5)
denovo164 F5.2d_AJ291530 323 (594.0)
denovo164 F104_AJ291531 323 (594.0)
denovo164 F5.2c_AM748596 322 (591.5)
denovo164 F5.2_AM748594 325 (591.0)
denovo164 F5.2a_AM748614 325 (591.0)
denovo164 F5.2b_AM748595 325 (591.0)
denovo164 F5.2e_AJ291533 319 (575.0)
denovo164 F5.2g_JN558072 313 (590.5)
denovo164 F5.2f_AJ291512 313 (590.5)
denovo164 F102_AJ291534 313 (599.5)
denovo164 F5.1c_AM748593 328 (601.5)
denovo164 F5.1d_JN558069 320 (593.5)
denovo164 F5.1b_AJ291535 320 (629.5)
denovo164 F5.1_AM748592 320 (620.5)
denovo164 F5.1a_AM748591 320 (629.5)
denovo164 F110_AJ291526 309 (642.5)
denovo164 F4.7_AM748587 304 (622.0)
denovo164 F4.5_AM748585 311 (621.5)
denovo164 F4.4a_AM748583 306 (645.0)
denovo164 F4.4_AM748582 303 (641.5)
denovo164 F4.4b_AM748584 304 (654.5)
denovo164 F4.1a_AM748573 306 (598.5)
denovo164 F112_AJ291528 305 (596.0)
denovo164 F4.1_AM748572 305 (587.0)
denovo164 F4.8b_AM748590 320 (620.5)
denovo164 F4.8_AM748588 311 (621.0)
denovo164 F4.8a_AM748589 311 (621.0)
denovo164 F109_AJ291527 317 (625.5)
denovo164 F4.6_AM748586 308 (595.5)
denovo164 F111_AJ311949 307 (634.0)
denovo164 F4.3c_AM748581 308 (628.5)
denovo164 F4.3a_AM748579 308 (637.5)
denovo164 F4.3b_AM748580 308 (637.5)
denovo164 F4.3_AM748578 308 (628.5)
denovo164 F4.2_AM748574 309 (634.5)
denovo164 F4.2a_AM748575 307 (623.0)
denovo164 F4.2c_AM748577 308 (623.0)
denovo164 F4.2b_AM748576 307 (632.0)
denovo164 F2b_AJ291521 319 (615.5)
denovo164 F2_AJ830908 316 (609.5)
denovo164 F2a_AJ830911 316 (608.5)
denovo164 F3.1a_AM748566 323 (577.0)
denovo164 F114_AJ291525 323 (595.0)
denovo164 F3.1_AM748565 323 (586.0)
denovo164 F3.2_AM748567 334 (606.5)
denovo164 F3.2a_AM748568 331 (608.5)
denovo164 F3.3_AM748569 319 (605.5)
denovo164 F3.4a_AM748571 328 (569.5)
denovo164 F3.4_AM748570 328 (569.5)
denovo164 F3.4b_AM748616 332 (572.5)
denovo164 G101_AJ291539 334 (444.0)
denovo164 G1_AM748597 334 (444.0)
denovo164 G2b_JN558087 342 (452.0)
denovo164 G2_AM748598 342 (443.0)
denovo164 G2a_AM748599 346 (437.5)
denovo164 G4_AM748601 349 (488.0)
denovo164 G3.4_LK392378 339 (457.0)
denovo164 G3_AM748600 342 (448.5)
denovo164 G3.2_KC597694 333 (417.5)
denovo164 G3.1_KC597688 345 (457.5)
denovo164 G100_AB253788 332 (455.0)
denovo164 G3.3_LK392377 335 (454.5)
denovo164 H6_AJ291520 633 (292.0)
denovo164 H3_AM748606 319 (471.5)
denovo164 H2_AM748605 317 (519.5)
denovo164 H4_AM748607 324 (499.5)
denovo164 H4a_AM748608 327 (505.0)
denovo164 H5a_AM748611 314 (505.5)
denovo164 H5b_AM748610 316 (501.0)
denovo164 H5_AJ621129 319 (502.5)
denovo164 H5_AM748609 319 (502.5)
denovo164 H100_AJ291513 321 (506.5)
denovo164 H1b_AM748604 321 (501.5)
denovo164 H1a_AM748612 321 (519.5)
denovo164 H1_AJ621152 321 (510.5)
denovo164 H1_AM748602 321 (510.5)
denovo164 I3_FN561561 324 (633.5)
denovo164 I4_FN561562 324 (633.5)
denovo164 I1_FN561559 321 (623.0)
denovo164 I2_FN561560 323 (639.5)

#---------------------------------------
#---------------------------------------
