denovo240 A136_DQ865210 328 (548.5)
denovo240 A133_DQ174725 340 (493.0)
denovo240 A115_AF180123 349 (498.0)
denovo240 A117_AF201746 336 (520.0)
denovo240 A134_DQ174723 344 (518.0)
denovo240 A114_AF184941 336 (520.0)
denovo240 A135_DQ174727 334 (522.5)
denovo240 A2_AF333506 340 (518.5)
denovo240 A101_AF427468 335 (515.5)
denovo240 A2_1_JN558097 335 (515.5)
denovo240 A2_2_JN558100 335 (515.5)
denovo240 A113_AF184948 338 (517.0)
denovo240 A112_AF184949 335 (498.5)
denovo240 A123_EF378618 346 (343.0)
denovo240 A137_EF378621 340 (333.5)
denovo240 A11_EU449041 342 (513.0)
denovo240 A121_DQ174722 340 (510.5)
denovo240 A15b_EU792886 339 (473.5)
denovo240 A15a_EU792885 340 (487.0)
denovo240 A15c_EU792887 342 (482.5)
denovo240 A15_EU792884 339 (482.5)
denovo240 A147_EU074937 340 (505.0)
denovo240 A154_EU074860 340 (487.0)
denovo240 A146_EU074936 342 (501.5)
denovo240 A150_EU074928 342 (510.0)
denovo240 A116_AF183575 337 (503.5)
denovo240 A141_EU074931 342 (510.5)
denovo240 A5_AF333508 343 (509.5)
denovo240 A3b_EU449043 340 (505.0)
denovo240 A151_EU074925 349 (503.0)
denovo240 A152_EU074927 339 (501.5)
denovo240 A149_EU074929 347 (507.5)
denovo240 A140_EU074930 340 (496.0)
denovo240 A142_EU074932 340 (496.0)
denovo240 A143_EU074933 348 (510.5)
denovo240 A144_EU074934 340 (505.0)
denovo240 A145_EU074935 340 (504.5)
denovo240 A148_EU074938 336 (500.5)
denovo240 A155_EU074856 340 (496.0)
denovo240 A156_EU074859 340 (496.0)
denovo240 A139_EU074962 340 (496.0)
denovo240 A6_AF186058 340 (505.0)
denovo240 A3_AF333507 340 (505.0)
denovo240 A3_JN558091 340 (505.0)
denovo240 A8_AY258468 340 (478.0)
denovo240 A7_AY239360 334 (495.5)
denovo240 A16_EU792888 334 (496.5)
denovo240 A4.3_FN429763 343 (493.0)
denovo240 A120_AF180122 326 (485.5)
denovo240 A4.2_FN429761 341 (493.0)
denovo240 A4_AF333509 341 (512.0)
denovo240 A4.1_FN429760 340 (507.0)
denovo240 A4a_AF499778 341 (512.5)
denovo240 A4a.1_FN429762 341 (512.5)
denovo240 A138_EF378620 343 (461.5)
denovo240 A122_EF378619 339 (497.5)
denovo240 A126_EF378615 338 (498.5)
denovo240 A10_EU792882 338 (498.5)
denovo240 A9_EU449028 342 (503.0)
denovo240 A105_AB207202 344 (511.5)
denovo240 A119_AF180121 332 (501.0)
denovo240 A12_EU792883 338 (503.0)
denovo240 A104_AB207203 345 (505.0)
denovo240 A1a_EU449030 342 (521.0)
denovo240 A1.3_HE578976 337 (517.0)
denovo240 A1.4_HE578977 337 (517.0)
denovo240 A13_AF333504 337 (516.5)
denovo240 A13_JN558094 337 (516.5)
denovo240 A110_AB190282 337 (505.5)
denovo240 A103_AB207206 334 (515.5)
denovo240 A130_EF656428 342 (503.0)
denovo240 A127_EF656429 342 (521.0)
denovo240 A128_EF656430 342 (503.0)
denovo240 A129_EF656431 343 (514.5)
denovo240 A131_EF656432 337 (517.0)
denovo240 A118_AF180120 341 (512.0)
denovo240 A1_AF333505 342 (512.0)
denovo240 A107_AB207199 333 (523.0)
denovo240 A111_AB190280 333 (523.0)
denovo240 A108_AB207197 340 (493.0)
denovo240 A106_AB207200 333 (513.5)
denovo240 A102_AB207209 333 (514.0)
denovo240 A1.2_AB207210 333 (514.0)
denovo240 A109_AB190285 333 (513.5)
denovo240 B4_AF333510 317 (1088.0)
denovo240 B23_EU449079 303 (1252.0)
denovo240 B30_GU907644 303 (1234.0)
denovo240 B11_AY239361 308 (1240.5)
denovo240 B17_AY258470 306 (1232.5)
denovo240 B1k_GU907638 304 (678.5)
denovo240 B1.V_Green2014 313 (1190.0)
denovo240 B1b_AF499780 304 (1194.5)
denovo240 B16_AY258469 306 (1241.5)
denovo240 B31a_GU907646 306 (1250.5)
denovo240 B32_GU907647 306 (1250.5)
denovo240 B31_GU907645 306 (1259.5)
denovo240 B1j_GU907637 306 (1268.5)
denovo240 B37_GU907650 308 (1258.0)
denovo240 B5a_AF499782 306 (1259.5)
denovo240 B5_AF499781 306 (1268.5)
denovo240 B24_GU907643 306 (1117.5)
denovo240 B117_AF180124 306 (1142.0)
denovo240 B10_AF499787 306 (1241.5)
denovo240 B20_GU907642 308 (1225.0)
denovo240 B1m_GU907640 306 (1250.5)
denovo240 B34_GU907649 306 (1259.5)
denovo240 B1d_GU907633 306 (1250.5)
denovo240 B1e_GU907634 306 (1250.5)
denovo240 B1i_GU907636 306 (1250.5)
denovo240 B1g_GU907635 307 (1231.5)
denovo240 B123_EU074872 306 (1241.5)
denovo240 B8_AF499785 307 (1240.5)
denovo240 B1l_GU907639 306 (1250.5)
denovo240 B1a_AF499779 306 (1250.5)
denovo240 B14_AY239362 307 (1240.5)
denovo240 B125_EU074865 306 (1250.5)
denovo240 B122_EU074871 306 (1259.5)
denovo240 B124_EU074874 306 (1250.5)
denovo240 B1.VII_Green2014 306 (1180.5)
denovo240 B1.III_Green2014 306 (1178.5)
denovo240 B1.I_Green2014 306 (1259.5)
denovo240 B1.II_Green2014 306 (1259.5)
denovo240 B1_JN558057 306 (1259.5)
denovo240 B1_AF333511 306 (1259.5)
denovo240 B1.IV_Green2014 316 (1245.0)
denovo240 B121_EU074870 306 (1250.5)
denovo240 B7_AF499784 306 (1250.5)
denovo240 B1.VI_Green2014 307 (1190.5)
denovo240 B3_AF333514 302 (1289.0)
denovo240 B9_AF499786 302 (1316.0)
denovo240 B19a_JN558055 302 (1171.0)
denovo240 B119_EU099825 311 (1178.0)
denovo240 B21_DQ865213 302 (1275.5)
denovo240 B38_GU907651 302 (1275.5)
denovo240 B18_AY258471 302 (1307.0)
denovo240 B18a_AY258472 302 (1298.0)
denovo240 B33_GU907648 302 (1307.0)
denovo240 B6_AF499783 307 (1303.5)
denovo240 B19_DQ865212 302 (1325.0)
denovo240 B19_GU907641 302 (1325.0)
denovo240 B2_AF333512 302 (1316.0)
denovo240 B2_JN558060 302 (1316.0)
denovo240 C33.1_AY258498 326 (688.5)
denovo240 C33.2_AY765400 326 (688.5)
denovo240 C33a_EF541147 326 (688.5)
denovo240 C34_AY258499 319 (686.5)
denovo240 C78_AY765413 321 (681.5)
denovo240 C15.29_KC597690 323 (687.5)
denovo240 C1131_DQ182650 324 (681.0)
denovo240 C1135_DQ182646 319 (676.0)
denovo240 C1134_DQ182647 319 (667.0)
denovo240 C1142_DQ182635 319 (676.0)
denovo240 C1136_DQ182644 317 (659.0)
denovo240 C1111_DQ182645 317 (668.0)
denovo240 C1236_EF473656 317 (659.0)
denovo240 C1138_DQ182642 317 (677.0)
denovo240 C1137_DQ182643 317 (659.0)
denovo240 C1133_DQ182648 317 (659.0)
denovo240 C1132_DQ182649 321 (661.5)
denovo240 C1143_DQ182634 317 (668.0)
denovo240 C1139_DQ182639 319 (676.0)
denovo240 C15.28_KC597687 323 (724.5)
denovo240 C1141_DQ182636 323 (687.0)
denovo240 C1144_DQ182637 323 (687.5)
denovo240 C1122_DQ182654 319 (703.0)
denovo240 C1127_DQ182652 319 (703.0)
denovo240 C15.30_JX394114 322 (721.0)
denovo240 C15.26_KC597686 324 (718.0)
denovo240 C1086_DQ182656 321 (718.0)
denovo240 C15.25_KC597685 321 (727.0)
denovo240 C1118_AF180127 326 (666.0)
denovo240 C1129_DQ182651 321 (672.5)
denovo240 C15.21_KC597683 323 (706.0)
denovo240 C56_AY589760 318 (709.5)
denovo240 C1140_DQ182638 325 (684.0)
denovo240 C1126_DQ182653 325 (675.0)
denovo240 C15c_AY258492 320 (716.0)
denovo240 C15d_AY258493 319 (722.5)
denovo240 C1098_DQ182641 318 (707.0)
denovo240 C15.27_KC597689 321 (727.5)
denovo240 C15.18_HE579024 320 (715.5)
denovo240 C15.16_HE579022 326 (724.0)
denovo240 C1101_AB253787 321 (709.5)
denovo240 C1083_AY237300 321 (718.5)
denovo240 C1088_DQ182640 321 (718.5)
denovo240 C15.6_FN563472 321 (718.5)
denovo240 C15.5_FJ461512 321 (710.0)
denovo240 C15.4_FJ461511 321 (719.0)
denovo240 C15.13_HE579019 321 (709.5)
denovo240 C15.12_HE579018 321 (718.5)
denovo240 C93a_AM748563 320 (743.0)
denovo240 C1094_AJ291514 320 (725.0)
denovo240 C93_AM748562 320 (734.0)
denovo240 C15.17_HE579023 322 (715.5)
denovo240 C15e_AY589742 321 (721.5)
denovo240 C15.22_KC597695 321 (718.5)
denovo240 C60_AY589764 325 (720.5)
denovo240 C15.1_FJ461508 321 (727.5)
denovo240 C15.2_FJ461509 321 (727.5)
denovo240 C15.9_FN563475 321 (727.0)
denovo240 C15.7_HE579015 321 (718.5)
denovo240 C15.8_HE579016 321 (718.5)
denovo240 C15.15_HE579021 321 (718.5)
denovo240 C15.19_HE579025 321 (727.0)
denovo240 C15.24_KC597696 321 (709.5)
denovo240 C15.3_FJ461510 321 (728.0)
denovo240 C1087_DQ182655 321 (727.5)
denovo240 C15.14_HE579020 322 (717.5)
denovo240 C15.23_KC597697 322 (717.5)
denovo240 C19_AY258479 322 (733.5)
denovo240 C1233_EU118166 321 (718.5)
denovo240 C15b_AY258491 321 (718.5)
denovo240 C15a_AY258476 321 (728.0)
denovo240 C1051_AF195153 321 (736.5)
denovo240 C2_AF333518 322 (735.5)
denovo240 C15.20_HE579026 322 (726.5)
denovo240 C15f_AY589743 321 (724.0)
denovo240 C55_AY589759 325 (725.0)
denovo240 C15_AY239369 321 (727.5)
denovo240 C32.1_JF683335 323 (667.0)
denovo240 C32.2_JF683336 325 (672.0)
denovo240 C21.23_KC597693 325 (672.0)
denovo240 C1193_EU099827 334 (707.0)
denovo240 C1195_EU099821 334 (675.0)
denovo240 C3q_GU907655 330 (683.5)
denovo240 C53_AY589758 330 (690.5)
denovo240 C73_AY765408 330 (698.5)
denovo240 C17.2.1_KC597684 326 (656.5)
denovo240 C32_AY258497 324 (669.5)
denovo240 C1189_EU099831 323 (686.0)
denovo240 C1191_EU099833 322 (692.5)
denovo240 C1196_EU099819 323 (668.0)
denovo240 C1192_EU099820 323 (668.0)
denovo240 C17.1_JF683322 323 (686.0)
denovo240 C26_b2_FN827164 324 (695.0)
denovo240 C26_b3_FN827165 320 (683.5)
denovo240 C31.9_HQ630879 325 (681.5)
denovo240 C31a_AY589746 325 (687.0)
denovo240 C30_AY589745 325 (687.0)
denovo240 C31.1_HQ630876 329 (688.5)
denovo240 C31.5_HQ630877 324 (692.5)
denovo240 C31.6_HQ630878 325 (696.0)
denovo240 C31.2_JF683332 325 (696.0)
denovo240 C31.3_JF683333 325 (687.0)
denovo240 C26/C35a_AY239378 320 (683.5)
denovo240 C35a_AY258501 320 (683.5)
denovo240 C35.2_AY258500 320 (692.5)
denovo240 C26_b1_FN827163 320 (692.5)
denovo240 C17_AY239370 323 (686.0)
denovo240 C17.2_FJ461513 325 (685.0)
denovo240 C31.10_HQ630880 325 (690.5)
denovo240 C31.4_JF683334 329 (684.5)
denovo240 C31_AY258496 325 (696.0)
denovo240 C25_AY239377 322 (715.5)
denovo240 C61_AY589765 324 (657.0)
denovo240 C1043_DQ072721 323 (674.5)
denovo240 C79_AY765414 320 (698.5)
denovo240 C69_AY589773 313 (676.0)
denovo240 C69a_AY686648 313 (667.0)
denovo240 C21.22_KC597692 322 (664.5)
denovo240 C51_AY589756 322 (695.0)
denovo240 C1aa_HM185739 334 (701.5)
denovo240 C1096_DQ068023 327 (687.5)
denovo240 C74_AY765409 326 (719.0)
denovo240 C1185_AB294629 328 (716.0)
denovo240 C1184_AB294630 328 (716.0)
denovo240 C1153_AB294625 328 (725.0)
denovo240 C1154_AB294626 327 (731.5)
denovo240 C1187_AB294627 328 (716.0)
denovo240 C1186_AB294628 328 (716.0)
denovo240 C57_AY589761 328 (725.0)
denovo240 C66_AY589771 328 (725.0)
denovo240 C5_AF499795 323 (715.0)
denovo240 C1167_AB294586 323 (715.0)
denovo240 C1164_AB294593 323 (715.0)
denovo240 C1183_AB294631 323 (733.0)
denovo240 C1067_DQ335381 323 (706.5)
denovo240 C1159_AB294613 325 (708.0)
denovo240 C1150_AB294622 325 (717.0)
denovo240 C90_AM748554 325 (731.5)
denovo240 C1168_AB294583 323 (715.5)
denovo240 C1156_AB294616 321 (728.0)
denovo240 C1151_AB294621 323 (733.5)
denovo240 C92a_AM748561 323 (733.5)
denovo240 C92_AM748560 323 (724.5)
denovo240 C1165_AB294581 323 (724.0)
denovo240 C1166_AB294584 323 (724.0)
denovo240 C1162_AB294594 323 (724.0)
denovo240 C1163_AB294596 321 (736.5)
denovo240 C1161_AB294606 323 (733.0)
denovo240 C1160_AB294608 327 (725.5)
denovo240 C1158_AB294614 323 (741.5)
denovo240 C1155_AB294617 323 (724.0)
denovo240 C1149_AB294620 323 (733.0)
denovo240 C1173_AB294662 323 (742.0)
denovo240 C1171_AB294663 323 (724.0)
denovo240 C1172_AB294665 323 (724.0)
denovo240 C91a_AM748556 323 (733.0)
denovo240 C91b_AM748557 321 (735.5)
denovo240 C91d_AM748559 322 (730.0)
denovo240 C91c_AM748558 322 (730.0)
denovo240 C91_AJ621543 323 (733.0)
denovo240 C91_AM748555 323 (733.0)
denovo240 C1023_DQ335330 312 (670.5)
denovo240 C1020_DQ335392 327 (709.0)
denovo240 C1018_DQ335408 323 (715.5)
denovo240 C1074_DQ335329 323 (706.5)
denovo240 C1030_DQ335353 323 (706.5)
denovo240 C1022_DQ335331 323 (706.5)
denovo240 C1027_DQ335360 323 (724.5)
denovo240 C1072_DQ335344 323 (706.5)
denovo240 C1039_AB190274 323 (714.5)
denovo240 C1033_DQ335350 328 (703.5)
denovo240 C1019_DQ335407 323 (715.5)
denovo240 C1194_EU099826 324 (693.5)
denovo240 C8b_AY258475 324 (693.5)
denovo240 C8_AY239367 325 (702.0)
denovo240 C8a_AY239368 327 (698.0)
denovo240 C54a_AY765406 323 (724.5)
denovo240 C3ff_HM185740 323 (706.5)
denovo240 C59_AY589763 328 (694.5)
denovo240 C3k_AY589737 321 (718.0)
denovo240 C3.24_HE579012 320 (724.5)
denovo240 C3.23_HE579011 321 (718.0)
denovo240 C35.1_AY765401 325 (730.5)
denovo240 C35.3_EF541145 318 (728.5)
denovo240 C76_AY765411 321 (689.0)
denovo240 C1107_DQ335359 325 (689.0)
denovo240 C3.22_HE579010 325 (687.0)
denovo240 C77_AY765412 321 (706.5)
denovo240 C20_AY239371 323 (716.0)
denovo240 C1055_DQ480640 321 (706.0)
denovo240 C27/C30_AY239379 320 (683.0)
denovo240 C27.1_FJ461517 320 (674.0)
denovo240 C40a_AY589747 325 (711.0)
denovo240 C40_AY258485 325 (711.0)
denovo240 C40b_AY589748 329 (703.0)
denovo240 C16_AY258477 326 (715.0)
denovo240 C16a_AY765399 327 (717.0)
denovo240 C1091_AB207186 321 (718.0)
denovo240 C1102_DQ335400 321 (701.0)
denovo240 C1069_DQ335375 323 (716.0)
denovo240 C1073_DQ335332 321 (710.0)
denovo240 C1066_DQ335382 320 (706.5)
denovo240 C1031_DQ335352 326 (724.5)
denovo240 C1026_DQ335366 328 (721.0)
denovo240 C70_AY589774 321 (728.0)
denovo240 C1082_AB190267 321 (710.0)
denovo240 C1078_AB190271 321 (728.0)
denovo240 C1090_AB207191 321 (719.0)
denovo240 C1071_DQ335302 321 (719.0)
denovo240 C1075_DQ335328 321 (719.0)
denovo240 C1068_DQ335379 321 (719.0)
denovo240 C1064_DQ335395 321 (710.0)
denovo240 C1063_DQ335403 320 (726.0)
denovo240 C62_AY589766 321 (719.0)
denovo240 C1077_DQ335316 320 (722.0)
denovo240 C1109_DQ335338 321 (710.0)
denovo240 C1110_DQ335340 321 (701.0)
denovo240 C1106_DQ335339 321 (700.0)
denovo240 C1112_DQ335319 321 (709.0)
denovo240 C1108_DQ335351 321 (700.0)
denovo240 C1105_DQ335394 321 (709.0)
denovo240 C1121_DQ335378 328 (702.0)
denovo240 C1116_AB190268 328 (712.0)
denovo240 C1115_AB190273 328 (711.0)
denovo240 C1124_DQ335323 321 (691.0)
denovo240 C1120_DQ335398 321 (691.0)
denovo240 C1119_DQ335404 321 (700.0)
denovo240 C1123_DQ335363 321 (700.0)
denovo240 C1004_DQ480635 323 (715.0)
denovo240 C1061_AY186568 323 (706.0)
denovo240 C1053_AY186569 323 (715.0)
denovo240 C1003_DQ480639 323 (715.0)
denovo240 C81_GU907657 333 (691.0)
denovo240 C22_AY239373 318 (726.0)
denovo240 C22a_AY239374 320 (722.5)
denovo240 C1232_EU118163 326 (714.0)
denovo240 C21.13_FJ461515 323 (686.0)
denovo240 C21.1_JF683323 321 (680.0)
denovo240 C21.3_JF683325 323 (694.5)
denovo240 C1.20_HE578993 323 (697.5)
denovo240 C1.22_HE578995 323 (688.5)
denovo240 C52_AY589757 320 (718.5)
denovo240 C1201_EU099793 324 (668.0)
denovo240 C14_AY589741 325 (715.5)
denovo240 C43_AY589749 325 (721.0)
denovo240 C50_AY589755 323 (724.5)
denovo240 C3.14_HQ630872 323 (706.5)
denovo240 C1m_AY765398 320 (715.5)
denovo240 C82_GU907658 330 (718.0)
denovo240 C82b_GU907660 330 (718.0)
denovo240 C64_AY589768 340 (713.0)
denovo240 C45a_AY765404 325 (720.0)
denovo240 C48_AY589753 323 (735.0)
denovo240 C1_v1b_FJ919244 322 (712.0)
denovo240 C1_v1a_FJ919243 322 (712.0)
denovo240 C3j_AY239366 323 (706.5)
denovo240 C3t_EF541149 323 (715.5)
denovo240 C9_AF499798 323 (723.5)
denovo240 C23_AY239375 323 (715.0)
denovo240 C37_AY258481 327 (708.5)
denovo240 C1048_DQ068026 325 (711.0)
denovo240 C21.4_JF683326 323 (686.0)
denovo240 C21.5_JF683327 323 (686.0)
denovo240 C1070_DQ335349 323 (706.5)
denovo240 C21.6_HQ630873 323 (686.0)
denovo240 C1224_EU074890 322 (730.0)
denovo240 C1.17_HE578990 322 (730.0)
denovo240 C21_b1_FN827162 320 (687.0)
denovo240 C21.9_JF683330 320 (696.0)
denovo240 C1085_AY624605 320 (717.0)
denovo240 C3p_GU907654 323 (700.5)
denovo240 C3f_AY589734 323 (724.5)
denovo240 C65a_AY589770 322 (721.0)
denovo240 C65_AY589769 322 (730.0)
denovo240 C71_AY589775 322 (721.0)
denovo240 C71a_AY589776 322 (712.0)
denovo240 C1178_AB294647 322 (707.0)
denovo240 C1225_EU074893 320 (725.0)
denovo240 C75_AY765410 326 (715.0)
denovo240 C21.10_JF683331 324 (688.5)
denovo240 C21.11_HQ630874 324 (688.5)
denovo240 C1065_DQ335388 323 (724.5)
denovo240 C1045_DQ068036 323 (733.5)
denovo240 C1h_AY258473 340 (713.0)
denovo240 C38_AY258482 341 (725.5)
denovo240 C1202_EU099799 341 (707.5)
denovo240 C7_AF499797 341 (716.5)
denovo240 C12_AF499801 343 (706.0)
denovo240 C38a_AY258483 342 (715.0)
denovo240 C1200_EU099800 332 (714.5)
denovo240 C44a_AY589751 323 (724.0)
denovo240 C47_AY589752 325 (729.0)
denovo240 C44_AY589750 325 (720.0)
denovo240 C1.15_HE578988 322 (721.0)
denovo240 C45.3_FJ461522 325 (720.0)
denovo240 C46a_AY765405 325 (711.0)
denovo240 C46_EU449108 325 (720.0)
denovo240 C3.12_FJ461507 326 (723.5)
denovo240 C1k_AY589733 325 (711.0)
denovo240 C67_AY686647 325 (720.0)
denovo240 C82a_GU907659 322 (721.5)
denovo240 C10a_AY589739 325 (720.0)
denovo240 C10_AF499799 325 (711.0)
denovo240 C13_AY589740 327 (714.0)
denovo240 C4_AF499794 325 (711.0)
denovo240 C1147_EF656433 325 (711.0)
denovo240 C1c/C45_AY239364 325 (720.0)
denovo240 C1c/C45_EU449103 325 (720.0)
denovo240 C21.19_HE579031 323 (695.0)
denovo240 C21.21_HE579033 323 (686.0)
denovo240 C21.20_HE579032 323 (695.0)
denovo240 C42b_AY765403 325 (702.5)
denovo240 C42_AY258487 325 (711.5)
denovo240 C1p_GU907652 322 (712.0)
denovo240 C1d_AY258488 325 (702.0)
denovo240 C42_AY765402 325 (711.0)
denovo240 C3ha_AY589736 323 (686.0)
denovo240 C63a_AY589767 325 (703.0)
denovo240 C21a_AY589744 323 (686.0)
denovo240 C3o_GU907653 323 (694.5)
denovo240 C21.16_HQ630875 323 (694.5)
denovo240 C21.2_JF683324 323 (686.0)
denovo240 C21.7_JF683328 322 (692.5)
denovo240 C21.8_JF683329 323 (695.0)
denovo240 C3h_AY239365 323 (686.0)
denovo240 C1203_EU099798 323 (686.0)
denovo240 C3.10_FJ461505 323 (733.5)
denovo240 C21.14_FJ461516 323 (704.0)
denovo240 C21.18_HE579030 327 (686.5)
denovo240 C3.17_HE579005 323 (715.5)
denovo240 C3.9_FJ461504 323 (712.5)
denovo240 C3.8_FJ461503 323 (724.5)
denovo240 C3.7_FJ461502 323 (715.5)
denovo240 C3.11_FJ461506 330 (727.0)
denovo240 C3.18_HE579006 323 (724.5)
denovo240 C3.19_HE579007 323 (715.5)
denovo240 C3.20_HE579008 323 (715.5)
denovo240 C3g_AY589735 326 (707.5)
denovo240 C3a_AF499790 321 (727.5)
denovo240 C3e_AF499793 323 (715.5)
denovo240 C6_AF499796 330 (717.5)
denovo240 C11_AF499800 323 (715.5)
denovo240 C36_AY258480 323 (715.5)
denovo240 C29_AY258494 323 (733.5)
denovo240 C1146_EF656434 323 (715.5)
denovo240 C1190_EU099841 323 (715.5)
denovo240 C131_JF320826 323 (715.5)
denovo240 C28_AY239380 328 (723.5)
denovo240 C1012_DQ480604 323 (715.5)
denovo240 C1181_AB294640 323 (700.5)
denovo240 C1180_AB294641 323 (700.5)
denovo240 C1179_AB294645 324 (702.5)
denovo240 C1176_AB294651 321 (712.5)
denovo240 C1175_AB294653 323 (700.5)
denovo240 C1174_AB294655 325 (706.0)
denovo240 C1177_AB294659 323 (709.0)
denovo240 C1040_AB190269 325 (721.0)
denovo240 C1182_AB294649 323 (715.5)
denovo240 C1089_AJ278598 323 (715.5)
denovo240 C1028_DQ335357 330 (726.5)
denovo240 C3.16_EU786015 323 (715.5)
denovo240 C1097_AJ311943 324 (714.0)
denovo240 C1170_AB294661 323 (709.5)
denovo240 C21.17_HE579029 323 (697.0)
denovo240 C21/3d/C3k_AY239372 323 (695.0)
denovo240 C58_AY589762 321 (695.0)
denovo240 C3L_AY589738 326 (720.0)
denovo240 C1169_AB294660 323 (709.5)
denovo240 C3.2_FJ461497 323 (718.5)
denovo240 C3.1_JF683321 322 (724.0)
denovo240 C1104_AF427469 324 (714.5)
denovo240 C3b_AF499791 323 (727.5)
denovo240 C83_GU907661 323 (727.0)
denovo240 C49_AY589754 356 (734.0)
denovo240 C3_AB778606 323 (724.5)
denovo240 C3_AF499789 323 (724.5)
denovo240 C3_HE579001 323 (724.5)
denovo240 C21.12_FJ461514 323 (686.0)
denovo240 C1229_EU074888 319 (716.5)
denovo240 C1230_EU074889 319 (725.5)
denovo240 C1114_AB207196 323 (706.5)
denovo240 C3.21_HE579009 323 (619.5)
denovo240 C1057_DQ480619 323 (715.5)
denovo240 C72_AY765407 319 (711.5)
denovo240 C1b.3_HE578999 322 (706.0)
denovo240 C93_AJ621536 323 (715.5)
denovo240 C94_AJ621539 322 (712.0)
denovo240 C1g_AY589730 322 (712.0)
denovo240 C1i_AY589731 319 (722.5)
denovo240 C1j_AY589732 329 (723.0)
denovo240 C1005_DQ480633 322 (712.0)
denovo240 C1.7_FJ461494 322 (712.0)
denovo240 C1.11_HE578984 326 (715.5)
denovo240 C1.12_HE578985 322 (712.0)
denovo240 C1.13_HE578986 323 (715.5)
denovo240 C1.14_HE578987 322 (721.0)
denovo240 C1.18_HE578991 322 (712.0)
denovo240 C1.19_HE578992 322 (712.0)
denovo240 C1199_EU099802 322 (706.0)
denovo240 C1188_EU099838 322 (721.0)
denovo240 C1002_DQ838544 323 (724.5)
denovo240 C1198_EU099810 322 (712.0)
denovo240 C24_AY239376 322 (712.0)
denovo240 C1f_AY258490 322 (721.0)
denovo240 C1006_DQ480629 322 (730.0)
denovo240 C1010_DQ480607 322 (712.0)
denovo240 C1007_DQ480624 322 (712.0)
denovo240 C1011_DQ480605 322 (712.0)
denovo240 C1009_DQ480608 326 (714.0)
denovo240 C1041_AY186548 322 (721.0)
denovo240 C1052_AY186570 322 (721.0)
denovo240 C1148_EU040178 322 (721.0)
denovo240 C1234_EU118165 323 (711.0)
denovo240 C1.5_EF634157 322 (721.0)
denovo240 C1059_DQ480609 322 (712.0)
denovo240 C1228_EU074883 322 (712.0)
denovo240 C1208_EU074963 322 (712.0)
denovo240 C1207_EU074964 322 (721.0)
denovo240 C1206_EU074965 322 (712.0)
denovo240 C1013_DQ480642 320 (716.0)
denovo240 C80_GU907656 332 (715.0)
denovo240 C1a_AF499788 322 (721.0)
denovo240 C41_AY258486 322 (721.0)
denovo240 C39_AY258484 311 (718.5)
denovo240 C1231_EU074878 322 (712.0)
denovo240 C1b.1_HE578997 322 (706.0)
denovo240 C18_AY258478 322 (721.0)
denovo240 C1.10_HE578983 321 (715.5)
denovo240 C1_JN558041 322 (721.0)
denovo240 C1_HE578979 322 (721.0)
denovo240 C1_AM748551 322 (721.0)
denovo240 C1_AF333515 322 (721.0)
denovo240 C1054_AY186565 321 (724.5)
denovo240 C1008_DQ480613 322 (712.0)
denovo240 C1103_AF427470 323 (711.0)
denovo240 C1226_EU074881 323 (711.0)
denovo240 C1b/C1e_AY239363 322 (715.0)
denovo240 C1044_DQ068038 322 (706.0)
denovo240 C1017_DQ174729 323 (705.0)
denovo240 C1.6_FJ461493 322 (712.0)
denovo240 C1b.2_HE578998 322 (706.0)
denovo240 C1060_DQ480600 322 (712.0)
denovo240 C1227_EU074882 322 (712.0)
denovo240 C1197_EU099814 322 (712.0)
denovo240 C1130_DQ480643 322 (588.5)
denovo240 D109_AB097465 340 (510.0)
denovo240 D1.11_HE579040 351 (509.0)
denovo240 D105_AF174570 350 (506.5)
denovo240 D104_AF174572 348 (501.5)
denovo240 D1.3_JF683337 351 (500.0)
denovo240 D1.10_HE579039 351 (509.0)
denovo240 D110_AF174561 351 (509.0)
denovo240 D117_AF174542 351 (500.0)
denovo240 D114_AF174549 351 (509.0)
denovo240 D113_AF174557 352 (495.0)
denovo240 D112_AF174558 352 (504.0)
denovo240 D106_AF174559 354 (510.0)
denovo240 D111_AF174560 351 (509.5)
denovo240 D115_AF174562 351 (500.0)
denovo240 D107_AF174568 352 (511.5)
denovo240 D116_AF174571 352 (504.0)
denovo240 D124_EU074897 352 (513.0)
denovo240 D1.8_HE579037 354 (509.0)
denovo240 D3_AY686650 351 (509.0)
denovo240 D1.6_HQ630881 351 (500.0)
denovo240 D120_EU074900 352 (495.0)
denovo240 D121_EU074904 352 (504.0)
denovo240 D122_EU074905 351 (500.0)
denovo240 D1a.2_JF683339 354 (512.0)
denovo240 D1a.1_JF683338 352 (513.0)
denovo240 D2_AY686649 588 (578.0)
denovo240 D4_DQ865214 350 (503.5)
denovo240 D1a_AF499802 352 (504.0)
denovo240 D1a_JN558078 352 (504.0)
denovo240 D123_EU074895 351 (509.0)
denovo240 D108_AF174567 351 (509.0)
denovo240 D103_AF174575 352 (504.0)
denovo240 D100_AF411415 363 (500.0)
denovo240 D118_EF656435 348 (518.5)
denovo240 D101_AF411416 363 (485.0)
denovo240 D119_EU099832 356 (498.5)
denovo240 D102_AF174573 350 (509.5)
denovo240 D1_AF334660 351 (509.0)
denovo240 D1_JN558076 351 (509.0)
denovo240 D1.12_HE579041 331 (505.5)
denovo240 D1.1_AM748564 431 (551.0)
denovo240 D1.2_AM748617 418 (542.0)
denovo240 E111_EU074915 342 (521.0)
denovo240 E110_EU074914 342 (494.0)
denovo240 E114_EU074909 345 (494.0)
denovo240 E1_AF334659 343 (493.0)
denovo240 E105_EU074921 342 (503.0)
denovo240 E112_EU074916 342 (494.0)
denovo240 E104_EU074922 341 (508.5)
denovo240 E102_EU074924 342 (494.0)
denovo240 E103_EU074923 342 (503.0)
denovo240 E101_AY160123 347 (478.0)
denovo240 E109_EU074913 349 (533.0)
denovo240 E100_DQ011618 357 (536.5)
denovo240 E108_EU074912 356 (533.5)
denovo240 E113_EU074908 352 (543.5)
denovo240 E107_EU074910 356 (533.5)
denovo240 F1_JN558066 344 (696.5)
denovo240 F5.2d_AJ291530 332 (704.0)
denovo240 F104_AJ291531 332 (704.0)
denovo240 F5.2c_AM748596 332 (695.5)
denovo240 F5.2_AM748594 336 (698.0)
denovo240 F5.2a_AM748614 336 (698.0)
denovo240 F5.2b_AM748595 332 (695.0)
denovo240 F5.2e_AJ291533 343 (647.5)
denovo240 F5.2g_JN558072 335 (696.0)
denovo240 F5.2f_AJ291512 343 (691.5)
denovo240 F102_AJ291534 350 (693.5)
denovo240 F5.1c_AM748593 342 (699.5)
denovo240 F5.1d_JN558069 342 (689.0)
denovo240 F5.1b_AJ291535 342 (725.0)
denovo240 F5.1_AM748592 342 (716.0)
denovo240 F5.1a_AM748591 342 (725.0)
denovo240 F110_AJ291526 322 (738.5)
denovo240 F4.7_AM748587 321 (748.0)
denovo240 F4.5_AM748585 322 (747.0)
denovo240 F4.4a_AM748583 319 (776.0)
denovo240 F4.4_AM748582 320 (767.5)
denovo240 F4.4b_AM748584 317 (785.5)
denovo240 F4.1a_AM748573 322 (720.5)
denovo240 F112_AJ291528 320 (689.0)
denovo240 F4.1_AM748572 320 (707.0)
denovo240 F4.8b_AM748590 325 (764.0)
denovo240 F4.8_AM748588 316 (765.0)
denovo240 F4.8a_AM748589 316 (764.5)
denovo240 F109_AJ291527 322 (751.5)
denovo240 F4.6_AM748586 320 (725.0)
denovo240 F111_AJ311949 315 (742.5)
denovo240 F4.3c_AM748581 316 (763.5)
denovo240 F4.3a_AM748579 316 (772.5)
denovo240 F4.3b_AM748580 316 (772.5)
denovo240 F4.3_AM748578 316 (763.5)
denovo240 F4.2_AM748574 323 (778.0)
denovo240 F4.2a_AM748575 321 (758.0)
denovo240 F4.2c_AM748577 321 (754.5)
denovo240 F4.2b_AM748576 321 (767.0)
denovo240 F2b_AJ291521 334 (734.0)
denovo240 F2_AJ830908 330 (732.5)
denovo240 F2a_AJ830911 330 (728.0)
denovo240 F3.1a_AM748566 342 (699.5)
denovo240 F114_AJ291525 340 (693.5)
denovo240 F3.1_AM748565 340 (711.5)
denovo240 F3.2_AM748567 344 (713.0)
denovo240 F3.2a_AM748568 337 (711.0)
denovo240 F3.3_AM748569 339 (740.5)
denovo240 F3.4a_AM748571 338 (675.5)
denovo240 F3.4_AM748570 334 (679.5)
denovo240 F3.4b_AM748616 334 (679.5)
denovo240 G101_AJ291539 363 (524.0)
denovo240 G1_AM748597 363 (524.0)
denovo240 G2b_JN558087 359 (525.0)
denovo240 G2_AM748598 364 (510.5)
denovo240 G2a_AM748599 363 (509.5)
denovo240 G4_AM748601 358 (580.5)
denovo240 G3.4_LK392378 349 (546.5)
denovo240 G3_AM748600 361 (547.0)
denovo240 G3.2_KC597694 338 (493.0)
denovo240 G3.1_KC597688 352 (555.0)
denovo240 G100_AB253788 340 (547.0)
denovo240 G3.3_LK392377 341 (549.5)
denovo240 H6_AJ291520 656 (317.0)
denovo240 H3_AM748606 322 (539.5)
denovo240 H2_AM748605 334 (547.0)
denovo240 H4_AM748607 332 (545.0)
denovo240 H4a_AM748608 340 (537.5)
denovo240 H5a_AM748611 333 (528.5)
denovo240 H5b_AM748610 335 (524.0)
denovo240 H5_AJ621129 338 (525.5)
denovo240 H5_AM748609 338 (525.5)
denovo240 H100_AJ291513 337 (530.0)
denovo240 H1b_AM748604 337 (534.0)
denovo240 H1a_AM748612 337 (543.0)
denovo240 H1_AJ621152 337 (543.0)
denovo240 H1_AM748602 337 (543.0)
denovo240 I3_FN561561 337 (711.0)
denovo240 I4_FN561562 337 (711.0)
denovo240 I1_FN561559 334 (703.5)
denovo240 I2_FN561560 345 (716.0)

#---------------------------------------
#---------------------------------------
