denovo52 A136_DQ865210 335 (479.0)
denovo52 A133_DQ174725 329 (486.5)
denovo52 A115_AF180123 345 (459.5)
denovo52 A117_AF201746 345 (520.0)
denovo52 A134_DQ174723 344 (526.5)
denovo52 A114_AF184941 345 (520.5)
denovo52 A135_DQ174727 353 (507.5)
denovo52 A2_AF333506 353 (531.0)
denovo52 A101_AF427468 353 (516.5)
denovo52 A2_1_JN558097 353 (516.5)
denovo52 A2_2_JN558100 353 (516.5)
denovo52 A113_AF184948 338 (503.0)
denovo52 A112_AF184949 339 (514.5)
denovo52 A123_EF378618 344 (346.5)
denovo52 A137_EF378621 339 (368.5)
denovo52 A11_EU449041 341 (511.5)
denovo52 A121_DQ174722 344 (503.5)
denovo52 A15b_EU792886 338 (482.5)
denovo52 A15a_EU792885 338 (492.0)
denovo52 A15c_EU792887 340 (497.0)
denovo52 A15_EU792884 338 (491.5)
denovo52 A147_EU074937 340 (503.5)
denovo52 A154_EU074860 340 (485.5)
denovo52 A146_EU074936 341 (497.5)
denovo52 A150_EU074928 340 (512.5)
denovo52 A116_AF183575 333 (511.5)
denovo52 A141_EU074931 340 (503.5)
denovo52 A5_AF333508 338 (513.0)
denovo52 A3b_EU449043 338 (507.5)
denovo52 A151_EU074925 342 (500.0)
denovo52 A152_EU074927 341 (497.5)
denovo52 A149_EU074929 334 (497.0)
denovo52 A140_EU074930 340 (494.5)
denovo52 A142_EU074932 340 (494.5)
denovo52 A143_EU074933 340 (497.0)
denovo52 A144_EU074934 340 (503.5)
denovo52 A145_EU074935 340 (511.0)
denovo52 A148_EU074938 343 (504.0)
denovo52 A155_EU074856 340 (503.5)
denovo52 A156_EU074859 340 (494.5)
denovo52 A139_EU074962 340 (494.5)
denovo52 A6_AF186058 340 (503.5)
denovo52 A3_AF333507 340 (503.5)
denovo52 A3_JN558091 340 (503.5)
denovo52 A8_AY258468 337 (503.5)
denovo52 A7_AY239360 337 (506.5)
denovo52 A16_EU792888 336 (501.0)
denovo52 A4.3_FN429763 342 (525.0)
denovo52 A120_AF180122 335 (513.5)
denovo52 A4.2_FN429761 337 (516.5)
denovo52 A4_AF333509 337 (535.5)
denovo52 A4.1_FN429760 336 (530.5)
denovo52 A4a_AF499778 337 (536.0)
denovo52 A4a.1_FN429762 337 (536.0)
denovo52 A138_EF378620 341 (491.0)
denovo52 A122_EF378619 338 (523.0)
denovo52 A126_EF378615 337 (524.0)
denovo52 A10_EU792882 337 (524.0)
denovo52 A9_EU449028 339 (514.5)
denovo52 A105_AB207202 338 (511.5)
denovo52 A119_AF180121 331 (525.5)
denovo52 A12_EU792883 337 (518.5)
denovo52 A104_AB207203 337 (517.5)
denovo52 A1a_EU449030 337 (519.0)
denovo52 A1.3_HE578976 340 (517.0)
denovo52 A1.4_HE578977 341 (520.0)
denovo52 A13_AF333504 340 (517.0)
denovo52 A13_JN558094 340 (517.0)
denovo52 A110_AB190282 345 (522.5)
denovo52 A103_AB207206 339 (523.5)
denovo52 A130_EF656428 339 (514.5)
denovo52 A127_EF656429 337 (527.5)
denovo52 A128_EF656430 339 (514.5)
denovo52 A129_EF656431 340 (517.5)
denovo52 A131_EF656432 339 (523.5)
denovo52 A118_AF180120 334 (511.0)
denovo52 A1_AF333505 339 (523.5)
denovo52 A107_AB207199 337 (526.5)
denovo52 A111_AB190280 337 (526.5)
denovo52 A108_AB207197 352 (501.0)
denovo52 A106_AB207200 348 (522.5)
denovo52 A102_AB207209 348 (522.5)
denovo52 A1.2_AB207210 348 (522.5)
denovo52 A109_AB190285 348 (531.5)
denovo52 B4_AF333510 318 (692.5)
denovo52 B23_EU449079 328 (583.5)
denovo52 B30_GU907644 337 (582.5)
denovo52 B11_AY239361 333 (633.0)
denovo52 B17_AY258470 337 (624.5)
denovo52 B1k_GU907638 310 (298.5)
denovo52 B1.V_Green2014 336 (598.0)
denovo52 B1b_AF499780 331 (602.0)
denovo52 B16_AY258469 328 (618.5)
denovo52 B31a_GU907646 331 (617.5)
denovo52 B32_GU907647 331 (617.5)
denovo52 B31_GU907645 331 (626.5)
denovo52 B1j_GU907637 331 (644.5)
denovo52 B37_GU907650 340 (636.5)
denovo52 B5a_AF499782 330 (623.0)
denovo52 B5_AF499781 330 (632.0)
denovo52 B24_GU907643 330 (509.5)
denovo52 B117_AF180124 332 (620.0)
denovo52 B10_AF499787 330 (633.0)
denovo52 B20_GU907642 333 (628.0)
denovo52 B1m_GU907640 331 (635.5)
denovo52 B34_GU907649 331 (635.5)
denovo52 B1d_GU907633 331 (636.0)
denovo52 B1e_GU907634 331 (636.0)
denovo52 B1i_GU907636 331 (635.5)
denovo52 B1g_GU907635 339 (627.5)
denovo52 B123_EU074872 331 (627.0)
denovo52 B8_AF499785 340 (631.5)
denovo52 B1l_GU907639 338 (628.0)
denovo52 B1a_AF499779 331 (635.5)
denovo52 B14_AY239362 332 (616.5)
denovo52 B125_EU074865 331 (626.5)
denovo52 B122_EU074871 331 (626.5)
denovo52 B124_EU074874 331 (626.5)
denovo52 B1.VII_Green2014 330 (572.5)
denovo52 B1.III_Green2014 325 (626.0)
denovo52 B1.I_Green2014 331 (635.5)
denovo52 B1.II_Green2014 331 (635.5)
denovo52 B1_JN558057 331 (635.5)
denovo52 B1_AF333511 331 (635.5)
denovo52 B1.IV_Green2014 349 (634.5)
denovo52 B121_EU074870 332 (637.5)
denovo52 B7_AF499784 331 (644.5)
denovo52 B1.VI_Green2014 329 (630.0)
denovo52 B3_AF333514 330 (628.0)
denovo52 B9_AF499786 326 (616.0)
denovo52 B19a_JN558055 333 (592.5)
denovo52 B119_EU099825 339 (563.0)
denovo52 B21_DQ865213 323 (604.0)
denovo52 B38_GU907651 323 (604.0)
denovo52 B18_AY258471 330 (619.0)
denovo52 B18a_AY258472 330 (610.0)
denovo52 B33_GU907648 326 (606.5)
denovo52 B6_AF499783 327 (618.5)
denovo52 B19_DQ865212 326 (616.5)
denovo52 B19_GU907641 326 (616.5)
denovo52 B2_AF333512 326 (625.5)
denovo52 B2_JN558060 326 (625.5)
denovo52 C33.1_AY258498 302 (1296.5)
denovo52 C33.2_AY765400 302 (1296.5)
denovo52 C33a_EF541147 302 (1296.5)
denovo52 C34_AY258499 302 (1305.5)
denovo52 C78_AY765413 302 (1269.5)
denovo52 C15.29_KC597690 304 (1283.5)
denovo52 C1131_DQ182650 302 (1223.5)
denovo52 C1135_DQ182646 302 (1214.5)
denovo52 C1134_DQ182647 302 (1214.5)
denovo52 C1142_DQ182635 302 (1223.5)
denovo52 C1136_DQ182644 302 (1185.0)
denovo52 C1111_DQ182645 302 (1185.0)
denovo52 C1236_EF473656 302 (1194.0)
denovo52 C1138_DQ182642 302 (1194.0)
denovo52 C1137_DQ182643 302 (1194.0)
denovo52 C1133_DQ182648 302 (1194.0)
denovo52 C1132_DQ182649 302 (1194.0)
denovo52 C1143_DQ182634 302 (1203.0)
denovo52 C1139_DQ182639 302 (1232.5)
denovo52 C15.28_KC597687 302 (1278.5)
denovo52 C1141_DQ182636 302 (1241.5)
denovo52 C1144_DQ182637 302 (1232.5)
denovo52 C1122_DQ182654 302 (1241.5)
denovo52 C1127_DQ182652 302 (1241.5)
denovo52 C15.30_JX394114 302 (1287.5)
denovo52 C15.26_KC597686 302 (1296.5)
denovo52 C1086_DQ182656 302 (1296.5)
denovo52 C15.25_KC597685 302 (1305.5)
denovo52 C1118_AF180127 302 (1202.5)
denovo52 C1129_DQ182651 302 (1268.5)
denovo52 C15.21_KC597683 303 (1299.5)
denovo52 C56_AY589760 302 (1305.5)
denovo52 C1140_DQ182638 302 (1268.5)
denovo52 C1126_DQ182653 302 (1259.5)
denovo52 C15c_AY258492 302 (1314.5)
denovo52 C15d_AY258493 302 (1305.5)
denovo52 C1098_DQ182641 303 (1288.0)
denovo52 C15.27_KC597689 302 (1314.5)
denovo52 C15.18_HE579024 302 (1314.5)
denovo52 C15.16_HE579022 302 (1314.5)
denovo52 C1101_AB253787 302 (1314.5)
denovo52 C1083_AY237300 302 (1314.5)
denovo52 C1088_DQ182640 302 (1314.5)
denovo52 C15.6_FN563472 303 (1326.5)
denovo52 C15.5_FJ461512 303 (1326.5)
denovo52 C15.4_FJ461511 303 (1335.5)
denovo52 C15.13_HE579019 302 (1314.5)
denovo52 C15.12_HE579018 302 (1323.5)
denovo52 C93a_AM748563 302 (1332.5)
denovo52 C1094_AJ291514 302 (1314.5)
denovo52 C93_AM748562 302 (1323.5)
denovo52 C15.17_HE579023 302 (1308.5)
denovo52 C15e_AY589742 302 (1308.5)
denovo52 C15.22_KC597695 302 (1341.5)
denovo52 C60_AY589764 302 (1323.5)
denovo52 C15.1_FJ461508 302 (1323.5)
denovo52 C15.2_FJ461509 302 (1323.5)
denovo52 C15.9_FN563475 302 (1323.5)
denovo52 C15.7_HE579015 302 (1323.5)
denovo52 C15.8_HE579016 302 (1323.5)
denovo52 C15.15_HE579021 302 (1323.5)
denovo52 C15.19_HE579025 302 (1323.5)
denovo52 C15.24_KC597696 302 (1314.5)
denovo52 C15.3_FJ461510 302 (1332.5)
denovo52 C1087_DQ182655 302 (1323.5)
denovo52 C15.14_HE579020 303 (1313.5)
denovo52 C15.23_KC597697 303 (1313.5)
denovo52 C19_AY258479 302 (1317.5)
denovo52 C1233_EU118166 302 (1323.5)
denovo52 C15b_AY258491 302 (1323.5)
denovo52 C15a_AY258476 302 (1341.5)
denovo52 C1051_AF195153 302 (1341.5)
denovo52 C2_AF333518 303 (1331.5)
denovo52 C15.20_HE579026 303 (1322.5)
denovo52 C15f_AY589743 303 (1322.5)
denovo52 C55_AY589759 306 (1321.0)
denovo52 C15_AY239369 302 (1332.5)
denovo52 C32.1_JF683335 308 (1166.5)
denovo52 C32.2_JF683336 311 (1182.5)
denovo52 C21.23_KC597693 311 (1182.5)
denovo52 C1193_EU099827 303 (1295.5)
denovo52 C1195_EU099821 310 (1274.0)
denovo52 C3q_GU907655 303 (1256.5)
denovo52 C53_AY589758 302 (1314.5)
denovo52 C73_AY765408 307 (1263.0)
denovo52 C17.2.1_KC597684 304 (1261.0)
denovo52 C32_AY258497 302 (1284.5)
denovo52 C1189_EU099831 302 (1293.5)
denovo52 C1191_EU099833 302 (1284.5)
denovo52 C1196_EU099819 303 (1296.5)
denovo52 C1192_EU099820 303 (1296.5)
denovo52 C17.1_JF683322 302 (1302.5)
denovo52 C26_b2_FN827164 303 (1292.5)
denovo52 C26_b3_FN827165 303 (1283.5)
denovo52 C31.9_HQ630879 305 (1282.0)
denovo52 C31a_AY589746 305 (1278.5)
denovo52 C30_AY589745 305 (1278.5)
denovo52 C31.1_HQ630876 305 (1278.5)
denovo52 C31.5_HQ630877 305 (1278.5)
denovo52 C31.6_HQ630878 305 (1278.5)
denovo52 C31.2_JF683332 305 (1278.5)
denovo52 C31.3_JF683333 305 (1278.5)
denovo52 C26/C35a_AY239378 303 (1292.5)
denovo52 C35a_AY258501 303 (1292.5)
denovo52 C35.2_AY258500 303 (1301.5)
denovo52 C26_b1_FN827163 303 (1301.5)
denovo52 C17_AY239370 302 (1311.5)
denovo52 C17.2_FJ461513 304 (1301.0)
denovo52 C31.10_HQ630880 305 (1291.0)
denovo52 C31.4_JF683334 309 (1276.0)
denovo52 C31_AY258496 305 (1287.5)
denovo52 C25_AY239377 304 (1295.0)
denovo52 C61_AY589765 302 (1253.5)
denovo52 C1043_DQ072721 302 (1309.5)
denovo52 C79_AY765414 302 (1314.5)
denovo52 C69_AY589773 304 (1229.5)
denovo52 C69a_AY686648 304 (1220.5)
denovo52 C21.22_KC597692 302 (1311.5)
denovo52 C51_AY589756 303 (1326.5)
denovo52 C1aa_HM185739 302 (1288.5)
denovo52 C1096_DQ068023 302 (1293.5)
denovo52 C74_AY765409 303 (1304.5)
denovo52 C1185_AB294629 304 (1316.5)
denovo52 C1184_AB294630 303 (1313.5)
denovo52 C1153_AB294625 303 (1313.5)
denovo52 C1154_AB294626 303 (1313.5)
denovo52 C1187_AB294627 303 (1313.5)
denovo52 C1186_AB294628 303 (1322.5)
denovo52 C57_AY589761 303 (1322.5)
denovo52 C66_AY589771 303 (1322.5)
denovo52 C5_AF499795 302 (1323.5)
denovo52 C1167_AB294586 302 (1332.5)
denovo52 C1164_AB294593 302 (1341.5)
denovo52 C1183_AB294631 302 (1332.5)
denovo52 C1067_DQ335381 302 (1332.5)
denovo52 C1159_AB294613 303 (1313.5)
denovo52 C1150_AB294622 303 (1322.5)
denovo52 C90_AM748554 304 (1349.0)
denovo52 C1168_AB294583 302 (1332.5)
denovo52 C1156_AB294616 302 (1332.5)
denovo52 C1151_AB294621 302 (1350.5)
denovo52 C92a_AM748561 302 (1332.5)
denovo52 C92_AM748560 302 (1341.5)
denovo52 C1165_AB294581 302 (1341.5)
denovo52 C1166_AB294584 302 (1341.5)
denovo52 C1162_AB294594 302 (1341.5)
denovo52 C1163_AB294596 302 (1341.5)
denovo52 C1161_AB294606 302 (1341.5)
denovo52 C1160_AB294608 302 (1341.5)
denovo52 C1158_AB294614 302 (1341.5)
denovo52 C1155_AB294617 302 (1341.5)
denovo52 C1149_AB294620 302 (1341.5)
denovo52 C1173_AB294662 302 (1341.5)
denovo52 C1171_AB294663 302 (1341.5)
denovo52 C1172_AB294665 302 (1341.5)
denovo52 C91a_AM748556 302 (1341.5)
denovo52 C91b_AM748557 302 (1341.5)
denovo52 C91d_AM748559 302 (1341.5)
denovo52 C91c_AM748558 302 (1341.5)
denovo52 C91_AJ621543 302 (1350.5)
denovo52 C91_AM748555 302 (1350.5)
denovo52 C1023_DQ335330 302 (1104.5)
denovo52 C1020_DQ335392 302 (1350.5)
denovo52 C1018_DQ335408 302 (1350.5)
denovo52 C1074_DQ335329 302 (1350.5)
denovo52 C1030_DQ335353 302 (1350.5)
denovo52 C1022_DQ335331 302 (1350.5)
denovo52 C1027_DQ335360 302 (1350.5)
denovo52 C1072_DQ335344 302 (1350.5)
denovo52 C1039_AB190274 302 (1350.5)
denovo52 C1033_DQ335350 307 (1347.5)
denovo52 C1019_DQ335407 302 (1359.5)
denovo52 C1194_EU099826 302 (1299.5)
denovo52 C8b_AY258475 302 (1299.5)
denovo52 C8_AY239367 302 (1323.5)
denovo52 C8a_AY239368 302 (1314.5)
denovo52 C54a_AY765406 302 (1341.5)
denovo52 C3ff_HM185740 302 (1341.5)
denovo52 C59_AY589763 304 (1303.5)
denovo52 C3k_AY589737 302 (1332.5)
denovo52 C3.24_HE579012 302 (1314.5)
denovo52 C3.23_HE579011 302 (1323.5)
denovo52 C35.1_AY765401 302 (1332.5)
denovo52 C35.3_EF541145 302 (1341.5)
denovo52 C76_AY765411 302 (1311.5)
denovo52 C1107_DQ335359 302 (1327.5)
denovo52 C3.22_HE579010 302 (1416.0)
denovo52 C77_AY765412 305 (1319.0)
denovo52 C20_AY239371 302 (1341.5)
denovo52 C1055_DQ480640 303 (1331.5)
denovo52 C27/C30_AY239379 303 (1292.5)
denovo52 C27.1_FJ461517 303 (1283.5)
denovo52 C40a_AY589747 302 (1341.5)
denovo52 C40_AY258485 302 (1350.5)
denovo52 C40b_AY589748 303 (1340.5)
denovo52 C16_AY258477 302 (1350.5)
denovo52 C16a_AY765399 302 (1341.5)
denovo52 C1091_AB207186 302 (1350.5)
denovo52 C1102_DQ335400 302 (1332.5)
denovo52 C1069_DQ335375 302 (1332.5)
denovo52 C1073_DQ335332 302 (1341.5)
denovo52 C1066_DQ335382 302 (1332.5)
denovo52 C1031_DQ335352 302 (1350.5)
denovo52 C1026_DQ335366 302 (1359.5)
denovo52 C70_AY589774 302 (1359.5)
denovo52 C1082_AB190267 302 (1341.5)
denovo52 C1078_AB190271 302 (1341.5)
denovo52 C1090_AB207191 302 (1341.5)
denovo52 C1071_DQ335302 302 (1341.5)
denovo52 C1075_DQ335328 302 (1341.5)
denovo52 C1068_DQ335379 302 (1341.5)
denovo52 C1064_DQ335395 302 (1341.5)
denovo52 C1063_DQ335403 302 (1341.5)
denovo52 C62_AY589766 302 (1350.5)
denovo52 C1077_DQ335316 303 (1340.5)
denovo52 C1109_DQ335338 302 (1341.5)
denovo52 C1110_DQ335340 302 (1332.5)
denovo52 C1106_DQ335339 302 (1323.5)
denovo52 C1112_DQ335319 302 (1332.5)
denovo52 C1108_DQ335351 302 (1323.5)
denovo52 C1105_DQ335394 302 (1332.5)
denovo52 C1121_DQ335378 302 (1314.5)
denovo52 C1116_AB190268 302 (1332.5)
denovo52 C1115_AB190273 302 (1323.5)
denovo52 C1124_DQ335323 302 (1314.5)
denovo52 C1120_DQ335398 302 (1314.5)
denovo52 C1119_DQ335404 302 (1314.5)
denovo52 C1123_DQ335363 302 (1323.5)
denovo52 C1004_DQ480635 302 (1332.5)
denovo52 C1061_AY186568 302 (1332.5)
denovo52 C1053_AY186569 302 (1332.5)
denovo52 C1003_DQ480639 302 (1341.5)
denovo52 C81_GU907657 306 (1199.5)
denovo52 C22_AY239373 302 (1322.0)
denovo52 C22a_AY239374 302 (1313.0)
denovo52 C1232_EU118163 302 (1341.5)
denovo52 C21.13_FJ461515 302 (1284.5)
denovo52 C21.1_JF683323 302 (1293.5)
denovo52 C21.3_JF683325 302 (1302.5)
denovo52 C1.20_HE578993 302 (1332.5)
denovo52 C1.22_HE578995 302 (1323.5)
denovo52 C52_AY589757 302 (1344.5)
denovo52 C1201_EU099793 304 (1306.5)
denovo52 C14_AY589741 302 (1308.5)
denovo52 C43_AY589749 302 (1323.5)
denovo52 C50_AY589755 302 (1350.5)
denovo52 C3.14_HQ630872 302 (1350.5)
denovo52 C1m_AY765398 302 (1359.5)
denovo52 C82_GU907658 302 (1323.5)
denovo52 C82b_GU907660 302 (1323.5)
denovo52 C64_AY589768 302 (1341.5)
denovo52 C45a_AY765404 302 (1323.5)
denovo52 C48_AY589753 304 (1349.0)
denovo52 C1_v1b_FJ919244 302 (1341.5)
denovo52 C1_v1a_FJ919243 302 (1350.5)
denovo52 C3j_AY239366 303 (1353.5)
denovo52 C3t_EF541149 302 (1350.5)
denovo52 C9_AF499798 302 (1332.5)
denovo52 C23_AY239375 302 (1341.5)
denovo52 C37_AY258481 302 (1332.5)
denovo52 C1048_DQ068026 302 (1332.5)
denovo52 C21.4_JF683326 302 (1302.5)
denovo52 C21.5_JF683327 302 (1311.5)
denovo52 C1070_DQ335349 302 (1350.5)
denovo52 C21.6_HQ630873 302 (1311.5)
denovo52 C1224_EU074890 302 (1341.5)
denovo52 C1.17_HE578990 302 (1350.5)
denovo52 C21_b1_FN827162 302 (1302.5)
denovo52 C21.9_JF683330 302 (1311.5)
denovo52 C1085_AY624605 302 (1350.5)
denovo52 C3p_GU907654 302 (1335.5)
denovo52 C3f_AY589734 302 (1359.5)
denovo52 C65a_AY589770 302 (1350.5)
denovo52 C65_AY589769 302 (1359.5)
denovo52 C71_AY589775 302 (1350.5)
denovo52 C71a_AY589776 302 (1359.5)
denovo52 C1178_AB294647 302 (1335.5)
denovo52 C1225_EU074893 302 (1341.5)
denovo52 C75_AY765410 302 (1350.5)
denovo52 C21.10_JF683331 302 (1302.5)
denovo52 C21.11_HQ630874 302 (1311.5)
denovo52 C1065_DQ335388 302 (1350.5)
denovo52 C1045_DQ068036 302 (1359.5)
denovo52 C1h_AY258473 302 (1350.5)
denovo52 C38_AY258482 302 (1350.5)
denovo52 C1202_EU099799 302 (1350.5)
denovo52 C7_AF499797 302 (1359.5)
denovo52 C12_AF499801 304 (1349.0)
denovo52 C38a_AY258483 303 (1340.5)
denovo52 C1200_EU099800 302 (1295.0)
denovo52 C44a_AY589751 302 (1332.5)
denovo52 C47_AY589752 302 (1332.5)
denovo52 C44_AY589750 302 (1341.5)
denovo52 C1.15_HE578988 302 (1350.5)
denovo52 C45.3_FJ461522 302 (1341.5)
denovo52 C46a_AY765405 302 (1332.5)
denovo52 C46_EU449108 302 (1341.5)
denovo52 C3.12_FJ461507 302 (1359.5)
denovo52 C1k_AY589733 302 (1341.5)
denovo52 C67_AY686647 302 (1341.5)
denovo52 C82a_GU907659 302 (1341.5)
denovo52 C10a_AY589739 302 (1332.5)
denovo52 C10_AF499799 302 (1341.5)
denovo52 C13_AY589740 308 (1329.0)
denovo52 C4_AF499794 302 (1341.5)
denovo52 C1147_EF656433 302 (1341.5)
denovo52 C1c/C45_AY239364 302 (1350.5)
denovo52 C1c/C45_EU449103 302 (1350.5)
denovo52 C21.19_HE579031 302 (1302.5)
denovo52 C21.21_HE579033 302 (1284.5)
denovo52 C21.20_HE579032 302 (1293.5)
denovo52 C42b_AY765403 302 (1323.5)
denovo52 C42_AY258487 302 (1332.5)
denovo52 C1p_GU907652 302 (1350.5)
denovo52 C1d_AY258488 302 (1332.5)
denovo52 C42_AY765402 302 (1341.5)
denovo52 C3ha_AY589736 302 (1302.5)
denovo52 C63a_AY589767 304 (1292.0)
denovo52 C21a_AY589744 302 (1311.5)
denovo52 C3o_GU907653 302 (1311.5)
denovo52 C21.16_HQ630875 302 (1311.5)
denovo52 C21.2_JF683324 302 (1311.5)
denovo52 C21.7_JF683328 302 (1311.5)
denovo52 C21.8_JF683329 302 (1311.5)
denovo52 C3h_AY239365 302 (1311.5)
denovo52 C1203_EU099798 302 (1320.5)
denovo52 C3.10_FJ461505 302 (1359.5)
denovo52 C21.14_FJ461516 302 (1311.5)
denovo52 C21.18_HE579030 308 (1299.0)
denovo52 C3.17_HE579005 302 (1359.5)
denovo52 C3.9_FJ461504 302 (1329.5)
denovo52 C3.8_FJ461503 302 (1359.5)
denovo52 C3.7_FJ461502 302 (1359.5)
denovo52 C3.11_FJ461506 302 (1359.5)
denovo52 C3.18_HE579006 302 (1359.5)
denovo52 C3.19_HE579007 302 (1359.5)
denovo52 C3.20_HE579008 302 (1359.5)
denovo52 C3g_AY589735 304 (1349.0)
denovo52 C3a_AF499790 302 (1359.5)
denovo52 C3e_AF499793 302 (1359.5)
denovo52 C6_AF499796 302 (1350.5)
denovo52 C11_AF499800 302 (1359.5)
denovo52 C36_AY258480 302 (1359.5)
denovo52 C29_AY258494 302 (1359.5)
denovo52 C1146_EF656434 302 (1359.5)
denovo52 C1190_EU099841 302 (1359.5)
denovo52 C131_JF320826 302 (1359.5)
denovo52 C28_AY239380 304 (1349.0)
denovo52 C1012_DQ480604 302 (1359.5)
denovo52 C1181_AB294640 302 (1344.5)
denovo52 C1180_AB294641 302 (1344.5)
denovo52 C1179_AB294645 302 (1344.5)
denovo52 C1176_AB294651 302 (1344.5)
denovo52 C1175_AB294653 302 (1344.5)
denovo52 C1174_AB294655 302 (1344.5)
denovo52 C1177_AB294659 302 (1344.5)
denovo52 C1040_AB190269 302 (1359.5)
denovo52 C1182_AB294649 302 (1359.5)
denovo52 C1089_AJ278598 302 (1359.5)
denovo52 C1028_DQ335357 302 (1359.5)
denovo52 C3.16_EU786015 302 (1359.5)
denovo52 C1097_AJ311943 303 (1349.5)
denovo52 C1170_AB294661 302 (1344.5)
denovo52 C21.17_HE579029 302 (1322.5)
denovo52 C21/3d/C3k_AY239372 302 (1320.5)
denovo52 C58_AY589762 303 (1310.5)
denovo52 C3L_AY589738 305 (1327.5)
denovo52 C1169_AB294660 302 (1353.5)
denovo52 C3.2_FJ461497 302 (1353.5)
denovo52 C3.1_JF683321 302 (1353.5)
denovo52 C1104_AF427469 303 (1358.5)
denovo52 C3b_AF499791 302 (1353.5)
denovo52 C83_GU907661 304 (1358.0)
denovo52 C49_AY589754 343 (1338.5)
denovo52 C3_AB778606 302 (1368.5)
denovo52 C3_AF499789 302 (1368.5)
denovo52 C3_HE579001 302 (1368.5)
denovo52 C21.12_FJ461514 302 (1302.5)
denovo52 C1229_EU074888 302 (1282.5)
denovo52 C1230_EU074889 302 (1291.5)
denovo52 C1114_AB207196 304 (1356.0)
denovo52 C3.21_HE579009 302 (1282.0)
denovo52 C1057_DQ480619 302 (1341.5)
denovo52 C72_AY765407 303 (1316.5)
denovo52 C1b.3_HE578999 302 (1335.5)
denovo52 C93_AJ621536 302 (1359.5)
denovo52 C94_AJ621539 302 (1350.5)
denovo52 C1g_AY589730 302 (1350.5)
denovo52 C1i_AY589731 302 (1341.5)
denovo52 C1j_AY589732 302 (1350.5)
denovo52 C1005_DQ480633 302 (1350.5)
denovo52 C1.7_FJ461494 302 (1350.5)
denovo52 C1.11_HE578984 302 (1350.5)
denovo52 C1.12_HE578985 302 (1350.5)
denovo52 C1.13_HE578986 302 (1350.5)
denovo52 C1.14_HE578987 302 (1350.5)
denovo52 C1.18_HE578991 302 (1350.5)
denovo52 C1.19_HE578992 302 (1350.5)
denovo52 C1199_EU099802 302 (1326.5)
denovo52 C1188_EU099838 302 (1341.5)
denovo52 C1002_DQ838544 302 (1359.5)
denovo52 C1198_EU099810 302 (1350.5)
denovo52 C24_AY239376 302 (1350.0)
denovo52 C1f_AY258490 302 (1350.5)
denovo52 C1006_DQ480629 302 (1350.5)
denovo52 C1010_DQ480607 302 (1350.5)
denovo52 C1007_DQ480624 302 (1341.5)
denovo52 C1011_DQ480605 302 (1350.5)
denovo52 C1009_DQ480608 302 (1350.5)
denovo52 C1041_AY186548 302 (1341.5)
denovo52 C1052_AY186570 302 (1350.5)
denovo52 C1148_EU040178 302 (1350.5)
denovo52 C1234_EU118165 303 (1340.5)
denovo52 C1.5_EF634157 302 (1350.5)
denovo52 C1059_DQ480609 302 (1350.5)
denovo52 C1228_EU074883 302 (1350.5)
denovo52 C1208_EU074963 302 (1350.5)
denovo52 C1207_EU074964 302 (1350.5)
denovo52 C1206_EU074965 302 (1350.5)
denovo52 C1013_DQ480642 302 (1341.5)
denovo52 C80_GU907656 312 (1336.0)
denovo52 C1a_AF499788 302 (1350.5)
denovo52 C41_AY258486 302 (1350.5)
denovo52 C39_AY258484 302 (1273.0)
denovo52 C1231_EU074878 302 (1350.5)
denovo52 C1b.1_HE578997 302 (1335.5)
denovo52 C18_AY258478 302 (1350.5)
denovo52 C1.10_HE578983 302 (1311.5)
denovo52 C1_JN558041 302 (1359.5)
denovo52 C1_HE578979 302 (1359.5)
denovo52 C1_AM748551 302 (1359.5)
denovo52 C1_AF333515 302 (1359.5)
denovo52 C1054_AY186565 303 (1349.5)
denovo52 C1008_DQ480613 302 (1350.5)
denovo52 C1103_AF427470 303 (1349.5)
denovo52 C1226_EU074881 303 (1350.5)
denovo52 C1b/C1e_AY239363 302 (1344.5)
denovo52 C1044_DQ068038 302 (1344.5)
denovo52 C1017_DQ174729 303 (1334.5)
denovo52 C1.6_FJ461493 302 (1350.5)
denovo52 C1b.2_HE578998 302 (1335.5)
denovo52 C1060_DQ480600 302 (1350.5)
denovo52 C1227_EU074882 302 (1350.5)
denovo52 C1197_EU099814 302 (1350.5)
denovo52 C1130_DQ480643 302 (1226.0)
denovo52 D109_AB097465 350 (529.5)
denovo52 D1.11_HE579040 339 (544.0)
denovo52 D105_AF174570 336 (544.0)
denovo52 D104_AF174572 345 (526.5)
denovo52 D1.3_JF683337 340 (538.0)
denovo52 D1.10_HE579039 340 (529.0)
denovo52 D110_AF174561 340 (529.5)
denovo52 D117_AF174542 340 (529.0)
denovo52 D114_AF174549 340 (538.0)
denovo52 D113_AF174557 348 (525.5)
denovo52 D112_AF174558 348 (534.5)
denovo52 D106_AF174559 341 (531.5)
denovo52 D111_AF174560 340 (529.0)
denovo52 D115_AF174562 340 (529.0)
denovo52 D107_AF174568 338 (540.5)
denovo52 D116_AF174571 339 (535.0)
denovo52 D124_EU074897 348 (525.0)
denovo52 D1.8_HE579037 340 (538.0)
denovo52 D3_AY686650 339 (544.5)
denovo52 D1.6_HQ630881 338 (532.5)
denovo52 D120_EU074900 347 (523.0)
denovo52 D121_EU074904 339 (544.0)
denovo52 D122_EU074905 340 (529.0)
denovo52 D1a.2_JF683339 348 (536.5)
denovo52 D1a.1_JF683338 348 (534.0)
denovo52 D2_AY686649 594 (593.5)
denovo52 D4_DQ865214 354 (531.0)
denovo52 D1a_AF499802 347 (532.0)
denovo52 D1a_JN558078 347 (532.0)
denovo52 D123_EU074895 347 (540.5)
denovo52 D108_AF174567 348 (535.0)
denovo52 D103_AF174575 346 (537.0)
denovo52 D100_AF411415 351 (534.0)
denovo52 D118_EF656435 347 (532.0)
denovo52 D101_AF411416 351 (519.0)
denovo52 D119_EU099832 347 (524.0)
denovo52 D102_AF174573 340 (541.0)
denovo52 D1_AF334660 340 (538.0)
denovo52 D1_JN558076 340 (538.0)
denovo52 D1.12_HE579041 331 (512.5)
denovo52 D1.1_AM748564 430 (555.0)
denovo52 D1.2_AM748617 396 (539.5)
denovo52 E111_EU074915 362 (434.0)
denovo52 E110_EU074914 361 (439.5)
denovo52 E114_EU074909 361 (439.5)
denovo52 E1_AF334659 361 (436.0)
denovo52 E105_EU074921 360 (446.0)
denovo52 E112_EU074916 361 (430.5)
denovo52 E104_EU074922 362 (433.5)
denovo52 E102_EU074924 361 (430.5)
denovo52 E103_EU074923 361 (439.5)
denovo52 E101_AY160123 357 (432.5)
denovo52 E109_EU074913 364 (423.5)
denovo52 E100_DQ011618 370 (428.5)
denovo52 E108_EU074912 358 (421.5)
denovo52 E113_EU074908 364 (423.5)
denovo52 E107_EU074910 358 (421.5)
denovo52 F1_JN558066 312 (1007.5)
denovo52 F5.2d_AJ291530 308 (998.0)
denovo52 F104_AJ291531 308 (998.0)
denovo52 F5.2c_AM748596 308 (998.0)
denovo52 F5.2_AM748594 305 (1007.0)
denovo52 F5.2a_AM748614 305 (1007.0)
denovo52 F5.2b_AM748595 305 (998.0)
denovo52 F5.2e_AJ291533 305 (945.0)
denovo52 F5.2g_JN558072 305 (998.0)
denovo52 F5.2f_AJ291512 305 (1007.0)
denovo52 F102_AJ291534 305 (998.0)
denovo52 F5.1c_AM748593 310 (985.0)
denovo52 F5.1d_JN558069 310 (1012.0)
denovo52 F5.1b_AJ291535 309 (1010.0)
denovo52 F5.1_AM748592 310 (1012.0)
denovo52 F5.1a_AM748591 309 (1010.0)
denovo52 F110_AJ291526 316 (873.5)
denovo52 F4.7_AM748587 317 (906.5)
denovo52 F4.5_AM748585 310 (928.5)
denovo52 F4.4a_AM748583 305 (969.0)
denovo52 F4.4_AM748582 304 (973.0)
denovo52 F4.4b_AM748584 310 (963.5)
denovo52 F4.1a_AM748573 319 (891.5)
denovo52 F112_AJ291528 319 (873.5)
denovo52 F4.1_AM748572 319 (891.5)
denovo52 F4.8b_AM748590 311 (903.0)
denovo52 F4.8_AM748588 313 (900.5)
denovo52 F4.8a_AM748589 311 (903.0)
denovo52 F109_AJ291527 313 (878.5)
denovo52 F4.6_AM748586 315 (906.0)
denovo52 F111_AJ311949 311 (919.0)
denovo52 F4.3c_AM748581 314 (937.5)
denovo52 F4.3a_AM748579 311 (928.0)
denovo52 F4.3b_AM748580 311 (928.0)
denovo52 F4.3_AM748578 311 (937.0)
denovo52 F4.2_AM748574 310 (947.5)
denovo52 F4.2a_AM748575 309 (939.0)
denovo52 F4.2c_AM748577 310 (938.5)
denovo52 F4.2b_AM748576 309 (948.0)
denovo52 F2b_AJ291521 312 (996.0)
denovo52 F2_AJ830908 311 (975.0)
denovo52 F2a_AJ830911 313 (967.5)
denovo52 F3.1a_AM748566 318 (963.0)
denovo52 F114_AJ291525 318 (972.0)
denovo52 F3.1_AM748565 318 (990.0)
denovo52 F3.2_AM748567 315 (1017.5)
denovo52 F3.2a_AM748568 318 (1034.5)
denovo52 F3.3_AM748569 308 (949.0)
denovo52 F3.4a_AM748571 318 (896.0)
denovo52 F3.4_AM748570 318 (896.0)
denovo52 F3.4b_AM748616 311 (894.0)
denovo52 G101_AJ291539 355 (546.0)
denovo52 G1_AM748597 355 (546.0)
denovo52 G2b_JN558087 335 (543.0)
denovo52 G2_AM748598 338 (534.5)
denovo52 G2a_AM748599 335 (543.0)
denovo52 G4_AM748601 347 (555.0)
denovo52 G3.4_LK392378 334 (547.5)
denovo52 G3_AM748600 336 (562.5)
denovo52 G3.2_KC597694 346 (481.5)
denovo52 G3.1_KC597688 338 (541.0)
denovo52 G100_AB253788 336 (536.0)
denovo52 G3.3_LK392377 336 (536.5)
denovo52 H6_AJ291520 657 (339.5)
denovo52 H3_AM748606 308 (898.0)
denovo52 H2_AM748605 309 (927.0)
denovo52 H4_AM748607 317 (855.5)
denovo52 H4a_AM748608 317 (870.5)
denovo52 H5a_AM748611 313 (851.5)
denovo52 H5b_AM748610 315 (856.5)
denovo52 H5_AJ621129 313 (860.5)
denovo52 H5_AM748609 313 (860.5)
denovo52 H100_AJ291513 315 (874.5)
denovo52 H1b_AM748604 320 (875.0)
denovo52 H1a_AM748612 320 (866.0)
denovo52 H1_AJ621152 320 (875.0)
denovo52 H1_AM748602 320 (875.0)
denovo52 I3_FN561561 341 (721.0)
denovo52 I4_FN561562 328 (728.5)
denovo52 I1_FN561559 332 (713.5)
denovo52 I2_FN561560 327 (726.0)

#---------------------------------------
#---------------------------------------
