denovo197 A136_DQ865210 329 (350.5)
denovo197 A133_DQ174725 321 (345.0)
denovo197 A115_AF180123 338 (334.5)
denovo197 A117_AF201746 341 (324.0)
denovo197 A134_DQ174723 343 (329.5)
denovo197 A114_AF184941 343 (329.5)
denovo197 A135_DQ174727 355 (319.5)
denovo197 A2_AF333506 345 (331.0)
denovo197 A101_AF427468 350 (323.0)
denovo197 A2_1_JN558097 350 (323.0)
denovo197 A2_2_JN558100 350 (323.0)
denovo197 A113_AF184948 338 (343.5)
denovo197 A112_AF184949 338 (316.5)
denovo197 A123_EF378618 321 (298.0)
denovo197 A137_EF378621 333 (281.5)
denovo197 A11_EU449041 339 (356.0)
denovo197 A121_DQ174722 321 (346.0)
denovo197 A15b_EU792886 341 (323.0)
denovo197 A15a_EU792885 321 (339.0)
denovo197 A15c_EU792887 321 (330.0)
denovo197 A15_EU792884 321 (330.5)
denovo197 A147_EU074937 337 (349.5)
denovo197 A154_EU074860 337 (339.0)
denovo197 A146_EU074936 338 (341.0)
denovo197 A150_EU074928 322 (342.5)
denovo197 A116_AF183575 322 (333.5)
denovo197 A141_EU074931 322 (342.5)
denovo197 A5_AF333508 339 (349.5)
denovo197 A3b_EU449043 321 (349.5)
denovo197 A151_EU074925 323 (337.0)
denovo197 A152_EU074927 324 (331.5)
denovo197 A149_EU074929 321 (340.5)
denovo197 A140_EU074930 337 (339.0)
denovo197 A142_EU074932 321 (331.5)
denovo197 A143_EU074933 321 (349.5)
denovo197 A144_EU074934 321 (349.5)
denovo197 A145_EU074935 324 (339.5)
denovo197 A148_EU074938 321 (331.5)
denovo197 A155_EU074856 321 (331.5)
denovo197 A156_EU074859 321 (340.5)
denovo197 A139_EU074962 337 (339.0)
denovo197 A6_AF186058 321 (340.5)
denovo197 A3_AF333507 321 (340.5)
denovo197 A3_JN558091 321 (340.5)
denovo197 A8_AY258468 321 (331.5)
denovo197 A7_AY239360 321 (340.0)
denovo197 A16_EU792888 321 (340.5)
denovo197 A4.3_FN429763 324 (337.0)
denovo197 A120_AF180122 346 (334.0)
denovo197 A4.2_FN429761 344 (332.5)
denovo197 A4_AF333509 322 (338.0)
denovo197 A4.1_FN429760 347 (332.0)
denovo197 A4a_AF499778 322 (337.5)
denovo197 A4a.1_FN429762 322 (337.5)
denovo197 A138_EF378620 321 (344.0)
denovo197 A122_EF378619 319 (342.5)
denovo197 A126_EF378615 319 (345.5)
denovo197 A10_EU792882 319 (345.5)
denovo197 A9_EU449028 325 (338.0)
denovo197 A105_AB207202 347 (343.5)
denovo197 A119_AF180121 342 (328.5)
denovo197 A12_EU792883 347 (335.5)
denovo197 A104_AB207203 322 (338.0)
denovo197 A1a_EU449030 316 (338.5)
denovo197 A1.3_HE578976 321 (343.0)
denovo197 A1.4_HE578977 320 (340.5)
denovo197 A13_AF333504 323 (340.5)
denovo197 A13_JN558094 323 (340.5)
denovo197 A110_AB190282 320 (331.5)
denovo197 A103_AB207206 320 (349.5)
denovo197 A130_EF656428 320 (331.5)
denovo197 A127_EF656429 322 (346.0)
denovo197 A128_EF656430 320 (331.5)
denovo197 A129_EF656431 327 (335.5)
denovo197 A131_EF656432 317 (341.0)
denovo197 A118_AF180120 345 (328.5)
denovo197 A1_AF333505 320 (340.5)
denovo197 A107_AB207199 321 (351.5)
denovo197 A111_AB190280 320 (349.0)
denovo197 A108_AB207197 320 (325.5)
denovo197 A106_AB207200 320 (340.0)
denovo197 A102_AB207209 320 (340.5)
denovo197 A1.2_AB207210 320 (340.5)
denovo197 A109_AB190285 320 (340.0)
denovo197 B4_AF333510 324 (930.5)
denovo197 B23_EU449079 309 (1056.5)
denovo197 B30_GU907644 309 (1038.5)
denovo197 B11_AY239361 311 (1126.0)
denovo197 B17_AY258470 309 (1145.5)
denovo197 B1k_GU907638 270 (696.5)
denovo197 B1.V_Green2014 316 (1113.0)
denovo197 B1b_AF499780 309 (1077.0)
denovo197 B16_AY258469 309 (1154.5)
denovo197 B31a_GU907646 309 (1154.5)
denovo197 B32_GU907647 309 (1154.5)
denovo197 B31_GU907645 309 (1163.5)
denovo197 B1j_GU907637 309 (1163.5)
denovo197 B37_GU907650 311 (1153.0)
denovo197 B5a_AF499782 309 (1163.5)
denovo197 B5_AF499781 309 (1163.5)
denovo197 B24_GU907643 280 (1176.5)
denovo197 B117_AF180124 308 (1070.0)
denovo197 B10_AF499787 309 (1154.5)
denovo197 B20_GU907642 311 (1138.0)
denovo197 B1m_GU907640 309 (1163.5)
denovo197 B34_GU907649 309 (1172.5)
denovo197 B1d_GU907633 309 (1181.5)
denovo197 B1e_GU907634 309 (1163.5)
denovo197 B1i_GU907636 309 (1163.5)
denovo197 B1g_GU907635 310 (1144.5)
denovo197 B123_EU074872 309 (1154.5)
denovo197 B8_AF499785 310 (1153.5)
denovo197 B1l_GU907639 309 (1163.5)
denovo197 B1a_AF499779 309 (1163.5)
denovo197 B14_AY239362 310 (1172.5)
denovo197 B125_EU074865 309 (1163.5)
denovo197 B122_EU074871 309 (1163.5)
denovo197 B124_EU074874 309 (1163.5)
denovo197 B1.VII_Green2014 299 (1150.5)
denovo197 B1.III_Green2014 309 (1091.5)
denovo197 B1.I_Green2014 309 (1172.5)
denovo197 B1.II_Green2014 309 (1172.5)
denovo197 B1_JN558057 309 (1172.5)
denovo197 B1_AF333511 309 (1172.5)
denovo197 B1.IV_Green2014 319 (1158.0)
denovo197 B121_EU074870 309 (1163.5)
denovo197 B7_AF499784 309 (1163.5)
denovo197 B1.VI_Green2014 310 (1113.0)
denovo197 B3_AF333514 309 (1051.0)
denovo197 B9_AF499786 309 (1078.0)
denovo197 B19a_JN558055 313 (945.0)
denovo197 B119_EU099825 317 (1001.0)
denovo197 B21_DQ865213 309 (1046.5)
denovo197 B38_GU907651 309 (1046.5)
denovo197 B18_AY258471 309 (1078.0)
denovo197 B18a_AY258472 309 (1069.0)
denovo197 B33_GU907648 309 (1069.0)
denovo197 B6_AF499783 314 (1074.5)
denovo197 B19_DQ865212 309 (1087.0)
denovo197 B19_GU907641 309 (1087.0)
denovo197 B2_AF333512 309 (1078.0)
denovo197 B2_JN558060 309 (1078.0)
denovo197 C33.1_AY258498 335 (511.5)
denovo197 C33.2_AY765400 335 (511.5)
denovo197 C33a_EF541147 335 (511.5)
denovo197 C34_AY258499 333 (479.0)
denovo197 C78_AY765413 336 (460.0)
denovo197 C15.29_KC597690 336 (454.5)
denovo197 C1131_DQ182650 332 (494.5)
denovo197 C1135_DQ182646 327 (498.0)
denovo197 C1134_DQ182647 327 (489.0)
denovo197 C1142_DQ182635 327 (498.0)
denovo197 C1136_DQ182644 325 (472.0)
denovo197 C1111_DQ182645 325 (481.5)
denovo197 C1236_EF473656 325 (481.5)
denovo197 C1138_DQ182642 321 (488.0)
denovo197 C1137_DQ182643 325 (472.5)
denovo197 C1133_DQ182648 325 (472.5)
denovo197 C1132_DQ182649 327 (478.0)
denovo197 C1143_DQ182634 325 (481.5)
denovo197 C1139_DQ182639 327 (489.5)
denovo197 C15.28_KC597687 329 (498.5)
denovo197 C1141_DQ182636 327 (489.5)
denovo197 C1144_DQ182637 324 (498.5)
denovo197 C1122_DQ182654 327 (507.5)
denovo197 C1127_DQ182652 323 (504.0)
denovo197 C15.30_JX394114 337 (485.0)
denovo197 C15.26_KC597686 333 (482.0)
denovo197 C1086_DQ182656 334 (485.5)
denovo197 C15.25_KC597685 334 (494.5)
denovo197 C1118_AF180127 332 (476.0)
denovo197 C1129_DQ182651 329 (485.5)
denovo197 C15.21_KC597683 333 (473.0)
denovo197 C56_AY589760 331 (485.5)
denovo197 C1140_DQ182638 326 (494.5)
denovo197 C1126_DQ182653 326 (485.5)
denovo197 C15c_AY258492 331 (503.5)
denovo197 C15d_AY258493 330 (510.0)
denovo197 C1098_DQ182641 332 (504.5)
denovo197 C15.27_KC597689 334 (485.5)
denovo197 C15.18_HE579024 333 (482.5)
denovo197 C15.16_HE579022 334 (503.5)
denovo197 C1101_AB253787 334 (485.5)
denovo197 C1083_AY237300 334 (485.5)
denovo197 C1088_DQ182640 334 (484.0)
denovo197 C15.6_FN563472 334 (494.5)
denovo197 C15.5_FJ461512 336 (491.0)
denovo197 C15.4_FJ461511 336 (500.0)
denovo197 C15.13_HE579019 334 (485.5)
denovo197 C15.12_HE579018 334 (485.5)
denovo197 C93a_AM748563 331 (500.0)
denovo197 C1094_AJ291514 331 (494.5)
denovo197 C93_AM748562 331 (491.0)
denovo197 C15.17_HE579023 330 (477.0)
denovo197 C15e_AY589742 336 (494.0)
denovo197 C15.22_KC597695 334 (494.5)
denovo197 C60_AY589764 334 (485.5)
denovo197 C15.1_FJ461508 334 (485.5)
denovo197 C15.2_FJ461509 334 (494.5)
denovo197 C15.9_FN563475 334 (503.0)
denovo197 C15.7_HE579015 333 (500.0)
denovo197 C15.8_HE579016 334 (485.5)
denovo197 C15.15_HE579021 334 (494.5)
denovo197 C15.19_HE579025 334 (494.5)
denovo197 C15.24_KC597696 334 (485.5)
denovo197 C15.3_FJ461510 336 (500.0)
denovo197 C1087_DQ182655 334 (494.5)
denovo197 C15.14_HE579020 335 (485.0)
denovo197 C15.23_KC597697 335 (485.0)
denovo197 C19_AY258479 329 (500.5)
denovo197 C1233_EU118166 334 (494.5)
denovo197 C15b_AY258491 334 (485.5)
denovo197 C15a_AY258476 336 (500.0)
denovo197 C1051_AF195153 334 (491.0)
denovo197 C2_AF333518 335 (490.0)
denovo197 C15.20_HE579026 335 (494.0)
denovo197 C15f_AY589743 331 (491.0)
denovo197 C55_AY589759 339 (494.5)
denovo197 C15_AY239369 334 (494.5)
denovo197 C32.1_JF683335 333 (439.5)
denovo197 C32.2_JF683336 333 (439.5)
denovo197 C21.23_KC597693 333 (439.5)
denovo197 C1193_EU099827 340 (477.0)
denovo197 C1195_EU099821 342 (476.5)
denovo197 C3q_GU907655 339 (461.5)
denovo197 C53_AY589758 338 (475.0)
denovo197 C73_AY765408 328 (474.0)
denovo197 C17.2.1_KC597684 337 (440.5)
denovo197 C32_AY258497 337 (449.5)
denovo197 C1189_EU099831 336 (457.5)
denovo197 C1191_EU099833 335 (464.0)
denovo197 C1196_EU099819 336 (439.5)
denovo197 C1192_EU099820 336 (439.5)
denovo197 C17.1_JF683322 336 (448.5)
denovo197 C26_b2_FN827164 333 (453.5)
denovo197 C26_b3_FN827165 337 (448.0)
denovo197 C31.9_HQ630879 338 (444.0)
denovo197 C31a_AY589746 338 (440.5)
denovo197 C30_AY589745 328 (432.5)
denovo197 C31.1_HQ630876 332 (434.0)
denovo197 C31.5_HQ630877 326 (444.5)
denovo197 C31.6_HQ630878 328 (441.5)
denovo197 C31.2_JF683332 328 (441.5)
denovo197 C31.3_JF683333 328 (432.5)
denovo197 C26/C35a_AY239378 337 (448.0)
denovo197 C35a_AY258501 337 (448.0)
denovo197 C35.2_AY258500 337 (448.0)
denovo197 C26_b1_FN827163 337 (448.0)
denovo197 C17_AY239370 336 (448.5)
denovo197 C17.2_FJ461513 338 (447.5)
denovo197 C31.10_HQ630880 328 (445.0)
denovo197 C31.4_JF683334 334 (445.5)
denovo197 C31_AY258496 328 (441.5)
denovo197 C25_AY239377 334 (502.0)
denovo197 C61_AY589765 318 (450.5)
denovo197 C1043_DQ072721 337 (440.0)
denovo197 C79_AY765414 339 (468.0)
denovo197 C69_AY589773 326 (457.0)
denovo197 C69a_AY686648 326 (457.0)
denovo197 C21.22_KC597692 340 (431.5)
denovo197 C51_AY589756 335 (476.0)
denovo197 C1aa_HM185739 335 (477.0)
denovo197 C1096_DQ068023 334 (460.5)
denovo197 C74_AY765409 342 (491.0)
denovo197 C1185_AB294629 344 (496.5)
denovo197 C1184_AB294630 344 (487.5)
denovo197 C1153_AB294625 344 (487.5)
denovo197 C1154_AB294626 343 (503.0)
denovo197 C1187_AB294627 344 (487.5)
denovo197 C1186_AB294628 344 (487.5)
denovo197 C57_AY589761 344 (496.5)
denovo197 C66_AY589771 344 (496.5)
denovo197 C5_AF499795 334 (473.0)
denovo197 C1167_AB294586 334 (473.0)
denovo197 C1164_AB294593 334 (473.0)
denovo197 C1183_AB294631 334 (500.0)
denovo197 C1067_DQ335381 336 (478.5)
denovo197 C1159_AB294613 333 (475.5)
denovo197 C1150_AB294622 333 (484.5)
denovo197 C90_AM748554 335 (496.0)
denovo197 C1168_AB294583 334 (491.0)
denovo197 C1156_AB294616 334 (491.0)
denovo197 C1151_AB294621 334 (500.0)
denovo197 C92a_AM748561 334 (500.0)
denovo197 C92_AM748560 334 (491.0)
denovo197 C1165_AB294581 334 (482.0)
denovo197 C1166_AB294584 334 (500.0)
denovo197 C1162_AB294594 334 (482.0)
denovo197 C1163_AB294596 331 (491.5)
denovo197 C1161_AB294606 334 (491.0)
denovo197 C1160_AB294608 338 (483.5)
denovo197 C1158_AB294614 334 (500.0)
denovo197 C1155_AB294617 334 (482.0)
denovo197 C1149_AB294620 334 (491.0)
denovo197 C1173_AB294662 334 (500.0)
denovo197 C1171_AB294663 334 (482.0)
denovo197 C1172_AB294665 334 (491.0)
denovo197 C91a_AM748556 334 (500.0)
denovo197 C91b_AM748557 334 (491.0)
denovo197 C91d_AM748559 333 (488.5)
denovo197 C91c_AM748558 333 (488.5)
denovo197 C91_AJ621543 334 (491.0)
denovo197 C91_AM748555 334 (491.0)
denovo197 C1023_DQ335330 325 (443.0)
denovo197 C1020_DQ335392 338 (475.0)
denovo197 C1018_DQ335408 336 (478.5)
denovo197 C1074_DQ335329 336 (478.5)
denovo197 C1030_DQ335353 336 (478.5)
denovo197 C1022_DQ335331 336 (469.5)
denovo197 C1027_DQ335360 332 (484.0)
denovo197 C1072_DQ335344 336 (478.5)
denovo197 C1039_AB190274 336 (478.5)
denovo197 C1033_DQ335350 341 (466.5)
denovo197 C1019_DQ335407 336 (478.5)
denovo197 C1194_EU099826 336 (481.5)
denovo197 C8b_AY258475 337 (456.0)
denovo197 C8_AY239367 339 (468.5)
denovo197 C8a_AY239368 336 (468.0)
denovo197 C54a_AY765406 336 (487.5)
denovo197 C3ff_HM185740 336 (496.5)
denovo197 C59_AY589763 340 (464.0)
denovo197 C3k_AY589737 334 (490.5)
denovo197 C3.24_HE579012 333 (497.0)
denovo197 C3.23_HE579011 334 (490.5)
denovo197 C35.1_AY765401 339 (486.5)
denovo197 C35.3_EF541145 337 (481.0)
denovo197 C76_AY765411 336 (466.5)
denovo197 C1107_DQ335359 338 (473.0)
denovo197 C3.22_HE579010 341 (462.0)
denovo197 C77_AY765412 336 (475.0)
denovo197 C20_AY239371 336 (487.0)
denovo197 C1055_DQ480640 334 (469.0)
denovo197 C27/C30_AY239379 333 (444.5)
denovo197 C27.1_FJ461517 333 (435.5)
denovo197 C40a_AY589747 341 (481.5)
denovo197 C40_AY258485 341 (481.5)
denovo197 C40b_AY589748 343 (475.5)
denovo197 C16_AY258477 339 (478.0)
denovo197 C16a_AY765399 339 (478.0)
denovo197 C1091_AB207186 333 (486.5)
denovo197 C1102_DQ335400 333 (479.0)
denovo197 C1069_DQ335375 336 (487.5)
denovo197 C1073_DQ335332 337 (481.5)
denovo197 C1066_DQ335382 334 (473.0)
denovo197 C1031_DQ335352 333 (488.0)
denovo197 C1026_DQ335366 336 (487.5)
denovo197 C70_AY589774 333 (488.0)
denovo197 C1082_AB190267 333 (479.0)
denovo197 C1078_AB190271 333 (496.5)
denovo197 C1090_AB207191 333 (488.0)
denovo197 C1071_DQ335302 333 (488.0)
denovo197 C1075_DQ335328 333 (488.0)
denovo197 C1068_DQ335379 333 (479.0)
denovo197 C1064_DQ335395 333 (479.0)
denovo197 C1063_DQ335403 333 (497.0)
denovo197 C62_AY589766 333 (488.0)
denovo197 C1077_DQ335316 333 (502.0)
denovo197 C1109_DQ335338 333 (488.0)
denovo197 C1110_DQ335340 333 (479.0)
denovo197 C1106_DQ335339 333 (479.0)
denovo197 C1112_DQ335319 333 (488.0)
denovo197 C1108_DQ335351 333 (479.0)
denovo197 C1105_DQ335394 333 (488.0)
denovo197 C1121_DQ335378 335 (493.5)
denovo197 C1116_AB190268 335 (493.5)
denovo197 C1115_AB190273 335 (493.5)
denovo197 C1124_DQ335323 333 (479.0)
denovo197 C1120_DQ335398 333 (479.0)
denovo197 C1119_DQ335404 333 (488.0)
denovo197 C1123_DQ335363 333 (488.0)
denovo197 C1004_DQ480635 336 (478.0)
denovo197 C1061_AY186568 336 (478.0)
denovo197 C1053_AY186569 336 (478.0)
denovo197 C1003_DQ480639 336 (478.0)
denovo197 C81_GU907657 322 (465.0)
denovo197 C22_AY239373 331 (480.5)
denovo197 C22a_AY239374 334 (472.0)
denovo197 C1232_EU118163 339 (486.0)
denovo197 C21.13_FJ461515 335 (455.0)
denovo197 C21.1_JF683323 334 (452.0)
denovo197 C21.3_JF683325 336 (457.5)
denovo197 C1.20_HE578993 336 (469.5)
denovo197 C1.22_HE578995 336 (469.5)
denovo197 C52_AY589757 332 (479.5)
denovo197 C1201_EU099793 338 (443.5)
denovo197 C14_AY589741 336 (481.0)
denovo197 C43_AY589749 336 (487.0)
denovo197 C50_AY589755 336 (487.5)
denovo197 C3.14_HQ630872 335 (493.0)
denovo197 C1m_AY765398 333 (488.0)
denovo197 C82_GU907658 337 (489.5)
denovo197 C82b_GU907660 337 (489.5)
denovo197 C64_AY589768 333 (487.0)
denovo197 C45a_AY765404 335 (483.0)
denovo197 C48_AY589753 336 (499.0)
denovo197 C1_v1b_FJ919244 336 (469.5)
denovo197 C1_v1a_FJ919243 336 (478.5)
denovo197 C3j_AY239366 336 (478.5)
denovo197 C3t_EF541149 339 (486.5)
denovo197 C9_AF499798 338 (492.5)
denovo197 C23_AY239375 337 (499.5)
denovo197 C37_AY258481 336 (478.5)
denovo197 C1048_DQ068026 339 (477.5)
denovo197 C21.4_JF683326 336 (457.5)
denovo197 C21.5_JF683327 336 (457.5)
denovo197 C1070_DQ335349 336 (478.5)
denovo197 C21.6_HQ630873 336 (457.5)
denovo197 C1224_EU074890 336 (496.5)
denovo197 C1.17_HE578990 336 (496.5)
denovo197 C21_b1_FN827162 322 (446.5)
denovo197 C21.9_JF683330 338 (453.5)
denovo197 C1085_AY624605 333 (488.0)
denovo197 C3p_GU907654 335 (478.5)
denovo197 C3f_AY589734 336 (487.5)
denovo197 C65a_AY589770 334 (490.5)
denovo197 C65_AY589769 334 (490.5)
denovo197 C71_AY589775 334 (481.5)
denovo197 C71a_AY589776 334 (481.5)
denovo197 C1178_AB294647 335 (470.0)
denovo197 C1225_EU074893 333 (497.0)
denovo197 C75_AY765410 336 (487.5)
denovo197 C21.10_JF683331 336 (457.0)
denovo197 C21.11_HQ630874 336 (457.0)
denovo197 C1065_DQ335388 336 (495.0)
denovo197 C1045_DQ068036 336 (496.5)
denovo197 C1h_AY258473 335 (484.0)
denovo197 C38_AY258482 335 (475.0)
denovo197 C1202_EU099799 335 (484.0)
denovo197 C7_AF499797 335 (484.0)
denovo197 C12_AF499801 337 (473.5)
denovo197 C38a_AY258483 334 (486.5)
denovo197 C1200_EU099800 323 (483.5)
denovo197 C44a_AY589751 336 (487.0)
denovo197 C47_AY589752 339 (495.5)
denovo197 C44_AY589750 339 (486.5)
denovo197 C1.15_HE578988 336 (478.5)
denovo197 C45.3_FJ461522 339 (477.5)
denovo197 C46a_AY765405 339 (477.5)
denovo197 C46_EU449108 339 (486.5)
denovo197 C3.12_FJ461507 339 (486.5)
denovo197 C1k_AY589733 339 (477.5)
denovo197 C67_AY686647 339 (486.5)
denovo197 C82a_GU907659 336 (487.0)
denovo197 C10a_AY589739 339 (486.5)
denovo197 C10_AF499799 339 (477.5)
denovo197 C13_AY589740 337 (477.0)
denovo197 C4_AF499794 339 (477.5)
denovo197 C1147_EF656433 339 (477.5)
denovo197 C1c/C45_AY239364 339 (486.5)
denovo197 C1c/C45_EU449103 339 (486.5)
denovo197 C21.19_HE579031 332 (463.0)
denovo197 C21.21_HE579033 332 (454.0)
denovo197 C21.20_HE579032 332 (463.0)
denovo197 C42b_AY765403 340 (489.5)
denovo197 C42_AY258487 340 (489.5)
denovo197 C1p_GU907652 336 (487.5)
denovo197 C1d_AY258488 339 (477.5)
denovo197 C42_AY765402 339 (486.5)
denovo197 C3ha_AY589736 336 (448.5)
denovo197 C63a_AY589767 338 (465.5)
denovo197 C21a_AY589744 336 (457.5)
denovo197 C3o_GU907653 320 (459.5)
denovo197 C21.16_HQ630875 336 (448.5)
denovo197 C21.2_JF683324 336 (448.5)
denovo197 C21.7_JF683328 335 (455.0)
denovo197 C21.8_JF683329 336 (457.5)
denovo197 C3h_AY239365 336 (457.5)
denovo197 C1203_EU099798 321 (453.0)
denovo197 C3.10_FJ461505 336 (496.5)
denovo197 C21.14_FJ461516 336 (466.5)
denovo197 C21.18_HE579030 334 (457.5)
denovo197 C3.17_HE579005 336 (487.5)
denovo197 C3.9_FJ461504 331 (479.0)
denovo197 C3.8_FJ461503 336 (487.5)
denovo197 C3.7_FJ461502 336 (494.5)
denovo197 C3.11_FJ461506 338 (493.5)
denovo197 C3.18_HE579006 336 (487.5)
denovo197 C3.19_HE579007 336 (478.5)
denovo197 C3.20_HE579008 336 (478.5)
denovo197 C3g_AY589735 339 (479.5)
denovo197 C3a_AF499790 334 (491.0)
denovo197 C3e_AF499793 336 (487.5)
denovo197 C6_AF499796 338 (502.0)
denovo197 C11_AF499800 336 (478.5)
denovo197 C36_AY258480 336 (496.5)
denovo197 C29_AY258494 336 (496.5)
denovo197 C1146_EF656434 337 (490.5)
denovo197 C1190_EU099841 336 (496.5)
denovo197 C131_JF320826 336 (487.5)
denovo197 C28_AY239380 339 (498.0)
denovo197 C1012_DQ480604 336 (478.5)
denovo197 C1181_AB294640 336 (474.0)
denovo197 C1180_AB294641 336 (472.5)
denovo197 C1179_AB294645 334 (467.0)
denovo197 C1176_AB294651 334 (476.0)
denovo197 C1175_AB294653 336 (463.5)
denovo197 C1174_AB294655 338 (469.0)
denovo197 C1177_AB294659 336 (472.5)
denovo197 C1040_AB190269 338 (484.0)
denovo197 C1182_AB294649 336 (478.5)
denovo197 C1089_AJ278598 336 (478.5)
denovo197 C1028_DQ335357 338 (493.0)
denovo197 C3.16_EU786015 336 (487.5)
denovo197 C1097_AJ311943 335 (472.0)
denovo197 C1170_AB294661 336 (472.5)
denovo197 C21.17_HE579029 336 (468.5)
denovo197 C21/3d/C3k_AY239372 336 (457.5)
denovo197 C58_AY589762 337 (457.0)
denovo197 C3L_AY589738 334 (486.5)
denovo197 C1169_AB294660 336 (472.5)
denovo197 C3.2_FJ461497 336 (481.5)
denovo197 C3.1_JF683321 333 (482.5)
denovo197 C1104_AF427469 337 (487.5)
denovo197 C3b_AF499791 331 (494.0)
denovo197 C83_GU907661 336 (490.0)
denovo197 C49_AY589754 368 (502.0)
denovo197 C3_AB778606 336 (487.5)
denovo197 C3_AF499789 336 (487.5)
denovo197 C3_HE579001 336 (487.5)
denovo197 C21.12_FJ461514 336 (457.5)
denovo197 C1229_EU074888 333 (483.0)
denovo197 C1230_EU074889 333 (483.0)
denovo197 C1114_AB207196 336 (486.0)
denovo197 C3.21_HE579009 322 (473.5)
denovo197 C1057_DQ480619 336 (486.0)
denovo197 C72_AY765407 333 (487.0)
denovo197 C1b.3_HE578999 336 (472.5)
denovo197 C93_AJ621536 336 (491.0)
denovo197 C94_AJ621539 336 (491.0)
denovo197 C1g_AY589730 336 (496.5)
denovo197 C1i_AY589731 330 (479.5)
denovo197 C1j_AY589732 338 (493.0)
denovo197 C1005_DQ480633 336 (478.5)
denovo197 C1.7_FJ461494 336 (478.5)
denovo197 C1.11_HE578984 336 (478.5)
denovo197 C1.12_HE578985 336 (478.5)
denovo197 C1.13_HE578986 336 (487.5)
denovo197 C1.14_HE578987 336 (487.5)
denovo197 C1.18_HE578991 336 (489.0)
denovo197 C1.19_HE578992 336 (487.5)
denovo197 C1199_EU099802 332 (479.0)
denovo197 C1188_EU099838 333 (479.0)
denovo197 C1002_DQ838544 336 (487.5)
denovo197 C1198_EU099810 336 (478.5)
denovo197 C24_AY239376 336 (478.5)
denovo197 C1f_AY258490 336 (487.5)
denovo197 C1006_DQ480629 336 (496.5)
denovo197 C1010_DQ480607 336 (478.5)
denovo197 C1007_DQ480624 336 (478.5)
denovo197 C1011_DQ480605 336 (478.5)
denovo197 C1009_DQ480608 340 (480.5)
denovo197 C1041_AY186548 336 (487.5)
denovo197 C1052_AY186570 336 (478.5)
denovo197 C1148_EU040178 336 (487.5)
denovo197 C1234_EU118165 337 (487.5)
denovo197 C1.5_EF634157 336 (487.5)
denovo197 C1059_DQ480609 336 (486.0)
denovo197 C1228_EU074883 336 (478.5)
denovo197 C1208_EU074963 336 (478.5)
denovo197 C1207_EU074964 336 (487.5)
denovo197 C1206_EU074965 336 (478.5)
denovo197 C1013_DQ480642 336 (487.5)
denovo197 C80_GU907656 343 (473.0)
denovo197 C1a_AF499788 333 (479.0)
denovo197 C41_AY258486 336 (487.5)
denovo197 C39_AY258484 321 (483.0)
denovo197 C1231_EU074878 336 (487.5)
denovo197 C1b.1_HE578997 336 (481.5)
denovo197 C18_AY258478 336 (487.5)
denovo197 C1.10_HE578983 335 (482.0)
denovo197 C1_JN558041 336 (487.5)
denovo197 C1_HE578979 336 (487.5)
denovo197 C1_AM748551 336 (487.5)
denovo197 C1_AF333515 336 (487.5)
denovo197 C1054_AY186565 335 (491.0)
denovo197 C1008_DQ480613 336 (478.5)
denovo197 C1103_AF427470 337 (487.5)
denovo197 C1226_EU074881 337 (487.5)
denovo197 C1b/C1e_AY239363 336 (481.5)
denovo197 C1044_DQ068038 336 (472.5)
denovo197 C1017_DQ174729 337 (471.5)
denovo197 C1.6_FJ461493 336 (487.5)
denovo197 C1b.2_HE578998 336 (481.5)
denovo197 C1060_DQ480600 336 (487.5)
denovo197 C1227_EU074882 336 (487.5)
denovo197 C1197_EU099814 336 (487.5)
denovo197 C1130_DQ480643 312 (498.0)
denovo197 D109_AB097465 358 (315.5)
denovo197 D1.11_HE579040 355 (316.0)
denovo197 D105_AF174570 356 (310.5)
denovo197 D104_AF174572 355 (307.0)
denovo197 D1.3_JF683337 356 (309.5)
denovo197 D1.10_HE579039 366 (312.5)
denovo197 D110_AF174561 366 (312.5)
denovo197 D117_AF174542 355 (307.0)
denovo197 D114_AF174549 355 (316.0)
denovo197 D113_AF174557 355 (307.0)
denovo197 D112_AF174558 357 (313.5)
denovo197 D106_AF174559 355 (316.0)
denovo197 D111_AF174560 355 (315.5)
denovo197 D115_AF174562 355 (316.0)
denovo197 D107_AF174568 354 (313.5)
denovo197 D116_AF174571 355 (307.0)
denovo197 D124_EU074897 359 (319.0)
denovo197 D1.8_HE579037 357 (313.5)
denovo197 D3_AY686650 355 (316.0)
denovo197 D1.6_HQ630881 355 (307.0)
denovo197 D120_EU074900 355 (316.0)
denovo197 D121_EU074904 355 (307.0)
denovo197 D122_EU074905 355 (307.0)
denovo197 D1a.2_JF683339 361 (309.0)
denovo197 D1a.1_JF683338 359 (319.0)
denovo197 D2_AY686649 594 (373.0)
denovo197 D4_DQ865214 358 (313.0)
denovo197 D1a_AF499802 355 (316.0)
denovo197 D1a_JN558078 355 (316.0)
denovo197 D123_EU074895 358 (315.5)
denovo197 D108_AF174567 355 (325.0)
denovo197 D103_AF174575 360 (312.5)
denovo197 D100_AF411415 359 (310.5)
denovo197 D118_EF656435 353 (319.5)
denovo197 D101_AF411416 359 (295.5)
denovo197 D119_EU099832 357 (306.5)
denovo197 D102_AF174573 355 (319.0)
denovo197 D1_AF334660 355 (316.0)
denovo197 D1_JN558076 355 (316.0)
denovo197 D1.12_HE579041 347 (312.0)
denovo197 D1.1_AM748564 417 (323.0)
denovo197 D1.2_AM748617 441 (311.5)
denovo197 E111_EU074915 351 (333.0)
denovo197 E110_EU074914 367 (329.5)
denovo197 E114_EU074909 367 (329.5)
denovo197 E1_AF334659 368 (328.5)
denovo197 E105_EU074921 367 (338.5)
denovo197 E112_EU074916 367 (320.5)
denovo197 E104_EU074922 367 (329.5)
denovo197 E102_EU074924 367 (329.5)
denovo197 E103_EU074923 367 (329.5)
denovo197 E101_AY160123 371 (322.0)
denovo197 E109_EU074913 357 (345.0)
denovo197 E100_DQ011618 355 (355.5)
denovo197 E108_EU074912 359 (349.5)
denovo197 E113_EU074908 359 (353.0)
denovo197 E107_EU074910 359 (349.5)
denovo197 F1_JN558066 328 (466.0)
denovo197 F5.2d_AJ291530 326 (497.0)
denovo197 F104_AJ291531 326 (497.0)
denovo197 F5.2c_AM748596 326 (488.5)
denovo197 F5.2_AM748594 326 (488.0)
denovo197 F5.2a_AM748614 326 (488.0)
denovo197 F5.2b_AM748595 326 (488.0)
denovo197 F5.2e_AJ291533 323 (501.5)
denovo197 F5.2g_JN558072 326 (496.5)
denovo197 F5.2f_AJ291512 326 (487.5)
denovo197 F102_AJ291534 326 (487.5)
denovo197 F5.1c_AM748593 328 (511.5)
denovo197 F5.1d_JN558069 331 (474.0)
denovo197 F5.1b_AJ291535 327 (500.0)
denovo197 F5.1_AM748592 329 (496.5)
denovo197 F5.1a_AM748591 327 (500.0)
denovo197 F110_AJ291526 319 (547.0)
denovo197 F4.7_AM748587 321 (547.5)
denovo197 F4.5_AM748585 320 (540.5)
denovo197 F4.4a_AM748583 316 (565.5)
denovo197 F4.4_AM748582 321 (568.0)
denovo197 F4.4b_AM748584 314 (575.5)
denovo197 F4.1a_AM748573 323 (511.5)
denovo197 F112_AJ291528 320 (523.5)
denovo197 F4.1_AM748572 320 (523.5)
denovo197 F4.8b_AM748590 313 (564.0)
denovo197 F4.8_AM748588 313 (564.5)
denovo197 F4.8a_AM748589 313 (564.5)
denovo197 F109_AJ291527 317 (554.0)
denovo197 F4.6_AM748586 320 (532.0)
denovo197 F111_AJ311949 313 (552.5)
denovo197 F4.3c_AM748581 311 (564.5)
denovo197 F4.3a_AM748579 313 (571.5)
denovo197 F4.3b_AM748580 314 (555.5)
denovo197 F4.3_AM748578 314 (564.5)
denovo197 F4.2_AM748574 320 (577.0)
denovo197 F4.2a_AM748575 320 (562.5)
denovo197 F4.2c_AM748577 320 (559.0)
denovo197 F4.2b_AM748576 320 (562.5)
denovo197 F2b_AJ291521 329 (520.5)
denovo197 F2_AJ830908 325 (545.0)
denovo197 F2a_AJ830911 325 (540.5)
denovo197 F3.1a_AM748566 340 (501.0)
denovo197 F114_AJ291525 340 (510.5)
denovo197 F3.1_AM748565 340 (510.5)
denovo197 F3.2_AM748567 345 (533.0)
denovo197 F3.2a_AM748568 334 (528.0)
denovo197 F3.3_AM748569 338 (518.5)
denovo197 F3.4a_AM748571 336 (485.5)
denovo197 F3.4_AM748570 332 (491.5)
denovo197 F3.4b_AM748616 332 (491.5)
denovo197 G101_AJ291539 365 (335.0)
denovo197 G1_AM748597 365 (335.0)
denovo197 G2b_JN558087 348 (327.5)
denovo197 G2_AM748598 374 (327.5)
denovo197 G2a_AM748599 374 (318.5)
denovo197 G4_AM748601 359 (362.0)
denovo197 G3.4_LK392378 358 (324.5)
denovo197 G3_AM748600 360 (338.0)
denovo197 G3.2_KC597694 324 (330.5)
denovo197 G3.1_KC597688 358 (347.5)
denovo197 G100_AB253788 345 (337.5)
denovo197 G3.3_LK392377 349 (340.5)
denovo197 H6_AJ291520 628 (307.5)
denovo197 H3_AM748606 290 (532.5)
denovo197 H2_AM748605 298 (555.5)
denovo197 H4_AM748607 294 (546.5)
denovo197 H4a_AM748608 304 (545.0)
denovo197 H5a_AM748611 302 (525.5)
denovo197 H5b_AM748610 305 (524.0)
denovo197 H5_AJ621129 302 (525.5)
denovo197 H5_AM748609 302 (525.5)
denovo197 H100_AJ291513 302 (515.0)
denovo197 H1b_AM748604 302 (510.0)
denovo197 H1a_AM748612 302 (519.0)
denovo197 H1_AJ621152 302 (519.0)
denovo197 H1_AM748602 302 (519.0)
denovo197 I3_FN561561 340 (530.0)
denovo197 I4_FN561562 340 (530.0)
denovo197 I1_FN561559 339 (526.5)
denovo197 I2_FN561560 346 (528.0)

#---------------------------------------
#---------------------------------------
