denovo73 A136_DQ865210 304 (764.5)
denovo73 A133_DQ174725 282 (861.0)
denovo73 A115_AF180123 286 (724.5)
denovo73 A117_AF201746 286 (841.0)
denovo73 A134_DQ174723 286 (850.0)
denovo73 A114_AF184941 286 (850.0)
denovo73 A135_DQ174727 288 (854.5)
denovo73 A2_AF333506 289 (844.5)
denovo73 A101_AF427468 288 (854.5)
denovo73 A2_1_JN558097 288 (854.5)
denovo73 A2_2_JN558100 288 (854.5)
denovo73 A113_AF184948 280 (826.5)
denovo73 A112_AF184949 279 (851.0)
denovo73 A123_EF378618 275 (856.5)
denovo73 A137_EF378621 272 (957.0)
denovo73 A11_EU449041 272 (1065.5)
denovo73 A121_DQ174722 272 (1131.5)
denovo73 A15b_EU792886 272 (1080.5)
denovo73 A15a_EU792885 272 (1098.5)
denovo73 A15c_EU792887 273 (1083.5)
denovo73 A15_EU792884 272 (1089.5)
denovo73 A147_EU074937 272 (1116.5)
denovo73 A154_EU074860 272 (1116.5)
denovo73 A146_EU074936 272 (1116.5)
denovo73 A150_EU074928 272 (1116.5)
denovo73 A116_AF183575 272 (1116.5)
denovo73 A141_EU074931 272 (1125.5)
denovo73 A5_AF333508 272 (1158.5)
denovo73 A3b_EU449043 272 (1143.5)
denovo73 A151_EU074925 272 (1125.5)
denovo73 A152_EU074927 272 (1125.5)
denovo73 A149_EU074929 272 (1125.5)
denovo73 A140_EU074930 272 (1125.5)
denovo73 A142_EU074932 272 (1125.5)
denovo73 A143_EU074933 272 (1125.5)
denovo73 A144_EU074934 272 (1125.5)
denovo73 A145_EU074935 273 (1128.5)
denovo73 A148_EU074938 272 (1125.5)
denovo73 A155_EU074856 272 (1125.5)
denovo73 A156_EU074859 272 (1125.5)
denovo73 A139_EU074962 272 (1125.5)
denovo73 A6_AF186058 272 (1134.5)
denovo73 A3_AF333507 272 (1134.5)
denovo73 A3_JN558091 272 (1134.5)
denovo73 A8_AY258468 272 (1125.5)
denovo73 A7_AY239360 272 (1116.5)
denovo73 A16_EU792888 272 (1116.5)
denovo73 A4.3_FN429763 274 (1246.5)
denovo73 A120_AF180122 273 (1188.5)
denovo73 A4.2_FN429761 272 (1238.0)
denovo73 A4_AF333509 272 (1275.0)
denovo73 A4.1_FN429760 272 (1254.5)
denovo73 A4a_AF499778 272 (1266.0)
denovo73 A4a.1_FN429762 272 (1266.0)
denovo73 A138_EF378620 274 (1126.5)
denovo73 A122_EF378619 273 (1154.5)
denovo73 A126_EF378615 272 (1173.5)
denovo73 A10_EU792882 272 (1173.5)
denovo73 A9_EU449028 272 (1185.0)
denovo73 A105_AB207202 272 (1185.0)
denovo73 A119_AF180121 273 (1122.5)
denovo73 A12_EU792883 272 (1194.0)
denovo73 A104_AB207203 272 (1194.0)
denovo73 A1a_EU449030 272 (1203.0)
denovo73 A1.3_HE578976 272 (1203.0)
denovo73 A1.4_HE578977 272 (1203.0)
denovo73 A13_AF333504 272 (1203.0)
denovo73 A13_JN558094 272 (1203.0)
denovo73 A110_AB190282 272 (1203.0)
denovo73 A103_AB207206 272 (1203.0)
denovo73 A130_EF656428 272 (1203.0)
denovo73 A127_EF656429 272 (1203.0)
denovo73 A128_EF656430 272 (1203.0)
denovo73 A129_EF656431 272 (1203.0)
denovo73 A131_EF656432 272 (1203.0)
denovo73 A118_AF180120 272 (1150.5)
denovo73 A1_AF333505 272 (1212.0)
denovo73 A107_AB207199 272 (1185.0)
denovo73 A111_AB190280 272 (1194.0)
denovo73 A108_AB207197 272 (1179.0)
denovo73 A106_AB207200 272 (1185.0)
denovo73 A102_AB207209 272 (1203.0)
denovo73 A1.2_AB207210 272 (1203.0)
denovo73 A109_AB190285 272 (1194.0)
denovo73 B4_AF333510 335 (536.0)
denovo73 B23_EU449079 343 (496.0)
denovo73 B30_GU907644 344 (490.0)
denovo73 B11_AY239361 349 (514.5)
denovo73 B17_AY258470 345 (499.5)
denovo73 B1k_GU907638 285 (262.5)
denovo73 B1.V_Green2014 352 (484.5)
denovo73 B1b_AF499780 341 (520.5)
denovo73 B16_AY258469 348 (500.0)
denovo73 B31a_GU907646 343 (504.0)
denovo73 B32_GU907647 347 (515.5)
denovo73 B31_GU907645 347 (507.0)
denovo73 B1j_GU907637 343 (512.0)
denovo73 B37_GU907650 343 (523.0)
denovo73 B5a_AF499782 348 (500.0)
denovo73 B5_AF499781 348 (509.0)
denovo73 B24_GU907643 348 (386.0)
denovo73 B117_AF180124 327 (481.5)
denovo73 B10_AF499787 348 (500.0)
denovo73 B20_GU907642 353 (502.0)
denovo73 B1m_GU907640 347 (507.0)
denovo73 B34_GU907649 348 (509.0)
denovo73 B1d_GU907633 348 (509.0)
denovo73 B1e_GU907634 348 (509.0)
denovo73 B1i_GU907636 347 (507.0)
denovo73 B1g_GU907635 349 (500.0)
denovo73 B123_EU074872 348 (491.0)
denovo73 B8_AF499785 348 (498.0)
denovo73 B1l_GU907639 348 (500.5)
denovo73 B1a_AF499779 348 (509.0)
denovo73 B14_AY239362 349 (490.0)
denovo73 B125_EU074865 353 (506.0)
denovo73 B122_EU074871 347 (507.0)
denovo73 B124_EU074874 348 (500.0)
denovo73 B1.VII_Green2014 348 (457.5)
denovo73 B1.III_Green2014 335 (497.5)
denovo73 B1.I_Green2014 348 (509.0)
denovo73 B1.II_Green2014 348 (509.0)
denovo73 B1_JN558057 348 (509.0)
denovo73 B1_AF333511 348 (509.0)
denovo73 B1.IV_Green2014 358 (504.0)
denovo73 B121_EU074870 348 (509.0)
denovo73 B7_AF499784 348 (509.0)
denovo73 B1.VI_Green2014 339 (502.5)
denovo73 B3_AF333514 339 (515.5)
denovo73 B9_AF499786 339 (497.0)
denovo73 B19a_JN558055 321 (493.5)
denovo73 B119_EU099825 334 (509.0)
denovo73 B21_DQ865213 338 (498.5)
denovo73 B38_GU907651 338 (498.5)
denovo73 B18_AY258471 339 (524.0)
denovo73 B18a_AY258472 339 (524.0)
denovo73 B33_GU907648 344 (511.5)
denovo73 B6_AF499783 340 (518.0)
denovo73 B19_DQ865212 339 (506.0)
denovo73 B19_GU907641 339 (506.0)
denovo73 B2_AF333512 339 (506.0)
denovo73 B2_JN558060 339 (506.0)
denovo73 C33.1_AY258498 337 (533.0)
denovo73 C33.2_AY765400 337 (533.0)
denovo73 C33a_EF541147 337 (533.0)
denovo73 C34_AY258499 336 (548.5)
denovo73 C78_AY765413 342 (522.5)
denovo73 C15.29_KC597690 338 (509.0)
denovo73 C1131_DQ182650 342 (494.0)
denovo73 C1135_DQ182646 331 (497.0)
denovo73 C1134_DQ182647 328 (489.0)
denovo73 C1142_DQ182635 329 (491.0)
denovo73 C1136_DQ182644 338 (498.5)
denovo73 C1111_DQ182645 332 (506.5)
denovo73 C1236_EF473656 332 (497.5)
denovo73 C1138_DQ182642 332 (497.5)
denovo73 C1137_DQ182643 333 (508.0)
denovo73 C1133_DQ182648 332 (497.5)
denovo73 C1132_DQ182649 332 (506.5)
denovo73 C1143_DQ182634 332 (506.5)
denovo73 C1139_DQ182639 329 (500.0)
denovo73 C15.28_KC597687 329 (546.0)
denovo73 C1141_DQ182636 329 (509.0)
denovo73 C1144_DQ182637 329 (509.0)
denovo73 C1122_DQ182654 331 (506.0)
denovo73 C1127_DQ182652 329 (509.0)
denovo73 C15.30_JX394114 349 (542.0)
denovo73 C15.26_KC597686 340 (534.5)
denovo73 C1086_DQ182656 344 (535.5)
denovo73 C15.25_KC597685 344 (544.5)
denovo73 C1118_AF180127 330 (520.5)
denovo73 C1129_DQ182651 343 (496.5)
denovo73 C15.21_KC597683 337 (524.5)
denovo73 C56_AY589760 342 (531.0)
denovo73 C1140_DQ182638 336 (503.0)
denovo73 C1126_DQ182653 341 (508.0)
denovo73 C15c_AY258492 341 (536.5)
denovo73 C15d_AY258493 340 (543.0)
denovo73 C1098_DQ182641 343 (531.5)
denovo73 C15.27_KC597689 336 (549.0)
denovo73 C15.18_HE579024 342 (540.0)
denovo73 C15.16_HE579022 343 (551.5)
denovo73 C1101_AB253787 343 (524.5)
denovo73 C1083_AY237300 339 (540.5)
denovo73 C1088_DQ182640 343 (542.5)
denovo73 C15.6_FN563472 343 (533.5)
denovo73 C15.5_FJ461512 336 (540.0)
denovo73 C15.4_FJ461511 336 (540.0)
denovo73 C15.13_HE579019 343 (524.5)
denovo73 C15.12_HE579018 343 (533.5)
denovo73 C93a_AM748563 341 (554.0)
denovo73 C1094_AJ291514 341 (536.0)
denovo73 C93_AM748562 341 (545.0)
denovo73 C15.17_HE579023 342 (543.0)
denovo73 C15e_AY589742 342 (542.0)
denovo73 C15.22_KC597695 343 (533.5)
denovo73 C60_AY589764 336 (540.0)
denovo73 C15.1_FJ461508 343 (543.0)
denovo73 C15.2_FJ461509 343 (533.5)
denovo73 C15.9_FN563475 335 (545.5)
denovo73 C15.7_HE579015 343 (542.5)
denovo73 C15.8_HE579016 343 (533.5)
denovo73 C15.15_HE579021 343 (533.5)
denovo73 C15.19_HE579025 342 (549.0)
denovo73 C15.24_KC597696 343 (534.0)
denovo73 C15.3_FJ461510 336 (540.0)
denovo73 C1087_DQ182655 335 (546.0)
denovo73 C15.14_HE579020 344 (542.0)
denovo73 C15.23_KC597697 344 (542.0)
denovo73 C19_AY258479 342 (543.0)
denovo73 C1233_EU118166 343 (533.5)
denovo73 C15b_AY258491 343 (533.5)
denovo73 C15a_AY258476 336 (549.0)
denovo73 C1051_AF195153 343 (551.5)
denovo73 C2_AF333518 344 (549.5)
denovo73 C15.20_HE579026 344 (542.0)
denovo73 C15f_AY589743 344 (542.0)
denovo73 C55_AY589759 338 (540.5)
denovo73 C15_AY239369 343 (542.5)
denovo73 C32.1_JF683335 343 (548.0)
denovo73 C32.2_JF683336 343 (547.5)
denovo73 C21.23_KC597693 343 (547.5)
denovo73 C1193_EU099827 336 (527.5)
denovo73 C1195_EU099821 349 (496.5)
denovo73 C3q_GU907655 329 (548.0)
denovo73 C53_AY589758 342 (531.5)
denovo73 C73_AY765408 338 (544.0)
denovo73 C17.2.1_KC597684 342 (544.0)
denovo73 C32_AY258497 332 (543.5)
denovo73 C1189_EU099831 329 (544.5)
denovo73 C1191_EU099833 329 (553.5)
denovo73 C1196_EU099819 336 (537.0)
denovo73 C1192_EU099820 336 (537.0)
denovo73 C17.1_JF683322 331 (549.0)
denovo73 C26_b2_FN827164 338 (548.5)
denovo73 C26_b3_FN827165 338 (530.5)
denovo73 C31.9_HQ630879 339 (545.0)
denovo73 C31a_AY589746 340 (535.0)
denovo73 C30_AY589745 331 (544.0)
denovo73 C31.1_HQ630876 331 (544.0)
denovo73 C31.5_HQ630877 340 (544.0)
denovo73 C31.6_HQ630878 336 (541.0)
denovo73 C31.2_JF683332 332 (538.0)
denovo73 C31.3_JF683333 339 (550.5)
denovo73 C26/C35a_AY239378 338 (539.5)
denovo73 C35a_AY258501 338 (539.5)
denovo73 C35.2_AY258500 338 (548.5)
denovo73 C26_b1_FN827163 338 (548.5)
denovo73 C17_AY239370 337 (549.0)
denovo73 C17.2_FJ461513 339 (548.0)
denovo73 C31.10_HQ630880 339 (554.0)
denovo73 C31.4_JF683334 344 (532.5)
denovo73 C31_AY258496 340 (544.0)
denovo73 C25_AY239377 331 (527.5)
denovo73 C61_AY589765 335 (549.0)
denovo73 C1043_DQ072721 341 (504.0)
denovo73 C79_AY765414 335 (537.5)
denovo73 C69_AY589773 322 (551.5)
denovo73 C69a_AY686648 322 (542.5)
denovo73 C21.22_KC597692 325 (558.0)
denovo73 C51_AY589756 341 (536.5)
denovo73 C1aa_HM185739 343 (544.0)
denovo73 C1096_DQ068023 341 (525.0)
denovo73 C74_AY765409 334 (546.5)
denovo73 C1185_AB294629 342 (543.0)
denovo73 C1184_AB294630 342 (543.0)
denovo73 C1153_AB294625 342 (552.5)
denovo73 C1154_AB294626 341 (558.5)
denovo73 C1187_AB294627 342 (543.0)
denovo73 C1186_AB294628 339 (553.0)
denovo73 C57_AY589761 342 (552.0)
denovo73 C66_AY589771 342 (552.0)
denovo73 C5_AF499795 343 (542.5)
denovo73 C1167_AB294586 342 (558.0)
denovo73 C1164_AB294593 343 (542.5)
denovo73 C1183_AB294631 333 (539.0)
denovo73 C1067_DQ335381 336 (540.0)
denovo73 C1159_AB294613 347 (559.0)
denovo73 C1150_AB294622 345 (554.0)
denovo73 C90_AM748554 332 (557.0)
denovo73 C1168_AB294583 343 (542.5)
denovo73 C1156_AB294616 341 (554.0)
denovo73 C1151_AB294621 343 (560.5)
denovo73 C92a_AM748561 343 (551.5)
denovo73 C92_AM748560 343 (551.5)
denovo73 C1165_AB294581 342 (557.5)
denovo73 C1166_AB294584 343 (560.5)
denovo73 C1162_AB294594 342 (548.5)
denovo73 C1163_AB294596 337 (542.5)
denovo73 C1161_AB294606 341 (546.0)
denovo73 C1160_AB294608 343 (560.5)
denovo73 C1158_AB294614 343 (551.5)
denovo73 C1155_AB294617 343 (542.5)
denovo73 C1149_AB294620 335 (554.5)
denovo73 C1173_AB294662 343 (542.5)
denovo73 C1171_AB294663 343 (542.5)
denovo73 C1172_AB294665 343 (542.5)
denovo73 C91a_AM748556 335 (545.5)
denovo73 C91b_AM748557 337 (543.0)
denovo73 C91d_AM748559 342 (549.0)
denovo73 C91c_AM748558 342 (548.5)
denovo73 C91_AJ621543 343 (551.5)
denovo73 C91_AM748555 343 (551.5)
denovo73 C1023_DQ335330 313 (541.0)
denovo73 C1020_DQ335392 343 (551.5)
denovo73 C1018_DQ335408 335 (555.0)
denovo73 C1074_DQ335329 343 (542.5)
denovo73 C1030_DQ335353 343 (551.5)
denovo73 C1022_DQ335331 343 (551.5)
denovo73 C1027_DQ335360 343 (551.5)
denovo73 C1072_DQ335344 343 (542.5)
denovo73 C1039_AB190274 336 (549.0)
denovo73 C1033_DQ335350 348 (539.5)
denovo73 C1019_DQ335407 343 (551.5)
denovo73 C1194_EU099826 338 (530.0)
denovo73 C8b_AY258475 335 (522.0)
denovo73 C8_AY239367 332 (527.5)
denovo73 C8a_AY239368 332 (527.5)
denovo73 C54a_AY765406 333 (548.5)
denovo73 C3ff_HM185740 344 (545.0)
denovo73 C59_AY589763 342 (542.0)
denovo73 C3k_AY589737 335 (546.5)
denovo73 C3.24_HE579012 340 (553.0)
denovo73 C3.23_HE579011 341 (546.5)
denovo73 C35.1_AY765401 335 (563.0)
denovo73 C35.3_EF541145 335 (563.0)
denovo73 C76_AY765411 341 (544.0)
denovo73 C1107_DQ335359 338 (513.5)
denovo73 C3.22_HE579010 337 (544.5)
denovo73 C77_AY765412 343 (540.0)
denovo73 C20_AY239371 343 (542.5)
denovo73 C1055_DQ480640 335 (541.5)
denovo73 C27/C30_AY239379 338 (548.5)
denovo73 C27.1_FJ461517 338 (539.5)
denovo73 C40a_AY589747 341 (546.0)
denovo73 C40_AY258485 341 (546.0)
denovo73 C40b_AY589748 342 (544.0)
denovo73 C16_AY258477 336 (539.5)
denovo73 C16a_AY765399 337 (542.5)
denovo73 C1091_AB207186 327 (539.0)
denovo73 C1102_DQ335400 337 (523.5)
denovo73 C1069_DQ335375 327 (539.0)
denovo73 C1073_DQ335332 337 (541.5)
denovo73 C1066_DQ335382 337 (541.5)
denovo73 C1031_DQ335352 338 (553.5)
denovo73 C1026_DQ335366 344 (554.5)
denovo73 C70_AY589774 337 (550.5)
denovo73 C1082_AB190267 337 (532.5)
denovo73 C1078_AB190271 337 (541.5)
denovo73 C1090_AB207191 329 (545.0)
denovo73 C1071_DQ335302 329 (535.5)
denovo73 C1075_DQ335328 331 (541.5)
denovo73 C1068_DQ335379 337 (532.5)
denovo73 C1064_DQ335395 337 (550.5)
denovo73 C1063_DQ335403 337 (532.5)
denovo73 C62_AY589766 337 (541.5)
denovo73 C1077_DQ335316 338 (541.0)
denovo73 C1109_DQ335338 337 (532.5)
denovo73 C1110_DQ335340 337 (532.5)
denovo73 C1106_DQ335339 327 (521.0)
denovo73 C1112_DQ335319 327 (530.0)
denovo73 C1108_DQ335351 327 (521.0)
denovo73 C1105_DQ335394 327 (530.0)
denovo73 C1121_DQ335378 327 (521.0)
denovo73 C1116_AB190268 337 (532.5)
denovo73 C1115_AB190273 327 (530.0)
denovo73 C1124_DQ335323 327 (512.0)
denovo73 C1120_DQ335398 326 (527.0)
denovo73 C1119_DQ335404 329 (526.5)
denovo73 C1123_DQ335363 327 (521.0)
denovo73 C1004_DQ480635 331 (551.5)
denovo73 C1061_AY186568 332 (536.5)
denovo73 C1053_AY186569 332 (545.5)
denovo73 C1003_DQ480639 332 (545.5)
denovo73 C81_GU907657 328 (543.5)
denovo73 C22_AY239373 332 (554.0)
denovo73 C22a_AY239374 332 (554.0)
denovo73 C1232_EU118163 336 (540.0)
denovo73 C21.13_FJ461515 339 (553.5)
denovo73 C21.1_JF683323 329 (561.0)
denovo73 C21.3_JF683325 336 (546.5)
denovo73 C1.20_HE578993 332 (545.5)
denovo73 C1.22_HE578995 332 (536.5)
denovo73 C52_AY589757 329 (539.0)
denovo73 C1201_EU099793 336 (498.5)
denovo73 C14_AY589741 336 (542.0)
denovo73 C43_AY589749 337 (541.5)
denovo73 C50_AY589755 336 (549.0)
denovo73 C3.14_HQ630872 343 (542.5)
denovo73 C1m_AY765398 337 (532.5)
denovo73 C82_GU907658 343 (532.5)
denovo73 C82b_GU907660 343 (532.5)
denovo73 C64_AY589768 343 (551.5)
denovo73 C45a_AY765404 342 (540.0)
denovo73 C48_AY589753 333 (560.0)
denovo73 C1_v1b_FJ919244 332 (536.5)
denovo73 C1_v1a_FJ919243 332 (536.5)
denovo73 C3j_AY239366 343 (533.5)
denovo73 C3t_EF541149 341 (563.0)
denovo73 C9_AF499798 343 (533.5)
denovo73 C23_AY239375 337 (532.5)
denovo73 C37_AY258481 331 (552.0)
denovo73 C1048_DQ068026 333 (531.0)
denovo73 C21.4_JF683326 331 (540.0)
denovo73 C21.5_JF683327 337 (549.0)
denovo73 C1070_DQ335349 343 (542.5)
denovo73 C21.6_HQ630873 337 (549.0)
denovo73 C1224_EU074890 328 (542.5)
denovo73 C1.17_HE578990 332 (545.5)
denovo73 C21_b1_FN827162 335 (542.5)
denovo73 C21.9_JF683330 335 (551.5)
denovo73 C1085_AY624605 337 (550.5)
denovo73 C3p_GU907654 343 (546.0)
denovo73 C3f_AY589734 343 (551.5)
denovo73 C65a_AY589770 336 (549.0)
denovo73 C65_AY589769 336 (558.0)
denovo73 C71_AY589775 336 (558.0)
denovo73 C71a_AY589776 336 (549.0)
denovo73 C1178_AB294647 342 (551.0)
denovo73 C1225_EU074893 336 (548.0)
denovo73 C75_AY765410 346 (551.5)
denovo73 C21.10_JF683331 333 (555.0)
denovo73 C21.11_HQ630874 337 (558.0)
denovo73 C1065_DQ335388 343 (542.0)
denovo73 C1045_DQ068036 343 (551.0)
denovo73 C1h_AY258473 332 (545.5)
denovo73 C38_AY258482 337 (551.5)
denovo73 C1202_EU099799 343 (542.5)
denovo73 C7_AF499797 343 (551.5)
denovo73 C12_AF499801 345 (541.0)
denovo73 C38a_AY258483 344 (551.0)
denovo73 C1200_EU099800 332 (554.0)
denovo73 C44a_AY589751 335 (546.0)
denovo73 C47_AY589752 343 (542.5)
denovo73 C44_AY589750 343 (542.5)
denovo73 C1.15_HE578988 332 (546.0)
denovo73 C45.3_FJ461522 343 (543.0)
denovo73 C46a_AY765405 343 (542.5)
denovo73 C46_EU449108 343 (542.5)
denovo73 C3.12_FJ461507 343 (551.5)
denovo73 C1k_AY589733 343 (542.5)
denovo73 C67_AY686647 343 (542.5)
denovo73 C82a_GU907659 341 (536.0)
denovo73 C10a_AY589739 342 (540.0)
denovo73 C10_AF499799 342 (540.0)
denovo73 C13_AY589740 348 (537.0)
denovo73 C4_AF499794 343 (533.5)
denovo73 C1147_EF656433 334 (542.5)
denovo73 C1c/C45_AY239364 343 (542.5)
denovo73 C1c/C45_EU449103 343 (542.5)
denovo73 C21.19_HE579031 337 (540.0)
denovo73 C21.21_HE579033 337 (531.0)
denovo73 C21.20_HE579032 337 (540.0)
denovo73 C42b_AY765403 337 (523.5)
denovo73 C42_AY258487 337 (532.5)
denovo73 C1p_GU907652 332 (536.5)
denovo73 C1d_AY258488 342 (530.5)
denovo73 C42_AY765402 343 (533.5)
denovo73 C3ha_AY589736 337 (549.0)
denovo73 C63a_AY589767 331 (551.0)
denovo73 C21a_AY589744 337 (558.0)
denovo73 C3o_GU907653 337 (549.5)
denovo73 C21.16_HQ630875 331 (558.0)
denovo73 C21.2_JF683324 337 (558.0)
denovo73 C21.7_JF683328 336 (555.5)
denovo73 C21.8_JF683329 329 (561.5)
denovo73 C3h_AY239365 337 (549.0)
denovo73 C1203_EU099798 337 (549.0)
denovo73 C3.10_FJ461505 343 (551.5)
denovo73 C21.14_FJ461516 337 (558.0)
denovo73 C21.18_HE579030 343 (546.0)
denovo73 C3.17_HE579005 343 (542.5)
denovo73 C3.9_FJ461504 332 (552.5)
denovo73 C3.8_FJ461503 334 (551.5)
denovo73 C3.7_FJ461502 343 (542.5)
denovo73 C3.11_FJ461506 343 (551.5)
denovo73 C3.18_HE579006 343 (542.5)
denovo73 C3.19_HE579007 343 (551.0)
denovo73 C3.20_HE579008 343 (542.5)
denovo73 C3g_AY589735 346 (552.5)
denovo73 C3a_AF499790 335 (555.0)
denovo73 C3e_AF499793 343 (542.5)
denovo73 C6_AF499796 346 (551.5)
denovo73 C11_AF499800 341 (554.5)
denovo73 C36_AY258480 345 (547.0)
denovo73 C29_AY258494 335 (547.0)
denovo73 C1146_EF656434 343 (552.0)
denovo73 C1190_EU099841 343 (560.5)
denovo73 C131_JF320826 343 (542.5)
denovo73 C28_AY239380 345 (541.5)
denovo73 C1012_DQ480604 336 (549.0)
denovo73 C1181_AB294640 343 (544.5)
denovo73 C1180_AB294641 343 (562.5)
denovo73 C1179_AB294645 343 (553.5)
denovo73 C1176_AB294651 339 (552.0)
denovo73 C1175_AB294653 343 (553.5)
denovo73 C1174_AB294655 343 (553.5)
denovo73 C1177_AB294659 344 (547.0)
denovo73 C1040_AB190269 343 (551.5)
denovo73 C1182_AB294649 343 (542.5)
denovo73 C1089_AJ278598 343 (542.5)
denovo73 C1028_DQ335357 343 (551.5)
denovo73 C3.16_EU786015 343 (560.5)
denovo73 C1097_AJ311943 344 (541.5)
denovo73 C1170_AB294661 343 (553.5)
denovo73 C21.17_HE579029 338 (563.0)
denovo73 C21/3d/C3k_AY239372 337 (558.0)
denovo73 C58_AY589762 338 (557.5)
denovo73 C3L_AY589738 334 (548.5)
denovo73 C1169_AB294660 343 (553.5)
denovo73 C3.2_FJ461497 342 (552.0)
denovo73 C3.1_JF683321 331 (555.5)
denovo73 C1104_AF427469 344 (541.5)
denovo73 C3b_AF499791 342 (552.0)
denovo73 C83_GU907661 343 (554.0)
denovo73 C49_AY589754 367 (570.0)
denovo73 C3_AB778606 343 (551.5)
denovo73 C3_AF499789 343 (551.5)
denovo73 C3_HE579001 343 (551.5)
denovo73 C21.12_FJ461514 337 (549.0)
denovo73 C1229_EU074888 334 (547.0)
denovo73 C1230_EU074889 334 (556.0)
denovo73 C1114_AB207196 343 (533.5)
denovo73 C3.21_HE579009 335 (478.5)
denovo73 C1057_DQ480619 332 (536.5)
denovo73 C72_AY765407 338 (536.0)
denovo73 C1b.3_HE578999 331 (537.0)
denovo73 C93_AJ621536 343 (542.5)
denovo73 C94_AJ621539 332 (536.5)
denovo73 C1g_AY589730 332 (554.5)
denovo73 C1i_AY589731 341 (536.0)
denovo73 C1j_AY589732 332 (545.5)
denovo73 C1005_DQ480633 332 (536.5)
denovo73 C1.7_FJ461494 332 (545.5)
denovo73 C1.11_HE578984 337 (541.5)
denovo73 C1.12_HE578985 332 (545.5)
denovo73 C1.13_HE578986 332 (545.5)
denovo73 C1.14_HE578987 333 (548.5)
denovo73 C1.18_HE578991 332 (536.5)
denovo73 C1.19_HE578992 332 (545.5)
denovo73 C1199_EU099802 342 (534.0)
denovo73 C1188_EU099838 342 (549.0)
denovo73 C1002_DQ838544 343 (551.5)
denovo73 C1198_EU099810 332 (536.5)
denovo73 C24_AY239376 342 (530.5)
denovo73 C1f_AY258490 332 (545.5)
denovo73 C1006_DQ480629 332 (545.5)
denovo73 C1010_DQ480607 332 (545.5)
denovo73 C1007_DQ480624 332 (536.5)
denovo73 C1011_DQ480605 331 (552.0)
denovo73 C1009_DQ480608 332 (545.5)
denovo73 C1041_AY186548 334 (541.5)
denovo73 C1052_AY186570 332 (545.5)
denovo73 C1148_EU040178 343 (542.5)
denovo73 C1234_EU118165 344 (532.5)
denovo73 C1.5_EF634157 333 (540.0)
denovo73 C1059_DQ480609 332 (536.5)
denovo73 C1228_EU074883 332 (545.5)
denovo73 C1208_EU074963 335 (544.5)
denovo73 C1207_EU074964 332 (545.5)
denovo73 C1206_EU074965 343 (551.5)
denovo73 C1013_DQ480642 332 (545.5)
denovo73 C80_GU907656 347 (546.0)
denovo73 C1a_AF499788 343 (542.5)
denovo73 C41_AY258486 342 (539.5)
denovo73 C39_AY258484 330 (544.0)
denovo73 C1231_EU074878 332 (536.5)
denovo73 C1b.1_HE578997 331 (537.0)
denovo73 C18_AY258478 343 (542.5)
denovo73 C1.10_HE578983 335 (544.0)
denovo73 C1_JN558041 332 (545.5)
denovo73 C1_HE578979 332 (545.5)
denovo73 C1_AM748551 332 (545.5)
denovo73 C1_AF333515 332 (545.5)
denovo73 C1054_AY186565 342 (546.0)
denovo73 C1008_DQ480613 332 (536.5)
denovo73 C1103_AF427470 333 (535.5)
denovo73 C1226_EU074881 333 (535.5)
denovo73 C1b/C1e_AY239363 331 (546.0)
denovo73 C1044_DQ068038 332 (530.5)
denovo73 C1017_DQ174729 332 (536.0)
denovo73 C1.6_FJ461493 332 (536.5)
denovo73 C1b.2_HE578998 331 (537.0)
denovo73 C1060_DQ480600 332 (536.5)
denovo73 C1227_EU074882 332 (536.5)
denovo73 C1197_EU099814 332 (536.5)
denovo73 C1130_DQ480643 332 (431.0)
denovo73 D109_AB097465 337 (444.5)
denovo73 D1.11_HE579040 333 (461.0)
denovo73 D105_AF174570 331 (464.0)
denovo73 D104_AF174572 333 (452.5)
denovo73 D1.3_JF683337 336 (444.0)
denovo73 D1.10_HE579039 329 (457.5)
denovo73 D110_AF174561 330 (461.0)
denovo73 D117_AF174542 331 (446.0)
denovo73 D114_AF174549 331 (455.0)
denovo73 D113_AF174557 333 (452.5)
denovo73 D112_AF174558 337 (446.0)
denovo73 D106_AF174559 331 (464.0)
denovo73 D111_AF174560 331 (455.0)
denovo73 D115_AF174562 331 (446.0)
denovo73 D107_AF174568 331 (446.0)
denovo73 D116_AF174571 320 (449.5)
denovo73 D124_EU074897 331 (445.5)
denovo73 D1.8_HE579037 333 (461.5)
denovo73 D3_AY686650 332 (458.0)
denovo73 D1.6_HQ630881 337 (454.5)
denovo73 D120_EU074900 333 (452.5)
denovo73 D121_EU074904 320 (458.5)
denovo73 D122_EU074905 331 (454.5)
denovo73 D1a.2_JF683339 335 (452.5)
denovo73 D1a.1_JF683338 333 (452.5)
denovo73 D2_AY686649 578 (508.0)
denovo73 D4_DQ865214 334 (452.0)
denovo73 D1a_AF499802 333 (452.5)
denovo73 D1a_JN558078 333 (452.5)
denovo73 D123_EU074895 331 (455.0)
denovo73 D108_AF174567 333 (461.5)
denovo73 D103_AF174575 331 (464.0)
denovo73 D100_AF411415 327 (451.5)
denovo73 D118_EF656435 331 (455.0)
denovo73 D101_AF411416 327 (436.5)
denovo73 D119_EU099832 332 (450.5)
denovo73 D102_AF174573 330 (455.5)
denovo73 D1_AF334660 331 (455.0)
denovo73 D1_JN558076 331 (455.0)
denovo73 D1.12_HE579041 314 (450.0)
denovo73 D1.1_AM748564 390 (471.5)
denovo73 D1.2_AM748617 410 (465.5)
denovo73 E111_EU074915 336 (480.5)
denovo73 E110_EU074914 335 (497.0)
denovo73 E114_EU074909 333 (492.0)
denovo73 E1_AF334659 337 (480.5)
denovo73 E105_EU074921 336 (490.5)
denovo73 E112_EU074916 333 (483.0)
denovo73 E104_EU074922 333 (492.0)
denovo73 E102_EU074924 333 (483.0)
denovo73 E103_EU074923 333 (492.0)
denovo73 E101_AY160123 329 (495.0)
denovo73 E109_EU074913 329 (487.0)
denovo73 E100_DQ011618 335 (494.5)
denovo73 E108_EU074912 338 (493.5)
denovo73 E113_EU074908 335 (488.5)
denovo73 E107_EU074910 335 (494.0)
denovo73 F1_JN558066 337 (524.0)
denovo73 F5.2d_AJ291530 342 (531.5)
denovo73 F104_AJ291531 342 (531.5)
denovo73 F5.2c_AM748596 339 (531.5)
denovo73 F5.2_AM748594 339 (531.5)
denovo73 F5.2a_AM748614 339 (531.5)
denovo73 F5.2b_AM748595 339 (531.5)
denovo73 F5.2e_AJ291533 341 (493.0)
denovo73 F5.2g_JN558072 338 (537.0)
denovo73 F5.2f_AJ291512 339 (531.5)
denovo73 F102_AJ291534 338 (537.0)
denovo73 F5.1c_AM748593 340 (524.5)
denovo73 F5.1d_JN558069 345 (540.0)
denovo73 F5.1b_AJ291535 341 (546.5)
denovo73 F5.1_AM748592 341 (547.0)
denovo73 F5.1a_AM748591 341 (555.5)
denovo73 F110_AJ291526 332 (545.0)
denovo73 F4.7_AM748587 333 (542.0)
denovo73 F4.5_AM748585 329 (554.0)
denovo73 F4.4a_AM748583 321 (558.0)
denovo73 F4.4_AM748582 333 (556.0)
denovo73 F4.4b_AM748584 323 (543.5)
denovo73 F4.1a_AM748573 331 (543.0)
denovo73 F112_AJ291528 330 (513.0)
denovo73 F4.1_AM748572 330 (531.0)
denovo73 F4.8b_AM748590 327 (556.5)
denovo73 F4.8_AM748588 328 (568.5)
denovo73 F4.8a_AM748589 329 (563.0)
denovo73 F109_AJ291527 329 (562.5)
denovo73 F4.6_AM748586 332 (536.5)
denovo73 F111_AJ311949 322 (527.0)
denovo73 F4.3c_AM748581 324 (538.5)
denovo73 F4.3a_AM748579 325 (550.0)
denovo73 F4.3b_AM748580 324 (546.5)
denovo73 F4.3_AM748578 324 (546.5)
denovo73 F4.2_AM748574 334 (542.5)
denovo73 F4.2a_AM748575 329 (558.5)
denovo73 F4.2c_AM748577 330 (558.0)
denovo73 F4.2b_AM748576 329 (549.5)
denovo73 F2b_AJ291521 342 (520.5)
denovo73 F2_AJ830908 335 (518.0)
denovo73 F2a_AJ830911 339 (512.5)
denovo73 F3.1a_AM748566 341 (536.5)
denovo73 F114_AJ291525 350 (529.0)
denovo73 F3.1_AM748565 350 (547.0)
denovo73 F3.2_AM748567 352 (552.0)
denovo73 F3.2a_AM748568 333 (558.0)
denovo73 F3.3_AM748569 346 (558.5)
denovo73 F3.4a_AM748571 343 (584.5)
denovo73 F3.4_AM748570 343 (566.5)
denovo73 F3.4b_AM748616 343 (566.5)
denovo73 G101_AJ291539 339 (466.0)
denovo73 G1_AM748597 342 (457.5)
denovo73 G2b_JN558087 340 (472.0)
denovo73 G2_AM748598 338 (467.0)
denovo73 G2a_AM748599 340 (472.5)
denovo73 G4_AM748601 349 (478.0)
denovo73 G3.4_LK392378 347 (462.5)
denovo73 G3_AM748600 341 (461.0)
denovo73 G3.2_KC597694 321 (452.0)
denovo73 G3.1_KC597688 340 (485.0)
denovo73 G100_AB253788 341 (480.0)
denovo73 G3.3_LK392377 338 (489.0)
denovo73 H6_AJ291520 635 (269.5)
denovo73 H3_AM748606 336 (387.5)
denovo73 H2_AM748605 331 (389.5)
denovo73 H4_AM748607 342 (378.0)
denovo73 H4a_AM748608 352 (379.5)
denovo73 H5a_AM748611 318 (400.0)
denovo73 H5b_AM748610 321 (393.5)
denovo73 H5_AJ621129 345 (398.0)
denovo73 H5_AM748609 345 (398.0)
denovo73 H100_AJ291513 310 (394.0)
denovo73 H1b_AM748604 311 (391.5)
denovo73 H1a_AM748612 327 (388.5)
denovo73 H1_AJ621152 310 (389.0)
denovo73 H1_AM748602 310 (389.0)
denovo73 I3_FN561561 344 (563.0)
denovo73 I4_FN561562 344 (563.0)
denovo73 I1_FN561559 350 (572.0)
denovo73 I2_FN561560 337 (570.0)

#---------------------------------------
#---------------------------------------
