denovo149 A136_DQ865210 348 (498.0)
denovo149 A133_DQ174725 354 (467.5)
denovo149 A115_AF180123 338 (471.0)
denovo149 A117_AF201746 332 (485.5)
denovo149 A134_DQ174723 331 (482.0)
denovo149 A114_AF184941 332 (485.0)
denovo149 A135_DQ174727 344 (487.0)
denovo149 A2_AF333506 350 (483.0)
denovo149 A101_AF427468 344 (478.0)
denovo149 A2_1_JN558097 344 (478.0)
denovo149 A2_2_JN558100 344 (478.0)
denovo149 A113_AF184948 344 (478.5)
denovo149 A112_AF184949 342 (463.5)
denovo149 A123_EF378618 343 (311.5)
denovo149 A137_EF378621 341 (288.5)
denovo149 A11_EU449041 333 (483.0)
denovo149 A121_DQ174722 342 (486.0)
denovo149 A15b_EU792886 348 (461.5)
denovo149 A15a_EU792885 339 (479.0)
denovo149 A15c_EU792887 348 (470.5)
denovo149 A15_EU792884 348 (470.5)
denovo149 A147_EU074937 327 (471.5)
denovo149 A154_EU074860 327 (480.5)
denovo149 A146_EU074936 329 (468.0)
denovo149 A150_EU074928 328 (474.0)
denovo149 A116_AF183575 329 (467.5)
denovo149 A141_EU074931 328 (474.0)
denovo149 A5_AF333508 339 (503.5)
denovo149 A3b_EU449043 336 (489.5)
denovo149 A151_EU074925 335 (476.5)
denovo149 A152_EU074927 328 (475.0)
denovo149 A149_EU074929 327 (480.5)
denovo149 A140_EU074930 327 (471.5)
denovo149 A142_EU074932 327 (471.5)
denovo149 A143_EU074933 330 (480.5)
denovo149 A144_EU074934 327 (471.5)
denovo149 A145_EU074935 327 (480.5)
denovo149 A148_EU074938 329 (476.5)
denovo149 A155_EU074856 327 (471.5)
denovo149 A156_EU074859 327 (471.5)
denovo149 A139_EU074962 327 (471.5)
denovo149 A6_AF186058 327 (480.5)
denovo149 A3_AF333507 327 (480.5)
denovo149 A3_JN558091 327 (480.5)
denovo149 A8_AY258468 346 (464.0)
denovo149 A7_AY239360 346 (473.5)
denovo149 A16_EU792888 346 (482.5)
denovo149 A4.3_FN429763 331 (450.0)
denovo149 A120_AF180122 332 (454.5)
denovo149 A4.2_FN429761 331 (438.5)
denovo149 A4_AF333509 331 (466.5)
denovo149 A4.1_FN429760 330 (461.5)
denovo149 A4a_AF499778 331 (457.5)
denovo149 A4a.1_FN429762 331 (457.5)
denovo149 A138_EF378620 347 (415.5)
denovo149 A122_EF378619 346 (452.5)
denovo149 A126_EF378615 345 (453.5)
denovo149 A10_EU792882 345 (453.5)
denovo149 A9_EU449028 347 (455.5)
denovo149 A105_AB207202 353 (471.5)
denovo149 A119_AF180121 346 (461.0)
denovo149 A12_EU792883 347 (462.5)
denovo149 A104_AB207203 346 (470.5)
denovo149 A1a_EU449030 344 (472.0)
denovo149 A1.3_HE578976 349 (458.0)
denovo149 A1.4_HE578977 347 (470.0)
denovo149 A13_AF333504 348 (464.0)
denovo149 A13_JN558094 348 (464.0)
denovo149 A110_AB190282 338 (468.5)
denovo149 A103_AB207206 343 (468.5)
denovo149 A130_EF656428 349 (467.0)
denovo149 A127_EF656429 349 (476.0)
denovo149 A128_EF656430 349 (458.0)
denovo149 A129_EF656431 349 (467.0)
denovo149 A131_EF656432 347 (462.0)
denovo149 A118_AF180120 339 (466.5)
denovo149 A1_AF333505 349 (467.0)
denovo149 A107_AB207199 339 (473.5)
denovo149 A111_AB190280 339 (473.5)
denovo149 A108_AB207197 354 (450.0)
denovo149 A106_AB207200 354 (473.0)
denovo149 A102_AB207209 353 (471.5)
denovo149 A1.2_AB207210 353 (471.5)
denovo149 A109_AB190285 353 (471.5)
denovo149 B4_AF333510 323 (1028.5)
denovo149 B23_EU449079 307 (1124.5)
denovo149 B30_GU907644 307 (1106.5)
denovo149 B11_AY239361 308 (1227.5)
denovo149 B17_AY258470 306 (1247.0)
denovo149 B1k_GU907638 310 (615.5)
denovo149 B1.V_Green2014 318 (1210.0)
denovo149 B1b_AF499780 306 (1178.5)
denovo149 B16_AY258469 306 (1256.0)
denovo149 B31a_GU907646 306 (1265.0)
denovo149 B32_GU907647 306 (1256.0)
denovo149 B31_GU907645 306 (1265.0)
denovo149 B1j_GU907637 306 (1256.0)
denovo149 B37_GU907650 308 (1254.5)
denovo149 B5a_AF499782 306 (1256.0)
denovo149 B5_AF499781 306 (1265.0)
denovo149 B24_GU907643 306 (1105.0)
denovo149 B117_AF180124 306 (1156.5)
denovo149 B10_AF499787 306 (1256.0)
denovo149 B20_GU907642 308 (1239.5)
denovo149 B1m_GU907640 306 (1265.0)
denovo149 B34_GU907649 307 (1268.0)
denovo149 B1d_GU907633 306 (1283.0)
denovo149 B1e_GU907634 306 (1265.0)
denovo149 B1i_GU907636 306 (1265.0)
denovo149 B1g_GU907635 307 (1246.0)
denovo149 B123_EU074872 306 (1256.0)
denovo149 B8_AF499785 307 (1255.0)
denovo149 B1l_GU907639 306 (1265.0)
denovo149 B1a_AF499779 306 (1265.0)
denovo149 B14_AY239362 307 (1255.0)
denovo149 B125_EU074865 306 (1265.0)
denovo149 B122_EU074871 306 (1265.0)
denovo149 B124_EU074874 306 (1265.0)
denovo149 B1.VII_Green2014 306 (1204.0)
denovo149 B1.III_Green2014 306 (1193.0)
denovo149 B1.I_Green2014 306 (1274.0)
denovo149 B1.II_Green2014 306 (1274.0)
denovo149 B1_JN558057 306 (1274.0)
denovo149 B1_AF333511 306 (1274.0)
denovo149 B1.IV_Green2014 316 (1259.5)
denovo149 B121_EU074870 306 (1265.0)
denovo149 B7_AF499784 306 (1265.0)
denovo149 B1.VI_Green2014 307 (1205.0)
denovo149 B3_AF333514 306 (1161.5)
denovo149 B9_AF499786 306 (1179.5)
denovo149 B19a_JN558055 310 (1065.0)
denovo149 B119_EU099825 315 (1096.0)
denovo149 B21_DQ865213 306 (1166.0)
denovo149 B38_GU907651 306 (1166.0)
denovo149 B18_AY258471 306 (1188.5)
denovo149 B18a_AY258472 306 (1179.5)
denovo149 B33_GU907648 306 (1179.5)
denovo149 B6_AF499783 311 (1185.0)
denovo149 B19_DQ865212 306 (1197.5)
denovo149 B19_GU907641 306 (1197.5)
denovo149 B2_AF333512 306 (1188.5)
denovo149 B2_JN558060 306 (1188.5)
denovo149 C33.1_AY258498 334 (580.5)
denovo149 C33.2_AY765400 334 (580.5)
denovo149 C33a_EF541147 334 (580.5)
denovo149 C34_AY258499 336 (577.0)
denovo149 C78_AY765413 339 (558.5)
denovo149 C15.29_KC597690 343 (544.5)
denovo149 C1131_DQ182650 341 (528.0)
denovo149 C1135_DQ182646 336 (523.0)
denovo149 C1134_DQ182647 336 (514.0)
denovo149 C1142_DQ182635 336 (523.0)
denovo149 C1136_DQ182644 334 (505.5)
denovo149 C1111_DQ182645 333 (504.0)
denovo149 C1236_EF473656 334 (506.0)
denovo149 C1138_DQ182642 333 (521.0)
denovo149 C1137_DQ182643 334 (506.0)
denovo149 C1133_DQ182648 334 (506.0)
denovo149 C1132_DQ182649 331 (515.5)
denovo149 C1143_DQ182634 334 (515.0)
denovo149 C1139_DQ182639 336 (523.0)
denovo149 C15.28_KC597687 336 (586.5)
denovo149 C1141_DQ182636 337 (534.0)
denovo149 C1144_DQ182637 336 (540.5)
denovo149 C1122_DQ182654 336 (550.0)
denovo149 C1127_DQ182652 329 (548.0)
denovo149 C15.30_JX394114 338 (574.0)
denovo149 C15.26_KC597686 337 (579.5)
denovo149 C1086_DQ182656 338 (583.0)
denovo149 C15.25_KC597685 338 (583.0)
denovo149 C1118_AF180127 349 (541.0)
denovo149 C1129_DQ182651 338 (519.0)
denovo149 C15.21_KC597683 335 (556.0)
denovo149 C56_AY589760 335 (565.0)
denovo149 C1140_DQ182638 338 (536.5)
denovo149 C1126_DQ182653 338 (527.5)
denovo149 C15c_AY258492 338 (591.5)
denovo149 C15d_AY258493 337 (598.0)
denovo149 C1098_DQ182641 336 (584.0)
denovo149 C15.27_KC597689 338 (574.0)
denovo149 C15.18_HE579024 337 (571.0)
denovo149 C15.16_HE579022 336 (595.5)
denovo149 C1101_AB253787 338 (574.0)
denovo149 C1083_AY237300 338 (574.0)
denovo149 C1088_DQ182640 337 (579.5)
denovo149 C15.6_FN563472 338 (574.0)
denovo149 C15.5_FJ461512 338 (565.0)
denovo149 C15.4_FJ461511 338 (574.0)
denovo149 C15.13_HE579019 338 (565.0)
denovo149 C15.12_HE579018 338 (574.0)
denovo149 C93a_AM748563 338 (600.5)
denovo149 C1094_AJ291514 338 (582.5)
denovo149 C93_AM748562 338 (591.5)
denovo149 C15.17_HE579023 337 (565.0)
denovo149 C15e_AY589742 334 (593.0)
denovo149 C15.22_KC597695 338 (583.0)
denovo149 C60_AY589764 339 (576.0)
denovo149 C15.1_FJ461508 338 (574.0)
denovo149 C15.2_FJ461509 338 (574.0)
denovo149 C15.9_FN563475 338 (591.5)
denovo149 C15.7_HE579015 337 (588.5)
denovo149 C15.8_HE579016 338 (574.0)
denovo149 C15.15_HE579021 338 (574.0)
denovo149 C15.19_HE579025 338 (583.0)
denovo149 C15.24_KC597696 338 (565.0)
denovo149 C15.3_FJ461510 338 (574.0)
denovo149 C1087_DQ182655 338 (583.0)
denovo149 C15.14_HE579020 339 (573.5)
denovo149 C15.23_KC597697 339 (573.5)
denovo149 C19_AY258479 330 (590.5)
denovo149 C1233_EU118166 338 (574.0)
denovo149 C15b_AY258491 338 (574.0)
denovo149 C15a_AY258476 338 (583.0)
denovo149 C1051_AF195153 338 (592.0)
denovo149 C2_AF333518 336 (583.0)
denovo149 C15.20_HE579026 339 (582.5)
denovo149 C15f_AY589743 338 (579.0)
denovo149 C55_AY589759 342 (581.0)
denovo149 C15_AY239369 338 (583.0)
denovo149 C32.1_JF683335 337 (549.5)
denovo149 C32.2_JF683336 337 (540.5)
denovo149 C21.23_KC597693 337 (540.5)
denovo149 C1193_EU099827 341 (560.5)
denovo149 C1195_EU099821 341 (563.5)
denovo149 C3q_GU907655 341 (566.0)
denovo149 C53_AY589758 347 (554.0)
denovo149 C73_AY765408 346 (559.5)
denovo149 C17.2.1_KC597684 338 (532.5)
denovo149 C32_AY258497 338 (551.5)
denovo149 C1189_EU099831 338 (544.0)
denovo149 C1191_EU099833 337 (550.5)
denovo149 C1196_EU099819 339 (529.0)
denovo149 C1192_EU099820 339 (529.0)
denovo149 C17.1_JF683322 338 (544.0)
denovo149 C26_b2_FN827164 336 (544.0)
denovo149 C26_b3_FN827165 339 (525.5)
denovo149 C31.9_HQ630879 340 (530.5)
denovo149 C31a_AY589746 340 (527.0)
denovo149 C30_AY589745 340 (527.0)
denovo149 C31.1_HQ630876 344 (528.5)
denovo149 C31.5_HQ630877 340 (536.0)
denovo149 C31.6_HQ630878 340 (536.0)
denovo149 C31.2_JF683332 340 (536.0)
denovo149 C31.3_JF683333 340 (527.0)
denovo149 C26/C35a_AY239378 339 (534.5)
denovo149 C35a_AY258501 339 (534.5)
denovo149 C35.2_AY258500 339 (543.5)
denovo149 C26_b1_FN827163 339 (543.5)
denovo149 C17_AY239370 338 (544.0)
denovo149 C17.2_FJ461513 340 (543.0)
denovo149 C31.10_HQ630880 340 (539.5)
denovo149 C31.4_JF683334 344 (524.5)
denovo149 C31_AY258496 340 (536.0)
denovo149 C25_AY239377 335 (576.0)
denovo149 C61_AY589765 335 (549.5)
denovo149 C1043_DQ072721 339 (536.5)
denovo149 C79_AY765414 339 (558.5)
denovo149 C69_AY589773 333 (560.0)
denovo149 C69a_AY686648 333 (551.0)
denovo149 C21.22_KC597692 343 (539.0)
denovo149 C51_AY589756 337 (553.5)
denovo149 C1aa_HM185739 332 (574.5)
denovo149 C1096_DQ068023 338 (572.0)
denovo149 C74_AY765409 343 (584.0)
denovo149 C1185_AB294629 344 (587.0)
denovo149 C1184_AB294630 343 (584.0)
denovo149 C1153_AB294625 343 (584.0)
denovo149 C1154_AB294626 342 (599.5)
denovo149 C1187_AB294627 343 (584.0)
denovo149 C1186_AB294628 347 (586.0)
denovo149 C57_AY589761 343 (593.0)
denovo149 C66_AY589771 343 (593.0)
denovo149 C5_AF499795 338 (574.0)
denovo149 C1167_AB294586 338 (574.0)
denovo149 C1164_AB294593 342 (576.0)
denovo149 C1183_AB294631 338 (592.0)
denovo149 C1067_DQ335381 338 (565.0)
denovo149 C1159_AB294613 337 (585.5)
denovo149 C1150_AB294622 337 (585.5)
denovo149 C90_AM748554 339 (597.0)
denovo149 C1168_AB294583 338 (583.0)
denovo149 C1156_AB294616 338 (592.0)
denovo149 C1151_AB294621 338 (601.0)
denovo149 C92a_AM748561 336 (595.0)
denovo149 C92_AM748560 338 (592.0)
denovo149 C1165_AB294581 335 (583.0)
denovo149 C1166_AB294584 338 (601.0)
denovo149 C1162_AB294594 338 (583.0)
denovo149 C1163_AB294596 338 (592.0)
denovo149 C1161_AB294606 339 (595.0)
denovo149 C1160_AB294608 342 (584.5)
denovo149 C1158_AB294614 338 (601.0)
denovo149 C1155_AB294617 338 (583.0)
denovo149 C1149_AB294620 338 (592.0)
denovo149 C1173_AB294662 338 (601.0)
denovo149 C1171_AB294663 338 (583.0)
denovo149 C1172_AB294665 338 (583.0)
denovo149 C91a_AM748556 338 (601.0)
denovo149 C91b_AM748557 338 (592.0)
denovo149 C91d_AM748559 337 (589.5)
denovo149 C91c_AM748558 337 (589.5)
denovo149 C91_AJ621543 338 (592.0)
denovo149 C91_AM748555 338 (592.0)
denovo149 C1023_DQ335330 325 (542.0)
denovo149 C1020_DQ335392 335 (574.5)
denovo149 C1018_DQ335408 338 (574.0)
denovo149 C1074_DQ335329 338 (574.0)
denovo149 C1030_DQ335353 338 (565.0)
denovo149 C1022_DQ335331 338 (565.0)
denovo149 C1027_DQ335360 331 (581.0)
denovo149 C1072_DQ335344 338 (565.0)
denovo149 C1039_AB190274 338 (574.0)
denovo149 C1033_DQ335350 343 (562.0)
denovo149 C1019_DQ335407 338 (574.0)
denovo149 C1194_EU099826 339 (562.5)
denovo149 C8b_AY258475 338 (558.5)
denovo149 C8_AY239367 339 (567.0)
denovo149 C8a_AY239368 339 (567.0)
denovo149 C54a_AY765406 339 (577.0)
denovo149 C3ff_HM185740 338 (583.0)
denovo149 C59_AY589763 346 (571.5)
denovo149 C3k_AY589737 338 (573.5)
denovo149 C3.24_HE579012 337 (580.0)
denovo149 C3.23_HE579011 338 (573.5)
denovo149 C35.1_AY765401 339 (595.0)
denovo149 C35.3_EF541145 339 (586.0)
denovo149 C76_AY765411 343 (567.5)
denovo149 C1107_DQ335359 338 (568.0)
denovo149 C3.22_HE579010 342 (551.0)
denovo149 C77_AY765412 340 (566.5)
denovo149 C20_AY239371 341 (573.0)
denovo149 C1055_DQ480640 341 (588.0)
denovo149 C27/C30_AY239379 338 (539.5)
denovo149 C27.1_FJ461517 338 (530.5)
denovo149 C40a_AY589747 340 (578.0)
denovo149 C40_AY258485 340 (578.0)
denovo149 C40b_AY589748 340 (574.5)
denovo149 C16_AY258477 341 (573.5)
denovo149 C16a_AY765399 342 (576.5)
denovo149 C1091_AB207186 338 (574.0)
denovo149 C1102_DQ335400 338 (556.0)
denovo149 C1069_DQ335375 340 (579.5)
denovo149 C1073_DQ335332 340 (570.5)
denovo149 C1066_DQ335382 339 (567.5)
denovo149 C1031_DQ335352 336 (586.5)
denovo149 C1026_DQ335366 336 (586.5)
denovo149 C70_AY589774 338 (583.0)
denovo149 C1082_AB190267 338 (565.0)
denovo149 C1078_AB190271 336 (576.0)
denovo149 C1090_AB207191 337 (571.5)
denovo149 C1071_DQ335302 337 (580.0)
denovo149 C1075_DQ335328 338 (574.0)
denovo149 C1068_DQ335379 339 (568.0)
denovo149 C1064_DQ335395 340 (570.5)
denovo149 C1063_DQ335403 335 (574.5)
denovo149 C62_AY589766 338 (574.0)
denovo149 C1077_DQ335316 336 (581.5)
denovo149 C1109_DQ335338 338 (565.0)
denovo149 C1110_DQ335340 338 (556.0)
denovo149 C1106_DQ335339 338 (556.0)
denovo149 C1112_DQ335319 338 (565.0)
denovo149 C1108_DQ335351 338 (556.0)
denovo149 C1105_DQ335394 338 (565.0)
denovo149 C1121_DQ335378 338 (565.0)
denovo149 C1116_AB190268 338 (574.0)
denovo149 C1115_AB190273 338 (574.0)
denovo149 C1124_DQ335323 338 (547.0)
denovo149 C1120_DQ335398 338 (547.0)
denovo149 C1119_DQ335404 337 (562.0)
denovo149 C1123_DQ335363 338 (556.0)
denovo149 C1004_DQ480635 337 (571.0)
denovo149 C1061_AY186568 337 (562.0)
denovo149 C1053_AY186569 337 (571.0)
denovo149 C1003_DQ480639 337 (571.0)
denovo149 C81_GU907657 328 (561.0)
denovo149 C22_AY239373 334 (589.0)
denovo149 C22a_AY239374 334 (589.0)
denovo149 C1232_EU118163 341 (572.5)
denovo149 C21.13_FJ461515 342 (537.5)
denovo149 C21.1_JF683323 338 (535.0)
denovo149 C21.3_JF683325 338 (553.0)
denovo149 C1.20_HE578993 339 (559.5)
denovo149 C1.22_HE578995 339 (550.5)
denovo149 C52_AY589757 337 (592.5)
denovo149 C1201_EU099793 335 (554.0)
denovo149 C14_AY589741 340 (564.0)
denovo149 C43_AY589749 340 (570.0)
denovo149 C50_AY589755 339 (577.0)
denovo149 C3.14_HQ630872 337 (579.5)
denovo149 C1m_AY765398 337 (580.0)
denovo149 C82_GU907658 342 (575.5)
denovo149 C82b_GU907660 342 (575.5)
denovo149 C64_AY589768 337 (579.5)
denovo149 C45a_AY765404 333 (577.0)
denovo149 C48_AY589753 338 (594.5)
denovo149 C1_v1b_FJ919244 338 (583.0)
denovo149 C1_v1a_FJ919243 337 (580.0)
denovo149 C3j_AY239366 338 (565.0)
denovo149 C3t_EF541149 338 (583.0)
denovo149 C9_AF499798 339 (585.0)
denovo149 C23_AY239375 339 (594.0)
denovo149 C37_AY258481 334 (571.0)
denovo149 C1048_DQ068026 340 (570.0)
denovo149 C21.4_JF683326 338 (544.0)
denovo149 C21.5_JF683327 338 (544.0)
denovo149 C1070_DQ335349 331 (590.0)
denovo149 C21.6_HQ630873 338 (562.0)
denovo149 C1224_EU074890 337 (589.0)
denovo149 C1.17_HE578990 337 (589.0)
denovo149 C21_b1_FN827162 339 (546.0)
denovo149 C21.9_JF683330 339 (555.0)
denovo149 C1085_AY624605 335 (565.5)
denovo149 C3p_GU907654 331 (566.0)
denovo149 C3f_AY589734 338 (583.0)
denovo149 C65a_AY589770 338 (574.0)
denovo149 C65_AY589769 338 (583.0)
denovo149 C71_AY589775 334 (579.5)
denovo149 C71a_AY589776 334 (579.5)
denovo149 C1178_AB294647 334 (575.0)
denovo149 C1225_EU074893 339 (586.5)
denovo149 C75_AY765410 338 (583.0)
denovo149 C21.10_JF683331 337 (558.5)
denovo149 C21.11_HQ630874 338 (552.5)
denovo149 C1065_DQ335388 337 (572.0)
denovo149 C1045_DQ068036 337 (581.0)
denovo149 C1h_AY258473 336 (576.5)
denovo149 C38_AY258482 338 (573.5)
denovo149 C1202_EU099799 337 (570.5)
denovo149 C7_AF499797 337 (579.5)
denovo149 C12_AF499801 339 (569.0)
denovo149 C38a_AY258483 338 (587.5)
denovo149 C1200_EU099800 327 (584.5)
denovo149 C44a_AY589751 340 (579.0)
denovo149 C47_AY589752 340 (588.0)
denovo149 C44_AY589750 340 (579.0)
denovo149 C1.15_HE578988 337 (571.0)
denovo149 C45.3_FJ461522 340 (570.0)
denovo149 C46a_AY765405 340 (570.0)
denovo149 C46_EU449108 340 (579.0)
denovo149 C3.12_FJ461507 341 (582.0)
denovo149 C1k_AY589733 344 (572.0)
denovo149 C67_AY686647 340 (579.0)
denovo149 C82a_GU907659 342 (575.5)
denovo149 C10a_AY589739 340 (579.0)
denovo149 C10_AF499799 340 (570.0)
denovo149 C13_AY589740 335 (571.0)
denovo149 C4_AF499794 340 (570.0)
denovo149 C1147_EF656433 340 (570.0)
denovo149 C1c/C45_AY239364 340 (579.0)
denovo149 C1c/C45_EU449103 340 (579.0)
denovo149 C21.19_HE579031 331 (551.0)
denovo149 C21.21_HE579033 331 (542.0)
denovo149 C21.20_HE579032 331 (551.0)
denovo149 C42b_AY765403 342 (566.0)
denovo149 C42_AY258487 342 (575.0)
denovo149 C1p_GU907652 337 (571.0)
denovo149 C1d_AY258488 340 (561.0)
denovo149 C42_AY765402 340 (570.0)
denovo149 C3ha_AY589736 338 (544.0)
denovo149 C63a_AY589767 340 (561.0)
denovo149 C21a_AY589744 338 (553.0)
denovo149 C3o_GU907653 338 (552.5)
denovo149 C21.16_HQ630875 339 (556.0)
denovo149 C21.2_JF683324 338 (544.0)
denovo149 C21.7_JF683328 337 (550.5)
denovo149 C21.8_JF683329 338 (553.0)
denovo149 C3h_AY239365 338 (544.0)
denovo149 C1203_EU099798 338 (544.0)
denovo149 C3.10_FJ461505 336 (586.0)
denovo149 C21.14_FJ461516 336 (556.0)
denovo149 C21.18_HE579030 340 (546.5)
denovo149 C3.17_HE579005 338 (574.0)
denovo149 C3.9_FJ461504 333 (584.0)
denovo149 C3.8_FJ461503 338 (583.0)
denovo149 C3.7_FJ461502 338 (574.0)
denovo149 C3.11_FJ461506 338 (583.5)
denovo149 C3.18_HE579006 338 (574.0)
denovo149 C3.19_HE579007 338 (592.0)
denovo149 C3.20_HE579008 338 (574.0)
denovo149 C3g_AY589735 343 (572.0)
denovo149 C3a_AF499790 338 (583.0)
denovo149 C3e_AF499793 338 (574.0)
denovo149 C6_AF499796 338 (601.0)
denovo149 C11_AF499800 338 (574.0)
denovo149 C36_AY258480 335 (584.0)
denovo149 C29_AY258494 338 (592.0)
denovo149 C1146_EF656434 339 (577.0)
denovo149 C1190_EU099841 338 (592.0)
denovo149 C131_JF320826 338 (574.0)
denovo149 C28_AY239380 339 (588.0)
denovo149 C1012_DQ480604 340 (579.0)
denovo149 C1181_AB294640 335 (568.5)
denovo149 C1180_AB294641 335 (586.5)
denovo149 C1179_AB294645 340 (574.0)
denovo149 C1176_AB294651 335 (577.5)
denovo149 C1175_AB294653 335 (568.5)
denovo149 C1174_AB294655 337 (574.0)
denovo149 C1177_AB294659 335 (577.5)
denovo149 C1040_AB190269 340 (579.5)
denovo149 C1182_AB294649 338 (592.0)
denovo149 C1089_AJ278598 338 (574.0)
denovo149 C1028_DQ335357 338 (592.0)
denovo149 C3.16_EU786015 338 (592.0)
denovo149 C1097_AJ311943 339 (573.0)
denovo149 C1170_AB294661 335 (577.5)
denovo149 C21.17_HE579029 338 (564.0)
denovo149 C21/3d/C3k_AY239372 338 (553.0)
denovo149 C58_AY589762 340 (555.0)
denovo149 C3L_AY589738 334 (576.5)
denovo149 C1169_AB294660 335 (577.5)
denovo149 C3.2_FJ461497 338 (577.0)
denovo149 C3.1_JF683321 337 (583.5)
denovo149 C1104_AF427469 339 (573.0)
denovo149 C3b_AF499791 331 (584.0)
denovo149 C83_GU907661 338 (585.5)
denovo149 C49_AY589754 363 (604.0)
denovo149 C3_AB778606 338 (583.0)
denovo149 C3_AF499789 338 (583.0)
denovo149 C3_HE579001 338 (583.0)
denovo149 C21.12_FJ461514 338 (535.0)
denovo149 C1229_EU074888 334 (566.5)
denovo149 C1230_EU074889 334 (575.5)
denovo149 C1114_AB207196 340 (570.0)
denovo149 C3.21_HE579009 338 (514.0)
denovo149 C1057_DQ480619 339 (577.5)
denovo149 C72_AY765407 334 (570.5)
denovo149 C1b.3_HE578999 337 (565.0)
denovo149 C93_AJ621536 338 (574.0)
denovo149 C94_AJ621539 337 (571.0)
denovo149 C1g_AY589730 337 (589.0)
denovo149 C1i_AY589731 339 (576.5)
denovo149 C1j_AY589732 337 (589.0)
denovo149 C1005_DQ480633 337 (571.0)
denovo149 C1.7_FJ461494 337 (571.0)
denovo149 C1.11_HE578984 334 (580.0)
denovo149 C1.12_HE578985 337 (571.0)
denovo149 C1.13_HE578986 339 (577.5)
denovo149 C1.14_HE578987 337 (580.0)
denovo149 C1.18_HE578991 337 (571.0)
denovo149 C1.19_HE578992 337 (571.0)
denovo149 C1199_EU099802 337 (565.0)
denovo149 C1188_EU099838 337 (580.0)
denovo149 C1002_DQ838544 338 (583.0)
denovo149 C1198_EU099810 337 (571.0)
denovo149 C24_AY239376 337 (571.0)
denovo149 C1f_AY258490 337 (580.0)
denovo149 C1006_DQ480629 337 (589.0)
denovo149 C1010_DQ480607 337 (571.0)
denovo149 C1007_DQ480624 338 (574.0)
denovo149 C1011_DQ480605 337 (571.0)
denovo149 C1009_DQ480608 341 (573.0)
denovo149 C1041_AY186548 340 (571.0)
denovo149 C1052_AY186570 339 (577.0)
denovo149 C1148_EU040178 337 (580.0)
denovo149 C1234_EU118165 338 (570.0)
denovo149 C1.5_EF634157 337 (580.0)
denovo149 C1059_DQ480609 337 (571.0)
denovo149 C1228_EU074883 337 (571.0)
denovo149 C1208_EU074963 340 (579.5)
denovo149 C1207_EU074964 337 (580.0)
denovo149 C1206_EU074965 336 (576.5)
denovo149 C1013_DQ480642 338 (574.0)
denovo149 C80_GU907656 355 (581.0)
denovo149 C1a_AF499788 337 (580.0)
denovo149 C41_AY258486 337 (580.0)
denovo149 C39_AY258484 325 (584.0)
denovo149 C1231_EU074878 337 (571.0)
denovo149 C1b.1_HE578997 337 (565.0)
denovo149 C18_AY258478 337 (580.0)
denovo149 C1.10_HE578983 336 (574.5)
denovo149 C1_JN558041 337 (580.0)
denovo149 C1_HE578979 337 (580.0)
denovo149 C1_AM748551 337 (580.0)
denovo149 C1_AF333515 337 (580.0)
denovo149 C1054_AY186565 336 (583.5)
denovo149 C1008_DQ480613 338 (574.0)
denovo149 C1103_AF427470 338 (570.0)
denovo149 C1226_EU074881 338 (580.0)
denovo149 C1b/C1e_AY239363 337 (574.0)
denovo149 C1044_DQ068038 337 (565.0)
denovo149 C1017_DQ174729 338 (564.0)
denovo149 C1.6_FJ461493 337 (589.0)
denovo149 C1b.2_HE578998 337 (565.0)
denovo149 C1060_DQ480600 337 (571.0)
denovo149 C1227_EU074882 337 (571.0)
denovo149 C1197_EU099814 337 (571.0)
denovo149 C1130_DQ480643 337 (482.5)
denovo149 D109_AB097465 356 (437.5)
denovo149 D1.11_HE579040 357 (441.5)
denovo149 D105_AF174570 357 (441.5)
denovo149 D104_AF174572 357 (432.5)
denovo149 D1.3_JF683337 353 (437.5)
denovo149 D1.10_HE579039 357 (432.5)
denovo149 D110_AF174561 357 (432.5)
denovo149 D117_AF174542 357 (432.5)
denovo149 D114_AF174549 357 (441.5)
denovo149 D113_AF174557 357 (432.5)
denovo149 D112_AF174558 359 (439.0)
denovo149 D106_AF174559 357 (441.5)
denovo149 D111_AF174560 357 (441.0)
denovo149 D115_AF174562 357 (432.5)
denovo149 D107_AF174568 357 (441.5)
denovo149 D116_AF174571 357 (423.5)
denovo149 D124_EU074897 358 (444.5)
denovo149 D1.8_HE579037 359 (439.0)
denovo149 D3_AY686650 357 (441.5)
denovo149 D1.6_HQ630881 355 (444.5)
denovo149 D120_EU074900 357 (432.5)
denovo149 D121_EU074904 357 (432.5)
denovo149 D122_EU074905 357 (432.5)
denovo149 D1a.2_JF683339 361 (437.5)
denovo149 D1a.1_JF683338 358 (444.5)
denovo149 D2_AY686649 562 (508.0)
denovo149 D4_DQ865214 360 (438.5)
denovo149 D1a_AF499802 357 (441.5)
denovo149 D1a_JN558078 357 (441.5)
denovo149 D123_EU074895 354 (441.0)
denovo149 D108_AF174567 357 (441.5)
denovo149 D103_AF174575 357 (441.5)
denovo149 D100_AF411415 361 (435.5)
denovo149 D118_EF656435 359 (447.0)
denovo149 D101_AF411416 357 (430.5)
denovo149 D119_EU099832 360 (434.0)
denovo149 D102_AF174573 357 (444.5)
denovo149 D1_AF334660 357 (441.5)
denovo149 D1_JN558076 357 (441.5)
denovo149 D1.12_HE579041 349 (428.5)
denovo149 D1.1_AM748564 416 (458.5)
denovo149 D1.2_AM748617 425 (472.0)
denovo149 E111_EU074915 362 (434.5)
denovo149 E110_EU074914 365 (425.0)
denovo149 E114_EU074909 365 (407.0)
denovo149 E1_AF334659 366 (415.0)
denovo149 E105_EU074921 365 (425.0)
denovo149 E112_EU074916 365 (407.0)
denovo149 E104_EU074922 365 (416.0)
denovo149 E102_EU074924 365 (407.0)
denovo149 E103_EU074923 365 (416.0)
denovo149 E101_AY160123 370 (391.0)
denovo149 E109_EU074913 351 (437.5)
denovo149 E100_DQ011618 357 (444.0)
denovo149 E108_EU074912 358 (429.0)
denovo149 E113_EU074908 353 (445.5)
denovo149 E107_EU074910 357 (435.5)
denovo149 F1_JN558066 364 (531.0)
denovo149 F5.2d_AJ291530 336 (550.0)
denovo149 F104_AJ291531 336 (550.0)
denovo149 F5.2c_AM748596 347 (545.5)
denovo149 F5.2_AM748594 336 (541.0)
denovo149 F5.2a_AM748614 336 (541.0)
denovo149 F5.2b_AM748595 350 (546.0)
denovo149 F5.2e_AJ291533 337 (526.5)
denovo149 F5.2g_JN558072 347 (554.0)
denovo149 F5.2f_AJ291512 336 (540.5)
denovo149 F102_AJ291534 347 (545.0)
denovo149 F5.1c_AM748593 333 (560.0)
denovo149 F5.1d_JN558069 346 (532.5)
denovo149 F5.1b_AJ291535 333 (550.5)
denovo149 F5.1_AM748592 335 (547.0)
denovo149 F5.1a_AM748591 333 (550.5)
denovo149 F110_AJ291526 322 (672.0)
denovo149 F4.7_AM748587 324 (654.5)
denovo149 F4.5_AM748585 325 (642.5)
denovo149 F4.4a_AM748583 318 (670.5)
denovo149 F4.4_AM748582 323 (673.0)
denovo149 F4.4b_AM748584 316 (680.0)
denovo149 F4.1a_AM748573 326 (609.5)
denovo149 F112_AJ291528 323 (621.5)
denovo149 F4.1_AM748572 323 (621.5)
denovo149 F4.8b_AM748590 328 (678.0)
denovo149 F4.8_AM748588 328 (678.5)
denovo149 F4.8a_AM748589 328 (678.5)
denovo149 F109_AJ291527 330 (681.0)
denovo149 F4.6_AM748586 323 (630.0)
denovo149 F111_AJ311949 316 (668.5)
denovo149 F4.3c_AM748581 314 (671.5)
denovo149 F4.3a_AM748579 316 (678.5)
denovo149 F4.3b_AM748580 317 (662.5)
denovo149 F4.3_AM748578 317 (671.5)
denovo149 F4.2_AM748574 322 (690.0)
denovo149 F4.2a_AM748575 322 (666.5)
denovo149 F4.2c_AM748577 322 (663.0)
denovo149 F4.2b_AM748576 322 (675.5)
denovo149 F2b_AJ291521 336 (573.0)
denovo149 F2_AJ830908 331 (596.0)
denovo149 F2a_AJ830911 331 (591.5)
denovo149 F3.1a_AM748566 343 (588.5)
denovo149 F114_AJ291525 343 (598.0)
denovo149 F3.1_AM748565 343 (598.0)
denovo149 F3.2_AM748567 353 (628.0)
denovo149 F3.2a_AM748568 353 (620.5)
denovo149 F3.3_AM748569 347 (605.5)
denovo149 F3.4a_AM748571 352 (558.0)
denovo149 F3.4_AM748570 352 (557.5)
denovo149 F3.4b_AM748616 352 (557.5)
denovo149 G101_AJ291539 376 (461.0)
denovo149 G1_AM748597 376 (461.0)
denovo149 G2b_JN558087 374 (464.0)
denovo149 G2_AM748598 375 (467.0)
denovo149 G2a_AM748599 375 (458.0)
denovo149 G4_AM748601 357 (511.0)
denovo149 G3.4_LK392378 370 (460.5)
denovo149 G3_AM748600 363 (475.0)
denovo149 G3.2_KC597694 341 (414.5)
denovo149 G3.1_KC597688 359 (488.5)
denovo149 G100_AB253788 351 (474.0)
denovo149 G3.3_LK392377 350 (480.0)
denovo149 H6_AJ291520 633 (307.0)
denovo149 H3_AM748606 337 (461.0)
denovo149 H2_AM748605 350 (479.5)
denovo149 H4_AM748607 340 (472.0)
denovo149 H4a_AM748608 350 (470.5)
denovo149 H5a_AM748611 348 (477.5)
denovo149 H5b_AM748610 352 (470.0)
denovo149 H5_AJ621129 348 (477.5)
denovo149 H5_AM748609 348 (477.5)
denovo149 H100_AJ291513 354 (439.5)
denovo149 H1b_AM748604 354 (434.5)
denovo149 H1a_AM748612 354 (443.5)
denovo149 H1_AJ621152 354 (443.5)
denovo149 H1_AM748602 354 (443.5)
denovo149 I3_FN561561 347 (621.0)
denovo149 I4_FN561562 347 (621.0)
denovo149 I1_FN561559 346 (617.5)
denovo149 I2_FN561560 353 (619.0)

#---------------------------------------
#---------------------------------------
