denovo217 A136_DQ865210 348 (509.5)
denovo217 A133_DQ174725 329 (529.0)
denovo217 A115_AF180123 338 (508.0)
denovo217 A117_AF201746 335 (540.5)
denovo217 A134_DQ174723 334 (546.0)
denovo217 A114_AF184941 335 (540.5)
denovo217 A135_DQ174727 338 (541.0)
denovo217 A2_AF333506 338 (556.0)
denovo217 A101_AF427468 338 (541.5)
denovo217 A2_1_JN558097 338 (541.5)
denovo217 A2_2_JN558100 338 (541.5)
denovo217 A113_AF184948 336 (532.5)
denovo217 A112_AF184949 339 (521.5)
denovo217 A123_EF378618 333 (373.5)
denovo217 A137_EF378621 334 (376.5)
denovo217 A11_EU449041 329 (535.5)
denovo217 A121_DQ174722 331 (517.5)
denovo217 A15b_EU792886 326 (514.0)
denovo217 A15a_EU792885 326 (523.0)
denovo217 A15c_EU792887 326 (523.5)
denovo217 A15_EU792884 326 (523.0)
denovo217 A147_EU074937 329 (532.5)
denovo217 A154_EU074860 328 (519.0)
denovo217 A146_EU074936 328 (537.0)
denovo217 A150_EU074928 328 (546.0)
denovo217 A116_AF183575 324 (552.5)
denovo217 A141_EU074931 328 (546.0)
denovo217 A5_AF333508 323 (538.5)
denovo217 A3b_EU449043 324 (543.5)
denovo217 A151_EU074925 328 (537.0)
denovo217 A152_EU074927 332 (532.0)
denovo217 A149_EU074929 330 (534.5)
denovo217 A140_EU074930 328 (528.0)
denovo217 A142_EU074932 328 (528.0)
denovo217 A143_EU074933 328 (546.0)
denovo217 A144_EU074934 328 (537.0)
denovo217 A145_EU074935 329 (540.0)
denovo217 A148_EU074938 328 (537.0)
denovo217 A155_EU074856 328 (537.0)
denovo217 A156_EU074859 328 (528.0)
denovo217 A139_EU074962 328 (528.0)
denovo217 A6_AF186058 328 (537.0)
denovo217 A3_AF333507 328 (537.0)
denovo217 A3_JN558091 328 (537.0)
denovo217 A8_AY258468 326 (532.0)
denovo217 A7_AY239360 326 (550.0)
denovo217 A16_EU792888 330 (544.5)
denovo217 A4.3_FN429763 339 (515.0)
denovo217 A120_AF180122 337 (518.0)
denovo217 A4.2_FN429761 337 (515.0)
denovo217 A4_AF333509 337 (534.0)
denovo217 A4.1_FN429760 336 (529.0)
denovo217 A4a_AF499778 338 (528.0)
denovo217 A4a.1_FN429762 338 (528.0)
denovo217 A138_EF378620 332 (524.5)
denovo217 A122_EF378619 331 (552.5)
denovo217 A126_EF378615 330 (553.5)
denovo217 A10_EU792882 330 (553.5)
denovo217 A9_EU449028 338 (535.5)
denovo217 A105_AB207202 335 (535.0)
denovo217 A119_AF180121 332 (535.0)
denovo217 A12_EU792883 338 (536.5)
denovo217 A104_AB207203 335 (544.5)
denovo217 A1a_EU449030 339 (539.5)
denovo217 A1.3_HE578976 336 (538.5)
denovo217 A1.4_HE578977 337 (542.0)
denovo217 A13_AF333504 336 (538.5)
denovo217 A13_JN558094 336 (538.5)
denovo217 A110_AB190282 335 (535.5)
denovo217 A103_AB207206 335 (544.5)
denovo217 A130_EF656428 335 (535.5)
denovo217 A127_EF656429 335 (544.5)
denovo217 A128_EF656430 335 (535.5)
denovo217 A129_EF656431 335 (544.0)
denovo217 A131_EF656432 335 (544.5)
denovo217 A118_AF180120 335 (538.0)
denovo217 A1_AF333505 335 (544.5)
denovo217 A107_AB207199 337 (560.0)
denovo217 A111_AB190280 335 (553.5)
denovo217 A108_AB207197 339 (523.5)
denovo217 A106_AB207200 336 (548.5)
denovo217 A102_AB207209 335 (544.5)
denovo217 A1.2_AB207210 335 (544.5)
denovo217 A109_AB190285 336 (548.5)
denovo217 B4_AF333510 327 (686.5)
denovo217 B23_EU449079 331 (606.5)
denovo217 B30_GU907644 336 (613.0)
denovo217 B11_AY239361 330 (668.0)
denovo217 B17_AY258470 330 (665.0)
denovo217 B1k_GU907638 304 (330.0)
denovo217 B1.V_Green2014 338 (636.5)
denovo217 B1b_AF499780 324 (660.0)
denovo217 B16_AY258469 336 (666.5)
denovo217 B31a_GU907646 334 (684.5)
denovo217 B32_GU907647 328 (686.0)
denovo217 B31_GU907645 330 (692.0)
denovo217 B1j_GU907637 327 (684.5)
denovo217 B37_GU907650 329 (674.0)
denovo217 B5a_AF499782 330 (665.0)
denovo217 B5_AF499781 330 (674.0)
denovo217 B24_GU907643 330 (550.0)
denovo217 B117_AF180124 323 (655.5)
denovo217 B10_AF499787 329 (680.5)
denovo217 B20_GU907642 330 (679.5)
denovo217 B1m_GU907640 330 (683.0)
denovo217 B34_GU907649 330 (683.0)
denovo217 B1d_GU907633 330 (683.5)
denovo217 B1e_GU907634 330 (683.5)
denovo217 B1i_GU907636 330 (683.0)
denovo217 B1g_GU907635 333 (669.5)
denovo217 B123_EU074872 331 (667.5)
denovo217 B8_AF499785 331 (673.5)
denovo217 B1l_GU907639 330 (674.0)
denovo217 B1a_AF499779 330 (683.0)
denovo217 B14_AY239362 331 (664.0)
denovo217 B125_EU074865 327 (684.5)
denovo217 B122_EU074871 330 (683.0)
denovo217 B124_EU074874 330 (674.0)
denovo217 B1.VII_Green2014 330 (604.0)
denovo217 B1.III_Green2014 331 (650.0)
denovo217 B1.I_Green2014 330 (683.0)
denovo217 B1.II_Green2014 330 (683.0)
denovo217 B1_JN558057 330 (683.0)
denovo217 B1_AF333511 330 (683.0)
denovo217 B1.IV_Green2014 341 (681.5)
denovo217 B121_EU074870 331 (685.0)
denovo217 B7_AF499784 330 (692.0)
denovo217 B1.VI_Green2014 328 (668.5)
denovo217 B3_AF333514 329 (649.5)
denovo217 B9_AF499786 330 (633.5)
denovo217 B19a_JN558055 334 (601.0)
denovo217 B119_EU099825 332 (620.5)
denovo217 B21_DQ865213 325 (633.5)
denovo217 B38_GU907651 325 (633.5)
denovo217 B18_AY258471 333 (642.5)
denovo217 B18a_AY258472 333 (642.5)
denovo217 B33_GU907648 325 (637.5)
denovo217 B6_AF499783 332 (640.0)
denovo217 B19_DQ865212 329 (640.0)
denovo217 B19_GU907641 329 (640.0)
denovo217 B2_AF333512 325 (647.0)
denovo217 B2_JN558060 325 (647.0)
denovo217 C33.1_AY258498 300 (1262.0)
denovo217 C33.2_AY765400 300 (1262.0)
denovo217 C33a_EF541147 300 (1262.0)
denovo217 C34_AY258499 300 (1271.0)
denovo217 C78_AY765413 300 (1235.0)
denovo217 C15.29_KC597690 302 (1249.0)
denovo217 C1131_DQ182650 300 (1189.0)
denovo217 C1135_DQ182646 300 (1180.0)
denovo217 C1134_DQ182647 300 (1180.0)
denovo217 C1142_DQ182635 300 (1189.0)
denovo217 C1136_DQ182644 300 (1150.5)
denovo217 C1111_DQ182645 300 (1150.5)
denovo217 C1236_EF473656 300 (1159.5)
denovo217 C1138_DQ182642 300 (1159.5)
denovo217 C1137_DQ182643 300 (1159.5)
denovo217 C1133_DQ182648 300 (1159.5)
denovo217 C1132_DQ182649 300 (1159.5)
denovo217 C1143_DQ182634 300 (1168.5)
denovo217 C1139_DQ182639 300 (1198.0)
denovo217 C15.28_KC597687 300 (1244.0)
denovo217 C1141_DQ182636 300 (1207.0)
denovo217 C1144_DQ182637 300 (1198.0)
denovo217 C1122_DQ182654 300 (1207.0)
denovo217 C1127_DQ182652 300 (1225.0)
denovo217 C15.30_JX394114 300 (1253.0)
denovo217 C15.26_KC597686 300 (1262.0)
denovo217 C1086_DQ182656 300 (1271.0)
denovo217 C15.25_KC597685 300 (1280.0)
denovo217 C1118_AF180127 300 (1177.0)
denovo217 C1129_DQ182651 300 (1234.0)
denovo217 C15.21_KC597683 300 (1271.0)
denovo217 C56_AY589760 300 (1271.0)
denovo217 C1140_DQ182638 300 (1234.0)
denovo217 C1126_DQ182653 300 (1225.0)
denovo217 C15c_AY258492 300 (1280.0)
denovo217 C15d_AY258493 300 (1271.0)
denovo217 C1098_DQ182641 301 (1253.0)
denovo217 C15.27_KC597689 300 (1280.0)
denovo217 C15.18_HE579024 300 (1280.0)
denovo217 C15.16_HE579022 300 (1280.0)
denovo217 C1101_AB253787 300 (1280.0)
denovo217 C1083_AY237300 300 (1280.0)
denovo217 C1088_DQ182640 300 (1280.0)
denovo217 C15.6_FN563472 300 (1289.0)
denovo217 C15.5_FJ461512 300 (1307.0)
denovo217 C15.4_FJ461511 300 (1298.0)
denovo217 C15.13_HE579019 300 (1280.0)
denovo217 C15.12_HE579018 300 (1289.0)
denovo217 C93a_AM748563 300 (1298.0)
denovo217 C1094_AJ291514 300 (1280.0)
denovo217 C93_AM748562 300 (1289.0)
denovo217 C15.17_HE579023 301 (1276.5)
denovo217 C15e_AY589742 300 (1274.0)
denovo217 C15.22_KC597695 300 (1289.0)
denovo217 C60_AY589764 300 (1289.0)
denovo217 C15.1_FJ461508 300 (1289.0)
denovo217 C15.2_FJ461509 300 (1289.0)
denovo217 C15.9_FN563475 300 (1289.0)
denovo217 C15.7_HE579015 300 (1307.0)
denovo217 C15.8_HE579016 300 (1289.0)
denovo217 C15.15_HE579021 300 (1289.0)
denovo217 C15.19_HE579025 300 (1289.0)
denovo217 C15.24_KC597696 300 (1280.0)
denovo217 C15.3_FJ461510 300 (1298.0)
denovo217 C1087_DQ182655 300 (1289.0)
denovo217 C15.14_HE579020 301 (1279.0)
denovo217 C15.23_KC597697 301 (1279.0)
denovo217 C19_AY258479 300 (1301.0)
denovo217 C1233_EU118166 300 (1289.0)
denovo217 C15b_AY258491 300 (1289.0)
denovo217 C15a_AY258476 300 (1307.0)
denovo217 C1051_AF195153 300 (1307.0)
denovo217 C2_AF333518 301 (1297.0)
denovo217 C15.20_HE579026 301 (1288.0)
denovo217 C15f_AY589743 301 (1288.0)
denovo217 C55_AY589759 304 (1286.5)
denovo217 C15_AY239369 300 (1298.0)
denovo217 C32.1_JF683335 308 (1182.0)
denovo217 C32.2_JF683336 308 (1200.0)
denovo217 C21.23_KC597693 308 (1200.0)
denovo217 C1193_EU099827 301 (1261.0)
denovo217 C1195_EU099821 308 (1239.5)
denovo217 C3q_GU907655 301 (1240.0)
denovo217 C53_AY589758 300 (1280.0)
denovo217 C73_AY765408 305 (1246.5)
denovo217 C17.2.1_KC597684 303 (1238.5)
denovo217 C32_AY258497 300 (1286.0)
denovo217 C1189_EU099831 300 (1277.0)
denovo217 C1191_EU099833 300 (1268.0)
denovo217 C1196_EU099819 300 (1277.0)
denovo217 C1192_EU099820 300 (1277.0)
denovo217 C17.1_JF683322 300 (1286.0)
denovo217 C26_b2_FN827164 301 (1276.0)
denovo217 C26_b3_FN827165 301 (1267.0)
denovo217 C31.9_HQ630879 303 (1265.5)
denovo217 C31a_AY589746 303 (1271.0)
denovo217 C30_AY589745 303 (1271.0)
denovo217 C31.1_HQ630876 303 (1271.0)
denovo217 C31.5_HQ630877 303 (1271.0)
denovo217 C31.6_HQ630878 303 (1271.0)
denovo217 C31.2_JF683332 303 (1271.0)
denovo217 C31.3_JF683333 303 (1271.0)
denovo217 C26/C35a_AY239378 301 (1276.0)
denovo217 C35a_AY258501 301 (1276.0)
denovo217 C35.2_AY258500 301 (1285.0)
denovo217 C26_b1_FN827163 301 (1285.0)
denovo217 C17_AY239370 300 (1295.0)
denovo217 C17.2_FJ461513 302 (1284.5)
denovo217 C31.10_HQ630880 303 (1274.5)
denovo217 C31.4_JF683334 307 (1268.5)
denovo217 C31_AY258496 303 (1280.0)
denovo217 C25_AY239377 302 (1278.5)
denovo217 C61_AY589765 300 (1246.0)
denovo217 C1043_DQ072721 300 (1275.0)
denovo217 C79_AY765414 300 (1298.0)
denovo217 C69_AY589773 301 (1210.5)
denovo217 C69a_AY686648 301 (1201.5)
denovo217 C21.22_KC597692 300 (1259.0)
denovo217 C51_AY589756 300 (1289.0)
denovo217 C1aa_HM185739 300 (1281.0)
denovo217 C1096_DQ068023 300 (1268.0)
denovo217 C74_AY765409 301 (1270.0)
denovo217 C1185_AB294629 301 (1279.0)
denovo217 C1184_AB294630 301 (1279.0)
denovo217 C1153_AB294625 301 (1279.0)
denovo217 C1154_AB294626 301 (1279.0)
denovo217 C1187_AB294627 301 (1279.0)
denovo217 C1186_AB294628 301 (1279.0)
denovo217 C57_AY589761 301 (1288.0)
denovo217 C66_AY589771 301 (1288.0)
denovo217 C5_AF499795 300 (1298.0)
denovo217 C1167_AB294586 300 (1298.0)
denovo217 C1164_AB294593 300 (1298.0)
denovo217 C1183_AB294631 300 (1298.0)
denovo217 C1067_DQ335381 300 (1298.0)
denovo217 C1159_AB294613 301 (1279.0)
denovo217 C1150_AB294622 301 (1288.0)
denovo217 C90_AM748554 302 (1314.5)
denovo217 C1168_AB294583 300 (1298.0)
denovo217 C1156_AB294616 300 (1298.0)
denovo217 C1151_AB294621 300 (1316.0)
denovo217 C92a_AM748561 300 (1298.0)
denovo217 C92_AM748560 300 (1307.0)
denovo217 C1165_AB294581 300 (1307.0)
denovo217 C1166_AB294584 300 (1307.0)
denovo217 C1162_AB294594 300 (1307.0)
denovo217 C1163_AB294596 300 (1307.0)
denovo217 C1161_AB294606 300 (1307.0)
denovo217 C1160_AB294608 300 (1307.0)
denovo217 C1158_AB294614 300 (1307.0)
denovo217 C1155_AB294617 300 (1307.0)
denovo217 C1149_AB294620 300 (1307.0)
denovo217 C1173_AB294662 300 (1307.0)
denovo217 C1171_AB294663 300 (1307.0)
denovo217 C1172_AB294665 300 (1307.0)
denovo217 C91a_AM748556 300 (1325.0)
denovo217 C91b_AM748557 300 (1307.0)
denovo217 C91d_AM748559 300 (1307.0)
denovo217 C91c_AM748558 300 (1307.0)
denovo217 C91_AJ621543 300 (1316.0)
denovo217 C91_AM748555 300 (1316.0)
denovo217 C1023_DQ335330 300 (1097.0)
denovo217 C1020_DQ335392 300 (1316.0)
denovo217 C1018_DQ335408 300 (1316.0)
denovo217 C1074_DQ335329 300 (1316.0)
denovo217 C1030_DQ335353 300 (1316.0)
denovo217 C1022_DQ335331 300 (1316.0)
denovo217 C1027_DQ335360 300 (1334.0)
denovo217 C1072_DQ335344 300 (1316.0)
denovo217 C1039_AB190274 300 (1316.0)
denovo217 C1033_DQ335350 305 (1313.0)
denovo217 C1019_DQ335407 300 (1325.0)
denovo217 C1194_EU099826 300 (1274.0)
denovo217 C8b_AY258475 300 (1283.0)
denovo217 C8_AY239367 300 (1307.0)
denovo217 C8a_AY239368 300 (1298.0)
denovo217 C54a_AY765406 300 (1307.0)
denovo217 C3ff_HM185740 300 (1307.0)
denovo217 C59_AY589763 302 (1287.0)
denovo217 C3k_AY589737 300 (1298.0)
denovo217 C3.24_HE579012 300 (1280.0)
denovo217 C3.23_HE579011 300 (1289.0)
denovo217 C35.1_AY765401 300 (1298.0)
denovo217 C35.3_EF541145 300 (1307.0)
denovo217 C76_AY765411 300 (1277.0)
denovo217 C1107_DQ335359 300 (1275.0)
denovo217 C3.22_HE579010 302 (1296.5)
denovo217 C77_AY765412 302 (1281.5)
denovo217 C20_AY239371 300 (1316.0)
denovo217 C1055_DQ480640 301 (1288.0)
denovo217 C27/C30_AY239379 301 (1276.0)
denovo217 C27.1_FJ461517 301 (1267.0)
denovo217 C40a_AY589747 300 (1325.0)
denovo217 C40_AY258485 300 (1334.0)
denovo217 C40b_AY589748 301 (1324.0)
denovo217 C16_AY258477 300 (1316.0)
denovo217 C16a_AY765399 300 (1307.0)
denovo217 C1091_AB207186 300 (1307.0)
denovo217 C1102_DQ335400 300 (1298.0)
denovo217 C1069_DQ335375 300 (1298.0)
denovo217 C1073_DQ335332 300 (1307.0)
denovo217 C1066_DQ335382 300 (1298.0)
denovo217 C1031_DQ335352 300 (1316.0)
denovo217 C1026_DQ335366 300 (1325.0)
denovo217 C70_AY589774 300 (1325.0)
denovo217 C1082_AB190267 300 (1307.0)
denovo217 C1078_AB190271 300 (1307.0)
denovo217 C1090_AB207191 300 (1307.0)
denovo217 C1071_DQ335302 300 (1307.0)
denovo217 C1075_DQ335328 300 (1307.0)
denovo217 C1068_DQ335379 300 (1307.0)
denovo217 C1064_DQ335395 300 (1307.0)
denovo217 C1063_DQ335403 300 (1307.0)
denovo217 C62_AY589766 300 (1316.0)
denovo217 C1077_DQ335316 301 (1306.0)
denovo217 C1109_DQ335338 300 (1307.0)
denovo217 C1110_DQ335340 300 (1298.0)
denovo217 C1106_DQ335339 300 (1289.0)
denovo217 C1112_DQ335319 300 (1298.0)
denovo217 C1108_DQ335351 300 (1289.0)
denovo217 C1105_DQ335394 300 (1298.0)
denovo217 C1121_DQ335378 300 (1280.0)
denovo217 C1116_AB190268 300 (1298.0)
denovo217 C1115_AB190273 300 (1289.0)
denovo217 C1124_DQ335323 300 (1280.0)
denovo217 C1120_DQ335398 300 (1280.0)
denovo217 C1119_DQ335404 300 (1280.0)
denovo217 C1123_DQ335363 300 (1289.0)
denovo217 C1004_DQ480635 300 (1298.0)
denovo217 C1061_AY186568 300 (1298.0)
denovo217 C1053_AY186569 300 (1298.0)
denovo217 C1003_DQ480639 300 (1307.0)
denovo217 C81_GU907657 304 (1183.0)
denovo217 C22_AY239373 300 (1287.5)
denovo217 C22a_AY239374 300 (1278.5)
denovo217 C1232_EU118163 300 (1307.0)
denovo217 C21.13_FJ461515 300 (1268.0)
denovo217 C21.1_JF683323 300 (1277.0)
denovo217 C21.3_JF683325 300 (1286.0)
denovo217 C1.20_HE578993 300 (1298.0)
denovo217 C1.22_HE578995 300 (1289.0)
denovo217 C52_AY589757 300 (1301.0)
denovo217 C1201_EU099793 302 (1272.0)
denovo217 C14_AY589741 300 (1292.0)
denovo217 C43_AY589749 300 (1307.0)
denovo217 C50_AY589755 300 (1316.0)
denovo217 C3.14_HQ630872 300 (1334.0)
denovo217 C1m_AY765398 300 (1307.0)
denovo217 C82_GU907658 300 (1307.0)
denovo217 C82b_GU907660 300 (1307.0)
denovo217 C64_AY589768 300 (1307.0)
denovo217 C45a_AY765404 300 (1325.0)
denovo217 C48_AY589753 302 (1314.5)
denovo217 C1_v1b_FJ919244 300 (1307.0)
denovo217 C1_v1a_FJ919243 300 (1316.0)
denovo217 C3j_AY239366 300 (1316.0)
denovo217 C3t_EF541149 300 (1316.0)
denovo217 C9_AF499798 300 (1316.0)
denovo217 C23_AY239375 300 (1307.0)
denovo217 C37_AY258481 300 (1298.0)
denovo217 C1048_DQ068026 300 (1316.0)
denovo217 C21.4_JF683326 300 (1295.0)
denovo217 C21.5_JF683327 300 (1295.0)
denovo217 C1070_DQ335349 300 (1316.0)
denovo217 C21.6_HQ630873 300 (1295.0)
denovo217 C1224_EU074890 300 (1307.0)
denovo217 C1.17_HE578990 300 (1316.0)
denovo217 C21_b1_FN827162 300 (1286.0)
denovo217 C21.9_JF683330 300 (1295.0)
denovo217 C1085_AY624605 300 (1316.0)
denovo217 C3p_GU907654 300 (1301.0)
denovo217 C3f_AY589734 300 (1325.0)
denovo217 C65a_AY589770 300 (1316.0)
denovo217 C65_AY589769 300 (1325.0)
denovo217 C71_AY589775 300 (1316.0)
denovo217 C71a_AY589776 300 (1307.0)
denovo217 C1178_AB294647 300 (1301.0)
denovo217 C1225_EU074893 300 (1307.0)
denovo217 C75_AY765410 300 (1325.0)
denovo217 C21.10_JF683331 300 (1286.0)
denovo217 C21.11_HQ630874 300 (1295.0)
denovo217 C1065_DQ335388 300 (1316.0)
denovo217 C1045_DQ068036 300 (1325.0)
denovo217 C1h_AY258473 300 (1316.0)
denovo217 C38_AY258482 300 (1316.0)
denovo217 C1202_EU099799 300 (1316.0)
denovo217 C7_AF499797 300 (1325.0)
denovo217 C12_AF499801 302 (1314.5)
denovo217 C38a_AY258483 301 (1306.0)
denovo217 C1200_EU099800 300 (1278.5)
denovo217 C44a_AY589751 300 (1316.0)
denovo217 C47_AY589752 300 (1316.0)
denovo217 C44_AY589750 300 (1325.0)
denovo217 C1.15_HE578988 300 (1316.0)
denovo217 C45.3_FJ461522 300 (1325.0)
denovo217 C46a_AY765405 300 (1316.0)
denovo217 C46_EU449108 300 (1325.0)
denovo217 C3.12_FJ461507 300 (1343.0)
denovo217 C1k_AY589733 300 (1325.0)
denovo217 C67_AY686647 300 (1325.0)
denovo217 C82a_GU907659 300 (1325.0)
denovo217 C10a_AY589739 300 (1316.0)
denovo217 C10_AF499799 300 (1325.0)
denovo217 C13_AY589740 306 (1312.5)
denovo217 C4_AF499794 300 (1325.0)
denovo217 C1147_EF656433 300 (1325.0)
denovo217 C1c/C45_AY239364 300 (1334.0)
denovo217 C1c/C45_EU449103 300 (1334.0)
denovo217 C21.19_HE579031 300 (1286.0)
denovo217 C21.21_HE579033 300 (1268.0)
denovo217 C21.20_HE579032 300 (1277.0)
denovo217 C42b_AY765403 300 (1307.0)
denovo217 C42_AY258487 300 (1316.0)
denovo217 C1p_GU907652 300 (1316.0)
denovo217 C1d_AY258488 300 (1316.0)
denovo217 C42_AY765402 300 (1325.0)
denovo217 C3ha_AY589736 300 (1286.0)
denovo217 C63a_AY589767 302 (1275.5)
denovo217 C21a_AY589744 300 (1295.0)
denovo217 C3o_GU907653 300 (1295.0)
denovo217 C21.16_HQ630875 300 (1295.0)
denovo217 C21.2_JF683324 300 (1295.0)
denovo217 C21.7_JF683328 300 (1295.0)
denovo217 C21.8_JF683329 300 (1295.0)
denovo217 C3h_AY239365 300 (1295.0)
denovo217 C1203_EU099798 300 (1295.0)
denovo217 C3.10_FJ461505 300 (1325.0)
denovo217 C21.14_FJ461516 300 (1295.0)
denovo217 C21.18_HE579030 306 (1282.5)
denovo217 C3.17_HE579005 300 (1325.0)
denovo217 C3.9_FJ461504 300 (1304.0)
denovo217 C3.8_FJ461503 300 (1325.0)
denovo217 C3.7_FJ461502 300 (1325.0)
denovo217 C3.11_FJ461506 300 (1325.0)
denovo217 C3.18_HE579006 300 (1325.0)
denovo217 C3.19_HE579007 300 (1325.0)
denovo217 C3.20_HE579008 300 (1325.0)
denovo217 C3g_AY589735 302 (1314.5)
denovo217 C3a_AF499790 300 (1325.0)
denovo217 C3e_AF499793 300 (1325.0)
denovo217 C6_AF499796 300 (1316.0)
denovo217 C11_AF499800 300 (1325.0)
denovo217 C36_AY258480 300 (1325.0)
denovo217 C29_AY258494 300 (1325.0)
denovo217 C1146_EF656434 300 (1325.0)
denovo217 C1190_EU099841 300 (1325.0)
denovo217 C131_JF320826 300 (1325.0)
denovo217 C28_AY239380 302 (1314.5)
denovo217 C1012_DQ480604 300 (1325.0)
denovo217 C1181_AB294640 300 (1310.0)
denovo217 C1180_AB294641 300 (1310.0)
denovo217 C1179_AB294645 300 (1310.0)
denovo217 C1176_AB294651 300 (1310.0)
denovo217 C1175_AB294653 300 (1310.0)
denovo217 C1174_AB294655 300 (1310.0)
denovo217 C1177_AB294659 300 (1310.0)
denovo217 C1040_AB190269 300 (1325.0)
denovo217 C1182_AB294649 300 (1325.0)
denovo217 C1089_AJ278598 300 (1325.0)
denovo217 C1028_DQ335357 300 (1325.0)
denovo217 C3.16_EU786015 300 (1325.0)
denovo217 C1097_AJ311943 301 (1315.0)
denovo217 C1170_AB294661 300 (1310.0)
denovo217 C21.17_HE579029 300 (1297.0)
denovo217 C21/3d/C3k_AY239372 300 (1304.0)
denovo217 C58_AY589762 301 (1294.0)
denovo217 C3L_AY589738 303 (1302.0)
denovo217 C1169_AB294660 300 (1319.0)
denovo217 C3.2_FJ461497 300 (1328.0)
denovo217 C3.1_JF683321 300 (1328.0)
denovo217 C1104_AF427469 301 (1324.0)
denovo217 C3b_AF499791 300 (1328.0)
denovo217 C83_GU907661 302 (1323.5)
denovo217 C49_AY589754 341 (1304.0)
denovo217 C3_AB778606 300 (1334.0)
denovo217 C3_AF499789 300 (1334.0)
denovo217 C3_HE579001 300 (1334.0)
denovo217 C21.12_FJ461514 300 (1286.0)
denovo217 C1229_EU074888 300 (1248.0)
denovo217 C1230_EU074889 300 (1257.0)
denovo217 C1114_AB207196 300 (1316.0)
denovo217 C3.21_HE579009 300 (1229.0)
denovo217 C1057_DQ480619 300 (1307.0)
denovo217 C72_AY765407 300 (1279.0)
denovo217 C1b.3_HE578999 300 (1310.0)
denovo217 C93_AJ621536 300 (1325.0)
denovo217 C94_AJ621539 300 (1316.0)
denovo217 C1g_AY589730 300 (1316.0)
denovo217 C1i_AY589731 300 (1307.0)
denovo217 C1j_AY589732 300 (1316.0)
denovo217 C1005_DQ480633 300 (1316.0)
denovo217 C1.7_FJ461494 300 (1316.0)
denovo217 C1.11_HE578984 300 (1316.0)
denovo217 C1.12_HE578985 300 (1316.0)
denovo217 C1.13_HE578986 300 (1316.0)
denovo217 C1.14_HE578987 300 (1316.0)
denovo217 C1.18_HE578991 300 (1316.0)
denovo217 C1.19_HE578992 300 (1316.0)
denovo217 C1199_EU099802 300 (1292.0)
denovo217 C1188_EU099838 300 (1307.0)
denovo217 C1002_DQ838544 300 (1325.0)
denovo217 C1198_EU099810 300 (1316.0)
denovo217 C24_AY239376 300 (1307.0)
denovo217 C1f_AY258490 300 (1316.0)
denovo217 C1006_DQ480629 300 (1316.0)
denovo217 C1010_DQ480607 300 (1316.0)
denovo217 C1007_DQ480624 300 (1307.0)
denovo217 C1011_DQ480605 300 (1316.0)
denovo217 C1009_DQ480608 300 (1316.0)
denovo217 C1041_AY186548 300 (1307.0)
denovo217 C1052_AY186570 300 (1316.0)
denovo217 C1148_EU040178 300 (1316.0)
denovo217 C1234_EU118165 301 (1306.0)
denovo217 C1.5_EF634157 300 (1316.0)
denovo217 C1059_DQ480609 300 (1316.0)
denovo217 C1228_EU074883 300 (1316.0)
denovo217 C1208_EU074963 300 (1316.0)
denovo217 C1207_EU074964 300 (1316.0)
denovo217 C1206_EU074965 300 (1316.0)
denovo217 C1013_DQ480642 300 (1307.0)
denovo217 C80_GU907656 310 (1301.5)
denovo217 C1a_AF499788 300 (1316.0)
denovo217 C41_AY258486 300 (1316.0)
denovo217 C39_AY258484 300 (1265.5)
denovo217 C1231_EU074878 300 (1316.0)
denovo217 C1b.1_HE578997 300 (1310.0)
denovo217 C18_AY258478 300 (1316.0)
denovo217 C1.10_HE578983 300 (1277.0)
denovo217 C1_JN558041 300 (1325.0)
denovo217 C1_HE578979 300 (1325.0)
denovo217 C1_AM748551 300 (1325.0)
denovo217 C1_AF333515 300 (1325.0)
denovo217 C1054_AY186565 301 (1315.0)
denovo217 C1008_DQ480613 300 (1316.0)
denovo217 C1103_AF427470 301 (1315.0)
denovo217 C1226_EU074881 301 (1315.0)
denovo217 C1b/C1e_AY239363 300 (1319.0)
denovo217 C1044_DQ068038 300 (1310.0)
denovo217 C1017_DQ174729 301 (1309.0)
denovo217 C1.6_FJ461493 300 (1316.0)
denovo217 C1b.2_HE578998 300 (1310.0)
denovo217 C1060_DQ480600 300 (1316.0)
denovo217 C1227_EU074882 300 (1316.0)
denovo217 C1197_EU099814 300 (1316.0)
denovo217 C1130_DQ480643 300 (1183.5)
denovo217 D109_AB097465 351 (568.0)
denovo217 D1.11_HE579040 335 (576.0)
denovo217 D105_AF174570 333 (587.5)
denovo217 D104_AF174572 351 (561.5)
denovo217 D1.3_JF683337 347 (576.0)
denovo217 D1.10_HE579039 347 (567.0)
denovo217 D110_AF174561 347 (567.0)
denovo217 D117_AF174542 347 (567.0)
denovo217 D114_AF174549 347 (576.0)
denovo217 D113_AF174557 353 (567.0)
denovo217 D112_AF174558 347 (567.5)
denovo217 D106_AF174559 348 (569.5)
denovo217 D111_AF174560 346 (581.5)
denovo217 D115_AF174562 347 (567.0)
denovo217 D107_AF174568 347 (576.0)
denovo217 D116_AF174571 347 (575.5)
denovo217 D124_EU074897 347 (558.5)
denovo217 D1.8_HE579037 347 (576.0)
denovo217 D3_AY686650 350 (576.0)
denovo217 D1.6_HQ630881 347 (567.0)
denovo217 D120_EU074900 347 (558.5)
denovo217 D121_EU074904 347 (584.5)
denovo217 D122_EU074905 347 (567.0)
denovo217 D1a.2_JF683339 347 (569.5)
denovo217 D1a.1_JF683338 347 (567.5)
denovo217 D2_AY686649 589 (623.5)
denovo217 D4_DQ865214 348 (567.0)
denovo217 D1a_AF499802 347 (567.5)
denovo217 D1a_JN558078 347 (567.5)
denovo217 D123_EU074895 347 (576.0)
denovo217 D108_AF174567 347 (567.5)
denovo217 D103_AF174575 347 (567.0)
denovo217 D100_AF411415 353 (557.5)
denovo217 D118_EF656435 347 (558.5)
denovo217 D101_AF411416 353 (542.5)
denovo217 D119_EU099832 347 (569.0)
denovo217 D102_AF174573 347 (570.0)
denovo217 D1_AF334660 347 (576.0)
denovo217 D1_JN558076 347 (576.0)
denovo217 D1.12_HE579041 338 (541.5)
denovo217 D1.1_AM748564 415 (583.0)
denovo217 D1.2_AM748617 421 (577.5)
denovo217 E111_EU074915 358 (474.0)
denovo217 E110_EU074914 357 (489.0)
denovo217 E114_EU074909 358 (485.0)
denovo217 E1_AF334659 357 (485.0)
denovo217 E105_EU074921 356 (495.0)
denovo217 E112_EU074916 355 (484.0)
denovo217 E104_EU074922 355 (493.0)
denovo217 E102_EU074924 355 (484.0)
denovo217 E103_EU074923 355 (493.0)
denovo217 E101_AY160123 353 (482.5)
denovo217 E109_EU074913 360 (481.0)
denovo217 E100_DQ011618 370 (467.0)
denovo217 E108_EU074912 364 (473.5)
denovo217 E113_EU074908 363 (474.0)
denovo217 E107_EU074910 364 (473.5)
denovo217 F1_JN558066 311 (1011.0)
denovo217 F5.2d_AJ291530 310 (999.0)
denovo217 F104_AJ291531 310 (999.0)
denovo217 F5.2c_AM748596 310 (999.0)
denovo217 F5.2_AM748594 307 (1008.0)
denovo217 F5.2a_AM748614 307 (1008.0)
denovo217 F5.2b_AM748595 307 (999.0)
denovo217 F5.2e_AJ291533 307 (946.0)
denovo217 F5.2g_JN558072 307 (999.0)
denovo217 F5.2f_AJ291512 307 (1008.0)
denovo217 F102_AJ291534 307 (999.0)
denovo217 F5.1c_AM748593 317 (984.0)
denovo217 F5.1d_JN558069 308 (1011.0)
denovo217 F5.1b_AJ291535 306 (1007.0)
denovo217 F5.1_AM748592 308 (1011.0)
denovo217 F5.1a_AM748591 307 (1009.0)
denovo217 F110_AJ291526 320 (909.5)
denovo217 F4.7_AM748587 322 (936.5)
denovo217 F4.5_AM748585 306 (951.0)
denovo217 F4.4a_AM748583 305 (995.0)
denovo217 F4.4_AM748582 308 (992.0)
denovo217 F4.4b_AM748584 308 (1001.5)
denovo217 F4.1a_AM748573 321 (913.5)
denovo217 F112_AJ291528 316 (907.5)
denovo217 F4.1_AM748572 316 (925.5)
denovo217 F4.8b_AM748590 310 (943.5)
denovo217 F4.8_AM748588 310 (934.5)
denovo217 F4.8a_AM748589 310 (943.5)
denovo217 F109_AJ291527 310 (912.5)
denovo217 F4.6_AM748586 316 (961.5)
denovo217 F111_AJ311949 315 (946.5)
denovo217 F4.3c_AM748581 318 (965.0)
denovo217 F4.3a_AM748579 315 (955.5)
denovo217 F4.3b_AM748580 315 (955.5)
denovo217 F4.3_AM748578 315 (964.5)
denovo217 F4.2_AM748574 312 (977.5)
denovo217 F4.2a_AM748575 311 (978.0)
denovo217 F4.2c_AM748577 312 (968.0)
denovo217 F4.2b_AM748576 311 (987.0)
denovo217 F2b_AJ291521 318 (1003.0)
denovo217 F2_AJ830908 316 (987.5)
denovo217 F2a_AJ830911 317 (981.0)
denovo217 F3.1a_AM748566 319 (964.0)
denovo217 F114_AJ291525 319 (964.0)
denovo217 F3.1_AM748565 319 (982.0)
denovo217 F3.2_AM748567 318 (1007.0)
denovo217 F3.2a_AM748568 321 (1024.0)
denovo217 F3.3_AM748569 311 (983.5)
denovo217 F3.4a_AM748571 317 (900.5)
denovo217 F3.4_AM748570 317 (909.5)
denovo217 F3.4b_AM748616 311 (910.0)
denovo217 G101_AJ291539 350 (590.5)
denovo217 G1_AM748597 350 (590.5)
denovo217 G2b_JN558087 337 (591.0)
denovo217 G2_AM748598 337 (582.0)
denovo217 G2a_AM748599 337 (573.0)
denovo217 G4_AM748601 334 (614.5)
denovo217 G3.4_LK392378 329 (594.0)
denovo217 G3_AM748600 335 (612.5)
denovo217 G3.2_KC597694 326 (508.5)
denovo217 G3.1_KC597688 337 (581.5)
denovo217 G100_AB253788 346 (581.0)
denovo217 G3.3_LK392377 337 (581.5)
denovo217 H6_AJ291520 633 (344.0)
denovo217 H3_AM748606 308 (876.0)
denovo217 H2_AM748605 312 (914.5)
denovo217 H4_AM748607 320 (860.5)
denovo217 H4a_AM748608 320 (875.5)
denovo217 H5a_AM748611 315 (836.0)
denovo217 H5b_AM748610 318 (843.5)
denovo217 H5_AJ621129 315 (845.0)
denovo217 H5_AM748609 315 (845.0)
denovo217 H100_AJ291513 318 (861.5)
denovo217 H1b_AM748604 322 (859.5)
denovo217 H1a_AM748612 322 (850.5)
denovo217 H1_AJ621152 322 (859.5)
denovo217 H1_AM748602 322 (859.5)
denovo217 I3_FN561561 329 (773.5)
denovo217 I4_FN561562 329 (782.5)
denovo217 I1_FN561559 328 (744.0)
denovo217 I2_FN561560 327 (768.5)

#---------------------------------------
#---------------------------------------
