denovo242 A136_DQ865210 322 (445.5)
denovo242 A133_DQ174725 339 (438.5)
denovo242 A115_AF180123 323 (423.0)
denovo242 A117_AF201746 332 (467.0)
denovo242 A134_DQ174723 331 (472.5)
denovo242 A114_AF184941 332 (467.0)
denovo242 A135_DQ174727 332 (467.0)
denovo242 A2_AF333506 332 (481.5)
denovo242 A101_AF427468 332 (467.0)
denovo242 A2_1_JN558097 332 (467.0)
denovo242 A2_2_JN558100 332 (467.0)
denovo242 A113_AF184948 331 (441.0)
denovo242 A112_AF184949 330 (438.0)
denovo242 A123_EF378618 328 (329.0)
denovo242 A137_EF378621 332 (361.5)
denovo242 A11_EU449041 319 (458.5)
denovo242 A121_DQ174722 328 (460.5)
denovo242 A15b_EU792886 318 (426.5)
denovo242 A15a_EU792885 318 (444.5)
denovo242 A15c_EU792887 315 (442.5)
denovo242 A15_EU792884 318 (435.5)
denovo242 A147_EU074937 320 (441.5)
denovo242 A154_EU074860 320 (432.0)
denovo242 A146_EU074936 320 (450.0)
denovo242 A150_EU074928 316 (464.5)
denovo242 A116_AF183575 320 (468.0)
denovo242 A141_EU074931 320 (459.0)
denovo242 A5_AF333508 321 (458.5)
denovo242 A3b_EU449043 320 (459.0)
denovo242 A151_EU074925 324 (451.0)
denovo242 A152_EU074927 317 (450.0)
denovo242 A149_EU074929 329 (449.5)
denovo242 A140_EU074930 320 (441.0)
denovo242 A142_EU074932 320 (441.0)
denovo242 A143_EU074933 328 (455.0)
denovo242 A144_EU074934 320 (450.0)
denovo242 A145_EU074935 320 (450.0)
denovo242 A148_EU074938 320 (450.0)
denovo242 A155_EU074856 329 (449.5)
denovo242 A156_EU074859 320 (441.0)
denovo242 A139_EU074962 320 (441.0)
denovo242 A6_AF186058 320 (450.0)
denovo242 A3_AF333507 320 (450.0)
denovo242 A3_JN558091 320 (450.0)
denovo242 A8_AY258468 309 (443.5)
denovo242 A7_AY239360 320 (459.0)
denovo242 A16_EU792888 321 (460.5)
denovo242 A4.3_FN429763 333 (440.0)
denovo242 A120_AF180122 318 (448.5)
denovo242 A4.2_FN429761 322 (440.0)
denovo242 A4_AF333509 322 (459.0)
denovo242 A4.1_FN429760 321 (454.0)
denovo242 A4a_AF499778 331 (459.5)
denovo242 A4a.1_FN429762 331 (459.5)
denovo242 A138_EF378620 333 (427.0)
denovo242 A122_EF378619 333 (458.0)
denovo242 A126_EF378615 332 (459.0)
denovo242 A10_EU792882 332 (459.0)
denovo242 A9_EU449028 337 (450.0)
denovo242 A105_AB207202 333 (446.5)
denovo242 A119_AF180121 325 (458.0)
denovo242 A12_EU792883 332 (453.5)
denovo242 A104_AB207203 332 (452.5)
denovo242 A1a_EU449030 332 (454.0)
denovo242 A1.3_HE578976 341 (453.5)
denovo242 A1.4_HE578977 326 (462.0)
denovo242 A13_AF333504 336 (455.5)
denovo242 A13_JN558094 336 (455.5)
denovo242 A110_AB190282 334 (449.5)
denovo242 A103_AB207206 334 (458.5)
denovo242 A130_EF656428 334 (467.5)
denovo242 A127_EF656429 332 (462.5)
denovo242 A128_EF656430 334 (449.5)
denovo242 A129_EF656431 334 (458.5)
denovo242 A131_EF656432 334 (458.5)
denovo242 A118_AF180120 327 (459.0)
denovo242 A1_AF333505 334 (458.5)
denovo242 A107_AB207199 332 (461.5)
denovo242 A111_AB190280 332 (461.5)
denovo242 A108_AB207197 342 (432.0)
denovo242 A106_AB207200 332 (453.5)
denovo242 A102_AB207209 332 (452.5)
denovo242 A1.2_AB207210 332 (452.5)
denovo242 A109_AB190285 330 (456.0)
denovo242 B4_AF333510 311 (631.0)
denovo242 B23_EU449079 323 (529.0)
denovo242 B30_GU907644 332 (528.0)
denovo242 B11_AY239361 328 (578.5)
denovo242 B17_AY258470 326 (580.5)
denovo242 B1k_GU907638 278 (326.0)
denovo242 B1.V_Green2014 333 (540.0)
denovo242 B1b_AF499780 324 (549.5)
denovo242 B16_AY258469 323 (573.0)
denovo242 B31a_GU907646 326 (563.0)
denovo242 B32_GU907647 326 (563.0)
denovo242 B31_GU907645 326 (572.0)
denovo242 B1j_GU907637 326 (590.0)
denovo242 B37_GU907650 328 (589.0)
denovo242 B5a_AF499782 325 (568.5)
denovo242 B5_AF499781 325 (577.5)
denovo242 B24_GU907643 306 (486.5)
denovo242 B117_AF180124 328 (559.5)
denovo242 B10_AF499787 325 (587.5)
denovo242 B20_GU907642 328 (573.5)
denovo242 B1m_GU907640 326 (581.0)
denovo242 B34_GU907649 326 (581.0)
denovo242 B1d_GU907633 326 (581.5)
denovo242 B1e_GU907634 326 (581.5)
denovo242 B1i_GU907636 326 (581.0)
denovo242 B1g_GU907635 329 (567.5)
denovo242 B123_EU074872 325 (569.5)
denovo242 B8_AF499785 327 (571.5)
denovo242 B1l_GU907639 326 (572.0)
denovo242 B1a_AF499779 326 (581.0)
denovo242 B14_AY239362 327 (562.0)
denovo242 B125_EU074865 326 (572.0)
denovo242 B122_EU074871 326 (572.0)
denovo242 B124_EU074874 326 (572.0)
denovo242 B1.VII_Green2014 315 (523.0)
denovo242 B1.III_Green2014 322 (559.0)
denovo242 B1.I_Green2014 326 (581.0)
denovo242 B1.II_Green2014 326 (581.0)
denovo242 B1_JN558057 326 (581.0)
denovo242 B1_AF333511 326 (581.0)
denovo242 B1.IV_Green2014 337 (579.5)
denovo242 B121_EU074870 326 (581.0)
denovo242 B7_AF499784 326 (581.0)
denovo242 B1.VI_Green2014 323 (572.0)
denovo242 B3_AF333514 325 (573.0)
denovo242 B9_AF499786 323 (558.0)
denovo242 B19a_JN558055 318 (516.5)
denovo242 B119_EU099825 327 (523.5)
denovo242 B21_DQ865213 318 (549.0)
denovo242 B38_GU907651 318 (549.0)
denovo242 B18_AY258471 325 (564.0)
denovo242 B18a_AY258472 325 (555.0)
denovo242 B33_GU907648 321 (552.5)
denovo242 B6_AF499783 322 (564.5)
denovo242 B19_DQ865212 321 (561.5)
denovo242 B19_GU907641 321 (561.5)
denovo242 B2_AF333512 321 (570.5)
denovo242 B2_JN558060 321 (570.5)
denovo242 C33.1_AY258498 300 (1196.0)
denovo242 C33.2_AY765400 300 (1196.0)
denovo242 C33a_EF541147 300 (1196.0)
denovo242 C34_AY258499 300 (1196.0)
denovo242 C78_AY765413 300 (1151.0)
denovo242 C15.29_KC597690 302 (1165.0)
denovo242 C1131_DQ182650 300 (1105.0)
denovo242 C1135_DQ182646 300 (1096.0)
denovo242 C1134_DQ182647 300 (1096.0)
denovo242 C1142_DQ182635 300 (1105.0)
denovo242 C1136_DQ182644 300 (1066.5)
denovo242 C1111_DQ182645 300 (1066.5)
denovo242 C1236_EF473656 300 (1075.5)
denovo242 C1138_DQ182642 300 (1075.5)
denovo242 C1137_DQ182643 300 (1075.5)
denovo242 C1133_DQ182648 300 (1075.5)
denovo242 C1132_DQ182649 300 (1084.5)
denovo242 C1143_DQ182634 300 (1084.5)
denovo242 C1139_DQ182639 300 (1114.0)
denovo242 C15.28_KC597687 300 (1160.0)
denovo242 C1141_DQ182636 300 (1123.0)
denovo242 C1144_DQ182637 300 (1114.0)
denovo242 C1122_DQ182654 300 (1123.0)
denovo242 C1127_DQ182652 300 (1123.0)
denovo242 C15.30_JX394114 300 (1178.0)
denovo242 C15.26_KC597686 300 (1178.0)
denovo242 C1086_DQ182656 300 (1178.0)
denovo242 C15.25_KC597685 300 (1187.0)
denovo242 C1118_AF180127 300 (1084.0)
denovo242 C1129_DQ182651 300 (1150.0)
denovo242 C15.21_KC597683 300 (1178.0)
denovo242 C56_AY589760 300 (1187.0)
denovo242 C1140_DQ182638 300 (1150.0)
denovo242 C1126_DQ182653 300 (1141.0)
denovo242 C15c_AY258492 300 (1196.0)
denovo242 C15d_AY258493 300 (1187.0)
denovo242 C1098_DQ182641 300 (1166.5)
denovo242 C15.27_KC597689 300 (1196.0)
denovo242 C15.18_HE579024 300 (1196.0)
denovo242 C15.16_HE579022 300 (1205.0)
denovo242 C1101_AB253787 300 (1196.0)
denovo242 C1083_AY237300 300 (1196.0)
denovo242 C1088_DQ182640 300 (1196.0)
denovo242 C15.6_FN563472 300 (1205.0)
denovo242 C15.5_FJ461512 300 (1205.0)
denovo242 C15.4_FJ461511 300 (1214.0)
denovo242 C15.13_HE579019 300 (1205.0)
denovo242 C15.12_HE579018 300 (1214.0)
denovo242 C93a_AM748563 300 (1214.0)
denovo242 C1094_AJ291514 300 (1196.0)
denovo242 C93_AM748562 300 (1205.0)
denovo242 C15.17_HE579023 300 (1190.0)
denovo242 C15e_AY589742 300 (1190.0)
denovo242 C15.22_KC597695 300 (1205.0)
denovo242 C60_AY589764 300 (1205.0)
denovo242 C15.1_FJ461508 300 (1205.0)
denovo242 C15.2_FJ461509 300 (1205.0)
denovo242 C15.9_FN563475 300 (1205.0)
denovo242 C15.7_HE579015 300 (1205.0)
denovo242 C15.8_HE579016 300 (1214.0)
denovo242 C15.15_HE579021 300 (1205.0)
denovo242 C15.19_HE579025 300 (1205.0)
denovo242 C15.24_KC597696 300 (1196.0)
denovo242 C15.3_FJ461510 300 (1214.0)
denovo242 C1087_DQ182655 300 (1205.0)
denovo242 C15.14_HE579020 301 (1195.0)
denovo242 C15.23_KC597697 301 (1195.0)
denovo242 C19_AY258479 300 (1199.0)
denovo242 C1233_EU118166 300 (1205.0)
denovo242 C15b_AY258491 300 (1214.0)
denovo242 C15a_AY258476 300 (1223.0)
denovo242 C1051_AF195153 300 (1223.0)
denovo242 C2_AF333518 301 (1213.0)
denovo242 C15.20_HE579026 301 (1204.0)
denovo242 C15f_AY589743 301 (1204.0)
denovo242 C55_AY589759 304 (1202.5)
denovo242 C15_AY239369 300 (1214.0)
denovo242 C32.1_JF683335 306 (1048.0)
denovo242 C32.2_JF683336 309 (1064.0)
denovo242 C21.23_KC597693 309 (1064.0)
denovo242 C1193_EU099827 301 (1177.0)
denovo242 C1195_EU099821 308 (1155.5)
denovo242 C3q_GU907655 301 (1147.5)
denovo242 C53_AY589758 300 (1196.0)
denovo242 C73_AY765408 305 (1153.5)
denovo242 C17.2.1_KC597684 302 (1160.5)
denovo242 C32_AY258497 300 (1175.0)
denovo242 C1189_EU099831 300 (1184.0)
denovo242 C1191_EU099833 300 (1175.0)
denovo242 C1196_EU099819 300 (1184.0)
denovo242 C1192_EU099820 300 (1184.0)
denovo242 C17.1_JF683322 300 (1193.0)
denovo242 C26_b2_FN827164 301 (1183.0)
denovo242 C26_b3_FN827165 301 (1174.0)
denovo242 C31.9_HQ630879 303 (1172.5)
denovo242 C31a_AY589746 303 (1169.0)
denovo242 C30_AY589745 303 (1169.0)
denovo242 C31.1_HQ630876 303 (1169.0)
denovo242 C31.5_HQ630877 303 (1169.0)
denovo242 C31.6_HQ630878 303 (1169.0)
denovo242 C31.2_JF683332 303 (1169.0)
denovo242 C31.3_JF683333 303 (1169.0)
denovo242 C26/C35a_AY239378 301 (1183.0)
denovo242 C35a_AY258501 301 (1183.0)
denovo242 C35.2_AY258500 301 (1192.0)
denovo242 C26_b1_FN827163 301 (1192.0)
denovo242 C17_AY239370 300 (1202.0)
denovo242 C17.2_FJ461513 302 (1191.5)
denovo242 C31.10_HQ630880 303 (1181.5)
denovo242 C31.4_JF683334 307 (1166.5)
denovo242 C31_AY258496 303 (1178.0)
denovo242 C25_AY239377 302 (1176.5)
denovo242 C61_AY589765 300 (1144.0)
denovo242 C1043_DQ072721 300 (1191.0)
denovo242 C79_AY765414 300 (1196.0)
denovo242 C69_AY589773 301 (1117.5)
denovo242 C69a_AY686648 301 (1108.5)
denovo242 C21.22_KC597692 300 (1157.0)
denovo242 C51_AY589756 300 (1205.0)
denovo242 C1aa_HM185739 297 (1179.5)
denovo242 C1096_DQ068023 300 (1184.0)
denovo242 C74_AY765409 301 (1195.0)
denovo242 C1185_AB294629 301 (1195.0)
denovo242 C1184_AB294630 301 (1195.0)
denovo242 C1153_AB294625 301 (1195.0)
denovo242 C1154_AB294626 301 (1195.0)
denovo242 C1187_AB294627 301 (1204.0)
denovo242 C1186_AB294628 301 (1195.0)
denovo242 C57_AY589761 301 (1204.0)
denovo242 C66_AY589771 301 (1204.0)
denovo242 C5_AF499795 300 (1214.0)
denovo242 C1167_AB294586 300 (1214.0)
denovo242 C1164_AB294593 300 (1214.0)
denovo242 C1183_AB294631 300 (1214.0)
denovo242 C1067_DQ335381 300 (1214.0)
denovo242 C1159_AB294613 301 (1195.0)
denovo242 C1150_AB294622 301 (1204.0)
denovo242 C90_AM748554 302 (1230.5)
denovo242 C1168_AB294583 300 (1214.0)
denovo242 C1156_AB294616 300 (1214.0)
denovo242 C1151_AB294621 300 (1232.0)
denovo242 C92a_AM748561 300 (1214.0)
denovo242 C92_AM748560 300 (1223.0)
denovo242 C1165_AB294581 300 (1223.0)
denovo242 C1166_AB294584 300 (1232.0)
denovo242 C1162_AB294594 300 (1223.0)
denovo242 C1163_AB294596 300 (1223.0)
denovo242 C1161_AB294606 300 (1223.0)
denovo242 C1160_AB294608 300 (1223.0)
denovo242 C1158_AB294614 300 (1223.0)
denovo242 C1155_AB294617 300 (1232.0)
denovo242 C1149_AB294620 300 (1223.0)
denovo242 C1173_AB294662 300 (1223.0)
denovo242 C1171_AB294663 300 (1232.0)
denovo242 C1172_AB294665 300 (1223.0)
denovo242 C91a_AM748556 300 (1223.0)
denovo242 C91b_AM748557 300 (1223.0)
denovo242 C91d_AM748559 300 (1223.0)
denovo242 C91c_AM748558 300 (1223.0)
denovo242 C91_AJ621543 300 (1232.0)
denovo242 C91_AM748555 300 (1232.0)
denovo242 C1023_DQ335330 300 (995.0)
denovo242 C1020_DQ335392 300 (1241.0)
denovo242 C1018_DQ335408 300 (1232.0)
denovo242 C1074_DQ335329 300 (1232.0)
denovo242 C1030_DQ335353 300 (1232.0)
denovo242 C1022_DQ335331 300 (1232.0)
denovo242 C1027_DQ335360 300 (1232.0)
denovo242 C1072_DQ335344 300 (1232.0)
denovo242 C1039_AB190274 300 (1232.0)
denovo242 C1033_DQ335350 305 (1229.0)
denovo242 C1019_DQ335407 300 (1241.0)
denovo242 C1194_EU099826 300 (1181.0)
denovo242 C8b_AY258475 300 (1199.0)
denovo242 C8_AY239367 300 (1214.0)
denovo242 C8a_AY239368 300 (1214.0)
denovo242 C54a_AY765406 300 (1223.0)
denovo242 C3ff_HM185740 300 (1223.0)
denovo242 C59_AY589763 302 (1185.0)
denovo242 C3k_AY589737 300 (1214.0)
denovo242 C3.24_HE579012 300 (1196.0)
denovo242 C3.23_HE579011 300 (1205.0)
denovo242 C35.1_AY765401 300 (1223.0)
denovo242 C35.3_EF541145 300 (1223.0)
denovo242 C76_AY765411 300 (1193.0)
denovo242 C1107_DQ335359 300 (1191.0)
denovo242 C3.22_HE579010 302 (1221.5)
denovo242 C77_AY765412 302 (1197.5)
denovo242 C20_AY239371 300 (1223.0)
denovo242 C1055_DQ480640 301 (1204.0)
denovo242 C27/C30_AY239379 301 (1174.0)
denovo242 C27.1_FJ461517 301 (1165.0)
denovo242 C40a_AY589747 300 (1223.0)
denovo242 C40_AY258485 300 (1232.0)
denovo242 C40b_AY589748 301 (1222.0)
denovo242 C16_AY258477 300 (1241.0)
denovo242 C16a_AY765399 300 (1232.0)
denovo242 C1091_AB207186 300 (1223.0)
denovo242 C1102_DQ335400 300 (1214.0)
denovo242 C1069_DQ335375 300 (1214.0)
denovo242 C1073_DQ335332 300 (1223.0)
denovo242 C1066_DQ335382 300 (1214.0)
denovo242 C1031_DQ335352 300 (1241.0)
denovo242 C1026_DQ335366 300 (1250.0)
denovo242 C70_AY589774 300 (1241.0)
denovo242 C1082_AB190267 300 (1223.0)
denovo242 C1078_AB190271 300 (1223.0)
denovo242 C1090_AB207191 300 (1223.0)
denovo242 C1071_DQ335302 300 (1223.0)
denovo242 C1075_DQ335328 300 (1223.0)
denovo242 C1068_DQ335379 300 (1223.0)
denovo242 C1064_DQ335395 300 (1223.0)
denovo242 C1063_DQ335403 300 (1223.0)
denovo242 C62_AY589766 300 (1232.0)
denovo242 C1077_DQ335316 301 (1222.0)
denovo242 C1109_DQ335338 300 (1223.0)
denovo242 C1110_DQ335340 300 (1214.0)
denovo242 C1106_DQ335339 300 (1205.0)
denovo242 C1112_DQ335319 300 (1214.0)
denovo242 C1108_DQ335351 300 (1205.0)
denovo242 C1105_DQ335394 300 (1214.0)
denovo242 C1121_DQ335378 300 (1205.0)
denovo242 C1116_AB190268 300 (1223.0)
denovo242 C1115_AB190273 300 (1214.0)
denovo242 C1124_DQ335323 300 (1196.0)
denovo242 C1120_DQ335398 300 (1196.0)
denovo242 C1119_DQ335404 300 (1196.0)
denovo242 C1123_DQ335363 300 (1205.0)
denovo242 C1004_DQ480635 300 (1214.0)
denovo242 C1061_AY186568 300 (1214.0)
denovo242 C1053_AY186569 300 (1214.0)
denovo242 C1003_DQ480639 300 (1223.0)
denovo242 C81_GU907657 304 (1090.0)
denovo242 C22_AY239373 300 (1212.5)
denovo242 C22a_AY239374 300 (1203.5)
denovo242 C1232_EU118163 300 (1223.0)
denovo242 C21.13_FJ461515 300 (1166.0)
denovo242 C21.1_JF683323 300 (1175.0)
denovo242 C21.3_JF683325 300 (1184.0)
denovo242 C1.20_HE578993 300 (1214.0)
denovo242 C1.22_HE578995 300 (1205.0)
denovo242 C52_AY589757 300 (1208.0)
denovo242 C1201_EU099793 302 (1188.0)
denovo242 C14_AY589741 300 (1190.0)
denovo242 C43_AY589749 300 (1205.0)
denovo242 C50_AY589755 300 (1232.0)
denovo242 C3.14_HQ630872 300 (1232.0)
denovo242 C1m_AY765398 300 (1223.0)
denovo242 C82_GU907658 300 (1205.0)
denovo242 C82b_GU907660 300 (1205.0)
denovo242 C64_AY589768 300 (1223.0)
denovo242 C45a_AY765404 300 (1205.0)
denovo242 C48_AY589753 302 (1230.5)
denovo242 C1_v1b_FJ919244 300 (1223.0)
denovo242 C1_v1a_FJ919243 300 (1232.0)
denovo242 C3j_AY239366 300 (1241.0)
denovo242 C3t_EF541149 300 (1232.0)
denovo242 C9_AF499798 300 (1214.0)
denovo242 C23_AY239375 300 (1223.0)
denovo242 C37_AY258481 300 (1214.0)
denovo242 C1048_DQ068026 300 (1214.0)
denovo242 C21.4_JF683326 300 (1184.0)
denovo242 C21.5_JF683327 300 (1193.0)
denovo242 C1070_DQ335349 300 (1241.0)
denovo242 C21.6_HQ630873 300 (1193.0)
denovo242 C1224_EU074890 300 (1223.0)
denovo242 C1.17_HE578990 300 (1232.0)
denovo242 C21_b1_FN827162 300 (1193.0)
denovo242 C21.9_JF683330 300 (1193.0)
denovo242 C1085_AY624605 300 (1232.0)
denovo242 C3p_GU907654 300 (1226.0)
denovo242 C3f_AY589734 300 (1241.0)
denovo242 C65a_AY589770 300 (1232.0)
denovo242 C65_AY589769 300 (1241.0)
denovo242 C71_AY589775 300 (1232.0)
denovo242 C71a_AY589776 300 (1223.0)
denovo242 C1178_AB294647 300 (1217.0)
denovo242 C1225_EU074893 300 (1241.0)
denovo242 C75_AY765410 300 (1232.0)
denovo242 C21.10_JF683331 300 (1184.0)
denovo242 C21.11_HQ630874 300 (1193.0)
denovo242 C1065_DQ335388 300 (1232.0)
denovo242 C1045_DQ068036 300 (1241.0)
denovo242 C1h_AY258473 300 (1232.0)
denovo242 C38_AY258482 300 (1232.0)
denovo242 C1202_EU099799 300 (1232.0)
denovo242 C7_AF499797 300 (1241.0)
denovo242 C12_AF499801 302 (1240.0)
denovo242 C38a_AY258483 301 (1222.0)
denovo242 C1200_EU099800 300 (1176.5)
denovo242 C44a_AY589751 300 (1214.0)
denovo242 C47_AY589752 300 (1214.0)
denovo242 C44_AY589750 300 (1223.0)
denovo242 C1.15_HE578988 300 (1232.0)
denovo242 C45.3_FJ461522 300 (1223.0)
denovo242 C46a_AY765405 300 (1214.0)
denovo242 C46_EU449108 300 (1223.0)
denovo242 C3.12_FJ461507 300 (1241.0)
denovo242 C1k_AY589733 300 (1223.0)
denovo242 C67_AY686647 300 (1223.0)
denovo242 C82a_GU907659 300 (1223.0)
denovo242 C10a_AY589739 300 (1214.0)
denovo242 C10_AF499799 300 (1223.0)
denovo242 C13_AY589740 306 (1210.5)
denovo242 C4_AF499794 300 (1232.0)
denovo242 C1147_EF656433 300 (1223.0)
denovo242 C1c/C45_AY239364 300 (1232.0)
denovo242 C1c/C45_EU449103 300 (1232.0)
denovo242 C21.19_HE579031 300 (1184.0)
denovo242 C21.21_HE579033 300 (1175.0)
denovo242 C21.20_HE579032 300 (1175.0)
denovo242 C42b_AY765403 300 (1205.0)
denovo242 C42_AY258487 300 (1214.0)
denovo242 C1p_GU907652 300 (1232.0)
denovo242 C1d_AY258488 300 (1214.0)
denovo242 C42_AY765402 300 (1223.0)
denovo242 C3ha_AY589736 300 (1184.0)
denovo242 C63a_AY589767 302 (1173.5)
denovo242 C21a_AY589744 300 (1202.0)
denovo242 C3o_GU907653 300 (1193.0)
denovo242 C21.16_HQ630875 300 (1193.0)
denovo242 C21.2_JF683324 300 (1193.0)
denovo242 C21.7_JF683328 300 (1193.0)
denovo242 C21.8_JF683329 300 (1193.0)
denovo242 C3h_AY239365 300 (1193.0)
denovo242 C1203_EU099798 300 (1193.0)
denovo242 C3.10_FJ461505 300 (1241.0)
denovo242 C21.14_FJ461516 300 (1193.0)
denovo242 C21.18_HE579030 306 (1180.5)
denovo242 C3.17_HE579005 300 (1241.0)
denovo242 C3.9_FJ461504 299 (1217.5)
denovo242 C3.8_FJ461503 300 (1241.0)
denovo242 C3.7_FJ461502 300 (1241.0)
denovo242 C3.11_FJ461506 300 (1250.0)
denovo242 C3.18_HE579006 300 (1241.0)
denovo242 C3.19_HE579007 300 (1241.0)
denovo242 C3.20_HE579008 300 (1250.0)
denovo242 C3g_AY589735 302 (1230.5)
denovo242 C3a_AF499790 300 (1241.0)
denovo242 C3e_AF499793 300 (1241.0)
denovo242 C6_AF499796 300 (1241.0)
denovo242 C11_AF499800 300 (1241.0)
denovo242 C36_AY258480 300 (1241.0)
denovo242 C29_AY258494 300 (1241.0)
denovo242 C1146_EF656434 300 (1241.0)
denovo242 C1190_EU099841 300 (1250.0)
denovo242 C131_JF320826 300 (1241.0)
denovo242 C28_AY239380 302 (1240.0)
denovo242 C1012_DQ480604 300 (1241.0)
denovo242 C1181_AB294640 300 (1226.0)
denovo242 C1180_AB294641 300 (1226.0)
denovo242 C1179_AB294645 300 (1226.0)
denovo242 C1176_AB294651 300 (1244.0)
denovo242 C1175_AB294653 300 (1226.0)
denovo242 C1174_AB294655 300 (1226.0)
denovo242 C1177_AB294659 300 (1226.0)
denovo242 C1040_AB190269 300 (1241.0)
denovo242 C1182_AB294649 300 (1241.0)
denovo242 C1089_AJ278598 300 (1250.0)
denovo242 C1028_DQ335357 300 (1250.0)
denovo242 C3.16_EU786015 300 (1241.0)
denovo242 C1097_AJ311943 301 (1240.5)
denovo242 C1170_AB294661 300 (1226.0)
denovo242 C21.17_HE579029 300 (1204.0)
denovo242 C21/3d/C3k_AY239372 300 (1202.0)
denovo242 C58_AY589762 301 (1192.0)
denovo242 C3L_AY589738 302 (1215.5)
denovo242 C1169_AB294660 300 (1235.0)
denovo242 C3.2_FJ461497 300 (1235.0)
denovo242 C3.1_JF683321 300 (1235.0)
denovo242 C1104_AF427469 301 (1240.0)
denovo242 C3b_AF499791 299 (1241.5)
denovo242 C83_GU907661 302 (1239.5)
denovo242 C49_AY589754 341 (1220.0)
denovo242 C3_AB778606 300 (1250.0)
denovo242 C3_AF499789 300 (1250.0)
denovo242 C3_HE579001 300 (1250.0)
denovo242 C21.12_FJ461514 300 (1184.0)
denovo242 C1229_EU074888 300 (1164.0)
denovo242 C1230_EU074889 300 (1173.0)
denovo242 C1114_AB207196 300 (1232.0)
denovo242 C3.21_HE579009 288 (1198.5)
denovo242 C1057_DQ480619 300 (1223.0)
denovo242 C72_AY765407 300 (1195.0)
denovo242 C1b.3_HE578999 300 (1226.0)
denovo242 C93_AJ621536 300 (1241.0)
denovo242 C94_AJ621539 300 (1232.0)
denovo242 C1g_AY589730 300 (1241.0)
denovo242 C1i_AY589731 300 (1223.0)
denovo242 C1j_AY589732 300 (1241.0)
denovo242 C1005_DQ480633 300 (1232.0)
denovo242 C1.7_FJ461494 300 (1232.0)
denovo242 C1.11_HE578984 300 (1232.0)
denovo242 C1.12_HE578985 300 (1232.0)
denovo242 C1.13_HE578986 300 (1232.0)
denovo242 C1.14_HE578987 300 (1232.0)
denovo242 C1.18_HE578991 300 (1232.0)
denovo242 C1.19_HE578992 300 (1232.0)
denovo242 C1199_EU099802 300 (1208.0)
denovo242 C1188_EU099838 300 (1223.0)
denovo242 C1002_DQ838544 300 (1241.0)
denovo242 C1198_EU099810 300 (1232.0)
denovo242 C24_AY239376 300 (1232.0)
denovo242 C1f_AY258490 300 (1232.0)
denovo242 C1006_DQ480629 300 (1232.0)
denovo242 C1010_DQ480607 300 (1232.0)
denovo242 C1007_DQ480624 300 (1223.0)
denovo242 C1011_DQ480605 300 (1232.0)
denovo242 C1009_DQ480608 300 (1232.0)
denovo242 C1041_AY186548 300 (1223.0)
denovo242 C1052_AY186570 300 (1232.0)
denovo242 C1148_EU040178 300 (1232.0)
denovo242 C1234_EU118165 301 (1222.0)
denovo242 C1.5_EF634157 300 (1232.0)
denovo242 C1059_DQ480609 300 (1232.0)
denovo242 C1228_EU074883 300 (1232.0)
denovo242 C1208_EU074963 300 (1232.0)
denovo242 C1207_EU074964 300 (1232.0)
denovo242 C1206_EU074965 300 (1232.0)
denovo242 C1013_DQ480642 300 (1223.0)
denovo242 C80_GU907656 310 (1217.5)
denovo242 C1a_AF499788 300 (1232.0)
denovo242 C41_AY258486 300 (1232.0)
denovo242 C39_AY258484 300 (1154.5)
denovo242 C1231_EU074878 300 (1232.0)
denovo242 C1b.1_HE578997 300 (1217.0)
denovo242 C18_AY258478 300 (1232.0)
denovo242 C1.10_HE578983 300 (1193.0)
denovo242 C1_JN558041 300 (1241.0)
denovo242 C1_HE578979 300 (1241.0)
denovo242 C1_AM748551 300 (1241.0)
denovo242 C1_AF333515 300 (1241.0)
denovo242 C1054_AY186565 301 (1231.0)
denovo242 C1008_DQ480613 300 (1232.0)
denovo242 C1103_AF427470 301 (1231.0)
denovo242 C1226_EU074881 301 (1231.0)
denovo242 C1b/C1e_AY239363 300 (1226.0)
denovo242 C1044_DQ068038 300 (1226.0)
denovo242 C1017_DQ174729 301 (1216.0)
denovo242 C1.6_FJ461493 300 (1232.0)
denovo242 C1b.2_HE578998 300 (1217.0)
denovo242 C1060_DQ480600 300 (1232.0)
denovo242 C1227_EU074882 300 (1232.0)
denovo242 C1197_EU099814 300 (1232.0)
denovo242 C1130_DQ480643 300 (1099.5)
denovo242 D109_AB097465 323 (454.0)
denovo242 D1.11_HE579040 323 (465.0)
denovo242 D105_AF174570 323 (464.5)
denovo242 D104_AF174572 327 (449.5)
denovo242 D1.3_JF683337 324 (459.0)
denovo242 D1.10_HE579039 324 (450.0)
denovo242 D110_AF174561 324 (450.0)
denovo242 D117_AF174542 324 (459.0)
denovo242 D114_AF174549 324 (459.0)
denovo242 D113_AF174557 327 (449.0)
denovo242 D112_AF174558 324 (458.5)
denovo242 D106_AF174559 325 (452.5)
denovo242 D111_AF174560 324 (459.0)
denovo242 D115_AF174562 324 (450.0)
denovo242 D107_AF174568 325 (461.0)
denovo242 D116_AF174571 323 (456.0)
denovo242 D124_EU074897 325 (444.0)
denovo242 D1.8_HE579037 324 (459.0)
denovo242 D3_AY686650 331 (454.0)
denovo242 D1.6_HQ630881 324 (450.0)
denovo242 D120_EU074900 323 (447.0)
denovo242 D121_EU074904 323 (465.0)
denovo242 D122_EU074905 324 (450.0)
denovo242 D1a.2_JF683339 329 (448.5)
denovo242 D1a.1_JF683338 325 (453.0)
denovo242 D2_AY686649 565 (512.0)
denovo242 D4_DQ865214 323 (461.5)
denovo242 D1a_AF499802 323 (456.0)
denovo242 D1a_JN558078 323 (456.0)
denovo242 D123_EU074895 323 (464.5)
denovo242 D108_AF174567 324 (459.0)
denovo242 D103_AF174575 324 (450.5)
denovo242 D100_AF411415 327 (458.0)
denovo242 D118_EF656435 323 (456.0)
denovo242 D101_AF411416 327 (443.0)
denovo242 D119_EU099832 329 (447.5)
denovo242 D102_AF174573 324 (453.0)
denovo242 D1_AF334660 324 (459.0)
denovo242 D1_JN558076 324 (459.0)
denovo242 D1.12_HE579041 307 (437.0)
denovo242 D1.1_AM748564 405 (482.0)
denovo242 D1.2_AM748617 399 (473.5)
denovo242 E111_EU074915 346 (362.5)
denovo242 E110_EU074914 345 (377.0)
denovo242 E114_EU074909 345 (377.0)
denovo242 E1_AF334659 345 (373.5)
denovo242 E105_EU074921 344 (383.5)
denovo242 E112_EU074916 351 (372.5)
denovo242 E104_EU074922 348 (372.5)
denovo242 E102_EU074924 351 (372.5)
denovo242 E103_EU074923 351 (381.5)
denovo242 E101_AY160123 354 (377.0)
denovo242 E109_EU074913 366 (355.5)
denovo242 E100_DQ011618 362 (375.0)
denovo242 E108_EU074912 351 (370.0)
denovo242 E113_EU074908 344 (370.0)
denovo242 E107_EU074910 351 (370.0)
denovo242 F1_JN558066 304 (908.5)
denovo242 F5.2d_AJ291530 310 (891.0)
denovo242 F104_AJ291531 310 (891.0)
denovo242 F5.2c_AM748596 310 (891.0)
denovo242 F5.2_AM748594 307 (900.0)
denovo242 F5.2a_AM748614 307 (900.0)
denovo242 F5.2b_AM748595 307 (891.0)
denovo242 F5.2e_AJ291533 307 (838.0)
denovo242 F5.2g_JN558072 307 (891.0)
denovo242 F5.2f_AJ291512 307 (900.0)
denovo242 F102_AJ291534 307 (891.0)
denovo242 F5.1c_AM748593 302 (886.0)
denovo242 F5.1d_JN558069 302 (913.0)
denovo242 F5.1b_AJ291535 301 (911.0)
denovo242 F5.1_AM748592 302 (913.0)
denovo242 F5.1a_AM748591 301 (911.0)
denovo242 F110_AJ291526 315 (785.0)
denovo242 F4.7_AM748587 316 (809.0)
denovo242 F4.5_AM748585 307 (825.5)
denovo242 F4.4a_AM748583 303 (859.5)
denovo242 F4.4_AM748582 302 (863.5)
denovo242 F4.4b_AM748584 308 (854.0)
denovo242 F4.1a_AM748573 315 (794.5)
denovo242 F112_AJ291528 315 (776.5)
denovo242 F4.1_AM748572 315 (794.5)
denovo242 F4.8b_AM748590 308 (800.0)
denovo242 F4.8_AM748588 310 (797.5)
denovo242 F4.8a_AM748589 308 (800.0)
denovo242 F109_AJ291527 310 (775.5)
denovo242 F4.6_AM748586 311 (810.0)
denovo242 F111_AJ311949 309 (819.0)
denovo242 F4.3c_AM748581 312 (837.5)
denovo242 F4.3a_AM748579 309 (828.0)
denovo242 F4.3b_AM748580 309 (828.0)
denovo242 F4.3_AM748578 309 (837.0)
denovo242 F4.2_AM748574 306 (851.5)
denovo242 F4.2a_AM748575 307 (838.5)
denovo242 F4.2c_AM748577 307 (844.5)
denovo242 F4.2b_AM748576 307 (847.5)
denovo242 F2b_AJ291521 308 (881.0)
denovo242 F2_AJ830908 308 (863.0)
denovo242 F2a_AJ830911 310 (855.5)
denovo242 F3.1a_AM748566 316 (835.5)
denovo242 F114_AJ291525 316 (844.5)
denovo242 F3.1_AM748565 316 (862.5)
denovo242 F3.2_AM748567 314 (893.0)
denovo242 F3.2a_AM748568 316 (907.5)
denovo242 F3.3_AM748569 305 (837.0)
denovo242 F3.4a_AM748571 319 (777.5)
denovo242 F3.4_AM748570 319 (777.5)
denovo242 F3.4b_AM748616 312 (775.5)
denovo242 G101_AJ291539 344 (470.5)
denovo242 G1_AM748597 344 (470.5)
denovo242 G2b_JN558087 353 (455.5)
denovo242 G2_AM748598 347 (463.0)
denovo242 G2a_AM748599 346 (469.0)
denovo242 G4_AM748601 359 (485.5)
denovo242 G3.4_LK392378 333 (457.5)
denovo242 G3_AM748600 345 (468.5)
denovo242 G3.2_KC597694 332 (422.5)
denovo242 G3.1_KC597688 345 (458.0)
denovo242 G100_AB253788 348 (457.5)
denovo242 G3.3_LK392377 348 (457.5)
denovo242 H6_AJ291520 646 (294.0)
denovo242 H3_AM748606 285 (824.0)
denovo242 H2_AM748605 286 (871.0)
denovo242 H4_AM748607 294 (799.5)
denovo242 H4a_AM748608 294 (814.5)
denovo242 H5a_AM748611 289 (793.0)
denovo242 H5b_AM748610 292 (800.5)
denovo242 H5_AJ621129 289 (802.0)
denovo242 H5_AM748609 289 (802.0)
denovo242 H100_AJ291513 292 (818.5)
denovo242 H1b_AM748604 297 (819.0)
denovo242 H1a_AM748612 297 (810.0)
denovo242 H1_AJ621152 297 (819.0)
denovo242 H1_AM748602 297 (819.0)
denovo242 I3_FN561561 340 (641.5)
denovo242 I4_FN561562 327 (649.0)
denovo242 I1_FN561559 330 (631.0)
denovo242 I2_FN561560 327 (649.0)

#---------------------------------------
#---------------------------------------
