denovo249 A136_DQ865210 332 (522.0)
denovo249 A133_DQ174725 341 (489.5)
denovo249 A115_AF180123 347 (463.0)
denovo249 A117_AF201746 350 (476.5)
denovo249 A134_DQ174723 345 (479.5)
denovo249 A114_AF184941 335 (479.0)
denovo249 A135_DQ174727 341 (477.5)
denovo249 A2_AF333506 345 (474.5)
denovo249 A101_AF427468 341 (477.5)
denovo249 A2_1_JN558097 341 (477.5)
denovo249 A2_2_JN558100 341 (477.5)
denovo249 A113_AF184948 331 (522.0)
denovo249 A112_AF184949 333 (518.5)
denovo249 A123_EF378618 339 (356.0)
denovo249 A137_EF378621 329 (370.5)
denovo249 A11_EU449041 340 (504.5)
denovo249 A121_DQ174722 336 (521.0)
denovo249 A15b_EU792886 340 (475.0)
denovo249 A15a_EU792885 340 (484.0)
denovo249 A15c_EU792887 336 (481.0)
denovo249 A15_EU792884 340 (484.0)
denovo249 A147_EU074937 333 (489.0)
denovo249 A154_EU074860 335 (486.0)
denovo249 A146_EU074936 331 (501.0)
denovo249 A150_EU074928 337 (509.0)
denovo249 A116_AF183575 331 (519.0)
denovo249 A141_EU074931 331 (510.0)
denovo249 A5_AF333508 333 (511.0)
denovo249 A3b_EU449043 335 (504.0)
denovo249 A151_EU074925 341 (511.5)
denovo249 A152_EU074927 323 (503.5)
denovo249 A149_EU074929 335 (513.0)
denovo249 A140_EU074930 335 (495.0)
denovo249 A142_EU074932 335 (495.0)
denovo249 A143_EU074933 340 (501.0)
denovo249 A144_EU074934 335 (495.0)
denovo249 A145_EU074935 331 (501.0)
denovo249 A148_EU074938 335 (504.0)
denovo249 A155_EU074856 340 (500.0)
denovo249 A156_EU074859 335 (495.0)
denovo249 A139_EU074962 336 (497.5)
denovo249 A6_AF186058 335 (504.0)
denovo249 A3_AF333507 335 (504.0)
denovo249 A3_JN558091 335 (504.0)
denovo249 A8_AY258468 337 (491.5)
denovo249 A7_AY239360 341 (493.5)
denovo249 A16_EU792888 339 (496.5)
denovo249 A4.3_FN429763 333 (477.5)
denovo249 A120_AF180122 327 (486.0)
denovo249 A4.2_FN429761 334 (468.0)
denovo249 A4_AF333509 334 (496.0)
denovo249 A4.1_FN429760 333 (500.0)
denovo249 A4a_AF499778 336 (492.5)
denovo249 A4a.1_FN429762 336 (492.5)
denovo249 A138_EF378620 336 (474.5)
denovo249 A122_EF378619 335 (511.0)
denovo249 A126_EF378615 334 (512.0)
denovo249 A10_EU792882 334 (512.0)
denovo249 A9_EU449028 334 (487.0)
denovo249 A105_AB207202 338 (489.0)
denovo249 A119_AF180121 331 (496.0)
denovo249 A12_EU792883 333 (493.5)
denovo249 A104_AB207203 331 (514.5)
denovo249 A1a_EU449030 337 (496.5)
denovo249 A1.3_HE578976 334 (505.0)
denovo249 A1.4_HE578977 334 (505.0)
denovo249 A13_AF333504 332 (499.5)
denovo249 A13_JN558094 332 (499.5)
denovo249 A110_AB190282 338 (499.0)
denovo249 A103_AB207206 334 (505.0)
denovo249 A130_EF656428 334 (496.0)
denovo249 A127_EF656429 334 (514.0)
denovo249 A128_EF656430 334 (496.0)
denovo249 A129_EF656431 334 (505.0)
denovo249 A131_EF656432 334 (505.0)
denovo249 A118_AF180120 330 (505.5)
denovo249 A1_AF333505 334 (505.0)
denovo249 A107_AB207199 330 (520.5)
denovo249 A111_AB190280 330 (511.5)
denovo249 A108_AB207197 337 (489.0)
denovo249 A106_AB207200 334 (496.0)
denovo249 A102_AB207209 331 (505.5)
denovo249 A1.2_AB207210 331 (505.5)
denovo249 A109_AB190285 335 (499.5)
denovo249 B4_AF333510 351 (547.5)
denovo249 B23_EU449079 349 (512.5)
denovo249 B30_GU907644 355 (503.5)
denovo249 B11_AY239361 355 (530.5)
denovo249 B17_AY258470 356 (521.5)
denovo249 B1k_GU907638 319 (245.0)
denovo249 B1.V_Green2014 368 (496.0)
denovo249 B1b_AF499780 352 (523.5)
denovo249 B16_AY258469 356 (531.5)
denovo249 B31a_GU907646 352 (529.5)
denovo249 B32_GU907647 352 (520.0)
denovo249 B31_GU907645 352 (529.0)
denovo249 B1j_GU907637 356 (531.5)
denovo249 B37_GU907650 358 (530.5)
denovo249 B5a_AF499782 354 (526.0)
denovo249 B5_AF499781 354 (535.0)
denovo249 B24_GU907643 357 (400.5)
denovo249 B117_AF180124 348 (500.5)
denovo249 B10_AF499787 359 (522.0)
denovo249 B20_GU907642 359 (536.0)
denovo249 B1m_GU907640 357 (534.0)
denovo249 B34_GU907649 356 (531.5)
denovo249 B1d_GU907633 352 (537.0)
denovo249 B1e_GU907634 356 (531.5)
denovo249 B1i_GU907636 356 (531.5)
denovo249 B1g_GU907635 364 (533.5)
denovo249 B123_EU074872 358 (519.5)
denovo249 B8_AF499785 361 (534.0)
denovo249 B1l_GU907639 363 (534.0)
denovo249 B1a_AF499779 356 (540.5)
denovo249 B14_AY239362 357 (512.5)
denovo249 B125_EU074865 356 (531.5)
denovo249 B122_EU074871 355 (529.0)
denovo249 B124_EU074874 356 (522.5)
denovo249 B1.VII_Green2014 356 (470.5)
denovo249 B1.III_Green2014 355 (520.0)
denovo249 B1.I_Green2014 356 (531.5)
denovo249 B1.II_Green2014 356 (531.5)
denovo249 B1_JN558057 356 (531.5)
denovo249 B1_AF333511 356 (531.5)
denovo249 B1.IV_Green2014 357 (544.0)
denovo249 B121_EU074870 356 (531.5)
denovo249 B7_AF499784 356 (531.5)
denovo249 B1.VI_Green2014 359 (514.5)
denovo249 B3_AF333514 356 (538.0)
denovo249 B9_AF499786 351 (495.0)
denovo249 B19a_JN558055 350 (511.5)
denovo249 B119_EU099825 357 (520.5)
denovo249 B21_DQ865213 348 (519.0)
denovo249 B38_GU907651 348 (519.0)
denovo249 B18_AY258471 348 (523.0)
denovo249 B18a_AY258472 348 (523.0)
denovo249 B33_GU907648 353 (519.5)
denovo249 B6_AF499783 356 (510.5)
denovo249 B19_DQ865212 351 (522.0)
denovo249 B19_GU907641 351 (522.0)
denovo249 B2_AF333512 351 (522.0)
denovo249 B2_JN558060 351 (522.0)
denovo249 C33.1_AY258498 335 (581.5)
denovo249 C33.2_AY765400 335 (581.5)
denovo249 C33a_EF541147 335 (581.5)
denovo249 C34_AY258499 335 (581.5)
denovo249 C78_AY765413 350 (580.5)
denovo249 C15.29_KC597690 343 (558.0)
denovo249 C1131_DQ182650 331 (542.0)
denovo249 C1135_DQ182646 331 (542.0)
denovo249 C1134_DQ182647 331 (532.5)
denovo249 C1142_DQ182635 331 (533.0)
denovo249 C1136_DQ182644 327 (528.0)
denovo249 C1111_DQ182645 329 (543.0)
denovo249 C1236_EF473656 329 (525.0)
denovo249 C1138_DQ182642 333 (536.0)
denovo249 C1137_DQ182643 338 (533.5)
denovo249 C1133_DQ182648 329 (534.0)
denovo249 C1132_DQ182649 329 (525.0)
denovo249 C1143_DQ182634 329 (534.0)
denovo249 C1139_DQ182639 334 (541.5)
denovo249 C15.28_KC597687 332 (590.0)
denovo249 C1141_DQ182636 337 (550.0)
denovo249 C1144_DQ182637 332 (553.0)
denovo249 C1122_DQ182654 343 (549.5)
denovo249 C1127_DQ182652 334 (550.5)
denovo249 C15.30_JX394114 340 (578.5)
denovo249 C15.26_KC597686 335 (589.5)
denovo249 C1086_DQ182656 338 (590.0)
denovo249 C15.25_KC597685 338 (599.0)
denovo249 C1118_AF180127 334 (585.5)
denovo249 C1129_DQ182651 334 (550.5)
denovo249 C15.21_KC597683 343 (586.0)
denovo249 C56_AY589760 343 (577.5)
denovo249 C1140_DQ182638 328 (559.5)
denovo249 C1126_DQ182653 329 (553.0)
denovo249 C15c_AY258492 330 (603.0)
denovo249 C15d_AY258493 331 (596.5)
denovo249 C1098_DQ182641 331 (585.0)
denovo249 C15.27_KC597689 349 (585.5)
denovo249 C15.18_HE579024 343 (586.5)
denovo249 C15.16_HE579022 346 (604.5)
denovo249 C1101_AB253787 343 (577.5)
denovo249 C1083_AY237300 343 (595.5)
denovo249 C1088_DQ182640 330 (603.0)
denovo249 C15.6_FN563472 343 (586.5)
denovo249 C15.5_FJ461512 349 (586.0)
denovo249 C15.4_FJ461511 343 (586.5)
denovo249 C15.13_HE579019 343 (577.5)
denovo249 C15.12_HE579018 343 (586.5)
denovo249 C93a_AM748563 330 (603.0)
denovo249 C1094_AJ291514 330 (585.0)
denovo249 C93_AM748562 330 (594.0)
denovo249 C15.17_HE579023 348 (595.5)
denovo249 C15e_AY589742 343 (589.5)
denovo249 C15.22_KC597695 343 (586.5)
denovo249 C60_AY589764 343 (595.5)
denovo249 C15.1_FJ461508 349 (595.0)
denovo249 C15.2_FJ461509 343 (586.5)
denovo249 C15.9_FN563475 342 (601.5)
denovo249 C15.7_HE579015 330 (603.0)
denovo249 C15.8_HE579016 343 (604.5)
denovo249 C15.15_HE579021 343 (586.5)
denovo249 C15.19_HE579025 337 (596.0)
denovo249 C15.24_KC597696 343 (595.5)
denovo249 C15.3_FJ461510 343 (586.5)
denovo249 C1087_DQ182655 343 (595.5)
denovo249 C15.14_HE579020 354 (589.5)
denovo249 C15.23_KC597697 354 (589.5)
denovo249 C19_AY258479 342 (605.5)
denovo249 C1233_EU118166 343 (586.5)
denovo249 C15b_AY258491 343 (586.5)
denovo249 C15a_AY258476 343 (595.5)
denovo249 C1051_AF195153 343 (604.5)
denovo249 C2_AF333518 347 (603.5)
denovo249 C15.20_HE579026 352 (592.0)
denovo249 C15f_AY589743 331 (593.0)
denovo249 C55_AY589759 343 (590.5)
denovo249 C15_AY239369 343 (595.5)
denovo249 C32.1_JF683335 350 (615.0)
denovo249 C32.2_JF683336 351 (599.5)
denovo249 C21.23_KC597693 351 (599.5)
denovo249 C1193_EU099827 335 (595.5)
denovo249 C1195_EU099821 349 (593.5)
denovo249 C3q_GU907655 337 (589.0)
denovo249 C53_AY589758 333 (575.5)
denovo249 C73_AY765408 347 (586.0)
denovo249 C17.2.1_KC597684 334 (574.5)
denovo249 C32_AY258497 341 (605.0)
denovo249 C1189_EU099831 334 (611.5)
denovo249 C1191_EU099833 334 (602.5)
denovo249 C1196_EU099819 334 (584.5)
denovo249 C1192_EU099820 334 (584.5)
denovo249 C17.1_JF683322 334 (602.5)
denovo249 C26_b2_FN827164 342 (604.5)
denovo249 C26_b3_FN827165 343 (580.0)
denovo249 C31.9_HQ630879 337 (592.0)
denovo249 C31a_AY589746 338 (591.5)
denovo249 C30_AY589745 338 (591.5)
denovo249 C31.1_HQ630876 339 (602.5)
denovo249 C31.5_HQ630877 338 (600.5)
denovo249 C31.6_HQ630878 338 (600.5)
denovo249 C31.2_JF683332 333 (604.0)
denovo249 C31.3_JF683333 338 (609.5)
denovo249 C26/C35a_AY239378 343 (589.0)
denovo249 C35a_AY258501 343 (589.0)
denovo249 C35.2_AY258500 343 (598.0)
denovo249 C26_b1_FN827163 343 (598.0)
denovo249 C17_AY239370 334 (602.5)
denovo249 C17.2_FJ461513 336 (601.5)
denovo249 C31.10_HQ630880 337 (601.0)
denovo249 C31.4_JF683334 342 (589.0)
denovo249 C31_AY258496 338 (600.5)
denovo249 C25_AY239377 337 (589.5)
denovo249 C61_AY589765 355 (570.5)
denovo249 C1043_DQ072721 340 (563.5)
denovo249 C79_AY765414 330 (585.0)
denovo249 C69_AY589773 329 (583.0)
denovo249 C69a_AY686648 329 (574.0)
denovo249 C21.22_KC597692 352 (610.5)
denovo249 C51_AY589756 337 (578.0)
denovo249 C1aa_HM185739 337 (605.5)
denovo249 C1096_DQ068023 341 (560.5)
denovo249 C74_AY765409 347 (585.0)
denovo249 C1185_AB294629 347 (594.0)
denovo249 C1184_AB294630 347 (594.0)
denovo249 C1153_AB294625 348 (605.5)
denovo249 C1154_AB294626 347 (594.0)
denovo249 C1187_AB294627 347 (594.0)
denovo249 C1186_AB294628 347 (603.0)
denovo249 C57_AY589761 347 (603.0)
denovo249 C66_AY589771 347 (603.0)
denovo249 C5_AF499795 343 (596.5)
denovo249 C1167_AB294586 341 (616.5)
denovo249 C1164_AB294593 338 (599.0)
denovo249 C1183_AB294631 332 (599.5)
denovo249 C1067_DQ335381 335 (590.5)
denovo249 C1159_AB294613 334 (611.0)
denovo249 C1150_AB294622 333 (617.0)
denovo249 C90_AM748554 334 (608.5)
denovo249 C1168_AB294583 333 (593.5)
denovo249 C1156_AB294616 333 (602.5)
denovo249 C1151_AB294621 333 (602.5)
denovo249 C92a_AM748561 333 (611.5)
denovo249 C92_AM748560 333 (602.5)
denovo249 C1165_AB294581 335 (599.5)
denovo249 C1166_AB294584 335 (599.5)
denovo249 C1162_AB294594 335 (599.5)
denovo249 C1163_AB294596 343 (605.0)
denovo249 C1161_AB294606 335 (599.5)
denovo249 C1160_AB294608 343 (614.0)
denovo249 C1158_AB294614 335 (617.5)
denovo249 C1155_AB294617 335 (599.5)
denovo249 C1149_AB294620 334 (614.5)
denovo249 C1173_AB294662 335 (608.0)
denovo249 C1171_AB294663 335 (599.5)
denovo249 C1172_AB294665 335 (599.5)
denovo249 C91a_AM748556 336 (612.0)
denovo249 C91b_AM748557 334 (615.0)
denovo249 C91d_AM748559 335 (608.5)
denovo249 C91c_AM748558 330 (612.0)
denovo249 C91_AJ621543 335 (608.5)
denovo249 C91_AM748555 335 (608.5)
denovo249 C1023_DQ335330 319 (541.0)
denovo249 C1020_DQ335392 335 (599.5)
denovo249 C1018_DQ335408 343 (605.5)
denovo249 C1074_DQ335329 335 (599.5)
denovo249 C1030_DQ335353 335 (599.5)
denovo249 C1022_DQ335331 335 (599.5)
denovo249 C1027_DQ335360 335 (608.5)
denovo249 C1072_DQ335344 335 (599.5)
denovo249 C1039_AB190274 339 (602.5)
denovo249 C1033_DQ335350 340 (597.0)
denovo249 C1019_DQ335407 335 (608.5)
denovo249 C1194_EU099826 332 (602.5)
denovo249 C8b_AY258475 335 (593.5)
denovo249 C8_AY239367 336 (602.0)
denovo249 C8a_AY239368 336 (593.0)
denovo249 C54a_AY765406 340 (587.0)
denovo249 C3ff_HM185740 341 (598.0)
denovo249 C59_AY589763 344 (600.0)
denovo249 C3k_AY589737 343 (587.0)
denovo249 C3.24_HE579012 343 (578.0)
denovo249 C3.23_HE579011 343 (587.0)
denovo249 C35.1_AY765401 334 (596.5)
denovo249 C35.3_EF541145 334 (596.5)
denovo249 C76_AY765411 335 (596.5)
denovo249 C1107_DQ335359 343 (572.5)
denovo249 C3.22_HE579010 340 (588.0)
denovo249 C77_AY765412 336 (598.5)
denovo249 C20_AY239371 343 (596.0)
denovo249 C1055_DQ480640 344 (595.5)
denovo249 C27/C30_AY239379 340 (616.5)
denovo249 C27.1_FJ461517 340 (607.5)
denovo249 C40a_AY589747 337 (604.5)
denovo249 C40_AY258485 335 (599.5)
denovo249 C40b_AY589748 335 (605.0)
denovo249 C16_AY258477 335 (599.5)
denovo249 C16a_AY765399 335 (590.5)
denovo249 C1091_AB207186 339 (594.0)
denovo249 C1102_DQ335400 335 (582.0)
denovo249 C1069_DQ335375 340 (587.0)
denovo249 C1073_DQ335332 335 (599.5)
denovo249 C1066_DQ335382 330 (603.0)
denovo249 C1031_DQ335352 338 (600.0)
denovo249 C1026_DQ335366 338 (599.5)
denovo249 C70_AY589774 335 (609.0)
denovo249 C1082_AB190267 336 (602.5)
denovo249 C1078_AB190271 329 (600.0)
denovo249 C1090_AB207191 335 (600.0)
denovo249 C1071_DQ335302 333 (603.0)
denovo249 C1075_DQ335328 333 (603.0)
denovo249 C1068_DQ335379 335 (591.0)
denovo249 C1064_DQ335395 335 (600.0)
denovo249 C1063_DQ335403 335 (609.0)
denovo249 C62_AY589766 335 (600.0)
denovo249 C1077_DQ335316 330 (599.5)
denovo249 C1109_DQ335338 335 (591.0)
denovo249 C1110_DQ335340 335 (582.0)
denovo249 C1106_DQ335339 339 (576.0)
denovo249 C1112_DQ335319 339 (585.0)
denovo249 C1108_DQ335351 339 (576.0)
denovo249 C1105_DQ335394 339 (585.0)
denovo249 C1121_DQ335378 339 (576.0)
denovo249 C1116_AB190268 335 (591.0)
denovo249 C1115_AB190273 339 (585.0)
denovo249 C1124_DQ335323 339 (567.0)
denovo249 C1120_DQ335398 339 (585.0)
denovo249 C1119_DQ335404 335 (582.5)
denovo249 C1123_DQ335363 339 (576.0)
denovo249 C1004_DQ480635 329 (600.5)
denovo249 C1061_AY186568 329 (591.5)
denovo249 C1053_AY186569 329 (591.5)
denovo249 C1003_DQ480639 329 (600.5)
denovo249 C81_GU907657 331 (579.0)
denovo249 C22_AY239373 331 (587.0)
denovo249 C22a_AY239374 330 (584.0)
denovo249 C1232_EU118163 341 (598.5)
denovo249 C21.13_FJ461515 334 (584.5)
denovo249 C21.1_JF683323 334 (584.5)
denovo249 C21.3_JF683325 345 (598.0)
denovo249 C1.20_HE578993 339 (628.5)
denovo249 C1.22_HE578995 339 (637.5)
denovo249 C52_AY589757 339 (588.5)
denovo249 C1201_EU099793 337 (583.5)
denovo249 C14_AY589741 341 (611.0)
denovo249 C43_AY589749 336 (602.0)
denovo249 C50_AY589755 335 (590.5)
denovo249 C3.14_HQ630872 335 (608.5)
denovo249 C1m_AY765398 335 (600.0)
denovo249 C82_GU907658 335 (618.0)
denovo249 C82b_GU907660 335 (618.0)
denovo249 C64_AY589768 336 (611.0)
denovo249 C45a_AY765404 337 (595.5)
denovo249 C48_AY589753 340 (598.5)
denovo249 C1_v1b_FJ919244 335 (608.5)
denovo249 C1_v1a_FJ919243 335 (599.5)
denovo249 C3j_AY239366 335 (590.5)
denovo249 C3t_EF541149 343 (604.0)
denovo249 C9_AF499798 338 (616.0)
denovo249 C23_AY239375 335 (608.5)
denovo249 C37_AY258481 334 (605.5)
denovo249 C1048_DQ068026 341 (599.5)
denovo249 C21.4_JF683326 342 (599.5)
denovo249 C21.5_JF683327 334 (602.5)
denovo249 C1070_DQ335349 335 (608.5)
denovo249 C21.6_HQ630873 334 (620.5)
denovo249 C1224_EU074890 341 (608.0)
denovo249 C1.17_HE578990 341 (608.0)
denovo249 C21_b1_FN827162 334 (593.5)
denovo249 C21.9_JF683330 334 (602.5)
denovo249 C1085_AY624605 335 (608.5)
denovo249 C3p_GU907654 334 (591.0)
denovo249 C3f_AY589734 334 (606.0)
denovo249 C65a_AY589770 343 (596.5)
denovo249 C65_AY589769 343 (605.5)
denovo249 C71_AY589775 343 (596.5)
denovo249 C71a_AY589776 343 (587.5)
denovo249 C1178_AB294647 342 (587.5)
denovo249 C1225_EU074893 341 (599.0)
denovo249 C75_AY765410 341 (607.5)
denovo249 C21.10_JF683331 350 (605.0)
denovo249 C21.11_HQ630874 342 (608.0)
denovo249 C1065_DQ335388 335 (599.5)
denovo249 C1045_DQ068036 335 (608.5)
denovo249 C1h_AY258473 335 (617.5)
denovo249 C38_AY258482 335 (617.5)
denovo249 C1202_EU099799 335 (617.5)
denovo249 C7_AF499797 335 (617.5)
denovo249 C12_AF499801 337 (607.0)
denovo249 C38a_AY258483 335 (622.5)
denovo249 C1200_EU099800 329 (617.0)
denovo249 C44a_AY589751 337 (595.5)
denovo249 C47_AY589752 337 (604.5)
denovo249 C44_AY589750 337 (604.5)
denovo249 C1.15_HE578988 341 (608.0)
denovo249 C45.3_FJ461522 342 (610.5)
denovo249 C46a_AY765405 342 (610.5)
denovo249 C46_EU449108 336 (611.0)
denovo249 C3.12_FJ461507 336 (611.0)
denovo249 C1k_AY589733 336 (611.0)
denovo249 C67_AY686647 336 (611.0)
denovo249 C82a_GU907659 336 (611.5)
denovo249 C10a_AY589739 336 (611.0)
denovo249 C10_AF499799 336 (611.0)
denovo249 C13_AY589740 342 (608.0)
denovo249 C4_AF499794 336 (620.0)
denovo249 C1147_EF656433 335 (608.0)
denovo249 C1c/C45_AY239364 336 (611.0)
denovo249 C1c/C45_EU449103 336 (611.0)
denovo249 C21.19_HE579031 335 (605.5)
denovo249 C21.21_HE579033 336 (590.0)
denovo249 C21.20_HE579032 336 (599.0)
denovo249 C42b_AY765403 336 (593.0)
denovo249 C42_AY258487 336 (602.0)
denovo249 C1p_GU907652 335 (599.5)
denovo249 C1d_AY258488 336 (593.0)
denovo249 C42_AY765402 336 (602.0)
denovo249 C3ha_AY589736 340 (611.0)
denovo249 C63a_AY589767 329 (608.0)
denovo249 C21a_AY589744 334 (602.5)
denovo249 C3o_GU907653 336 (608.0)
denovo249 C21.16_HQ630875 334 (620.5)
denovo249 C21.2_JF683324 341 (614.0)
denovo249 C21.7_JF683328 334 (602.5)
denovo249 C21.8_JF683329 333 (608.5)
denovo249 C3h_AY239365 334 (602.5)
denovo249 C1203_EU099798 334 (602.5)
denovo249 C3.10_FJ461505 335 (617.5)
denovo249 C21.14_FJ461516 334 (620.5)
denovo249 C21.18_HE579030 340 (599.5)
denovo249 C3.17_HE579005 335 (599.5)
denovo249 C3.9_FJ461504 335 (615.5)
denovo249 C3.8_FJ461503 335 (617.5)
denovo249 C3.7_FJ461502 335 (599.5)
denovo249 C3.11_FJ461506 338 (599.5)
denovo249 C3.18_HE579006 335 (599.5)
denovo249 C3.19_HE579007 338 (608.0)
denovo249 C3.20_HE579008 335 (599.5)
denovo249 C3g_AY589735 337 (607.5)
denovo249 C3a_AF499790 335 (599.5)
denovo249 C3e_AF499793 335 (617.5)
denovo249 C6_AF499796 336 (610.5)
denovo249 C11_AF499800 335 (599.5)
denovo249 C36_AY258480 337 (613.5)
denovo249 C29_AY258494 335 (608.5)
denovo249 C1146_EF656434 341 (607.5)
denovo249 C1190_EU099841 335 (599.5)
denovo249 C131_JF320826 335 (599.5)
denovo249 C28_AY239380 343 (615.0)
denovo249 C1012_DQ480604 343 (605.0)
denovo249 C1181_AB294640 342 (596.5)
denovo249 C1180_AB294641 342 (596.5)
denovo249 C1179_AB294645 350 (602.5)
denovo249 C1176_AB294651 342 (596.5)
denovo249 C1175_AB294653 342 (605.5)
denovo249 C1174_AB294655 342 (605.5)
denovo249 C1177_AB294659 342 (614.5)
denovo249 C1040_AB190269 335 (608.5)
denovo249 C1182_AB294649 335 (599.5)
denovo249 C1089_AJ278598 335 (599.5)
denovo249 C1028_DQ335357 335 (608.5)
denovo249 C3.16_EU786015 335 (617.5)
denovo249 C1097_AJ311943 336 (598.5)
denovo249 C1170_AB294661 348 (605.0)
denovo249 C21.17_HE579029 336 (610.5)
denovo249 C21/3d/C3k_AY239372 334 (611.5)
denovo249 C58_AY589762 335 (611.0)
denovo249 C3L_AY589738 339 (608.0)
denovo249 C1169_AB294660 342 (605.5)
denovo249 C3.2_FJ461497 334 (609.0)
denovo249 C3.1_JF683321 329 (603.5)
denovo249 C1104_AF427469 336 (598.5)
denovo249 C3b_AF499791 333 (606.5)
denovo249 C83_GU907661 336 (613.5)
denovo249 C49_AY589754 370 (631.5)
denovo249 C3_AB778606 335 (608.5)
denovo249 C3_AF499789 335 (608.5)
denovo249 C3_HE579001 335 (608.5)
denovo249 C21.12_FJ461514 334 (593.5)
denovo249 C1229_EU074888 326 (595.5)
denovo249 C1230_EU074889 326 (604.5)
denovo249 C1114_AB207196 335 (590.5)
denovo249 C3.21_HE579009 335 (530.5)
denovo249 C1057_DQ480619 340 (597.0)
denovo249 C72_AY765407 330 (602.0)
denovo249 C1b.3_HE578999 334 (600.0)
denovo249 C93_AJ621536 335 (599.5)
denovo249 C94_AJ621539 335 (599.5)
denovo249 C1g_AY589730 335 (599.5)
denovo249 C1i_AY589731 335 (609.0)
denovo249 C1j_AY589732 335 (608.5)
denovo249 C1005_DQ480633 335 (608.5)
denovo249 C1.7_FJ461494 335 (608.5)
denovo249 C1.11_HE578984 337 (605.0)
denovo249 C1.12_HE578985 341 (616.5)
denovo249 C1.13_HE578986 333 (611.5)
denovo249 C1.14_HE578987 335 (599.5)
denovo249 C1.18_HE578991 335 (599.5)
denovo249 C1.19_HE578992 335 (599.5)
denovo249 C1199_EU099802 336 (587.0)
denovo249 C1188_EU099838 336 (602.0)
denovo249 C1002_DQ838544 336 (602.0)
denovo249 C1198_EU099810 335 (617.5)
denovo249 C24_AY239376 335 (599.5)
denovo249 C1f_AY258490 337 (613.5)
denovo249 C1006_DQ480629 335 (608.5)
denovo249 C1010_DQ480607 335 (608.5)
denovo249 C1007_DQ480624 335 (590.5)
denovo249 C1011_DQ480605 335 (617.5)
denovo249 C1009_DQ480608 333 (602.5)
denovo249 C1041_AY186548 335 (608.5)
denovo249 C1052_AY186570 335 (599.5)
denovo249 C1148_EU040178 336 (602.0)
denovo249 C1234_EU118165 337 (601.0)
denovo249 C1.5_EF634157 340 (605.5)
denovo249 C1059_DQ480609 335 (599.5)
denovo249 C1228_EU074883 335 (608.5)
denovo249 C1208_EU074963 342 (602.0)
denovo249 C1207_EU074964 335 (608.5)
denovo249 C1206_EU074965 335 (600.0)
denovo249 C1013_DQ480642 335 (590.5)
denovo249 C80_GU907656 344 (608.5)
denovo249 C1a_AF499788 335 (608.5)
denovo249 C41_AY258486 335 (608.5)
denovo249 C39_AY258484 326 (605.0)
denovo249 C1231_EU074878 335 (599.5)
denovo249 C1b.1_HE578997 334 (600.0)
denovo249 C18_AY258478 335 (599.5)
denovo249 C1.10_HE578983 332 (597.5)
denovo249 C1_JN558041 335 (608.5)
denovo249 C1_HE578979 335 (608.5)
denovo249 C1_AM748551 335 (608.5)
denovo249 C1_AF333515 335 (608.5)
denovo249 C1054_AY186565 335 (614.5)
denovo249 C1008_DQ480613 335 (599.5)
denovo249 C1103_AF427470 336 (598.5)
denovo249 C1226_EU074881 336 (598.5)
denovo249 C1b/C1e_AY239363 334 (609.0)
denovo249 C1044_DQ068038 335 (593.5)
denovo249 C1017_DQ174729 335 (599.0)
denovo249 C1.6_FJ461493 335 (617.5)
denovo249 C1b.2_HE578998 334 (600.0)
denovo249 C1060_DQ480600 335 (599.5)
denovo249 C1227_EU074882 335 (599.5)
denovo249 C1197_EU099814 335 (599.5)
denovo249 C1130_DQ480643 335 (494.0)
denovo249 D109_AB097465 298 (1289.5)
denovo249 D1.11_HE579040 298 (1337.0)
denovo249 D105_AF174570 298 (1337.0)
denovo249 D104_AF174572 298 (1328.0)
denovo249 D1.3_JF683337 298 (1337.0)
denovo249 D1.10_HE579039 298 (1346.0)
denovo249 D110_AF174561 298 (1346.0)
denovo249 D117_AF174542 298 (1346.0)
denovo249 D114_AF174549 298 (1346.0)
denovo249 D113_AF174557 298 (1337.0)
denovo249 D112_AF174558 298 (1337.0)
denovo249 D106_AF174559 298 (1346.0)
denovo249 D111_AF174560 298 (1346.0)
denovo249 D115_AF174562 298 (1346.0)
denovo249 D107_AF174568 298 (1346.0)
denovo249 D116_AF174571 298 (1337.0)
denovo249 D124_EU074897 298 (1328.0)
denovo249 D1.8_HE579037 298 (1346.0)
denovo249 D3_AY686650 298 (1346.0)
denovo249 D1.6_HQ630881 298 (1346.0)
denovo249 D120_EU074900 298 (1337.0)
denovo249 D121_EU074904 298 (1346.0)
denovo249 D122_EU074905 298 (1346.0)
denovo249 D1a.2_JF683339 300 (1326.5)
denovo249 D1a.1_JF683338 298 (1337.0)
denovo249 D2_AY686649 543 (1356.0)
denovo249 D4_DQ865214 299 (1336.0)
denovo249 D1a_AF499802 298 (1346.0)
denovo249 D1a_JN558078 298 (1346.0)
denovo249 D123_EU074895 298 (1346.0)
denovo249 D108_AF174567 298 (1346.0)
denovo249 D103_AF174575 298 (1346.0)
denovo249 D100_AF411415 304 (1300.0)
denovo249 D118_EF656435 298 (1328.0)
denovo249 D101_AF411416 304 (1285.0)
denovo249 D119_EU099832 301 (1310.0)
denovo249 D102_AF174573 298 (1340.0)
denovo249 D1_AF334660 298 (1355.0)
denovo249 D1_JN558076 298 (1355.0)
denovo249 D1.12_HE579041 298 (1202.5)
denovo249 D1.1_AM748564 430 (618.0)
denovo249 D1.2_AM748617 438 (613.0)
denovo249 E111_EU074915 351 (488.5)
denovo249 E110_EU074914 352 (491.5)
denovo249 E114_EU074909 345 (489.0)
denovo249 E1_AF334659 353 (490.5)
denovo249 E105_EU074921 352 (500.5)
denovo249 E112_EU074916 352 (491.5)
denovo249 E104_EU074922 350 (503.0)
denovo249 E102_EU074924 352 (491.5)
denovo249 E103_EU074923 352 (500.5)
denovo249 E101_AY160123 354 (494.0)
denovo249 E109_EU074913 343 (492.5)
denovo249 E100_DQ011618 347 (511.0)
denovo249 E108_EU074912 348 (514.0)
denovo249 E113_EU074908 346 (503.0)
denovo249 E107_EU074910 348 (505.0)
denovo249 F1_JN558066 328 (659.5)
denovo249 F5.2d_AJ291530 326 (653.5)
denovo249 F104_AJ291531 326 (653.5)
denovo249 F5.2c_AM748596 328 (650.5)
denovo249 F5.2_AM748594 323 (664.0)
denovo249 F5.2a_AM748614 323 (664.0)
denovo249 F5.2b_AM748595 323 (655.0)
denovo249 F5.2e_AJ291533 328 (625.5)
denovo249 F5.2g_JN558072 328 (651.0)
denovo249 F5.2f_AJ291512 331 (640.5)
denovo249 F102_AJ291534 328 (651.0)
denovo249 F5.1c_AM748593 328 (651.5)
denovo249 F5.1d_JN558069 329 (644.5)
denovo249 F5.1b_AJ291535 334 (641.0)
denovo249 F5.1_AM748592 330 (648.0)
denovo249 F5.1a_AM748591 330 (648.0)
denovo249 F110_AJ291526 337 (624.0)
denovo249 F4.7_AM748587 336 (642.5)
denovo249 F4.5_AM748585 330 (657.5)
denovo249 F4.4a_AM748583 325 (671.0)
denovo249 F4.4_AM748582 321 (691.5)
denovo249 F4.4b_AM748584 326 (680.5)
denovo249 F4.1a_AM748573 347 (637.0)
denovo249 F112_AJ291528 336 (622.0)
denovo249 F4.1_AM748572 336 (640.0)
denovo249 F4.8b_AM748590 334 (659.0)
denovo249 F4.8_AM748588 334 (650.0)
denovo249 F4.8a_AM748589 334 (650.0)
denovo249 F109_AJ291527 334 (637.0)
denovo249 F4.6_AM748586 333 (658.0)
denovo249 F111_AJ311949 339 (641.5)
denovo249 F4.3c_AM748581 337 (657.5)
denovo249 F4.3a_AM748579 338 (650.5)
denovo249 F4.3b_AM748580 337 (657.5)
denovo249 F4.3_AM748578 337 (657.5)
denovo249 F4.2_AM748574 334 (660.5)
denovo249 F4.2a_AM748575 335 (657.5)
denovo249 F4.2c_AM748577 337 (659.5)
denovo249 F4.2b_AM748576 332 (658.5)
denovo249 F2b_AJ291521 333 (663.5)
denovo249 F2_AJ830908 321 (655.5)
denovo249 F2a_AJ830911 321 (660.5)
denovo249 F3.1a_AM748566 343 (653.0)
denovo249 F114_AJ291525 335 (639.0)
denovo249 F3.1_AM748565 335 (657.0)
denovo249 F3.2_AM748567 334 (679.5)
denovo249 F3.2a_AM748568 329 (682.5)
denovo249 F3.3_AM748569 343 (658.0)
denovo249 F3.4a_AM748571 341 (640.0)
denovo249 F3.4_AM748570 340 (628.0)
denovo249 F3.4b_AM748616 342 (625.5)
denovo249 G101_AJ291539 358 (613.5)
denovo249 G1_AM748597 358 (613.5)
denovo249 G2b_JN558087 369 (595.0)
denovo249 G2_AM748598 369 (604.0)
denovo249 G2a_AM748599 371 (601.0)
denovo249 G4_AM748601 343 (632.0)
denovo249 G3.4_LK392378 344 (623.5)
denovo249 G3_AM748600 343 (639.0)
denovo249 G3.2_KC597694 346 (518.0)
denovo249 G3.1_KC597688 354 (599.0)
denovo249 G100_AB253788 346 (602.5)
denovo249 G3.3_LK392377 346 (611.5)
denovo249 H6_AJ291520 624 (304.5)
denovo249 H3_AM748606 350 (454.5)
denovo249 H2_AM748605 347 (462.0)
denovo249 H4_AM748607 341 (466.0)
denovo249 H4a_AM748608 342 (465.5)
denovo249 H5a_AM748611 338 (474.0)
denovo249 H5b_AM748610 351 (467.0)
denovo249 H5_AJ621129 347 (474.5)
denovo249 H5_AM748609 347 (474.5)
denovo249 H100_AJ291513 344 (464.0)
denovo249 H1b_AM748604 351 (470.0)
denovo249 H1a_AM748612 347 (457.0)
denovo249 H1_AJ621152 346 (464.0)
denovo249 H1_AM748602 346 (464.0)
denovo249 I3_FN561561 339 (664.0)
denovo249 I4_FN561562 341 (660.0)
denovo249 I1_FN561559 337 (676.5)
denovo249 I2_FN561560 338 (670.5)

#---------------------------------------
#---------------------------------------
