denovo71 A136_DQ865210 347 (337.5)
denovo71 A133_DQ174725 363 (329.5)
denovo71 A115_AF180123 360 (335.0)
denovo71 A117_AF201746 345 (345.0)
denovo71 A134_DQ174723 345 (345.0)
denovo71 A114_AF184941 345 (345.0)
denovo71 A135_DQ174727 350 (324.0)
denovo71 A2_AF333506 347 (329.5)
denovo71 A101_AF427468 347 (333.0)
denovo71 A2_1_JN558097 347 (333.0)
denovo71 A2_2_JN558100 347 (333.0)
denovo71 A113_AF184948 350 (323.5)
denovo71 A112_AF184949 357 (318.5)
denovo71 A123_EF378618 350 (235.5)
denovo71 A137_EF378621 356 (221.0)
denovo71 A11_EU449041 345 (340.0)
denovo71 A121_DQ174722 356 (321.0)
denovo71 A15b_EU792886 345 (329.0)
denovo71 A15a_EU792885 348 (322.0)
denovo71 A15c_EU792887 348 (322.0)
denovo71 A15_EU792884 348 (322.0)
denovo71 A147_EU074937 347 (321.0)
denovo71 A154_EU074860 354 (299.5)
denovo71 A146_EU074936 354 (316.5)
denovo71 A150_EU074928 352 (320.5)
denovo71 A116_AF183575 354 (317.5)
denovo71 A141_EU074931 354 (317.5)
denovo71 A5_AF333508 354 (314.5)
denovo71 A3b_EU449043 353 (315.0)
denovo71 A151_EU074925 350 (314.5)
denovo71 A152_EU074927 359 (315.5)
denovo71 A149_EU074929 351 (318.0)
denovo71 A140_EU074930 356 (313.5)
denovo71 A142_EU074932 351 (316.5)
denovo71 A143_EU074933 347 (312.0)
denovo71 A144_EU074934 358 (310.5)
denovo71 A145_EU074935 346 (319.0)
denovo71 A148_EU074938 347 (312.0)
denovo71 A155_EU074856 347 (312.0)
denovo71 A156_EU074859 354 (308.5)
denovo71 A139_EU074962 354 (317.5)
denovo71 A6_AF186058 354 (317.5)
denovo71 A3_AF333507 354 (317.5)
denovo71 A3_JN558091 354 (317.5)
denovo71 A8_AY258468 343 (303.0)
denovo71 A7_AY239360 346 (312.0)
denovo71 A16_EU792888 341 (315.5)
denovo71 A4.3_FN429763 363 (297.5)
denovo71 A120_AF180122 350 (302.0)
denovo71 A4.2_FN429761 361 (297.5)
denovo71 A4_AF333509 361 (307.5)
denovo71 A4.1_FN429760 361 (296.0)
denovo71 A4a_AF499778 361 (307.0)
denovo71 A4a.1_FN429762 361 (307.0)
denovo71 A138_EF378620 346 (276.5)
denovo71 A122_EF378619 350 (301.5)
denovo71 A126_EF378615 353 (306.5)
denovo71 A10_EU792882 353 (306.5)
denovo71 A9_EU449028 351 (310.5)
denovo71 A105_AB207202 356 (307.5)
denovo71 A119_AF180121 346 (304.5)
denovo71 A12_EU792883 357 (319.5)
denovo71 A104_AB207203 346 (314.0)
denovo71 A1a_EU449030 346 (314.0)
denovo71 A1.3_HE578976 346 (314.0)
denovo71 A1.4_HE578977 346 (314.0)
denovo71 A13_AF333504 346 (323.0)
denovo71 A13_JN558094 346 (323.0)
denovo71 A110_AB190282 347 (307.5)
denovo71 A103_AB207206 347 (315.5)
denovo71 A130_EF656428 346 (305.0)
denovo71 A127_EF656429 341 (315.0)
denovo71 A128_EF656430 346 (314.0)
denovo71 A129_EF656431 347 (317.0)
denovo71 A131_EF656432 346 (323.0)
denovo71 A118_AF180120 356 (293.0)
denovo71 A1_AF333505 346 (314.0)
denovo71 A107_AB207199 346 (322.5)
denovo71 A111_AB190280 344 (317.0)
denovo71 A108_AB207197 350 (310.0)
denovo71 A106_AB207200 355 (315.0)
denovo71 A102_AB207209 346 (314.0)
denovo71 A1.2_AB207210 346 (314.0)
denovo71 A109_AB190285 346 (313.5)
denovo71 B4_AF333510 361 (310.0)
denovo71 B23_EU449079 365 (315.0)
denovo71 B30_GU907644 365 (306.5)
denovo71 B11_AY239361 364 (322.5)
denovo71 B17_AY258470 367 (315.0)
denovo71 B1k_GU907638 320 (195.0)
denovo71 B1.V_Green2014 384 (301.5)
denovo71 B1b_AF499780 369 (315.5)
denovo71 B16_AY258469 369 (302.0)
denovo71 B31a_GU907646 368 (308.5)
denovo71 B32_GU907647 369 (301.5)
denovo71 B31_GU907645 369 (301.5)
denovo71 B1j_GU907637 372 (310.5)
denovo71 B37_GU907650 371 (310.0)
denovo71 B5a_AF499782 369 (301.5)
denovo71 B5_AF499781 369 (301.5)
denovo71 B24_GU907643 369 (250.5)
denovo71 B117_AF180124 368 (304.5)
denovo71 B10_AF499787 372 (310.5)
denovo71 B20_GU907642 371 (305.0)
denovo71 B1m_GU907640 369 (310.5)
denovo71 B34_GU907649 369 (311.5)
denovo71 B1d_GU907633 366 (319.0)
denovo71 B1e_GU907634 372 (310.5)
denovo71 B1i_GU907636 369 (311.0)
denovo71 B1g_GU907635 370 (311.0)
denovo71 B123_EU074872 369 (319.5)
denovo71 B8_AF499785 377 (313.5)
denovo71 B1l_GU907639 369 (310.5)
denovo71 B1a_AF499779 372 (310.5)
denovo71 B14_AY239362 371 (303.5)
denovo71 B125_EU074865 372 (310.5)
denovo71 B122_EU074871 369 (301.5)
denovo71 B124_EU074874 367 (311.0)
denovo71 B1.VII_Green2014 370 (279.0)
denovo71 B1.III_Green2014 359 (317.0)
denovo71 B1.I_Green2014 369 (310.5)
denovo71 B1.II_Green2014 369 (310.5)
denovo71 B1_JN558057 369 (310.5)
denovo71 B1_AF333511 369 (310.5)
denovo71 B1.IV_Green2014 376 (314.0)
denovo71 B121_EU074870 369 (310.5)
denovo71 B7_AF499784 369 (310.5)
denovo71 B1.VI_Green2014 362 (308.5)
denovo71 B3_AF333514 371 (310.5)
denovo71 B9_AF499786 373 (298.0)
denovo71 B19a_JN558055 357 (286.0)
denovo71 B119_EU099825 355 (308.0)
denovo71 B21_DQ865213 367 (313.0)
denovo71 B38_GU907651 367 (313.0)
denovo71 B18_AY258471 372 (304.0)
denovo71 B18a_AY258472 372 (304.0)
denovo71 B33_GU907648 368 (309.5)
denovo71 B6_AF499783 378 (305.0)
denovo71 B19_DQ865212 373 (307.0)
denovo71 B19_GU907641 373 (307.0)
denovo71 B2_AF333512 372 (313.5)
denovo71 B2_JN558060 372 (313.5)
denovo71 C33.1_AY258498 359 (322.5)
denovo71 C33.2_AY765400 359 (322.5)
denovo71 C33a_EF541147 359 (322.5)
denovo71 C34_AY258499 367 (303.5)
denovo71 C78_AY765413 363 (272.5)
denovo71 C15.29_KC597690 363 (270.0)
denovo71 C1131_DQ182650 364 (272.5)
denovo71 C1135_DQ182646 367 (263.0)
denovo71 C1134_DQ182647 367 (263.0)
denovo71 C1142_DQ182635 367 (263.0)
denovo71 C1136_DQ182644 364 (269.5)
denovo71 C1111_DQ182645 365 (265.0)
denovo71 C1236_EF473656 365 (265.0)
denovo71 C1138_DQ182642 363 (269.5)
denovo71 C1137_DQ182643 366 (258.5)
denovo71 C1133_DQ182648 366 (268.5)
denovo71 C1132_DQ182649 367 (271.0)
denovo71 C1143_DQ182634 365 (265.0)
denovo71 C1139_DQ182639 367 (255.0)
denovo71 C15.28_KC597687 362 (277.5)
denovo71 C1141_DQ182636 366 (278.5)
denovo71 C1144_DQ182637 367 (272.0)
denovo71 C1122_DQ182654 367 (272.5)
denovo71 C1127_DQ182652 366 (269.5)
denovo71 C15.30_JX394114 370 (284.0)
denovo71 C15.26_KC597686 355 (280.5)
denovo71 C1086_DQ182656 363 (285.0)
denovo71 C15.25_KC597685 363 (282.0)
denovo71 C1118_AF180127 366 (265.0)
denovo71 C1129_DQ182651 361 (273.5)
denovo71 C15.21_KC597683 360 (263.5)
denovo71 C56_AY589760 366 (282.5)
denovo71 C1140_DQ182638 368 (268.5)
denovo71 C1126_DQ182653 365 (269.5)
denovo71 C15c_AY258492 363 (273.0)
denovo71 C15d_AY258493 363 (273.0)
denovo71 C1098_DQ182641 358 (272.0)
denovo71 C15.27_KC597689 359 (271.5)
denovo71 C15.18_HE579024 364 (284.0)
denovo71 C15.16_HE579022 359 (280.0)
denovo71 C1101_AB253787 360 (263.0)
denovo71 C1083_AY237300 362 (270.5)
denovo71 C1088_DQ182640 386 (262.0)
denovo71 C15.6_FN563472 360 (271.0)
denovo71 C15.5_FJ461512 360 (271.5)
denovo71 C15.4_FJ461511 360 (271.0)
denovo71 C15.13_HE579019 361 (264.5)
denovo71 C15.12_HE579018 363 (264.0)
denovo71 C93a_AM748563 363 (282.0)
denovo71 C1094_AJ291514 363 (276.0)
denovo71 C93_AM748562 363 (285.0)
denovo71 C15.17_HE579023 363 (268.0)
denovo71 C15e_AY589742 365 (274.5)
denovo71 C15.22_KC597695 363 (273.0)
denovo71 C60_AY589764 362 (279.0)
denovo71 C15.1_FJ461508 363 (273.0)
denovo71 C15.2_FJ461509 363 (282.0)
denovo71 C15.9_FN563475 370 (267.0)
denovo71 C15.7_HE579015 358 (268.5)
denovo71 C15.8_HE579016 363 (264.0)
denovo71 C15.15_HE579021 363 (282.0)
denovo71 C15.19_HE579025 363 (282.0)
denovo71 C15.24_KC597696 360 (272.0)
denovo71 C15.3_FJ461510 363 (282.0)
denovo71 C1087_DQ182655 360 (274.0)
denovo71 C15.14_HE579020 368 (274.5)
denovo71 C15.23_KC597697 368 (274.5)
denovo71 C19_AY258479 358 (272.0)
denovo71 C1233_EU118166 360 (280.0)
denovo71 C15b_AY258491 367 (266.0)
denovo71 C15a_AY258476 363 (273.0)
denovo71 C1051_AF195153 363 (282.0)
denovo71 C2_AF333518 363 (278.5)
denovo71 C15.20_HE579026 368 (274.5)
denovo71 C15f_AY589743 364 (272.5)
denovo71 C55_AY589759 381 (277.0)
denovo71 C15_AY239369 363 (273.0)
denovo71 C32.1_JF683335 361 (285.0)
denovo71 C32.2_JF683336 361 (294.0)
denovo71 C21.23_KC597693 361 (294.0)
denovo71 C1193_EU099827 359 (277.5)
denovo71 C1195_EU099821 373 (273.5)
denovo71 C3q_GU907655 357 (279.0)
denovo71 C53_AY589758 371 (271.5)
denovo71 C73_AY765408 359 (286.5)
denovo71 C17.2.1_KC597684 360 (288.5)
denovo71 C32_AY258497 363 (273.5)
denovo71 C1189_EU099831 354 (272.5)
denovo71 C1191_EU099833 354 (272.5)
denovo71 C1196_EU099819 357 (273.5)
denovo71 C1192_EU099820 357 (273.5)
denovo71 C17.1_JF683322 352 (277.0)
denovo71 C26_b2_FN827164 354 (278.0)
denovo71 C26_b3_FN827165 354 (294.0)
denovo71 C31.9_HQ630879 355 (275.0)
denovo71 C31a_AY589746 358 (287.0)
denovo71 C30_AY589745 361 (280.0)
denovo71 C31.1_HQ630876 361 (280.0)
denovo71 C31.5_HQ630877 369 (276.5)
denovo71 C31.6_HQ630878 362 (273.5)
denovo71 C31.2_JF683332 361 (289.0)
denovo71 C31.3_JF683333 364 (280.0)
denovo71 C26/C35a_AY239378 351 (285.5)
denovo71 C35a_AY258501 351 (285.5)
denovo71 C35.2_AY258500 354 (278.5)
denovo71 C26_b1_FN827163 354 (278.5)
denovo71 C17_AY239370 355 (276.5)
denovo71 C17.2_FJ461513 358 (278.0)
denovo71 C31.10_HQ630880 355 (275.0)
denovo71 C31.4_JF683334 365 (268.5)
denovo71 C31_AY258496 361 (280.0)
denovo71 C25_AY239377 361 (294.5)
denovo71 C61_AY589765 365 (239.5)
denovo71 C1043_DQ072721 359 (291.5)
denovo71 C79_AY765414 357 (294.0)
denovo71 C69_AY589773 372 (278.0)
denovo71 C69a_AY686648 369 (285.0)
denovo71 C21.22_KC597692 356 (287.5)
denovo71 C51_AY589756 358 (293.5)
denovo71 C1aa_HM185739 361 (296.0)
denovo71 C1096_DQ068023 359 (268.0)
denovo71 C74_AY765409 365 (275.5)
denovo71 C1185_AB294629 365 (276.0)
denovo71 C1184_AB294630 363 (272.0)
denovo71 C1153_AB294625 363 (278.5)
denovo71 C1154_AB294626 361 (274.0)
denovo71 C1187_AB294627 369 (271.0)
denovo71 C1186_AB294628 360 (287.0)
denovo71 C57_AY589761 361 (282.5)
denovo71 C66_AY589771 363 (279.0)
denovo71 C5_AF499795 372 (263.5)
denovo71 C1167_AB294586 363 (273.0)
denovo71 C1164_AB294593 360 (281.0)
denovo71 C1183_AB294631 368 (285.5)
denovo71 C1067_DQ335381 358 (292.5)
denovo71 C1159_AB294613 365 (276.0)
denovo71 C1150_AB294622 364 (274.0)
denovo71 C90_AM748554 365 (281.0)
denovo71 C1168_AB294583 356 (272.5)
denovo71 C1156_AB294616 355 (287.5)
denovo71 C1151_AB294621 363 (282.0)
denovo71 C92a_AM748561 356 (281.0)
denovo71 C92_AM748560 356 (281.0)
denovo71 C1165_AB294581 363 (291.0)
denovo71 C1166_AB294584 363 (291.0)
denovo71 C1162_AB294594 364 (284.5)
denovo71 C1163_AB294596 369 (275.0)
denovo71 C1161_AB294606 365 (287.5)
denovo71 C1160_AB294608 356 (281.0)
denovo71 C1158_AB294614 364 (285.0)
denovo71 C1155_AB294617 363 (282.0)
denovo71 C1149_AB294620 368 (287.0)
denovo71 C1173_AB294662 363 (291.0)
denovo71 C1171_AB294663 363 (273.0)
denovo71 C1172_AB294665 363 (282.0)
denovo71 C91a_AM748556 363 (282.0)
denovo71 C91b_AM748557 363 (282.0)
denovo71 C91d_AM748559 363 (273.0)
denovo71 C91c_AM748558 363 (282.0)
denovo71 C91_AJ621543 363 (282.0)
denovo71 C91_AM748555 363 (282.0)
denovo71 C1023_DQ335330 341 (262.0)
denovo71 C1020_DQ335392 364 (295.0)
denovo71 C1018_DQ335408 362 (280.0)
denovo71 C1074_DQ335329 362 (280.0)
denovo71 C1030_DQ335353 362 (289.0)
denovo71 C1022_DQ335331 368 (281.0)
denovo71 C1027_DQ335360 362 (289.0)
denovo71 C1072_DQ335344 359 (296.0)
denovo71 C1039_AB190274 362 (289.0)
denovo71 C1033_DQ335350 362 (299.0)
denovo71 C1019_DQ335407 362 (289.0)
denovo71 C1194_EU099826 373 (278.0)
denovo71 C8b_AY258475 372 (269.5)
denovo71 C8_AY239367 370 (277.0)
denovo71 C8a_AY239368 370 (277.0)
denovo71 C54a_AY765406 359 (296.0)
denovo71 C3ff_HM185740 359 (296.0)
denovo71 C59_AY589763 369 (284.5)
denovo71 C3k_AY589737 364 (286.0)
denovo71 C3.24_HE579012 364 (286.0)
denovo71 C3.23_HE579011 364 (286.0)
denovo71 C35.1_AY765401 361 (295.0)
denovo71 C35.3_EF541145 361 (286.0)
denovo71 C76_AY765411 355 (292.0)
denovo71 C1107_DQ335359 356 (282.5)
denovo71 C3.22_HE579010 365 (282.5)
denovo71 C77_AY765412 356 (292.5)
denovo71 C20_AY239371 360 (292.5)
denovo71 C1055_DQ480640 361 (272.0)
denovo71 C27/C30_AY239379 354 (279.0)
denovo71 C27.1_FJ461517 354 (271.0)
denovo71 C40a_AY589747 362 (298.0)
denovo71 C40_AY258485 362 (298.0)
denovo71 C40b_AY589748 363 (297.5)
denovo71 C16_AY258477 368 (290.0)
denovo71 C16a_AY765399 368 (290.5)
denovo71 C1091_AB207186 362 (298.0)
denovo71 C1102_DQ335400 356 (295.0)
denovo71 C1069_DQ335375 360 (289.5)
denovo71 C1073_DQ335332 354 (291.5)
denovo71 C1066_DQ335382 354 (282.5)
denovo71 C1031_DQ335352 364 (286.0)
denovo71 C1026_DQ335366 364 (286.0)
denovo71 C70_AY589774 362 (289.0)
denovo71 C1082_AB190267 357 (289.5)
denovo71 C1078_AB190271 356 (296.5)
denovo71 C1090_AB207191 359 (287.0)
denovo71 C1071_DQ335302 359 (287.0)
denovo71 C1075_DQ335328 359 (287.0)
denovo71 C1068_DQ335379 359 (296.0)
denovo71 C1064_DQ335395 359 (296.0)
denovo71 C1063_DQ335403 359 (296.5)
denovo71 C62_AY589766 359 (296.0)
denovo71 C1077_DQ335316 358 (299.0)
denovo71 C1109_DQ335338 359 (305.0)
denovo71 C1110_DQ335340 356 (305.0)
denovo71 C1106_DQ335339 359 (298.0)
denovo71 C1112_DQ335319 362 (298.0)
denovo71 C1108_DQ335351 355 (310.5)
denovo71 C1105_DQ335394 359 (305.0)
denovo71 C1121_DQ335378 359 (314.0)
denovo71 C1116_AB190268 359 (305.0)
denovo71 C1115_AB190273 359 (305.0)
denovo71 C1124_DQ335323 359 (313.5)
denovo71 C1120_DQ335398 362 (305.0)
denovo71 C1119_DQ335404 359 (304.5)
denovo71 C1123_DQ335363 359 (305.0)
denovo71 C1004_DQ480635 366 (292.0)
denovo71 C1061_AY186568 367 (286.0)
denovo71 C1053_AY186569 368 (289.5)
denovo71 C1003_DQ480639 366 (292.0)
denovo71 C81_GU907657 370 (260.5)
denovo71 C22_AY239373 368 (279.0)
denovo71 C22a_AY239374 358 (287.5)
denovo71 C1232_EU118163 356 (280.5)
denovo71 C21.13_FJ461515 358 (293.5)
denovo71 C21.1_JF683323 359 (278.0)
denovo71 C21.3_JF683325 357 (291.0)
denovo71 C1.20_HE578993 368 (273.0)
denovo71 C1.22_HE578995 369 (266.0)
denovo71 C52_AY589757 366 (286.5)
denovo71 C1201_EU099793 363 (269.0)
denovo71 C14_AY589741 361 (306.5)
denovo71 C43_AY589749 362 (296.5)
denovo71 C50_AY589755 362 (271.5)
denovo71 C3.14_HQ630872 361 (295.5)
denovo71 C1m_AY765398 366 (283.0)
denovo71 C82_GU907658 373 (277.5)
denovo71 C82b_GU907660 373 (277.5)
denovo71 C64_AY589768 368 (279.5)
denovo71 C45a_AY765404 370 (286.0)
denovo71 C48_AY589753 362 (291.5)
denovo71 C1_v1b_FJ919244 378 (278.0)
denovo71 C1_v1a_FJ919243 366 (286.0)
denovo71 C3j_AY239366 358 (293.5)
denovo71 C3t_EF541149 371 (298.0)
denovo71 C9_AF499798 366 (292.0)
denovo71 C23_AY239375 361 (285.5)
denovo71 C37_AY258481 356 (299.0)
denovo71 C1048_DQ068026 366 (283.0)
denovo71 C21.4_JF683326 357 (281.5)
denovo71 C21.5_JF683327 357 (281.5)
denovo71 C1070_DQ335349 357 (293.0)
denovo71 C21.6_HQ630873 353 (288.5)
denovo71 C1224_EU074890 367 (276.5)
denovo71 C1.17_HE578990 366 (283.0)
denovo71 C21_b1_FN827162 358 (265.5)
denovo71 C21.9_JF683330 357 (272.5)
denovo71 C1085_AY624605 362 (289.5)
denovo71 C3p_GU907654 361 (280.0)
denovo71 C3f_AY589734 362 (289.0)
denovo71 C65a_AY589770 359 (296.0)
denovo71 C65_AY589769 362 (289.0)
denovo71 C71_AY589775 361 (295.5)
denovo71 C71a_AY589776 361 (295.5)
denovo71 C1178_AB294647 353 (280.0)
denovo71 C1225_EU074893 367 (276.0)
denovo71 C75_AY765410 362 (280.0)
denovo71 C21.10_JF683331 364 (266.5)
denovo71 C21.11_HQ630874 357 (273.0)
denovo71 C1065_DQ335388 363 (282.0)
denovo71 C1045_DQ068036 362 (289.0)
denovo71 C1h_AY258473 366 (283.0)
denovo71 C38_AY258482 364 (295.0)
denovo71 C1202_EU099799 364 (286.0)
denovo71 C7_AF499797 362 (289.0)
denovo71 C12_AF499801 366 (284.0)
denovo71 C38a_AY258483 369 (280.5)
denovo71 C1200_EU099800 360 (273.5)
denovo71 C44a_AY589751 368 (278.5)
denovo71 C47_AY589752 365 (279.5)
denovo71 C44_AY589750 366 (282.0)
denovo71 C1.15_HE578988 366 (283.0)
denovo71 C45.3_FJ461522 366 (283.0)
denovo71 C46a_AY765405 364 (295.0)
denovo71 C46_EU449108 362 (289.0)
denovo71 C3.12_FJ461507 362 (289.0)
denovo71 C1k_AY589733 366 (283.0)
denovo71 C67_AY686647 364 (285.0)
denovo71 C82a_GU907659 366 (283.0)
denovo71 C10a_AY589739 380 (281.5)
denovo71 C10_AF499799 377 (281.5)
denovo71 C13_AY589740 383 (287.5)
denovo71 C4_AF499794 366 (274.0)
denovo71 C1147_EF656433 362 (287.5)
denovo71 C1c/C45_AY239364 366 (283.0)
denovo71 C1c/C45_EU449103 366 (283.0)
denovo71 C21.19_HE579031 357 (273.0)
denovo71 C21.21_HE579033 355 (267.0)
denovo71 C21.20_HE579032 355 (267.0)
denovo71 C42b_AY765403 358 (283.5)
denovo71 C42_AY258487 358 (283.5)
denovo71 C1p_GU907652 363 (290.0)
denovo71 C1d_AY258488 359 (287.0)
denovo71 C42_AY765402 363 (290.0)
denovo71 C3ha_AY589736 355 (285.5)
denovo71 C63a_AY589767 354 (294.0)
denovo71 C21a_AY589744 357 (281.5)
denovo71 C3o_GU907653 357 (281.5)
denovo71 C21.16_HQ630875 357 (272.5)
denovo71 C21.2_JF683324 357 (281.5)
denovo71 C21.7_JF683328 359 (278.5)
denovo71 C21.8_JF683329 357 (290.5)
denovo71 C3h_AY239365 357 (281.5)
denovo71 C1203_EU099798 357 (272.5)
denovo71 C3.10_FJ461505 362 (289.0)
denovo71 C21.14_FJ461516 357 (281.5)
denovo71 C21.18_HE579030 359 (275.5)
denovo71 C3.17_HE579005 362 (280.0)
denovo71 C3.9_FJ461504 360 (280.5)
denovo71 C3.8_FJ461503 362 (289.0)
denovo71 C3.7_FJ461502 362 (280.0)
denovo71 C3.11_FJ461506 360 (293.0)
denovo71 C3.18_HE579006 362 (289.0)
denovo71 C3.19_HE579007 362 (289.0)
denovo71 C3.20_HE579008 362 (280.0)
denovo71 C3g_AY589735 364 (288.0)
denovo71 C3a_AF499790 364 (285.5)
denovo71 C3e_AF499793 362 (289.5)
denovo71 C6_AF499796 362 (289.0)
denovo71 C11_AF499800 358 (286.5)
denovo71 C36_AY258480 363 (282.5)
denovo71 C29_AY258494 364 (286.5)
denovo71 C1146_EF656434 362 (280.0)
denovo71 C1190_EU099841 362 (298.0)
denovo71 C131_JF320826 362 (289.0)
denovo71 C28_AY239380 364 (288.0)
denovo71 C1012_DQ480604 362 (289.0)
denovo71 C1181_AB294640 362 (292.5)
denovo71 C1180_AB294641 362 (292.5)
denovo71 C1179_AB294645 377 (275.5)
denovo71 C1176_AB294651 363 (285.5)
denovo71 C1175_AB294653 359 (283.5)
denovo71 C1174_AB294655 359 (275.0)
denovo71 C1177_AB294659 359 (284.5)
denovo71 C1040_AB190269 361 (286.5)
denovo71 C1182_AB294649 366 (281.5)
denovo71 C1089_AJ278598 363 (282.0)
denovo71 C1028_DQ335357 362 (298.0)
denovo71 C3.16_EU786015 358 (296.0)
denovo71 C1097_AJ311943 364 (281.5)
denovo71 C1170_AB294661 364 (280.5)
denovo71 C21.17_HE579029 358 (277.5)
denovo71 C21/3d/C3k_AY239372 357 (281.5)
denovo71 C58_AY589762 356 (275.5)
denovo71 C3L_AY589738 366 (288.0)
denovo71 C1169_AB294660 362 (283.5)
denovo71 C3.2_FJ461497 363 (296.0)
denovo71 C3.1_JF683321 361 (289.5)
denovo71 C1104_AF427469 359 (284.0)
denovo71 C3b_AF499791 361 (289.5)
denovo71 C83_GU907661 362 (291.5)
denovo71 C49_AY589754 398 (306.5)
denovo71 C3_AB778606 362 (289.0)
denovo71 C3_AF499789 362 (289.0)
denovo71 C3_HE579001 362 (289.0)
denovo71 C21.12_FJ461514 357 (290.5)
denovo71 C1229_EU074888 353 (276.5)
denovo71 C1230_EU074889 353 (285.0)
denovo71 C1114_AB207196 362 (289.0)
denovo71 C3.21_HE579009 356 (239.0)
denovo71 C1057_DQ480619 367 (276.0)
denovo71 C72_AY765407 358 (282.5)
denovo71 C1b.3_HE578999 367 (299.0)
denovo71 C93_AJ621536 362 (280.0)
denovo71 C94_AJ621539 366 (274.0)
denovo71 C1g_AY589730 366 (292.0)
denovo71 C1i_AY589731 366 (283.0)
denovo71 C1j_AY589732 366 (292.0)
denovo71 C1005_DQ480633 366 (283.0)
denovo71 C1.7_FJ461494 363 (283.0)
denovo71 C1.11_HE578984 366 (274.5)
denovo71 C1.12_HE578985 367 (276.5)
denovo71 C1.13_HE578986 369 (275.5)
denovo71 C1.14_HE578987 367 (286.0)
denovo71 C1.18_HE578991 366 (292.0)
denovo71 C1.19_HE578992 367 (285.0)
denovo71 C1199_EU099802 363 (277.0)
denovo71 C1188_EU099838 364 (285.5)
denovo71 C1002_DQ838544 360 (283.0)
denovo71 C1198_EU099810 366 (274.0)
denovo71 C24_AY239376 366 (274.0)
denovo71 C1f_AY258490 366 (283.0)
denovo71 C1006_DQ480629 366 (283.0)
denovo71 C1010_DQ480607 363 (284.0)
denovo71 C1007_DQ480624 368 (274.5)
denovo71 C1011_DQ480605 359 (288.5)
denovo71 C1009_DQ480608 366 (283.0)
denovo71 C1041_AY186548 366 (283.0)
denovo71 C1052_AY186570 366 (283.0)
denovo71 C1148_EU040178 366 (282.0)
denovo71 C1234_EU118165 363 (286.0)
denovo71 C1.5_EF634157 370 (277.5)
denovo71 C1059_DQ480609 366 (274.0)
denovo71 C1228_EU074883 366 (292.0)
denovo71 C1208_EU074963 364 (284.5)
denovo71 C1207_EU074964 366 (283.0)
denovo71 C1206_EU074965 378 (275.0)
denovo71 C1013_DQ480642 375 (284.0)
denovo71 C80_GU907656 371 (289.5)
denovo71 C1a_AF499788 366 (283.0)
denovo71 C41_AY258486 366 (283.0)
denovo71 C39_AY258484 358 (282.0)
denovo71 C1231_EU074878 366 (274.0)
denovo71 C1b.1_HE578997 367 (281.0)
denovo71 C18_AY258478 361 (284.5)
denovo71 C1.10_HE578983 359 (286.5)
denovo71 C1_JN558041 366 (283.0)
denovo71 C1_HE578979 366 (283.0)
denovo71 C1_AM748551 366 (283.0)
denovo71 C1_AF333515 366 (283.0)
denovo71 C1054_AY186565 362 (284.5)
denovo71 C1008_DQ480613 366 (277.0)
denovo71 C1103_AF427470 363 (278.0)
denovo71 C1226_EU074881 366 (286.0)
denovo71 C1b/C1e_AY239363 367 (290.0)
denovo71 C1044_DQ068038 362 (282.5)
denovo71 C1017_DQ174729 367 (280.0)
denovo71 C1.6_FJ461493 362 (290.0)
denovo71 C1b.2_HE578998 367 (290.0)
denovo71 C1060_DQ480600 366 (274.5)
denovo71 C1227_EU074882 362 (290.0)
denovo71 C1197_EU099814 364 (284.0)
denovo71 C1130_DQ480643 358 (260.0)
denovo71 D109_AB097465 368 (267.5)
denovo71 D1.11_HE579040 363 (273.0)
denovo71 D105_AF174570 363 (273.0)
denovo71 D104_AF174572 374 (278.0)
denovo71 D1.3_JF683337 362 (270.5)
denovo71 D1.10_HE579039 369 (273.0)
denovo71 D110_AF174561 369 (273.0)
denovo71 D117_AF174542 365 (269.5)
denovo71 D114_AF174549 363 (273.0)
denovo71 D113_AF174557 379 (266.5)
denovo71 D112_AF174558 356 (268.0)
denovo71 D106_AF174559 362 (271.5)
denovo71 D111_AF174560 371 (270.0)
denovo71 D115_AF174562 363 (273.0)
denovo71 D107_AF174568 363 (273.0)
denovo71 D116_AF174571 360 (279.5)
denovo71 D124_EU074897 365 (271.0)
denovo71 D1.8_HE579037 367 (267.0)
denovo71 D3_AY686650 369 (272.5)
denovo71 D1.6_HQ630881 363 (282.0)
denovo71 D120_EU074900 369 (273.0)
denovo71 D121_EU074904 364 (275.0)
denovo71 D122_EU074905 373 (275.5)
denovo71 D1a.2_JF683339 363 (274.5)
denovo71 D1a.1_JF683338 363 (273.0)
denovo71 D2_AY686649 570 (343.5)
denovo71 D4_DQ865214 361 (269.5)
denovo71 D1a_AF499802 369 (273.0)
denovo71 D1a_JN558078 369 (273.0)
denovo71 D123_EU074895 363 (264.0)
denovo71 D108_AF174567 367 (276.5)
denovo71 D103_AF174575 369 (273.0)
denovo71 D100_AF411415 365 (271.0)
denovo71 D118_EF656435 367 (268.0)
denovo71 D101_AF411416 364 (272.0)
denovo71 D119_EU099832 364 (269.5)
denovo71 D102_AF174573 362 (274.0)
denovo71 D1_AF334660 363 (273.0)
denovo71 D1_JN558076 363 (273.0)
denovo71 D1.12_HE579041 354 (263.5)
denovo71 D1.1_AM748564 427 (280.5)
denovo71 D1.2_AM748617 435 (313.0)
denovo71 E111_EU074915 366 (288.0)
denovo71 E110_EU074914 367 (301.5)
denovo71 E114_EU074909 359 (288.5)
denovo71 E1_AF334659 362 (282.0)
denovo71 E105_EU074921 361 (292.0)
denovo71 E112_EU074916 362 (303.5)
denovo71 E104_EU074922 362 (295.0)
denovo71 E102_EU074924 362 (286.0)
denovo71 E103_EU074923 362 (295.0)
denovo71 E101_AY160123 362 (292.5)
denovo71 E109_EU074913 372 (297.5)
denovo71 E100_DQ011618 374 (303.5)
denovo71 E108_EU074912 388 (297.5)
denovo71 E113_EU074908 377 (296.5)
denovo71 E107_EU074910 378 (296.0)
denovo71 F1_JN558066 361 (359.5)
denovo71 F5.2d_AJ291530 354 (355.0)
denovo71 F104_AJ291531 354 (355.0)
denovo71 F5.2c_AM748596 354 (355.0)
denovo71 F5.2_AM748594 354 (355.5)
denovo71 F5.2a_AM748614 354 (355.5)
denovo71 F5.2b_AM748595 354 (355.5)
denovo71 F5.2e_AJ291533 355 (331.5)
denovo71 F5.2g_JN558072 355 (356.5)
denovo71 F5.2f_AJ291512 354 (365.0)
denovo71 F102_AJ291534 354 (373.0)
denovo71 F5.1c_AM748593 366 (346.5)
denovo71 F5.1d_JN558069 363 (356.0)
denovo71 F5.1b_AJ291535 360 (356.0)
denovo71 F5.1_AM748592 360 (356.0)
denovo71 F5.1a_AM748591 360 (347.0)
denovo71 F110_AJ291526 354 (353.0)
denovo71 F4.7_AM748587 352 (360.5)
denovo71 F4.5_AM748585 356 (359.5)
denovo71 F4.4a_AM748583 351 (346.5)
denovo71 F4.4_AM748582 351 (361.0)
denovo71 F4.4b_AM748584 351 (353.5)
denovo71 F4.1a_AM748573 351 (346.5)
denovo71 F112_AJ291528 350 (361.5)
denovo71 F4.1_AM748572 350 (361.5)
denovo71 F4.8b_AM748590 348 (329.5)
denovo71 F4.8_AM748588 363 (318.5)
denovo71 F4.8a_AM748589 346 (323.5)
denovo71 F109_AJ291527 363 (318.0)
denovo71 F4.6_AM748586 372 (331.0)
denovo71 F111_AJ311949 354 (334.0)
denovo71 F4.3c_AM748581 349 (347.0)
denovo71 F4.3a_AM748579 356 (349.0)
denovo71 F4.3b_AM748580 355 (346.0)
denovo71 F4.3_AM748578 355 (355.0)
denovo71 F4.2_AM748574 351 (355.0)
denovo71 F4.2a_AM748575 350 (339.0)
denovo71 F4.2c_AM748577 350 (335.5)
denovo71 F4.2b_AM748576 350 (338.5)
denovo71 F2b_AJ291521 365 (348.0)
denovo71 F2_AJ830908 354 (361.0)
denovo71 F2a_AJ830911 353 (363.0)
denovo71 F3.1a_AM748566 362 (380.5)
denovo71 F114_AJ291525 361 (367.5)
denovo71 F3.1_AM748565 361 (376.5)
denovo71 F3.2_AM748567 362 (360.5)
denovo71 F3.2a_AM748568 363 (355.0)
denovo71 F3.3_AM748569 373 (327.5)
denovo71 F3.4a_AM748571 362 (330.5)
denovo71 F3.4_AM748570 363 (342.5)
denovo71 F3.4b_AM748616 363 (342.5)
denovo71 G101_AJ291539 374 (310.5)
denovo71 G1_AM748597 375 (313.5)
denovo71 G2b_JN558087 386 (309.0)
denovo71 G2_AM748598 370 (306.0)
denovo71 G2a_AM748599 386 (307.5)
denovo71 G4_AM748601 362 (295.0)
denovo71 G3.4_LK392378 376 (299.5)
denovo71 G3_AM748600 386 (311.0)
denovo71 G3.2_KC597694 374 (297.5)
denovo71 G3.1_KC597688 386 (302.0)
denovo71 G100_AB253788 383 (293.5)
denovo71 G3.3_LK392377 382 (294.5)
denovo71 H6_AJ291520 655 (291.5)
denovo71 H3_AM748606 358 (293.0)
denovo71 H2_AM748605 358 (279.5)
denovo71 H4_AM748607 354 (286.0)
denovo71 H4a_AM748608 355 (285.0)
denovo71 H5a_AM748611 359 (277.0)
denovo71 H5b_AM748610 356 (283.5)
denovo71 H5_AJ621129 356 (276.5)
denovo71 H5_AM748609 356 (276.5)
denovo71 H100_AJ291513 346 (265.5)
denovo71 H1b_AM748604 350 (258.0)
denovo71 H1a_AM748612 348 (263.5)
denovo71 H1_AJ621152 350 (260.0)
denovo71 H1_AM748602 350 (260.0)
denovo71 I3_FN561561 358 (360.0)
denovo71 I4_FN561562 358 (360.0)
denovo71 I1_FN561559 354 (367.0)
denovo71 I2_FN561560 359 (363.5)

#---------------------------------------
#---------------------------------------
