denovo170 A136_DQ865210 348 (336.5)
denovo170 A133_DQ174725 360 (329.5)
denovo170 A115_AF180123 358 (334.5)
denovo170 A117_AF201746 347 (339.0)
denovo170 A134_DQ174723 347 (339.0)
denovo170 A114_AF184941 347 (339.0)
denovo170 A135_DQ174727 347 (321.0)
denovo170 A2_AF333506 361 (330.0)
denovo170 A101_AF427468 347 (330.0)
denovo170 A2_1_JN558097 347 (330.0)
denovo170 A2_2_JN558100 347 (330.0)
denovo170 A113_AF184948 350 (320.5)
denovo170 A112_AF184949 350 (312.0)
denovo170 A123_EF378618 350 (240.5)
denovo170 A137_EF378621 373 (227.5)
denovo170 A11_EU449041 345 (338.0)
denovo170 A121_DQ174722 350 (326.5)
denovo170 A15b_EU792886 343 (319.0)
denovo170 A15a_EU792885 347 (315.0)
denovo170 A15c_EU792887 346 (312.0)
denovo170 A15_EU792884 346 (312.0)
denovo170 A147_EU074937 344 (327.0)
denovo170 A154_EU074860 351 (304.5)
denovo170 A146_EU074936 356 (318.5)
denovo170 A150_EU074928 353 (320.0)
denovo170 A116_AF183575 345 (321.5)
denovo170 A141_EU074931 356 (319.5)
denovo170 A5_AF333508 353 (316.5)
denovo170 A3b_EU449043 350 (320.0)
denovo170 A151_EU074925 345 (321.0)
denovo170 A152_EU074927 345 (321.0)
denovo170 A149_EU074929 351 (322.5)
denovo170 A140_EU074930 353 (318.5)
denovo170 A142_EU074932 353 (318.5)
denovo170 A143_EU074933 351 (313.5)
denovo170 A144_EU074934 355 (315.5)
denovo170 A145_EU074935 344 (328.0)
denovo170 A148_EU074938 345 (321.0)
denovo170 A155_EU074856 345 (321.0)
denovo170 A156_EU074859 351 (313.5)
denovo170 A139_EU074962 351 (322.5)
denovo170 A6_AF186058 351 (322.5)
denovo170 A3_AF333507 351 (322.5)
denovo170 A3_JN558091 351 (322.5)
denovo170 A8_AY258468 341 (312.0)
denovo170 A7_AY239360 347 (321.0)
denovo170 A16_EU792888 342 (324.0)
denovo170 A4.3_FN429763 344 (306.5)
denovo170 A120_AF180122 349 (324.5)
denovo170 A4.2_FN429761 355 (304.0)
denovo170 A4_AF333509 355 (314.0)
denovo170 A4.1_FN429760 355 (302.5)
denovo170 A4a_AF499778 355 (322.5)
denovo170 A4a.1_FN429762 355 (322.5)
denovo170 A138_EF378620 364 (284.5)
denovo170 A122_EF378619 359 (308.5)
denovo170 A126_EF378615 362 (313.5)
denovo170 A10_EU792882 362 (313.5)
denovo170 A9_EU449028 361 (312.0)
denovo170 A105_AB207202 353 (306.5)
denovo170 A119_AF180121 350 (330.5)
denovo170 A12_EU792883 356 (323.0)
denovo170 A104_AB207203 347 (314.5)
denovo170 A1a_EU449030 347 (314.5)
denovo170 A1.3_HE578976 365 (314.5)
denovo170 A1.4_HE578977 354 (317.0)
denovo170 A13_AF333504 364 (320.5)
denovo170 A13_JN558094 364 (320.5)
denovo170 A110_AB190282 359 (315.0)
denovo170 A103_AB207206 350 (313.5)
denovo170 A130_EF656428 359 (306.0)
denovo170 A127_EF656429 359 (315.0)
denovo170 A128_EF656430 359 (315.0)
denovo170 A129_EF656431 359 (324.0)
denovo170 A131_EF656432 351 (317.5)
denovo170 A118_AF180120 357 (311.5)
denovo170 A1_AF333505 359 (315.0)
denovo170 A107_AB207199 345 (317.0)
denovo170 A111_AB190280 345 (317.0)
denovo170 A108_AB207197 356 (308.5)
denovo170 A106_AB207200 353 (315.0)
denovo170 A102_AB207209 347 (314.5)
denovo170 A1.2_AB207210 347 (314.5)
denovo170 A109_AB190285 347 (314.0)
denovo170 B4_AF333510 364 (296.5)
denovo170 B23_EU449079 369 (309.5)
denovo170 B30_GU907644 367 (313.0)
denovo170 B11_AY239361 362 (320.5)
denovo170 B17_AY258470 370 (311.0)
denovo170 B1k_GU907638 314 (184.5)
denovo170 B1.V_Green2014 376 (308.5)
denovo170 B1b_AF499780 373 (316.0)
denovo170 B16_AY258469 369 (308.5)
denovo170 B31a_GU907646 363 (317.5)
denovo170 B32_GU907647 370 (310.5)
denovo170 B31_GU907645 370 (310.5)
denovo170 B1j_GU907637 369 (317.0)
denovo170 B37_GU907650 371 (316.0)
denovo170 B5a_AF499782 369 (308.0)
denovo170 B5_AF499781 369 (308.0)
denovo170 B24_GU907643 371 (255.0)
denovo170 B117_AF180124 365 (319.5)
denovo170 B10_AF499787 369 (316.5)
denovo170 B20_GU907642 365 (311.5)
denovo170 B1m_GU907640 369 (317.0)
denovo170 B34_GU907649 369 (318.0)
denovo170 B1d_GU907633 371 (314.0)
denovo170 B1e_GU907634 371 (314.0)
denovo170 B1i_GU907636 369 (317.5)
denovo170 B1g_GU907635 370 (317.5)
denovo170 B123_EU074872 369 (326.0)
denovo170 B8_AF499785 370 (316.5)
denovo170 B1l_GU907639 369 (317.0)
denovo170 B1a_AF499779 373 (312.0)
denovo170 B14_AY239362 371 (310.0)
denovo170 B125_EU074865 369 (308.0)
denovo170 B122_EU074871 370 (310.5)
denovo170 B124_EU074874 369 (326.0)
denovo170 B1.VII_Green2014 358 (284.0)
denovo170 B1.III_Green2014 358 (319.5)
denovo170 B1.I_Green2014 369 (317.0)
denovo170 B1.II_Green2014 369 (317.0)
denovo170 B1_JN558057 369 (317.0)
denovo170 B1_AF333511 369 (317.0)
denovo170 B1.IV_Green2014 381 (318.0)
denovo170 B121_EU074870 371 (313.5)
denovo170 B7_AF499784 369 (317.0)
denovo170 B1.VI_Green2014 364 (312.0)
denovo170 B3_AF333514 373 (316.0)
denovo170 B9_AF499786 381 (294.5)
denovo170 B19a_JN558055 367 (290.0)
denovo170 B119_EU099825 360 (310.5)
denovo170 B21_DQ865213 378 (308.5)
denovo170 B38_GU907651 378 (308.5)
denovo170 B18_AY258471 381 (303.5)
denovo170 B18a_AY258472 381 (303.5)
denovo170 B33_GU907648 368 (300.0)
denovo170 B6_AF499783 384 (302.5)
denovo170 B19_DQ865212 381 (303.5)
denovo170 B19_GU907641 381 (303.5)
denovo170 B2_AF333512 350 (310.0)
denovo170 B2_JN558060 350 (310.0)
denovo170 C33.1_AY258498 367 (327.0)
denovo170 C33.2_AY765400 367 (327.0)
denovo170 C33a_EF541147 367 (327.0)
denovo170 C34_AY258499 361 (312.0)
denovo170 C78_AY765413 357 (279.5)
denovo170 C15.29_KC597690 361 (278.5)
denovo170 C1131_DQ182650 364 (279.0)
denovo170 C1135_DQ182646 367 (269.5)
denovo170 C1134_DQ182647 367 (269.5)
denovo170 C1142_DQ182635 367 (269.5)
denovo170 C1136_DQ182644 370 (277.5)
denovo170 C1111_DQ182645 368 (271.0)
denovo170 C1236_EF473656 368 (271.0)
denovo170 C1138_DQ182642 368 (271.0)
denovo170 C1137_DQ182643 369 (264.5)
denovo170 C1133_DQ182648 368 (271.0)
denovo170 C1132_DQ182649 370 (277.0)
denovo170 C1143_DQ182634 368 (271.0)
denovo170 C1139_DQ182639 366 (258.0)
denovo170 C15.28_KC597687 362 (284.0)
denovo170 C1141_DQ182636 366 (285.0)
denovo170 C1144_DQ182637 367 (278.5)
denovo170 C1122_DQ182654 366 (276.0)
denovo170 C1127_DQ182652 366 (276.0)
denovo170 C15.30_JX394114 362 (293.5)
denovo170 C15.26_KC597686 357 (293.5)
denovo170 C1086_DQ182656 356 (288.5)
denovo170 C15.25_KC597685 356 (285.5)
denovo170 C1118_AF180127 356 (275.0)
denovo170 C1129_DQ182651 367 (280.5)
denovo170 C15.21_KC597683 355 (273.5)
denovo170 C56_AY589760 359 (295.0)
denovo170 C1140_DQ182638 368 (283.0)
denovo170 C1126_DQ182653 368 (274.0)
denovo170 C15c_AY258492 367 (283.5)
denovo170 C15d_AY258493 367 (283.5)
denovo170 C1098_DQ182641 362 (282.5)
denovo170 C15.27_KC597689 366 (280.5)
denovo170 C15.18_HE579024 363 (297.0)
denovo170 C15.16_HE579022 358 (293.0)
denovo170 C1101_AB253787 359 (276.0)
denovo170 C1083_AY237300 362 (286.0)
denovo170 C1088_DQ182640 357 (280.0)
denovo170 C15.6_FN563472 359 (284.0)
denovo170 C15.5_FJ461512 375 (280.5)
denovo170 C15.4_FJ461511 368 (284.0)
denovo170 C15.13_HE579019 360 (277.5)
denovo170 C15.12_HE579018 362 (277.0)
denovo170 C93a_AM748563 363 (298.0)
denovo170 C1094_AJ291514 363 (292.0)
denovo170 C93_AM748562 363 (301.0)
denovo170 C15.17_HE579023 370 (271.0)
denovo170 C15e_AY589742 358 (287.0)
denovo170 C15.22_KC597695 362 (286.0)
denovo170 C60_AY589764 362 (295.0)
denovo170 C15.1_FJ461508 362 (286.0)
denovo170 C15.2_FJ461509 362 (295.0)
denovo170 C15.9_FN563475 362 (286.0)
denovo170 C15.7_HE579015 358 (284.5)
denovo170 C15.8_HE579016 362 (277.0)
denovo170 C15.15_HE579021 362 (295.0)
denovo170 C15.19_HE579025 363 (288.5)
denovo170 C15.24_KC597696 359 (284.0)
denovo170 C15.3_FJ461510 371 (295.0)
denovo170 C1087_DQ182655 366 (288.5)
denovo170 C15.14_HE579020 362 (291.5)
denovo170 C15.23_KC597697 362 (291.5)
denovo170 C19_AY258479 361 (286.5)
denovo170 C1233_EU118166 359 (293.0)
denovo170 C15b_AY258491 366 (279.0)
denovo170 C15a_AY258476 371 (286.0)
denovo170 C1051_AF195153 362 (295.0)
denovo170 C2_AF333518 362 (291.5)
denovo170 C15.20_HE579026 362 (291.5)
denovo170 C15f_AY589743 363 (285.5)
denovo170 C55_AY589759 362 (299.0)
denovo170 C15_AY239369 362 (286.0)
denovo170 C32.1_JF683335 357 (286.5)
denovo170 C32.2_JF683336 357 (295.5)
denovo170 C21.23_KC597693 357 (295.5)
denovo170 C1193_EU099827 366 (269.5)
denovo170 C1195_EU099821 380 (284.0)
denovo170 C3q_GU907655 353 (283.0)
denovo170 C53_AY589758 372 (279.5)
denovo170 C73_AY765408 351 (286.5)
denovo170 C17.2.1_KC597684 361 (289.5)
denovo170 C32_AY258497 356 (284.5)
denovo170 C1189_EU099831 368 (266.5)
denovo170 C1191_EU099833 366 (261.5)
denovo170 C1196_EU099819 368 (275.5)
denovo170 C1192_EU099820 368 (275.5)
denovo170 C17.1_JF683322 365 (276.0)
denovo170 C26_b2_FN827164 363 (283.5)
denovo170 C26_b3_FN827165 363 (299.5)
denovo170 C31.9_HQ630879 374 (274.0)
denovo170 C31a_AY589746 367 (283.5)
denovo170 C30_AY589745 370 (276.5)
denovo170 C31.1_HQ630876 370 (276.5)
denovo170 C31.5_HQ630877 357 (273.0)
denovo170 C31.6_HQ630878 371 (270.0)
denovo170 C31.2_JF683332 370 (284.5)
denovo170 C31.3_JF683333 370 (267.5)
denovo170 C26/C35a_AY239378 360 (291.0)
denovo170 C35a_AY258501 360 (291.0)
denovo170 C35.2_AY258500 363 (284.0)
denovo170 C26_b1_FN827163 363 (284.0)
denovo170 C17_AY239370 365 (276.0)
denovo170 C17.2_FJ461513 367 (283.5)
denovo170 C31.10_HQ630880 374 (274.0)
denovo170 C31.4_JF683334 374 (265.0)
denovo170 C31_AY258496 370 (276.5)
denovo170 C25_AY239377 370 (311.5)
denovo170 C61_AY589765 367 (252.0)
denovo170 C1043_DQ072721 371 (290.0)
denovo170 C79_AY765414 353 (306.5)
denovo170 C69_AY589773 363 (284.5)
denovo170 C69a_AY686648 360 (291.5)
denovo170 C21.22_KC597692 374 (285.5)
denovo170 C51_AY589756 369 (297.5)
denovo170 C1aa_HM185739 371 (298.5)
denovo170 C1096_DQ068023 358 (289.5)
denovo170 C74_AY765409 368 (284.5)
denovo170 C1185_AB294629 382 (280.5)
denovo170 C1184_AB294630 367 (281.5)
denovo170 C1153_AB294625 380 (283.5)
denovo170 C1154_AB294626 378 (278.0)
denovo170 C1187_AB294627 381 (277.5)
denovo170 C1186_AB294628 377 (291.5)
denovo170 C57_AY589761 374 (291.5)
denovo170 C66_AY589771 380 (283.5)
denovo170 C5_AF499795 365 (277.0)
denovo170 C1167_AB294586 364 (284.0)
denovo170 C1164_AB294593 361 (292.0)
denovo170 C1183_AB294631 362 (293.0)
denovo170 C1067_DQ335381 360 (295.5)
denovo170 C1159_AB294613 369 (285.5)
denovo170 C1150_AB294622 368 (283.5)
denovo170 C90_AM748554 366 (291.0)
denovo170 C1168_AB294583 367 (284.5)
denovo170 C1156_AB294616 367 (302.0)
denovo170 C1151_AB294621 367 (293.0)
denovo170 C92a_AM748561 367 (293.0)
denovo170 C92_AM748560 367 (293.0)
denovo170 C1165_AB294581 364 (302.0)
denovo170 C1166_AB294584 364 (302.0)
denovo170 C1162_AB294594 365 (295.5)
denovo170 C1163_AB294596 369 (291.0)
denovo170 C1161_AB294606 364 (302.0)
denovo170 C1160_AB294608 364 (293.0)
denovo170 C1158_AB294614 364 (293.0)
denovo170 C1155_AB294617 364 (293.0)
denovo170 C1149_AB294620 364 (301.5)
denovo170 C1173_AB294662 364 (302.0)
denovo170 C1171_AB294663 364 (284.0)
denovo170 C1172_AB294665 364 (293.0)
denovo170 C91a_AM748556 362 (295.0)
denovo170 C91b_AM748557 364 (291.5)
denovo170 C91d_AM748559 364 (284.0)
denovo170 C91c_AM748558 364 (293.0)
denovo170 C91_AJ621543 364 (293.0)
denovo170 C91_AM748555 364 (293.0)
denovo170 C1023_DQ335330 353 (269.5)
denovo170 C1020_DQ335392 375 (299.0)
denovo170 C1018_DQ335408 365 (295.5)
denovo170 C1074_DQ335329 373 (284.0)
denovo170 C1030_DQ335353 373 (293.0)
denovo170 C1022_DQ335331 373 (293.0)
denovo170 C1027_DQ335360 373 (293.0)
denovo170 C1072_DQ335344 370 (300.0)
denovo170 C1039_AB190274 373 (302.0)
denovo170 C1033_DQ335350 373 (303.0)
denovo170 C1019_DQ335407 373 (293.0)
denovo170 C1194_EU099826 377 (278.5)
denovo170 C8b_AY258475 373 (280.0)
denovo170 C8_AY239367 371 (289.0)
denovo170 C8a_AY239368 371 (289.0)
denovo170 C54a_AY765406 372 (305.5)
denovo170 C3ff_HM185740 373 (300.0)
denovo170 C59_AY589763 372 (291.0)
denovo170 C3k_AY589737 360 (291.0)
denovo170 C3.24_HE579012 358 (294.0)
denovo170 C3.23_HE579011 358 (293.5)
denovo170 C35.1_AY765401 374 (304.5)
denovo170 C35.3_EF541145 374 (295.5)
denovo170 C76_AY765411 378 (297.0)
denovo170 C1107_DQ335359 350 (289.0)
denovo170 C3.22_HE579010 382 (285.5)
denovo170 C77_AY765412 369 (293.5)
denovo170 C20_AY239371 378 (300.0)
denovo170 C1055_DQ480640 366 (285.5)
denovo170 C27/C30_AY239379 360 (277.5)
denovo170 C27.1_FJ461517 347 (284.0)
denovo170 C40a_AY589747 374 (297.0)
denovo170 C40_AY258485 369 (299.0)
denovo170 C40b_AY589748 370 (298.5)
denovo170 C16_AY258477 373 (292.5)
denovo170 C16a_AY765399 363 (288.5)
denovo170 C1091_AB207186 367 (311.5)
denovo170 C1102_DQ335400 361 (299.5)
denovo170 C1069_DQ335375 350 (303.5)
denovo170 C1073_DQ335332 363 (307.5)
denovo170 C1066_DQ335382 363 (298.5)
denovo170 C1031_DQ335352 370 (293.0)
denovo170 C1026_DQ335366 376 (292.5)
denovo170 C70_AY589774 367 (293.5)
denovo170 C1082_AB190267 363 (297.5)
denovo170 C1078_AB190271 370 (309.0)
denovo170 C1090_AB207191 364 (300.5)
denovo170 C1071_DQ335302 364 (300.5)
denovo170 C1075_DQ335328 358 (300.5)
denovo170 C1068_DQ335379 364 (300.5)
denovo170 C1064_DQ335395 364 (300.5)
denovo170 C1063_DQ335403 363 (306.5)
denovo170 C62_AY589766 364 (300.5)
denovo170 C1077_DQ335316 365 (309.0)
denovo170 C1109_DQ335338 364 (309.5)
denovo170 C1110_DQ335340 364 (309.5)
denovo170 C1106_DQ335339 351 (316.0)
denovo170 C1112_DQ335319 367 (311.5)
denovo170 C1108_DQ335351 360 (324.0)
denovo170 C1105_DQ335394 364 (318.5)
denovo170 C1121_DQ335378 364 (327.5)
denovo170 C1116_AB190268 364 (309.5)
denovo170 C1115_AB190273 364 (318.5)
denovo170 C1124_DQ335323 364 (327.0)
denovo170 C1120_DQ335398 364 (309.5)
denovo170 C1119_DQ335404 358 (318.5)
denovo170 C1123_DQ335363 364 (318.5)
denovo170 C1004_DQ480635 368 (312.5)
denovo170 C1061_AY186568 365 (304.0)
denovo170 C1053_AY186569 362 (304.0)
denovo170 C1003_DQ480639 364 (310.0)
denovo170 C81_GU907657 354 (273.5)
denovo170 C22_AY239373 355 (294.0)
denovo170 C22a_AY239374 354 (300.0)
denovo170 C1232_EU118163 375 (282.0)
denovo170 C21.13_FJ461515 366 (296.5)
denovo170 C21.1_JF683323 361 (284.0)
denovo170 C21.3_JF683325 366 (296.5)
denovo170 C1.20_HE578993 367 (284.0)
denovo170 C1.22_HE578995 368 (277.0)
denovo170 C52_AY589757 360 (303.0)
denovo170 C1201_EU099793 361 (281.5)
denovo170 C14_AY589741 369 (311.0)
denovo170 C43_AY589749 370 (301.0)
denovo170 C50_AY589755 367 (284.5)
denovo170 C3.14_HQ630872 377 (297.5)
denovo170 C1m_AY765398 367 (293.0)
denovo170 C82_GU907658 375 (290.5)
denovo170 C82b_GU907660 375 (290.5)
denovo170 C64_AY589768 365 (287.5)
denovo170 C45a_AY765404 376 (301.5)
denovo170 C48_AY589753 374 (298.0)
denovo170 C1_v1b_FJ919244 364 (303.5)
denovo170 C1_v1a_FJ919243 373 (295.5)
denovo170 C3j_AY239366 369 (297.5)
denovo170 C3t_EF541149 374 (305.0)
denovo170 C9_AF499798 374 (296.5)
denovo170 C23_AY239375 367 (302.0)
denovo170 C37_AY258481 374 (296.5)
denovo170 C1048_DQ068026 364 (291.5)
denovo170 C21.4_JF683326 364 (282.5)
denovo170 C21.5_JF683327 373 (283.5)
denovo170 C1070_DQ335349 367 (303.5)
denovo170 C21.6_HQ630873 369 (290.5)
denovo170 C1224_EU074890 373 (292.0)
denovo170 C1.17_HE578990 372 (298.5)
denovo170 C21_b1_FN827162 374 (276.5)
denovo170 C21.9_JF683330 373 (283.5)
denovo170 C1085_AY624605 374 (288.0)
denovo170 C3p_GU907654 371 (299.5)
denovo170 C3f_AY589734 373 (302.0)
denovo170 C65a_AY589770 355 (300.5)
denovo170 C65_AY589769 358 (293.5)
denovo170 C71_AY589775 362 (295.0)
denovo170 C71a_AY589776 362 (295.0)
denovo170 C1178_AB294647 364 (285.0)
denovo170 C1225_EU074893 367 (292.5)
denovo170 C75_AY765410 373 (293.5)
denovo170 C21.10_JF683331 357 (287.0)
denovo170 C21.11_HQ630874 366 (278.5)
denovo170 C1065_DQ335388 369 (288.5)
denovo170 C1045_DQ068036 368 (295.5)
denovo170 C1h_AY258473 378 (290.5)
denovo170 C38_AY258482 372 (299.5)
denovo170 C1202_EU099799 380 (288.0)
denovo170 C7_AF499797 378 (291.0)
denovo170 C12_AF499801 382 (286.0)
denovo170 C38a_AY258483 369 (296.0)
denovo170 C1200_EU099800 367 (284.0)
denovo170 C44a_AY589751 364 (293.0)
denovo170 C47_AY589752 376 (292.5)
denovo170 C44_AY589750 376 (292.5)
denovo170 C1.15_HE578988 373 (292.5)
denovo170 C45.3_FJ461522 373 (292.5)
denovo170 C46a_AY765405 379 (285.0)
denovo170 C46_EU449108 373 (292.5)
denovo170 C3.12_FJ461507 373 (293.0)
denovo170 C1k_AY589733 373 (292.5)
denovo170 C67_AY686647 378 (290.5)
denovo170 C82a_GU907659 368 (296.0)
denovo170 C10a_AY589739 373 (283.5)
denovo170 C10_AF499799 377 (288.0)
denovo170 C13_AY589740 383 (293.5)
denovo170 C4_AF499794 373 (283.5)
denovo170 C1147_EF656433 373 (292.5)
denovo170 C1c/C45_AY239364 373 (292.5)
denovo170 C1c/C45_EU449103 373 (292.5)
denovo170 C21.19_HE579031 373 (274.5)
denovo170 C21.21_HE579033 373 (274.5)
denovo170 C21.20_HE579032 373 (274.5)
denovo170 C42b_AY765403 364 (300.0)
denovo170 C42_AY258487 364 (300.0)
denovo170 C1p_GU907652 370 (299.5)
denovo170 C1d_AY258488 371 (294.5)
denovo170 C42_AY765402 370 (299.5)
denovo170 C3ha_AY589736 366 (289.5)
denovo170 C63a_AY589767 366 (291.5)
denovo170 C21a_AY589744 373 (283.5)
denovo170 C3o_GU907653 366 (280.5)
denovo170 C21.16_HQ630875 363 (288.0)
denovo170 C21.2_JF683324 373 (283.5)
denovo170 C21.7_JF683328 377 (278.0)
denovo170 C21.8_JF683329 363 (288.0)
denovo170 C3h_AY239365 373 (283.5)
denovo170 C1203_EU099798 373 (274.5)
denovo170 C3.10_FJ461505 373 (293.0)
denovo170 C21.14_FJ461516 373 (283.5)
denovo170 C21.18_HE579030 368 (274.5)
denovo170 C3.17_HE579005 373 (284.0)
denovo170 C3.9_FJ461504 358 (292.0)
denovo170 C3.8_FJ461503 373 (293.0)
denovo170 C3.7_FJ461502 373 (284.0)
denovo170 C3.11_FJ461506 380 (296.5)
denovo170 C3.18_HE579006 373 (293.0)
denovo170 C3.19_HE579007 360 (299.5)
denovo170 C3.20_HE579008 373 (284.0)
denovo170 C3g_AY589735 375 (292.0)
denovo170 C3a_AF499790 361 (293.5)
denovo170 C3e_AF499793 373 (293.5)
denovo170 C6_AF499796 373 (302.0)
denovo170 C11_AF499800 373 (293.0)
denovo170 C36_AY258480 373 (292.0)
denovo170 C29_AY258494 373 (302.0)
denovo170 C1146_EF656434 373 (293.0)
denovo170 C1190_EU099841 373 (302.0)
denovo170 C131_JF320826 373 (293.0)
denovo170 C28_AY239380 375 (292.0)
denovo170 C1012_DQ480604 371 (295.0)
denovo170 C1181_AB294640 372 (302.5)
denovo170 C1180_AB294641 372 (302.5)
denovo170 C1179_AB294645 372 (293.5)
denovo170 C1176_AB294651 367 (296.5)
denovo170 C1175_AB294653 372 (293.5)
denovo170 C1174_AB294655 372 (284.5)
denovo170 C1177_AB294659 372 (293.5)
denovo170 C1040_AB190269 378 (291.0)
denovo170 C1182_AB294649 377 (285.5)
denovo170 C1089_AJ278598 374 (286.0)
denovo170 C1028_DQ335357 373 (302.0)
denovo170 C3.16_EU786015 369 (300.0)
denovo170 C1097_AJ311943 366 (285.5)
denovo170 C1170_AB294661 372 (284.5)
denovo170 C21.17_HE579029 368 (277.5)
denovo170 C21/3d/C3k_AY239372 373 (283.5)
denovo170 C58_AY589762 374 (283.0)
denovo170 C3L_AY589738 368 (293.0)
denovo170 C1169_AB294660 372 (293.5)
denovo170 C3.2_FJ461497 379 (288.0)
denovo170 C3.1_JF683321 373 (296.0)
denovo170 C1104_AF427469 370 (288.0)
denovo170 C3b_AF499791 372 (293.5)
denovo170 C83_GU907661 373 (295.0)
denovo170 C49_AY589754 398 (304.0)
denovo170 C3_AB778606 373 (293.0)
denovo170 C3_AF499789 373 (293.0)
denovo170 C3_HE579001 373 (293.0)
denovo170 C21.12_FJ461514 373 (292.5)
denovo170 C1229_EU074888 369 (286.5)
denovo170 C1230_EU074889 369 (295.0)
denovo170 C1114_AB207196 373 (293.0)
denovo170 C3.21_HE579009 373 (243.0)
denovo170 C1057_DQ480619 374 (285.5)
denovo170 C72_AY765407 368 (293.0)
denovo170 C1b.3_HE578999 379 (296.5)
denovo170 C93_AJ621536 373 (284.0)
denovo170 C94_AJ621539 373 (283.5)
denovo170 C1g_AY589730 373 (301.5)
denovo170 C1i_AY589731 359 (296.0)
denovo170 C1j_AY589732 373 (301.5)
denovo170 C1005_DQ480633 373 (292.5)
denovo170 C1.7_FJ461494 373 (292.5)
denovo170 C1.11_HE578984 378 (290.5)
denovo170 C1.12_HE578985 373 (293.0)
denovo170 C1.13_HE578986 367 (292.5)
denovo170 C1.14_HE578987 368 (295.0)
denovo170 C1.18_HE578991 373 (301.5)
denovo170 C1.19_HE578992 374 (294.5)
denovo170 C1199_EU099802 373 (286.5)
denovo170 C1188_EU099838 374 (295.0)
denovo170 C1002_DQ838544 373 (293.0)
denovo170 C1198_EU099810 360 (290.0)
denovo170 C24_AY239376 364 (282.5)
denovo170 C1f_AY258490 378 (290.5)
denovo170 C1006_DQ480629 374 (287.5)
denovo170 C1010_DQ480607 374 (288.0)
denovo170 C1007_DQ480624 373 (286.5)
denovo170 C1011_DQ480605 373 (293.5)
denovo170 C1009_DQ480608 372 (299.0)
denovo170 C1041_AY186548 362 (295.5)
denovo170 C1052_AY186570 373 (292.5)
denovo170 C1148_EU040178 376 (292.5)
denovo170 C1234_EU118165 373 (296.5)
denovo170 C1.5_EF634157 361 (293.0)
denovo170 C1059_DQ480609 373 (283.5)
denovo170 C1228_EU074883 374 (296.5)
denovo170 C1208_EU074963 371 (294.0)
denovo170 C1207_EU074964 373 (292.5)
denovo170 C1206_EU074965 373 (292.5)
denovo170 C1013_DQ480642 363 (299.5)
denovo170 C80_GU907656 369 (298.0)
denovo170 C1a_AF499788 364 (292.5)
denovo170 C41_AY258486 364 (291.5)
denovo170 C39_AY258484 353 (290.5)
denovo170 C1231_EU074878 373 (283.5)
denovo170 C1b.1_HE578997 379 (278.5)
denovo170 C18_AY258478 373 (292.0)
denovo170 C1.10_HE578983 371 (285.0)
denovo170 C1_JN558041 373 (292.5)
denovo170 C1_HE578979 373 (292.5)
denovo170 C1_AM748551 373 (292.5)
denovo170 C1_AF333515 373 (292.5)
denovo170 C1054_AY186565 373 (289.0)
denovo170 C1008_DQ480613 360 (290.0)
denovo170 C1103_AF427470 370 (287.5)
denovo170 C1226_EU074881 373 (295.5)
denovo170 C1b/C1e_AY239363 379 (287.5)
denovo170 C1044_DQ068038 369 (292.0)
denovo170 C1017_DQ174729 367 (285.0)
denovo170 C1.6_FJ461493 369 (299.5)
denovo170 C1b.2_HE578998 379 (287.5)
denovo170 C1060_DQ480600 373 (284.0)
denovo170 C1227_EU074882 369 (299.5)
denovo170 C1197_EU099814 371 (293.5)
denovo170 C1130_DQ480643 365 (269.5)
denovo170 D109_AB097465 341 (274.0)
denovo170 D1.11_HE579040 376 (274.0)
denovo170 D105_AF174570 376 (274.0)
denovo170 D104_AF174572 368 (277.5)
denovo170 D1.3_JF683337 375 (271.5)
denovo170 D1.10_HE579039 354 (270.5)
denovo170 D110_AF174561 340 (265.5)
denovo170 D117_AF174542 377 (276.5)
denovo170 D114_AF174549 376 (274.0)
denovo170 D113_AF174557 357 (269.0)
denovo170 D112_AF174558 343 (283.0)
denovo170 D106_AF174559 376 (283.0)
denovo170 D111_AF174560 373 (272.5)
denovo170 D115_AF174562 376 (274.0)
denovo170 D107_AF174568 376 (274.0)
denovo170 D116_AF174571 372 (278.5)
denovo170 D124_EU074897 356 (275.5)
denovo170 D1.8_HE579037 352 (274.5)
denovo170 D3_AY686650 355 (272.5)
denovo170 D1.6_HQ630881 376 (283.0)
denovo170 D120_EU074900 376 (274.0)
denovo170 D121_EU074904 376 (274.0)
denovo170 D122_EU074905 386 (276.5)
denovo170 D1a.2_JF683339 353 (277.5)
denovo170 D1a.1_JF683338 356 (275.5)
denovo170 D2_AY686649 568 (350.0)
denovo170 D4_DQ865214 342 (286.0)
denovo170 D1a_AF499802 376 (274.0)
denovo170 D1a_JN558078 376 (274.0)
denovo170 D123_EU074895 357 (269.0)
denovo170 D108_AF174567 356 (275.0)
denovo170 D103_AF174575 376 (274.0)
denovo170 D100_AF411415 358 (273.5)
denovo170 D118_EF656435 355 (272.5)
denovo170 D101_AF411416 357 (274.5)
denovo170 D119_EU099832 345 (273.0)
denovo170 D102_AF174573 375 (275.0)
denovo170 D1_AF334660 376 (274.0)
denovo170 D1_JN558076 376 (274.0)
denovo170 D1.12_HE579041 346 (253.5)
denovo170 D1.1_AM748564 431 (279.5)
denovo170 D1.2_AM748617 455 (313.5)
denovo170 E111_EU074915 385 (286.5)
denovo170 E110_EU074914 369 (304.5)
denovo170 E114_EU074909 367 (299.0)
denovo170 E1_AF334659 374 (287.5)
denovo170 E105_EU074921 373 (297.5)
denovo170 E112_EU074916 361 (306.5)
denovo170 E104_EU074922 361 (297.5)
denovo170 E102_EU074924 361 (288.5)
denovo170 E103_EU074923 361 (297.5)
denovo170 E101_AY160123 373 (305.5)
denovo170 E109_EU074913 367 (306.5)
denovo170 E100_DQ011618 371 (326.5)
denovo170 E108_EU074912 372 (319.5)
denovo170 E113_EU074908 371 (320.0)
denovo170 E107_EU074910 372 (319.5)
denovo170 F1_JN558066 350 (350.5)
denovo170 F5.2d_AJ291530 357 (342.5)
denovo170 F104_AJ291531 357 (342.5)
denovo170 F5.2c_AM748596 357 (342.5)
denovo170 F5.2_AM748594 351 (342.0)
denovo170 F5.2a_AM748614 351 (342.0)
denovo170 F5.2b_AM748595 355 (346.0)
denovo170 F5.2e_AJ291533 352 (318.0)
denovo170 F5.2g_JN558072 362 (349.5)
denovo170 F5.2f_AJ291512 356 (358.5)
denovo170 F102_AJ291534 356 (358.0)
denovo170 F5.1c_AM748593 356 (339.5)
denovo170 F5.1d_JN558069 355 (365.0)
denovo170 F5.1b_AJ291535 355 (355.5)
denovo170 F5.1_AM748592 355 (356.0)
denovo170 F5.1a_AM748591 355 (356.0)
denovo170 F110_AJ291526 367 (335.5)
denovo170 F4.7_AM748587 353 (334.0)
denovo170 F4.5_AM748585 354 (353.0)
denovo170 F4.4a_AM748583 351 (345.0)
denovo170 F4.4_AM748582 351 (359.5)
denovo170 F4.4b_AM748584 353 (357.0)
denovo170 F4.1a_AM748573 363 (334.0)
denovo170 F112_AJ291528 375 (342.5)
denovo170 F4.1_AM748572 375 (342.5)
denovo170 F4.8b_AM748590 369 (313.5)
denovo170 F4.8_AM748588 364 (315.5)
denovo170 F4.8a_AM748589 364 (315.5)
denovo170 F109_AJ291527 364 (315.5)
denovo170 F4.6_AM748586 360 (333.5)
denovo170 F111_AJ311949 355 (319.0)
denovo170 F4.3c_AM748581 349 (342.5)
denovo170 F4.3a_AM748579 355 (333.5)
denovo170 F4.3b_AM748580 350 (336.5)
denovo170 F4.3_AM748578 368 (337.0)
denovo170 F4.2_AM748574 363 (333.5)
denovo170 F4.2a_AM748575 360 (339.0)
denovo170 F4.2c_AM748577 361 (339.0)
denovo170 F4.2b_AM748576 367 (334.0)
denovo170 F2b_AJ291521 351 (350.0)
denovo170 F2_AJ830908 348 (358.5)
denovo170 F2a_AJ830911 354 (358.5)
denovo170 F3.1a_AM748566 364 (365.0)
denovo170 F114_AJ291525 364 (346.5)
denovo170 F3.1_AM748565 364 (355.5)
denovo170 F3.2_AM748567 360 (343.0)
denovo170 F3.2a_AM748568 348 (344.5)
denovo170 F3.3_AM748569 355 (331.0)
denovo170 F3.4a_AM748571 363 (329.0)
denovo170 F3.4_AM748570 347 (345.5)
denovo170 F3.4b_AM748616 347 (345.5)
denovo170 G101_AJ291539 371 (309.0)
denovo170 G1_AM748597 372 (311.5)
denovo170 G2b_JN558087 388 (301.5)
denovo170 G2_AM748598 375 (296.0)
denovo170 G2a_AM748599 388 (301.5)
denovo170 G4_AM748601 365 (309.0)
denovo170 G3.4_LK392378 374 (298.5)
denovo170 G3_AM748600 378 (320.0)
denovo170 G3.2_KC597694 374 (293.5)
denovo170 G3.1_KC597688 378 (305.5)
denovo170 G100_AB253788 383 (294.0)
denovo170 G3.3_LK392377 381 (298.0)
denovo170 H6_AJ291520 656 (285.0)
denovo170 H3_AM748606 356 (283.5)
denovo170 H2_AM748605 364 (280.5)
denovo170 H4_AM748607 354 (280.0)
denovo170 H4a_AM748608 353 (283.5)
denovo170 H5a_AM748611 365 (272.0)
denovo170 H5b_AM748610 362 (278.5)
denovo170 H5_AJ621129 362 (271.5)
denovo170 H5_AM748609 362 (271.5)
denovo170 H100_AJ291513 348 (267.0)
denovo170 H1b_AM748604 347 (256.0)
denovo170 H1a_AM748612 350 (265.0)
denovo170 H1_AJ621152 352 (261.5)
denovo170 H1_AM748602 352 (261.5)
denovo170 I3_FN561561 355 (358.0)
denovo170 I4_FN561562 347 (361.5)
denovo170 I1_FN561559 346 (360.0)
denovo170 I2_FN561560 357 (355.0)

#---------------------------------------
#---------------------------------------
