denovo137 A136_DQ865210 337 (518.5)
denovo137 A133_DQ174725 327 (524.5)
denovo137 A115_AF180123 335 (500.0)
denovo137 A117_AF201746 338 (569.0)
denovo137 A134_DQ174723 337 (574.5)
denovo137 A114_AF184941 338 (569.0)
denovo137 A135_DQ174727 338 (559.5)
denovo137 A2_AF333506 338 (565.5)
denovo137 A101_AF427468 338 (560.0)
denovo137 A2_1_JN558097 338 (560.0)
denovo137 A2_2_JN558100 338 (560.0)
denovo137 A113_AF184948 342 (530.0)
denovo137 A112_AF184949 334 (524.5)
denovo137 A123_EF378618 349 (357.5)
denovo137 A137_EF378621 347 (347.0)
denovo137 A11_EU449041 328 (513.0)
denovo137 A121_DQ174722 330 (513.0)
denovo137 A15b_EU792886 337 (474.5)
denovo137 A15a_EU792885 330 (489.0)
denovo137 A15c_EU792887 331 (492.0)
denovo137 A15_EU792884 337 (483.5)
denovo137 A147_EU074937 331 (520.5)
denovo137 A154_EU074860 331 (502.5)
denovo137 A146_EU074936 334 (519.5)
denovo137 A150_EU074928 332 (532.0)
denovo137 A116_AF183575 335 (531.0)
denovo137 A141_EU074931 334 (528.5)
denovo137 A5_AF333508 334 (524.5)
denovo137 A3b_EU449043 333 (517.0)
denovo137 A151_EU074925 335 (515.0)
denovo137 A152_EU074927 333 (517.5)
denovo137 A149_EU074929 331 (511.5)
denovo137 A140_EU074930 331 (511.5)
denovo137 A142_EU074932 331 (511.5)
denovo137 A143_EU074933 331 (529.5)
denovo137 A144_EU074934 331 (520.5)
denovo137 A145_EU074935 331 (529.5)
denovo137 A148_EU074938 330 (517.0)
denovo137 A155_EU074856 333 (525.0)
denovo137 A156_EU074859 331 (511.5)
denovo137 A139_EU074962 331 (511.5)
denovo137 A6_AF186058 331 (520.5)
denovo137 A3_AF333507 331 (520.5)
denovo137 A3_JN558091 331 (520.5)
denovo137 A8_AY258468 332 (505.0)
denovo137 A7_AY239360 331 (510.0)
denovo137 A16_EU792888 334 (510.5)
denovo137 A4.3_FN429763 341 (517.5)
denovo137 A120_AF180122 336 (523.0)
denovo137 A4.2_FN429761 339 (519.0)
denovo137 A4_AF333509 339 (538.0)
denovo137 A4.1_FN429760 338 (533.0)
denovo137 A4a_AF499778 337 (542.0)
denovo137 A4a.1_FN429762 337 (542.0)
denovo137 A138_EF378620 348 (482.0)
denovo137 A122_EF378619 346 (517.0)
denovo137 A126_EF378615 345 (518.0)
denovo137 A10_EU792882 345 (518.0)
denovo137 A9_EU449028 337 (523.5)
denovo137 A105_AB207202 338 (526.0)
denovo137 A119_AF180121 325 (542.0)
denovo137 A12_EU792883 336 (529.0)
denovo137 A104_AB207203 335 (534.5)
denovo137 A1a_EU449030 336 (529.0)
denovo137 A1.3_HE578976 334 (541.5)
denovo137 A1.4_HE578977 336 (529.0)
denovo137 A13_AF333504 336 (538.0)
denovo137 A13_JN558094 336 (538.0)
denovo137 A110_AB190282 334 (541.0)
denovo137 A103_AB207206 335 (544.0)
denovo137 A130_EF656428 336 (529.0)
denovo137 A127_EF656429 336 (538.0)
denovo137 A128_EF656430 336 (529.0)
denovo137 A129_EF656431 334 (532.5)
denovo137 A131_EF656432 336 (529.0)
denovo137 A118_AF180120 333 (532.5)
denovo137 A1_AF333505 336 (538.0)
denovo137 A107_AB207199 333 (538.0)
denovo137 A111_AB190280 335 (543.5)
denovo137 A108_AB207197 335 (528.5)
denovo137 A106_AB207200 333 (545.0)
denovo137 A102_AB207209 335 (543.5)
denovo137 A1.2_AB207210 335 (543.5)
denovo137 A109_AB190285 335 (552.5)
denovo137 B4_AF333510 320 (695.5)
denovo137 B23_EU449079 335 (599.5)
denovo137 B30_GU907644 337 (598.0)
denovo137 B11_AY239361 330 (641.0)
denovo137 B17_AY258470 332 (635.0)
denovo137 B1k_GU907638 302 (307.0)
denovo137 B1.V_Green2014 337 (597.5)
denovo137 B1b_AF499780 320 (632.0)
denovo137 B16_AY258469 328 (634.5)
denovo137 B31a_GU907646 330 (647.5)
denovo137 B32_GU907647 330 (639.0)
denovo137 B31_GU907645 330 (648.0)
denovo137 B1j_GU907637 331 (660.5)
denovo137 B37_GU907650 333 (659.0)
denovo137 B5a_AF499782 330 (639.5)
denovo137 B5_AF499781 330 (648.5)
denovo137 B24_GU907643 331 (518.5)
denovo137 B117_AF180124 324 (623.0)
denovo137 B10_AF499787 331 (642.5)
denovo137 B20_GU907642 333 (644.0)
denovo137 B1m_GU907640 331 (651.5)
denovo137 B34_GU907649 331 (651.5)
denovo137 B1d_GU907633 331 (652.0)
denovo137 B1e_GU907634 331 (652.0)
denovo137 B1i_GU907636 331 (651.5)
denovo137 B1g_GU907635 334 (638.0)
denovo137 B123_EU074872 331 (642.5)
denovo137 B8_AF499785 332 (642.0)
denovo137 B1l_GU907639 331 (642.5)
denovo137 B1a_AF499779 331 (651.5)
denovo137 B14_AY239362 332 (632.5)
denovo137 B125_EU074865 331 (642.5)
denovo137 B122_EU074871 330 (648.0)
denovo137 B124_EU074874 331 (642.5)
denovo137 B1.VII_Green2014 331 (572.5)
denovo137 B1.III_Green2014 326 (619.5)
denovo137 B1.I_Green2014 331 (651.5)
denovo137 B1.II_Green2014 331 (651.5)
denovo137 B1_JN558057 331 (651.5)
denovo137 B1_AF333511 331 (651.5)
denovo137 B1.IV_Green2014 342 (650.0)
denovo137 B121_EU074870 332 (653.5)
denovo137 B7_AF499784 331 (660.5)
denovo137 B1.VI_Green2014 329 (637.0)
denovo137 B3_AF333514 330 (643.5)
denovo137 B9_AF499786 326 (641.5)
denovo137 B19a_JN558055 327 (617.5)
denovo137 B119_EU099825 346 (627.5)
denovo137 B21_DQ865213 323 (628.5)
denovo137 B38_GU907651 323 (628.5)
denovo137 B18_AY258471 330 (634.5)
denovo137 B18a_AY258472 330 (625.5)
denovo137 B33_GU907648 330 (626.5)
denovo137 B6_AF499783 331 (647.5)
denovo137 B19_DQ865212 326 (641.0)
denovo137 B19_GU907641 326 (641.0)
denovo137 B2_AF333512 326 (650.0)
denovo137 B2_JN558060 326 (650.0)
denovo137 C33.1_AY258498 300 (1253.0)
denovo137 C33.2_AY765400 300 (1253.0)
denovo137 C33a_EF541147 300 (1253.0)
denovo137 C34_AY258499 300 (1253.0)
denovo137 C78_AY765413 300 (1235.0)
denovo137 C15.29_KC597690 302 (1213.0)
denovo137 C1131_DQ182650 300 (1153.0)
denovo137 C1135_DQ182646 300 (1144.0)
denovo137 C1134_DQ182647 300 (1144.0)
denovo137 C1142_DQ182635 300 (1153.0)
denovo137 C1136_DQ182644 300 (1123.0)
denovo137 C1111_DQ182645 300 (1123.0)
denovo137 C1236_EF473656 300 (1132.0)
denovo137 C1138_DQ182642 300 (1132.0)
denovo137 C1137_DQ182643 300 (1132.0)
denovo137 C1133_DQ182648 300 (1132.0)
denovo137 C1132_DQ182649 300 (1132.0)
denovo137 C1143_DQ182634 300 (1141.0)
denovo137 C1139_DQ182639 300 (1162.0)
denovo137 C15.28_KC597687 300 (1208.0)
denovo137 C1141_DQ182636 300 (1171.0)
denovo137 C1144_DQ182637 300 (1162.0)
denovo137 C1122_DQ182654 300 (1171.0)
denovo137 C1127_DQ182652 300 (1189.0)
denovo137 C15.30_JX394114 300 (1235.0)
denovo137 C15.26_KC597686 300 (1244.0)
denovo137 C1086_DQ182656 300 (1226.0)
denovo137 C15.25_KC597685 300 (1235.0)
denovo137 C1118_AF180127 300 (1141.0)
denovo137 C1129_DQ182651 300 (1198.0)
denovo137 C15.21_KC597683 300 (1226.0)
denovo137 C56_AY589760 300 (1244.0)
denovo137 C1140_DQ182638 300 (1198.0)
denovo137 C1126_DQ182653 300 (1207.0)
denovo137 C15c_AY258492 300 (1244.0)
denovo137 C15d_AY258493 300 (1235.0)
denovo137 C1098_DQ182641 300 (1214.5)
denovo137 C15.27_KC597689 300 (1244.0)
denovo137 C15.18_HE579024 300 (1244.0)
denovo137 C15.16_HE579022 300 (1244.0)
denovo137 C1101_AB253787 300 (1244.0)
denovo137 C1083_AY237300 300 (1244.0)
denovo137 C1088_DQ182640 300 (1253.0)
denovo137 C15.6_FN563472 300 (1253.0)
denovo137 C15.5_FJ461512 300 (1253.0)
denovo137 C15.4_FJ461511 300 (1262.0)
denovo137 C15.13_HE579019 300 (1244.0)
denovo137 C15.12_HE579018 300 (1253.0)
denovo137 C93a_AM748563 300 (1262.0)
denovo137 C1094_AJ291514 300 (1244.0)
denovo137 C93_AM748562 300 (1253.0)
denovo137 C15.17_HE579023 300 (1238.0)
denovo137 C15e_AY589742 300 (1247.0)
denovo137 C15.22_KC597695 300 (1253.0)
denovo137 C60_AY589764 300 (1253.0)
denovo137 C15.1_FJ461508 300 (1253.0)
denovo137 C15.2_FJ461509 300 (1253.0)
denovo137 C15.9_FN563475 300 (1253.0)
denovo137 C15.7_HE579015 300 (1253.0)
denovo137 C15.8_HE579016 300 (1253.0)
denovo137 C15.15_HE579021 300 (1253.0)
denovo137 C15.19_HE579025 300 (1253.0)
denovo137 C15.24_KC597696 300 (1244.0)
denovo137 C15.3_FJ461510 300 (1262.0)
denovo137 C1087_DQ182655 300 (1253.0)
denovo137 C15.14_HE579020 301 (1243.0)
denovo137 C15.23_KC597697 301 (1243.0)
denovo137 C19_AY258479 300 (1265.0)
denovo137 C1233_EU118166 300 (1253.0)
denovo137 C15b_AY258491 300 (1253.0)
denovo137 C15a_AY258476 300 (1271.0)
denovo137 C1051_AF195153 300 (1271.0)
denovo137 C2_AF333518 301 (1261.0)
denovo137 C15.20_HE579026 301 (1252.0)
denovo137 C15f_AY589743 301 (1252.0)
denovo137 C55_AY589759 304 (1250.5)
denovo137 C15_AY239369 300 (1262.0)
denovo137 C32.1_JF683335 309 (1113.5)
denovo137 C32.2_JF683336 309 (1131.5)
denovo137 C21.23_KC597693 309 (1131.5)
denovo137 C1193_EU099827 301 (1225.0)
denovo137 C1195_EU099821 308 (1230.5)
denovo137 C3q_GU907655 301 (1222.0)
denovo137 C53_AY589758 300 (1244.0)
denovo137 C73_AY765408 305 (1201.5)
denovo137 C17.2.1_KC597684 302 (1199.5)
denovo137 C32_AY258497 300 (1223.0)
denovo137 C1189_EU099831 300 (1232.0)
denovo137 C1191_EU099833 300 (1223.0)
denovo137 C1196_EU099819 300 (1232.0)
denovo137 C1192_EU099820 300 (1232.0)
denovo137 C17.1_JF683322 300 (1241.0)
denovo137 C26_b2_FN827164 301 (1231.0)
denovo137 C26_b3_FN827165 301 (1222.0)
denovo137 C31.9_HQ630879 302 (1226.5)
denovo137 C31a_AY589746 302 (1232.0)
denovo137 C30_AY589745 302 (1232.0)
denovo137 C31.1_HQ630876 302 (1232.0)
denovo137 C31.5_HQ630877 302 (1232.0)
denovo137 C31.6_HQ630878 302 (1232.0)
denovo137 C31.2_JF683332 302 (1232.0)
denovo137 C31.3_JF683333 302 (1232.0)
denovo137 C26/C35a_AY239378 301 (1231.0)
denovo137 C35a_AY258501 301 (1231.0)
denovo137 C35.2_AY258500 301 (1240.0)
denovo137 C26_b1_FN827163 301 (1240.0)
denovo137 C17_AY239370 300 (1250.0)
denovo137 C17.2_FJ461513 302 (1239.5)
denovo137 C31.10_HQ630880 302 (1235.5)
denovo137 C31.4_JF683334 306 (1229.5)
denovo137 C31_AY258496 302 (1241.0)
denovo137 C25_AY239377 302 (1233.5)
denovo137 C61_AY589765 300 (1228.0)
denovo137 C1043_DQ072721 300 (1239.0)
denovo137 C79_AY765414 300 (1244.0)
denovo137 C69_AY589773 301 (1192.5)
denovo137 C69a_AY686648 301 (1183.5)
denovo137 C21.22_KC597692 300 (1214.0)
denovo137 C51_AY589756 300 (1253.0)
denovo137 C1aa_HM185739 300 (1263.0)
denovo137 C1096_DQ068023 302 (1228.5)
denovo137 C74_AY765409 301 (1234.0)
denovo137 C1185_AB294629 301 (1243.0)
denovo137 C1184_AB294630 301 (1243.0)
denovo137 C1153_AB294625 301 (1243.0)
denovo137 C1154_AB294626 301 (1243.0)
denovo137 C1187_AB294627 301 (1243.0)
denovo137 C1186_AB294628 301 (1243.0)
denovo137 C57_AY589761 301 (1252.0)
denovo137 C66_AY589771 301 (1252.0)
denovo137 C5_AF499795 300 (1262.0)
denovo137 C1167_AB294586 300 (1262.0)
denovo137 C1164_AB294593 300 (1262.0)
denovo137 C1183_AB294631 300 (1262.0)
denovo137 C1067_DQ335381 300 (1262.0)
denovo137 C1159_AB294613 301 (1243.0)
denovo137 C1150_AB294622 301 (1252.0)
denovo137 C90_AM748554 302 (1278.5)
denovo137 C1168_AB294583 300 (1262.0)
denovo137 C1156_AB294616 300 (1262.0)
denovo137 C1151_AB294621 300 (1280.0)
denovo137 C92a_AM748561 300 (1262.0)
denovo137 C92_AM748560 300 (1271.0)
denovo137 C1165_AB294581 300 (1271.0)
denovo137 C1166_AB294584 300 (1271.0)
denovo137 C1162_AB294594 300 (1271.0)
denovo137 C1163_AB294596 300 (1271.0)
denovo137 C1161_AB294606 300 (1271.0)
denovo137 C1160_AB294608 300 (1271.0)
denovo137 C1158_AB294614 300 (1271.0)
denovo137 C1155_AB294617 300 (1271.0)
denovo137 C1149_AB294620 300 (1271.0)
denovo137 C1173_AB294662 300 (1271.0)
denovo137 C1171_AB294663 300 (1271.0)
denovo137 C1172_AB294665 300 (1271.0)
denovo137 C91a_AM748556 300 (1271.0)
denovo137 C91b_AM748557 300 (1271.0)
denovo137 C91d_AM748559 300 (1271.0)
denovo137 C91c_AM748558 300 (1271.0)
denovo137 C91_AJ621543 300 (1280.0)
denovo137 C91_AM748555 300 (1280.0)
denovo137 C1023_DQ335330 300 (1070.0)
denovo137 C1020_DQ335392 300 (1280.0)
denovo137 C1018_DQ335408 300 (1280.0)
denovo137 C1074_DQ335329 300 (1280.0)
denovo137 C1030_DQ335353 300 (1280.0)
denovo137 C1022_DQ335331 300 (1280.0)
denovo137 C1027_DQ335360 300 (1298.0)
denovo137 C1072_DQ335344 300 (1280.0)
denovo137 C1039_AB190274 300 (1280.0)
denovo137 C1033_DQ335350 305 (1277.0)
denovo137 C1019_DQ335407 300 (1289.0)
denovo137 C1194_EU099826 300 (1256.0)
denovo137 C8b_AY258475 300 (1265.0)
denovo137 C8_AY239367 300 (1289.0)
denovo137 C8a_AY239368 300 (1280.0)
denovo137 C54a_AY765406 300 (1271.0)
denovo137 C3ff_HM185740 300 (1271.0)
denovo137 C59_AY589763 302 (1260.0)
denovo137 C3k_AY589737 300 (1262.0)
denovo137 C3.24_HE579012 300 (1244.0)
denovo137 C3.23_HE579011 300 (1253.0)
denovo137 C35.1_AY765401 300 (1271.0)
denovo137 C35.3_EF541145 300 (1271.0)
denovo137 C76_AY765411 300 (1241.0)
denovo137 C1107_DQ335359 300 (1239.0)
denovo137 C3.22_HE579010 302 (1260.5)
denovo137 C77_AY765412 302 (1245.5)
denovo137 C20_AY239371 300 (1280.0)
denovo137 C1055_DQ480640 301 (1270.0)
denovo137 C27/C30_AY239379 301 (1231.0)
denovo137 C27.1_FJ461517 301 (1222.0)
denovo137 C40a_AY589747 300 (1271.0)
denovo137 C40_AY258485 300 (1280.0)
denovo137 C40b_AY589748 301 (1270.0)
denovo137 C16_AY258477 300 (1280.0)
denovo137 C16a_AY765399 300 (1271.0)
denovo137 C1091_AB207186 300 (1271.0)
denovo137 C1102_DQ335400 300 (1262.0)
denovo137 C1069_DQ335375 300 (1262.0)
denovo137 C1073_DQ335332 300 (1271.0)
denovo137 C1066_DQ335382 300 (1262.0)
denovo137 C1031_DQ335352 301 (1282.0)
denovo137 C1026_DQ335366 301 (1291.0)
denovo137 C70_AY589774 300 (1289.0)
denovo137 C1082_AB190267 300 (1271.0)
denovo137 C1078_AB190271 300 (1271.0)
denovo137 C1090_AB207191 300 (1280.0)
denovo137 C1071_DQ335302 300 (1271.0)
denovo137 C1075_DQ335328 300 (1271.0)
denovo137 C1068_DQ335379 300 (1271.0)
denovo137 C1064_DQ335395 300 (1271.0)
denovo137 C1063_DQ335403 300 (1271.0)
denovo137 C62_AY589766 300 (1280.0)
denovo137 C1077_DQ335316 301 (1270.0)
denovo137 C1109_DQ335338 300 (1271.0)
denovo137 C1110_DQ335340 300 (1262.0)
denovo137 C1106_DQ335339 300 (1253.0)
denovo137 C1112_DQ335319 300 (1262.0)
denovo137 C1108_DQ335351 300 (1253.0)
denovo137 C1105_DQ335394 300 (1262.0)
denovo137 C1121_DQ335378 300 (1253.0)
denovo137 C1116_AB190268 300 (1271.0)
denovo137 C1115_AB190273 300 (1262.0)
denovo137 C1124_DQ335323 300 (1244.0)
denovo137 C1120_DQ335398 300 (1244.0)
denovo137 C1119_DQ335404 300 (1244.0)
denovo137 C1123_DQ335363 300 (1253.0)
denovo137 C1004_DQ480635 300 (1280.0)
denovo137 C1061_AY186568 300 (1280.0)
denovo137 C1053_AY186569 300 (1280.0)
denovo137 C1003_DQ480639 300 (1289.0)
denovo137 C81_GU907657 304 (1147.0)
denovo137 C22_AY239373 300 (1252.0)
denovo137 C22a_AY239374 300 (1243.0)
denovo137 C1232_EU118163 300 (1271.0)
denovo137 C21.13_FJ461515 300 (1223.0)
denovo137 C21.1_JF683323 300 (1232.0)
denovo137 C21.3_JF683325 300 (1249.5)
denovo137 C1.20_HE578993 300 (1280.0)
denovo137 C1.22_HE578995 300 (1271.0)
denovo137 C52_AY589757 300 (1256.0)
denovo137 C1201_EU099793 302 (1254.0)
denovo137 C14_AY589741 300 (1283.0)
denovo137 C43_AY589749 300 (1289.0)
denovo137 C50_AY589755 300 (1280.0)
denovo137 C3.14_HQ630872 300 (1280.0)
denovo137 C1m_AY765398 300 (1289.0)
denovo137 C82_GU907658 300 (1289.0)
denovo137 C82b_GU907660 300 (1289.0)
denovo137 C64_AY589768 300 (1289.0)
denovo137 C45a_AY765404 300 (1325.0)
denovo137 C48_AY589753 302 (1278.5)
denovo137 C1_v1b_FJ919244 300 (1307.0)
denovo137 C1_v1a_FJ919243 300 (1298.0)
denovo137 C3j_AY239366 300 (1298.0)
denovo137 C3t_EF541149 300 (1280.0)
denovo137 C9_AF499798 300 (1298.0)
denovo137 C23_AY239375 300 (1289.0)
denovo137 C37_AY258481 300 (1280.0)
denovo137 C1048_DQ068026 300 (1298.0)
denovo137 C21.4_JF683326 300 (1241.0)
denovo137 C21.5_JF683327 300 (1250.0)
denovo137 C1070_DQ335349 300 (1280.0)
denovo137 C21.6_HQ630873 300 (1250.0)
denovo137 C1224_EU074890 300 (1289.0)
denovo137 C1.17_HE578990 300 (1298.0)
denovo137 C21_b1_FN827162 300 (1241.0)
denovo137 C21.9_JF683330 300 (1250.0)
denovo137 C1085_AY624605 300 (1280.0)
denovo137 C3p_GU907654 300 (1265.0)
denovo137 C3f_AY589734 300 (1289.0)
denovo137 C65a_AY589770 300 (1280.0)
denovo137 C65_AY589769 300 (1289.0)
denovo137 C71_AY589775 300 (1280.0)
denovo137 C71a_AY589776 300 (1271.0)
denovo137 C1178_AB294647 300 (1265.0)
denovo137 C1225_EU074893 300 (1289.0)
denovo137 C75_AY765410 300 (1280.0)
denovo137 C21.10_JF683331 300 (1241.0)
denovo137 C21.11_HQ630874 300 (1250.0)
denovo137 C1065_DQ335388 300 (1280.0)
denovo137 C1045_DQ068036 300 (1289.0)
denovo137 C1h_AY258473 300 (1298.0)
denovo137 C38_AY258482 300 (1280.0)
denovo137 C1202_EU099799 300 (1280.0)
denovo137 C7_AF499797 300 (1289.0)
denovo137 C12_AF499801 302 (1278.5)
denovo137 C38a_AY258483 301 (1270.0)
denovo137 C1200_EU099800 300 (1233.5)
denovo137 C44a_AY589751 300 (1316.0)
denovo137 C47_AY589752 300 (1316.0)
denovo137 C44_AY589750 300 (1325.0)
denovo137 C1.15_HE578988 300 (1298.0)
denovo137 C45.3_FJ461522 300 (1307.0)
denovo137 C46a_AY765405 300 (1307.0)
denovo137 C46_EU449108 300 (1316.0)
denovo137 C3.12_FJ461507 300 (1307.0)
denovo137 C1k_AY589733 300 (1307.0)
denovo137 C67_AY686647 300 (1307.0)
denovo137 C82a_GU907659 300 (1307.0)
denovo137 C10a_AY589739 300 (1298.0)
denovo137 C10_AF499799 300 (1307.0)
denovo137 C13_AY589740 306 (1294.5)
denovo137 C4_AF499794 300 (1307.0)
denovo137 C1147_EF656433 300 (1307.0)
denovo137 C1c/C45_AY239364 300 (1316.0)
denovo137 C1c/C45_EU449103 300 (1316.0)
denovo137 C21.19_HE579031 300 (1241.0)
denovo137 C21.21_HE579033 300 (1241.0)
denovo137 C21.20_HE579032 300 (1250.0)
denovo137 C42b_AY765403 300 (1289.0)
denovo137 C42_AY258487 300 (1298.0)
denovo137 C1p_GU907652 300 (1298.0)
denovo137 C1d_AY258488 300 (1298.0)
denovo137 C42_AY765402 300 (1307.0)
denovo137 C3ha_AY589736 300 (1241.0)
denovo137 C63a_AY589767 302 (1230.5)
denovo137 C21a_AY589744 300 (1250.0)
denovo137 C3o_GU907653 300 (1250.0)
denovo137 C21.16_HQ630875 300 (1268.0)
denovo137 C21.2_JF683324 300 (1250.0)
denovo137 C21.7_JF683328 300 (1250.0)
denovo137 C21.8_JF683329 300 (1250.0)
denovo137 C3h_AY239365 300 (1250.0)
denovo137 C1203_EU099798 300 (1250.0)
denovo137 C3.10_FJ461505 300 (1289.0)
denovo137 C21.14_FJ461516 300 (1250.0)
denovo137 C21.18_HE579030 306 (1237.5)
denovo137 C3.17_HE579005 300 (1289.0)
denovo137 C3.9_FJ461504 300 (1268.0)
denovo137 C3.8_FJ461503 300 (1289.0)
denovo137 C3.7_FJ461502 300 (1289.0)
denovo137 C3.11_FJ461506 300 (1289.0)
denovo137 C3.18_HE579006 300 (1289.0)
denovo137 C3.19_HE579007 300 (1289.0)
denovo137 C3.20_HE579008 300 (1289.0)
denovo137 C3g_AY589735 302 (1278.5)
denovo137 C3a_AF499790 300 (1289.0)
denovo137 C3e_AF499793 300 (1289.0)
denovo137 C6_AF499796 300 (1289.0)
denovo137 C11_AF499800 300 (1289.0)
denovo137 C36_AY258480 300 (1289.0)
denovo137 C29_AY258494 300 (1289.0)
denovo137 C1146_EF656434 300 (1289.0)
denovo137 C1190_EU099841 300 (1289.0)
denovo137 C131_JF320826 300 (1289.0)
denovo137 C28_AY239380 302 (1278.5)
denovo137 C1012_DQ480604 300 (1289.0)
denovo137 C1181_AB294640 300 (1274.0)
denovo137 C1180_AB294641 300 (1274.0)
denovo137 C1179_AB294645 300 (1274.0)
denovo137 C1176_AB294651 300 (1274.0)
denovo137 C1175_AB294653 300 (1274.0)
denovo137 C1174_AB294655 300 (1274.0)
denovo137 C1177_AB294659 300 (1274.0)
denovo137 C1040_AB190269 300 (1289.0)
denovo137 C1182_AB294649 300 (1289.0)
denovo137 C1089_AJ278598 300 (1289.0)
denovo137 C1028_DQ335357 300 (1298.0)
denovo137 C3.16_EU786015 300 (1289.0)
denovo137 C1097_AJ311943 301 (1279.0)
denovo137 C1170_AB294661 300 (1274.0)
denovo137 C21.17_HE579029 300 (1261.0)
denovo137 C21/3d/C3k_AY239372 300 (1259.0)
denovo137 C58_AY589762 301 (1249.0)
denovo137 C3L_AY589738 303 (1266.0)
denovo137 C1169_AB294660 300 (1283.0)
denovo137 C3.2_FJ461497 300 (1292.0)
denovo137 C3.1_JF683321 300 (1283.0)
denovo137 C1104_AF427469 301 (1288.0)
denovo137 C3b_AF499791 300 (1292.0)
denovo137 C83_GU907661 302 (1287.5)
denovo137 C49_AY589754 341 (1268.0)
denovo137 C3_AB778606 300 (1298.0)
denovo137 C3_AF499789 300 (1298.0)
denovo137 C3_HE579001 300 (1298.0)
denovo137 C21.12_FJ461514 300 (1241.0)
denovo137 C1229_EU074888 300 (1230.0)
denovo137 C1230_EU074889 300 (1239.0)
denovo137 C1114_AB207196 300 (1280.0)
denovo137 C3.21_HE579009 300 (1193.0)
denovo137 C1057_DQ480619 300 (1289.0)
denovo137 C72_AY765407 300 (1261.0)
denovo137 C1b.3_HE578999 300 (1292.0)
denovo137 C93_AJ621536 300 (1289.0)
denovo137 C94_AJ621539 300 (1298.0)
denovo137 C1g_AY589730 300 (1298.0)
denovo137 C1i_AY589731 300 (1289.0)
denovo137 C1j_AY589732 300 (1307.0)
denovo137 C1005_DQ480633 300 (1298.0)
denovo137 C1.7_FJ461494 300 (1298.0)
denovo137 C1.11_HE578984 300 (1298.0)
denovo137 C1.12_HE578985 300 (1298.0)
denovo137 C1.13_HE578986 300 (1298.0)
denovo137 C1.14_HE578987 300 (1298.0)
denovo137 C1.18_HE578991 300 (1298.0)
denovo137 C1.19_HE578992 300 (1298.0)
denovo137 C1199_EU099802 300 (1292.0)
denovo137 C1188_EU099838 300 (1307.0)
denovo137 C1002_DQ838544 300 (1307.0)
denovo137 C1198_EU099810 300 (1298.0)
denovo137 C24_AY239376 300 (1289.0)
denovo137 C1f_AY258490 300 (1298.0)
denovo137 C1006_DQ480629 300 (1298.0)
denovo137 C1010_DQ480607 300 (1298.0)
denovo137 C1007_DQ480624 300 (1289.0)
denovo137 C1011_DQ480605 300 (1298.0)
denovo137 C1009_DQ480608 300 (1298.0)
denovo137 C1041_AY186548 300 (1289.0)
denovo137 C1052_AY186570 300 (1298.0)
denovo137 C1148_EU040178 300 (1316.0)
denovo137 C1234_EU118165 301 (1306.0)
denovo137 C1.5_EF634157 300 (1298.0)
denovo137 C1059_DQ480609 300 (1298.0)
denovo137 C1228_EU074883 300 (1298.0)
denovo137 C1208_EU074963 300 (1298.0)
denovo137 C1207_EU074964 300 (1298.0)
denovo137 C1206_EU074965 300 (1298.0)
denovo137 C1013_DQ480642 300 (1289.0)
denovo137 C80_GU907656 310 (1283.5)
denovo137 C1a_AF499788 300 (1298.0)
denovo137 C41_AY258486 300 (1298.0)
denovo137 C39_AY258484 300 (1229.5)
denovo137 C1231_EU074878 300 (1298.0)
denovo137 C1b.1_HE578997 300 (1292.0)
denovo137 C18_AY258478 300 (1298.0)
denovo137 C1.10_HE578983 300 (1268.0)
denovo137 C1_JN558041 300 (1307.0)
denovo137 C1_HE578979 300 (1307.0)
denovo137 C1_AM748551 300 (1307.0)
denovo137 C1_AF333515 300 (1307.0)
denovo137 C1054_AY186565 301 (1297.0)
denovo137 C1008_DQ480613 300 (1298.0)
denovo137 C1103_AF427470 301 (1297.0)
denovo137 C1226_EU074881 301 (1297.0)
denovo137 C1b/C1e_AY239363 300 (1301.0)
denovo137 C1044_DQ068038 300 (1292.0)
denovo137 C1017_DQ174729 301 (1291.0)
denovo137 C1.6_FJ461493 300 (1298.0)
denovo137 C1b.2_HE578998 300 (1292.0)
denovo137 C1060_DQ480600 300 (1298.0)
denovo137 C1227_EU074882 300 (1298.0)
denovo137 C1197_EU099814 300 (1298.0)
denovo137 C1130_DQ480643 300 (1165.5)
denovo137 D109_AB097465 355 (560.5)
denovo137 D1.11_HE579040 340 (563.5)
denovo137 D105_AF174570 351 (560.0)
denovo137 D104_AF174572 348 (560.5)
denovo137 D1.3_JF683337 349 (564.0)
denovo137 D1.10_HE579039 349 (555.0)
denovo137 D110_AF174561 349 (555.0)
denovo137 D117_AF174542 349 (555.0)
denovo137 D114_AF174549 349 (564.0)
denovo137 D113_AF174557 352 (554.0)
denovo137 D112_AF174558 348 (561.0)
denovo137 D106_AF174559 349 (564.0)
denovo137 D111_AF174560 341 (566.5)
denovo137 D115_AF174562 349 (555.0)
denovo137 D107_AF174568 350 (566.0)
denovo137 D116_AF174571 349 (555.0)
denovo137 D124_EU074897 349 (546.5)
denovo137 D1.8_HE579037 349 (564.0)
denovo137 D3_AY686650 353 (567.0)
denovo137 D1.6_HQ630881 349 (555.0)
denovo137 D120_EU074900 348 (552.0)
denovo137 D121_EU074904 349 (564.0)
denovo137 D122_EU074905 349 (555.0)
denovo137 D1a.2_JF683339 352 (557.0)
denovo137 D1a.1_JF683338 349 (555.5)
denovo137 D2_AY686649 583 (622.5)
denovo137 D4_DQ865214 349 (560.0)
denovo137 D1a_AF499802 348 (561.0)
denovo137 D1a_JN558078 348 (561.0)
denovo137 D123_EU074895 348 (569.5)
denovo137 D108_AF174567 349 (564.0)
denovo137 D103_AF174575 349 (564.0)
denovo137 D100_AF411415 351 (561.0)
denovo137 D118_EF656435 349 (555.5)
denovo137 D101_AF411416 351 (546.0)
denovo137 D119_EU099832 354 (543.0)
denovo137 D102_AF174573 343 (558.0)
denovo137 D1_AF334660 349 (564.0)
denovo137 D1_JN558076 349 (564.0)
denovo137 D1.12_HE579041 333 (544.5)
denovo137 D1.1_AM748564 401 (587.5)
denovo137 D1.2_AM748617 422 (579.5)
denovo137 E111_EU074915 364 (467.0)
denovo137 E110_EU074914 358 (485.0)
denovo137 E114_EU074909 361 (475.0)
denovo137 E1_AF334659 363 (478.0)
denovo137 E105_EU074921 362 (488.0)
denovo137 E112_EU074916 358 (476.0)
denovo137 E104_EU074922 358 (476.0)
denovo137 E102_EU074924 358 (476.0)
denovo137 E103_EU074923 358 (485.0)
denovo137 E101_AY160123 354 (478.0)
denovo137 E109_EU074913 370 (468.0)
denovo137 E100_DQ011618 376 (464.0)
denovo137 E108_EU074912 362 (460.5)
denovo137 E113_EU074908 350 (461.5)
denovo137 E107_EU074910 362 (460.5)
denovo137 F1_JN558066 310 (973.0)
denovo137 F5.2d_AJ291530 309 (961.0)
denovo137 F104_AJ291531 309 (961.0)
denovo137 F5.2c_AM748596 309 (961.0)
denovo137 F5.2_AM748594 306 (970.0)
denovo137 F5.2a_AM748614 306 (970.0)
denovo137 F5.2b_AM748595 306 (961.0)
denovo137 F5.2e_AJ291533 306 (908.0)
denovo137 F5.2g_JN558072 306 (979.0)
denovo137 F5.2f_AJ291512 306 (988.0)
denovo137 F102_AJ291534 306 (979.0)
denovo137 F5.1c_AM748593 309 (943.5)
denovo137 F5.1d_JN558069 307 (973.0)
denovo137 F5.1b_AJ291535 305 (969.0)
denovo137 F5.1_AM748592 307 (973.0)
denovo137 F5.1a_AM748591 306 (971.0)
denovo137 F110_AJ291526 319 (888.5)
denovo137 F4.7_AM748587 320 (921.5)
denovo137 F4.5_AM748585 310 (926.0)
denovo137 F4.4a_AM748583 302 (968.5)
denovo137 F4.4_AM748582 305 (965.5)
denovo137 F4.4b_AM748584 310 (962.5)
denovo137 F4.1a_AM748573 320 (901.5)
denovo137 F112_AJ291528 320 (892.5)
denovo137 F4.1_AM748572 320 (910.5)
denovo137 F4.8b_AM748590 309 (895.5)
denovo137 F4.8_AM748588 309 (895.5)
denovo137 F4.8a_AM748589 309 (895.5)
denovo137 F109_AJ291527 309 (882.5)
denovo137 F4.6_AM748586 317 (910.0)
denovo137 F111_AJ311949 317 (917.5)
denovo137 F4.3c_AM748581 317 (935.5)
denovo137 F4.3a_AM748579 314 (925.5)
denovo137 F4.3b_AM748580 314 (925.5)
denovo137 F4.3_AM748578 314 (934.5)
denovo137 F4.2_AM748574 310 (945.5)
denovo137 F4.2a_AM748575 309 (937.0)
denovo137 F4.2c_AM748577 310 (936.0)
denovo137 F4.2b_AM748576 309 (946.0)
denovo137 F2b_AJ291521 314 (963.5)
denovo137 F2_AJ830908 312 (948.0)
denovo137 F2a_AJ830911 313 (941.5)
denovo137 F3.1a_AM748566 318 (906.5)
denovo137 F114_AJ291525 318 (915.5)
denovo137 F3.1_AM748565 318 (933.5)
denovo137 F3.2_AM748567 315 (961.5)
denovo137 F3.2a_AM748568 317 (985.0)
denovo137 F3.3_AM748569 311 (919.5)
denovo137 F3.4a_AM748571 324 (866.0)
denovo137 F3.4_AM748570 324 (857.0)
denovo137 F3.4b_AM748616 318 (857.5)
denovo137 G101_AJ291539 343 (589.0)
denovo137 G1_AM748597 343 (589.0)
denovo137 G2b_JN558087 334 (591.5)
denovo137 G2_AM748598 335 (586.0)
denovo137 G2a_AM748599 334 (591.5)
denovo137 G4_AM748601 338 (608.0)
denovo137 G3.4_LK392378 335 (594.0)
denovo137 G3_AM748600 335 (612.0)
denovo137 G3.2_KC597694 334 (504.5)
denovo137 G3.1_KC597688 332 (594.0)
denovo137 G100_AB253788 339 (587.5)
denovo137 G3.3_LK392377 338 (583.5)
denovo137 H6_AJ291520 655 (341.0)
denovo137 H3_AM748606 306 (835.0)
denovo137 H2_AM748605 309 (870.0)
denovo137 H4_AM748607 311 (807.5)
denovo137 H4a_AM748608 315 (816.5)
denovo137 H5a_AM748611 310 (795.0)
denovo137 H5b_AM748610 313 (802.5)
denovo137 H5_AJ621129 310 (804.0)
denovo137 H5_AM748609 310 (804.0)
denovo137 H100_AJ291513 313 (829.5)
denovo137 H1b_AM748604 313 (824.5)
denovo137 H1a_AM748612 313 (815.5)
denovo137 H1_AJ621152 313 (824.5)
denovo137 H1_AM748602 313 (824.5)
denovo137 I3_FN561561 336 (757.5)
denovo137 I4_FN561562 331 (761.0)
denovo137 I1_FN561559 327 (742.0)
denovo137 I2_FN561560 329 (747.0)

#---------------------------------------
#---------------------------------------
