denovo59 A136_DQ865210 334 (515.5)
denovo59 A133_DQ174725 327 (527.0)
denovo59 A115_AF180123 339 (495.0)
denovo59 A117_AF201746 334 (550.0)
denovo59 A134_DQ174723 333 (555.5)
denovo59 A114_AF184941 334 (550.0)
denovo59 A135_DQ174727 339 (538.5)
denovo59 A2_AF333506 339 (562.0)
denovo59 A101_AF427468 339 (547.5)
denovo59 A2_1_JN558097 339 (547.5)
denovo59 A2_2_JN558100 339 (547.5)
denovo59 A113_AF184948 335 (522.5)
denovo59 A112_AF184949 336 (534.0)
denovo59 A123_EF378618 338 (382.0)
denovo59 A137_EF378621 338 (382.5)
denovo59 A11_EU449041 333 (540.5)
denovo59 A121_DQ174722 335 (523.0)
denovo59 A15b_EU792886 328 (504.5)
denovo59 A15a_EU792885 328 (514.0)
denovo59 A15c_EU792887 328 (514.5)
denovo59 A15_EU792884 328 (513.5)
denovo59 A147_EU074937 334 (531.5)
denovo59 A154_EU074860 334 (513.5)
denovo59 A146_EU074936 337 (530.5)
denovo59 A150_EU074928 337 (548.5)
denovo59 A116_AF183575 326 (544.0)
denovo59 A141_EU074931 337 (539.5)
denovo59 A5_AF333508 332 (541.0)
denovo59 A3b_EU449043 332 (535.5)
denovo59 A151_EU074925 330 (528.5)
denovo59 A152_EU074927 327 (528.5)
denovo59 A149_EU074929 332 (525.0)
denovo59 A140_EU074930 334 (522.5)
denovo59 A142_EU074932 334 (522.5)
denovo59 A143_EU074933 330 (537.5)
denovo59 A144_EU074934 334 (531.5)
denovo59 A145_EU074935 334 (540.5)
denovo59 A148_EU074938 337 (532.0)
denovo59 A155_EU074856 334 (531.5)
denovo59 A156_EU074859 334 (522.5)
denovo59 A139_EU074962 334 (522.5)
denovo59 A6_AF186058 334 (531.5)
denovo59 A3_AF333507 334 (531.5)
denovo59 A3_JN558091 334 (531.5)
denovo59 A8_AY258468 333 (530.0)
denovo59 A7_AY239360 326 (544.0)
denovo59 A16_EU792888 330 (538.5)
denovo59 A4.3_FN429763 344 (531.0)
denovo59 A120_AF180122 340 (529.5)
denovo59 A4.2_FN429761 342 (532.5)
denovo59 A4_AF333509 342 (551.5)
denovo59 A4.1_FN429760 341 (546.5)
denovo59 A4a_AF499778 342 (552.0)
denovo59 A4a.1_FN429762 342 (552.0)
denovo59 A138_EF378620 335 (527.5)
denovo59 A122_EF378619 335 (558.5)
denovo59 A126_EF378615 334 (559.5)
denovo59 A10_EU792882 334 (559.5)
denovo59 A9_EU449028 339 (542.0)
denovo59 A105_AB207202 338 (539.0)
denovo59 A119_AF180121 334 (544.0)
denovo59 A12_EU792883 342 (542.5)
denovo59 A104_AB207203 339 (551.0)
denovo59 A1a_EU449030 343 (545.5)
denovo59 A1.3_HE578976 340 (544.5)
denovo59 A1.4_HE578977 341 (547.5)
denovo59 A13_AF333504 340 (544.5)
denovo59 A13_JN558094 340 (544.5)
denovo59 A110_AB190282 342 (542.0)
denovo59 A103_AB207206 339 (551.0)
denovo59 A130_EF656428 339 (542.0)
denovo59 A127_EF656429 339 (551.0)
denovo59 A128_EF656430 339 (542.0)
denovo59 A129_EF656431 340 (545.0)
denovo59 A131_EF656432 339 (551.0)
denovo59 A118_AF180120 334 (538.5)
denovo59 A1_AF333505 339 (551.0)
denovo59 A107_AB207199 339 (560.0)
denovo59 A111_AB190280 339 (560.0)
denovo59 A108_AB207197 340 (529.5)
denovo59 A106_AB207200 339 (552.0)
denovo59 A102_AB207209 339 (551.0)
denovo59 A1.2_AB207210 339 (551.0)
denovo59 A109_AB190285 337 (553.5)
denovo59 B4_AF333510 318 (738.0)
denovo59 B23_EU449079 327 (626.5)
denovo59 B30_GU907644 336 (625.5)
denovo59 B11_AY239361 329 (668.0)
denovo59 B17_AY258470 336 (667.5)
denovo59 B1k_GU907638 301 (324.5)
denovo59 B1.V_Green2014 335 (632.0)
denovo59 B1b_AF499780 319 (642.0)
denovo59 B16_AY258469 327 (661.5)
denovo59 B31a_GU907646 330 (660.5)
denovo59 B32_GU907647 330 (660.5)
denovo59 B31_GU907645 330 (669.5)
denovo59 B1j_GU907637 330 (687.5)
denovo59 B37_GU907650 339 (679.5)
denovo59 B5a_AF499782 329 (666.0)
denovo59 B5_AF499781 329 (675.0)
denovo59 B24_GU907643 330 (545.5)
denovo59 B117_AF180124 328 (664.0)
denovo59 B10_AF499787 329 (676.0)
denovo59 B20_GU907642 332 (671.0)
denovo59 B1m_GU907640 330 (678.5)
denovo59 B34_GU907649 330 (678.5)
denovo59 B1d_GU907633 330 (679.0)
denovo59 B1e_GU907634 330 (679.0)
denovo59 B1i_GU907636 330 (678.5)
denovo59 B1g_GU907635 333 (665.0)
denovo59 B123_EU074872 330 (670.0)
denovo59 B8_AF499785 331 (669.0)
denovo59 B1l_GU907639 330 (669.5)
denovo59 B1a_AF499779 330 (678.5)
denovo59 B14_AY239362 331 (659.5)
denovo59 B125_EU074865 330 (669.5)
denovo59 B122_EU074871 330 (669.5)
denovo59 B124_EU074874 330 (669.5)
denovo59 B1.VII_Green2014 330 (599.5)
denovo59 B1.III_Green2014 321 (652.0)
denovo59 B1.I_Green2014 330 (678.5)
denovo59 B1.II_Green2014 330 (678.5)
denovo59 B1_JN558057 330 (678.5)
denovo59 B1_AF333511 330 (678.5)
denovo59 B1.IV_Green2014 341 (677.0)
denovo59 B121_EU074870 331 (680.5)
denovo59 B7_AF499784 330 (687.5)
denovo59 B1.VI_Green2014 328 (673.0)
denovo59 B3_AF333514 329 (671.0)
denovo59 B9_AF499786 325 (659.0)
denovo59 B19a_JN558055 329 (627.0)
denovo59 B119_EU099825 338 (606.0)
denovo59 B21_DQ865213 322 (647.0)
denovo59 B38_GU907651 322 (647.0)
denovo59 B18_AY258471 329 (662.0)
denovo59 B18a_AY258472 329 (653.0)
denovo59 B33_GU907648 325 (649.5)
denovo59 B6_AF499783 326 (661.5)
denovo59 B19_DQ865212 325 (659.5)
denovo59 B19_GU907641 325 (659.5)
denovo59 B2_AF333512 325 (668.5)
denovo59 B2_JN558060 325 (668.5)
denovo59 C33.1_AY258498 299 (1334.0)
denovo59 C33.2_AY765400 299 (1334.0)
denovo59 C33a_EF541147 299 (1334.0)
denovo59 C34_AY258499 299 (1343.0)
denovo59 C78_AY765413 299 (1307.0)
denovo59 C15.29_KC597690 301 (1321.0)
denovo59 C1131_DQ182650 299 (1261.0)
denovo59 C1135_DQ182646 299 (1252.0)
denovo59 C1134_DQ182647 299 (1252.0)
denovo59 C1142_DQ182635 299 (1261.0)
denovo59 C1136_DQ182644 299 (1222.5)
denovo59 C1111_DQ182645 299 (1222.5)
denovo59 C1236_EF473656 299 (1231.5)
denovo59 C1138_DQ182642 299 (1231.5)
denovo59 C1137_DQ182643 299 (1231.5)
denovo59 C1133_DQ182648 299 (1231.5)
denovo59 C1132_DQ182649 299 (1231.5)
denovo59 C1143_DQ182634 299 (1240.5)
denovo59 C1139_DQ182639 299 (1270.0)
denovo59 C15.28_KC597687 299 (1316.0)
denovo59 C1141_DQ182636 299 (1279.0)
denovo59 C1144_DQ182637 299 (1270.0)
denovo59 C1122_DQ182654 299 (1279.0)
denovo59 C1127_DQ182652 299 (1279.0)
denovo59 C15.30_JX394114 299 (1325.0)
denovo59 C15.26_KC597686 299 (1334.0)
denovo59 C1086_DQ182656 299 (1334.0)
denovo59 C15.25_KC597685 299 (1343.0)
denovo59 C1118_AF180127 299 (1240.0)
denovo59 C1129_DQ182651 299 (1306.0)
denovo59 C15.21_KC597683 299 (1334.0)
denovo59 C56_AY589760 299 (1343.0)
denovo59 C1140_DQ182638 299 (1306.0)
denovo59 C1126_DQ182653 299 (1297.0)
denovo59 C15c_AY258492 299 (1352.0)
denovo59 C15d_AY258493 299 (1343.0)
denovo59 C1098_DQ182641 299 (1322.5)
denovo59 C15.27_KC597689 299 (1352.0)
denovo59 C15.18_HE579024 299 (1352.0)
denovo59 C15.16_HE579022 299 (1352.0)
denovo59 C1101_AB253787 299 (1352.0)
denovo59 C1083_AY237300 299 (1352.0)
denovo59 C1088_DQ182640 299 (1352.0)
denovo59 C15.6_FN563472 299 (1361.0)
denovo59 C15.5_FJ461512 299 (1361.0)
denovo59 C15.4_FJ461511 299 (1370.0)
denovo59 C15.13_HE579019 299 (1352.0)
denovo59 C15.12_HE579018 299 (1361.0)
denovo59 C93a_AM748563 299 (1370.0)
denovo59 C1094_AJ291514 299 (1352.0)
denovo59 C93_AM748562 299 (1361.0)
denovo59 C15.17_HE579023 299 (1346.0)
denovo59 C15e_AY589742 299 (1346.0)
denovo59 C15.22_KC597695 299 (1361.0)
denovo59 C60_AY589764 299 (1361.0)
denovo59 C15.1_FJ461508 299 (1361.0)
denovo59 C15.2_FJ461509 299 (1361.0)
denovo59 C15.9_FN563475 299 (1361.0)
denovo59 C15.7_HE579015 299 (1361.0)
denovo59 C15.8_HE579016 299 (1361.0)
denovo59 C15.15_HE579021 299 (1361.0)
denovo59 C15.19_HE579025 299 (1361.0)
denovo59 C15.24_KC597696 299 (1352.0)
denovo59 C15.3_FJ461510 299 (1370.0)
denovo59 C1087_DQ182655 299 (1361.0)
denovo59 C15.14_HE579020 300 (1351.0)
denovo59 C15.23_KC597697 300 (1351.0)
denovo59 C19_AY258479 299 (1355.0)
denovo59 C1233_EU118166 299 (1361.0)
denovo59 C15b_AY258491 299 (1361.0)
denovo59 C15a_AY258476 299 (1379.0)
denovo59 C1051_AF195153 299 (1379.0)
denovo59 C2_AF333518 300 (1369.0)
denovo59 C15.20_HE579026 300 (1360.0)
denovo59 C15f_AY589743 300 (1360.0)
denovo59 C55_AY589759 303 (1358.5)
denovo59 C15_AY239369 299 (1370.0)
denovo59 C32.1_JF683335 305 (1204.0)
denovo59 C32.2_JF683336 308 (1220.0)
denovo59 C21.23_KC597693 308 (1220.0)
denovo59 C1193_EU099827 300 (1333.0)
denovo59 C1195_EU099821 307 (1311.5)
denovo59 C3q_GU907655 300 (1294.0)
denovo59 C53_AY589758 299 (1343.0)
denovo59 C73_AY765408 304 (1300.5)
denovo59 C17.2.1_KC597684 301 (1298.5)
denovo59 C32_AY258497 299 (1322.0)
denovo59 C1189_EU099831 299 (1331.0)
denovo59 C1191_EU099833 299 (1322.0)
denovo59 C1196_EU099819 299 (1331.0)
denovo59 C1192_EU099820 299 (1331.0)
denovo59 C17.1_JF683322 299 (1340.0)
denovo59 C26_b2_FN827164 300 (1330.0)
denovo59 C26_b3_FN827165 300 (1321.0)
denovo59 C31.9_HQ630879 302 (1319.5)
denovo59 C31a_AY589746 302 (1316.0)
denovo59 C30_AY589745 302 (1316.0)
denovo59 C31.1_HQ630876 302 (1316.0)
denovo59 C31.5_HQ630877 302 (1316.0)
denovo59 C31.6_HQ630878 302 (1316.0)
denovo59 C31.2_JF683332 302 (1316.0)
denovo59 C31.3_JF683333 302 (1316.0)
denovo59 C26/C35a_AY239378 300 (1330.0)
denovo59 C35a_AY258501 300 (1330.0)
denovo59 C35.2_AY258500 300 (1339.0)
denovo59 C26_b1_FN827163 300 (1339.0)
denovo59 C17_AY239370 299 (1349.0)
denovo59 C17.2_FJ461513 301 (1338.5)
denovo59 C31.10_HQ630880 302 (1328.5)
denovo59 C31.4_JF683334 306 (1313.5)
denovo59 C31_AY258496 302 (1325.0)
denovo59 C25_AY239377 301 (1332.5)
denovo59 C61_AY589765 299 (1291.0)
denovo59 C1043_DQ072721 299 (1347.0)
denovo59 C79_AY765414 299 (1352.0)
denovo59 C69_AY589773 300 (1264.5)
denovo59 C69a_AY686648 300 (1255.5)
denovo59 C21.22_KC597692 299 (1313.0)
denovo59 C51_AY589756 299 (1361.0)
denovo59 C1aa_HM185739 299 (1344.0)
denovo59 C1096_DQ068023 299 (1331.0)
denovo59 C74_AY765409 300 (1342.0)
denovo59 C1185_AB294629 300 (1351.0)
denovo59 C1184_AB294630 300 (1351.0)
denovo59 C1153_AB294625 300 (1351.0)
denovo59 C1154_AB294626 300 (1351.0)
denovo59 C1187_AB294627 300 (1351.0)
denovo59 C1186_AB294628 300 (1351.0)
denovo59 C57_AY589761 300 (1360.0)
denovo59 C66_AY589771 300 (1360.0)
denovo59 C5_AF499795 299 (1361.0)
denovo59 C1167_AB294586 299 (1370.0)
denovo59 C1164_AB294593 299 (1370.0)
denovo59 C1183_AB294631 299 (1370.0)
denovo59 C1067_DQ335381 299 (1370.0)
denovo59 C1159_AB294613 300 (1351.0)
denovo59 C1150_AB294622 300 (1360.0)
denovo59 C90_AM748554 301 (1386.5)
denovo59 C1168_AB294583 299 (1370.0)
denovo59 C1156_AB294616 299 (1370.0)
denovo59 C1151_AB294621 299 (1388.0)
denovo59 C92a_AM748561 299 (1370.0)
denovo59 C92_AM748560 299 (1379.0)
denovo59 C1165_AB294581 299 (1379.0)
denovo59 C1166_AB294584 299 (1379.0)
denovo59 C1162_AB294594 299 (1379.0)
denovo59 C1163_AB294596 299 (1379.0)
denovo59 C1161_AB294606 299 (1379.0)
denovo59 C1160_AB294608 299 (1379.0)
denovo59 C1158_AB294614 299 (1379.0)
denovo59 C1155_AB294617 299 (1379.0)
denovo59 C1149_AB294620 299 (1379.0)
denovo59 C1173_AB294662 299 (1379.0)
denovo59 C1171_AB294663 299 (1379.0)
denovo59 C1172_AB294665 299 (1379.0)
denovo59 C91a_AM748556 299 (1379.0)
denovo59 C91b_AM748557 299 (1379.0)
denovo59 C91d_AM748559 299 (1379.0)
denovo59 C91c_AM748558 299 (1379.0)
denovo59 C91_AJ621543 299 (1388.0)
denovo59 C91_AM748555 299 (1388.0)
denovo59 C1023_DQ335330 299 (1142.0)
denovo59 C1020_DQ335392 299 (1388.0)
denovo59 C1018_DQ335408 299 (1388.0)
denovo59 C1074_DQ335329 299 (1388.0)
denovo59 C1030_DQ335353 299 (1388.0)
denovo59 C1022_DQ335331 299 (1388.0)
denovo59 C1027_DQ335360 299 (1388.0)
denovo59 C1072_DQ335344 299 (1388.0)
denovo59 C1039_AB190274 299 (1388.0)
denovo59 C1033_DQ335350 304 (1385.0)
denovo59 C1019_DQ335407 299 (1397.0)
denovo59 C1194_EU099826 299 (1337.0)
denovo59 C8b_AY258475 299 (1355.0)
denovo59 C8_AY239367 299 (1379.0)
denovo59 C8a_AY239368 299 (1370.0)
denovo59 C54a_AY765406 299 (1379.0)
denovo59 C3ff_HM185740 299 (1379.0)
denovo59 C59_AY589763 301 (1341.0)
denovo59 C3k_AY589737 299 (1370.0)
denovo59 C3.24_HE579012 299 (1352.0)
denovo59 C3.23_HE579011 299 (1361.0)
denovo59 C35.1_AY765401 299 (1370.0)
denovo59 C35.3_EF541145 299 (1379.0)
denovo59 C76_AY765411 299 (1349.0)
denovo59 C1107_DQ335359 299 (1347.0)
denovo59 C3.22_HE579010 301 (1368.5)
denovo59 C77_AY765412 301 (1353.5)
denovo59 C20_AY239371 299 (1388.0)
denovo59 C1055_DQ480640 300 (1360.0)
denovo59 C27/C30_AY239379 300 (1330.0)
denovo59 C27.1_FJ461517 300 (1321.0)
denovo59 C40a_AY589747 299 (1379.0)
denovo59 C40_AY258485 299 (1388.0)
denovo59 C40b_AY589748 300 (1378.0)
denovo59 C16_AY258477 299 (1388.0)
denovo59 C16a_AY765399 299 (1379.0)
denovo59 C1091_AB207186 299 (1379.0)
denovo59 C1102_DQ335400 299 (1370.0)
denovo59 C1069_DQ335375 299 (1370.0)
denovo59 C1073_DQ335332 299 (1379.0)
denovo59 C1066_DQ335382 299 (1370.0)
denovo59 C1031_DQ335352 299 (1388.0)
denovo59 C1026_DQ335366 299 (1397.0)
denovo59 C70_AY589774 299 (1397.0)
denovo59 C1082_AB190267 299 (1379.0)
denovo59 C1078_AB190271 299 (1379.0)
denovo59 C1090_AB207191 299 (1379.0)
denovo59 C1071_DQ335302 299 (1379.0)
denovo59 C1075_DQ335328 299 (1379.0)
denovo59 C1068_DQ335379 299 (1379.0)
denovo59 C1064_DQ335395 299 (1379.0)
denovo59 C1063_DQ335403 299 (1379.0)
denovo59 C62_AY589766 299 (1388.0)
denovo59 C1077_DQ335316 300 (1378.0)
denovo59 C1109_DQ335338 299 (1379.0)
denovo59 C1110_DQ335340 299 (1370.0)
denovo59 C1106_DQ335339 299 (1361.0)
denovo59 C1112_DQ335319 299 (1370.0)
denovo59 C1108_DQ335351 299 (1361.0)
denovo59 C1105_DQ335394 299 (1370.0)
denovo59 C1121_DQ335378 299 (1352.0)
denovo59 C1116_AB190268 299 (1370.0)
denovo59 C1115_AB190273 299 (1361.0)
denovo59 C1124_DQ335323 299 (1352.0)
denovo59 C1120_DQ335398 299 (1352.0)
denovo59 C1119_DQ335404 299 (1352.0)
denovo59 C1123_DQ335363 299 (1361.0)
denovo59 C1004_DQ480635 299 (1370.0)
denovo59 C1061_AY186568 299 (1370.0)
denovo59 C1053_AY186569 299 (1370.0)
denovo59 C1003_DQ480639 299 (1379.0)
denovo59 C81_GU907657 303 (1237.0)
denovo59 C22_AY239373 299 (1359.5)
denovo59 C22a_AY239374 299 (1350.5)
denovo59 C1232_EU118163 299 (1379.0)
denovo59 C21.13_FJ461515 299 (1322.0)
denovo59 C21.1_JF683323 299 (1331.0)
denovo59 C21.3_JF683325 299 (1340.0)
denovo59 C1.20_HE578993 299 (1370.0)
denovo59 C1.22_HE578995 299 (1361.0)
denovo59 C52_AY589757 299 (1364.0)
denovo59 C1201_EU099793 301 (1344.0)
denovo59 C14_AY589741 299 (1364.0)
denovo59 C43_AY589749 299 (1379.0)
denovo59 C50_AY589755 299 (1388.0)
denovo59 C3.14_HQ630872 299 (1388.0)
denovo59 C1m_AY765398 299 (1379.0)
denovo59 C82_GU907658 299 (1379.0)
denovo59 C82b_GU907660 299 (1379.0)
denovo59 C64_AY589768 299 (1379.0)
denovo59 C45a_AY765404 299 (1379.0)
denovo59 C48_AY589753 301 (1386.5)
denovo59 C1_v1b_FJ919244 299 (1379.0)
denovo59 C1_v1a_FJ919243 299 (1388.0)
denovo59 C3j_AY239366 299 (1388.0)
denovo59 C3t_EF541149 299 (1388.0)
denovo59 C9_AF499798 299 (1388.0)
denovo59 C23_AY239375 299 (1379.0)
denovo59 C37_AY258481 299 (1370.0)
denovo59 C1048_DQ068026 299 (1388.0)
denovo59 C21.4_JF683326 299 (1340.0)
denovo59 C21.5_JF683327 299 (1349.0)
denovo59 C1070_DQ335349 299 (1388.0)
denovo59 C21.6_HQ630873 299 (1349.0)
denovo59 C1224_EU074890 299 (1379.0)
denovo59 C1.17_HE578990 299 (1388.0)
denovo59 C21_b1_FN827162 299 (1340.0)
denovo59 C21.9_JF683330 299 (1349.0)
denovo59 C1085_AY624605 299 (1388.0)
denovo59 C3p_GU907654 299 (1373.0)
denovo59 C3f_AY589734 299 (1397.0)
denovo59 C65a_AY589770 299 (1388.0)
denovo59 C65_AY589769 299 (1397.0)
denovo59 C71_AY589775 299 (1388.0)
denovo59 C71a_AY589776 299 (1379.0)
denovo59 C1178_AB294647 299 (1373.0)
denovo59 C1225_EU074893 299 (1379.0)
denovo59 C75_AY765410 299 (1388.0)
denovo59 C21.10_JF683331 299 (1340.0)
denovo59 C21.11_HQ630874 299 (1349.0)
denovo59 C1065_DQ335388 299 (1388.0)
denovo59 C1045_DQ068036 299 (1397.0)
denovo59 C1h_AY258473 299 (1388.0)
denovo59 C38_AY258482 299 (1388.0)
denovo59 C1202_EU099799 299 (1388.0)
denovo59 C7_AF499797 299 (1397.0)
denovo59 C12_AF499801 301 (1386.5)
denovo59 C38a_AY258483 300 (1378.0)
denovo59 C1200_EU099800 299 (1332.5)
denovo59 C44a_AY589751 299 (1388.0)
denovo59 C47_AY589752 299 (1388.0)
denovo59 C44_AY589750 299 (1397.0)
denovo59 C1.15_HE578988 299 (1388.0)
denovo59 C45.3_FJ461522 299 (1397.0)
denovo59 C46a_AY765405 299 (1388.0)
denovo59 C46_EU449108 299 (1397.0)
denovo59 C3.12_FJ461507 299 (1415.0)
denovo59 C1k_AY589733 299 (1397.0)
denovo59 C67_AY686647 299 (1397.0)
denovo59 C82a_GU907659 299 (1397.0)
denovo59 C10a_AY589739 299 (1388.0)
denovo59 C10_AF499799 299 (1397.0)
denovo59 C13_AY589740 305 (1384.5)
denovo59 C4_AF499794 299 (1397.0)
denovo59 C1147_EF656433 299 (1397.0)
denovo59 C1c/C45_AY239364 299 (1406.0)
denovo59 C1c/C45_EU449103 299 (1406.0)
denovo59 C21.19_HE579031 299 (1340.0)
denovo59 C21.21_HE579033 299 (1322.0)
denovo59 C21.20_HE579032 299 (1331.0)
denovo59 C42b_AY765403 299 (1379.0)
denovo59 C42_AY258487 299 (1388.0)
denovo59 C1p_GU907652 299 (1388.0)
denovo59 C1d_AY258488 299 (1388.0)
denovo59 C42_AY765402 299 (1397.0)
denovo59 C3ha_AY589736 299 (1340.0)
denovo59 C63a_AY589767 301 (1329.5)
denovo59 C21a_AY589744 299 (1349.0)
denovo59 C3o_GU907653 299 (1349.0)
denovo59 C21.16_HQ630875 299 (1349.0)
denovo59 C21.2_JF683324 299 (1349.0)
denovo59 C21.7_JF683328 299 (1349.0)
denovo59 C21.8_JF683329 299 (1349.0)
denovo59 C3h_AY239365 299 (1349.0)
denovo59 C1203_EU099798 299 (1349.0)
denovo59 C3.10_FJ461505 299 (1397.0)
denovo59 C21.14_FJ461516 299 (1349.0)
denovo59 C21.18_HE579030 305 (1336.5)
denovo59 C3.17_HE579005 299 (1397.0)
denovo59 C3.9_FJ461504 299 (1367.0)
denovo59 C3.8_FJ461503 299 (1397.0)
denovo59 C3.7_FJ461502 299 (1397.0)
denovo59 C3.11_FJ461506 299 (1397.0)
denovo59 C3.18_HE579006 299 (1397.0)
denovo59 C3.19_HE579007 299 (1397.0)
denovo59 C3.20_HE579008 299 (1397.0)
denovo59 C3g_AY589735 301 (1386.5)
denovo59 C3a_AF499790 299 (1397.0)
denovo59 C3e_AF499793 299 (1397.0)
denovo59 C6_AF499796 299 (1388.0)
denovo59 C11_AF499800 299 (1397.0)
denovo59 C36_AY258480 299 (1397.0)
denovo59 C29_AY258494 299 (1397.0)
denovo59 C1146_EF656434 299 (1397.0)
denovo59 C1190_EU099841 299 (1397.0)
denovo59 C131_JF320826 299 (1397.0)
denovo59 C28_AY239380 301 (1386.5)
denovo59 C1012_DQ480604 299 (1397.0)
denovo59 C1181_AB294640 299 (1382.0)
denovo59 C1180_AB294641 299 (1382.0)
denovo59 C1179_AB294645 299 (1382.0)
denovo59 C1176_AB294651 299 (1382.0)
denovo59 C1175_AB294653 299 (1382.0)
denovo59 C1174_AB294655 299 (1382.0)
denovo59 C1177_AB294659 299 (1382.0)
denovo59 C1040_AB190269 299 (1397.0)
denovo59 C1182_AB294649 299 (1397.0)
denovo59 C1089_AJ278598 299 (1397.0)
denovo59 C1028_DQ335357 299 (1397.0)
denovo59 C3.16_EU786015 299 (1397.0)
denovo59 C1097_AJ311943 300 (1387.0)
denovo59 C1170_AB294661 299 (1382.0)
denovo59 C21.17_HE579029 299 (1360.0)
denovo59 C21/3d/C3k_AY239372 299 (1358.0)
denovo59 C58_AY589762 300 (1348.0)
denovo59 C3L_AY589738 302 (1365.0)
denovo59 C1169_AB294660 299 (1391.0)
denovo59 C3.2_FJ461497 299 (1391.0)
denovo59 C3.1_JF683321 299 (1391.0)
denovo59 C1104_AF427469 300 (1396.0)
denovo59 C3b_AF499791 299 (1391.0)
denovo59 C83_GU907661 301 (1395.5)
denovo59 C49_AY589754 340 (1376.0)
denovo59 C3_AB778606 299 (1406.0)
denovo59 C3_AF499789 299 (1406.0)
denovo59 C3_HE579001 299 (1406.0)
denovo59 C21.12_FJ461514 299 (1340.0)
denovo59 C1229_EU074888 299 (1320.0)
denovo59 C1230_EU074889 299 (1329.0)
denovo59 C1114_AB207196 299 (1388.0)
denovo59 C3.21_HE579009 299 (1301.0)
denovo59 C1057_DQ480619 299 (1379.0)
denovo59 C72_AY765407 299 (1351.0)
denovo59 C1b.3_HE578999 299 (1373.0)
denovo59 C93_AJ621536 299 (1397.0)
denovo59 C94_AJ621539 299 (1388.0)
denovo59 C1g_AY589730 299 (1388.0)
denovo59 C1i_AY589731 299 (1379.0)
denovo59 C1j_AY589732 299 (1388.0)
denovo59 C1005_DQ480633 299 (1388.0)
denovo59 C1.7_FJ461494 299 (1388.0)
denovo59 C1.11_HE578984 299 (1388.0)
denovo59 C1.12_HE578985 299 (1388.0)
denovo59 C1.13_HE578986 299 (1388.0)
denovo59 C1.14_HE578987 299 (1388.0)
denovo59 C1.18_HE578991 299 (1388.0)
denovo59 C1.19_HE578992 299 (1388.0)
denovo59 C1199_EU099802 299 (1364.0)
denovo59 C1188_EU099838 299 (1379.0)
denovo59 C1002_DQ838544 299 (1397.0)
denovo59 C1198_EU099810 299 (1388.0)
denovo59 C24_AY239376 299 (1379.0)
denovo59 C1f_AY258490 299 (1388.0)
denovo59 C1006_DQ480629 299 (1388.0)
denovo59 C1010_DQ480607 299 (1388.0)
denovo59 C1007_DQ480624 299 (1379.0)
denovo59 C1011_DQ480605 299 (1388.0)
denovo59 C1009_DQ480608 299 (1388.0)
denovo59 C1041_AY186548 299 (1379.0)
denovo59 C1052_AY186570 299 (1388.0)
denovo59 C1148_EU040178 299 (1388.0)
denovo59 C1234_EU118165 300 (1378.0)
denovo59 C1.5_EF634157 299 (1388.0)
denovo59 C1059_DQ480609 299 (1388.0)
denovo59 C1228_EU074883 299 (1388.0)
denovo59 C1208_EU074963 299 (1388.0)
denovo59 C1207_EU074964 299 (1388.0)
denovo59 C1206_EU074965 299 (1388.0)
denovo59 C1013_DQ480642 299 (1379.0)
denovo59 C80_GU907656 309 (1373.5)
denovo59 C1a_AF499788 299 (1388.0)
denovo59 C41_AY258486 299 (1388.0)
denovo59 C39_AY258484 299 (1310.5)
denovo59 C1231_EU074878 299 (1388.0)
denovo59 C1b.1_HE578997 299 (1373.0)
denovo59 C18_AY258478 299 (1388.0)
denovo59 C1.10_HE578983 299 (1349.0)
denovo59 C1_JN558041 299 (1397.0)
denovo59 C1_HE578979 299 (1397.0)
denovo59 C1_AM748551 299 (1397.0)
denovo59 C1_AF333515 299 (1397.0)
denovo59 C1054_AY186565 300 (1387.0)
denovo59 C1008_DQ480613 299 (1388.0)
denovo59 C1103_AF427470 300 (1387.0)
denovo59 C1226_EU074881 300 (1387.0)
denovo59 C1b/C1e_AY239363 299 (1382.0)
denovo59 C1044_DQ068038 299 (1382.0)
denovo59 C1017_DQ174729 300 (1372.0)
denovo59 C1.6_FJ461493 299 (1388.0)
denovo59 C1b.2_HE578998 299 (1373.0)
denovo59 C1060_DQ480600 299 (1388.0)
denovo59 C1227_EU074882 299 (1388.0)
denovo59 C1197_EU099814 299 (1388.0)
denovo59 C1130_DQ480643 299 (1255.5)
denovo59 D109_AB097465 341 (558.5)
denovo59 D1.11_HE579040 334 (576.0)
denovo59 D105_AF174570 334 (575.5)
denovo59 D104_AF174572 341 (560.5)
denovo59 D1.3_JF683337 335 (570.0)
denovo59 D1.10_HE579039 335 (561.0)
denovo59 D110_AF174561 335 (561.5)
denovo59 D117_AF174542 335 (561.0)
denovo59 D114_AF174549 335 (570.0)
denovo59 D113_AF174557 339 (554.5)
denovo59 D112_AF174558 343 (566.5)
denovo59 D106_AF174559 336 (563.5)
denovo59 D111_AF174560 334 (575.5)
denovo59 D115_AF174562 335 (561.0)
denovo59 D107_AF174568 336 (572.0)
denovo59 D116_AF174571 334 (567.0)
denovo59 D124_EU074897 343 (557.0)
denovo59 D1.8_HE579037 335 (570.0)
denovo59 D3_AY686650 334 (576.5)
denovo59 D1.6_HQ630881 335 (561.0)
denovo59 D120_EU074900 335 (552.5)
denovo59 D121_EU074904 334 (576.0)
denovo59 D122_EU074905 335 (561.0)
denovo59 D1a.2_JF683339 343 (568.0)
denovo59 D1a.1_JF683338 343 (566.0)
denovo59 D2_AY686649 584 (621.0)
denovo59 D4_DQ865214 342 (560.5)
denovo59 D1a_AF499802 335 (561.5)
denovo59 D1a_JN558078 335 (561.5)
denovo59 D123_EU074895 335 (570.0)
denovo59 D108_AF174567 342 (564.0)
denovo59 D103_AF174575 341 (569.0)
denovo59 D100_AF411415 344 (560.0)
denovo59 D118_EF656435 344 (560.5)
denovo59 D101_AF411416 344 (545.0)
denovo59 D119_EU099832 340 (558.5)
denovo59 D102_AF174573 335 (573.0)
denovo59 D1_AF334660 335 (570.0)
denovo59 D1_JN558076 335 (570.0)
denovo59 D1.12_HE579041 326 (544.5)
denovo59 D1.1_AM748564 419 (586.0)
denovo59 D1.2_AM748617 401 (574.5)
denovo59 E111_EU074915 358 (460.0)
denovo59 E110_EU074914 357 (474.5)
denovo59 E114_EU074909 357 (474.5)
denovo59 E1_AF334659 357 (471.0)
denovo59 E105_EU074921 356 (481.0)
denovo59 E112_EU074916 357 (465.5)
denovo59 E104_EU074922 358 (468.5)
denovo59 E102_EU074924 357 (465.5)
denovo59 E103_EU074923 357 (474.5)
denovo59 E101_AY160123 353 (459.0)
denovo59 E109_EU074913 361 (460.5)
denovo59 E100_DQ011618 368 (460.5)
denovo59 E108_EU074912 355 (458.5)
denovo59 E113_EU074908 361 (460.5)
denovo59 E107_EU074910 355 (458.5)
denovo59 F1_JN558066 310 (1049.0)
denovo59 F5.2d_AJ291530 307 (1032.5)
denovo59 F104_AJ291531 307 (1032.5)
denovo59 F5.2c_AM748596 307 (1032.5)
denovo59 F5.2_AM748594 304 (1041.5)
denovo59 F5.2a_AM748614 304 (1041.5)
denovo59 F5.2b_AM748595 304 (1032.5)
denovo59 F5.2e_AJ291533 304 (979.5)
denovo59 F5.2g_JN558072 304 (1032.5)
denovo59 F5.2f_AJ291512 304 (1041.5)
denovo59 F102_AJ291534 304 (1032.5)
denovo59 F5.1c_AM748593 309 (1019.5)
denovo59 F5.1d_JN558069 309 (1046.5)
denovo59 F5.1b_AJ291535 307 (1042.5)
denovo59 F5.1_AM748592 309 (1046.5)
denovo59 F5.1a_AM748591 308 (1044.5)
denovo59 F110_AJ291526 316 (911.0)
denovo59 F4.7_AM748587 317 (944.0)
denovo59 F4.5_AM748585 308 (970.0)
denovo59 F4.4a_AM748583 303 (1010.5)
denovo59 F4.4_AM748582 306 (1007.5)
denovo59 F4.4b_AM748584 308 (1005.0)
denovo59 F4.1a_AM748573 319 (929.5)
denovo59 F112_AJ291528 319 (911.5)
denovo59 F4.1_AM748572 319 (929.5)
denovo59 F4.8b_AM748590 310 (937.5)
denovo59 F4.8_AM748588 312 (935.0)
denovo59 F4.8a_AM748589 310 (937.5)
denovo59 F109_AJ291527 312 (913.0)
denovo59 F4.6_AM748586 315 (944.0)
denovo59 F111_AJ311949 311 (957.0)
denovo59 F4.3c_AM748581 314 (975.5)
denovo59 F4.3a_AM748579 311 (966.0)
denovo59 F4.3b_AM748580 311 (966.0)
denovo59 F4.3_AM748578 311 (975.0)
denovo59 F4.2_AM748574 310 (985.5)
denovo59 F4.2a_AM748575 309 (977.0)
denovo59 F4.2c_AM748577 310 (976.5)
denovo59 F4.2b_AM748576 309 (986.0)
denovo59 F2b_AJ291521 313 (1028.0)
denovo59 F2_AJ830908 311 (1012.5)
denovo59 F2a_AJ830911 312 (1006.0)
denovo59 F3.1a_AM748566 317 (980.0)
denovo59 F114_AJ291525 317 (989.0)
denovo59 F3.1_AM748565 317 (1007.0)
denovo59 F3.2_AM748567 314 (1034.5)
denovo59 F3.2a_AM748568 316 (1058.0)
denovo59 F3.3_AM748569 306 (972.5)
denovo59 F3.4a_AM748571 316 (928.5)
denovo59 F3.4_AM748570 316 (919.5)
denovo59 F3.4b_AM748616 310 (920.0)
denovo59 G101_AJ291539 347 (576.5)
denovo59 G1_AM748597 347 (576.5)
denovo59 G2b_JN558087 333 (573.5)
denovo59 G2_AM748598 336 (565.0)
denovo59 G2a_AM748599 333 (573.5)
denovo59 G4_AM748601 344 (592.5)
denovo59 G3.4_LK392378 328 (584.5)
denovo59 G3_AM748600 332 (596.5)
denovo59 G3.2_KC597694 329 (503.0)
denovo59 G3.1_KC597688 336 (572.0)
denovo59 G100_AB253788 334 (567.0)
denovo59 G3.3_LK392377 334 (567.5)
denovo59 H6_AJ291520 630 (340.5)
denovo59 H3_AM748606 306 (893.0)
denovo59 H2_AM748605 307 (940.0)
denovo59 H4_AM748607 315 (868.5)
denovo59 H4a_AM748608 315 (883.5)
denovo59 H5a_AM748611 310 (862.0)
denovo59 H5b_AM748610 313 (869.5)
denovo59 H5_AJ621129 310 (871.0)
denovo59 H5_AM748609 310 (871.0)
denovo59 H100_AJ291513 313 (887.5)
denovo59 H1b_AM748604 318 (888.0)
denovo59 H1a_AM748612 318 (879.0)
denovo59 H1_AJ621152 318 (888.0)
denovo59 H1_AM748602 318 (888.0)
denovo59 I3_FN561561 341 (750.0)
denovo59 I4_FN561562 328 (757.5)
denovo59 I1_FN561559 332 (732.5)
denovo59 I2_FN561560 328 (757.5)

#---------------------------------------
#---------------------------------------
