denovo156 A136_DQ865210 328 (526.5)
denovo156 A133_DQ174725 353 (499.5)
denovo156 A115_AF180123 341 (478.0)
denovo156 A117_AF201746 341 (502.5)
denovo156 A134_DQ174723 351 (506.0)
denovo156 A114_AF184941 351 (506.0)
denovo156 A135_DQ174727 356 (511.0)
denovo156 A2_AF333506 358 (504.5)
denovo156 A101_AF427468 356 (502.0)
denovo156 A2_1_JN558097 356 (502.0)
denovo156 A2_2_JN558100 356 (502.0)
denovo156 A113_AF184948 337 (522.0)
denovo156 A112_AF184949 335 (496.0)
denovo156 A123_EF378618 349 (332.0)
denovo156 A137_EF378621 355 (333.0)
denovo156 A11_EU449041 343 (530.0)
denovo156 A121_DQ174722 340 (516.0)
denovo156 A15b_EU792886 343 (481.0)
denovo156 A15a_EU792885 345 (497.5)
denovo156 A15c_EU792887 346 (489.0)
denovo156 A15_EU792884 343 (490.0)
denovo156 A147_EU074937 343 (510.5)
denovo156 A154_EU074860 343 (510.5)
denovo156 A146_EU074936 345 (506.5)
denovo156 A150_EU074928 345 (515.5)
denovo156 A116_AF183575 345 (506.5)
denovo156 A141_EU074931 345 (515.5)
denovo156 A5_AF333508 338 (527.5)
denovo156 A3b_EU449043 343 (519.5)
denovo156 A151_EU074925 343 (509.5)
denovo156 A152_EU074927 344 (504.0)
denovo156 A149_EU074929 343 (510.5)
denovo156 A140_EU074930 343 (501.5)
denovo156 A142_EU074932 343 (501.5)
denovo156 A143_EU074933 346 (510.5)
denovo156 A144_EU074934 343 (501.5)
denovo156 A145_EU074935 346 (509.5)
denovo156 A148_EU074938 343 (501.5)
denovo156 A155_EU074856 343 (501.5)
denovo156 A156_EU074859 343 (501.5)
denovo156 A139_EU074962 343 (501.5)
denovo156 A6_AF186058 343 (510.5)
denovo156 A3_AF333507 343 (510.5)
denovo156 A3_JN558091 343 (510.5)
denovo156 A8_AY258468 345 (488.0)
denovo156 A7_AY239360 345 (497.5)
denovo156 A16_EU792888 345 (506.5)
denovo156 A4.3_FN429763 350 (491.0)
denovo156 A120_AF180122 345 (485.5)
denovo156 A4.2_FN429761 348 (482.0)
denovo156 A4_AF333509 348 (510.0)
denovo156 A4.1_FN429760 347 (505.0)
denovo156 A4a_AF499778 347 (517.0)
denovo156 A4a.1_FN429762 347 (517.0)
denovo156 A138_EF378620 347 (453.5)
denovo156 A122_EF378619 346 (490.5)
denovo156 A126_EF378615 345 (491.5)
denovo156 A10_EU792882 345 (491.5)
denovo156 A9_EU449028 340 (497.5)
denovo156 A105_AB207202 346 (512.5)
denovo156 A119_AF180121 342 (493.0)
denovo156 A12_EU792883 345 (502.5)
denovo156 A104_AB207203 340 (514.5)
denovo156 A1a_EU449030 343 (514.5)
denovo156 A1.3_HE578976 343 (504.0)
denovo156 A1.4_HE578977 343 (513.0)
denovo156 A13_AF333504 343 (512.0)
denovo156 A13_JN558094 343 (512.0)
denovo156 A110_AB190282 352 (503.0)
denovo156 A103_AB207206 343 (513.0)
denovo156 A130_EF656428 347 (507.0)
denovo156 A127_EF656429 347 (515.5)
denovo156 A128_EF656430 347 (498.0)
denovo156 A129_EF656431 348 (509.5)
denovo156 A131_EF656432 343 (513.0)
denovo156 A118_AF180120 347 (499.5)
denovo156 A1_AF333505 347 (507.0)
denovo156 A107_AB207199 342 (518.0)
denovo156 A111_AB190280 342 (518.0)
denovo156 A108_AB207197 354 (494.5)
denovo156 A106_AB207200 347 (515.0)
denovo156 A102_AB207209 347 (515.5)
denovo156 A1.2_AB207210 347 (515.5)
denovo156 A109_AB190285 347 (515.0)
denovo156 B4_AF333510 321 (1148.5)
denovo156 B23_EU449079 307 (1258.5)
denovo156 B30_GU907644 307 (1240.5)
denovo156 B11_AY239361 308 (1370.5)
denovo156 B17_AY258470 306 (1390.0)
denovo156 B1k_GU907638 308 (705.5)
denovo156 B1.V_Green2014 313 (1347.5)
denovo156 B1b_AF499780 306 (1321.5)
denovo156 B16_AY258469 306 (1399.0)
denovo156 B31a_GU907646 306 (1399.0)
denovo156 B32_GU907647 306 (1399.0)
denovo156 B31_GU907645 306 (1408.0)
denovo156 B1j_GU907637 306 (1399.0)
denovo156 B37_GU907650 308 (1397.5)
denovo156 B5a_AF499782 306 (1399.0)
denovo156 B5_AF499781 306 (1408.0)
denovo156 B24_GU907643 306 (1239.0)
denovo156 B117_AF180124 306 (1290.5)
denovo156 B10_AF499787 306 (1435.0)
denovo156 B20_GU907642 308 (1382.5)
denovo156 B1m_GU907640 306 (1408.0)
denovo156 B34_GU907649 306 (1408.0)
denovo156 B1d_GU907633 306 (1408.0)
denovo156 B1e_GU907634 306 (1408.0)
denovo156 B1i_GU907636 306 (1408.0)
denovo156 B1g_GU907635 307 (1389.0)
denovo156 B123_EU074872 306 (1399.0)
denovo156 B8_AF499785 307 (1398.0)
denovo156 B1l_GU907639 306 (1408.0)
denovo156 B1a_AF499779 306 (1408.0)
denovo156 B14_AY239362 307 (1398.0)
denovo156 B125_EU074865 306 (1408.0)
denovo156 B122_EU074871 306 (1408.0)
denovo156 B124_EU074874 306 (1408.0)
denovo156 B1.VII_Green2014 306 (1338.0)
denovo156 B1.III_Green2014 306 (1345.0)
denovo156 B1.I_Green2014 306 (1417.0)
denovo156 B1.II_Green2014 306 (1417.0)
denovo156 B1_JN558057 306 (1417.0)
denovo156 B1_AF333511 306 (1417.0)
denovo156 B1.IV_Green2014 316 (1402.5)
denovo156 B121_EU074870 306 (1408.0)
denovo156 B7_AF499784 306 (1408.0)
denovo156 B1.VI_Green2014 307 (1348.0)
denovo156 B3_AF333514 306 (1295.5)
denovo156 B9_AF499786 306 (1304.5)
denovo156 B19a_JN558055 310 (1189.5)
denovo156 B119_EU099825 315 (1230.0)
denovo156 B21_DQ865213 306 (1282.0)
denovo156 B38_GU907651 306 (1282.0)
denovo156 B18_AY258471 306 (1322.5)
denovo156 B18a_AY258472 306 (1313.5)
denovo156 B33_GU907648 306 (1313.5)
denovo156 B6_AF499783 311 (1319.0)
denovo156 B19_DQ865212 306 (1331.5)
denovo156 B19_GU907641 306 (1331.5)
denovo156 B2_AF333512 306 (1322.5)
denovo156 B2_JN558060 306 (1322.5)
denovo156 C33.1_AY258498 331 (681.0)
denovo156 C33.2_AY765400 331 (681.0)
denovo156 C33a_EF541147 331 (681.0)
denovo156 C34_AY258499 324 (679.0)
denovo156 C78_AY765413 326 (648.5)
denovo156 C15.29_KC597690 327 (632.5)
denovo156 C1131_DQ182650 329 (629.0)
denovo156 C1135_DQ182646 322 (627.5)
denovo156 C1134_DQ182647 324 (615.0)
denovo156 C1142_DQ182635 324 (624.0)
denovo156 C1136_DQ182644 322 (606.5)
denovo156 C1111_DQ182645 322 (616.0)
denovo156 C1236_EF473656 322 (607.0)
denovo156 C1138_DQ182642 319 (616.5)
denovo156 C1137_DQ182643 322 (607.0)
denovo156 C1133_DQ182648 322 (607.0)
denovo156 C1132_DQ182649 326 (609.5)
denovo156 C1143_DQ182634 322 (616.0)
denovo156 C1139_DQ182639 324 (624.0)
denovo156 C15.28_KC597687 324 (688.0)
denovo156 C1141_DQ182636 324 (633.0)
denovo156 C1144_DQ182637 324 (642.0)
denovo156 C1122_DQ182654 324 (651.0)
denovo156 C1127_DQ182652 324 (651.0)
denovo156 C15.30_JX394114 328 (672.0)
denovo156 C15.26_KC597686 325 (663.0)
denovo156 C1086_DQ182656 325 (672.5)
denovo156 C15.25_KC597685 325 (681.5)
denovo156 C1118_AF180127 330 (629.5)
denovo156 C1129_DQ182651 325 (617.5)
denovo156 C15.21_KC597683 323 (649.0)
denovo156 C56_AY589760 323 (666.0)
denovo156 C1140_DQ182638 325 (635.5)
denovo156 C1126_DQ182653 325 (626.5)
denovo156 C15c_AY258492 322 (682.0)
denovo156 C15d_AY258493 322 (673.0)
denovo156 C1098_DQ182641 323 (682.5)
denovo156 C15.27_KC597689 325 (672.5)
denovo156 C15.18_HE579024 324 (669.5)
denovo156 C15.16_HE579022 330 (696.0)
denovo156 C1101_AB253787 325 (663.5)
denovo156 C1083_AY237300 325 (672.5)
denovo156 C1088_DQ182640 328 (670.5)
denovo156 C15.6_FN563472 325 (672.5)
denovo156 C15.5_FJ461512 327 (669.0)
denovo156 C15.4_FJ461511 327 (678.0)
denovo156 C15.13_HE579019 325 (663.5)
denovo156 C15.12_HE579018 325 (672.5)
denovo156 C93a_AM748563 323 (694.0)
denovo156 C1094_AJ291514 323 (676.0)
denovo156 C93_AM748562 323 (685.0)
denovo156 C15.17_HE579023 324 (663.5)
denovo156 C15e_AY589742 327 (681.0)
denovo156 C15.22_KC597695 325 (672.5)
denovo156 C60_AY589764 325 (672.5)
denovo156 C15.1_FJ461508 325 (672.5)
denovo156 C15.2_FJ461509 325 (672.5)
denovo156 C15.9_FN563475 325 (690.0)
denovo156 C15.7_HE579015 324 (687.0)
denovo156 C15.8_HE579016 325 (672.5)
denovo156 C15.15_HE579021 325 (672.5)
denovo156 C15.19_HE579025 325 (681.5)
denovo156 C15.24_KC597696 325 (663.5)
denovo156 C15.3_FJ461510 327 (678.0)
denovo156 C1087_DQ182655 325 (681.5)
denovo156 C15.14_HE579020 326 (672.0)
denovo156 C15.23_KC597697 326 (672.0)
denovo156 C19_AY258479 324 (691.0)
denovo156 C1233_EU118166 325 (672.5)
denovo156 C15b_AY258491 325 (672.5)
denovo156 C15a_AY258476 327 (687.0)
denovo156 C1051_AF195153 325 (690.5)
denovo156 C2_AF333518 326 (689.5)
denovo156 C15.20_HE579026 326 (681.0)
denovo156 C15f_AY589743 327 (674.5)
denovo156 C55_AY589759 330 (681.5)
denovo156 C15_AY239369 325 (681.5)
denovo156 C32.1_JF683335 323 (636.5)
denovo156 C32.2_JF683336 323 (636.5)
denovo156 C21.23_KC597693 323 (636.5)
denovo156 C1193_EU099827 336 (664.0)
denovo156 C1195_EU099821 334 (643.0)
denovo156 C3q_GU907655 336 (642.5)
denovo156 C53_AY589758 334 (653.0)
denovo156 C73_AY765408 335 (645.0)
denovo156 C17.2.1_KC597684 328 (631.0)
denovo156 C32_AY258497 327 (646.5)
denovo156 C1189_EU099831 327 (648.0)
denovo156 C1191_EU099833 327 (657.0)
denovo156 C1196_EU099819 327 (630.0)
denovo156 C1192_EU099820 327 (630.0)
denovo156 C17.1_JF683322 327 (648.0)
denovo156 C26_b2_FN827164 332 (650.0)
denovo156 C26_b3_FN827165 328 (629.5)
denovo156 C31.9_HQ630879 329 (634.5)
denovo156 C31a_AY589746 329 (631.0)
denovo156 C30_AY589745 329 (631.0)
denovo156 C31.1_HQ630876 333 (632.5)
denovo156 C31.5_HQ630877 327 (643.0)
denovo156 C31.6_HQ630878 329 (640.0)
denovo156 C31.2_JF683332 329 (640.0)
denovo156 C31.3_JF683333 329 (631.0)
denovo156 C26/C35a_AY239378 328 (638.5)
denovo156 C35a_AY258501 328 (638.5)
denovo156 C35.2_AY258500 328 (647.5)
denovo156 C26_b1_FN827163 328 (647.5)
denovo156 C17_AY239370 327 (648.0)
denovo156 C17.2_FJ461513 329 (647.0)
denovo156 C31.10_HQ630880 329 (643.5)
denovo156 C31.4_JF683334 333 (628.5)
denovo156 C31_AY258496 329 (640.0)
denovo156 C25_AY239377 325 (675.0)
denovo156 C61_AY589765 325 (629.0)
denovo156 C1043_DQ072721 327 (637.0)
denovo156 C79_AY765414 330 (658.5)
denovo156 C69_AY589773 317 (656.5)
denovo156 C69a_AY686648 317 (647.5)
denovo156 C21.22_KC597692 325 (624.5)
denovo156 C51_AY589756 331 (644.5)
denovo156 C1aa_HM185739 327 (669.5)
denovo156 C1096_DQ068023 324 (657.5)
denovo156 C74_AY765409 333 (708.5)
denovo156 C1185_AB294629 335 (687.0)
denovo156 C1184_AB294630 335 (687.0)
denovo156 C1153_AB294625 335 (687.0)
denovo156 C1154_AB294626 335 (705.0)
denovo156 C1187_AB294627 335 (687.0)
denovo156 C1186_AB294628 335 (687.0)
denovo156 C57_AY589761 335 (696.0)
denovo156 C66_AY589771 335 (696.0)
denovo156 C5_AF499795 325 (672.5)
denovo156 C1167_AB294586 325 (672.5)
denovo156 C1164_AB294593 325 (672.5)
denovo156 C1183_AB294631 325 (690.5)
denovo156 C1067_DQ335381 327 (669.0)
denovo156 C1159_AB294613 324 (675.0)
denovo156 C1150_AB294622 324 (684.0)
denovo156 C90_AM748554 326 (695.5)
denovo156 C1168_AB294583 325 (681.5)
denovo156 C1156_AB294616 325 (690.5)
denovo156 C1151_AB294621 325 (699.5)
denovo156 C92a_AM748561 325 (699.5)
denovo156 C92_AM748560 325 (690.5)
denovo156 C1165_AB294581 323 (684.0)
denovo156 C1166_AB294584 325 (699.5)
denovo156 C1162_AB294594 325 (681.5)
denovo156 C1163_AB294596 325 (691.0)
denovo156 C1161_AB294606 325 (690.5)
denovo156 C1160_AB294608 329 (683.0)
denovo156 C1158_AB294614 325 (699.5)
denovo156 C1155_AB294617 325 (681.5)
denovo156 C1149_AB294620 325 (690.5)
denovo156 C1173_AB294662 325 (699.5)
denovo156 C1171_AB294663 325 (681.5)
denovo156 C1172_AB294665 325 (681.5)
denovo156 C91a_AM748556 325 (699.5)
denovo156 C91b_AM748557 325 (690.5)
denovo156 C91d_AM748559 324 (688.0)
denovo156 C91c_AM748558 324 (688.0)
denovo156 C91_AJ621543 325 (690.5)
denovo156 C91_AM748555 325 (690.5)
denovo156 C1023_DQ335330 317 (635.5)
denovo156 C1020_DQ335392 331 (671.5)
denovo156 C1018_DQ335408 327 (678.0)
denovo156 C1074_DQ335329 327 (669.0)
denovo156 C1030_DQ335353 327 (669.0)
denovo156 C1022_DQ335331 327 (669.0)
denovo156 C1027_DQ335360 327 (687.0)
denovo156 C1072_DQ335344 327 (669.0)
denovo156 C1039_AB190274 327 (678.0)
denovo156 C1033_DQ335350 332 (666.0)
denovo156 C1019_DQ335407 327 (678.0)
denovo156 C1194_EU099826 327 (663.0)
denovo156 C8b_AY258475 327 (653.0)
denovo156 C8_AY239367 330 (668.0)
denovo156 C8a_AY239368 332 (664.0)
denovo156 C54a_AY765406 327 (678.0)
denovo156 C3ff_HM185740 327 (687.0)
denovo156 C59_AY589763 332 (657.0)
denovo156 C3k_AY589737 324 (679.0)
denovo156 C3.24_HE579012 324 (688.0)
denovo156 C3.23_HE579011 324 (679.0)
denovo156 C35.1_AY765401 335 (682.5)
denovo156 C35.3_EF541145 328 (680.5)
denovo156 C76_AY765411 327 (666.0)
denovo156 C1107_DQ335359 326 (652.5)
denovo156 C3.22_HE579010 330 (652.0)
denovo156 C77_AY765412 328 (668.0)
denovo156 C20_AY239371 330 (677.0)
denovo156 C1055_DQ480640 325 (668.5)
denovo156 C27/C30_AY239379 328 (638.5)
denovo156 C27.1_FJ461517 328 (629.5)
denovo156 C40a_AY589747 332 (681.0)
denovo156 C40_AY258485 332 (681.0)
denovo156 C40b_AY589748 333 (672.0)
denovo156 C16_AY258477 330 (677.0)
denovo156 C16a_AY765399 330 (677.0)
denovo156 C1091_AB207186 327 (678.5)
denovo156 C1102_DQ335400 327 (660.5)
denovo156 C1069_DQ335375 327 (678.5)
denovo156 C1073_DQ335332 328 (672.5)
denovo156 C1066_DQ335382 325 (664.0)
denovo156 C1031_DQ335352 332 (684.0)
denovo156 C1026_DQ335366 332 (683.5)
denovo156 C70_AY589774 327 (687.5)
denovo156 C1082_AB190267 327 (669.5)
denovo156 C1078_AB190271 325 (681.0)
denovo156 C1090_AB207191 327 (678.5)
denovo156 C1071_DQ335302 327 (678.5)
denovo156 C1075_DQ335328 327 (678.5)
denovo156 C1068_DQ335379 327 (669.5)
denovo156 C1064_DQ335395 327 (669.5)
denovo156 C1063_DQ335403 324 (679.0)
denovo156 C62_AY589766 327 (678.5)
denovo156 C1077_DQ335316 324 (684.0)
denovo156 C1109_DQ335338 327 (669.5)
denovo156 C1110_DQ335340 327 (660.5)
denovo156 C1106_DQ335339 327 (660.5)
denovo156 C1112_DQ335319 327 (669.5)
denovo156 C1108_DQ335351 327 (660.5)
denovo156 C1105_DQ335394 327 (669.5)
denovo156 C1121_DQ335378 334 (662.5)
denovo156 C1116_AB190268 334 (671.5)
denovo156 C1115_AB190273 334 (671.5)
denovo156 C1124_DQ335323 327 (651.5)
denovo156 C1120_DQ335398 327 (651.5)
denovo156 C1119_DQ335404 327 (660.5)
denovo156 C1123_DQ335363 327 (660.5)
denovo156 C1004_DQ480635 327 (677.5)
denovo156 C1061_AY186568 327 (668.5)
denovo156 C1053_AY186569 327 (677.5)
denovo156 C1003_DQ480639 327 (677.5)
denovo156 C81_GU907657 318 (649.5)
denovo156 C22_AY239373 322 (680.0)
denovo156 C22a_AY239374 325 (671.5)
denovo156 C1232_EU118163 329 (674.5)
denovo156 C21.13_FJ461515 326 (636.5)
denovo156 C21.1_JF683323 325 (642.5)
denovo156 C21.3_JF683325 327 (657.0)
denovo156 C1.20_HE578993 327 (669.0)
denovo156 C1.22_HE578995 327 (660.0)
denovo156 C52_AY589757 326 (670.0)
denovo156 C1201_EU099793 328 (650.5)
denovo156 C14_AY589741 330 (671.5)
denovo156 C43_AY589749 330 (677.5)
denovo156 C50_AY589755 327 (678.0)
denovo156 C3.14_HQ630872 326 (683.5)
denovo156 C1m_AY765398 327 (678.5)
denovo156 C82_GU907658 335 (674.5)
denovo156 C82b_GU907660 335 (674.5)
denovo156 C64_AY589768 325 (680.0)
denovo156 C45a_AY765404 331 (679.5)
denovo156 C48_AY589753 328 (701.0)
denovo156 C1_v1b_FJ919244 327 (669.0)
denovo156 C1_v1a_FJ919243 327 (678.0)
denovo156 C3j_AY239366 327 (669.0)
denovo156 C3t_EF541149 330 (686.0)
denovo156 C9_AF499798 329 (684.0)
denovo156 C23_AY239375 328 (699.5)
denovo156 C37_AY258481 332 (674.5)
denovo156 C1048_DQ068026 330 (677.0)
denovo156 C21.4_JF683326 327 (648.0)
denovo156 C21.5_JF683327 327 (648.0)
denovo156 C1070_DQ335349 327 (687.0)
denovo156 C21.6_HQ630873 327 (666.0)
denovo156 C1224_EU074890 327 (696.0)
denovo156 C1.17_HE578990 327 (696.0)
denovo156 C21_b1_FN827162 329 (644.5)
denovo156 C21.9_JF683330 329 (653.5)
denovo156 C1085_AY624605 324 (670.0)
denovo156 C3p_GU907654 327 (663.0)
denovo156 C3f_AY589734 327 (687.0)
denovo156 C65a_AY589770 325 (681.0)
denovo156 C65_AY589769 325 (690.0)
denovo156 C71_AY589775 325 (681.0)
denovo156 C71a_AY589776 325 (672.0)
denovo156 C1178_AB294647 327 (672.0)
denovo156 C1225_EU074893 324 (696.5)
denovo156 C75_AY765410 326 (684.5)
denovo156 C21.10_JF683331 326 (654.0)
denovo156 C21.11_HQ630874 326 (654.0)
denovo156 C1065_DQ335388 327 (687.0)
denovo156 C1045_DQ068036 327 (696.0)
denovo156 C1h_AY258473 326 (683.5)
denovo156 C38_AY258482 326 (674.5)
denovo156 C1202_EU099799 326 (674.5)
denovo156 C7_AF499797 326 (683.5)
denovo156 C12_AF499801 328 (673.0)
denovo156 C38a_AY258483 325 (686.0)
denovo156 C1200_EU099800 314 (683.0)
denovo156 C44a_AY589751 328 (680.0)
denovo156 C47_AY589752 331 (688.5)
denovo156 C44_AY589750 331 (679.5)
denovo156 C1.15_HE578988 327 (678.0)
denovo156 C45.3_FJ461522 330 (677.0)
denovo156 C46a_AY765405 331 (670.5)
denovo156 C46_EU449108 331 (679.5)
denovo156 C3.12_FJ461507 330 (686.0)
denovo156 C1k_AY589733 330 (677.0)
denovo156 C67_AY686647 330 (686.0)
denovo156 C82a_GU907659 327 (678.0)
denovo156 C10a_AY589739 330 (686.0)
denovo156 C10_AF499799 330 (677.0)
denovo156 C13_AY589740 332 (680.0)
denovo156 C4_AF499794 330 (677.0)
denovo156 C1147_EF656433 330 (677.0)
denovo156 C1c/C45_AY239364 330 (686.0)
denovo156 C1c/C45_EU449103 330 (686.0)
denovo156 C21.19_HE579031 327 (657.0)
denovo156 C21.21_HE579033 328 (641.5)
denovo156 C21.20_HE579032 328 (650.5)
denovo156 C42b_AY765403 331 (671.5)
denovo156 C42_AY258487 331 (680.5)
denovo156 C1p_GU907652 327 (678.0)
denovo156 C1d_AY258488 330 (668.0)
denovo156 C42_AY765402 330 (677.0)
denovo156 C3ha_AY589736 327 (648.0)
denovo156 C63a_AY589767 329 (665.0)
denovo156 C21a_AY589744 327 (657.0)
denovo156 C3o_GU907653 326 (654.5)
denovo156 C21.16_HQ630875 327 (648.0)
denovo156 C21.2_JF683324 327 (648.0)
denovo156 C21.7_JF683328 327 (648.0)
denovo156 C21.8_JF683329 327 (657.0)
denovo156 C3h_AY239365 327 (648.0)
denovo156 C1203_EU099798 327 (648.0)
denovo156 C3.10_FJ461505 327 (696.0)
denovo156 C21.14_FJ461516 327 (666.0)
denovo156 C21.18_HE579030 333 (645.0)
denovo156 C3.17_HE579005 327 (678.0)
denovo156 C3.9_FJ461504 327 (675.0)
denovo156 C3.8_FJ461503 327 (687.0)
denovo156 C3.7_FJ461502 327 (678.0)
denovo156 C3.11_FJ461506 334 (689.5)
denovo156 C3.18_HE579006 327 (678.0)
denovo156 C3.19_HE579007 327 (678.0)
denovo156 C3.20_HE579008 327 (678.0)
denovo156 C3g_AY589735 330 (670.0)
denovo156 C3a_AF499790 325 (690.5)
denovo156 C3e_AF499793 327 (678.0)
denovo156 C6_AF499796 334 (698.0)
denovo156 C11_AF499800 327 (678.0)
denovo156 C36_AY258480 327 (696.0)
denovo156 C29_AY258494 327 (696.0)
denovo156 C1146_EF656434 328 (681.5)
denovo156 C1190_EU099841 327 (696.0)
denovo156 C131_JF320826 327 (678.0)
denovo156 C28_AY239380 335 (685.5)
denovo156 C1012_DQ480604 327 (678.0)
denovo156 C1181_AB294640 327 (663.0)
denovo156 C1180_AB294641 327 (681.0)
denovo156 C1179_AB294645 325 (666.5)
denovo156 C1176_AB294651 325 (675.5)
denovo156 C1175_AB294653 327 (663.0)
denovo156 C1174_AB294655 329 (668.5)
denovo156 C1177_AB294659 327 (672.0)
denovo156 C1040_AB190269 329 (683.5)
denovo156 C1182_AB294649 327 (678.0)
denovo156 C1089_AJ278598 327 (678.0)
denovo156 C1028_DQ335357 334 (689.0)
denovo156 C3.16_EU786015 327 (696.0)
denovo156 C1097_AJ311943 326 (671.5)
denovo156 C1170_AB294661 327 (672.0)
denovo156 C21.17_HE579029 327 (668.0)
denovo156 C21/3d/C3k_AY239372 327 (657.0)
denovo156 C58_AY589762 328 (656.5)
denovo156 C3L_AY589738 330 (682.5)
denovo156 C1169_AB294660 327 (672.0)
denovo156 C3.2_FJ461497 327 (681.0)
denovo156 C3.1_JF683321 324 (682.0)
denovo156 C1104_AF427469 328 (677.0)
denovo156 C3b_AF499791 327 (690.0)
denovo156 C83_GU907661 328 (692.0)
denovo156 C49_AY589754 353 (701.5)
denovo156 C3_AB778606 327 (687.0)
denovo156 C3_AF499789 327 (687.0)
denovo156 C3_HE579001 327 (687.0)
denovo156 C21.12_FJ461514 327 (639.0)
denovo156 C1229_EU074888 324 (673.5)
denovo156 C1230_EU074889 324 (682.5)
denovo156 C1114_AB207196 327 (669.0)
denovo156 C3.21_HE579009 327 (609.0)
denovo156 C1057_DQ480619 327 (678.0)
denovo156 C72_AY765407 324 (677.5)
denovo156 C1b.3_HE578999 327 (672.0)
denovo156 C93_AJ621536 327 (678.0)
denovo156 C94_AJ621539 327 (678.0)
denovo156 C1g_AY589730 327 (696.0)
denovo156 C1i_AY589731 321 (670.5)
denovo156 C1j_AY589732 334 (689.0)
denovo156 C1005_DQ480633 327 (678.0)
denovo156 C1.7_FJ461494 327 (678.0)
denovo156 C1.11_HE578984 327 (678.5)
denovo156 C1.12_HE578985 327 (678.0)
denovo156 C1.13_HE578986 327 (687.0)
denovo156 C1.14_HE578987 327 (687.0)
denovo156 C1.18_HE578991 327 (678.0)
denovo156 C1.19_HE578992 327 (678.0)
denovo156 C1199_EU099802 325 (657.0)
denovo156 C1188_EU099838 325 (672.0)
denovo156 C1002_DQ838544 328 (680.5)
denovo156 C1198_EU099810 327 (678.0)
denovo156 C24_AY239376 327 (678.0)
denovo156 C1f_AY258490 327 (687.0)
denovo156 C1006_DQ480629 327 (696.0)
denovo156 C1010_DQ480607 327 (678.0)
denovo156 C1007_DQ480624 327 (678.0)
denovo156 C1011_DQ480605 327 (678.0)
denovo156 C1009_DQ480608 331 (680.0)
denovo156 C1041_AY186548 327 (687.0)
denovo156 C1052_AY186570 327 (678.0)
denovo156 C1148_EU040178 328 (680.5)
denovo156 C1234_EU118165 329 (670.5)
denovo156 C1.5_EF634157 327 (687.0)
denovo156 C1059_DQ480609 327 (678.0)
denovo156 C1228_EU074883 327 (678.0)
denovo156 C1208_EU074963 327 (678.0)
denovo156 C1207_EU074964 327 (687.0)
denovo156 C1206_EU074965 327 (678.0)
denovo156 C1013_DQ480642 327 (678.0)
denovo156 C80_GU907656 334 (672.5)
denovo156 C1a_AF499788 324 (678.5)
denovo156 C41_AY258486 327 (687.0)
denovo156 C39_AY258484 312 (682.5)
denovo156 C1231_EU074878 327 (678.0)
denovo156 C1b.1_HE578997 327 (672.0)
denovo156 C18_AY258478 328 (680.5)
denovo156 C1.10_HE578983 327 (684.0)
denovo156 C1_JN558041 327 (687.0)
denovo156 C1_HE578979 327 (687.0)
denovo156 C1_AM748551 327 (687.0)
denovo156 C1_AF333515 327 (687.0)
denovo156 C1054_AY186565 327 (693.0)
denovo156 C1008_DQ480613 327 (678.0)
denovo156 C1103_AF427470 328 (677.0)
denovo156 C1226_EU074881 328 (677.0)
denovo156 C1b/C1e_AY239363 327 (681.0)
denovo156 C1044_DQ068038 327 (672.0)
denovo156 C1017_DQ174729 328 (671.0)
denovo156 C1.6_FJ461493 327 (696.0)
denovo156 C1b.2_HE578998 327 (672.0)
denovo156 C1060_DQ480600 327 (678.0)
denovo156 C1227_EU074882 327 (678.0)
denovo156 C1197_EU099814 327 (678.0)
denovo156 C1130_DQ480643 327 (572.5)
denovo156 D109_AB097465 362 (481.5)
denovo156 D1.11_HE579040 357 (485.0)
denovo156 D105_AF174570 360 (486.0)
denovo156 D104_AF174572 359 (482.0)
denovo156 D1.3_JF683337 360 (484.5)
denovo156 D1.10_HE579039 359 (482.0)
denovo156 D110_AF174561 359 (482.0)
denovo156 D117_AF174542 359 (482.0)
denovo156 D114_AF174549 359 (491.0)
denovo156 D113_AF174557 359 (482.0)
denovo156 D112_AF174558 361 (488.5)
denovo156 D106_AF174559 366 (493.5)
denovo156 D111_AF174560 359 (490.5)
denovo156 D115_AF174562 359 (482.0)
denovo156 D107_AF174568 358 (488.5)
denovo156 D116_AF174571 364 (478.5)
denovo156 D124_EU074897 356 (491.5)
denovo156 D1.8_HE579037 361 (488.5)
denovo156 D3_AY686650 359 (491.0)
denovo156 D1.6_HQ630881 359 (482.0)
denovo156 D120_EU074900 359 (482.0)
denovo156 D121_EU074904 364 (487.5)
denovo156 D122_EU074905 359 (482.0)
denovo156 D1a.2_JF683339 366 (486.5)
denovo156 D1a.1_JF683338 356 (491.5)
denovo156 D2_AY686649 592 (557.5)
denovo156 D4_DQ865214 362 (488.0)
denovo156 D1a_AF499802 359 (491.0)
denovo156 D1a_JN558078 359 (491.0)
denovo156 D123_EU074895 360 (493.5)
denovo156 D108_AF174567 355 (497.0)
denovo156 D103_AF174575 359 (491.0)
denovo156 D100_AF411415 359 (491.0)
denovo156 D118_EF656435 353 (500.0)
denovo156 D101_AF411416 359 (476.0)
denovo156 D119_EU099832 358 (481.5)
denovo156 D102_AF174573 359 (494.5)
denovo156 D1_AF334660 359 (491.0)
denovo156 D1_JN558076 359 (491.0)
denovo156 D1.12_HE579041 340 (489.0)
denovo156 D1.1_AM748564 420 (505.5)
denovo156 D1.2_AM748617 441 (512.5)
denovo156 E111_EU074915 349 (471.5)
denovo156 E110_EU074914 364 (473.5)
denovo156 E114_EU074909 364 (455.5)
denovo156 E1_AF334659 365 (463.5)
denovo156 E105_EU074921 364 (473.5)
denovo156 E112_EU074916 364 (455.5)
denovo156 E104_EU074922 364 (464.5)
denovo156 E102_EU074924 364 (455.5)
denovo156 E103_EU074923 364 (464.5)
denovo156 E101_AY160123 369 (439.5)
denovo156 E109_EU074913 352 (482.5)
denovo156 E100_DQ011618 357 (495.5)
denovo156 E108_EU074912 357 (486.5)
denovo156 E113_EU074908 353 (496.5)
denovo156 E107_EU074910 357 (486.5)
denovo156 F1_JN558066 331 (635.0)
denovo156 F5.2d_AJ291530 328 (663.5)
denovo156 F104_AJ291531 328 (663.5)
denovo156 F5.2c_AM748596 328 (655.0)
denovo156 F5.2_AM748594 328 (654.5)
denovo156 F5.2a_AM748614 328 (654.5)
denovo156 F5.2b_AM748595 328 (654.5)
denovo156 F5.2e_AJ291533 329 (640.0)
denovo156 F5.2g_JN558072 328 (663.0)
denovo156 F5.2f_AJ291512 328 (654.0)
denovo156 F102_AJ291534 328 (654.0)
denovo156 F5.1c_AM748593 329 (675.0)
denovo156 F5.1d_JN558069 332 (637.5)
denovo156 F5.1b_AJ291535 328 (663.5)
denovo156 F5.1_AM748592 330 (660.0)
denovo156 F5.1a_AM748591 328 (663.5)
denovo156 F110_AJ291526 322 (734.0)
denovo156 F4.7_AM748587 324 (716.5)
denovo156 F4.5_AM748585 322 (716.0)
denovo156 F4.4a_AM748583 318 (741.5)
denovo156 F4.4_AM748582 323 (744.0)
denovo156 F4.4b_AM748584 316 (760.5)
denovo156 F4.1a_AM748573 325 (696.0)
denovo156 F112_AJ291528 322 (690.0)
denovo156 F4.1_AM748572 322 (690.0)
denovo156 F4.8b_AM748590 324 (739.5)
denovo156 F4.8_AM748588 315 (740.0)
denovo156 F4.8a_AM748589 315 (740.0)
denovo156 F109_AJ291527 321 (744.5)
denovo156 F4.6_AM748586 322 (698.5)
denovo156 F111_AJ311949 316 (730.5)
denovo156 F4.3c_AM748581 316 (740.0)
denovo156 F4.3a_AM748579 315 (747.0)
denovo156 F4.3b_AM748580 316 (749.0)
denovo156 F4.3_AM748578 316 (740.0)
denovo156 F4.2_AM748574 322 (752.5)
denovo156 F4.2a_AM748575 322 (729.0)
denovo156 F4.2c_AM748577 322 (725.5)
denovo156 F4.2b_AM748576 322 (738.0)
denovo156 F2b_AJ291521 333 (684.5)
denovo156 F2_AJ830908 329 (709.5)
denovo156 F2a_AJ830911 329 (705.0)
denovo156 F3.1a_AM748566 340 (670.5)
denovo156 F114_AJ291525 340 (680.0)
denovo156 F3.1_AM748565 340 (680.0)
denovo156 F3.2_AM748567 352 (697.0)
denovo156 F3.2a_AM748568 347 (702.5)
denovo156 F3.3_AM748569 340 (694.0)
denovo156 F3.4a_AM748571 338 (643.0)
denovo156 F3.4_AM748570 334 (649.0)
denovo156 F3.4b_AM748616 334 (649.0)
denovo156 G101_AJ291539 371 (526.0)
denovo156 G1_AM748597 371 (526.0)
denovo156 G2b_JN558087 365 (525.5)
denovo156 G2_AM748598 366 (519.5)
denovo156 G2a_AM748599 366 (510.5)
denovo156 G4_AM748601 356 (552.0)
denovo156 G3.4_LK392378 355 (513.0)
denovo156 G3_AM748600 357 (535.5)
denovo156 G3.2_KC597694 352 (472.5)
denovo156 G3.1_KC597688 356 (540.0)
denovo156 G100_AB253788 356 (522.5)
denovo156 G3.3_LK392377 356 (530.5)
denovo156 H6_AJ291520 637 (313.0)
denovo156 H3_AM748606 327 (541.0)
denovo156 H2_AM748605 335 (563.5)
denovo156 H4_AM748607 331 (555.0)
denovo156 H4a_AM748608 341 (553.5)
denovo156 H5a_AM748611 339 (534.0)
denovo156 H5b_AM748610 342 (532.5)
denovo156 H5_AJ621129 339 (534.0)
denovo156 H5_AM748609 339 (534.0)
denovo156 H100_AJ291513 339 (523.0)
denovo156 H1b_AM748604 339 (518.0)
denovo156 H1a_AM748612 339 (527.0)
denovo156 H1_AJ621152 339 (527.0)
denovo156 H1_AM748602 339 (527.0)
denovo156 I3_FN561561 337 (734.5)
denovo156 I4_FN561562 337 (734.5)
denovo156 I1_FN561559 336 (731.0)
denovo156 I2_FN561560 339 (730.5)

#---------------------------------------
#---------------------------------------
