denovo213 A136_DQ865210 336 (514.5)
denovo213 A133_DQ174725 358 (479.0)
denovo213 A115_AF180123 341 (478.0)
denovo213 A117_AF201746 346 (491.5)
denovo213 A134_DQ174723 348 (497.0)
denovo213 A114_AF184941 348 (497.0)
denovo213 A135_DQ174727 354 (497.0)
denovo213 A2_AF333506 350 (489.5)
denovo213 A101_AF427468 354 (488.0)
denovo213 A2_1_JN558097 354 (488.0)
denovo213 A2_2_JN558100 354 (488.0)
denovo213 A113_AF184948 335 (514.5)
denovo213 A112_AF184949 334 (485.5)
denovo213 A123_EF378618 349 (323.5)
denovo213 A137_EF378621 344 (317.0)
denovo213 A11_EU449041 343 (512.0)
denovo213 A121_DQ174722 340 (498.0)
denovo213 A15b_EU792886 346 (463.5)
denovo213 A15a_EU792885 345 (479.5)
denovo213 A15c_EU792887 349 (471.5)
denovo213 A15_EU792884 346 (472.5)
denovo213 A147_EU074937 343 (492.5)
denovo213 A154_EU074860 343 (492.5)
denovo213 A146_EU074936 345 (497.5)
denovo213 A150_EU074928 345 (497.5)
denovo213 A116_AF183575 356 (492.0)
denovo213 A141_EU074931 345 (497.5)
denovo213 A5_AF333508 338 (509.5)
denovo213 A3b_EU449043 343 (501.5)
denovo213 A151_EU074925 343 (491.5)
denovo213 A152_EU074927 345 (489.5)
denovo213 A149_EU074929 343 (492.5)
denovo213 A140_EU074930 343 (483.5)
denovo213 A142_EU074932 343 (483.5)
denovo213 A143_EU074933 346 (492.5)
denovo213 A144_EU074934 343 (483.5)
denovo213 A145_EU074935 346 (491.5)
denovo213 A148_EU074938 345 (488.5)
denovo213 A155_EU074856 344 (485.5)
denovo213 A156_EU074859 343 (483.5)
denovo213 A139_EU074962 343 (483.5)
denovo213 A6_AF186058 343 (492.5)
denovo213 A3_AF333507 343 (492.5)
denovo213 A3_JN558091 343 (492.5)
denovo213 A8_AY258468 345 (470.0)
denovo213 A7_AY239360 345 (479.5)
denovo213 A16_EU792888 345 (488.5)
denovo213 A4.3_FN429763 350 (473.0)
denovo213 A120_AF180122 345 (468.5)
denovo213 A4.2_FN429761 348 (464.0)
denovo213 A4_AF333509 348 (492.0)
denovo213 A4.1_FN429760 347 (487.0)
denovo213 A4a_AF499778 347 (499.0)
denovo213 A4a.1_FN429762 347 (499.0)
denovo213 A138_EF378620 344 (444.0)
denovo213 A122_EF378619 343 (481.0)
denovo213 A126_EF378615 342 (482.0)
denovo213 A10_EU792882 342 (482.0)
denovo213 A9_EU449028 345 (483.5)
denovo213 A105_AB207202 346 (494.5)
denovo213 A119_AF180121 341 (477.5)
denovo213 A12_EU792883 337 (486.5)
denovo213 A104_AB207203 340 (496.5)
denovo213 A1a_EU449030 345 (501.5)
denovo213 A1.3_HE578976 356 (487.5)
denovo213 A1.4_HE578977 347 (496.5)
denovo213 A13_AF333504 346 (494.0)
denovo213 A13_JN558094 346 (494.0)
denovo213 A110_AB190282 344 (487.0)
denovo213 A103_AB207206 341 (497.0)
denovo213 A130_EF656428 349 (493.5)
denovo213 A127_EF656429 349 (502.5)
denovo213 A128_EF656430 349 (484.5)
denovo213 A129_EF656431 350 (496.0)
denovo213 A131_EF656432 346 (495.0)
denovo213 A118_AF180120 349 (488.0)
denovo213 A1_AF333505 349 (493.5)
denovo213 A107_AB207199 342 (500.0)
denovo213 A111_AB190280 342 (500.0)
denovo213 A108_AB207197 354 (476.5)
denovo213 A106_AB207200 347 (497.0)
denovo213 A102_AB207209 347 (497.5)
denovo213 A1.2_AB207210 347 (497.5)
denovo213 A109_AB190285 347 (497.0)
denovo213 B4_AF333510 321 (1148.0)
denovo213 B23_EU449079 307 (1249.5)
denovo213 B30_GU907644 307 (1231.5)
denovo213 B11_AY239361 308 (1361.5)
denovo213 B17_AY258470 306 (1381.0)
denovo213 B1k_GU907638 308 (705.5)
denovo213 B1.V_Green2014 313 (1338.5)
denovo213 B1b_AF499780 306 (1312.5)
denovo213 B16_AY258469 306 (1390.0)
denovo213 B31a_GU907646 306 (1390.0)
denovo213 B32_GU907647 306 (1390.0)
denovo213 B31_GU907645 306 (1399.0)
denovo213 B1j_GU907637 306 (1390.0)
denovo213 B37_GU907650 308 (1388.5)
denovo213 B5a_AF499782 306 (1390.0)
denovo213 B5_AF499781 306 (1399.0)
denovo213 B24_GU907643 306 (1239.0)
denovo213 B117_AF180124 306 (1281.5)
denovo213 B10_AF499787 306 (1390.0)
denovo213 B20_GU907642 308 (1373.5)
denovo213 B1m_GU907640 306 (1399.0)
denovo213 B34_GU907649 306 (1399.0)
denovo213 B1d_GU907633 306 (1399.0)
denovo213 B1e_GU907634 306 (1399.0)
denovo213 B1i_GU907636 306 (1399.0)
denovo213 B1g_GU907635 307 (1380.0)
denovo213 B123_EU074872 306 (1390.0)
denovo213 B8_AF499785 307 (1389.0)
denovo213 B1l_GU907639 306 (1399.0)
denovo213 B1a_AF499779 306 (1399.0)
denovo213 B14_AY239362 307 (1389.0)
denovo213 B125_EU074865 306 (1399.0)
denovo213 B122_EU074871 306 (1399.0)
denovo213 B124_EU074874 306 (1399.0)
denovo213 B1.VII_Green2014 306 (1329.0)
denovo213 B1.III_Green2014 306 (1327.0)
denovo213 B1.I_Green2014 306 (1408.0)
denovo213 B1.II_Green2014 306 (1408.0)
denovo213 B1_JN558057 306 (1408.0)
denovo213 B1_AF333511 306 (1408.0)
denovo213 B1.IV_Green2014 316 (1393.5)
denovo213 B121_EU074870 306 (1399.0)
denovo213 B7_AF499784 306 (1399.0)
denovo213 B1.VI_Green2014 307 (1339.0)
denovo213 B3_AF333514 306 (1286.5)
denovo213 B9_AF499786 306 (1295.5)
denovo213 B19a_JN558055 310 (1189.5)
denovo213 B119_EU099825 315 (1221.0)
denovo213 B21_DQ865213 306 (1273.0)
denovo213 B38_GU907651 306 (1273.0)
denovo213 B18_AY258471 306 (1313.5)
denovo213 B18a_AY258472 306 (1304.5)
denovo213 B33_GU907648 306 (1304.5)
denovo213 B6_AF499783 311 (1310.0)
denovo213 B19_DQ865212 306 (1322.5)
denovo213 B19_GU907641 306 (1322.5)
denovo213 B2_AF333512 306 (1313.5)
denovo213 B2_JN558060 306 (1313.5)
denovo213 C33.1_AY258498 329 (657.0)
denovo213 C33.2_AY765400 329 (657.0)
denovo213 C33a_EF541147 329 (657.0)
denovo213 C34_AY258499 322 (655.0)
denovo213 C78_AY765413 324 (632.5)
denovo213 C15.29_KC597690 328 (615.5)
denovo213 C1131_DQ182650 329 (618.5)
denovo213 C1135_DQ182646 322 (617.0)
denovo213 C1134_DQ182647 324 (604.5)
denovo213 C1142_DQ182635 324 (613.5)
denovo213 C1136_DQ182644 322 (588.5)
denovo213 C1111_DQ182645 322 (605.5)
denovo213 C1236_EF473656 325 (597.5)
denovo213 C1138_DQ182642 319 (606.0)
denovo213 C1137_DQ182643 322 (596.5)
denovo213 C1133_DQ182648 322 (596.5)
denovo213 C1132_DQ182649 326 (599.0)
denovo213 C1143_DQ182634 322 (605.5)
denovo213 C1139_DQ182639 324 (613.5)
denovo213 C15.28_KC597687 324 (668.5)
denovo213 C1141_DQ182636 324 (622.5)
denovo213 C1144_DQ182637 324 (631.5)
denovo213 C1122_DQ182654 324 (640.5)
denovo213 C1127_DQ182652 324 (640.5)
denovo213 C15.30_JX394114 329 (656.5)
denovo213 C15.26_KC597686 325 (652.5)
denovo213 C1086_DQ182656 326 (655.5)
denovo213 C15.25_KC597685 326 (664.5)
denovo213 C1118_AF180127 332 (607.5)
denovo213 C1129_DQ182651 326 (609.5)
denovo213 C15.21_KC597683 324 (632.0)
denovo213 C56_AY589760 323 (647.0)
denovo213 C1140_DQ182638 326 (627.5)
denovo213 C1126_DQ182653 326 (618.5)
denovo213 C15c_AY258492 323 (665.0)
denovo213 C15d_AY258493 322 (671.5)
denovo213 C1098_DQ182641 325 (660.5)
denovo213 C15.27_KC597689 326 (655.5)
denovo213 C15.18_HE579024 325 (653.0)
denovo213 C15.16_HE579022 331 (679.0)
denovo213 C1101_AB253787 326 (646.5)
denovo213 C1083_AY237300 326 (655.5)
denovo213 C1088_DQ182640 326 (654.5)
denovo213 C15.6_FN563472 326 (655.5)
denovo213 C15.5_FJ461512 326 (647.5)
denovo213 C15.4_FJ461511 326 (656.5)
denovo213 C15.13_HE579019 326 (646.5)
denovo213 C15.12_HE579018 326 (655.5)
denovo213 C93a_AM748563 324 (677.0)
denovo213 C1094_AJ291514 324 (659.0)
denovo213 C93_AM748562 324 (668.0)
denovo213 C15.17_HE579023 325 (646.5)
denovo213 C15e_AY589742 328 (665.0)
denovo213 C15.22_KC597695 327 (658.5)
denovo213 C60_AY589764 326 (655.5)
denovo213 C15.1_FJ461508 326 (655.5)
denovo213 C15.2_FJ461509 326 (655.5)
denovo213 C15.9_FN563475 326 (673.5)
denovo213 C15.7_HE579015 325 (670.0)
denovo213 C15.8_HE579016 326 (655.5)
denovo213 C15.15_HE579021 326 (655.5)
denovo213 C15.19_HE579025 326 (664.5)
denovo213 C15.24_KC597696 326 (646.5)
denovo213 C15.3_FJ461510 326 (656.5)
denovo213 C1087_DQ182655 326 (664.5)
denovo213 C15.14_HE579020 327 (655.0)
denovo213 C15.23_KC597697 327 (655.0)
denovo213 C19_AY258479 325 (674.0)
denovo213 C1233_EU118166 326 (655.5)
denovo213 C15b_AY258491 326 (655.5)
denovo213 C15a_AY258476 326 (665.5)
denovo213 C1051_AF195153 326 (673.5)
denovo213 C2_AF333518 327 (672.5)
denovo213 C15.20_HE579026 327 (664.0)
denovo213 C15f_AY589743 328 (657.5)
denovo213 C55_AY589759 331 (666.5)
denovo213 C15_AY239369 326 (664.5)
denovo213 C32.1_JF683335 324 (612.0)
denovo213 C32.2_JF683336 324 (612.0)
denovo213 C21.23_KC597693 324 (612.0)
denovo213 C1193_EU099827 335 (643.0)
denovo213 C1195_EU099821 334 (652.0)
denovo213 C3q_GU907655 336 (633.5)
denovo213 C53_AY589758 334 (634.0)
denovo213 C73_AY765408 333 (638.5)
denovo213 C17.2.1_KC597684 327 (609.5)
denovo213 C32_AY258497 328 (631.0)
denovo213 C1189_EU099831 326 (626.5)
denovo213 C1191_EU099833 325 (633.0)
denovo213 C1196_EU099819 326 (617.5)
denovo213 C1192_EU099820 326 (626.5)
denovo213 C17.1_JF683322 326 (626.5)
denovo213 C26_b2_FN827164 331 (628.5)
denovo213 C26_b3_FN827165 327 (608.0)
denovo213 C31.9_HQ630879 328 (613.0)
denovo213 C31a_AY589746 328 (609.5)
denovo213 C30_AY589745 325 (610.0)
denovo213 C31.1_HQ630876 332 (611.0)
denovo213 C31.5_HQ630877 329 (621.0)
denovo213 C31.6_HQ630878 328 (618.5)
denovo213 C31.2_JF683332 328 (618.5)
denovo213 C31.3_JF683333 328 (609.5)
denovo213 C26/C35a_AY239378 327 (617.0)
denovo213 C35a_AY258501 327 (617.0)
denovo213 C35.2_AY258500 327 (626.0)
denovo213 C26_b1_FN827163 327 (626.0)
denovo213 C17_AY239370 326 (626.5)
denovo213 C17.2_FJ461513 328 (625.5)
denovo213 C31.10_HQ630880 328 (622.0)
denovo213 C31.4_JF683334 332 (607.0)
denovo213 C31_AY258496 328 (618.5)
denovo213 C25_AY239377 323 (659.0)
denovo213 C61_AY589765 326 (613.5)
denovo213 C1043_DQ072721 326 (615.5)
denovo213 C79_AY765414 329 (636.0)
denovo213 C69_AY589773 321 (640.5)
denovo213 C69a_AY686648 321 (631.5)
denovo213 C21.22_KC597692 326 (607.5)
denovo213 C51_AY589756 325 (636.0)
denovo213 C1aa_HM185739 328 (654.0)
denovo213 C1096_DQ068023 325 (641.5)
denovo213 C74_AY765409 334 (674.5)
denovo213 C1185_AB294629 334 (683.5)
denovo213 C1184_AB294630 334 (665.5)
denovo213 C1153_AB294625 334 (665.5)
denovo213 C1154_AB294626 333 (681.0)
denovo213 C1187_AB294627 334 (665.5)
denovo213 C1186_AB294628 334 (665.5)
denovo213 C57_AY589761 334 (674.5)
denovo213 C66_AY589771 334 (674.5)
denovo213 C5_AF499795 327 (650.5)
denovo213 C1167_AB294586 326 (655.5)
denovo213 C1164_AB294593 326 (655.5)
denovo213 C1183_AB294631 327 (667.5)
denovo213 C1067_DQ335381 326 (646.5)
denovo213 C1159_AB294613 325 (658.0)
denovo213 C1150_AB294622 325 (667.0)
denovo213 C90_AM748554 328 (672.5)
denovo213 C1168_AB294583 326 (664.5)
denovo213 C1156_AB294616 326 (673.5)
denovo213 C1151_AB294621 326 (682.5)
denovo213 C92a_AM748561 326 (682.5)
denovo213 C92_AM748560 326 (673.5)
denovo213 C1165_AB294581 323 (665.0)
denovo213 C1166_AB294584 326 (682.5)
denovo213 C1162_AB294594 326 (664.5)
denovo213 C1163_AB294596 326 (674.0)
denovo213 C1161_AB294606 326 (673.5)
denovo213 C1160_AB294608 330 (666.0)
denovo213 C1158_AB294614 327 (677.5)
denovo213 C1155_AB294617 326 (664.5)
denovo213 C1149_AB294620 326 (673.5)
denovo213 C1173_AB294662 326 (682.5)
denovo213 C1171_AB294663 326 (664.5)
denovo213 C1172_AB294665 326 (664.5)
denovo213 C91a_AM748556 326 (675.0)
denovo213 C91b_AM748557 326 (673.5)
denovo213 C91d_AM748559 325 (671.0)
denovo213 C91c_AM748558 325 (671.0)
denovo213 C91_AJ621543 326 (673.5)
denovo213 C91_AM748555 326 (673.5)
denovo213 C1023_DQ335330 317 (626.5)
denovo213 C1020_DQ335392 330 (650.0)
denovo213 C1018_DQ335408 326 (656.5)
denovo213 C1074_DQ335329 326 (647.5)
denovo213 C1030_DQ335353 326 (647.5)
denovo213 C1022_DQ335331 326 (647.5)
denovo213 C1027_DQ335360 326 (665.5)
denovo213 C1072_DQ335344 326 (647.5)
denovo213 C1039_AB190274 328 (662.5)
denovo213 C1033_DQ335350 331 (644.5)
denovo213 C1019_DQ335407 326 (656.5)
denovo213 C1194_EU099826 329 (641.0)
denovo213 C8b_AY258475 328 (637.5)
denovo213 C8_AY239367 329 (646.0)
denovo213 C8a_AY239368 331 (642.0)
denovo213 C54a_AY765406 326 (655.5)
denovo213 C3ff_HM185740 326 (665.5)
denovo213 C59_AY589763 330 (641.0)
denovo213 C3k_AY589737 325 (663.0)
denovo213 C3.24_HE579012 325 (663.5)
denovo213 C3.23_HE579011 326 (657.0)
denovo213 C35.1_AY765401 336 (667.0)
denovo213 C35.3_EF541145 329 (665.0)
denovo213 C76_AY765411 329 (645.5)
denovo213 C1107_DQ335359 325 (631.0)
denovo213 C3.22_HE579010 329 (630.5)
denovo213 C77_AY765412 326 (644.0)
denovo213 C20_AY239371 329 (655.5)
denovo213 C1055_DQ480640 326 (653.0)
denovo213 C27/C30_AY239379 327 (617.0)
denovo213 C27.1_FJ461517 327 (608.0)
denovo213 C40a_AY589747 331 (659.5)
denovo213 C40_AY258485 331 (659.5)
denovo213 C40b_AY589748 332 (650.5)
denovo213 C16_AY258477 329 (656.0)
denovo213 C16a_AY765399 329 (656.0)
denovo213 C1091_AB207186 328 (663.0)
denovo213 C1102_DQ335400 326 (639.0)
denovo213 C1069_DQ335375 327 (659.0)
denovo213 C1073_DQ335332 327 (651.0)
denovo213 C1066_DQ335382 326 (648.5)
denovo213 C1031_DQ335352 331 (662.5)
denovo213 C1026_DQ335366 331 (662.0)
denovo213 C70_AY589774 326 (666.0)
denovo213 C1082_AB190267 326 (648.0)
denovo213 C1078_AB190271 324 (659.5)
denovo213 C1090_AB207191 326 (656.5)
denovo213 C1071_DQ335302 327 (659.5)
denovo213 C1075_DQ335328 326 (657.0)
denovo213 C1068_DQ335379 326 (648.0)
denovo213 C1064_DQ335395 326 (648.0)
denovo213 C1063_DQ335403 323 (657.5)
denovo213 C62_AY589766 326 (657.0)
denovo213 C1077_DQ335316 323 (662.5)
denovo213 C1109_DQ335338 326 (648.0)
denovo213 C1110_DQ335340 326 (639.0)
denovo213 C1106_DQ335339 328 (645.0)
denovo213 C1112_DQ335319 328 (654.0)
denovo213 C1108_DQ335351 328 (645.0)
denovo213 C1105_DQ335394 328 (654.0)
denovo213 C1121_DQ335378 335 (647.0)
denovo213 C1116_AB190268 333 (650.0)
denovo213 C1115_AB190273 335 (656.0)
denovo213 C1124_DQ335323 328 (636.0)
denovo213 C1120_DQ335398 328 (636.0)
denovo213 C1119_DQ335404 328 (645.0)
denovo213 C1123_DQ335363 328 (645.0)
denovo213 C1004_DQ480635 328 (662.0)
denovo213 C1061_AY186568 328 (653.0)
denovo213 C1053_AY186569 328 (662.0)
denovo213 C1003_DQ480639 328 (662.0)
denovo213 C81_GU907657 319 (634.5)
denovo213 C22_AY239373 326 (655.5)
denovo213 C22a_AY239374 326 (664.5)
denovo213 C1232_EU118163 328 (653.0)
denovo213 C21.13_FJ461515 325 (615.0)
denovo213 C21.1_JF683323 326 (626.5)
denovo213 C21.3_JF683325 326 (635.5)
denovo213 C1.20_HE578993 325 (645.0)
denovo213 C1.22_HE578995 325 (636.0)
denovo213 C52_AY589757 327 (653.5)
denovo213 C1201_EU099793 326 (626.5)
denovo213 C14_AY589741 328 (647.5)
denovo213 C43_AY589749 328 (653.5)
denovo213 C50_AY589755 326 (655.5)
denovo213 C3.14_HQ630872 325 (662.0)
denovo213 C1m_AY765398 326 (657.5)
denovo213 C82_GU907658 333 (650.5)
denovo213 C82b_GU907660 333 (650.5)
denovo213 C64_AY589768 326 (664.5)
denovo213 C45a_AY765404 328 (662.0)
denovo213 C48_AY589753 328 (683.0)
denovo213 C1_v1b_FJ919244 327 (650.0)
denovo213 C1_v1a_FJ919243 325 (654.0)
denovo213 C3j_AY239366 326 (647.5)
denovo213 C3t_EF541149 329 (664.5)
denovo213 C9_AF499798 327 (660.0)
denovo213 C23_AY239375 326 (675.5)
denovo213 C37_AY258481 330 (650.5)
denovo213 C1048_DQ068026 329 (655.0)
denovo213 C21.4_JF683326 327 (628.5)
denovo213 C21.5_JF683327 326 (626.5)
denovo213 C1070_DQ335349 326 (665.5)
denovo213 C21.6_HQ630873 326 (644.5)
denovo213 C1224_EU074890 325 (672.0)
denovo213 C1.17_HE578990 325 (672.0)
denovo213 C21_b1_FN827162 328 (623.0)
denovo213 C21.9_JF683330 328 (632.0)
denovo213 C1085_AY624605 323 (648.5)
denovo213 C3p_GU907654 326 (641.5)
denovo213 C3f_AY589734 326 (665.5)
denovo213 C65a_AY589770 328 (661.5)
denovo213 C65_AY589769 328 (670.5)
denovo213 C71_AY589775 328 (661.5)
denovo213 C71a_AY589776 329 (655.5)
denovo213 C1178_AB294647 325 (648.0)
denovo213 C1225_EU074893 325 (681.0)
denovo213 C75_AY765410 325 (663.0)
denovo213 C21.10_JF683331 326 (635.0)
denovo213 C21.11_HQ630874 325 (632.5)
denovo213 C1065_DQ335388 326 (665.5)
denovo213 C1045_DQ068036 326 (674.5)
denovo213 C1h_AY258473 324 (659.5)
denovo213 C38_AY258482 325 (653.0)
denovo213 C1202_EU099799 325 (662.0)
denovo213 C7_AF499797 325 (662.0)
denovo213 C12_AF499801 327 (651.5)
denovo213 C38a_AY258483 326 (670.5)
denovo213 C1200_EU099800 316 (660.0)
denovo213 C44a_AY589751 328 (671.0)
denovo213 C47_AY589752 328 (671.0)
denovo213 C44_AY589750 328 (662.0)
denovo213 C1.15_HE578988 325 (654.0)
denovo213 C45.3_FJ461522 328 (653.0)
denovo213 C46a_AY765405 328 (653.0)
denovo213 C46_EU449108 328 (662.0)
denovo213 C3.12_FJ461507 329 (664.5)
denovo213 C1k_AY589733 328 (653.0)
denovo213 C67_AY686647 328 (662.0)
denovo213 C82a_GU907659 325 (654.0)
denovo213 C10a_AY589739 328 (662.0)
denovo213 C10_AF499799 328 (653.0)
denovo213 C13_AY589740 330 (656.0)
denovo213 C4_AF499794 328 (653.0)
denovo213 C1147_EF656433 328 (653.0)
denovo213 C1c/C45_AY239364 328 (662.0)
denovo213 C1c/C45_EU449103 328 (662.0)
denovo213 C21.19_HE579031 326 (635.5)
denovo213 C21.21_HE579033 326 (626.5)
denovo213 C21.20_HE579032 326 (635.5)
denovo213 C42b_AY765403 329 (647.5)
denovo213 C42_AY258487 329 (656.5)
denovo213 C1p_GU907652 325 (654.0)
denovo213 C1d_AY258488 328 (644.0)
denovo213 C42_AY765402 328 (653.0)
denovo213 C3ha_AY589736 326 (626.5)
denovo213 C63a_AY589767 328 (643.5)
denovo213 C21a_AY589744 326 (635.5)
denovo213 C3o_GU907653 325 (633.0)
denovo213 C21.16_HQ630875 328 (631.5)
denovo213 C21.2_JF683324 326 (626.5)
denovo213 C21.7_JF683328 325 (633.0)
denovo213 C21.8_JF683329 327 (638.0)
denovo213 C3h_AY239365 326 (626.5)
denovo213 C1203_EU099798 326 (626.5)
denovo213 C3.10_FJ461505 326 (674.5)
denovo213 C21.14_FJ461516 326 (644.5)
denovo213 C21.18_HE579030 332 (623.5)
denovo213 C3.17_HE579005 326 (656.5)
denovo213 C3.9_FJ461504 328 (659.0)
denovo213 C3.8_FJ461503 328 (671.0)
denovo213 C3.7_FJ461502 326 (656.5)
denovo213 C3.11_FJ461506 333 (668.0)
denovo213 C3.18_HE579006 326 (656.5)
denovo213 C3.19_HE579007 326 (656.5)
denovo213 C3.20_HE579008 326 (656.5)
denovo213 C3g_AY589735 329 (648.5)
denovo213 C3a_AF499790 326 (674.5)
denovo213 C3e_AF499793 326 (674.5)
denovo213 C6_AF499796 333 (676.5)
denovo213 C11_AF499800 326 (656.5)
denovo213 C36_AY258480 326 (674.5)
denovo213 C29_AY258494 326 (674.5)
denovo213 C1146_EF656434 327 (660.0)
denovo213 C1190_EU099841 326 (674.5)
denovo213 C131_JF320826 326 (656.5)
denovo213 C28_AY239380 334 (664.0)
denovo213 C1012_DQ480604 326 (656.5)
denovo213 C1181_AB294640 326 (641.5)
denovo213 C1180_AB294641 326 (659.5)
denovo213 C1179_AB294645 326 (649.5)
denovo213 C1176_AB294651 326 (659.5)
denovo213 C1175_AB294653 326 (641.5)
denovo213 C1174_AB294655 328 (647.0)
denovo213 C1177_AB294659 326 (650.5)
denovo213 C1040_AB190269 328 (662.0)
denovo213 C1182_AB294649 326 (656.5)
denovo213 C1089_AJ278598 326 (656.5)
denovo213 C1028_DQ335357 333 (667.5)
denovo213 C3.16_EU786015 326 (674.5)
denovo213 C1097_AJ311943 327 (654.5)
denovo213 C1170_AB294661 326 (650.5)
denovo213 C21.17_HE579029 326 (646.5)
denovo213 C21/3d/C3k_AY239372 326 (635.5)
denovo213 C58_AY589762 327 (635.0)
denovo213 C3L_AY589738 329 (661.0)
denovo213 C1169_AB294660 326 (650.5)
denovo213 C3.2_FJ461497 326 (659.5)
denovo213 C3.1_JF683321 325 (666.0)
denovo213 C1104_AF427469 327 (655.5)
denovo213 C3b_AF499791 326 (668.5)
denovo213 C83_GU907661 326 (668.0)
denovo213 C49_AY589754 352 (680.0)
denovo213 C3_AB778606 326 (665.5)
denovo213 C3_AF499789 326 (665.5)
denovo213 C3_HE579001 326 (665.5)
denovo213 C21.12_FJ461514 326 (617.5)
denovo213 C1229_EU074888 322 (649.5)
denovo213 C1230_EU074889 322 (658.5)
denovo213 C1114_AB207196 326 (647.5)
denovo213 C3.21_HE579009 326 (587.5)
denovo213 C1057_DQ480619 325 (654.0)
denovo213 C72_AY765407 322 (653.5)
denovo213 C1b.3_HE578999 325 (648.0)
denovo213 C93_AJ621536 326 (656.5)
denovo213 C94_AJ621539 325 (654.0)
denovo213 C1g_AY589730 325 (672.0)
denovo213 C1i_AY589731 322 (654.0)
denovo213 C1j_AY589732 332 (665.0)
denovo213 C1005_DQ480633 325 (654.0)
denovo213 C1.7_FJ461494 325 (654.0)
denovo213 C1.11_HE578984 325 (654.5)
denovo213 C1.12_HE578985 325 (654.0)
denovo213 C1.13_HE578986 325 (663.0)
denovo213 C1.14_HE578987 325 (663.0)
denovo213 C1.18_HE578991 325 (654.0)
denovo213 C1.19_HE578992 325 (654.0)
denovo213 C1199_EU099802 325 (648.0)
denovo213 C1188_EU099838 325 (663.0)
denovo213 C1002_DQ838544 326 (665.5)
denovo213 C1198_EU099810 325 (654.0)
denovo213 C24_AY239376 325 (654.0)
denovo213 C1f_AY258490 325 (663.0)
denovo213 C1006_DQ480629 325 (672.0)
denovo213 C1010_DQ480607 325 (654.0)
denovo213 C1007_DQ480624 325 (654.0)
denovo213 C1011_DQ480605 325 (654.0)
denovo213 C1009_DQ480608 329 (656.0)
denovo213 C1041_AY186548 325 (663.0)
denovo213 C1052_AY186570 325 (654.0)
denovo213 C1148_EU040178 325 (663.0)
denovo213 C1234_EU118165 326 (662.0)
denovo213 C1.5_EF634157 325 (663.0)
denovo213 C1059_DQ480609 325 (654.0)
denovo213 C1228_EU074883 325 (654.0)
denovo213 C1208_EU074963 325 (654.0)
denovo213 C1207_EU074964 325 (663.0)
denovo213 C1206_EU074965 325 (654.0)
denovo213 C1013_DQ480642 328 (653.5)
denovo213 C80_GU907656 335 (656.5)
denovo213 C1a_AF499788 325 (662.0)
denovo213 C41_AY258486 325 (663.0)
denovo213 C39_AY258484 313 (667.0)
denovo213 C1231_EU074878 325 (654.0)
denovo213 C1b.1_HE578997 325 (648.0)
denovo213 C18_AY258478 325 (663.0)
denovo213 C1.10_HE578983 324 (657.5)
denovo213 C1_JN558041 325 (663.0)
denovo213 C1_HE578979 325 (663.0)
denovo213 C1_AM748551 325 (663.0)
denovo213 C1_AF333515 325 (663.0)
denovo213 C1054_AY186565 324 (666.5)
denovo213 C1008_DQ480613 325 (654.0)
denovo213 C1103_AF427470 326 (653.0)
denovo213 C1226_EU074881 326 (653.0)
denovo213 C1b/C1e_AY239363 325 (657.0)
denovo213 C1044_DQ068038 325 (648.0)
denovo213 C1017_DQ174729 326 (647.0)
denovo213 C1.6_FJ461493 325 (672.0)
denovo213 C1b.2_HE578998 325 (648.0)
denovo213 C1060_DQ480600 325 (654.0)
denovo213 C1227_EU074882 325 (654.0)
denovo213 C1197_EU099814 325 (654.0)
denovo213 C1130_DQ480643 325 (565.5)
denovo213 D109_AB097465 355 (497.5)
denovo213 D1.11_HE579040 356 (509.5)
denovo213 D105_AF174570 357 (504.0)
denovo213 D104_AF174572 356 (500.5)
denovo213 D1.3_JF683337 356 (500.5)
denovo213 D1.10_HE579039 356 (500.5)
denovo213 D110_AF174561 356 (500.5)
denovo213 D117_AF174542 356 (500.5)
denovo213 D114_AF174549 356 (509.5)
denovo213 D113_AF174557 356 (500.5)
denovo213 D112_AF174558 358 (507.0)
denovo213 D106_AF174559 363 (512.0)
denovo213 D111_AF174560 356 (509.0)
denovo213 D115_AF174562 356 (500.5)
denovo213 D107_AF174568 354 (504.0)
denovo213 D116_AF174571 361 (497.0)
denovo213 D124_EU074897 353 (510.0)
denovo213 D1.8_HE579037 358 (507.0)
denovo213 D3_AY686650 356 (509.5)
denovo213 D1.6_HQ630881 356 (500.5)
denovo213 D120_EU074900 356 (500.5)
denovo213 D121_EU074904 361 (506.0)
denovo213 D122_EU074905 356 (500.5)
denovo213 D1a.2_JF683339 363 (505.0)
denovo213 D1a.1_JF683338 353 (510.0)
denovo213 D2_AY686649 589 (576.0)
denovo213 D4_DQ865214 359 (506.5)
denovo213 D1a_AF499802 356 (509.5)
denovo213 D1a_JN558078 356 (509.5)
denovo213 D123_EU074895 357 (512.0)
denovo213 D108_AF174567 352 (515.5)
denovo213 D103_AF174575 356 (509.5)
denovo213 D100_AF411415 356 (509.5)
denovo213 D118_EF656435 350 (518.5)
denovo213 D101_AF411416 356 (494.5)
denovo213 D119_EU099832 355 (491.0)
denovo213 D102_AF174573 356 (513.0)
denovo213 D1_AF334660 356 (509.5)
denovo213 D1_JN558076 356 (509.5)
denovo213 D1.12_HE579041 337 (507.5)
denovo213 D1.1_AM748564 417 (505.5)
denovo213 D1.2_AM748617 418 (501.5)
denovo213 E111_EU074915 363 (479.5)
denovo213 E110_EU074914 365 (485.5)
denovo213 E114_EU074909 365 (467.5)
denovo213 E1_AF334659 366 (475.5)
denovo213 E105_EU074921 365 (485.5)
denovo213 E112_EU074916 365 (467.5)
denovo213 E104_EU074922 365 (476.5)
denovo213 E102_EU074924 365 (467.5)
denovo213 E103_EU074923 365 (476.5)
denovo213 E101_AY160123 370 (451.5)
denovo213 E109_EU074913 356 (485.0)
denovo213 E100_DQ011618 361 (498.0)
denovo213 E108_EU074912 364 (490.0)
denovo213 E113_EU074908 357 (499.0)
denovo213 E107_EU074910 361 (489.0)
denovo213 F1_JN558066 335 (619.0)
denovo213 F5.2d_AJ291530 329 (648.0)
denovo213 F104_AJ291531 329 (648.0)
denovo213 F5.2c_AM748596 329 (639.5)
denovo213 F5.2_AM748594 329 (639.0)
denovo213 F5.2a_AM748614 329 (639.0)
denovo213 F5.2b_AM748595 329 (639.0)
denovo213 F5.2e_AJ291533 330 (624.5)
denovo213 F5.2g_JN558072 329 (647.5)
denovo213 F5.2f_AJ291512 329 (638.5)
denovo213 F102_AJ291534 329 (638.5)
denovo213 F5.1c_AM748593 329 (664.0)
denovo213 F5.1d_JN558069 334 (625.0)
denovo213 F5.1b_AJ291535 328 (652.5)
denovo213 F5.1_AM748592 330 (649.0)
denovo213 F5.1a_AM748591 328 (652.5)
denovo213 F110_AJ291526 321 (731.5)
denovo213 F4.7_AM748587 323 (714.0)
denovo213 F4.5_AM748585 323 (709.5)
denovo213 F4.4a_AM748583 317 (739.0)
denovo213 F4.4_AM748582 322 (741.5)
denovo213 F4.4b_AM748584 315 (749.0)
denovo213 F4.1a_AM748573 325 (687.0)
denovo213 F112_AJ291528 322 (681.0)
denovo213 F4.1_AM748572 322 (681.0)
denovo213 F4.8b_AM748590 327 (729.0)
denovo213 F4.8_AM748588 318 (729.5)
denovo213 F4.8a_AM748589 318 (729.5)
denovo213 F109_AJ291527 324 (734.0)
denovo213 F4.6_AM748586 322 (689.5)
denovo213 F111_AJ311949 315 (728.0)
denovo213 F4.3c_AM748581 316 (731.0)
denovo213 F4.3a_AM748579 315 (738.0)
denovo213 F4.3b_AM748580 316 (740.0)
denovo213 F4.3_AM748578 316 (731.0)
denovo213 F4.2_AM748574 321 (740.5)
denovo213 F4.2a_AM748575 321 (717.0)
denovo213 F4.2c_AM748577 321 (713.5)
denovo213 F4.2b_AM748576 321 (726.0)
denovo213 F2b_AJ291521 334 (676.0)
denovo213 F2_AJ830908 330 (701.0)
denovo213 F2a_AJ830911 330 (696.5)
denovo213 F3.1a_AM748566 341 (655.0)
denovo213 F114_AJ291525 341 (664.5)
denovo213 F3.1_AM748565 341 (664.5)
denovo213 F3.2_AM748567 345 (702.5)
denovo213 F3.2a_AM748568 348 (695.5)
denovo213 F3.3_AM748569 342 (680.5)
denovo213 F3.4a_AM748571 339 (635.0)
denovo213 F3.4_AM748570 335 (641.0)
denovo213 F3.4b_AM748616 335 (641.0)
denovo213 G101_AJ291539 367 (522.5)
denovo213 G1_AM748597 367 (522.5)
denovo213 G2b_JN558087 362 (499.0)
denovo213 G2_AM748598 363 (493.0)
denovo213 G2a_AM748599 363 (484.0)
denovo213 G4_AM748601 355 (549.5)
denovo213 G3.4_LK392378 363 (500.0)
denovo213 G3_AM748600 357 (509.0)
denovo213 G3.2_KC597694 360 (452.5)
denovo213 G3.1_KC597688 355 (520.0)
denovo213 G100_AB253788 358 (501.5)
denovo213 G3.3_LK392377 355 (510.5)
denovo213 H6_AJ291520 642 (320.5)
denovo213 H3_AM748606 327 (541.0)
denovo213 H2_AM748605 336 (557.0)
denovo213 H4_AM748607 332 (548.5)
denovo213 H4a_AM748608 342 (547.0)
denovo213 H5a_AM748611 340 (527.5)
denovo213 H5b_AM748610 343 (526.0)
denovo213 H5_AJ621129 340 (527.5)
denovo213 H5_AM748609 340 (527.5)
denovo213 H100_AJ291513 340 (516.5)
denovo213 H1b_AM748604 340 (511.5)
denovo213 H1a_AM748612 340 (520.5)
denovo213 H1_AJ621152 340 (520.5)
denovo213 H1_AM748602 340 (520.5)
denovo213 I3_FN561561 337 (716.5)
denovo213 I4_FN561562 337 (716.5)
denovo213 I1_FN561559 336 (713.0)
denovo213 I2_FN561560 339 (712.5)

#---------------------------------------
#---------------------------------------
