denovo95 A136_DQ865210 336 (436.5)
denovo95 A133_DQ174725 355 (443.5)
denovo95 A115_AF180123 348 (427.5)
denovo95 A117_AF201746 348 (470.5)
denovo95 A134_DQ174723 347 (476.0)
denovo95 A114_AF184941 348 (470.5)
denovo95 A135_DQ174727 348 (452.5)
denovo95 A2_AF333506 348 (476.0)
denovo95 A101_AF427468 348 (461.5)
denovo95 A2_1_JN558097 348 (461.5)
denovo95 A2_2_JN558100 348 (461.5)
denovo95 A113_AF184948 346 (441.5)
denovo95 A112_AF184949 337 (444.0)
denovo95 A123_EF378618 326 (343.5)
denovo95 A137_EF378621 338 (334.5)
denovo95 A11_EU449041 329 (461.0)
denovo95 A121_DQ174722 337 (444.0)
denovo95 A15b_EU792886 330 (416.0)
denovo95 A15a_EU792885 330 (425.5)
denovo95 A15c_EU792887 330 (426.0)
denovo95 A15_EU792884 330 (425.0)
denovo95 A147_EU074937 332 (441.0)
denovo95 A154_EU074860 332 (430.5)
denovo95 A146_EU074936 328 (446.0)
denovo95 A150_EU074928 328 (464.0)
denovo95 A116_AF183575 328 (455.5)
denovo95 A141_EU074931 328 (455.0)
denovo95 A5_AF333508 335 (456.0)
denovo95 A3b_EU449043 328 (446.5)
denovo95 A151_EU074925 328 (446.0)
denovo95 A152_EU074927 336 (443.5)
denovo95 A149_EU074929 330 (442.5)
denovo95 A140_EU074930 328 (437.0)
denovo95 A142_EU074932 328 (437.0)
denovo95 A143_EU074933 328 (455.0)
denovo95 A144_EU074934 327 (444.0)
denovo95 A145_EU074935 332 (450.0)
denovo95 A148_EU074938 334 (446.5)
denovo95 A155_EU074856 328 (446.0)
denovo95 A156_EU074859 328 (437.0)
denovo95 A139_EU074962 328 (437.0)
denovo95 A6_AF186058 328 (446.0)
denovo95 A3_AF333507 328 (446.0)
denovo95 A3_JN558091 328 (446.0)
denovo95 A8_AY258468 332 (440.5)
denovo95 A7_AY239360 324 (452.5)
denovo95 A16_EU792888 328 (447.0)
denovo95 A4.3_FN429763 346 (443.0)
denovo95 A120_AF180122 342 (441.5)
denovo95 A4.2_FN429761 343 (460.5)
denovo95 A4_AF333509 344 (463.5)
denovo95 A4.1_FN429760 343 (458.5)
denovo95 A4a_AF499778 344 (464.0)
denovo95 A4a.1_FN429762 344 (464.0)
denovo95 A138_EF378620 337 (448.0)
denovo95 A122_EF378619 333 (467.0)
denovo95 A126_EF378615 332 (468.0)
denovo95 A10_EU792882 332 (468.0)
denovo95 A9_EU449028 341 (453.5)
denovo95 A105_AB207202 340 (450.5)
denovo95 A119_AF180121 329 (462.0)
denovo95 A12_EU792883 340 (469.0)
denovo95 A104_AB207203 337 (459.5)
denovo95 A1a_EU449030 341 (454.0)
denovo95 A1.3_HE578976 338 (453.0)
denovo95 A1.4_HE578977 339 (456.0)
denovo95 A13_AF333504 338 (453.0)
denovo95 A13_JN558094 338 (453.0)
denovo95 A110_AB190282 338 (454.0)
denovo95 A103_AB207206 337 (459.5)
denovo95 A130_EF656428 337 (450.5)
denovo95 A127_EF656429 337 (459.5)
denovo95 A128_EF656430 337 (468.5)
denovo95 A129_EF656431 338 (453.5)
denovo95 A131_EF656432 337 (459.5)
denovo95 A118_AF180120 333 (450.0)
denovo95 A1_AF333505 337 (459.5)
denovo95 A107_AB207199 337 (468.5)
denovo95 A111_AB190280 337 (468.5)
denovo95 A108_AB207197 338 (438.0)
denovo95 A106_AB207200 337 (460.5)
denovo95 A102_AB207209 337 (459.5)
denovo95 A1.2_AB207210 337 (459.5)
denovo95 A109_AB190285 339 (465.5)
denovo95 B4_AF333510 320 (659.0)
denovo95 B23_EU449079 328 (544.0)
denovo95 B30_GU907644 337 (543.0)
denovo95 B11_AY239361 331 (598.0)
denovo95 B17_AY258470 339 (591.5)
denovo95 B1k_GU907638 311 (306.5)
denovo95 B1.V_Green2014 338 (555.5)
denovo95 B1b_AF499780 321 (572.0)
denovo95 B16_AY258469 329 (591.5)
denovo95 B31a_GU907646 332 (590.5)
denovo95 B32_GU907647 332 (590.5)
denovo95 B31_GU907645 332 (599.5)
denovo95 B1j_GU907637 332 (617.5)
denovo95 B37_GU907650 341 (609.5)
denovo95 B5a_AF499782 331 (596.0)
denovo95 B5_AF499781 331 (605.0)
denovo95 B24_GU907643 331 (500.5)
denovo95 B117_AF180124 330 (594.0)
denovo95 B10_AF499787 332 (608.5)
denovo95 B20_GU907642 334 (601.0)
denovo95 B1m_GU907640 332 (608.5)
denovo95 B34_GU907649 332 (608.5)
denovo95 B1d_GU907633 332 (609.0)
denovo95 B1e_GU907634 332 (609.0)
denovo95 B1i_GU907636 332 (608.5)
denovo95 B1g_GU907635 335 (595.0)
denovo95 B123_EU074872 332 (599.5)
denovo95 B8_AF499785 333 (599.0)
denovo95 B1l_GU907639 332 (599.5)
denovo95 B1a_AF499779 332 (608.5)
denovo95 B14_AY239362 333 (598.5)
denovo95 B125_EU074865 332 (599.5)
denovo95 B122_EU074871 332 (599.5)
denovo95 B124_EU074874 332 (599.5)
denovo95 B1.VII_Green2014 332 (529.5)
denovo95 B1.III_Green2014 321 (577.0)
denovo95 B1.I_Green2014 332 (608.5)
denovo95 B1.II_Green2014 332 (608.5)
denovo95 B1_JN558057 332 (608.5)
denovo95 B1_AF333511 332 (608.5)
denovo95 B1.IV_Green2014 343 (607.0)
denovo95 B121_EU074870 333 (610.5)
denovo95 B7_AF499784 332 (617.5)
denovo95 B1.VI_Green2014 330 (603.0)
denovo95 B3_AF333514 330 (588.5)
denovo95 B9_AF499786 327 (571.0)
denovo95 B19a_JN558055 324 (553.5)
denovo95 B119_EU099825 340 (536.0)
denovo95 B21_DQ865213 323 (573.5)
denovo95 B38_GU907651 323 (573.5)
denovo95 B18_AY258471 330 (579.5)
denovo95 B18a_AY258472 330 (570.5)
denovo95 B33_GU907648 326 (576.5)
denovo95 B6_AF499783 327 (589.0)
denovo95 B19_DQ865212 326 (586.0)
denovo95 B19_GU907641 326 (586.0)
denovo95 B2_AF333512 326 (595.0)
denovo95 B2_JN558060 326 (595.0)
denovo95 C33.1_AY258498 300 (1253.0)
denovo95 C33.2_AY765400 300 (1253.0)
denovo95 C33a_EF541147 300 (1253.0)
denovo95 C34_AY258499 300 (1262.0)
denovo95 C78_AY765413 300 (1235.0)
denovo95 C15.29_KC597690 302 (1231.0)
denovo95 C1131_DQ182650 301 (1182.0)
denovo95 C1135_DQ182646 301 (1173.0)
denovo95 C1134_DQ182647 301 (1173.0)
denovo95 C1142_DQ182635 301 (1182.0)
denovo95 C1136_DQ182644 301 (1152.0)
denovo95 C1111_DQ182645 301 (1152.0)
denovo95 C1236_EF473656 301 (1161.0)
denovo95 C1138_DQ182642 301 (1161.0)
denovo95 C1137_DQ182643 301 (1161.0)
denovo95 C1133_DQ182648 301 (1161.0)
denovo95 C1132_DQ182649 301 (1161.0)
denovo95 C1143_DQ182634 301 (1170.0)
denovo95 C1139_DQ182639 301 (1191.0)
denovo95 C15.28_KC597687 300 (1226.0)
denovo95 C1141_DQ182636 301 (1200.0)
denovo95 C1144_DQ182637 301 (1191.0)
denovo95 C1122_DQ182654 301 (1200.0)
denovo95 C1127_DQ182652 301 (1200.0)
denovo95 C15.30_JX394114 300 (1244.0)
denovo95 C15.26_KC597686 300 (1244.0)
denovo95 C1086_DQ182656 300 (1244.0)
denovo95 C15.25_KC597685 300 (1253.0)
denovo95 C1118_AF180127 300 (1159.0)
denovo95 C1129_DQ182651 301 (1227.0)
denovo95 C15.21_KC597683 300 (1244.0)
denovo95 C56_AY589760 301 (1273.0)
denovo95 C1140_DQ182638 301 (1227.0)
denovo95 C1126_DQ182653 301 (1218.0)
denovo95 C15c_AY258492 300 (1262.0)
denovo95 C15d_AY258493 300 (1253.0)
denovo95 C1098_DQ182641 300 (1232.5)
denovo95 C15.27_KC597689 300 (1262.0)
denovo95 C15.18_HE579024 300 (1262.0)
denovo95 C15.16_HE579022 301 (1264.0)
denovo95 C1101_AB253787 300 (1262.0)
denovo95 C1083_AY237300 300 (1262.0)
denovo95 C1088_DQ182640 300 (1262.0)
denovo95 C15.6_FN563472 300 (1271.0)
denovo95 C15.5_FJ461512 300 (1271.0)
denovo95 C15.4_FJ461511 300 (1280.0)
denovo95 C15.13_HE579019 300 (1262.0)
denovo95 C15.12_HE579018 300 (1271.0)
denovo95 C93a_AM748563 300 (1271.0)
denovo95 C1094_AJ291514 300 (1262.0)
denovo95 C93_AM748562 300 (1262.0)
denovo95 C15.17_HE579023 300 (1256.0)
denovo95 C15e_AY589742 300 (1256.0)
denovo95 C15.22_KC597695 300 (1271.0)
denovo95 C60_AY589764 300 (1271.0)
denovo95 C15.1_FJ461508 300 (1271.0)
denovo95 C15.2_FJ461509 300 (1271.0)
denovo95 C15.9_FN563475 300 (1271.0)
denovo95 C15.7_HE579015 300 (1271.0)
denovo95 C15.8_HE579016 300 (1271.0)
denovo95 C15.15_HE579021 300 (1271.0)
denovo95 C15.19_HE579025 300 (1271.0)
denovo95 C15.24_KC597696 300 (1262.0)
denovo95 C15.3_FJ461510 300 (1280.0)
denovo95 C1087_DQ182655 300 (1271.0)
denovo95 C15.14_HE579020 301 (1261.0)
denovo95 C15.23_KC597697 301 (1261.0)
denovo95 C19_AY258479 300 (1265.0)
denovo95 C1233_EU118166 300 (1271.0)
denovo95 C15b_AY258491 300 (1271.0)
denovo95 C15a_AY258476 300 (1289.0)
denovo95 C1051_AF195153 300 (1280.0)
denovo95 C2_AF333518 301 (1270.0)
denovo95 C15.20_HE579026 301 (1270.0)
denovo95 C15f_AY589743 301 (1270.0)
denovo95 C55_AY589759 304 (1268.5)
denovo95 C15_AY239369 300 (1280.0)
denovo95 C32.1_JF683335 311 (1110.5)
denovo95 C32.2_JF683336 309 (1122.5)
denovo95 C21.23_KC597693 309 (1122.5)
denovo95 C1193_EU099827 301 (1234.0)
denovo95 C1195_EU099821 308 (1248.5)
denovo95 C3q_GU907655 301 (1195.0)
denovo95 C53_AY589758 300 (1244.0)
denovo95 C73_AY765408 305 (1228.5)
denovo95 C17.2.1_KC597684 302 (1217.5)
denovo95 C32_AY258497 300 (1232.0)
denovo95 C1189_EU099831 300 (1241.0)
denovo95 C1191_EU099833 300 (1232.0)
denovo95 C1196_EU099819 300 (1241.0)
denovo95 C1192_EU099820 300 (1241.0)
denovo95 C17.1_JF683322 300 (1250.0)
denovo95 C26_b2_FN827164 301 (1240.0)
denovo95 C26_b3_FN827165 301 (1231.0)
denovo95 C31.9_HQ630879 303 (1238.5)
denovo95 C31a_AY589746 303 (1226.0)
denovo95 C30_AY589745 303 (1226.0)
denovo95 C31.1_HQ630876 303 (1226.0)
denovo95 C31.5_HQ630877 303 (1226.0)
denovo95 C31.6_HQ630878 303 (1226.0)
denovo95 C31.2_JF683332 303 (1226.0)
denovo95 C31.3_JF683333 303 (1226.0)
denovo95 C26/C35a_AY239378 301 (1240.0)
denovo95 C35a_AY258501 301 (1240.0)
denovo95 C35.2_AY258500 301 (1249.0)
denovo95 C26_b1_FN827163 301 (1249.0)
denovo95 C17_AY239370 300 (1259.0)
denovo95 C17.2_FJ461513 302 (1248.5)
denovo95 C31.10_HQ630880 303 (1238.5)
denovo95 C31.4_JF683334 307 (1232.5)
denovo95 C31_AY258496 303 (1235.0)
denovo95 C25_AY239377 302 (1260.5)
denovo95 C61_AY589765 300 (1192.0)
denovo95 C1043_DQ072721 300 (1248.0)
denovo95 C79_AY765414 300 (1253.0)
denovo95 C69_AY589773 301 (1183.5)
denovo95 C69a_AY686648 301 (1174.5)
denovo95 C21.22_KC597692 300 (1214.0)
denovo95 C51_AY589756 301 (1273.0)
denovo95 C1aa_HM185739 300 (1263.0)
denovo95 C1096_DQ068023 300 (1241.0)
denovo95 C74_AY765409 301 (1252.0)
denovo95 C1185_AB294629 301 (1252.0)
denovo95 C1184_AB294630 301 (1252.0)
denovo95 C1153_AB294625 301 (1252.0)
denovo95 C1154_AB294626 301 (1252.0)
denovo95 C1187_AB294627 301 (1252.0)
denovo95 C1186_AB294628 301 (1252.0)
denovo95 C57_AY589761 301 (1261.0)
denovo95 C66_AY589771 301 (1261.0)
denovo95 C5_AF499795 300 (1262.0)
denovo95 C1167_AB294586 300 (1271.0)
denovo95 C1164_AB294593 300 (1271.0)
denovo95 C1183_AB294631 300 (1271.0)
denovo95 C1067_DQ335381 300 (1271.0)
denovo95 C1159_AB294613 301 (1252.0)
denovo95 C1150_AB294622 301 (1261.0)
denovo95 C90_AM748554 302 (1287.5)
denovo95 C1168_AB294583 300 (1271.0)
denovo95 C1156_AB294616 300 (1271.0)
denovo95 C1151_AB294621 300 (1289.0)
denovo95 C92a_AM748561 300 (1271.0)
denovo95 C92_AM748560 300 (1280.0)
denovo95 C1165_AB294581 300 (1280.0)
denovo95 C1166_AB294584 300 (1280.0)
denovo95 C1162_AB294594 300 (1280.0)
denovo95 C1163_AB294596 300 (1280.0)
denovo95 C1161_AB294606 300 (1280.0)
denovo95 C1160_AB294608 300 (1280.0)
denovo95 C1158_AB294614 300 (1280.0)
denovo95 C1155_AB294617 300 (1280.0)
denovo95 C1149_AB294620 300 (1280.0)
denovo95 C1173_AB294662 300 (1280.0)
denovo95 C1171_AB294663 300 (1280.0)
denovo95 C1172_AB294665 300 (1280.0)
denovo95 C91a_AM748556 300 (1280.0)
denovo95 C91b_AM748557 300 (1280.0)
denovo95 C91d_AM748559 300 (1280.0)
denovo95 C91c_AM748558 300 (1280.0)
denovo95 C91_AJ621543 300 (1289.0)
denovo95 C91_AM748555 300 (1289.0)
denovo95 C1023_DQ335330 300 (1052.0)
denovo95 C1020_DQ335392 300 (1289.0)
denovo95 C1018_DQ335408 300 (1289.0)
denovo95 C1074_DQ335329 300 (1289.0)
denovo95 C1030_DQ335353 300 (1289.0)
denovo95 C1022_DQ335331 300 (1289.0)
denovo95 C1027_DQ335360 300 (1289.0)
denovo95 C1072_DQ335344 300 (1289.0)
denovo95 C1039_AB190274 300 (1289.0)
denovo95 C1033_DQ335350 305 (1286.0)
denovo95 C1019_DQ335407 300 (1298.0)
denovo95 C1194_EU099826 300 (1256.0)
denovo95 C8b_AY258475 300 (1274.0)
denovo95 C8_AY239367 300 (1298.0)
denovo95 C8a_AY239368 300 (1289.0)
denovo95 C54a_AY765406 300 (1280.0)
denovo95 C3ff_HM185740 300 (1280.0)
denovo95 C59_AY589763 302 (1260.0)
denovo95 C3k_AY589737 300 (1271.0)
denovo95 C3.24_HE579012 300 (1253.0)
denovo95 C3.23_HE579011 300 (1262.0)
denovo95 C35.1_AY765401 300 (1271.0)
denovo95 C35.3_EF541145 300 (1280.0)
denovo95 C76_AY765411 301 (1252.0)
denovo95 C1107_DQ335359 300 (1248.0)
denovo95 C3.22_HE579010 302 (1269.5)
denovo95 C77_AY765412 302 (1254.5)
denovo95 C20_AY239371 300 (1289.0)
denovo95 C1055_DQ480640 301 (1279.0)
denovo95 C27/C30_AY239379 301 (1231.0)
denovo95 C27.1_FJ461517 301 (1222.0)
denovo95 C40a_AY589747 300 (1280.0)
denovo95 C40_AY258485 300 (1289.0)
denovo95 C40b_AY589748 301 (1279.0)
denovo95 C16_AY258477 300 (1289.0)
denovo95 C16a_AY765399 300 (1280.0)
denovo95 C1091_AB207186 300 (1280.0)
denovo95 C1102_DQ335400 300 (1271.0)
denovo95 C1069_DQ335375 300 (1271.0)
denovo95 C1073_DQ335332 300 (1280.0)
denovo95 C1066_DQ335382 300 (1271.0)
denovo95 C1031_DQ335352 300 (1289.0)
denovo95 C1026_DQ335366 300 (1298.0)
denovo95 C70_AY589774 300 (1298.0)
denovo95 C1082_AB190267 300 (1280.0)
denovo95 C1078_AB190271 300 (1280.0)
denovo95 C1090_AB207191 300 (1280.0)
denovo95 C1071_DQ335302 300 (1280.0)
denovo95 C1075_DQ335328 300 (1280.0)
denovo95 C1068_DQ335379 300 (1280.0)
denovo95 C1064_DQ335395 300 (1280.0)
denovo95 C1063_DQ335403 300 (1280.0)
denovo95 C62_AY589766 300 (1289.0)
denovo95 C1077_DQ335316 301 (1279.0)
denovo95 C1109_DQ335338 300 (1280.0)
denovo95 C1110_DQ335340 300 (1271.0)
denovo95 C1106_DQ335339 300 (1262.0)
denovo95 C1112_DQ335319 300 (1271.0)
denovo95 C1108_DQ335351 300 (1262.0)
denovo95 C1105_DQ335394 300 (1271.0)
denovo95 C1121_DQ335378 300 (1253.0)
denovo95 C1116_AB190268 300 (1271.0)
denovo95 C1115_AB190273 300 (1262.0)
denovo95 C1124_DQ335323 300 (1253.0)
denovo95 C1120_DQ335398 300 (1253.0)
denovo95 C1119_DQ335404 300 (1253.0)
denovo95 C1123_DQ335363 300 (1262.0)
denovo95 C1004_DQ480635 300 (1289.0)
denovo95 C1061_AY186568 300 (1289.0)
denovo95 C1053_AY186569 300 (1289.0)
denovo95 C1003_DQ480639 300 (1298.0)
denovo95 C81_GU907657 304 (1138.0)
denovo95 C22_AY239373 300 (1260.5)
denovo95 C22a_AY239374 300 (1251.5)
denovo95 C1232_EU118163 300 (1280.0)
denovo95 C21.13_FJ461515 300 (1223.0)
denovo95 C21.1_JF683323 300 (1232.0)
denovo95 C21.3_JF683325 300 (1241.0)
denovo95 C1.20_HE578993 300 (1289.0)
denovo95 C1.22_HE578995 300 (1280.0)
denovo95 C52_AY589757 300 (1265.0)
denovo95 C1201_EU099793 302 (1263.0)
denovo95 C14_AY589741 300 (1283.0)
denovo95 C43_AY589749 300 (1298.0)
denovo95 C50_AY589755 300 (1289.0)
denovo95 C3.14_HQ630872 301 (1300.0)
denovo95 C1m_AY765398 300 (1298.0)
denovo95 C82_GU907658 300 (1298.0)
denovo95 C82b_GU907660 300 (1298.0)
denovo95 C64_AY589768 300 (1280.0)
denovo95 C45a_AY765404 300 (1298.0)
denovo95 C48_AY589753 302 (1287.5)
denovo95 C1_v1b_FJ919244 300 (1298.0)
denovo95 C1_v1a_FJ919243 300 (1307.0)
denovo95 C3j_AY239366 300 (1289.0)
denovo95 C3t_EF541149 300 (1289.0)
denovo95 C9_AF499798 300 (1307.0)
denovo95 C23_AY239375 300 (1298.0)
denovo95 C37_AY258481 300 (1289.0)
denovo95 C1048_DQ068026 300 (1307.0)
denovo95 C21.4_JF683326 300 (1241.0)
denovo95 C21.5_JF683327 300 (1250.0)
denovo95 C1070_DQ335349 300 (1298.0)
denovo95 C21.6_HQ630873 300 (1259.0)
denovo95 C1224_EU074890 300 (1298.0)
denovo95 C1.17_HE578990 300 (1307.0)
denovo95 C21_b1_FN827162 300 (1241.0)
denovo95 C21.9_JF683330 300 (1250.0)
denovo95 C1085_AY624605 300 (1289.0)
denovo95 C3p_GU907654 300 (1274.0)
denovo95 C3f_AY589734 300 (1298.0)
denovo95 C65a_AY589770 300 (1289.0)
denovo95 C65_AY589769 300 (1298.0)
denovo95 C71_AY589775 300 (1289.0)
denovo95 C71a_AY589776 300 (1280.0)
denovo95 C1178_AB294647 300 (1274.0)
denovo95 C1225_EU074893 300 (1298.0)
denovo95 C75_AY765410 300 (1289.0)
denovo95 C21.10_JF683331 300 (1241.0)
denovo95 C21.11_HQ630874 300 (1250.0)
denovo95 C1065_DQ335388 300 (1289.0)
denovo95 C1045_DQ068036 300 (1298.0)
denovo95 C1h_AY258473 300 (1307.0)
denovo95 C38_AY258482 300 (1289.0)
denovo95 C1202_EU099799 300 (1289.0)
denovo95 C7_AF499797 300 (1298.0)
denovo95 C12_AF499801 302 (1287.5)
denovo95 C38a_AY258483 301 (1279.0)
denovo95 C1200_EU099800 300 (1233.5)
denovo95 C44a_AY589751 300 (1307.0)
denovo95 C47_AY589752 300 (1307.0)
denovo95 C44_AY589750 300 (1316.0)
denovo95 C1.15_HE578988 300 (1307.0)
denovo95 C45.3_FJ461522 300 (1316.0)
denovo95 C46a_AY765405 300 (1325.0)
denovo95 C46_EU449108 300 (1334.0)
denovo95 C3.12_FJ461507 300 (1316.0)
denovo95 C1k_AY589733 300 (1316.0)
denovo95 C67_AY686647 300 (1316.0)
denovo95 C82a_GU907659 300 (1316.0)
denovo95 C10a_AY589739 300 (1307.0)
denovo95 C10_AF499799 300 (1316.0)
denovo95 C13_AY589740 306 (1303.5)
denovo95 C4_AF499794 300 (1316.0)
denovo95 C1147_EF656433 300 (1316.0)
denovo95 C1c/C45_AY239364 300 (1325.0)
denovo95 C1c/C45_EU449103 300 (1325.0)
denovo95 C21.19_HE579031 300 (1241.0)
denovo95 C21.21_HE579033 300 (1223.0)
denovo95 C21.20_HE579032 300 (1232.0)
denovo95 C42b_AY765403 300 (1298.0)
denovo95 C42_AY258487 300 (1307.0)
denovo95 C1p_GU907652 300 (1307.0)
denovo95 C1d_AY258488 300 (1307.0)
denovo95 C42_AY765402 300 (1316.0)
denovo95 C3ha_AY589736 300 (1241.0)
denovo95 C63a_AY589767 302 (1230.5)
denovo95 C21a_AY589744 300 (1250.0)
denovo95 C3o_GU907653 300 (1250.0)
denovo95 C21.16_HQ630875 300 (1250.0)
denovo95 C21.2_JF683324 300 (1250.0)
denovo95 C21.7_JF683328 300 (1250.0)
denovo95 C21.8_JF683329 300 (1250.0)
denovo95 C3h_AY239365 300 (1250.0)
denovo95 C1203_EU099798 300 (1250.0)
denovo95 C3.10_FJ461505 300 (1298.0)
denovo95 C21.14_FJ461516 300 (1250.0)
denovo95 C21.18_HE579030 306 (1237.5)
denovo95 C3.17_HE579005 300 (1298.0)
denovo95 C3.9_FJ461504 300 (1268.0)
denovo95 C3.8_FJ461503 300 (1298.0)
denovo95 C3.7_FJ461502 300 (1298.0)
denovo95 C3.11_FJ461506 300 (1298.0)
denovo95 C3.18_HE579006 300 (1298.0)
denovo95 C3.19_HE579007 300 (1298.0)
denovo95 C3.20_HE579008 300 (1298.0)
denovo95 C3g_AY589735 303 (1298.5)
denovo95 C3a_AF499790 300 (1298.0)
denovo95 C3e_AF499793 300 (1298.0)
denovo95 C6_AF499796 300 (1289.0)
denovo95 C11_AF499800 300 (1298.0)
denovo95 C36_AY258480 300 (1298.0)
denovo95 C29_AY258494 300 (1298.0)
denovo95 C1146_EF656434 300 (1298.0)
denovo95 C1190_EU099841 300 (1298.0)
denovo95 C131_JF320826 300 (1298.0)
denovo95 C28_AY239380 302 (1287.5)
denovo95 C1012_DQ480604 300 (1298.0)
denovo95 C1181_AB294640 300 (1283.0)
denovo95 C1180_AB294641 300 (1283.0)
denovo95 C1179_AB294645 300 (1283.0)
denovo95 C1176_AB294651 300 (1283.0)
denovo95 C1175_AB294653 300 (1283.0)
denovo95 C1174_AB294655 300 (1283.0)
denovo95 C1177_AB294659 300 (1283.0)
denovo95 C1040_AB190269 300 (1298.0)
denovo95 C1182_AB294649 300 (1298.0)
denovo95 C1089_AJ278598 300 (1298.0)
denovo95 C1028_DQ335357 300 (1298.0)
denovo95 C3.16_EU786015 301 (1300.0)
denovo95 C1097_AJ311943 301 (1288.0)
denovo95 C1170_AB294661 300 (1283.0)
denovo95 C21.17_HE579029 300 (1261.0)
denovo95 C21/3d/C3k_AY239372 300 (1259.0)
denovo95 C58_AY589762 301 (1249.0)
denovo95 C3L_AY589738 303 (1266.0)
denovo95 C1169_AB294660 300 (1292.0)
denovo95 C3.2_FJ461497 300 (1292.0)
denovo95 C3.1_JF683321 300 (1292.0)
denovo95 C1104_AF427469 301 (1297.0)
denovo95 C3b_AF499791 300 (1292.0)
denovo95 C83_GU907661 302 (1296.5)
denovo95 C49_AY589754 341 (1277.0)
denovo95 C3_AB778606 300 (1307.0)
denovo95 C3_AF499789 300 (1307.0)
denovo95 C3_HE579001 300 (1307.0)
denovo95 C21.12_FJ461514 300 (1241.0)
denovo95 C1229_EU074888 300 (1239.0)
denovo95 C1230_EU074889 300 (1248.0)
denovo95 C1114_AB207196 300 (1289.0)
denovo95 C3.21_HE579009 300 (1202.0)
denovo95 C1057_DQ480619 300 (1298.0)
denovo95 C72_AY765407 300 (1270.0)
denovo95 C1b.3_HE578999 300 (1292.0)
denovo95 C93_AJ621536 300 (1307.0)
denovo95 C94_AJ621539 300 (1316.0)
denovo95 C1g_AY589730 300 (1307.0)
denovo95 C1i_AY589731 300 (1298.0)
denovo95 C1j_AY589732 300 (1307.0)
denovo95 C1005_DQ480633 300 (1307.0)
denovo95 C1.7_FJ461494 300 (1307.0)
denovo95 C1.11_HE578984 300 (1307.0)
denovo95 C1.12_HE578985 300 (1307.0)
denovo95 C1.13_HE578986 300 (1307.0)
denovo95 C1.14_HE578987 300 (1307.0)
denovo95 C1.18_HE578991 300 (1307.0)
denovo95 C1.19_HE578992 300 (1307.0)
denovo95 C1199_EU099802 301 (1285.5)
denovo95 C1188_EU099838 300 (1298.0)
denovo95 C1002_DQ838544 300 (1298.0)
denovo95 C1198_EU099810 300 (1307.0)
denovo95 C24_AY239376 300 (1298.0)
denovo95 C1f_AY258490 300 (1307.0)
denovo95 C1006_DQ480629 300 (1307.0)
denovo95 C1010_DQ480607 300 (1307.0)
denovo95 C1007_DQ480624 300 (1298.0)
denovo95 C1011_DQ480605 300 (1307.0)
denovo95 C1009_DQ480608 300 (1307.0)
denovo95 C1041_AY186548 300 (1298.0)
denovo95 C1052_AY186570 300 (1307.0)
denovo95 C1148_EU040178 300 (1307.0)
denovo95 C1234_EU118165 301 (1297.0)
denovo95 C1.5_EF634157 300 (1307.0)
denovo95 C1059_DQ480609 300 (1307.0)
denovo95 C1228_EU074883 300 (1307.0)
denovo95 C1208_EU074963 300 (1307.0)
denovo95 C1207_EU074964 300 (1307.0)
denovo95 C1206_EU074965 300 (1307.0)
denovo95 C1013_DQ480642 300 (1298.0)
denovo95 C80_GU907656 310 (1292.5)
denovo95 C1a_AF499788 300 (1307.0)
denovo95 C41_AY258486 300 (1307.0)
denovo95 C39_AY258484 300 (1229.5)
denovo95 C1231_EU074878 300 (1307.0)
denovo95 C1b.1_HE578997 300 (1292.0)
denovo95 C18_AY258478 300 (1307.0)
denovo95 C1.10_HE578983 300 (1277.0)
denovo95 C1_JN558041 300 (1316.0)
denovo95 C1_HE578979 300 (1316.0)
denovo95 C1_AM748551 300 (1316.0)
denovo95 C1_AF333515 300 (1316.0)
denovo95 C1054_AY186565 301 (1306.0)
denovo95 C1008_DQ480613 300 (1307.0)
denovo95 C1103_AF427470 301 (1306.0)
denovo95 C1226_EU074881 301 (1306.0)
denovo95 C1b/C1e_AY239363 300 (1301.0)
denovo95 C1044_DQ068038 300 (1301.0)
denovo95 C1017_DQ174729 301 (1291.0)
denovo95 C1.6_FJ461493 300 (1316.0)
denovo95 C1b.2_HE578998 300 (1292.0)
denovo95 C1060_DQ480600 300 (1307.0)
denovo95 C1227_EU074882 300 (1307.0)
denovo95 C1197_EU099814 300 (1307.0)
denovo95 C1130_DQ480643 300 (1219.5)
denovo95 D109_AB097465 344 (491.5)
denovo95 D1.11_HE579040 336 (506.0)
denovo95 D105_AF174570 336 (505.5)
denovo95 D104_AF174572 343 (490.5)
denovo95 D1.3_JF683337 337 (500.0)
denovo95 D1.10_HE579039 337 (491.0)
denovo95 D110_AF174561 337 (491.5)
denovo95 D117_AF174542 337 (509.0)
denovo95 D114_AF174549 337 (500.0)
denovo95 D113_AF174557 341 (484.5)
denovo95 D112_AF174558 345 (496.5)
denovo95 D106_AF174559 338 (493.5)
denovo95 D111_AF174560 336 (505.5)
denovo95 D115_AF174562 337 (491.0)
denovo95 D107_AF174568 338 (502.0)
denovo95 D116_AF174571 336 (497.0)
denovo95 D124_EU074897 345 (487.0)
denovo95 D1.8_HE579037 337 (500.0)
denovo95 D3_AY686650 336 (506.5)
denovo95 D1.6_HQ630881 337 (491.0)
denovo95 D120_EU074900 337 (482.5)
denovo95 D121_EU074904 336 (506.0)
denovo95 D122_EU074905 337 (491.0)
denovo95 D1a.2_JF683339 345 (498.0)
denovo95 D1a.1_JF683338 345 (496.0)
denovo95 D2_AY686649 582 (544.5)
denovo95 D4_DQ865214 344 (490.5)
denovo95 D1a_AF499802 337 (491.5)
denovo95 D1a_JN558078 337 (491.5)
denovo95 D123_EU074895 337 (500.0)
denovo95 D108_AF174567 344 (494.0)
denovo95 D103_AF174575 343 (499.0)
denovo95 D100_AF411415 346 (490.0)
denovo95 D118_EF656435 346 (490.5)
denovo95 D101_AF411416 346 (488.5)
denovo95 D119_EU099832 342 (488.5)
denovo95 D102_AF174573 337 (503.0)
denovo95 D1_AF334660 337 (500.0)
denovo95 D1_JN558076 337 (500.0)
denovo95 D1.12_HE579041 328 (474.5)
denovo95 D1.1_AM748564 422 (518.5)
denovo95 D1.2_AM748617 407 (529.0)
denovo95 E111_EU074915 373 (385.0)
denovo95 E110_EU074914 372 (399.5)
denovo95 E114_EU074909 361 (400.5)
denovo95 E1_AF334659 372 (396.0)
denovo95 E105_EU074921 371 (406.0)
denovo95 E112_EU074916 367 (394.0)
denovo95 E104_EU074922 368 (397.0)
denovo95 E102_EU074924 367 (394.0)
denovo95 E103_EU074923 367 (403.0)
denovo95 E101_AY160123 363 (387.5)
denovo95 E109_EU074913 372 (391.0)
denovo95 E100_DQ011618 376 (390.5)
denovo95 E108_EU074912 366 (389.0)
denovo95 E113_EU074908 372 (391.0)
denovo95 E107_EU074910 366 (389.0)
denovo95 F1_JN558066 311 (957.0)
denovo95 F5.2d_AJ291530 308 (940.5)
denovo95 F104_AJ291531 308 (940.5)
denovo95 F5.2c_AM748596 308 (940.5)
denovo95 F5.2_AM748594 305 (949.5)
denovo95 F5.2a_AM748614 305 (949.5)
denovo95 F5.2b_AM748595 305 (940.5)
denovo95 F5.2e_AJ291533 304 (904.0)
denovo95 F5.2g_JN558072 305 (940.5)
denovo95 F5.2f_AJ291512 305 (949.5)
denovo95 F102_AJ291534 305 (940.5)
denovo95 F5.1c_AM748593 310 (927.5)
denovo95 F5.1d_JN558069 310 (954.5)
denovo95 F5.1b_AJ291535 308 (950.5)
denovo95 F5.1_AM748592 310 (954.5)
denovo95 F5.1a_AM748591 309 (952.5)
denovo95 F110_AJ291526 317 (819.0)
denovo95 F4.7_AM748587 318 (852.0)
denovo95 F4.5_AM748585 309 (878.0)
denovo95 F4.4a_AM748583 304 (918.5)
denovo95 F4.4_AM748582 307 (915.5)
denovo95 F4.4b_AM748584 309 (913.0)
denovo95 F4.1a_AM748573 320 (837.5)
denovo95 F112_AJ291528 320 (819.5)
denovo95 F4.1_AM748572 320 (837.5)
denovo95 F4.8b_AM748590 311 (845.5)
denovo95 F4.8_AM748588 313 (843.0)
denovo95 F4.8a_AM748589 311 (845.5)
denovo95 F109_AJ291527 313 (821.0)
denovo95 F4.6_AM748586 316 (870.0)
denovo95 F111_AJ311949 312 (865.0)
denovo95 F4.3c_AM748581 315 (883.5)
denovo95 F4.3a_AM748579 312 (874.0)
denovo95 F4.3b_AM748580 312 (874.0)
denovo95 F4.3_AM748578 312 (883.0)
denovo95 F4.2_AM748574 311 (893.5)
denovo95 F4.2a_AM748575 310 (885.0)
denovo95 F4.2c_AM748577 311 (884.5)
denovo95 F4.2b_AM748576 310 (894.0)
denovo95 F2b_AJ291521 314 (936.0)
denovo95 F2_AJ830908 312 (920.5)
denovo95 F2a_AJ830911 313 (914.0)
denovo95 F3.1a_AM748566 318 (888.0)
denovo95 F114_AJ291525 318 (897.0)
denovo95 F3.1_AM748565 318 (915.0)
denovo95 F3.2_AM748567 315 (942.5)
denovo95 F3.2a_AM748568 317 (966.0)
denovo95 F3.3_AM748569 307 (880.5)
denovo95 F3.4a_AM748571 317 (845.5)
denovo95 F3.4_AM748570 317 (836.5)
denovo95 F3.4b_AM748616 311 (837.0)
denovo95 G101_AJ291539 357 (512.0)
denovo95 G1_AM748597 357 (512.0)
denovo95 G2b_JN558087 336 (506.0)
denovo95 G2_AM748598 339 (497.5)
denovo95 G2a_AM748599 336 (506.0)
denovo95 G4_AM748601 346 (531.0)
denovo95 G3.4_LK392378 331 (517.0)
denovo95 G3_AM748600 335 (529.0)
denovo95 G3.2_KC597694 326 (439.5)
denovo95 G3.1_KC597688 335 (505.5)
denovo95 G100_AB253788 333 (500.5)
denovo95 G3.3_LK392377 333 (501.0)
denovo95 H6_AJ291520 626 (334.5)
denovo95 H3_AM748606 306 (835.0)
denovo95 H2_AM748605 307 (882.0)
denovo95 H4_AM748607 315 (810.5)
denovo95 H4a_AM748608 315 (825.5)
denovo95 H5a_AM748611 310 (804.0)
denovo95 H5b_AM748610 313 (811.5)
denovo95 H5_AJ621129 310 (813.0)
denovo95 H5_AM748609 310 (813.0)
denovo95 H100_AJ291513 313 (829.5)
denovo95 H1b_AM748604 318 (830.0)
denovo95 H1a_AM748612 318 (821.0)
denovo95 H1_AJ621152 318 (830.0)
denovo95 H1_AM748602 318 (830.0)
denovo95 I3_FN561561 341 (701.0)
denovo95 I4_FN561562 328 (708.5)
denovo95 I1_FN561559 332 (683.5)
denovo95 I2_FN561560 328 (708.5)

#---------------------------------------
#---------------------------------------
