denovo163 A136_DQ865210 319 (536.5)
denovo163 A133_DQ174725 325 (496.0)
denovo163 A115_AF180123 342 (455.0)
denovo163 A117_AF201746 334 (499.5)
denovo163 A134_DQ174723 334 (499.5)
denovo163 A114_AF184941 334 (499.5)
denovo163 A135_DQ174727 329 (493.5)
denovo163 A2_AF333506 334 (488.0)
denovo163 A101_AF427468 329 (484.5)
denovo163 A2_1_JN558097 329 (484.5)
denovo163 A2_2_JN558100 329 (484.5)
denovo163 A113_AF184948 327 (507.5)
denovo163 A112_AF184949 329 (494.5)
denovo163 A123_EF378618 339 (329.0)
denovo163 A137_EF378621 325 (330.5)
denovo163 A11_EU449041 347 (497.5)
denovo163 A121_DQ174722 322 (489.5)
denovo163 A15b_EU792886 332 (457.5)
denovo163 A15a_EU792885 336 (471.5)
denovo163 A15c_EU792887 335 (466.5)
denovo163 A15_EU792884 332 (466.5)
denovo163 A147_EU074937 328 (492.0)
denovo163 A154_EU074860 328 (492.0)
denovo163 A146_EU074936 333 (487.5)
denovo163 A150_EU074928 333 (497.0)
denovo163 A116_AF183575 325 (490.0)
denovo163 A141_EU074931 333 (496.5)
denovo163 A5_AF333508 324 (504.5)
denovo163 A3b_EU449043 328 (492.0)
denovo163 A151_EU074925 330 (489.0)
denovo163 A152_EU074927 331 (491.5)
denovo163 A149_EU074929 330 (488.5)
denovo163 A140_EU074930 328 (483.0)
denovo163 A142_EU074932 328 (483.0)
denovo163 A143_EU074933 333 (498.0)
denovo163 A144_EU074934 328 (483.0)
denovo163 A145_EU074935 328 (491.5)
denovo163 A148_EU074938 321 (488.0)
denovo163 A155_EU074856 328 (483.0)
denovo163 A156_EU074859 328 (483.0)
denovo163 A139_EU074962 328 (483.0)
denovo163 A6_AF186058 328 (492.0)
denovo163 A3_AF333507 328 (492.0)
denovo163 A3_JN558091 328 (492.0)
denovo163 A8_AY258468 331 (465.0)
denovo163 A7_AY239360 331 (482.5)
denovo163 A16_EU792888 328 (483.5)
denovo163 A4.3_FN429763 321 (483.0)
denovo163 A120_AF180122 313 (487.5)
denovo163 A4.2_FN429761 316 (483.5)
denovo163 A4_AF333509 316 (502.5)
denovo163 A4.1_FN429760 315 (497.5)
denovo163 A4a_AF499778 335 (508.5)
denovo163 A4a.1_FN429762 335 (508.5)
denovo163 A138_EF378620 338 (454.0)
denovo163 A122_EF378619 337 (491.0)
denovo163 A126_EF378615 336 (492.0)
denovo163 A10_EU792882 336 (492.0)
denovo163 A9_EU449028 324 (493.5)
denovo163 A105_AB207202 324 (502.5)
denovo163 A119_AF180121 312 (499.5)
denovo163 A12_EU792883 324 (493.5)
denovo163 A104_AB207203 325 (496.0)
denovo163 A1a_EU449030 324 (511.5)
denovo163 A1.3_HE578976 337 (495.5)
denovo163 A1.4_HE578977 337 (504.5)
denovo163 A13_AF333504 326 (499.5)
denovo163 A13_JN558094 326 (499.5)
denovo163 A110_AB190282 322 (502.0)
denovo163 A103_AB207206 324 (511.5)
denovo163 A130_EF656428 324 (502.5)
denovo163 A127_EF656429 324 (511.5)
denovo163 A128_EF656430 324 (493.5)
denovo163 A129_EF656431 324 (511.5)
denovo163 A131_EF656432 337 (504.5)
denovo163 A118_AF180120 311 (500.5)
denovo163 A1_AF333505 324 (502.5)
denovo163 A107_AB207199 324 (511.0)
denovo163 A111_AB190280 324 (511.0)
denovo163 A108_AB207197 325 (480.5)
denovo163 A106_AB207200 324 (501.5)
denovo163 A102_AB207209 324 (502.0)
denovo163 A1.2_AB207210 324 (502.0)
denovo163 A109_AB190285 324 (501.5)
denovo163 B4_AF333510 321 (1058.5)
denovo163 B23_EU449079 307 (1204.5)
denovo163 B30_GU907644 307 (1186.5)
denovo163 B11_AY239361 312 (1211.5)
denovo163 B17_AY258470 310 (1212.5)
denovo163 B1k_GU907638 295 (678.5)
denovo163 B1.V_Green2014 317 (1170.0)
denovo163 B1b_AF499780 308 (1183.5)
denovo163 B16_AY258469 310 (1221.5)
denovo163 B31a_GU907646 310 (1230.5)
denovo163 B32_GU907647 310 (1230.5)
denovo163 B31_GU907645 310 (1239.5)
denovo163 B1j_GU907637 310 (1221.5)
denovo163 B37_GU907650 310 (1241.5)
denovo163 B5a_AF499782 310 (1230.5)
denovo163 B5_AF499781 310 (1239.5)
denovo163 B24_GU907643 310 (1070.5)
denovo163 B117_AF180124 310 (1122.0)
denovo163 B10_AF499787 310 (1221.5)
denovo163 B20_GU907642 312 (1205.0)
denovo163 B1m_GU907640 310 (1230.5)
denovo163 B34_GU907649 310 (1230.5)
denovo163 B1d_GU907633 310 (1230.5)
denovo163 B1e_GU907634 310 (1230.5)
denovo163 B1i_GU907636 310 (1230.5)
denovo163 B1g_GU907635 311 (1211.5)
denovo163 B123_EU074872 310 (1221.5)
denovo163 B8_AF499785 311 (1220.5)
denovo163 B1l_GU907639 310 (1230.5)
denovo163 B1a_AF499779 310 (1230.5)
denovo163 B14_AY239362 311 (1220.5)
denovo163 B125_EU074865 310 (1230.5)
denovo163 B122_EU074871 310 (1239.5)
denovo163 B124_EU074874 310 (1230.5)
denovo163 B1.VII_Green2014 310 (1169.5)
denovo163 B1.III_Green2014 310 (1158.5)
denovo163 B1.I_Green2014 310 (1239.5)
denovo163 B1.II_Green2014 310 (1239.5)
denovo163 B1_JN558057 310 (1239.5)
denovo163 B1_AF333511 310 (1239.5)
denovo163 B1.IV_Green2014 320 (1233.5)
denovo163 B121_EU074870 310 (1230.5)
denovo163 B7_AF499784 310 (1230.5)
denovo163 B1.VI_Green2014 311 (1170.5)
denovo163 B3_AF333514 306 (1241.5)
denovo163 B9_AF499786 306 (1250.5)
denovo163 B19a_JN558055 306 (1132.5)
denovo163 B119_EU099825 300 (1230.5)
denovo163 B21_DQ865213 306 (1228.0)
denovo163 B38_GU907651 306 (1228.0)
denovo163 B18_AY258471 306 (1259.5)
denovo163 B18a_AY258472 306 (1259.5)
denovo163 B33_GU907648 306 (1268.5)
denovo163 B6_AF499783 311 (1256.0)
denovo163 B19_DQ865212 306 (1277.5)
denovo163 B19_GU907641 306 (1277.5)
denovo163 B2_AF333512 306 (1268.5)
denovo163 B2_JN558060 306 (1268.5)
denovo163 C33.1_AY258498 319 (618.5)
denovo163 C33.2_AY765400 319 (618.5)
denovo163 C33a_EF541147 319 (618.5)
denovo163 C34_AY258499 320 (612.0)
denovo163 C78_AY765413 330 (598.0)
denovo163 C15.29_KC597690 320 (572.5)
denovo163 C1131_DQ182650 320 (565.0)
denovo163 C1135_DQ182646 315 (560.0)
denovo163 C1134_DQ182647 315 (569.0)
denovo163 C1142_DQ182635 315 (560.0)
denovo163 C1136_DQ182644 313 (543.0)
denovo163 C1111_DQ182645 313 (561.0)
denovo163 C1236_EF473656 313 (543.0)
denovo163 C1138_DQ182642 313 (561.0)
denovo163 C1137_DQ182643 313 (543.0)
denovo163 C1133_DQ182648 314 (545.5)
denovo163 C1132_DQ182649 312 (549.5)
denovo163 C1143_DQ182634 313 (552.0)
denovo163 C1139_DQ182639 315 (569.0)
denovo163 C15.28_KC597687 320 (620.0)
denovo163 C1141_DQ182636 319 (571.0)
denovo163 C1144_DQ182637 320 (574.0)
denovo163 C1122_DQ182654 315 (587.0)
denovo163 C1127_DQ182652 315 (586.5)
denovo163 C15.30_JX394114 318 (614.0)
denovo163 C15.26_KC597686 330 (612.5)
denovo163 C1086_DQ182656 317 (611.0)
denovo163 C15.25_KC597685 317 (620.0)
denovo163 C1118_AF180127 327 (564.5)
denovo163 C1129_DQ182651 317 (556.5)
denovo163 C15.21_KC597683 321 (605.0)
denovo163 C56_AY589760 314 (620.5)
denovo163 C1140_DQ182638 322 (570.5)
denovo163 C1126_DQ182653 322 (561.5)
denovo163 C15c_AY258492 317 (621.0)
denovo163 C15d_AY258493 316 (627.5)
denovo163 C1098_DQ182641 314 (600.0)
denovo163 C15.27_KC597689 317 (620.5)
denovo163 C15.18_HE579024 316 (608.5)
denovo163 C15.16_HE579022 325 (626.5)
denovo163 C1101_AB253787 317 (602.5)
denovo163 C1083_AY237300 317 (611.5)
denovo163 C1088_DQ182640 317 (611.5)
denovo163 C15.6_FN563472 317 (611.5)
denovo163 C15.5_FJ461512 317 (612.0)
denovo163 C15.4_FJ461511 317 (612.0)
denovo163 C15.13_HE579019 317 (602.5)
denovo163 C15.12_HE579018 317 (611.5)
denovo163 C93a_AM748563 317 (629.5)
denovo163 C1094_AJ291514 317 (611.5)
denovo163 C93_AM748562 317 (620.5)
denovo163 C15.17_HE579023 316 (621.0)
denovo163 C15e_AY589742 317 (614.5)
denovo163 C15.22_KC597695 317 (611.5)
denovo163 C60_AY589764 321 (613.5)
denovo163 C15.1_FJ461508 317 (629.5)
denovo163 C15.2_FJ461509 317 (611.5)
denovo163 C15.9_FN563475 317 (620.0)
denovo163 C15.7_HE579015 317 (611.5)
denovo163 C15.8_HE579016 317 (611.5)
denovo163 C15.15_HE579021 317 (611.5)
denovo163 C15.19_HE579025 317 (620.0)
denovo163 C15.24_KC597696 317 (611.5)
denovo163 C15.3_FJ461510 317 (612.0)
denovo163 C1087_DQ182655 317 (620.5)
denovo163 C15.14_HE579020 319 (613.0)
denovo163 C15.23_KC597697 319 (613.0)
denovo163 C19_AY258479 317 (623.5)
denovo163 C1233_EU118166 317 (611.5)
denovo163 C15b_AY258491 317 (611.5)
denovo163 C15a_AY258476 317 (621.0)
denovo163 C1051_AF195153 317 (629.5)
denovo163 C2_AF333518 318 (628.5)
denovo163 C15.20_HE579026 318 (619.5)
denovo163 C15f_AY589743 318 (610.5)
denovo163 C55_AY589759 321 (618.0)
denovo163 C15_AY239369 317 (620.5)
denovo163 C32.1_JF683335 313 (587.5)
denovo163 C32.2_JF683336 315 (592.5)
denovo163 C21.23_KC597693 315 (592.5)
denovo163 C1193_EU099827 338 (607.0)
denovo163 C1195_EU099821 322 (580.0)
denovo163 C3q_GU907655 316 (610.5)
denovo163 C53_AY589758 328 (590.5)
denovo163 C73_AY765408 320 (619.0)
denovo163 C17.2.1_KC597684 314 (598.0)
denovo163 C32_AY258497 314 (590.0)
denovo163 C1189_EU099831 313 (606.5)
denovo163 C1191_EU099833 312 (613.0)
denovo163 C1196_EU099819 313 (588.5)
denovo163 C1192_EU099820 313 (588.5)
denovo163 C17.1_JF683322 316 (606.0)
denovo163 C26_b2_FN827164 318 (608.0)
denovo163 C26_b3_FN827165 316 (584.5)
denovo163 C31.9_HQ630879 313 (605.0)
denovo163 C31a_AY589746 313 (602.0)
denovo163 C30_AY589745 313 (602.0)
denovo163 C31.1_HQ630876 313 (620.0)
denovo163 C31.5_HQ630877 312 (607.5)
denovo163 C31.6_HQ630878 313 (611.0)
denovo163 C31.2_JF683332 313 (611.0)
denovo163 C31.3_JF683333 313 (602.0)
denovo163 C26/C35a_AY239378 316 (593.5)
denovo163 C35a_AY258501 316 (593.5)
denovo163 C35.2_AY258500 316 (602.5)
denovo163 C26_b1_FN827163 316 (602.5)
denovo163 C17_AY239370 313 (606.5)
denovo163 C17.2_FJ461513 313 (608.5)
denovo163 C31.10_HQ630880 313 (614.0)
denovo163 C31.4_JF683334 317 (599.5)
denovo163 C31_AY258496 313 (611.0)
denovo163 C25_AY239377 320 (613.5)
denovo163 C61_AY589765 314 (587.5)
denovo163 C1043_DQ072721 318 (565.0)
denovo163 C79_AY765414 327 (587.0)
denovo163 C69_AY589773 318 (577.0)
denovo163 C69a_AY686648 318 (568.0)
denovo163 C21.22_KC597692 333 (599.5)
denovo163 C51_AY589756 321 (588.0)
denovo163 C1aa_HM185739 335 (602.0)
denovo163 C1096_DQ068023 318 (584.0)
denovo163 C74_AY765409 329 (606.0)
denovo163 C1185_AB294629 331 (603.0)
denovo163 C1184_AB294630 331 (603.0)
denovo163 C1153_AB294625 331 (612.0)
denovo163 C1154_AB294626 330 (618.5)
denovo163 C1187_AB294627 331 (603.0)
denovo163 C1186_AB294628 331 (603.0)
denovo163 C57_AY589761 331 (612.0)
denovo163 C66_AY589771 331 (612.0)
denovo163 C5_AF499795 318 (614.5)
denovo163 C1167_AB294586 319 (608.0)
denovo163 C1164_AB294593 318 (605.5)
denovo163 C1183_AB294631 318 (623.5)
denovo163 C1067_DQ335381 323 (603.0)
denovo163 C1159_AB294613 320 (607.0)
denovo163 C1150_AB294622 320 (616.0)
denovo163 C90_AM748554 320 (622.0)
denovo163 C1168_AB294583 325 (607.5)
denovo163 C1156_AB294616 324 (623.0)
denovo163 C1151_AB294621 318 (624.0)
denovo163 C92a_AM748561 325 (625.5)
denovo163 C92_AM748560 325 (616.5)
denovo163 C1165_AB294581 318 (614.5)
denovo163 C1166_AB294584 318 (632.5)
denovo163 C1162_AB294594 318 (614.5)
denovo163 C1163_AB294596 318 (632.5)
denovo163 C1161_AB294606 318 (623.5)
denovo163 C1160_AB294608 322 (625.0)
denovo163 C1158_AB294614 318 (632.0)
denovo163 C1155_AB294617 318 (614.5)
denovo163 C1149_AB294620 318 (623.5)
denovo163 C1173_AB294662 318 (632.5)
denovo163 C1171_AB294663 318 (614.5)
denovo163 C1172_AB294665 318 (614.5)
denovo163 C91a_AM748556 318 (623.5)
denovo163 C91b_AM748557 316 (626.0)
denovo163 C91d_AM748559 317 (620.5)
denovo163 C91c_AM748558 317 (620.5)
denovo163 C91_AJ621543 318 (623.5)
denovo163 C91_AM748555 318 (623.5)
denovo163 C1023_DQ335330 314 (573.5)
denovo163 C1020_DQ335392 323 (612.0)
denovo163 C1018_DQ335408 323 (612.0)
denovo163 C1074_DQ335329 323 (603.0)
denovo163 C1030_DQ335353 323 (603.0)
denovo163 C1022_DQ335331 322 (608.0)
denovo163 C1027_DQ335360 322 (617.0)
denovo163 C1072_DQ335344 323 (603.0)
denovo163 C1039_AB190274 323 (611.0)
denovo163 C1033_DQ335350 328 (600.0)
denovo163 C1019_DQ335407 323 (612.0)
denovo163 C1194_EU099826 318 (590.5)
denovo163 C8b_AY258475 319 (584.0)
denovo163 C8_AY239367 320 (592.5)
denovo163 C8a_AY239368 319 (599.0)
denovo163 C54a_AY765406 318 (615.0)
denovo163 C3ff_HM185740 318 (597.0)
denovo163 C59_AY589763 323 (585.0)
denovo163 C3k_AY589737 332 (612.0)
denovo163 C3.24_HE579012 331 (618.5)
denovo163 C3.23_HE579011 332 (612.0)
denovo163 C35.1_AY765401 314 (622.0)
denovo163 C35.3_EF541145 315 (615.5)
denovo163 C76_AY765411 323 (608.0)
denovo163 C1107_DQ335359 322 (585.0)
denovo163 C3.22_HE579010 330 (587.5)
denovo163 C77_AY765412 323 (607.5)
denovo163 C20_AY239371 325 (608.0)
denovo163 C1055_DQ480640 316 (614.5)
denovo163 C27/C30_AY239379 326 (604.0)
denovo163 C27.1_FJ461517 326 (595.0)
denovo163 C40a_AY589747 326 (601.5)
denovo163 C40_AY258485 326 (601.5)
denovo163 C40b_AY589748 325 (605.0)
denovo163 C16_AY258477 321 (605.5)
denovo163 C16a_AY765399 322 (607.5)
denovo163 C1091_AB207186 318 (614.0)
denovo163 C1102_DQ335400 318 (597.0)
denovo163 C1069_DQ335375 318 (606.0)
denovo163 C1073_DQ335332 318 (606.0)
denovo163 C1066_DQ335382 317 (602.5)
denovo163 C1031_DQ335352 318 (624.0)
denovo163 C1026_DQ335366 318 (615.0)
denovo163 C70_AY589774 318 (624.0)
denovo163 C1082_AB190267 322 (607.5)
denovo163 C1078_AB190271 317 (621.5)
denovo163 C1090_AB207191 318 (615.0)
denovo163 C1071_DQ335302 318 (615.0)
denovo163 C1075_DQ335328 318 (615.0)
denovo163 C1068_DQ335379 319 (608.0)
denovo163 C1064_DQ335395 318 (606.0)
denovo163 C1063_DQ335403 318 (615.0)
denovo163 C62_AY589766 318 (615.0)
denovo163 C1077_DQ335316 317 (618.0)
denovo163 C1109_DQ335338 318 (606.0)
denovo163 C1110_DQ335340 318 (606.0)
denovo163 C1106_DQ335339 318 (596.0)
denovo163 C1112_DQ335319 318 (605.0)
denovo163 C1108_DQ335351 318 (596.0)
denovo163 C1105_DQ335394 318 (605.0)
denovo163 C1121_DQ335378 317 (602.5)
denovo163 C1116_AB190268 317 (612.5)
denovo163 C1115_AB190273 317 (611.5)
denovo163 C1124_DQ335323 318 (587.0)
denovo163 C1120_DQ335398 318 (587.0)
denovo163 C1119_DQ335404 318 (596.0)
denovo163 C1123_DQ335363 318 (596.0)
denovo163 C1004_DQ480635 318 (605.5)
denovo163 C1061_AY186568 318 (596.5)
denovo163 C1053_AY186569 318 (605.5)
denovo163 C1003_DQ480639 318 (605.5)
denovo163 C81_GU907657 326 (592.0)
denovo163 C22_AY239373 313 (616.5)
denovo163 C22a_AY239374 315 (613.0)
denovo163 C1232_EU118163 337 (608.0)
denovo163 C21.13_FJ461515 313 (597.5)
denovo163 C21.1_JF683323 311 (600.5)
denovo163 C21.3_JF683325 314 (608.5)
denovo163 C1.20_HE578993 319 (590.5)
denovo163 C1.22_HE578995 319 (581.5)
denovo163 C52_AY589757 317 (614.5)
denovo163 C1201_EU099793 318 (566.0)
denovo163 C14_AY589741 321 (608.5)
denovo163 C43_AY589749 322 (608.0)
denovo163 C50_AY589755 318 (615.0)
denovo163 C3.14_HQ630872 318 (615.0)
denovo163 C1m_AY765398 317 (611.5)
denovo163 C82_GU907658 334 (607.5)
denovo163 C82b_GU907660 334 (607.5)
denovo163 C64_AY589768 333 (614.5)
denovo163 C45a_AY765404 335 (610.5)
denovo163 C48_AY589753 318 (625.5)
denovo163 C1_v1b_FJ919244 317 (602.5)
denovo163 C1_v1a_FJ919243 317 (602.5)
denovo163 C3j_AY239366 318 (597.0)
denovo163 C3t_EF541149 318 (606.0)
denovo163 C9_AF499798 320 (619.5)
denovo163 C23_AY239375 321 (614.5)
denovo163 C37_AY258481 327 (595.0)
denovo163 C1048_DQ068026 320 (601.5)
denovo163 C21.4_JF683326 313 (606.5)
denovo163 C21.5_JF683327 313 (606.5)
denovo163 C1070_DQ335349 318 (624.0)
denovo163 C21.6_HQ630873 313 (624.5)
denovo163 C1224_EU074890 317 (620.5)
denovo163 C1.17_HE578990 317 (620.5)
denovo163 C21_b1_FN827162 320 (600.0)
denovo163 C21.9_JF683330 320 (609.0)
denovo163 C1085_AY624605 318 (606.0)
denovo163 C3p_GU907654 318 (600.0)
denovo163 C3f_AY589734 318 (615.0)
denovo163 C65a_AY589770 317 (611.5)
denovo163 C65_AY589769 317 (620.5)
denovo163 C71_AY589775 317 (611.5)
denovo163 C71a_AY589776 317 (602.5)
denovo163 C1178_AB294647 317 (597.5)
denovo163 C1225_EU074893 315 (615.5)
denovo163 C75_AY765410 321 (605.5)
denovo163 C21.10_JF683331 314 (609.0)
denovo163 C21.11_HQ630874 314 (609.0)
denovo163 C1065_DQ335388 318 (615.0)
denovo163 C1045_DQ068036 318 (624.0)
denovo163 C1h_AY258473 333 (614.5)
denovo163 C38_AY258482 335 (611.0)
denovo163 C1202_EU099799 334 (609.0)
denovo163 C7_AF499797 334 (618.0)
denovo163 C12_AF499801 336 (607.5)
denovo163 C38a_AY258483 335 (616.5)
denovo163 C1200_EU099800 325 (616.0)
denovo163 C44a_AY589751 318 (614.5)
denovo163 C47_AY589752 320 (619.5)
denovo163 C44_AY589750 320 (610.5)
denovo163 C1.15_HE578988 317 (620.5)
denovo163 C45.3_FJ461522 320 (619.5)
denovo163 C46a_AY765405 320 (610.5)
denovo163 C46_EU449108 320 (610.5)
denovo163 C3.12_FJ461507 321 (614.0)
denovo163 C1k_AY589733 320 (601.5)
denovo163 C67_AY686647 322 (607.5)
denovo163 C82a_GU907659 326 (611.5)
denovo163 C10a_AY589739 320 (610.5)
denovo163 C10_AF499799 320 (601.5)
denovo163 C13_AY589740 326 (598.0)
denovo163 C4_AF499794 320 (601.5)
denovo163 C1147_EF656433 320 (601.5)
denovo163 C1c/C45_AY239364 320 (610.5)
denovo163 C1c/C45_EU449103 320 (610.5)
denovo163 C21.19_HE579031 313 (615.5)
denovo163 C21.21_HE579033 313 (606.5)
denovo163 C21.20_HE579032 313 (615.5)
denovo163 C42b_AY765403 324 (595.5)
denovo163 C42_AY258487 324 (604.5)
denovo163 C1p_GU907652 317 (602.5)
denovo163 C1d_AY258488 320 (592.5)
denovo163 C42_AY765402 320 (601.5)
denovo163 C3ha_AY589736 321 (612.0)
denovo163 C63a_AY589767 313 (626.5)
denovo163 C21a_AY589744 313 (615.5)
denovo163 C3o_GU907653 313 (615.5)
denovo163 C21.16_HQ630875 313 (615.0)
denovo163 C21.2_JF683324 332 (607.5)
denovo163 C21.7_JF683328 312 (613.0)
denovo163 C21.8_JF683329 313 (615.5)
denovo163 C3h_AY239365 313 (606.5)
denovo163 C1203_EU099798 313 (606.5)
denovo163 C3.10_FJ461505 318 (624.0)
denovo163 C21.14_FJ461516 313 (624.5)
denovo163 C21.18_HE579030 316 (612.0)
denovo163 C3.17_HE579005 318 (606.0)
denovo163 C3.9_FJ461504 318 (603.0)
denovo163 C3.8_FJ461503 318 (615.0)
denovo163 C3.7_FJ461502 318 (606.0)
denovo163 C3.11_FJ461506 328 (608.5)
denovo163 C3.18_HE579006 318 (606.0)
denovo163 C3.19_HE579007 318 (606.0)
denovo163 C3.20_HE579008 318 (606.0)
denovo163 C3g_AY589735 321 (598.0)
denovo163 C3a_AF499790 316 (618.0)
denovo163 C3e_AF499793 318 (606.0)
denovo163 C6_AF499796 317 (612.5)
denovo163 C11_AF499800 318 (606.0)
denovo163 C36_AY258480 318 (606.0)
denovo163 C29_AY258494 318 (624.0)
denovo163 C1146_EF656434 320 (611.0)
denovo163 C1190_EU099841 318 (624.0)
denovo163 C131_JF320826 318 (606.0)
denovo163 C28_AY239380 328 (611.0)
denovo163 C1012_DQ480604 322 (609.0)
denovo163 C1181_AB294640 318 (591.0)
denovo163 C1180_AB294641 318 (609.0)
denovo163 C1179_AB294645 319 (593.0)
denovo163 C1176_AB294651 316 (603.0)
denovo163 C1175_AB294653 318 (600.0)
denovo163 C1174_AB294655 318 (599.5)
denovo163 C1177_AB294659 318 (600.0)
denovo163 C1040_AB190269 322 (609.0)
denovo163 C1182_AB294649 318 (615.0)
denovo163 C1089_AJ278598 318 (606.0)
denovo163 C1028_DQ335357 317 (621.5)
denovo163 C3.16_EU786015 318 (624.0)
denovo163 C1097_AJ311943 319 (604.5)
denovo163 C1170_AB294661 318 (600.0)
denovo163 C21.17_HE579029 313 (618.0)
denovo163 C21/3d/C3k_AY239372 313 (615.5)
denovo163 C58_AY589762 313 (621.0)
denovo163 C3L_AY589738 321 (610.5)
denovo163 C1169_AB294660 318 (600.0)
denovo163 C3.2_FJ461497 317 (615.5)
denovo163 C3.1_JF683321 317 (614.5)
denovo163 C1104_AF427469 319 (605.0)
denovo163 C3b_AF499791 318 (618.0)
denovo163 C83_GU907661 318 (617.5)
denovo163 C49_AY589754 356 (628.5)
denovo163 C3_AB778606 318 (615.0)
denovo163 C3_AF499789 318 (615.0)
denovo163 C3_HE579001 318 (615.0)
denovo163 C21.12_FJ461514 313 (597.5)
denovo163 C1229_EU074888 316 (603.5)
denovo163 C1230_EU074889 316 (612.5)
denovo163 C1114_AB207196 318 (597.0)
denovo163 C3.21_HE579009 328 (547.5)
denovo163 C1057_DQ480619 318 (606.0)
denovo163 C72_AY765407 316 (599.5)
denovo163 C1b.3_HE578999 316 (603.0)
denovo163 C93_AJ621536 318 (606.0)
denovo163 C94_AJ621539 317 (602.5)
denovo163 C1g_AY589730 317 (620.5)
denovo163 C1i_AY589731 317 (611.5)
denovo163 C1j_AY589732 316 (618.0)
denovo163 C1005_DQ480633 332 (611.5)
denovo163 C1.7_FJ461494 317 (611.5)
denovo163 C1.11_HE578984 317 (611.5)
denovo163 C1.12_HE578985 318 (605.0)
denovo163 C1.13_HE578986 318 (606.0)
denovo163 C1.14_HE578987 317 (611.5)
denovo163 C1.18_HE578991 317 (602.5)
denovo163 C1.19_HE578992 317 (602.5)
denovo163 C1199_EU099802 317 (596.5)
denovo163 C1188_EU099838 317 (611.5)
denovo163 C1002_DQ838544 318 (615.0)
denovo163 C1198_EU099810 317 (602.5)
denovo163 C24_AY239376 317 (602.5)
denovo163 C1f_AY258490 317 (611.5)
denovo163 C1006_DQ480629 317 (620.5)
denovo163 C1010_DQ480607 321 (605.0)
denovo163 C1007_DQ480624 317 (602.5)
denovo163 C1011_DQ480605 327 (604.0)
denovo163 C1009_DQ480608 323 (611.0)
denovo163 C1041_AY186548 317 (611.5)
denovo163 C1052_AY186570 317 (602.5)
denovo163 C1148_EU040178 317 (611.5)
denovo163 C1234_EU118165 318 (601.5)
denovo163 C1.5_EF634157 317 (611.5)
denovo163 C1059_DQ480609 317 (602.5)
denovo163 C1228_EU074883 320 (610.5)
denovo163 C1208_EU074963 317 (602.5)
denovo163 C1207_EU074964 317 (611.5)
denovo163 C1206_EU074965 317 (602.5)
denovo163 C1013_DQ480642 315 (606.5)
denovo163 C80_GU907656 331 (608.5)
denovo163 C1a_AF499788 317 (611.5)
denovo163 C41_AY258486 317 (611.5)
denovo163 C39_AY258484 306 (609.0)
denovo163 C1231_EU074878 317 (602.5)
denovo163 C1b.1_HE578997 316 (603.0)
denovo163 C18_AY258478 317 (611.5)
denovo163 C1.10_HE578983 316 (606.0)
denovo163 C1_JN558041 317 (611.5)
denovo163 C1_HE578979 317 (611.5)
denovo163 C1_AM748551 317 (611.5)
denovo163 C1_AF333515 317 (611.5)
denovo163 C1054_AY186565 316 (615.0)
denovo163 C1008_DQ480613 317 (602.5)
denovo163 C1103_AF427470 318 (601.5)
denovo163 C1226_EU074881 318 (601.5)
denovo163 C1b/C1e_AY239363 316 (612.0)
denovo163 C1044_DQ068038 317 (596.5)
denovo163 C1017_DQ174729 317 (602.0)
denovo163 C1.6_FJ461493 317 (620.5)
denovo163 C1b.2_HE578998 316 (603.0)
denovo163 C1060_DQ480600 317 (602.5)
denovo163 C1227_EU074882 317 (602.5)
denovo163 C1197_EU099814 317 (602.5)
denovo163 C1130_DQ480643 317 (506.0)
denovo163 D109_AB097465 345 (467.5)
denovo163 D1.11_HE579040 346 (472.5)
denovo163 D105_AF174570 345 (469.5)
denovo163 D104_AF174572 354 (471.5)
denovo163 D1.3_JF683337 365 (466.5)
denovo163 D1.10_HE579039 346 (463.5)
denovo163 D110_AF174561 346 (463.5)
denovo163 D117_AF174542 346 (463.5)
denovo163 D114_AF174549 346 (472.5)
denovo163 D113_AF174557 345 (469.0)
denovo163 D112_AF174558 346 (472.5)
denovo163 D106_AF174559 359 (475.5)
denovo163 D111_AF174560 347 (475.5)
denovo163 D115_AF174562 346 (463.5)
denovo163 D107_AF174568 346 (472.5)
denovo163 D116_AF174571 345 (460.5)
denovo163 D124_EU074897 346 (472.5)
denovo163 D1.8_HE579037 346 (472.5)
denovo163 D3_AY686650 346 (472.5)
denovo163 D1.6_HQ630881 351 (465.0)
denovo163 D120_EU074900 346 (463.5)
denovo163 D121_EU074904 345 (469.5)
denovo163 D122_EU074905 354 (471.5)
denovo163 D1a.2_JF683339 348 (471.5)
denovo163 D1a.1_JF683338 346 (472.5)
denovo163 D2_AY686649 581 (526.0)
denovo163 D4_DQ865214 347 (472.0)
denovo163 D1a_AF499802 346 (472.5)
denovo163 D1a_JN558078 346 (472.5)
denovo163 D123_EU074895 361 (472.5)
denovo163 D108_AF174567 346 (481.5)
denovo163 D103_AF174575 357 (469.5)
denovo163 D100_AF411415 355 (481.0)
denovo163 D118_EF656435 347 (475.5)
denovo163 D101_AF411416 355 (466.0)
denovo163 D119_EU099832 355 (458.0)
denovo163 D102_AF174573 356 (470.0)
denovo163 D1_AF334660 346 (472.5)
denovo163 D1_JN558076 346 (472.5)
denovo163 D1.12_HE579041 336 (471.0)
denovo163 D1.1_AM748564 414 (496.0)
denovo163 D1.2_AM748617 396 (500.5)
denovo163 E111_EU074915 351 (453.0)
denovo163 E110_EU074914 351 (453.0)
denovo163 E114_EU074909 349 (438.5)
denovo163 E1_AF334659 352 (434.0)
denovo163 E105_EU074921 351 (444.0)
denovo163 E112_EU074916 346 (438.5)
denovo163 E104_EU074922 344 (449.5)
denovo163 E102_EU074924 346 (438.5)
denovo163 E103_EU074923 346 (447.5)
denovo163 E101_AY160123 347 (429.5)
denovo163 E109_EU074913 352 (465.5)
denovo163 E100_DQ011618 356 (468.0)
denovo163 E108_EU074912 354 (471.0)
denovo163 E113_EU074908 354 (473.5)
denovo163 E107_EU074910 354 (471.0)
denovo163 F1_JN558066 340 (634.0)
denovo163 F5.2d_AJ291530 331 (650.5)
denovo163 F104_AJ291531 331 (650.5)
denovo163 F5.2c_AM748596 331 (642.0)
denovo163 F5.2_AM748594 331 (641.5)
denovo163 F5.2a_AM748614 331 (641.5)
denovo163 F5.2b_AM748595 331 (641.5)
denovo163 F5.2e_AJ291533 336 (613.0)
denovo163 F5.2g_JN558072 329 (644.0)
denovo163 F5.2f_AJ291512 336 (639.5)
denovo163 F102_AJ291534 336 (639.5)
denovo163 F5.1c_AM748593 336 (648.5)
denovo163 F5.1d_JN558069 339 (639.5)
denovo163 F5.1b_AJ291535 339 (667.5)
denovo163 F5.1_AM748592 329 (663.0)
denovo163 F5.1a_AM748591 339 (667.5)
denovo163 F110_AJ291526 321 (694.5)
denovo163 F4.7_AM748587 316 (674.0)
denovo163 F4.5_AM748585 319 (679.0)
denovo163 F4.4a_AM748583 314 (693.5)
denovo163 F4.4_AM748582 314 (690.0)
denovo163 F4.4b_AM748584 312 (702.5)
denovo163 F4.1a_AM748573 318 (650.0)
denovo163 F112_AJ291528 317 (638.5)
denovo163 F4.1_AM748572 317 (638.5)
denovo163 F4.8b_AM748590 327 (684.0)
denovo163 F4.8_AM748588 318 (684.5)
denovo163 F4.8a_AM748589 318 (684.5)
denovo163 F109_AJ291527 324 (689.0)
denovo163 F4.6_AM748586 319 (645.0)
denovo163 F111_AJ311949 318 (687.0)
denovo163 F4.3c_AM748581 319 (695.0)
denovo163 F4.3a_AM748579 322 (695.0)
denovo163 F4.3b_AM748580 322 (695.0)
denovo163 F4.3_AM748578 322 (686.0)
denovo163 F4.2_AM748574 321 (695.0)
denovo163 F4.2a_AM748575 319 (674.5)
denovo163 F4.2c_AM748577 320 (674.5)
denovo163 F4.2b_AM748576 319 (683.5)
denovo163 F2b_AJ291521 338 (651.5)
denovo163 F2_AJ830908 328 (642.5)
denovo163 F2a_AJ830911 333 (638.5)
denovo163 F3.1a_AM748566 337 (616.5)
denovo163 F114_AJ291525 337 (625.5)
denovo163 F3.1_AM748565 337 (625.5)
denovo163 F3.2_AM748567 349 (641.0)
denovo163 F3.2a_AM748568 337 (642.5)
denovo163 F3.3_AM748569 343 (648.5)
denovo163 F3.4a_AM748571 339 (618.0)
denovo163 F3.4_AM748570 346 (622.5)
denovo163 F3.4b_AM748616 341 (624.5)
denovo163 G101_AJ291539 351 (510.0)
denovo163 G1_AM748597 351 (510.0)
denovo163 G2b_JN558087 354 (503.5)
denovo163 G2_AM748598 353 (501.0)
denovo163 G2a_AM748599 353 (501.0)
denovo163 G4_AM748601 351 (519.0)
denovo163 G3.4_LK392378 349 (494.5)
denovo163 G3_AM748600 356 (496.5)
denovo163 G3.2_KC597694 333 (436.5)
denovo163 G3.1_KC597688 353 (498.5)
denovo163 G100_AB253788 344 (491.0)
denovo163 G3.3_LK392377 347 (490.0)
denovo163 H6_AJ291520 638 (324.0)
denovo163 H3_AM748606 333 (494.0)
denovo163 H2_AM748605 332 (526.5)
denovo163 H4_AM748607 334 (500.5)
denovo163 H4a_AM748608 335 (500.0)
denovo163 H5a_AM748611 329 (512.5)
denovo163 H5b_AM748610 331 (508.0)
denovo163 H5_AJ621129 329 (503.5)
denovo163 H5_AM748609 329 (503.5)
denovo163 H100_AJ291513 336 (513.5)
denovo163 H1b_AM748604 336 (508.5)
denovo163 H1a_AM748612 336 (526.5)
denovo163 H1_AJ621152 336 (517.5)
denovo163 H1_AM748602 336 (517.5)
denovo163 I3_FN561561 341 (709.0)
denovo163 I4_FN561562 341 (709.0)
denovo163 I1_FN561559 331 (698.0)
denovo163 I2_FN561560 338 (708.0)

#---------------------------------------
#---------------------------------------
