denovo36 A136_DQ865210 304 (755.5)
denovo36 A133_DQ174725 282 (852.0)
denovo36 A115_AF180123 286 (715.5)
denovo36 A117_AF201746 286 (832.0)
denovo36 A134_DQ174723 286 (841.0)
denovo36 A114_AF184941 286 (841.0)
denovo36 A135_DQ174727 288 (845.5)
denovo36 A2_AF333506 289 (835.5)
denovo36 A101_AF427468 288 (845.5)
denovo36 A2_1_JN558097 288 (845.5)
denovo36 A2_2_JN558100 288 (845.5)
denovo36 A113_AF184948 280 (817.5)
denovo36 A112_AF184949 279 (842.0)
denovo36 A123_EF378618 275 (856.5)
denovo36 A137_EF378621 272 (957.0)
denovo36 A11_EU449041 272 (1056.5)
denovo36 A121_DQ174722 272 (1122.5)
denovo36 A15b_EU792886 272 (1071.5)
denovo36 A15a_EU792885 272 (1089.5)
denovo36 A15c_EU792887 273 (1074.5)
denovo36 A15_EU792884 272 (1080.5)
denovo36 A147_EU074937 272 (1107.5)
denovo36 A154_EU074860 272 (1107.5)
denovo36 A146_EU074936 272 (1107.5)
denovo36 A150_EU074928 272 (1107.5)
denovo36 A116_AF183575 272 (1107.5)
denovo36 A141_EU074931 272 (1116.5)
denovo36 A5_AF333508 272 (1149.5)
denovo36 A3b_EU449043 272 (1134.5)
denovo36 A151_EU074925 272 (1116.5)
denovo36 A152_EU074927 272 (1116.5)
denovo36 A149_EU074929 272 (1116.5)
denovo36 A140_EU074930 272 (1116.5)
denovo36 A142_EU074932 272 (1116.5)
denovo36 A143_EU074933 272 (1116.5)
denovo36 A144_EU074934 272 (1116.5)
denovo36 A145_EU074935 273 (1119.5)
denovo36 A148_EU074938 272 (1116.5)
denovo36 A155_EU074856 272 (1116.5)
denovo36 A156_EU074859 272 (1116.5)
denovo36 A139_EU074962 272 (1116.5)
denovo36 A6_AF186058 272 (1125.5)
denovo36 A3_AF333507 272 (1125.5)
denovo36 A3_JN558091 272 (1125.5)
denovo36 A8_AY258468 272 (1116.5)
denovo36 A7_AY239360 272 (1107.5)
denovo36 A16_EU792888 272 (1107.5)
denovo36 A4.3_FN429763 274 (1237.5)
denovo36 A120_AF180122 273 (1179.5)
denovo36 A4.2_FN429761 272 (1229.0)
denovo36 A4_AF333509 272 (1266.0)
denovo36 A4.1_FN429760 272 (1245.5)
denovo36 A4a_AF499778 272 (1257.0)
denovo36 A4a.1_FN429762 272 (1257.0)
denovo36 A138_EF378620 274 (1117.5)
denovo36 A122_EF378619 273 (1145.5)
denovo36 A126_EF378615 272 (1164.5)
denovo36 A10_EU792882 272 (1164.5)
denovo36 A9_EU449028 272 (1176.0)
denovo36 A105_AB207202 272 (1176.0)
denovo36 A119_AF180121 273 (1113.5)
denovo36 A12_EU792883 272 (1185.0)
denovo36 A104_AB207203 272 (1185.0)
denovo36 A1a_EU449030 272 (1194.0)
denovo36 A1.3_HE578976 272 (1194.0)
denovo36 A1.4_HE578977 272 (1194.0)
denovo36 A13_AF333504 272 (1194.0)
denovo36 A13_JN558094 272 (1194.0)
denovo36 A110_AB190282 272 (1194.0)
denovo36 A103_AB207206 272 (1194.0)
denovo36 A130_EF656428 272 (1194.0)
denovo36 A127_EF656429 272 (1194.0)
denovo36 A128_EF656430 272 (1194.0)
denovo36 A129_EF656431 272 (1194.0)
denovo36 A131_EF656432 272 (1194.0)
denovo36 A118_AF180120 272 (1141.5)
denovo36 A1_AF333505 272 (1203.0)
denovo36 A107_AB207199 272 (1176.0)
denovo36 A111_AB190280 272 (1185.0)
denovo36 A108_AB207197 272 (1170.0)
denovo36 A106_AB207200 272 (1176.0)
denovo36 A102_AB207209 272 (1194.0)
denovo36 A1.2_AB207210 272 (1194.0)
denovo36 A109_AB190285 272 (1185.0)
denovo36 B4_AF333510 335 (527.0)
denovo36 B23_EU449079 343 (487.0)
denovo36 B30_GU907644 344 (481.0)
denovo36 B11_AY239361 349 (505.5)
denovo36 B17_AY258470 345 (490.5)
denovo36 B1k_GU907638 285 (262.5)
denovo36 B1.V_Green2014 352 (475.5)
denovo36 B1b_AF499780 341 (511.5)
denovo36 B16_AY258469 348 (491.0)
denovo36 B31a_GU907646 343 (495.0)
denovo36 B32_GU907647 347 (506.5)
denovo36 B31_GU907645 347 (498.0)
denovo36 B1j_GU907637 343 (503.0)
denovo36 B37_GU907650 343 (514.0)
denovo36 B5a_AF499782 348 (491.0)
denovo36 B5_AF499781 348 (500.0)
denovo36 B24_GU907643 348 (386.0)
denovo36 B117_AF180124 327 (472.5)
denovo36 B10_AF499787 348 (491.0)
denovo36 B20_GU907642 353 (493.0)
denovo36 B1m_GU907640 347 (498.0)
denovo36 B34_GU907649 348 (500.0)
denovo36 B1d_GU907633 348 (500.0)
denovo36 B1e_GU907634 348 (500.0)
denovo36 B1i_GU907636 347 (498.0)
denovo36 B1g_GU907635 349 (491.0)
denovo36 B123_EU074872 348 (482.0)
denovo36 B8_AF499785 348 (489.0)
denovo36 B1l_GU907639 348 (491.5)
denovo36 B1a_AF499779 348 (500.0)
denovo36 B14_AY239362 349 (481.0)
denovo36 B125_EU074865 353 (497.0)
denovo36 B122_EU074871 347 (498.0)
denovo36 B124_EU074874 348 (491.0)
denovo36 B1.VII_Green2014 348 (448.5)
denovo36 B1.III_Green2014 335 (488.5)
denovo36 B1.I_Green2014 348 (500.0)
denovo36 B1.II_Green2014 348 (500.0)
denovo36 B1_JN558057 348 (500.0)
denovo36 B1_AF333511 348 (500.0)
denovo36 B1.IV_Green2014 358 (495.0)
denovo36 B121_EU074870 348 (500.0)
denovo36 B7_AF499784 348 (500.0)
denovo36 B1.VI_Green2014 339 (493.5)
denovo36 B3_AF333514 339 (506.5)
denovo36 B9_AF499786 339 (488.0)
denovo36 B19a_JN558055 321 (484.5)
denovo36 B119_EU099825 334 (500.0)
denovo36 B21_DQ865213 338 (489.5)
denovo36 B38_GU907651 338 (489.5)
denovo36 B18_AY258471 339 (515.0)
denovo36 B18a_AY258472 339 (515.0)
denovo36 B33_GU907648 344 (502.5)
denovo36 B6_AF499783 340 (509.0)
denovo36 B19_DQ865212 339 (497.0)
denovo36 B19_GU907641 339 (497.0)
denovo36 B2_AF333512 339 (497.0)
denovo36 B2_JN558060 339 (497.0)
denovo36 C33.1_AY258498 337 (524.0)
denovo36 C33.2_AY765400 337 (524.0)
denovo36 C33a_EF541147 337 (524.0)
denovo36 C34_AY258499 336 (539.5)
denovo36 C78_AY765413 342 (513.5)
denovo36 C15.29_KC597690 338 (518.0)
denovo36 C1131_DQ182650 342 (503.0)
denovo36 C1135_DQ182646 331 (506.0)
denovo36 C1134_DQ182647 328 (498.0)
denovo36 C1142_DQ182635 329 (500.0)
denovo36 C1136_DQ182644 338 (507.5)
denovo36 C1111_DQ182645 332 (515.5)
denovo36 C1236_EF473656 332 (506.5)
denovo36 C1138_DQ182642 332 (506.5)
denovo36 C1137_DQ182643 333 (517.0)
denovo36 C1133_DQ182648 332 (506.5)
denovo36 C1132_DQ182649 332 (515.5)
denovo36 C1143_DQ182634 332 (515.5)
denovo36 C1139_DQ182639 329 (509.0)
denovo36 C15.28_KC597687 329 (555.0)
denovo36 C1141_DQ182636 329 (518.0)
denovo36 C1144_DQ182637 329 (518.0)
denovo36 C1122_DQ182654 331 (515.0)
denovo36 C1127_DQ182652 329 (518.0)
denovo36 C15.30_JX394114 349 (551.0)
denovo36 C15.26_KC597686 340 (543.5)
denovo36 C1086_DQ182656 344 (544.5)
denovo36 C15.25_KC597685 344 (553.5)
denovo36 C1118_AF180127 330 (529.5)
denovo36 C1129_DQ182651 343 (505.5)
denovo36 C15.21_KC597683 337 (533.5)
denovo36 C56_AY589760 342 (540.0)
denovo36 C1140_DQ182638 336 (512.0)
denovo36 C1126_DQ182653 341 (517.0)
denovo36 C15c_AY258492 341 (545.5)
denovo36 C15d_AY258493 340 (552.0)
denovo36 C1098_DQ182641 343 (540.5)
denovo36 C15.27_KC597689 336 (558.0)
denovo36 C15.18_HE579024 342 (549.0)
denovo36 C15.16_HE579022 343 (560.5)
denovo36 C1101_AB253787 343 (533.5)
denovo36 C1083_AY237300 339 (549.5)
denovo36 C1088_DQ182640 343 (551.5)
denovo36 C15.6_FN563472 343 (542.5)
denovo36 C15.5_FJ461512 336 (549.0)
denovo36 C15.4_FJ461511 336 (549.0)
denovo36 C15.13_HE579019 343 (533.5)
denovo36 C15.12_HE579018 343 (542.5)
denovo36 C93a_AM748563 341 (545.0)
denovo36 C1094_AJ291514 341 (545.0)
denovo36 C93_AM748562 341 (536.0)
denovo36 C15.17_HE579023 342 (552.0)
denovo36 C15e_AY589742 342 (551.0)
denovo36 C15.22_KC597695 343 (542.5)
denovo36 C60_AY589764 336 (549.0)
denovo36 C15.1_FJ461508 343 (552.0)
denovo36 C15.2_FJ461509 343 (542.5)
denovo36 C15.9_FN563475 335 (554.5)
denovo36 C15.7_HE579015 343 (551.5)
denovo36 C15.8_HE579016 343 (542.5)
denovo36 C15.15_HE579021 343 (542.5)
denovo36 C15.19_HE579025 342 (558.0)
denovo36 C15.24_KC597696 343 (543.0)
denovo36 C15.3_FJ461510 336 (549.0)
denovo36 C1087_DQ182655 335 (555.0)
denovo36 C15.14_HE579020 344 (551.0)
denovo36 C15.23_KC597697 344 (551.0)
denovo36 C19_AY258479 342 (552.0)
denovo36 C1233_EU118166 343 (542.5)
denovo36 C15b_AY258491 343 (542.5)
denovo36 C15a_AY258476 336 (558.0)
denovo36 C1051_AF195153 343 (542.5)
denovo36 C2_AF333518 344 (540.5)
denovo36 C15.20_HE579026 344 (551.0)
denovo36 C15f_AY589743 344 (551.0)
denovo36 C55_AY589759 338 (549.5)
denovo36 C15_AY239369 343 (551.5)
denovo36 C32.1_JF683335 343 (539.0)
denovo36 C32.2_JF683336 343 (538.5)
denovo36 C21.23_KC597693 343 (538.5)
denovo36 C1193_EU099827 336 (518.5)
denovo36 C1195_EU099821 349 (487.5)
denovo36 C3q_GU907655 329 (539.0)
denovo36 C53_AY589758 342 (522.5)
denovo36 C73_AY765408 338 (535.0)
denovo36 C17.2.1_KC597684 342 (535.0)
denovo36 C32_AY258497 332 (534.5)
denovo36 C1189_EU099831 329 (535.5)
denovo36 C1191_EU099833 329 (544.5)
denovo36 C1196_EU099819 336 (528.0)
denovo36 C1192_EU099820 336 (528.0)
denovo36 C17.1_JF683322 331 (540.0)
denovo36 C26_b2_FN827164 338 (539.5)
denovo36 C26_b3_FN827165 338 (521.5)
denovo36 C31.9_HQ630879 339 (536.0)
denovo36 C31a_AY589746 340 (526.0)
denovo36 C30_AY589745 331 (535.0)
denovo36 C31.1_HQ630876 331 (535.0)
denovo36 C31.5_HQ630877 340 (535.0)
denovo36 C31.6_HQ630878 336 (532.0)
denovo36 C31.2_JF683332 332 (529.0)
denovo36 C31.3_JF683333 339 (541.5)
denovo36 C26/C35a_AY239378 338 (530.5)
denovo36 C35a_AY258501 338 (530.5)
denovo36 C35.2_AY258500 338 (539.5)
denovo36 C26_b1_FN827163 338 (539.5)
denovo36 C17_AY239370 337 (540.0)
denovo36 C17.2_FJ461513 339 (539.0)
denovo36 C31.10_HQ630880 339 (545.0)
denovo36 C31.4_JF683334 344 (523.5)
denovo36 C31_AY258496 340 (535.0)
denovo36 C25_AY239377 331 (518.5)
denovo36 C61_AY589765 335 (540.0)
denovo36 C1043_DQ072721 341 (495.0)
denovo36 C79_AY765414 335 (528.5)
denovo36 C69_AY589773 322 (542.5)
denovo36 C69a_AY686648 322 (533.5)
denovo36 C21.22_KC597692 325 (549.0)
denovo36 C51_AY589756 341 (527.5)
denovo36 C1aa_HM185739 343 (535.0)
denovo36 C1096_DQ068023 341 (516.0)
denovo36 C74_AY765409 334 (537.5)
denovo36 C1185_AB294629 342 (534.0)
denovo36 C1184_AB294630 342 (534.0)
denovo36 C1153_AB294625 342 (543.5)
denovo36 C1154_AB294626 341 (549.5)
denovo36 C1187_AB294627 342 (534.0)
denovo36 C1186_AB294628 339 (544.0)
denovo36 C57_AY589761 342 (543.0)
denovo36 C66_AY589771 342 (543.0)
denovo36 C5_AF499795 343 (533.5)
denovo36 C1167_AB294586 342 (549.0)
denovo36 C1164_AB294593 343 (533.5)
denovo36 C1183_AB294631 333 (530.0)
denovo36 C1067_DQ335381 336 (531.0)
denovo36 C1159_AB294613 347 (550.0)
denovo36 C1150_AB294622 345 (545.0)
denovo36 C90_AM748554 332 (548.0)
denovo36 C1168_AB294583 343 (533.5)
denovo36 C1156_AB294616 341 (545.0)
denovo36 C1151_AB294621 343 (551.5)
denovo36 C92a_AM748561 343 (542.5)
denovo36 C92_AM748560 343 (542.5)
denovo36 C1165_AB294581 342 (548.5)
denovo36 C1166_AB294584 343 (551.5)
denovo36 C1162_AB294594 342 (539.5)
denovo36 C1163_AB294596 337 (533.5)
denovo36 C1161_AB294606 341 (537.0)
denovo36 C1160_AB294608 343 (551.5)
denovo36 C1158_AB294614 343 (542.5)
denovo36 C1155_AB294617 343 (533.5)
denovo36 C1149_AB294620 335 (545.5)
denovo36 C1173_AB294662 343 (533.5)
denovo36 C1171_AB294663 343 (533.5)
denovo36 C1172_AB294665 343 (533.5)
denovo36 C91a_AM748556 335 (536.5)
denovo36 C91b_AM748557 337 (534.0)
denovo36 C91d_AM748559 342 (540.0)
denovo36 C91c_AM748558 342 (539.5)
denovo36 C91_AJ621543 343 (542.5)
denovo36 C91_AM748555 343 (542.5)
denovo36 C1023_DQ335330 313 (532.0)
denovo36 C1020_DQ335392 343 (542.5)
denovo36 C1018_DQ335408 335 (546.0)
denovo36 C1074_DQ335329 343 (533.5)
denovo36 C1030_DQ335353 343 (542.5)
denovo36 C1022_DQ335331 343 (542.5)
denovo36 C1027_DQ335360 343 (542.5)
denovo36 C1072_DQ335344 343 (533.5)
denovo36 C1039_AB190274 336 (540.0)
denovo36 C1033_DQ335350 348 (530.5)
denovo36 C1019_DQ335407 343 (542.5)
denovo36 C1194_EU099826 338 (521.0)
denovo36 C8b_AY258475 335 (513.0)
denovo36 C8_AY239367 332 (518.5)
denovo36 C8a_AY239368 332 (518.5)
denovo36 C54a_AY765406 333 (539.5)
denovo36 C3ff_HM185740 344 (536.0)
denovo36 C59_AY589763 342 (533.0)
denovo36 C3k_AY589737 335 (537.5)
denovo36 C3.24_HE579012 340 (544.0)
denovo36 C3.23_HE579011 341 (537.5)
denovo36 C35.1_AY765401 335 (554.0)
denovo36 C35.3_EF541145 335 (554.0)
denovo36 C76_AY765411 341 (535.0)
denovo36 C1107_DQ335359 338 (504.5)
denovo36 C3.22_HE579010 337 (535.5)
denovo36 C77_AY765412 343 (531.0)
denovo36 C20_AY239371 343 (533.5)
denovo36 C1055_DQ480640 335 (532.5)
denovo36 C27/C30_AY239379 338 (539.5)
denovo36 C27.1_FJ461517 338 (530.5)
denovo36 C40a_AY589747 341 (537.0)
denovo36 C40_AY258485 341 (537.0)
denovo36 C40b_AY589748 342 (535.0)
denovo36 C16_AY258477 336 (530.5)
denovo36 C16a_AY765399 337 (533.5)
denovo36 C1091_AB207186 327 (530.0)
denovo36 C1102_DQ335400 337 (514.5)
denovo36 C1069_DQ335375 327 (530.0)
denovo36 C1073_DQ335332 337 (532.5)
denovo36 C1066_DQ335382 337 (532.5)
denovo36 C1031_DQ335352 338 (544.5)
denovo36 C1026_DQ335366 344 (545.5)
denovo36 C70_AY589774 337 (541.5)
denovo36 C1082_AB190267 337 (523.5)
denovo36 C1078_AB190271 337 (532.5)
denovo36 C1090_AB207191 329 (536.0)
denovo36 C1071_DQ335302 329 (526.5)
denovo36 C1075_DQ335328 331 (532.5)
denovo36 C1068_DQ335379 337 (523.5)
denovo36 C1064_DQ335395 337 (541.5)
denovo36 C1063_DQ335403 337 (523.5)
denovo36 C62_AY589766 337 (532.5)
denovo36 C1077_DQ335316 338 (532.0)
denovo36 C1109_DQ335338 337 (523.5)
denovo36 C1110_DQ335340 337 (523.5)
denovo36 C1106_DQ335339 327 (512.0)
denovo36 C1112_DQ335319 327 (521.0)
denovo36 C1108_DQ335351 327 (512.0)
denovo36 C1105_DQ335394 327 (521.0)
denovo36 C1121_DQ335378 327 (512.0)
denovo36 C1116_AB190268 337 (523.5)
denovo36 C1115_AB190273 327 (521.0)
denovo36 C1124_DQ335323 327 (503.0)
denovo36 C1120_DQ335398 326 (518.0)
denovo36 C1119_DQ335404 329 (517.5)
denovo36 C1123_DQ335363 327 (512.0)
denovo36 C1004_DQ480635 331 (542.5)
denovo36 C1061_AY186568 332 (527.5)
denovo36 C1053_AY186569 332 (536.5)
denovo36 C1003_DQ480639 332 (536.5)
denovo36 C81_GU907657 328 (534.5)
denovo36 C22_AY239373 332 (545.0)
denovo36 C22a_AY239374 332 (545.0)
denovo36 C1232_EU118163 336 (531.0)
denovo36 C21.13_FJ461515 339 (544.5)
denovo36 C21.1_JF683323 329 (552.0)
denovo36 C21.3_JF683325 336 (537.5)
denovo36 C1.20_HE578993 332 (536.5)
denovo36 C1.22_HE578995 332 (527.5)
denovo36 C52_AY589757 329 (530.0)
denovo36 C1201_EU099793 336 (489.5)
denovo36 C14_AY589741 336 (533.0)
denovo36 C43_AY589749 337 (532.5)
denovo36 C50_AY589755 336 (540.0)
denovo36 C3.14_HQ630872 343 (533.5)
denovo36 C1m_AY765398 337 (523.5)
denovo36 C82_GU907658 343 (523.5)
denovo36 C82b_GU907660 343 (523.5)
denovo36 C64_AY589768 343 (542.5)
denovo36 C45a_AY765404 342 (531.0)
denovo36 C48_AY589753 333 (551.0)
denovo36 C1_v1b_FJ919244 332 (527.5)
denovo36 C1_v1a_FJ919243 332 (527.5)
denovo36 C3j_AY239366 343 (524.5)
denovo36 C3t_EF541149 341 (554.0)
denovo36 C9_AF499798 343 (524.5)
denovo36 C23_AY239375 337 (523.5)
denovo36 C37_AY258481 331 (543.0)
denovo36 C1048_DQ068026 333 (522.0)
denovo36 C21.4_JF683326 331 (531.0)
denovo36 C21.5_JF683327 337 (540.0)
denovo36 C1070_DQ335349 343 (533.5)
denovo36 C21.6_HQ630873 337 (540.0)
denovo36 C1224_EU074890 328 (533.5)
denovo36 C1.17_HE578990 332 (536.5)
denovo36 C21_b1_FN827162 335 (533.5)
denovo36 C21.9_JF683330 335 (542.5)
denovo36 C1085_AY624605 337 (541.5)
denovo36 C3p_GU907654 343 (537.0)
denovo36 C3f_AY589734 343 (542.5)
denovo36 C65a_AY589770 336 (540.0)
denovo36 C65_AY589769 336 (549.0)
denovo36 C71_AY589775 336 (549.0)
denovo36 C71a_AY589776 336 (540.0)
denovo36 C1178_AB294647 342 (542.0)
denovo36 C1225_EU074893 336 (539.0)
denovo36 C75_AY765410 346 (542.5)
denovo36 C21.10_JF683331 333 (546.0)
denovo36 C21.11_HQ630874 337 (549.0)
denovo36 C1065_DQ335388 343 (533.0)
denovo36 C1045_DQ068036 343 (542.0)
denovo36 C1h_AY258473 332 (536.5)
denovo36 C38_AY258482 337 (542.5)
denovo36 C1202_EU099799 343 (533.5)
denovo36 C7_AF499797 343 (542.5)
denovo36 C12_AF499801 345 (532.0)
denovo36 C38a_AY258483 344 (542.0)
denovo36 C1200_EU099800 332 (545.0)
denovo36 C44a_AY589751 335 (537.0)
denovo36 C47_AY589752 343 (533.5)
denovo36 C44_AY589750 343 (533.5)
denovo36 C1.15_HE578988 332 (537.0)
denovo36 C45.3_FJ461522 343 (534.0)
denovo36 C46a_AY765405 343 (533.5)
denovo36 C46_EU449108 343 (533.5)
denovo36 C3.12_FJ461507 343 (542.5)
denovo36 C1k_AY589733 343 (533.5)
denovo36 C67_AY686647 343 (533.5)
denovo36 C82a_GU907659 341 (527.0)
denovo36 C10a_AY589739 342 (531.0)
denovo36 C10_AF499799 342 (531.0)
denovo36 C13_AY589740 348 (528.0)
denovo36 C4_AF499794 343 (524.5)
denovo36 C1147_EF656433 334 (533.5)
denovo36 C1c/C45_AY239364 343 (533.5)
denovo36 C1c/C45_EU449103 343 (533.5)
denovo36 C21.19_HE579031 337 (531.0)
denovo36 C21.21_HE579033 337 (522.0)
denovo36 C21.20_HE579032 337 (531.0)
denovo36 C42b_AY765403 337 (514.5)
denovo36 C42_AY258487 337 (523.5)
denovo36 C1p_GU907652 332 (527.5)
denovo36 C1d_AY258488 342 (521.5)
denovo36 C42_AY765402 343 (524.5)
denovo36 C3ha_AY589736 337 (540.0)
denovo36 C63a_AY589767 331 (542.0)
denovo36 C21a_AY589744 337 (549.0)
denovo36 C3o_GU907653 337 (540.5)
denovo36 C21.16_HQ630875 331 (549.0)
denovo36 C21.2_JF683324 337 (549.0)
denovo36 C21.7_JF683328 336 (546.5)
denovo36 C21.8_JF683329 329 (552.5)
denovo36 C3h_AY239365 337 (540.0)
denovo36 C1203_EU099798 337 (540.0)
denovo36 C3.10_FJ461505 343 (542.5)
denovo36 C21.14_FJ461516 337 (549.0)
denovo36 C21.18_HE579030 343 (537.0)
denovo36 C3.17_HE579005 343 (533.5)
denovo36 C3.9_FJ461504 332 (543.5)
denovo36 C3.8_FJ461503 334 (542.5)
denovo36 C3.7_FJ461502 343 (533.5)
denovo36 C3.11_FJ461506 343 (542.5)
denovo36 C3.18_HE579006 343 (533.5)
denovo36 C3.19_HE579007 343 (542.0)
denovo36 C3.20_HE579008 343 (533.5)
denovo36 C3g_AY589735 346 (543.5)
denovo36 C3a_AF499790 335 (546.0)
denovo36 C3e_AF499793 343 (533.5)
denovo36 C6_AF499796 346 (542.5)
denovo36 C11_AF499800 341 (545.5)
denovo36 C36_AY258480 345 (538.0)
denovo36 C29_AY258494 335 (538.0)
denovo36 C1146_EF656434 343 (543.0)
denovo36 C1190_EU099841 343 (551.5)
denovo36 C131_JF320826 343 (533.5)
denovo36 C28_AY239380 345 (532.5)
denovo36 C1012_DQ480604 336 (540.0)
denovo36 C1181_AB294640 343 (535.5)
denovo36 C1180_AB294641 343 (553.5)
denovo36 C1179_AB294645 343 (544.5)
denovo36 C1176_AB294651 339 (543.0)
denovo36 C1175_AB294653 343 (544.5)
denovo36 C1174_AB294655 343 (544.5)
denovo36 C1177_AB294659 344 (538.0)
denovo36 C1040_AB190269 343 (542.5)
denovo36 C1182_AB294649 343 (533.5)
denovo36 C1089_AJ278598 343 (533.5)
denovo36 C1028_DQ335357 343 (542.5)
denovo36 C3.16_EU786015 343 (551.5)
denovo36 C1097_AJ311943 344 (532.5)
denovo36 C1170_AB294661 343 (544.5)
denovo36 C21.17_HE579029 338 (554.0)
denovo36 C21/3d/C3k_AY239372 337 (549.0)
denovo36 C58_AY589762 338 (548.5)
denovo36 C3L_AY589738 334 (539.5)
denovo36 C1169_AB294660 343 (544.5)
denovo36 C3.2_FJ461497 342 (543.0)
denovo36 C3.1_JF683321 331 (546.5)
denovo36 C1104_AF427469 344 (532.5)
denovo36 C3b_AF499791 342 (543.0)
denovo36 C83_GU907661 343 (545.0)
denovo36 C49_AY589754 367 (561.0)
denovo36 C3_AB778606 343 (542.5)
denovo36 C3_AF499789 343 (542.5)
denovo36 C3_HE579001 343 (542.5)
denovo36 C21.12_FJ461514 337 (540.0)
denovo36 C1229_EU074888 334 (538.0)
denovo36 C1230_EU074889 334 (547.0)
denovo36 C1114_AB207196 343 (524.5)
denovo36 C3.21_HE579009 335 (469.5)
denovo36 C1057_DQ480619 332 (527.5)
denovo36 C72_AY765407 338 (527.0)
denovo36 C1b.3_HE578999 331 (528.0)
denovo36 C93_AJ621536 343 (551.5)
denovo36 C94_AJ621539 332 (545.5)
denovo36 C1g_AY589730 332 (545.5)
denovo36 C1i_AY589731 341 (527.0)
denovo36 C1j_AY589732 332 (536.5)
denovo36 C1005_DQ480633 332 (527.5)
denovo36 C1.7_FJ461494 332 (536.5)
denovo36 C1.11_HE578984 337 (532.5)
denovo36 C1.12_HE578985 332 (536.5)
denovo36 C1.13_HE578986 332 (536.5)
denovo36 C1.14_HE578987 333 (539.5)
denovo36 C1.18_HE578991 332 (527.5)
denovo36 C1.19_HE578992 332 (536.5)
denovo36 C1199_EU099802 342 (525.0)
denovo36 C1188_EU099838 342 (540.0)
denovo36 C1002_DQ838544 343 (542.5)
denovo36 C1198_EU099810 332 (527.5)
denovo36 C24_AY239376 342 (521.5)
denovo36 C1f_AY258490 332 (536.5)
denovo36 C1006_DQ480629 332 (536.5)
denovo36 C1010_DQ480607 332 (536.5)
denovo36 C1007_DQ480624 332 (527.5)
denovo36 C1011_DQ480605 331 (543.0)
denovo36 C1009_DQ480608 332 (536.5)
denovo36 C1041_AY186548 334 (532.5)
denovo36 C1052_AY186570 332 (536.5)
denovo36 C1148_EU040178 343 (533.5)
denovo36 C1234_EU118165 344 (523.5)
denovo36 C1.5_EF634157 333 (531.0)
denovo36 C1059_DQ480609 332 (527.5)
denovo36 C1228_EU074883 332 (536.5)
denovo36 C1208_EU074963 335 (535.5)
denovo36 C1207_EU074964 332 (536.5)
denovo36 C1206_EU074965 343 (542.5)
denovo36 C1013_DQ480642 332 (536.5)
denovo36 C80_GU907656 347 (537.0)
denovo36 C1a_AF499788 343 (533.5)
denovo36 C41_AY258486 342 (530.5)
denovo36 C39_AY258484 330 (535.0)
denovo36 C1231_EU074878 332 (527.5)
denovo36 C1b.1_HE578997 331 (528.0)
denovo36 C18_AY258478 343 (533.5)
denovo36 C1.10_HE578983 335 (535.0)
denovo36 C1_JN558041 332 (536.5)
denovo36 C1_HE578979 332 (536.5)
denovo36 C1_AM748551 332 (536.5)
denovo36 C1_AF333515 332 (536.5)
denovo36 C1054_AY186565 342 (537.0)
denovo36 C1008_DQ480613 332 (527.5)
denovo36 C1103_AF427470 333 (526.5)
denovo36 C1226_EU074881 333 (526.5)
denovo36 C1b/C1e_AY239363 331 (537.0)
denovo36 C1044_DQ068038 332 (521.5)
denovo36 C1017_DQ174729 332 (527.0)
denovo36 C1.6_FJ461493 332 (527.5)
denovo36 C1b.2_HE578998 331 (528.0)
denovo36 C1060_DQ480600 332 (527.5)
denovo36 C1227_EU074882 332 (527.5)
denovo36 C1197_EU099814 332 (527.5)
denovo36 C1130_DQ480643 332 (431.0)
denovo36 D109_AB097465 337 (435.5)
denovo36 D1.11_HE579040 333 (452.0)
denovo36 D105_AF174570 331 (455.0)
denovo36 D104_AF174572 333 (443.5)
denovo36 D1.3_JF683337 336 (435.0)
denovo36 D1.10_HE579039 329 (448.5)
denovo36 D110_AF174561 330 (452.0)
denovo36 D117_AF174542 331 (437.0)
denovo36 D114_AF174549 331 (446.0)
denovo36 D113_AF174557 333 (443.5)
denovo36 D112_AF174558 337 (437.0)
denovo36 D106_AF174559 331 (455.0)
denovo36 D111_AF174560 331 (446.0)
denovo36 D115_AF174562 331 (437.0)
denovo36 D107_AF174568 331 (437.0)
denovo36 D116_AF174571 320 (440.5)
denovo36 D124_EU074897 331 (436.5)
denovo36 D1.8_HE579037 333 (452.5)
denovo36 D3_AY686650 332 (449.0)
denovo36 D1.6_HQ630881 337 (445.5)
denovo36 D120_EU074900 333 (443.5)
denovo36 D121_EU074904 320 (449.5)
denovo36 D122_EU074905 331 (445.5)
denovo36 D1a.2_JF683339 335 (443.5)
denovo36 D1a.1_JF683338 333 (443.5)
denovo36 D2_AY686649 578 (499.0)
denovo36 D4_DQ865214 334 (443.0)
denovo36 D1a_AF499802 333 (443.5)
denovo36 D1a_JN558078 333 (443.5)
denovo36 D123_EU074895 331 (446.0)
denovo36 D108_AF174567 333 (452.5)
denovo36 D103_AF174575 331 (455.0)
denovo36 D100_AF411415 327 (442.5)
denovo36 D118_EF656435 331 (446.0)
denovo36 D101_AF411416 327 (427.5)
denovo36 D119_EU099832 332 (441.5)
denovo36 D102_AF174573 330 (446.5)
denovo36 D1_AF334660 331 (446.0)
denovo36 D1_JN558076 331 (446.0)
denovo36 D1.12_HE579041 314 (441.0)
denovo36 D1.1_AM748564 390 (462.5)
denovo36 D1.2_AM748617 410 (456.5)
denovo36 E111_EU074915 336 (471.5)
denovo36 E110_EU074914 335 (488.0)
denovo36 E114_EU074909 333 (483.0)
denovo36 E1_AF334659 337 (471.5)
denovo36 E105_EU074921 336 (481.5)
denovo36 E112_EU074916 333 (474.0)
denovo36 E104_EU074922 333 (483.0)
denovo36 E102_EU074924 333 (474.0)
denovo36 E103_EU074923 333 (483.0)
denovo36 E101_AY160123 329 (486.0)
denovo36 E109_EU074913 329 (478.0)
denovo36 E100_DQ011618 335 (485.5)
denovo36 E108_EU074912 338 (484.5)
denovo36 E113_EU074908 335 (479.5)
denovo36 E107_EU074910 335 (485.0)
denovo36 F1_JN558066 337 (515.0)
denovo36 F5.2d_AJ291530 342 (522.5)
denovo36 F104_AJ291531 342 (522.5)
denovo36 F5.2c_AM748596 339 (522.5)
denovo36 F5.2_AM748594 339 (522.5)
denovo36 F5.2a_AM748614 339 (522.5)
denovo36 F5.2b_AM748595 339 (522.5)
denovo36 F5.2e_AJ291533 342 (487.0)
denovo36 F5.2g_JN558072 338 (528.0)
denovo36 F5.2f_AJ291512 339 (522.5)
denovo36 F102_AJ291534 338 (528.0)
denovo36 F5.1c_AM748593 340 (515.5)
denovo36 F5.1d_JN558069 345 (531.0)
denovo36 F5.1b_AJ291535 341 (537.5)
denovo36 F5.1_AM748592 341 (538.0)
denovo36 F5.1a_AM748591 341 (546.5)
denovo36 F110_AJ291526 332 (536.0)
denovo36 F4.7_AM748587 333 (533.0)
denovo36 F4.5_AM748585 329 (545.0)
denovo36 F4.4a_AM748583 321 (549.0)
denovo36 F4.4_AM748582 333 (547.0)
denovo36 F4.4b_AM748584 323 (534.5)
denovo36 F4.1a_AM748573 331 (534.0)
denovo36 F112_AJ291528 330 (504.0)
denovo36 F4.1_AM748572 330 (522.0)
denovo36 F4.8b_AM748590 327 (547.5)
denovo36 F4.8_AM748588 328 (559.5)
denovo36 F4.8a_AM748589 329 (554.0)
denovo36 F109_AJ291527 329 (553.5)
denovo36 F4.6_AM748586 332 (527.5)
denovo36 F111_AJ311949 322 (518.0)
denovo36 F4.3c_AM748581 324 (529.5)
denovo36 F4.3a_AM748579 325 (541.0)
denovo36 F4.3b_AM748580 324 (537.5)
denovo36 F4.3_AM748578 324 (537.5)
denovo36 F4.2_AM748574 334 (533.5)
denovo36 F4.2a_AM748575 329 (549.5)
denovo36 F4.2c_AM748577 330 (549.0)
denovo36 F4.2b_AM748576 329 (540.5)
denovo36 F2b_AJ291521 342 (511.5)
denovo36 F2_AJ830908 335 (509.0)
denovo36 F2a_AJ830911 339 (503.5)
denovo36 F3.1a_AM748566 341 (527.5)
denovo36 F114_AJ291525 350 (520.0)
denovo36 F3.1_AM748565 350 (538.0)
denovo36 F3.2_AM748567 352 (543.0)
denovo36 F3.2a_AM748568 333 (549.0)
denovo36 F3.3_AM748569 346 (549.5)
denovo36 F3.4a_AM748571 343 (575.5)
denovo36 F3.4_AM748570 343 (557.5)
denovo36 F3.4b_AM748616 343 (557.5)
denovo36 G101_AJ291539 339 (457.0)
denovo36 G1_AM748597 342 (448.5)
denovo36 G2b_JN558087 340 (463.0)
denovo36 G2_AM748598 338 (458.0)
denovo36 G2a_AM748599 340 (463.5)
denovo36 G4_AM748601 349 (469.0)
denovo36 G3.4_LK392378 347 (453.5)
denovo36 G3_AM748600 341 (452.0)
denovo36 G3.2_KC597694 321 (443.0)
denovo36 G3.1_KC597688 340 (476.0)
denovo36 G100_AB253788 341 (471.0)
denovo36 G3.3_LK392377 338 (480.0)
denovo36 H6_AJ291520 635 (269.0)
denovo36 H3_AM748606 336 (387.5)
denovo36 H2_AM748605 317 (393.5)
denovo36 H4_AM748607 342 (378.0)
denovo36 H4a_AM748608 352 (379.5)
denovo36 H5a_AM748611 310 (403.5)
denovo36 H5b_AM748610 313 (394.0)
denovo36 H5_AJ621129 345 (398.0)
denovo36 H5_AM748609 345 (398.0)
denovo36 H100_AJ291513 309 (400.0)
denovo36 H1b_AM748604 310 (397.5)
denovo36 H1a_AM748612 327 (388.5)
denovo36 H1_AJ621152 309 (395.0)
denovo36 H1_AM748602 309 (395.0)
denovo36 I3_FN561561 344 (572.0)
denovo36 I4_FN561562 344 (572.0)
denovo36 I1_FN561559 350 (581.0)
denovo36 I2_FN561560 337 (579.0)

#---------------------------------------
#---------------------------------------
