denovo157 A136_DQ865210 334 (355.5)
denovo157 A133_DQ174725 316 (349.0)
denovo157 A115_AF180123 340 (332.5)
denovo157 A117_AF201746 354 (336.5)
denovo157 A134_DQ174723 343 (347.5)
denovo157 A114_AF184941 343 (338.5)
denovo157 A135_DQ174727 355 (348.5)
denovo157 A2_AF333506 356 (347.5)
denovo157 A101_AF427468 355 (339.5)
denovo157 A2_1_JN558097 355 (339.5)
denovo157 A2_2_JN558100 355 (339.5)
denovo157 A113_AF184948 338 (335.5)
denovo157 A112_AF184949 348 (322.5)
denovo157 A123_EF378618 324 (301.0)
denovo157 A137_EF378621 337 (304.0)
denovo157 A11_EU449041 350 (354.0)
denovo157 A121_DQ174722 321 (365.5)
denovo157 A15b_EU792886 354 (346.0)
denovo157 A15a_EU792885 320 (356.0)
denovo157 A15c_EU792887 335 (346.5)
denovo157 A15_EU792884 329 (347.5)
denovo157 A147_EU074937 343 (351.5)
denovo157 A154_EU074860 319 (362.0)
denovo157 A146_EU074936 343 (359.0)
denovo157 A150_EU074928 321 (360.0)
denovo157 A116_AF183575 338 (352.0)
denovo157 A141_EU074931 321 (360.0)
denovo157 A5_AF333508 338 (376.0)
denovo157 A3b_EU449043 321 (369.0)
denovo157 A151_EU074925 343 (358.0)
denovo157 A152_EU074927 321 (351.0)
denovo157 A149_EU074929 321 (360.0)
denovo157 A140_EU074930 343 (359.0)
denovo157 A142_EU074932 321 (351.0)
denovo157 A143_EU074933 321 (369.0)
denovo157 A144_EU074934 321 (369.0)
denovo157 A145_EU074935 327 (359.0)
denovo157 A148_EU074938 339 (354.5)
denovo157 A155_EU074856 321 (351.0)
denovo157 A156_EU074859 324 (360.0)
denovo157 A139_EU074962 343 (359.0)
denovo157 A6_AF186058 321 (360.0)
denovo157 A3_AF333507 321 (360.0)
denovo157 A3_JN558091 321 (360.0)
denovo157 A8_AY258468 321 (351.0)
denovo157 A7_AY239360 321 (359.5)
denovo157 A16_EU792888 321 (360.0)
denovo157 A4.3_FN429763 349 (348.0)
denovo157 A120_AF180122 315 (358.0)
denovo157 A4.2_FN429761 339 (365.0)
denovo157 A4_AF333509 344 (364.5)
denovo157 A4.1_FN429760 342 (364.5)
denovo157 A4a_AF499778 343 (371.5)
denovo157 A4a.1_FN429762 343 (371.5)
denovo157 A138_EF378620 331 (367.5)
denovo157 A122_EF378619 330 (360.5)
denovo157 A126_EF378615 326 (360.5)
denovo157 A10_EU792882 326 (360.5)
denovo157 A9_EU449028 323 (360.0)
denovo157 A105_AB207202 347 (373.0)
denovo157 A119_AF180121 318 (344.0)
denovo157 A12_EU792883 346 (362.0)
denovo157 A104_AB207203 340 (363.0)
denovo157 A1a_EU449030 344 (365.0)
denovo157 A1.3_HE578976 316 (356.5)
denovo157 A1.4_HE578977 346 (361.5)
denovo157 A13_AF333504 346 (360.5)
denovo157 A13_JN558094 346 (360.5)
denovo157 A110_AB190282 348 (348.5)
denovo157 A103_AB207206 327 (364.0)
denovo157 A130_EF656428 348 (357.5)
denovo157 A127_EF656429 348 (366.5)
denovo157 A128_EF656430 348 (357.5)
denovo157 A129_EF656431 349 (360.0)
denovo157 A131_EF656432 346 (361.5)
denovo157 A118_AF180120 317 (344.5)
denovo157 A1_AF333505 348 (357.5)
denovo157 A107_AB207199 323 (368.5)
denovo157 A111_AB190280 336 (366.0)
denovo157 A108_AB207197 320 (345.0)
denovo157 A106_AB207200 347 (354.5)
denovo157 A102_AB207209 347 (364.0)
denovo157 A1.2_AB207210 347 (364.0)
denovo157 A109_AB190285 347 (363.5)
denovo157 B4_AF333510 321 (924.0)
denovo157 B23_EU449079 307 (1061.0)
denovo157 B30_GU907644 307 (1043.0)
denovo157 B11_AY239361 308 (1128.0)
denovo157 B17_AY258470 306 (1147.5)
denovo157 B1k_GU907638 267 (696.5)
denovo157 B1.V_Green2014 313 (1115.0)
denovo157 B1b_AF499780 306 (1079.0)
denovo157 B16_AY258469 306 (1156.5)
denovo157 B31a_GU907646 306 (1156.5)
denovo157 B32_GU907647 306 (1156.5)
denovo157 B31_GU907645 306 (1165.5)
denovo157 B1j_GU907637 306 (1165.5)
denovo157 B37_GU907650 308 (1155.0)
denovo157 B5a_AF499782 306 (1165.5)
denovo157 B5_AF499781 306 (1165.5)
denovo157 B24_GU907643 277 (1178.5)
denovo157 B117_AF180124 305 (1072.0)
denovo157 B10_AF499787 306 (1156.5)
denovo157 B20_GU907642 308 (1140.0)
denovo157 B1m_GU907640 306 (1165.5)
denovo157 B34_GU907649 306 (1174.5)
denovo157 B1d_GU907633 306 (1165.5)
denovo157 B1e_GU907634 306 (1165.5)
denovo157 B1i_GU907636 306 (1165.5)
denovo157 B1g_GU907635 307 (1146.5)
denovo157 B123_EU074872 306 (1156.5)
denovo157 B8_AF499785 307 (1155.5)
denovo157 B1l_GU907639 306 (1165.5)
denovo157 B1a_AF499779 306 (1165.5)
denovo157 B14_AY239362 307 (1174.5)
denovo157 B125_EU074865 306 (1165.5)
denovo157 B122_EU074871 306 (1165.5)
denovo157 B124_EU074874 306 (1165.5)
denovo157 B1.VII_Green2014 296 (1152.5)
denovo157 B1.III_Green2014 306 (1093.5)
denovo157 B1.I_Green2014 306 (1174.5)
denovo157 B1.II_Green2014 306 (1174.5)
denovo157 B1_JN558057 306 (1174.5)
denovo157 B1_AF333511 306 (1174.5)
denovo157 B1.IV_Green2014 316 (1160.0)
denovo157 B121_EU074870 306 (1165.5)
denovo157 B7_AF499784 306 (1165.5)
denovo157 B1.VI_Green2014 307 (1105.5)
denovo157 B3_AF333514 306 (1071.0)
denovo157 B9_AF499786 306 (1098.0)
denovo157 B19a_JN558055 310 (965.0)
denovo157 B119_EU099825 315 (1005.5)
denovo157 B21_DQ865213 306 (1057.5)
denovo157 B38_GU907651 306 (1057.5)
denovo157 B18_AY258471 306 (1098.0)
denovo157 B18a_AY258472 306 (1089.0)
denovo157 B33_GU907648 306 (1089.0)
denovo157 B6_AF499783 311 (1094.5)
denovo157 B19_DQ865212 306 (1107.0)
denovo157 B19_GU907641 306 (1107.0)
denovo157 B2_AF333512 306 (1098.0)
denovo157 B2_JN558060 306 (1098.0)
denovo157 C33.1_AY258498 329 (477.5)
denovo157 C33.2_AY765400 329 (477.5)
denovo157 C33a_EF541147 329 (477.5)
denovo157 C34_AY258499 322 (466.5)
denovo157 C78_AY765413 324 (472.0)
denovo157 C15.29_KC597690 328 (450.0)
denovo157 C1131_DQ182650 324 (499.0)
denovo157 C1135_DQ182646 317 (506.0)
denovo157 C1134_DQ182647 319 (493.5)
denovo157 C1142_DQ182635 319 (502.5)
denovo157 C1136_DQ182644 317 (476.5)
denovo157 C1111_DQ182645 317 (486.0)
denovo157 C1236_EF473656 317 (486.0)
denovo157 C1138_DQ182642 314 (486.5)
denovo157 C1137_DQ182643 317 (477.0)
denovo157 C1133_DQ182648 317 (477.0)
denovo157 C1132_DQ182649 321 (479.5)
denovo157 C1143_DQ182634 317 (486.0)
denovo157 C1139_DQ182639 319 (494.0)
denovo157 C15.28_KC597687 324 (503.0)
denovo157 C1141_DQ182636 319 (494.0)
denovo157 C1144_DQ182637 319 (503.0)
denovo157 C1122_DQ182654 319 (512.0)
denovo157 C1127_DQ182652 319 (512.0)
denovo157 C15.30_JX394114 329 (480.5)
denovo157 C15.26_KC597686 325 (487.0)
denovo157 C1086_DQ182656 326 (490.0)
denovo157 C15.25_KC597685 326 (499.0)
denovo157 C1118_AF180127 330 (471.5)
denovo157 C1129_DQ182651 321 (490.0)
denovo157 C15.21_KC597683 324 (475.5)
denovo157 C56_AY589760 323 (490.0)
denovo157 C1140_DQ182638 321 (499.0)
denovo157 C1126_DQ182653 321 (490.0)
denovo157 C15c_AY258492 323 (499.5)
denovo157 C15d_AY258493 322 (506.0)
denovo157 C1098_DQ182641 324 (509.0)
denovo157 C15.27_KC597689 326 (490.0)
denovo157 C15.18_HE579024 325 (487.0)
denovo157 C15.16_HE579022 331 (504.5)
denovo157 C1101_AB253787 326 (490.0)
denovo157 C1083_AY237300 326 (490.0)
denovo157 C1088_DQ182640 325 (486.5)
denovo157 C15.6_FN563472 326 (499.0)
denovo157 C15.5_FJ461512 326 (490.0)
denovo157 C15.4_FJ461511 326 (499.0)
denovo157 C15.13_HE579019 326 (490.0)
denovo157 C15.12_HE579018 326 (490.0)
denovo157 C93a_AM748563 324 (499.0)
denovo157 C1094_AJ291514 324 (493.5)
denovo157 C93_AM748562 324 (490.0)
denovo157 C15.17_HE579023 325 (481.0)
denovo157 C15e_AY589742 325 (489.5)
denovo157 C15.22_KC597695 326 (499.0)
denovo157 C60_AY589764 326 (490.0)
denovo157 C15.1_FJ461508 326 (490.0)
denovo157 C15.2_FJ461509 326 (499.0)
denovo157 C15.9_FN563475 326 (507.5)
denovo157 C15.7_HE579015 325 (504.5)
denovo157 C15.8_HE579016 326 (490.0)
denovo157 C15.15_HE579021 326 (499.0)
denovo157 C15.19_HE579025 326 (499.0)
denovo157 C15.24_KC597696 326 (490.0)
denovo157 C15.3_FJ461510 326 (499.0)
denovo157 C1087_DQ182655 326 (499.0)
denovo157 C15.14_HE579020 327 (489.5)
denovo157 C15.23_KC597697 327 (489.5)
denovo157 C19_AY258479 325 (508.5)
denovo157 C1233_EU118166 326 (499.0)
denovo157 C15b_AY258491 326 (490.0)
denovo157 C15a_AY258476 326 (499.0)
denovo157 C1051_AF195153 326 (495.5)
denovo157 C2_AF333518 327 (494.5)
denovo157 C15.20_HE579026 327 (498.5)
denovo157 C15f_AY589743 328 (492.0)
denovo157 C55_AY589759 330 (497.0)
denovo157 C15_AY239369 326 (499.0)
denovo157 C32.1_JF683335 324 (441.5)
denovo157 C32.2_JF683336 324 (441.5)
denovo157 C21.23_KC597693 324 (441.5)
denovo157 C1193_EU099827 335 (463.5)
denovo157 C1195_EU099821 334 (481.5)
denovo157 C3q_GU907655 336 (454.0)
denovo157 C53_AY589758 332 (467.5)
denovo157 C73_AY765408 333 (468.5)
denovo157 C17.2.1_KC597684 327 (439.5)
denovo157 C32_AY258497 328 (451.5)
denovo157 C1189_EU099831 326 (456.5)
denovo157 C1191_EU099833 325 (463.0)
denovo157 C1196_EU099819 326 (438.5)
denovo157 C1192_EU099820 326 (438.5)
denovo157 C17.1_JF683322 326 (447.5)
denovo157 C26_b2_FN827164 331 (449.5)
denovo157 C26_b3_FN827165 327 (447.0)
denovo157 C31.9_HQ630879 328 (443.0)
denovo157 C31a_AY589746 328 (439.5)
denovo157 C30_AY589745 328 (430.5)
denovo157 C31.1_HQ630876 332 (432.0)
denovo157 C31.5_HQ630877 328 (439.5)
denovo157 C31.6_HQ630878 328 (439.5)
denovo157 C31.2_JF683332 328 (439.5)
denovo157 C31.3_JF683333 328 (430.5)
denovo157 C26/C35a_AY239378 327 (447.0)
denovo157 C35a_AY258501 327 (447.0)
denovo157 C35.2_AY258500 327 (447.0)
denovo157 C26_b1_FN827163 327 (447.0)
denovo157 C17_AY239370 326 (447.5)
denovo157 C17.2_FJ461513 328 (446.5)
denovo157 C31.10_HQ630880 328 (443.0)
denovo157 C31.4_JF683334 329 (441.5)
denovo157 C31_AY258496 328 (439.5)
denovo157 C25_AY239377 323 (497.5)
denovo157 C61_AY589765 325 (440.5)
denovo157 C1043_DQ072721 326 (435.5)
denovo157 C79_AY765414 329 (476.0)
denovo157 C69_AY589773 318 (461.5)
denovo157 C69a_AY686648 318 (461.5)
denovo157 C21.22_KC597692 331 (433.5)
denovo157 C51_AY589756 325 (475.0)
denovo157 C1aa_HM185739 328 (474.5)
denovo157 C1096_DQ068023 325 (462.5)
denovo157 C74_AY765409 334 (495.5)
denovo157 C1185_AB294629 334 (495.5)
denovo157 C1184_AB294630 334 (486.5)
denovo157 C1153_AB294625 334 (486.5)
denovo157 C1154_AB294626 333 (502.0)
denovo157 C1187_AB294627 334 (486.5)
denovo157 C1186_AB294628 334 (486.5)
denovo157 C57_AY589761 334 (495.5)
denovo157 C66_AY589771 334 (495.5)
denovo157 C5_AF499795 326 (477.5)
denovo157 C1167_AB294586 326 (477.5)
denovo157 C1164_AB294593 326 (477.5)
denovo157 C1183_AB294631 326 (504.5)
denovo157 C1067_DQ335381 326 (477.5)
denovo157 C1159_AB294613 325 (480.0)
denovo157 C1150_AB294622 325 (489.0)
denovo157 C90_AM748554 327 (500.5)
denovo157 C1168_AB294583 326 (495.5)
denovo157 C1156_AB294616 326 (495.5)
denovo157 C1151_AB294621 326 (504.5)
denovo157 C92a_AM748561 326 (504.5)
denovo157 C92_AM748560 326 (495.5)
denovo157 C1165_AB294581 326 (486.5)
denovo157 C1166_AB294584 326 (504.5)
denovo157 C1162_AB294594 326 (486.5)
denovo157 C1163_AB294596 326 (496.0)
denovo157 C1161_AB294606 326 (495.5)
denovo157 C1160_AB294608 330 (488.0)
denovo157 C1158_AB294614 326 (504.5)
denovo157 C1155_AB294617 326 (486.5)
denovo157 C1149_AB294620 326 (495.5)
denovo157 C1173_AB294662 326 (504.5)
denovo157 C1171_AB294663 326 (486.5)
denovo157 C1172_AB294665 326 (495.5)
denovo157 C91a_AM748556 326 (504.5)
denovo157 C91b_AM748557 326 (495.5)
denovo157 C91d_AM748559 325 (493.0)
denovo157 C91c_AM748558 325 (493.0)
denovo157 C91_AJ621543 326 (495.5)
denovo157 C91_AM748555 326 (495.5)
denovo157 C1023_DQ335330 317 (438.0)
denovo157 C1020_DQ335392 330 (471.0)
denovo157 C1018_DQ335408 326 (477.5)
denovo157 C1074_DQ335329 326 (477.5)
denovo157 C1030_DQ335353 326 (477.5)
denovo157 C1022_DQ335331 326 (468.5)
denovo157 C1027_DQ335360 326 (486.5)
denovo157 C1072_DQ335344 326 (477.5)
denovo157 C1039_AB190274 326 (477.5)
denovo157 C1033_DQ335350 331 (465.5)
denovo157 C1019_DQ335407 326 (477.5)
denovo157 C1194_EU099826 327 (474.5)
denovo157 C8b_AY258475 328 (458.5)
denovo157 C8_AY239367 328 (464.5)
denovo157 C8a_AY239368 330 (460.5)
denovo157 C54a_AY765406 326 (495.5)
denovo157 C3ff_HM185740 326 (495.5)
denovo157 C59_AY589763 329 (460.0)
denovo157 C3k_AY589737 325 (493.0)
denovo157 C3.24_HE579012 324 (499.5)
denovo157 C3.23_HE579011 325 (493.0)
denovo157 C35.1_AY765401 333 (497.5)
denovo157 C35.3_EF541145 326 (495.5)
denovo157 C76_AY765411 329 (466.0)
denovo157 C1107_DQ335359 329 (467.0)
denovo157 C3.22_HE579010 331 (461.0)
denovo157 C77_AY765412 326 (474.0)
denovo157 C20_AY239371 329 (485.5)
denovo157 C1055_DQ480640 326 (473.5)
denovo157 C27/C30_AY239379 327 (438.0)
denovo157 C27.1_FJ461517 327 (429.0)
denovo157 C40a_AY589747 331 (480.5)
denovo157 C40_AY258485 331 (480.5)
denovo157 C40b_AY589748 332 (471.5)
denovo157 C16_AY258477 329 (477.0)
denovo157 C16a_AY765399 329 (477.0)
denovo157 C1091_AB207186 326 (485.5)
denovo157 C1102_DQ335400 326 (478.0)
denovo157 C1069_DQ335375 327 (480.0)
denovo157 C1073_DQ335332 327 (481.0)
denovo157 C1066_DQ335382 326 (478.0)
denovo157 C1031_DQ335352 331 (483.5)
denovo157 C1026_DQ335366 331 (483.0)
denovo157 C70_AY589774 326 (487.0)
denovo157 C1082_AB190267 326 (478.0)
denovo157 C1078_AB190271 324 (489.5)
denovo157 C1090_AB207191 326 (478.0)
denovo157 C1071_DQ335302 326 (478.0)
denovo157 C1075_DQ335328 326 (487.0)
denovo157 C1068_DQ335379 326 (478.0)
denovo157 C1064_DQ335395 326 (478.0)
denovo157 C1063_DQ335403 323 (487.5)
denovo157 C62_AY589766 326 (487.0)
denovo157 C1077_DQ335316 323 (492.5)
denovo157 C1109_DQ335338 326 (487.0)
denovo157 C1110_DQ335340 326 (478.0)
denovo157 C1106_DQ335339 326 (478.0)
denovo157 C1112_DQ335319 326 (487.0)
denovo157 C1108_DQ335351 326 (478.0)
denovo157 C1105_DQ335394 326 (487.0)
denovo157 C1121_DQ335378 333 (489.0)
denovo157 C1116_AB190268 333 (489.0)
denovo157 C1115_AB190273 333 (489.0)
denovo157 C1124_DQ335323 326 (478.0)
denovo157 C1120_DQ335398 326 (478.0)
denovo157 C1119_DQ335404 326 (487.0)
denovo157 C1123_DQ335363 326 (487.0)
denovo157 C1004_DQ480635 325 (474.5)
denovo157 C1061_AY186568 325 (474.5)
denovo157 C1053_AY186569 325 (474.5)
denovo157 C1003_DQ480639 325 (474.5)
denovo157 C81_GU907657 324 (462.5)
denovo157 C22_AY239373 326 (476.5)
denovo157 C22a_AY239374 326 (476.5)
denovo157 C1232_EU118163 328 (483.0)
denovo157 C21.13_FJ461515 325 (454.0)
denovo157 C21.1_JF683323 326 (456.5)
denovo157 C21.3_JF683325 326 (456.5)
denovo157 C1.20_HE578993 325 (456.5)
denovo157 C1.22_HE578995 325 (456.5)
denovo157 C52_AY589757 325 (478.5)
denovo157 C1201_EU099793 326 (441.5)
denovo157 C14_AY589741 328 (477.0)
denovo157 C43_AY589749 328 (483.0)
denovo157 C50_AY589755 326 (495.5)
denovo157 C3.14_HQ630872 325 (492.0)
denovo157 C1m_AY765398 325 (484.0)
denovo157 C82_GU907658 333 (471.0)
denovo157 C82b_GU907660 333 (471.0)
denovo157 C64_AY589768 325 (483.0)
denovo157 C45a_AY765404 328 (482.5)
denovo157 C48_AY589753 326 (498.0)
denovo157 C1_v1b_FJ919244 325 (465.5)
denovo157 C1_v1a_FJ919243 325 (474.5)
denovo157 C3j_AY239366 326 (477.5)
denovo157 C3t_EF541149 329 (485.5)
denovo157 C9_AF499798 327 (480.5)
denovo157 C23_AY239375 326 (496.0)
denovo157 C37_AY258481 330 (471.0)
denovo157 C1048_DQ068026 328 (473.5)
denovo157 C21.4_JF683326 326 (456.5)
denovo157 C21.5_JF683327 326 (456.5)
denovo157 C1070_DQ335349 326 (477.5)
denovo157 C21.6_HQ630873 326 (456.5)
denovo157 C1224_EU074890 325 (492.5)
denovo157 C1.17_HE578990 325 (492.5)
denovo157 C21_b1_FN827162 328 (444.0)
denovo157 C21.9_JF683330 328 (453.0)
denovo157 C1085_AY624605 323 (478.5)
denovo157 C3p_GU907654 325 (477.5)
denovo157 C3f_AY589734 326 (486.5)
denovo157 C65a_AY589770 326 (486.5)
denovo157 C65_AY589769 326 (486.5)
denovo157 C71_AY589775 326 (477.5)
denovo157 C71a_AY589776 326 (477.5)
denovo157 C1178_AB294647 325 (469.0)
denovo157 C1225_EU074893 325 (483.5)
denovo157 C75_AY765410 325 (484.0)
denovo157 C21.10_JF683331 325 (453.5)
denovo157 C21.11_HQ630874 325 (453.5)
denovo157 C1065_DQ335388 326 (494.0)
denovo157 C1045_DQ068036 326 (495.5)
denovo157 C1h_AY258473 324 (480.0)
denovo157 C38_AY258482 325 (474.0)
denovo157 C1202_EU099799 325 (483.0)
denovo157 C7_AF499797 325 (483.0)
denovo157 C12_AF499801 327 (472.5)
denovo157 C38a_AY258483 326 (491.0)
denovo157 C1200_EU099800 315 (488.0)
denovo157 C44a_AY589751 328 (491.5)
denovo157 C47_AY589752 328 (491.5)
denovo157 C44_AY589750 328 (482.5)
denovo157 C1.15_HE578988 325 (474.5)
denovo157 C45.3_FJ461522 328 (473.5)
denovo157 C46a_AY765405 328 (473.5)
denovo157 C46_EU449108 328 (482.5)
denovo157 C3.12_FJ461507 329 (485.5)
denovo157 C1k_AY589733 328 (473.5)
denovo157 C67_AY686647 328 (482.5)
denovo157 C82a_GU907659 325 (474.5)
denovo157 C10a_AY589739 328 (482.5)
denovo157 C10_AF499799 328 (473.5)
denovo157 C13_AY589740 330 (476.5)
denovo157 C4_AF499794 328 (473.5)
denovo157 C1147_EF656433 328 (473.5)
denovo157 C1c/C45_AY239364 328 (482.5)
denovo157 C1c/C45_EU449103 328 (482.5)
denovo157 C21.19_HE579031 326 (465.5)
denovo157 C21.21_HE579033 326 (456.5)
denovo157 C21.20_HE579032 326 (465.5)
denovo157 C42b_AY765403 329 (486.0)
denovo157 C42_AY258487 329 (486.0)
denovo157 C1p_GU907652 325 (483.5)
denovo157 C1d_AY258488 328 (473.5)
denovo157 C42_AY765402 328 (482.5)
denovo157 C3ha_AY589736 326 (447.5)
denovo157 C63a_AY589767 328 (464.5)
denovo157 C21a_AY589744 326 (456.5)
denovo157 C3o_GU907653 325 (454.0)
denovo157 C21.16_HQ630875 326 (447.5)
denovo157 C21.2_JF683324 326 (447.5)
denovo157 C21.7_JF683328 325 (454.0)
denovo157 C21.8_JF683329 326 (456.5)
denovo157 C3h_AY239365 326 (456.5)
denovo157 C1203_EU099798 326 (447.5)
denovo157 C3.10_FJ461505 326 (495.5)
denovo157 C21.14_FJ461516 326 (465.5)
denovo157 C21.18_HE579030 332 (453.5)
denovo157 C3.17_HE579005 326 (486.5)
denovo157 C3.9_FJ461504 326 (474.5)
denovo157 C3.8_FJ461503 326 (486.5)
denovo157 C3.7_FJ461502 326 (493.5)
denovo157 C3.11_FJ461506 333 (489.0)
denovo157 C3.18_HE579006 326 (486.5)
denovo157 C3.19_HE579007 326 (477.5)
denovo157 C3.20_HE579008 326 (477.5)
denovo157 C3g_AY589735 328 (485.0)
denovo157 C3a_AF499790 326 (495.5)
denovo157 C3e_AF499793 326 (486.5)
denovo157 C6_AF499796 333 (497.5)
denovo157 C11_AF499800 326 (477.5)
denovo157 C36_AY258480 326 (495.5)
denovo157 C29_AY258494 326 (495.5)
denovo157 C1146_EF656434 327 (481.0)
denovo157 C1190_EU099841 326 (495.5)
denovo157 C131_JF320826 326 (486.5)
denovo157 C28_AY239380 334 (485.0)
denovo157 C1012_DQ480604 326 (477.5)
denovo157 C1181_AB294640 326 (473.0)
denovo157 C1180_AB294641 326 (471.5)
denovo157 C1179_AB294645 326 (471.5)
denovo157 C1176_AB294651 337 (466.5)
denovo157 C1175_AB294653 326 (462.5)
denovo157 C1174_AB294655 328 (468.0)
denovo157 C1177_AB294659 326 (471.5)
denovo157 C1040_AB190269 328 (483.0)
denovo157 C1182_AB294649 326 (477.5)
denovo157 C1089_AJ278598 326 (477.5)
denovo157 C1028_DQ335357 333 (488.5)
denovo157 C3.16_EU786015 326 (486.5)
denovo157 C1097_AJ311943 327 (476.5)
denovo157 C1170_AB294661 326 (471.5)
denovo157 C21.17_HE579029 326 (467.5)
denovo157 C21/3d/C3k_AY239372 326 (456.5)
denovo157 C58_AY589762 327 (456.0)
denovo157 C3L_AY589738 329 (482.0)
denovo157 C1169_AB294660 326 (471.5)
denovo157 C3.2_FJ461497 326 (480.5)
denovo157 C3.1_JF683321 325 (487.0)
denovo157 C1104_AF427469 327 (486.5)
denovo157 C3b_AF499791 326 (489.5)
denovo157 C83_GU907661 326 (489.0)
denovo157 C49_AY589754 352 (501.0)
denovo157 C3_AB778606 326 (486.5)
denovo157 C3_AF499789 326 (486.5)
denovo157 C3_HE579001 326 (486.5)
denovo157 C21.12_FJ461514 326 (456.5)
denovo157 C1229_EU074888 322 (479.0)
denovo157 C1230_EU074889 322 (479.0)
denovo157 C1114_AB207196 326 (485.0)
denovo157 C3.21_HE579009 312 (472.5)
denovo157 C1057_DQ480619 326 (485.0)
denovo157 C72_AY765407 322 (483.0)
denovo157 C1b.3_HE578999 325 (468.5)
denovo157 C93_AJ621536 326 (490.0)
denovo157 C94_AJ621539 325 (487.0)
denovo157 C1g_AY589730 325 (492.5)
denovo157 C1i_AY589731 322 (475.5)
denovo157 C1j_AY589732 332 (485.5)
denovo157 C1005_DQ480633 325 (474.5)
denovo157 C1.7_FJ461494 325 (474.5)
denovo157 C1.11_HE578984 325 (475.0)
denovo157 C1.12_HE578985 325 (474.5)
denovo157 C1.13_HE578986 325 (474.5)
denovo157 C1.14_HE578987 325 (483.5)
denovo157 C1.18_HE578991 325 (485.0)
denovo157 C1.19_HE578992 325 (483.5)
denovo157 C1199_EU099802 324 (483.5)
denovo157 C1188_EU099838 325 (483.5)
denovo157 C1002_DQ838544 326 (486.5)
denovo157 C1198_EU099810 325 (474.5)
denovo157 C24_AY239376 325 (474.5)
denovo157 C1f_AY258490 325 (483.5)
denovo157 C1006_DQ480629 325 (492.5)
denovo157 C1010_DQ480607 325 (474.5)
denovo157 C1007_DQ480624 325 (474.5)
denovo157 C1011_DQ480605 325 (474.5)
denovo157 C1009_DQ480608 329 (476.5)
denovo157 C1041_AY186548 325 (483.5)
denovo157 C1052_AY186570 325 (474.5)
denovo157 C1148_EU040178 325 (483.5)
denovo157 C1234_EU118165 326 (483.5)
denovo157 C1.5_EF634157 325 (483.5)
denovo157 C1059_DQ480609 325 (482.0)
denovo157 C1228_EU074883 325 (474.5)
denovo157 C1208_EU074963 325 (474.5)
denovo157 C1207_EU074964 325 (483.5)
denovo157 C1206_EU074965 325 (474.5)
denovo157 C1013_DQ480642 325 (492.5)
denovo157 C80_GU907656 339 (479.5)
denovo157 C1a_AF499788 325 (483.5)
denovo157 C41_AY258486 325 (483.5)
denovo157 C39_AY258484 313 (487.5)
denovo157 C1231_EU074878 325 (483.5)
denovo157 C1b.1_HE578997 325 (477.5)
denovo157 C18_AY258478 325 (483.5)
denovo157 C1.10_HE578983 324 (478.0)
denovo157 C1_JN558041 325 (483.5)
denovo157 C1_HE578979 325 (483.5)
denovo157 C1_AM748551 325 (483.5)
denovo157 C1_AF333515 325 (483.5)
denovo157 C1054_AY186565 324 (487.0)
denovo157 C1008_DQ480613 325 (474.5)
denovo157 C1103_AF427470 326 (483.5)
denovo157 C1226_EU074881 326 (483.5)
denovo157 C1b/C1e_AY239363 325 (477.5)
denovo157 C1044_DQ068038 325 (468.5)
denovo157 C1017_DQ174729 326 (467.5)
denovo157 C1.6_FJ461493 325 (483.5)
denovo157 C1b.2_HE578998 325 (477.5)
denovo157 C1060_DQ480600 325 (483.5)
denovo157 C1227_EU074882 325 (483.5)
denovo157 C1197_EU099814 325 (483.5)
denovo157 C1130_DQ480643 301 (494.0)
denovo157 D109_AB097465 359 (302.5)
denovo157 D1.11_HE579040 356 (303.0)
denovo157 D105_AF174570 360 (298.0)
denovo157 D104_AF174572 356 (294.0)
denovo157 D1.3_JF683337 356 (294.0)
denovo157 D1.10_HE579039 356 (294.0)
denovo157 D110_AF174561 356 (294.0)
denovo157 D117_AF174542 356 (294.0)
denovo157 D114_AF174549 356 (303.0)
denovo157 D113_AF174557 356 (294.0)
denovo157 D112_AF174558 358 (300.5)
denovo157 D106_AF174559 363 (305.5)
denovo157 D111_AF174560 356 (302.5)
denovo157 D115_AF174562 356 (303.0)
denovo157 D107_AF174568 358 (300.5)
denovo157 D116_AF174571 361 (299.5)
denovo157 D124_EU074897 353 (303.5)
denovo157 D1.8_HE579037 358 (300.5)
denovo157 D3_AY686650 356 (303.0)
denovo157 D1.6_HQ630881 360 (297.5)
denovo157 D120_EU074900 356 (303.0)
denovo157 D121_EU074904 361 (299.5)
denovo157 D122_EU074905 356 (294.0)
denovo157 D1a.2_JF683339 363 (298.5)
denovo157 D1a.1_JF683338 353 (303.5)
denovo157 D2_AY686649 589 (376.0)
denovo157 D4_DQ865214 359 (300.0)
denovo157 D1a_AF499802 356 (303.0)
denovo157 D1a_JN558078 356 (303.0)
denovo157 D123_EU074895 357 (305.5)
denovo157 D108_AF174567 352 (309.0)
denovo157 D103_AF174575 356 (303.0)
denovo157 D100_AF411415 356 (303.0)
denovo157 D118_EF656435 350 (312.0)
denovo157 D101_AF411416 356 (288.0)
denovo157 D119_EU099832 363 (290.5)
denovo157 D102_AF174573 356 (306.5)
denovo157 D1_AF334660 356 (303.0)
denovo157 D1_JN558076 356 (303.0)
denovo157 D1.12_HE579041 337 (301.0)
denovo157 D1.1_AM748564 422 (314.0)
denovo157 D1.2_AM748617 445 (327.5)
denovo157 E111_EU074915 361 (340.5)
denovo157 E110_EU074914 364 (340.0)
denovo157 E114_EU074909 364 (340.0)
denovo157 E1_AF334659 365 (339.0)
denovo157 E105_EU074921 364 (349.0)
denovo157 E112_EU074916 364 (331.0)
denovo157 E104_EU074922 364 (340.0)
denovo157 E102_EU074924 364 (340.0)
denovo157 E103_EU074923 364 (340.0)
denovo157 E101_AY160123 372 (326.5)
denovo157 E109_EU074913 351 (346.5)
denovo157 E100_DQ011618 356 (359.5)
denovo157 E108_EU074912 356 (359.5)
denovo157 E113_EU074908 352 (360.5)
denovo157 E107_EU074910 356 (350.5)
denovo157 F1_JN558066 325 (458.5)
denovo157 F5.2d_AJ291530 323 (489.5)
denovo157 F104_AJ291531 323 (489.5)
denovo157 F5.2c_AM748596 323 (481.0)
denovo157 F5.2_AM748594 323 (480.5)
denovo157 F5.2a_AM748614 323 (480.5)
denovo157 F5.2b_AM748595 323 (480.5)
denovo157 F5.2e_AJ291533 320 (494.0)
denovo157 F5.2g_JN558072 323 (489.0)
denovo157 F5.2f_AJ291512 323 (480.0)
denovo157 F102_AJ291534 323 (480.0)
denovo157 F5.1c_AM748593 325 (504.0)
denovo157 F5.1d_JN558069 328 (466.5)
denovo157 F5.1b_AJ291535 324 (492.5)
denovo157 F5.1_AM748592 326 (489.0)
denovo157 F5.1a_AM748591 324 (492.5)
denovo157 F110_AJ291526 321 (545.0)
denovo157 F4.7_AM748587 323 (545.5)
denovo157 F4.5_AM748585 317 (533.0)
denovo157 F4.4a_AM748583 311 (562.0)
denovo157 F4.4_AM748582 316 (564.5)
denovo157 F4.4b_AM748584 309 (581.5)
denovo157 F4.1a_AM748573 318 (517.0)
denovo157 F112_AJ291528 315 (511.0)
denovo157 F4.1_AM748572 315 (511.0)
denovo157 F4.8b_AM748590 319 (565.5)
denovo157 F4.8_AM748588 310 (566.0)
denovo157 F4.8a_AM748589 310 (566.0)
denovo157 F109_AJ291527 316 (561.5)
denovo157 F4.6_AM748586 315 (519.5)
denovo157 F111_AJ311949 308 (549.0)
denovo157 F4.3c_AM748581 309 (561.0)
denovo157 F4.3a_AM748579 308 (568.0)
denovo157 F4.3b_AM748580 309 (570.0)
denovo157 F4.3_AM748578 309 (561.0)
denovo157 F4.2_AM748574 315 (573.0)
denovo157 F4.2a_AM748575 315 (549.5)
denovo157 F4.2c_AM748577 315 (546.0)
denovo157 F4.2b_AM748576 315 (558.5)
denovo157 F2b_AJ291521 328 (519.0)
denovo157 F2_AJ830908 324 (544.0)
denovo157 F2a_AJ830911 324 (539.5)
denovo157 F3.1a_AM748566 335 (496.5)
denovo157 F114_AJ291525 335 (506.0)
denovo157 F3.1_AM748565 335 (506.0)
denovo157 F3.2_AM748567 338 (533.0)
denovo157 F3.2a_AM748568 341 (526.0)
denovo157 F3.3_AM748569 335 (520.0)
denovo157 F3.4a_AM748571 333 (469.0)
denovo157 F3.4_AM748570 329 (475.0)
denovo157 F3.4b_AM748616 329 (475.0)
denovo157 G101_AJ291539 368 (310.5)
denovo157 G1_AM748597 368 (310.5)
denovo157 G2b_JN558087 366 (313.5)
denovo157 G2_AM748598 367 (307.5)
denovo157 G2a_AM748599 347 (299.0)
denovo157 G4_AM748601 357 (349.0)
denovo157 G3.4_LK392378 361 (323.5)
denovo157 G3_AM748600 364 (314.5)
denovo157 G3.2_KC597694 333 (316.0)
denovo157 G3.1_KC597688 361 (333.5)
denovo157 G100_AB253788 355 (316.0)
denovo157 G3.3_LK392377 361 (324.0)
denovo157 H6_AJ291520 630 (288.5)
denovo157 H3_AM748606 286 (524.0)
denovo157 H2_AM748605 295 (548.0)
denovo157 H4_AM748607 291 (539.5)
denovo157 H4a_AM748608 301 (538.0)
denovo157 H5a_AM748611 299 (518.5)
denovo157 H5b_AM748610 302 (517.0)
denovo157 H5_AJ621129 299 (518.5)
denovo157 H5_AM748609 299 (518.5)
denovo157 H100_AJ291513 299 (507.5)
denovo157 H1b_AM748604 299 (502.5)
denovo157 H1a_AM748612 299 (511.5)
denovo157 H1_AJ621152 299 (511.5)
denovo157 H1_AM748602 299 (511.5)
denovo157 I3_FN561561 337 (522.5)
denovo157 I4_FN561562 337 (522.5)
denovo157 I1_FN561559 336 (519.0)
denovo157 I2_FN561560 339 (518.5)

#---------------------------------------
#---------------------------------------
