denovo120 A136_DQ865210 347 (262.0)
denovo120 A133_DQ174725 356 (243.5)
denovo120 A115_AF180123 351 (236.5)
denovo120 A117_AF201746 341 (246.0)
denovo120 A134_DQ174723 334 (250.5)
denovo120 A114_AF184941 341 (246.0)
denovo120 A135_DQ174727 336 (246.5)
denovo120 A2_AF333506 344 (251.0)
denovo120 A101_AF427468 337 (249.5)
denovo120 A2_1_JN558097 337 (249.5)
denovo120 A2_2_JN558100 337 (249.5)
denovo120 A113_AF184948 347 (260.0)
denovo120 A112_AF184949 341 (259.5)
denovo120 A123_EF378618 352 (182.5)
denovo120 A137_EF378621 356 (192.0)
denovo120 A11_EU449041 358 (250.5)
denovo120 A121_DQ174722 355 (244.5)
denovo120 A15b_EU792886 353 (244.5)
denovo120 A15a_EU792885 357 (235.5)
denovo120 A15c_EU792887 353 (235.5)
denovo120 A15_EU792884 353 (235.5)
denovo120 A147_EU074937 338 (249.0)
denovo120 A154_EU074860 338 (240.0)
denovo120 A146_EU074936 340 (242.5)
denovo120 A150_EU074928 335 (243.5)
denovo120 A116_AF183575 366 (238.0)
denovo120 A141_EU074931 335 (243.5)
denovo120 A5_AF333508 347 (248.0)
denovo120 A3b_EU449043 353 (241.0)
denovo120 A151_EU074925 338 (240.0)
denovo120 A152_EU074927 338 (249.0)
denovo120 A149_EU074929 340 (237.0)
denovo120 A140_EU074930 340 (236.0)
denovo120 A142_EU074932 383 (240.5)
denovo120 A143_EU074933 342 (234.5)
denovo120 A144_EU074934 342 (233.0)
denovo120 A145_EU074935 338 (240.0)
denovo120 A148_EU074938 341 (242.5)
denovo120 A155_EU074856 355 (247.0)
denovo120 A156_EU074859 338 (231.0)
denovo120 A139_EU074962 338 (240.0)
denovo120 A6_AF186058 338 (240.0)
denovo120 A3_AF333507 338 (240.0)
denovo120 A3_JN558091 338 (240.0)
denovo120 A8_AY258468 353 (232.5)
denovo120 A7_AY239360 351 (235.5)
denovo120 A16_EU792888 353 (241.5)
denovo120 A4.3_FN429763 359 (266.0)
denovo120 A120_AF180122 349 (284.0)
denovo120 A4.2_FN429761 353 (272.5)
denovo120 A4_AF333509 353 (282.5)
denovo120 A4.1_FN429760 351 (284.0)
denovo120 A4a_AF499778 353 (282.5)
denovo120 A4a.1_FN429762 353 (282.5)
denovo120 A138_EF378620 358 (225.5)
denovo120 A122_EF378619 324 (243.5)
denovo120 A126_EF378615 324 (246.5)
denovo120 A10_EU792882 324 (246.5)
denovo120 A9_EU449028 332 (243.0)
denovo120 A105_AB207202 325 (250.0)
denovo120 A119_AF180121 324 (256.5)
denovo120 A12_EU792883 335 (261.5)
denovo120 A104_AB207203 350 (255.0)
denovo120 A1a_EU449030 333 (255.0)
denovo120 A1.3_HE578976 333 (264.0)
denovo120 A1.4_HE578977 333 (264.0)
denovo120 A13_AF333504 334 (248.0)
denovo120 A13_JN558094 334 (248.0)
denovo120 A110_AB190282 335 (251.5)
denovo120 A103_AB207206 333 (255.0)
denovo120 A130_EF656428 333 (264.0)
denovo120 A127_EF656429 328 (259.5)
denovo120 A128_EF656430 333 (255.0)
denovo120 A129_EF656431 333 (255.0)
denovo120 A131_EF656432 331 (258.5)
denovo120 A118_AF180120 327 (260.0)
denovo120 A1_AF333505 333 (255.0)
denovo120 A107_AB207199 334 (249.0)
denovo120 A111_AB190280 333 (255.0)
denovo120 A108_AB207197 331 (252.5)
denovo120 A106_AB207200 353 (254.5)
denovo120 A102_AB207209 330 (256.0)
denovo120 A1.2_AB207210 330 (256.0)
denovo120 A109_AB190285 341 (249.0)
denovo120 B4_AF333510 367 (307.0)
denovo120 B23_EU449079 362 (309.0)
denovo120 B30_GU907644 356 (316.5)
denovo120 B11_AY239361 348 (303.0)
denovo120 B17_AY258470 366 (304.5)
denovo120 B1k_GU907638 313 (171.0)
denovo120 B1.V_Green2014 360 (312.0)
denovo120 B1b_AF499780 358 (321.5)
denovo120 B16_AY258469 368 (305.0)
denovo120 B31a_GU907646 366 (308.0)
denovo120 B32_GU907647 356 (314.0)
denovo120 B31_GU907645 366 (308.0)
denovo120 B1j_GU907637 368 (305.0)
denovo120 B37_GU907650 370 (313.0)
denovo120 B5a_AF499782 367 (301.5)
denovo120 B5_AF499781 366 (299.0)
denovo120 B24_GU907643 360 (238.0)
denovo120 B117_AF180124 356 (292.0)
denovo120 B10_AF499787 366 (314.0)
denovo120 B20_GU907642 368 (319.5)
denovo120 B1m_GU907640 368 (305.5)
denovo120 B34_GU907649 368 (306.5)
denovo120 B1d_GU907633 362 (302.5)
denovo120 B1e_GU907634 368 (305.5)
denovo120 B1i_GU907636 368 (305.5)
denovo120 B1g_GU907635 363 (320.0)
denovo120 B123_EU074872 359 (305.5)
denovo120 B8_AF499785 362 (316.5)
denovo120 B1l_GU907639 366 (314.0)
denovo120 B1a_AF499779 360 (300.5)
denovo120 B14_AY239362 370 (298.5)
denovo120 B125_EU074865 367 (311.5)
denovo120 B122_EU074871 368 (305.5)
denovo120 B124_EU074874 368 (305.5)
denovo120 B1.VII_Green2014 366 (275.0)
denovo120 B1.III_Green2014 352 (303.0)
denovo120 B1.I_Green2014 368 (305.5)
denovo120 B1.II_Green2014 368 (305.5)
denovo120 B1_JN558057 368 (305.5)
denovo120 B1_AF333511 368 (305.5)
denovo120 B1.IV_Green2014 371 (315.5)
denovo120 B121_EU074870 368 (314.0)
denovo120 B7_AF499784 368 (314.5)
denovo120 B1.VI_Green2014 363 (301.0)
denovo120 B3_AF333514 366 (295.5)
denovo120 B9_AF499786 357 (295.5)
denovo120 B19a_JN558055 335 (293.0)
denovo120 B119_EU099825 356 (309.5)
denovo120 B21_DQ865213 360 (292.0)
denovo120 B38_GU907651 360 (292.0)
denovo120 B18_AY258471 363 (297.5)
denovo120 B18a_AY258472 361 (297.5)
denovo120 B33_GU907648 357 (304.5)
denovo120 B6_AF499783 362 (302.0)
denovo120 B19_DQ865212 357 (304.5)
denovo120 B19_GU907641 357 (304.5)
denovo120 B2_AF333512 357 (295.5)
denovo120 B2_JN558060 357 (295.5)
denovo120 C33.1_AY258498 354 (310.0)
denovo120 C33.2_AY765400 354 (310.0)
denovo120 C33a_EF541147 354 (310.0)
denovo120 C34_AY258499 360 (303.0)
denovo120 C78_AY765413 354 (295.0)
denovo120 C15.29_KC597690 366 (259.5)
denovo120 C1131_DQ182650 371 (263.0)
denovo120 C1135_DQ182646 375 (265.5)
denovo120 C1134_DQ182647 369 (257.0)
denovo120 C1142_DQ182635 375 (257.0)
denovo120 C1136_DQ182644 369 (261.5)
denovo120 C1111_DQ182645 369 (255.0)
denovo120 C1236_EF473656 369 (255.0)
denovo120 C1138_DQ182642 369 (254.5)
denovo120 C1137_DQ182643 365 (253.0)
denovo120 C1133_DQ182648 369 (246.0)
denovo120 C1132_DQ182649 363 (255.5)
denovo120 C1143_DQ182634 369 (255.0)
denovo120 C1139_DQ182639 377 (253.5)
denovo120 C15.28_KC597687 367 (260.0)
denovo120 C1141_DQ182636 375 (256.5)
denovo120 C1144_DQ182637 375 (256.5)
denovo120 C1122_DQ182654 375 (248.0)
denovo120 C1127_DQ182652 369 (257.5)
denovo120 C15.30_JX394114 363 (266.5)
denovo120 C15.26_KC597686 367 (277.5)
denovo120 C1086_DQ182656 362 (272.0)
denovo120 C15.25_KC597685 362 (263.0)
denovo120 C1118_AF180127 360 (247.5)
denovo120 C1129_DQ182651 371 (263.0)
denovo120 C15.21_KC597683 363 (257.5)
denovo120 C56_AY589760 358 (280.0)
denovo120 C1140_DQ182638 371 (262.5)
denovo120 C1126_DQ182653 370 (268.5)
denovo120 C15c_AY258492 363 (266.5)
denovo120 C15d_AY258493 362 (263.5)
denovo120 C1098_DQ182641 368 (260.5)
denovo120 C15.27_KC597689 364 (260.0)
denovo120 C15.18_HE579024 363 (273.0)
denovo120 C15.16_HE579022 359 (273.5)
denovo120 C1101_AB253787 377 (252.0)
denovo120 C1083_AY237300 363 (274.5)
denovo120 C1088_DQ182640 363 (266.5)
denovo120 C15.6_FN563472 363 (266.5)
denovo120 C15.5_FJ461512 363 (275.5)
denovo120 C15.4_FJ461511 363 (266.5)
denovo120 C15.13_HE579019 363 (266.5)
denovo120 C15.12_HE579018 363 (257.5)
denovo120 C93a_AM748563 363 (266.5)
denovo120 C1094_AJ291514 363 (266.5)
denovo120 C93_AM748562 363 (275.5)
denovo120 C15.17_HE579023 364 (263.5)
denovo120 C15e_AY589742 362 (267.0)
denovo120 C15.22_KC597695 368 (265.5)
denovo120 C60_AY589764 363 (266.0)
denovo120 C15.1_FJ461508 365 (263.5)
denovo120 C15.2_FJ461509 368 (274.5)
denovo120 C15.9_FN563475 367 (260.0)
denovo120 C15.7_HE579015 363 (266.0)
denovo120 C15.8_HE579016 363 (257.5)
denovo120 C15.15_HE579021 363 (275.5)
denovo120 C15.19_HE579025 363 (275.5)
denovo120 C15.24_KC597696 365 (272.0)
denovo120 C15.3_FJ461510 368 (274.5)
denovo120 C1087_DQ182655 363 (266.5)
denovo120 C15.14_HE579020 368 (259.5)
denovo120 C15.23_KC597697 368 (259.5)
denovo120 C19_AY258479 356 (268.0)
denovo120 C1233_EU118166 363 (275.5)
denovo120 C15b_AY258491 373 (269.0)
denovo120 C15a_AY258476 363 (266.5)
denovo120 C1051_AF195153 363 (275.5)
denovo120 C2_AF333518 359 (279.0)
denovo120 C15.20_HE579026 368 (259.5)
denovo120 C15f_AY589743 364 (266.0)
denovo120 C55_AY589759 366 (262.0)
denovo120 C15_AY239369 363 (266.5)
denovo120 C32.1_JF683335 363 (282.0)
denovo120 C32.2_JF683336 363 (273.0)
denovo120 C21.23_KC597693 363 (273.0)
denovo120 C1193_EU099827 364 (266.5)
denovo120 C1195_EU099821 359 (282.0)
denovo120 C3q_GU907655 353 (266.5)
denovo120 C53_AY589758 359 (263.5)
denovo120 C73_AY765408 366 (273.0)
denovo120 C17.2.1_KC597684 364 (275.5)
denovo120 C32_AY258497 354 (268.5)
denovo120 C1189_EU099831 358 (267.0)
denovo120 C1191_EU099833 362 (261.0)
denovo120 C1196_EU099819 363 (275.0)
denovo120 C1192_EU099820 363 (275.0)
denovo120 C17.1_JF683322 359 (270.0)
denovo120 C26_b2_FN827164 360 (270.0)
denovo120 C26_b3_FN827165 360 (286.5)
denovo120 C31.9_HQ630879 362 (268.5)
denovo120 C31a_AY589746 362 (283.5)
denovo120 C30_AY589745 362 (274.5)
denovo120 C31.1_HQ630876 366 (268.0)
denovo120 C31.5_HQ630877 368 (265.5)
denovo120 C31.6_HQ630878 358 (281.5)
denovo120 C31.2_JF683332 361 (272.0)
denovo120 C31.3_JF683333 362 (274.5)
denovo120 C26/C35a_AY239378 358 (281.0)
denovo120 C35a_AY258501 358 (281.0)
denovo120 C35.2_AY258500 358 (272.0)
denovo120 C26_b1_FN827163 358 (272.0)
denovo120 C17_AY239370 358 (276.0)
denovo120 C17.2_FJ461513 358 (278.0)
denovo120 C31.10_HQ630880 362 (268.5)
denovo120 C31.4_JF683334 366 (263.5)
denovo120 C31_AY258496 362 (274.5)
denovo120 C25_AY239377 364 (281.5)
denovo120 C61_AY589765 369 (242.0)
denovo120 C1043_DQ072721 356 (262.5)
denovo120 C79_AY765414 349 (270.0)
denovo120 C69_AY589773 356 (264.5)
denovo120 C69a_AY686648 356 (273.5)
denovo120 C21.22_KC597692 353 (279.0)
denovo120 C51_AY589756 369 (266.5)
denovo120 C1aa_HM185739 361 (271.0)
denovo120 C1096_DQ068023 363 (280.0)
denovo120 C74_AY765409 366 (281.0)
denovo120 C1185_AB294629 369 (283.0)
denovo120 C1184_AB294630 364 (287.0)
denovo120 C1153_AB294625 366 (281.0)
denovo120 C1154_AB294626 368 (278.0)
denovo120 C1187_AB294627 362 (278.5)
denovo120 C1186_AB294628 359 (288.0)
denovo120 C57_AY589761 367 (275.5)
denovo120 C66_AY589771 364 (284.0)
denovo120 C5_AF499795 366 (265.5)
denovo120 C1167_AB294586 363 (275.5)
denovo120 C1164_AB294593 359 (273.5)
denovo120 C1183_AB294631 366 (284.0)
denovo120 C1067_DQ335381 369 (275.5)
denovo120 C1159_AB294613 360 (263.5)
denovo120 C1150_AB294622 364 (266.0)
denovo120 C90_AM748554 366 (286.5)
denovo120 C1168_AB294583 365 (263.0)
denovo120 C1156_AB294616 365 (263.0)
denovo120 C1151_AB294621 361 (278.5)
denovo120 C92a_AM748561 359 (263.0)
denovo120 C92_AM748560 365 (272.0)
denovo120 C1165_AB294581 362 (281.5)
denovo120 C1166_AB294584 363 (284.5)
denovo120 C1162_AB294594 363 (275.5)
denovo120 C1163_AB294596 363 (266.5)
denovo120 C1161_AB294606 363 (275.5)
denovo120 C1160_AB294608 367 (269.0)
denovo120 C1158_AB294614 364 (269.5)
denovo120 C1155_AB294617 363 (275.5)
denovo120 C1149_AB294620 363 (284.5)
denovo120 C1173_AB294662 363 (275.5)
denovo120 C1171_AB294663 363 (266.5)
denovo120 C1172_AB294665 363 (275.5)
denovo120 C91a_AM748556 365 (272.5)
denovo120 C91b_AM748557 362 (281.5)
denovo120 C91d_AM748559 363 (275.5)
denovo120 C91c_AM748558 362 (282.0)
denovo120 C91_AJ621543 363 (275.5)
denovo120 C91_AM748555 363 (275.5)
denovo120 C1023_DQ335330 343 (249.5)
denovo120 C1020_DQ335392 361 (270.0)
denovo120 C1018_DQ335408 367 (278.5)
denovo120 C1074_DQ335329 367 (260.5)
denovo120 C1030_DQ335353 367 (260.5)
denovo120 C1022_DQ335331 367 (260.5)
denovo120 C1027_DQ335360 361 (270.0)
denovo120 C1072_DQ335344 367 (278.5)
denovo120 C1039_AB190274 373 (260.5)
denovo120 C1033_DQ335350 367 (270.0)
denovo120 C1019_DQ335407 367 (269.5)
denovo120 C1194_EU099826 358 (273.5)
denovo120 C8b_AY258475 364 (273.0)
denovo120 C8_AY239367 364 (279.0)
denovo120 C8a_AY239368 364 (279.0)
denovo120 C54a_AY765406 368 (271.5)
denovo120 C3ff_HM185740 367 (276.5)
denovo120 C59_AY589763 368 (264.5)
denovo120 C3k_AY589737 367 (277.5)
denovo120 C3.24_HE579012 371 (271.5)
denovo120 C3.23_HE579011 367 (277.5)
denovo120 C35.1_AY765401 361 (270.0)
denovo120 C35.3_EF541145 367 (269.5)
denovo120 C76_AY765411 359 (289.5)
denovo120 C1107_DQ335359 366 (261.5)
denovo120 C3.22_HE579010 362 (275.0)
denovo120 C77_AY765412 365 (278.0)
denovo120 C20_AY239371 363 (266.5)
denovo120 C1055_DQ480640 367 (257.5)
denovo120 C27/C30_AY239379 363 (260.0)
denovo120 C27.1_FJ461517 347 (256.5)
denovo120 C40a_AY589747 363 (271.0)
denovo120 C40_AY258485 361 (274.0)
denovo120 C40b_AY589748 361 (279.5)
denovo120 C16_AY258477 364 (260.5)
denovo120 C16a_AY765399 355 (251.5)
denovo120 C1091_AB207186 371 (272.5)
denovo120 C1102_DQ335400 366 (275.5)
denovo120 C1069_DQ335375 365 (291.0)
denovo120 C1073_DQ335332 365 (281.5)
denovo120 C1066_DQ335382 365 (281.5)
denovo120 C1031_DQ335352 364 (278.5)
denovo120 C1026_DQ335366 364 (278.5)
denovo120 C70_AY589774 365 (272.5)
denovo120 C1082_AB190267 369 (275.0)
denovo120 C1078_AB190271 369 (277.5)
denovo120 C1090_AB207191 365 (281.5)
denovo120 C1071_DQ335302 365 (281.5)
denovo120 C1075_DQ335328 365 (281.5)
denovo120 C1068_DQ335379 365 (281.5)
denovo120 C1064_DQ335395 365 (281.5)
denovo120 C1063_DQ335403 365 (281.5)
denovo120 C62_AY589766 365 (281.5)
denovo120 C1077_DQ335316 363 (281.5)
denovo120 C1109_DQ335338 365 (281.5)
denovo120 C1110_DQ335340 365 (281.5)
denovo120 C1106_DQ335339 371 (275.5)
denovo120 C1112_DQ335319 371 (263.5)
denovo120 C1108_DQ335351 371 (270.5)
denovo120 C1105_DQ335394 371 (272.5)
denovo120 C1121_DQ335378 365 (273.0)
denovo120 C1116_AB190268 359 (282.0)
denovo120 C1115_AB190273 365 (273.0)
denovo120 C1124_DQ335323 371 (279.0)
denovo120 C1120_DQ335398 371 (272.5)
denovo120 C1119_DQ335404 369 (275.5)
denovo120 C1123_DQ335363 371 (272.5)
denovo120 C1004_DQ480635 361 (260.5)
denovo120 C1061_AY186568 362 (254.5)
denovo120 C1053_AY186569 361 (260.5)
denovo120 C1003_DQ480639 361 (260.5)
denovo120 C81_GU907657 344 (256.5)
denovo120 C22_AY239373 359 (263.5)
denovo120 C22a_AY239374 365 (262.5)
denovo120 C1232_EU118163 363 (265.5)
denovo120 C21.13_FJ461515 365 (281.0)
denovo120 C21.1_JF683323 362 (270.0)
denovo120 C21.3_JF683325 362 (279.0)
denovo120 C1.20_HE578993 365 (272.5)
denovo120 C1.22_HE578995 365 (263.5)
denovo120 C52_AY589757 363 (273.0)
denovo120 C1201_EU099793 359 (273.5)
denovo120 C14_AY589741 371 (285.0)
denovo120 C43_AY589749 368 (290.5)
denovo120 C50_AY589755 367 (260.5)
denovo120 C3.14_HQ630872 361 (279.0)
denovo120 C1m_AY765398 370 (271.5)
denovo120 C82_GU907658 362 (264.0)
denovo120 C82b_GU907660 362 (264.0)
denovo120 C64_AY589768 372 (257.0)
denovo120 C45a_AY765404 366 (275.5)
denovo120 C48_AY589753 366 (268.5)
denovo120 C1_v1b_FJ919244 365 (281.5)
denovo120 C1_v1a_FJ919243 365 (281.5)
denovo120 C3j_AY239366 363 (276.0)
denovo120 C3t_EF541149 365 (263.0)
denovo120 C9_AF499798 370 (269.5)
denovo120 C23_AY239375 368 (263.5)
denovo120 C37_AY258481 357 (276.0)
denovo120 C1048_DQ068026 363 (268.0)
denovo120 C21.4_JF683326 363 (273.0)
denovo120 C21.5_JF683327 360 (273.0)
denovo120 C1070_DQ335349 360 (276.5)
denovo120 C21.6_HQ630873 356 (280.0)
denovo120 C1224_EU074890 361 (279.5)
denovo120 C1.17_HE578990 365 (272.5)
denovo120 C21_b1_FN827162 357 (263.5)
denovo120 C21.9_JF683330 358 (267.0)
denovo120 C1085_AY624605 365 (263.5)
denovo120 C3p_GU907654 365 (258.0)
denovo120 C3f_AY589734 367 (269.5)
denovo120 C65a_AY589770 369 (275.5)
denovo120 C65_AY589769 369 (266.5)
denovo120 C71_AY589775 369 (266.5)
denovo120 C71a_AY589776 374 (265.5)
denovo120 C1178_AB294647 357 (262.0)
denovo120 C1225_EU074893 367 (278.5)
denovo120 C75_AY765410 365 (272.0)
denovo120 C21.10_JF683331 358 (276.0)
denovo120 C21.11_HQ630874 360 (273.0)
denovo120 C1065_DQ335388 366 (266.5)
denovo120 C1045_DQ068036 365 (272.5)
denovo120 C1h_AY258473 365 (272.5)
denovo120 C38_AY258482 365 (281.5)
denovo120 C1202_EU099799 366 (266.5)
denovo120 C7_AF499797 365 (272.5)
denovo120 C12_AF499801 366 (268.0)
denovo120 C38a_AY258483 372 (263.0)
denovo120 C1200_EU099800 361 (277.5)
denovo120 C44a_AY589751 374 (263.0)
denovo120 C47_AY589752 370 (269.0)
denovo120 C44_AY589750 372 (266.0)
denovo120 C1.15_HE578988 367 (269.5)
denovo120 C45.3_FJ461522 370 (269.5)
denovo120 C46a_AY765405 365 (272.5)
denovo120 C46_EU449108 363 (266.5)
denovo120 C3.12_FJ461507 368 (272.5)
denovo120 C1k_AY589733 363 (266.5)
denovo120 C67_AY686647 368 (272.5)
denovo120 C82a_GU907659 368 (272.5)
denovo120 C10a_AY589739 366 (284.5)
denovo120 C10_AF499799 368 (281.5)
denovo120 C13_AY589740 374 (278.5)
denovo120 C4_AF499794 368 (263.5)
denovo120 C1147_EF656433 368 (272.5)
denovo120 C1c/C45_AY239364 368 (272.5)
denovo120 C1c/C45_EU449103 368 (272.5)
denovo120 C21.19_HE579031 360 (264.0)
denovo120 C21.21_HE579033 364 (257.5)
denovo120 C21.20_HE579032 364 (257.5)
denovo120 C42b_AY765403 368 (281.5)
denovo120 C42_AY258487 368 (281.5)
denovo120 C1p_GU907652 365 (281.5)
denovo120 C1d_AY258488 367 (287.5)
denovo120 C42_AY765402 368 (281.5)
denovo120 C3ha_AY589736 360 (264.5)
denovo120 C63a_AY589767 359 (272.5)
denovo120 C21a_AY589744 360 (273.0)
denovo120 C3o_GU907653 360 (281.0)
denovo120 C21.16_HQ630875 360 (273.0)
denovo120 C21.2_JF683324 358 (276.0)
denovo120 C21.7_JF683328 366 (272.5)
denovo120 C21.8_JF683329 361 (276.0)
denovo120 C3h_AY239365 360 (273.0)
denovo120 C1203_EU099798 360 (264.0)
denovo120 C3.10_FJ461505 359 (263.5)
denovo120 C21.14_FJ461516 354 (264.0)
denovo120 C21.18_HE579030 366 (261.0)
denovo120 C3.17_HE579005 365 (263.5)
denovo120 C3.9_FJ461504 360 (264.5)
denovo120 C3.8_FJ461503 365 (272.5)
denovo120 C3.7_FJ461502 365 (272.5)
denovo120 C3.11_FJ461506 365 (272.5)
denovo120 C3.18_HE579006 365 (281.5)
denovo120 C3.19_HE579007 361 (279.5)
denovo120 C3.20_HE579008 365 (263.5)
denovo120 C3g_AY589735 361 (281.5)
denovo120 C3a_AF499790 367 (269.5)
denovo120 C3e_AF499793 364 (270.5)
denovo120 C6_AF499796 360 (275.0)
denovo120 C11_AF499800 364 (270.0)
denovo120 C36_AY258480 365 (272.5)
denovo120 C29_AY258494 365 (272.5)
denovo120 C1146_EF656434 365 (272.5)
denovo120 C1190_EU099841 365 (281.5)
denovo120 C131_JF320826 365 (272.5)
denovo120 C28_AY239380 362 (273.5)
denovo120 C1012_DQ480604 365 (272.0)
denovo120 C1181_AB294640 364 (273.0)
denovo120 C1180_AB294641 364 (273.0)
denovo120 C1179_AB294645 368 (266.5)
denovo120 C1176_AB294651 362 (258.0)
denovo120 C1175_AB294653 364 (264.0)
denovo120 C1174_AB294655 364 (264.0)
denovo120 C1177_AB294659 368 (258.0)
denovo120 C1040_AB190269 365 (263.5)
denovo120 C1182_AB294649 365 (263.5)
denovo120 C1089_AJ278598 364 (269.0)
denovo120 C1028_DQ335357 359 (273.0)
denovo120 C3.16_EU786015 361 (279.5)
denovo120 C1097_AJ311943 367 (266.0)
denovo120 C1170_AB294661 366 (261.0)
denovo120 C21.17_HE579029 364 (269.0)
denovo120 C21/3d/C3k_AY239372 360 (273.0)
denovo120 C58_AY589762 358 (273.0)
denovo120 C3L_AY589738 366 (272.0)
denovo120 C1169_AB294660 364 (264.0)
denovo120 C3.2_FJ461497 364 (273.5)
denovo120 C3.1_JF683321 363 (270.5)
denovo120 C1104_AF427469 365 (269.5)
denovo120 C3b_AF499791 364 (273.0)
denovo120 C83_GU907661 366 (277.5)
denovo120 C49_AY589754 392 (263.0)
denovo120 C3_AB778606 365 (272.5)
denovo120 C3_AF499789 365 (272.5)
denovo120 C3_HE579001 365 (272.5)
denovo120 C21.12_FJ461514 365 (281.0)
denovo120 C1229_EU074888 360 (253.0)
denovo120 C1230_EU074889 360 (262.0)
denovo120 C1114_AB207196 365 (263.5)
denovo120 C3.21_HE579009 361 (238.0)
denovo120 C1057_DQ480619 366 (266.5)
denovo120 C72_AY765407 360 (266.5)
denovo120 C1b.3_HE578999 362 (277.0)
denovo120 C93_AJ621536 365 (263.5)
denovo120 C94_AJ621539 365 (263.5)
denovo120 C1g_AY589730 365 (281.5)
denovo120 C1i_AY589731 365 (272.5)
denovo120 C1j_AY589732 359 (273.0)
denovo120 C1005_DQ480633 365 (263.5)
denovo120 C1.7_FJ461494 365 (272.5)
denovo120 C1.11_HE578984 365 (272.5)
denovo120 C1.12_HE578985 365 (272.5)
denovo120 C1.13_HE578986 365 (272.5)
denovo120 C1.14_HE578987 365 (272.5)
denovo120 C1.18_HE578991 365 (281.5)
denovo120 C1.19_HE578992 364 (270.0)
denovo120 C1199_EU099802 363 (261.0)
denovo120 C1188_EU099838 364 (269.5)
denovo120 C1002_DQ838544 369 (266.0)
denovo120 C1198_EU099810 365 (263.5)
denovo120 C24_AY239376 364 (269.5)
denovo120 C1f_AY258490 367 (269.5)
denovo120 C1006_DQ480629 365 (272.5)
denovo120 C1010_DQ480607 367 (269.5)
denovo120 C1007_DQ480624 365 (279.0)
denovo120 C1011_DQ480605 363 (266.5)
denovo120 C1009_DQ480608 365 (272.5)
denovo120 C1041_AY186548 365 (272.5)
denovo120 C1052_AY186570 365 (272.5)
denovo120 C1148_EU040178 369 (266.0)
denovo120 C1234_EU118165 369 (272.0)
denovo120 C1.5_EF634157 365 (272.5)
denovo120 C1059_DQ480609 365 (263.5)
denovo120 C1228_EU074883 363 (266.0)
denovo120 C1208_EU074963 365 (264.0)
denovo120 C1207_EU074964 365 (272.5)
denovo120 C1206_EU074965 365 (272.5)
denovo120 C1013_DQ480642 363 (276.5)
denovo120 C80_GU907656 366 (295.0)
denovo120 C1a_AF499788 365 (272.5)
denovo120 C41_AY258486 364 (278.5)
denovo120 C39_AY258484 355 (264.5)
denovo120 C1231_EU074878 365 (263.5)
denovo120 C1b.1_HE578997 364 (264.5)
denovo120 C18_AY258478 366 (266.0)
denovo120 C1.10_HE578983 359 (269.5)
denovo120 C1_JN558041 365 (272.5)
denovo120 C1_HE578979 365 (272.5)
denovo120 C1_AM748551 365 (272.5)
denovo120 C1_AF333515 365 (272.5)
denovo120 C1054_AY186565 365 (269.5)
denovo120 C1008_DQ480613 365 (279.0)
denovo120 C1103_AF427470 365 (269.5)
denovo120 C1226_EU074881 378 (272.0)
denovo120 C1b/C1e_AY239363 364 (273.5)
denovo120 C1044_DQ068038 365 (273.5)
denovo120 C1017_DQ174729 364 (269.5)
denovo120 C1.6_FJ461493 361 (279.5)
denovo120 C1b.2_HE578998 364 (273.5)
denovo120 C1060_DQ480600 365 (263.5)
denovo120 C1227_EU074882 361 (279.5)
denovo120 C1197_EU099814 365 (281.5)
denovo120 C1130_DQ480643 360 (251.5)
denovo120 D109_AB097465 358 (223.5)
denovo120 D1.11_HE579040 350 (229.5)
denovo120 D105_AF174570 341 (238.0)
denovo120 D104_AF174572 341 (236.5)
denovo120 D1.3_JF683337 340 (242.0)
denovo120 D1.10_HE579039 340 (235.5)
denovo120 D110_AF174561 353 (227.5)
denovo120 D117_AF174542 341 (238.0)
denovo120 D114_AF174549 361 (231.0)
denovo120 D113_AF174557 362 (227.5)
denovo120 D112_AF174558 362 (236.5)
denovo120 D106_AF174559 355 (234.0)
denovo120 D111_AF174560 340 (234.5)
denovo120 D115_AF174562 341 (229.0)
denovo120 D107_AF174568 340 (233.0)
denovo120 D116_AF174571 350 (237.5)
denovo120 D124_EU074897 355 (224.5)
denovo120 D1.8_HE579037 352 (225.0)
denovo120 D3_AY686650 340 (235.5)
denovo120 D1.6_HQ630881 361 (231.0)
denovo120 D120_EU074900 368 (228.5)
denovo120 D121_EU074904 350 (228.5)
denovo120 D122_EU074905 361 (231.0)
denovo120 D1a.2_JF683339 342 (225.0)
denovo120 D1a.1_JF683338 339 (223.5)
denovo120 D2_AY686649 559 (287.0)
denovo120 D4_DQ865214 352 (240.0)
denovo120 D1a_AF499802 362 (227.5)
denovo120 D1a_JN558078 362 (227.5)
denovo120 D123_EU074895 341 (229.0)
denovo120 D108_AF174567 341 (229.0)
denovo120 D103_AF174575 350 (226.5)
denovo120 D100_AF411415 352 (227.0)
denovo120 D118_EF656435 354 (222.5)
denovo120 D101_AF411416 357 (230.5)
denovo120 D119_EU099832 345 (231.5)
denovo120 D102_AF174573 341 (232.0)
denovo120 D1_AF334660 341 (229.0)
denovo120 D1_JN558076 341 (229.0)
denovo120 D1.12_HE579041 340 (222.5)
denovo120 D1.1_AM748564 416 (270.5)
denovo120 D1.2_AM748617 440 (270.5)
denovo120 E111_EU074915 351 (264.0)
denovo120 E110_EU074914 348 (270.0)
denovo120 E114_EU074909 347 (259.0)
denovo120 E1_AF334659 347 (263.5)
denovo120 E105_EU074921 346 (255.5)
denovo120 E112_EU074916 348 (263.5)
denovo120 E104_EU074922 343 (255.0)
denovo120 E102_EU074924 343 (246.0)
denovo120 E103_EU074923 343 (255.0)
denovo120 E101_AY160123 347 (254.0)
denovo120 E109_EU074913 369 (266.0)
denovo120 E100_DQ011618 366 (272.0)
denovo120 E108_EU074912 367 (284.5)
denovo120 E113_EU074908 367 (279.0)
denovo120 E107_EU074910 367 (284.5)
denovo120 F1_JN558066 344 (335.5)
denovo120 F5.2d_AJ291530 341 (335.0)
denovo120 F104_AJ291531 341 (335.0)
denovo120 F5.2c_AM748596 341 (336.5)
denovo120 F5.2_AM748594 339 (336.5)
denovo120 F5.2a_AM748614 339 (336.5)
denovo120 F5.2b_AM748595 339 (337.0)
denovo120 F5.2e_AJ291533 339 (324.5)
denovo120 F5.2g_JN558072 341 (342.5)
denovo120 F5.2f_AJ291512 336 (337.0)
denovo120 F102_AJ291534 340 (340.5)
denovo120 F5.1c_AM748593 335 (333.0)
denovo120 F5.1d_JN558069 350 (333.5)
denovo120 F5.1b_AJ291535 336 (338.5)
denovo120 F5.1_AM748592 336 (338.5)
denovo120 F5.1a_AM748591 336 (338.5)
denovo120 F110_AJ291526 354 (338.5)
denovo120 F4.7_AM748587 347 (322.0)
denovo120 F4.5_AM748585 353 (326.5)
denovo120 F4.4a_AM748583 350 (311.0)
denovo120 F4.4_AM748582 347 (333.5)
denovo120 F4.4b_AM748584 343 (332.5)
denovo120 F4.1a_AM748573 367 (308.0)
denovo120 F112_AJ291528 344 (327.5)
denovo120 F4.1_AM748572 344 (318.5)
denovo120 F4.8b_AM748590 350 (315.5)
denovo120 F4.8_AM748588 356 (323.5)
denovo120 F4.8a_AM748589 356 (323.5)
denovo120 F109_AJ291527 355 (335.5)
denovo120 F4.6_AM748586 350 (309.5)
denovo120 F111_AJ311949 353 (329.0)
denovo120 F4.3c_AM748581 342 (320.0)
denovo120 F4.3a_AM748579 346 (322.0)
denovo120 F4.3b_AM748580 351 (311.0)
denovo120 F4.3_AM748578 348 (319.5)
denovo120 F4.2_AM748574 352 (323.5)
denovo120 F4.2a_AM748575 354 (323.5)
denovo120 F4.2c_AM748577 353 (325.5)
denovo120 F4.2b_AM748576 354 (314.5)
denovo120 F2b_AJ291521 366 (336.5)
denovo120 F2_AJ830908 364 (340.0)
denovo120 F2a_AJ830911 366 (336.5)
denovo120 F3.1a_AM748566 358 (335.0)
denovo120 F114_AJ291525 358 (343.0)
denovo120 F3.1_AM748565 358 (334.0)
denovo120 F3.2_AM748567 340 (304.0)
denovo120 F3.2a_AM748568 348 (312.5)
denovo120 F3.3_AM748569 349 (328.0)
denovo120 F3.4a_AM748571 346 (336.5)
denovo120 F3.4_AM748570 348 (343.0)
denovo120 F3.4b_AM748616 348 (343.0)
denovo120 G101_AJ291539 363 (272.5)
denovo120 G1_AM748597 364 (277.0)
denovo120 G2b_JN558087 366 (284.5)
denovo120 G2_AM748598 366 (284.5)
denovo120 G2a_AM748599 370 (278.5)
denovo120 G4_AM748601 354 (271.5)
denovo120 G3.4_LK392378 350 (295.5)
denovo120 G3_AM748600 367 (300.0)
denovo120 G3.2_KC597694 344 (264.5)
denovo120 G3.1_KC597688 350 (305.5)
denovo120 G100_AB253788 347 (297.0)
denovo120 G3.3_LK392377 350 (296.5)
denovo120 H6_AJ291520 640 (283.0)
denovo120 H3_AM748606 335 (261.0)
denovo120 H2_AM748605 345 (275.5)
denovo120 H4_AM748607 328 (276.5)
denovo120 H4a_AM748608 327 (289.0)
denovo120 H5a_AM748611 355 (279.5)
denovo120 H5b_AM748610 355 (278.5)
denovo120 H5_AJ621129 355 (279.5)
denovo120 H5_AM748609 355 (279.5)
denovo120 H100_AJ291513 330 (267.5)
denovo120 H1b_AM748604 328 (271.5)
denovo120 H1a_AM748612 321 (268.5)
denovo120 H1_AJ621152 329 (265.0)
denovo120 H1_AM748602 329 (265.0)
denovo120 I3_FN561561 367 (331.5)
denovo120 I4_FN561562 367 (340.5)
denovo120 I1_FN561559 366 (338.0)
denovo120 I2_FN561560 371 (327.0)

#---------------------------------------
#---------------------------------------
