denovo223 A136_DQ865210 338 (388.0)
denovo223 A133_DQ174725 322 (400.5)
denovo223 A115_AF180123 344 (389.0)
denovo223 A117_AF201746 352 (421.5)
denovo223 A134_DQ174723 351 (427.0)
denovo223 A114_AF184941 352 (421.5)
denovo223 A135_DQ174727 340 (403.5)
denovo223 A2_AF333506 352 (427.0)
denovo223 A101_AF427468 352 (412.5)
denovo223 A2_1_JN558097 352 (412.5)
denovo223 A2_2_JN558100 352 (412.5)
denovo223 A113_AF184948 347 (400.0)
denovo223 A112_AF184949 338 (402.5)
denovo223 A123_EF378618 332 (334.0)
denovo223 A137_EF378621 334 (357.5)
denovo223 A11_EU449041 331 (404.5)
denovo223 A121_DQ174722 338 (384.5)
denovo223 A15b_EU792886 326 (368.0)
denovo223 A15a_EU792885 326 (377.5)
denovo223 A15c_EU792887 335 (379.0)
denovo223 A15_EU792884 326 (377.0)
denovo223 A147_EU074937 339 (408.0)
denovo223 A154_EU074860 339 (399.0)
denovo223 A146_EU074936 343 (401.0)
denovo223 A150_EU074928 341 (413.0)
denovo223 A116_AF183575 326 (405.0)
denovo223 A141_EU074931 342 (407.0)
denovo223 A5_AF333508 336 (405.0)
denovo223 A3b_EU449043 337 (402.5)
denovo223 A151_EU074925 341 (395.5)
denovo223 A152_EU074927 327 (399.5)
denovo223 A149_EU074929 325 (394.5)
denovo223 A140_EU074930 339 (399.0)
denovo223 A142_EU074932 339 (390.0)
denovo223 A143_EU074933 334 (402.5)
denovo223 A144_EU074934 339 (399.0)
denovo223 A145_EU074935 339 (408.0)
denovo223 A148_EU074938 336 (399.0)
denovo223 A155_EU074856 339 (399.0)
denovo223 A156_EU074859 349 (393.0)
denovo223 A139_EU074962 344 (395.5)
denovo223 A6_AF186058 339 (399.0)
denovo223 A3_AF333507 339 (399.0)
denovo223 A3_JN558091 339 (399.0)
denovo223 A8_AY258468 337 (412.5)
denovo223 A7_AY239360 327 (407.0)
denovo223 A16_EU792888 337 (403.5)
denovo223 A4.3_FN429763 347 (410.5)
denovo223 A120_AF180122 347 (393.5)
denovo223 A4.2_FN429761 351 (412.0)
denovo223 A4_AF333509 345 (413.0)
denovo223 A4.1_FN429760 348 (410.5)
denovo223 A4a_AF499778 345 (413.5)
denovo223 A4a.1_FN429762 345 (413.5)
denovo223 A138_EF378620 334 (431.5)
denovo223 A122_EF378619 334 (416.5)
denovo223 A126_EF378615 333 (417.5)
denovo223 A10_EU792882 333 (417.5)
denovo223 A9_EU449028 349 (405.5)
denovo223 A105_AB207202 348 (402.5)
denovo223 A119_AF180121 338 (416.0)
denovo223 A12_EU792883 351 (412.0)
denovo223 A104_AB207203 337 (415.5)
denovo223 A1a_EU449030 337 (406.5)
denovo223 A1.3_HE578976 331 (406.5)
denovo223 A1.4_HE578977 340 (405.5)
denovo223 A13_AF333504 336 (403.5)
denovo223 A13_JN558094 336 (403.5)
denovo223 A110_AB190282 343 (407.0)
denovo223 A103_AB207206 338 (409.0)
denovo223 A130_EF656428 338 (400.0)
denovo223 A127_EF656429 339 (411.0)
denovo223 A128_EF656430 349 (405.5)
denovo223 A129_EF656431 336 (403.5)
denovo223 A131_EF656432 338 (409.0)
denovo223 A118_AF180120 336 (406.5)
denovo223 A1_AF333505 338 (409.0)
denovo223 A107_AB207199 337 (424.5)
denovo223 A111_AB190280 337 (424.5)
denovo223 A108_AB207197 336 (397.5)
denovo223 A106_AB207200 337 (416.5)
denovo223 A102_AB207209 337 (415.5)
denovo223 A1.2_AB207210 337 (415.5)
denovo223 A109_AB190285 334 (416.5)
denovo223 B4_AF333510 319 (603.0)
denovo223 B23_EU449079 336 (512.5)
denovo223 B30_GU907644 345 (511.5)
denovo223 B11_AY239361 330 (551.0)
denovo223 B17_AY258470 331 (542.5)
denovo223 B1k_GU907638 301 (313.5)
denovo223 B1.V_Green2014 343 (516.5)
denovo223 B1b_AF499780 320 (525.0)
denovo223 B16_AY258469 328 (553.5)
denovo223 B31a_GU907646 331 (543.5)
denovo223 B32_GU907647 331 (543.5)
denovo223 B31_GU907645 331 (552.5)
denovo223 B1j_GU907637 333 (575.5)
denovo223 B37_GU907650 333 (560.0)
denovo223 B5a_AF499782 330 (549.0)
denovo223 B5_AF499781 330 (558.0)
denovo223 B24_GU907643 331 (518.0)
denovo223 B117_AF180124 330 (550.0)
denovo223 B10_AF499787 331 (552.5)
denovo223 B20_GU907642 333 (554.0)
denovo223 B1m_GU907640 331 (561.5)
denovo223 B34_GU907649 331 (561.5)
denovo223 B1d_GU907633 331 (562.0)
denovo223 B1e_GU907634 331 (562.0)
denovo223 B1i_GU907636 331 (561.5)
denovo223 B1g_GU907635 334 (548.0)
denovo223 B123_EU074872 331 (552.5)
denovo223 B8_AF499785 332 (552.0)
denovo223 B1l_GU907639 331 (552.5)
denovo223 B1a_AF499779 331 (561.5)
denovo223 B14_AY239362 332 (551.5)
denovo223 B125_EU074865 331 (552.5)
denovo223 B122_EU074871 331 (552.5)
denovo223 B124_EU074874 331 (552.5)
denovo223 B1.VII_Green2014 331 (544.5)
denovo223 B1.III_Green2014 326 (529.5)
denovo223 B1.I_Green2014 331 (561.5)
denovo223 B1.II_Green2014 331 (561.5)
denovo223 B1_JN558057 331 (561.5)
denovo223 B1_AF333511 331 (561.5)
denovo223 B1.IV_Green2014 342 (560.0)
denovo223 B121_EU074870 332 (563.5)
denovo223 B7_AF499784 331 (570.5)
denovo223 B1.VI_Green2014 329 (547.0)
denovo223 B3_AF333514 329 (550.5)
denovo223 B9_AF499786 333 (525.5)
denovo223 B19a_JN558055 323 (506.5)
denovo223 B119_EU099825 332 (486.0)
denovo223 B21_DQ865213 322 (526.5)
denovo223 B38_GU907651 322 (526.5)
denovo223 B18_AY258471 329 (541.5)
denovo223 B18a_AY258472 329 (532.5)
denovo223 B33_GU907648 325 (529.5)
denovo223 B6_AF499783 326 (542.0)
denovo223 B19_DQ865212 325 (539.0)
denovo223 B19_GU907641 325 (539.0)
denovo223 B2_AF333512 325 (548.0)
denovo223 B2_JN558060 325 (548.0)
denovo223 C33.1_AY258498 300 (1190.0)
denovo223 C33.2_AY765400 300 (1190.0)
denovo223 C33a_EF541147 300 (1190.0)
denovo223 C34_AY258499 300 (1199.0)
denovo223 C78_AY765413 304 (1156.0)
denovo223 C15.29_KC597690 306 (1152.0)
denovo223 C1131_DQ182650 304 (1101.0)
denovo223 C1135_DQ182646 304 (1101.0)
denovo223 C1134_DQ182647 304 (1101.0)
denovo223 C1142_DQ182635 304 (1110.0)
denovo223 C1136_DQ182644 304 (1071.0)
denovo223 C1111_DQ182645 304 (1071.0)
denovo223 C1236_EF473656 304 (1080.0)
denovo223 C1138_DQ182642 304 (1080.0)
denovo223 C1137_DQ182643 304 (1080.0)
denovo223 C1133_DQ182648 304 (1080.0)
denovo223 C1132_DQ182649 304 (1080.0)
denovo223 C1143_DQ182634 304 (1089.0)
denovo223 C1139_DQ182639 303 (1125.0)
denovo223 C15.28_KC597687 304 (1147.0)
denovo223 C1141_DQ182636 304 (1119.0)
denovo223 C1144_DQ182637 304 (1110.0)
denovo223 C1122_DQ182654 304 (1119.0)
denovo223 C1127_DQ182652 304 (1137.0)
denovo223 C15.30_JX394114 304 (1165.0)
denovo223 C15.26_KC597686 304 (1183.0)
denovo223 C1086_DQ182656 304 (1165.0)
denovo223 C15.25_KC597685 304 (1174.0)
denovo223 C1118_AF180127 304 (1089.5)
denovo223 C1129_DQ182651 304 (1146.0)
denovo223 C15.21_KC597683 305 (1168.0)
denovo223 C56_AY589760 304 (1183.0)
denovo223 C1140_DQ182638 304 (1146.0)
denovo223 C1126_DQ182653 304 (1137.0)
denovo223 C15c_AY258492 304 (1183.0)
denovo223 C15d_AY258493 304 (1174.0)
denovo223 C1098_DQ182641 305 (1156.5)
denovo223 C15.27_KC597689 304 (1183.0)
denovo223 C15.18_HE579024 304 (1183.0)
denovo223 C15.16_HE579022 304 (1183.0)
denovo223 C1101_AB253787 304 (1183.0)
denovo223 C1083_AY237300 304 (1183.0)
denovo223 C1088_DQ182640 304 (1183.0)
denovo223 C15.6_FN563472 305 (1195.0)
denovo223 C15.5_FJ461512 305 (1195.0)
denovo223 C15.4_FJ461511 305 (1204.0)
denovo223 C15.13_HE579019 304 (1192.0)
denovo223 C15.12_HE579018 304 (1201.0)
denovo223 C93a_AM748563 304 (1192.0)
denovo223 C1094_AJ291514 304 (1183.0)
denovo223 C93_AM748562 304 (1183.0)
denovo223 C15.17_HE579023 304 (1177.0)
denovo223 C15e_AY589742 304 (1177.0)
denovo223 C15.22_KC597695 304 (1210.0)
denovo223 C60_AY589764 304 (1192.0)
denovo223 C15.1_FJ461508 304 (1192.0)
denovo223 C15.2_FJ461509 304 (1192.0)
denovo223 C15.9_FN563475 304 (1192.0)
denovo223 C15.7_HE579015 304 (1192.0)
denovo223 C15.8_HE579016 304 (1192.0)
denovo223 C15.15_HE579021 304 (1201.0)
denovo223 C15.19_HE579025 304 (1192.0)
denovo223 C15.24_KC597696 304 (1183.0)
denovo223 C15.3_FJ461510 304 (1201.0)
denovo223 C1087_DQ182655 304 (1192.0)
denovo223 C15.14_HE579020 305 (1182.0)
denovo223 C15.23_KC597697 305 (1182.0)
denovo223 C19_AY258479 304 (1204.0)
denovo223 C1233_EU118166 304 (1192.0)
denovo223 C15b_AY258491 304 (1192.0)
denovo223 C15a_AY258476 304 (1210.0)
denovo223 C1051_AF195153 304 (1201.0)
denovo223 C2_AF333518 305 (1191.0)
denovo223 C15.20_HE579026 305 (1191.0)
denovo223 C15f_AY589743 305 (1191.0)
denovo223 C55_AY589759 308 (1189.5)
denovo223 C15_AY239369 304 (1201.0)
denovo223 C32.1_JF683335 315 (1031.5)
denovo223 C32.2_JF683336 313 (1043.5)
denovo223 C21.23_KC597693 313 (1043.5)
denovo223 C1193_EU099827 305 (1164.0)
denovo223 C1195_EU099821 312 (1187.5)
denovo223 C3q_GU907655 305 (1134.0)
denovo223 C53_AY589758 300 (1190.0)
denovo223 C73_AY765408 309 (1122.5)
denovo223 C17.2.1_KC597684 307 (1122.5)
denovo223 C32_AY258497 304 (1144.0)
denovo223 C1189_EU099831 304 (1162.0)
denovo223 C1191_EU099833 304 (1153.0)
denovo223 C1196_EU099819 305 (1156.0)
denovo223 C1192_EU099820 305 (1156.0)
denovo223 C17.1_JF683322 304 (1162.0)
denovo223 C26_b2_FN827164 305 (1152.0)
denovo223 C26_b3_FN827165 305 (1143.0)
denovo223 C31.9_HQ630879 308 (1143.5)
denovo223 C31a_AY589746 307 (1138.0)
denovo223 C30_AY589745 307 (1138.0)
denovo223 C31.1_HQ630876 307 (1138.0)
denovo223 C31.5_HQ630877 307 (1138.0)
denovo223 C31.6_HQ630878 307 (1138.0)
denovo223 C31.2_JF683332 307 (1138.0)
denovo223 C31.3_JF683333 307 (1138.0)
denovo223 C26/C35a_AY239378 305 (1152.0)
denovo223 C35a_AY258501 305 (1152.0)
denovo223 C35.2_AY258500 305 (1161.0)
denovo223 C26_b1_FN827163 305 (1161.0)
denovo223 C17_AY239370 304 (1171.0)
denovo223 C17.2_FJ461513 306 (1160.5)
denovo223 C31.10_HQ630880 307 (1150.5)
denovo223 C31.4_JF683334 311 (1145.0)
denovo223 C31_AY258496 307 (1147.0)
denovo223 C25_AY239377 306 (1163.5)
denovo223 C61_AY589765 304 (1140.0)
denovo223 C1043_DQ072721 304 (1169.0)
denovo223 C79_AY765414 304 (1174.0)
denovo223 C69_AY589773 305 (1104.5)
denovo223 C69a_AY686648 305 (1095.5)
denovo223 C21.22_KC597692 304 (1135.0)
denovo223 C51_AY589756 305 (1186.0)
denovo223 C1aa_HM185739 304 (1193.0)
denovo223 C1096_DQ068023 304 (1153.0)
denovo223 C74_AY765409 305 (1164.0)
denovo223 C1185_AB294629 306 (1176.0)
denovo223 C1184_AB294630 305 (1173.0)
denovo223 C1153_AB294625 305 (1173.0)
denovo223 C1154_AB294626 305 (1173.0)
denovo223 C1187_AB294627 305 (1173.0)
denovo223 C1186_AB294628 305 (1173.0)
denovo223 C57_AY589761 305 (1182.0)
denovo223 C66_AY589771 305 (1182.0)
denovo223 C5_AF499795 304 (1183.0)
denovo223 C1167_AB294586 304 (1192.0)
denovo223 C1164_AB294593 304 (1192.0)
denovo223 C1183_AB294631 304 (1192.0)
denovo223 C1067_DQ335381 304 (1192.0)
denovo223 C1159_AB294613 305 (1173.0)
denovo223 C1150_AB294622 305 (1182.0)
denovo223 C90_AM748554 306 (1208.5)
denovo223 C1168_AB294583 305 (1194.0)
denovo223 C1156_AB294616 304 (1192.0)
denovo223 C1151_AB294621 304 (1210.0)
denovo223 C92a_AM748561 304 (1192.0)
denovo223 C92_AM748560 304 (1201.0)
denovo223 C1165_AB294581 304 (1201.0)
denovo223 C1166_AB294584 304 (1201.0)
denovo223 C1162_AB294594 304 (1201.0)
denovo223 C1163_AB294596 304 (1201.0)
denovo223 C1161_AB294606 304 (1201.0)
denovo223 C1160_AB294608 304 (1201.0)
denovo223 C1158_AB294614 304 (1201.0)
denovo223 C1155_AB294617 304 (1201.0)
denovo223 C1149_AB294620 304 (1201.0)
denovo223 C1173_AB294662 304 (1201.0)
denovo223 C1171_AB294663 304 (1201.0)
denovo223 C1172_AB294665 304 (1201.0)
denovo223 C91a_AM748556 304 (1201.0)
denovo223 C91b_AM748557 304 (1201.0)
denovo223 C91d_AM748559 304 (1201.0)
denovo223 C91c_AM748558 304 (1201.0)
denovo223 C91_AJ621543 304 (1210.0)
denovo223 C91_AM748555 304 (1210.0)
denovo223 C1023_DQ335330 304 (973.0)
denovo223 C1020_DQ335392 304 (1210.0)
denovo223 C1018_DQ335408 304 (1210.0)
denovo223 C1074_DQ335329 304 (1210.0)
denovo223 C1030_DQ335353 305 (1212.5)
denovo223 C1022_DQ335331 304 (1210.0)
denovo223 C1027_DQ335360 304 (1228.0)
denovo223 C1072_DQ335344 304 (1210.0)
denovo223 C1039_AB190274 304 (1210.0)
denovo223 C1033_DQ335350 309 (1207.0)
denovo223 C1019_DQ335407 304 (1219.0)
denovo223 C1194_EU099826 304 (1177.0)
denovo223 C8b_AY258475 304 (1195.0)
denovo223 C8_AY239367 304 (1219.0)
denovo223 C8a_AY239368 304 (1210.0)
denovo223 C54a_AY765406 304 (1201.0)
denovo223 C3ff_HM185740 304 (1201.0)
denovo223 C59_AY589763 306 (1181.0)
denovo223 C3k_AY589737 305 (1194.0)
denovo223 C3.24_HE579012 305 (1176.0)
denovo223 C3.23_HE579011 305 (1185.0)
denovo223 C35.1_AY765401 304 (1192.0)
denovo223 C35.3_EF541145 304 (1201.0)
denovo223 C76_AY765411 304 (1171.0)
denovo223 C1107_DQ335359 304 (1178.0)
denovo223 C3.22_HE579010 307 (1202.0)
denovo223 C77_AY765412 307 (1178.5)
denovo223 C20_AY239371 304 (1210.0)
denovo223 C1055_DQ480640 305 (1209.0)
denovo223 C27/C30_AY239379 305 (1152.0)
denovo223 C27.1_FJ461517 305 (1143.0)
denovo223 C40a_AY589747 304 (1201.0)
denovo223 C40_AY258485 304 (1210.0)
denovo223 C40b_AY589748 305 (1200.0)
denovo223 C16_AY258477 304 (1210.0)
denovo223 C16a_AY765399 304 (1201.0)
denovo223 C1091_AB207186 304 (1201.0)
denovo223 C1102_DQ335400 304 (1201.0)
denovo223 C1069_DQ335375 304 (1192.0)
denovo223 C1073_DQ335332 304 (1201.0)
denovo223 C1066_DQ335382 304 (1192.0)
denovo223 C1031_DQ335352 304 (1210.0)
denovo223 C1026_DQ335366 304 (1219.0)
denovo223 C70_AY589774 304 (1219.0)
denovo223 C1082_AB190267 304 (1201.0)
denovo223 C1078_AB190271 304 (1201.0)
denovo223 C1090_AB207191 304 (1201.0)
denovo223 C1071_DQ335302 304 (1201.0)
denovo223 C1075_DQ335328 304 (1201.0)
denovo223 C1068_DQ335379 304 (1201.0)
denovo223 C1064_DQ335395 304 (1201.0)
denovo223 C1063_DQ335403 304 (1201.0)
denovo223 C62_AY589766 304 (1210.0)
denovo223 C1077_DQ335316 305 (1200.0)
denovo223 C1109_DQ335338 304 (1201.0)
denovo223 C1110_DQ335340 304 (1192.0)
denovo223 C1106_DQ335339 304 (1183.0)
denovo223 C1112_DQ335319 304 (1192.0)
denovo223 C1108_DQ335351 304 (1183.0)
denovo223 C1105_DQ335394 304 (1192.0)
denovo223 C1121_DQ335378 304 (1183.0)
denovo223 C1116_AB190268 304 (1201.0)
denovo223 C1115_AB190273 304 (1192.0)
denovo223 C1124_DQ335323 304 (1183.0)
denovo223 C1120_DQ335398 304 (1183.0)
denovo223 C1119_DQ335404 304 (1183.0)
denovo223 C1123_DQ335363 304 (1192.0)
denovo223 C1004_DQ480635 304 (1210.0)
denovo223 C1061_AY186568 304 (1219.0)
denovo223 C1053_AY186569 304 (1210.0)
denovo223 C1003_DQ480639 304 (1219.0)
denovo223 C81_GU907657 309 (1062.0)
denovo223 C22_AY239373 304 (1181.5)
denovo223 C22a_AY239374 304 (1172.5)
denovo223 C1232_EU118163 305 (1203.0)
denovo223 C21.13_FJ461515 304 (1144.0)
denovo223 C21.1_JF683323 304 (1162.0)
denovo223 C21.3_JF683325 304 (1162.0)
denovo223 C1.20_HE578993 304 (1210.0)
denovo223 C1.22_HE578995 304 (1210.0)
denovo223 C52_AY589757 304 (1204.0)
denovo223 C1201_EU099793 306 (1184.0)
denovo223 C14_AY589741 304 (1204.0)
denovo223 C43_AY589749 304 (1219.0)
denovo223 C50_AY589755 305 (1212.0)
denovo223 C3.14_HQ630872 304 (1210.0)
denovo223 C1m_AY765398 304 (1237.0)
denovo223 C82_GU907658 304 (1219.0)
denovo223 C82b_GU907660 304 (1219.0)
denovo223 C64_AY589768 304 (1219.0)
denovo223 C45a_AY765404 304 (1255.0)
denovo223 C48_AY589753 306 (1208.5)
denovo223 C1_v1b_FJ919244 304 (1219.0)
denovo223 C1_v1a_FJ919243 304 (1228.0)
denovo223 C3j_AY239366 305 (1213.0)
denovo223 C3t_EF541149 304 (1210.0)
denovo223 C9_AF499798 304 (1228.0)
denovo223 C23_AY239375 304 (1219.0)
denovo223 C37_AY258481 304 (1210.0)
denovo223 C1048_DQ068026 304 (1228.0)
denovo223 C21.4_JF683326 304 (1171.0)
denovo223 C21.5_JF683327 304 (1180.0)
denovo223 C1070_DQ335349 304 (1219.0)
denovo223 C21.6_HQ630873 304 (1180.0)
denovo223 C1224_EU074890 304 (1219.0)
denovo223 C1.17_HE578990 304 (1228.0)
denovo223 C21_b1_FN827162 304 (1162.0)
denovo223 C21.9_JF683330 304 (1171.0)
denovo223 C1085_AY624605 305 (1212.0)
denovo223 C3p_GU907654 304 (1213.5)
denovo223 C3f_AY589734 304 (1219.0)
denovo223 C65a_AY589770 304 (1210.0)
denovo223 C65_AY589769 304 (1219.0)
denovo223 C71_AY589775 304 (1210.0)
denovo223 C71a_AY589776 304 (1219.0)
denovo223 C1178_AB294647 304 (1195.0)
denovo223 C1225_EU074893 304 (1219.0)
denovo223 C75_AY765410 304 (1210.0)
denovo223 C21.10_JF683331 304 (1162.0)
denovo223 C21.11_HQ630874 304 (1171.0)
denovo223 C1065_DQ335388 304 (1210.0)
denovo223 C1045_DQ068036 304 (1219.0)
denovo223 C1h_AY258473 304 (1228.0)
denovo223 C38_AY258482 304 (1210.0)
denovo223 C1202_EU099799 304 (1228.0)
denovo223 C7_AF499797 304 (1219.0)
denovo223 C12_AF499801 306 (1208.5)
denovo223 C38a_AY258483 305 (1200.0)
denovo223 C1200_EU099800 304 (1154.5)
denovo223 C44a_AY589751 304 (1246.0)
denovo223 C47_AY589752 304 (1246.0)
denovo223 C44_AY589750 304 (1255.0)
denovo223 C1.15_HE578988 304 (1228.0)
denovo223 C45.3_FJ461522 304 (1237.0)
denovo223 C46a_AY765405 304 (1228.0)
denovo223 C46_EU449108 304 (1237.0)
denovo223 C3.12_FJ461507 304 (1237.0)
denovo223 C1k_AY589733 304 (1237.0)
denovo223 C67_AY686647 304 (1237.0)
denovo223 C82a_GU907659 304 (1237.0)
denovo223 C10a_AY589739 304 (1228.0)
denovo223 C10_AF499799 304 (1237.0)
denovo223 C13_AY589740 310 (1224.5)
denovo223 C4_AF499794 304 (1237.0)
denovo223 C1147_EF656433 304 (1237.0)
denovo223 C1c/C45_AY239364 304 (1246.0)
denovo223 C1c/C45_EU449103 304 (1246.0)
denovo223 C21.19_HE579031 304 (1162.0)
denovo223 C21.21_HE579033 304 (1162.0)
denovo223 C21.20_HE579032 304 (1171.0)
denovo223 C42b_AY765403 304 (1228.0)
denovo223 C42_AY258487 304 (1228.0)
denovo223 C1p_GU907652 304 (1228.0)
denovo223 C1d_AY258488 304 (1228.0)
denovo223 C42_AY765402 304 (1237.0)
denovo223 C3ha_AY589736 304 (1162.0)
denovo223 C63a_AY589767 306 (1151.5)
denovo223 C21a_AY589744 304 (1171.0)
denovo223 C3o_GU907653 304 (1171.0)
denovo223 C21.16_HQ630875 304 (1171.0)
denovo223 C21.2_JF683324 304 (1171.0)
denovo223 C21.7_JF683328 304 (1171.0)
denovo223 C21.8_JF683329 304 (1171.0)
denovo223 C3h_AY239365 305 (1174.0)
denovo223 C1203_EU099798 304 (1180.0)
denovo223 C3.10_FJ461505 304 (1219.0)
denovo223 C21.14_FJ461516 304 (1171.0)
denovo223 C21.18_HE579030 310 (1158.5)
denovo223 C3.17_HE579005 304 (1219.0)
denovo223 C3.9_FJ461504 304 (1198.0)
denovo223 C3.8_FJ461503 304 (1219.0)
denovo223 C3.7_FJ461502 300 (1235.0)
denovo223 C3.11_FJ461506 304 (1219.0)
denovo223 C3.18_HE579006 304 (1219.0)
denovo223 C3.19_HE579007 304 (1219.0)
denovo223 C3.20_HE579008 304 (1219.0)
denovo223 C3g_AY589735 306 (1208.5)
denovo223 C3a_AF499790 304 (1219.0)
denovo223 C3e_AF499793 304 (1228.0)
denovo223 C6_AF499796 304 (1210.0)
denovo223 C11_AF499800 304 (1219.0)
denovo223 C36_AY258480 304 (1219.0)
denovo223 C29_AY258494 304 (1219.0)
denovo223 C1146_EF656434 304 (1219.0)
denovo223 C1190_EU099841 304 (1219.0)
denovo223 C131_JF320826 304 (1228.0)
denovo223 C28_AY239380 306 (1208.5)
denovo223 C1012_DQ480604 304 (1219.0)
denovo223 C1181_AB294640 304 (1213.0)
denovo223 C1180_AB294641 306 (1209.5)
denovo223 C1179_AB294645 304 (1204.0)
denovo223 C1176_AB294651 304 (1204.0)
denovo223 C1175_AB294653 304 (1204.0)
denovo223 C1174_AB294655 304 (1204.0)
denovo223 C1177_AB294659 304 (1204.0)
denovo223 C1040_AB190269 304 (1219.0)
denovo223 C1182_AB294649 304 (1228.0)
denovo223 C1089_AJ278598 304 (1219.0)
denovo223 C1028_DQ335357 304 (1219.0)
denovo223 C3.16_EU786015 304 (1219.0)
denovo223 C1097_AJ311943 305 (1209.0)
denovo223 C1170_AB294661 304 (1204.0)
denovo223 C21.17_HE579029 304 (1182.0)
denovo223 C21/3d/C3k_AY239372 304 (1180.0)
denovo223 C58_AY589762 305 (1170.0)
denovo223 C3L_AY589738 307 (1196.0)
denovo223 C1169_AB294660 304 (1213.0)
denovo223 C3.2_FJ461497 304 (1213.0)
denovo223 C3.1_JF683321 304 (1213.0)
denovo223 C1104_AF427469 305 (1218.0)
denovo223 C3b_AF499791 304 (1222.0)
denovo223 C83_GU907661 306 (1217.5)
denovo223 C49_AY589754 345 (1198.0)
denovo223 C3_AB778606 304 (1228.0)
denovo223 C3_AF499789 304 (1228.0)
denovo223 C3_HE579001 304 (1228.0)
denovo223 C21.12_FJ461514 304 (1162.0)
denovo223 C1229_EU074888 305 (1162.0)
denovo223 C1230_EU074889 304 (1169.0)
denovo223 C1114_AB207196 306 (1215.0)
denovo223 C3.21_HE579009 301 (1178.0)
denovo223 C1057_DQ480619 304 (1219.0)
denovo223 C72_AY765407 305 (1194.0)
denovo223 C1b.3_HE578999 304 (1213.0)
denovo223 C93_AJ621536 304 (1228.0)
denovo223 C94_AJ621539 304 (1237.0)
denovo223 C1g_AY589730 304 (1228.0)
denovo223 C1i_AY589731 304 (1219.0)
denovo223 C1j_AY589732 304 (1228.0)
denovo223 C1005_DQ480633 304 (1228.0)
denovo223 C1.7_FJ461494 304 (1228.0)
denovo223 C1.11_HE578984 304 (1228.0)
denovo223 C1.12_HE578985 304 (1228.0)
denovo223 C1.13_HE578986 304 (1228.0)
denovo223 C1.14_HE578987 304 (1228.0)
denovo223 C1.18_HE578991 304 (1237.0)
denovo223 C1.19_HE578992 307 (1236.0)
denovo223 C1199_EU099802 304 (1231.0)
denovo223 C1188_EU099838 304 (1237.0)
denovo223 C1002_DQ838544 304 (1237.0)
denovo223 C1198_EU099810 304 (1228.0)
denovo223 C24_AY239376 304 (1219.0)
denovo223 C1f_AY258490 304 (1228.0)
denovo223 C1006_DQ480629 304 (1228.0)
denovo223 C1010_DQ480607 304 (1228.0)
denovo223 C1007_DQ480624 304 (1219.0)
denovo223 C1011_DQ480605 304 (1228.0)
denovo223 C1009_DQ480608 304 (1228.0)
denovo223 C1041_AY186548 304 (1219.0)
denovo223 C1052_AY186570 304 (1228.0)
denovo223 C1148_EU040178 304 (1246.0)
denovo223 C1234_EU118165 305 (1236.0)
denovo223 C1.5_EF634157 304 (1228.0)
denovo223 C1059_DQ480609 304 (1228.0)
denovo223 C1228_EU074883 304 (1228.0)
denovo223 C1208_EU074963 304 (1228.0)
denovo223 C1207_EU074964 304 (1228.0)
denovo223 C1206_EU074965 304 (1228.0)
denovo223 C1013_DQ480642 304 (1219.0)
denovo223 C80_GU907656 314 (1213.5)
denovo223 C1a_AF499788 304 (1228.0)
denovo223 C41_AY258486 304 (1228.0)
denovo223 C39_AY258484 304 (1150.5)
denovo223 C1231_EU074878 304 (1228.0)
denovo223 C1b.1_HE578997 304 (1213.0)
denovo223 C18_AY258478 304 (1228.0)
denovo223 C1.10_HE578983 304 (1189.0)
denovo223 C1_JN558041 304 (1237.0)
denovo223 C1_HE578979 304 (1237.0)
denovo223 C1_AM748551 304 (1237.0)
denovo223 C1_AF333515 304 (1237.0)
denovo223 C1054_AY186565 305 (1227.0)
denovo223 C1008_DQ480613 304 (1228.0)
denovo223 C1103_AF427470 305 (1227.0)
denovo223 C1226_EU074881 305 (1228.0)
denovo223 C1b/C1e_AY239363 304 (1222.0)
denovo223 C1044_DQ068038 304 (1222.0)
denovo223 C1017_DQ174729 305 (1212.0)
denovo223 C1.6_FJ461493 304 (1237.0)
denovo223 C1b.2_HE578998 304 (1222.0)
denovo223 C1060_DQ480600 305 (1230.0)
denovo223 C1227_EU074882 304 (1228.0)
denovo223 C1197_EU099814 304 (1228.0)
denovo223 C1130_DQ480643 300 (1174.0)
denovo223 D109_AB097465 351 (439.0)
denovo223 D1.11_HE579040 340 (445.5)
denovo223 D105_AF174570 340 (445.0)
denovo223 D104_AF174572 347 (430.0)
denovo223 D1.3_JF683337 341 (439.5)
denovo223 D1.10_HE579039 341 (430.5)
denovo223 D110_AF174561 341 (430.5)
denovo223 D117_AF174542 341 (430.5)
denovo223 D114_AF174549 341 (439.5)
denovo223 D113_AF174557 345 (424.0)
denovo223 D112_AF174558 349 (436.0)
denovo223 D106_AF174559 341 (439.5)
denovo223 D111_AF174560 340 (445.0)
denovo223 D115_AF174562 342 (442.5)
denovo223 D107_AF174568 342 (441.5)
denovo223 D116_AF174571 340 (436.5)
denovo223 D124_EU074897 349 (426.5)
denovo223 D1.8_HE579037 341 (439.5)
denovo223 D3_AY686650 344 (439.5)
denovo223 D1.6_HQ630881 341 (430.5)
denovo223 D120_EU074900 341 (422.0)
denovo223 D121_EU074904 340 (445.5)
denovo223 D122_EU074905 341 (430.5)
denovo223 D1a.2_JF683339 349 (437.5)
denovo223 D1a.1_JF683338 349 (435.5)
denovo223 D2_AY686649 589 (495.5)
denovo223 D4_DQ865214 348 (430.0)
denovo223 D1a_AF499802 341 (431.0)
denovo223 D1a_JN558078 341 (431.0)
denovo223 D123_EU074895 341 (439.5)
denovo223 D108_AF174567 348 (433.5)
denovo223 D103_AF174575 347 (438.5)
denovo223 D100_AF411415 349 (436.0)
denovo223 D118_EF656435 350 (430.0)
denovo223 D101_AF411416 349 (421.0)
denovo223 D119_EU099832 345 (425.5)
denovo223 D102_AF174573 341 (442.5)
denovo223 D1_AF334660 341 (439.5)
denovo223 D1_JN558076 341 (439.5)
denovo223 D1.12_HE579041 332 (414.0)
denovo223 D1.1_AM748564 428 (455.5)
denovo223 D1.2_AM748617 406 (450.5)
denovo223 E111_EU074915 366 (372.5)
denovo223 E110_EU074914 365 (395.5)
denovo223 E114_EU074909 365 (387.0)
denovo223 E1_AF334659 365 (383.5)
denovo223 E105_EU074921 364 (393.5)
denovo223 E112_EU074916 365 (378.0)
denovo223 E104_EU074922 366 (381.0)
denovo223 E102_EU074924 365 (387.0)
denovo223 E103_EU074923 365 (387.0)
denovo223 E101_AY160123 364 (378.5)
denovo223 E109_EU074913 369 (373.0)
denovo223 E100_DQ011618 372 (379.0)
denovo223 E108_EU074912 362 (377.0)
denovo223 E113_EU074908 361 (377.5)
denovo223 E107_EU074910 362 (377.0)
denovo223 F1_JN558066 314 (885.0)
denovo223 F5.2d_AJ291530 311 (868.5)
denovo223 F104_AJ291531 311 (868.5)
denovo223 F5.2c_AM748596 311 (868.5)
denovo223 F5.2_AM748594 308 (877.5)
denovo223 F5.2a_AM748614 308 (877.5)
denovo223 F5.2b_AM748595 308 (868.5)
denovo223 F5.2e_AJ291533 307 (858.0)
denovo223 F5.2g_JN558072 308 (868.5)
denovo223 F5.2f_AJ291512 308 (877.5)
denovo223 F102_AJ291534 308 (868.5)
denovo223 F5.1c_AM748593 313 (855.5)
denovo223 F5.1d_JN558069 313 (882.5)
denovo223 F5.1b_AJ291535 311 (878.5)
denovo223 F5.1_AM748592 313 (882.5)
denovo223 F5.1a_AM748591 312 (880.5)
denovo223 F110_AJ291526 316 (772.0)
denovo223 F4.7_AM748587 321 (789.0)
denovo223 F4.5_AM748585 312 (815.0)
denovo223 F4.4a_AM748583 307 (855.5)
denovo223 F4.4_AM748582 310 (852.5)
denovo223 F4.4b_AM748584 312 (850.0)
denovo223 F4.1a_AM748573 323 (765.5)
denovo223 F112_AJ291528 319 (772.5)
denovo223 F4.1_AM748572 323 (774.5)
denovo223 F4.8b_AM748590 314 (782.5)
denovo223 F4.8_AM748588 316 (780.0)
denovo223 F4.8a_AM748589 314 (782.5)
denovo223 F109_AJ291527 312 (774.0)
denovo223 F4.6_AM748586 319 (789.0)
denovo223 F111_AJ311949 311 (818.0)
denovo223 F4.3c_AM748581 318 (820.5)
denovo223 F4.3a_AM748579 315 (811.0)
denovo223 F4.3b_AM748580 315 (811.0)
denovo223 F4.3_AM748578 315 (820.0)
denovo223 F4.2_AM748574 314 (830.5)
denovo223 F4.2a_AM748575 313 (822.0)
denovo223 F4.2c_AM748577 314 (821.5)
denovo223 F4.2b_AM748576 313 (831.0)
denovo223 F2b_AJ291521 318 (867.0)
denovo223 F2_AJ830908 316 (851.5)
denovo223 F2a_AJ830911 317 (845.0)
denovo223 F3.1a_AM748566 321 (816.0)
denovo223 F114_AJ291525 317 (841.0)
denovo223 F3.1_AM748565 321 (843.0)
denovo223 F3.2_AM748567 318 (870.5)
denovo223 F3.2a_AM748568 320 (894.0)
denovo223 F3.3_AM748569 310 (808.5)
denovo223 F3.4a_AM748571 320 (764.5)
denovo223 F3.4_AM748570 320 (755.5)
denovo223 F3.4b_AM748616 314 (756.0)
denovo223 G101_AJ291539 360 (449.5)
denovo223 G1_AM748597 360 (449.5)
denovo223 G2b_JN558087 341 (449.0)
denovo223 G2_AM748598 344 (440.5)
denovo223 G2a_AM748599 341 (449.0)
denovo223 G4_AM748601 351 (465.0)
denovo223 G3.4_LK392378 343 (472.0)
denovo223 G3_AM748600 349 (474.0)
denovo223 G3.2_KC597694 334 (405.5)
denovo223 G3.1_KC597688 344 (456.5)
denovo223 G100_AB253788 350 (456.5)
denovo223 G3.3_LK392377 342 (452.0)
denovo223 H6_AJ291520 634 (326.0)
denovo223 H3_AM748606 306 (871.0)
denovo223 H2_AM748605 307 (918.0)
denovo223 H4_AM748607 315 (846.5)
denovo223 H4a_AM748608 315 (861.5)
denovo223 H5a_AM748611 310 (840.0)
denovo223 H5b_AM748610 313 (847.5)
denovo223 H5_AJ621129 310 (849.0)
denovo223 H5_AM748609 310 (849.0)
denovo223 H100_AJ291513 313 (865.5)
denovo223 H1b_AM748604 318 (866.0)
denovo223 H1a_AM748612 318 (857.0)
denovo223 H1_AJ621152 318 (866.0)
denovo223 H1_AM748602 318 (866.0)
denovo223 I3_FN561561 359 (636.5)
denovo223 I4_FN561562 346 (644.0)
denovo223 I1_FN561559 350 (619.0)
denovo223 I2_FN561560 346 (644.0)

#---------------------------------------
#---------------------------------------
