denovo31 A136_DQ865210 327 (524.5)
denovo31 A133_DQ174725 359 (491.5)
denovo31 A115_AF180123 337 (493.0)
denovo31 A117_AF201746 338 (504.0)
denovo31 A134_DQ174723 340 (509.5)
denovo31 A114_AF184941 340 (509.5)
denovo31 A135_DQ174727 352 (509.0)
denovo31 A2_AF333506 342 (511.0)
denovo31 A101_AF427468 347 (503.0)
denovo31 A2_1_JN558097 347 (503.0)
denovo31 A2_2_JN558100 347 (503.0)
denovo31 A113_AF184948 335 (523.5)
denovo31 A112_AF184949 335 (496.5)
denovo31 A123_EF378618 349 (331.5)
denovo31 A137_EF378621 340 (331.5)
denovo31 A11_EU449041 343 (530.0)
denovo31 A121_DQ174722 340 (516.0)
denovo31 A15b_EU792886 348 (481.0)
denovo31 A15a_EU792885 345 (497.5)
denovo31 A15c_EU792887 345 (488.5)
denovo31 A15_EU792884 345 (489.0)
denovo31 A147_EU074937 343 (510.5)
denovo31 A154_EU074860 343 (510.5)
denovo31 A146_EU074936 344 (521.5)
denovo31 A150_EU074928 344 (512.5)
denovo31 A116_AF183575 344 (503.5)
denovo31 A141_EU074931 344 (512.5)
denovo31 A5_AF333508 338 (527.5)
denovo31 A3b_EU449043 343 (519.5)
denovo31 A151_EU074925 343 (509.5)
denovo31 A152_EU074927 346 (501.5)
denovo31 A149_EU074929 343 (510.5)
denovo31 A140_EU074930 343 (501.5)
denovo31 A142_EU074932 343 (501.5)
denovo31 A143_EU074933 346 (510.5)
denovo31 A144_EU074934 343 (501.5)
denovo31 A145_EU074935 346 (509.5)
denovo31 A148_EU074938 343 (501.5)
denovo31 A155_EU074856 343 (501.5)
denovo31 A156_EU074859 343 (501.5)
denovo31 A139_EU074962 343 (501.5)
denovo31 A6_AF186058 343 (510.5)
denovo31 A3_AF333507 343 (510.5)
denovo31 A3_JN558091 343 (510.5)
denovo31 A8_AY258468 345 (488.0)
denovo31 A7_AY239360 345 (497.5)
denovo31 A16_EU792888 345 (506.5)
denovo31 A4.3_FN429763 350 (491.0)
denovo31 A120_AF180122 345 (486.5)
denovo31 A4.2_FN429761 348 (482.0)
denovo31 A4_AF333509 348 (510.0)
denovo31 A4.1_FN429760 347 (505.0)
denovo31 A4a_AF499778 347 (508.0)
denovo31 A4a.1_FN429762 347 (508.0)
denovo31 A138_EF378620 340 (458.5)
denovo31 A122_EF378619 339 (495.5)
denovo31 A126_EF378615 338 (496.5)
denovo31 A10_EU792882 338 (496.5)
denovo31 A9_EU449028 341 (499.5)
denovo31 A105_AB207202 346 (512.5)
denovo31 A119_AF180121 343 (495.0)
denovo31 A12_EU792883 346 (504.5)
denovo31 A104_AB207203 340 (514.5)
denovo31 A1a_EU449030 347 (516.5)
denovo31 A1.3_HE578976 355 (503.0)
denovo31 A1.4_HE578977 346 (512.0)
denovo31 A13_AF333504 348 (508.0)
denovo31 A13_JN558094 348 (508.0)
denovo31 A110_AB190282 340 (501.5)
denovo31 A103_AB207206 349 (512.0)
denovo31 A130_EF656428 348 (509.0)
denovo31 A127_EF656429 348 (518.0)
denovo31 A128_EF656430 348 (500.0)
denovo31 A129_EF656431 349 (511.5)
denovo31 A131_EF656432 344 (505.5)
denovo31 A118_AF180120 345 (501.5)
denovo31 A1_AF333505 348 (509.0)
denovo31 A107_AB207199 347 (515.5)
denovo31 A111_AB190280 347 (515.5)
denovo31 A108_AB207197 354 (494.5)
denovo31 A106_AB207200 347 (515.0)
denovo31 A102_AB207209 347 (515.5)
denovo31 A1.2_AB207210 347 (515.5)
denovo31 A109_AB190285 347 (515.0)
denovo31 B4_AF333510 321 (1166.0)
denovo31 B23_EU449079 307 (1258.5)
denovo31 B30_GU907644 307 (1240.5)
denovo31 B11_AY239361 308 (1370.5)
denovo31 B17_AY258470 306 (1390.0)
denovo31 B1k_GU907638 308 (705.5)
denovo31 B1.V_Green2014 313 (1347.5)
denovo31 B1b_AF499780 306 (1321.5)
denovo31 B16_AY258469 306 (1399.0)
denovo31 B31a_GU907646 306 (1399.0)
denovo31 B32_GU907647 306 (1399.0)
denovo31 B31_GU907645 306 (1408.0)
denovo31 B1j_GU907637 306 (1399.0)
denovo31 B37_GU907650 308 (1397.5)
denovo31 B5a_AF499782 306 (1399.0)
denovo31 B5_AF499781 306 (1408.0)
denovo31 B24_GU907643 306 (1239.0)
denovo31 B117_AF180124 306 (1290.5)
denovo31 B10_AF499787 306 (1399.0)
denovo31 B20_GU907642 308 (1382.5)
denovo31 B1m_GU907640 306 (1408.0)
denovo31 B34_GU907649 306 (1408.0)
denovo31 B1d_GU907633 306 (1426.0)
denovo31 B1e_GU907634 306 (1408.0)
denovo31 B1i_GU907636 306 (1408.0)
denovo31 B1g_GU907635 307 (1389.0)
denovo31 B123_EU074872 306 (1399.0)
denovo31 B8_AF499785 307 (1398.0)
denovo31 B1l_GU907639 306 (1408.0)
denovo31 B1a_AF499779 306 (1408.0)
denovo31 B14_AY239362 307 (1398.0)
denovo31 B125_EU074865 306 (1408.0)
denovo31 B122_EU074871 306 (1408.0)
denovo31 B124_EU074874 306 (1408.0)
denovo31 B1.VII_Green2014 306 (1338.0)
denovo31 B1.III_Green2014 306 (1336.0)
denovo31 B1.I_Green2014 306 (1417.0)
denovo31 B1.II_Green2014 306 (1417.0)
denovo31 B1_JN558057 306 (1417.0)
denovo31 B1_AF333511 306 (1417.0)
denovo31 B1.IV_Green2014 316 (1402.5)
denovo31 B121_EU074870 306 (1408.0)
denovo31 B7_AF499784 306 (1408.0)
denovo31 B1.VI_Green2014 307 (1348.0)
denovo31 B3_AF333514 306 (1295.5)
denovo31 B9_AF499786 306 (1304.5)
denovo31 B19a_JN558055 310 (1189.5)
denovo31 B119_EU099825 315 (1230.0)
denovo31 B21_DQ865213 306 (1291.0)
denovo31 B38_GU907651 306 (1291.0)
denovo31 B18_AY258471 306 (1322.5)
denovo31 B18a_AY258472 306 (1313.5)
denovo31 B33_GU907648 306 (1313.5)
denovo31 B6_AF499783 311 (1319.0)
denovo31 B19_DQ865212 306 (1331.5)
denovo31 B19_GU907641 306 (1331.5)
denovo31 B2_AF333512 306 (1322.5)
denovo31 B2_JN558060 306 (1322.5)
denovo31 C33.1_AY258498 335 (684.5)
denovo31 C33.2_AY765400 335 (684.5)
denovo31 C33a_EF541147 335 (684.5)
denovo31 C34_AY258499 325 (681.5)
denovo31 C78_AY765413 331 (645.5)
denovo31 C15.29_KC597690 328 (626.5)
denovo31 C1131_DQ182650 329 (620.5)
denovo31 C1135_DQ182646 324 (615.5)
denovo31 C1134_DQ182647 324 (606.5)
denovo31 C1142_DQ182635 324 (615.5)
denovo31 C1136_DQ182644 322 (598.0)
denovo31 C1111_DQ182645 322 (607.5)
denovo31 C1236_EF473656 322 (598.5)
denovo31 C1138_DQ182642 318 (614.0)
denovo31 C1137_DQ182643 322 (598.5)
denovo31 C1133_DQ182648 322 (598.5)
denovo31 C1132_DQ182649 326 (601.0)
denovo31 C1143_DQ182634 322 (607.5)
denovo31 C1139_DQ182639 324 (615.5)
denovo31 C15.28_KC597687 321 (679.5)
denovo31 C1141_DQ182636 324 (624.5)
denovo31 C1144_DQ182637 321 (633.5)
denovo31 C1122_DQ182654 324 (642.5)
denovo31 C1127_DQ182652 324 (642.5)
denovo31 C15.30_JX394114 329 (666.0)
denovo31 C15.26_KC597686 325 (663.0)
denovo31 C1086_DQ182656 326 (666.5)
denovo31 C15.25_KC597685 326 (675.5)
denovo31 C1118_AF180127 330 (629.0)
denovo31 C1129_DQ182651 326 (611.5)
denovo31 C15.21_KC597683 328 (646.0)
denovo31 C56_AY589760 323 (657.5)
denovo31 C1140_DQ182638 323 (629.5)
denovo31 C1126_DQ182653 323 (620.5)
denovo31 C15c_AY258492 323 (684.5)
denovo31 C15d_AY258493 322 (691.0)
denovo31 C1098_DQ182641 327 (677.5)
denovo31 C15.27_KC597689 326 (666.5)
denovo31 C15.18_HE579024 325 (663.5)
denovo31 C15.16_HE579022 331 (690.0)
denovo31 C1101_AB253787 326 (657.5)
denovo31 C1083_AY237300 326 (666.5)
denovo31 C1088_DQ182640 326 (665.0)
denovo31 C15.6_FN563472 329 (667.5)
denovo31 C15.5_FJ461512 331 (664.0)
denovo31 C15.4_FJ461511 331 (673.0)
denovo31 C15.13_HE579019 326 (657.5)
denovo31 C15.12_HE579018 326 (666.5)
denovo31 C93a_AM748563 323 (693.5)
denovo31 C1094_AJ291514 323 (675.5)
denovo31 C93_AM748562 323 (684.5)
denovo31 C15.17_HE579023 322 (658.0)
denovo31 C15e_AY589742 328 (675.0)
denovo31 C15.22_KC597695 327 (669.5)
denovo31 C60_AY589764 326 (666.5)
denovo31 C15.1_FJ461508 326 (666.5)
denovo31 C15.2_FJ461509 326 (666.5)
denovo31 C15.9_FN563475 326 (684.0)
denovo31 C15.7_HE579015 325 (681.0)
denovo31 C15.8_HE579016 326 (666.5)
denovo31 C15.15_HE579021 326 (666.5)
denovo31 C15.19_HE579025 326 (675.5)
denovo31 C15.24_KC597696 329 (658.5)
denovo31 C15.3_FJ461510 328 (672.0)
denovo31 C1087_DQ182655 326 (675.5)
denovo31 C15.14_HE579020 327 (666.0)
denovo31 C15.23_KC597697 327 (666.0)
denovo31 C19_AY258479 325 (685.0)
denovo31 C1233_EU118166 329 (667.5)
denovo31 C15b_AY258491 326 (666.5)
denovo31 C15a_AY258476 328 (681.0)
denovo31 C1051_AF195153 326 (684.5)
denovo31 C2_AF333518 327 (683.5)
denovo31 C15.20_HE579026 327 (675.0)
denovo31 C15f_AY589743 323 (672.0)
denovo31 C55_AY589759 331 (675.5)
denovo31 C15_AY239369 326 (675.5)
denovo31 C32.1_JF683335 325 (633.0)
denovo31 C32.2_JF683336 325 (633.0)
denovo31 C21.23_KC597693 325 (633.0)
denovo31 C1193_EU099827 337 (658.0)
denovo31 C1195_EU099821 337 (644.0)
denovo31 C3q_GU907655 336 (651.5)
denovo31 C53_AY589758 335 (647.0)
denovo31 C73_AY765408 335 (654.5)
denovo31 C17.2.1_KC597684 329 (625.0)
denovo31 C32_AY258497 329 (643.0)
denovo31 C1189_EU099831 328 (642.0)
denovo31 C1191_EU099833 327 (648.5)
denovo31 C1196_EU099819 328 (633.0)
denovo31 C1192_EU099820 328 (633.0)
denovo31 C17.1_JF683322 328 (642.0)
denovo31 C26_b2_FN827164 333 (644.0)
denovo31 C26_b3_FN827165 332 (624.5)
denovo31 C31.9_HQ630879 330 (628.5)
denovo31 C31a_AY589746 333 (626.0)
denovo31 C30_AY589745 330 (625.0)
denovo31 C31.1_HQ630876 334 (626.5)
denovo31 C31.5_HQ630877 328 (637.0)
denovo31 C31.6_HQ630878 330 (634.0)
denovo31 C31.2_JF683332 330 (634.0)
denovo31 C31.3_JF683333 330 (625.0)
denovo31 C26/C35a_AY239378 332 (633.5)
denovo31 C35a_AY258501 332 (633.5)
denovo31 C35.2_AY258500 329 (641.5)
denovo31 C26_b1_FN827163 329 (641.5)
denovo31 C17_AY239370 328 (642.0)
denovo31 C17.2_FJ461513 330 (641.0)
denovo31 C31.10_HQ630880 330 (637.5)
denovo31 C31.4_JF683334 334 (622.5)
denovo31 C31_AY258496 330 (634.0)
denovo31 C25_AY239377 329 (678.5)
denovo31 C61_AY589765 326 (632.0)
denovo31 C1043_DQ072721 328 (631.0)
denovo31 C79_AY765414 331 (652.5)
denovo31 C69_AY589773 318 (650.5)
denovo31 C69a_AY686648 321 (642.5)
denovo31 C21.22_KC597692 332 (625.0)
denovo31 C51_AY589756 330 (652.5)
denovo31 C1aa_HM185739 332 (667.0)
denovo31 C1096_DQ068023 326 (654.0)
denovo31 C74_AY765409 334 (684.5)
denovo31 C1185_AB294629 336 (690.0)
denovo31 C1184_AB294630 336 (681.0)
denovo31 C1153_AB294625 336 (681.0)
denovo31 C1154_AB294626 335 (696.5)
denovo31 C1187_AB294627 336 (681.0)
denovo31 C1186_AB294628 336 (681.0)
denovo31 C57_AY589761 336 (690.0)
denovo31 C66_AY589771 336 (690.0)
denovo31 C5_AF499795 326 (666.5)
denovo31 C1167_AB294586 326 (666.5)
denovo31 C1164_AB294593 326 (666.5)
denovo31 C1183_AB294631 326 (684.5)
denovo31 C1067_DQ335381 328 (663.0)
denovo31 C1159_AB294613 325 (669.0)
denovo31 C1150_AB294622 325 (678.0)
denovo31 C90_AM748554 327 (689.5)
denovo31 C1168_AB294583 326 (675.5)
denovo31 C1156_AB294616 326 (684.5)
denovo31 C1151_AB294621 326 (693.5)
denovo31 C92a_AM748561 326 (693.5)
denovo31 C92_AM748560 326 (684.5)
denovo31 C1165_AB294581 326 (675.5)
denovo31 C1166_AB294584 326 (693.5)
denovo31 C1162_AB294594 326 (675.5)
denovo31 C1163_AB294596 323 (685.0)
denovo31 C1161_AB294606 326 (684.5)
denovo31 C1160_AB294608 330 (677.0)
denovo31 C1158_AB294614 326 (693.5)
denovo31 C1155_AB294617 326 (675.5)
denovo31 C1149_AB294620 326 (684.5)
denovo31 C1173_AB294662 326 (693.5)
denovo31 C1171_AB294663 326 (675.5)
denovo31 C1172_AB294665 326 (675.5)
denovo31 C91a_AM748556 326 (693.5)
denovo31 C91b_AM748557 326 (684.5)
denovo31 C91d_AM748559 325 (682.0)
denovo31 C91c_AM748558 325 (682.0)
denovo31 C91_AJ621543 326 (684.5)
denovo31 C91_AM748555 326 (684.5)
denovo31 C1023_DQ335330 317 (636.5)
denovo31 C1020_DQ335392 332 (665.5)
denovo31 C1018_DQ335408 328 (672.0)
denovo31 C1074_DQ335329 328 (663.0)
denovo31 C1030_DQ335353 328 (663.0)
denovo31 C1022_DQ335331 328 (663.0)
denovo31 C1027_DQ335360 328 (681.0)
denovo31 C1072_DQ335344 328 (663.0)
denovo31 C1039_AB190274 328 (672.0)
denovo31 C1033_DQ335350 333 (660.0)
denovo31 C1019_DQ335407 328 (672.0)
denovo31 C1194_EU099826 328 (657.0)
denovo31 C8b_AY258475 328 (647.0)
denovo31 C8_AY239367 331 (662.0)
denovo31 C8a_AY239368 333 (658.0)
denovo31 C54a_AY765406 331 (673.0)
denovo31 C3ff_HM185740 331 (682.0)
denovo31 C59_AY589763 332 (657.5)
denovo31 C3k_AY589737 326 (675.0)
denovo31 C3.24_HE579012 325 (681.5)
denovo31 C3.23_HE579011 326 (675.0)
denovo31 C35.1_AY765401 336 (676.5)
denovo31 C35.3_EF541145 329 (674.5)
denovo31 C76_AY765411 331 (661.0)
denovo31 C1107_DQ335359 326 (651.5)
denovo31 C3.22_HE579010 331 (646.0)
denovo31 C77_AY765412 331 (660.5)
denovo31 C20_AY239371 328 (671.5)
denovo31 C1055_DQ480640 326 (662.5)
denovo31 C27/C30_AY239379 325 (638.0)
denovo31 C27.1_FJ461517 325 (629.0)
denovo31 C40a_AY589747 333 (675.0)
denovo31 C40_AY258485 333 (675.0)
denovo31 C40b_AY589748 335 (669.0)
denovo31 C16_AY258477 331 (671.5)
denovo31 C16a_AY765399 331 (671.5)
denovo31 C1091_AB207186 325 (672.5)
denovo31 C1102_DQ335400 325 (654.5)
denovo31 C1069_DQ335375 328 (672.0)
denovo31 C1073_DQ335332 329 (666.0)
denovo31 C1066_DQ335382 326 (657.5)
denovo31 C1031_DQ335352 330 (678.0)
denovo31 C1026_DQ335366 333 (677.5)
denovo31 C70_AY589774 325 (681.5)
denovo31 C1082_AB190267 325 (663.5)
denovo31 C1078_AB190271 325 (681.0)
denovo31 C1090_AB207191 325 (672.5)
denovo31 C1071_DQ335302 325 (672.5)
denovo31 C1075_DQ335328 325 (672.5)
denovo31 C1068_DQ335379 325 (663.5)
denovo31 C1064_DQ335395 325 (663.5)
denovo31 C1063_DQ335403 325 (681.5)
denovo31 C62_AY589766 325 (672.5)
denovo31 C1077_DQ335316 325 (686.5)
denovo31 C1109_DQ335338 325 (663.5)
denovo31 C1110_DQ335340 325 (654.5)
denovo31 C1106_DQ335339 325 (654.5)
denovo31 C1112_DQ335319 325 (663.5)
denovo31 C1108_DQ335351 325 (654.5)
denovo31 C1105_DQ335394 325 (663.5)
denovo31 C1121_DQ335378 332 (656.5)
denovo31 C1116_AB190268 332 (665.5)
denovo31 C1115_AB190273 332 (665.5)
denovo31 C1124_DQ335323 325 (645.5)
denovo31 C1120_DQ335398 325 (645.5)
denovo31 C1119_DQ335404 325 (654.5)
denovo31 C1123_DQ335363 325 (654.5)
denovo31 C1004_DQ480635 328 (671.5)
denovo31 C1061_AY186568 328 (662.5)
denovo31 C1053_AY186569 328 (671.5)
denovo31 C1003_DQ480639 328 (671.5)
denovo31 C81_GU907657 319 (643.5)
denovo31 C22_AY239373 323 (674.0)
denovo31 C22a_AY239374 326 (665.5)
denovo31 C1232_EU118163 331 (670.5)
denovo31 C21.13_FJ461515 327 (630.5)
denovo31 C21.1_JF683323 326 (636.5)
denovo31 C21.3_JF683325 328 (651.0)
denovo31 C1.20_HE578993 328 (663.0)
denovo31 C1.22_HE578995 328 (654.0)
denovo31 C52_AY589757 325 (667.0)
denovo31 C1201_EU099793 329 (644.5)
denovo31 C14_AY589741 331 (666.5)
denovo31 C43_AY589749 331 (672.5)
denovo31 C50_AY589755 328 (672.0)
denovo31 C3.14_HQ630872 327 (677.5)
denovo31 C1m_AY765398 326 (675.5)
denovo31 C82_GU907658 336 (677.0)
denovo31 C82b_GU907660 336 (677.0)
denovo31 C64_AY589768 325 (680.5)
denovo31 C45a_AY765404 331 (680.0)
denovo31 C48_AY589753 328 (692.5)
denovo31 C1_v1b_FJ919244 328 (663.0)
denovo31 C1_v1a_FJ919243 328 (672.0)
denovo31 C3j_AY239366 331 (664.0)
denovo31 C3t_EF541149 331 (680.0)
denovo31 C9_AF499798 330 (686.0)
denovo31 C23_AY239375 329 (693.0)
denovo31 C37_AY258481 333 (668.5)
denovo31 C1048_DQ068026 331 (671.0)
denovo31 C21.4_JF683326 328 (642.0)
denovo31 C21.5_JF683327 328 (642.0)
denovo31 C1070_DQ335349 328 (681.0)
denovo31 C21.6_HQ630873 328 (660.0)
denovo31 C1224_EU074890 328 (690.0)
denovo31 C1.17_HE578990 328 (690.0)
denovo31 C21_b1_FN827162 330 (638.0)
denovo31 C21.9_JF683330 330 (647.0)
denovo31 C1085_AY624605 325 (672.5)
denovo31 C3p_GU907654 328 (657.0)
denovo31 C3f_AY589734 328 (681.0)
denovo31 C65a_AY589770 329 (676.0)
denovo31 C65_AY589769 326 (684.0)
denovo31 C71_AY589775 326 (675.0)
denovo31 C71a_AY589776 327 (669.0)
denovo31 C1178_AB294647 327 (663.5)
denovo31 C1225_EU074893 325 (690.5)
denovo31 C75_AY765410 328 (681.0)
denovo31 C21.10_JF683331 328 (650.5)
denovo31 C21.11_HQ630874 328 (650.5)
denovo31 C1065_DQ335388 328 (681.0)
denovo31 C1045_DQ068036 328 (690.0)
denovo31 C1h_AY258473 327 (677.5)
denovo31 C38_AY258482 327 (668.5)
denovo31 C1202_EU099799 327 (668.5)
denovo31 C7_AF499797 327 (677.5)
denovo31 C12_AF499801 329 (667.0)
denovo31 C38a_AY258483 326 (680.0)
denovo31 C1200_EU099800 315 (677.0)
denovo31 C44a_AY589751 328 (680.5)
denovo31 C47_AY589752 331 (689.0)
denovo31 C44_AY589750 331 (680.0)
denovo31 C1.15_HE578988 328 (672.0)
denovo31 C45.3_FJ461522 331 (671.0)
denovo31 C46a_AY765405 331 (671.0)
denovo31 C46_EU449108 331 (680.0)
denovo31 C3.12_FJ461507 331 (680.0)
denovo31 C1k_AY589733 331 (671.0)
denovo31 C67_AY686647 331 (680.0)
denovo31 C82a_GU907659 328 (680.5)
denovo31 C10a_AY589739 331 (680.0)
denovo31 C10_AF499799 331 (671.0)
denovo31 C13_AY589740 333 (674.0)
denovo31 C4_AF499794 331 (671.0)
denovo31 C1147_EF656433 331 (671.0)
denovo31 C1c/C45_AY239364 331 (680.0)
denovo31 C1c/C45_EU449103 331 (680.0)
denovo31 C21.19_HE579031 328 (651.0)
denovo31 C21.21_HE579033 328 (642.0)
denovo31 C21.20_HE579032 328 (651.0)
denovo31 C42b_AY765403 335 (666.0)
denovo31 C42_AY258487 335 (675.0)
denovo31 C1p_GU907652 331 (673.0)
denovo31 C1d_AY258488 334 (663.0)
denovo31 C42_AY765402 334 (672.0)
denovo31 C3ha_AY589736 328 (642.0)
denovo31 C63a_AY589767 330 (659.0)
denovo31 C21a_AY589744 328 (651.0)
denovo31 C3o_GU907653 328 (650.5)
denovo31 C21.16_HQ630875 328 (642.0)
denovo31 C21.2_JF683324 328 (642.0)
denovo31 C21.7_JF683328 327 (648.5)
denovo31 C21.8_JF683329 328 (651.0)
denovo31 C3h_AY239365 328 (642.0)
denovo31 C1203_EU099798 328 (642.0)
denovo31 C3.10_FJ461505 328 (690.0)
denovo31 C21.14_FJ461516 328 (660.0)
denovo31 C21.18_HE579030 326 (642.0)
denovo31 C3.17_HE579005 328 (672.0)
denovo31 C3.9_FJ461504 328 (669.0)
denovo31 C3.8_FJ461503 328 (681.0)
denovo31 C3.7_FJ461502 328 (672.0)
denovo31 C3.11_FJ461506 335 (683.5)
denovo31 C3.18_HE579006 328 (672.0)
denovo31 C3.19_HE579007 328 (672.0)
denovo31 C3.20_HE579008 328 (672.0)
denovo31 C3g_AY589735 331 (664.0)
denovo31 C3a_AF499790 326 (684.5)
denovo31 C3e_AF499793 328 (672.0)
denovo31 C6_AF499796 335 (692.0)
denovo31 C11_AF499800 328 (672.0)
denovo31 C36_AY258480 328 (690.0)
denovo31 C29_AY258494 328 (690.0)
denovo31 C1146_EF656434 329 (684.0)
denovo31 C1190_EU099841 328 (690.0)
denovo31 C131_JF320826 328 (672.0)
denovo31 C28_AY239380 336 (688.0)
denovo31 C1012_DQ480604 328 (672.0)
denovo31 C1181_AB294640 328 (657.0)
denovo31 C1180_AB294641 328 (675.0)
denovo31 C1179_AB294645 326 (660.5)
denovo31 C1176_AB294651 326 (669.5)
denovo31 C1175_AB294653 328 (657.0)
denovo31 C1174_AB294655 330 (662.5)
denovo31 C1177_AB294659 328 (666.0)
denovo31 C1040_AB190269 330 (677.5)
denovo31 C1182_AB294649 328 (672.0)
denovo31 C1089_AJ278598 328 (672.0)
denovo31 C1028_DQ335357 335 (683.0)
denovo31 C3.16_EU786015 328 (690.0)
denovo31 C1097_AJ311943 327 (665.5)
denovo31 C1170_AB294661 328 (666.0)
denovo31 C21.17_HE579029 328 (662.0)
denovo31 C21/3d/C3k_AY239372 328 (651.0)
denovo31 C58_AY589762 329 (650.5)
denovo31 C3L_AY589738 331 (676.5)
denovo31 C1169_AB294660 328 (666.0)
denovo31 C3.2_FJ461497 328 (675.0)
denovo31 C3.1_JF683321 325 (676.0)
denovo31 C1104_AF427469 329 (671.0)
denovo31 C3b_AF499791 328 (684.0)
denovo31 C83_GU907661 328 (683.5)
denovo31 C49_AY589754 360 (695.5)
denovo31 C3_AB778606 328 (681.0)
denovo31 C3_AF499789 328 (681.0)
denovo31 C3_HE579001 328 (681.0)
denovo31 C21.12_FJ461514 328 (633.0)
denovo31 C1229_EU074888 325 (667.5)
denovo31 C1230_EU074889 325 (676.5)
denovo31 C1114_AB207196 328 (663.0)
denovo31 C3.21_HE579009 328 (603.0)
denovo31 C1057_DQ480619 328 (672.0)
denovo31 C72_AY765407 328 (672.5)
denovo31 C1b.3_HE578999 328 (666.0)
denovo31 C93_AJ621536 328 (672.0)
denovo31 C94_AJ621539 328 (672.0)
denovo31 C1g_AY589730 328 (690.0)
denovo31 C1i_AY589731 322 (673.0)
denovo31 C1j_AY589732 335 (683.0)
denovo31 C1005_DQ480633 328 (672.0)
denovo31 C1.7_FJ461494 328 (672.0)
denovo31 C1.11_HE578984 328 (672.0)
denovo31 C1.12_HE578985 328 (672.0)
denovo31 C1.13_HE578986 328 (681.0)
denovo31 C1.14_HE578987 328 (681.0)
denovo31 C1.18_HE578991 328 (672.0)
denovo31 C1.19_HE578992 328 (672.0)
denovo31 C1199_EU099802 325 (657.5)
denovo31 C1188_EU099838 325 (672.5)
denovo31 C1002_DQ838544 328 (681.0)
denovo31 C1198_EU099810 328 (672.0)
denovo31 C24_AY239376 328 (672.0)
denovo31 C1f_AY258490 328 (681.0)
denovo31 C1006_DQ480629 328 (690.0)
denovo31 C1010_DQ480607 328 (672.0)
denovo31 C1007_DQ480624 328 (672.0)
denovo31 C1011_DQ480605 328 (672.0)
denovo31 C1009_DQ480608 332 (674.0)
denovo31 C1041_AY186548 328 (681.0)
denovo31 C1052_AY186570 328 (672.0)
denovo31 C1148_EU040178 328 (681.0)
denovo31 C1234_EU118165 329 (671.0)
denovo31 C1.5_EF634157 328 (681.0)
denovo31 C1059_DQ480609 328 (672.0)
denovo31 C1228_EU074883 328 (672.0)
denovo31 C1208_EU074963 328 (672.0)
denovo31 C1207_EU074964 328 (681.0)
denovo31 C1206_EU074965 328 (672.0)
denovo31 C1013_DQ480642 328 (672.0)
denovo31 C80_GU907656 335 (666.5)
denovo31 C1a_AF499788 325 (672.5)
denovo31 C41_AY258486 328 (681.0)
denovo31 C39_AY258484 313 (676.5)
denovo31 C1231_EU074878 328 (672.0)
denovo31 C1b.1_HE578997 328 (666.0)
denovo31 C18_AY258478 328 (681.0)
denovo31 C1.10_HE578983 327 (675.5)
denovo31 C1_JN558041 328 (681.0)
denovo31 C1_HE578979 328 (681.0)
denovo31 C1_AM748551 328 (681.0)
denovo31 C1_AF333515 328 (681.0)
denovo31 C1054_AY186565 327 (684.5)
denovo31 C1008_DQ480613 328 (672.0)
denovo31 C1103_AF427470 329 (671.0)
denovo31 C1226_EU074881 329 (671.0)
denovo31 C1b/C1e_AY239363 328 (675.0)
denovo31 C1044_DQ068038 328 (666.0)
denovo31 C1017_DQ174729 329 (665.0)
denovo31 C1.6_FJ461493 328 (690.0)
denovo31 C1b.2_HE578998 328 (666.0)
denovo31 C1060_DQ480600 328 (672.0)
denovo31 C1227_EU074882 328 (672.0)
denovo31 C1197_EU099814 328 (672.0)
denovo31 C1130_DQ480643 328 (574.5)
denovo31 D109_AB097465 355 (487.5)
denovo31 D1.11_HE579040 352 (497.0)
denovo31 D105_AF174570 353 (491.5)
denovo31 D104_AF174572 352 (488.0)
denovo31 D1.3_JF683337 353 (490.5)
denovo31 D1.10_HE579039 362 (490.0)
denovo31 D110_AF174561 362 (490.0)
denovo31 D117_AF174542 352 (488.0)
denovo31 D114_AF174549 352 (497.0)
denovo31 D113_AF174557 352 (488.0)
denovo31 D112_AF174558 354 (494.5)
denovo31 D106_AF174559 352 (497.0)
denovo31 D111_AF174560 352 (496.5)
denovo31 D115_AF174562 352 (488.0)
denovo31 D107_AF174568 351 (494.5)
denovo31 D116_AF174571 352 (479.0)
denovo31 D124_EU074897 356 (500.0)
denovo31 D1.8_HE579037 354 (494.5)
denovo31 D3_AY686650 352 (497.0)
denovo31 D1.6_HQ630881 352 (488.0)
denovo31 D120_EU074900 352 (488.0)
denovo31 D121_EU074904 352 (488.0)
denovo31 D122_EU074905 352 (488.0)
denovo31 D1a.2_JF683339 358 (490.0)
denovo31 D1a.1_JF683338 356 (500.0)
denovo31 D2_AY686649 590 (560.0)
denovo31 D4_DQ865214 355 (494.0)
denovo31 D1a_AF499802 352 (497.0)
denovo31 D1a_JN558078 352 (497.0)
denovo31 D123_EU074895 355 (496.5)
denovo31 D108_AF174567 352 (506.0)
denovo31 D103_AF174575 357 (493.5)
denovo31 D100_AF411415 356 (491.5)
denovo31 D118_EF656435 350 (500.5)
denovo31 D101_AF411416 356 (476.5)
denovo31 D119_EU099832 351 (487.5)
denovo31 D102_AF174573 352 (500.0)
denovo31 D1_AF334660 352 (497.0)
denovo31 D1_JN558076 352 (497.0)
denovo31 D1.12_HE579041 344 (493.0)
denovo31 D1.1_AM748564 420 (506.0)
denovo31 D1.2_AM748617 439 (506.0)
denovo31 E111_EU074915 348 (468.0)
denovo31 E110_EU074914 364 (473.5)
denovo31 E114_EU074909 364 (455.5)
denovo31 E1_AF334659 365 (463.5)
denovo31 E105_EU074921 364 (473.5)
denovo31 E112_EU074916 364 (455.5)
denovo31 E104_EU074922 364 (464.5)
denovo31 E102_EU074924 364 (455.5)
denovo31 E103_EU074923 364 (464.5)
denovo31 E101_AY160123 369 (439.5)
denovo31 E109_EU074913 354 (480.0)
denovo31 E100_DQ011618 356 (484.0)
denovo31 E108_EU074912 360 (478.0)
denovo31 E113_EU074908 356 (488.0)
denovo31 E107_EU074910 360 (478.0)
denovo31 F1_JN558066 331 (644.0)
denovo31 F5.2d_AJ291530 329 (675.0)
denovo31 F104_AJ291531 329 (675.0)
denovo31 F5.2c_AM748596 329 (666.5)
denovo31 F5.2_AM748594 329 (666.0)
denovo31 F5.2a_AM748614 329 (666.0)
denovo31 F5.2b_AM748595 329 (666.0)
denovo31 F5.2e_AJ291533 330 (651.5)
denovo31 F5.2g_JN558072 329 (674.5)
denovo31 F5.2f_AJ291512 329 (665.5)
denovo31 F102_AJ291534 329 (665.5)
denovo31 F5.1c_AM748593 331 (689.5)
denovo31 F5.1d_JN558069 334 (652.0)
denovo31 F5.1b_AJ291535 330 (678.0)
denovo31 F5.1_AM748592 332 (674.5)
denovo31 F5.1a_AM748591 330 (678.0)
denovo31 F110_AJ291526 322 (752.0)
denovo31 F4.7_AM748587 324 (734.5)
denovo31 F4.5_AM748585 323 (727.5)
denovo31 F4.4a_AM748583 319 (753.0)
denovo31 F4.4_AM748582 324 (755.5)
denovo31 F4.4b_AM748584 317 (763.0)
denovo31 F4.1a_AM748573 326 (689.5)
denovo31 F112_AJ291528 323 (701.5)
denovo31 F4.1_AM748572 323 (701.5)
denovo31 F4.8b_AM748590 316 (751.0)
denovo31 F4.8_AM748588 316 (751.5)
denovo31 F4.8a_AM748589 316 (751.5)
denovo31 F109_AJ291527 320 (750.0)
denovo31 F4.6_AM748586 323 (710.0)
denovo31 F111_AJ311949 316 (748.5)
denovo31 F4.3c_AM748581 314 (751.5)
denovo31 F4.3a_AM748579 316 (758.5)
denovo31 F4.3b_AM748580 317 (742.5)
denovo31 F4.3_AM748578 317 (751.5)
denovo31 F4.2_AM748574 323 (764.0)
denovo31 F4.2a_AM748575 323 (740.5)
denovo31 F4.2c_AM748577 323 (737.0)
denovo31 F4.2b_AM748576 323 (749.5)
denovo31 F2b_AJ291521 332 (689.5)
denovo31 F2_AJ830908 328 (714.5)
denovo31 F2a_AJ830911 328 (710.0)
denovo31 F3.1a_AM748566 341 (682.0)
denovo31 F114_AJ291525 341 (691.5)
denovo31 F3.1_AM748565 341 (691.5)
denovo31 F3.2_AM748567 348 (711.5)
denovo31 F3.2a_AM748568 337 (706.5)
denovo31 F3.3_AM748569 341 (696.5)
denovo31 F3.4a_AM748571 339 (645.5)
denovo31 F3.4_AM748570 335 (651.5)
denovo31 F3.4b_AM748616 335 (651.5)
denovo31 G101_AJ291539 364 (521.5)
denovo31 G1_AM748597 364 (521.5)
denovo31 G2b_JN558087 372 (511.5)
denovo31 G2_AM748598 373 (514.0)
denovo31 G2a_AM748599 373 (505.0)
denovo31 G4_AM748601 356 (552.0)
denovo31 G3.4_LK392378 357 (502.0)
denovo31 G3_AM748600 359 (524.5)
denovo31 G3.2_KC597694 338 (467.5)
denovo31 G3.1_KC597688 357 (525.0)
denovo31 G100_AB253788 344 (515.0)
denovo31 G3.3_LK392377 348 (518.0)
denovo31 H6_AJ291520 639 (315.0)
denovo31 H3_AM748606 328 (552.0)
denovo31 H2_AM748605 336 (575.0)
denovo31 H4_AM748607 332 (566.0)
denovo31 H4a_AM748608 342 (564.5)
denovo31 H5a_AM748611 340 (545.0)
denovo31 H5b_AM748610 343 (543.5)
denovo31 H5_AJ621129 340 (545.0)
denovo31 H5_AM748609 340 (545.0)
denovo31 H100_AJ291513 340 (534.5)
denovo31 H1b_AM748604 340 (529.5)
denovo31 H1a_AM748612 340 (538.5)
denovo31 H1_AJ621152 340 (538.5)
denovo31 H1_AM748602 340 (538.5)
denovo31 I3_FN561561 337 (725.5)
denovo31 I4_FN561562 337 (725.5)
denovo31 I1_FN561559 336 (722.0)
denovo31 I2_FN561560 343 (723.5)

#---------------------------------------
#---------------------------------------
