denovo141 A136_DQ865210 339 (438.0)
denovo141 A133_DQ174725 341 (448.5)
denovo141 A115_AF180123 347 (464.0)
denovo141 A117_AF201746 333 (474.5)
denovo141 A134_DQ174723 327 (475.0)
denovo141 A114_AF184941 333 (474.5)
denovo141 A135_DQ174727 334 (458.5)
denovo141 A2_AF333506 343 (455.0)
denovo141 A101_AF427468 332 (463.0)
denovo141 A2_1_JN558097 332 (463.0)
denovo141 A2_2_JN558100 332 (463.0)
denovo141 A113_AF184948 325 (499.0)
denovo141 A112_AF184949 330 (496.5)
denovo141 A123_EF378618 342 (324.0)
denovo141 A137_EF378621 347 (322.0)
denovo141 A11_EU449041 337 (451.5)
denovo141 A121_DQ174722 324 (477.0)
denovo141 A15b_EU792886 339 (437.5)
denovo141 A15a_EU792885 338 (453.0)
denovo141 A15c_EU792887 339 (446.5)
denovo141 A15_EU792884 339 (446.5)
denovo141 A147_EU074937 335 (452.0)
denovo141 A154_EU074860 332 (443.0)
denovo141 A146_EU074936 332 (452.0)
denovo141 A150_EU074928 332 (470.0)
denovo141 A116_AF183575 331 (458.0)
denovo141 A141_EU074931 332 (461.0)
denovo141 A5_AF333508 327 (468.5)
denovo141 A3b_EU449043 332 (461.0)
denovo141 A151_EU074925 323 (461.0)
denovo141 A152_EU074927 332 (461.0)
denovo141 A149_EU074929 315 (463.5)
denovo141 A140_EU074930 332 (452.0)
denovo141 A142_EU074932 332 (452.0)
denovo141 A143_EU074933 332 (461.0)
denovo141 A144_EU074934 332 (452.0)
denovo141 A145_EU074935 332 (461.0)
denovo141 A148_EU074938 331 (458.0)
denovo141 A155_EU074856 332 (461.0)
denovo141 A156_EU074859 332 (452.0)
denovo141 A139_EU074962 332 (461.0)
denovo141 A6_AF186058 332 (461.0)
denovo141 A3_AF333507 332 (461.0)
denovo141 A3_JN558091 332 (461.0)
denovo141 A8_AY258468 318 (455.0)
denovo141 A7_AY239360 335 (453.0)
denovo141 A16_EU792888 315 (456.0)
denovo141 A4.3_FN429763 323 (483.0)
denovo141 A120_AF180122 319 (454.5)
denovo141 A4.2_FN429761 321 (456.0)
denovo141 A4_AF333509 321 (484.0)
denovo141 A4.1_FN429760 320 (479.0)
denovo141 A4a_AF499778 320 (490.0)
denovo141 A4a.1_FN429762 320 (490.0)
denovo141 A138_EF378620 333 (422.5)
denovo141 A122_EF378619 333 (453.0)
denovo141 A126_EF378615 332 (454.0)
denovo141 A10_EU792882 332 (454.0)
denovo141 A9_EU449028 322 (470.5)
denovo141 A105_AB207202 324 (466.5)
denovo141 A119_AF180121 331 (463.5)
denovo141 A12_EU792883 332 (456.0)
denovo141 A104_AB207203 334 (479.5)
denovo141 A1a_EU449030 330 (466.5)
denovo141 A1.3_HE578976 332 (474.0)
denovo141 A1.4_HE578977 320 (472.5)
denovo141 A13_AF333504 334 (471.0)
denovo141 A13_JN558094 334 (471.0)
denovo141 A110_AB190282 335 (473.5)
denovo141 A103_AB207206 324 (475.5)
denovo141 A130_EF656428 334 (461.5)
denovo141 A127_EF656429 320 (474.0)
denovo141 A128_EF656430 334 (461.5)
denovo141 A129_EF656431 323 (463.5)
denovo141 A131_EF656432 329 (473.0)
denovo141 A118_AF180120 331 (455.5)
denovo141 A1_AF333505 334 (470.5)
denovo141 A107_AB207199 322 (470.5)
denovo141 A111_AB190280 321 (467.0)
denovo141 A108_AB207197 326 (458.0)
denovo141 A106_AB207200 325 (470.5)
denovo141 A102_AB207209 326 (472.5)
denovo141 A1.2_AB207210 326 (472.5)
denovo141 A109_AB190285 325 (479.5)
denovo141 B4_AF333510 343 (535.5)
denovo141 B23_EU449079 339 (494.0)
denovo141 B30_GU907644 343 (489.5)
denovo141 B11_AY239361 352 (498.0)
denovo141 B17_AY258470 354 (500.5)
denovo141 B1k_GU907638 300 (271.0)
denovo141 B1.V_Green2014 346 (506.5)
denovo141 B1b_AF499780 353 (493.5)
denovo141 B16_AY258469 340 (496.0)
denovo141 B31a_GU907646 351 (500.5)
denovo141 B32_GU907647 351 (509.5)
denovo141 B31_GU907645 351 (509.5)
denovo141 B1j_GU907637 358 (504.5)
denovo141 B37_GU907650 360 (512.5)
denovo141 B5a_AF499782 352 (494.5)
denovo141 B5_AF499781 352 (503.5)
denovo141 B24_GU907643 324 (414.0)
denovo141 B117_AF180124 352 (497.0)
denovo141 B10_AF499787 352 (503.5)
denovo141 B20_GU907642 356 (495.0)
denovo141 B1m_GU907640 352 (503.5)
denovo141 B34_GU907649 352 (503.5)
denovo141 B1d_GU907633 338 (507.5)
denovo141 B1e_GU907634 352 (503.5)
denovo141 B1i_GU907636 337 (505.0)
denovo141 B1g_GU907635 353 (485.0)
denovo141 B123_EU074872 353 (507.0)
denovo141 B8_AF499785 353 (494.0)
denovo141 B1l_GU907639 352 (494.5)
denovo141 B1a_AF499779 352 (503.5)
denovo141 B14_AY239362 353 (484.5)
denovo141 B125_EU074865 361 (505.0)
denovo141 B122_EU074871 351 (509.5)
denovo141 B124_EU074874 352 (494.5)
denovo141 B1.VII_Green2014 353 (472.5)
denovo141 B1.III_Green2014 348 (512.0)
denovo141 B1.I_Green2014 352 (503.5)
denovo141 B1.II_Green2014 352 (503.5)
denovo141 B1_JN558057 352 (503.5)
denovo141 B1_AF333511 352 (503.5)
denovo141 B1.IV_Green2014 348 (511.5)
denovo141 B121_EU074870 352 (503.5)
denovo141 B7_AF499784 352 (503.5)
denovo141 B1.VI_Green2014 337 (505.5)
denovo141 B3_AF333514 335 (495.5)
denovo141 B9_AF499786 344 (495.5)
denovo141 B19a_JN558055 338 (487.0)
denovo141 B119_EU099825 336 (488.5)
denovo141 B21_DQ865213 339 (494.5)
denovo141 B38_GU907651 339 (494.5)
denovo141 B18_AY258471 348 (487.0)
denovo141 B18a_AY258472 348 (487.0)
denovo141 B33_GU907648 338 (506.0)
denovo141 B6_AF499783 345 (507.5)
denovo141 B19_DQ865212 338 (503.5)
denovo141 B19_GU907641 338 (503.5)
denovo141 B2_AF333512 335 (504.5)
denovo141 B2_JN558060 335 (504.5)
denovo141 C33.1_AY258498 351 (491.0)
denovo141 C33.2_AY765400 351 (491.0)
denovo141 C33a_EF541147 351 (491.0)
denovo141 C34_AY258499 351 (499.5)
denovo141 C78_AY765413 335 (504.5)
denovo141 C15.29_KC597690 331 (495.0)
denovo141 C1131_DQ182650 331 (466.0)
denovo141 C1135_DQ182646 343 (466.0)
denovo141 C1134_DQ182647 328 (456.5)
denovo141 C1142_DQ182635 331 (457.0)
denovo141 C1136_DQ182644 343 (469.0)
denovo141 C1111_DQ182645 342 (477.0)
denovo141 C1236_EF473656 343 (453.5)
denovo141 C1138_DQ182642 327 (460.0)
denovo141 C1137_DQ182643 343 (462.0)
denovo141 C1133_DQ182648 339 (460.0)
denovo141 C1132_DQ182649 343 (462.5)
denovo141 C1143_DQ182634 343 (462.5)
denovo141 C1139_DQ182639 329 (468.0)
denovo141 C15.28_KC597687 329 (523.0)
denovo141 C1141_DQ182636 341 (477.0)
denovo141 C1144_DQ182637 329 (477.0)
denovo141 C1122_DQ182654 336 (471.0)
denovo141 C1127_DQ182652 327 (479.5)
denovo141 C15.30_JX394114 328 (511.0)
denovo141 C15.26_KC597686 349 (503.5)
denovo141 C1086_DQ182656 331 (503.5)
denovo141 C15.25_KC597685 328 (511.5)
denovo141 C1118_AF180127 343 (492.5)
denovo141 C1129_DQ182651 328 (465.5)
denovo141 C15.21_KC597683 335 (513.5)
denovo141 C56_AY589760 327 (517.0)
denovo141 C1140_DQ182638 328 (474.5)
denovo141 C1126_DQ182653 341 (466.5)
denovo141 C15c_AY258492 328 (520.5)
denovo141 C15d_AY258493 328 (520.0)
denovo141 C1098_DQ182641 333 (514.5)
denovo141 C15.27_KC597689 341 (515.0)
denovo141 C15.18_HE579024 329 (521.0)
denovo141 C15.16_HE579022 328 (529.5)
denovo141 C1101_AB253787 328 (502.5)
denovo141 C1083_AY237300 327 (526.5)
denovo141 C1088_DQ182640 331 (528.5)
denovo141 C15.6_FN563472 328 (511.5)
denovo141 C15.5_FJ461512 330 (517.0)
denovo141 C15.4_FJ461511 330 (508.0)
denovo141 C15.13_HE579019 328 (502.5)
denovo141 C15.12_HE579018 328 (511.5)
denovo141 C93a_AM748563 328 (529.5)
denovo141 C1094_AJ291514 328 (518.5)
denovo141 C93_AM748562 328 (527.5)
denovo141 C15.17_HE579023 328 (524.0)
denovo141 C15e_AY589742 328 (514.5)
denovo141 C15.22_KC597695 328 (511.5)
denovo141 C60_AY589764 340 (520.5)
denovo141 C15.1_FJ461508 328 (529.5)
denovo141 C15.2_FJ461509 328 (511.5)
denovo141 C15.9_FN563475 328 (520.0)
denovo141 C15.7_HE579015 340 (520.0)
denovo141 C15.8_HE579016 328 (520.5)
denovo141 C15.15_HE579021 328 (520.5)
denovo141 C15.19_HE579025 328 (511.5)
denovo141 C15.24_KC597696 328 (511.5)
denovo141 C15.3_FJ461510 330 (508.0)
denovo141 C1087_DQ182655 326 (524.0)
denovo141 C15.14_HE579020 341 (528.5)
denovo141 C15.23_KC597697 341 (528.5)
denovo141 C19_AY258479 328 (522.5)
denovo141 C1233_EU118166 328 (511.5)
denovo141 C15b_AY258491 328 (511.5)
denovo141 C15a_AY258476 330 (517.0)
denovo141 C1051_AF195153 328 (529.5)
denovo141 C2_AF333518 327 (522.0)
denovo141 C15.20_HE579026 329 (519.5)
denovo141 C15f_AY589743 341 (520.0)
denovo141 C55_AY589759 330 (521.0)
denovo141 C15_AY239369 328 (520.5)
denovo141 C32.1_JF683335 335 (519.5)
denovo141 C32.2_JF683336 335 (510.5)
denovo141 C21.23_KC597693 335 (510.5)
denovo141 C1193_EU099827 357 (523.0)
denovo141 C1195_EU099821 357 (507.0)
denovo141 C3q_GU907655 342 (521.5)
denovo141 C53_AY589758 349 (510.5)
denovo141 C73_AY765408 339 (526.0)
denovo141 C17.2.1_KC597684 329 (500.5)
denovo141 C32_AY258497 331 (525.0)
denovo141 C1189_EU099831 328 (516.5)
denovo141 C1191_EU099833 328 (525.5)
denovo141 C1196_EU099819 339 (507.5)
denovo141 C1192_EU099820 339 (507.5)
denovo141 C17.1_JF683322 339 (516.5)
denovo141 C26_b2_FN827164 335 (517.0)
denovo141 C26_b3_FN827165 335 (499.5)
denovo141 C31.9_HQ630879 329 (518.5)
denovo141 C31a_AY589746 330 (517.5)
denovo141 C30_AY589745 330 (526.5)
denovo141 C31.1_HQ630876 330 (526.5)
denovo141 C31.5_HQ630877 330 (526.5)
denovo141 C31.6_HQ630878 330 (526.5)
denovo141 C31.2_JF683332 337 (520.0)
denovo141 C31.3_JF683333 329 (532.0)
denovo141 C26/C35a_AY239378 335 (508.5)
denovo141 C35a_AY258501 335 (508.5)
denovo141 C35.2_AY258500 335 (517.5)
denovo141 C26_b1_FN827163 335 (517.5)
denovo141 C17_AY239370 339 (516.5)
denovo141 C17.2_FJ461513 329 (522.0)
denovo141 C31.10_HQ630880 329 (527.5)
denovo141 C31.4_JF683334 334 (515.0)
denovo141 C31_AY258496 330 (526.5)
denovo141 C25_AY239377 331 (502.0)
denovo141 C61_AY589765 332 (498.5)
denovo141 C1043_DQ072721 330 (500.0)
denovo141 C79_AY765414 346 (512.0)
denovo141 C69_AY589773 348 (516.5)
denovo141 C69a_AY686648 348 (507.5)
denovo141 C21.22_KC597692 336 (525.5)
denovo141 C51_AY589756 346 (503.0)
denovo141 C1aa_HM185739 332 (523.5)
denovo141 C1096_DQ068023 340 (498.0)
denovo141 C74_AY765409 341 (529.0)
denovo141 C1185_AB294629 341 (538.0)
denovo141 C1184_AB294630 341 (547.0)
denovo141 C1153_AB294625 330 (549.5)
denovo141 C1154_AB294626 341 (556.0)
denovo141 C1187_AB294627 341 (538.0)
denovo141 C1186_AB294628 341 (556.0)
denovo141 C57_AY589761 330 (549.5)
denovo141 C66_AY589771 341 (547.0)
denovo141 C5_AF499795 341 (523.0)
denovo141 C1167_AB294586 338 (550.5)
denovo141 C1164_AB294593 339 (536.0)
denovo141 C1183_AB294631 350 (524.0)
denovo141 C1067_DQ335381 329 (513.5)
denovo141 C1159_AB294613 330 (523.0)
denovo141 C1150_AB294622 330 (523.0)
denovo141 C90_AM748554 344 (534.5)
denovo141 C1168_AB294583 342 (526.0)
denovo141 C1156_AB294616 331 (528.5)
denovo141 C1151_AB294621 341 (541.5)
denovo141 C92a_AM748561 342 (526.0)
denovo141 C92_AM748560 342 (535.0)
denovo141 C1165_AB294581 338 (541.5)
denovo141 C1166_AB294584 339 (527.0)
denovo141 C1162_AB294594 346 (530.0)
denovo141 C1163_AB294596 328 (529.5)
denovo141 C1161_AB294606 339 (536.0)
denovo141 C1160_AB294608 337 (530.5)
denovo141 C1158_AB294614 347 (532.5)
denovo141 C1155_AB294617 339 (527.0)
denovo141 C1149_AB294620 340 (538.5)
denovo141 C1173_AB294662 338 (542.0)
denovo141 C1171_AB294663 339 (527.0)
denovo141 C1172_AB294665 339 (527.0)
denovo141 C91a_AM748556 339 (536.0)
denovo141 C91b_AM748557 339 (545.0)
denovo141 C91d_AM748559 339 (545.0)
denovo141 C91c_AM748558 339 (536.0)
denovo141 C91_AJ621543 339 (536.0)
denovo141 C91_AM748555 339 (536.0)
denovo141 C1023_DQ335330 319 (489.5)
denovo141 C1020_DQ335392 329 (522.5)
denovo141 C1018_DQ335408 337 (519.5)
denovo141 C1074_DQ335329 329 (513.5)
denovo141 C1030_DQ335353 329 (513.5)
denovo141 C1022_DQ335331 350 (515.5)
denovo141 C1027_DQ335360 328 (528.5)
denovo141 C1072_DQ335344 329 (513.5)
denovo141 C1039_AB190274 353 (523.0)
denovo141 C1033_DQ335350 329 (523.0)
denovo141 C1019_DQ335407 329 (522.5)
denovo141 C1194_EU099826 350 (509.0)
denovo141 C8b_AY258475 348 (503.0)
denovo141 C8_AY239367 351 (517.5)
denovo141 C8a_AY239368 351 (526.0)
denovo141 C54a_AY765406 330 (517.0)
denovo141 C3ff_HM185740 335 (531.0)
denovo141 C59_AY589763 336 (517.0)
denovo141 C3k_AY589737 330 (517.0)
denovo141 C3.24_HE579012 328 (529.5)
denovo141 C3.23_HE579011 328 (520.5)
denovo141 C35.1_AY765401 351 (527.0)
denovo141 C35.3_EF541145 351 (527.0)
denovo141 C76_AY765411 327 (533.5)
denovo141 C1107_DQ335359 346 (507.5)
denovo141 C3.22_HE579010 346 (522.5)
denovo141 C77_AY765412 347 (529.5)
denovo141 C20_AY239371 330 (535.0)
denovo141 C1055_DQ480640 348 (514.5)
denovo141 C27/C30_AY239379 338 (518.5)
denovo141 C27.1_FJ461517 338 (509.5)
denovo141 C40a_AY589747 346 (548.0)
denovo141 C40_AY258485 346 (548.0)
denovo141 C40b_AY589748 347 (547.0)
denovo141 C16_AY258477 348 (527.0)
denovo141 C16a_AY765399 348 (518.0)
denovo141 C1091_AB207186 353 (514.0)
denovo141 C1102_DQ335400 330 (499.0)
denovo141 C1069_DQ335375 332 (533.0)
denovo141 C1073_DQ335332 330 (517.0)
denovo141 C1066_DQ335382 330 (516.5)
denovo141 C1031_DQ335352 330 (526.0)
denovo141 C1026_DQ335366 346 (530.5)
denovo141 C70_AY589774 330 (526.0)
denovo141 C1082_AB190267 338 (514.0)
denovo141 C1078_AB190271 330 (517.0)
denovo141 C1090_AB207191 330 (517.0)
denovo141 C1071_DQ335302 338 (514.0)
denovo141 C1075_DQ335328 330 (517.0)
denovo141 C1068_DQ335379 330 (508.0)
denovo141 C1064_DQ335395 330 (517.0)
denovo141 C1063_DQ335403 332 (512.5)
denovo141 C62_AY589766 330 (517.0)
denovo141 C1077_DQ335316 348 (514.5)
denovo141 C1109_DQ335338 330 (517.0)
denovo141 C1110_DQ335340 330 (517.0)
denovo141 C1106_DQ335339 353 (514.0)
denovo141 C1112_DQ335319 353 (514.0)
denovo141 C1108_DQ335351 353 (505.0)
denovo141 C1105_DQ335394 353 (514.0)
denovo141 C1121_DQ335378 353 (505.0)
denovo141 C1116_AB190268 330 (508.0)
denovo141 C1115_AB190273 353 (505.0)
denovo141 C1124_DQ335323 353 (511.5)
denovo141 C1120_DQ335398 330 (507.5)
denovo141 C1119_DQ335404 353 (514.0)
denovo141 C1123_DQ335363 353 (505.0)
denovo141 C1004_DQ480635 332 (523.5)
denovo141 C1061_AY186568 334 (511.0)
denovo141 C1053_AY186569 334 (529.0)
denovo141 C1003_DQ480639 334 (520.0)
denovo141 C81_GU907657 336 (506.5)
denovo141 C22_AY239373 346 (511.5)
denovo141 C22a_AY239374 346 (520.5)
denovo141 C1232_EU118163 342 (525.0)
denovo141 C21.13_FJ461515 339 (498.5)
denovo141 C21.1_JF683323 342 (507.0)
denovo141 C21.3_JF683325 339 (525.0)
denovo141 C1.20_HE578993 337 (528.5)
denovo141 C1.22_HE578995 338 (521.5)
denovo141 C52_AY589757 329 (509.0)
denovo141 C1201_EU099793 352 (489.5)
denovo141 C14_AY589741 332 (535.0)
denovo141 C43_AY589749 330 (535.0)
denovo141 C50_AY589755 346 (512.5)
denovo141 C3.14_HQ630872 347 (514.5)
denovo141 C1m_AY765398 330 (517.0)
denovo141 C82_GU907658 331 (537.0)
denovo141 C82b_GU907660 331 (537.0)
denovo141 C64_AY589768 338 (531.5)
denovo141 C45a_AY765404 348 (526.5)
denovo141 C48_AY589753 346 (541.0)
denovo141 C1_v1b_FJ919244 354 (528.0)
denovo141 C1_v1a_FJ919243 354 (519.0)
denovo141 C3j_AY239366 346 (512.5)
denovo141 C3t_EF541149 330 (535.0)
denovo141 C9_AF499798 334 (529.0)
denovo141 C23_AY239375 332 (533.0)
denovo141 C37_AY258481 351 (518.0)
denovo141 C1048_DQ068026 330 (526.0)
denovo141 C21.4_JF683326 325 (518.0)
denovo141 C21.5_JF683327 339 (516.5)
denovo141 C1070_DQ335349 346 (539.5)
denovo141 C21.6_HQ630873 339 (534.5)
denovo141 C1224_EU074890 330 (526.0)
denovo141 C1.17_HE578990 330 (526.0)
denovo141 C21_b1_FN827162 339 (516.5)
denovo141 C21.9_JF683330 339 (525.5)
denovo141 C1085_AY624605 330 (526.0)
denovo141 C3p_GU907654 346 (533.5)
denovo141 C3f_AY589734 346 (539.5)
denovo141 C65a_AY589770 346 (521.5)
denovo141 C65_AY589769 346 (530.5)
denovo141 C71_AY589775 346 (521.5)
denovo141 C71a_AY589776 346 (512.5)
denovo141 C1178_AB294647 330 (511.5)
denovo141 C1225_EU074893 351 (526.5)
denovo141 C75_AY765410 331 (528.0)
denovo141 C21.10_JF683331 332 (528.5)
denovo141 C21.11_HQ630874 332 (528.5)
denovo141 C1065_DQ335388 346 (530.0)
denovo141 C1045_DQ068036 346 (539.0)
denovo141 C1h_AY258473 333 (534.0)
denovo141 C38_AY258482 333 (525.0)
denovo141 C1202_EU099799 333 (525.0)
denovo141 C7_AF499797 333 (534.0)
denovo141 C12_AF499801 335 (523.5)
denovo141 C38a_AY258483 332 (527.5)
denovo141 C1200_EU099800 336 (524.5)
denovo141 C44a_AY589751 331 (520.5)
denovo141 C47_AY589752 342 (536.0)
denovo141 C44_AY589750 331 (529.5)
denovo141 C1.15_HE578988 330 (535.0)
denovo141 C45.3_FJ461522 330 (544.0)
denovo141 C46a_AY765405 331 (538.5)
denovo141 C46_EU449108 329 (540.5)
denovo141 C3.12_FJ461507 330 (535.0)
denovo141 C1k_AY589733 330 (535.0)
denovo141 C67_AY686647 341 (532.5)
denovo141 C82a_GU907659 333 (534.0)
denovo141 C10a_AY589739 340 (538.0)
denovo141 C10_AF499799 329 (531.5)
denovo141 C13_AY589740 332 (538.0)
denovo141 C4_AF499794 330 (535.0)
denovo141 C1147_EF656433 330 (535.0)
denovo141 C1c/C45_AY239364 330 (535.0)
denovo141 C1c/C45_EU449103 330 (535.0)
denovo141 C21.19_HE579031 339 (516.5)
denovo141 C21.21_HE579033 342 (506.5)
denovo141 C21.20_HE579032 342 (515.5)
denovo141 C42b_AY765403 332 (524.0)
denovo141 C42_AY258487 332 (533.0)
denovo141 C1p_GU907652 351 (518.0)
denovo141 C1d_AY258488 329 (523.0)
denovo141 C42_AY765402 330 (526.0)
denovo141 C3ha_AY589736 343 (519.0)
denovo141 C63a_AY589767 347 (532.5)
denovo141 C21a_AY589744 339 (516.5)
denovo141 C3o_GU907653 332 (529.0)
denovo141 C21.16_HQ630875 339 (534.5)
denovo141 C21.2_JF683324 339 (525.5)
denovo141 C21.7_JF683328 333 (523.0)
denovo141 C21.8_JF683329 327 (523.5)
denovo141 C3h_AY239365 339 (525.5)
denovo141 C1203_EU099798 339 (525.5)
denovo141 C3.10_FJ461505 346 (521.5)
denovo141 C21.14_FJ461516 339 (516.5)
denovo141 C21.18_HE579030 336 (530.0)
denovo141 C3.17_HE579005 346 (521.5)
denovo141 C3.9_FJ461504 350 (530.0)
denovo141 C3.8_FJ461503 351 (535.5)
denovo141 C3.7_FJ461502 346 (521.5)
denovo141 C3.11_FJ461506 346 (530.5)
denovo141 C3.18_HE579006 346 (521.5)
denovo141 C3.19_HE579007 345 (527.0)
denovo141 C3.20_HE579008 346 (521.5)
denovo141 C3g_AY589735 344 (526.0)
denovo141 C3a_AF499790 346 (521.5)
denovo141 C3e_AF499793 346 (521.5)
denovo141 C6_AF499796 335 (531.0)
denovo141 C11_AF499800 349 (539.0)
denovo141 C36_AY258480 346 (521.5)
denovo141 C29_AY258494 329 (532.0)
denovo141 C1146_EF656434 330 (526.0)
denovo141 C1190_EU099841 346 (521.5)
denovo141 C131_JF320826 346 (521.5)
denovo141 C28_AY239380 333 (527.0)
denovo141 C1012_DQ480604 346 (530.5)
denovo141 C1181_AB294640 346 (516.0)
denovo141 C1180_AB294641 346 (507.0)
denovo141 C1179_AB294645 330 (520.5)
denovo141 C1176_AB294651 346 (515.5)
denovo141 C1175_AB294653 329 (517.0)
denovo141 C1174_AB294655 346 (516.0)
denovo141 C1177_AB294659 332 (517.0)
denovo141 C1040_AB190269 346 (521.5)
denovo141 C1182_AB294649 346 (521.5)
denovo141 C1089_AJ278598 346 (521.5)
denovo141 C1028_DQ335357 346 (530.5)
denovo141 C3.16_EU786015 346 (539.5)
denovo141 C1097_AJ311943 347 (520.0)
denovo141 C1170_AB294661 330 (520.5)
denovo141 C21.17_HE579029 327 (526.0)
denovo141 C21/3d/C3k_AY239372 339 (525.5)
denovo141 C58_AY589762 340 (525.0)
denovo141 C3L_AY589738 349 (526.0)
denovo141 C1169_AB294660 346 (516.0)
denovo141 C3.2_FJ461497 345 (531.0)
denovo141 C3.1_JF683321 350 (536.5)
denovo141 C1104_AF427469 347 (520.5)
denovo141 C3b_AF499791 345 (531.0)
denovo141 C83_GU907661 346 (532.5)
denovo141 C49_AY589754 368 (558.5)
denovo141 C3_AB778606 346 (530.5)
denovo141 C3_AF499789 346 (530.5)
denovo141 C3_HE579001 346 (530.5)
denovo141 C21.12_FJ461514 339 (507.5)
denovo141 C1229_EU074888 326 (527.0)
denovo141 C1230_EU074889 326 (536.0)
denovo141 C1114_AB207196 346 (512.5)
denovo141 C3.21_HE579009 346 (462.0)
denovo141 C1057_DQ480619 351 (518.0)
denovo141 C72_AY765407 346 (520.5)
denovo141 C1b.3_HE578999 330 (520.5)
denovo141 C93_AJ621536 346 (521.5)
denovo141 C94_AJ621539 351 (518.0)
denovo141 C1g_AY589730 351 (518.0)
denovo141 C1i_AY589731 346 (529.5)
denovo141 C1j_AY589732 351 (527.0)
denovo141 C1005_DQ480633 332 (523.5)
denovo141 C1.7_FJ461494 329 (531.5)
denovo141 C1.11_HE578984 351 (527.0)
denovo141 C1.12_HE578985 351 (527.0)
denovo141 C1.13_HE578986 338 (523.0)
denovo141 C1.14_HE578987 351 (536.0)
denovo141 C1.18_HE578991 351 (527.0)
denovo141 C1.19_HE578992 351 (536.0)
denovo141 C1199_EU099802 335 (516.0)
denovo141 C1188_EU099838 334 (528.5)
denovo141 C1002_DQ838544 349 (529.5)
denovo141 C1198_EU099810 351 (536.0)
denovo141 C24_AY239376 330 (526.0)
denovo141 C1f_AY258490 351 (527.0)
denovo141 C1006_DQ480629 351 (527.0)
denovo141 C1010_DQ480607 327 (527.0)
denovo141 C1007_DQ480624 352 (530.0)
denovo141 C1011_DQ480605 351 (527.0)
denovo141 C1009_DQ480608 328 (521.0)
denovo141 C1041_AY186548 330 (535.0)
denovo141 C1052_AY186570 351 (518.0)
denovo141 C1148_EU040178 353 (523.5)
denovo141 C1234_EU118165 354 (513.5)
denovo141 C1.5_EF634157 332 (523.0)
denovo141 C1059_DQ480609 351 (518.0)
denovo141 C1228_EU074883 329 (523.0)
denovo141 C1208_EU074963 349 (520.5)
denovo141 C1207_EU074964 330 (535.0)
denovo141 C1206_EU074965 351 (518.0)
denovo141 C1013_DQ480642 351 (509.0)
denovo141 C80_GU907656 336 (527.5)
denovo141 C1a_AF499788 328 (529.5)
denovo141 C41_AY258486 330 (535.0)
denovo141 C39_AY258484 346 (516.0)
denovo141 C1231_EU074878 351 (518.0)
denovo141 C1b.1_HE578997 330 (520.5)
denovo141 C18_AY258478 350 (533.0)
denovo141 C1.10_HE578983 349 (527.5)
denovo141 C1_JN558041 351 (527.0)
denovo141 C1_HE578979 351 (527.0)
denovo141 C1_AM748551 351 (527.0)
denovo141 C1_AF333515 351 (527.0)
denovo141 C1054_AY186565 331 (525.5)
denovo141 C1008_DQ480613 352 (521.0)
denovo141 C1103_AF427470 352 (517.0)
denovo141 C1226_EU074881 352 (517.0)
denovo141 C1b/C1e_AY239363 330 (529.5)
denovo141 C1044_DQ068038 351 (512.0)
denovo141 C1017_DQ174729 334 (521.0)
denovo141 C1.6_FJ461493 351 (536.0)
denovo141 C1b.2_HE578998 330 (520.5)
denovo141 C1060_DQ480600 351 (518.0)
denovo141 C1227_EU074882 351 (518.0)
denovo141 C1197_EU099814 351 (518.0)
denovo141 C1130_DQ480643 351 (412.5)
denovo141 D109_AB097465 354 (504.0)
denovo141 D1.11_HE579040 344 (512.5)
denovo141 D105_AF174570 347 (521.0)
denovo141 D104_AF174572 356 (511.5)
denovo141 D1.3_JF683337 346 (518.0)
denovo141 D1.10_HE579039 346 (518.0)
denovo141 D110_AF174561 346 (518.0)
denovo141 D117_AF174542 346 (509.0)
denovo141 D114_AF174549 346 (518.0)
denovo141 D113_AF174557 354 (514.5)
denovo141 D112_AF174558 354 (506.0)
denovo141 D106_AF174559 348 (516.0)
denovo141 D111_AF174560 346 (518.0)
denovo141 D115_AF174562 346 (518.0)
denovo141 D107_AF174568 346 (509.5)
denovo141 D116_AF174571 346 (509.0)
denovo141 D124_EU074897 354 (505.5)
denovo141 D1.8_HE579037 346 (518.0)
denovo141 D3_AY686650 346 (518.0)
denovo141 D1.6_HQ630881 346 (509.0)
denovo141 D120_EU074900 354 (505.5)
denovo141 D121_EU074904 346 (518.0)
denovo141 D122_EU074905 346 (518.0)
denovo141 D1a.2_JF683339 354 (525.5)
denovo141 D1a.1_JF683338 354 (514.5)
denovo141 D2_AY686649 587 (571.5)
denovo141 D4_DQ865214 353 (517.5)
denovo141 D1a_AF499802 354 (514.5)
denovo141 D1a_JN558078 354 (514.5)
denovo141 D123_EU074895 346 (518.0)
denovo141 D108_AF174567 356 (520.5)
denovo141 D103_AF174575 346 (527.0)
denovo141 D100_AF411415 355 (509.0)
denovo141 D118_EF656435 360 (506.0)
denovo141 D101_AF411416 355 (494.0)
denovo141 D119_EU099832 350 (505.5)
denovo141 D102_AF174573 346 (521.0)
denovo141 D1_AF334660 346 (518.0)
denovo141 D1_JN558076 346 (518.0)
denovo141 D1.12_HE579041 338 (496.0)
denovo141 D1.1_AM748564 419 (563.0)
denovo141 D1.2_AM748617 412 (543.5)
denovo141 E111_EU074915 346 (476.5)
denovo141 E110_EU074914 354 (430.5)
denovo141 E114_EU074909 344 (436.5)
denovo141 E1_AF334659 354 (442.5)
denovo141 E105_EU074921 354 (448.5)
denovo141 E112_EU074916 352 (449.0)
denovo141 E104_EU074922 352 (442.5)
denovo141 E102_EU074924 352 (433.5)
denovo141 E103_EU074923 352 (442.5)
denovo141 E101_AY160123 353 (424.5)
denovo141 E109_EU074913 346 (484.0)
denovo141 E100_DQ011618 340 (466.0)
denovo141 E108_EU074912 343 (474.5)
denovo141 E113_EU074908 342 (474.5)
denovo141 E107_EU074910 343 (474.5)
denovo141 F1_JN558066 350 (513.5)
denovo141 F5.2d_AJ291530 343 (544.5)
denovo141 F104_AJ291531 343 (544.5)
denovo141 F5.2c_AM748596 347 (538.5)
denovo141 F5.2_AM748594 345 (542.0)
denovo141 F5.2a_AM748614 345 (542.0)
denovo141 F5.2b_AM748595 343 (536.5)
denovo141 F5.2e_AJ291533 348 (507.0)
denovo141 F5.2g_JN558072 347 (548.0)
denovo141 F5.2f_AJ291512 346 (545.5)
denovo141 F102_AJ291534 344 (557.0)
denovo141 F5.1c_AM748593 338 (514.0)
denovo141 F5.1d_JN558069 335 (559.5)
denovo141 F5.1b_AJ291535 337 (538.0)
denovo141 F5.1_AM748592 336 (544.5)
denovo141 F5.1a_AM748591 338 (541.0)
denovo141 F110_AJ291526 333 (507.5)
denovo141 F4.7_AM748587 334 (531.5)
denovo141 F4.5_AM748585 339 (532.5)
denovo141 F4.4a_AM748583 330 (544.0)
denovo141 F4.4_AM748582 331 (551.5)
denovo141 F4.4b_AM748584 333 (541.0)
denovo141 F4.1a_AM748573 330 (553.5)
denovo141 F112_AJ291528 331 (547.5)
denovo141 F4.1_AM748572 331 (556.5)
denovo141 F4.8b_AM748590 341 (523.0)
denovo141 F4.8_AM748588 339 (516.5)
denovo141 F4.8a_AM748589 339 (516.5)
denovo141 F109_AJ291527 334 (507.0)
denovo141 F4.6_AM748586 329 (550.0)
denovo141 F111_AJ311949 324 (531.5)
denovo141 F4.3c_AM748581 330 (559.0)
denovo141 F4.3a_AM748579 329 (537.0)
denovo141 F4.3b_AM748580 332 (547.5)
denovo141 F4.3_AM748578 329 (546.0)
denovo141 F4.2_AM748574 328 (538.5)
denovo141 F4.2a_AM748575 334 (535.0)
denovo141 F4.2c_AM748577 334 (540.5)
denovo141 F4.2b_AM748576 333 (540.5)
denovo141 F2b_AJ291521 349 (544.0)
denovo141 F2_AJ830908 350 (538.0)
denovo141 F2a_AJ830911 350 (534.0)
denovo141 F3.1a_AM748566 353 (486.0)
denovo141 F114_AJ291525 348 (497.0)
denovo141 F3.1_AM748565 348 (506.0)
denovo141 F3.2_AM748567 346 (511.5)
denovo141 F3.2a_AM748568 347 (523.0)
denovo141 F3.3_AM748569 356 (490.0)
denovo141 F3.4a_AM748571 351 (494.5)
denovo141 F3.4_AM748570 351 (494.0)
denovo141 F3.4b_AM748616 351 (494.0)
denovo141 G101_AJ291539 317 (907.0)
denovo141 G1_AM748597 318 (900.0)
denovo141 G2b_JN558087 321 (886.0)
denovo141 G2_AM748598 321 (904.0)
denovo141 G2a_AM748599 321 (895.0)
denovo141 G4_AM748601 323 (913.0)
denovo141 G3.4_LK392378 314 (1134.0)
denovo141 G3_AM748600 314 (1188.0)
denovo141 G3.2_KC597694 297 (1350.0)
denovo141 G3.1_KC597688 314 (1242.0)
denovo141 G100_AB253788 314 (1242.0)
denovo141 G3.3_LK392377 314 (1260.0)
denovo141 H6_AJ291520 660 (321.5)
denovo141 H3_AM748606 349 (364.5)
denovo141 H2_AM748605 340 (398.0)
denovo141 H4_AM748607 338 (415.0)
denovo141 H4a_AM748608 358 (411.0)
denovo141 H5a_AM748611 337 (410.0)
denovo141 H5b_AM748610 341 (402.5)
denovo141 H5_AJ621129 337 (410.0)
denovo141 H5_AM748609 337 (410.0)
denovo141 H100_AJ291513 331 (392.5)
denovo141 H1b_AM748604 328 (397.5)
denovo141 H1a_AM748612 345 (402.0)
denovo141 H1_AJ621152 328 (397.5)
denovo141 H1_AM748602 328 (397.5)
denovo141 I3_FN561561 341 (587.0)
denovo141 I4_FN561562 341 (596.0)
denovo141 I1_FN561559 341 (595.0)
denovo141 I2_FN561560 341 (604.0)

#---------------------------------------
#---------------------------------------
