denovo8 A136_DQ865210 342 (532.0)
denovo8 A133_DQ174725 358 (515.0)
denovo8 A115_AF180123 348 (500.0)
denovo8 A117_AF201746 349 (518.0)
denovo8 A134_DQ174723 345 (524.0)
denovo8 A114_AF184941 349 (518.0)
denovo8 A135_DQ174727 356 (530.0)
denovo8 A2_AF333506 351 (529.0)
denovo8 A101_AF427468 356 (521.0)
denovo8 A2_1_JN558097 356 (521.0)
denovo8 A2_2_JN558100 356 (521.0)
denovo8 A113_AF184948 336 (536.0)
denovo8 A112_AF184949 336 (509.0)
denovo8 A123_EF378618 354 (338.5)
denovo8 A137_EF378621 349 (332.0)
denovo8 A11_EU449041 336 (526.0)
denovo8 A121_DQ174722 341 (519.0)
denovo8 A15b_EU792886 346 (491.5)
denovo8 A15a_EU792885 346 (500.5)
denovo8 A15c_EU792887 346 (509.5)
denovo8 A15_EU792884 346 (500.5)
denovo8 A147_EU074937 344 (513.0)
denovo8 A154_EU074860 342 (514.0)
denovo8 A146_EU074936 342 (514.0)
denovo8 A150_EU074928 342 (523.0)
denovo8 A116_AF183575 343 (516.5)
denovo8 A141_EU074931 342 (523.0)
denovo8 A5_AF333508 339 (530.5)
denovo8 A3b_EU449043 344 (522.5)
denovo8 A151_EU074925 342 (513.0)
denovo8 A152_EU074927 341 (511.5)
denovo8 A149_EU074929 342 (514.0)
denovo8 A140_EU074930 342 (505.0)
denovo8 A142_EU074932 342 (505.0)
denovo8 A143_EU074933 345 (514.0)
denovo8 A144_EU074934 342 (505.0)
denovo8 A145_EU074935 344 (522.5)
denovo8 A148_EU074938 344 (510.0)
denovo8 A155_EU074856 342 (505.0)
denovo8 A156_EU074859 342 (505.0)
denovo8 A139_EU074962 342 (505.0)
denovo8 A6_AF186058 342 (514.0)
denovo8 A3_AF333507 342 (514.0)
denovo8 A3_JN558091 342 (514.0)
denovo8 A8_AY258468 346 (491.0)
denovo8 A7_AY239360 346 (500.5)
denovo8 A16_EU792888 346 (509.5)
denovo8 A4.3_FN429763 351 (493.5)
denovo8 A120_AF180122 346 (488.5)
denovo8 A4.2_FN429761 349 (485.0)
denovo8 A4_AF333509 349 (513.0)
denovo8 A4.1_FN429760 348 (508.0)
denovo8 A4a_AF499778 348 (520.0)
denovo8 A4a.1_FN429762 348 (520.0)
denovo8 A138_EF378620 347 (461.5)
denovo8 A122_EF378619 348 (496.0)
denovo8 A126_EF378615 347 (497.0)
denovo8 A10_EU792882 347 (497.0)
denovo8 A9_EU449028 345 (502.5)
denovo8 A105_AB207202 351 (518.5)
denovo8 A119_AF180121 332 (496.5)
denovo8 A12_EU792883 350 (507.5)
denovo8 A104_AB207203 344 (517.5)
denovo8 A1a_EU449030 348 (519.5)
denovo8 A1.3_HE578976 350 (507.0)
denovo8 A1.4_HE578977 350 (516.0)
denovo8 A13_AF333504 350 (515.0)
denovo8 A13_JN558094 350 (515.0)
denovo8 A110_AB190282 344 (505.0)
denovo8 A103_AB207206 352 (513.0)
denovo8 A130_EF656428 352 (512.0)
denovo8 A127_EF656429 352 (521.0)
denovo8 A128_EF656430 352 (503.0)
denovo8 A129_EF656431 353 (514.5)
denovo8 A131_EF656432 350 (516.0)
denovo8 A118_AF180120 341 (507.5)
denovo8 A1_AF333505 352 (512.0)
denovo8 A107_AB207199 351 (518.5)
denovo8 A111_AB190280 351 (518.5)
denovo8 A108_AB207197 358 (497.5)
denovo8 A106_AB207200 358 (521.0)
denovo8 A102_AB207209 351 (518.5)
denovo8 A1.2_AB207210 351 (518.5)
denovo8 A109_AB190285 351 (527.5)
denovo8 B4_AF333510 321 (1103.5)
denovo8 B23_EU449079 307 (1213.5)
denovo8 B30_GU907644 307 (1195.5)
denovo8 B11_AY239361 308 (1307.5)
denovo8 B17_AY258470 306 (1327.0)
denovo8 B1k_GU907638 308 (633.5)
denovo8 B1.V_Green2014 314 (1296.0)
denovo8 B1b_AF499780 306 (1258.5)
denovo8 B16_AY258469 306 (1336.0)
denovo8 B31a_GU907646 306 (1336.0)
denovo8 B32_GU907647 306 (1336.0)
denovo8 B31_GU907645 306 (1345.0)
denovo8 B1j_GU907637 306 (1354.0)
denovo8 B37_GU907650 308 (1352.5)
denovo8 B5a_AF499782 306 (1336.0)
denovo8 B5_AF499781 306 (1345.0)
denovo8 B24_GU907643 306 (1176.0)
denovo8 B117_AF180124 307 (1248.0)
denovo8 B10_AF499787 306 (1336.0)
denovo8 B20_GU907642 308 (1328.5)
denovo8 B1m_GU907640 306 (1345.0)
denovo8 B34_GU907649 306 (1345.0)
denovo8 B1d_GU907633 306 (1345.0)
denovo8 B1e_GU907634 306 (1345.0)
denovo8 B1i_GU907636 306 (1345.0)
denovo8 B1g_GU907635 307 (1326.0)
denovo8 B123_EU074872 306 (1336.0)
denovo8 B8_AF499785 307 (1335.0)
denovo8 B1l_GU907639 306 (1345.0)
denovo8 B1a_AF499779 306 (1345.0)
denovo8 B14_AY239362 307 (1335.0)
denovo8 B125_EU074865 306 (1345.0)
denovo8 B122_EU074871 306 (1345.0)
denovo8 B124_EU074874 306 (1345.0)
denovo8 B1.VII_Green2014 306 (1275.0)
denovo8 B1.III_Green2014 306 (1273.0)
denovo8 B1.I_Green2014 306 (1354.0)
denovo8 B1.II_Green2014 306 (1354.0)
denovo8 B1_JN558057 306 (1354.0)
denovo8 B1_AF333511 306 (1354.0)
denovo8 B1.IV_Green2014 316 (1339.5)
denovo8 B121_EU074870 306 (1345.0)
denovo8 B7_AF499784 306 (1345.0)
denovo8 B1.VI_Green2014 307 (1285.0)
denovo8 B3_AF333514 306 (1250.5)
denovo8 B9_AF499786 306 (1259.5)
denovo8 B19a_JN558055 310 (1144.5)
denovo8 B119_EU099825 315 (1194.0)
denovo8 B21_DQ865213 306 (1237.0)
denovo8 B38_GU907651 306 (1237.0)
denovo8 B18_AY258471 306 (1277.5)
denovo8 B18a_AY258472 306 (1268.5)
denovo8 B33_GU907648 306 (1268.5)
denovo8 B6_AF499783 311 (1283.0)
denovo8 B19_DQ865212 306 (1286.5)
denovo8 B19_GU907641 306 (1286.5)
denovo8 B2_AF333512 306 (1277.5)
denovo8 B2_JN558060 306 (1277.5)
denovo8 C33.1_AY258498 332 (764.5)
denovo8 C33.2_AY765400 332 (764.5)
denovo8 C33a_EF541147 332 (764.5)
denovo8 C34_AY258499 325 (762.5)
denovo8 C78_AY765413 327 (732.0)
denovo8 C15.29_KC597690 328 (716.0)
denovo8 C1131_DQ182650 329 (710.0)
denovo8 C1135_DQ182646 322 (708.5)
denovo8 C1134_DQ182647 324 (696.0)
denovo8 C1142_DQ182635 324 (705.0)
denovo8 C1136_DQ182644 322 (687.5)
denovo8 C1111_DQ182645 322 (679.0)
denovo8 C1236_EF473656 322 (688.0)
denovo8 C1138_DQ182642 319 (697.5)
denovo8 C1137_DQ182643 322 (688.0)
denovo8 C1133_DQ182648 322 (688.0)
denovo8 C1132_DQ182649 326 (690.5)
denovo8 C1143_DQ182634 322 (697.0)
denovo8 C1139_DQ182639 324 (705.0)
denovo8 C15.28_KC597687 324 (769.0)
denovo8 C1141_DQ182636 324 (714.0)
denovo8 C1144_DQ182637 324 (723.0)
denovo8 C1122_DQ182654 324 (732.0)
denovo8 C1127_DQ182652 324 (732.0)
denovo8 C15.30_JX394114 329 (755.5)
denovo8 C15.26_KC597686 325 (753.0)
denovo8 C1086_DQ182656 326 (756.0)
denovo8 C15.25_KC597685 326 (765.0)
denovo8 C1118_AF180127 330 (701.5)
denovo8 C1129_DQ182651 326 (701.0)
denovo8 C15.21_KC597683 324 (732.5)
denovo8 C56_AY589760 323 (747.0)
denovo8 C1140_DQ182638 326 (719.0)
denovo8 C1126_DQ182653 326 (710.0)
denovo8 C15c_AY258492 323 (765.5)
denovo8 C15d_AY258493 322 (772.0)
denovo8 C1098_DQ182641 324 (766.0)
denovo8 C15.27_KC597689 326 (756.0)
denovo8 C15.18_HE579024 325 (753.0)
denovo8 C15.16_HE579022 331 (779.5)
denovo8 C1101_AB253787 326 (747.0)
denovo8 C1083_AY237300 326 (756.0)
denovo8 C1088_DQ182640 329 (754.0)
denovo8 C15.6_FN563472 326 (756.0)
denovo8 C15.5_FJ461512 328 (752.5)
denovo8 C15.4_FJ461511 328 (761.5)
denovo8 C15.13_HE579019 326 (747.0)
denovo8 C15.12_HE579018 326 (756.0)
denovo8 C93a_AM748563 324 (777.5)
denovo8 C1094_AJ291514 324 (759.5)
denovo8 C93_AM748562 324 (768.5)
denovo8 C15.17_HE579023 325 (747.0)
denovo8 C15e_AY589742 328 (755.5)
denovo8 C15.22_KC597695 326 (756.0)
denovo8 C60_AY589764 326 (756.0)
denovo8 C15.1_FJ461508 326 (756.0)
denovo8 C15.2_FJ461509 326 (756.0)
denovo8 C15.9_FN563475 326 (773.5)
denovo8 C15.7_HE579015 325 (770.5)
denovo8 C15.8_HE579016 326 (756.0)
denovo8 C15.15_HE579021 326 (756.0)
denovo8 C15.19_HE579025 326 (765.0)
denovo8 C15.24_KC597696 326 (747.0)
denovo8 C15.3_FJ461510 328 (761.5)
denovo8 C1087_DQ182655 326 (765.0)
denovo8 C15.14_HE579020 327 (755.5)
denovo8 C15.23_KC597697 327 (755.5)
denovo8 C19_AY258479 325 (774.5)
denovo8 C1233_EU118166 326 (756.0)
denovo8 C15b_AY258491 326 (756.0)
denovo8 C15a_AY258476 328 (770.5)
denovo8 C1051_AF195153 326 (774.0)
denovo8 C2_AF333518 327 (764.0)
denovo8 C15.20_HE579026 327 (764.5)
denovo8 C15f_AY589743 328 (758.0)
denovo8 C55_AY589759 331 (765.0)
denovo8 C15_AY239369 326 (765.0)
denovo8 C32.1_JF683335 324 (720.0)
denovo8 C32.2_JF683336 324 (720.0)
denovo8 C21.23_KC597693 324 (720.0)
denovo8 C1193_EU099827 337 (747.5)
denovo8 C1195_EU099821 333 (722.0)
denovo8 C3q_GU907655 336 (732.5)
denovo8 C53_AY589758 335 (736.5)
denovo8 C73_AY765408 335 (744.0)
denovo8 C17.2.1_KC597684 329 (714.5)
denovo8 C32_AY258497 325 (722.5)
denovo8 C1189_EU099831 328 (731.5)
denovo8 C1191_EU099833 327 (738.0)
denovo8 C1196_EU099819 328 (713.5)
denovo8 C1192_EU099820 328 (713.5)
denovo8 C17.1_JF683322 328 (731.5)
denovo8 C26_b2_FN827164 333 (733.5)
denovo8 C26_b3_FN827165 329 (713.0)
denovo8 C31.9_HQ630879 330 (718.0)
denovo8 C31a_AY589746 330 (714.5)
denovo8 C30_AY589745 330 (714.5)
denovo8 C31.1_HQ630876 334 (716.0)
denovo8 C31.5_HQ630877 328 (726.5)
denovo8 C31.6_HQ630878 330 (714.5)
denovo8 C31.2_JF683332 330 (723.5)
denovo8 C31.3_JF683333 330 (714.5)
denovo8 C26/C35a_AY239378 329 (722.0)
denovo8 C35a_AY258501 329 (722.0)
denovo8 C35.2_AY258500 329 (731.0)
denovo8 C26_b1_FN827163 329 (731.0)
denovo8 C17_AY239370 328 (731.5)
denovo8 C17.2_FJ461513 330 (730.5)
denovo8 C31.10_HQ630880 330 (727.0)
denovo8 C31.4_JF683334 334 (712.0)
denovo8 C31_AY258496 330 (723.5)
denovo8 C25_AY239377 326 (758.5)
denovo8 C61_AY589765 325 (710.0)
denovo8 C1043_DQ072721 328 (720.5)
denovo8 C79_AY765414 328 (734.5)
denovo8 C69_AY589773 315 (731.5)
denovo8 C69a_AY686648 315 (722.5)
denovo8 C21.22_KC597692 331 (712.0)
denovo8 C51_AY589756 327 (741.0)
denovo8 C1aa_HM185739 328 (753.0)
denovo8 C1096_DQ068023 325 (741.0)
denovo8 C74_AY765409 331 (765.5)
denovo8 C1185_AB294629 333 (762.0)
denovo8 C1184_AB294630 333 (762.0)
denovo8 C1153_AB294625 333 (762.0)
denovo8 C1154_AB294626 332 (777.5)
denovo8 C1187_AB294627 333 (762.0)
denovo8 C1186_AB294628 333 (762.0)
denovo8 C57_AY589761 333 (771.0)
denovo8 C66_AY589771 333 (771.0)
denovo8 C5_AF499795 326 (756.0)
denovo8 C1167_AB294586 326 (756.0)
denovo8 C1164_AB294593 326 (756.0)
denovo8 C1183_AB294631 326 (774.0)
denovo8 C1067_DQ335381 328 (752.5)
denovo8 C1159_AB294613 325 (758.5)
denovo8 C1150_AB294622 325 (767.5)
denovo8 C90_AM748554 327 (779.0)
denovo8 C1168_AB294583 326 (765.0)
denovo8 C1156_AB294616 326 (774.0)
denovo8 C1151_AB294621 326 (783.0)
denovo8 C92a_AM748561 326 (765.0)
denovo8 C92_AM748560 326 (774.0)
denovo8 C1165_AB294581 326 (765.0)
denovo8 C1166_AB294584 326 (783.0)
denovo8 C1162_AB294594 326 (765.0)
denovo8 C1163_AB294596 326 (774.5)
denovo8 C1161_AB294606 326 (774.0)
denovo8 C1160_AB294608 330 (766.5)
denovo8 C1158_AB294614 326 (783.0)
denovo8 C1155_AB294617 326 (765.0)
denovo8 C1149_AB294620 326 (774.0)
denovo8 C1173_AB294662 326 (783.0)
denovo8 C1171_AB294663 326 (765.0)
denovo8 C1172_AB294665 326 (765.0)
denovo8 C91a_AM748556 326 (783.0)
denovo8 C91b_AM748557 326 (774.0)
denovo8 C91d_AM748559 325 (771.5)
denovo8 C91c_AM748558 325 (771.5)
denovo8 C91_AJ621543 326 (774.0)
denovo8 C91_AM748555 326 (774.0)
denovo8 C1023_DQ335330 317 (725.5)
denovo8 C1020_DQ335392 332 (755.0)
denovo8 C1018_DQ335408 328 (761.5)
denovo8 C1074_DQ335329 328 (752.5)
denovo8 C1030_DQ335353 328 (752.5)
denovo8 C1022_DQ335331 328 (752.5)
denovo8 C1027_DQ335360 328 (770.5)
denovo8 C1072_DQ335344 328 (752.5)
denovo8 C1039_AB190274 328 (761.5)
denovo8 C1033_DQ335350 333 (749.5)
denovo8 C1019_DQ335407 328 (761.5)
denovo8 C1194_EU099826 328 (728.5)
denovo8 C8b_AY258475 328 (736.5)
denovo8 C8_AY239367 331 (751.5)
denovo8 C8a_AY239368 333 (747.5)
denovo8 C54a_AY765406 328 (761.5)
denovo8 C3ff_HM185740 328 (770.5)
denovo8 C59_AY589763 332 (747.0)
denovo8 C3k_AY589737 325 (762.5)
denovo8 C3.24_HE579012 324 (769.0)
denovo8 C3.23_HE579011 325 (762.5)
denovo8 C35.1_AY765401 336 (766.0)
denovo8 C35.3_EF541145 329 (764.0)
denovo8 C76_AY765411 328 (749.5)
denovo8 C1107_DQ335359 327 (736.0)
denovo8 C3.22_HE579010 331 (735.5)
denovo8 C77_AY765412 328 (749.0)
denovo8 C20_AY239371 331 (760.5)
denovo8 C1055_DQ480640 326 (752.0)
denovo8 C27/C30_AY239379 329 (722.0)
denovo8 C27.1_FJ461517 329 (713.0)
denovo8 C40a_AY589747 330 (757.0)
denovo8 C40_AY258485 330 (757.0)
denovo8 C40b_AY589748 331 (748.0)
denovo8 C16_AY258477 331 (761.0)
denovo8 C16a_AY765399 331 (761.0)
denovo8 C1091_AB207186 328 (762.0)
denovo8 C1102_DQ335400 328 (744.0)
denovo8 C1069_DQ335375 328 (762.0)
denovo8 C1073_DQ335332 329 (756.0)
denovo8 C1066_DQ335382 326 (747.5)
denovo8 C1031_DQ335352 333 (767.5)
denovo8 C1026_DQ335366 333 (767.0)
denovo8 C70_AY589774 328 (771.0)
denovo8 C1082_AB190267 328 (753.0)
denovo8 C1078_AB190271 326 (764.5)
denovo8 C1090_AB207191 328 (762.0)
denovo8 C1071_DQ335302 328 (762.0)
denovo8 C1075_DQ335328 328 (762.0)
denovo8 C1068_DQ335379 328 (753.0)
denovo8 C1064_DQ335395 328 (753.0)
denovo8 C1063_DQ335403 325 (762.5)
denovo8 C62_AY589766 328 (762.0)
denovo8 C1077_DQ335316 325 (767.5)
denovo8 C1109_DQ335338 328 (753.0)
denovo8 C1110_DQ335340 328 (744.0)
denovo8 C1106_DQ335339 328 (744.0)
denovo8 C1112_DQ335319 328 (753.0)
denovo8 C1108_DQ335351 328 (744.0)
denovo8 C1105_DQ335394 328 (753.0)
denovo8 C1121_DQ335378 335 (746.0)
denovo8 C1116_AB190268 335 (755.0)
denovo8 C1115_AB190273 335 (755.0)
denovo8 C1124_DQ335323 328 (735.0)
denovo8 C1120_DQ335398 328 (735.0)
denovo8 C1119_DQ335404 328 (744.0)
denovo8 C1123_DQ335363 328 (744.0)
denovo8 C1004_DQ480635 328 (761.0)
denovo8 C1061_AY186568 328 (752.0)
denovo8 C1053_AY186569 328 (761.0)
denovo8 C1003_DQ480639 328 (761.0)
denovo8 C81_GU907657 319 (733.0)
denovo8 C22_AY239373 323 (763.5)
denovo8 C22a_AY239374 326 (755.0)
denovo8 C1232_EU118163 330 (758.0)
denovo8 C21.13_FJ461515 327 (720.0)
denovo8 C21.1_JF683323 326 (726.0)
denovo8 C21.3_JF683325 328 (740.5)
denovo8 C1.20_HE578993 328 (752.5)
denovo8 C1.22_HE578995 328 (743.5)
denovo8 C52_AY589757 327 (753.5)
denovo8 C1201_EU099793 330 (717.5)
denovo8 C14_AY589741 331 (755.0)
denovo8 C43_AY589749 331 (761.0)
denovo8 C50_AY589755 328 (761.5)
denovo8 C3.14_HQ630872 327 (767.0)
denovo8 C1m_AY765398 328 (762.0)
denovo8 C82_GU907658 336 (758.0)
denovo8 C82b_GU907660 336 (758.0)
denovo8 C64_AY589768 325 (770.0)
denovo8 C45a_AY765404 331 (769.5)
denovo8 C48_AY589753 328 (782.0)
denovo8 C1_v1b_FJ919244 328 (752.5)
denovo8 C1_v1a_FJ919243 328 (761.5)
denovo8 C3j_AY239366 328 (752.5)
denovo8 C3t_EF541149 328 (761.5)
denovo8 C9_AF499798 330 (767.5)
denovo8 C23_AY239375 329 (783.0)
denovo8 C37_AY258481 333 (758.0)
denovo8 C1048_DQ068026 331 (760.5)
denovo8 C21.4_JF683326 328 (731.5)
denovo8 C21.5_JF683327 328 (731.5)
denovo8 C1070_DQ335349 328 (770.5)
denovo8 C21.6_HQ630873 328 (749.5)
denovo8 C1224_EU074890 328 (770.5)
denovo8 C1.17_HE578990 328 (779.5)
denovo8 C21_b1_FN827162 330 (728.0)
denovo8 C21.9_JF683330 330 (737.0)
denovo8 C1085_AY624605 325 (753.5)
denovo8 C3p_GU907654 328 (746.5)
denovo8 C3f_AY589734 328 (770.5)
denovo8 C65a_AY589770 326 (764.5)
denovo8 C65_AY589769 326 (773.5)
denovo8 C71_AY589775 326 (764.5)
denovo8 C71a_AY589776 326 (755.5)
denovo8 C1178_AB294647 327 (753.0)
denovo8 C1225_EU074893 325 (780.0)
denovo8 C75_AY765410 327 (768.0)
denovo8 C21.10_JF683331 327 (737.5)
denovo8 C21.11_HQ630874 327 (737.5)
denovo8 C1065_DQ335388 328 (752.5)
denovo8 C1045_DQ068036 328 (761.5)
denovo8 C1h_AY258473 327 (767.0)
denovo8 C38_AY258482 327 (758.0)
denovo8 C1202_EU099799 327 (758.0)
denovo8 C7_AF499797 327 (767.0)
denovo8 C12_AF499801 329 (756.5)
denovo8 C38a_AY258483 326 (769.5)
denovo8 C1200_EU099800 315 (766.5)
denovo8 C44a_AY589751 328 (770.0)
denovo8 C47_AY589752 331 (778.5)
denovo8 C44_AY589750 331 (769.5)
denovo8 C1.15_HE578988 328 (761.5)
denovo8 C45.3_FJ461522 331 (760.5)
denovo8 C46a_AY765405 331 (760.5)
denovo8 C46_EU449108 331 (769.5)
denovo8 C3.12_FJ461507 331 (769.5)
denovo8 C1k_AY589733 331 (760.5)
denovo8 C67_AY686647 331 (769.5)
denovo8 C82a_GU907659 328 (761.5)
denovo8 C10a_AY589739 331 (769.5)
denovo8 C10_AF499799 331 (760.5)
denovo8 C13_AY589740 333 (763.5)
denovo8 C4_AF499794 331 (760.5)
denovo8 C1147_EF656433 331 (760.5)
denovo8 C1c/C45_AY239364 331 (769.5)
denovo8 C1c/C45_EU449103 331 (769.5)
denovo8 C21.19_HE579031 328 (740.5)
denovo8 C21.21_HE579033 328 (731.5)
denovo8 C21.20_HE579032 328 (740.5)
denovo8 C42b_AY765403 332 (755.0)
denovo8 C42_AY258487 332 (764.0)
denovo8 C1p_GU907652 328 (761.5)
denovo8 C1d_AY258488 331 (751.5)
denovo8 C42_AY765402 331 (760.5)
denovo8 C3ha_AY589736 328 (731.5)
denovo8 C63a_AY589767 330 (748.5)
denovo8 C21a_AY589744 328 (740.5)
denovo8 C3o_GU907653 327 (738.0)
denovo8 C21.16_HQ630875 328 (731.5)
denovo8 C21.2_JF683324 328 (731.5)
denovo8 C21.7_JF683328 327 (738.0)
denovo8 C21.8_JF683329 328 (740.5)
denovo8 C3h_AY239365 328 (731.5)
denovo8 C1203_EU099798 328 (731.5)
denovo8 C3.10_FJ461505 328 (761.5)
denovo8 C21.14_FJ461516 328 (731.5)
denovo8 C21.18_HE579030 334 (728.5)
denovo8 C3.17_HE579005 328 (761.5)
denovo8 C3.9_FJ461504 328 (758.5)
denovo8 C3.8_FJ461503 328 (770.5)
denovo8 C3.7_FJ461502 328 (761.5)
denovo8 C3.11_FJ461506 335 (773.0)
denovo8 C3.18_HE579006 328 (761.5)
denovo8 C3.19_HE579007 328 (761.5)
denovo8 C3.20_HE579008 328 (761.5)
denovo8 C3g_AY589735 330 (751.0)
denovo8 C3a_AF499790 326 (774.0)
denovo8 C3e_AF499793 328 (761.5)
denovo8 C6_AF499796 335 (781.5)
denovo8 C11_AF499800 328 (761.5)
denovo8 C36_AY258480 328 (761.5)
denovo8 C29_AY258494 328 (779.5)
denovo8 C1146_EF656434 329 (765.0)
denovo8 C1190_EU099841 328 (779.5)
denovo8 C131_JF320826 328 (761.5)
denovo8 C28_AY239380 336 (769.0)
denovo8 C1012_DQ480604 328 (761.5)
denovo8 C1181_AB294640 328 (746.5)
denovo8 C1180_AB294641 328 (764.5)
denovo8 C1179_AB294645 326 (750.0)
denovo8 C1176_AB294651 326 (759.0)
denovo8 C1175_AB294653 328 (746.5)
denovo8 C1174_AB294655 330 (752.0)
denovo8 C1177_AB294659 328 (755.5)
denovo8 C1040_AB190269 330 (767.0)
denovo8 C1182_AB294649 328 (761.5)
denovo8 C1089_AJ278598 328 (761.5)
denovo8 C1028_DQ335357 335 (772.5)
denovo8 C3.16_EU786015 328 (779.5)
denovo8 C1097_AJ311943 327 (755.0)
denovo8 C1170_AB294661 328 (755.5)
denovo8 C21.17_HE579029 328 (751.5)
denovo8 C21/3d/C3k_AY239372 328 (740.5)
denovo8 C58_AY589762 329 (740.0)
denovo8 C3L_AY589738 331 (766.0)
denovo8 C1169_AB294660 328 (755.5)
denovo8 C3.2_FJ461497 328 (764.5)
denovo8 C3.1_JF683321 325 (765.5)
denovo8 C1104_AF427469 329 (760.5)
denovo8 C3b_AF499791 328 (773.5)
denovo8 C83_GU907661 328 (773.0)
denovo8 C49_AY589754 354 (785.0)
denovo8 C3_AB778606 328 (770.5)
denovo8 C3_AF499789 328 (770.5)
denovo8 C3_HE579001 328 (770.5)
denovo8 C21.12_FJ461514 328 (722.5)
denovo8 C1229_EU074888 325 (757.0)
denovo8 C1230_EU074889 325 (766.0)
denovo8 C1114_AB207196 328 (752.5)
denovo8 C3.21_HE579009 328 (692.5)
denovo8 C1057_DQ480619 328 (761.5)
denovo8 C72_AY765407 325 (761.0)
denovo8 C1b.3_HE578999 328 (755.5)
denovo8 C93_AJ621536 328 (761.5)
denovo8 C94_AJ621539 328 (761.5)
denovo8 C1g_AY589730 328 (779.5)
denovo8 C1i_AY589731 322 (754.0)
denovo8 C1j_AY589732 335 (772.5)
denovo8 C1005_DQ480633 328 (761.5)
denovo8 C1.7_FJ461494 328 (761.5)
denovo8 C1.11_HE578984 328 (762.0)
denovo8 C1.12_HE578985 328 (761.5)
denovo8 C1.13_HE578986 328 (770.5)
denovo8 C1.14_HE578987 328 (770.5)
denovo8 C1.18_HE578991 328 (761.5)
denovo8 C1.19_HE578992 328 (761.5)
denovo8 C1199_EU099802 325 (747.0)
denovo8 C1188_EU099838 325 (762.0)
denovo8 C1002_DQ838544 328 (770.5)
denovo8 C1198_EU099810 328 (761.5)
denovo8 C24_AY239376 328 (761.5)
denovo8 C1f_AY258490 328 (770.5)
denovo8 C1006_DQ480629 328 (779.5)
denovo8 C1010_DQ480607 328 (761.5)
denovo8 C1007_DQ480624 328 (761.5)
denovo8 C1011_DQ480605 328 (761.5)
denovo8 C1009_DQ480608 332 (763.5)
denovo8 C1041_AY186548 328 (761.5)
denovo8 C1052_AY186570 328 (761.5)
denovo8 C1148_EU040178 328 (770.5)
denovo8 C1234_EU118165 329 (760.5)
denovo8 C1.5_EF634157 328 (770.5)
denovo8 C1059_DQ480609 328 (761.5)
denovo8 C1228_EU074883 328 (761.5)
denovo8 C1208_EU074963 328 (761.5)
denovo8 C1207_EU074964 328 (770.5)
denovo8 C1206_EU074965 328 (761.5)
denovo8 C1013_DQ480642 328 (761.5)
denovo8 C80_GU907656 335 (747.5)
denovo8 C1a_AF499788 325 (762.0)
denovo8 C41_AY258486 328 (770.5)
denovo8 C39_AY258484 313 (766.0)
denovo8 C1231_EU074878 328 (761.5)
denovo8 C1b.1_HE578997 328 (755.5)
denovo8 C18_AY258478 328 (770.5)
denovo8 C1.10_HE578983 327 (765.0)
denovo8 C1_JN558041 328 (770.5)
denovo8 C1_HE578979 328 (770.5)
denovo8 C1_AM748551 328 (770.5)
denovo8 C1_AF333515 328 (770.5)
denovo8 C1054_AY186565 327 (774.0)
denovo8 C1008_DQ480613 328 (761.5)
denovo8 C1103_AF427470 329 (760.5)
denovo8 C1226_EU074881 329 (760.5)
denovo8 C1b/C1e_AY239363 328 (764.5)
denovo8 C1044_DQ068038 328 (755.5)
denovo8 C1017_DQ174729 329 (754.5)
denovo8 C1.6_FJ461493 328 (779.5)
denovo8 C1b.2_HE578998 328 (755.5)
denovo8 C1060_DQ480600 328 (761.5)
denovo8 C1227_EU074882 328 (761.5)
denovo8 C1197_EU099814 328 (761.5)
denovo8 C1130_DQ480643 328 (656.0)
denovo8 D109_AB097465 359 (481.5)
denovo8 D1.11_HE579040 356 (491.0)
denovo8 D105_AF174570 357 (494.0)
denovo8 D104_AF174572 356 (482.0)
denovo8 D1.3_JF683337 357 (484.5)
denovo8 D1.10_HE579039 356 (482.0)
denovo8 D110_AF174561 356 (482.0)
denovo8 D117_AF174542 356 (482.0)
denovo8 D114_AF174549 356 (491.0)
denovo8 D113_AF174557 356 (482.0)
denovo8 D112_AF174558 358 (488.5)
denovo8 D106_AF174559 363 (493.5)
denovo8 D111_AF174560 356 (490.5)
denovo8 D115_AF174562 356 (482.0)
denovo8 D107_AF174568 355 (488.5)
denovo8 D116_AF174571 361 (478.5)
denovo8 D124_EU074897 353 (491.5)
denovo8 D1.8_HE579037 358 (488.5)
denovo8 D3_AY686650 356 (491.0)
denovo8 D1.6_HQ630881 359 (491.0)
denovo8 D120_EU074900 356 (482.0)
denovo8 D121_EU074904 361 (487.5)
denovo8 D122_EU074905 356 (482.0)
denovo8 D1a.2_JF683339 363 (486.5)
denovo8 D1a.1_JF683338 353 (491.5)
denovo8 D2_AY686649 592 (557.5)
denovo8 D4_DQ865214 359 (488.0)
denovo8 D1a_AF499802 356 (491.0)
denovo8 D1a_JN558078 356 (491.0)
denovo8 D123_EU074895 357 (493.5)
denovo8 D108_AF174567 352 (497.0)
denovo8 D103_AF174575 356 (491.0)
denovo8 D100_AF411415 356 (491.0)
denovo8 D118_EF656435 350 (500.0)
denovo8 D101_AF411416 356 (476.0)
denovo8 D119_EU099832 359 (484.0)
denovo8 D102_AF174573 356 (494.5)
denovo8 D1_AF334660 356 (491.0)
denovo8 D1_JN558076 356 (491.0)
denovo8 D1.12_HE579041 337 (489.0)
denovo8 D1.1_AM748564 408 (514.5)
denovo8 D1.2_AM748617 428 (523.5)
denovo8 E111_EU074915 362 (466.0)
denovo8 E110_EU074914 364 (482.5)
denovo8 E114_EU074909 364 (464.5)
denovo8 E1_AF334659 365 (472.5)
denovo8 E105_EU074921 364 (482.5)
denovo8 E112_EU074916 364 (464.5)
denovo8 E104_EU074922 364 (464.5)
denovo8 E102_EU074924 364 (464.5)
denovo8 E103_EU074923 364 (473.5)
denovo8 E101_AY160123 369 (448.5)
denovo8 E109_EU074913 354 (471.0)
denovo8 E100_DQ011618 363 (486.0)
denovo8 E108_EU074912 360 (477.5)
denovo8 E113_EU074908 355 (485.0)
denovo8 E107_EU074910 359 (475.0)
denovo8 F1_JN558066 331 (689.0)
denovo8 F5.2d_AJ291530 329 (693.0)
denovo8 F104_AJ291531 329 (693.0)
denovo8 F5.2c_AM748596 329 (684.5)
denovo8 F5.2_AM748594 329 (684.0)
denovo8 F5.2a_AM748614 329 (684.0)
denovo8 F5.2b_AM748595 329 (684.0)
denovo8 F5.2e_AJ291533 330 (669.5)
denovo8 F5.2g_JN558072 329 (692.5)
denovo8 F5.2f_AJ291512 329 (701.5)
denovo8 F102_AJ291534 329 (683.5)
denovo8 F5.1c_AM748593 331 (689.5)
denovo8 F5.1d_JN558069 333 (686.0)
denovo8 F5.1b_AJ291535 330 (696.0)
denovo8 F5.1_AM748592 332 (692.5)
denovo8 F5.1a_AM748591 330 (696.0)
denovo8 F110_AJ291526 328 (795.5)
denovo8 F4.7_AM748587 330 (778.0)
denovo8 F4.5_AM748585 323 (763.5)
denovo8 F4.4a_AM748583 319 (780.0)
denovo8 F4.4_AM748582 324 (782.5)
denovo8 F4.4b_AM748584 317 (799.0)
denovo8 F4.1a_AM748573 330 (745.5)
denovo8 F112_AJ291528 327 (730.5)
denovo8 F4.1_AM748572 327 (730.5)
denovo8 F4.8b_AM748590 325 (778.0)
denovo8 F4.8_AM748588 316 (778.5)
denovo8 F4.8a_AM748589 316 (778.5)
denovo8 F109_AJ291527 322 (783.0)
denovo8 F4.6_AM748586 327 (748.0)
denovo8 F111_AJ311949 316 (784.5)
denovo8 F4.3c_AM748581 317 (787.5)
denovo8 F4.3a_AM748579 316 (794.5)
denovo8 F4.3b_AM748580 317 (796.5)
denovo8 F4.3_AM748578 317 (787.5)
denovo8 F4.2_AM748574 323 (800.0)
denovo8 F4.2a_AM748575 323 (776.5)
denovo8 F4.2c_AM748577 323 (773.0)
denovo8 F4.2b_AM748576 323 (785.5)
denovo8 F2b_AJ291521 334 (740.5)
denovo8 F2_AJ830908 330 (747.5)
denovo8 F2a_AJ830911 330 (743.0)
denovo8 F3.1a_AM748566 341 (709.0)
denovo8 F114_AJ291525 341 (718.5)
denovo8 F3.1_AM748565 341 (718.5)
denovo8 F3.2_AM748567 348 (738.5)
denovo8 F3.2a_AM748568 348 (732.0)
denovo8 F3.3_AM748569 341 (732.5)
denovo8 F3.4a_AM748571 339 (672.5)
denovo8 F3.4_AM748570 335 (678.5)
denovo8 F3.4b_AM748616 335 (678.5)
denovo8 G101_AJ291539 363 (537.5)
denovo8 G1_AM748597 363 (537.5)
denovo8 G2b_JN558087 361 (531.5)
denovo8 G2_AM748598 362 (525.5)
denovo8 G2a_AM748599 362 (516.5)
denovo8 G4_AM748601 353 (542.5)
denovo8 G3.4_LK392378 352 (530.0)
denovo8 G3_AM748600 354 (527.0)
denovo8 G3.2_KC597694 353 (476.5)
denovo8 G3.1_KC597688 356 (542.0)
denovo8 G100_AB253788 356 (524.5)
denovo8 G3.3_LK392377 356 (532.5)
denovo8 H6_AJ291520 632 (324.5)
denovo8 H3_AM748606 328 (615.5)
denovo8 H2_AM748605 336 (629.0)
denovo8 H4_AM748607 331 (609.0)
denovo8 H4a_AM748608 341 (607.5)
denovo8 H5a_AM748611 340 (599.5)
denovo8 H5b_AM748610 343 (598.0)
denovo8 H5_AJ621129 340 (599.5)
denovo8 H5_AM748609 340 (599.5)
denovo8 H100_AJ291513 340 (588.5)
denovo8 H1b_AM748604 340 (583.5)
denovo8 H1a_AM748612 340 (592.5)
denovo8 H1_AJ621152 340 (592.5)
denovo8 H1_AM748602 340 (592.5)
denovo8 I3_FN561561 339 (731.0)
denovo8 I4_FN561562 339 (731.0)
denovo8 I1_FN561559 342 (721.5)
denovo8 I2_FN561560 341 (727.0)

#---------------------------------------
#---------------------------------------
