denovo187 A136_DQ865210 344 (499.5)
denovo187 A133_DQ174725 332 (506.5)
denovo187 A115_AF180123 348 (478.0)
denovo187 A117_AF201746 347 (538.0)
denovo187 A134_DQ174723 346 (543.5)
denovo187 A114_AF184941 347 (538.0)
denovo187 A135_DQ174727 355 (525.0)
denovo187 A2_AF333506 355 (548.5)
denovo187 A101_AF427468 355 (534.0)
denovo187 A2_1_JN558097 355 (534.0)
denovo187 A2_2_JN558100 355 (534.0)
denovo187 A113_AF184948 347 (514.0)
denovo187 A112_AF184949 348 (525.5)
denovo187 A123_EF378618 348 (378.5)
denovo187 A137_EF378621 346 (372.0)
denovo187 A11_EU449041 337 (528.5)
denovo187 A121_DQ174722 338 (514.5)
denovo187 A15b_EU792886 336 (495.0)
denovo187 A15a_EU792885 336 (504.5)
denovo187 A15c_EU792887 336 (505.0)
denovo187 A15_EU792884 336 (504.0)
denovo187 A147_EU074937 339 (520.0)
denovo187 A154_EU074860 339 (502.0)
denovo187 A146_EU074936 342 (519.0)
denovo187 A150_EU074928 342 (537.0)
denovo187 A116_AF183575 334 (534.5)
denovo187 A141_EU074931 342 (528.0)
denovo187 A5_AF333508 334 (530.5)
denovo187 A3b_EU449043 334 (525.5)
denovo187 A151_EU074925 341 (516.5)
denovo187 A152_EU074927 331 (516.5)
denovo187 A149_EU074929 331 (516.0)
denovo187 A140_EU074930 339 (511.0)
denovo187 A142_EU074932 339 (511.0)
denovo187 A143_EU074933 342 (521.5)
denovo187 A144_EU074934 339 (520.0)
denovo187 A145_EU074935 339 (529.0)
denovo187 A148_EU074938 342 (520.5)
denovo187 A155_EU074856 339 (520.0)
denovo187 A156_EU074859 339 (511.0)
denovo187 A139_EU074962 338 (517.5)
denovo187 A6_AF186058 339 (520.0)
denovo187 A3_AF333507 339 (520.0)
denovo187 A3_JN558091 339 (520.0)
denovo187 A8_AY258468 338 (518.5)
denovo187 A7_AY239360 334 (525.5)
denovo187 A16_EU792888 335 (527.0)
denovo187 A4.3_FN429763 349 (519.5)
denovo187 A120_AF180122 345 (518.0)
denovo187 A4.2_FN429761 347 (521.0)
denovo187 A4_AF333509 347 (540.0)
denovo187 A4.1_FN429760 346 (535.0)
denovo187 A4a_AF499778 347 (540.5)
denovo187 A4a.1_FN429762 347 (540.5)
denovo187 A138_EF378620 342 (514.0)
denovo187 A122_EF378619 343 (538.5)
denovo187 A126_EF378615 342 (539.5)
denovo187 A10_EU792882 342 (539.5)
denovo187 A9_EU449028 344 (530.5)
denovo187 A105_AB207202 343 (527.5)
denovo187 A119_AF180121 331 (536.0)
denovo187 A12_EU792883 342 (534.5)
denovo187 A104_AB207203 342 (533.5)
denovo187 A1a_EU449030 342 (535.0)
denovo187 A1.3_HE578976 345 (533.0)
denovo187 A1.4_HE578977 346 (536.0)
denovo187 A13_AF333504 345 (533.0)
denovo187 A13_JN558094 345 (533.0)
denovo187 A110_AB190282 347 (530.5)
denovo187 A103_AB207206 344 (539.5)
denovo187 A130_EF656428 344 (530.5)
denovo187 A127_EF656429 342 (543.5)
denovo187 A128_EF656430 344 (530.5)
denovo187 A129_EF656431 345 (533.5)
denovo187 A131_EF656432 344 (539.5)
denovo187 A118_AF180120 339 (527.0)
denovo187 A1_AF333505 344 (539.5)
denovo187 A107_AB207199 342 (542.5)
denovo187 A111_AB190280 342 (542.5)
denovo187 A108_AB207197 343 (512.0)
denovo187 A106_AB207200 342 (534.5)
denovo187 A102_AB207209 342 (533.5)
denovo187 A1.2_AB207210 342 (533.5)
denovo187 A109_AB190285 342 (542.0)
denovo187 B4_AF333510 320 (727.5)
denovo187 B23_EU449079 329 (616.0)
denovo187 B30_GU907644 338 (615.0)
denovo187 B11_AY239361 334 (665.5)
denovo187 B17_AY258470 338 (657.0)
denovo187 B1k_GU907638 312 (316.5)
denovo187 B1.V_Green2014 336 (637.0)
denovo187 B1b_AF499780 321 (631.5)
denovo187 B16_AY258469 329 (651.0)
denovo187 B31a_GU907646 332 (650.0)
denovo187 B32_GU907647 332 (650.0)
denovo187 B31_GU907645 332 (659.0)
denovo187 B1j_GU907637 332 (677.0)
denovo187 B37_GU907650 341 (669.0)
denovo187 B5a_AF499782 331 (655.5)
denovo187 B5_AF499781 331 (664.5)
denovo187 B24_GU907643 332 (544.5)
denovo187 B117_AF180124 333 (652.5)
denovo187 B10_AF499787 331 (665.5)
denovo187 B20_GU907642 334 (660.5)
denovo187 B1m_GU907640 332 (668.0)
denovo187 B34_GU907649 332 (668.0)
denovo187 B1d_GU907633 332 (668.5)
denovo187 B1e_GU907634 332 (668.5)
denovo187 B1i_GU907636 332 (668.0)
denovo187 B1g_GU907635 335 (654.5)
denovo187 B123_EU074872 332 (659.5)
denovo187 B8_AF499785 333 (658.5)
denovo187 B1l_GU907639 332 (659.0)
denovo187 B1a_AF499779 332 (668.0)
denovo187 B14_AY239362 333 (649.0)
denovo187 B125_EU074865 332 (659.0)
denovo187 B122_EU074871 332 (659.0)
denovo187 B124_EU074874 332 (659.0)
denovo187 B1.VII_Green2014 332 (598.0)
denovo187 B1.III_Green2014 326 (640.5)
denovo187 B1.I_Green2014 332 (668.0)
denovo187 B1.II_Green2014 332 (668.0)
denovo187 B1_JN558057 332 (668.0)
denovo187 B1_AF333511 332 (668.0)
denovo187 B1.IV_Green2014 343 (666.5)
denovo187 B121_EU074870 333 (670.0)
denovo187 B7_AF499784 332 (677.0)
denovo187 B1.VI_Green2014 330 (662.5)
denovo187 B3_AF333514 331 (660.5)
denovo187 B9_AF499786 327 (648.5)
denovo187 B19a_JN558055 324 (613.0)
denovo187 B119_EU099825 340 (595.5)
denovo187 B21_DQ865213 324 (636.5)
denovo187 B38_GU907651 324 (636.5)
denovo187 B18_AY258471 331 (651.5)
denovo187 B18a_AY258472 331 (642.5)
denovo187 B33_GU907648 327 (639.0)
denovo187 B6_AF499783 328 (651.0)
denovo187 B19_DQ865212 327 (649.0)
denovo187 B19_GU907641 327 (649.0)
denovo187 B2_AF333512 327 (658.0)
denovo187 B2_JN558060 327 (658.0)
denovo187 C33.1_AY258498 304 (1331.5)
denovo187 C33.2_AY765400 304 (1331.5)
denovo187 C33a_EF541147 304 (1331.5)
denovo187 C34_AY258499 304 (1340.5)
denovo187 C78_AY765413 304 (1304.5)
denovo187 C15.29_KC597690 306 (1318.5)
denovo187 C1131_DQ182650 304 (1258.5)
denovo187 C1135_DQ182646 304 (1258.0)
denovo187 C1134_DQ182647 304 (1258.0)
denovo187 C1142_DQ182635 304 (1267.0)
denovo187 C1136_DQ182644 304 (1220.0)
denovo187 C1111_DQ182645 304 (1220.0)
denovo187 C1236_EF473656 304 (1229.0)
denovo187 C1138_DQ182642 304 (1229.0)
denovo187 C1137_DQ182643 304 (1229.0)
denovo187 C1133_DQ182648 304 (1229.0)
denovo187 C1132_DQ182649 304 (1229.0)
denovo187 C1143_DQ182634 304 (1238.0)
denovo187 C1139_DQ182639 304 (1267.5)
denovo187 C15.28_KC597687 304 (1313.5)
denovo187 C1141_DQ182636 304 (1276.5)
denovo187 C1144_DQ182637 304 (1267.5)
denovo187 C1122_DQ182654 304 (1276.5)
denovo187 C1127_DQ182652 304 (1276.5)
denovo187 C15.30_JX394114 304 (1322.5)
denovo187 C15.26_KC597686 304 (1331.5)
denovo187 C1086_DQ182656 304 (1331.5)
denovo187 C15.25_KC597685 304 (1340.5)
denovo187 C1118_AF180127 304 (1237.5)
denovo187 C1129_DQ182651 304 (1303.5)
denovo187 C15.21_KC597683 304 (1331.5)
denovo187 C56_AY589760 304 (1340.5)
denovo187 C1140_DQ182638 304 (1303.5)
denovo187 C1126_DQ182653 304 (1294.5)
denovo187 C15c_AY258492 304 (1349.5)
denovo187 C15d_AY258493 304 (1340.5)
denovo187 C1098_DQ182641 304 (1320.0)
denovo187 C15.27_KC597689 304 (1349.5)
denovo187 C15.18_HE579024 304 (1349.5)
denovo187 C15.16_HE579022 304 (1349.5)
denovo187 C1101_AB253787 304 (1349.5)
denovo187 C1083_AY237300 304 (1349.5)
denovo187 C1088_DQ182640 304 (1349.5)
denovo187 C15.6_FN563472 304 (1358.5)
denovo187 C15.5_FJ461512 304 (1358.5)
denovo187 C15.4_FJ461511 304 (1367.5)
denovo187 C15.13_HE579019 304 (1349.5)
denovo187 C15.12_HE579018 304 (1358.5)
denovo187 C93a_AM748563 304 (1367.5)
denovo187 C1094_AJ291514 304 (1349.5)
denovo187 C93_AM748562 304 (1358.5)
denovo187 C15.17_HE579023 304 (1343.5)
denovo187 C15e_AY589742 304 (1343.5)
denovo187 C15.22_KC597695 304 (1358.5)
denovo187 C60_AY589764 304 (1358.5)
denovo187 C15.1_FJ461508 304 (1358.5)
denovo187 C15.2_FJ461509 304 (1358.5)
denovo187 C15.9_FN563475 304 (1358.5)
denovo187 C15.7_HE579015 304 (1358.5)
denovo187 C15.8_HE579016 304 (1358.5)
denovo187 C15.15_HE579021 304 (1358.5)
denovo187 C15.19_HE579025 304 (1358.5)
denovo187 C15.24_KC597696 304 (1349.5)
denovo187 C15.3_FJ461510 304 (1367.5)
denovo187 C1087_DQ182655 304 (1358.5)
denovo187 C15.14_HE579020 305 (1348.5)
denovo187 C15.23_KC597697 305 (1348.5)
denovo187 C19_AY258479 304 (1352.5)
denovo187 C1233_EU118166 304 (1358.5)
denovo187 C15b_AY258491 304 (1358.5)
denovo187 C15a_AY258476 304 (1376.5)
denovo187 C1051_AF195153 304 (1376.5)
denovo187 C2_AF333518 305 (1366.5)
denovo187 C15.20_HE579026 305 (1357.5)
denovo187 C15f_AY589743 305 (1357.5)
denovo187 C55_AY589759 308 (1356.0)
denovo187 C15_AY239369 304 (1367.5)
denovo187 C32.1_JF683335 310 (1201.5)
denovo187 C32.2_JF683336 313 (1217.5)
denovo187 C21.23_KC597693 313 (1217.5)
denovo187 C1193_EU099827 305 (1330.5)
denovo187 C1195_EU099821 312 (1309.0)
denovo187 C3q_GU907655 305 (1291.5)
denovo187 C53_AY589758 304 (1349.5)
denovo187 C73_AY765408 309 (1298.0)
denovo187 C17.2.1_KC597684 306 (1296.0)
denovo187 C32_AY258497 304 (1319.5)
denovo187 C1189_EU099831 304 (1328.5)
denovo187 C1191_EU099833 304 (1319.5)
denovo187 C1196_EU099819 304 (1328.5)
denovo187 C1192_EU099820 304 (1328.5)
denovo187 C17.1_JF683322 304 (1337.5)
denovo187 C26_b2_FN827164 305 (1327.5)
denovo187 C26_b3_FN827165 305 (1318.5)
denovo187 C31.9_HQ630879 307 (1317.0)
denovo187 C31a_AY589746 307 (1313.5)
denovo187 C30_AY589745 307 (1313.5)
denovo187 C31.1_HQ630876 307 (1313.5)
denovo187 C31.5_HQ630877 307 (1313.5)
denovo187 C31.6_HQ630878 307 (1313.5)
denovo187 C31.2_JF683332 307 (1313.5)
denovo187 C31.3_JF683333 307 (1313.5)
denovo187 C26/C35a_AY239378 305 (1327.5)
denovo187 C35a_AY258501 305 (1327.5)
denovo187 C35.2_AY258500 305 (1336.5)
denovo187 C26_b1_FN827163 305 (1336.5)
denovo187 C17_AY239370 304 (1346.5)
denovo187 C17.2_FJ461513 306 (1336.0)
denovo187 C31.10_HQ630880 307 (1326.0)
denovo187 C31.4_JF683334 307 (1345.0)
denovo187 C31_AY258496 307 (1322.5)
denovo187 C25_AY239377 306 (1330.0)
denovo187 C61_AY589765 304 (1288.5)
denovo187 C1043_DQ072721 304 (1343.5)
denovo187 C79_AY765414 304 (1349.5)
denovo187 C69_AY589773 305 (1262.0)
denovo187 C69a_AY686648 305 (1253.0)
denovo187 C21.22_KC597692 304 (1310.5)
denovo187 C51_AY589756 304 (1358.5)
denovo187 C1aa_HM185739 304 (1323.5)
denovo187 C1096_DQ068023 304 (1328.5)
denovo187 C74_AY765409 305 (1339.5)
denovo187 C1185_AB294629 305 (1348.5)
denovo187 C1184_AB294630 305 (1348.5)
denovo187 C1153_AB294625 305 (1348.5)
denovo187 C1154_AB294626 305 (1348.5)
denovo187 C1187_AB294627 305 (1348.5)
denovo187 C1186_AB294628 305 (1348.5)
denovo187 C57_AY589761 305 (1357.5)
denovo187 C66_AY589771 305 (1357.5)
denovo187 C5_AF499795 304 (1358.5)
denovo187 C1167_AB294586 304 (1367.5)
denovo187 C1164_AB294593 304 (1367.5)
denovo187 C1183_AB294631 304 (1367.5)
denovo187 C1067_DQ335381 304 (1367.5)
denovo187 C1159_AB294613 305 (1348.5)
denovo187 C1150_AB294622 305 (1357.5)
denovo187 C90_AM748554 306 (1384.0)
denovo187 C1168_AB294583 304 (1367.5)
denovo187 C1156_AB294616 304 (1367.5)
denovo187 C1151_AB294621 304 (1385.5)
denovo187 C92a_AM748561 304 (1367.5)
denovo187 C92_AM748560 304 (1376.5)
denovo187 C1165_AB294581 304 (1376.5)
denovo187 C1166_AB294584 304 (1376.5)
denovo187 C1162_AB294594 304 (1376.5)
denovo187 C1163_AB294596 304 (1376.5)
denovo187 C1161_AB294606 304 (1376.5)
denovo187 C1160_AB294608 304 (1376.5)
denovo187 C1158_AB294614 304 (1376.5)
denovo187 C1155_AB294617 304 (1376.5)
denovo187 C1149_AB294620 304 (1376.5)
denovo187 C1173_AB294662 304 (1376.5)
denovo187 C1171_AB294663 304 (1376.5)
denovo187 C1172_AB294665 304 (1376.5)
denovo187 C91a_AM748556 304 (1376.5)
denovo187 C91b_AM748557 304 (1376.5)
denovo187 C91d_AM748559 304 (1376.5)
denovo187 C91c_AM748558 304 (1376.5)
denovo187 C91_AJ621543 304 (1385.5)
denovo187 C91_AM748555 304 (1385.5)
denovo187 C1023_DQ335330 304 (1139.5)
denovo187 C1020_DQ335392 304 (1385.5)
denovo187 C1018_DQ335408 304 (1385.5)
denovo187 C1074_DQ335329 304 (1385.5)
denovo187 C1030_DQ335353 304 (1385.5)
denovo187 C1022_DQ335331 304 (1385.5)
denovo187 C1027_DQ335360 304 (1385.5)
denovo187 C1072_DQ335344 304 (1385.5)
denovo187 C1039_AB190274 304 (1385.5)
denovo187 C1033_DQ335350 309 (1382.5)
denovo187 C1019_DQ335407 304 (1394.5)
denovo187 C1194_EU099826 304 (1334.5)
denovo187 C8b_AY258475 304 (1334.5)
denovo187 C8_AY239367 304 (1358.5)
denovo187 C8a_AY239368 304 (1349.5)
denovo187 C54a_AY765406 304 (1376.5)
denovo187 C3ff_HM185740 304 (1376.5)
denovo187 C59_AY589763 306 (1338.5)
denovo187 C3k_AY589737 304 (1367.5)
denovo187 C3.24_HE579012 304 (1349.5)
denovo187 C3.23_HE579011 304 (1358.5)
denovo187 C35.1_AY765401 304 (1367.5)
denovo187 C35.3_EF541145 304 (1376.5)
denovo187 C76_AY765411 304 (1346.5)
denovo187 C1107_DQ335359 304 (1344.5)
denovo187 C3.22_HE579010 306 (1366.0)
denovo187 C77_AY765412 306 (1351.0)
denovo187 C20_AY239371 304 (1376.5)
denovo187 C1055_DQ480640 305 (1357.5)
denovo187 C27/C30_AY239379 305 (1327.5)
denovo187 C27.1_FJ461517 305 (1318.5)
denovo187 C40a_AY589747 304 (1376.5)
denovo187 C40_AY258485 304 (1385.5)
denovo187 C40b_AY589748 305 (1375.5)
denovo187 C16_AY258477 304 (1385.5)
denovo187 C16a_AY765399 304 (1376.5)
denovo187 C1091_AB207186 304 (1376.5)
denovo187 C1102_DQ335400 304 (1367.5)
denovo187 C1069_DQ335375 304 (1367.5)
denovo187 C1073_DQ335332 304 (1376.5)
denovo187 C1066_DQ335382 304 (1367.5)
denovo187 C1031_DQ335352 304 (1385.5)
denovo187 C1026_DQ335366 304 (1394.5)
denovo187 C70_AY589774 304 (1394.5)
denovo187 C1082_AB190267 304 (1376.5)
denovo187 C1078_AB190271 304 (1376.5)
denovo187 C1090_AB207191 304 (1376.5)
denovo187 C1071_DQ335302 304 (1376.5)
denovo187 C1075_DQ335328 304 (1376.5)
denovo187 C1068_DQ335379 304 (1376.5)
denovo187 C1064_DQ335395 304 (1376.5)
denovo187 C1063_DQ335403 304 (1376.5)
denovo187 C62_AY589766 304 (1385.5)
denovo187 C1077_DQ335316 305 (1375.5)
denovo187 C1109_DQ335338 304 (1376.5)
denovo187 C1110_DQ335340 304 (1367.5)
denovo187 C1106_DQ335339 304 (1358.5)
denovo187 C1112_DQ335319 304 (1367.5)
denovo187 C1108_DQ335351 304 (1358.5)
denovo187 C1105_DQ335394 304 (1367.5)
denovo187 C1121_DQ335378 304 (1349.5)
denovo187 C1116_AB190268 304 (1367.5)
denovo187 C1115_AB190273 304 (1358.5)
denovo187 C1124_DQ335323 304 (1349.5)
denovo187 C1120_DQ335398 304 (1349.5)
denovo187 C1119_DQ335404 304 (1349.5)
denovo187 C1123_DQ335363 304 (1358.5)
denovo187 C1004_DQ480635 304 (1367.5)
denovo187 C1061_AY186568 304 (1367.5)
denovo187 C1053_AY186569 304 (1367.5)
denovo187 C1003_DQ480639 304 (1376.5)
denovo187 C81_GU907657 308 (1234.5)
denovo187 C22_AY239373 304 (1357.0)
denovo187 C22a_AY239374 304 (1348.0)
denovo187 C1232_EU118163 304 (1376.5)
denovo187 C21.13_FJ461515 304 (1319.5)
denovo187 C21.1_JF683323 304 (1328.5)
denovo187 C21.3_JF683325 304 (1337.5)
denovo187 C1.20_HE578993 304 (1367.5)
denovo187 C1.22_HE578995 304 (1358.5)
denovo187 C52_AY589757 304 (1361.5)
denovo187 C1201_EU099793 306 (1341.5)
denovo187 C14_AY589741 304 (1343.5)
denovo187 C43_AY589749 304 (1358.5)
denovo187 C50_AY589755 304 (1385.5)
denovo187 C3.14_HQ630872 304 (1385.5)
denovo187 C1m_AY765398 304 (1376.5)
denovo187 C82_GU907658 304 (1358.5)
denovo187 C82b_GU907660 304 (1358.5)
denovo187 C64_AY589768 304 (1376.5)
denovo187 C45a_AY765404 304 (1358.5)
denovo187 C48_AY589753 306 (1384.0)
denovo187 C1_v1b_FJ919244 304 (1376.5)
denovo187 C1_v1a_FJ919243 304 (1385.5)
denovo187 C3j_AY239366 304 (1385.5)
denovo187 C3t_EF541149 304 (1385.5)
denovo187 C9_AF499798 304 (1367.5)
denovo187 C23_AY239375 304 (1376.5)
denovo187 C37_AY258481 304 (1367.5)
denovo187 C1048_DQ068026 304 (1367.5)
denovo187 C21.4_JF683326 304 (1337.5)
denovo187 C21.5_JF683327 304 (1346.5)
denovo187 C1070_DQ335349 304 (1385.5)
denovo187 C21.6_HQ630873 304 (1346.5)
denovo187 C1224_EU074890 304 (1376.5)
denovo187 C1.17_HE578990 304 (1385.5)
denovo187 C21_b1_FN827162 304 (1337.5)
denovo187 C21.9_JF683330 304 (1346.5)
denovo187 C1085_AY624605 304 (1385.5)
denovo187 C3p_GU907654 304 (1370.5)
denovo187 C3f_AY589734 304 (1394.5)
denovo187 C65a_AY589770 304 (1385.5)
denovo187 C65_AY589769 304 (1394.5)
denovo187 C71_AY589775 304 (1385.5)
denovo187 C71a_AY589776 304 (1376.5)
denovo187 C1178_AB294647 304 (1370.5)
denovo187 C1225_EU074893 304 (1376.5)
denovo187 C75_AY765410 304 (1385.5)
denovo187 C21.10_JF683331 304 (1337.5)
denovo187 C21.11_HQ630874 304 (1346.5)
denovo187 C1065_DQ335388 304 (1385.5)
denovo187 C1045_DQ068036 304 (1394.5)
denovo187 C1h_AY258473 304 (1385.5)
denovo187 C38_AY258482 304 (1385.5)
denovo187 C1202_EU099799 304 (1385.5)
denovo187 C7_AF499797 304 (1394.5)
denovo187 C12_AF499801 306 (1384.0)
denovo187 C38a_AY258483 305 (1375.5)
denovo187 C1200_EU099800 304 (1330.0)
denovo187 C44a_AY589751 304 (1367.5)
denovo187 C47_AY589752 304 (1367.5)
denovo187 C44_AY589750 304 (1376.5)
denovo187 C1.15_HE578988 304 (1385.5)
denovo187 C45.3_FJ461522 304 (1376.5)
denovo187 C46a_AY765405 304 (1367.5)
denovo187 C46_EU449108 304 (1376.5)
denovo187 C3.12_FJ461507 304 (1394.5)
denovo187 C1k_AY589733 304 (1376.5)
denovo187 C67_AY686647 304 (1376.5)
denovo187 C82a_GU907659 304 (1376.5)
denovo187 C10a_AY589739 304 (1367.5)
denovo187 C10_AF499799 304 (1376.5)
denovo187 C13_AY589740 310 (1364.0)
denovo187 C4_AF499794 304 (1376.5)
denovo187 C1147_EF656433 304 (1376.5)
denovo187 C1c/C45_AY239364 304 (1385.5)
denovo187 C1c/C45_EU449103 304 (1385.5)
denovo187 C21.19_HE579031 304 (1337.5)
denovo187 C21.21_HE579033 304 (1319.5)
denovo187 C21.20_HE579032 304 (1328.5)
denovo187 C42b_AY765403 304 (1358.5)
denovo187 C42_AY258487 304 (1367.5)
denovo187 C1p_GU907652 304 (1385.5)
denovo187 C1d_AY258488 304 (1367.5)
denovo187 C42_AY765402 304 (1376.5)
denovo187 C3ha_AY589736 304 (1337.5)
denovo187 C63a_AY589767 306 (1327.0)
denovo187 C21a_AY589744 304 (1346.5)
denovo187 C3o_GU907653 304 (1346.5)
denovo187 C21.16_HQ630875 304 (1346.5)
denovo187 C21.2_JF683324 304 (1346.5)
denovo187 C21.7_JF683328 304 (1346.5)
denovo187 C21.8_JF683329 304 (1346.5)
denovo187 C3h_AY239365 304 (1346.5)
denovo187 C1203_EU099798 304 (1346.5)
denovo187 C3.10_FJ461505 304 (1394.5)
denovo187 C21.14_FJ461516 304 (1346.5)
denovo187 C21.18_HE579030 310 (1334.0)
denovo187 C3.17_HE579005 304 (1394.5)
denovo187 C3.9_FJ461504 304 (1364.5)
denovo187 C3.8_FJ461503 304 (1394.5)
denovo187 C3.7_FJ461502 304 (1394.5)
denovo187 C3.11_FJ461506 304 (1394.5)
denovo187 C3.18_HE579006 304 (1394.5)
denovo187 C3.19_HE579007 304 (1394.5)
denovo187 C3.20_HE579008 304 (1394.5)
denovo187 C3g_AY589735 306 (1384.0)
denovo187 C3a_AF499790 304 (1394.5)
denovo187 C3e_AF499793 304 (1394.5)
denovo187 C6_AF499796 304 (1385.5)
denovo187 C11_AF499800 304 (1394.5)
denovo187 C36_AY258480 304 (1394.5)
denovo187 C29_AY258494 304 (1394.5)
denovo187 C1146_EF656434 304 (1394.5)
denovo187 C1190_EU099841 304 (1394.5)
denovo187 C131_JF320826 304 (1394.5)
denovo187 C28_AY239380 306 (1384.0)
denovo187 C1012_DQ480604 304 (1394.5)
denovo187 C1181_AB294640 304 (1379.5)
denovo187 C1180_AB294641 304 (1379.5)
denovo187 C1179_AB294645 304 (1379.5)
denovo187 C1176_AB294651 304 (1379.5)
denovo187 C1175_AB294653 304 (1379.5)
denovo187 C1174_AB294655 304 (1379.5)
denovo187 C1177_AB294659 304 (1379.5)
denovo187 C1040_AB190269 304 (1394.5)
denovo187 C1182_AB294649 304 (1394.5)
denovo187 C1089_AJ278598 304 (1394.5)
denovo187 C1028_DQ335357 304 (1394.5)
denovo187 C3.16_EU786015 304 (1394.5)
denovo187 C1097_AJ311943 305 (1384.5)
denovo187 C1170_AB294661 304 (1379.5)
denovo187 C21.17_HE579029 304 (1357.5)
denovo187 C21/3d/C3k_AY239372 304 (1355.5)
denovo187 C58_AY589762 305 (1345.5)
denovo187 C3L_AY589738 307 (1362.5)
denovo187 C1169_AB294660 304 (1388.5)
denovo187 C3.2_FJ461497 304 (1388.5)
denovo187 C3.1_JF683321 304 (1388.5)
denovo187 C1104_AF427469 305 (1393.5)
denovo187 C3b_AF499791 304 (1388.5)
denovo187 C83_GU907661 306 (1393.0)
denovo187 C49_AY589754 345 (1373.5)
denovo187 C3_AB778606 304 (1403.5)
denovo187 C3_AF499789 304 (1403.5)
denovo187 C3_HE579001 304 (1403.5)
denovo187 C21.12_FJ461514 304 (1337.5)
denovo187 C1229_EU074888 304 (1317.5)
denovo187 C1230_EU074889 304 (1326.5)
denovo187 C1114_AB207196 304 (1385.5)
denovo187 C3.21_HE579009 304 (1308.0)
denovo187 C1057_DQ480619 304 (1376.5)
denovo187 C72_AY765407 304 (1348.5)
denovo187 C1b.3_HE578999 304 (1370.5)
denovo187 C93_AJ621536 304 (1394.5)
denovo187 C94_AJ621539 304 (1385.5)
denovo187 C1g_AY589730 304 (1385.5)
denovo187 C1i_AY589731 304 (1376.5)
denovo187 C1j_AY589732 304 (1385.5)
denovo187 C1005_DQ480633 304 (1385.5)
denovo187 C1.7_FJ461494 304 (1385.5)
denovo187 C1.11_HE578984 304 (1385.5)
denovo187 C1.12_HE578985 304 (1385.5)
denovo187 C1.13_HE578986 304 (1385.5)
denovo187 C1.14_HE578987 304 (1385.5)
denovo187 C1.18_HE578991 304 (1385.5)
denovo187 C1.19_HE578992 304 (1385.5)
denovo187 C1199_EU099802 304 (1361.5)
denovo187 C1188_EU099838 304 (1376.5)
denovo187 C1002_DQ838544 304 (1394.5)
denovo187 C1198_EU099810 304 (1385.5)
denovo187 C24_AY239376 304 (1376.5)
denovo187 C1f_AY258490 304 (1385.5)
denovo187 C1006_DQ480629 304 (1385.5)
denovo187 C1010_DQ480607 304 (1385.5)
denovo187 C1007_DQ480624 304 (1376.5)
denovo187 C1011_DQ480605 304 (1385.5)
denovo187 C1009_DQ480608 304 (1385.5)
denovo187 C1041_AY186548 304 (1376.5)
denovo187 C1052_AY186570 304 (1385.5)
denovo187 C1148_EU040178 304 (1385.5)
denovo187 C1234_EU118165 305 (1375.5)
denovo187 C1.5_EF634157 304 (1385.5)
denovo187 C1059_DQ480609 304 (1385.5)
denovo187 C1228_EU074883 304 (1385.5)
denovo187 C1208_EU074963 304 (1385.5)
denovo187 C1207_EU074964 304 (1385.5)
denovo187 C1206_EU074965 304 (1385.5)
denovo187 C1013_DQ480642 304 (1376.5)
denovo187 C80_GU907656 314 (1371.0)
denovo187 C1a_AF499788 304 (1385.5)
denovo187 C41_AY258486 304 (1385.5)
denovo187 C39_AY258484 304 (1308.0)
denovo187 C1231_EU074878 304 (1385.5)
denovo187 C1b.1_HE578997 304 (1370.5)
denovo187 C18_AY258478 304 (1385.5)
denovo187 C1.10_HE578983 304 (1346.5)
denovo187 C1_JN558041 304 (1394.5)
denovo187 C1_HE578979 304 (1394.5)
denovo187 C1_AM748551 304 (1394.5)
denovo187 C1_AF333515 304 (1394.5)
denovo187 C1054_AY186565 305 (1384.5)
denovo187 C1008_DQ480613 304 (1385.5)
denovo187 C1103_AF427470 305 (1384.5)
denovo187 C1226_EU074881 305 (1384.5)
denovo187 C1b/C1e_AY239363 304 (1379.5)
denovo187 C1044_DQ068038 304 (1379.5)
denovo187 C1017_DQ174729 305 (1369.5)
denovo187 C1.6_FJ461493 304 (1385.5)
denovo187 C1b.2_HE578998 304 (1370.5)
denovo187 C1060_DQ480600 304 (1385.5)
denovo187 C1227_EU074882 304 (1385.5)
denovo187 C1197_EU099814 304 (1385.5)
denovo187 C1130_DQ480643 304 (1253.5)
denovo187 D109_AB097465 352 (546.5)
denovo187 D1.11_HE579040 338 (562.0)
denovo187 D105_AF174570 338 (561.5)
denovo187 D104_AF174572 344 (544.0)
denovo187 D1.3_JF683337 339 (556.0)
denovo187 D1.10_HE579039 339 (547.0)
denovo187 D110_AF174561 339 (547.5)
denovo187 D117_AF174542 339 (547.0)
denovo187 D114_AF174549 339 (556.0)
denovo187 D113_AF174557 350 (542.5)
denovo187 D112_AF174558 347 (552.5)
denovo187 D106_AF174559 340 (549.5)
denovo187 D111_AF174560 339 (555.0)
denovo187 D115_AF174562 339 (547.0)
denovo187 D107_AF174568 340 (558.0)
denovo187 D116_AF174571 338 (553.0)
denovo187 D124_EU074897 347 (543.0)
denovo187 D1.8_HE579037 339 (556.0)
denovo187 D3_AY686650 338 (562.5)
denovo187 D1.6_HQ630881 339 (547.0)
denovo187 D120_EU074900 346 (540.5)
denovo187 D121_EU074904 338 (562.0)
denovo187 D122_EU074905 339 (547.0)
denovo187 D1a.2_JF683339 348 (547.5)
denovo187 D1a.1_JF683338 347 (552.0)
denovo187 D2_AY686649 591 (602.5)
denovo187 D4_DQ865214 353 (548.5)
denovo187 D1a_AF499802 346 (549.5)
denovo187 D1a_JN558078 346 (549.5)
denovo187 D123_EU074895 346 (558.0)
denovo187 D108_AF174567 347 (552.5)
denovo187 D103_AF174575 345 (555.0)
denovo187 D100_AF411415 350 (551.5)
denovo187 D118_EF656435 346 (549.5)
denovo187 D101_AF411416 350 (536.5)
denovo187 D119_EU099832 344 (544.5)
denovo187 D102_AF174573 339 (559.0)
denovo187 D1_AF334660 339 (556.0)
denovo187 D1_JN558076 339 (556.0)
denovo187 D1.12_HE579041 330 (530.5)
denovo187 D1.1_AM748564 424 (574.5)
denovo187 D1.2_AM748617 400 (563.5)
denovo187 E111_EU074915 364 (451.0)
denovo187 E110_EU074914 363 (465.5)
denovo187 E114_EU074909 363 (465.5)
denovo187 E1_AF334659 363 (462.0)
denovo187 E105_EU074921 362 (472.0)
denovo187 E112_EU074916 363 (456.5)
denovo187 E104_EU074922 364 (459.5)
denovo187 E102_EU074924 363 (456.5)
denovo187 E103_EU074923 363 (465.5)
denovo187 E101_AY160123 359 (450.0)
denovo187 E109_EU074913 366 (440.5)
denovo187 E100_DQ011618 373 (441.0)
denovo187 E108_EU074912 360 (438.5)
denovo187 E113_EU074908 366 (440.5)
denovo187 E107_EU074910 360 (438.5)
denovo187 F1_JN558066 314 (1033.5)
denovo187 F5.2d_AJ291530 310 (1024.0)
denovo187 F104_AJ291531 310 (1024.0)
denovo187 F5.2c_AM748596 310 (1024.0)
denovo187 F5.2_AM748594 307 (1033.0)
denovo187 F5.2a_AM748614 307 (1033.0)
denovo187 F5.2b_AM748595 307 (1024.0)
denovo187 F5.2e_AJ291533 307 (980.5)
denovo187 F5.2g_JN558072 307 (1024.0)
denovo187 F5.2f_AJ291512 307 (1033.0)
denovo187 F102_AJ291534 307 (1024.0)
denovo187 F5.1c_AM748593 312 (1011.0)
denovo187 F5.1d_JN558069 312 (1038.0)
denovo187 F5.1b_AJ291535 311 (1036.0)
denovo187 F5.1_AM748592 312 (1038.0)
denovo187 F5.1a_AM748591 311 (1036.0)
denovo187 F110_AJ291526 318 (899.0)
denovo187 F4.7_AM748587 319 (932.0)
denovo187 F4.5_AM748585 312 (954.5)
denovo187 F4.4a_AM748583 307 (995.0)
denovo187 F4.4_AM748582 306 (999.0)
denovo187 F4.4b_AM748584 312 (989.5)
denovo187 F4.1a_AM748573 321 (917.5)
denovo187 F112_AJ291528 321 (899.5)
denovo187 F4.1_AM748572 321 (917.5)
denovo187 F4.8b_AM748590 313 (929.0)
denovo187 F4.8_AM748588 315 (926.5)
denovo187 F4.8a_AM748589 313 (929.0)
denovo187 F109_AJ291527 315 (904.5)
denovo187 F4.6_AM748586 317 (932.0)
denovo187 F111_AJ311949 313 (945.0)
denovo187 F4.3c_AM748581 316 (963.5)
denovo187 F4.3a_AM748579 313 (954.0)
denovo187 F4.3b_AM748580 313 (954.0)
denovo187 F4.3_AM748578 313 (963.0)
denovo187 F4.2_AM748574 312 (973.5)
denovo187 F4.2a_AM748575 311 (965.0)
denovo187 F4.2c_AM748577 312 (964.5)
denovo187 F4.2b_AM748576 311 (974.0)
denovo187 F2b_AJ291521 313 (1019.0)
denovo187 F2_AJ830908 313 (1001.0)
denovo187 F2a_AJ830911 315 (993.5)
denovo187 F3.1a_AM748566 321 (973.5)
denovo187 F114_AJ291525 321 (982.5)
denovo187 F3.1_AM748565 321 (1000.5)
denovo187 F3.2_AM748567 318 (1028.0)
denovo187 F3.2a_AM748568 320 (1042.5)
denovo187 F3.3_AM748569 310 (966.0)
denovo187 F3.4a_AM748571 320 (913.0)
denovo187 F3.4_AM748570 320 (913.0)
denovo187 F3.4b_AM748616 313 (911.0)
denovo187 G101_AJ291539 352 (556.0)
denovo187 G1_AM748597 352 (556.0)
denovo187 G2b_JN558087 338 (553.0)
denovo187 G2_AM748598 341 (544.5)
denovo187 G2a_AM748599 338 (553.0)
denovo187 G4_AM748601 349 (572.0)
denovo187 G3.4_LK392378 333 (564.0)
denovo187 G3_AM748600 337 (576.0)
denovo187 G3.2_KC597694 350 (487.0)
denovo187 G3.1_KC597688 341 (551.5)
denovo187 G100_AB253788 351 (547.0)
denovo187 G3.3_LK392377 355 (550.0)
denovo187 H6_AJ291520 643 (354.0)
denovo187 H3_AM748606 310 (898.0)
denovo187 H2_AM748605 311 (945.0)
denovo187 H4_AM748607 319 (873.5)
denovo187 H4a_AM748608 319 (888.5)
denovo187 H5a_AM748611 314 (867.0)
denovo187 H5b_AM748610 317 (874.5)
denovo187 H5_AJ621129 314 (876.0)
denovo187 H5_AM748609 314 (876.0)
denovo187 H100_AJ291513 317 (892.5)
denovo187 H1b_AM748604 322 (893.0)
denovo187 H1a_AM748612 322 (884.0)
denovo187 H1_AJ621152 322 (893.0)
denovo187 H1_AM748602 322 (893.0)
denovo187 I3_FN561561 345 (734.5)
denovo187 I4_FN561562 332 (742.0)
denovo187 I1_FN561559 335 (724.0)
denovo187 I2_FN561560 332 (742.0)

#---------------------------------------
#---------------------------------------
