denovo130 A136_DQ865210 340 (489.5)
denovo130 A133_DQ174725 349 (459.0)
denovo130 A115_AF180123 340 (457.0)
denovo130 A117_AF201746 340 (473.0)
denovo130 A134_DQ174723 342 (478.5)
denovo130 A114_AF184941 342 (478.5)
denovo130 A135_DQ174727 350 (484.0)
denovo130 A2_AF333506 347 (480.5)
denovo130 A101_AF427468 347 (475.0)
denovo130 A2_1_JN558097 347 (475.0)
denovo130 A2_2_JN558100 347 (475.0)
denovo130 A113_AF184948 338 (487.0)
denovo130 A112_AF184949 338 (460.5)
denovo130 A123_EF378618 347 (308.0)
denovo130 A137_EF378621 346 (296.0)
denovo130 A11_EU449041 344 (488.0)
denovo130 A121_DQ174722 341 (473.5)
denovo130 A15b_EU792886 348 (442.5)
denovo130 A15a_EU792885 346 (455.0)
denovo130 A15c_EU792887 348 (452.0)
denovo130 A15_EU792884 348 (451.5)
denovo130 A147_EU074937 343 (465.5)
denovo130 A154_EU074860 345 (470.5)
denovo130 A146_EU074936 345 (470.5)
denovo130 A150_EU074928 345 (479.5)
denovo130 A116_AF183575 346 (473.0)
denovo130 A141_EU074931 345 (479.5)
denovo130 A5_AF333508 339 (485.0)
denovo130 A3b_EU449043 344 (477.0)
denovo130 A151_EU074925 345 (469.5)
denovo130 A152_EU074927 343 (464.0)
denovo130 A149_EU074929 345 (470.5)
denovo130 A140_EU074930 345 (461.5)
denovo130 A142_EU074932 347 (467.0)
denovo130 A143_EU074933 346 (473.5)
denovo130 A144_EU074934 345 (461.5)
denovo130 A145_EU074935 346 (473.5)
denovo130 A148_EU074938 347 (466.5)
denovo130 A155_EU074856 369 (462.0)
denovo130 A156_EU074859 345 (461.5)
denovo130 A139_EU074962 345 (461.5)
denovo130 A6_AF186058 345 (470.5)
denovo130 A3_AF333507 345 (470.5)
denovo130 A3_JN558091 345 (470.5)
denovo130 A8_AY258468 346 (445.5)
denovo130 A7_AY239360 347 (457.0)
denovo130 A16_EU792888 346 (464.0)
denovo130 A4.3_FN429763 351 (448.5)
denovo130 A120_AF180122 332 (444.5)
denovo130 A4.2_FN429761 349 (439.5)
denovo130 A4_AF333509 349 (467.5)
denovo130 A4.1_FN429760 348 (462.5)
denovo130 A4a_AF499778 350 (470.5)
denovo130 A4a.1_FN429762 350 (470.5)
denovo130 A138_EF378620 348 (420.0)
denovo130 A122_EF378619 347 (457.0)
denovo130 A126_EF378615 346 (458.0)
denovo130 A10_EU792882 346 (458.0)
denovo130 A9_EU449028 342 (457.0)
denovo130 A105_AB207202 347 (470.0)
denovo130 A119_AF180121 344 (452.5)
denovo130 A12_EU792883 347 (462.0)
denovo130 A104_AB207203 341 (472.0)
denovo130 A1a_EU449030 345 (474.0)
denovo130 A1.3_HE578976 356 (460.5)
denovo130 A1.4_HE578977 347 (469.5)
denovo130 A13_AF333504 349 (466.5)
denovo130 A13_JN558094 349 (466.5)
denovo130 A110_AB190282 345 (461.5)
denovo130 A103_AB207206 349 (467.5)
denovo130 A130_EF656428 349 (466.5)
denovo130 A127_EF656429 349 (475.5)
denovo130 A128_EF656430 349 (457.5)
denovo130 A129_EF656431 350 (469.0)
denovo130 A131_EF656432 347 (462.0)
denovo130 A118_AF180120 340 (460.0)
denovo130 A1_AF333505 349 (466.5)
denovo130 A107_AB207199 343 (475.5)
denovo130 A111_AB190280 343 (475.5)
denovo130 A108_AB207197 355 (452.0)
denovo130 A106_AB207200 348 (473.0)
denovo130 A102_AB207209 348 (473.0)
denovo130 A1.2_AB207210 348 (473.0)
denovo130 A109_AB190285 337 (474.5)
denovo130 B4_AF333510 321 (1103.5)
denovo130 B23_EU449079 307 (1213.5)
denovo130 B30_GU907644 307 (1195.5)
denovo130 B11_AY239361 308 (1325.5)
denovo130 B17_AY258470 306 (1345.0)
denovo130 B1k_GU907638 308 (660.5)
denovo130 B1.V_Green2014 313 (1311.5)
denovo130 B1b_AF499780 306 (1285.5)
denovo130 B16_AY258469 306 (1354.0)
denovo130 B31a_GU907646 306 (1354.0)
denovo130 B32_GU907647 306 (1354.0)
denovo130 B31_GU907645 306 (1363.0)
denovo130 B1j_GU907637 306 (1354.0)
denovo130 B37_GU907650 308 (1352.5)
denovo130 B5a_AF499782 306 (1354.0)
denovo130 B5_AF499781 306 (1363.0)
denovo130 B24_GU907643 306 (1194.0)
denovo130 B117_AF180124 306 (1245.5)
denovo130 B10_AF499787 306 (1363.0)
denovo130 B20_GU907642 308 (1337.5)
denovo130 B1m_GU907640 306 (1363.0)
denovo130 B34_GU907649 306 (1363.0)
denovo130 B1d_GU907633 306 (1363.0)
denovo130 B1e_GU907634 306 (1363.0)
denovo130 B1i_GU907636 306 (1363.0)
denovo130 B1g_GU907635 307 (1344.0)
denovo130 B123_EU074872 306 (1363.0)
denovo130 B8_AF499785 307 (1353.0)
denovo130 B1l_GU907639 306 (1363.0)
denovo130 B1a_AF499779 306 (1363.0)
denovo130 B14_AY239362 307 (1353.0)
denovo130 B125_EU074865 306 (1363.0)
denovo130 B122_EU074871 306 (1363.0)
denovo130 B124_EU074874 306 (1363.0)
denovo130 B1.VII_Green2014 306 (1293.0)
denovo130 B1.III_Green2014 306 (1300.0)
denovo130 B1.I_Green2014 306 (1372.0)
denovo130 B1.II_Green2014 306 (1372.0)
denovo130 B1_JN558057 306 (1372.0)
denovo130 B1_AF333511 306 (1372.0)
denovo130 B1.IV_Green2014 316 (1357.5)
denovo130 B121_EU074870 306 (1363.0)
denovo130 B7_AF499784 306 (1363.0)
denovo130 B1.VI_Green2014 307 (1303.0)
denovo130 B3_AF333514 306 (1250.5)
denovo130 B9_AF499786 306 (1259.5)
denovo130 B19a_JN558055 310 (1153.5)
denovo130 B119_EU099825 315 (1185.0)
denovo130 B21_DQ865213 306 (1237.0)
denovo130 B38_GU907651 306 (1237.0)
denovo130 B18_AY258471 306 (1277.5)
denovo130 B18a_AY258472 306 (1268.5)
denovo130 B33_GU907648 306 (1268.5)
denovo130 B6_AF499783 311 (1274.0)
denovo130 B19_DQ865212 306 (1286.5)
denovo130 B19_GU907641 306 (1286.5)
denovo130 B2_AF333512 306 (1277.5)
denovo130 B2_JN558060 306 (1277.5)
denovo130 C33.1_AY258498 329 (638.5)
denovo130 C33.2_AY765400 329 (638.5)
denovo130 C33a_EF541147 329 (638.5)
denovo130 C34_AY258499 322 (636.5)
denovo130 C78_AY765413 328 (608.0)
denovo130 C15.29_KC597690 325 (609.0)
denovo130 C1131_DQ182650 329 (592.5)
denovo130 C1135_DQ182646 322 (591.0)
denovo130 C1134_DQ182647 324 (578.5)
denovo130 C1142_DQ182635 324 (587.5)
denovo130 C1136_DQ182644 323 (564.0)
denovo130 C1111_DQ182645 322 (579.5)
denovo130 C1236_EF473656 322 (570.5)
denovo130 C1138_DQ182642 319 (580.0)
denovo130 C1137_DQ182643 322 (570.5)
denovo130 C1133_DQ182648 322 (570.5)
denovo130 C1132_DQ182649 326 (573.0)
denovo130 C1143_DQ182634 322 (579.5)
denovo130 C1139_DQ182639 324 (587.5)
denovo130 C15.28_KC597687 324 (651.5)
denovo130 C1141_DQ182636 324 (596.5)
denovo130 C1144_DQ182637 324 (605.5)
denovo130 C1122_DQ182654 324 (614.5)
denovo130 C1127_DQ182652 324 (614.5)
denovo130 C15.30_JX394114 328 (635.0)
denovo130 C15.26_KC597686 324 (633.0)
denovo130 C1086_DQ182656 325 (636.0)
denovo130 C15.25_KC597685 325 (645.0)
denovo130 C1118_AF180127 330 (593.0)
denovo130 C1129_DQ182651 325 (581.0)
denovo130 C15.21_KC597683 323 (612.5)
denovo130 C56_AY589760 326 (621.0)
denovo130 C1140_DQ182638 325 (599.0)
denovo130 C1126_DQ182653 325 (590.0)
denovo130 C15c_AY258492 325 (654.0)
denovo130 C15d_AY258493 324 (660.5)
denovo130 C1098_DQ182641 324 (640.0)
denovo130 C15.27_KC597689 325 (636.0)
denovo130 C15.18_HE579024 325 (627.0)
denovo130 C15.16_HE579022 330 (659.5)
denovo130 C1101_AB253787 325 (627.0)
denovo130 C1083_AY237300 325 (636.0)
denovo130 C1088_DQ182640 328 (634.0)
denovo130 C15.6_FN563472 325 (636.0)
denovo130 C15.5_FJ461512 325 (618.5)
denovo130 C15.4_FJ461511 325 (627.5)
denovo130 C15.13_HE579019 325 (627.0)
denovo130 C15.12_HE579018 325 (636.0)
denovo130 C93a_AM748563 323 (657.5)
denovo130 C1094_AJ291514 323 (639.5)
denovo130 C93_AM748562 323 (648.5)
denovo130 C15.17_HE579023 324 (627.0)
denovo130 C15e_AY589742 327 (644.5)
denovo130 C15.22_KC597695 325 (636.0)
denovo130 C60_AY589764 325 (636.0)
denovo130 C15.1_FJ461508 325 (636.0)
denovo130 C15.2_FJ461509 325 (636.0)
denovo130 C15.9_FN563475 326 (638.5)
denovo130 C15.7_HE579015 324 (650.5)
denovo130 C15.8_HE579016 325 (636.0)
denovo130 C15.15_HE579021 325 (636.0)
denovo130 C15.19_HE579025 325 (645.0)
denovo130 C15.24_KC597696 325 (627.0)
denovo130 C15.3_FJ461510 325 (627.5)
denovo130 C1087_DQ182655 325 (645.0)
denovo130 C15.14_HE579020 326 (635.5)
denovo130 C15.23_KC597697 326 (635.5)
denovo130 C19_AY258479 324 (654.5)
denovo130 C1233_EU118166 325 (636.0)
denovo130 C15b_AY258491 325 (636.0)
denovo130 C15a_AY258476 325 (636.5)
denovo130 C1051_AF195153 325 (654.0)
denovo130 C2_AF333518 326 (653.0)
denovo130 C15.20_HE579026 326 (644.5)
denovo130 C15f_AY589743 327 (638.0)
denovo130 C55_AY589759 329 (643.0)
denovo130 C15_AY239369 325 (645.0)
denovo130 C32.1_JF683335 324 (602.5)
denovo130 C32.2_JF683336 324 (602.5)
denovo130 C21.23_KC597693 324 (602.5)
denovo130 C1193_EU099827 335 (616.5)
denovo130 C1195_EU099821 334 (625.0)
denovo130 C3q_GU907655 336 (597.5)
denovo130 C53_AY589758 332 (602.0)
denovo130 C73_AY765408 335 (609.0)
denovo130 C17.2.1_KC597684 326 (580.5)
denovo130 C32_AY258497 328 (595.0)
denovo130 C1189_EU099831 325 (597.5)
denovo130 C1191_EU099833 324 (604.0)
denovo130 C1196_EU099819 325 (579.5)
denovo130 C1192_EU099820 325 (579.5)
denovo130 C17.1_JF683322 325 (597.5)
denovo130 C26_b2_FN827164 330 (599.0)
denovo130 C26_b3_FN827165 326 (578.5)
denovo130 C31.9_HQ630879 327 (584.0)
denovo130 C31a_AY589746 327 (580.5)
denovo130 C30_AY589745 325 (583.0)
denovo130 C31.1_HQ630876 331 (582.0)
denovo130 C31.5_HQ630877 328 (591.5)
denovo130 C31.6_HQ630878 327 (589.5)
denovo130 C31.2_JF683332 327 (598.0)
denovo130 C31.3_JF683333 327 (580.5)
denovo130 C26/C35a_AY239378 326 (587.5)
denovo130 C35a_AY258501 326 (587.5)
denovo130 C35.2_AY258500 326 (596.5)
denovo130 C26_b1_FN827163 326 (596.5)
denovo130 C17_AY239370 325 (597.5)
denovo130 C17.2_FJ461513 327 (596.5)
denovo130 C31.10_HQ630880 327 (593.0)
denovo130 C31.4_JF683334 331 (578.0)
denovo130 C31_AY258496 327 (589.5)
denovo130 C25_AY239377 326 (649.5)
denovo130 C61_AY589765 324 (590.5)
denovo130 C1043_DQ072721 326 (605.5)
denovo130 C79_AY765414 331 (608.0)
denovo130 C69_AY589773 318 (605.0)
denovo130 C69a_AY686648 318 (596.0)
denovo130 C21.22_KC597692 331 (586.0)
denovo130 C51_AY589756 324 (607.0)
denovo130 C1aa_HM185739 328 (627.0)
denovo130 C1096_DQ068023 324 (612.5)
denovo130 C74_AY765409 334 (648.5)
denovo130 C1185_AB294629 334 (630.5)
denovo130 C1184_AB294630 334 (630.5)
denovo130 C1153_AB294625 334 (630.5)
denovo130 C1154_AB294626 333 (646.0)
denovo130 C1187_AB294627 334 (630.5)
denovo130 C1186_AB294628 334 (630.5)
denovo130 C57_AY589761 333 (636.5)
denovo130 C66_AY589771 334 (639.5)
denovo130 C5_AF499795 325 (627.0)
denovo130 C1167_AB294586 325 (627.0)
denovo130 C1164_AB294593 325 (627.0)
denovo130 C1183_AB294631 325 (636.0)
denovo130 C1067_DQ335381 328 (618.0)
denovo130 C1159_AB294613 324 (621.0)
denovo130 C1150_AB294622 324 (630.0)
denovo130 C90_AM748554 327 (635.5)
denovo130 C1168_AB294583 325 (627.5)
denovo130 C1156_AB294616 323 (640.0)
denovo130 C1151_AB294621 325 (645.5)
denovo130 C92a_AM748561 325 (645.5)
denovo130 C92_AM748560 325 (636.5)
denovo130 C1165_AB294581 325 (636.0)
denovo130 C1166_AB294584 325 (654.0)
denovo130 C1162_AB294594 325 (636.0)
denovo130 C1163_AB294596 323 (648.0)
denovo130 C1161_AB294606 325 (645.0)
denovo130 C1160_AB294608 329 (637.5)
denovo130 C1158_AB294614 325 (654.0)
denovo130 C1155_AB294617 325 (636.0)
denovo130 C1149_AB294620 325 (645.0)
denovo130 C1173_AB294662 325 (654.0)
denovo130 C1171_AB294663 325 (636.0)
denovo130 C1172_AB294665 325 (636.0)
denovo130 C91a_AM748556 325 (645.5)
denovo130 C91b_AM748557 325 (645.0)
denovo130 C91d_AM748559 325 (645.0)
denovo130 C91c_AM748558 325 (645.0)
denovo130 C91_AJ621543 325 (645.0)
denovo130 C91_AM748555 325 (645.0)
denovo130 C1023_DQ335330 315 (594.0)
denovo130 C1020_DQ335392 329 (621.0)
denovo130 C1018_DQ335408 328 (627.0)
denovo130 C1074_DQ335329 325 (618.5)
denovo130 C1030_DQ335353 325 (618.5)
denovo130 C1022_DQ335331 325 (618.5)
denovo130 C1027_DQ335360 325 (636.5)
denovo130 C1072_DQ335344 325 (618.5)
denovo130 C1039_AB190274 325 (627.5)
denovo130 C1033_DQ335350 330 (615.5)
denovo130 C1019_DQ335407 325 (627.5)
denovo130 C1194_EU099826 326 (614.5)
denovo130 C8b_AY258475 329 (613.0)
denovo130 C8_AY239367 331 (625.5)
denovo130 C8a_AY239368 333 (621.5)
denovo130 C54a_AY765406 328 (627.0)
denovo130 C3ff_HM185740 325 (636.5)
denovo130 C59_AY589763 333 (614.0)
denovo130 C3k_AY589737 324 (634.0)
denovo130 C3.24_HE579012 323 (649.0)
denovo130 C3.23_HE579011 324 (642.5)
denovo130 C35.1_AY765401 335 (638.0)
denovo130 C35.3_EF541145 328 (636.0)
denovo130 C76_AY765411 329 (627.0)
denovo130 C1107_DQ335359 325 (604.0)
denovo130 C3.22_HE579010 328 (601.5)
denovo130 C77_AY765412 324 (620.5)
denovo130 C20_AY239371 326 (630.0)
denovo130 C1055_DQ480640 326 (626.0)
denovo130 C27/C30_AY239379 322 (594.0)
denovo130 C27.1_FJ461517 322 (585.0)
denovo130 C40a_AY589747 330 (630.5)
denovo130 C40_AY258485 330 (630.5)
denovo130 C40b_AY589748 334 (622.0)
denovo130 C16_AY258477 328 (627.0)
denovo130 C16a_AY765399 328 (627.0)
denovo130 C1091_AB207186 323 (630.5)
denovo130 C1102_DQ335400 323 (612.5)
denovo130 C1069_DQ335375 326 (630.0)
denovo130 C1073_DQ335332 326 (622.0)
denovo130 C1066_DQ335382 326 (621.5)
denovo130 C1031_DQ335352 328 (636.0)
denovo130 C1026_DQ335366 330 (633.0)
denovo130 C70_AY589774 323 (639.5)
denovo130 C1082_AB190267 323 (621.5)
denovo130 C1078_AB190271 323 (639.5)
denovo130 C1090_AB207191 326 (630.0)
denovo130 C1071_DQ335302 326 (630.0)
denovo130 C1075_DQ335328 326 (630.0)
denovo130 C1068_DQ335379 323 (621.5)
denovo130 C1064_DQ335395 323 (621.5)
denovo130 C1063_DQ335403 322 (637.0)
denovo130 C62_AY589766 323 (630.5)
denovo130 C1077_DQ335316 322 (642.5)
denovo130 C1109_DQ335338 323 (621.5)
denovo130 C1110_DQ335340 323 (612.5)
denovo130 C1106_DQ335339 323 (612.5)
denovo130 C1112_DQ335319 323 (621.5)
denovo130 C1108_DQ335351 323 (612.5)
denovo130 C1105_DQ335394 323 (621.5)
denovo130 C1121_DQ335378 330 (614.5)
denovo130 C1116_AB190268 330 (623.5)
denovo130 C1115_AB190273 330 (623.5)
denovo130 C1124_DQ335323 323 (603.5)
denovo130 C1120_DQ335398 323 (603.5)
denovo130 C1119_DQ335404 323 (612.5)
denovo130 C1123_DQ335363 323 (612.5)
denovo130 C1004_DQ480635 326 (638.5)
denovo130 C1061_AY186568 326 (629.5)
denovo130 C1053_AY186569 326 (638.5)
denovo130 C1003_DQ480639 326 (638.5)
denovo130 C81_GU907657 319 (598.5)
denovo130 C22_AY239373 323 (629.0)
denovo130 C22a_AY239374 325 (635.0)
denovo130 C1232_EU118163 327 (624.0)
denovo130 C21.13_FJ461515 324 (586.0)
denovo130 C21.1_JF683323 326 (599.5)
denovo130 C21.3_JF683325 325 (606.5)
denovo130 C1.20_HE578993 328 (617.5)
denovo130 C1.22_HE578995 328 (608.5)
denovo130 C52_AY589757 322 (622.0)
denovo130 C1201_EU099793 326 (612.5)
denovo130 C14_AY589741 325 (620.5)
denovo130 C43_AY589749 325 (626.5)
denovo130 C50_AY589755 328 (627.0)
denovo130 C3.14_HQ630872 324 (633.0)
denovo130 C1m_AY765398 323 (630.0)
denovo130 C82_GU907658 333 (632.0)
denovo130 C82b_GU907660 333 (632.0)
denovo130 C64_AY589768 325 (635.0)
denovo130 C45a_AY765404 328 (635.0)
denovo130 C48_AY589753 325 (648.0)
denovo130 C1_v1b_FJ919244 327 (623.0)
denovo130 C1_v1a_FJ919243 325 (627.0)
denovo130 C3j_AY239366 325 (618.5)
denovo130 C3t_EF541149 328 (635.5)
denovo130 C9_AF499798 325 (635.5)
denovo130 C23_AY239375 326 (648.5)
denovo130 C37_AY258481 330 (623.5)
denovo130 C1048_DQ068026 331 (643.5)
denovo130 C21.4_JF683326 325 (597.5)
denovo130 C21.5_JF683327 325 (597.5)
denovo130 C1070_DQ335349 325 (636.5)
denovo130 C21.6_HQ630873 325 (615.5)
denovo130 C1224_EU074890 325 (645.0)
denovo130 C1.17_HE578990 325 (645.0)
denovo130 C21_b1_FN827162 326 (600.5)
denovo130 C21.9_JF683330 326 (609.5)
denovo130 C1085_AY624605 322 (628.0)
denovo130 C3p_GU907654 325 (612.5)
denovo130 C3f_AY589734 325 (636.5)
denovo130 C65a_AY589770 325 (636.5)
denovo130 C65_AY589769 325 (645.5)
denovo130 C71_AY589775 325 (636.5)
denovo130 C71a_AY589776 325 (627.5)
denovo130 C1178_AB294647 324 (628.0)
denovo130 C1225_EU074893 325 (654.0)
denovo130 C75_AY765410 324 (634.0)
denovo130 C21.10_JF683331 327 (603.0)
denovo130 C21.11_HQ630874 324 (603.5)
denovo130 C1065_DQ335388 325 (636.5)
denovo130 C1045_DQ068036 325 (645.5)
denovo130 C1h_AY258473 324 (632.5)
denovo130 C38_AY258482 324 (624.0)
denovo130 C1202_EU099799 324 (624.0)
denovo130 C7_AF499797 324 (633.0)
denovo130 C12_AF499801 326 (622.5)
denovo130 C38a_AY258483 325 (641.0)
denovo130 C1200_EU099800 314 (638.0)
denovo130 C44a_AY589751 328 (644.0)
denovo130 C47_AY589752 328 (635.0)
denovo130 C44_AY589750 328 (635.0)
denovo130 C1.15_HE578988 325 (627.0)
denovo130 C45.3_FJ461522 328 (626.0)
denovo130 C46a_AY765405 328 (626.0)
denovo130 C46_EU449108 328 (635.0)
denovo130 C3.12_FJ461507 328 (635.5)
denovo130 C1k_AY589733 328 (626.0)
denovo130 C67_AY686647 328 (635.0)
denovo130 C82a_GU907659 325 (635.5)
denovo130 C10a_AY589739 328 (626.0)
denovo130 C10_AF499799 328 (626.0)
denovo130 C13_AY589740 330 (629.0)
denovo130 C4_AF499794 328 (626.0)
denovo130 C1147_EF656433 328 (626.0)
denovo130 C1c/C45_AY239364 328 (635.0)
denovo130 C1c/C45_EU449103 328 (635.0)
denovo130 C21.19_HE579031 325 (606.5)
denovo130 C21.21_HE579033 325 (597.5)
denovo130 C21.20_HE579032 325 (606.5)
denovo130 C42b_AY765403 329 (620.5)
denovo130 C42_AY258487 329 (629.5)
denovo130 C1p_GU907652 325 (627.0)
denovo130 C1d_AY258488 328 (617.0)
denovo130 C42_AY765402 328 (626.0)
denovo130 C3ha_AY589736 325 (606.0)
denovo130 C63a_AY589767 327 (623.0)
denovo130 C21a_AY589744 325 (606.5)
denovo130 C3o_GU907653 324 (604.0)
denovo130 C21.16_HQ630875 327 (602.5)
denovo130 C21.2_JF683324 325 (597.5)
denovo130 C21.7_JF683328 324 (604.0)
denovo130 C21.8_JF683329 325 (606.5)
denovo130 C3h_AY239365 325 (597.5)
denovo130 C1203_EU099798 325 (597.5)
denovo130 C3.10_FJ461505 325 (645.5)
denovo130 C21.14_FJ461516 325 (615.5)
denovo130 C21.18_HE579030 326 (597.5)
denovo130 C3.17_HE579005 325 (627.5)
denovo130 C3.9_FJ461504 325 (624.5)
denovo130 C3.8_FJ461503 325 (636.5)
denovo130 C3.7_FJ461502 325 (627.5)
denovo130 C3.11_FJ461506 332 (639.0)
denovo130 C3.18_HE579006 325 (627.5)
denovo130 C3.19_HE579007 325 (636.5)
denovo130 C3.20_HE579008 325 (627.5)
denovo130 C3g_AY589735 328 (619.5)
denovo130 C3a_AF499790 325 (645.5)
denovo130 C3e_AF499793 325 (627.5)
denovo130 C6_AF499796 332 (647.5)
denovo130 C11_AF499800 325 (627.5)
denovo130 C36_AY258480 325 (645.5)
denovo130 C29_AY258494 325 (645.5)
denovo130 C1146_EF656434 326 (631.0)
denovo130 C1190_EU099841 325 (645.5)
denovo130 C131_JF320826 325 (627.5)
denovo130 C28_AY239380 333 (635.0)
denovo130 C1012_DQ480604 329 (630.0)
denovo130 C1181_AB294640 325 (612.5)
denovo130 C1180_AB294641 325 (630.5)
denovo130 C1179_AB294645 325 (621.5)
denovo130 C1176_AB294651 325 (630.5)
denovo130 C1175_AB294653 325 (612.5)
denovo130 C1174_AB294655 323 (615.5)
denovo130 C1177_AB294659 325 (621.5)
denovo130 C1040_AB190269 329 (630.0)
denovo130 C1182_AB294649 325 (627.5)
denovo130 C1089_AJ278598 325 (627.5)
denovo130 C1028_DQ335357 332 (638.5)
denovo130 C3.16_EU786015 325 (645.5)
denovo130 C1097_AJ311943 326 (635.0)
denovo130 C1170_AB294661 325 (621.5)
denovo130 C21.17_HE579029 325 (617.5)
denovo130 C21/3d/C3k_AY239372 325 (606.5)
denovo130 C58_AY589762 323 (606.5)
denovo130 C3L_AY589738 328 (631.5)
denovo130 C1169_AB294660 325 (621.5)
denovo130 C3.2_FJ461497 325 (630.5)
denovo130 C3.1_JF683321 324 (645.5)
denovo130 C1104_AF427469 326 (626.5)
denovo130 C3b_AF499791 325 (639.5)
denovo130 C83_GU907661 325 (639.0)
denovo130 C49_AY589754 351 (651.0)
denovo130 C3_AB778606 325 (636.5)
denovo130 C3_AF499789 325 (636.5)
denovo130 C3_HE579001 325 (636.5)
denovo130 C21.12_FJ461514 325 (588.5)
denovo130 C1229_EU074888 322 (622.5)
denovo130 C1230_EU074889 322 (631.5)
denovo130 C1114_AB207196 325 (618.5)
denovo130 C3.21_HE579009 325 (558.5)
denovo130 C1057_DQ480619 325 (627.0)
denovo130 C72_AY765407 322 (626.5)
denovo130 C1b.3_HE578999 325 (621.0)
denovo130 C93_AJ621536 325 (627.5)
denovo130 C94_AJ621539 325 (627.0)
denovo130 C1g_AY589730 325 (645.0)
denovo130 C1i_AY589731 323 (639.0)
denovo130 C1j_AY589732 332 (638.0)
denovo130 C1005_DQ480633 325 (627.0)
denovo130 C1.7_FJ461494 325 (627.0)
denovo130 C1.11_HE578984 323 (630.5)
denovo130 C1.12_HE578985 325 (627.0)
denovo130 C1.13_HE578986 328 (635.5)
denovo130 C1.14_HE578987 325 (636.0)
denovo130 C1.18_HE578991 325 (627.0)
denovo130 C1.19_HE578992 325 (627.0)
denovo130 C1199_EU099802 325 (621.0)
denovo130 C1188_EU099838 325 (636.0)
denovo130 C1002_DQ838544 325 (636.5)
denovo130 C1198_EU099810 325 (627.0)
denovo130 C24_AY239376 328 (626.5)
denovo130 C1f_AY258490 325 (636.0)
denovo130 C1006_DQ480629 325 (645.0)
denovo130 C1010_DQ480607 325 (627.0)
denovo130 C1007_DQ480624 325 (627.0)
denovo130 C1011_DQ480605 325 (627.0)
denovo130 C1009_DQ480608 329 (629.0)
denovo130 C1041_AY186548 325 (636.0)
denovo130 C1052_AY186570 325 (627.0)
denovo130 C1148_EU040178 325 (636.0)
denovo130 C1234_EU118165 326 (626.0)
denovo130 C1.5_EF634157 328 (635.5)
denovo130 C1059_DQ480609 325 (627.0)
denovo130 C1228_EU074883 325 (627.0)
denovo130 C1208_EU074963 325 (627.0)
denovo130 C1207_EU074964 325 (636.0)
denovo130 C1206_EU074965 325 (627.0)
denovo130 C1013_DQ480642 328 (626.5)
denovo130 C80_GU907656 336 (632.5)
denovo130 C1a_AF499788 326 (638.5)
denovo130 C41_AY258486 328 (635.5)
denovo130 C39_AY258484 312 (637.0)
denovo130 C1231_EU074878 325 (627.0)
denovo130 C1b.1_HE578997 325 (621.0)
denovo130 C18_AY258478 325 (636.0)
denovo130 C1.10_HE578983 324 (630.5)
denovo130 C1_JN558041 325 (636.0)
denovo130 C1_HE578979 325 (636.0)
denovo130 C1_AM748551 325 (636.0)
denovo130 C1_AF333515 325 (636.0)
denovo130 C1054_AY186565 324 (639.5)
denovo130 C1008_DQ480613 325 (627.0)
denovo130 C1103_AF427470 326 (626.0)
denovo130 C1226_EU074881 326 (626.0)
denovo130 C1b/C1e_AY239363 325 (630.0)
denovo130 C1044_DQ068038 325 (621.0)
denovo130 C1017_DQ174729 326 (620.0)
denovo130 C1.6_FJ461493 325 (645.0)
denovo130 C1b.2_HE578998 325 (621.0)
denovo130 C1060_DQ480600 325 (627.0)
denovo130 C1227_EU074882 325 (627.0)
denovo130 C1197_EU099814 325 (627.0)
denovo130 C1130_DQ480643 325 (521.5)
denovo130 D109_AB097465 360 (448.0)
denovo130 D1.11_HE579040 356 (456.0)
denovo130 D105_AF174570 357 (459.0)
denovo130 D104_AF174572 359 (446.5)
denovo130 D1.3_JF683337 357 (458.5)
denovo130 D1.10_HE579039 359 (455.0)
denovo130 D110_AF174561 359 (455.0)
denovo130 D117_AF174542 356 (447.0)
denovo130 D114_AF174549 356 (456.0)
denovo130 D113_AF174557 356 (447.0)
denovo130 D112_AF174558 361 (453.5)
denovo130 D106_AF174559 363 (458.5)
denovo130 D111_AF174560 356 (464.5)
denovo130 D115_AF174562 356 (447.0)
denovo130 D107_AF174568 367 (453.5)
denovo130 D116_AF174571 361 (443.5)
denovo130 D124_EU074897 353 (456.0)
denovo130 D1.8_HE579037 356 (456.0)
denovo130 D3_AY686650 356 (456.0)
denovo130 D1.6_HQ630881 356 (455.5)
denovo130 D120_EU074900 356 (447.0)
denovo130 D121_EU074904 361 (452.5)
denovo130 D122_EU074905 356 (447.0)
denovo130 D1a.2_JF683339 355 (455.0)
denovo130 D1a.1_JF683338 353 (456.0)
denovo130 D2_AY686649 566 (524.0)
denovo130 D4_DQ865214 357 (455.5)
denovo130 D1a_AF499802 356 (456.0)
denovo130 D1a_JN558078 356 (456.0)
denovo130 D123_EU074895 357 (458.0)
denovo130 D108_AF174567 352 (461.5)
denovo130 D103_AF174575 356 (456.0)
denovo130 D100_AF411415 359 (456.0)
denovo130 D118_EF656435 356 (465.0)
denovo130 D101_AF411416 359 (455.5)
denovo130 D119_EU099832 350 (450.0)
denovo130 D102_AF174573 353 (460.0)
denovo130 D1_AF334660 356 (456.0)
denovo130 D1_JN558076 356 (456.0)
denovo130 D1.12_HE579041 334 (463.0)
denovo130 D1.1_AM748564 422 (484.0)
denovo130 D1.2_AM748617 418 (492.0)
denovo130 E111_EU074915 348 (449.5)
denovo130 E110_EU074914 373 (437.0)
denovo130 E114_EU074909 373 (419.0)
denovo130 E1_AF334659 374 (427.0)
denovo130 E105_EU074921 373 (437.0)
denovo130 E112_EU074916 373 (419.0)
denovo130 E104_EU074922 373 (428.0)
denovo130 E102_EU074924 373 (419.0)
denovo130 E103_EU074923 373 (428.0)
denovo130 E101_AY160123 378 (403.0)
denovo130 E109_EU074913 351 (453.0)
denovo130 E100_DQ011618 356 (474.5)
denovo130 E108_EU074912 356 (457.0)
denovo130 E113_EU074908 352 (467.0)
denovo130 E107_EU074910 356 (457.0)
denovo130 F1_JN558066 330 (569.0)
denovo130 F5.2d_AJ291530 327 (596.5)
denovo130 F104_AJ291531 327 (596.5)
denovo130 F5.2c_AM748596 330 (596.5)
denovo130 F5.2_AM748594 331 (589.5)
denovo130 F5.2a_AM748614 331 (589.5)
denovo130 F5.2b_AM748595 331 (589.5)
denovo130 F5.2e_AJ291533 332 (566.0)
denovo130 F5.2g_JN558072 328 (590.0)
denovo130 F5.2f_AJ291512 328 (590.0)
denovo130 F102_AJ291534 328 (590.0)
denovo130 F5.1c_AM748593 330 (614.0)
denovo130 F5.1d_JN558069 331 (579.5)
denovo130 F5.1b_AJ291535 327 (605.5)
denovo130 F5.1_AM748592 329 (602.0)
denovo130 F5.1a_AM748591 327 (605.5)
denovo130 F110_AJ291526 322 (671.0)
denovo130 F4.7_AM748587 324 (653.5)
denovo130 F4.5_AM748585 323 (646.5)
denovo130 F4.4a_AM748583 319 (672.0)
denovo130 F4.4_AM748582 324 (674.5)
denovo130 F4.4b_AM748584 317 (691.0)
denovo130 F4.1a_AM748573 326 (626.5)
denovo130 F112_AJ291528 323 (620.5)
denovo130 F4.1_AM748572 323 (620.5)
denovo130 F4.8b_AM748590 325 (670.0)
denovo130 F4.8_AM748588 316 (670.5)
denovo130 F4.8a_AM748589 316 (670.5)
denovo130 F109_AJ291527 322 (675.0)
denovo130 F4.6_AM748586 323 (629.0)
denovo130 F111_AJ311949 316 (667.5)
denovo130 F4.3c_AM748581 317 (670.5)
denovo130 F4.3a_AM748579 316 (677.5)
denovo130 F4.3b_AM748580 317 (679.5)
denovo130 F4.3_AM748578 317 (670.5)
denovo130 F4.2_AM748574 323 (683.0)
denovo130 F4.2a_AM748575 323 (659.5)
denovo130 F4.2c_AM748577 323 (656.0)
denovo130 F4.2b_AM748576 323 (668.5)
denovo130 F2b_AJ291521 331 (614.5)
denovo130 F2_AJ830908 328 (633.5)
denovo130 F2a_AJ830911 328 (629.0)
denovo130 F3.1a_AM748566 339 (613.5)
denovo130 F114_AJ291525 339 (622.5)
denovo130 F3.1_AM748565 339 (622.5)
denovo130 F3.2_AM748567 355 (625.5)
denovo130 F3.2a_AM748568 351 (623.5)
denovo130 F3.3_AM748569 340 (613.0)
denovo130 F3.4a_AM748571 338 (570.0)
denovo130 F3.4_AM748570 334 (585.0)
denovo130 F3.4b_AM748616 334 (585.0)
denovo130 G101_AJ291539 365 (498.5)
denovo130 G1_AM748597 368 (498.0)
denovo130 G2b_JN558087 369 (485.0)
denovo130 G2_AM748598 370 (479.0)
denovo130 G2a_AM748599 368 (473.0)
denovo130 G4_AM748601 356 (525.0)
denovo130 G3.4_LK392378 352 (478.5)
denovo130 G3_AM748600 359 (496.5)
denovo130 G3.2_KC597694 347 (441.0)
denovo130 G3.1_KC597688 357 (508.0)
denovo130 G100_AB253788 352 (493.0)
denovo130 G3.3_LK392377 351 (499.0)
denovo130 H6_AJ291520 643 (322.5)
denovo130 H3_AM748606 328 (462.5)
denovo130 H2_AM748605 335 (500.0)
denovo130 H4_AM748607 331 (482.5)
denovo130 H4a_AM748608 341 (481.0)
denovo130 H5a_AM748611 334 (464.5)
denovo130 H5b_AM748610 334 (463.5)
denovo130 H5_AJ621129 339 (461.5)
denovo130 H5_AM748609 339 (461.5)
denovo130 H100_AJ291513 339 (459.5)
denovo130 H1b_AM748604 344 (460.0)
denovo130 H1a_AM748612 339 (463.5)
denovo130 H1_AJ621152 339 (463.5)
denovo130 H1_AM748602 339 (463.5)
denovo130 I3_FN561561 337 (671.0)
denovo130 I4_FN561562 337 (671.0)
denovo130 I1_FN561559 336 (659.0)
denovo130 I2_FN561560 339 (649.5)

#---------------------------------------
#---------------------------------------
