denovo90 A136_DQ865210 341 (431.0)
denovo90 A133_DQ174725 362 (382.0)
denovo90 A115_AF180123 352 (385.0)
denovo90 A117_AF201746 347 (395.5)
denovo90 A134_DQ174723 356 (396.5)
denovo90 A114_AF184941 347 (395.5)
denovo90 A135_DQ174727 349 (402.0)
denovo90 A2_AF333506 350 (400.0)
denovo90 A101_AF427468 350 (395.0)
denovo90 A2_1_JN558097 350 (395.0)
denovo90 A2_2_JN558100 350 (395.0)
denovo90 A113_AF184948 349 (420.0)
denovo90 A112_AF184949 346 (401.0)
denovo90 A123_EF378618 349 (297.5)
denovo90 A137_EF378621 335 (333.5)
denovo90 A11_EU449041 362 (406.5)
denovo90 A121_DQ174722 350 (403.0)
denovo90 A15b_EU792886 350 (367.0)
denovo90 A15a_EU792885 352 (384.5)
denovo90 A15c_EU792887 353 (376.0)
denovo90 A15_EU792884 350 (376.0)
denovo90 A147_EU074937 352 (420.5)
denovo90 A154_EU074860 352 (411.0)
denovo90 A146_EU074936 354 (398.0)
denovo90 A150_EU074928 354 (406.5)
denovo90 A116_AF183575 354 (398.0)
denovo90 A141_EU074931 354 (407.0)
denovo90 A5_AF333508 348 (406.0)
denovo90 A3b_EU449043 352 (402.5)
denovo90 A151_EU074925 354 (399.5)
denovo90 A152_EU074927 352 (402.5)
denovo90 A149_EU074929 354 (400.5)
denovo90 A140_EU074930 352 (402.5)
denovo90 A142_EU074932 352 (393.5)
denovo90 A143_EU074933 356 (406.5)
denovo90 A144_EU074934 352 (402.5)
denovo90 A145_EU074935 352 (402.0)
denovo90 A148_EU074938 352 (393.5)
denovo90 A155_EU074856 352 (393.5)
denovo90 A156_EU074859 352 (411.5)
denovo90 A139_EU074962 352 (402.5)
denovo90 A6_AF186058 352 (402.5)
denovo90 A3_AF333507 352 (402.5)
denovo90 A3_JN558091 352 (402.5)
denovo90 A8_AY258468 352 (384.5)
denovo90 A7_AY239360 354 (389.5)
denovo90 A16_EU792888 346 (394.0)
denovo90 A4.3_FN429763 355 (390.5)
denovo90 A120_AF180122 344 (385.5)
denovo90 A4.2_FN429761 348 (412.0)
denovo90 A4_AF333509 353 (409.5)
denovo90 A4.1_FN429760 351 (410.5)
denovo90 A4a_AF499778 353 (410.0)
denovo90 A4a.1_FN429762 353 (410.0)
denovo90 A138_EF378620 358 (386.5)
denovo90 A122_EF378619 344 (389.0)
denovo90 A126_EF378615 353 (387.5)
denovo90 A10_EU792882 353 (387.5)
denovo90 A9_EU449028 355 (397.5)
denovo90 A105_AB207202 351 (412.5)
denovo90 A119_AF180121 346 (387.5)
denovo90 A12_EU792883 357 (403.5)
denovo90 A104_AB207203 357 (402.5)
denovo90 A1a_EU449030 355 (406.5)
denovo90 A1.3_HE578976 356 (408.5)
denovo90 A1.4_HE578977 356 (408.5)
denovo90 A13_AF333504 356 (408.0)
denovo90 A13_JN558094 356 (408.0)
denovo90 A110_AB190282 351 (391.0)
denovo90 A103_AB207206 358 (405.5)
denovo90 A130_EF656428 356 (399.5)
denovo90 A127_EF656429 356 (408.5)
denovo90 A128_EF656430 356 (399.5)
denovo90 A129_EF656431 360 (402.5)
denovo90 A131_EF656432 356 (408.5)
denovo90 A118_AF180120 353 (402.5)
denovo90 A1_AF333505 356 (399.5)
denovo90 A107_AB207199 343 (406.5)
denovo90 A111_AB190280 353 (408.0)
denovo90 A108_AB207197 361 (383.0)
denovo90 A106_AB207200 355 (405.5)
denovo90 A102_AB207209 355 (406.0)
denovo90 A1.2_AB207210 355 (406.0)
denovo90 A109_AB190285 355 (405.5)
denovo90 B4_AF333510 329 (1010.5)
denovo90 B23_EU449079 315 (1192.0)
denovo90 B30_GU907644 315 (1174.0)
denovo90 B11_AY239361 320 (1172.0)
denovo90 B17_AY258470 318 (1164.0)
denovo90 B1k_GU907638 294 (686.5)
denovo90 B1.V_Green2014 325 (1131.0)
denovo90 B1b_AF499780 316 (1126.0)
denovo90 B16_AY258469 318 (1173.0)
denovo90 B31a_GU907646 318 (1182.0)
denovo90 B32_GU907647 318 (1182.0)
denovo90 B31_GU907645 318 (1191.0)
denovo90 B1j_GU907637 318 (1182.0)
denovo90 B37_GU907650 320 (1171.5)
denovo90 B5a_AF499782 318 (1191.0)
denovo90 B5_AF499781 318 (1200.0)
denovo90 B24_GU907643 296 (1163.5)
denovo90 B117_AF180124 317 (1089.0)
denovo90 B10_AF499787 318 (1173.0)
denovo90 B20_GU907642 320 (1156.5)
denovo90 B1m_GU907640 318 (1182.0)
denovo90 B34_GU907649 318 (1182.0)
denovo90 B1d_GU907633 318 (1182.0)
denovo90 B1e_GU907634 318 (1182.0)
denovo90 B1i_GU907636 318 (1182.0)
denovo90 B1g_GU907635 319 (1163.0)
denovo90 B123_EU074872 318 (1173.0)
denovo90 B8_AF499785 319 (1172.0)
denovo90 B1l_GU907639 318 (1182.0)
denovo90 B1a_AF499779 318 (1182.0)
denovo90 B14_AY239362 319 (1181.0)
denovo90 B125_EU074865 318 (1182.0)
denovo90 B122_EU074871 318 (1191.0)
denovo90 B124_EU074874 318 (1182.0)
denovo90 B1.VII_Green2014 308 (1163.0)
denovo90 B1.III_Green2014 318 (1110.0)
denovo90 B1.I_Green2014 318 (1191.0)
denovo90 B1.II_Green2014 318 (1191.0)
denovo90 B1_JN558057 318 (1191.0)
denovo90 B1_AF333511 318 (1191.0)
denovo90 B1.IV_Green2014 328 (1176.5)
denovo90 B121_EU074870 318 (1182.0)
denovo90 B7_AF499784 318 (1182.0)
denovo90 B1.VI_Green2014 319 (1122.0)
denovo90 B3_AF333514 314 (1220.5)
denovo90 B9_AF499786 314 (1247.5)
denovo90 B19a_JN558055 314 (1112.0)
denovo90 B119_EU099825 323 (1109.5)
denovo90 B21_DQ865213 314 (1207.0)
denovo90 B38_GU907651 314 (1207.0)
denovo90 B18_AY258471 314 (1238.5)
denovo90 B18a_AY258472 314 (1229.5)
denovo90 B33_GU907648 314 (1247.5)
denovo90 B6_AF499783 318 (1241.5)
denovo90 B19_DQ865212 314 (1256.5)
denovo90 B19_GU907641 314 (1256.5)
denovo90 B2_AF333512 314 (1247.5)
denovo90 B2_JN558060 314 (1247.5)
denovo90 C33.1_AY258498 338 (548.0)
denovo90 C33.2_AY765400 338 (548.0)
denovo90 C33a_EF541147 338 (548.0)
denovo90 C34_AY258499 331 (546.0)
denovo90 C78_AY765413 332 (538.0)
denovo90 C15.29_KC597690 333 (522.5)
denovo90 C1131_DQ182650 333 (532.5)
denovo90 C1135_DQ182646 323 (539.0)
denovo90 C1134_DQ182647 323 (530.0)
denovo90 C1142_DQ182635 323 (539.0)
denovo90 C1136_DQ182644 329 (509.5)
denovo90 C1111_DQ182645 326 (519.5)
denovo90 C1236_EF473656 326 (510.5)
denovo90 C1138_DQ182642 326 (528.5)
denovo90 C1137_DQ182643 326 (510.5)
denovo90 C1133_DQ182648 326 (510.5)
denovo90 C1132_DQ182649 330 (513.0)
denovo90 C1143_DQ182634 326 (519.5)
denovo90 C1139_DQ182639 328 (527.5)
denovo90 C15.28_KC597687 332 (567.0)
denovo90 C1141_DQ182636 332 (529.5)
denovo90 C1144_DQ182637 332 (530.0)
denovo90 C1122_DQ182654 328 (545.5)
denovo90 C1127_DQ182652 328 (545.5)
denovo90 C15.30_JX394114 334 (563.0)
denovo90 C15.26_KC597686 333 (560.0)
denovo90 C1086_DQ182656 330 (560.5)
denovo90 C15.25_KC597685 330 (569.5)
denovo90 C1118_AF180127 338 (526.5)
denovo90 C1129_DQ182651 330 (523.5)
denovo90 C15.21_KC597683 332 (548.0)
denovo90 C56_AY589760 327 (561.0)
denovo90 C1140_DQ182638 334 (526.0)
denovo90 C1126_DQ182653 334 (517.0)
denovo90 C15c_AY258492 329 (567.0)
denovo90 C15d_AY258493 328 (573.5)
denovo90 C1098_DQ182641 329 (555.5)
denovo90 C15.27_KC597689 330 (569.5)
denovo90 C15.18_HE579024 329 (558.0)
denovo90 C15.16_HE579022 335 (575.0)
denovo90 C1101_AB253787 330 (551.5)
denovo90 C1083_AY237300 330 (560.5)
denovo90 C1088_DQ182640 330 (560.5)
denovo90 C15.6_FN563472 330 (560.5)
denovo90 C15.5_FJ461512 333 (552.0)
denovo90 C15.4_FJ461511 333 (561.0)
denovo90 C15.13_HE579019 330 (551.5)
denovo90 C15.12_HE579018 330 (560.5)
denovo90 C93a_AM748563 329 (576.0)
denovo90 C1094_AJ291514 329 (567.0)
denovo90 C93_AM748562 329 (567.0)
denovo90 C15.17_HE579023 331 (557.5)
denovo90 C15e_AY589742 333 (563.0)
denovo90 C15.22_KC597695 330 (560.5)
denovo90 C60_AY589764 334 (562.5)
denovo90 C15.1_FJ461508 330 (569.5)
denovo90 C15.2_FJ461509 330 (560.5)
denovo90 C15.9_FN563475 330 (569.5)
denovo90 C15.7_HE579015 330 (560.5)
denovo90 C15.8_HE579016 330 (560.5)
denovo90 C15.15_HE579021 330 (578.5)
denovo90 C15.19_HE579025 330 (569.5)
denovo90 C15.24_KC597696 330 (551.5)
denovo90 C15.3_FJ461510 333 (561.0)
denovo90 C1087_DQ182655 330 (569.5)
denovo90 C15.14_HE579020 333 (566.0)
denovo90 C15.23_KC597697 333 (566.0)
denovo90 C19_AY258479 331 (575.5)
denovo90 C1233_EU118166 330 (560.5)
denovo90 C15b_AY258491 330 (560.5)
denovo90 C15a_AY258476 333 (570.0)
denovo90 C1051_AF195153 330 (569.5)
denovo90 C2_AF333518 331 (568.5)
denovo90 C15.20_HE579026 333 (575.0)
denovo90 C15f_AY589743 330 (566.0)
denovo90 C55_AY589759 336 (573.0)
denovo90 C15_AY239369 330 (569.5)
denovo90 C32.1_JF683335 335 (508.0)
denovo90 C32.2_JF683336 334 (514.0)
denovo90 C21.23_KC597693 334 (514.0)
denovo90 C1193_EU099827 346 (549.0)
denovo90 C1195_EU099821 346 (525.5)
denovo90 C3q_GU907655 342 (524.5)
denovo90 C53_AY589758 342 (541.5)
denovo90 C73_AY765408 342 (540.0)
denovo90 C17.2.1_KC597684 338 (525.0)
denovo90 C32_AY258497 336 (510.5)
denovo90 C1189_EU099831 335 (536.5)
denovo90 C1191_EU099833 334 (543.0)
denovo90 C1196_EU099819 335 (509.5)
denovo90 C1192_EU099820 335 (509.5)
denovo90 C17.1_JF683322 335 (527.5)
denovo90 C26_b2_FN827164 336 (536.5)
denovo90 C26_b3_FN827165 332 (516.0)
denovo90 C31.9_HQ630879 337 (532.0)
denovo90 C31a_AY589746 337 (520.0)
denovo90 C30_AY589745 337 (520.0)
denovo90 C31.1_HQ630876 341 (521.5)
denovo90 C31.5_HQ630877 337 (529.0)
denovo90 C31.6_HQ630878 337 (529.0)
denovo90 C31.2_JF683332 337 (529.0)
denovo90 C31.3_JF683333 337 (520.0)
denovo90 C26/C35a_AY239378 332 (525.0)
denovo90 C35a_AY258501 332 (525.0)
denovo90 C35.2_AY258500 332 (534.0)
denovo90 C26_b1_FN827163 332 (534.0)
denovo90 C17_AY239370 335 (527.5)
denovo90 C17.2_FJ461513 337 (526.5)
denovo90 C31.10_HQ630880 337 (532.0)
denovo90 C31.4_JF683334 341 (527.0)
denovo90 C31_AY258496 337 (529.0)
denovo90 C25_AY239377 334 (557.5)
denovo90 C61_AY589765 335 (495.5)
denovo90 C1043_DQ072721 335 (507.5)
denovo90 C79_AY765414 332 (540.5)
denovo90 C69_AY589773 325 (518.0)
denovo90 C69a_AY686648 325 (509.0)
denovo90 C21.22_KC597692 334 (506.0)
denovo90 C51_AY589756 334 (555.0)
denovo90 C1aa_HM185739 346 (534.0)
denovo90 C1096_DQ068023 335 (526.5)
denovo90 C74_AY765409 338 (551.5)
denovo90 C1185_AB294629 340 (549.0)
denovo90 C1184_AB294630 340 (549.0)
denovo90 C1153_AB294625 340 (558.0)
denovo90 C1154_AB294626 339 (564.5)
denovo90 C1187_AB294627 340 (549.0)
denovo90 C1186_AB294628 340 (549.0)
denovo90 C57_AY589761 340 (558.0)
denovo90 C66_AY589771 340 (558.0)
denovo90 C5_AF499795 336 (541.0)
denovo90 C1167_AB294586 332 (548.0)
denovo90 C1164_AB294593 332 (548.0)
denovo90 C1183_AB294631 332 (566.0)
denovo90 C1067_DQ335381 335 (548.5)
denovo90 C1159_AB294613 337 (541.0)
denovo90 C1150_AB294622 337 (550.0)
denovo90 C90_AM748554 334 (565.5)
denovo90 C1168_AB294583 335 (557.5)
denovo90 C1156_AB294616 333 (561.0)
denovo90 C1151_AB294621 335 (566.5)
denovo90 C92a_AM748561 335 (566.5)
denovo90 C92_AM748560 335 (557.5)
denovo90 C1165_AB294581 329 (557.5)
denovo90 C1166_AB294584 332 (575.0)
denovo90 C1162_AB294594 332 (557.0)
denovo90 C1163_AB294596 330 (569.5)
denovo90 C1161_AB294606 332 (566.0)
denovo90 C1160_AB294608 336 (558.5)
denovo90 C1158_AB294614 334 (571.5)
denovo90 C1155_AB294617 332 (557.0)
denovo90 C1149_AB294620 335 (575.0)
denovo90 C1173_AB294662 332 (575.0)
denovo90 C1171_AB294663 332 (557.0)
denovo90 C1172_AB294665 332 (566.0)
denovo90 C91a_AM748556 334 (571.5)
denovo90 C91b_AM748557 334 (571.0)
denovo90 C91d_AM748559 331 (563.5)
denovo90 C91c_AM748558 331 (563.5)
denovo90 C91_AJ621543 332 (566.0)
denovo90 C91_AM748555 332 (566.0)
denovo90 C1023_DQ335330 324 (512.5)
denovo90 C1020_DQ335392 339 (551.0)
denovo90 C1018_DQ335408 335 (557.5)
denovo90 C1074_DQ335329 335 (548.5)
denovo90 C1030_DQ335353 335 (557.5)
denovo90 C1022_DQ335331 335 (548.5)
denovo90 C1027_DQ335360 335 (566.5)
denovo90 C1072_DQ335344 335 (548.5)
denovo90 C1039_AB190274 335 (566.5)
denovo90 C1033_DQ335350 340 (545.5)
denovo90 C1019_DQ335407 335 (557.5)
denovo90 C1194_EU099826 336 (536.0)
denovo90 C8b_AY258475 336 (526.0)
denovo90 C8_AY239367 337 (534.5)
denovo90 C8a_AY239368 339 (530.5)
denovo90 C54a_AY765406 335 (557.5)
denovo90 C3ff_HM185740 335 (539.5)
denovo90 C59_AY589763 341 (530.0)
denovo90 C3k_AY589737 333 (559.5)
denovo90 C3.24_HE579012 332 (566.0)
denovo90 C3.23_HE579011 333 (559.5)
denovo90 C35.1_AY765401 337 (563.0)
denovo90 C35.3_EF541145 330 (561.0)
denovo90 C76_AY765411 333 (531.0)
denovo90 C1107_DQ335359 337 (522.0)
denovo90 C3.22_HE579010 338 (522.5)
denovo90 C77_AY765412 333 (539.5)
denovo90 C20_AY239371 335 (558.0)
denovo90 C1055_DQ480640 333 (538.5)
denovo90 C27/C30_AY239379 332 (524.5)
denovo90 C27.1_FJ461517 332 (515.5)
denovo90 C40a_AY589747 337 (544.0)
denovo90 C40_AY258485 337 (544.0)
denovo90 C40b_AY589748 341 (536.0)
denovo90 C16_AY258477 338 (548.0)
denovo90 C16a_AY765399 339 (550.0)
denovo90 C1091_AB207186 333 (561.0)
denovo90 C1102_DQ335400 333 (543.0)
denovo90 C1069_DQ335375 335 (549.0)
denovo90 C1073_DQ335332 333 (543.0)
denovo90 C1066_DQ335382 332 (539.0)
denovo90 C1031_DQ335352 338 (557.5)
denovo90 C1026_DQ335366 340 (554.0)
denovo90 C70_AY589774 333 (561.0)
denovo90 C1082_AB190267 333 (543.0)
denovo90 C1078_AB190271 333 (561.0)
denovo90 C1090_AB207191 333 (552.0)
denovo90 C1071_DQ335302 333 (552.0)
denovo90 C1075_DQ335328 333 (552.0)
denovo90 C1068_DQ335379 334 (545.0)
denovo90 C1064_DQ335395 333 (543.0)
denovo90 C1063_DQ335403 332 (559.0)
denovo90 C62_AY589766 333 (552.0)
denovo90 C1077_DQ335316 332 (555.0)
denovo90 C1109_DQ335338 333 (552.0)
denovo90 C1110_DQ335340 333 (543.0)
denovo90 C1106_DQ335339 333 (552.0)
denovo90 C1112_DQ335319 333 (561.0)
denovo90 C1108_DQ335351 333 (552.0)
denovo90 C1105_DQ335394 333 (561.0)
denovo90 C1121_DQ335378 340 (563.0)
denovo90 C1116_AB190268 340 (554.0)
denovo90 C1115_AB190273 340 (563.0)
denovo90 C1124_DQ335323 333 (552.0)
denovo90 C1120_DQ335398 333 (552.0)
denovo90 C1119_DQ335404 333 (561.0)
denovo90 C1123_DQ335363 333 (561.0)
denovo90 C1004_DQ480635 334 (544.5)
denovo90 C1061_AY186568 334 (544.5)
denovo90 C1053_AY186569 334 (544.5)
denovo90 C1003_DQ480639 334 (544.5)
denovo90 C81_GU907657 349 (528.0)
denovo90 C22_AY239373 330 (559.0)
denovo90 C22a_AY239374 332 (556.0)
denovo90 C1232_EU118163 338 (556.0)
denovo90 C21.13_FJ461515 335 (518.5)
denovo90 C21.1_JF683323 333 (530.0)
denovo90 C21.3_JF683325 335 (536.5)
denovo90 C1.20_HE578993 336 (533.0)
denovo90 C1.22_HE578995 336 (533.0)
denovo90 C52_AY589757 332 (551.5)
denovo90 C1201_EU099793 335 (508.0)
denovo90 C14_AY589741 337 (548.0)
denovo90 C43_AY589749 337 (553.5)
denovo90 C50_AY589755 335 (566.5)
denovo90 C3.14_HQ630872 335 (548.5)
denovo90 C1m_AY765398 332 (548.0)
denovo90 C82_GU907658 342 (550.5)
denovo90 C82b_GU907660 342 (550.5)
denovo90 C64_AY589768 353 (549.5)
denovo90 C45a_AY765404 337 (552.5)
denovo90 C48_AY589753 335 (578.0)
denovo90 C1_v1b_FJ919244 337 (545.0)
denovo90 C1_v1a_FJ919243 334 (544.5)
denovo90 C3j_AY239366 335 (539.5)
denovo90 C3t_EF541149 335 (548.5)
denovo90 C9_AF499798 335 (556.0)
denovo90 C23_AY239375 335 (547.5)
denovo90 C37_AY258481 339 (541.0)
denovo90 C1048_DQ068026 337 (543.5)
denovo90 C21.4_JF683326 335 (536.5)
denovo90 C21.5_JF683327 335 (536.5)
denovo90 C1070_DQ335349 335 (548.5)
denovo90 C21.6_HQ630873 335 (536.5)
denovo90 C1224_EU074890 334 (562.5)
denovo90 C1.17_HE578990 334 (562.5)
denovo90 C21_b1_FN827162 332 (528.5)
denovo90 C21.9_JF683330 332 (537.5)
denovo90 C1085_AY624605 332 (559.0)
denovo90 C3p_GU907654 334 (549.0)
denovo90 C3f_AY589734 335 (557.5)
denovo90 C65a_AY589770 335 (548.5)
denovo90 C65_AY589769 335 (557.5)
denovo90 C71_AY589775 335 (548.5)
denovo90 C71a_AY589776 335 (539.5)
denovo90 C1178_AB294647 334 (540.0)
denovo90 C1225_EU074893 332 (557.5)
denovo90 C75_AY765410 338 (548.0)
denovo90 C21.10_JF683331 334 (532.0)
denovo90 C21.11_HQ630874 336 (530.0)
denovo90 C1065_DQ335388 335 (557.5)
denovo90 C1045_DQ068036 335 (566.5)
denovo90 C1h_AY258473 352 (545.5)
denovo90 C38_AY258482 354 (542.5)
denovo90 C1202_EU099799 353 (540.5)
denovo90 C7_AF499797 353 (549.5)
denovo90 C12_AF499801 355 (539.0)
denovo90 C38a_AY258483 354 (547.5)
denovo90 C1200_EU099800 344 (547.0)
denovo90 C44a_AY589751 335 (556.5)
denovo90 C47_AY589752 337 (561.5)
denovo90 C44_AY589750 337 (552.5)
denovo90 C1.15_HE578988 334 (553.5)
denovo90 C45.3_FJ461522 337 (552.5)
denovo90 C46a_AY765405 337 (543.5)
denovo90 C46_EU449108 337 (552.5)
denovo90 C3.12_FJ461507 338 (556.5)
denovo90 C1k_AY589733 337 (543.5)
denovo90 C67_AY686647 337 (552.5)
denovo90 C82a_GU907659 334 (554.0)
denovo90 C10a_AY589739 337 (552.5)
denovo90 C10_AF499799 337 (543.5)
denovo90 C13_AY589740 339 (546.5)
denovo90 C4_AF499794 337 (543.5)
denovo90 C1147_EF656433 337 (543.5)
denovo90 C1c/C45_AY239364 337 (552.5)
denovo90 C1c/C45_EU449103 337 (552.5)
denovo90 C21.19_HE579031 335 (536.5)
denovo90 C21.21_HE579033 335 (527.5)
denovo90 C21.20_HE579032 335 (536.5)
denovo90 C42b_AY765403 337 (544.0)
denovo90 C42_AY258487 337 (544.0)
denovo90 C1p_GU907652 334 (544.5)
denovo90 C1d_AY258488 337 (534.5)
denovo90 C42_AY765402 337 (543.5)
denovo90 C3ha_AY589736 335 (527.5)
denovo90 C63a_AY589767 337 (544.5)
denovo90 C21a_AY589744 335 (536.5)
denovo90 C3o_GU907653 335 (536.0)
denovo90 C21.16_HQ630875 335 (536.0)
denovo90 C21.2_JF683324 335 (527.5)
denovo90 C21.7_JF683328 334 (534.0)
denovo90 C21.8_JF683329 335 (536.5)
denovo90 C3h_AY239365 335 (536.5)
denovo90 C1203_EU099798 335 (527.5)
denovo90 C3.10_FJ461505 335 (566.5)
denovo90 C21.14_FJ461516 335 (545.5)
denovo90 C21.18_HE579030 339 (528.0)
denovo90 C3.17_HE579005 335 (548.5)
denovo90 C3.9_FJ461504 335 (545.0)
denovo90 C3.8_FJ461503 335 (557.0)
denovo90 C3.7_FJ461502 335 (557.5)
denovo90 C3.11_FJ461506 342 (560.0)
denovo90 C3.18_HE579006 335 (548.5)
denovo90 C3.19_HE579007 335 (548.5)
denovo90 C3.20_HE579008 335 (548.5)
denovo90 C3g_AY589735 338 (549.5)
denovo90 C3a_AF499790 333 (560.0)
denovo90 C3e_AF499793 335 (548.5)
denovo90 C6_AF499796 342 (550.5)
denovo90 C11_AF499800 335 (548.5)
denovo90 C36_AY258480 335 (548.5)
denovo90 C29_AY258494 335 (566.5)
denovo90 C1146_EF656434 335 (548.5)
denovo90 C1190_EU099841 335 (566.5)
denovo90 C131_JF320826 335 (557.5)
denovo90 C28_AY239380 340 (556.5)
denovo90 C1012_DQ480604 335 (548.5)
denovo90 C1181_AB294640 335 (551.5)
denovo90 C1180_AB294641 335 (542.5)
denovo90 C1179_AB294645 334 (538.5)
denovo90 C1176_AB294651 333 (545.0)
denovo90 C1175_AB294653 335 (533.5)
denovo90 C1174_AB294655 337 (539.0)
denovo90 C1177_AB294659 335 (542.0)
denovo90 C1040_AB190269 337 (554.0)
denovo90 C1182_AB294649 335 (548.5)
denovo90 C1089_AJ278598 335 (548.5)
denovo90 C1028_DQ335357 342 (559.5)
denovo90 C3.16_EU786015 335 (557.5)
denovo90 C1097_AJ311943 333 (547.0)
denovo90 C1170_AB294661 335 (542.5)
denovo90 C21.17_HE579029 335 (538.5)
denovo90 C21/3d/C3k_AY239372 335 (536.5)
denovo90 C58_AY589762 333 (536.5)
denovo90 C3L_AY589738 338 (553.0)
denovo90 C1169_AB294660 335 (542.5)
denovo90 C3.2_FJ461497 335 (551.5)
denovo90 C3.1_JF683321 334 (556.5)
denovo90 C1104_AF427469 336 (557.0)
denovo90 C3b_AF499791 335 (560.5)
denovo90 C83_GU907661 335 (560.0)
denovo90 C49_AY589754 368 (567.0)
denovo90 C3_AB778606 335 (557.5)
denovo90 C3_AF499789 335 (557.5)
denovo90 C3_HE579001 335 (557.5)
denovo90 C21.12_FJ461514 335 (518.5)
denovo90 C1229_EU074888 331 (558.0)
denovo90 C1230_EU074889 331 (558.0)
denovo90 C1114_AB207196 335 (539.5)
denovo90 C3.21_HE579009 324 (518.5)
denovo90 C1057_DQ480619 336 (551.0)
denovo90 C72_AY765407 331 (544.0)
denovo90 C1b.3_HE578999 334 (538.5)
denovo90 C93_AJ621536 335 (557.5)
denovo90 C94_AJ621539 334 (553.5)
denovo90 C1g_AY589730 334 (562.5)
denovo90 C1i_AY589731 328 (556.0)
denovo90 C1j_AY589732 341 (555.5)
denovo90 C1005_DQ480633 334 (544.5)
denovo90 C1.7_FJ461494 334 (544.5)
denovo90 C1.11_HE578984 338 (548.0)
denovo90 C1.12_HE578985 334 (544.5)
denovo90 C1.13_HE578986 336 (551.0)
denovo90 C1.14_HE578987 336 (551.0)
denovo90 C1.18_HE578991 334 (562.5)
denovo90 C1.19_HE578992 334 (553.0)
denovo90 C1199_EU099802 333 (554.0)
denovo90 C1188_EU099838 334 (553.5)
denovo90 C1002_DQ838544 335 (557.5)
denovo90 C1198_EU099810 334 (544.5)
denovo90 C24_AY239376 334 (544.5)
denovo90 C1f_AY258490 334 (553.5)
denovo90 C1006_DQ480629 334 (562.5)
denovo90 C1010_DQ480607 334 (544.5)
denovo90 C1007_DQ480624 334 (544.5)
denovo90 C1011_DQ480605 334 (544.5)
denovo90 C1009_DQ480608 338 (546.5)
denovo90 C1041_AY186548 334 (553.5)
denovo90 C1052_AY186570 334 (544.5)
denovo90 C1148_EU040178 334 (553.5)
denovo90 C1234_EU118165 335 (543.5)
denovo90 C1.5_EF634157 331 (554.5)
denovo90 C1059_DQ480609 334 (544.5)
denovo90 C1228_EU074883 334 (544.5)
denovo90 C1208_EU074963 334 (544.5)
denovo90 C1207_EU074964 334 (553.5)
denovo90 C1206_EU074965 334 (544.5)
denovo90 C1013_DQ480642 336 (560.0)
denovo90 C80_GU907656 342 (551.0)
denovo90 C1a_AF499788 331 (554.5)
denovo90 C41_AY258486 334 (553.5)
denovo90 C39_AY258484 323 (551.0)
denovo90 C1231_EU074878 334 (553.5)
denovo90 C1b.1_HE578997 334 (547.5)
denovo90 C18_AY258478 334 (553.5)
denovo90 C1.10_HE578983 333 (548.0)
denovo90 C1_JN558041 334 (553.5)
denovo90 C1_HE578979 334 (553.5)
denovo90 C1_AM748551 334 (553.5)
denovo90 C1_AF333515 334 (553.5)
denovo90 C1054_AY186565 333 (557.0)
denovo90 C1008_DQ480613 334 (544.5)
denovo90 C1103_AF427470 335 (553.0)
denovo90 C1226_EU074881 335 (543.5)
denovo90 C1b/C1e_AY239363 334 (547.5)
denovo90 C1044_DQ068038 334 (538.5)
denovo90 C1017_DQ174729 335 (537.5)
denovo90 C1.6_FJ461493 334 (553.5)
denovo90 C1b.2_HE578998 334 (547.5)
denovo90 C1060_DQ480600 334 (553.5)
denovo90 C1227_EU074882 334 (553.5)
denovo90 C1197_EU099814 334 (544.5)
denovo90 C1130_DQ480643 313 (502.0)
denovo90 D109_AB097465 363 (376.5)
denovo90 D1.11_HE579040 364 (371.0)
denovo90 D105_AF174570 366 (367.0)
denovo90 D104_AF174572 360 (361.0)
denovo90 D1.3_JF683337 364 (362.0)
denovo90 D1.10_HE579039 364 (371.0)
denovo90 D110_AF174561 364 (371.0)
denovo90 D117_AF174542 364 (362.0)
denovo90 D114_AF174549 364 (371.0)
denovo90 D113_AF174557 351 (359.5)
denovo90 D112_AF174558 364 (363.5)
denovo90 D106_AF174559 364 (371.0)
denovo90 D111_AF174560 364 (371.5)
denovo90 D115_AF174562 364 (371.0)
denovo90 D107_AF174568 364 (372.0)
denovo90 D116_AF174571 364 (354.5)
denovo90 D124_EU074897 364 (372.5)
denovo90 D1.8_HE579037 361 (372.0)
denovo90 D3_AY686650 364 (371.0)
denovo90 D1.6_HQ630881 364 (362.0)
denovo90 D120_EU074900 364 (354.5)
denovo90 D121_EU074904 364 (363.5)
denovo90 D122_EU074905 364 (362.0)
denovo90 D1a.2_JF683339 366 (371.5)
denovo90 D1a.1_JF683338 364 (372.5)
denovo90 D2_AY686649 597 (437.5)
denovo90 D4_DQ865214 362 (363.0)
denovo90 D1a_AF499802 364 (363.5)
denovo90 D1a_JN558078 364 (363.5)
denovo90 D123_EU074895 363 (368.5)
denovo90 D108_AF174567 364 (371.0)
denovo90 D103_AF174575 364 (363.5)
denovo90 D100_AF411415 370 (361.5)
denovo90 D118_EF656435 360 (378.0)
denovo90 D101_AF411416 375 (348.0)
denovo90 D119_EU099832 371 (358.0)
denovo90 D102_AF174573 363 (371.5)
denovo90 D1_AF334660 364 (371.0)
denovo90 D1_JN558076 364 (371.0)
denovo90 D1.12_HE579041 343 (365.0)
denovo90 D1.1_AM748564 442 (417.5)
denovo90 D1.2_AM748617 438 (405.0)
denovo90 E111_EU074915 345 (386.5)
denovo90 E110_EU074914 365 (383.0)
denovo90 E114_EU074909 365 (383.0)
denovo90 E1_AF334659 366 (373.0)
denovo90 E105_EU074921 365 (383.0)
denovo90 E112_EU074916 365 (374.0)
denovo90 E104_EU074922 365 (383.0)
denovo90 E102_EU074924 374 (378.0)
denovo90 E103_EU074923 365 (383.0)
denovo90 E101_AY160123 370 (358.0)
denovo90 E109_EU074913 352 (398.5)
denovo90 E100_DQ011618 363 (402.0)
denovo90 E108_EU074912 359 (399.0)
denovo90 E113_EU074908 355 (409.0)
denovo90 E107_EU074910 359 (399.0)
denovo90 F1_JN558066 355 (554.0)
denovo90 F5.2d_AJ291530 341 (574.0)
denovo90 F104_AJ291531 341 (574.0)
denovo90 F5.2c_AM748596 341 (565.5)
denovo90 F5.2_AM748594 341 (565.0)
denovo90 F5.2a_AM748614 341 (565.0)
denovo90 F5.2b_AM748595 341 (565.0)
denovo90 F5.2e_AJ291533 342 (566.0)
denovo90 F5.2g_JN558072 338 (565.5)
denovo90 F5.2f_AJ291512 345 (559.5)
denovo90 F102_AJ291534 352 (561.5)
denovo90 F5.1c_AM748593 353 (566.0)
denovo90 F5.1d_JN558069 353 (555.5)
denovo90 F5.1b_AJ291535 353 (591.5)
denovo90 F5.1_AM748592 353 (582.5)
denovo90 F5.1a_AM748591 353 (591.5)
denovo90 F110_AJ291526 333 (613.5)
denovo90 F4.7_AM748587 332 (605.0)
denovo90 F4.5_AM748585 331 (598.5)
denovo90 F4.4a_AM748583 331 (627.0)
denovo90 F4.4_AM748582 331 (615.5)
denovo90 F4.4b_AM748584 324 (640.0)
denovo90 F4.1a_AM748573 333 (577.5)
denovo90 F112_AJ291528 331 (573.0)
denovo90 F4.1_AM748572 331 (573.0)
denovo90 F4.8b_AM748590 337 (615.0)
denovo90 F4.8_AM748588 328 (616.0)
denovo90 F4.8a_AM748589 328 (615.5)
denovo90 F109_AJ291527 334 (611.5)
denovo90 F4.6_AM748586 331 (582.0)
denovo90 F111_AJ311949 326 (608.5)
denovo90 F4.3c_AM748581 327 (620.5)
denovo90 F4.3a_AM748579 327 (629.5)
denovo90 F4.3b_AM748580 327 (629.5)
denovo90 F4.3_AM748578 327 (620.5)
denovo90 F4.2_AM748574 334 (635.0)
denovo90 F4.2a_AM748575 332 (615.0)
denovo90 F4.2c_AM748577 332 (611.5)
denovo90 F4.2b_AM748576 332 (624.0)
denovo90 F2b_AJ291521 344 (587.0)
denovo90 F2_AJ830908 341 (589.0)
denovo90 F2a_AJ830911 341 (584.5)
denovo90 F3.1a_AM748566 354 (541.0)
denovo90 F114_AJ291525 355 (553.0)
denovo90 F3.1_AM748565 355 (553.0)
denovo90 F3.2_AM748567 357 (576.0)
denovo90 F3.2a_AM748568 349 (579.0)
denovo90 F3.3_AM748569 351 (582.0)
denovo90 F3.4a_AM748571 350 (524.0)
denovo90 F3.4_AM748570 346 (530.0)
denovo90 F3.4b_AM748616 346 (530.0)
denovo90 G101_AJ291539 373 (388.0)
denovo90 G1_AM748597 373 (388.0)
denovo90 G2b_JN558087 376 (389.0)
denovo90 G2_AM748598 377 (382.0)
denovo90 G2a_AM748599 380 (373.5)
denovo90 G4_AM748601 368 (452.5)
denovo90 G3.4_LK392378 361 (414.5)
denovo90 G3_AM748600 373 (406.5)
denovo90 G3.2_KC597694 351 (372.5)
denovo90 G3.1_KC597688 365 (426.5)
denovo90 G100_AB253788 354 (421.0)
denovo90 G3.3_LK392377 354 (421.0)
denovo90 H6_AJ291520 633 (296.5)
denovo90 H3_AM748606 312 (520.5)
denovo90 H2_AM748605 323 (543.0)
denovo90 H4_AM748607 321 (541.0)
denovo90 H4a_AM748608 329 (533.5)
denovo90 H5a_AM748611 322 (524.5)
denovo90 H5b_AM748610 324 (520.0)
denovo90 H5_AJ621129 327 (521.5)
denovo90 H5_AM748609 327 (521.5)
denovo90 H100_AJ291513 326 (535.0)
denovo90 H1b_AM748604 326 (539.0)
denovo90 H1a_AM748612 326 (548.0)
denovo90 H1_AJ621152 326 (548.0)
denovo90 H1_AM748602 326 (548.0)
denovo90 I3_FN561561 360 (604.0)
denovo90 I4_FN561562 360 (604.0)
denovo90 I1_FN561559 352 (606.5)
denovo90 I2_FN561560 362 (618.0)

#---------------------------------------
#---------------------------------------
