denovo29 A136_DQ865210 316 (505.0)
denovo29 A133_DQ174725 311 (504.0)
denovo29 A115_AF180123 295 (481.0)
denovo29 A117_AF201746 310 (496.0)
denovo29 A134_DQ174723 312 (501.5)
denovo29 A114_AF184941 312 (501.5)
denovo29 A135_DQ174727 313 (504.5)
denovo29 A2_AF333506 320 (495.0)
denovo29 A101_AF427468 313 (495.5)
denovo29 A2_1_JN558097 313 (495.5)
denovo29 A2_2_JN558100 313 (495.5)
denovo29 A113_AF184948 296 (500.0)
denovo29 A112_AF184949 323 (485.5)
denovo29 A123_EF378618 299 (338.0)
denovo29 A137_EF378621 299 (338.5)
denovo29 A11_EU449041 303 (532.0)
denovo29 A121_DQ174722 293 (533.0)
denovo29 A15b_EU792886 305 (482.0)
denovo29 A15a_EU792885 305 (499.5)
denovo29 A15c_EU792887 305 (490.5)
denovo29 A15_EU792884 305 (491.0)
denovo29 A147_EU074937 303 (512.5)
denovo29 A154_EU074860 303 (512.5)
denovo29 A146_EU074936 304 (505.5)
denovo29 A150_EU074928 304 (514.5)
denovo29 A116_AF183575 304 (505.5)
denovo29 A141_EU074931 304 (514.5)
denovo29 A5_AF333508 293 (533.0)
denovo29 A3b_EU449043 303 (521.5)
denovo29 A151_EU074925 303 (511.5)
denovo29 A152_EU074927 306 (503.5)
denovo29 A149_EU074929 303 (512.5)
denovo29 A140_EU074930 303 (503.5)
denovo29 A142_EU074932 303 (503.5)
denovo29 A143_EU074933 303 (521.5)
denovo29 A144_EU074934 303 (503.5)
denovo29 A145_EU074935 306 (511.5)
denovo29 A148_EU074938 303 (503.5)
denovo29 A155_EU074856 303 (503.5)
denovo29 A156_EU074859 303 (503.5)
denovo29 A139_EU074962 303 (503.5)
denovo29 A6_AF186058 303 (512.5)
denovo29 A3_AF333507 303 (512.5)
denovo29 A3_JN558091 303 (512.5)
denovo29 A8_AY258468 305 (490.0)
denovo29 A7_AY239360 305 (507.5)
denovo29 A16_EU792888 301 (514.0)
denovo29 A4.3_FN429763 303 (499.0)
denovo29 A120_AF180122 298 (493.5)
denovo29 A4.2_FN429761 301 (490.0)
denovo29 A4_AF333509 301 (518.0)
denovo29 A4.1_FN429760 300 (513.0)
denovo29 A4a_AF499778 308 (512.0)
denovo29 A4a.1_FN429762 308 (512.0)
denovo29 A138_EF378620 299 (465.5)
denovo29 A122_EF378619 298 (502.5)
denovo29 A126_EF378615 297 (503.5)
denovo29 A10_EU792882 297 (503.5)
denovo29 A9_EU449028 297 (516.0)
denovo29 A105_AB207202 298 (526.0)
denovo29 A119_AF180121 294 (515.5)
denovo29 A12_EU792883 297 (525.0)
denovo29 A104_AB207203 300 (522.5)
denovo29 A1a_EU449030 299 (529.5)
denovo29 A1.3_HE578976 306 (523.5)
denovo29 A1.4_HE578977 297 (532.5)
denovo29 A13_AF333504 299 (528.5)
denovo29 A13_JN558094 299 (528.5)
denovo29 A110_AB190282 299 (520.5)
denovo29 A103_AB207206 300 (531.5)
denovo29 A130_EF656428 299 (529.5)
denovo29 A127_EF656429 299 (538.0)
denovo29 A128_EF656430 299 (520.5)
denovo29 A129_EF656431 300 (532.0)
denovo29 A131_EF656432 297 (524.5)
denovo29 A118_AF180120 298 (520.5)
denovo29 A1_AF333505 299 (529.5)
denovo29 A107_AB207199 300 (531.5)
denovo29 A111_AB190280 300 (531.5)
denovo29 A108_AB207197 307 (510.5)
denovo29 A106_AB207200 300 (531.0)
denovo29 A102_AB207209 300 (531.5)
denovo29 A1.2_AB207210 300 (531.5)
denovo29 A109_AB190285 300 (531.0)
denovo29 B4_AF333510 309 (1000.0)
denovo29 B23_EU449079 307 (1010.0)
denovo29 B30_GU907644 307 (1001.0)
denovo29 B11_AY239361 308 (1104.0)
denovo29 B17_AY258470 306 (1114.5)
denovo29 B1k_GU907638 257 (572.5)
denovo29 B1.V_Green2014 313 (1081.5)
denovo29 B1b_AF499780 299 (1115.5)
denovo29 B16_AY258469 306 (1132.5)
denovo29 B31a_GU907646 306 (1123.5)
denovo29 B32_GU907647 306 (1123.5)
denovo29 B31_GU907645 306 (1132.5)
denovo29 B1j_GU907637 306 (1123.5)
denovo29 B37_GU907650 308 (1122.0)
denovo29 B5a_AF499782 306 (1123.5)
denovo29 B5_AF499781 306 (1132.5)
denovo29 B24_GU907643 306 (972.5)
denovo29 B117_AF180124 304 (1036.5)
denovo29 B10_AF499787 306 (1123.5)
denovo29 B20_GU907642 308 (1125.5)
denovo29 B1m_GU907640 306 (1132.5)
denovo29 B34_GU907649 306 (1132.5)
denovo29 B1d_GU907633 306 (1141.5)
denovo29 B1e_GU907634 306 (1141.5)
denovo29 B1i_GU907636 306 (1132.5)
denovo29 B1g_GU907635 307 (1141.0)
denovo29 B123_EU074872 306 (1123.5)
denovo29 B8_AF499785 307 (1131.5)
denovo29 B1l_GU907639 306 (1141.5)
denovo29 B1a_AF499779 306 (1132.5)
denovo29 B14_AY239362 307 (1122.5)
denovo29 B125_EU074865 306 (1132.5)
denovo29 B122_EU074871 306 (1132.5)
denovo29 B124_EU074874 306 (1132.5)
denovo29 B1.VII_Green2014 306 (1062.5)
denovo29 B1.III_Green2014 306 (1060.5)
denovo29 B1.I_Green2014 306 (1141.5)
denovo29 B1.II_Green2014 306 (1141.5)
denovo29 B1_JN558057 306 (1141.5)
denovo29 B1_AF333511 306 (1141.5)
denovo29 B1.IV_Green2014 316 (1136.5)
denovo29 B121_EU074870 306 (1132.5)
denovo29 B7_AF499784 306 (1132.5)
denovo29 B1.VI_Green2014 307 (1082.0)
denovo29 B3_AF333514 306 (1029.0)
denovo29 B9_AF499786 306 (1038.0)
denovo29 B19a_JN558055 288 (945.0)
denovo29 B119_EU099825 315 (972.5)
denovo29 B21_DQ865213 302 (1049.0)
denovo29 B38_GU907651 302 (1049.0)
denovo29 B18_AY258471 306 (1056.0)
denovo29 B18a_AY258472 306 (1047.0)
denovo29 B33_GU907648 306 (1047.0)
denovo29 B6_AF499783 311 (1052.5)
denovo29 B19_DQ865212 306 (1065.0)
denovo29 B19_GU907641 306 (1065.0)
denovo29 B2_AF333512 306 (1056.0)
denovo29 B2_JN558060 306 (1056.0)
denovo29 C33.1_AY258498 325 (621.5)
denovo29 C33.2_AY765400 325 (621.5)
denovo29 C33a_EF541147 325 (621.5)
denovo29 C34_AY258499 317 (626.0)
denovo29 C78_AY765413 317 (589.5)
denovo29 C15.29_KC597690 318 (556.0)
denovo29 C1131_DQ182650 311 (562.0)
denovo29 C1135_DQ182646 305 (553.5)
denovo29 C1134_DQ182647 311 (562.0)
denovo29 C1142_DQ182635 305 (553.5)
denovo29 C1136_DQ182644 312 (552.5)
denovo29 C1111_DQ182645 312 (561.5)
denovo29 C1236_EF473656 312 (552.5)
denovo29 C1138_DQ182642 313 (565.5)
denovo29 C1137_DQ182643 312 (552.5)
denovo29 C1133_DQ182648 312 (552.5)
denovo29 C1132_DQ182649 316 (555.0)
denovo29 C1143_DQ182634 312 (561.5)
denovo29 C1139_DQ182639 314 (554.0)
denovo29 C15.28_KC597687 314 (618.0)
denovo29 C1141_DQ182636 314 (572.0)
denovo29 C1144_DQ182637 314 (572.0)
denovo29 C1122_DQ182654 314 (572.0)
denovo29 C1127_DQ182652 314 (581.0)
denovo29 C15.30_JX394114 314 (606.0)
denovo29 C15.26_KC597686 307 (595.5)
denovo29 C1086_DQ182656 314 (597.5)
denovo29 C15.25_KC597685 314 (606.5)
denovo29 C1118_AF180127 306 (579.5)
denovo29 C1129_DQ182651 315 (553.5)
denovo29 C15.21_KC597683 316 (578.0)
denovo29 C56_AY589760 314 (597.0)
denovo29 C1140_DQ182638 316 (559.0)
denovo29 C1126_DQ182653 316 (559.0)
denovo29 C15c_AY258492 316 (605.0)
denovo29 C15d_AY258493 310 (613.0)
denovo29 C1098_DQ182641 305 (605.5)
denovo29 C15.27_KC597689 312 (601.5)
denovo29 C15.18_HE579024 315 (593.0)
denovo29 C15.16_HE579022 321 (619.5)
denovo29 C1101_AB253787 316 (587.0)
denovo29 C1083_AY237300 316 (596.0)
denovo29 C1088_DQ182640 320 (597.0)
denovo29 C15.6_FN563472 316 (596.0)
denovo29 C15.5_FJ461512 318 (592.5)
denovo29 C15.4_FJ461511 318 (601.5)
denovo29 C15.13_HE579019 316 (587.0)
denovo29 C15.12_HE579018 316 (596.0)
denovo29 C93a_AM748563 311 (616.5)
denovo29 C1094_AJ291514 311 (598.5)
denovo29 C93_AM748562 311 (607.5)
denovo29 C15.17_HE579023 318 (586.5)
denovo29 C15e_AY589742 318 (604.5)
denovo29 C15.22_KC597695 316 (596.0)
denovo29 C60_AY589764 316 (605.0)
denovo29 C15.1_FJ461508 316 (596.0)
denovo29 C15.2_FJ461509 316 (596.0)
denovo29 C15.9_FN563475 316 (613.5)
denovo29 C15.7_HE579015 308 (607.5)
denovo29 C15.8_HE579016 316 (596.0)
denovo29 C15.15_HE579021 316 (596.0)
denovo29 C15.19_HE579025 316 (605.0)
denovo29 C15.24_KC597696 316 (587.0)
denovo29 C15.3_FJ461510 318 (601.5)
denovo29 C1087_DQ182655 316 (605.0)
denovo29 C15.14_HE579020 317 (604.0)
denovo29 C15.23_KC597697 317 (604.0)
denovo29 C19_AY258479 315 (614.5)
denovo29 C1233_EU118166 316 (596.0)
denovo29 C15b_AY258491 316 (596.0)
denovo29 C15a_AY258476 318 (610.5)
denovo29 C1051_AF195153 316 (614.0)
denovo29 C2_AF333518 317 (613.0)
denovo29 C15.20_HE579026 317 (604.5)
denovo29 C15f_AY589743 311 (604.5)
denovo29 C55_AY589759 321 (605.0)
denovo29 C15_AY239369 316 (605.0)
denovo29 C32.1_JF683335 315 (572.0)
denovo29 C32.2_JF683336 312 (579.0)
denovo29 C21.23_KC597693 312 (579.0)
denovo29 C1193_EU099827 324 (597.5)
denovo29 C1195_EU099821 319 (592.0)
denovo29 C3q_GU907655 317 (590.0)
denovo29 C53_AY589758 317 (614.5)
denovo29 C73_AY765408 321 (590.5)
denovo29 C17.2.1_KC597684 314 (566.0)
denovo29 C32_AY258497 319 (582.0)
denovo29 C1189_EU099831 309 (580.0)
denovo29 C1191_EU099833 308 (586.5)
denovo29 C1196_EU099819 310 (582.5)
denovo29 C1192_EU099820 310 (582.5)
denovo29 C17.1_JF683322 317 (584.5)
denovo29 C26_b2_FN827164 323 (590.0)
denovo29 C26_b3_FN827165 319 (569.5)
denovo29 C31.9_HQ630879 316 (571.0)
denovo29 C31a_AY589746 316 (567.5)
denovo29 C30_AY589745 316 (576.5)
denovo29 C31.1_HQ630876 315 (584.0)
denovo29 C31.5_HQ630877 313 (578.0)
denovo29 C31.6_HQ630878 316 (576.5)
denovo29 C31.2_JF683332 316 (576.5)
denovo29 C31.3_JF683333 316 (576.5)
denovo29 C26/C35a_AY239378 319 (578.5)
denovo29 C35a_AY258501 319 (578.5)
denovo29 C35.2_AY258500 319 (587.5)
denovo29 C26_b1_FN827163 319 (587.5)
denovo29 C17_AY239370 311 (584.5)
denovo29 C17.2_FJ461513 316 (583.5)
denovo29 C31.10_HQ630880 316 (580.0)
denovo29 C31.4_JF683334 320 (565.0)
denovo29 C31_AY258496 316 (576.5)
denovo29 C25_AY239377 319 (612.5)
denovo29 C61_AY589765 316 (571.0)
denovo29 C1043_DQ072721 311 (582.5)
denovo29 C79_AY765414 313 (609.5)
denovo29 C69_AY589773 301 (620.0)
denovo29 C69a_AY686648 301 (611.0)
denovo29 C21.22_KC597692 308 (577.5)
denovo29 C51_AY589756 312 (600.0)
denovo29 C1aa_HM185739 316 (631.0)
denovo29 C1096_DQ068023 316 (593.0)
denovo29 C74_AY765409 320 (612.5)
denovo29 C1185_AB294629 322 (609.0)
denovo29 C1184_AB294630 322 (609.0)
denovo29 C1153_AB294625 322 (609.0)
denovo29 C1154_AB294626 321 (624.5)
denovo29 C1187_AB294627 322 (609.0)
denovo29 C1186_AB294628 322 (609.0)
denovo29 C57_AY589761 322 (618.0)
denovo29 C66_AY589771 322 (618.0)
denovo29 C5_AF499795 316 (596.0)
denovo29 C1167_AB294586 316 (604.5)
denovo29 C1164_AB294593 316 (596.0)
denovo29 C1183_AB294631 316 (614.0)
denovo29 C1067_DQ335381 311 (605.5)
denovo29 C1159_AB294613 317 (604.0)
denovo29 C1150_AB294622 317 (613.0)
denovo29 C90_AM748554 317 (619.0)
denovo29 C1168_AB294583 308 (615.5)
denovo29 C1156_AB294616 308 (633.5)
denovo29 C1151_AB294621 316 (623.0)
denovo29 C92a_AM748561 308 (633.5)
denovo29 C92_AM748560 308 (624.5)
denovo29 C1165_AB294581 317 (606.0)
denovo29 C1166_AB294584 316 (623.0)
denovo29 C1162_AB294594 316 (613.0)
denovo29 C1163_AB294596 316 (614.0)
denovo29 C1161_AB294606 316 (614.0)
denovo29 C1160_AB294608 317 (616.0)
denovo29 C1158_AB294614 316 (623.0)
denovo29 C1155_AB294617 316 (605.0)
denovo29 C1149_AB294620 316 (614.0)
denovo29 C1173_AB294662 308 (615.0)
denovo29 C1171_AB294663 316 (605.0)
denovo29 C1172_AB294665 316 (605.0)
denovo29 C91a_AM748556 316 (623.0)
denovo29 C91b_AM748557 316 (614.0)
denovo29 C91d_AM748559 315 (611.5)
denovo29 C91c_AM748558 315 (611.5)
denovo29 C91_AJ621543 316 (614.0)
denovo29 C91_AM748555 316 (614.0)
denovo29 C1023_DQ335330 274 (628.5)
denovo29 C1020_DQ335392 315 (608.0)
denovo29 C1018_DQ335408 311 (614.5)
denovo29 C1074_DQ335329 311 (605.5)
denovo29 C1030_DQ335353 311 (605.5)
denovo29 C1022_DQ335331 311 (605.5)
denovo29 C1027_DQ335360 311 (623.5)
denovo29 C1072_DQ335344 311 (605.5)
denovo29 C1039_AB190274 311 (614.5)
denovo29 C1033_DQ335350 316 (602.5)
denovo29 C1019_DQ335407 311 (614.5)
denovo29 C1194_EU099826 311 (599.5)
denovo29 C8b_AY258475 309 (595.0)
denovo29 C8_AY239367 311 (605.5)
denovo29 C8a_AY239368 313 (601.5)
denovo29 C54a_AY765406 311 (623.5)
denovo29 C3ff_HM185740 311 (632.5)
denovo29 C59_AY589763 313 (604.0)
denovo29 C3k_AY589737 313 (614.0)
denovo29 C3.24_HE579012 313 (623.0)
denovo29 C3.23_HE579011 313 (614.0)
denovo29 C35.1_AY765401 318 (625.5)
denovo29 C35.3_EF541145 311 (623.5)
denovo29 C76_AY765411 317 (612.5)
denovo29 C1107_DQ335359 312 (595.0)
denovo29 C3.22_HE579010 314 (597.5)
denovo29 C77_AY765412 317 (604.5)
denovo29 C20_AY239371 309 (618.0)
denovo29 C1055_DQ480640 309 (604.5)
denovo29 C27/C30_AY239379 311 (590.0)
denovo29 C27.1_FJ461517 311 (581.0)
denovo29 C40a_AY589747 313 (620.5)
denovo29 C40_AY258485 313 (620.5)
denovo29 C40b_AY589748 315 (620.5)
denovo29 C16_AY258477 311 (614.5)
denovo29 C16a_AY765399 311 (614.5)
denovo29 C1091_AB207186 317 (615.0)
denovo29 C1102_DQ335400 317 (597.0)
denovo29 C1069_DQ335375 311 (614.5)
denovo29 C1073_DQ335332 311 (614.5)
denovo29 C1066_DQ335382 310 (612.5)
denovo29 C1031_DQ335352 322 (620.5)
denovo29 C1026_DQ335366 316 (620.0)
denovo29 C70_AY589774 317 (624.0)
denovo29 C1082_AB190267 317 (615.0)
denovo29 C1078_AB190271 316 (620.5)
denovo29 C1090_AB207191 317 (615.0)
denovo29 C1071_DQ335302 317 (615.0)
denovo29 C1075_DQ335328 317 (615.0)
denovo29 C1068_DQ335379 317 (606.0)
denovo29 C1064_DQ335395 317 (606.0)
denovo29 C1063_DQ335403 317 (624.0)
denovo29 C62_AY589766 317 (615.0)
denovo29 C1077_DQ335316 318 (614.5)
denovo29 C1109_DQ335338 317 (606.0)
denovo29 C1110_DQ335340 317 (597.0)
denovo29 C1106_DQ335339 317 (597.0)
denovo29 C1112_DQ335319 317 (606.0)
denovo29 C1108_DQ335351 317 (597.0)
denovo29 C1105_DQ335394 317 (606.0)
denovo29 C1121_DQ335378 324 (599.0)
denovo29 C1116_AB190268 324 (608.0)
denovo29 C1115_AB190273 324 (608.0)
denovo29 C1124_DQ335323 317 (588.0)
denovo29 C1120_DQ335398 317 (597.0)
denovo29 C1119_DQ335404 317 (597.0)
denovo29 C1123_DQ335363 317 (597.0)
denovo29 C1004_DQ480635 310 (612.5)
denovo29 C1061_AY186568 311 (606.0)
denovo29 C1053_AY186569 311 (615.0)
denovo29 C1003_DQ480639 311 (615.0)
denovo29 C81_GU907657 299 (595.5)
denovo29 C22_AY239373 306 (616.5)
denovo29 C22a_AY239374 305 (623.0)
denovo29 C1232_EU118163 317 (616.0)
denovo29 C21.13_FJ461515 311 (566.5)
denovo29 C21.1_JF683323 311 (584.5)
denovo29 C21.3_JF683325 310 (601.0)
denovo29 C1.20_HE578993 311 (614.5)
denovo29 C1.22_HE578995 311 (605.5)
denovo29 C52_AY589757 316 (606.5)
denovo29 C1201_EU099793 312 (587.0)
denovo29 C14_AY589741 317 (609.0)
denovo29 C43_AY589749 317 (615.0)
denovo29 C50_AY589755 311 (614.5)
denovo29 C3.14_HQ630872 316 (611.5)
denovo29 C1m_AY765398 317 (615.0)
denovo29 C82_GU907658 325 (620.5)
denovo29 C82b_GU907660 325 (620.5)
denovo29 C64_AY589768 316 (622.0)
denovo29 C45a_AY765404 312 (627.5)
denovo29 C48_AY589753 318 (631.0)
denovo29 C1_v1b_FJ919244 311 (605.5)
denovo29 C1_v1a_FJ919243 311 (614.5)
denovo29 C3j_AY239366 311 (605.5)
denovo29 C3t_EF541149 314 (631.5)
denovo29 C9_AF499798 316 (621.5)
denovo29 C23_AY239375 311 (641.5)
denovo29 C37_AY258481 315 (625.5)
denovo29 C1048_DQ068026 311 (614.5)
denovo29 C21.4_JF683326 311 (584.5)
denovo29 C21.5_JF683327 311 (584.5)
denovo29 C1070_DQ335349 311 (623.5)
denovo29 C21.6_HQ630873 311 (602.5)
denovo29 C1224_EU074890 311 (623.5)
denovo29 C1.17_HE578990 311 (623.5)
denovo29 C21_b1_FN827162 313 (589.5)
denovo29 C21.9_JF683330 313 (598.5)
denovo29 C1085_AY624605 317 (615.0)
denovo29 C3p_GU907654 311 (599.5)
denovo29 C3f_AY589734 311 (623.5)
denovo29 C65a_AY589770 308 (616.0)
denovo29 C65_AY589769 308 (625.0)
denovo29 C71_AY589775 308 (616.0)
denovo29 C71a_AY589776 308 (607.0)
denovo29 C1178_AB294647 310 (607.0)
denovo29 C1225_EU074893 311 (632.5)
denovo29 C75_AY765410 311 (624.0)
denovo29 C21.10_JF683331 318 (589.5)
denovo29 C21.11_HQ630874 318 (589.5)
denovo29 C1065_DQ335388 311 (623.5)
denovo29 C1045_DQ068036 311 (632.5)
denovo29 C1h_AY258473 313 (620.0)
denovo29 C38_AY258482 313 (611.0)
denovo29 C1202_EU099799 313 (611.0)
denovo29 C7_AF499797 313 (620.0)
denovo29 C12_AF499801 315 (609.5)
denovo29 C38a_AY258483 317 (621.5)
denovo29 C1200_EU099800 306 (618.5)
denovo29 C44a_AY589751 310 (622.0)
denovo29 C47_AY589752 318 (619.5)
denovo29 C44_AY589750 310 (621.5)
denovo29 C1.15_HE578988 311 (614.5)
denovo29 C45.3_FJ461522 311 (614.5)
denovo29 C46a_AY765405 310 (613.0)
denovo29 C46_EU449108 310 (622.0)
denovo29 C3.12_FJ461507 311 (623.5)
denovo29 C1k_AY589733 311 (614.5)
denovo29 C67_AY686647 311 (632.5)
denovo29 C82a_GU907659 317 (624.0)
denovo29 C10a_AY589739 317 (615.0)
denovo29 C10_AF499799 311 (623.5)
denovo29 C13_AY589740 313 (626.5)
denovo29 C4_AF499794 311 (614.5)
denovo29 C1147_EF656433 311 (632.5)
denovo29 C1c/C45_AY239364 311 (623.5)
denovo29 C1c/C45_EU449103 311 (623.5)
denovo29 C21.19_HE579031 311 (593.5)
denovo29 C21.21_HE579033 310 (582.5)
denovo29 C21.20_HE579032 310 (591.5)
denovo29 C42b_AY765403 311 (614.5)
denovo29 C42_AY258487 311 (623.5)
denovo29 C1p_GU907652 311 (614.5)
denovo29 C1d_AY258488 311 (614.5)
denovo29 C42_AY765402 311 (614.5)
denovo29 C3ha_AY589736 314 (592.5)
denovo29 C63a_AY589767 315 (591.0)
denovo29 C21a_AY589744 311 (593.5)
denovo29 C3o_GU907653 311 (594.0)
denovo29 C21.16_HQ630875 311 (584.5)
denovo29 C21.2_JF683324 311 (593.5)
denovo29 C21.7_JF683328 311 (593.5)
denovo29 C21.8_JF683329 311 (593.5)
denovo29 C3h_AY239365 311 (584.5)
denovo29 C1203_EU099798 311 (584.5)
denovo29 C3.10_FJ461505 311 (632.5)
denovo29 C21.14_FJ461516 311 (602.5)
denovo29 C21.18_HE579030 314 (590.5)
denovo29 C3.17_HE579005 311 (614.5)
denovo29 C3.9_FJ461504 311 (611.5)
denovo29 C3.8_FJ461503 311 (623.5)
denovo29 C3.7_FJ461502 311 (614.5)
denovo29 C3.11_FJ461506 318 (626.0)
denovo29 C3.18_HE579006 311 (614.5)
denovo29 C3.19_HE579007 311 (614.5)
denovo29 C3.20_HE579008 311 (614.5)
denovo29 C3g_AY589735 314 (606.5)
denovo29 C3a_AF499790 308 (625.5)
denovo29 C3e_AF499793 311 (614.5)
denovo29 C6_AF499796 318 (634.5)
denovo29 C11_AF499800 311 (623.5)
denovo29 C36_AY258480 311 (632.5)
denovo29 C29_AY258494 318 (628.0)
denovo29 C1146_EF656434 318 (619.5)
denovo29 C1190_EU099841 311 (632.5)
denovo29 C131_JF320826 311 (614.5)
denovo29 C28_AY239380 320 (625.0)
denovo29 C1012_DQ480604 311 (623.0)
denovo29 C1181_AB294640 311 (599.5)
denovo29 C1180_AB294641 311 (617.5)
denovo29 C1179_AB294645 310 (606.0)
denovo29 C1176_AB294651 308 (610.5)
denovo29 C1175_AB294653 311 (599.5)
denovo29 C1174_AB294655 318 (604.5)
denovo29 C1177_AB294659 311 (608.5)
denovo29 C1040_AB190269 311 (623.5)
denovo29 C1182_AB294649 311 (614.5)
denovo29 C1089_AJ278598 311 (614.5)
denovo29 C1028_DQ335357 318 (625.5)
denovo29 C3.16_EU786015 311 (632.5)
denovo29 C1097_AJ311943 309 (606.5)
denovo29 C1170_AB294661 311 (608.5)
denovo29 C21.17_HE579029 311 (604.5)
denovo29 C21/3d/C3k_AY239372 311 (593.5)
denovo29 C58_AY589762 311 (590.0)
denovo29 C3L_AY589738 320 (621.0)
denovo29 C1169_AB294660 311 (608.5)
denovo29 C3.2_FJ461497 311 (617.5)
denovo29 C3.1_JF683321 310 (624.0)
denovo29 C1104_AF427469 312 (613.5)
denovo29 C3b_AF499791 311 (626.5)
denovo29 C83_GU907661 313 (622.5)
denovo29 C49_AY589754 352 (621.0)
denovo29 C3_AB778606 311 (623.5)
denovo29 C3_AF499789 311 (623.5)
denovo29 C3_HE579001 311 (623.5)
denovo29 C21.12_FJ461514 311 (575.5)
denovo29 C1229_EU074888 300 (615.0)
denovo29 C1230_EU074889 300 (624.0)
denovo29 C1114_AB207196 311 (605.5)
denovo29 C3.21_HE579009 310 (560.0)
denovo29 C1057_DQ480619 311 (614.5)
denovo29 C72_AY765407 304 (613.0)
denovo29 C1b.3_HE578999 311 (608.5)
denovo29 C93_AJ621536 311 (614.5)
denovo29 C94_AJ621539 311 (614.5)
denovo29 C1g_AY589730 311 (632.5)
denovo29 C1i_AY589731 317 (615.0)
denovo29 C1j_AY589732 318 (625.5)
denovo29 C1005_DQ480633 311 (614.5)
denovo29 C1.7_FJ461494 311 (614.5)
denovo29 C1.11_HE578984 311 (623.5)
denovo29 C1.12_HE578985 318 (619.0)
denovo29 C1.13_HE578986 311 (623.5)
denovo29 C1.14_HE578987 311 (623.5)
denovo29 C1.18_HE578991 311 (614.5)
denovo29 C1.19_HE578992 311 (614.5)
denovo29 C1199_EU099802 310 (606.5)
denovo29 C1188_EU099838 310 (621.5)
denovo29 C1002_DQ838544 310 (621.5)
denovo29 C1198_EU099810 311 (614.5)
denovo29 C24_AY239376 311 (614.5)
denovo29 C1f_AY258490 311 (623.5)
denovo29 C1006_DQ480629 309 (627.5)
denovo29 C1010_DQ480607 311 (614.5)
denovo29 C1007_DQ480624 311 (614.5)
denovo29 C1011_DQ480605 310 (629.0)
denovo29 C1009_DQ480608 310 (622.0)
denovo29 C1041_AY186548 311 (623.5)
denovo29 C1052_AY186570 311 (614.5)
denovo29 C1148_EU040178 310 (621.5)
denovo29 C1234_EU118165 311 (611.5)
denovo29 C1.5_EF634157 311 (623.5)
denovo29 C1059_DQ480609 311 (614.5)
denovo29 C1228_EU074883 318 (628.5)
denovo29 C1208_EU074963 311 (614.5)
denovo29 C1207_EU074964 311 (623.5)
denovo29 C1206_EU074965 311 (614.5)
denovo29 C1013_DQ480642 311 (614.5)
denovo29 C80_GU907656 321 (608.5)
denovo29 C1a_AF499788 311 (614.5)
denovo29 C41_AY258486 311 (623.5)
denovo29 C39_AY258484 296 (620.0)
denovo29 C1231_EU074878 311 (614.5)
denovo29 C1b.1_HE578997 311 (608.5)
denovo29 C18_AY258478 310 (622.0)
denovo29 C1.10_HE578983 303 (634.5)
denovo29 C1_JN558041 311 (623.5)
denovo29 C1_HE578979 311 (623.5)
denovo29 C1_AM748551 311 (623.5)
denovo29 C1_AF333515 311 (623.5)
denovo29 C1054_AY186565 317 (623.0)
denovo29 C1008_DQ480613 311 (614.5)
denovo29 C1103_AF427470 312 (613.5)
denovo29 C1226_EU074881 312 (613.5)
denovo29 C1b/C1e_AY239363 311 (617.5)
denovo29 C1044_DQ068038 311 (608.5)
denovo29 C1017_DQ174729 312 (607.5)
denovo29 C1.6_FJ461493 311 (632.5)
denovo29 C1b.2_HE578998 311 (608.5)
denovo29 C1060_DQ480600 311 (614.5)
denovo29 C1227_EU074882 311 (614.5)
denovo29 C1197_EU099814 311 (614.5)
denovo29 C1130_DQ480643 311 (509.0)
denovo29 D109_AB097465 326 (459.5)
denovo29 D1.11_HE579040 330 (462.5)
denovo29 D105_AF174570 331 (457.0)
denovo29 D104_AF174572 330 (462.5)
denovo29 D1.3_JF683337 331 (456.0)
denovo29 D1.10_HE579039 330 (462.5)
denovo29 D110_AF174561 330 (462.5)
denovo29 D117_AF174542 330 (453.5)
denovo29 D114_AF174549 330 (462.5)
denovo29 D113_AF174557 319 (457.5)
denovo29 D112_AF174558 330 (453.5)
denovo29 D106_AF174559 323 (459.5)
denovo29 D111_AF174560 330 (462.5)
denovo29 D115_AF174562 330 (453.5)
denovo29 D107_AF174568 329 (460.0)
denovo29 D116_AF174571 330 (453.5)
denovo29 D124_EU074897 325 (457.0)
denovo29 D1.8_HE579037 330 (462.5)
denovo29 D3_AY686650 330 (462.5)
denovo29 D1.6_HQ630881 330 (453.5)
denovo29 D120_EU074900 330 (445.0)
denovo29 D121_EU074904 330 (462.5)
denovo29 D122_EU074905 336 (454.0)
denovo29 D1a.2_JF683339 332 (452.5)
denovo29 D1a.1_JF683338 330 (454.0)
denovo29 D2_AY686649 574 (526.5)
denovo29 D4_DQ865214 331 (453.0)
denovo29 D1a_AF499802 330 (454.0)
denovo29 D1a_JN558078 330 (454.0)
denovo29 D123_EU074895 330 (462.5)
denovo29 D108_AF174567 332 (460.0)
denovo29 D103_AF174575 336 (454.0)
denovo29 D100_AF411415 331 (457.0)
denovo29 D118_EF656435 330 (453.0)
denovo29 D101_AF411416 319 (445.0)
denovo29 D119_EU099832 329 (453.0)
denovo29 D102_AF174573 329 (463.0)
denovo29 D1_AF334660 330 (462.5)
denovo29 D1_JN558076 330 (462.5)
denovo29 D1.12_HE579041 312 (465.5)
denovo29 D1.1_AM748564 404 (467.0)
denovo29 D1.2_AM748617 420 (486.5)
denovo29 E111_EU074915 322 (476.5)
denovo29 E110_EU074914 320 (471.0)
denovo29 E114_EU074909 320 (453.0)
denovo29 E1_AF334659 321 (461.0)
denovo29 E105_EU074921 320 (471.0)
denovo29 E112_EU074916 320 (453.0)
denovo29 E104_EU074922 328 (459.0)
denovo29 E102_EU074924 320 (453.0)
denovo29 E103_EU074923 320 (462.0)
denovo29 E101_AY160123 325 (437.0)
denovo29 E109_EU074913 317 (481.0)
denovo29 E100_DQ011618 320 (488.5)
denovo29 E108_EU074912 323 (479.0)
denovo29 E113_EU074908 319 (489.0)
denovo29 E107_EU074910 323 (479.0)
denovo29 F1_JN558066 312 (608.0)
denovo29 F5.2d_AJ291530 315 (644.5)
denovo29 F104_AJ291531 315 (644.5)
denovo29 F5.2c_AM748596 315 (635.5)
denovo29 F5.2_AM748594 315 (636.0)
denovo29 F5.2a_AM748614 315 (636.0)
denovo29 F5.2b_AM748595 315 (644.5)
denovo29 F5.2e_AJ291533 317 (624.0)
denovo29 F5.2g_JN558072 316 (647.0)
denovo29 F5.2f_AJ291512 315 (626.0)
denovo29 F102_AJ291534 315 (635.0)
denovo29 F5.1c_AM748593 316 (657.0)
denovo29 F5.1d_JN558069 317 (631.0)
denovo29 F5.1b_AJ291535 318 (644.0)
denovo29 F5.1_AM748592 316 (647.0)
denovo29 F5.1a_AM748591 316 (647.0)
denovo29 F110_AJ291526 304 (685.5)
denovo29 F4.7_AM748587 304 (671.0)
denovo29 F4.5_AM748585 306 (673.0)
denovo29 F4.4a_AM748583 304 (686.5)
denovo29 F4.4_AM748582 300 (697.0)
denovo29 F4.4b_AM748584 299 (694.0)
denovo29 F4.1a_AM748573 306 (633.5)
denovo29 F112_AJ291528 305 (635.0)
denovo29 F4.1_AM748572 305 (635.0)
denovo29 F4.8b_AM748590 303 (681.0)
denovo29 F4.8_AM748588 303 (672.0)
denovo29 F4.8a_AM748589 303 (672.0)
denovo29 F109_AJ291527 303 (681.0)
denovo29 F4.6_AM748586 303 (646.5)
denovo29 F111_AJ311949 305 (679.0)
denovo29 F4.3c_AM748581 304 (670.5)
denovo29 F4.3a_AM748579 305 (676.5)
denovo29 F4.3b_AM748580 304 (671.0)
denovo29 F4.3_AM748578 306 (669.5)
denovo29 F4.2_AM748574 305 (679.5)
denovo29 F4.2a_AM748575 303 (677.0)
denovo29 F4.2c_AM748577 303 (673.5)
denovo29 F4.2b_AM748576 303 (686.0)
denovo29 F2b_AJ291521 317 (641.0)
denovo29 F2_AJ830908 313 (657.0)
denovo29 F2a_AJ830911 312 (662.5)
denovo29 F3.1a_AM748566 322 (613.5)
denovo29 F114_AJ291525 322 (623.0)
denovo29 F3.1_AM748565 322 (623.0)
denovo29 F3.2_AM748567 323 (642.5)
denovo29 F3.2a_AM748568 316 (658.5)
denovo29 F3.3_AM748569 314 (648.5)
denovo29 F3.4a_AM748571 313 (610.0)
denovo29 F3.4_AM748570 313 (610.0)
denovo29 F3.4b_AM748616 313 (619.0)
denovo29 G101_AJ291539 335 (495.0)
denovo29 G1_AM748597 335 (495.0)
denovo29 G2b_JN558087 338 (479.5)
denovo29 G2_AM748598 338 (479.5)
denovo29 G2a_AM748599 335 (478.5)
denovo29 G4_AM748601 335 (503.0)
denovo29 G3.4_LK392378 327 (480.5)
denovo29 G3_AM748600 329 (502.5)
denovo29 G3.2_KC597694 316 (433.5)
denovo29 G3.1_KC597688 330 (468.5)
denovo29 G100_AB253788 329 (465.0)
denovo29 G3.3_LK392377 333 (468.0)
denovo29 H6_AJ291520 629 (283.5)
denovo29 H3_AM748606 312 (480.5)
denovo29 H2_AM748605 316 (517.5)
denovo29 H4_AM748607 324 (491.0)
denovo29 H4a_AM748608 325 (490.0)
denovo29 H5a_AM748611 313 (487.5)
denovo29 H5b_AM748610 316 (485.5)
denovo29 H5_AJ621129 314 (489.5)
denovo29 H5_AM748609 314 (489.5)
denovo29 H100_AJ291513 322 (474.0)
denovo29 H1b_AM748604 322 (469.0)
denovo29 H1a_AM748612 320 (480.5)
denovo29 H1_AJ621152 322 (478.0)
denovo29 H1_AM748602 322 (478.0)
denovo29 I3_FN561561 311 (661.0)
denovo29 I4_FN561562 311 (661.0)
denovo29 I1_FN561559 313 (666.5)
denovo29 I2_FN561560 338 (658.0)

#---------------------------------------
#---------------------------------------
