denovo97 A136_DQ865210 351 (371.5)
denovo97 A133_DQ174725 327 (386.5)
denovo97 A115_AF180123 351 (364.5)
denovo97 A117_AF201746 354 (410.0)
denovo97 A134_DQ174723 353 (415.5)
denovo97 A114_AF184941 354 (410.0)
denovo97 A135_DQ174727 355 (402.5)
denovo97 A2_AF333506 362 (420.5)
denovo97 A101_AF427468 362 (406.0)
denovo97 A2_1_JN558097 362 (406.0)
denovo97 A2_2_JN558100 362 (406.0)
denovo97 A113_AF184948 352 (379.5)
denovo97 A112_AF184949 353 (391.0)
denovo97 A123_EF378618 351 (311.0)
denovo97 A137_EF378621 341 (363.0)
denovo97 A11_EU449041 348 (402.0)
denovo97 A121_DQ174722 346 (388.5)
denovo97 A15b_EU792886 337 (383.5)
denovo97 A15a_EU792885 337 (393.0)
denovo97 A15c_EU792887 337 (393.5)
denovo97 A15_EU792884 337 (392.5)
denovo97 A147_EU074937 352 (400.0)
denovo97 A154_EU074860 346 (401.0)
denovo97 A146_EU074936 337 (393.0)
denovo97 A150_EU074928 349 (409.0)
denovo97 A116_AF183575 337 (411.0)
denovo97 A141_EU074931 337 (402.0)
denovo97 A5_AF333508 341 (411.5)
denovo97 A3b_EU449043 337 (402.0)
denovo97 A151_EU074925 348 (388.5)
denovo97 A152_EU074927 334 (393.0)
denovo97 A149_EU074929 337 (393.0)
denovo97 A140_EU074930 337 (384.0)
denovo97 A142_EU074932 337 (384.0)
denovo97 A143_EU074933 349 (393.5)
denovo97 A144_EU074934 337 (393.0)
denovo97 A145_EU074935 346 (401.0)
denovo97 A148_EU074938 337 (393.0)
denovo97 A155_EU074856 346 (392.0)
denovo97 A156_EU074859 337 (384.0)
denovo97 A139_EU074962 345 (397.0)
denovo97 A6_AF186058 337 (393.0)
denovo97 A3_AF333507 337 (393.0)
denovo97 A3_JN558091 337 (393.0)
denovo97 A8_AY258468 345 (399.0)
denovo97 A7_AY239360 341 (397.5)
denovo97 A16_EU792888 342 (399.0)
denovo97 A4.3_FN429763 355 (414.5)
denovo97 A120_AF180122 349 (398.5)
denovo97 A4.2_FN429761 351 (430.0)
denovo97 A4_AF333509 354 (421.0)
denovo97 A4.1_FN429760 350 (415.5)
denovo97 A4a_AF499778 354 (412.5)
denovo97 A4a.1_FN429762 354 (412.5)
denovo97 A138_EF378620 354 (429.5)
denovo97 A122_EF378619 350 (419.5)
denovo97 A126_EF378615 349 (420.5)
denovo97 A10_EU792882 349 (420.5)
denovo97 A9_EU449028 353 (417.5)
denovo97 A105_AB207202 352 (414.5)
denovo97 A119_AF180121 335 (416.5)
denovo97 A12_EU792883 351 (421.5)
denovo97 A104_AB207203 349 (414.5)
denovo97 A1a_EU449030 349 (416.0)
denovo97 A1.3_HE578976 351 (411.5)
denovo97 A1.4_HE578977 353 (417.0)
denovo97 A13_AF333504 351 (411.5)
denovo97 A13_JN558094 351 (411.5)
denovo97 A110_AB190282 354 (411.5)
denovo97 A103_AB207206 351 (420.5)
denovo97 A130_EF656428 350 (425.5)
denovo97 A127_EF656429 349 (424.5)
denovo97 A128_EF656430 353 (417.5)
denovo97 A129_EF656431 351 (411.5)
denovo97 A131_EF656432 351 (420.5)
denovo97 A118_AF180120 343 (408.0)
denovo97 A1_AF333505 351 (420.5)
denovo97 A107_AB207199 349 (423.5)
denovo97 A111_AB190280 349 (423.5)
denovo97 A108_AB207197 349 (390.5)
denovo97 A106_AB207200 349 (415.5)
denovo97 A102_AB207209 349 (414.5)
denovo97 A1.2_AB207210 349 (414.5)
denovo97 A109_AB190285 349 (423.0)
denovo97 B4_AF333510 325 (611.5)
denovo97 B23_EU449079 336 (505.0)
denovo97 B30_GU907644 345 (504.0)
denovo97 B11_AY239361 344 (545.5)
denovo97 B17_AY258470 348 (537.0)
denovo97 B1k_GU907638 305 (318.5)
denovo97 B1.V_Green2014 346 (508.0)
denovo97 B1b_AF499780 332 (513.5)
denovo97 B16_AY258469 339 (549.0)
denovo97 B31a_GU907646 342 (530.0)
denovo97 B32_GU907647 342 (530.0)
denovo97 B31_GU907645 342 (539.0)
denovo97 B1j_GU907637 342 (548.0)
denovo97 B37_GU907650 351 (549.0)
denovo97 B5a_AF499782 341 (535.5)
denovo97 B5_AF499781 341 (544.5)
denovo97 B24_GU907643 329 (494.5)
denovo97 B117_AF180124 344 (545.0)
denovo97 B10_AF499787 341 (545.5)
denovo97 B20_GU907642 344 (540.5)
denovo97 B1m_GU907640 342 (548.0)
denovo97 B34_GU907649 342 (548.0)
denovo97 B1d_GU907633 342 (548.5)
denovo97 B1e_GU907634 342 (548.5)
denovo97 B1i_GU907636 342 (548.0)
denovo97 B1g_GU907635 345 (534.5)
denovo97 B123_EU074872 342 (539.5)
denovo97 B8_AF499785 343 (538.5)
denovo97 B1l_GU907639 342 (539.0)
denovo97 B1a_AF499779 342 (548.0)
denovo97 B14_AY239362 343 (538.0)
denovo97 B125_EU074865 342 (539.0)
denovo97 B122_EU074871 342 (539.0)
denovo97 B124_EU074874 342 (539.0)
denovo97 B1.VII_Green2014 337 (526.5)
denovo97 B1.III_Green2014 336 (520.5)
denovo97 B1.I_Green2014 342 (548.0)
denovo97 B1.II_Green2014 342 (548.0)
denovo97 B1_JN558057 342 (548.0)
denovo97 B1_AF333511 342 (548.0)
denovo97 B1.IV_Green2014 353 (546.5)
denovo97 B121_EU074870 343 (550.0)
denovo97 B7_AF499784 342 (557.0)
denovo97 B1.VI_Green2014 340 (542.5)
denovo97 B3_AF333514 341 (540.5)
denovo97 B9_AF499786 337 (528.5)
denovo97 B19a_JN558055 334 (493.0)
denovo97 B119_EU099825 350 (484.0)
denovo97 B21_DQ865213 334 (516.5)
denovo97 B38_GU907651 334 (516.5)
denovo97 B18_AY258471 341 (531.5)
denovo97 B18a_AY258472 341 (522.5)
denovo97 B33_GU907648 337 (519.0)
denovo97 B6_AF499783 338 (531.0)
denovo97 B19_DQ865212 337 (529.0)
denovo97 B19_GU907641 337 (529.0)
denovo97 B2_AF333512 337 (538.0)
denovo97 B2_JN558060 337 (538.0)
denovo97 C33.1_AY258498 309 (1188.5)
denovo97 C33.2_AY765400 309 (1188.5)
denovo97 C33a_EF541147 309 (1188.5)
denovo97 C34_AY258499 309 (1197.5)
denovo97 C78_AY765413 311 (1148.0)
denovo97 C15.29_KC597690 311 (1165.5)
denovo97 C1131_DQ182650 309 (1105.5)
denovo97 C1135_DQ182646 308 (1102.5)
denovo97 C1134_DQ182647 308 (1102.5)
denovo97 C1142_DQ182635 308 (1111.5)
denovo97 C1136_DQ182644 309 (1067.0)
denovo97 C1111_DQ182645 309 (1067.0)
denovo97 C1236_EF473656 309 (1076.0)
denovo97 C1138_DQ182642 309 (1076.0)
denovo97 C1137_DQ182643 309 (1076.0)
denovo97 C1133_DQ182648 309 (1076.0)
denovo97 C1132_DQ182649 309 (1076.0)
denovo97 C1143_DQ182634 309 (1085.0)
denovo97 C1139_DQ182639 306 (1124.5)
denovo97 C15.28_KC597687 309 (1160.5)
denovo97 C1141_DQ182636 309 (1123.5)
denovo97 C1144_DQ182637 309 (1114.5)
denovo97 C1122_DQ182654 309 (1123.5)
denovo97 C1127_DQ182652 309 (1123.5)
denovo97 C15.30_JX394114 309 (1169.5)
denovo97 C15.26_KC597686 309 (1178.5)
denovo97 C1086_DQ182656 309 (1178.5)
denovo97 C15.25_KC597685 309 (1187.5)
denovo97 C1118_AF180127 305 (1101.0)
denovo97 C1129_DQ182651 309 (1150.5)
denovo97 C15.21_KC597683 309 (1178.5)
denovo97 C56_AY589760 309 (1187.5)
denovo97 C1140_DQ182638 309 (1150.5)
denovo97 C1126_DQ182653 309 (1141.5)
denovo97 C15c_AY258492 310 (1198.5)
denovo97 C15d_AY258493 310 (1189.5)
denovo97 C1098_DQ182641 309 (1167.0)
denovo97 C15.27_KC597689 309 (1196.5)
denovo97 C15.18_HE579024 309 (1196.5)
denovo97 C15.16_HE579022 309 (1196.5)
denovo97 C1101_AB253787 309 (1196.5)
denovo97 C1083_AY237300 309 (1196.5)
denovo97 C1088_DQ182640 309 (1196.5)
denovo97 C15.6_FN563472 309 (1205.5)
denovo97 C15.5_FJ461512 309 (1205.5)
denovo97 C15.4_FJ461511 309 (1214.5)
denovo97 C15.13_HE579019 309 (1205.5)
denovo97 C15.12_HE579018 309 (1214.5)
denovo97 C93a_AM748563 309 (1206.0)
denovo97 C1094_AJ291514 309 (1196.5)
denovo97 C93_AM748562 309 (1197.0)
denovo97 C15.17_HE579023 309 (1190.5)
denovo97 C15e_AY589742 309 (1190.5)
denovo97 C15.22_KC597695 309 (1205.5)
denovo97 C60_AY589764 309 (1205.5)
denovo97 C15.1_FJ461508 309 (1205.5)
denovo97 C15.2_FJ461509 309 (1205.5)
denovo97 C15.9_FN563475 309 (1205.5)
denovo97 C15.7_HE579015 309 (1205.5)
denovo97 C15.8_HE579016 310 (1217.0)
denovo97 C15.15_HE579021 309 (1214.5)
denovo97 C15.19_HE579025 309 (1205.5)
denovo97 C15.24_KC597696 309 (1196.5)
denovo97 C15.3_FJ461510 309 (1214.5)
denovo97 C1087_DQ182655 309 (1205.5)
denovo97 C15.14_HE579020 310 (1195.5)
denovo97 C15.23_KC597697 310 (1195.5)
denovo97 C19_AY258479 309 (1199.5)
denovo97 C1233_EU118166 309 (1205.5)
denovo97 C15b_AY258491 307 (1208.5)
denovo97 C15a_AY258476 309 (1223.5)
denovo97 C1051_AF195153 309 (1215.0)
denovo97 C2_AF333518 310 (1205.0)
denovo97 C15.20_HE579026 310 (1204.5)
denovo97 C15f_AY589743 310 (1204.5)
denovo97 C55_AY589759 313 (1203.0)
denovo97 C15_AY239369 309 (1214.5)
denovo97 C32.1_JF683335 315 (1049.0)
denovo97 C32.2_JF683336 318 (1065.0)
denovo97 C21.23_KC597693 318 (1065.0)
denovo97 C1193_EU099827 306 (1185.0)
denovo97 C1195_EU099821 317 (1147.5)
denovo97 C3q_GU907655 310 (1139.0)
denovo97 C53_AY589758 305 (1204.0)
denovo97 C73_AY765408 314 (1145.5)
denovo97 C17.2.1_KC597684 311 (1144.5)
denovo97 C32_AY258497 309 (1167.0)
denovo97 C1189_EU099831 309 (1185.0)
denovo97 C1191_EU099833 309 (1176.0)
denovo97 C1196_EU099819 309 (1176.0)
denovo97 C1192_EU099820 309 (1176.0)
denovo97 C17.1_JF683322 309 (1185.0)
denovo97 C26_b2_FN827164 310 (1175.0)
denovo97 C26_b3_FN827165 310 (1166.0)
denovo97 C31.9_HQ630879 311 (1171.0)
denovo97 C31a_AY589746 312 (1161.0)
denovo97 C30_AY589745 312 (1161.0)
denovo97 C31.1_HQ630876 312 (1161.0)
denovo97 C31.5_HQ630877 312 (1161.0)
denovo97 C31.6_HQ630878 312 (1161.0)
denovo97 C31.2_JF683332 312 (1161.0)
denovo97 C31.3_JF683333 312 (1161.0)
denovo97 C26/C35a_AY239378 310 (1175.0)
denovo97 C35a_AY258501 310 (1175.0)
denovo97 C35.2_AY258500 310 (1184.0)
denovo97 C26_b1_FN827163 310 (1184.0)
denovo97 C17_AY239370 309 (1194.0)
denovo97 C17.2_FJ461513 311 (1183.5)
denovo97 C31.10_HQ630880 311 (1180.0)
denovo97 C31.4_JF683334 312 (1183.5)
denovo97 C31_AY258496 312 (1170.0)
denovo97 C25_AY239377 311 (1168.5)
denovo97 C61_AY589765 309 (1154.0)
denovo97 C1043_DQ072721 309 (1183.0)
denovo97 C79_AY765414 309 (1206.0)
denovo97 C69_AY589773 310 (1101.0)
denovo97 C69a_AY686648 310 (1092.0)
denovo97 C21.22_KC597692 309 (1158.0)
denovo97 C51_AY589756 309 (1197.0)
denovo97 C1aa_HM185739 309 (1162.0)
denovo97 C1096_DQ068023 304 (1180.0)
denovo97 C74_AY765409 310 (1178.0)
denovo97 C1185_AB294629 310 (1187.0)
denovo97 C1184_AB294630 310 (1187.0)
denovo97 C1153_AB294625 310 (1187.0)
denovo97 C1154_AB294626 310 (1187.0)
denovo97 C1187_AB294627 310 (1187.0)
denovo97 C1186_AB294628 310 (1187.0)
denovo97 C57_AY589761 310 (1196.0)
denovo97 C66_AY589771 310 (1196.0)
denovo97 C5_AF499795 309 (1215.0)
denovo97 C1167_AB294586 309 (1206.0)
denovo97 C1164_AB294593 309 (1206.0)
denovo97 C1183_AB294631 309 (1206.0)
denovo97 C1067_DQ335381 309 (1206.0)
denovo97 C1159_AB294613 310 (1187.0)
denovo97 C1150_AB294622 310 (1196.0)
denovo97 C90_AM748554 311 (1222.5)
denovo97 C1168_AB294583 309 (1206.0)
denovo97 C1156_AB294616 309 (1206.0)
denovo97 C1151_AB294621 309 (1224.0)
denovo97 C92a_AM748561 309 (1206.0)
denovo97 C92_AM748560 309 (1215.0)
denovo97 C1165_AB294581 309 (1215.0)
denovo97 C1166_AB294584 309 (1215.5)
denovo97 C1162_AB294594 309 (1215.0)
denovo97 C1163_AB294596 309 (1215.0)
denovo97 C1161_AB294606 309 (1215.0)
denovo97 C1160_AB294608 309 (1215.0)
denovo97 C1158_AB294614 309 (1215.0)
denovo97 C1155_AB294617 312 (1223.5)
denovo97 C1149_AB294620 309 (1215.0)
denovo97 C1173_AB294662 309 (1215.0)
denovo97 C1171_AB294663 310 (1226.5)
denovo97 C1172_AB294665 310 (1226.0)
denovo97 C91a_AM748556 309 (1215.0)
denovo97 C91b_AM748557 309 (1215.0)
denovo97 C91d_AM748559 309 (1215.0)
denovo97 C91c_AM748558 309 (1215.0)
denovo97 C91_AJ621543 309 (1224.0)
denovo97 C91_AM748555 309 (1224.0)
denovo97 C1023_DQ335330 309 (978.0)
denovo97 C1020_DQ335392 309 (1224.0)
denovo97 C1018_DQ335408 309 (1224.0)
denovo97 C1074_DQ335329 309 (1224.0)
denovo97 C1030_DQ335353 309 (1224.5)
denovo97 C1022_DQ335331 309 (1224.0)
denovo97 C1027_DQ335360 309 (1224.0)
denovo97 C1072_DQ335344 309 (1224.0)
denovo97 C1039_AB190274 309 (1224.0)
denovo97 C1033_DQ335350 314 (1221.0)
denovo97 C1019_DQ335407 309 (1233.0)
denovo97 C1194_EU099826 309 (1182.0)
denovo97 C8b_AY258475 311 (1179.0)
denovo97 C8_AY239367 309 (1197.0)
denovo97 C8a_AY239368 309 (1188.0)
denovo97 C54a_AY765406 309 (1215.0)
denovo97 C3ff_HM185740 309 (1215.0)
denovo97 C59_AY589763 311 (1177.0)
denovo97 C3k_AY589737 309 (1206.0)
denovo97 C3.24_HE579012 309 (1188.0)
denovo97 C3.23_HE579011 309 (1197.0)
denovo97 C35.1_AY765401 309 (1206.0)
denovo97 C35.3_EF541145 309 (1215.0)
denovo97 C76_AY765411 309 (1185.0)
denovo97 C1107_DQ335359 309 (1192.0)
denovo97 C3.22_HE579010 311 (1223.0)
denovo97 C77_AY765412 311 (1189.5)
denovo97 C20_AY239371 309 (1224.0)
denovo97 C1055_DQ480640 310 (1205.0)
denovo97 C27/C30_AY239379 310 (1175.0)
denovo97 C27.1_FJ461517 310 (1166.0)
denovo97 C40a_AY589747 309 (1215.0)
denovo97 C40_AY258485 309 (1224.0)
denovo97 C40b_AY589748 310 (1214.0)
denovo97 C16_AY258477 309 (1224.0)
denovo97 C16a_AY765399 309 (1215.0)
denovo97 C1091_AB207186 309 (1224.0)
denovo97 C1102_DQ335400 309 (1224.0)
denovo97 C1069_DQ335375 309 (1206.0)
denovo97 C1073_DQ335332 309 (1215.0)
denovo97 C1066_DQ335382 309 (1206.0)
denovo97 C1031_DQ335352 309 (1224.0)
denovo97 C1026_DQ335366 309 (1233.0)
denovo97 C70_AY589774 309 (1233.0)
denovo97 C1082_AB190267 309 (1215.0)
denovo97 C1078_AB190271 309 (1215.0)
denovo97 C1090_AB207191 309 (1215.0)
denovo97 C1071_DQ335302 309 (1215.0)
denovo97 C1075_DQ335328 309 (1215.0)
denovo97 C1068_DQ335379 309 (1215.0)
denovo97 C1064_DQ335395 309 (1215.0)
denovo97 C1063_DQ335403 309 (1215.0)
denovo97 C62_AY589766 309 (1224.0)
denovo97 C1077_DQ335316 310 (1214.0)
denovo97 C1109_DQ335338 309 (1224.0)
denovo97 C1110_DQ335340 309 (1215.0)
denovo97 C1106_DQ335339 309 (1206.0)
denovo97 C1112_DQ335319 309 (1215.0)
denovo97 C1108_DQ335351 309 (1206.0)
denovo97 C1105_DQ335394 309 (1215.0)
denovo97 C1121_DQ335378 309 (1197.0)
denovo97 C1116_AB190268 309 (1206.0)
denovo97 C1115_AB190273 309 (1197.0)
denovo97 C1124_DQ335323 309 (1197.0)
denovo97 C1120_DQ335398 309 (1197.0)
denovo97 C1119_DQ335404 309 (1197.0)
denovo97 C1123_DQ335363 309 (1206.0)
denovo97 C1004_DQ480635 309 (1206.0)
denovo97 C1061_AY186568 310 (1208.0)
denovo97 C1053_AY186569 309 (1206.0)
denovo97 C1003_DQ480639 309 (1215.0)
denovo97 C81_GU907657 309 (1098.0)
denovo97 C22_AY239373 309 (1195.5)
denovo97 C22a_AY239374 309 (1186.5)
denovo97 C1232_EU118163 309 (1215.0)
denovo97 C21.13_FJ461515 309 (1167.0)
denovo97 C21.1_JF683323 309 (1194.0)
denovo97 C21.3_JF683325 309 (1194.0)
denovo97 C1.20_HE578993 309 (1206.0)
denovo97 C1.22_HE578995 309 (1206.0)
denovo97 C52_AY589757 309 (1200.0)
denovo97 C1201_EU099793 311 (1180.0)
denovo97 C14_AY589741 309 (1182.0)
denovo97 C43_AY589749 309 (1197.0)
denovo97 C50_AY589755 309 (1224.0)
denovo97 C3.14_HQ630872 309 (1224.0)
denovo97 C1m_AY765398 309 (1215.0)
denovo97 C82_GU907658 309 (1197.0)
denovo97 C82b_GU907660 309 (1197.0)
denovo97 C64_AY589768 309 (1215.0)
denovo97 C45a_AY765404 309 (1197.0)
denovo97 C48_AY589753 311 (1222.5)
denovo97 C1_v1b_FJ919244 309 (1215.0)
denovo97 C1_v1a_FJ919243 309 (1224.0)
denovo97 C3j_AY239366 309 (1224.0)
denovo97 C3t_EF541149 309 (1224.0)
denovo97 C9_AF499798 309 (1206.0)
denovo97 C23_AY239375 309 (1215.0)
denovo97 C37_AY258481 309 (1206.0)
denovo97 C1048_DQ068026 309 (1206.0)
denovo97 C21.4_JF683326 309 (1203.0)
denovo97 C21.5_JF683327 309 (1212.0)
denovo97 C1070_DQ335349 311 (1229.0)
denovo97 C21.6_HQ630873 311 (1199.0)
denovo97 C1224_EU074890 309 (1215.0)
denovo97 C1.17_HE578990 309 (1224.0)
denovo97 C21_b1_FN827162 309 (1185.0)
denovo97 C21.9_JF683330 309 (1194.0)
denovo97 C1085_AY624605 309 (1224.0)
denovo97 C3p_GU907654 305 (1225.0)
denovo97 C3f_AY589734 309 (1233.0)
denovo97 C65a_AY589770 309 (1224.0)
denovo97 C65_AY589769 309 (1233.0)
denovo97 C71_AY589775 309 (1224.0)
denovo97 C71a_AY589776 309 (1215.0)
denovo97 C1178_AB294647 309 (1209.0)
denovo97 C1225_EU074893 309 (1215.0)
denovo97 C75_AY765410 309 (1224.0)
denovo97 C21.10_JF683331 309 (1185.0)
denovo97 C21.11_HQ630874 309 (1194.0)
denovo97 C1065_DQ335388 307 (1227.5)
denovo97 C1045_DQ068036 309 (1233.0)
denovo97 C1h_AY258473 309 (1224.0)
denovo97 C38_AY258482 309 (1224.0)
denovo97 C1202_EU099799 309 (1224.0)
denovo97 C7_AF499797 309 (1233.0)
denovo97 C12_AF499801 309 (1235.0)
denovo97 C38a_AY258483 310 (1214.0)
denovo97 C1200_EU099800 309 (1168.5)
denovo97 C44a_AY589751 309 (1206.0)
denovo97 C47_AY589752 309 (1206.0)
denovo97 C44_AY589750 309 (1215.0)
denovo97 C1.15_HE578988 309 (1224.0)
denovo97 C45.3_FJ461522 309 (1215.0)
denovo97 C46a_AY765405 309 (1206.0)
denovo97 C46_EU449108 309 (1215.0)
denovo97 C3.12_FJ461507 309 (1233.0)
denovo97 C1k_AY589733 309 (1215.0)
denovo97 C67_AY686647 309 (1215.0)
denovo97 C82a_GU907659 309 (1215.0)
denovo97 C10a_AY589739 309 (1206.0)
denovo97 C10_AF499799 309 (1215.0)
denovo97 C13_AY589740 315 (1202.5)
denovo97 C4_AF499794 310 (1226.5)
denovo97 C1147_EF656433 309 (1215.0)
denovo97 C1c/C45_AY239364 309 (1224.0)
denovo97 C1c/C45_EU449103 309 (1224.0)
denovo97 C21.19_HE579031 309 (1185.0)
denovo97 C21.21_HE579033 312 (1175.5)
denovo97 C21.20_HE579032 309 (1176.0)
denovo97 C42b_AY765403 310 (1208.0)
denovo97 C42_AY258487 309 (1206.0)
denovo97 C1p_GU907652 309 (1224.0)
denovo97 C1d_AY258488 309 (1206.0)
denovo97 C42_AY765402 309 (1215.0)
denovo97 C3ha_AY589736 309 (1185.0)
denovo97 C63a_AY589767 311 (1174.5)
denovo97 C21a_AY589744 309 (1194.5)
denovo97 C3o_GU907653 309 (1194.0)
denovo97 C21.16_HQ630875 309 (1194.0)
denovo97 C21.2_JF683324 309 (1194.0)
denovo97 C21.7_JF683328 309 (1194.0)
denovo97 C21.8_JF683329 309 (1194.0)
denovo97 C3h_AY239365 306 (1203.5)
denovo97 C1203_EU099798 304 (1207.0)
denovo97 C3.10_FJ461505 309 (1233.0)
denovo97 C21.14_FJ461516 309 (1194.0)
denovo97 C21.18_HE579030 315 (1181.5)
denovo97 C3.17_HE579005 309 (1233.0)
denovo97 C3.9_FJ461504 309 (1203.0)
denovo97 C3.8_FJ461503 309 (1233.0)
denovo97 C3.7_FJ461502 309 (1242.0)
denovo97 C3.11_FJ461506 309 (1233.0)
denovo97 C3.18_HE579006 309 (1233.0)
denovo97 C3.19_HE579007 309 (1233.0)
denovo97 C3.20_HE579008 311 (1238.5)
denovo97 C3g_AY589735 311 (1222.5)
denovo97 C3a_AF499790 309 (1233.0)
denovo97 C3e_AF499793 309 (1233.0)
denovo97 C6_AF499796 309 (1224.0)
denovo97 C11_AF499800 309 (1233.0)
denovo97 C36_AY258480 309 (1233.0)
denovo97 C29_AY258494 309 (1233.0)
denovo97 C1146_EF656434 309 (1233.0)
denovo97 C1190_EU099841 309 (1233.5)
denovo97 C131_JF320826 309 (1233.0)
denovo97 C28_AY239380 311 (1222.5)
denovo97 C1012_DQ480604 309 (1233.0)
denovo97 C1181_AB294640 309 (1227.0)
denovo97 C1180_AB294641 309 (1218.0)
denovo97 C1179_AB294645 309 (1218.0)
denovo97 C1176_AB294651 309 (1218.0)
denovo97 C1175_AB294653 309 (1218.0)
denovo97 C1174_AB294655 309 (1218.0)
denovo97 C1177_AB294659 309 (1218.0)
denovo97 C1040_AB190269 309 (1233.0)
denovo97 C1182_AB294649 309 (1242.0)
denovo97 C1089_AJ278598 309 (1233.0)
denovo97 C1028_DQ335357 309 (1233.0)
denovo97 C3.16_EU786015 309 (1233.0)
denovo97 C1097_AJ311943 310 (1223.0)
denovo97 C1170_AB294661 309 (1218.0)
denovo97 C21.17_HE579029 309 (1205.0)
denovo97 C21/3d/C3k_AY239372 309 (1203.0)
denovo97 C58_AY589762 310 (1193.0)
denovo97 C3L_AY589738 312 (1201.0)
denovo97 C1169_AB294660 309 (1227.0)
denovo97 C3.2_FJ461497 309 (1236.0)
denovo97 C3.1_JF683321 309 (1227.0)
denovo97 C1104_AF427469 310 (1232.0)
denovo97 C3b_AF499791 309 (1227.0)
denovo97 C83_GU907661 311 (1231.5)
denovo97 C49_AY589754 350 (1212.0)
denovo97 C3_AB778606 309 (1242.0)
denovo97 C3_AF499789 309 (1242.0)
denovo97 C3_HE579001 309 (1242.0)
denovo97 C21.12_FJ461514 309 (1185.0)
denovo97 C1229_EU074888 309 (1156.0)
denovo97 C1230_EU074889 309 (1165.0)
denovo97 C1114_AB207196 307 (1245.0)
denovo97 C3.21_HE579009 300 (1220.5)
denovo97 C1057_DQ480619 307 (1218.5)
denovo97 C72_AY765407 309 (1187.0)
denovo97 C1b.3_HE578999 312 (1226.5)
denovo97 C93_AJ621536 309 (1241.5)
denovo97 C94_AJ621539 309 (1232.5)
denovo97 C1g_AY589730 309 (1224.5)
denovo97 C1i_AY589731 309 (1215.0)
denovo97 C1j_AY589732 309 (1224.0)
denovo97 C1005_DQ480633 309 (1224.0)
denovo97 C1.7_FJ461494 309 (1224.0)
denovo97 C1.11_HE578984 309 (1224.0)
denovo97 C1.12_HE578985 309 (1224.0)
denovo97 C1.13_HE578986 309 (1224.0)
denovo97 C1.14_HE578987 309 (1224.0)
denovo97 C1.18_HE578991 309 (1233.0)
denovo97 C1.19_HE578992 306 (1233.5)
denovo97 C1199_EU099802 309 (1200.0)
denovo97 C1188_EU099838 309 (1215.0)
denovo97 C1002_DQ838544 309 (1233.0)
denovo97 C1198_EU099810 309 (1224.0)
denovo97 C24_AY239376 304 (1219.0)
denovo97 C1f_AY258490 309 (1224.0)
denovo97 C1006_DQ480629 309 (1224.0)
denovo97 C1010_DQ480607 309 (1224.0)
denovo97 C1007_DQ480624 309 (1215.0)
denovo97 C1011_DQ480605 309 (1224.0)
denovo97 C1009_DQ480608 309 (1224.0)
denovo97 C1041_AY186548 309 (1215.0)
denovo97 C1052_AY186570 309 (1224.0)
denovo97 C1148_EU040178 309 (1224.0)
denovo97 C1234_EU118165 310 (1214.0)
denovo97 C1.5_EF634157 309 (1224.0)
denovo97 C1059_DQ480609 307 (1227.5)
denovo97 C1228_EU074883 309 (1224.0)
denovo97 C1208_EU074963 309 (1224.0)
denovo97 C1207_EU074964 309 (1224.0)
denovo97 C1206_EU074965 309 (1224.0)
denovo97 C1013_DQ480642 309 (1233.0)
denovo97 C80_GU907656 319 (1209.5)
denovo97 C1a_AF499788 309 (1224.0)
denovo97 C41_AY258486 309 (1224.0)
denovo97 C39_AY258484 309 (1146.5)
denovo97 C1231_EU074878 309 (1233.0)
denovo97 C1b.1_HE578997 309 (1227.0)
denovo97 C18_AY258478 309 (1224.0)
denovo97 C1.10_HE578983 309 (1185.0)
denovo97 C1_JN558041 309 (1233.0)
denovo97 C1_HE578979 309 (1233.0)
denovo97 C1_AM748551 309 (1233.0)
denovo97 C1_AF333515 309 (1233.0)
denovo97 C1054_AY186565 310 (1223.0)
denovo97 C1008_DQ480613 309 (1224.0)
denovo97 C1103_AF427470 310 (1223.0)
denovo97 C1226_EU074881 310 (1223.0)
denovo97 C1b/C1e_AY239363 309 (1227.0)
denovo97 C1044_DQ068038 309 (1218.0)
denovo97 C1017_DQ174729 310 (1217.0)
denovo97 C1.6_FJ461493 311 (1229.0)
denovo97 C1b.2_HE578998 309 (1236.0)
denovo97 C1060_DQ480600 309 (1224.0)
denovo97 C1227_EU074882 309 (1242.0)
denovo97 C1197_EU099814 309 (1224.0)
denovo97 C1130_DQ480643 309 (1128.0)
denovo97 D109_AB097465 358 (432.0)
denovo97 D1.11_HE579040 346 (435.0)
denovo97 D105_AF174570 346 (434.5)
denovo97 D104_AF174572 352 (417.0)
denovo97 D1.3_JF683337 347 (429.0)
denovo97 D1.10_HE579039 347 (420.0)
denovo97 D110_AF174561 347 (420.0)
denovo97 D117_AF174542 347 (420.0)
denovo97 D114_AF174549 347 (429.0)
denovo97 D113_AF174557 358 (415.5)
denovo97 D112_AF174558 355 (425.5)
denovo97 D106_AF174559 348 (422.5)
denovo97 D111_AF174560 347 (428.0)
denovo97 D115_AF174562 347 (429.0)
denovo97 D107_AF174568 348 (431.0)
denovo97 D116_AF174571 346 (426.0)
denovo97 D124_EU074897 355 (416.0)
denovo97 D1.8_HE579037 347 (429.0)
denovo97 D3_AY686650 346 (435.5)
denovo97 D1.6_HQ630881 347 (420.0)
denovo97 D120_EU074900 354 (413.5)
denovo97 D121_EU074904 346 (435.0)
denovo97 D122_EU074905 347 (420.0)
denovo97 D1a.2_JF683339 356 (420.5)
denovo97 D1a.1_JF683338 355 (425.0)
denovo97 D2_AY686649 602 (478.0)
denovo97 D4_DQ865214 361 (421.5)
denovo97 D1a_AF499802 354 (422.5)
denovo97 D1a_JN558078 354 (422.5)
denovo97 D123_EU074895 354 (431.0)
denovo97 D108_AF174567 355 (425.5)
denovo97 D103_AF174575 353 (428.0)
denovo97 D100_AF411415 358 (424.5)
denovo97 D118_EF656435 354 (422.5)
denovo97 D101_AF411416 358 (409.5)
denovo97 D119_EU099832 352 (417.5)
denovo97 D102_AF174573 347 (432.0)
denovo97 D1_AF334660 347 (429.0)
denovo97 D1_JN558076 347 (429.0)
denovo97 D1.12_HE579041 338 (403.5)
denovo97 D1.1_AM748564 425 (431.0)
denovo97 D1.2_AM748617 408 (427.0)
denovo97 E111_EU074915 370 (336.5)
denovo97 E110_EU074914 373 (355.0)
denovo97 E114_EU074909 369 (351.0)
denovo97 E1_AF334659 369 (347.5)
denovo97 E105_EU074921 368 (357.5)
denovo97 E112_EU074916 369 (342.0)
denovo97 E104_EU074922 370 (345.0)
denovo97 E102_EU074924 370 (344.5)
denovo97 E103_EU074923 369 (351.0)
denovo97 E101_AY160123 366 (347.0)
denovo97 E109_EU074913 372 (326.0)
denovo97 E100_DQ011618 374 (329.5)
denovo97 E108_EU074912 362 (329.5)
denovo97 E113_EU074908 361 (330.0)
denovo97 E107_EU074910 362 (329.5)
denovo97 F1_JN558066 316 (889.5)
denovo97 F5.2d_AJ291530 316 (873.5)
denovo97 F104_AJ291531 316 (873.5)
denovo97 F5.2c_AM748596 316 (873.5)
denovo97 F5.2_AM748594 313 (882.5)
denovo97 F5.2a_AM748614 313 (882.5)
denovo97 F5.2b_AM748595 313 (873.5)
denovo97 F5.2e_AJ291533 313 (857.0)
denovo97 F5.2g_JN558072 313 (873.5)
denovo97 F5.2f_AJ291512 313 (882.5)
denovo97 F102_AJ291534 313 (873.5)
denovo97 F5.1c_AM748593 314 (867.0)
denovo97 F5.1d_JN558069 314 (894.0)
denovo97 F5.1b_AJ291535 313 (892.0)
denovo97 F5.1_AM748592 314 (894.0)
denovo97 F5.1a_AM748591 313 (892.0)
denovo97 F110_AJ291526 330 (784.0)
denovo97 F4.7_AM748587 324 (797.5)
denovo97 F4.5_AM748585 317 (811.0)
denovo97 F4.4a_AM748583 312 (851.5)
denovo97 F4.4_AM748582 311 (855.5)
denovo97 F4.4b_AM748584 317 (846.0)
denovo97 F4.1a_AM748573 326 (783.0)
denovo97 F112_AJ291528 326 (783.0)
denovo97 F4.1_AM748572 326 (774.0)
denovo97 F4.8b_AM748590 318 (785.5)
denovo97 F4.8_AM748588 320 (783.0)
denovo97 F4.8a_AM748589 318 (785.5)
denovo97 F109_AJ291527 320 (779.0)
denovo97 F4.6_AM748586 322 (788.5)
denovo97 F111_AJ311949 318 (819.5)
denovo97 F4.3c_AM748581 321 (820.0)
denovo97 F4.3a_AM748579 318 (810.5)
denovo97 F4.3b_AM748580 318 (810.5)
denovo97 F4.3_AM748578 318 (819.5)
denovo97 F4.2_AM748574 317 (830.0)
denovo97 F4.2a_AM748575 316 (821.5)
denovo97 F4.2c_AM748577 317 (820.5)
denovo97 F4.2b_AM748576 316 (830.5)
denovo97 F2b_AJ291521 315 (885.0)
denovo97 F2_AJ830908 315 (867.0)
denovo97 F2a_AJ830911 317 (859.5)
denovo97 F3.1a_AM748566 326 (821.0)
denovo97 F114_AJ291525 326 (857.0)
denovo97 F3.1_AM748565 326 (848.0)
denovo97 F3.2_AM748567 323 (875.5)
denovo97 F3.2a_AM748568 325 (890.0)
denovo97 F3.3_AM748569 315 (813.5)
denovo97 F3.4a_AM748571 325 (778.5)
denovo97 F3.4_AM748570 325 (778.5)
denovo97 F3.4b_AM748616 318 (776.5)
denovo97 G101_AJ291539 356 (436.0)
denovo97 G1_AM748597 356 (436.0)
denovo97 G2b_JN558087 342 (433.0)
denovo97 G2_AM748598 345 (424.5)
denovo97 G2a_AM748599 344 (430.0)
denovo97 G4_AM748601 353 (452.0)
denovo97 G3.4_LK392378 344 (446.0)
denovo97 G3_AM748600 343 (453.0)
denovo97 G3.2_KC597694 338 (389.0)
denovo97 G3.1_KC597688 352 (433.0)
denovo97 G100_AB253788 360 (432.5)
denovo97 G3.3_LK392377 364 (435.0)
denovo97 H6_AJ291520 640 (311.5)
denovo97 H3_AM748606 306 (889.0)
denovo97 H2_AM748605 307 (936.0)
denovo97 H4_AM748607 315 (855.5)
denovo97 H4a_AM748608 315 (870.5)
denovo97 H5a_AM748611 310 (849.0)
denovo97 H5b_AM748610 313 (856.5)
denovo97 H5_AJ621129 310 (858.0)
denovo97 H5_AM748609 310 (858.0)
denovo97 H100_AJ291513 313 (874.5)
denovo97 H1b_AM748604 318 (875.0)
denovo97 H1a_AM748612 318 (866.0)
denovo97 H1_AJ621152 318 (875.0)
denovo97 H1_AM748602 318 (875.0)
denovo97 I3_FN561561 355 (614.5)
denovo97 I4_FN561562 342 (622.0)
denovo97 I1_FN561559 345 (604.0)
denovo97 I2_FN561560 342 (622.0)

#---------------------------------------
#---------------------------------------
