denovo86 A136_DQ865210 321 (519.5)
denovo86 A133_DQ174725 341 (484.5)
denovo86 A115_AF180123 328 (471.0)
denovo86 A117_AF201746 318 (500.5)
denovo86 A134_DQ174723 323 (507.0)
denovo86 A114_AF184941 323 (507.0)
denovo86 A135_DQ174727 320 (515.5)
denovo86 A2_AF333506 325 (508.5)
denovo86 A101_AF427468 320 (506.5)
denovo86 A2_1_JN558097 320 (506.5)
denovo86 A2_2_JN558100 320 (506.5)
denovo86 A113_AF184948 321 (503.5)
denovo86 A112_AF184949 325 (487.5)
denovo86 A123_EF378618 339 (322.5)
denovo86 A137_EF378621 328 (325.5)
denovo86 A11_EU449041 331 (506.0)
denovo86 A121_DQ174722 327 (497.5)
denovo86 A15b_EU792886 331 (468.0)
denovo86 A15a_EU792885 331 (485.5)
denovo86 A15c_EU792887 331 (477.0)
denovo86 A15_EU792884 331 (477.0)
denovo86 A147_EU074937 330 (491.5)
denovo86 A154_EU074860 328 (503.0)
denovo86 A146_EU074936 327 (500.0)
denovo86 A150_EU074928 324 (510.0)
denovo86 A116_AF183575 327 (500.0)
denovo86 A141_EU074931 327 (509.0)
denovo86 A5_AF333508 329 (503.5)
denovo86 A3b_EU449043 328 (503.0)
denovo86 A151_EU074925 327 (500.5)
denovo86 A152_EU074927 331 (502.5)
denovo86 A149_EU074929 326 (497.5)
denovo86 A140_EU074930 328 (494.0)
denovo86 A142_EU074932 328 (494.0)
denovo86 A143_EU074933 328 (503.0)
denovo86 A144_EU074934 328 (494.0)
denovo86 A145_EU074935 328 (503.0)
denovo86 A148_EU074938 328 (494.0)
denovo86 A155_EU074856 328 (494.0)
denovo86 A156_EU074859 328 (494.0)
denovo86 A139_EU074962 328 (494.0)
denovo86 A6_AF186058 328 (503.0)
denovo86 A3_AF333507 328 (503.0)
denovo86 A3_JN558091 328 (503.0)
denovo86 A8_AY258468 328 (484.5)
denovo86 A7_AY239360 329 (487.5)
denovo86 A16_EU792888 322 (494.5)
denovo86 A4.3_FN429763 331 (484.5)
denovo86 A120_AF180122 329 (478.0)
denovo86 A4.2_FN429761 329 (484.5)
denovo86 A4_AF333509 329 (503.5)
denovo86 A4.1_FN429760 328 (498.5)
denovo86 A4a_AF499778 329 (502.5)
denovo86 A4a.1_FN429762 329 (502.5)
denovo86 A138_EF378620 331 (444.0)
denovo86 A122_EF378619 327 (480.5)
denovo86 A126_EF378615 326 (481.5)
denovo86 A10_EU792882 326 (481.5)
denovo86 A9_EU449028 329 (486.0)
denovo86 A105_AB207202 328 (491.5)
denovo86 A119_AF180121 331 (482.0)
denovo86 A12_EU792883 331 (481.5)
denovo86 A104_AB207203 328 (500.0)
denovo86 A1a_EU449030 328 (491.5)
denovo86 A1.3_HE578976 334 (490.5)
denovo86 A1.4_HE578977 329 (503.0)
denovo86 A13_AF333504 334 (490.5)
denovo86 A13_JN558094 334 (490.5)
denovo86 A110_AB190282 334 (490.5)
denovo86 A103_AB207206 329 (494.0)
denovo86 A130_EF656428 329 (494.0)
denovo86 A127_EF656429 328 (500.0)
denovo86 A128_EF656430 329 (485.0)
denovo86 A129_EF656431 330 (496.5)
denovo86 A131_EF656432 330 (497.0)
denovo86 A118_AF180120 328 (483.0)
denovo86 A1_AF333505 329 (494.0)
denovo86 A107_AB207199 329 (503.5)
denovo86 A111_AB190280 329 (503.5)
denovo86 A108_AB207197 326 (478.5)
denovo86 A106_AB207200 328 (499.5)
denovo86 A102_AB207209 328 (500.0)
denovo86 A1.2_AB207210 328 (500.0)
denovo86 A109_AB190285 328 (499.5)
denovo86 B4_AF333510 321 (1036.0)
denovo86 B23_EU449079 307 (1146.0)
denovo86 B30_GU907644 307 (1136.5)
denovo86 B11_AY239361 312 (1162.0)
denovo86 B17_AY258470 310 (1154.0)
denovo86 B1k_GU907638 286 (649.0)
denovo86 B1.V_Green2014 317 (1111.5)
denovo86 B1b_AF499780 308 (1125.0)
denovo86 B16_AY258469 310 (1163.0)
denovo86 B31a_GU907646 310 (1172.0)
denovo86 B32_GU907647 310 (1190.0)
denovo86 B31_GU907645 310 (1181.0)
denovo86 B1j_GU907637 310 (1163.0)
denovo86 B37_GU907650 312 (1161.5)
denovo86 B5a_AF499782 310 (1172.0)
denovo86 B5_AF499781 310 (1181.0)
denovo86 B24_GU907643 310 (1012.0)
denovo86 B117_AF180124 308 (1085.0)
denovo86 B10_AF499787 310 (1163.0)
denovo86 B20_GU907642 312 (1155.5)
denovo86 B1m_GU907640 310 (1172.0)
denovo86 B34_GU907649 310 (1172.0)
denovo86 B1d_GU907633 310 (1172.0)
denovo86 B1e_GU907634 310 (1172.0)
denovo86 B1i_GU907636 310 (1172.0)
denovo86 B1g_GU907635 311 (1153.0)
denovo86 B123_EU074872 310 (1163.0)
denovo86 B8_AF499785 311 (1162.0)
denovo86 B1l_GU907639 310 (1172.0)
denovo86 B1a_AF499779 310 (1172.0)
denovo86 B14_AY239362 311 (1180.0)
denovo86 B125_EU074865 310 (1172.0)
denovo86 B122_EU074871 310 (1181.0)
denovo86 B124_EU074874 310 (1172.0)
denovo86 B1.VII_Green2014 310 (1102.0)
denovo86 B1.III_Green2014 310 (1109.0)
denovo86 B1.I_Green2014 310 (1181.0)
denovo86 B1.II_Green2014 310 (1181.0)
denovo86 B1_JN558057 310 (1181.0)
denovo86 B1_AF333511 310 (1181.0)
denovo86 B1.IV_Green2014 320 (1166.5)
denovo86 B121_EU074870 310 (1172.0)
denovo86 B7_AF499784 310 (1172.0)
denovo86 B1.VI_Green2014 311 (1112.0)
denovo86 B3_AF333514 306 (1201.0)
denovo86 B9_AF499786 306 (1192.0)
denovo86 B19a_JN558055 306 (1083.0)
denovo86 B119_EU099825 301 (1183.5)
denovo86 B21_DQ865213 306 (1169.5)
denovo86 B38_GU907651 306 (1169.5)
denovo86 B18_AY258471 306 (1201.0)
denovo86 B18a_AY258472 306 (1201.0)
denovo86 B33_GU907648 306 (1210.0)
denovo86 B6_AF499783 311 (1197.5)
denovo86 B19_DQ865212 306 (1219.0)
denovo86 B19_GU907641 306 (1219.0)
denovo86 B2_AF333512 306 (1228.0)
denovo86 B2_JN558060 306 (1228.0)
denovo86 C33.1_AY258498 336 (608.0)
denovo86 C33.2_AY765400 336 (608.0)
denovo86 C33a_EF541147 336 (608.0)
denovo86 C34_AY258499 339 (616.5)
denovo86 C78_AY765413 327 (628.5)
denovo86 C15.29_KC597690 342 (551.0)
denovo86 C1131_DQ182650 336 (543.5)
denovo86 C1135_DQ182646 327 (535.5)
denovo86 C1134_DQ182647 334 (537.0)
denovo86 C1142_DQ182635 327 (536.0)
denovo86 C1136_DQ182644 325 (519.0)
denovo86 C1111_DQ182645 322 (528.5)
denovo86 C1236_EF473656 325 (519.0)
denovo86 C1138_DQ182642 326 (531.0)
denovo86 C1137_DQ182643 325 (537.0)
denovo86 C1133_DQ182648 322 (529.0)
denovo86 C1132_DQ182649 322 (528.0)
denovo86 C1143_DQ182634 325 (528.0)
denovo86 C1139_DQ182639 327 (545.0)
denovo86 C15.28_KC597687 327 (609.0)
denovo86 C1141_DQ182636 337 (556.5)
denovo86 C1144_DQ182637 327 (563.0)
denovo86 C1122_DQ182654 331 (557.0)
denovo86 C1127_DQ182652 327 (563.0)
denovo86 C15.30_JX394114 338 (595.5)
denovo86 C15.26_KC597686 329 (587.5)
denovo86 C1086_DQ182656 336 (590.0)
denovo86 C15.25_KC597685 336 (599.0)
denovo86 C1118_AF180127 329 (530.5)
denovo86 C1129_DQ182651 328 (538.0)
denovo86 C15.21_KC597683 339 (590.0)
denovo86 C56_AY589760 336 (599.0)
denovo86 C1140_DQ182638 339 (553.0)
denovo86 C1126_DQ182653 339 (562.0)
denovo86 C15c_AY258492 339 (599.0)
denovo86 C15d_AY258493 338 (605.5)
denovo86 C1098_DQ182641 329 (583.0)
denovo86 C15.27_KC597689 328 (601.5)
denovo86 C15.18_HE579024 336 (590.5)
denovo86 C15.16_HE579022 336 (617.0)
denovo86 C1101_AB253787 339 (581.0)
denovo86 C1083_AY237300 333 (590.5)
denovo86 C1088_DQ182640 322 (593.5)
denovo86 C15.6_FN563472 339 (590.0)
denovo86 C15.5_FJ461512 339 (599.5)
denovo86 C15.4_FJ461511 339 (590.5)
denovo86 C15.13_HE579019 339 (581.0)
denovo86 C15.12_HE579018 339 (590.0)
denovo86 C93a_AM748563 339 (608.0)
denovo86 C1094_AJ291514 339 (590.0)
denovo86 C93_AM748562 339 (599.0)
denovo86 C15.17_HE579023 328 (597.0)
denovo86 C15e_AY589742 336 (593.5)
denovo86 C15.22_KC597695 339 (590.0)
denovo86 C60_AY589764 339 (599.0)
denovo86 C15.1_FJ461508 338 (597.0)
denovo86 C15.2_FJ461509 339 (590.0)
denovo86 C15.9_FN563475 336 (599.0)
denovo86 C15.7_HE579015 325 (593.0)
denovo86 C15.8_HE579016 339 (590.0)
denovo86 C15.15_HE579021 339 (590.0)
denovo86 C15.19_HE579025 339 (598.5)
denovo86 C15.24_KC597696 339 (590.0)
denovo86 C15.3_FJ461510 339 (590.5)
denovo86 C1087_DQ182655 337 (592.5)
denovo86 C15.14_HE579020 326 (601.0)
denovo86 C15.23_KC597697 326 (601.0)
denovo86 C19_AY258479 328 (606.0)
denovo86 C1233_EU118166 339 (590.0)
denovo86 C15b_AY258491 339 (590.0)
denovo86 C15a_AY258476 339 (599.5)
denovo86 C1051_AF195153 339 (608.0)
denovo86 C2_AF333518 340 (607.0)
denovo86 C15.20_HE579026 340 (598.0)
denovo86 C15f_AY589743 340 (598.5)
denovo86 C55_AY589759 343 (596.5)
denovo86 C15_AY239369 339 (599.0)
denovo86 C32.1_JF683335 329 (576.0)
denovo86 C32.2_JF683336 331 (581.0)
denovo86 C21.23_KC597693 331 (581.0)
denovo86 C1193_EU099827 337 (599.0)
denovo86 C1195_EU099821 341 (568.5)
denovo86 C3q_GU907655 320 (589.5)
denovo86 C53_AY589758 340 (575.5)
denovo86 C73_AY765408 322 (611.0)
denovo86 C17.2.1_KC597684 332 (593.0)
denovo86 C32_AY258497 327 (579.0)
denovo86 C1189_EU099831 319 (592.0)
denovo86 C1191_EU099833 319 (592.5)
denovo86 C1196_EU099819 320 (584.5)
denovo86 C1192_EU099820 320 (584.5)
denovo86 C17.1_JF683322 322 (591.5)
denovo86 C26_b2_FN827164 328 (595.5)
denovo86 C26_b3_FN827165 324 (575.0)
denovo86 C31.9_HQ630879 332 (584.0)
denovo86 C31a_AY589746 334 (587.0)
denovo86 C30_AY589745 334 (605.0)
denovo86 C31.1_HQ630876 334 (596.0)
denovo86 C31.5_HQ630877 333 (592.5)
denovo86 C31.6_HQ630878 334 (596.0)
denovo86 C31.2_JF683332 334 (596.0)
denovo86 C31.3_JF683333 329 (589.5)
denovo86 C26/C35a_AY239378 324 (584.0)
denovo86 C35a_AY258501 324 (584.0)
denovo86 C35.2_AY258500 324 (593.0)
denovo86 C26_b1_FN827163 324 (593.0)
denovo86 C17_AY239370 323 (594.0)
denovo86 C17.2_FJ461513 324 (590.5)
denovo86 C31.10_HQ630880 332 (593.0)
denovo86 C31.4_JF683334 338 (584.5)
denovo86 C31_AY258496 334 (596.0)
denovo86 C25_AY239377 327 (584.0)
denovo86 C61_AY589765 332 (563.5)
denovo86 C1043_DQ072721 333 (559.0)
denovo86 C79_AY765414 339 (581.5)
denovo86 C69_AY589773 327 (572.5)
denovo86 C69a_AY686648 327 (563.5)
denovo86 C21.22_KC597692 323 (575.5)
denovo86 C51_AY589756 338 (588.0)
denovo86 C1aa_HM185739 337 (583.5)
denovo86 C1096_DQ068023 338 (575.0)
denovo86 C74_AY765409 334 (600.0)
denovo86 C1185_AB294629 339 (596.5)
denovo86 C1184_AB294630 339 (596.5)
denovo86 C1153_AB294625 342 (604.5)
denovo86 C1154_AB294626 338 (612.0)
denovo86 C1187_AB294627 339 (596.5)
denovo86 C1186_AB294628 339 (596.5)
denovo86 C57_AY589761 339 (605.5)
denovo86 C66_AY589771 339 (605.5)
denovo86 C5_AF499795 334 (593.0)
denovo86 C1167_AB294586 334 (602.0)
denovo86 C1164_AB294593 339 (590.0)
denovo86 C1183_AB294631 339 (608.0)
denovo86 C1067_DQ335381 339 (600.0)
denovo86 C1159_AB294613 330 (597.5)
denovo86 C1150_AB294622 330 (606.5)
denovo86 C90_AM748554 341 (606.5)
denovo86 C1168_AB294583 339 (590.5)
denovo86 C1156_AB294616 339 (599.5)
denovo86 C1151_AB294621 339 (608.5)
denovo86 C92a_AM748561 339 (608.5)
denovo86 C92_AM748560 339 (599.5)
denovo86 C1165_AB294581 336 (617.0)
denovo86 C1166_AB294584 339 (617.0)
denovo86 C1162_AB294594 336 (608.0)
denovo86 C1163_AB294596 339 (608.0)
denovo86 C1161_AB294606 339 (608.0)
denovo86 C1160_AB294608 339 (617.0)
denovo86 C1158_AB294614 336 (617.0)
denovo86 C1155_AB294617 339 (599.0)
denovo86 C1149_AB294620 339 (608.0)
denovo86 C1173_AB294662 337 (610.5)
denovo86 C1171_AB294663 339 (599.0)
denovo86 C1172_AB294665 339 (599.0)
denovo86 C91a_AM748556 339 (608.0)
denovo86 C91b_AM748557 337 (610.5)
denovo86 C91d_AM748559 336 (608.5)
denovo86 C91c_AM748558 336 (608.0)
denovo86 C91_AJ621543 339 (608.0)
denovo86 C91_AM748555 339 (608.0)
denovo86 C1023_DQ335330 309 (578.5)
denovo86 C1020_DQ335392 336 (608.5)
denovo86 C1018_DQ335408 339 (608.5)
denovo86 C1074_DQ335329 339 (599.5)
denovo86 C1030_DQ335353 339 (599.5)
denovo86 C1022_DQ335331 339 (608.5)
denovo86 C1027_DQ335360 336 (609.5)
denovo86 C1072_DQ335344 339 (599.5)
denovo86 C1039_AB190274 339 (607.5)
denovo86 C1033_DQ335350 344 (596.5)
denovo86 C1019_DQ335407 339 (608.5)
denovo86 C1194_EU099826 341 (580.5)
denovo86 C8b_AY258475 337 (578.5)
denovo86 C8_AY239367 336 (590.0)
denovo86 C8a_AY239368 333 (589.5)
denovo86 C54a_AY765406 333 (609.0)
denovo86 C3ff_HM185740 333 (591.0)
denovo86 C59_AY589763 335 (590.0)
denovo86 C3k_AY589737 334 (612.0)
denovo86 C3.24_HE579012 336 (618.0)
denovo86 C3.23_HE579011 334 (612.0)
denovo86 C35.1_AY765401 337 (611.5)
denovo86 C35.3_EF541145 337 (611.5)
denovo86 C76_AY765411 337 (609.0)
denovo86 C1107_DQ335359 339 (576.5)
denovo86 C3.22_HE579010 342 (573.5)
denovo86 C77_AY765412 335 (593.0)
denovo86 C20_AY239371 339 (599.5)
denovo86 C1055_DQ480640 335 (593.0)
denovo86 C27/C30_AY239379 334 (588.5)
denovo86 C27.1_FJ461517 334 (579.5)
denovo86 C40a_AY589747 337 (592.5)
denovo86 C40_AY258485 337 (601.5)
denovo86 C40b_AY589748 335 (592.5)
denovo86 C16_AY258477 339 (600.0)
denovo86 C16a_AY765399 337 (602.5)
denovo86 C1091_AB207186 339 (598.5)
denovo86 C1102_DQ335400 339 (599.5)
denovo86 C1069_DQ335375 339 (599.5)
denovo86 C1073_DQ335332 339 (599.5)
denovo86 C1066_DQ335382 336 (599.0)
denovo86 C1031_DQ335352 339 (608.5)
denovo86 C1026_DQ335366 339 (608.5)
denovo86 C70_AY589774 339 (608.5)
denovo86 C1082_AB190267 339 (590.5)
denovo86 C1078_AB190271 339 (599.5)
denovo86 C1090_AB207191 339 (599.5)
denovo86 C1071_DQ335302 339 (599.5)
denovo86 C1075_DQ335328 339 (599.5)
denovo86 C1068_DQ335379 340 (592.5)
denovo86 C1064_DQ335395 339 (590.5)
denovo86 C1063_DQ335403 330 (600.5)
denovo86 C62_AY589766 339 (599.5)
denovo86 C1077_DQ335316 340 (599.0)
denovo86 C1109_DQ335338 339 (590.5)
denovo86 C1110_DQ335340 339 (581.5)
denovo86 C1106_DQ335339 339 (580.5)
denovo86 C1112_DQ335319 339 (589.5)
denovo86 C1108_DQ335351 339 (580.5)
denovo86 C1105_DQ335394 339 (589.5)
denovo86 C1121_DQ335378 339 (580.5)
denovo86 C1116_AB190268 339 (590.5)
denovo86 C1115_AB190273 339 (589.5)
denovo86 C1124_DQ335323 339 (571.5)
denovo86 C1120_DQ335398 339 (571.5)
denovo86 C1119_DQ335404 339 (580.5)
denovo86 C1123_DQ335363 339 (580.5)
denovo86 C1004_DQ480635 336 (590.5)
denovo86 C1061_AY186568 339 (590.0)
denovo86 C1053_AY186569 339 (599.0)
denovo86 C1003_DQ480639 339 (599.0)
denovo86 C81_GU907657 327 (571.5)
denovo86 C22_AY239373 334 (610.0)
denovo86 C22a_AY239374 336 (606.5)
denovo86 C1232_EU118163 339 (608.5)
denovo86 C21.13_FJ461515 322 (581.5)
denovo86 C21.1_JF683323 321 (615.0)
denovo86 C21.3_JF683325 333 (605.5)
denovo86 C1.20_HE578993 334 (593.0)
denovo86 C1.22_HE578995 334 (584.0)
denovo86 C52_AY589757 338 (599.0)
denovo86 C1201_EU099793 337 (562.5)
denovo86 C14_AY589741 335 (599.5)
denovo86 C43_AY589749 336 (599.0)
denovo86 C50_AY589755 339 (608.5)
denovo86 C3.14_HQ630872 339 (590.5)
denovo86 C1m_AY765398 336 (599.0)
denovo86 C82_GU907658 336 (599.0)
denovo86 C82b_GU907660 336 (599.0)
denovo86 C64_AY589768 338 (596.0)
denovo86 C45a_AY765404 333 (600.5)
denovo86 C48_AY589753 339 (619.0)
denovo86 C1_v1b_FJ919244 336 (599.0)
denovo86 C1_v1a_FJ919243 336 (599.0)
denovo86 C3j_AY239366 339 (590.5)
denovo86 C3t_EF541149 333 (600.0)
denovo86 C9_AF499798 327 (600.0)
denovo86 C23_AY239375 336 (608.0)
denovo86 C37_AY258481 333 (599.0)
denovo86 C1048_DQ068026 336 (599.0)
denovo86 C21.4_JF683326 323 (612.0)
denovo86 C21.5_JF683327 323 (612.0)
denovo86 C1070_DQ335349 340 (611.0)
denovo86 C21.6_HQ630873 323 (612.0)
denovo86 C1224_EU074890 332 (605.5)
denovo86 C1.17_HE578990 332 (605.5)
denovo86 C21_b1_FN827162 333 (589.0)
denovo86 C21.9_JF683330 333 (598.0)
denovo86 C1085_AY624605 339 (599.5)
denovo86 C3p_GU907654 344 (589.0)
denovo86 C3f_AY589734 343 (610.5)
denovo86 C65a_AY589770 338 (605.0)
denovo86 C65_AY589769 338 (614.0)
denovo86 C71_AY589775 338 (605.0)
denovo86 C71a_AY589776 338 (596.0)
denovo86 C1178_AB294647 338 (591.0)
denovo86 C1225_EU074893 336 (609.0)
denovo86 C75_AY765410 328 (593.0)
denovo86 C21.10_JF683331 330 (597.5)
denovo86 C21.11_HQ630874 330 (597.5)
denovo86 C1065_DQ335388 339 (608.5)
denovo86 C1045_DQ068036 339 (617.5)
denovo86 C1h_AY258473 336 (599.0)
denovo86 C38_AY258482 340 (592.5)
denovo86 C1202_EU099799 339 (590.5)
denovo86 C7_AF499797 339 (599.5)
denovo86 C12_AF499801 341 (589.0)
denovo86 C38a_AY258483 340 (598.0)
denovo86 C1200_EU099800 330 (597.5)
denovo86 C44a_AY589751 334 (612.0)
denovo86 C47_AY589752 336 (608.0)
denovo86 C44_AY589750 336 (608.0)
denovo86 C1.15_HE578988 335 (606.0)
denovo86 C45.3_FJ461522 335 (606.0)
denovo86 C46a_AY765405 337 (610.5)
denovo86 C46_EU449108 337 (610.5)
denovo86 C3.12_FJ461507 339 (608.5)
denovo86 C1k_AY589733 336 (599.0)
denovo86 C67_AY686647 336 (608.0)
denovo86 C82a_GU907659 336 (608.0)
denovo86 C10a_AY589739 334 (602.0)
denovo86 C10_AF499799 334 (602.0)
denovo86 C13_AY589740 331 (608.5)
denovo86 C4_AF499794 336 (599.0)
denovo86 C1147_EF656433 336 (599.0)
denovo86 C1c/C45_AY239364 336 (608.0)
denovo86 C1c/C45_EU449103 336 (608.0)
denovo86 C21.19_HE579031 323 (603.0)
denovo86 C21.21_HE579033 323 (594.0)
denovo86 C21.20_HE579032 323 (603.0)
denovo86 C42b_AY765403 336 (599.0)
denovo86 C42_AY258487 336 (599.0)
denovo86 C1p_GU907652 336 (599.0)
denovo86 C1d_AY258488 338 (595.5)
denovo86 C42_AY765402 336 (599.0)
denovo86 C3ha_AY589736 323 (594.0)
denovo86 C63a_AY589767 321 (600.0)
denovo86 C21a_AY589744 323 (603.0)
denovo86 C3o_GU907653 333 (607.0)
denovo86 C21.16_HQ630875 323 (602.5)
denovo86 C21.2_JF683324 324 (596.5)
denovo86 C21.7_JF683328 322 (600.5)
denovo86 C21.8_JF683329 323 (603.0)
denovo86 C3h_AY239365 323 (594.0)
denovo86 C1203_EU099798 323 (594.0)
denovo86 C3.10_FJ461505 339 (617.5)
denovo86 C21.14_FJ461516 323 (612.0)
denovo86 C21.18_HE579030 329 (591.0)
denovo86 C3.17_HE579005 339 (599.5)
denovo86 C3.9_FJ461504 338 (594.0)
denovo86 C3.8_FJ461503 339 (608.5)
denovo86 C3.7_FJ461502 339 (599.5)
denovo86 C3.11_FJ461506 336 (608.5)
denovo86 C3.18_HE579006 339 (599.5)
denovo86 C3.19_HE579007 339 (599.5)
denovo86 C3.20_HE579008 339 (599.5)
denovo86 C3g_AY589735 342 (591.5)
denovo86 C3a_AF499790 334 (612.0)
denovo86 C3e_AF499793 339 (599.5)
denovo86 C6_AF499796 339 (599.5)
denovo86 C11_AF499800 336 (608.0)
denovo86 C36_AY258480 339 (599.5)
denovo86 C29_AY258494 336 (609.0)
denovo86 C1146_EF656434 339 (599.5)
denovo86 C1190_EU099841 339 (617.5)
denovo86 C131_JF320826 339 (599.5)
denovo86 C28_AY239380 336 (610.5)
denovo86 C1012_DQ480604 339 (608.5)
denovo86 C1181_AB294640 339 (584.5)
denovo86 C1180_AB294641 339 (602.5)
denovo86 C1179_AB294645 340 (586.5)
denovo86 C1176_AB294651 334 (597.0)
denovo86 C1175_AB294653 339 (584.5)
denovo86 C1174_AB294655 339 (593.5)
denovo86 C1177_AB294659 339 (593.5)
denovo86 C1040_AB190269 339 (608.5)
denovo86 C1182_AB294649 339 (599.5)
denovo86 C1089_AJ278598 339 (599.5)
denovo86 C1028_DQ335357 339 (608.5)
denovo86 C3.16_EU786015 339 (617.5)
denovo86 C1097_AJ311943 340 (598.0)
denovo86 C1170_AB294661 340 (587.5)
denovo86 C21.17_HE579029 325 (602.0)
denovo86 C21/3d/C3k_AY239372 323 (603.0)
denovo86 C58_AY589762 324 (602.5)
denovo86 C3L_AY589738 340 (608.0)
denovo86 C1169_AB294660 339 (593.5)
denovo86 C3.2_FJ461497 340 (605.5)
denovo86 C3.1_JF683321 338 (608.0)
denovo86 C1104_AF427469 340 (598.5)
denovo86 C3b_AF499791 338 (609.0)
denovo86 C83_GU907661 339 (611.0)
denovo86 C49_AY589754 368 (615.5)
denovo86 C3_AB778606 339 (608.5)
denovo86 C3_AF499789 339 (608.5)
denovo86 C3_HE579001 339 (608.5)
denovo86 C21.12_FJ461514 323 (585.0)
denovo86 C1229_EU074888 327 (603.5)
denovo86 C1230_EU074889 327 (612.5)
denovo86 C1114_AB207196 339 (590.5)
denovo86 C3.21_HE579009 339 (530.5)
denovo86 C1057_DQ480619 339 (599.5)
denovo86 C72_AY765407 331 (601.5)
denovo86 C1b.3_HE578999 337 (596.0)
denovo86 C93_AJ621536 339 (599.5)
denovo86 C94_AJ621539 336 (599.0)
denovo86 C1g_AY589730 336 (617.0)
denovo86 C1i_AY589731 336 (608.0)
denovo86 C1j_AY589732 336 (608.0)
denovo86 C1005_DQ480633 333 (609.0)
denovo86 C1.7_FJ461494 336 (599.0)
denovo86 C1.11_HE578984 336 (608.0)
denovo86 C1.12_HE578985 336 (608.0)
denovo86 C1.13_HE578986 339 (599.5)
denovo86 C1.14_HE578987 336 (608.0)
denovo86 C1.18_HE578991 336 (599.0)
denovo86 C1.19_HE578992 336 (599.0)
denovo86 C1199_EU099802 336 (593.5)
denovo86 C1188_EU099838 336 (608.5)
denovo86 C1002_DQ838544 339 (608.5)
denovo86 C1198_EU099810 336 (599.0)
denovo86 C24_AY239376 336 (599.0)
denovo86 C1f_AY258490 336 (599.0)
denovo86 C1006_DQ480629 336 (608.0)
denovo86 C1010_DQ480607 333 (600.0)
denovo86 C1007_DQ480624 336 (599.0)
denovo86 C1011_DQ480605 336 (599.0)
denovo86 C1009_DQ480608 332 (606.0)
denovo86 C1041_AY186548 336 (608.5)
denovo86 C1052_AY186570 336 (599.0)
denovo86 C1148_EU040178 336 (608.0)
denovo86 C1234_EU118165 337 (598.0)
denovo86 C1.5_EF634157 336 (608.0)
denovo86 C1059_DQ480609 336 (599.0)
denovo86 C1228_EU074883 336 (599.0)
denovo86 C1208_EU074963 336 (599.0)
denovo86 C1207_EU074964 336 (608.5)
denovo86 C1206_EU074965 336 (599.0)
denovo86 C1013_DQ480642 334 (603.0)
denovo86 C80_GU907656 350 (605.0)
denovo86 C1a_AF499788 336 (608.0)
denovo86 C41_AY258486 336 (608.0)
denovo86 C39_AY258484 327 (602.5)
denovo86 C1231_EU074878 336 (599.0)
denovo86 C1b.1_HE578997 337 (596.0)
denovo86 C18_AY258478 332 (615.0)
denovo86 C1.10_HE578983 331 (608.5)
denovo86 C1_JN558041 336 (608.0)
denovo86 C1_HE578979 336 (608.0)
denovo86 C1_AM748551 336 (608.0)
denovo86 C1_AF333515 336 (608.0)
denovo86 C1054_AY186565 337 (608.5)
denovo86 C1008_DQ480613 336 (599.0)
denovo86 C1103_AF427470 337 (598.0)
denovo86 C1226_EU074881 337 (598.0)
denovo86 C1b/C1e_AY239363 337 (605.0)
denovo86 C1044_DQ068038 336 (593.0)
denovo86 C1017_DQ174729 338 (595.0)
denovo86 C1.6_FJ461493 336 (617.0)
denovo86 C1b.2_HE578998 337 (614.0)
denovo86 C1060_DQ480600 336 (599.0)
denovo86 C1227_EU074882 336 (599.0)
denovo86 C1197_EU099814 336 (599.0)
denovo86 C1130_DQ480643 336 (502.5)
denovo86 D109_AB097465 337 (465.5)
denovo86 D1.11_HE579040 336 (480.5)
denovo86 D105_AF174570 345 (470.5)
denovo86 D104_AF174572 341 (470.5)
denovo86 D1.3_JF683337 340 (476.0)
denovo86 D1.10_HE579039 336 (463.5)
denovo86 D110_AF174561 336 (463.5)
denovo86 D117_AF174542 336 (463.5)
denovo86 D114_AF174549 338 (471.0)
denovo86 D113_AF174557 336 (481.5)
denovo86 D112_AF174558 336 (463.5)
denovo86 D106_AF174559 338 (478.5)
denovo86 D111_AF174560 336 (472.5)
denovo86 D115_AF174562 336 (463.5)
denovo86 D107_AF174568 333 (481.5)
denovo86 D116_AF174571 336 (463.5)
denovo86 D124_EU074897 336 (481.5)
denovo86 D1.8_HE579037 334 (475.5)
denovo86 D3_AY686650 336 (472.5)
denovo86 D1.6_HQ630881 349 (472.5)
denovo86 D120_EU074900 336 (463.5)
denovo86 D121_EU074904 336 (472.5)
denovo86 D122_EU074905 350 (473.0)
denovo86 D1a.2_JF683339 338 (480.5)
denovo86 D1a.1_JF683338 336 (481.5)
denovo86 D2_AY686649 575 (529.0)
denovo86 D4_DQ865214 337 (463.0)
denovo86 D1a_AF499802 336 (472.5)
denovo86 D1a_JN558078 336 (472.5)
denovo86 D123_EU074895 336 (472.5)
denovo86 D108_AF174567 345 (479.5)
denovo86 D103_AF174575 340 (467.5)
denovo86 D100_AF411415 359 (469.5)
denovo86 D118_EF656435 340 (483.5)
denovo86 D101_AF411416 346 (464.5)
denovo86 D119_EU099832 356 (463.5)
denovo86 D102_AF174573 345 (474.5)
denovo86 D1_AF334660 336 (472.5)
denovo86 D1_JN558076 336 (472.5)
denovo86 D1.12_HE579041 323 (462.0)
denovo86 D1.1_AM748564 421 (467.5)
denovo86 D1.2_AM748617 419 (489.0)
denovo86 E111_EU074915 346 (433.5)
denovo86 E110_EU074914 349 (443.5)
denovo86 E114_EU074909 339 (429.0)
denovo86 E1_AF334659 349 (419.5)
denovo86 E105_EU074921 348 (429.5)
denovo86 E112_EU074916 344 (425.5)
denovo86 E104_EU074922 344 (434.5)
denovo86 E102_EU074924 344 (425.5)
denovo86 E103_EU074923 344 (434.5)
denovo86 E101_AY160123 357 (408.5)
denovo86 E109_EU074913 345 (447.5)
denovo86 E100_DQ011618 351 (448.0)
denovo86 E108_EU074912 345 (456.5)
denovo86 E113_EU074908 341 (466.5)
denovo86 E107_EU074910 345 (456.5)
denovo86 F1_JN558066 340 (621.5)
denovo86 F5.2d_AJ291530 327 (625.5)
denovo86 F104_AJ291531 327 (625.5)
denovo86 F5.2c_AM748596 327 (625.5)
denovo86 F5.2_AM748594 335 (614.0)
denovo86 F5.2a_AM748614 335 (614.0)
denovo86 F5.2b_AM748595 327 (616.5)
denovo86 F5.2e_AJ291533 332 (613.5)
denovo86 F5.2g_JN558072 331 (636.5)
denovo86 F5.2f_AJ291512 330 (642.5)
denovo86 F102_AJ291534 330 (652.0)
denovo86 F5.1c_AM748593 333 (636.0)
denovo86 F5.1d_JN558069 332 (632.0)
denovo86 F5.1b_AJ291535 331 (665.0)
denovo86 F5.1_AM748592 332 (659.0)
denovo86 F5.1a_AM748591 331 (665.0)
denovo86 F110_AJ291526 322 (667.5)
denovo86 F4.7_AM748587 321 (641.0)
denovo86 F4.5_AM748585 326 (650.5)
denovo86 F4.4a_AM748583 312 (666.0)
denovo86 F4.4_AM748582 309 (671.0)
denovo86 F4.4b_AM748584 310 (675.5)
denovo86 F4.1a_AM748573 323 (616.5)
denovo86 F112_AJ291528 321 (611.5)
denovo86 F4.1_AM748572 321 (611.5)
denovo86 F4.8b_AM748590 313 (647.5)
denovo86 F4.8_AM748588 313 (647.0)
denovo86 F4.8a_AM748589 313 (647.0)
denovo86 F109_AJ291527 321 (658.5)
denovo86 F4.6_AM748586 321 (620.5)
denovo86 F111_AJ311949 313 (637.5)
denovo86 F4.3c_AM748581 311 (640.5)
denovo86 F4.3a_AM748579 321 (643.0)
denovo86 F4.3b_AM748580 314 (649.5)
denovo86 F4.3_AM748578 314 (640.5)
denovo86 F4.2_AM748574 321 (656.0)
denovo86 F4.2a_AM748575 322 (644.0)
denovo86 F4.2c_AM748577 322 (650.0)
denovo86 F4.2b_AM748576 322 (653.0)
denovo86 F2b_AJ291521 335 (638.5)
denovo86 F2_AJ830908 324 (626.0)
denovo86 F2a_AJ830911 324 (622.0)
denovo86 F3.1a_AM748566 331 (586.0)
denovo86 F114_AJ291525 339 (591.5)
denovo86 F3.1_AM748565 339 (591.5)
denovo86 F3.2_AM748567 333 (608.5)
denovo86 F3.2a_AM748568 334 (613.5)
denovo86 F3.3_AM748569 331 (634.5)
denovo86 F3.4a_AM748571 335 (603.5)
denovo86 F3.4_AM748570 336 (597.0)
denovo86 F3.4b_AM748616 335 (603.0)
denovo86 G101_AJ291539 341 (493.0)
denovo86 G1_AM748597 341 (493.0)
denovo86 G2b_JN558087 344 (487.5)
denovo86 G2_AM748598 346 (476.5)
denovo86 G2a_AM748599 343 (476.0)
denovo86 G4_AM748601 341 (530.0)
denovo86 G3.4_LK392378 338 (486.0)
denovo86 G3_AM748600 346 (481.0)
denovo86 G3.2_KC597694 329 (446.0)
denovo86 G3.1_KC597688 338 (493.5)
denovo86 G100_AB253788 338 (485.0)
denovo86 G3.3_LK392377 338 (484.5)
denovo86 H6_AJ291520 629 (316.0)
denovo86 H3_AM748606 331 (475.5)
denovo86 H2_AM748605 329 (505.5)
denovo86 H4_AM748607 326 (490.0)
denovo86 H4a_AM748608 334 (502.5)
denovo86 H5a_AM748611 332 (488.0)
denovo86 H5b_AM748610 335 (486.5)
denovo86 H5_AJ621129 332 (488.0)
denovo86 H5_AM748609 332 (488.0)
denovo86 H100_AJ291513 332 (488.5)
denovo86 H1b_AM748604 338 (491.5)
denovo86 H1a_AM748612 332 (501.5)
denovo86 H1_AJ621152 332 (492.5)
denovo86 H1_AM748602 332 (492.5)
denovo86 I3_FN561561 328 (693.5)
denovo86 I4_FN561562 328 (693.5)
denovo86 I1_FN561559 323 (696.5)
denovo86 I2_FN561560 323 (679.0)

#---------------------------------------
#---------------------------------------
