denovo79 A136_DQ865210 336 (403.5)
denovo79 A133_DQ174725 349 (368.5)
denovo79 A115_AF180123 339 (379.0)
denovo79 A117_AF201746 340 (379.5)
denovo79 A134_DQ174723 341 (383.5)
denovo79 A114_AF184941 341 (383.5)
denovo79 A135_DQ174727 354 (385.5)
denovo79 A2_AF333506 343 (385.0)
denovo79 A101_AF427468 348 (377.0)
denovo79 A2_1_JN558097 348 (377.0)
denovo79 A2_2_JN558100 348 (377.0)
denovo79 A113_AF184948 332 (393.0)
denovo79 A112_AF184949 327 (371.0)
denovo79 A123_EF378618 344 (291.0)
denovo79 A137_EF378621 323 (305.5)
denovo79 A11_EU449041 346 (400.5)
denovo79 A121_DQ174722 339 (393.0)
denovo79 A15b_EU792886 349 (353.5)
denovo79 A15a_EU792885 348 (368.0)
denovo79 A15c_EU792887 348 (359.0)
denovo79 A15_EU792884 348 (359.5)
denovo79 A147_EU074937 346 (381.0)
denovo79 A154_EU074860 346 (381.0)
denovo79 A146_EU074936 348 (377.0)
denovo79 A150_EU074928 347 (383.0)
denovo79 A116_AF183575 347 (374.0)
denovo79 A141_EU074931 347 (383.0)
denovo79 A5_AF333508 344 (390.0)
denovo79 A3b_EU449043 346 (390.0)
denovo79 A151_EU074925 346 (380.0)
denovo79 A152_EU074927 349 (372.0)
denovo79 A149_EU074929 346 (381.0)
denovo79 A140_EU074930 346 (381.0)
denovo79 A142_EU074932 346 (372.0)
denovo79 A143_EU074933 345 (387.5)
denovo79 A144_EU074934 346 (381.0)
denovo79 A145_EU074935 349 (380.0)
denovo79 A148_EU074938 346 (372.0)
denovo79 A155_EU074856 346 (372.0)
denovo79 A156_EU074859 346 (381.0)
denovo79 A139_EU074962 346 (381.0)
denovo79 A6_AF186058 346 (381.0)
denovo79 A3_AF333507 346 (381.0)
denovo79 A3_JN558091 346 (381.0)
denovo79 A8_AY258468 342 (368.5)
denovo79 A7_AY239360 342 (377.0)
denovo79 A16_EU792888 342 (377.5)
denovo79 A4.3_FN429763 349 (368.0)
denovo79 A120_AF180122 343 (368.5)
denovo79 A4.2_FN429761 342 (389.5)
denovo79 A4_AF333509 347 (387.0)
denovo79 A4.1_FN429760 345 (388.0)
denovo79 A4a_AF499778 346 (394.0)
denovo79 A4a.1_FN429762 346 (394.0)
denovo79 A138_EF378620 331 (374.5)
denovo79 A122_EF378619 342 (367.5)
denovo79 A126_EF378615 341 (368.0)
denovo79 A10_EU792882 341 (368.0)
denovo79 A9_EU449028 345 (381.5)
denovo79 A105_AB207202 345 (398.0)
denovo79 A119_AF180121 341 (377.5)
denovo79 A12_EU792883 345 (390.5)
denovo79 A104_AB207203 346 (384.0)
denovo79 A1a_EU449030 345 (390.5)
denovo79 A1.3_HE578976 345 (381.0)
denovo79 A1.4_HE578977 345 (390.0)
denovo79 A13_AF333504 345 (389.0)
denovo79 A13_JN558094 345 (389.0)
denovo79 A110_AB190282 347 (376.5)
denovo79 A103_AB207206 347 (387.0)
denovo79 A130_EF656428 347 (385.5)
denovo79 A127_EF656429 347 (394.5)
denovo79 A128_EF656430 347 (385.5)
denovo79 A129_EF656431 348 (388.0)
denovo79 A131_EF656432 345 (390.0)
denovo79 A118_AF180120 345 (382.5)
denovo79 A1_AF333505 347 (385.5)
denovo79 A107_AB207199 346 (392.5)
denovo79 A111_AB190280 346 (392.5)
denovo79 A108_AB207197 353 (371.0)
denovo79 A106_AB207200 346 (391.5)
denovo79 A102_AB207209 346 (392.0)
denovo79 A1.2_AB207210 346 (392.0)
denovo79 A109_AB190285 346 (391.5)
denovo79 B4_AF333510 320 (979.5)
denovo79 B23_EU449079 308 (1095.5)
denovo79 B30_GU907644 309 (1080.0)
denovo79 B11_AY239361 308 (1186.5)
denovo79 B17_AY258470 306 (1206.0)
denovo79 B1k_GU907638 278 (715.5)
denovo79 B1.V_Green2014 313 (1173.5)
denovo79 B1b_AF499780 305 (1153.0)
denovo79 B16_AY258469 306 (1215.0)
denovo79 B31a_GU907646 306 (1215.0)
denovo79 B32_GU907647 306 (1215.0)
denovo79 B31_GU907645 306 (1224.0)
denovo79 B1j_GU907637 306 (1224.0)
denovo79 B37_GU907650 308 (1213.5)
denovo79 B5a_AF499782 306 (1215.0)
denovo79 B5_AF499781 306 (1224.0)
denovo79 B24_GU907643 277 (1248.0)
denovo79 B117_AF180124 305 (1122.0)
denovo79 B10_AF499787 306 (1215.0)
denovo79 B20_GU907642 309 (1201.5)
denovo79 B1m_GU907640 306 (1224.0)
denovo79 B34_GU907649 306 (1224.0)
denovo79 B1d_GU907633 306 (1224.0)
denovo79 B1e_GU907634 306 (1224.0)
denovo79 B1i_GU907636 306 (1224.0)
denovo79 B1g_GU907635 307 (1205.0)
denovo79 B123_EU074872 306 (1215.0)
denovo79 B8_AF499785 307 (1214.0)
denovo79 B1l_GU907639 306 (1224.0)
denovo79 B1a_AF499779 306 (1224.0)
denovo79 B14_AY239362 307 (1223.5)
denovo79 B125_EU074865 306 (1224.0)
denovo79 B122_EU074871 306 (1224.0)
denovo79 B124_EU074874 306 (1224.0)
denovo79 B1.VII_Green2014 296 (1214.0)
denovo79 B1.III_Green2014 306 (1152.0)
denovo79 B1.I_Green2014 306 (1233.0)
denovo79 B1.II_Green2014 306 (1233.0)
denovo79 B1_JN558057 306 (1233.0)
denovo79 B1_AF333511 306 (1233.0)
denovo79 B1.IV_Green2014 316 (1228.0)
denovo79 B121_EU074870 306 (1224.0)
denovo79 B7_AF499784 306 (1224.0)
denovo79 B1.VI_Green2014 307 (1173.5)
denovo79 B3_AF333514 306 (1120.5)
denovo79 B9_AF499786 306 (1147.5)
denovo79 B19a_JN558055 310 (1014.5)
denovo79 B119_EU099825 315 (1055.0)
denovo79 B21_DQ865213 305 (1113.0)
denovo79 B38_GU907651 305 (1113.0)
denovo79 B18_AY258471 306 (1147.5)
denovo79 B18a_AY258472 306 (1138.5)
denovo79 B33_GU907648 306 (1138.5)
denovo79 B6_AF499783 311 (1144.0)
denovo79 B19_DQ865212 306 (1156.5)
denovo79 B19_GU907641 306 (1156.5)
denovo79 B2_AF333512 306 (1147.5)
denovo79 B2_JN558060 306 (1147.5)
denovo79 C33.1_AY258498 332 (535.5)
denovo79 C33.2_AY765400 332 (535.5)
denovo79 C33a_EF541147 332 (535.5)
denovo79 C34_AY258499 324 (530.5)
denovo79 C78_AY765413 328 (497.0)
denovo79 C15.29_KC597690 324 (494.5)
denovo79 C1131_DQ182650 320 (537.0)
denovo79 C1135_DQ182646 315 (550.0)
denovo79 C1134_DQ182647 315 (532.0)
denovo79 C1142_DQ182635 315 (541.0)
denovo79 C1136_DQ182644 313 (514.5)
denovo79 C1111_DQ182645 313 (524.0)
denovo79 C1236_EF473656 316 (517.0)
denovo79 C1138_DQ182642 312 (530.0)
denovo79 C1137_DQ182643 313 (515.0)
denovo79 C1133_DQ182648 313 (515.0)
denovo79 C1132_DQ182649 317 (517.5)
denovo79 C1143_DQ182634 313 (524.0)
denovo79 C1139_DQ182639 315 (532.0)
denovo79 C15.28_KC597687 324 (540.0)
denovo79 C1141_DQ182636 319 (534.0)
denovo79 C1144_DQ182637 319 (533.5)
denovo79 C1122_DQ182654 315 (550.0)
denovo79 C1127_DQ182652 315 (550.0)
denovo79 C15.30_JX394114 325 (534.0)
denovo79 C15.26_KC597686 324 (531.0)
denovo79 C1086_DQ182656 322 (534.5)
denovo79 C15.25_KC597685 322 (543.5)
denovo79 C1118_AF180127 325 (512.5)
denovo79 C1129_DQ182651 317 (528.0)
denovo79 C15.21_KC597683 322 (516.5)
denovo79 C56_AY589760 319 (534.5)
denovo79 C1140_DQ182638 321 (529.5)
denovo79 C1126_DQ182653 321 (520.5)
denovo79 C15c_AY258492 323 (536.5)
denovo79 C15d_AY258493 322 (543.0)
denovo79 C1098_DQ182641 320 (544.5)
denovo79 C15.27_KC597689 322 (534.5)
denovo79 C15.18_HE579024 321 (531.5)
denovo79 C15.16_HE579022 327 (549.0)
denovo79 C1101_AB253787 322 (534.5)
denovo79 C1083_AY237300 322 (534.5)
denovo79 C1088_DQ182640 325 (532.5)
denovo79 C15.6_FN563472 322 (534.5)
denovo79 C15.5_FJ461512 324 (531.0)
denovo79 C15.4_FJ461511 324 (540.0)
denovo79 C15.13_HE579019 322 (525.5)
denovo79 C15.12_HE579018 322 (534.5)
denovo79 C93a_AM748563 322 (543.5)
denovo79 C1094_AJ291514 322 (534.5)
denovo79 C93_AM748562 322 (534.5)
denovo79 C15.17_HE579023 321 (525.5)
denovo79 C15e_AY589742 324 (543.0)
denovo79 C15.22_KC597695 322 (543.5)
denovo79 C60_AY589764 326 (536.5)
denovo79 C15.1_FJ461508 322 (534.5)
denovo79 C15.2_FJ461509 322 (534.5)
denovo79 C15.9_FN563475 322 (552.0)
denovo79 C15.7_HE579015 321 (549.0)
denovo79 C15.8_HE579016 322 (534.5)
denovo79 C15.15_HE579021 322 (543.5)
denovo79 C15.19_HE579025 322 (543.5)
denovo79 C15.24_KC597696 323 (528.5)
denovo79 C15.3_FJ461510 324 (540.0)
denovo79 C1087_DQ182655 322 (543.5)
denovo79 C15.14_HE579020 323 (534.0)
denovo79 C15.23_KC597697 323 (534.0)
denovo79 C19_AY258479 322 (547.0)
denovo79 C1233_EU118166 323 (537.5)
denovo79 C15b_AY258491 323 (536.5)
denovo79 C15a_AY258476 324 (549.0)
denovo79 C1051_AF195153 322 (543.5)
denovo79 C2_AF333518 323 (542.5)
denovo79 C15.20_HE579026 323 (543.0)
denovo79 C15f_AY589743 323 (533.5)
denovo79 C55_AY589759 327 (543.5)
denovo79 C15_AY239369 322 (543.5)
denovo79 C32.1_JF683335 324 (482.0)
denovo79 C32.2_JF683336 324 (482.0)
denovo79 C21.23_KC597693 324 (482.0)
denovo79 C1193_EU099827 333 (525.5)
denovo79 C1195_EU099821 331 (523.0)
denovo79 C3q_GU907655 339 (503.5)
denovo79 C53_AY589758 340 (522.0)
denovo79 C73_AY765408 335 (506.0)
denovo79 C17.2.1_KC597684 323 (487.5)
denovo79 C32_AY258497 328 (492.0)
denovo79 C1189_EU099831 328 (502.5)
denovo79 C1191_EU099833 327 (509.0)
denovo79 C1196_EU099819 329 (478.5)
denovo79 C1192_EU099820 329 (478.5)
denovo79 C17.1_JF683322 328 (493.5)
denovo79 C26_b2_FN827164 333 (495.5)
denovo79 C26_b3_FN827165 330 (478.0)
denovo79 C31.9_HQ630879 324 (491.0)
denovo79 C31a_AY589746 325 (481.5)
denovo79 C30_AY589745 324 (478.5)
denovo79 C31.1_HQ630876 328 (480.0)
denovo79 C31.5_HQ630877 322 (490.5)
denovo79 C31.6_HQ630878 324 (487.5)
denovo79 C31.2_JF683332 324 (487.5)
denovo79 C31.3_JF683333 324 (478.5)
denovo79 C26/C35a_AY239378 330 (487.0)
denovo79 C35a_AY258501 330 (487.0)
denovo79 C35.2_AY258500 329 (493.0)
denovo79 C26_b1_FN827163 329 (493.0)
denovo79 C17_AY239370 328 (493.5)
denovo79 C17.2_FJ461513 324 (494.5)
denovo79 C31.10_HQ630880 324 (491.0)
denovo79 C31.4_JF683334 328 (485.5)
denovo79 C31_AY258496 324 (487.5)
denovo79 C25_AY239377 326 (547.5)
denovo79 C61_AY589765 325 (481.0)
denovo79 C1043_DQ072721 328 (482.5)
denovo79 C79_AY765414 333 (519.0)
denovo79 C69_AY589773 318 (502.0)
denovo79 C69a_AY686648 319 (496.0)
denovo79 C21.22_KC597692 330 (480.5)
denovo79 C51_AY589756 327 (512.0)
denovo79 C1aa_HM185739 327 (521.5)
denovo79 C1096_DQ068023 325 (503.0)
denovo79 C74_AY765409 334 (536.5)
denovo79 C1185_AB294629 337 (536.0)
denovo79 C1184_AB294630 336 (533.0)
denovo79 C1153_AB294625 336 (533.0)
denovo79 C1154_AB294626 335 (548.5)
denovo79 C1187_AB294627 336 (533.0)
denovo79 C1186_AB294628 336 (533.0)
denovo79 C57_AY589761 336 (541.5)
denovo79 C66_AY589771 336 (542.0)
denovo79 C5_AF499795 326 (518.0)
denovo79 C1167_AB294586 326 (518.0)
denovo79 C1164_AB294593 326 (518.0)
denovo79 C1183_AB294631 326 (536.0)
denovo79 C1067_DQ335381 328 (514.5)
denovo79 C1159_AB294613 325 (520.5)
denovo79 C1150_AB294622 325 (529.5)
denovo79 C90_AM748554 327 (541.0)
denovo79 C1168_AB294583 326 (536.0)
denovo79 C1156_AB294616 322 (543.0)
denovo79 C1151_AB294621 326 (545.0)
denovo79 C92a_AM748561 326 (545.0)
denovo79 C92_AM748560 326 (536.0)
denovo79 C1165_AB294581 326 (527.0)
denovo79 C1166_AB294584 326 (545.0)
denovo79 C1162_AB294594 326 (527.0)
denovo79 C1163_AB294596 322 (543.0)
denovo79 C1161_AB294606 326 (536.0)
denovo79 C1160_AB294608 330 (528.5)
denovo79 C1158_AB294614 326 (545.0)
denovo79 C1155_AB294617 326 (527.0)
denovo79 C1149_AB294620 326 (536.0)
denovo79 C1173_AB294662 326 (545.0)
denovo79 C1171_AB294663 326 (527.0)
denovo79 C1172_AB294665 326 (536.0)
denovo79 C91a_AM748556 326 (545.0)
denovo79 C91b_AM748557 326 (536.0)
denovo79 C91d_AM748559 325 (533.5)
denovo79 C91c_AM748558 325 (533.5)
denovo79 C91_AJ621543 326 (536.0)
denovo79 C91_AM748555 326 (536.0)
denovo79 C1023_DQ335330 317 (498.0)
denovo79 C1020_DQ335392 332 (517.0)
denovo79 C1018_DQ335408 328 (523.5)
denovo79 C1074_DQ335329 328 (523.5)
denovo79 C1030_DQ335353 328 (523.5)
denovo79 C1022_DQ335331 328 (514.5)
denovo79 C1027_DQ335360 328 (532.5)
denovo79 C1072_DQ335344 328 (514.5)
denovo79 C1039_AB190274 328 (523.5)
denovo79 C1033_DQ335350 333 (511.5)
denovo79 C1019_DQ335407 328 (523.5)
denovo79 C1194_EU099826 328 (517.5)
denovo79 C8b_AY258475 329 (500.5)
denovo79 C8_AY239367 331 (513.5)
denovo79 C8a_AY239368 333 (509.5)
denovo79 C54a_AY765406 329 (526.5)
denovo79 C3ff_HM185740 329 (535.5)
denovo79 C59_AY589763 332 (509.0)
denovo79 C3k_AY589737 325 (533.5)
denovo79 C3.24_HE579012 324 (540.0)
denovo79 C3.23_HE579011 325 (533.5)
denovo79 C35.1_AY765401 336 (528.0)
denovo79 C35.3_EF541145 329 (526.0)
denovo79 C76_AY765411 325 (512.5)
denovo79 C1107_DQ335359 323 (504.5)
denovo79 C3.22_HE579010 330 (504.5)
denovo79 C77_AY765412 324 (518.0)
denovo79 C20_AY239371 327 (539.0)
denovo79 C1055_DQ480640 326 (514.0)
denovo79 C27/C30_AY239379 328 (490.0)
denovo79 C27.1_FJ461517 328 (481.0)
denovo79 C40a_AY589747 333 (527.5)
denovo79 C40_AY258485 333 (527.5)
denovo79 C40b_AY589748 333 (532.5)
denovo79 C16_AY258477 331 (523.0)
denovo79 C16a_AY765399 331 (523.0)
denovo79 C1091_AB207186 324 (539.5)
denovo79 C1102_DQ335400 324 (521.5)
denovo79 C1069_DQ335375 328 (524.0)
denovo79 C1073_DQ335332 324 (521.5)
denovo79 C1066_DQ335382 321 (513.0)
denovo79 C1031_DQ335352 329 (536.0)
denovo79 C1026_DQ335366 333 (529.0)
denovo79 C70_AY589774 324 (539.5)
denovo79 C1082_AB190267 324 (521.5)
denovo79 C1078_AB190271 324 (539.5)
denovo79 C1090_AB207191 324 (530.5)
denovo79 C1071_DQ335302 324 (530.5)
denovo79 C1075_DQ335328 324 (530.5)
denovo79 C1068_DQ335379 324 (521.5)
denovo79 C1064_DQ335395 324 (521.5)
denovo79 C1063_DQ335403 324 (539.5)
denovo79 C62_AY589766 324 (530.5)
denovo79 C1077_DQ335316 325 (529.5)
denovo79 C1109_DQ335338 324 (530.5)
denovo79 C1110_DQ335340 324 (521.5)
denovo79 C1106_DQ335339 324 (521.5)
denovo79 C1112_DQ335319 324 (530.5)
denovo79 C1108_DQ335351 324 (521.5)
denovo79 C1105_DQ335394 324 (530.5)
denovo79 C1121_DQ335378 331 (533.0)
denovo79 C1116_AB190268 331 (533.0)
denovo79 C1115_AB190273 331 (533.0)
denovo79 C1124_DQ335323 324 (522.0)
denovo79 C1120_DQ335398 324 (522.0)
denovo79 C1119_DQ335404 324 (531.0)
denovo79 C1123_DQ335363 324 (531.0)
denovo79 C1004_DQ480635 328 (523.0)
denovo79 C1061_AY186568 328 (523.0)
denovo79 C1053_AY186569 328 (523.0)
denovo79 C1003_DQ480639 328 (523.0)
denovo79 C81_GU907657 319 (504.5)
denovo79 C22_AY239373 323 (525.5)
denovo79 C22a_AY239374 326 (517.0)
denovo79 C1232_EU118163 330 (529.0)
denovo79 C21.13_FJ461515 327 (491.0)
denovo79 C21.1_JF683323 326 (497.0)
denovo79 C21.3_JF683325 328 (502.5)
denovo79 C1.20_HE578993 328 (514.5)
denovo79 C1.22_HE578995 328 (514.5)
denovo79 C52_AY589757 323 (531.0)
denovo79 C1201_EU099793 329 (496.0)
denovo79 C14_AY589741 331 (526.5)
denovo79 C43_AY589749 331 (532.5)
denovo79 C50_AY589755 328 (532.5)
denovo79 C3.14_HQ630872 327 (538.0)
denovo79 C1m_AY765398 324 (539.5)
denovo79 C82_GU907658 335 (535.0)
denovo79 C82b_GU907660 335 (535.0)
denovo79 C64_AY589768 325 (532.0)
denovo79 C45a_AY765404 331 (531.5)
denovo79 C48_AY589753 328 (544.0)
denovo79 C1_v1b_FJ919244 328 (514.5)
denovo79 C1_v1a_FJ919243 328 (523.5)
denovo79 C3j_AY239366 328 (514.5)
denovo79 C3t_EF541149 331 (531.5)
denovo79 C9_AF499798 326 (536.0)
denovo79 C23_AY239375 327 (548.5)
denovo79 C37_AY258481 335 (526.0)
denovo79 C1048_DQ068026 331 (522.5)
denovo79 C21.4_JF683326 328 (502.5)
denovo79 C21.5_JF683327 328 (502.5)
denovo79 C1070_DQ335349 328 (523.5)
denovo79 C21.6_HQ630873 328 (502.5)
denovo79 C1224_EU074890 328 (541.5)
denovo79 C1.17_HE578990 328 (541.5)
denovo79 C21_b1_FN827162 329 (496.5)
denovo79 C21.9_JF683330 329 (505.5)
denovo79 C1085_AY624605 324 (539.5)
denovo79 C3p_GU907654 327 (524.0)
denovo79 C3f_AY589734 328 (532.5)
denovo79 C65a_AY589770 327 (529.5)
denovo79 C65_AY589769 326 (535.5)
denovo79 C71_AY589775 326 (526.5)
denovo79 C71a_AY589776 326 (526.5)
denovo79 C1178_AB294647 327 (515.0)
denovo79 C1225_EU074893 325 (542.0)
denovo79 C75_AY765410 327 (531.0)
denovo79 C21.10_JF683331 327 (499.5)
denovo79 C21.11_HQ630874 327 (499.5)
denovo79 C1065_DQ335388 328 (541.5)
denovo79 C1045_DQ068036 328 (541.5)
denovo79 C1h_AY258473 327 (529.0)
denovo79 C38_AY258482 327 (520.0)
denovo79 C1202_EU099799 327 (529.0)
denovo79 C7_AF499797 327 (529.0)
denovo79 C12_AF499801 329 (518.5)
denovo79 C38a_AY258483 326 (531.5)
denovo79 C1200_EU099800 315 (528.5)
denovo79 C44a_AY589751 328 (532.0)
denovo79 C47_AY589752 331 (540.5)
denovo79 C44_AY589750 331 (531.5)
denovo79 C1.15_HE578988 328 (523.5)
denovo79 C45.3_FJ461522 331 (522.5)
denovo79 C46a_AY765405 331 (522.5)
denovo79 C46_EU449108 331 (531.5)
denovo79 C3.12_FJ461507 331 (531.5)
denovo79 C1k_AY589733 331 (522.5)
denovo79 C67_AY686647 331 (531.5)
denovo79 C82a_GU907659 327 (538.5)
denovo79 C10a_AY589739 331 (531.5)
denovo79 C10_AF499799 331 (522.5)
denovo79 C13_AY589740 333 (525.5)
denovo79 C4_AF499794 331 (522.5)
denovo79 C1147_EF656433 331 (522.5)
denovo79 C1c/C45_AY239364 331 (531.5)
denovo79 C1c/C45_EU449103 331 (531.5)
denovo79 C21.19_HE579031 328 (511.5)
denovo79 C21.21_HE579033 328 (502.5)
denovo79 C21.20_HE579032 328 (511.5)
denovo79 C42b_AY765403 331 (532.5)
denovo79 C42_AY258487 331 (532.5)
denovo79 C1p_GU907652 329 (526.5)
denovo79 C1d_AY258488 332 (516.5)
denovo79 C42_AY765402 332 (525.5)
denovo79 C3ha_AY589736 328 (493.5)
denovo79 C63a_AY589767 324 (512.5)
denovo79 C21a_AY589744 328 (502.5)
denovo79 C3o_GU907653 327 (500.0)
denovo79 C21.16_HQ630875 328 (493.5)
denovo79 C21.2_JF683324 328 (493.5)
denovo79 C21.7_JF683328 327 (500.0)
denovo79 C21.8_JF683329 328 (502.5)
denovo79 C3h_AY239365 328 (502.5)
denovo79 C1203_EU099798 328 (493.5)
denovo79 C3.10_FJ461505 328 (541.5)
denovo79 C21.14_FJ461516 328 (511.5)
denovo79 C21.18_HE579030 324 (507.5)
denovo79 C3.17_HE579005 328 (532.5)
denovo79 C3.9_FJ461504 328 (520.5)
denovo79 C3.8_FJ461503 328 (532.5)
denovo79 C3.7_FJ461502 328 (532.5)
denovo79 C3.11_FJ461506 335 (535.0)
denovo79 C3.18_HE579006 328 (523.5)
denovo79 C3.19_HE579007 328 (523.5)
denovo79 C3.20_HE579008 328 (523.5)
denovo79 C3g_AY589735 331 (524.5)
denovo79 C3a_AF499790 326 (536.0)
denovo79 C3e_AF499793 328 (532.5)
denovo79 C6_AF499796 335 (543.5)
denovo79 C11_AF499800 328 (523.5)
denovo79 C36_AY258480 328 (541.5)
denovo79 C29_AY258494 328 (541.5)
denovo79 C1146_EF656434 329 (528.0)
denovo79 C1190_EU099841 328 (541.5)
denovo79 C131_JF320826 328 (532.5)
denovo79 C28_AY239380 330 (532.5)
denovo79 C1012_DQ480604 329 (527.0)
denovo79 C1181_AB294640 328 (517.5)
denovo79 C1180_AB294641 328 (517.5)
denovo79 C1179_AB294645 326 (512.0)
denovo79 C1176_AB294651 326 (521.0)
denovo79 C1175_AB294653 328 (508.5)
denovo79 C1174_AB294655 324 (516.0)
denovo79 C1177_AB294659 328 (517.5)
denovo79 C1040_AB190269 330 (529.0)
denovo79 C1182_AB294649 328 (523.5)
denovo79 C1089_AJ278598 328 (523.5)
denovo79 C1028_DQ335357 335 (534.5)
denovo79 C3.16_EU786015 328 (532.5)
denovo79 C1097_AJ311943 327 (517.0)
denovo79 C1170_AB294661 328 (517.5)
denovo79 C21.17_HE579029 328 (513.5)
denovo79 C21/3d/C3k_AY239372 328 (502.5)
denovo79 C58_AY589762 324 (506.0)
denovo79 C3L_AY589738 331 (528.0)
denovo79 C1169_AB294660 328 (517.5)
denovo79 C3.2_FJ461497 328 (526.5)
denovo79 C3.1_JF683321 325 (527.5)
denovo79 C1104_AF427469 329 (532.0)
denovo79 C3b_AF499791 328 (535.5)
denovo79 C83_GU907661 328 (535.0)
denovo79 C49_AY589754 353 (554.0)
denovo79 C3_AB778606 328 (532.5)
denovo79 C3_AF499789 328 (532.5)
denovo79 C3_HE579001 328 (532.5)
denovo79 C21.12_FJ461514 328 (493.5)
denovo79 C1229_EU074888 324 (534.5)
denovo79 C1230_EU074889 324 (534.5)
denovo79 C1114_AB207196 328 (532.5)
denovo79 C3.21_HE579009 317 (520.0)
denovo79 C1057_DQ480619 328 (532.5)
denovo79 C72_AY765407 325 (523.0)
denovo79 C1b.3_HE578999 328 (517.5)
denovo79 C93_AJ621536 328 (532.5)
denovo79 C94_AJ621539 328 (532.5)
denovo79 C1g_AY589730 328 (541.5)
denovo79 C1i_AY589731 321 (531.0)
denovo79 C1j_AY589732 335 (534.5)
denovo79 C1005_DQ480633 328 (523.5)
denovo79 C1.7_FJ461494 328 (523.5)
denovo79 C1.11_HE578984 324 (531.0)
denovo79 C1.12_HE578985 328 (523.5)
denovo79 C1.13_HE578986 328 (532.5)
denovo79 C1.14_HE578987 328 (532.5)
denovo79 C1.18_HE578991 328 (532.5)
denovo79 C1.19_HE578992 328 (532.5)
denovo79 C1199_EU099802 324 (524.5)
denovo79 C1188_EU099838 325 (524.0)
denovo79 C1002_DQ838544 328 (532.5)
denovo79 C1198_EU099810 328 (523.5)
denovo79 C24_AY239376 328 (523.5)
denovo79 C1f_AY258490 328 (532.5)
denovo79 C1006_DQ480629 328 (541.5)
denovo79 C1010_DQ480607 328 (523.5)
denovo79 C1007_DQ480624 328 (523.5)
denovo79 C1011_DQ480605 330 (529.5)
denovo79 C1009_DQ480608 332 (525.5)
denovo79 C1041_AY186548 328 (532.5)
denovo79 C1052_AY186570 328 (523.5)
denovo79 C1148_EU040178 328 (532.5)
denovo79 C1234_EU118165 329 (532.0)
denovo79 C1.5_EF634157 328 (532.5)
denovo79 C1059_DQ480609 328 (532.5)
denovo79 C1228_EU074883 328 (523.5)
denovo79 C1208_EU074963 328 (523.5)
denovo79 C1207_EU074964 328 (532.5)
denovo79 C1206_EU074965 328 (523.5)
denovo79 C1013_DQ480642 328 (532.5)
denovo79 C80_GU907656 335 (518.0)
denovo79 C1a_AF499788 325 (524.0)
denovo79 C41_AY258486 328 (532.5)
denovo79 C39_AY258484 313 (528.0)
denovo79 C1231_EU074878 328 (532.5)
denovo79 C1b.1_HE578997 328 (526.5)
denovo79 C18_AY258478 328 (532.5)
denovo79 C1.10_HE578983 327 (527.0)
denovo79 C1_JN558041 328 (532.5)
denovo79 C1_HE578979 328 (532.5)
denovo79 C1_AM748551 328 (532.5)
denovo79 C1_AF333515 328 (532.5)
denovo79 C1054_AY186565 327 (536.0)
denovo79 C1008_DQ480613 328 (523.5)
denovo79 C1103_AF427470 329 (532.0)
denovo79 C1226_EU074881 329 (523.5)
denovo79 C1b/C1e_AY239363 328 (526.5)
denovo79 C1044_DQ068038 328 (517.5)
denovo79 C1017_DQ174729 329 (516.5)
denovo79 C1.6_FJ461493 328 (532.5)
denovo79 C1b.2_HE578998 328 (526.5)
denovo79 C1060_DQ480600 328 (532.5)
denovo79 C1227_EU074882 328 (532.5)
denovo79 C1197_EU099814 328 (523.5)
denovo79 C1130_DQ480643 307 (519.5)
denovo79 D109_AB097465 359 (352.5)
denovo79 D1.11_HE579040 354 (355.0)
denovo79 D105_AF174570 355 (349.5)
denovo79 D104_AF174572 356 (344.0)
denovo79 D1.3_JF683337 355 (348.5)
denovo79 D1.10_HE579039 354 (346.0)
denovo79 D110_AF174561 354 (346.0)
denovo79 D117_AF174542 354 (346.0)
denovo79 D114_AF174549 354 (355.0)
denovo79 D113_AF174557 356 (344.0)
denovo79 D112_AF174558 358 (350.5)
denovo79 D106_AF174559 356 (361.0)
denovo79 D111_AF174560 356 (352.5)
denovo79 D115_AF174562 354 (355.0)
denovo79 D107_AF174568 353 (352.5)
denovo79 D116_AF174571 354 (346.0)
denovo79 D124_EU074897 351 (355.5)
denovo79 D1.8_HE579037 356 (352.5)
denovo79 D3_AY686650 354 (355.0)
denovo79 D1.6_HQ630881 354 (346.0)
denovo79 D120_EU074900 356 (353.0)
denovo79 D121_EU074904 354 (355.0)
denovo79 D122_EU074905 354 (346.0)
denovo79 D1a.2_JF683339 350 (354.5)
denovo79 D1a.1_JF683338 351 (355.5)
denovo79 D2_AY686649 589 (419.5)
denovo79 D4_DQ865214 359 (350.0)
denovo79 D1a_AF499802 356 (353.0)
denovo79 D1a_JN558078 356 (353.0)
denovo79 D123_EU074895 355 (357.5)
denovo79 D108_AF174567 350 (361.0)
denovo79 D103_AF174575 356 (353.0)
denovo79 D100_AF411415 352 (359.0)
denovo79 D118_EF656435 350 (362.0)
denovo79 D101_AF411416 352 (344.0)
denovo79 D119_EU099832 355 (343.5)
denovo79 D102_AF174573 354 (358.5)
denovo79 D1_AF334660 354 (355.0)
denovo79 D1_JN558076 354 (355.0)
denovo79 D1.12_HE579041 335 (354.0)
denovo79 D1.1_AM748564 416 (364.0)
denovo79 D1.2_AM748617 440 (362.0)
denovo79 E111_EU074915 347 (375.0)
denovo79 E110_EU074914 358 (372.0)
denovo79 E114_EU074909 358 (372.0)
denovo79 E1_AF334659 359 (371.0)
denovo79 E105_EU074921 358 (381.0)
denovo79 E112_EU074916 358 (363.0)
denovo79 E104_EU074922 358 (372.0)
denovo79 E102_EU074924 358 (372.0)
denovo79 E103_EU074923 358 (372.0)
denovo79 E101_AY160123 363 (347.0)
denovo79 E109_EU074913 351 (396.0)
denovo79 E100_DQ011618 347 (399.0)
denovo79 E108_EU074912 355 (397.0)
denovo79 E113_EU074908 351 (407.0)
denovo79 E107_EU074910 355 (397.0)
denovo79 F1_JN558066 343 (514.0)
denovo79 F5.2d_AJ291530 334 (533.5)
denovo79 F104_AJ291531 334 (533.5)
denovo79 F5.2c_AM748596 341 (536.0)
denovo79 F5.2_AM748594 340 (533.0)
denovo79 F5.2a_AM748614 340 (533.0)
denovo79 F5.2b_AM748595 340 (533.0)
denovo79 F5.2e_AJ291533 333 (535.0)
denovo79 F5.2g_JN558072 334 (541.5)
denovo79 F5.2f_AJ291512 334 (532.0)
denovo79 F102_AJ291534 334 (541.5)
denovo79 F5.1c_AM748593 339 (556.0)
denovo79 F5.1d_JN558069 347 (514.5)
denovo79 F5.1b_AJ291535 329 (536.5)
denovo79 F5.1_AM748592 331 (533.0)
denovo79 F5.1a_AM748591 329 (536.5)
denovo79 F110_AJ291526 321 (592.5)
denovo79 F4.7_AM748587 323 (593.0)
denovo79 F4.5_AM748585 329 (587.5)
denovo79 F4.4a_AM748583 318 (611.5)
denovo79 F4.4_AM748582 323 (614.0)
denovo79 F4.4b_AM748584 316 (630.5)
denovo79 F4.1a_AM748573 325 (566.0)
denovo79 F112_AJ291528 322 (560.0)
denovo79 F4.1_AM748572 322 (560.0)
denovo79 F4.8b_AM748590 331 (611.0)
denovo79 F4.8_AM748588 315 (610.0)
denovo79 F4.8a_AM748589 315 (610.0)
denovo79 F109_AJ291527 321 (605.5)
denovo79 F4.6_AM748586 322 (568.5)
denovo79 F111_AJ311949 312 (598.5)
denovo79 F4.3c_AM748581 314 (612.5)
denovo79 F4.3a_AM748579 315 (617.0)
denovo79 F4.3b_AM748580 316 (619.0)
denovo79 F4.3_AM748578 316 (610.0)
denovo79 F4.2_AM748574 322 (622.5)
denovo79 F4.2a_AM748575 322 (599.0)
denovo79 F4.2c_AM748577 322 (595.5)
denovo79 F4.2b_AM748576 322 (608.0)
denovo79 F2b_AJ291521 333 (563.0)
denovo79 F2_AJ830908 329 (588.0)
denovo79 F2a_AJ830911 329 (583.5)
denovo79 F3.1a_AM748566 340 (541.0)
denovo79 F114_AJ291525 340 (550.5)
denovo79 F3.1_AM748565 340 (550.5)
denovo79 F3.2_AM748567 345 (582.5)
denovo79 F3.2a_AM748568 348 (584.5)
denovo79 F3.3_AM748569 340 (555.0)
denovo79 F3.4a_AM748571 338 (513.0)
denovo79 F3.4_AM748570 334 (519.0)
denovo79 F3.4b_AM748616 334 (519.0)
denovo79 G101_AJ291539 366 (372.0)
denovo79 G1_AM748597 366 (372.0)
denovo79 G2b_JN558087 364 (376.0)
denovo79 G2_AM748598 365 (370.0)
denovo79 G2a_AM748599 365 (361.0)
denovo79 G4_AM748601 355 (419.0)
denovo79 G3.4_LK392378 345 (372.5)
denovo79 G3_AM748600 349 (383.0)
denovo79 G3.2_KC597694 326 (374.5)
denovo79 G3.1_KC597688 348 (396.5)
denovo79 G100_AB253788 348 (388.5)
denovo79 G3.3_LK392377 348 (396.5)
denovo79 H6_AJ291520 635 (291.5)
denovo79 H3_AM748606 295 (534.5)
denovo79 H2_AM748605 306 (557.5)
denovo79 H4_AM748607 303 (542.5)
denovo79 H4a_AM748608 313 (541.0)
denovo79 H5a_AM748611 311 (521.5)
denovo79 H5b_AM748610 314 (520.0)
denovo79 H5_AJ621129 311 (521.5)
denovo79 H5_AM748609 311 (521.5)
denovo79 H100_AJ291513 310 (517.0)
denovo79 H1b_AM748604 310 (512.5)
denovo79 H1a_AM748612 310 (521.0)
denovo79 H1_AJ621152 310 (521.0)
denovo79 H1_AM748602 310 (521.0)
denovo79 I3_FN561561 335 (590.0)
denovo79 I4_FN561562 335 (590.0)
denovo79 I1_FN561559 334 (586.0)
denovo79 I2_FN561560 339 (592.0)

#---------------------------------------
#---------------------------------------
