denovo185 A136_DQ865210 332 (513.0)
denovo185 A133_DQ174725 344 (489.0)
denovo185 A115_AF180123 348 (465.5)
denovo185 A117_AF201746 344 (471.0)
denovo185 A134_DQ174723 335 (479.0)
denovo185 A114_AF184941 335 (479.0)
denovo185 A135_DQ174727 341 (477.0)
denovo185 A2_AF333506 345 (474.0)
denovo185 A101_AF427468 341 (477.0)
denovo185 A2_1_JN558097 341 (477.0)
denovo185 A2_2_JN558100 341 (477.0)
denovo185 A113_AF184948 332 (515.0)
denovo185 A112_AF184949 342 (518.5)
denovo185 A123_EF378618 338 (352.5)
denovo185 A137_EF378621 329 (370.5)
denovo185 A11_EU449041 338 (507.5)
denovo185 A121_DQ174722 335 (519.5)
denovo185 A15b_EU792886 335 (478.0)
denovo185 A15a_EU792885 335 (487.0)
denovo185 A15c_EU792887 335 (487.5)
denovo185 A15_EU792884 335 (487.0)
denovo185 A147_EU074937 336 (488.5)
denovo185 A154_EU074860 336 (487.5)
denovo185 A146_EU074936 336 (505.5)
denovo185 A150_EU074928 336 (515.0)
denovo185 A116_AF183575 335 (523.0)
denovo185 A141_EU074931 336 (514.5)
denovo185 A5_AF333508 339 (511.5)
denovo185 A3b_EU449043 336 (505.5)
denovo185 A151_EU074925 336 (514.5)
denovo185 A152_EU074927 323 (504.5)
denovo185 A149_EU074929 330 (507.0)
denovo185 A140_EU074930 336 (496.5)
denovo185 A142_EU074932 336 (496.5)
denovo185 A143_EU074933 331 (499.5)
denovo185 A144_EU074934 336 (496.5)
denovo185 A145_EU074935 336 (506.0)
denovo185 A148_EU074938 335 (505.0)
denovo185 A155_EU074856 337 (509.0)
denovo185 A156_EU074859 336 (496.5)
denovo185 A139_EU074962 337 (499.0)
denovo185 A6_AF186058 336 (505.5)
denovo185 A3_AF333507 336 (505.5)
denovo185 A3_JN558091 336 (505.5)
denovo185 A8_AY258468 332 (494.5)
denovo185 A7_AY239360 336 (496.5)
denovo185 A16_EU792888 334 (499.5)
denovo185 A4.3_FN429763 333 (477.5)
denovo185 A120_AF180122 328 (481.5)
denovo185 A4.2_FN429761 333 (465.5)
denovo185 A4_AF333509 333 (493.5)
denovo185 A4.1_FN429760 332 (497.5)
denovo185 A4a_AF499778 329 (489.5)
denovo185 A4a.1_FN429762 329 (489.5)
denovo185 A138_EF378620 336 (474.5)
denovo185 A122_EF378619 335 (511.0)
denovo185 A126_EF378615 334 (512.0)
denovo185 A10_EU792882 334 (512.0)
denovo185 A9_EU449028 334 (487.0)
denovo185 A105_AB207202 338 (489.0)
denovo185 A119_AF180121 331 (496.0)
denovo185 A12_EU792883 333 (493.5)
denovo185 A104_AB207203 337 (506.0)
denovo185 A1a_EU449030 337 (496.5)
denovo185 A1.3_HE578976 334 (505.0)
denovo185 A1.4_HE578977 334 (505.0)
denovo185 A13_AF333504 332 (499.5)
denovo185 A13_JN558094 332 (499.5)
denovo185 A110_AB190282 334 (496.0)
denovo185 A103_AB207206 334 (505.0)
denovo185 A130_EF656428 334 (496.0)
denovo185 A127_EF656429 334 (514.0)
denovo185 A128_EF656430 334 (496.0)
denovo185 A129_EF656431 334 (505.0)
denovo185 A131_EF656432 334 (505.0)
denovo185 A118_AF180120 330 (505.5)
denovo185 A1_AF333505 334 (505.0)
denovo185 A107_AB207199 331 (515.0)
denovo185 A111_AB190280 331 (506.0)
denovo185 A108_AB207197 336 (488.0)
denovo185 A106_AB207200 344 (489.0)
denovo185 A102_AB207209 341 (498.5)
denovo185 A1.2_AB207210 341 (498.5)
denovo185 A109_AB190285 345 (492.5)
denovo185 B4_AF333510 357 (556.5)
denovo185 B23_EU449079 349 (522.0)
denovo185 B30_GU907644 348 (517.5)
denovo185 B11_AY239361 355 (539.5)
denovo185 B17_AY258470 356 (530.5)
denovo185 B1k_GU907638 319 (253.0)
denovo185 B1.V_Green2014 365 (496.0)
denovo185 B1b_AF499780 353 (527.5)
denovo185 B16_AY258469 356 (540.5)
denovo185 B31a_GU907646 352 (538.0)
denovo185 B32_GU907647 352 (529.0)
denovo185 B31_GU907645 352 (538.0)
denovo185 B1j_GU907637 356 (540.5)
denovo185 B37_GU907650 358 (539.5)
denovo185 B5a_AF499782 354 (535.5)
denovo185 B5_AF499781 354 (544.5)
denovo185 B24_GU907643 357 (409.5)
denovo185 B117_AF180124 344 (506.5)
denovo185 B10_AF499787 359 (531.0)
denovo185 B20_GU907642 355 (533.5)
denovo185 B1m_GU907640 356 (540.5)
denovo185 B34_GU907649 356 (540.5)
denovo185 B1d_GU907633 352 (546.0)
denovo185 B1e_GU907634 352 (538.0)
denovo185 B1i_GU907636 356 (540.5)
denovo185 B1g_GU907635 362 (536.5)
denovo185 B123_EU074872 358 (528.5)
denovo185 B8_AF499785 361 (543.0)
denovo185 B1l_GU907639 356 (540.5)
denovo185 B1a_AF499779 357 (543.0)
denovo185 B14_AY239362 357 (521.5)
denovo185 B125_EU074865 356 (540.5)
denovo185 B122_EU074871 355 (538.0)
denovo185 B124_EU074874 356 (531.5)
denovo185 B1.VII_Green2014 356 (479.5)
denovo185 B1.III_Green2014 355 (529.0)
denovo185 B1.I_Green2014 356 (540.5)
denovo185 B1.II_Green2014 356 (540.5)
denovo185 B1_JN558057 356 (540.5)
denovo185 B1_AF333511 356 (540.5)
denovo185 B1.IV_Green2014 357 (553.0)
denovo185 B121_EU074870 356 (540.5)
denovo185 B7_AF499784 356 (540.5)
denovo185 B1.VI_Green2014 349 (521.0)
denovo185 B3_AF333514 357 (539.5)
denovo185 B9_AF499786 349 (499.0)
denovo185 B19a_JN558055 343 (517.0)
denovo185 B119_EU099825 357 (529.5)
denovo185 B21_DQ865213 348 (528.5)
denovo185 B38_GU907651 348 (528.5)
denovo185 B18_AY258471 348 (532.5)
denovo185 B18a_AY258472 348 (532.5)
denovo185 B33_GU907648 357 (530.0)
denovo185 B6_AF499783 354 (514.5)
denovo185 B19_DQ865212 349 (526.0)
denovo185 B19_GU907641 349 (526.0)
denovo185 B2_AF333512 356 (528.5)
denovo185 B2_JN558060 356 (528.5)
denovo185 C33.1_AY258498 337 (577.5)
denovo185 C33.2_AY765400 337 (577.5)
denovo185 C33a_EF541147 337 (577.5)
denovo185 C34_AY258499 337 (577.5)
denovo185 C78_AY765413 344 (580.0)
denovo185 C15.29_KC597690 332 (561.5)
denovo185 C1131_DQ182650 333 (547.0)
denovo185 C1135_DQ182646 333 (547.0)
denovo185 C1134_DQ182647 333 (537.5)
denovo185 C1142_DQ182635 333 (538.0)
denovo185 C1136_DQ182644 329 (533.0)
denovo185 C1111_DQ182645 331 (548.0)
denovo185 C1236_EF473656 331 (530.0)
denovo185 C1138_DQ182642 338 (540.5)
denovo185 C1137_DQ182643 328 (539.5)
denovo185 C1133_DQ182648 331 (539.0)
denovo185 C1132_DQ182649 331 (530.0)
denovo185 C1143_DQ182634 331 (539.0)
denovo185 C1139_DQ182639 336 (546.5)
denovo185 C15.28_KC597687 336 (601.5)
denovo185 C1141_DQ182636 336 (555.5)
denovo185 C1144_DQ182637 336 (564.5)
denovo185 C1122_DQ182654 332 (553.0)
denovo185 C1127_DQ182652 336 (555.5)
denovo185 C15.30_JX394114 329 (582.0)
denovo185 C15.26_KC597686 334 (586.0)
denovo185 C1086_DQ182656 327 (593.5)
denovo185 C15.25_KC597685 327 (602.5)
denovo185 C1118_AF180127 333 (582.0)
denovo185 C1129_DQ182651 336 (555.5)
denovo185 C15.21_KC597683 340 (586.5)
denovo185 C56_AY589760 332 (581.0)
denovo185 C1140_DQ182638 332 (571.0)
denovo185 C1126_DQ182653 332 (562.0)
denovo185 C15c_AY258492 332 (608.0)
denovo185 C15d_AY258493 333 (601.5)
denovo185 C1098_DQ182641 336 (590.0)
denovo185 C15.27_KC597689 340 (586.0)
denovo185 C15.18_HE579024 332 (590.0)
denovo185 C15.16_HE579022 335 (608.0)
denovo185 C1101_AB253787 332 (581.0)
denovo185 C1083_AY237300 332 (599.0)
denovo185 C1088_DQ182640 332 (608.0)
denovo185 C15.6_FN563472 332 (590.0)
denovo185 C15.5_FJ461512 338 (589.5)
denovo185 C15.4_FJ461511 332 (590.0)
denovo185 C15.13_HE579019 332 (581.0)
denovo185 C15.12_HE579018 332 (590.0)
denovo185 C93a_AM748563 332 (608.0)
denovo185 C1094_AJ291514 332 (590.0)
denovo185 C93_AM748562 332 (599.0)
denovo185 C15.17_HE579023 337 (599.0)
denovo185 C15e_AY589742 330 (588.0)
denovo185 C15.22_KC597695 332 (590.0)
denovo185 C60_AY589764 332 (599.0)
denovo185 C15.1_FJ461508 338 (598.5)
denovo185 C15.2_FJ461509 332 (590.0)
denovo185 C15.9_FN563475 331 (605.0)
denovo185 C15.7_HE579015 332 (608.0)
denovo185 C15.8_HE579016 332 (608.0)
denovo185 C15.15_HE579021 332 (590.0)
denovo185 C15.19_HE579025 326 (599.5)
denovo185 C15.24_KC597696 332 (599.0)
denovo185 C15.3_FJ461510 332 (590.0)
denovo185 C1087_DQ182655 332 (599.0)
denovo185 C15.14_HE579020 350 (594.0)
denovo185 C15.23_KC597697 350 (594.0)
denovo185 C19_AY258479 344 (601.5)
denovo185 C1233_EU118166 332 (590.0)
denovo185 C15b_AY258491 332 (590.0)
denovo185 C15a_AY258476 332 (599.0)
denovo185 C1051_AF195153 332 (608.0)
denovo185 C2_AF333518 333 (607.5)
denovo185 C15.20_HE579026 341 (595.5)
denovo185 C15f_AY589743 333 (598.0)
denovo185 C55_AY589759 332 (594.0)
denovo185 C15_AY239369 332 (599.0)
denovo185 C32.1_JF683335 351 (617.0)
denovo185 C32.2_JF683336 352 (601.5)
denovo185 C21.23_KC597693 352 (601.5)
denovo185 C1193_EU099827 343 (591.5)
denovo185 C1195_EU099821 348 (590.5)
denovo185 C3q_GU907655 341 (591.0)
denovo185 C53_AY589758 342 (574.0)
denovo185 C73_AY765408 349 (582.0)
denovo185 C17.2.1_KC597684 340 (573.5)
denovo185 C32_AY258497 342 (607.0)
denovo185 C1189_EU099831 343 (610.0)
denovo185 C1191_EU099833 343 (601.0)
denovo185 C1196_EU099819 343 (583.0)
denovo185 C1192_EU099820 343 (583.0)
denovo185 C17.1_JF683322 336 (599.0)
denovo185 C26_b2_FN827164 343 (607.0)
denovo185 C26_b3_FN827165 344 (582.5)
denovo185 C31.9_HQ630879 343 (591.0)
denovo185 C31a_AY589746 344 (590.5)
denovo185 C30_AY589745 344 (590.5)
denovo185 C31.1_HQ630876 344 (599.5)
denovo185 C31.5_HQ630877 344 (599.5)
denovo185 C31.6_HQ630878 344 (599.5)
denovo185 C31.2_JF683332 339 (603.0)
denovo185 C31.3_JF683333 344 (608.5)
denovo185 C26/C35a_AY239378 344 (591.5)
denovo185 C35a_AY258501 344 (591.5)
denovo185 C35.2_AY258500 344 (600.5)
denovo185 C26_b1_FN827163 344 (600.5)
denovo185 C17_AY239370 343 (601.0)
denovo185 C17.2_FJ461513 342 (600.5)
denovo185 C31.10_HQ630880 343 (600.0)
denovo185 C31.4_JF683334 348 (588.0)
denovo185 C31_AY258496 344 (599.5)
denovo185 C25_AY239377 339 (586.0)
denovo185 C61_AY589765 353 (573.0)
denovo185 C1043_DQ072721 344 (565.0)
denovo185 C79_AY765414 343 (586.5)
denovo185 C69_AY589773 334 (579.5)
denovo185 C69a_AY686648 334 (570.5)
denovo185 C21.22_KC597692 352 (610.5)
denovo185 C51_AY589756 346 (576.5)
denovo185 C1aa_HM185739 344 (608.5)
denovo185 C1096_DQ068023 344 (560.0)
denovo185 C74_AY765409 349 (581.5)
denovo185 C1185_AB294629 349 (590.5)
denovo185 C1184_AB294630 349 (590.5)
denovo185 C1153_AB294625 350 (602.0)
denovo185 C1154_AB294626 349 (590.5)
denovo185 C1187_AB294627 349 (590.5)
denovo185 C1186_AB294628 347 (594.0)
denovo185 C57_AY589761 352 (600.0)
denovo185 C66_AY589771 349 (599.5)
denovo185 C5_AF499795 352 (595.5)
denovo185 C1167_AB294586 346 (612.5)
denovo185 C1164_AB294593 345 (593.0)
denovo185 C1183_AB294631 341 (598.5)
denovo185 C1067_DQ335381 344 (589.0)
denovo185 C1159_AB294613 343 (609.5)
denovo185 C1150_AB294622 342 (616.0)
denovo185 C90_AM748554 343 (607.5)
denovo185 C1168_AB294583 342 (592.5)
denovo185 C1156_AB294616 342 (600.5)
denovo185 C1151_AB294621 342 (601.5)
denovo185 C92a_AM748561 340 (605.5)
denovo185 C92_AM748560 342 (601.5)
denovo185 C1165_AB294581 344 (598.5)
denovo185 C1166_AB294584 344 (598.5)
denovo185 C1162_AB294594 344 (598.5)
denovo185 C1163_AB294596 344 (607.5)
denovo185 C1161_AB294606 344 (598.5)
denovo185 C1160_AB294608 343 (613.0)
denovo185 C1158_AB294614 344 (616.5)
denovo185 C1155_AB294617 344 (598.5)
denovo185 C1149_AB294620 343 (613.5)
denovo185 C1173_AB294662 344 (607.0)
denovo185 C1171_AB294663 344 (598.5)
denovo185 C1172_AB294665 344 (598.5)
denovo185 C91a_AM748556 345 (611.0)
denovo185 C91b_AM748557 343 (614.0)
denovo185 C91d_AM748559 344 (607.5)
denovo185 C91c_AM748558 339 (611.0)
denovo185 C91_AJ621543 344 (607.5)
denovo185 C91_AM748555 344 (607.5)
denovo185 C1023_DQ335330 321 (537.5)
denovo185 C1020_DQ335392 344 (598.0)
denovo185 C1018_DQ335408 352 (604.0)
denovo185 C1074_DQ335329 344 (598.0)
denovo185 C1030_DQ335353 344 (598.0)
denovo185 C1022_DQ335331 344 (598.0)
denovo185 C1027_DQ335360 344 (607.0)
denovo185 C1072_DQ335344 344 (598.0)
denovo185 C1039_AB190274 348 (601.0)
denovo185 C1033_DQ335350 349 (595.5)
denovo185 C1019_DQ335407 344 (607.0)
denovo185 C1194_EU099826 336 (596.0)
denovo185 C8b_AY258475 337 (590.0)
denovo185 C8_AY239367 338 (598.5)
denovo185 C8a_AY239368 338 (589.5)
denovo185 C54a_AY765406 344 (588.5)
denovo185 C3ff_HM185740 344 (597.5)
denovo185 C59_AY589763 349 (596.0)
denovo185 C3k_AY589737 341 (589.0)
denovo185 C3.24_HE579012 341 (580.0)
denovo185 C3.23_HE579011 341 (589.0)
denovo185 C35.1_AY765401 335 (599.0)
denovo185 C35.3_EF541145 335 (599.0)
denovo185 C76_AY765411 337 (593.0)
denovo185 C1107_DQ335359 339 (578.0)
denovo185 C3.22_HE579010 347 (582.0)
denovo185 C77_AY765412 338 (595.0)
denovo185 C20_AY239371 344 (598.5)
denovo185 C1055_DQ480640 345 (597.5)
denovo185 C27/C30_AY239379 342 (613.0)
denovo185 C27.1_FJ461517 342 (604.0)
denovo185 C40a_AY589747 345 (601.0)
denovo185 C40_AY258485 344 (598.0)
denovo185 C40b_AY589748 337 (601.5)
denovo185 C16_AY258477 344 (598.0)
denovo185 C16a_AY765399 344 (589.0)
denovo185 C1091_AB207186 341 (599.0)
denovo185 C1102_DQ335400 337 (587.0)
denovo185 C1069_DQ335375 337 (595.5)
denovo185 C1073_DQ335332 337 (613.5)
denovo185 C1066_DQ335382 332 (617.0)
denovo185 C1031_DQ335352 340 (605.0)
denovo185 C1026_DQ335366 347 (598.0)
denovo185 C70_AY589774 337 (614.0)
denovo185 C1082_AB190267 338 (607.5)
denovo185 C1078_AB190271 337 (605.0)
denovo185 C1090_AB207191 337 (605.0)
denovo185 C1071_DQ335302 335 (608.0)
denovo185 C1075_DQ335328 335 (608.0)
denovo185 C1068_DQ335379 337 (596.0)
denovo185 C1064_DQ335395 337 (605.0)
denovo185 C1063_DQ335403 337 (614.0)
denovo185 C62_AY589766 337 (605.0)
denovo185 C1077_DQ335316 338 (604.5)
denovo185 C1109_DQ335338 337 (596.0)
denovo185 C1110_DQ335340 337 (587.0)
denovo185 C1106_DQ335339 341 (581.0)
denovo185 C1112_DQ335319 341 (590.0)
denovo185 C1108_DQ335351 341 (581.0)
denovo185 C1105_DQ335394 341 (590.0)
denovo185 C1121_DQ335378 341 (581.0)
denovo185 C1116_AB190268 337 (596.0)
denovo185 C1115_AB190273 341 (590.0)
denovo185 C1124_DQ335323 341 (572.0)
denovo185 C1120_DQ335398 341 (590.0)
denovo185 C1119_DQ335404 337 (587.5)
denovo185 C1123_DQ335363 341 (581.0)
denovo185 C1004_DQ480635 338 (599.0)
denovo185 C1061_AY186568 338 (590.0)
denovo185 C1053_AY186569 342 (593.0)
denovo185 C1003_DQ480639 338 (599.0)
denovo185 C81_GU907657 331 (570.5)
denovo185 C22_AY239373 340 (585.5)
denovo185 C22a_AY239374 339 (582.5)
denovo185 C1232_EU118163 344 (598.0)
denovo185 C21.13_FJ461515 338 (586.5)
denovo185 C21.1_JF683323 343 (583.0)
denovo185 C21.3_JF683325 344 (594.5)
denovo185 C1.20_HE578993 344 (624.5)
denovo185 C1.22_HE578995 344 (633.5)
denovo185 C52_AY589757 341 (593.5)
denovo185 C1201_EU099793 341 (577.5)
denovo185 C14_AY589741 343 (607.0)
denovo185 C43_AY589749 338 (598.0)
denovo185 C50_AY589755 344 (589.0)
denovo185 C3.14_HQ630872 337 (605.0)
denovo185 C1m_AY765398 337 (605.0)
denovo185 C82_GU907658 337 (623.0)
denovo185 C82b_GU907660 337 (623.0)
denovo185 C64_AY589768 338 (607.5)
denovo185 C45a_AY765404 339 (592.0)
denovo185 C48_AY589753 349 (597.0)
denovo185 C1_v1b_FJ919244 344 (607.0)
denovo185 C1_v1a_FJ919243 344 (598.0)
denovo185 C3j_AY239366 344 (589.0)
denovo185 C3t_EF541149 347 (606.5)
denovo185 C9_AF499798 340 (612.0)
denovo185 C23_AY239375 341 (607.0)
denovo185 C37_AY258481 336 (602.0)
denovo185 C1048_DQ068026 343 (596.0)
denovo185 C21.4_JF683326 351 (598.0)
denovo185 C21.5_JF683327 343 (601.0)
denovo185 C1070_DQ335349 344 (607.0)
denovo185 C21.6_HQ630873 343 (619.0)
denovo185 C1224_EU074890 343 (604.5)
denovo185 C1.17_HE578990 343 (604.5)
denovo185 C21_b1_FN827162 331 (593.0)
denovo185 C21.9_JF683330 331 (602.0)
denovo185 C1085_AY624605 337 (604.5)
denovo185 C3p_GU907654 343 (589.5)
denovo185 C3f_AY589734 343 (604.5)
denovo185 C65a_AY589770 352 (595.0)
denovo185 C65_AY589769 352 (604.0)
denovo185 C71_AY589775 352 (595.0)
denovo185 C71a_AY589776 352 (586.0)
denovo185 C1178_AB294647 344 (584.0)
denovo185 C1225_EU074893 350 (597.5)
denovo185 C75_AY765410 343 (613.0)
denovo185 C21.10_JF683331 351 (607.0)
denovo185 C21.11_HQ630874 343 (610.0)
denovo185 C1065_DQ335388 344 (598.0)
denovo185 C1045_DQ068036 344 (607.0)
denovo185 C1h_AY258473 337 (614.0)
denovo185 C38_AY258482 337 (614.0)
denovo185 C1202_EU099799 337 (614.0)
denovo185 C7_AF499797 337 (614.0)
denovo185 C12_AF499801 339 (603.5)
denovo185 C38a_AY258483 337 (619.0)
denovo185 C1200_EU099800 331 (613.5)
denovo185 C44a_AY589751 339 (592.0)
denovo185 C47_AY589752 346 (603.5)
denovo185 C44_AY589750 339 (601.0)
denovo185 C1.15_HE578988 350 (606.5)
denovo185 C45.3_FJ461522 344 (607.0)
denovo185 C46a_AY765405 344 (607.0)
denovo185 C46_EU449108 338 (607.5)
denovo185 C3.12_FJ461507 338 (607.5)
denovo185 C1k_AY589733 338 (607.5)
denovo185 C67_AY686647 343 (613.0)
denovo185 C82a_GU907659 338 (616.5)
denovo185 C10a_AY589739 345 (610.0)
denovo185 C10_AF499799 338 (607.5)
denovo185 C13_AY589740 344 (604.5)
denovo185 C4_AF499794 338 (616.5)
denovo185 C1147_EF656433 344 (607.0)
denovo185 C1c/C45_AY239364 338 (607.5)
denovo185 C1c/C45_EU449103 338 (607.5)
denovo185 C21.19_HE579031 344 (604.0)
denovo185 C21.21_HE579033 345 (588.5)
denovo185 C21.20_HE579032 345 (597.5)
denovo185 C42b_AY765403 338 (589.0)
denovo185 C42_AY258487 338 (598.0)
denovo185 C1p_GU907652 344 (598.0)
denovo185 C1d_AY258488 338 (589.5)
denovo185 C42_AY765402 338 (598.5)
denovo185 C3ha_AY589736 338 (613.5)
denovo185 C63a_AY589767 335 (607.0)
denovo185 C21a_AY589744 343 (601.0)
denovo185 C3o_GU907653 337 (610.0)
denovo185 C21.16_HQ630875 343 (619.0)
denovo185 C21.2_JF683324 343 (619.0)
denovo185 C21.7_JF683328 343 (601.0)
denovo185 C21.8_JF683329 342 (607.0)
denovo185 C3h_AY239365 343 (601.0)
denovo185 C1203_EU099798 343 (601.0)
denovo185 C3.10_FJ461505 342 (611.0)
denovo185 C21.14_FJ461516 341 (614.0)
denovo185 C21.18_HE579030 346 (598.0)
denovo185 C3.17_HE579005 344 (598.0)
denovo185 C3.9_FJ461504 342 (609.0)
denovo185 C3.8_FJ461503 344 (616.0)
denovo185 C3.7_FJ461502 344 (598.0)
denovo185 C3.11_FJ461506 347 (598.0)
denovo185 C3.18_HE579006 344 (598.0)
denovo185 C3.19_HE579007 345 (601.5)
denovo185 C3.20_HE579008 344 (598.0)
denovo185 C3g_AY589735 344 (601.0)
denovo185 C3a_AF499790 344 (598.0)
denovo185 C3e_AF499793 344 (616.0)
denovo185 C6_AF499796 344 (607.0)
denovo185 C11_AF499800 344 (598.0)
denovo185 C36_AY258480 342 (602.0)
denovo185 C29_AY258494 344 (607.0)
denovo185 C1146_EF656434 344 (607.0)
denovo185 C1190_EU099841 344 (598.0)
denovo185 C131_JF320826 344 (598.0)
denovo185 C28_AY239380 346 (614.5)
denovo185 C1012_DQ480604 344 (607.0)
denovo185 C1181_AB294640 344 (593.0)
denovo185 C1180_AB294641 344 (593.0)
denovo185 C1179_AB294645 352 (599.0)
denovo185 C1176_AB294651 344 (593.0)
denovo185 C1175_AB294653 344 (602.0)
denovo185 C1174_AB294655 337 (600.0)
denovo185 C1177_AB294659 344 (611.0)
denovo185 C1040_AB190269 344 (607.5)
denovo185 C1182_AB294649 344 (598.0)
denovo185 C1089_AJ278598 344 (598.0)
denovo185 C1028_DQ335357 344 (607.0)
denovo185 C3.16_EU786015 344 (616.0)
denovo185 C1097_AJ311943 345 (597.0)
denovo185 C1170_AB294661 350 (601.5)
denovo185 C21.17_HE579029 345 (609.0)
denovo185 C21/3d/C3k_AY239372 343 (610.0)
denovo185 C58_AY589762 337 (607.5)
denovo185 C3L_AY589738 342 (607.5)
denovo185 C1169_AB294660 344 (602.0)
denovo185 C3.2_FJ461497 343 (607.5)
denovo185 C3.1_JF683321 338 (602.0)
denovo185 C1104_AF427469 345 (597.0)
denovo185 C3b_AF499791 342 (605.0)
denovo185 C83_GU907661 345 (612.0)
denovo185 C49_AY589754 372 (627.5)
denovo185 C3_AB778606 344 (607.0)
denovo185 C3_AF499789 344 (607.0)
denovo185 C3_HE579001 344 (607.0)
denovo185 C21.12_FJ461514 343 (592.0)
denovo185 C1229_EU074888 336 (597.5)
denovo185 C1230_EU074889 336 (606.5)
denovo185 C1114_AB207196 344 (589.0)
denovo185 C3.21_HE579009 337 (527.0)
denovo185 C1057_DQ480619 349 (595.5)
denovo185 C72_AY765407 332 (598.5)
denovo185 C1b.3_HE578999 343 (598.5)
denovo185 C93_AJ621536 344 (598.0)
denovo185 C94_AJ621539 344 (598.0)
denovo185 C1g_AY589730 344 (598.0)
denovo185 C1i_AY589731 337 (614.0)
denovo185 C1j_AY589732 344 (607.0)
denovo185 C1005_DQ480633 344 (607.0)
denovo185 C1.7_FJ461494 344 (607.0)
denovo185 C1.11_HE578984 345 (609.5)
denovo185 C1.12_HE578985 346 (612.5)
denovo185 C1.13_HE578986 342 (610.0)
denovo185 C1.14_HE578987 344 (598.0)
denovo185 C1.18_HE578991 344 (598.0)
denovo185 C1.19_HE578992 344 (598.0)
denovo185 C1199_EU099802 345 (585.5)
denovo185 C1188_EU099838 345 (600.5)
denovo185 C1002_DQ838544 345 (600.5)
denovo185 C1198_EU099810 344 (616.0)
denovo185 C24_AY239376 344 (598.0)
denovo185 C1f_AY258490 345 (610.0)
denovo185 C1006_DQ480629 337 (605.0)
denovo185 C1010_DQ480607 344 (607.0)
denovo185 C1007_DQ480624 348 (592.0)
denovo185 C1011_DQ480605 337 (614.0)
denovo185 C1009_DQ480608 342 (601.0)
denovo185 C1041_AY186548 344 (607.0)
denovo185 C1052_AY186570 344 (598.0)
denovo185 C1148_EU040178 345 (600.5)
denovo185 C1234_EU118165 346 (599.5)
denovo185 C1.5_EF634157 349 (604.0)
denovo185 C1059_DQ480609 344 (598.0)
denovo185 C1228_EU074883 337 (605.0)
denovo185 C1208_EU074963 344 (598.0)
denovo185 C1207_EU074964 344 (607.0)
denovo185 C1206_EU074965 344 (598.5)
denovo185 C1013_DQ480642 344 (589.0)
denovo185 C80_GU907656 350 (607.5)
denovo185 C1a_AF499788 344 (607.0)
denovo185 C41_AY258486 344 (607.0)
denovo185 C39_AY258484 335 (603.5)
denovo185 C1231_EU074878 344 (598.0)
denovo185 C1b.1_HE578997 343 (598.5)
denovo185 C18_AY258478 344 (598.0)
denovo185 C1.10_HE578983 341 (596.0)
denovo185 C1_JN558041 344 (607.0)
denovo185 C1_HE578979 344 (607.0)
denovo185 C1_AM748551 344 (607.0)
denovo185 C1_AF333515 344 (607.0)
denovo185 C1054_AY186565 344 (613.0)
denovo185 C1008_DQ480613 344 (598.0)
denovo185 C1103_AF427470 345 (597.0)
denovo185 C1226_EU074881 345 (597.0)
denovo185 C1b/C1e_AY239363 343 (607.5)
denovo185 C1044_DQ068038 344 (592.0)
denovo185 C1017_DQ174729 344 (597.5)
denovo185 C1.6_FJ461493 344 (616.0)
denovo185 C1b.2_HE578998 343 (598.5)
denovo185 C1060_DQ480600 344 (598.0)
denovo185 C1227_EU074882 344 (598.0)
denovo185 C1197_EU099814 344 (598.0)
denovo185 C1130_DQ480643 344 (492.5)
denovo185 D109_AB097465 298 (1289.5)
denovo185 D1.11_HE579040 298 (1319.0)
denovo185 D105_AF174570 298 (1319.0)
denovo185 D104_AF174572 298 (1328.0)
denovo185 D1.3_JF683337 298 (1319.0)
denovo185 D1.10_HE579039 298 (1328.0)
denovo185 D110_AF174561 298 (1328.0)
denovo185 D117_AF174542 298 (1328.0)
denovo185 D114_AF174549 298 (1328.0)
denovo185 D113_AF174557 298 (1337.0)
denovo185 D112_AF174558 298 (1337.0)
denovo185 D106_AF174559 298 (1328.0)
denovo185 D111_AF174560 298 (1328.0)
denovo185 D115_AF174562 298 (1328.0)
denovo185 D107_AF174568 298 (1328.0)
denovo185 D116_AF174571 298 (1319.0)
denovo185 D124_EU074897 298 (1328.0)
denovo185 D1.8_HE579037 298 (1328.0)
denovo185 D3_AY686650 298 (1328.0)
denovo185 D1.6_HQ630881 298 (1328.0)
denovo185 D120_EU074900 298 (1337.0)
denovo185 D121_EU074904 298 (1328.0)
denovo185 D122_EU074905 298 (1328.0)
denovo185 D1a.2_JF683339 300 (1326.5)
denovo185 D1a.1_JF683338 298 (1337.0)
denovo185 D2_AY686649 543 (1356.0)
denovo185 D4_DQ865214 299 (1336.0)
denovo185 D1a_AF499802 298 (1346.0)
denovo185 D1a_JN558078 298 (1346.0)
denovo185 D123_EU074895 298 (1328.0)
denovo185 D108_AF174567 298 (1328.0)
denovo185 D103_AF174575 298 (1328.0)
denovo185 D100_AF411415 304 (1282.0)
denovo185 D118_EF656435 298 (1328.0)
denovo185 D101_AF411416 304 (1267.0)
denovo185 D119_EU099832 301 (1292.0)
denovo185 D102_AF174573 298 (1322.0)
denovo185 D1_AF334660 298 (1337.0)
denovo185 D1_JN558076 298 (1337.0)
denovo185 D1.12_HE579041 298 (1193.5)
denovo185 D1.1_AM748564 430 (627.0)
denovo185 D1.2_AM748617 425 (600.0)
denovo185 E111_EU074915 348 (489.5)
denovo185 E110_EU074914 352 (491.5)
denovo185 E114_EU074909 361 (493.0)
denovo185 E1_AF334659 353 (490.5)
denovo185 E105_EU074921 352 (500.5)
denovo185 E112_EU074916 352 (491.5)
denovo185 E104_EU074922 350 (503.0)
denovo185 E102_EU074924 352 (491.5)
denovo185 E103_EU074923 352 (500.5)
denovo185 E101_AY160123 354 (494.0)
denovo185 E109_EU074913 340 (502.5)
denovo185 E100_DQ011618 342 (515.5)
denovo185 E108_EU074912 346 (518.5)
denovo185 E113_EU074908 344 (507.5)
denovo185 E107_EU074910 346 (509.5)
denovo185 F1_JN558066 329 (662.5)
denovo185 F5.2d_AJ291530 327 (656.5)
denovo185 F104_AJ291531 327 (656.5)
denovo185 F5.2c_AM748596 329 (653.0)
denovo185 F5.2_AM748594 327 (666.0)
denovo185 F5.2a_AM748614 327 (666.0)
denovo185 F5.2b_AM748595 327 (657.0)
denovo185 F5.2e_AJ291533 328 (625.5)
denovo185 F5.2g_JN558072 328 (651.0)
denovo185 F5.2f_AJ291512 331 (640.5)
denovo185 F102_AJ291534 328 (651.0)
denovo185 F5.1c_AM748593 332 (644.5)
denovo185 F5.1d_JN558069 330 (647.5)
denovo185 F5.1b_AJ291535 333 (637.5)
denovo185 F5.1_AM748592 330 (647.5)
denovo185 F5.1a_AM748591 329 (644.5)
denovo185 F110_AJ291526 346 (615.0)
denovo185 F4.7_AM748587 345 (642.5)
denovo185 F4.5_AM748585 330 (657.5)
denovo185 F4.4a_AM748583 327 (687.0)
denovo185 F4.4_AM748582 323 (698.0)
denovo185 F4.4b_AM748584 326 (680.5)
denovo185 F4.1a_AM748573 348 (621.5)
denovo185 F112_AJ291528 336 (613.0)
denovo185 F4.1_AM748572 336 (631.0)
denovo185 F4.8b_AM748590 333 (656.5)
denovo185 F4.8_AM748588 340 (650.0)
denovo185 F4.8a_AM748589 331 (651.0)
denovo185 F109_AJ291527 335 (641.0)
denovo185 F4.6_AM748586 333 (649.0)
denovo185 F111_AJ311949 339 (632.5)
denovo185 F4.3c_AM748581 337 (648.5)
denovo185 F4.3a_AM748579 338 (641.5)
denovo185 F4.3b_AM748580 338 (643.0)
denovo185 F4.3_AM748578 337 (648.5)
denovo185 F4.2_AM748574 334 (651.5)
denovo185 F4.2a_AM748575 338 (647.0)
denovo185 F4.2c_AM748577 337 (650.5)
denovo185 F4.2b_AM748576 335 (648.0)
denovo185 F2b_AJ291521 333 (663.5)
denovo185 F2_AJ830908 324 (655.0)
denovo185 F2a_AJ830911 324 (660.0)
denovo185 F3.1a_AM748566 343 (653.0)
denovo185 F114_AJ291525 335 (639.0)
denovo185 F3.1_AM748565 335 (657.0)
denovo185 F3.2_AM748567 334 (679.0)
denovo185 F3.2a_AM748568 329 (682.0)
denovo185 F3.3_AM748569 347 (660.0)
denovo185 F3.4a_AM748571 341 (649.0)
denovo185 F3.4_AM748570 340 (637.0)
denovo185 F3.4b_AM748616 342 (634.5)
denovo185 G101_AJ291539 359 (608.0)
denovo185 G1_AM748597 370 (603.5)
denovo185 G2b_JN558087 369 (595.0)
denovo185 G2_AM748598 369 (604.0)
denovo185 G2a_AM748599 371 (601.0)
denovo185 G4_AM748601 343 (632.0)
denovo185 G3.4_LK392378 350 (615.0)
denovo185 G3_AM748600 343 (648.0)
denovo185 G3.2_KC597694 355 (517.5)
denovo185 G3.1_KC597688 345 (607.5)
denovo185 G100_AB253788 347 (605.0)
denovo185 G3.3_LK392377 347 (614.0)
denovo185 H6_AJ291520 618 (304.5)
denovo185 H3_AM748606 344 (454.5)
denovo185 H2_AM748605 338 (461.5)
denovo185 H4_AM748607 339 (460.0)
denovo185 H4a_AM748608 355 (460.5)
denovo185 H5a_AM748611 344 (475.5)
denovo185 H5b_AM748610 349 (470.5)
denovo185 H5_AJ621129 346 (481.0)
denovo185 H5_AM748609 346 (481.0)
denovo185 H100_AJ291513 339 (458.0)
denovo185 H1b_AM748604 343 (463.5)
denovo185 H1a_AM748612 342 (451.0)
denovo185 H1_AJ621152 341 (458.0)
denovo185 H1_AM748602 341 (458.0)
denovo185 I3_FN561561 340 (658.0)
denovo185 I4_FN561562 342 (654.0)
denovo185 I1_FN561559 336 (673.0)
denovo185 I2_FN561560 338 (661.5)

#---------------------------------------
#---------------------------------------
