denovo159 A136_DQ865210 302 (759.0)
denovo159 A133_DQ174725 282 (852.0)
denovo159 A115_AF180123 282 (731.5)
denovo159 A117_AF201746 286 (850.0)
denovo159 A134_DQ174723 286 (859.0)
denovo159 A114_AF184941 286 (859.0)
denovo159 A135_DQ174727 288 (863.5)
denovo159 A2_AF333506 289 (853.5)
denovo159 A101_AF427468 288 (863.5)
denovo159 A2_1_JN558097 288 (863.5)
denovo159 A2_2_JN558100 288 (863.5)
denovo159 A113_AF184948 280 (835.5)
denovo159 A112_AF184949 279 (860.0)
denovo159 A123_EF378618 275 (847.5)
denovo159 A137_EF378621 272 (948.0)
denovo159 A11_EU449041 272 (1056.5)
denovo159 A121_DQ174722 272 (1122.5)
denovo159 A15b_EU792886 272 (1071.5)
denovo159 A15a_EU792885 272 (1089.5)
denovo159 A15c_EU792887 273 (1074.5)
denovo159 A15_EU792884 272 (1080.5)
denovo159 A147_EU074937 272 (1107.5)
denovo159 A154_EU074860 272 (1107.5)
denovo159 A146_EU074936 272 (1107.5)
denovo159 A150_EU074928 272 (1107.5)
denovo159 A116_AF183575 272 (1125.5)
denovo159 A141_EU074931 272 (1116.5)
denovo159 A5_AF333508 272 (1149.5)
denovo159 A3b_EU449043 272 (1134.5)
denovo159 A151_EU074925 272 (1116.5)
denovo159 A152_EU074927 272 (1116.5)
denovo159 A149_EU074929 272 (1116.5)
denovo159 A140_EU074930 272 (1116.5)
denovo159 A142_EU074932 272 (1116.5)
denovo159 A143_EU074933 272 (1116.5)
denovo159 A144_EU074934 272 (1116.5)
denovo159 A145_EU074935 273 (1119.5)
denovo159 A148_EU074938 272 (1125.5)
denovo159 A155_EU074856 272 (1116.5)
denovo159 A156_EU074859 272 (1116.5)
denovo159 A139_EU074962 272 (1116.5)
denovo159 A6_AF186058 272 (1125.5)
denovo159 A3_AF333507 272 (1125.5)
denovo159 A3_JN558091 272 (1125.5)
denovo159 A8_AY258468 272 (1116.5)
denovo159 A7_AY239360 272 (1107.5)
denovo159 A16_EU792888 272 (1107.5)
denovo159 A4.3_FN429763 274 (1237.5)
denovo159 A120_AF180122 273 (1179.5)
denovo159 A4.2_FN429761 272 (1229.0)
denovo159 A4_AF333509 272 (1266.0)
denovo159 A4.1_FN429760 272 (1245.5)
denovo159 A4a_AF499778 272 (1257.0)
denovo159 A4a.1_FN429762 272 (1257.0)
denovo159 A138_EF378620 274 (1117.5)
denovo159 A122_EF378619 273 (1145.5)
denovo159 A126_EF378615 272 (1164.5)
denovo159 A10_EU792882 272 (1164.5)
denovo159 A9_EU449028 272 (1176.0)
denovo159 A105_AB207202 272 (1176.0)
denovo159 A119_AF180121 273 (1113.5)
denovo159 A12_EU792883 272 (1185.0)
denovo159 A104_AB207203 272 (1185.0)
denovo159 A1a_EU449030 272 (1194.0)
denovo159 A1.3_HE578976 272 (1194.0)
denovo159 A1.4_HE578977 272 (1194.0)
denovo159 A13_AF333504 272 (1194.0)
denovo159 A13_JN558094 272 (1194.0)
denovo159 A110_AB190282 272 (1194.0)
denovo159 A103_AB207206 272 (1194.0)
denovo159 A130_EF656428 272 (1194.0)
denovo159 A127_EF656429 272 (1194.0)
denovo159 A128_EF656430 272 (1194.0)
denovo159 A129_EF656431 272 (1194.0)
denovo159 A131_EF656432 272 (1194.0)
denovo159 A118_AF180120 272 (1141.5)
denovo159 A1_AF333505 272 (1203.0)
denovo159 A107_AB207199 272 (1176.0)
denovo159 A111_AB190280 272 (1185.0)
denovo159 A108_AB207197 272 (1170.0)
denovo159 A106_AB207200 272 (1176.0)
denovo159 A102_AB207209 272 (1194.0)
denovo159 A1.2_AB207210 272 (1194.0)
denovo159 A109_AB190285 272 (1185.0)
denovo159 B4_AF333510 342 (529.5)
denovo159 B23_EU449079 343 (487.0)
denovo159 B30_GU907644 344 (481.0)
denovo159 B11_AY239361 349 (505.5)
denovo159 B17_AY258470 340 (492.5)
denovo159 B1k_GU907638 285 (253.5)
denovo159 B1.V_Green2014 352 (475.5)
denovo159 B1b_AF499780 341 (511.5)
denovo159 B16_AY258469 348 (491.0)
denovo159 B31a_GU907646 343 (495.0)
denovo159 B32_GU907647 347 (506.5)
denovo159 B31_GU907645 347 (498.0)
denovo159 B1j_GU907637 343 (503.0)
denovo159 B37_GU907650 343 (514.0)
denovo159 B5a_AF499782 348 (491.0)
denovo159 B5_AF499781 348 (500.0)
denovo159 B24_GU907643 348 (377.0)
denovo159 B117_AF180124 331 (474.0)
denovo159 B10_AF499787 348 (491.0)
denovo159 B20_GU907642 353 (493.0)
denovo159 B1m_GU907640 347 (498.0)
denovo159 B34_GU907649 348 (500.0)
denovo159 B1d_GU907633 348 (500.0)
denovo159 B1e_GU907634 348 (500.0)
denovo159 B1i_GU907636 347 (498.0)
denovo159 B1g_GU907635 349 (491.0)
denovo159 B123_EU074872 348 (500.0)
denovo159 B8_AF499785 348 (489.0)
denovo159 B1l_GU907639 348 (491.5)
denovo159 B1a_AF499779 348 (500.0)
denovo159 B14_AY239362 349 (481.0)
denovo159 B125_EU074865 353 (497.0)
denovo159 B122_EU074871 347 (498.0)
denovo159 B124_EU074874 348 (491.0)
denovo159 B1.VII_Green2014 348 (448.5)
denovo159 B1.III_Green2014 335 (488.5)
denovo159 B1.I_Green2014 348 (500.0)
denovo159 B1.II_Green2014 348 (500.0)
denovo159 B1_JN558057 348 (500.0)
denovo159 B1_AF333511 348 (500.0)
denovo159 B1.IV_Green2014 358 (495.0)
denovo159 B121_EU074870 348 (500.0)
denovo159 B7_AF499784 348 (500.0)
denovo159 B1.VI_Green2014 339 (493.5)
denovo159 B3_AF333514 339 (506.5)
denovo159 B9_AF499786 326 (499.5)
denovo159 B19a_JN558055 320 (499.0)
denovo159 B119_EU099825 334 (500.0)
denovo159 B21_DQ865213 325 (493.0)
denovo159 B38_GU907651 325 (493.0)
denovo159 B18_AY258471 339 (515.0)
denovo159 B18a_AY258472 339 (515.0)
denovo159 B33_GU907648 344 (502.5)
denovo159 B6_AF499783 340 (509.0)
denovo159 B19_DQ865212 326 (499.5)
denovo159 B19_GU907641 326 (499.5)
denovo159 B2_AF333512 326 (499.5)
denovo159 B2_JN558060 326 (499.5)
denovo159 C33.1_AY258498 332 (537.0)
denovo159 C33.2_AY765400 332 (537.0)
denovo159 C33a_EF541147 332 (537.0)
denovo159 C34_AY258499 332 (554.5)
denovo159 C78_AY765413 331 (526.0)
denovo159 C15.29_KC597690 338 (518.0)
denovo159 C1131_DQ182650 334 (496.5)
denovo159 C1135_DQ182646 331 (488.0)
denovo159 C1134_DQ182647 328 (480.0)
denovo159 C1142_DQ182635 329 (482.0)
denovo159 C1136_DQ182644 338 (489.5)
denovo159 C1111_DQ182645 332 (497.5)
denovo159 C1236_EF473656 332 (488.5)
denovo159 C1138_DQ182642 332 (488.5)
denovo159 C1137_DQ182643 333 (499.0)
denovo159 C1133_DQ182648 332 (488.5)
denovo159 C1132_DQ182649 332 (497.5)
denovo159 C1143_DQ182634 332 (497.5)
denovo159 C1139_DQ182639 334 (496.5)
denovo159 C15.28_KC597687 329 (537.0)
denovo159 C1141_DQ182636 329 (500.0)
denovo159 C1144_DQ182637 329 (500.0)
denovo159 C1122_DQ182654 334 (505.5)
denovo159 C1127_DQ182652 334 (505.5)
denovo159 C15.30_JX394114 332 (545.5)
denovo159 C15.26_KC597686 335 (538.0)
denovo159 C1086_DQ182656 336 (540.0)
denovo159 C15.25_KC597685 336 (549.0)
denovo159 C1118_AF180127 330 (529.5)
denovo159 C1129_DQ182651 336 (503.0)
denovo159 C15.21_KC597683 336 (531.0)
denovo159 C56_AY589760 335 (536.5)
denovo159 C1140_DQ182638 336 (512.0)
denovo159 C1126_DQ182653 336 (512.0)
denovo159 C15c_AY258492 336 (540.0)
denovo159 C15d_AY258493 332 (545.5)
denovo159 C1098_DQ182641 343 (540.5)
denovo159 C15.27_KC597689 336 (558.0)
denovo159 C15.18_HE579024 332 (545.5)
denovo159 C15.16_HE579022 336 (558.0)
denovo159 C1101_AB253787 336 (531.0)
denovo159 C1083_AY237300 339 (549.5)
denovo159 C1088_DQ182640 336 (549.0)
denovo159 C15.6_FN563472 336 (540.0)
denovo159 C15.5_FJ461512 336 (549.0)
denovo159 C15.4_FJ461511 336 (549.0)
denovo159 C15.13_HE579019 336 (531.0)
denovo159 C15.12_HE579018 336 (540.0)
denovo159 C93a_AM748563 333 (557.0)
denovo159 C1094_AJ291514 333 (539.0)
denovo159 C93_AM748562 333 (548.0)
denovo159 C15.17_HE579023 335 (549.5)
denovo159 C15e_AY589742 342 (551.0)
denovo159 C15.22_KC597695 336 (540.0)
denovo159 C60_AY589764 336 (549.0)
denovo159 C15.1_FJ461508 336 (549.5)
denovo159 C15.2_FJ461509 336 (540.0)
denovo159 C15.9_FN563475 333 (549.0)
denovo159 C15.7_HE579015 336 (549.0)
denovo159 C15.8_HE579016 336 (540.0)
denovo159 C15.15_HE579021 336 (540.0)
denovo159 C15.19_HE579025 340 (552.5)
denovo159 C15.24_KC597696 336 (540.5)
denovo159 C15.3_FJ461510 336 (549.0)
denovo159 C1087_DQ182655 335 (555.0)
denovo159 C15.14_HE579020 337 (548.5)
denovo159 C15.23_KC597697 337 (548.5)
denovo159 C19_AY258479 334 (546.0)
denovo159 C1233_EU118166 336 (540.0)
denovo159 C15b_AY258491 336 (540.0)
denovo159 C15a_AY258476 336 (558.0)
denovo159 C1051_AF195153 336 (558.0)
denovo159 C2_AF333518 345 (554.5)
denovo159 C15.20_HE579026 337 (548.5)
denovo159 C15f_AY589743 336 (545.0)
denovo159 C55_AY589759 338 (549.5)
denovo159 C15_AY239369 336 (549.0)
denovo159 C32.1_JF683335 341 (552.5)
denovo159 C32.2_JF683336 336 (555.5)
denovo159 C21.23_KC597693 336 (555.5)
denovo159 C1193_EU099827 338 (533.5)
denovo159 C1195_EU099821 340 (497.5)
denovo159 C3q_GU907655 327 (552.5)
denovo159 C53_AY589758 342 (540.5)
denovo159 C73_AY765408 337 (541.5)
denovo159 C17.2.1_KC597684 341 (550.5)
denovo159 C32_AY258497 332 (552.5)
denovo159 C1189_EU099831 329 (553.5)
denovo159 C1191_EU099833 329 (544.5)
denovo159 C1196_EU099819 330 (537.5)
denovo159 C1192_EU099820 330 (537.5)
denovo159 C17.1_JF683322 330 (546.5)
denovo159 C26_b2_FN827164 331 (554.5)
denovo159 C26_b3_FN827165 331 (536.5)
denovo159 C31.9_HQ630879 331 (548.0)
denovo159 C31a_AY589746 332 (538.0)
denovo159 C30_AY589745 331 (543.5)
denovo159 C31.1_HQ630876 331 (553.0)
denovo159 C31.5_HQ630877 328 (544.5)
denovo159 C31.6_HQ630878 328 (544.0)
denovo159 C31.2_JF683332 332 (547.0)
denovo159 C31.3_JF683333 344 (548.0)
denovo159 C26/C35a_AY239378 331 (545.5)
denovo159 C35a_AY258501 331 (545.5)
denovo159 C35.2_AY258500 331 (554.5)
denovo159 C26_b1_FN827163 331 (554.5)
denovo159 C17_AY239370 330 (555.5)
denovo159 C17.2_FJ461513 331 (551.0)
denovo159 C31.10_HQ630880 331 (557.0)
denovo159 C31.4_JF683334 336 (535.5)
denovo159 C31_AY258496 332 (547.0)
denovo159 C25_AY239377 331 (536.5)
denovo159 C61_AY589765 335 (549.0)
denovo159 C1043_DQ072721 334 (501.5)
denovo159 C79_AY765414 335 (546.5)
denovo159 C69_AY589773 322 (560.5)
denovo159 C69a_AY686648 322 (551.5)
denovo159 C21.22_KC597692 325 (567.0)
denovo159 C51_AY589756 346 (534.0)
denovo159 C1aa_HM185739 334 (544.5)
denovo159 C1096_DQ068023 335 (534.0)
denovo159 C74_AY765409 340 (546.5)
denovo159 C1185_AB294629 345 (546.0)
denovo159 C1184_AB294630 345 (546.0)
denovo159 C1153_AB294625 345 (555.5)
denovo159 C1154_AB294626 343 (556.0)
denovo159 C1187_AB294627 345 (546.0)
denovo159 C1186_AB294628 345 (555.0)
denovo159 C57_AY589761 344 (551.0)
denovo159 C66_AY589771 345 (555.0)
denovo159 C5_AF499795 335 (546.0)
denovo159 C1167_AB294586 334 (560.5)
denovo159 C1164_AB294593 335 (545.5)
denovo159 C1183_AB294631 333 (548.0)
denovo159 C1067_DQ335381 336 (549.0)
denovo159 C1159_AB294613 352 (556.5)
denovo159 C1150_AB294622 350 (551.5)
denovo159 C90_AM748554 332 (566.0)
denovo159 C1168_AB294583 336 (540.0)
denovo159 C1156_AB294616 346 (551.5)
denovo159 C1151_AB294621 348 (558.0)
denovo159 C92a_AM748561 336 (549.0)
denovo159 C92_AM748560 336 (549.0)
denovo159 C1165_AB294581 335 (563.5)
denovo159 C1166_AB294584 335 (563.5)
denovo159 C1162_AB294594 335 (554.5)
denovo159 C1163_AB294596 329 (545.5)
denovo159 C1161_AB294606 335 (554.5)
denovo159 C1160_AB294608 335 (563.5)
denovo159 C1158_AB294614 336 (557.0)
denovo159 C1155_AB294617 335 (545.5)
denovo159 C1149_AB294620 335 (563.5)
denovo159 C1173_AB294662 335 (547.0)
denovo159 C1171_AB294663 335 (545.5)
denovo159 C1172_AB294665 335 (545.5)
denovo159 C91a_AM748556 338 (545.5)
denovo159 C91b_AM748557 336 (548.5)
denovo159 C91d_AM748559 338 (546.5)
denovo159 C91c_AM748558 330 (548.5)
denovo159 C91_AJ621543 335 (554.5)
denovo159 C91_AM748555 335 (554.5)
denovo159 C1023_DQ335330 313 (532.0)
denovo159 C1020_DQ335392 336 (558.0)
denovo159 C1018_DQ335408 336 (549.0)
denovo159 C1074_DQ335329 336 (549.0)
denovo159 C1030_DQ335353 336 (558.0)
denovo159 C1022_DQ335331 336 (558.0)
denovo159 C1027_DQ335360 336 (558.0)
denovo159 C1072_DQ335344 336 (549.0)
denovo159 C1039_AB190274 336 (558.0)
denovo159 C1033_DQ335350 341 (546.0)
denovo159 C1019_DQ335407 336 (558.0)
denovo159 C1194_EU099826 338 (539.0)
denovo159 C8b_AY258475 335 (531.0)
denovo159 C8_AY239367 332 (536.5)
denovo159 C8a_AY239368 332 (536.5)
denovo159 C54a_AY765406 334 (551.5)
denovo159 C3ff_HM185740 337 (542.5)
denovo159 C59_AY589763 334 (544.0)
denovo159 C3k_AY589737 336 (549.5)
denovo159 C3.24_HE579012 334 (561.0)
denovo159 C3.23_HE579011 335 (555.0)
denovo159 C35.1_AY765401 336 (567.0)
denovo159 C35.3_EF541145 336 (567.0)
denovo159 C76_AY765411 346 (541.5)
denovo159 C1107_DQ335359 343 (511.0)
denovo159 C3.22_HE579010 337 (553.5)
denovo159 C77_AY765412 348 (537.5)
denovo159 C20_AY239371 342 (540.5)
denovo159 C1055_DQ480640 341 (541.5)
denovo159 C27/C30_AY239379 330 (552.0)
denovo159 C27.1_FJ461517 330 (543.0)
denovo159 C40a_AY589747 341 (555.0)
denovo159 C40_AY258485 341 (555.0)
denovo159 C40b_AY589748 343 (548.5)
denovo159 C16_AY258477 336 (548.5)
denovo159 C16a_AY765399 337 (551.5)
denovo159 C1091_AB207186 336 (540.5)
denovo159 C1102_DQ335400 336 (522.5)
denovo159 C1069_DQ335375 341 (546.0)
denovo159 C1073_DQ335332 336 (540.0)
denovo159 C1066_DQ335382 342 (539.0)
denovo159 C1031_DQ335352 337 (552.5)
denovo159 C1026_DQ335366 337 (561.0)
denovo159 C70_AY589774 336 (549.5)
denovo159 C1082_AB190267 336 (540.5)
denovo159 C1078_AB190271 342 (539.0)
denovo159 C1090_AB207191 329 (544.5)
denovo159 C1071_DQ335302 337 (541.5)
denovo159 C1075_DQ335328 329 (544.5)
denovo159 C1068_DQ335379 336 (540.5)
denovo159 C1064_DQ335395 336 (549.5)
denovo159 C1063_DQ335403 337 (534.0)
denovo159 C62_AY589766 336 (540.5)
denovo159 C1077_DQ335316 343 (538.5)
denovo159 C1109_DQ335338 336 (531.5)
denovo159 C1110_DQ335340 336 (531.5)
denovo159 C1106_DQ335339 336 (522.5)
denovo159 C1112_DQ335319 336 (531.5)
denovo159 C1108_DQ335351 336 (522.5)
denovo159 C1105_DQ335394 336 (531.5)
denovo159 C1121_DQ335378 336 (522.5)
denovo159 C1116_AB190268 336 (531.5)
denovo159 C1115_AB190273 336 (531.5)
denovo159 C1124_DQ335323 336 (513.5)
denovo159 C1120_DQ335398 328 (524.0)
denovo159 C1119_DQ335404 336 (531.5)
denovo159 C1123_DQ335363 336 (522.5)
denovo159 C1004_DQ480635 331 (560.5)
denovo159 C1061_AY186568 332 (545.5)
denovo159 C1053_AY186569 332 (554.5)
denovo159 C1003_DQ480639 332 (554.5)
denovo159 C81_GU907657 328 (552.5)
denovo159 C22_AY239373 334 (560.0)
denovo159 C22a_AY239374 332 (562.5)
denovo159 C1232_EU118163 336 (549.0)
denovo159 C21.13_FJ461515 332 (560.0)
denovo159 C21.1_JF683323 329 (560.5)
denovo159 C21.3_JF683325 330 (555.0)
denovo159 C1.20_HE578993 332 (554.5)
denovo159 C1.22_HE578995 332 (545.5)
denovo159 C52_AY589757 329 (538.5)
denovo159 C1201_EU099793 336 (507.5)
denovo159 C14_AY589741 336 (543.0)
denovo159 C43_AY589749 337 (542.5)
denovo159 C50_AY589755 336 (558.0)
denovo159 C3.14_HQ630872 336 (549.0)
denovo159 C1m_AY765398 332 (537.0)
denovo159 C82_GU907658 335 (535.5)
denovo159 C82b_GU907660 335 (535.5)
denovo159 C64_AY589768 348 (549.0)
denovo159 C45a_AY765404 347 (537.5)
denovo159 C48_AY589753 335 (557.0)
denovo159 C1_v1b_FJ919244 332 (545.5)
denovo159 C1_v1a_FJ919243 332 (545.5)
denovo159 C3j_AY239366 336 (540.0)
denovo159 C3t_EF541149 334 (560.5)
denovo159 C9_AF499798 332 (536.5)
denovo159 C23_AY239375 332 (537.0)
denovo159 C37_AY258481 331 (561.0)
denovo159 C1048_DQ068026 332 (536.5)
denovo159 C21.4_JF683326 330 (546.5)
denovo159 C21.5_JF683327 330 (555.5)
denovo159 C1070_DQ335349 336 (549.0)
denovo159 C21.6_HQ630873 330 (555.5)
denovo159 C1224_EU074890 328 (551.5)
denovo159 C1.17_HE578990 332 (554.5)
denovo159 C21_b1_FN827162 330 (546.5)
denovo159 C21.9_JF683330 330 (555.5)
denovo159 C1085_AY624605 342 (548.0)
denovo159 C3p_GU907654 336 (552.5)
denovo159 C3f_AY589734 336 (558.0)
denovo159 C65a_AY589770 336 (558.0)
denovo159 C65_AY589769 336 (567.0)
denovo159 C71_AY589775 336 (567.0)
denovo159 C71a_AY589776 336 (558.0)
denovo159 C1178_AB294647 347 (548.5)
denovo159 C1225_EU074893 336 (557.0)
denovo159 C75_AY765410 339 (558.0)
denovo159 C21.10_JF683331 330 (555.5)
denovo159 C21.11_HQ630874 330 (564.5)
denovo159 C1065_DQ335388 336 (548.5)
denovo159 C1045_DQ068036 336 (557.5)
denovo159 C1h_AY258473 332 (554.5)
denovo159 C38_AY258482 337 (560.5)
denovo159 C1202_EU099799 336 (549.0)
denovo159 C7_AF499797 336 (558.0)
denovo159 C12_AF499801 338 (547.5)
denovo159 C38a_AY258483 334 (557.5)
denovo159 C1200_EU099800 328 (560.5)
denovo159 C44a_AY589751 341 (546.0)
denovo159 C47_AY589752 348 (540.0)
denovo159 C44_AY589750 348 (540.0)
denovo159 C1.15_HE578988 332 (555.0)
denovo159 C45.3_FJ461522 332 (546.0)
denovo159 C46a_AY765405 343 (543.0)
denovo159 C46_EU449108 343 (543.0)
denovo159 C3.12_FJ461507 336 (549.0)
denovo159 C1k_AY589733 332 (545.5)
denovo159 C67_AY686647 343 (543.5)
denovo159 C82a_GU907659 333 (539.0)
denovo159 C10a_AY589739 332 (545.5)
denovo159 C10_AF499799 332 (545.5)
denovo159 C13_AY589740 338 (542.5)
denovo159 C4_AF499794 332 (536.5)
denovo159 C1147_EF656433 334 (551.5)
denovo159 C1c/C45_AY239364 332 (545.5)
denovo159 C1c/C45_EU449103 332 (545.5)
denovo159 C21.19_HE579031 330 (546.5)
denovo159 C21.21_HE579033 330 (528.5)
denovo159 C21.20_HE579032 330 (537.5)
denovo159 C42b_AY765403 337 (524.5)
denovo159 C42_AY258487 337 (533.5)
denovo159 C1p_GU907652 332 (545.5)
denovo159 C1d_AY258488 347 (528.0)
denovo159 C42_AY765402 332 (536.5)
denovo159 C3ha_AY589736 330 (555.5)
denovo159 C63a_AY589767 331 (560.0)
denovo159 C21a_AY589744 330 (564.5)
denovo159 C3o_GU907653 330 (556.0)
denovo159 C21.16_HQ630875 330 (564.5)
denovo159 C21.2_JF683324 330 (555.5)
denovo159 C21.7_JF683328 330 (555.5)
denovo159 C21.8_JF683329 330 (555.5)
denovo159 C3h_AY239365 330 (555.5)
denovo159 C1203_EU099798 330 (555.5)
denovo159 C3.10_FJ461505 336 (558.0)
denovo159 C21.14_FJ461516 330 (564.5)
denovo159 C21.18_HE579030 330 (553.0)
denovo159 C3.17_HE579005 336 (549.0)
denovo159 C3.9_FJ461504 332 (561.5)
denovo159 C3.8_FJ461503 334 (560.5)
denovo159 C3.7_FJ461502 336 (549.0)
denovo159 C3.11_FJ461506 336 (558.0)
denovo159 C3.18_HE579006 336 (549.0)
denovo159 C3.19_HE579007 336 (557.5)
denovo159 C3.20_HE579008 336 (549.0)
denovo159 C3g_AY589735 339 (559.0)
denovo159 C3a_AF499790 336 (558.0)
denovo159 C3e_AF499793 336 (549.0)
denovo159 C6_AF499796 339 (558.0)
denovo159 C11_AF499800 346 (552.0)
denovo159 C36_AY258480 338 (553.5)
denovo159 C29_AY258494 335 (556.0)
denovo159 C1146_EF656434 336 (558.5)
denovo159 C1190_EU099841 336 (567.0)
denovo159 C131_JF320826 336 (549.0)
denovo159 C28_AY239380 338 (548.0)
denovo159 C1012_DQ480604 336 (558.0)
denovo159 C1181_AB294640 335 (549.5)
denovo159 C1180_AB294641 335 (567.5)
denovo159 C1179_AB294645 332 (558.5)
denovo159 C1176_AB294651 339 (561.0)
denovo159 C1175_AB294653 335 (558.5)
denovo159 C1174_AB294655 348 (551.0)
denovo159 C1177_AB294659 336 (552.0)
denovo159 C1040_AB190269 336 (549.5)
denovo159 C1182_AB294649 336 (549.0)
denovo159 C1089_AJ278598 336 (549.0)
denovo159 C1028_DQ335357 336 (558.0)
denovo159 C3.16_EU786015 336 (567.0)
denovo159 C1097_AJ311943 336 (544.5)
denovo159 C1170_AB294661 335 (558.5)
denovo159 C21.17_HE579029 331 (569.5)
denovo159 C21/3d/C3k_AY239372 330 (564.5)
denovo159 C58_AY589762 343 (555.0)
denovo159 C3L_AY589738 331 (548.0)
denovo159 C1169_AB294660 335 (558.5)
denovo159 C3.2_FJ461497 335 (558.5)
denovo159 C3.1_JF683321 331 (564.5)
denovo159 C1104_AF427469 337 (548.0)
denovo159 C3b_AF499791 335 (558.5)
denovo159 C83_GU907661 348 (551.5)
denovo159 C49_AY589754 367 (579.0)
denovo159 C3_AB778606 336 (558.0)
denovo159 C3_AF499789 336 (558.0)
denovo159 C3_HE579001 336 (558.0)
denovo159 C21.12_FJ461514 330 (555.5)
denovo159 C1229_EU074888 334 (548.0)
denovo159 C1230_EU074889 334 (557.0)
denovo159 C1114_AB207196 336 (540.0)
denovo159 C3.21_HE579009 335 (487.5)
denovo159 C1057_DQ480619 332 (545.5)
denovo159 C72_AY765407 338 (537.0)
denovo159 C1b.3_HE578999 331 (546.0)
denovo159 C93_AJ621536 336 (549.0)
denovo159 C94_AJ621539 332 (545.5)
denovo159 C1g_AY589730 332 (563.5)
denovo159 C1i_AY589731 333 (539.0)
denovo159 C1j_AY589732 332 (554.5)
denovo159 C1005_DQ480633 332 (545.5)
denovo159 C1.7_FJ461494 332 (554.5)
denovo159 C1.11_HE578984 332 (546.0)
denovo159 C1.12_HE578985 332 (554.5)
denovo159 C1.13_HE578986 332 (554.5)
denovo159 C1.14_HE578987 333 (557.5)
denovo159 C1.18_HE578991 332 (545.5)
denovo159 C1.19_HE578992 332 (554.5)
denovo159 C1199_EU099802 332 (539.5)
denovo159 C1188_EU099838 332 (554.5)
denovo159 C1002_DQ838544 336 (549.0)
denovo159 C1198_EU099810 332 (545.5)
denovo159 C24_AY239376 332 (536.5)
denovo159 C1f_AY258490 332 (554.5)
denovo159 C1006_DQ480629 332 (554.5)
denovo159 C1010_DQ480607 332 (554.5)
denovo159 C1007_DQ480624 332 (545.5)
denovo159 C1011_DQ480605 331 (561.0)
denovo159 C1009_DQ480608 332 (554.5)
denovo159 C1041_AY186548 334 (550.5)
denovo159 C1052_AY186570 332 (554.5)
denovo159 C1148_EU040178 332 (545.5)
denovo159 C1234_EU118165 333 (535.5)
denovo159 C1.5_EF634157 336 (548.0)
denovo159 C1059_DQ480609 332 (545.5)
denovo159 C1228_EU074883 332 (554.5)
denovo159 C1208_EU074963 335 (553.5)
denovo159 C1207_EU074964 332 (554.5)
denovo159 C1206_EU074965 332 (554.5)
denovo159 C1013_DQ480642 332 (554.5)
denovo159 C80_GU907656 342 (549.0)
denovo159 C1a_AF499788 332 (545.5)
denovo159 C41_AY258486 332 (545.5)
denovo159 C39_AY258484 332 (550.0)
denovo159 C1231_EU074878 332 (545.5)
denovo159 C1b.1_HE578997 331 (546.0)
denovo159 C18_AY258478 332 (545.5)
denovo159 C1.10_HE578983 340 (541.5)
denovo159 C1_JN558041 332 (554.5)
denovo159 C1_HE578979 332 (554.5)
denovo159 C1_AM748551 332 (554.5)
denovo159 C1_AF333515 332 (554.5)
denovo159 C1054_AY186565 333 (554.0)
denovo159 C1008_DQ480613 332 (545.5)
denovo159 C1103_AF427470 333 (544.5)
denovo159 C1226_EU074881 333 (544.5)
denovo159 C1b/C1e_AY239363 331 (555.0)
denovo159 C1044_DQ068038 332 (539.5)
denovo159 C1017_DQ174729 332 (545.0)
denovo159 C1.6_FJ461493 332 (545.5)
denovo159 C1b.2_HE578998 331 (546.0)
denovo159 C1060_DQ480600 332 (545.5)
denovo159 C1227_EU074882 332 (545.5)
denovo159 C1197_EU099814 332 (545.5)
denovo159 C1130_DQ480643 332 (440.0)
denovo159 D109_AB097465 354 (451.0)
denovo159 D1.11_HE579040 321 (452.5)
denovo159 D105_AF174570 331 (464.0)
denovo159 D104_AF174572 333 (443.5)
denovo159 D1.3_JF683337 322 (447.0)
denovo159 D1.10_HE579039 339 (452.5)
denovo159 D110_AF174561 340 (456.0)
denovo159 D117_AF174542 335 (449.5)
denovo159 D114_AF174549 327 (460.5)
denovo159 D113_AF174557 350 (450.5)
denovo159 D112_AF174558 335 (449.5)
denovo159 D106_AF174559 336 (460.5)
denovo159 D111_AF174560 335 (458.5)
denovo159 D115_AF174562 335 (449.5)
denovo159 D107_AF174568 335 (449.5)
denovo159 D116_AF174571 320 (458.5)
denovo159 D124_EU074897 330 (452.5)
denovo159 D1.8_HE579037 333 (452.5)
denovo159 D3_AY686650 337 (455.0)
denovo159 D1.6_HQ630881 341 (458.0)
denovo159 D120_EU074900 350 (450.5)
denovo159 D121_EU074904 320 (467.5)
denovo159 D122_EU074905 320 (458.5)
denovo159 D1a.2_JF683339 332 (451.5)
denovo159 D1a.1_JF683338 330 (452.5)
denovo159 D2_AY686649 581 (508.0)
denovo159 D4_DQ865214 337 (451.5)
denovo159 D1a_AF499802 350 (450.5)
denovo159 D1a_JN558078 350 (450.5)
denovo159 D123_EU074895 335 (458.5)
denovo159 D108_AF174567 332 (459.0)
denovo159 D103_AF174575 336 (460.5)
denovo159 D100_AF411415 335 (458.5)
denovo159 D118_EF656435 331 (455.0)
denovo159 D101_AF411416 335 (443.5)
denovo159 D119_EU099832 336 (454.5)
denovo159 D102_AF174573 339 (455.5)
denovo159 D1_AF334660 335 (458.5)
denovo159 D1_JN558076 335 (458.5)
denovo159 D1.12_HE579041 324 (455.0)
denovo159 D1.1_AM748564 387 (463.0)
denovo159 D1.2_AM748617 407 (457.0)
denovo159 E111_EU074915 336 (480.5)
denovo159 E110_EU074914 335 (497.0)
denovo159 E114_EU074909 333 (492.0)
denovo159 E1_AF334659 337 (480.5)
denovo159 E105_EU074921 336 (490.5)
denovo159 E112_EU074916 333 (483.0)
denovo159 E104_EU074922 333 (492.0)
denovo159 E102_EU074924 333 (483.0)
denovo159 E103_EU074923 333 (492.0)
denovo159 E101_AY160123 329 (495.0)
denovo159 E109_EU074913 330 (481.0)
denovo159 E100_DQ011618 336 (488.5)
denovo159 E108_EU074912 339 (487.5)
denovo159 E113_EU074908 336 (482.5)
denovo159 E107_EU074910 336 (488.0)
denovo159 F1_JN558066 346 (532.5)
denovo159 F5.2d_AJ291530 342 (540.5)
denovo159 F104_AJ291531 342 (540.5)
denovo159 F5.2c_AM748596 337 (534.5)
denovo159 F5.2_AM748594 342 (531.5)
denovo159 F5.2a_AM748614 342 (531.5)
denovo159 F5.2b_AM748595 342 (531.5)
denovo159 F5.2e_AJ291533 339 (496.0)
denovo159 F5.2g_JN558072 343 (534.5)
denovo159 F5.2f_AJ291512 342 (533.0)
denovo159 F102_AJ291534 343 (534.5)
denovo159 F5.1c_AM748593 332 (528.0)
denovo159 F5.1d_JN558069 346 (543.5)
denovo159 F5.1b_AJ291535 346 (544.0)
denovo159 F5.1_AM748592 346 (544.5)
denovo159 F5.1a_AM748591 346 (553.0)
denovo159 F110_AJ291526 332 (545.0)
denovo159 F4.7_AM748587 330 (550.0)
denovo159 F4.5_AM748585 329 (563.0)
denovo159 F4.4a_AM748583 334 (561.5)
denovo159 F4.4_AM748582 335 (552.5)
denovo159 F4.4b_AM748584 325 (550.5)
denovo159 F4.1a_AM748573 324 (550.5)
denovo159 F112_AJ291528 323 (520.5)
denovo159 F4.1_AM748572 323 (538.5)
denovo159 F4.8b_AM748590 327 (565.5)
denovo159 F4.8_AM748588 328 (577.5)
denovo159 F4.8a_AM748589 329 (572.0)
denovo159 F109_AJ291527 329 (571.5)
denovo159 F4.6_AM748586 332 (545.5)
denovo159 F111_AJ311949 322 (536.0)
denovo159 F4.3c_AM748581 324 (547.5)
denovo159 F4.3a_AM748579 325 (559.0)
denovo159 F4.3b_AM748580 324 (555.5)
denovo159 F4.3_AM748578 324 (555.5)
denovo159 F4.2_AM748574 334 (551.5)
denovo159 F4.2a_AM748575 329 (567.5)
denovo159 F4.2c_AM748577 330 (567.0)
denovo159 F4.2b_AM748576 329 (558.5)
denovo159 F2b_AJ291521 335 (527.5)
denovo159 F2_AJ830908 335 (527.0)
denovo159 F2a_AJ830911 339 (521.5)
denovo159 F3.1a_AM748566 352 (544.5)
denovo159 F114_AJ291525 350 (538.0)
denovo159 F3.1_AM748565 350 (556.0)
denovo159 F3.2_AM748567 352 (561.0)
denovo159 F3.2a_AM748568 333 (567.0)
denovo159 F3.3_AM748569 340 (567.0)
denovo159 F3.4a_AM748571 343 (593.5)
denovo159 F3.4_AM748570 343 (575.5)
denovo159 F3.4b_AM748616 343 (575.5)
denovo159 G101_AJ291539 339 (457.0)
denovo159 G1_AM748597 342 (448.5)
denovo159 G2b_JN558087 342 (469.0)
denovo159 G2_AM748598 340 (464.0)
denovo159 G2a_AM748599 342 (469.5)
denovo159 G4_AM748601 349 (469.0)
denovo159 G3.4_LK392378 347 (453.5)
denovo159 G3_AM748600 342 (455.0)
denovo159 G3.2_KC597694 322 (445.5)
denovo159 G3.1_KC597688 344 (478.0)
denovo159 G100_AB253788 345 (473.0)
denovo159 G3.3_LK392377 342 (482.0)
denovo159 H6_AJ291520 646 (269.5)
denovo159 H3_AM748606 336 (396.5)
denovo159 H2_AM748605 327 (386.0)
denovo159 H4_AM748607 338 (384.5)
denovo159 H4a_AM748608 338 (382.0)
denovo159 H5a_AM748611 314 (396.5)
denovo159 H5b_AM748610 317 (390.0)
denovo159 H5_AJ621129 341 (394.5)
denovo159 H5_AM748609 341 (394.5)
denovo159 H100_AJ291513 306 (390.5)
denovo159 H1b_AM748604 307 (388.0)
denovo159 H1a_AM748612 323 (385.0)
denovo159 H1_AJ621152 306 (385.5)
denovo159 H1_AM748602 306 (385.5)
denovo159 I3_FN561561 345 (565.5)
denovo159 I4_FN561562 345 (565.5)
denovo159 I1_FN561559 344 (570.5)
denovo159 I2_FN561560 338 (572.5)

#---------------------------------------
#---------------------------------------
