denovo211 A136_DQ865210 333 (439.5)
denovo211 A133_DQ174725 356 (396.5)
denovo211 A115_AF180123 346 (391.0)
denovo211 A117_AF201746 340 (416.0)
denovo211 A134_DQ174723 340 (416.0)
denovo211 A114_AF184941 340 (416.0)
denovo211 A135_DQ174727 338 (409.5)
denovo211 A2_AF333506 344 (406.0)
denovo211 A101_AF427468 339 (402.5)
denovo211 A2_1_JN558097 339 (402.5)
denovo211 A2_2_JN558100 339 (402.5)
denovo211 A113_AF184948 342 (422.0)
denovo211 A112_AF184949 339 (403.0)
denovo211 A123_EF378618 344 (276.5)
denovo211 A137_EF378621 346 (320.5)
denovo211 A11_EU449041 355 (417.5)
denovo211 A121_DQ174722 342 (410.5)
denovo211 A15b_EU792886 341 (381.5)
denovo211 A15a_EU792885 342 (396.0)
denovo211 A15c_EU792887 344 (390.5)
denovo211 A15_EU792884 341 (390.5)
denovo211 A147_EU074937 343 (408.0)
denovo211 A154_EU074860 342 (396.0)
denovo211 A146_EU074936 348 (403.5)
denovo211 A150_EU074928 347 (409.0)
denovo211 A116_AF183575 342 (402.5)
denovo211 A141_EU074931 347 (409.5)
denovo211 A5_AF333508 346 (412.0)
denovo211 A3b_EU449043 342 (405.0)
denovo211 A151_EU074925 351 (403.0)
denovo211 A152_EU074927 345 (404.5)
denovo211 A149_EU074929 349 (407.5)
denovo211 A140_EU074930 342 (396.0)
denovo211 A142_EU074932 342 (396.0)
denovo211 A143_EU074933 350 (410.5)
denovo211 A144_EU074934 342 (396.0)
denovo211 A145_EU074935 342 (404.5)
denovo211 A148_EU074938 338 (400.5)
denovo211 A155_EU074856 342 (396.0)
denovo211 A156_EU074859 342 (396.0)
denovo211 A139_EU074962 343 (398.5)
denovo211 A6_AF186058 342 (405.0)
denovo211 A3_AF333507 342 (405.0)
denovo211 A3_JN558091 342 (405.0)
denovo211 A8_AY258468 342 (378.0)
denovo211 A7_AY239360 336 (395.5)
denovo211 A16_EU792888 336 (396.5)
denovo211 A4.3_FN429763 345 (393.0)
denovo211 A120_AF180122 330 (391.0)
denovo211 A4.2_FN429761 343 (402.5)
denovo211 A4_AF333509 343 (412.0)
denovo211 A4.1_FN429760 340 (410.5)
denovo211 A4a_AF499778 343 (412.5)
denovo211 A4a.1_FN429762 343 (412.5)
denovo211 A138_EF378620 345 (381.0)
denovo211 A122_EF378619 345 (393.5)
denovo211 A126_EF378615 344 (394.5)
denovo211 A10_EU792882 344 (394.5)
denovo211 A9_EU449028 341 (404.5)
denovo211 A105_AB207202 347 (414.0)
denovo211 A119_AF180121 332 (403.0)
denovo211 A12_EU792883 341 (405.5)
denovo211 A104_AB207203 336 (407.5)
denovo211 A1a_EU449030 341 (422.5)
denovo211 A1.3_HE578976 339 (417.0)
denovo211 A1.4_HE578977 339 (417.0)
denovo211 A13_AF333504 339 (416.5)
denovo211 A13_JN558094 339 (416.5)
denovo211 A110_AB190282 340 (407.0)
denovo211 A103_AB207206 336 (417.0)
denovo211 A130_EF656428 341 (413.5)
denovo211 A127_EF656429 341 (422.5)
denovo211 A128_EF656430 341 (404.5)
denovo211 A129_EF656431 341 (422.5)
denovo211 A131_EF656432 339 (417.0)
denovo211 A118_AF180120 346 (413.0)
denovo211 A1_AF333505 341 (413.5)
denovo211 A107_AB207199 336 (425.5)
denovo211 A111_AB190280 336 (425.5)
denovo211 A108_AB207197 337 (395.0)
denovo211 A106_AB207200 336 (416.0)
denovo211 A102_AB207209 336 (416.5)
denovo211 A1.2_AB207210 336 (416.5)
denovo211 A109_AB190285 336 (416.0)
denovo211 B4_AF333510 319 (1050.5)
denovo211 B23_EU449079 305 (1223.5)
denovo211 B30_GU907644 305 (1205.5)
denovo211 B11_AY239361 310 (1212.0)
denovo211 B17_AY258470 308 (1204.0)
denovo211 B1k_GU907638 306 (696.5)
denovo211 B1.V_Green2014 315 (1161.5)
denovo211 B1b_AF499780 306 (1166.0)
denovo211 B16_AY258469 308 (1213.0)
denovo211 B31a_GU907646 308 (1222.0)
denovo211 B32_GU907647 308 (1222.0)
denovo211 B31_GU907645 308 (1231.0)
denovo211 B1j_GU907637 308 (1231.0)
denovo211 B37_GU907650 310 (1211.5)
denovo211 B5a_AF499782 308 (1231.0)
denovo211 B5_AF499781 308 (1240.0)
denovo211 B24_GU907643 308 (1134.5)
denovo211 B117_AF180124 308 (1122.5)
denovo211 B10_AF499787 308 (1213.0)
denovo211 B20_GU907642 310 (1196.5)
denovo211 B1m_GU907640 308 (1222.0)
denovo211 B34_GU907649 308 (1222.0)
denovo211 B1d_GU907633 308 (1222.0)
denovo211 B1e_GU907634 308 (1222.0)
denovo211 B1i_GU907636 308 (1222.0)
denovo211 B1g_GU907635 309 (1203.0)
denovo211 B123_EU074872 308 (1213.0)
denovo211 B8_AF499785 309 (1212.0)
denovo211 B1l_GU907639 308 (1222.0)
denovo211 B1a_AF499779 308 (1222.0)
denovo211 B14_AY239362 309 (1212.0)
denovo211 B125_EU074865 308 (1222.0)
denovo211 B122_EU074871 308 (1231.0)
denovo211 B124_EU074874 308 (1222.0)
denovo211 B1.VII_Green2014 308 (1188.0)
denovo211 B1.III_Green2014 308 (1150.0)
denovo211 B1.I_Green2014 308 (1231.0)
denovo211 B1.II_Green2014 308 (1231.0)
denovo211 B1_JN558057 308 (1231.0)
denovo211 B1_AF333511 308 (1231.0)
denovo211 B1.IV_Green2014 318 (1216.5)
denovo211 B121_EU074870 308 (1222.0)
denovo211 B7_AF499784 308 (1222.0)
denovo211 B1.VI_Green2014 309 (1162.0)
denovo211 B3_AF333514 304 (1260.5)
denovo211 B9_AF499786 304 (1269.5)
denovo211 B19a_JN558055 304 (1142.5)
denovo211 B119_EU099825 313 (1149.5)
denovo211 B21_DQ865213 304 (1247.0)
denovo211 B38_GU907651 304 (1247.0)
denovo211 B18_AY258471 304 (1278.5)
denovo211 B18a_AY258472 304 (1269.5)
denovo211 B33_GU907648 304 (1278.5)
denovo211 B6_AF499783 309 (1275.0)
denovo211 B19_DQ865212 304 (1296.5)
denovo211 B19_GU907641 304 (1296.5)
denovo211 B2_AF333512 304 (1287.5)
denovo211 B2_JN558060 304 (1287.5)
denovo211 C33.1_AY258498 328 (561.0)
denovo211 C33.2_AY765400 328 (561.0)
denovo211 C33a_EF541147 328 (561.0)
denovo211 C34_AY258499 321 (559.0)
denovo211 C78_AY765413 324 (556.0)
denovo211 C15.29_KC597690 326 (534.0)
denovo211 C1131_DQ182650 326 (526.5)
denovo211 C1135_DQ182646 328 (524.0)
denovo211 C1134_DQ182647 328 (515.0)
denovo211 C1142_DQ182635 328 (524.0)
denovo211 C1136_DQ182644 319 (504.5)
denovo211 C1111_DQ182645 319 (513.5)
denovo211 C1236_EF473656 325 (508.0)
denovo211 C1138_DQ182642 319 (522.5)
denovo211 C1137_DQ182643 319 (504.5)
denovo211 C1133_DQ182648 319 (504.5)
denovo211 C1132_DQ182649 323 (507.0)
denovo211 C1143_DQ182634 319 (513.5)
denovo211 C1139_DQ182639 321 (521.5)
denovo211 C15.28_KC597687 325 (579.0)
denovo211 C1141_DQ182636 325 (532.5)
denovo211 C1144_DQ182637 325 (533.0)
denovo211 C1122_DQ182654 321 (548.5)
denovo211 C1127_DQ182652 321 (548.5)
denovo211 C15.30_JX394114 324 (575.5)
denovo211 C15.26_KC597686 326 (572.5)
denovo211 C1086_DQ182656 323 (572.5)
denovo211 C15.25_KC597685 323 (581.5)
denovo211 C1118_AF180127 328 (529.5)
denovo211 C1129_DQ182651 323 (518.0)
denovo211 C15.21_KC597683 326 (563.5)
denovo211 C56_AY589760 320 (564.0)
denovo211 C1140_DQ182638 327 (529.5)
denovo211 C1126_DQ182653 327 (520.5)
denovo211 C15c_AY258492 322 (570.5)
denovo211 C15d_AY258493 321 (577.0)
denovo211 C1098_DQ182641 321 (564.5)
denovo211 C15.27_KC597689 323 (582.0)
denovo211 C15.18_HE579024 322 (570.0)
denovo211 C15.16_HE579022 328 (587.5)
denovo211 C1101_AB253787 323 (564.0)
denovo211 C1083_AY237300 323 (573.0)
denovo211 C1088_DQ182640 323 (573.0)
denovo211 C15.6_FN563472 324 (576.0)
denovo211 C15.5_FJ461512 324 (567.5)
denovo211 C15.4_FJ461511 324 (576.5)
denovo211 C15.13_HE579019 327 (566.0)
denovo211 C15.12_HE579018 327 (575.0)
denovo211 C93a_AM748563 322 (588.5)
denovo211 C1094_AJ291514 322 (579.5)
denovo211 C93_AM748562 322 (579.5)
denovo211 C15.17_HE579023 324 (570.0)
denovo211 C15e_AY589742 323 (576.0)
denovo211 C15.22_KC597695 323 (591.0)
denovo211 C60_AY589764 327 (575.0)
denovo211 C15.1_FJ461508 323 (582.0)
denovo211 C15.2_FJ461509 323 (573.0)
denovo211 C15.9_FN563475 323 (581.5)
denovo211 C15.7_HE579015 323 (573.0)
denovo211 C15.8_HE579016 323 (582.0)
denovo211 C15.15_HE579021 323 (573.0)
denovo211 C15.19_HE579025 323 (581.5)
denovo211 C15.24_KC597696 323 (564.0)
denovo211 C15.3_FJ461510 323 (573.5)
denovo211 C1087_DQ182655 323 (582.0)
denovo211 C15.14_HE579020 324 (572.0)
denovo211 C15.23_KC597697 324 (572.0)
denovo211 C19_AY258479 324 (588.0)
denovo211 C1233_EU118166 323 (573.0)
denovo211 C15b_AY258491 323 (573.0)
denovo211 C15a_AY258476 323 (582.5)
denovo211 C1051_AF195153 323 (582.0)
denovo211 C2_AF333518 324 (581.0)
denovo211 C15.20_HE579026 324 (581.0)
denovo211 C15f_AY589743 323 (578.5)
denovo211 C55_AY589759 327 (579.5)
denovo211 C15_AY239369 323 (582.0)
denovo211 C32.1_JF683335 325 (512.5)
denovo211 C32.2_JF683336 327 (517.5)
denovo211 C21.23_KC597693 327 (517.5)
denovo211 C1193_EU099827 336 (552.5)
denovo211 C1195_EU099821 336 (529.5)
denovo211 C3q_GU907655 332 (529.0)
denovo211 C53_AY589758 332 (536.0)
denovo211 C73_AY765408 332 (544.0)
denovo211 C17.2.1_KC597684 328 (520.0)
denovo211 C32_AY258497 326 (515.0)
denovo211 C1189_EU099831 325 (540.5)
denovo211 C1191_EU099833 324 (547.0)
denovo211 C1196_EU099819 326 (516.5)
denovo211 C1192_EU099820 326 (516.5)
denovo211 C17.1_JF683322 325 (531.5)
denovo211 C26_b2_FN827164 326 (540.5)
denovo211 C26_b3_FN827165 322 (520.0)
denovo211 C31.9_HQ630879 327 (527.0)
denovo211 C31a_AY589746 327 (532.5)
denovo211 C30_AY589745 327 (532.5)
denovo211 C31.1_HQ630876 331 (534.0)
denovo211 C31.5_HQ630877 326 (538.0)
denovo211 C31.6_HQ630878 327 (541.5)
denovo211 C31.2_JF683332 327 (541.5)
denovo211 C31.3_JF683333 327 (532.5)
denovo211 C26/C35a_AY239378 322 (529.0)
denovo211 C35a_AY258501 322 (529.0)
denovo211 C35.2_AY258500 322 (538.0)
denovo211 C26_b1_FN827163 322 (538.0)
denovo211 C17_AY239370 325 (531.5)
denovo211 C17.2_FJ461513 327 (530.5)
denovo211 C31.10_HQ630880 327 (536.0)
denovo211 C31.4_JF683334 332 (541.5)
denovo211 C31_AY258496 327 (541.5)
denovo211 C25_AY239377 324 (561.0)
denovo211 C61_AY589765 326 (502.5)
denovo211 C1043_DQ072721 325 (520.0)
denovo211 C79_AY765414 322 (562.0)
denovo211 C69_AY589773 315 (530.5)
denovo211 C69a_AY686648 315 (521.5)
denovo211 C21.22_KC597692 324 (510.0)
denovo211 C51_AY589756 325 (543.5)
denovo211 C1aa_HM185739 336 (547.0)
denovo211 C1096_DQ068023 325 (539.0)
denovo211 C74_AY765409 328 (564.5)
denovo211 C1185_AB294629 331 (564.5)
denovo211 C1184_AB294630 330 (561.5)
denovo211 C1153_AB294625 330 (570.5)
denovo211 C1154_AB294626 329 (577.0)
denovo211 C1187_AB294627 330 (579.5)
denovo211 C1186_AB294628 330 (561.5)
denovo211 C57_AY589761 330 (570.5)
denovo211 C66_AY589771 330 (570.5)
denovo211 C5_AF499795 329 (562.5)
denovo211 C1167_AB294586 325 (560.5)
denovo211 C1164_AB294593 325 (560.5)
denovo211 C1183_AB294631 325 (578.5)
denovo211 C1067_DQ335381 325 (552.0)
denovo211 C1159_AB294613 327 (553.5)
denovo211 C1150_AB294622 327 (562.5)
denovo211 C90_AM748554 327 (577.0)
denovo211 C1168_AB294583 325 (561.0)
denovo211 C1156_AB294616 323 (573.5)
denovo211 C1151_AB294621 325 (579.0)
denovo211 C92a_AM748561 325 (579.0)
denovo211 C92_AM748560 325 (570.0)
denovo211 C1165_AB294581 325 (569.5)
denovo211 C1166_AB294584 325 (587.5)
denovo211 C1162_AB294594 325 (569.5)
denovo211 C1163_AB294596 323 (582.0)
denovo211 C1161_AB294606 325 (578.5)
denovo211 C1160_AB294608 329 (571.0)
denovo211 C1158_AB294614 325 (587.0)
denovo211 C1155_AB294617 325 (569.5)
denovo211 C1149_AB294620 325 (578.5)
denovo211 C1173_AB294662 325 (587.5)
denovo211 C1171_AB294663 329 (571.5)
denovo211 C1172_AB294665 325 (578.5)
denovo211 C91a_AM748556 325 (578.5)
denovo211 C91b_AM748557 323 (581.0)
denovo211 C91d_AM748559 324 (575.5)
denovo211 C91c_AM748558 324 (575.5)
denovo211 C91_AJ621543 325 (578.5)
denovo211 C91_AM748555 325 (578.5)
denovo211 C1023_DQ335330 314 (516.0)
denovo211 C1020_DQ335392 329 (554.5)
denovo211 C1018_DQ335408 325 (561.0)
denovo211 C1074_DQ335329 325 (552.0)
denovo211 C1030_DQ335353 325 (552.0)
denovo211 C1022_DQ335331 325 (552.0)
denovo211 C1027_DQ335360 325 (570.0)
denovo211 C1072_DQ335344 325 (552.0)
denovo211 C1039_AB190274 325 (560.0)
denovo211 C1033_DQ335350 330 (549.0)
denovo211 C1019_DQ335407 325 (561.0)
denovo211 C1194_EU099826 326 (539.0)
denovo211 C8b_AY258475 326 (548.0)
denovo211 C8_AY239367 327 (556.5)
denovo211 C8a_AY239368 329 (552.5)
denovo211 C54a_AY765406 325 (570.0)
denovo211 C3ff_HM185740 325 (552.0)
denovo211 C59_AY589763 330 (540.0)
denovo211 C3k_AY589737 323 (563.5)
denovo211 C3.24_HE579012 322 (570.0)
denovo211 C3.23_HE579011 323 (563.5)
denovo211 C35.1_AY765401 327 (576.0)
denovo211 C35.3_EF541145 320 (574.0)
denovo211 C76_AY765411 323 (543.5)
denovo211 C1107_DQ335359 327 (534.5)
denovo211 C3.22_HE579010 329 (537.5)
denovo211 C77_AY765412 324 (555.0)
denovo211 C20_AY239371 325 (561.5)
denovo211 C1055_DQ480640 327 (553.5)
denovo211 C27/C30_AY239379 322 (528.5)
denovo211 C27.1_FJ461517 322 (519.5)
denovo211 C40a_AY589747 327 (556.5)
denovo211 C40_AY258485 327 (556.5)
denovo211 C40b_AY589748 331 (548.5)
denovo211 C16_AY258477 328 (578.5)
denovo211 C16a_AY765399 329 (580.5)
denovo211 C1091_AB207186 323 (563.5)
denovo211 C1102_DQ335400 323 (555.5)
denovo211 C1069_DQ335375 325 (561.5)
denovo211 C1073_DQ335332 323 (555.5)
denovo211 C1066_DQ335382 322 (552.0)
denovo211 C1031_DQ335352 328 (570.0)
denovo211 C1026_DQ335366 330 (566.5)
denovo211 C70_AY589774 323 (573.5)
denovo211 C1082_AB190267 323 (555.5)
denovo211 C1078_AB190271 323 (573.5)
denovo211 C1090_AB207191 323 (564.5)
denovo211 C1071_DQ335302 323 (564.5)
denovo211 C1075_DQ335328 323 (564.5)
denovo211 C1068_DQ335379 324 (557.5)
denovo211 C1064_DQ335395 323 (555.5)
denovo211 C1063_DQ335403 322 (571.5)
denovo211 C62_AY589766 323 (564.5)
denovo211 C1077_DQ335316 322 (567.5)
denovo211 C1109_DQ335338 323 (555.5)
denovo211 C1110_DQ335340 323 (546.5)
denovo211 C1106_DQ335339 323 (545.5)
denovo211 C1112_DQ335319 323 (554.5)
denovo211 C1108_DQ335351 323 (545.5)
denovo211 C1105_DQ335394 323 (554.5)
denovo211 C1121_DQ335378 330 (547.5)
denovo211 C1116_AB190268 330 (557.5)
denovo211 C1115_AB190273 330 (556.5)
denovo211 C1124_DQ335323 323 (536.5)
denovo211 C1120_DQ335398 323 (536.5)
denovo211 C1119_DQ335404 323 (545.5)
denovo211 C1123_DQ335363 323 (545.5)
denovo211 C1004_DQ480635 325 (560.5)
denovo211 C1061_AY186568 325 (551.5)
denovo211 C1053_AY186569 325 (560.5)
denovo211 C1003_DQ480639 325 (560.5)
denovo211 C81_GU907657 335 (536.5)
denovo211 C22_AY239373 320 (571.5)
denovo211 C22a_AY239374 322 (568.0)
denovo211 C1232_EU118163 328 (559.5)
denovo211 C21.13_FJ461515 325 (522.5)
denovo211 C21.1_JF683323 323 (534.5)
denovo211 C21.3_JF683325 325 (540.0)
denovo211 C1.20_HE578993 325 (543.0)
denovo211 C1.22_HE578995 325 (543.0)
denovo211 C52_AY589757 322 (582.0)
denovo211 C1201_EU099793 325 (521.0)
denovo211 C14_AY589741 327 (561.0)
denovo211 C43_AY589749 327 (566.5)
denovo211 C50_AY589755 325 (570.0)
denovo211 C3.14_HQ630872 325 (552.0)
denovo211 C1m_AY765398 322 (579.0)
denovo211 C82_GU907658 332 (563.5)
denovo211 C82b_GU907660 332 (563.5)
denovo211 C64_AY589768 342 (558.5)
denovo211 C45a_AY765404 327 (565.5)
denovo211 C48_AY589753 325 (580.5)
denovo211 C1_v1b_FJ919244 324 (557.5)
denovo211 C1_v1a_FJ919243 324 (557.5)
denovo211 C3j_AY239366 326 (555.0)
denovo211 C3t_EF541149 325 (561.0)
denovo211 C9_AF499798 325 (569.0)
denovo211 C23_AY239375 325 (560.5)
denovo211 C37_AY258481 329 (554.0)
denovo211 C1048_DQ068026 327 (556.5)
denovo211 C21.4_JF683326 325 (540.5)
denovo211 C21.5_JF683327 325 (540.5)
denovo211 C1070_DQ335349 325 (570.0)
denovo211 C21.6_HQ630873 325 (549.5)
denovo211 C1224_EU074890 324 (575.5)
denovo211 C1.17_HE578990 324 (575.5)
denovo211 C21_b1_FN827162 322 (532.5)
denovo211 C21.9_JF683330 322 (541.5)
denovo211 C1085_AY624605 322 (562.5)
denovo211 C3p_GU907654 325 (555.0)
denovo211 C3f_AY589734 325 (570.0)
denovo211 C65a_AY589770 324 (566.5)
denovo211 C65_AY589769 324 (575.5)
denovo211 C71_AY589775 324 (566.5)
denovo211 C71a_AY589776 324 (575.5)
denovo211 C1178_AB294647 324 (552.5)
denovo211 C1225_EU074893 322 (570.5)
denovo211 C75_AY765410 328 (560.5)
denovo211 C21.10_JF683331 326 (534.0)
denovo211 C21.11_HQ630874 326 (534.0)
denovo211 C1065_DQ335388 325 (579.0)
denovo211 C1045_DQ068036 325 (579.0)
denovo211 C1h_AY258473 342 (558.5)
denovo211 C38_AY258482 344 (555.0)
denovo211 C1202_EU099799 343 (553.0)
denovo211 C7_AF499797 343 (562.0)
denovo211 C12_AF499801 349 (554.0)
denovo211 C38a_AY258483 344 (560.5)
denovo211 C1200_EU099800 334 (560.0)
denovo211 C44a_AY589751 325 (569.5)
denovo211 C47_AY589752 327 (574.5)
denovo211 C44_AY589750 327 (565.5)
denovo211 C1.15_HE578988 324 (566.5)
denovo211 C45.3_FJ461522 327 (565.5)
denovo211 C46a_AY765405 327 (556.5)
denovo211 C46_EU449108 327 (565.5)
denovo211 C3.12_FJ461507 328 (569.0)
denovo211 C1k_AY589733 327 (556.5)
denovo211 C67_AY686647 327 (565.5)
denovo211 C82a_GU907659 324 (567.0)
denovo211 C10a_AY589739 327 (565.5)
denovo211 C10_AF499799 327 (556.5)
denovo211 C13_AY589740 329 (559.5)
denovo211 C4_AF499794 327 (565.5)
denovo211 C1147_EF656433 327 (556.5)
denovo211 C1c/C45_AY239364 327 (565.5)
denovo211 C1c/C45_EU449103 327 (565.5)
denovo211 C21.19_HE579031 325 (540.5)
denovo211 C21.21_HE579033 325 (531.5)
denovo211 C21.20_HE579032 325 (540.5)
denovo211 C42b_AY765403 328 (550.5)
denovo211 C42_AY258487 327 (557.0)
denovo211 C1p_GU907652 324 (557.5)
denovo211 C1d_AY258488 327 (547.5)
denovo211 C42_AY765402 327 (556.5)
denovo211 C3ha_AY589736 325 (531.5)
denovo211 C63a_AY589767 327 (548.5)
denovo211 C21a_AY589744 325 (540.5)
denovo211 C3o_GU907653 325 (540.0)
denovo211 C21.16_HQ630875 325 (540.0)
denovo211 C21.2_JF683324 325 (531.5)
denovo211 C21.7_JF683328 324 (538.0)
denovo211 C21.8_JF683329 325 (540.5)
denovo211 C3h_AY239365 325 (531.5)
denovo211 C1203_EU099798 325 (531.5)
denovo211 C3.10_FJ461505 325 (579.0)
denovo211 C21.14_FJ461516 325 (549.5)
denovo211 C21.18_HE579030 329 (532.0)
denovo211 C3.17_HE579005 325 (561.0)
denovo211 C3.9_FJ461504 325 (558.0)
denovo211 C3.8_FJ461503 325 (570.0)
denovo211 C3.7_FJ461502 325 (561.0)
denovo211 C3.11_FJ461506 332 (572.5)
denovo211 C3.18_HE579006 325 (561.0)
denovo211 C3.19_HE579007 325 (561.0)
denovo211 C3.20_HE579008 329 (563.0)
denovo211 C3g_AY589735 328 (553.0)
denovo211 C3a_AF499790 323 (573.0)
denovo211 C3e_AF499793 325 (561.0)
denovo211 C6_AF499796 332 (563.0)
denovo211 C11_AF499800 325 (561.0)
denovo211 C36_AY258480 325 (561.0)
denovo211 C29_AY258494 325 (579.0)
denovo211 C1146_EF656434 325 (561.0)
denovo211 C1190_EU099841 325 (579.0)
denovo211 C131_JF320826 325 (561.0)
denovo211 C28_AY239380 330 (569.0)
denovo211 C1012_DQ480604 325 (561.0)
denovo211 C1181_AB294640 325 (546.0)
denovo211 C1180_AB294641 325 (564.0)
denovo211 C1179_AB294645 326 (548.0)
denovo211 C1176_AB294651 323 (558.0)
denovo211 C1175_AB294653 325 (546.0)
denovo211 C1174_AB294655 327 (551.5)
denovo211 C1177_AB294659 325 (554.5)
denovo211 C1040_AB190269 327 (566.5)
denovo211 C1182_AB294649 325 (561.0)
denovo211 C1089_AJ278598 325 (561.0)
denovo211 C1028_DQ335357 332 (572.0)
denovo211 C3.16_EU786015 325 (570.0)
denovo211 C1097_AJ311943 326 (559.5)
denovo211 C1170_AB294661 325 (555.0)
denovo211 C21.17_HE579029 325 (542.5)
denovo211 C21/3d/C3k_AY239372 325 (540.5)
denovo211 C58_AY589762 323 (540.5)
denovo211 C3L_AY589738 328 (565.5)
denovo211 C1169_AB294660 325 (555.0)
denovo211 C3.2_FJ461497 325 (564.0)
denovo211 C3.1_JF683321 324 (569.5)
denovo211 C1104_AF427469 326 (560.0)
denovo211 C3b_AF499791 325 (573.0)
denovo211 C83_GU907661 325 (572.5)
denovo211 C49_AY589754 358 (579.5)
denovo211 C3_AB778606 325 (570.0)
denovo211 C3_AF499789 325 (570.0)
denovo211 C3_HE579001 325 (570.0)
denovo211 C21.12_FJ461514 325 (522.5)
denovo211 C1229_EU074888 321 (562.0)
denovo211 C1230_EU074889 321 (571.0)
denovo211 C1114_AB207196 325 (552.0)
denovo211 C3.21_HE579009 325 (519.0)
denovo211 C1057_DQ480619 325 (570.0)
denovo211 C72_AY765407 322 (560.0)
denovo211 C1b.3_HE578999 324 (551.5)
denovo211 C93_AJ621536 325 (570.0)
denovo211 C94_AJ621539 324 (566.5)
denovo211 C1g_AY589730 324 (575.5)
denovo211 C1i_AY589731 321 (568.0)
denovo211 C1j_AY589732 331 (568.5)
denovo211 C1005_DQ480633 324 (557.5)
denovo211 C1.7_FJ461494 324 (557.5)
denovo211 C1.11_HE578984 328 (561.0)
denovo211 C1.12_HE578985 324 (557.5)
denovo211 C1.13_HE578986 325 (561.0)
denovo211 C1.14_HE578987 324 (566.5)
denovo211 C1.18_HE578991 324 (557.5)
denovo211 C1.19_HE578992 324 (557.5)
denovo211 C1199_EU099802 324 (552.0)
denovo211 C1188_EU099838 324 (566.5)
denovo211 C1002_DQ838544 325 (570.0)
denovo211 C1198_EU099810 324 (557.5)
denovo211 C24_AY239376 324 (566.5)
denovo211 C1f_AY258490 324 (566.5)
denovo211 C1006_DQ480629 324 (575.5)
denovo211 C1010_DQ480607 324 (557.5)
denovo211 C1007_DQ480624 324 (557.5)
denovo211 C1011_DQ480605 324 (557.5)
denovo211 C1009_DQ480608 328 (559.5)
denovo211 C1041_AY186548 324 (566.5)
denovo211 C1052_AY186570 324 (557.5)
denovo211 C1148_EU040178 324 (566.5)
denovo211 C1234_EU118165 325 (556.5)
denovo211 C1.5_EF634157 324 (566.5)
denovo211 C1059_DQ480609 324 (566.5)
denovo211 C1228_EU074883 324 (557.5)
denovo211 C1208_EU074963 324 (557.5)
denovo211 C1207_EU074964 324 (566.5)
denovo211 C1206_EU074965 324 (557.5)
denovo211 C1013_DQ480642 322 (579.5)
denovo211 C80_GU907656 338 (563.5)
denovo211 C1a_AF499788 324 (566.5)
denovo211 C41_AY258486 324 (566.5)
denovo211 C39_AY258484 313 (564.0)
denovo211 C1231_EU074878 324 (566.5)
denovo211 C1b.1_HE578997 324 (560.5)
denovo211 C18_AY258478 324 (566.5)
denovo211 C1.10_HE578983 323 (561.0)
denovo211 C1_JN558041 324 (566.5)
denovo211 C1_HE578979 324 (566.5)
denovo211 C1_AM748551 324 (566.5)
denovo211 C1_AF333515 324 (566.5)
denovo211 C1054_AY186565 323 (570.0)
denovo211 C1008_DQ480613 324 (557.5)
denovo211 C1103_AF427470 325 (556.5)
denovo211 C1226_EU074881 325 (557.5)
denovo211 C1b/C1e_AY239363 324 (560.5)
denovo211 C1044_DQ068038 324 (551.5)
denovo211 C1017_DQ174729 325 (550.5)
denovo211 C1.6_FJ461493 324 (575.5)
denovo211 C1b.2_HE578998 324 (560.5)
denovo211 C1060_DQ480600 324 (557.5)
denovo211 C1227_EU074882 324 (575.5)
denovo211 C1197_EU099814 324 (557.5)
denovo211 C1130_DQ480643 324 (488.5)
denovo211 D109_AB097465 352 (404.0)
denovo211 D1.11_HE579040 353 (399.5)
denovo211 D105_AF174570 353 (390.0)
denovo211 D104_AF174572 350 (392.0)
denovo211 D1.3_JF683337 353 (390.5)
denovo211 D1.10_HE579039 353 (399.5)
denovo211 D110_AF174561 353 (399.5)
denovo211 D117_AF174542 359 (390.5)
denovo211 D114_AF174549 353 (399.5)
denovo211 D113_AF174557 354 (385.5)
denovo211 D112_AF174558 354 (394.5)
denovo211 D106_AF174559 356 (400.5)
denovo211 D111_AF174560 353 (400.0)
denovo211 D115_AF174562 353 (390.5)
denovo211 D107_AF174568 353 (399.5)
denovo211 D116_AF174571 354 (385.5)
denovo211 D124_EU074897 354 (403.5)
denovo211 D1.8_HE579037 356 (399.5)
denovo211 D3_AY686650 353 (399.5)
denovo211 D1.6_HQ630881 353 (390.5)
denovo211 D120_EU074900 354 (385.5)
denovo211 D121_EU074904 354 (394.5)
denovo211 D122_EU074905 353 (390.5)
denovo211 D1a.2_JF683339 356 (402.5)
denovo211 D1a.1_JF683338 354 (403.5)
denovo211 D2_AY686649 587 (468.5)
denovo211 D4_DQ865214 352 (394.0)
denovo211 D1a_AF499802 354 (394.5)
denovo211 D1a_JN558078 354 (394.5)
denovo211 D123_EU074895 353 (399.5)
denovo211 D108_AF174567 353 (399.5)
denovo211 D103_AF174575 354 (394.5)
denovo211 D100_AF411415 365 (390.5)
denovo211 D118_EF656435 350 (409.0)
denovo211 D101_AF411416 365 (375.5)
denovo211 D119_EU099832 356 (382.0)
denovo211 D102_AF174573 352 (400.0)
denovo211 D1_AF334660 353 (399.5)
denovo211 D1_JN558076 353 (399.5)
denovo211 D1.12_HE579041 333 (396.0)
denovo211 D1.1_AM748564 433 (414.5)
denovo211 D1.2_AM748617 429 (411.0)
denovo211 E111_EU074915 347 (384.0)
denovo211 E110_EU074914 347 (384.0)
denovo211 E114_EU074909 350 (366.0)
denovo211 E1_AF334659 348 (365.0)
denovo211 E105_EU074921 347 (375.0)
denovo211 E112_EU074916 347 (366.0)
denovo211 E104_EU074922 345 (377.0)
denovo211 E102_EU074924 347 (366.0)
denovo211 E103_EU074923 347 (375.0)
denovo211 E101_AY160123 352 (350.0)
denovo211 E109_EU074913 354 (396.0)
denovo211 E100_DQ011618 359 (400.0)
denovo211 E108_EU074912 361 (396.5)
denovo211 E113_EU074908 357 (406.5)
denovo211 E107_EU074910 361 (396.5)
denovo211 F1_JN558066 346 (551.0)
denovo211 F5.2d_AJ291530 334 (567.5)
denovo211 F104_AJ291531 334 (567.5)
denovo211 F5.2c_AM748596 334 (559.0)
denovo211 F5.2_AM748594 338 (561.5)
denovo211 F5.2a_AM748614 338 (561.5)
denovo211 F5.2b_AM748595 334 (558.5)
denovo211 F5.2e_AJ291533 347 (553.5)
denovo211 F5.2g_JN558072 337 (559.5)
denovo211 F5.2f_AJ291512 345 (555.0)
denovo211 F102_AJ291534 352 (557.0)
denovo211 F5.1c_AM748593 344 (563.0)
denovo211 F5.1d_JN558069 344 (552.5)
denovo211 F5.1b_AJ291535 344 (588.5)
denovo211 F5.1_AM748592 344 (579.5)
denovo211 F5.1a_AM748591 344 (588.5)
denovo211 F110_AJ291526 328 (622.0)
denovo211 F4.7_AM748587 323 (602.5)
denovo211 F4.5_AM748585 324 (601.5)
denovo211 F4.4a_AM748583 321 (630.5)
denovo211 F4.4_AM748582 322 (622.0)
denovo211 F4.4b_AM748584 319 (640.0)
denovo211 F4.1a_AM748573 324 (575.0)
denovo211 F112_AJ291528 322 (561.5)
denovo211 F4.1_AM748572 322 (570.5)
denovo211 F4.8b_AM748590 327 (618.5)
denovo211 F4.8_AM748588 318 (619.5)
denovo211 F4.8a_AM748589 318 (619.0)
denovo211 F109_AJ291527 324 (615.0)
denovo211 F4.6_AM748586 322 (579.5)
denovo211 F111_AJ311949 317 (606.0)
denovo211 F4.3c_AM748581 318 (618.0)
denovo211 F4.3a_AM748579 318 (627.0)
denovo211 F4.3b_AM748580 318 (627.0)
denovo211 F4.3_AM748578 318 (618.0)
denovo211 F4.2_AM748574 325 (632.5)
denovo211 F4.2a_AM748575 323 (612.5)
denovo211 F4.2c_AM748577 323 (609.0)
denovo211 F4.2b_AM748576 323 (621.5)
denovo211 F2b_AJ291521 336 (588.5)
denovo211 F2_AJ830908 332 (587.0)
denovo211 F2a_AJ830911 332 (582.5)
denovo211 F3.1a_AM748566 344 (554.0)
denovo211 F114_AJ291525 342 (557.0)
denovo211 F3.1_AM748565 342 (566.0)
denovo211 F3.2_AM748567 346 (576.5)
denovo211 F3.2a_AM748568 339 (574.5)
denovo211 F3.3_AM748569 341 (595.0)
denovo211 F3.4a_AM748571 340 (530.0)
denovo211 F3.4_AM748570 336 (534.0)
denovo211 F3.4b_AM748616 336 (534.0)
denovo211 G101_AJ291539 366 (417.5)
denovo211 G1_AM748597 366 (417.5)
denovo211 G2b_JN558087 366 (411.0)
denovo211 G2_AM748598 367 (404.0)
denovo211 G2a_AM748599 370 (395.5)
denovo211 G4_AM748601 357 (471.5)
denovo211 G3.4_LK392378 351 (419.0)
denovo211 G3_AM748600 367 (421.0)
denovo211 G3.2_KC597694 350 (383.0)
denovo211 G3.1_KC597688 361 (429.5)
denovo211 G100_AB253788 349 (422.0)
denovo211 G3.3_LK392377 350 (424.0)
denovo211 H6_AJ291520 633 (300.0)
denovo211 H3_AM748606 324 (521.5)
denovo211 H2_AM748605 336 (538.0)
denovo211 H4_AM748607 334 (536.0)
denovo211 H4a_AM748608 342 (528.5)
denovo211 H5a_AM748611 335 (519.5)
denovo211 H5b_AM748610 337 (515.0)
denovo211 H5_AJ621129 340 (516.5)
denovo211 H5_AM748609 340 (516.5)
denovo211 H100_AJ291513 339 (521.0)
denovo211 H1b_AM748604 339 (525.0)
denovo211 H1a_AM748612 339 (534.0)
denovo211 H1_AJ621152 339 (534.0)
denovo211 H1_AM748602 339 (534.0)
denovo211 I3_FN561561 345 (619.5)
denovo211 I4_FN561562 345 (619.5)
denovo211 I1_FN561559 336 (612.0)
denovo211 I2_FN561560 353 (624.5)

#---------------------------------------
#---------------------------------------
