denovo252 A136_DQ865210 332 (522.0)
denovo252 A133_DQ174725 343 (495.0)
denovo252 A115_AF180123 348 (465.5)
denovo252 A117_AF201746 344 (480.0)
denovo252 A134_DQ174723 335 (488.0)
denovo252 A114_AF184941 335 (488.0)
denovo252 A135_DQ174727 341 (486.0)
denovo252 A2_AF333506 345 (483.0)
denovo252 A101_AF427468 341 (486.0)
denovo252 A2_1_JN558097 341 (486.0)
denovo252 A2_2_JN558100 341 (486.0)
denovo252 A113_AF184948 332 (524.0)
denovo252 A112_AF184949 334 (520.5)
denovo252 A123_EF378618 339 (347.0)
denovo252 A137_EF378621 329 (362.0)
denovo252 A11_EU449041 340 (513.5)
denovo252 A121_DQ174722 340 (525.5)
denovo252 A15b_EU792886 340 (484.0)
denovo252 A15a_EU792885 340 (493.0)
denovo252 A15c_EU792887 336 (490.0)
denovo252 A15_EU792884 340 (493.0)
denovo252 A147_EU074937 339 (496.5)
denovo252 A154_EU074860 341 (511.5)
denovo252 A146_EU074936 337 (517.5)
denovo252 A150_EU074928 337 (518.0)
denovo252 A116_AF183575 336 (526.0)
denovo252 A141_EU074931 337 (517.5)
denovo252 A5_AF333508 344 (517.5)
denovo252 A3b_EU449043 341 (511.5)
denovo252 A151_EU074925 341 (520.5)
denovo252 A152_EU074927 328 (510.5)
denovo252 A149_EU074929 335 (513.0)
denovo252 A140_EU074930 341 (502.5)
denovo252 A142_EU074932 341 (502.5)
denovo252 A143_EU074933 336 (505.5)
denovo252 A144_EU074934 341 (502.5)
denovo252 A145_EU074935 337 (508.5)
denovo252 A148_EU074938 340 (511.0)
denovo252 A155_EU074856 342 (515.0)
denovo252 A156_EU074859 341 (502.5)
denovo252 A139_EU074962 341 (502.5)
denovo252 A6_AF186058 341 (511.5)
denovo252 A3_AF333507 341 (511.5)
denovo252 A3_JN558091 341 (511.5)
denovo252 A8_AY258468 337 (500.5)
denovo252 A7_AY239360 341 (502.5)
denovo252 A16_EU792888 339 (505.5)
denovo252 A4.3_FN429763 333 (486.5)
denovo252 A120_AF180122 328 (482.5)
denovo252 A4.2_FN429761 333 (474.5)
denovo252 A4_AF333509 333 (502.5)
denovo252 A4.1_FN429760 332 (497.5)
denovo252 A4a_AF499778 329 (498.5)
denovo252 A4a.1_FN429762 329 (498.5)
denovo252 A138_EF378620 336 (483.0)
denovo252 A122_EF378619 335 (520.0)
denovo252 A126_EF378615 334 (521.0)
denovo252 A10_EU792882 334 (521.0)
denovo252 A9_EU449028 334 (496.0)
denovo252 A105_AB207202 338 (498.0)
denovo252 A119_AF180121 331 (496.0)
denovo252 A12_EU792883 333 (502.5)
denovo252 A104_AB207203 337 (515.0)
denovo252 A1a_EU449030 337 (505.5)
denovo252 A1.3_HE578976 334 (514.0)
denovo252 A1.4_HE578977 334 (514.0)
denovo252 A13_AF333504 332 (508.5)
denovo252 A13_JN558094 332 (508.5)
denovo252 A110_AB190282 334 (505.0)
denovo252 A103_AB207206 334 (514.0)
denovo252 A130_EF656428 334 (514.0)
denovo252 A127_EF656429 334 (523.0)
denovo252 A128_EF656430 334 (505.0)
denovo252 A129_EF656431 334 (514.0)
denovo252 A131_EF656432 334 (514.0)
denovo252 A118_AF180120 330 (505.5)
denovo252 A1_AF333505 334 (514.0)
denovo252 A107_AB207199 331 (524.0)
denovo252 A111_AB190280 331 (515.0)
denovo252 A108_AB207197 336 (497.0)
denovo252 A106_AB207200 344 (498.0)
denovo252 A102_AB207209 341 (507.5)
denovo252 A1.2_AB207210 341 (507.5)
denovo252 A109_AB190285 345 (501.5)
denovo252 B4_AF333510 357 (601.5)
denovo252 B23_EU449079 349 (576.0)
denovo252 B30_GU907644 348 (571.5)
denovo252 B11_AY239361 355 (593.5)
denovo252 B17_AY258470 356 (584.5)
denovo252 B1k_GU907638 319 (246.0)
denovo252 B1.V_Green2014 367 (556.0)
denovo252 B1b_AF499780 353 (581.5)
denovo252 B16_AY258469 356 (594.5)
denovo252 B31a_GU907646 352 (592.5)
denovo252 B32_GU907647 352 (583.0)
denovo252 B31_GU907645 352 (592.0)
denovo252 B1j_GU907637 356 (585.5)
denovo252 B37_GU907650 358 (593.5)
denovo252 B5a_AF499782 354 (589.5)
denovo252 B5_AF499781 354 (598.5)
denovo252 B24_GU907643 357 (427.5)
denovo252 B117_AF180124 344 (552.0)
denovo252 B10_AF499787 359 (585.0)
denovo252 B20_GU907642 359 (599.0)
denovo252 B1m_GU907640 356 (594.5)
denovo252 B34_GU907649 356 (585.5)
denovo252 B1d_GU907633 352 (600.0)
denovo252 B1e_GU907634 352 (592.0)
denovo252 B1i_GU907636 356 (594.5)
denovo252 B1g_GU907635 362 (590.5)
denovo252 B123_EU074872 358 (582.5)
denovo252 B8_AF499785 361 (597.0)
denovo252 B1l_GU907639 356 (594.5)
denovo252 B1a_AF499779 357 (597.0)
denovo252 B14_AY239362 357 (575.5)
denovo252 B125_EU074865 356 (594.5)
denovo252 B122_EU074871 355 (592.0)
denovo252 B124_EU074874 356 (585.5)
denovo252 B1.VII_Green2014 356 (515.5)
denovo252 B1.III_Green2014 355 (583.0)
denovo252 B1.I_Green2014 356 (594.5)
denovo252 B1.II_Green2014 356 (594.5)
denovo252 B1_JN558057 356 (594.5)
denovo252 B1_AF333511 356 (594.5)
denovo252 B1.IV_Green2014 357 (607.0)
denovo252 B121_EU074870 356 (594.5)
denovo252 B7_AF499784 356 (594.5)
denovo252 B1.VI_Green2014 349 (575.0)
denovo252 B3_AF333514 357 (593.5)
denovo252 B9_AF499786 349 (553.0)
denovo252 B19a_JN558055 343 (571.5)
denovo252 B119_EU099825 357 (583.5)
denovo252 B21_DQ865213 348 (582.5)
denovo252 B38_GU907651 348 (582.5)
denovo252 B18_AY258471 348 (586.5)
denovo252 B18a_AY258472 348 (586.5)
denovo252 B33_GU907648 357 (584.5)
denovo252 B6_AF499783 354 (568.5)
denovo252 B19_DQ865212 349 (580.0)
denovo252 B19_GU907641 349 (580.0)
denovo252 B2_AF333512 356 (582.5)
denovo252 B2_JN558060 356 (582.5)
denovo252 C33.1_AY258498 335 (581.5)
denovo252 C33.2_AY765400 335 (581.5)
denovo252 C33a_EF541147 335 (581.5)
denovo252 C34_AY258499 335 (581.5)
denovo252 C78_AY765413 349 (550.5)
denovo252 C15.29_KC597690 330 (529.5)
denovo252 C1131_DQ182650 331 (506.0)
denovo252 C1135_DQ182646 331 (506.0)
denovo252 C1134_DQ182647 331 (496.5)
denovo252 C1142_DQ182635 331 (497.0)
denovo252 C1136_DQ182644 327 (492.0)
denovo252 C1111_DQ182645 329 (507.0)
denovo252 C1236_EF473656 329 (489.0)
denovo252 C1138_DQ182642 336 (499.5)
denovo252 C1137_DQ182643 338 (497.5)
denovo252 C1133_DQ182648 329 (498.0)
denovo252 C1132_DQ182649 329 (489.0)
denovo252 C1143_DQ182634 329 (498.0)
denovo252 C1139_DQ182639 334 (505.5)
denovo252 C15.28_KC597687 334 (569.5)
denovo252 C1141_DQ182636 334 (514.5)
denovo252 C1144_DQ182637 334 (523.5)
denovo252 C1122_DQ182654 330 (512.0)
denovo252 C1127_DQ182652 334 (514.5)
denovo252 C15.30_JX394114 327 (550.0)
denovo252 C15.26_KC597686 332 (554.0)
denovo252 C1086_DQ182656 325 (561.5)
denovo252 C15.25_KC597685 325 (570.5)
denovo252 C1118_AF180127 333 (546.0)
denovo252 C1129_DQ182651 334 (514.5)
denovo252 C15.21_KC597683 338 (554.5)
denovo252 C56_AY589760 330 (549.0)
denovo252 C1140_DQ182638 330 (530.0)
denovo252 C1126_DQ182653 330 (521.0)
denovo252 C15c_AY258492 330 (576.0)
denovo252 C15d_AY258493 331 (569.5)
denovo252 C1098_DQ182641 334 (558.0)
denovo252 C15.27_KC597689 338 (554.0)
denovo252 C15.18_HE579024 330 (558.0)
denovo252 C15.16_HE579022 333 (576.0)
denovo252 C1101_AB253787 330 (549.0)
denovo252 C1083_AY237300 330 (567.0)
denovo252 C1088_DQ182640 330 (576.0)
denovo252 C15.6_FN563472 330 (558.0)
denovo252 C15.5_FJ461512 336 (557.5)
denovo252 C15.4_FJ461511 330 (558.0)
denovo252 C15.13_HE579019 330 (549.0)
denovo252 C15.12_HE579018 330 (558.0)
denovo252 C93a_AM748563 330 (576.0)
denovo252 C1094_AJ291514 330 (558.0)
denovo252 C93_AM748562 330 (567.0)
denovo252 C15.17_HE579023 335 (567.0)
denovo252 C15e_AY589742 330 (561.0)
denovo252 C15.22_KC597695 331 (561.0)
denovo252 C60_AY589764 330 (567.0)
denovo252 C15.1_FJ461508 336 (566.5)
denovo252 C15.2_FJ461509 330 (558.0)
denovo252 C15.9_FN563475 329 (573.0)
denovo252 C15.7_HE579015 330 (576.0)
denovo252 C15.8_HE579016 330 (558.0)
denovo252 C15.15_HE579021 330 (558.0)
denovo252 C15.19_HE579025 324 (567.5)
denovo252 C15.24_KC597696 330 (567.0)
denovo252 C15.3_FJ461510 330 (558.0)
denovo252 C1087_DQ182655 330 (567.0)
denovo252 C15.14_HE579020 348 (562.0)
denovo252 C15.23_KC597697 348 (562.0)
denovo252 C19_AY258479 342 (569.5)
denovo252 C1233_EU118166 330 (558.0)
denovo252 C15b_AY258491 330 (558.0)
denovo252 C15a_AY258476 330 (567.0)
denovo252 C1051_AF195153 330 (576.0)
denovo252 C2_AF333518 334 (575.0)
denovo252 C15.20_HE579026 339 (563.5)
denovo252 C15f_AY589743 331 (566.0)
denovo252 C55_AY589759 330 (562.0)
denovo252 C15_AY239369 330 (567.0)
denovo252 C32.1_JF683335 349 (585.0)
denovo252 C32.2_JF683336 350 (569.5)
denovo252 C21.23_KC597693 350 (569.5)
denovo252 C1193_EU099827 341 (559.5)
denovo252 C1195_EU099821 351 (545.0)
denovo252 C3q_GU907655 339 (559.0)
denovo252 C53_AY589758 340 (542.0)
denovo252 C73_AY765408 347 (550.0)
denovo252 C17.2.1_KC597684 338 (559.5)
denovo252 C32_AY258497 340 (575.0)
denovo252 C1189_EU099831 341 (560.0)
denovo252 C1191_EU099833 341 (551.0)
denovo252 C1196_EU099819 341 (569.0)
denovo252 C1192_EU099820 341 (560.0)
denovo252 C17.1_JF683322 334 (567.0)
denovo252 C26_b2_FN827164 341 (575.0)
denovo252 C26_b3_FN827165 342 (550.5)
denovo252 C31.9_HQ630879 341 (559.0)
denovo252 C31a_AY589746 342 (558.5)
denovo252 C30_AY589745 342 (558.5)
denovo252 C31.1_HQ630876 342 (567.5)
denovo252 C31.5_HQ630877 342 (567.5)
denovo252 C31.6_HQ630878 342 (567.5)
denovo252 C31.2_JF683332 337 (571.0)
denovo252 C31.3_JF683333 342 (576.5)
denovo252 C26/C35a_AY239378 342 (559.5)
denovo252 C35a_AY258501 342 (559.5)
denovo252 C35.2_AY258500 342 (568.5)
denovo252 C26_b1_FN827163 342 (568.5)
denovo252 C17_AY239370 341 (569.0)
denovo252 C17.2_FJ461513 340 (568.5)
denovo252 C31.10_HQ630880 341 (568.0)
denovo252 C31.4_JF683334 346 (556.0)
denovo252 C31_AY258496 342 (567.5)
denovo252 C25_AY239377 337 (554.0)
denovo252 C61_AY589765 354 (540.5)
denovo252 C1043_DQ072721 342 (533.0)
denovo252 C79_AY765414 341 (554.5)
denovo252 C69_AY589773 329 (556.5)
denovo252 C69a_AY686648 329 (547.5)
denovo252 C21.22_KC597692 352 (583.5)
denovo252 C51_AY589756 344 (544.5)
denovo252 C1aa_HM185739 342 (576.5)
denovo252 C1096_DQ068023 342 (537.0)
denovo252 C74_AY765409 347 (549.0)
denovo252 C1185_AB294629 347 (567.0)
denovo252 C1184_AB294630 347 (558.0)
denovo252 C1153_AB294625 348 (569.5)
denovo252 C1154_AB294626 347 (558.0)
denovo252 C1187_AB294627 347 (558.0)
denovo252 C1186_AB294628 347 (567.0)
denovo252 C57_AY589761 350 (567.5)
denovo252 C66_AY589771 347 (567.0)
denovo252 C5_AF499795 350 (563.5)
denovo252 C1167_AB294586 344 (580.5)
denovo252 C1164_AB294593 345 (566.0)
denovo252 C1183_AB294631 339 (566.5)
denovo252 C1067_DQ335381 342 (557.0)
denovo252 C1159_AB294613 341 (578.0)
denovo252 C1150_AB294622 340 (584.0)
denovo252 C90_AM748554 341 (575.5)
denovo252 C1168_AB294583 340 (560.5)
denovo252 C1156_AB294616 340 (568.5)
denovo252 C1151_AB294621 340 (569.5)
denovo252 C92a_AM748561 340 (578.5)
denovo252 C92_AM748560 340 (569.5)
denovo252 C1165_AB294581 342 (566.5)
denovo252 C1166_AB294584 342 (584.5)
denovo252 C1162_AB294594 342 (566.5)
denovo252 C1163_AB294596 342 (575.5)
denovo252 C1161_AB294606 342 (566.5)
denovo252 C1160_AB294608 341 (581.0)
denovo252 C1158_AB294614 342 (584.5)
denovo252 C1155_AB294617 342 (566.5)
denovo252 C1149_AB294620 341 (581.5)
denovo252 C1173_AB294662 342 (575.0)
denovo252 C1171_AB294663 342 (566.5)
denovo252 C1172_AB294665 342 (566.5)
denovo252 C91a_AM748556 343 (579.0)
denovo252 C91b_AM748557 341 (582.0)
denovo252 C91d_AM748559 342 (575.5)
denovo252 C91c_AM748558 337 (579.0)
denovo252 C91_AJ621543 342 (575.5)
denovo252 C91_AM748555 342 (575.5)
denovo252 C1023_DQ335330 319 (505.5)
denovo252 C1020_DQ335392 342 (566.0)
denovo252 C1018_DQ335408 350 (572.0)
denovo252 C1074_DQ335329 342 (566.0)
denovo252 C1030_DQ335353 342 (566.0)
denovo252 C1022_DQ335331 342 (566.0)
denovo252 C1027_DQ335360 342 (575.0)
denovo252 C1072_DQ335344 342 (566.0)
denovo252 C1039_AB190274 346 (569.0)
denovo252 C1033_DQ335350 347 (563.5)
denovo252 C1019_DQ335407 342 (575.0)
denovo252 C1194_EU099826 339 (569.0)
denovo252 C8b_AY258475 335 (558.0)
denovo252 C8_AY239367 336 (566.5)
denovo252 C8a_AY239368 336 (557.5)
denovo252 C54a_AY765406 342 (556.5)
denovo252 C3ff_HM185740 342 (565.5)
denovo252 C59_AY589763 344 (564.0)
denovo252 C3k_AY589737 339 (557.0)
denovo252 C3.24_HE579012 339 (548.0)
denovo252 C3.23_HE579011 339 (557.0)
denovo252 C35.1_AY765401 333 (567.0)
denovo252 C35.3_EF541145 333 (567.0)
denovo252 C76_AY765411 335 (561.0)
denovo252 C1107_DQ335359 337 (546.0)
denovo252 C3.22_HE579010 348 (557.5)
denovo252 C77_AY765412 336 (563.0)
denovo252 C20_AY239371 342 (566.5)
denovo252 C1055_DQ480640 343 (565.5)
denovo252 C27/C30_AY239379 340 (581.0)
denovo252 C27.1_FJ461517 340 (572.0)
denovo252 C40a_AY589747 343 (569.0)
denovo252 C40_AY258485 342 (566.0)
denovo252 C40b_AY589748 335 (569.5)
denovo252 C16_AY258477 342 (566.0)
denovo252 C16a_AY765399 342 (557.0)
denovo252 C1091_AB207186 339 (567.0)
denovo252 C1102_DQ335400 335 (555.0)
denovo252 C1069_DQ335375 335 (563.5)
denovo252 C1073_DQ335332 335 (581.5)
denovo252 C1066_DQ335382 330 (585.0)
denovo252 C1031_DQ335352 338 (573.0)
denovo252 C1026_DQ335366 345 (566.0)
denovo252 C70_AY589774 335 (582.0)
denovo252 C1082_AB190267 336 (575.5)
denovo252 C1078_AB190271 335 (573.0)
denovo252 C1090_AB207191 335 (573.0)
denovo252 C1071_DQ335302 333 (576.0)
denovo252 C1075_DQ335328 333 (576.0)
denovo252 C1068_DQ335379 335 (564.0)
denovo252 C1064_DQ335395 335 (573.0)
denovo252 C1063_DQ335403 335 (582.0)
denovo252 C62_AY589766 335 (573.0)
denovo252 C1077_DQ335316 336 (572.5)
denovo252 C1109_DQ335338 335 (564.0)
denovo252 C1110_DQ335340 335 (555.0)
denovo252 C1106_DQ335339 339 (549.0)
denovo252 C1112_DQ335319 339 (558.0)
denovo252 C1108_DQ335351 339 (549.0)
denovo252 C1105_DQ335394 339 (558.0)
denovo252 C1121_DQ335378 339 (549.0)
denovo252 C1116_AB190268 335 (564.0)
denovo252 C1115_AB190273 339 (558.0)
denovo252 C1124_DQ335323 339 (540.0)
denovo252 C1120_DQ335398 339 (558.0)
denovo252 C1119_DQ335404 335 (555.5)
denovo252 C1123_DQ335363 339 (549.0)
denovo252 C1004_DQ480635 336 (567.0)
denovo252 C1061_AY186568 336 (558.0)
denovo252 C1053_AY186569 336 (558.0)
denovo252 C1003_DQ480639 336 (567.0)
denovo252 C81_GU907657 331 (543.5)
denovo252 C22_AY239373 338 (553.5)
denovo252 C22a_AY239374 337 (550.5)
denovo252 C1232_EU118163 342 (566.0)
denovo252 C21.13_FJ461515 336 (554.5)
denovo252 C21.1_JF683323 341 (551.0)
denovo252 C21.3_JF683325 342 (562.5)
denovo252 C1.20_HE578993 342 (592.5)
denovo252 C1.22_HE578995 342 (583.5)
denovo252 C52_AY589757 340 (564.5)
denovo252 C1201_EU099793 344 (550.0)
denovo252 C14_AY589741 341 (575.0)
denovo252 C43_AY589749 336 (566.0)
denovo252 C50_AY589755 342 (557.0)
denovo252 C3.14_HQ630872 335 (573.0)
denovo252 C1m_AY765398 336 (576.0)
denovo252 C82_GU907658 335 (591.0)
denovo252 C82b_GU907660 335 (591.0)
denovo252 C64_AY589768 336 (575.5)
denovo252 C45a_AY765404 337 (560.0)
denovo252 C48_AY589753 347 (565.0)
denovo252 C1_v1b_FJ919244 342 (575.0)
denovo252 C1_v1a_FJ919243 342 (566.0)
denovo252 C3j_AY239366 342 (557.0)
denovo252 C3t_EF541149 345 (573.5)
denovo252 C9_AF499798 338 (580.0)
denovo252 C23_AY239375 339 (575.0)
denovo252 C37_AY258481 334 (570.0)
denovo252 C1048_DQ068026 341 (564.0)
denovo252 C21.4_JF683326 349 (566.0)
denovo252 C21.5_JF683327 341 (569.0)
denovo252 C1070_DQ335349 342 (575.0)
denovo252 C21.6_HQ630873 341 (587.0)
denovo252 C1224_EU074890 341 (572.5)
denovo252 C1.17_HE578990 341 (572.5)
denovo252 C21_b1_FN827162 329 (561.0)
denovo252 C21.9_JF683330 329 (570.0)
denovo252 C1085_AY624605 335 (572.5)
denovo252 C3p_GU907654 341 (548.5)
denovo252 C3f_AY589734 341 (572.5)
denovo252 C65a_AY589770 350 (563.0)
denovo252 C65_AY589769 350 (572.0)
denovo252 C71_AY589775 350 (563.0)
denovo252 C71a_AY589776 351 (557.0)
denovo252 C1178_AB294647 349 (554.0)
denovo252 C1225_EU074893 348 (565.5)
denovo252 C75_AY765410 341 (581.0)
denovo252 C21.10_JF683331 349 (575.0)
denovo252 C21.11_HQ630874 341 (578.0)
denovo252 C1065_DQ335388 342 (566.0)
denovo252 C1045_DQ068036 342 (575.0)
denovo252 C1h_AY258473 335 (582.0)
denovo252 C38_AY258482 335 (582.0)
denovo252 C1202_EU099799 335 (573.0)
denovo252 C7_AF499797 335 (582.0)
denovo252 C12_AF499801 337 (571.5)
denovo252 C38a_AY258483 335 (587.0)
denovo252 C1200_EU099800 329 (581.5)
denovo252 C44a_AY589751 337 (560.0)
denovo252 C47_AY589752 344 (571.5)
denovo252 C44_AY589750 337 (569.0)
denovo252 C1.15_HE578988 348 (574.5)
denovo252 C45.3_FJ461522 342 (575.0)
denovo252 C46a_AY765405 342 (575.0)
denovo252 C46_EU449108 336 (575.5)
denovo252 C3.12_FJ461507 336 (575.5)
denovo252 C1k_AY589733 336 (575.5)
denovo252 C67_AY686647 341 (581.0)
denovo252 C82a_GU907659 336 (584.5)
denovo252 C10a_AY589739 343 (578.0)
denovo252 C10_AF499799 336 (575.5)
denovo252 C13_AY589740 342 (572.5)
denovo252 C4_AF499794 336 (566.5)
denovo252 C1147_EF656433 342 (575.0)
denovo252 C1c/C45_AY239364 336 (575.5)
denovo252 C1c/C45_EU449103 336 (575.5)
denovo252 C21.19_HE579031 342 (572.0)
denovo252 C21.21_HE579033 343 (556.5)
denovo252 C21.20_HE579032 343 (565.5)
denovo252 C42b_AY765403 336 (557.0)
denovo252 C42_AY258487 336 (566.0)
denovo252 C1p_GU907652 342 (566.0)
denovo252 C1d_AY258488 336 (557.5)
denovo252 C42_AY765402 336 (566.5)
denovo252 C3ha_AY589736 336 (581.5)
denovo252 C63a_AY589767 333 (575.0)
denovo252 C21a_AY589744 341 (578.0)
denovo252 C3o_GU907653 335 (578.0)
denovo252 C21.16_HQ630875 341 (587.0)
denovo252 C21.2_JF683324 341 (587.0)
denovo252 C21.7_JF683328 341 (569.0)
denovo252 C21.8_JF683329 340 (575.0)
denovo252 C3h_AY239365 341 (569.0)
denovo252 C1203_EU099798 341 (569.0)
denovo252 C3.10_FJ461505 342 (584.0)
denovo252 C21.14_FJ461516 341 (587.0)
denovo252 C21.18_HE579030 344 (566.0)
denovo252 C3.17_HE579005 342 (566.0)
denovo252 C3.9_FJ461504 342 (582.0)
denovo252 C3.8_FJ461503 342 (584.0)
denovo252 C3.7_FJ461502 342 (566.0)
denovo252 C3.11_FJ461506 345 (566.0)
denovo252 C3.18_HE579006 342 (566.0)
denovo252 C3.19_HE579007 345 (574.5)
denovo252 C3.20_HE579008 342 (566.0)
denovo252 C3g_AY589735 344 (574.0)
denovo252 C3a_AF499790 342 (566.0)
denovo252 C3e_AF499793 342 (566.0)
denovo252 C6_AF499796 342 (575.0)
denovo252 C11_AF499800 342 (566.0)
denovo252 C36_AY258480 344 (580.0)
denovo252 C29_AY258494 342 (575.0)
denovo252 C1146_EF656434 342 (575.0)
denovo252 C1190_EU099841 342 (584.0)
denovo252 C131_JF320826 342 (566.0)
denovo252 C28_AY239380 344 (582.5)
denovo252 C1012_DQ480604 342 (575.0)
denovo252 C1181_AB294640 349 (563.0)
denovo252 C1180_AB294641 349 (581.0)
denovo252 C1179_AB294645 357 (569.0)
denovo252 C1176_AB294651 349 (563.0)
denovo252 C1175_AB294653 349 (572.0)
denovo252 C1174_AB294655 342 (570.0)
denovo252 C1177_AB294659 349 (581.0)
denovo252 C1040_AB190269 342 (575.5)
denovo252 C1182_AB294649 342 (566.0)
denovo252 C1089_AJ278598 342 (566.0)
denovo252 C1028_DQ335357 342 (575.0)
denovo252 C3.16_EU786015 342 (584.0)
denovo252 C1097_AJ311943 343 (565.0)
denovo252 C1170_AB294661 355 (571.5)
denovo252 C21.17_HE579029 343 (577.0)
denovo252 C21/3d/C3k_AY239372 341 (578.0)
denovo252 C58_AY589762 335 (575.5)
denovo252 C3L_AY589738 340 (575.5)
denovo252 C1169_AB294660 349 (572.0)
denovo252 C3.2_FJ461497 341 (575.5)
denovo252 C3.1_JF683321 336 (570.0)
denovo252 C1104_AF427469 343 (565.0)
denovo252 C3b_AF499791 340 (573.0)
denovo252 C83_GU907661 343 (580.0)
denovo252 C49_AY589754 370 (595.5)
denovo252 C3_AB778606 342 (575.0)
denovo252 C3_AF499789 342 (575.0)
denovo252 C3_HE579001 342 (575.0)
denovo252 C21.12_FJ461514 341 (560.0)
denovo252 C1229_EU074888 334 (565.5)
denovo252 C1230_EU074889 334 (574.5)
denovo252 C1114_AB207196 342 (557.0)
denovo252 C3.21_HE579009 335 (513.0)
denovo252 C1057_DQ480619 347 (563.5)
denovo252 C72_AY765407 330 (566.5)
denovo252 C1b.3_HE578999 341 (566.5)
denovo252 C93_AJ621536 342 (566.0)
denovo252 C94_AJ621539 342 (566.0)
denovo252 C1g_AY589730 342 (584.0)
denovo252 C1i_AY589731 335 (582.0)
denovo252 C1j_AY589732 342 (575.0)
denovo252 C1005_DQ480633 342 (575.0)
denovo252 C1.7_FJ461494 342 (575.0)
denovo252 C1.11_HE578984 343 (577.5)
denovo252 C1.12_HE578985 344 (580.5)
denovo252 C1.13_HE578986 340 (578.0)
denovo252 C1.14_HE578987 342 (566.0)
denovo252 C1.18_HE578991 342 (566.0)
denovo252 C1.19_HE578992 342 (566.0)
denovo252 C1199_EU099802 343 (553.5)
denovo252 C1188_EU099838 343 (568.5)
denovo252 C1002_DQ838544 343 (568.5)
denovo252 C1198_EU099810 342 (584.0)
denovo252 C24_AY239376 342 (566.0)
denovo252 C1f_AY258490 343 (578.0)
denovo252 C1006_DQ480629 335 (573.0)
denovo252 C1010_DQ480607 342 (575.0)
denovo252 C1007_DQ480624 342 (557.0)
denovo252 C1011_DQ480605 335 (582.0)
denovo252 C1009_DQ480608 340 (569.0)
denovo252 C1041_AY186548 342 (575.0)
denovo252 C1052_AY186570 342 (566.0)
denovo252 C1148_EU040178 343 (568.5)
denovo252 C1234_EU118165 344 (558.5)
denovo252 C1.5_EF634157 347 (572.0)
denovo252 C1059_DQ480609 342 (566.0)
denovo252 C1228_EU074883 335 (573.0)
denovo252 C1208_EU074963 349 (568.5)
denovo252 C1207_EU074964 342 (575.0)
denovo252 C1206_EU074965 342 (566.5)
denovo252 C1013_DQ480642 342 (557.0)
denovo252 C80_GU907656 351 (575.0)
denovo252 C1a_AF499788 342 (575.0)
denovo252 C41_AY258486 342 (575.0)
denovo252 C39_AY258484 333 (571.5)
denovo252 C1231_EU074878 342 (566.0)
denovo252 C1b.1_HE578997 341 (566.5)
denovo252 C18_AY258478 342 (566.0)
denovo252 C1.10_HE578983 339 (564.0)
denovo252 C1_JN558041 342 (575.0)
denovo252 C1_HE578979 342 (575.0)
denovo252 C1_AM748551 342 (575.0)
denovo252 C1_AF333515 342 (575.0)
denovo252 C1054_AY186565 342 (581.0)
denovo252 C1008_DQ480613 342 (566.0)
denovo252 C1103_AF427470 343 (565.0)
denovo252 C1226_EU074881 343 (565.0)
denovo252 C1b/C1e_AY239363 341 (575.5)
denovo252 C1044_DQ068038 342 (560.0)
denovo252 C1017_DQ174729 342 (565.5)
denovo252 C1.6_FJ461493 342 (584.0)
denovo252 C1b.2_HE578998 341 (566.5)
denovo252 C1060_DQ480600 342 (566.0)
denovo252 C1227_EU074882 342 (566.0)
denovo252 C1197_EU099814 342 (566.0)
denovo252 C1130_DQ480643 342 (468.5)
denovo252 D109_AB097465 298 (1217.5)
denovo252 D1.11_HE579040 298 (1247.0)
denovo252 D105_AF174570 298 (1247.0)
denovo252 D104_AF174572 298 (1256.0)
denovo252 D1.3_JF683337 298 (1247.0)
denovo252 D1.10_HE579039 298 (1256.0)
denovo252 D110_AF174561 298 (1256.0)
denovo252 D117_AF174542 298 (1256.0)
denovo252 D114_AF174549 298 (1256.0)
denovo252 D113_AF174557 298 (1265.0)
denovo252 D112_AF174558 298 (1265.0)
denovo252 D106_AF174559 298 (1256.0)
denovo252 D111_AF174560 298 (1256.0)
denovo252 D115_AF174562 298 (1256.0)
denovo252 D107_AF174568 298 (1256.0)
denovo252 D116_AF174571 298 (1247.0)
denovo252 D124_EU074897 298 (1256.0)
denovo252 D1.8_HE579037 298 (1256.0)
denovo252 D3_AY686650 298 (1256.0)
denovo252 D1.6_HQ630881 298 (1256.0)
denovo252 D120_EU074900 298 (1265.0)
denovo252 D121_EU074904 298 (1256.0)
denovo252 D122_EU074905 298 (1256.0)
denovo252 D1a.2_JF683339 300 (1254.5)
denovo252 D1a.1_JF683338 298 (1265.0)
denovo252 D2_AY686649 543 (1284.0)
denovo252 D4_DQ865214 299 (1264.0)
denovo252 D1a_AF499802 298 (1274.0)
denovo252 D1a_JN558078 298 (1274.0)
denovo252 D123_EU074895 298 (1256.0)
denovo252 D108_AF174567 298 (1256.0)
denovo252 D103_AF174575 298 (1256.0)
denovo252 D100_AF411415 304 (1210.0)
denovo252 D118_EF656435 298 (1256.0)
denovo252 D101_AF411416 304 (1195.0)
denovo252 D119_EU099832 301 (1220.0)
denovo252 D102_AF174573 298 (1250.0)
denovo252 D1_AF334660 298 (1265.0)
denovo252 D1_JN558076 298 (1265.0)
denovo252 D1.12_HE579041 298 (1121.5)
denovo252 D1.1_AM748564 430 (573.0)
denovo252 D1.2_AM748617 425 (564.0)
denovo252 E111_EU074915 351 (425.5)
denovo252 E110_EU074914 352 (446.5)
denovo252 E114_EU074909 362 (424.0)
denovo252 E1_AF334659 353 (427.5)
denovo252 E105_EU074921 352 (437.5)
denovo252 E112_EU074916 352 (428.5)
denovo252 E104_EU074922 350 (440.0)
denovo252 E102_EU074924 352 (428.5)
denovo252 E103_EU074923 352 (437.5)
denovo252 E101_AY160123 354 (431.0)
denovo252 E109_EU074913 343 (438.5)
denovo252 E100_DQ011618 347 (448.5)
denovo252 E108_EU074912 349 (454.5)
denovo252 E113_EU074908 347 (443.5)
denovo252 E107_EU074910 349 (445.5)
denovo252 F1_JN558066 329 (644.5)
denovo252 F5.2d_AJ291530 327 (638.5)
denovo252 F104_AJ291531 327 (638.5)
denovo252 F5.2c_AM748596 329 (635.0)
denovo252 F5.2_AM748594 327 (648.0)
denovo252 F5.2a_AM748614 327 (648.0)
denovo252 F5.2b_AM748595 327 (639.0)
denovo252 F5.2e_AJ291533 328 (616.5)
denovo252 F5.2g_JN558072 328 (633.0)
denovo252 F5.2f_AJ291512 331 (622.5)
denovo252 F102_AJ291534 328 (633.0)
denovo252 F5.1c_AM748593 332 (635.5)
denovo252 F5.1d_JN558069 330 (629.5)
denovo252 F5.1b_AJ291535 334 (623.0)
denovo252 F5.1_AM748592 331 (633.0)
denovo252 F5.1a_AM748591 330 (630.0)
denovo252 F110_AJ291526 346 (651.0)
denovo252 F4.7_AM748587 345 (642.5)
denovo252 F4.5_AM748585 330 (639.5)
denovo252 F4.4a_AM748583 327 (669.0)
denovo252 F4.4_AM748582 323 (680.0)
denovo252 F4.4b_AM748584 326 (662.5)
denovo252 F4.1a_AM748573 348 (621.5)
denovo252 F112_AJ291528 336 (631.0)
denovo252 F4.1_AM748572 336 (631.0)
denovo252 F4.8b_AM748590 334 (641.0)
denovo252 F4.8_AM748588 341 (634.5)
denovo252 F4.8a_AM748589 332 (635.5)
denovo252 F109_AJ291527 336 (643.5)
denovo252 F4.6_AM748586 333 (649.0)
denovo252 F111_AJ311949 339 (650.5)
denovo252 F4.3c_AM748581 337 (648.5)
denovo252 F4.3a_AM748579 338 (641.5)
denovo252 F4.3b_AM748580 338 (643.0)
denovo252 F4.3_AM748578 337 (648.5)
denovo252 F4.2_AM748574 334 (651.5)
denovo252 F4.2a_AM748575 338 (647.0)
denovo252 F4.2c_AM748577 337 (650.5)
denovo252 F4.2b_AM748576 335 (648.0)
denovo252 F2b_AJ291521 333 (645.5)
denovo252 F2_AJ830908 321 (637.5)
denovo252 F2a_AJ830911 321 (642.5)
denovo252 F3.1a_AM748566 343 (635.0)
denovo252 F114_AJ291525 335 (639.0)
denovo252 F3.1_AM748565 335 (639.0)
denovo252 F3.2_AM748567 334 (661.5)
denovo252 F3.2a_AM748568 329 (664.5)
denovo252 F3.3_AM748569 347 (642.0)
denovo252 F3.4a_AM748571 341 (631.0)
denovo252 F3.4_AM748570 340 (619.0)
denovo252 F3.4b_AM748616 342 (616.5)
denovo252 G101_AJ291539 357 (566.0)
denovo252 G1_AM748597 357 (566.0)
denovo252 G2b_JN558087 369 (550.0)
denovo252 G2_AM748598 369 (559.0)
denovo252 G2a_AM748599 371 (556.0)
denovo252 G4_AM748601 343 (578.0)
denovo252 G3.4_LK392378 343 (576.5)
denovo252 G3_AM748600 343 (594.0)
denovo252 G3.2_KC597694 353 (476.5)
denovo252 G3.1_KC597688 351 (554.5)
denovo252 G100_AB253788 353 (552.0)
denovo252 G3.3_LK392377 353 (561.0)
denovo252 H6_AJ291520 625 (304.5)
denovo252 H3_AM748606 344 (454.5)
denovo252 H2_AM748605 348 (455.5)
denovo252 H4_AM748607 341 (457.0)
denovo252 H4a_AM748608 357 (457.5)
denovo252 H5a_AM748611 345 (469.0)
denovo252 H5b_AM748610 351 (467.0)
denovo252 H5_AJ621129 347 (474.5)
denovo252 H5_AM748609 347 (474.5)
denovo252 H100_AJ291513 345 (458.0)
denovo252 H1b_AM748604 349 (463.5)
denovo252 H1a_AM748612 348 (451.0)
denovo252 H1_AJ621152 347 (458.0)
denovo252 H1_AM748602 347 (458.0)
denovo252 I3_FN561561 340 (649.0)
denovo252 I4_FN561562 342 (645.0)
denovo252 I1_FN561559 338 (661.5)
denovo252 I2_FN561560 338 (652.5)

#---------------------------------------
#---------------------------------------
