denovo19 A136_DQ865210 328 (526.5)
denovo19 A133_DQ174725 358 (497.0)
denovo19 A115_AF180123 341 (487.0)
denovo19 A117_AF201746 340 (508.5)
denovo19 A134_DQ174723 338 (511.5)
denovo19 A114_AF184941 340 (508.0)
denovo19 A135_DQ174727 355 (508.5)
denovo19 A2_AF333506 350 (507.5)
denovo19 A101_AF427468 355 (499.5)
denovo19 A2_1_JN558097 355 (499.5)
denovo19 A2_2_JN558100 355 (499.5)
denovo19 A113_AF184948 338 (523.5)
denovo19 A112_AF184949 338 (496.5)
denovo19 A123_EF378618 348 (330.0)
denovo19 A137_EF378621 353 (326.0)
denovo19 A11_EU449041 346 (529.5)
denovo19 A121_DQ174722 343 (515.5)
denovo19 A15b_EU792886 348 (497.5)
denovo19 A15a_EU792885 348 (497.0)
denovo19 A15c_EU792887 348 (488.0)
denovo19 A15_EU792884 348 (488.5)
denovo19 A147_EU074937 346 (510.0)
denovo19 A154_EU074860 346 (510.0)
denovo19 A146_EU074936 347 (503.0)
denovo19 A150_EU074928 347 (512.0)
denovo19 A116_AF183575 347 (503.0)
denovo19 A141_EU074931 347 (512.0)
denovo19 A5_AF333508 341 (527.0)
denovo19 A3b_EU449043 346 (519.0)
denovo19 A151_EU074925 346 (509.0)
denovo19 A152_EU074927 346 (501.5)
denovo19 A149_EU074929 346 (510.0)
denovo19 A140_EU074930 346 (501.0)
denovo19 A142_EU074932 346 (501.0)
denovo19 A143_EU074933 349 (510.0)
denovo19 A144_EU074934 346 (501.0)
denovo19 A145_EU074935 349 (509.0)
denovo19 A148_EU074938 346 (501.0)
denovo19 A155_EU074856 346 (501.0)
denovo19 A156_EU074859 346 (501.0)
denovo19 A139_EU074962 346 (501.0)
denovo19 A6_AF186058 346 (510.0)
denovo19 A3_AF333507 346 (510.0)
denovo19 A3_JN558091 346 (510.0)
denovo19 A8_AY258468 348 (487.5)
denovo19 A7_AY239360 348 (497.0)
denovo19 A16_EU792888 348 (506.0)
denovo19 A4.3_FN429763 353 (490.5)
denovo19 A120_AF180122 345 (486.0)
denovo19 A4.2_FN429761 351 (481.5)
denovo19 A4_AF333509 351 (509.5)
denovo19 A4.1_FN429760 350 (504.5)
denovo19 A4a_AF499778 350 (516.5)
denovo19 A4a.1_FN429762 350 (516.5)
denovo19 A138_EF378620 353 (453.0)
denovo19 A122_EF378619 352 (490.0)
denovo19 A126_EF378615 351 (491.0)
denovo19 A10_EU792882 351 (491.0)
denovo19 A9_EU449028 344 (499.0)
denovo19 A105_AB207202 345 (510.0)
denovo19 A119_AF180121 343 (494.5)
denovo19 A12_EU792883 349 (504.0)
denovo19 A104_AB207203 343 (514.0)
denovo19 A1a_EU449030 347 (516.0)
denovo19 A1.3_HE578976 349 (503.5)
denovo19 A1.4_HE578977 349 (512.5)
denovo19 A13_AF333504 349 (511.5)
denovo19 A13_JN558094 349 (511.5)
denovo19 A110_AB190282 351 (499.5)
denovo19 A103_AB207206 351 (509.5)
denovo19 A130_EF656428 351 (508.5)
denovo19 A127_EF656429 351 (517.5)
denovo19 A128_EF656430 351 (499.5)
denovo19 A129_EF656431 352 (511.0)
denovo19 A131_EF656432 349 (512.5)
denovo19 A118_AF180120 347 (499.5)
denovo19 A1_AF333505 351 (508.5)
denovo19 A107_AB207199 350 (515.0)
denovo19 A111_AB190280 350 (515.0)
denovo19 A108_AB207197 357 (494.0)
denovo19 A106_AB207200 350 (514.5)
denovo19 A102_AB207209 350 (515.0)
denovo19 A1.2_AB207210 350 (515.0)
denovo19 A109_AB190285 350 (514.5)
denovo19 B4_AF333510 321 (1148.5)
denovo19 B23_EU449079 307 (1276.5)
denovo19 B30_GU907644 307 (1258.5)
denovo19 B11_AY239361 308 (1370.5)
denovo19 B17_AY258470 306 (1390.0)
denovo19 B1k_GU907638 308 (705.5)
denovo19 B1.V_Green2014 313 (1347.5)
denovo19 B1b_AF499780 306 (1321.5)
denovo19 B16_AY258469 306 (1399.0)
denovo19 B31a_GU907646 306 (1399.0)
denovo19 B32_GU907647 306 (1399.0)
denovo19 B31_GU907645 306 (1408.0)
denovo19 B1j_GU907637 306 (1408.0)
denovo19 B37_GU907650 308 (1406.5)
denovo19 B5a_AF499782 306 (1399.0)
denovo19 B5_AF499781 306 (1408.0)
denovo19 B24_GU907643 306 (1239.0)
denovo19 B117_AF180124 306 (1290.5)
denovo19 B10_AF499787 306 (1399.0)
denovo19 B20_GU907642 308 (1382.5)
denovo19 B1m_GU907640 306 (1408.0)
denovo19 B34_GU907649 306 (1408.0)
denovo19 B1d_GU907633 306 (1408.0)
denovo19 B1e_GU907634 306 (1408.0)
denovo19 B1i_GU907636 306 (1408.0)
denovo19 B1g_GU907635 307 (1389.0)
denovo19 B123_EU074872 306 (1399.0)
denovo19 B8_AF499785 307 (1398.0)
denovo19 B1l_GU907639 306 (1408.0)
denovo19 B1a_AF499779 306 (1408.0)
denovo19 B14_AY239362 307 (1398.0)
denovo19 B125_EU074865 306 (1408.0)
denovo19 B122_EU074871 306 (1408.0)
denovo19 B124_EU074874 306 (1408.0)
denovo19 B1.VII_Green2014 306 (1338.0)
denovo19 B1.III_Green2014 306 (1336.0)
denovo19 B1.I_Green2014 306 (1417.0)
denovo19 B1.II_Green2014 306 (1417.0)
denovo19 B1_JN558057 306 (1417.0)
denovo19 B1_AF333511 306 (1417.0)
denovo19 B1.IV_Green2014 316 (1402.5)
denovo19 B121_EU074870 306 (1408.0)
denovo19 B7_AF499784 306 (1408.0)
denovo19 B1.VI_Green2014 307 (1348.0)
denovo19 B3_AF333514 306 (1295.5)
denovo19 B9_AF499786 306 (1304.5)
denovo19 B19a_JN558055 310 (1189.5)
denovo19 B119_EU099825 315 (1230.0)
denovo19 B21_DQ865213 306 (1282.0)
denovo19 B38_GU907651 306 (1282.0)
denovo19 B18_AY258471 306 (1322.5)
denovo19 B18a_AY258472 306 (1313.5)
denovo19 B33_GU907648 306 (1313.5)
denovo19 B6_AF499783 311 (1319.0)
denovo19 B19_DQ865212 306 (1331.5)
denovo19 B19_GU907641 306 (1331.5)
denovo19 B2_AF333512 306 (1322.5)
denovo19 B2_JN558060 306 (1322.5)
denovo19 C33.1_AY258498 332 (692.5)
denovo19 C33.2_AY765400 332 (692.5)
denovo19 C33a_EF541147 332 (692.5)
denovo19 C34_AY258499 325 (672.5)
denovo19 C78_AY765413 327 (660.0)
denovo19 C15.29_KC597690 328 (626.0)
denovo19 C1131_DQ182650 329 (620.0)
denovo19 C1135_DQ182646 322 (618.5)
denovo19 C1134_DQ182647 324 (606.0)
denovo19 C1142_DQ182635 324 (615.0)
denovo19 C1136_DQ182644 322 (597.5)
denovo19 C1111_DQ182645 322 (607.0)
denovo19 C1236_EF473656 322 (598.0)
denovo19 C1138_DQ182642 319 (607.5)
denovo19 C1137_DQ182643 322 (598.0)
denovo19 C1133_DQ182648 322 (598.0)
denovo19 C1132_DQ182649 326 (600.5)
denovo19 C1143_DQ182634 322 (607.0)
denovo19 C1139_DQ182639 324 (615.0)
denovo19 C15.28_KC597687 324 (679.0)
denovo19 C1141_DQ182636 324 (624.0)
denovo19 C1144_DQ182637 324 (633.0)
denovo19 C1122_DQ182654 324 (642.0)
denovo19 C1127_DQ182652 324 (642.0)
denovo19 C15.30_JX394114 329 (665.5)
denovo19 C15.26_KC597686 325 (663.0)
denovo19 C1086_DQ182656 326 (666.0)
denovo19 C15.25_KC597685 326 (675.0)
denovo19 C1118_AF180127 331 (623.0)
denovo19 C1129_DQ182651 326 (611.0)
denovo19 C15.21_KC597683 324 (651.5)
denovo19 C56_AY589760 323 (657.0)
denovo19 C1140_DQ182638 326 (629.0)
denovo19 C1126_DQ182653 326 (620.0)
denovo19 C15c_AY258492 323 (675.5)
denovo19 C15d_AY258493 322 (682.0)
denovo19 C1098_DQ182641 324 (685.0)
denovo19 C15.27_KC597689 326 (666.0)
denovo19 C15.18_HE579024 325 (663.0)
denovo19 C15.16_HE579022 331 (689.5)
denovo19 C1101_AB253787 326 (657.0)
denovo19 C1083_AY237300 326 (666.0)
denovo19 C1088_DQ182640 329 (664.0)
denovo19 C15.6_FN563472 326 (675.0)
denovo19 C15.5_FJ461512 328 (671.5)
denovo19 C15.4_FJ461511 328 (680.5)
denovo19 C15.13_HE579019 326 (657.0)
denovo19 C15.12_HE579018 326 (666.0)
denovo19 C93a_AM748563 324 (687.5)
denovo19 C1094_AJ291514 324 (669.5)
denovo19 C93_AM748562 324 (678.5)
denovo19 C15.17_HE579023 325 (657.0)
denovo19 C15e_AY589742 328 (674.5)
denovo19 C15.22_KC597695 326 (666.0)
denovo19 C60_AY589764 326 (666.0)
denovo19 C15.1_FJ461508 326 (666.0)
denovo19 C15.2_FJ461509 326 (666.0)
denovo19 C15.9_FN563475 326 (683.5)
denovo19 C15.7_HE579015 325 (680.5)
denovo19 C15.8_HE579016 326 (666.0)
denovo19 C15.15_HE579021 326 (666.0)
denovo19 C15.19_HE579025 326 (675.0)
denovo19 C15.24_KC597696 326 (675.0)
denovo19 C15.3_FJ461510 328 (671.5)
denovo19 C1087_DQ182655 326 (675.0)
denovo19 C15.14_HE579020 327 (665.5)
denovo19 C15.23_KC597697 327 (665.5)
denovo19 C19_AY258479 325 (684.5)
denovo19 C1233_EU118166 326 (684.0)
denovo19 C15b_AY258491 326 (666.0)
denovo19 C15a_AY258476 328 (680.5)
denovo19 C1051_AF195153 326 (684.0)
denovo19 C2_AF333518 327 (683.0)
denovo19 C15.20_HE579026 327 (674.5)
denovo19 C15f_AY589743 328 (668.0)
denovo19 C55_AY589759 331 (675.0)
denovo19 C15_AY239369 326 (675.0)
denovo19 C32.1_JF683335 324 (630.0)
denovo19 C32.2_JF683336 324 (630.0)
denovo19 C21.23_KC597693 324 (630.0)
denovo19 C1193_EU099827 337 (657.5)
denovo19 C1195_EU099821 334 (661.0)
denovo19 C3q_GU907655 336 (642.5)
denovo19 C53_AY589758 335 (646.5)
denovo19 C73_AY765408 335 (654.0)
denovo19 C17.2.1_KC597684 329 (624.5)
denovo19 C32_AY258497 325 (632.5)
denovo19 C1189_EU099831 328 (641.5)
denovo19 C1191_EU099833 327 (648.0)
denovo19 C1196_EU099819 328 (623.5)
denovo19 C1192_EU099820 328 (623.5)
denovo19 C17.1_JF683322 328 (641.5)
denovo19 C26_b2_FN827164 333 (643.5)
denovo19 C26_b3_FN827165 329 (641.0)
denovo19 C31.9_HQ630879 330 (628.0)
denovo19 C31a_AY589746 330 (642.5)
denovo19 C30_AY589745 330 (624.5)
denovo19 C31.1_HQ630876 334 (626.0)
denovo19 C31.5_HQ630877 328 (636.5)
denovo19 C31.6_HQ630878 330 (633.5)
denovo19 C31.2_JF683332 330 (633.5)
denovo19 C31.3_JF683333 330 (624.5)
denovo19 C26/C35a_AY239378 329 (650.0)
denovo19 C35a_AY258501 329 (650.0)
denovo19 C35.2_AY258500 329 (641.0)
denovo19 C26_b1_FN827163 329 (641.0)
denovo19 C17_AY239370 328 (641.5)
denovo19 C17.2_FJ461513 330 (640.5)
denovo19 C31.10_HQ630880 330 (637.0)
denovo19 C31.4_JF683334 334 (622.0)
denovo19 C31_AY258496 330 (633.5)
denovo19 C25_AY239377 326 (686.5)
denovo19 C61_AY589765 325 (629.0)
denovo19 C1043_DQ072721 328 (630.5)
denovo19 C79_AY765414 328 (644.5)
denovo19 C69_AY589773 318 (650.0)
denovo19 C69a_AY686648 318 (659.0)
denovo19 C21.22_KC597692 331 (622.0)
denovo19 C51_AY589756 327 (660.0)
denovo19 C1aa_HM185739 328 (663.0)
denovo19 C1096_DQ068023 325 (651.0)
denovo19 C74_AY765409 334 (684.0)
denovo19 C1185_AB294629 336 (680.5)
denovo19 C1184_AB294630 336 (680.5)
denovo19 C1153_AB294625 336 (680.5)
denovo19 C1154_AB294626 335 (696.0)
denovo19 C1187_AB294627 336 (680.5)
denovo19 C1186_AB294628 336 (680.5)
denovo19 C57_AY589761 336 (689.5)
denovo19 C66_AY589771 336 (689.5)
denovo19 C5_AF499795 326 (666.0)
denovo19 C1167_AB294586 326 (666.0)
denovo19 C1164_AB294593 326 (666.0)
denovo19 C1183_AB294631 326 (684.0)
denovo19 C1067_DQ335381 328 (662.5)
denovo19 C1159_AB294613 325 (668.5)
denovo19 C1150_AB294622 325 (677.5)
denovo19 C90_AM748554 327 (689.0)
denovo19 C1168_AB294583 326 (675.0)
denovo19 C1156_AB294616 326 (684.0)
denovo19 C1151_AB294621 326 (693.0)
denovo19 C92a_AM748561 326 (693.0)
denovo19 C92_AM748560 326 (684.0)
denovo19 C1165_AB294581 326 (675.0)
denovo19 C1166_AB294584 326 (693.0)
denovo19 C1162_AB294594 326 (675.0)
denovo19 C1163_AB294596 326 (684.5)
denovo19 C1161_AB294606 326 (684.0)
denovo19 C1160_AB294608 330 (676.5)
denovo19 C1158_AB294614 326 (693.0)
denovo19 C1155_AB294617 326 (675.0)
denovo19 C1149_AB294620 326 (684.0)
denovo19 C1173_AB294662 326 (693.0)
denovo19 C1171_AB294663 326 (675.0)
denovo19 C1172_AB294665 326 (675.0)
denovo19 C91a_AM748556 326 (693.0)
denovo19 C91b_AM748557 326 (684.0)
denovo19 C91d_AM748559 325 (681.5)
denovo19 C91c_AM748558 325 (681.5)
denovo19 C91_AJ621543 326 (684.0)
denovo19 C91_AM748555 326 (684.0)
denovo19 C1023_DQ335330 317 (635.5)
denovo19 C1020_DQ335392 332 (665.0)
denovo19 C1018_DQ335408 328 (671.5)
denovo19 C1074_DQ335329 328 (662.5)
denovo19 C1030_DQ335353 328 (662.5)
denovo19 C1022_DQ335331 328 (662.5)
denovo19 C1027_DQ335360 328 (680.5)
denovo19 C1072_DQ335344 328 (662.5)
denovo19 C1039_AB190274 328 (671.5)
denovo19 C1033_DQ335350 333 (659.5)
denovo19 C1019_DQ335407 328 (671.5)
denovo19 C1194_EU099826 328 (656.5)
denovo19 C8b_AY258475 328 (646.5)
denovo19 C8_AY239367 331 (661.5)
denovo19 C8a_AY239368 333 (657.5)
denovo19 C54a_AY765406 328 (689.5)
denovo19 C3ff_HM185740 328 (698.5)
denovo19 C59_AY589763 332 (657.0)
denovo19 C3k_AY589737 325 (672.5)
denovo19 C3.24_HE579012 324 (679.0)
denovo19 C3.23_HE579011 325 (672.5)
denovo19 C35.1_AY765401 336 (676.0)
denovo19 C35.3_EF541145 329 (674.0)
denovo19 C76_AY765411 328 (677.5)
denovo19 C1107_DQ335359 327 (646.0)
denovo19 C3.22_HE579010 331 (645.5)
denovo19 C77_AY765412 328 (668.0)
denovo19 C20_AY239371 331 (670.5)
denovo19 C1055_DQ480640 326 (662.0)
denovo19 C27/C30_AY239379 329 (632.0)
denovo19 C27.1_FJ461517 329 (623.0)
denovo19 C40a_AY589747 330 (667.0)
denovo19 C40_AY258485 330 (667.0)
denovo19 C40b_AY589748 331 (658.0)
denovo19 C16_AY258477 331 (671.0)
denovo19 C16a_AY765399 331 (671.0)
denovo19 C1091_AB207186 328 (672.0)
denovo19 C1102_DQ335400 328 (654.0)
denovo19 C1069_DQ335375 328 (672.0)
denovo19 C1073_DQ335332 329 (666.0)
denovo19 C1066_DQ335382 326 (657.5)
denovo19 C1031_DQ335352 333 (677.5)
denovo19 C1026_DQ335366 333 (677.0)
denovo19 C70_AY589774 328 (681.0)
denovo19 C1082_AB190267 328 (663.0)
denovo19 C1078_AB190271 326 (674.5)
denovo19 C1090_AB207191 328 (672.0)
denovo19 C1071_DQ335302 328 (672.0)
denovo19 C1075_DQ335328 328 (672.0)
denovo19 C1068_DQ335379 328 (663.0)
denovo19 C1064_DQ335395 328 (663.0)
denovo19 C1063_DQ335403 325 (672.5)
denovo19 C62_AY589766 328 (672.0)
denovo19 C1077_DQ335316 325 (677.5)
denovo19 C1109_DQ335338 328 (663.0)
denovo19 C1110_DQ335340 328 (654.0)
denovo19 C1106_DQ335339 328 (654.0)
denovo19 C1112_DQ335319 328 (663.0)
denovo19 C1108_DQ335351 328 (654.0)
denovo19 C1105_DQ335394 328 (663.0)
denovo19 C1121_DQ335378 335 (656.0)
denovo19 C1116_AB190268 335 (665.0)
denovo19 C1115_AB190273 335 (665.0)
denovo19 C1124_DQ335323 328 (645.0)
denovo19 C1120_DQ335398 328 (645.0)
denovo19 C1119_DQ335404 328 (654.0)
denovo19 C1123_DQ335363 328 (654.0)
denovo19 C1004_DQ480635 328 (671.0)
denovo19 C1061_AY186568 328 (662.0)
denovo19 C1053_AY186569 328 (671.0)
denovo19 C1003_DQ480639 328 (671.0)
denovo19 C81_GU907657 319 (643.0)
denovo19 C22_AY239373 323 (673.5)
denovo19 C22a_AY239374 326 (665.0)
denovo19 C1232_EU118163 330 (668.0)
denovo19 C21.13_FJ461515 327 (630.0)
denovo19 C21.1_JF683323 326 (636.0)
denovo19 C21.3_JF683325 328 (650.5)
denovo19 C1.20_HE578993 328 (662.5)
denovo19 C1.22_HE578995 328 (653.5)
denovo19 C52_AY589757 327 (663.5)
denovo19 C1201_EU099793 329 (644.0)
denovo19 C14_AY589741 331 (683.0)
denovo19 C43_AY589749 331 (689.0)
denovo19 C50_AY589755 328 (671.5)
denovo19 C3.14_HQ630872 327 (677.0)
denovo19 C1m_AY765398 328 (672.0)
denovo19 C82_GU907658 336 (668.0)
denovo19 C82b_GU907660 336 (668.0)
denovo19 C64_AY589768 325 (680.0)
denovo19 C45a_AY765404 331 (679.5)
denovo19 C48_AY589753 328 (692.0)
denovo19 C1_v1b_FJ919244 328 (662.5)
denovo19 C1_v1a_FJ919243 328 (671.5)
denovo19 C3j_AY239366 328 (671.5)
denovo19 C3t_EF541149 331 (679.5)
denovo19 C9_AF499798 330 (677.5)
denovo19 C23_AY239375 329 (693.0)
denovo19 C37_AY258481 333 (668.0)
denovo19 C1048_DQ068026 331 (670.5)
denovo19 C21.4_JF683326 328 (641.5)
denovo19 C21.5_JF683327 328 (641.5)
denovo19 C1070_DQ335349 328 (680.5)
denovo19 C21.6_HQ630873 328 (659.5)
denovo19 C1224_EU074890 328 (689.5)
denovo19 C1.17_HE578990 328 (689.5)
denovo19 C21_b1_FN827162 330 (638.0)
denovo19 C21.9_JF683330 330 (647.0)
denovo19 C1085_AY624605 325 (663.5)
denovo19 C3p_GU907654 328 (656.5)
denovo19 C3f_AY589734 328 (680.5)
denovo19 C65a_AY589770 326 (692.5)
denovo19 C65_AY589769 326 (683.5)
denovo19 C71_AY589775 326 (674.5)
denovo19 C71a_AY589776 326 (665.5)
denovo19 C1178_AB294647 327 (663.0)
denovo19 C1225_EU074893 325 (690.0)
denovo19 C75_AY765410 327 (678.0)
denovo19 C21.10_JF683331 327 (647.5)
denovo19 C21.11_HQ630874 327 (647.5)
denovo19 C1065_DQ335388 328 (680.5)
denovo19 C1045_DQ068036 328 (689.5)
denovo19 C1h_AY258473 327 (677.0)
denovo19 C38_AY258482 327 (668.0)
denovo19 C1202_EU099799 327 (668.0)
denovo19 C7_AF499797 327 (677.0)
denovo19 C12_AF499801 329 (666.5)
denovo19 C38a_AY258483 326 (679.5)
denovo19 C1200_EU099800 315 (676.5)
denovo19 C44a_AY589751 328 (680.0)
denovo19 C47_AY589752 331 (688.5)
denovo19 C44_AY589750 331 (679.5)
denovo19 C1.15_HE578988 328 (671.5)
denovo19 C45.3_FJ461522 331 (670.5)
denovo19 C46a_AY765405 331 (670.5)
denovo19 C46_EU449108 331 (679.5)
denovo19 C3.12_FJ461507 331 (679.5)
denovo19 C1k_AY589733 331 (670.5)
denovo19 C67_AY686647 331 (679.5)
denovo19 C82a_GU907659 328 (671.5)
denovo19 C10a_AY589739 331 (679.5)
denovo19 C10_AF499799 331 (670.5)
denovo19 C13_AY589740 333 (673.5)
denovo19 C4_AF499794 331 (670.5)
denovo19 C1147_EF656433 331 (670.5)
denovo19 C1c/C45_AY239364 331 (679.5)
denovo19 C1c/C45_EU449103 331 (679.5)
denovo19 C21.19_HE579031 328 (650.5)
denovo19 C21.21_HE579033 328 (641.5)
denovo19 C21.20_HE579032 328 (650.5)
denovo19 C42b_AY765403 332 (683.0)
denovo19 C42_AY258487 332 (692.0)
denovo19 C1p_GU907652 328 (689.5)
denovo19 C1d_AY258488 331 (679.5)
denovo19 C42_AY765402 331 (688.5)
denovo19 C3ha_AY589736 328 (641.5)
denovo19 C63a_AY589767 330 (658.5)
denovo19 C21a_AY589744 328 (650.5)
denovo19 C3o_GU907653 327 (648.0)
denovo19 C21.16_HQ630875 328 (641.5)
denovo19 C21.2_JF683324 328 (641.5)
denovo19 C21.7_JF683328 327 (648.0)
denovo19 C21.8_JF683329 328 (650.5)
denovo19 C3h_AY239365 328 (641.5)
denovo19 C1203_EU099798 328 (641.5)
denovo19 C3.10_FJ461505 328 (689.5)
denovo19 C21.14_FJ461516 328 (659.5)
denovo19 C21.18_HE579030 334 (638.5)
denovo19 C3.17_HE579005 328 (671.5)
denovo19 C3.9_FJ461504 328 (668.5)
denovo19 C3.8_FJ461503 328 (680.5)
denovo19 C3.7_FJ461502 328 (671.5)
denovo19 C3.11_FJ461506 335 (683.0)
denovo19 C3.18_HE579006 328 (671.5)
denovo19 C3.19_HE579007 328 (671.5)
denovo19 C3.20_HE579008 328 (671.5)
denovo19 C3g_AY589735 331 (663.5)
denovo19 C3a_AF499790 326 (684.0)
denovo19 C3e_AF499793 328 (671.5)
denovo19 C6_AF499796 335 (691.5)
denovo19 C11_AF499800 328 (671.5)
denovo19 C36_AY258480 328 (689.5)
denovo19 C29_AY258494 328 (689.5)
denovo19 C1146_EF656434 329 (675.0)
denovo19 C1190_EU099841 328 (689.5)
denovo19 C131_JF320826 328 (671.5)
denovo19 C28_AY239380 336 (679.0)
denovo19 C1012_DQ480604 328 (671.5)
denovo19 C1181_AB294640 328 (656.5)
denovo19 C1180_AB294641 328 (674.5)
denovo19 C1179_AB294645 326 (660.0)
denovo19 C1176_AB294651 326 (669.0)
denovo19 C1175_AB294653 328 (656.5)
denovo19 C1174_AB294655 330 (662.0)
denovo19 C1177_AB294659 328 (665.5)
denovo19 C1040_AB190269 330 (677.0)
denovo19 C1182_AB294649 328 (671.5)
denovo19 C1089_AJ278598 328 (671.5)
denovo19 C1028_DQ335357 335 (682.5)
denovo19 C3.16_EU786015 328 (689.5)
denovo19 C1097_AJ311943 327 (665.0)
denovo19 C1170_AB294661 328 (665.5)
denovo19 C21.17_HE579029 328 (661.5)
denovo19 C21/3d/C3k_AY239372 328 (650.5)
denovo19 C58_AY589762 329 (650.0)
denovo19 C3L_AY589738 331 (676.0)
denovo19 C1169_AB294660 328 (665.5)
denovo19 C3.2_FJ461497 328 (674.5)
denovo19 C3.1_JF683321 325 (675.5)
denovo19 C1104_AF427469 329 (670.5)
denovo19 C3b_AF499791 328 (683.5)
denovo19 C83_GU907661 328 (683.0)
denovo19 C49_AY589754 354 (695.0)
denovo19 C3_AB778606 328 (680.5)
denovo19 C3_AF499789 328 (680.5)
denovo19 C3_HE579001 328 (680.5)
denovo19 C21.12_FJ461514 328 (632.5)
denovo19 C1229_EU074888 325 (667.0)
denovo19 C1230_EU074889 325 (676.0)
denovo19 C1114_AB207196 328 (662.5)
denovo19 C3.21_HE579009 328 (602.5)
denovo19 C1057_DQ480619 328 (671.5)
denovo19 C72_AY765407 325 (680.0)
denovo19 C1b.3_HE578999 328 (665.5)
denovo19 C93_AJ621536 328 (671.5)
denovo19 C94_AJ621539 328 (671.5)
denovo19 C1g_AY589730 328 (689.5)
denovo19 C1i_AY589731 322 (664.0)
denovo19 C1j_AY589732 335 (682.5)
denovo19 C1005_DQ480633 328 (671.5)
denovo19 C1.7_FJ461494 328 (671.5)
denovo19 C1.11_HE578984 328 (672.0)
denovo19 C1.12_HE578985 328 (671.5)
denovo19 C1.13_HE578986 328 (680.5)
denovo19 C1.14_HE578987 328 (680.5)
denovo19 C1.18_HE578991 328 (671.5)
denovo19 C1.19_HE578992 328 (671.5)
denovo19 C1199_EU099802 325 (657.0)
denovo19 C1188_EU099838 325 (672.0)
denovo19 C1002_DQ838544 328 (680.5)
denovo19 C1198_EU099810 328 (671.5)
denovo19 C24_AY239376 328 (671.5)
denovo19 C1f_AY258490 328 (680.5)
denovo19 C1006_DQ480629 328 (689.5)
denovo19 C1010_DQ480607 328 (671.5)
denovo19 C1007_DQ480624 328 (671.5)
denovo19 C1011_DQ480605 328 (671.5)
denovo19 C1009_DQ480608 332 (673.5)
denovo19 C1041_AY186548 328 (680.5)
denovo19 C1052_AY186570 328 (671.5)
denovo19 C1148_EU040178 328 (680.5)
denovo19 C1234_EU118165 329 (670.5)
denovo19 C1.5_EF634157 328 (680.5)
denovo19 C1059_DQ480609 328 (671.5)
denovo19 C1228_EU074883 328 (671.5)
denovo19 C1208_EU074963 328 (671.5)
denovo19 C1207_EU074964 328 (680.5)
denovo19 C1206_EU074965 328 (671.5)
denovo19 C1013_DQ480642 328 (671.5)
denovo19 C80_GU907656 335 (666.0)
denovo19 C1a_AF499788 325 (672.0)
denovo19 C41_AY258486 328 (680.5)
denovo19 C39_AY258484 313 (676.0)
denovo19 C1231_EU074878 328 (671.5)
denovo19 C1b.1_HE578997 328 (665.5)
denovo19 C18_AY258478 328 (680.5)
denovo19 C1.10_HE578983 327 (675.0)
denovo19 C1_JN558041 328 (680.5)
denovo19 C1_HE578979 328 (680.5)
denovo19 C1_AM748551 328 (680.5)
denovo19 C1_AF333515 328 (680.5)
denovo19 C1054_AY186565 327 (684.0)
denovo19 C1008_DQ480613 328 (671.5)
denovo19 C1103_AF427470 329 (670.5)
denovo19 C1226_EU074881 332 (672.5)
denovo19 C1b/C1e_AY239363 328 (674.5)
denovo19 C1044_DQ068038 328 (665.5)
denovo19 C1017_DQ174729 329 (664.5)
denovo19 C1.6_FJ461493 328 (689.5)
denovo19 C1b.2_HE578998 328 (665.5)
denovo19 C1060_DQ480600 328 (671.5)
denovo19 C1227_EU074882 328 (671.5)
denovo19 C1197_EU099814 328 (671.5)
denovo19 C1130_DQ480643 328 (574.0)
denovo19 D109_AB097465 355 (479.0)
denovo19 D1.11_HE579040 356 (491.5)
denovo19 D105_AF174570 360 (486.0)
denovo19 D104_AF174572 356 (482.5)
denovo19 D1.3_JF683337 357 (485.0)
denovo19 D1.10_HE579039 356 (482.5)
denovo19 D110_AF174561 356 (482.5)
denovo19 D117_AF174542 356 (482.5)
denovo19 D114_AF174549 356 (491.5)
denovo19 D113_AF174557 356 (482.5)
denovo19 D112_AF174558 358 (489.0)
denovo19 D106_AF174559 363 (494.0)
denovo19 D111_AF174560 356 (491.0)
denovo19 D115_AF174562 356 (482.5)
denovo19 D107_AF174568 358 (488.5)
denovo19 D116_AF174571 361 (479.0)
denovo19 D124_EU074897 353 (492.0)
denovo19 D1.8_HE579037 358 (489.0)
denovo19 D3_AY686650 356 (491.5)
denovo19 D1.6_HQ630881 356 (482.5)
denovo19 D120_EU074900 356 (482.5)
denovo19 D121_EU074904 361 (488.0)
denovo19 D122_EU074905 356 (482.5)
denovo19 D1a.2_JF683339 363 (487.0)
denovo19 D1a.1_JF683338 353 (492.0)
denovo19 D2_AY686649 589 (558.0)
denovo19 D4_DQ865214 359 (488.5)
denovo19 D1a_AF499802 356 (491.5)
denovo19 D1a_JN558078 356 (491.5)
denovo19 D123_EU074895 357 (494.0)
denovo19 D108_AF174567 352 (497.5)
denovo19 D103_AF174575 356 (491.5)
denovo19 D100_AF411415 356 (491.5)
denovo19 D118_EF656435 350 (500.5)
denovo19 D101_AF411416 356 (476.5)
denovo19 D119_EU099832 365 (477.0)
denovo19 D102_AF174573 356 (495.0)
denovo19 D1_AF334660 356 (491.5)
denovo19 D1_JN558076 356 (491.5)
denovo19 D1.12_HE579041 337 (489.5)
denovo19 D1.1_AM748564 417 (505.5)
denovo19 D1.2_AM748617 442 (515.5)
denovo19 E111_EU074915 348 (468.0)
denovo19 E110_EU074914 364 (473.5)
denovo19 E114_EU074909 364 (455.5)
denovo19 E1_AF334659 365 (463.5)
denovo19 E105_EU074921 364 (473.5)
denovo19 E112_EU074916 364 (455.5)
denovo19 E104_EU074922 364 (464.5)
denovo19 E102_EU074924 364 (455.5)
denovo19 E103_EU074923 364 (464.5)
denovo19 E101_AY160123 369 (439.5)
denovo19 E109_EU074913 351 (480.0)
denovo19 E100_DQ011618 363 (495.5)
denovo19 E108_EU074912 356 (484.0)
denovo19 E113_EU074908 352 (494.0)
denovo19 E107_EU074910 356 (484.0)
denovo19 F1_JN558066 331 (635.0)
denovo19 F5.2d_AJ291530 329 (666.0)
denovo19 F104_AJ291531 329 (666.0)
denovo19 F5.2c_AM748596 329 (657.5)
denovo19 F5.2_AM748594 329 (657.0)
denovo19 F5.2a_AM748614 329 (657.0)
denovo19 F5.2b_AM748595 329 (657.0)
denovo19 F5.2e_AJ291533 330 (642.5)
denovo19 F5.2g_JN558072 329 (665.5)
denovo19 F5.2f_AJ291512 329 (656.5)
denovo19 F102_AJ291534 329 (656.5)
denovo19 F5.1c_AM748593 331 (680.5)
denovo19 F5.1d_JN558069 334 (643.0)
denovo19 F5.1b_AJ291535 330 (669.0)
denovo19 F5.1_AM748592 332 (665.5)
denovo19 F5.1a_AM748591 330 (669.0)
denovo19 F110_AJ291526 322 (743.0)
denovo19 F4.7_AM748587 324 (725.5)
denovo19 F4.5_AM748585 323 (718.5)
denovo19 F4.4a_AM748583 319 (744.0)
denovo19 F4.4_AM748582 324 (746.5)
denovo19 F4.4b_AM748584 317 (763.0)
denovo19 F4.1a_AM748573 326 (698.5)
denovo19 F112_AJ291528 323 (692.5)
denovo19 F4.1_AM748572 323 (692.5)
denovo19 F4.8b_AM748590 325 (742.0)
denovo19 F4.8_AM748588 316 (742.5)
denovo19 F4.8a_AM748589 316 (742.5)
denovo19 F109_AJ291527 322 (747.0)
denovo19 F4.6_AM748586 323 (701.0)
denovo19 F111_AJ311949 316 (739.5)
denovo19 F4.3c_AM748581 317 (742.5)
denovo19 F4.3a_AM748579 316 (749.5)
denovo19 F4.3b_AM748580 317 (751.5)
denovo19 F4.3_AM748578 317 (742.5)
denovo19 F4.2_AM748574 323 (755.0)
denovo19 F4.2a_AM748575 323 (731.5)
denovo19 F4.2c_AM748577 323 (728.0)
denovo19 F4.2b_AM748576 323 (740.5)
denovo19 F2b_AJ291521 334 (686.5)
denovo19 F2_AJ830908 330 (711.5)
denovo19 F2a_AJ830911 330 (707.0)
denovo19 F3.1a_AM748566 341 (673.0)
denovo19 F114_AJ291525 341 (682.5)
denovo19 F3.1_AM748565 341 (682.5)
denovo19 F3.2_AM748567 348 (711.5)
denovo19 F3.2a_AM748568 348 (705.0)
denovo19 F3.3_AM748569 341 (696.5)
denovo19 F3.4a_AM748571 339 (645.5)
denovo19 F3.4_AM748570 335 (651.5)
denovo19 F3.4b_AM748616 335 (651.5)
denovo19 G101_AJ291539 364 (522.0)
denovo19 G1_AM748597 364 (522.0)
denovo19 G2b_JN558087 362 (516.0)
denovo19 G2_AM748598 363 (510.0)
denovo19 G2a_AM748599 363 (501.0)
denovo19 G4_AM748601 354 (545.5)
denovo19 G3.4_LK392378 355 (503.5)
denovo19 G3_AM748600 360 (518.5)
denovo19 G3.2_KC597694 353 (458.5)
denovo19 G3.1_KC597688 361 (530.0)
denovo19 G100_AB253788 361 (512.5)
denovo19 G3.3_LK392377 361 (520.5)
denovo19 H6_AJ291520 647 (318.5)
denovo19 H3_AM748606 328 (543.5)
denovo19 H2_AM748605 336 (566.0)
denovo19 H4_AM748607 332 (557.5)
denovo19 H4a_AM748608 342 (556.0)
denovo19 H5a_AM748611 340 (536.5)
denovo19 H5b_AM748610 343 (535.0)
denovo19 H5_AJ621129 340 (536.5)
denovo19 H5_AM748609 340 (536.5)
denovo19 H100_AJ291513 340 (525.5)
denovo19 H1b_AM748604 340 (520.5)
denovo19 H1a_AM748612 340 (529.5)
denovo19 H1_AJ621152 340 (529.5)
denovo19 H1_AM748602 340 (529.5)
denovo19 I3_FN561561 337 (734.5)
denovo19 I4_FN561562 337 (734.5)
denovo19 I1_FN561559 336 (731.0)
denovo19 I2_FN561560 339 (730.5)

#---------------------------------------
#---------------------------------------
