denovo231 A136_DQ865210 328 (479.0)
denovo231 A133_DQ174725 338 (468.0)
denovo231 A115_AF180123 326 (467.0)
denovo231 A117_AF201746 332 (482.5)
denovo231 A134_DQ174723 337 (488.5)
denovo231 A114_AF184941 337 (488.5)
denovo231 A135_DQ174727 334 (488.0)
denovo231 A2_AF333506 334 (484.5)
denovo231 A101_AF427468 334 (488.0)
denovo231 A2_1_JN558097 334 (488.0)
denovo231 A2_2_JN558100 334 (488.0)
denovo231 A113_AF184948 335 (512.0)
denovo231 A112_AF184949 335 (512.5)
denovo231 A123_EF378618 327 (305.5)
denovo231 A137_EF378621 347 (349.5)
denovo231 A11_EU449041 325 (510.0)
denovo231 A121_DQ174722 317 (514.0)
denovo231 A15b_EU792886 329 (481.5)
denovo231 A15a_EU792885 328 (497.0)
denovo231 A15c_EU792887 329 (490.5)
denovo231 A15_EU792884 329 (490.5)
denovo231 A147_EU074937 321 (494.0)
denovo231 A154_EU074860 321 (494.0)
denovo231 A146_EU074936 322 (506.0)
denovo231 A150_EU074928 321 (512.0)
denovo231 A116_AF183575 321 (503.0)
denovo231 A141_EU074931 321 (512.0)
denovo231 A5_AF333508 322 (511.5)
denovo231 A3b_EU449043 321 (512.0)
denovo231 A151_EU074925 320 (509.0)
denovo231 A152_EU074927 321 (503.0)
denovo231 A149_EU074929 323 (517.5)
denovo231 A140_EU074930 321 (503.0)
denovo231 A142_EU074932 321 (503.0)
denovo231 A143_EU074933 321 (512.0)
denovo231 A144_EU074934 321 (503.0)
denovo231 A145_EU074935 321 (512.0)
denovo231 A148_EU074938 321 (503.0)
denovo231 A155_EU074856 331 (506.0)
denovo231 A156_EU074859 321 (503.0)
denovo231 A139_EU074962 321 (512.0)
denovo231 A6_AF186058 321 (512.0)
denovo231 A3_AF333507 321 (512.0)
denovo231 A3_JN558091 321 (512.0)
denovo231 A8_AY258468 328 (497.0)
denovo231 A7_AY239360 328 (497.0)
denovo231 A16_EU792888 328 (506.0)
denovo231 A4.3_FN429763 326 (495.0)
denovo231 A120_AF180122 326 (477.5)
denovo231 A4.2_FN429761 324 (486.0)
denovo231 A4_AF333509 324 (514.0)
denovo231 A4.1_FN429760 323 (509.0)
denovo231 A4a_AF499778 326 (519.5)
denovo231 A4a.1_FN429762 326 (519.5)
denovo231 A138_EF378620 327 (469.5)
denovo231 A122_EF378619 327 (500.0)
denovo231 A126_EF378615 326 (501.0)
denovo231 A10_EU792882 326 (501.0)
denovo231 A9_EU449028 327 (505.5)
denovo231 A105_AB207202 324 (505.0)
denovo231 A119_AF180121 322 (481.5)
denovo231 A12_EU792883 323 (493.5)
denovo231 A104_AB207203 326 (502.0)
denovo231 A1a_EU449030 325 (499.5)
denovo231 A1.3_HE578976 328 (509.0)
denovo231 A1.4_HE578977 321 (514.5)
denovo231 A13_AF333504 329 (503.0)
denovo231 A13_JN558094 329 (503.0)
denovo231 A110_AB190282 325 (517.5)
denovo231 A103_AB207206 322 (517.5)
denovo231 A130_EF656428 325 (499.5)
denovo231 A127_EF656429 325 (517.5)
denovo231 A128_EF656430 325 (499.5)
denovo231 A129_EF656431 329 (503.0)
denovo231 A131_EF656432 321 (514.0)
denovo231 A118_AF180120 326 (488.5)
denovo231 A1_AF333505 325 (508.5)
denovo231 A107_AB207199 323 (512.0)
denovo231 A111_AB190280 322 (509.0)
denovo231 A108_AB207197 326 (496.0)
denovo231 A106_AB207200 325 (509.0)
denovo231 A102_AB207209 326 (511.0)
denovo231 A1.2_AB207210 326 (511.0)
denovo231 A109_AB190285 325 (518.0)
denovo231 B4_AF333510 350 (567.0)
denovo231 B23_EU449079 329 (537.5)
denovo231 B30_GU907644 340 (536.0)
denovo231 B11_AY239361 339 (540.5)
denovo231 B17_AY258470 341 (552.0)
denovo231 B1k_GU907638 309 (257.0)
denovo231 B1.V_Green2014 338 (546.5)
denovo231 B1b_AF499780 335 (531.0)
denovo231 B16_AY258469 344 (543.5)
denovo231 B31a_GU907646 348 (538.0)
denovo231 B32_GU907647 348 (538.0)
denovo231 B31_GU907645 348 (547.0)
denovo231 B1j_GU907637 349 (560.5)
denovo231 B37_GU907650 351 (568.5)
denovo231 B5a_AF499782 344 (543.5)
denovo231 B5_AF499781 344 (552.5)
denovo231 B24_GU907643 336 (423.0)
denovo231 B117_AF180124 346 (535.0)
denovo231 B10_AF499787 344 (552.5)
denovo231 B20_GU907642 349 (547.0)
denovo231 B1m_GU907640 344 (552.5)
denovo231 B34_GU907649 344 (552.5)
denovo231 B1d_GU907633 338 (545.5)
denovo231 B1e_GU907634 350 (545.0)
denovo231 B1i_GU907636 344 (552.5)
denovo231 B1g_GU907635 345 (534.0)
denovo231 B123_EU074872 343 (557.0)
denovo231 B8_AF499785 345 (543.0)
denovo231 B1l_GU907639 344 (543.5)
denovo231 B1a_AF499779 344 (552.0)
denovo231 B14_AY239362 345 (533.5)
denovo231 B125_EU074865 353 (554.0)
denovo231 B122_EU074871 348 (547.0)
denovo231 B124_EU074874 344 (543.5)
denovo231 B1.VII_Green2014 344 (491.0)
denovo231 B1.III_Green2014 339 (548.5)
denovo231 B1.I_Green2014 344 (552.5)
denovo231 B1.II_Green2014 344 (552.5)
denovo231 B1_JN558057 344 (552.5)
denovo231 B1_AF333511 344 (552.5)
denovo231 B1.IV_Green2014 341 (554.0)
denovo231 B121_EU074870 344 (552.5)
denovo231 B7_AF499784 344 (561.5)
denovo231 B1.VI_Green2014 332 (555.0)
denovo231 B3_AF333514 333 (536.0)
denovo231 B9_AF499786 331 (538.0)
denovo231 B19a_JN558055 329 (524.0)
denovo231 B119_EU099825 328 (539.5)
denovo231 B21_DQ865213 337 (535.0)
denovo231 B38_GU907651 337 (535.0)
denovo231 B18_AY258471 338 (531.0)
denovo231 B18a_AY258472 343 (528.0)
denovo231 B33_GU907648 337 (547.5)
denovo231 B6_AF499783 347 (550.5)
denovo231 B19_DQ865212 331 (547.0)
denovo231 B19_GU907641 331 (547.0)
denovo231 B2_AF333512 333 (545.0)
denovo231 B2_JN558060 333 (545.0)
denovo231 C33.1_AY258498 345 (546.0)
denovo231 C33.2_AY765400 345 (546.0)
denovo231 C33a_EF541147 345 (546.0)
denovo231 C34_AY258499 346 (549.0)
denovo231 C78_AY765413 341 (541.5)
denovo231 C15.29_KC597690 344 (530.0)
denovo231 C1131_DQ182650 348 (507.0)
denovo231 C1135_DQ182646 341 (506.5)
denovo231 C1134_DQ182647 350 (497.5)
denovo231 C1142_DQ182635 341 (497.5)
denovo231 C1136_DQ182644 339 (505.0)
denovo231 C1111_DQ182645 341 (504.5)
denovo231 C1236_EF473656 339 (489.5)
denovo231 C1138_DQ182642 339 (497.5)
denovo231 C1137_DQ182643 339 (498.0)
denovo231 C1133_DQ182648 336 (496.5)
denovo231 C1132_DQ182649 339 (489.5)
denovo231 C1143_DQ182634 339 (498.5)
denovo231 C1139_DQ182639 342 (509.0)
denovo231 C15.28_KC597687 350 (560.5)
denovo231 C1141_DQ182636 342 (518.0)
denovo231 C1144_DQ182637 350 (514.5)
denovo231 C1122_DQ182654 348 (516.5)
denovo231 C1127_DQ182652 342 (527.0)
denovo231 C15.30_JX394114 344 (551.5)
denovo231 C15.26_KC597686 343 (558.5)
denovo231 C1086_DQ182656 346 (549.0)
denovo231 C15.25_KC597685 343 (557.0)
denovo231 C1118_AF180127 335 (523.0)
denovo231 C1129_DQ182651 343 (503.5)
denovo231 C15.21_KC597683 339 (554.5)
denovo231 C56_AY589760 343 (557.0)
denovo231 C1140_DQ182638 345 (509.0)
denovo231 C1126_DQ182653 345 (509.0)
denovo231 C15c_AY258492 337 (557.5)
denovo231 C15d_AY258493 337 (558.5)
denovo231 C1098_DQ182641 337 (546.5)
denovo231 C15.27_KC597689 339 (554.5)
denovo231 C15.18_HE579024 343 (565.0)
denovo231 C15.16_HE579022 343 (558.5)
denovo231 C1101_AB253787 343 (540.5)
denovo231 C1083_AY237300 334 (556.5)
denovo231 C1088_DQ182640 336 (563.5)
denovo231 C15.6_FN563472 344 (552.5)
denovo231 C15.5_FJ461512 344 (560.0)
denovo231 C15.4_FJ461511 344 (560.0)
denovo231 C15.13_HE579019 343 (540.5)
denovo231 C15.12_HE579018 343 (549.5)
denovo231 C93a_AM748563 343 (566.0)
denovo231 C1094_AJ291514 343 (555.0)
denovo231 C93_AM748562 343 (564.0)
denovo231 C15.17_HE579023 342 (559.0)
denovo231 C15e_AY589742 344 (555.0)
denovo231 C15.22_KC597695 343 (567.5)
denovo231 C60_AY589764 343 (558.5)
denovo231 C15.1_FJ461508 336 (563.5)
denovo231 C15.2_FJ461509 343 (549.5)
denovo231 C15.9_FN563475 335 (560.5)
denovo231 C15.7_HE579015 343 (558.0)
denovo231 C15.8_HE579016 343 (567.5)
denovo231 C15.15_HE579021 343 (549.5)
denovo231 C15.19_HE579025 341 (561.5)
denovo231 C15.24_KC597696 343 (549.5)
denovo231 C15.3_FJ461510 343 (557.0)
denovo231 C1087_DQ182655 343 (558.5)
denovo231 C15.14_HE579020 338 (566.5)
denovo231 C15.23_KC597697 338 (566.5)
denovo231 C19_AY258479 342 (568.0)
denovo231 C1233_EU118166 343 (549.5)
denovo231 C15b_AY258491 343 (549.5)
denovo231 C15a_AY258476 343 (566.0)
denovo231 C1051_AF195153 343 (567.5)
denovo231 C2_AF333518 342 (569.0)
denovo231 C15.20_HE579026 336 (559.5)
denovo231 C15f_AY589743 344 (558.0)
denovo231 C55_AY589759 345 (559.0)
denovo231 C15_AY239369 343 (558.5)
denovo231 C32.1_JF683335 333 (553.0)
denovo231 C32.2_JF683336 333 (544.0)
denovo231 C21.23_KC597693 333 (544.0)
denovo231 C1193_EU099827 348 (568.0)
denovo231 C1195_EU099821 349 (574.5)
denovo231 C3q_GU907655 338 (572.5)
denovo231 C53_AY589758 339 (564.5)
denovo231 C73_AY765408 330 (590.0)
denovo231 C17.2.1_KC597684 342 (542.0)
denovo231 C32_AY258497 330 (570.5)
denovo231 C1189_EU099831 337 (564.0)
denovo231 C1191_EU099833 332 (568.0)
denovo231 C1196_EU099819 331 (565.5)
denovo231 C1192_EU099820 331 (565.5)
denovo231 C17.1_JF683322 338 (567.5)
denovo231 C26_b2_FN827164 340 (569.0)
denovo231 C26_b3_FN827165 339 (549.0)
denovo231 C31.9_HQ630879 343 (554.0)
denovo231 C31a_AY589746 335 (554.5)
denovo231 C30_AY589745 337 (568.5)
denovo231 C31.1_HQ630876 334 (560.5)
denovo231 C31.5_HQ630877 336 (557.5)
denovo231 C31.6_HQ630878 335 (563.5)
denovo231 C31.2_JF683332 335 (563.5)
denovo231 C31.3_JF683333 335 (572.5)
denovo231 C26/C35a_AY239378 339 (558.0)
denovo231 C35a_AY258501 339 (558.0)
denovo231 C35.2_AY258500 339 (567.0)
denovo231 C26_b1_FN827163 339 (567.0)
denovo231 C17_AY239370 338 (567.5)
denovo231 C17.2_FJ461513 340 (566.5)
denovo231 C31.10_HQ630880 343 (563.0)
denovo231 C31.4_JF683334 339 (552.0)
denovo231 C31_AY258496 335 (563.5)
denovo231 C25_AY239377 335 (562.0)
denovo231 C61_AY589765 338 (546.0)
denovo231 C1043_DQ072721 345 (547.0)
denovo231 C79_AY765414 347 (569.0)
denovo231 C69_AY589773 342 (563.5)
denovo231 C69a_AY686648 342 (554.5)
denovo231 C21.22_KC597692 327 (562.5)
denovo231 C51_AY589756 342 (564.5)
denovo231 C1aa_HM185739 347 (561.0)
denovo231 C1096_DQ068023 337 (527.5)
denovo231 C74_AY765409 340 (582.0)
denovo231 C1185_AB294629 341 (585.0)
denovo231 C1184_AB294630 340 (591.0)
denovo231 C1153_AB294625 344 (585.0)
denovo231 C1154_AB294626 341 (594.0)
denovo231 C1187_AB294627 340 (582.0)
denovo231 C1186_AB294628 340 (600.0)
denovo231 C57_AY589761 340 (591.0)
denovo231 C66_AY589771 340 (591.0)
denovo231 C5_AF499795 337 (567.5)
denovo231 C1167_AB294586 343 (585.5)
denovo231 C1164_AB294593 345 (573.0)
denovo231 C1183_AB294631 338 (570.0)
denovo231 C1067_DQ335381 343 (558.0)
denovo231 C1159_AB294613 347 (565.0)
denovo231 C1150_AB294622 347 (565.0)
denovo231 C90_AM748554 347 (581.0)
denovo231 C1168_AB294583 345 (563.5)
denovo231 C1156_AB294616 345 (563.5)
denovo231 C1151_AB294621 345 (573.0)
denovo231 C92a_AM748561 346 (565.5)
denovo231 C92_AM748560 345 (572.5)
denovo231 C1165_AB294581 338 (578.5)
denovo231 C1166_AB294584 345 (564.0)
denovo231 C1162_AB294594 337 (577.0)
denovo231 C1163_AB294596 345 (564.0)
denovo231 C1161_AB294606 345 (573.0)
denovo231 C1160_AB294608 346 (575.5)
denovo231 C1158_AB294614 345 (572.5)
denovo231 C1155_AB294617 345 (564.0)
denovo231 C1149_AB294620 345 (582.0)
denovo231 C1173_AB294662 341 (580.0)
denovo231 C1171_AB294663 345 (564.0)
denovo231 C1172_AB294665 345 (564.0)
denovo231 C91a_AM748556 341 (571.0)
denovo231 C91b_AM748557 336 (564.5)
denovo231 C91d_AM748559 341 (571.0)
denovo231 C91c_AM748558 341 (571.0)
denovo231 C91_AJ621543 345 (573.0)
denovo231 C91_AM748555 345 (573.0)
denovo231 C1023_DQ335330 309 (526.5)
denovo231 C1020_DQ335392 345 (564.0)
denovo231 C1018_DQ335408 345 (564.0)
denovo231 C1074_DQ335329 345 (564.0)
denovo231 C1030_DQ335353 345 (564.0)
denovo231 C1022_DQ335331 345 (564.0)
denovo231 C1027_DQ335360 345 (582.0)
denovo231 C1072_DQ335344 345 (564.0)
denovo231 C1039_AB190274 345 (573.0)
denovo231 C1033_DQ335350 345 (573.5)
denovo231 C1019_DQ335407 345 (573.0)
denovo231 C1194_EU099826 344 (564.5)
denovo231 C8b_AY258475 345 (557.5)
denovo231 C8_AY239367 345 (572.5)
denovo231 C8a_AY239368 345 (563.5)
denovo231 C54a_AY765406 347 (569.5)
denovo231 C3ff_HM185740 345 (573.0)
denovo231 C59_AY589763 348 (565.0)
denovo231 C3k_AY589737 345 (564.0)
denovo231 C3.24_HE579012 339 (563.0)
denovo231 C3.23_HE579011 345 (555.0)
denovo231 C35.1_AY765401 347 (587.5)
denovo231 C35.3_EF541145 347 (587.5)
denovo231 C76_AY765411 333 (590.0)
denovo231 C1107_DQ335359 345 (550.0)
denovo231 C3.22_HE579010 344 (563.0)
denovo231 C77_AY765412 338 (585.0)
denovo231 C20_AY239371 345 (572.5)
denovo231 C1055_DQ480640 342 (578.5)
denovo231 C27/C30_AY239379 337 (569.5)
denovo231 C27.1_FJ461517 337 (560.5)
denovo231 C40a_AY589747 345 (591.0)
denovo231 C40_AY258485 345 (591.0)
denovo231 C40b_AY589748 346 (590.0)
denovo231 C16_AY258477 343 (576.0)
denovo231 C16a_AY765399 344 (569.5)
denovo231 C1091_AB207186 345 (564.0)
denovo231 C1102_DQ335400 345 (546.0)
denovo231 C1069_DQ335375 345 (572.5)
denovo231 C1073_DQ335332 345 (564.0)
denovo231 C1066_DQ335382 338 (560.5)
denovo231 C1031_DQ335352 345 (573.0)
denovo231 C1026_DQ335366 345 (582.0)
denovo231 C70_AY589774 345 (573.0)
denovo231 C1082_AB190267 343 (557.5)
denovo231 C1078_AB190271 343 (566.0)
denovo231 C1090_AB207191 346 (557.5)
denovo231 C1071_DQ335302 345 (564.0)
denovo231 C1075_DQ335328 345 (555.0)
denovo231 C1068_DQ335379 345 (555.0)
denovo231 C1064_DQ335395 345 (564.0)
denovo231 C1063_DQ335403 345 (564.0)
denovo231 C62_AY589766 345 (564.0)
denovo231 C1077_DQ335316 343 (572.0)
denovo231 C1109_DQ335338 345 (564.0)
denovo231 C1110_DQ335340 345 (555.0)
denovo231 C1106_DQ335339 345 (564.0)
denovo231 C1112_DQ335319 345 (564.0)
denovo231 C1108_DQ335351 345 (555.0)
denovo231 C1105_DQ335394 345 (564.0)
denovo231 C1121_DQ335378 345 (555.0)
denovo231 C1116_AB190268 345 (555.0)
denovo231 C1115_AB190273 345 (555.0)
denovo231 C1124_DQ335323 345 (561.5)
denovo231 C1120_DQ335398 343 (558.5)
denovo231 C1119_DQ335404 345 (564.0)
denovo231 C1123_DQ335363 345 (555.0)
denovo231 C1004_DQ480635 342 (564.5)
denovo231 C1061_AY186568 345 (555.0)
denovo231 C1053_AY186569 345 (555.0)
denovo231 C1003_DQ480639 345 (564.0)
denovo231 C81_GU907657 322 (557.0)
denovo231 C22_AY239373 345 (572.0)
denovo231 C22a_AY239374 338 (578.0)
denovo231 C1232_EU118163 343 (567.5)
denovo231 C21.13_FJ461515 337 (555.0)
denovo231 C21.1_JF683323 338 (567.5)
denovo231 C21.3_JF683325 341 (567.5)
denovo231 C1.20_HE578993 343 (576.5)
denovo231 C1.22_HE578995 344 (569.5)
denovo231 C52_AY589757 345 (567.0)
denovo231 C1201_EU099793 346 (544.5)
denovo231 C14_AY589741 335 (573.0)
denovo231 C43_AY589749 336 (574.0)
denovo231 C50_AY589755 347 (569.5)
denovo231 C3.14_HQ630872 346 (566.0)
denovo231 C1m_AY765398 345 (582.0)
denovo231 C82_GU907658 346 (574.5)
denovo231 C82b_GU907660 346 (574.5)
denovo231 C64_AY589768 345 (573.5)
denovo231 C45a_AY765404 343 (593.5)
denovo231 C48_AY589753 338 (590.0)
denovo231 C1_v1b_FJ919244 348 (583.0)
denovo231 C1_v1a_FJ919243 348 (574.0)
denovo231 C3j_AY239366 346 (567.0)
denovo231 C3t_EF541149 344 (587.5)
denovo231 C9_AF499798 344 (577.5)
denovo231 C23_AY239375 343 (585.0)
denovo231 C37_AY258481 347 (568.5)
denovo231 C1048_DQ068026 345 (563.5)
denovo231 C21.4_JF683326 338 (558.5)
denovo231 C21.5_JF683327 338 (567.5)
denovo231 C1070_DQ335349 345 (591.0)
denovo231 C21.6_HQ630873 338 (585.5)
denovo231 C1224_EU074890 342 (573.5)
denovo231 C1.17_HE578990 342 (573.5)
denovo231 C21_b1_FN827162 338 (567.5)
denovo231 C21.9_JF683330 338 (576.5)
denovo231 C1085_AY624605 345 (573.0)
denovo231 C3p_GU907654 345 (585.0)
denovo231 C3f_AY589734 345 (591.0)
denovo231 C65a_AY589770 345 (573.0)
denovo231 C65_AY589769 345 (582.0)
denovo231 C71_AY589775 345 (573.0)
denovo231 C71a_AY589776 345 (582.0)
denovo231 C1178_AB294647 346 (561.5)
denovo231 C1225_EU074893 347 (570.0)
denovo231 C75_AY765410 344 (569.0)
denovo231 C21.10_JF683331 330 (562.0)
denovo231 C21.11_HQ630874 338 (567.5)
denovo231 C1065_DQ335388 345 (581.5)
denovo231 C1045_DQ068036 345 (590.5)
denovo231 C1h_AY258473 336 (573.0)
denovo231 C38_AY258482 336 (564.0)
denovo231 C1202_EU099799 336 (564.0)
denovo231 C7_AF499797 336 (573.0)
denovo231 C12_AF499801 338 (562.5)
denovo231 C38a_AY258483 338 (575.5)
denovo231 C1200_EU099800 329 (569.0)
denovo231 C44a_AY589751 345 (590.5)
denovo231 C47_AY589752 345 (590.5)
denovo231 C44_AY589750 345 (590.5)
denovo231 C1.15_HE578988 347 (579.0)
denovo231 C45.3_FJ461522 336 (582.0)
denovo231 C46a_AY765405 345 (590.5)
denovo231 C46_EU449108 345 (590.5)
denovo231 C3.12_FJ461507 345 (581.5)
denovo231 C1k_AY589733 345 (581.5)
denovo231 C67_AY686647 345 (581.5)
denovo231 C82a_GU907659 345 (581.5)
denovo231 C10a_AY589739 341 (580.5)
denovo231 C10_AF499799 341 (579.0)
denovo231 C13_AY589740 346 (572.5)
denovo231 C4_AF499794 345 (590.5)
denovo231 C1147_EF656433 345 (581.5)
denovo231 C1c/C45_AY239364 345 (581.5)
denovo231 C1c/C45_EU449103 345 (581.5)
denovo231 C21.19_HE579031 338 (576.5)
denovo231 C21.21_HE579033 338 (576.5)
denovo231 C21.20_HE579032 338 (585.5)
denovo231 C42b_AY765403 345 (563.5)
denovo231 C42_AY258487 345 (572.5)
denovo231 C1p_GU907652 345 (573.0)
denovo231 C1d_AY258488 345 (572.5)
denovo231 C42_AY765402 345 (572.5)
denovo231 C3ha_AY589736 338 (567.5)
denovo231 C63a_AY589767 334 (576.5)
denovo231 C21a_AY589744 338 (567.5)
denovo231 C3o_GU907653 338 (568.0)
denovo231 C21.16_HQ630875 338 (585.5)
denovo231 C21.2_JF683324 338 (576.5)
denovo231 C21.7_JF683328 334 (583.0)
denovo231 C21.8_JF683329 338 (567.5)
denovo231 C3h_AY239365 338 (576.5)
denovo231 C1203_EU099798 338 (567.5)
denovo231 C3.10_FJ461505 345 (573.0)
denovo231 C21.14_FJ461516 338 (567.5)
denovo231 C21.18_HE579030 337 (571.5)
denovo231 C3.17_HE579005 345 (573.0)
denovo231 C3.9_FJ461504 345 (570.5)
denovo231 C3.8_FJ461503 345 (573.5)
denovo231 C3.7_FJ461502 345 (573.0)
denovo231 C3.11_FJ461506 345 (573.0)
denovo231 C3.18_HE579006 345 (573.0)
denovo231 C3.19_HE579007 344 (578.5)
denovo231 C3.20_HE579008 345 (573.0)
denovo231 C3g_AY589735 343 (577.5)
denovo231 C3a_AF499790 345 (582.0)
denovo231 C3e_AF499793 345 (573.0)
denovo231 C6_AF499796 345 (582.0)
denovo231 C11_AF499800 341 (588.5)
denovo231 C36_AY258480 345 (573.0)
denovo231 C29_AY258494 343 (576.0)
denovo231 C1146_EF656434 345 (573.0)
denovo231 C1190_EU099841 345 (573.0)
denovo231 C131_JF320826 345 (573.0)
denovo231 C28_AY239380 347 (589.5)
denovo231 C1012_DQ480604 345 (582.0)
denovo231 C1181_AB294640 345 (558.5)
denovo231 C1180_AB294641 345 (558.5)
denovo231 C1179_AB294645 337 (562.0)
denovo231 C1176_AB294651 345 (558.5)
denovo231 C1175_AB294653 347 (564.5)
denovo231 C1174_AB294655 345 (567.5)
denovo231 C1177_AB294659 341 (565.0)
denovo231 C1040_AB190269 343 (575.0)
denovo231 C1182_AB294649 345 (573.0)
denovo231 C1089_AJ278598 345 (573.0)
denovo231 C1028_DQ335357 345 (582.0)
denovo231 C3.16_EU786015 345 (591.0)
denovo231 C1097_AJ311943 346 (563.0)
denovo231 C1170_AB294661 345 (567.5)
denovo231 C21.17_HE579029 340 (575.5)
denovo231 C21/3d/C3k_AY239372 338 (576.5)
denovo231 C58_AY589762 339 (576.0)
denovo231 C3L_AY589738 337 (581.5)
denovo231 C1169_AB294660 345 (567.5)
denovo231 C3.2_FJ461497 344 (582.5)
denovo231 C3.1_JF683321 344 (582.5)
denovo231 C1104_AF427469 346 (572.0)
denovo231 C3b_AF499791 345 (585.0)
denovo231 C83_GU907661 345 (584.5)
denovo231 C49_AY589754 367 (594.0)
denovo231 C3_AB778606 345 (582.0)
denovo231 C3_AF499789 345 (582.0)
denovo231 C3_HE579001 345 (582.0)
denovo231 C21.12_FJ461514 338 (558.5)
denovo231 C1229_EU074888 337 (562.0)
denovo231 C1230_EU074889 337 (571.0)
denovo231 C1114_AB207196 345 (564.0)
denovo231 C3.21_HE579009 345 (495.5)
denovo231 C1057_DQ480619 345 (573.0)
denovo231 C72_AY765407 341 (578.5)
denovo231 C1b.3_HE578999 344 (573.5)
denovo231 C93_AJ621536 345 (573.0)
denovo231 C94_AJ621539 345 (573.0)
denovo231 C1g_AY589730 345 (573.0)
denovo231 C1i_AY589731 345 (573.0)
denovo231 C1j_AY589732 345 (582.0)
denovo231 C1005_DQ480633 345 (573.0)
denovo231 C1.7_FJ461494 347 (579.0)
denovo231 C1.11_HE578984 345 (582.0)
denovo231 C1.12_HE578985 345 (582.0)
denovo231 C1.13_HE578986 345 (573.0)
denovo231 C1.14_HE578987 346 (575.5)
denovo231 C1.18_HE578991 345 (573.0)
denovo231 C1.19_HE578992 345 (591.0)
denovo231 C1199_EU099802 346 (569.5)
denovo231 C1188_EU099838 346 (584.5)
denovo231 C1002_DQ838544 345 (591.0)
denovo231 C1198_EU099810 345 (591.0)
denovo231 C24_AY239376 345 (564.0)
denovo231 C1f_AY258490 345 (582.0)
denovo231 C1006_DQ480629 345 (582.0)
denovo231 C1010_DQ480607 345 (582.0)
denovo231 C1007_DQ480624 346 (567.0)
denovo231 C1011_DQ480605 345 (582.0)
denovo231 C1009_DQ480608 342 (574.0)
denovo231 C1041_AY186548 343 (585.0)
denovo231 C1052_AY186570 345 (573.0)
denovo231 C1148_EU040178 345 (591.0)
denovo231 C1234_EU118165 346 (581.0)
denovo231 C1.5_EF634157 345 (573.0)
denovo231 C1059_DQ480609 345 (573.0)
denovo231 C1228_EU074883 343 (575.5)
denovo231 C1208_EU074963 343 (576.0)
denovo231 C1207_EU074964 343 (585.0)
denovo231 C1206_EU074965 345 (573.0)
denovo231 C1013_DQ480642 347 (569.5)
denovo231 C80_GU907656 351 (573.0)
denovo231 C1a_AF499788 345 (573.0)
denovo231 C41_AY258486 345 (573.0)
denovo231 C39_AY258484 340 (562.5)
denovo231 C1231_EU074878 345 (573.0)
denovo231 C1b.1_HE578997 344 (573.5)
denovo231 C18_AY258478 339 (583.0)
denovo231 C1.10_HE578983 339 (580.0)
denovo231 C1_JN558041 345 (582.0)
denovo231 C1_HE578979 345 (582.0)
denovo231 C1_AM748551 345 (582.0)
denovo231 C1_AF333515 345 (582.0)
denovo231 C1054_AY186565 345 (578.5)
denovo231 C1008_DQ480613 346 (576.0)
denovo231 C1103_AF427470 346 (572.0)
denovo231 C1226_EU074881 346 (573.0)
denovo231 C1b/C1e_AY239363 344 (582.5)
denovo231 C1044_DQ068038 345 (567.0)
denovo231 C1017_DQ174729 348 (574.0)
denovo231 C1.6_FJ461493 345 (591.0)
denovo231 C1b.2_HE578998 344 (573.5)
denovo231 C1060_DQ480600 345 (573.0)
denovo231 C1227_EU074882 345 (573.0)
denovo231 C1197_EU099814 345 (573.0)
denovo231 C1130_DQ480643 345 (466.5)
denovo231 D109_AB097465 342 (560.0)
denovo231 D1.11_HE579040 347 (585.0)
denovo231 D105_AF174570 344 (595.0)
denovo231 D104_AF174572 352 (574.0)
denovo231 D1.3_JF683337 353 (586.0)
denovo231 D1.10_HE579039 353 (577.0)
denovo231 D110_AF174561 353 (577.0)
denovo231 D117_AF174542 353 (577.0)
denovo231 D114_AF174549 352 (592.0)
denovo231 D113_AF174557 343 (583.0)
denovo231 D112_AF174558 343 (574.5)
denovo231 D106_AF174559 356 (586.5)
denovo231 D111_AF174560 353 (586.5)
denovo231 D115_AF174562 353 (586.0)
denovo231 D107_AF174568 345 (580.0)
denovo231 D116_AF174571 354 (570.5)
denovo231 D124_EU074897 343 (574.0)
denovo231 D1.8_HE579037 353 (586.0)
denovo231 D3_AY686650 353 (586.0)
denovo231 D1.6_HQ630881 353 (577.0)
denovo231 D120_EU074900 343 (574.0)
denovo231 D121_EU074904 354 (579.5)
denovo231 D122_EU074905 352 (583.0)
denovo231 D1a.2_JF683339 343 (594.5)
denovo231 D1a.1_JF683338 343 (583.0)
denovo231 D2_AY686649 588 (621.5)
denovo231 D4_DQ865214 342 (586.0)
denovo231 D1a_AF499802 343 (583.0)
denovo231 D1a_JN558078 343 (583.0)
denovo231 D123_EU074895 343 (583.0)
denovo231 D108_AF174567 353 (586.0)
denovo231 D103_AF174575 348 (589.5)
denovo231 D100_AF411415 336 (589.5)
denovo231 D118_EF656435 343 (583.0)
denovo231 D101_AF411416 336 (574.5)
denovo231 D119_EU099832 347 (570.5)
denovo231 D102_AF174573 353 (589.0)
denovo231 D1_AF334660 353 (586.0)
denovo231 D1_JN558076 353 (586.0)
denovo231 D1.12_HE579041 333 (573.5)
denovo231 D1.1_AM748564 417 (629.5)
denovo231 D1.2_AM748617 420 (624.5)
denovo231 E111_EU074915 349 (487.5)
denovo231 E110_EU074914 355 (453.0)
denovo231 E114_EU074909 349 (462.5)
denovo231 E1_AF334659 354 (462.0)
denovo231 E105_EU074921 354 (468.0)
denovo231 E112_EU074916 349 (469.0)
denovo231 E104_EU074922 349 (462.5)
denovo231 E102_EU074924 349 (453.5)
denovo231 E103_EU074923 349 (462.5)
denovo231 E101_AY160123 349 (450.0)
denovo231 E109_EU074913 350 (491.0)
denovo231 E100_DQ011618 338 (489.5)
denovo231 E108_EU074912 348 (483.0)
denovo231 E113_EU074908 336 (478.0)
denovo231 E107_EU074910 348 (483.0)
denovo231 F1_JN558066 340 (574.5)
denovo231 F5.2d_AJ291530 340 (594.0)
denovo231 F104_AJ291531 340 (594.0)
denovo231 F5.2c_AM748596 340 (594.0)
denovo231 F5.2_AM748594 341 (595.0)
denovo231 F5.2a_AM748614 341 (595.0)
denovo231 F5.2b_AM748595 337 (593.0)
denovo231 F5.2e_AJ291533 340 (557.0)
denovo231 F5.2g_JN558072 341 (587.0)
denovo231 F5.2f_AJ291512 340 (582.5)
denovo231 F102_AJ291534 339 (589.5)
denovo231 F5.1c_AM748593 354 (572.0)
denovo231 F5.1d_JN558069 349 (592.0)
denovo231 F5.1b_AJ291535 340 (584.0)
denovo231 F5.1_AM748592 339 (581.0)
denovo231 F5.1a_AM748591 339 (581.0)
denovo231 F110_AJ291526 345 (572.0)
denovo231 F4.7_AM748587 336 (584.0)
denovo231 F4.5_AM748585 326 (612.5)
denovo231 F4.4a_AM748583 334 (630.0)
denovo231 F4.4_AM748582 327 (633.0)
denovo231 F4.4b_AM748584 328 (627.0)
denovo231 F4.1a_AM748573 332 (615.0)
denovo231 F112_AJ291528 333 (618.0)
denovo231 F4.1_AM748572 333 (627.0)
denovo231 F4.8b_AM748590 341 (604.5)
denovo231 F4.8_AM748588 331 (608.5)
denovo231 F4.8a_AM748589 331 (608.5)
denovo231 F109_AJ291527 331 (595.5)
denovo231 F4.6_AM748586 332 (624.0)
denovo231 F111_AJ311949 330 (609.0)
denovo231 F4.3c_AM748581 337 (626.0)
denovo231 F4.3a_AM748579 330 (614.0)
denovo231 F4.3b_AM748580 333 (624.0)
denovo231 F4.3_AM748578 330 (623.0)
denovo231 F4.2_AM748574 329 (615.5)
denovo231 F4.2a_AM748575 334 (607.0)
denovo231 F4.2c_AM748577 335 (605.5)
denovo231 F4.2b_AM748576 334 (616.0)
denovo231 F2b_AJ291521 350 (611.0)
denovo231 F2_AJ830908 355 (615.5)
denovo231 F2a_AJ830911 356 (610.5)
denovo231 F3.1a_AM748566 345 (562.0)
denovo231 F114_AJ291525 347 (552.0)
denovo231 F3.1_AM748565 347 (561.0)
denovo231 F3.2_AM748567 342 (600.5)
denovo231 F3.2a_AM748568 343 (603.5)
denovo231 F3.3_AM748569 344 (573.5)
denovo231 F3.4a_AM748571 342 (568.0)
denovo231 F3.4_AM748570 350 (573.5)
denovo231 F3.4b_AM748616 350 (573.5)
denovo231 G101_AJ291539 317 (980.0)
denovo231 G1_AM748597 318 (973.0)
denovo231 G2b_JN558087 322 (935.0)
denovo231 G2_AM748598 322 (953.0)
denovo231 G2a_AM748599 322 (944.0)
denovo231 G4_AM748601 323 (941.5)
denovo231 G3.4_LK392378 314 (1180.5)
denovo231 G3_AM748600 314 (1225.5)
denovo231 G3.2_KC597694 314 (1140.5)
denovo231 G3.1_KC597688 314 (1297.5)
denovo231 G100_AB253788 314 (1297.5)
denovo231 G3.3_LK392377 314 (1315.5)
denovo231 H6_AJ291520 645 (346.5)
denovo231 H3_AM748606 345 (399.0)
denovo231 H2_AM748605 344 (422.0)
denovo231 H4_AM748607 348 (439.0)
denovo231 H4a_AM748608 349 (438.5)
denovo231 H5a_AM748611 338 (416.5)
denovo231 H5b_AM748610 343 (411.5)
denovo231 H5_AJ621129 340 (421.0)
denovo231 H5_AM748609 340 (421.0)
denovo231 H100_AJ291513 351 (415.0)
denovo231 H1b_AM748604 351 (419.0)
denovo231 H1a_AM748612 348 (411.5)
denovo231 H1_AJ621152 351 (419.0)
denovo231 H1_AM748602 351 (419.0)
denovo231 I3_FN561561 349 (618.0)
denovo231 I4_FN561562 350 (611.0)
denovo231 I1_FN561559 350 (611.5)
denovo231 I2_FN561560 361 (611.5)

#---------------------------------------
#---------------------------------------
