denovo105 A136_DQ865210 351 (349.5)
denovo105 A133_DQ174725 355 (327.5)
denovo105 A115_AF180123 347 (334.0)
denovo105 A117_AF201746 346 (330.5)
denovo105 A134_DQ174723 346 (330.5)
denovo105 A114_AF184941 346 (330.5)
denovo105 A135_DQ174727 359 (313.5)
denovo105 A2_AF333506 361 (324.0)
denovo105 A101_AF427468 356 (322.5)
denovo105 A2_1_JN558097 356 (322.5)
denovo105 A2_2_JN558100 356 (322.5)
denovo105 A113_AF184948 349 (330.0)
denovo105 A112_AF184949 347 (324.5)
denovo105 A123_EF378618 350 (235.0)
denovo105 A137_EF378621 365 (221.0)
denovo105 A11_EU449041 345 (349.0)
denovo105 A121_DQ174722 353 (329.5)
denovo105 A15b_EU792886 342 (328.5)
denovo105 A15a_EU792885 350 (327.0)
denovo105 A15c_EU792887 343 (324.5)
denovo105 A15_EU792884 345 (321.5)
denovo105 A147_EU074937 354 (325.0)
denovo105 A154_EU074860 356 (304.5)
denovo105 A146_EU074936 356 (321.5)
denovo105 A150_EU074928 354 (325.5)
denovo105 A116_AF183575 348 (323.5)
denovo105 A141_EU074931 356 (322.5)
denovo105 A5_AF333508 356 (319.5)
denovo105 A3b_EU449043 355 (320.0)
denovo105 A151_EU074925 352 (319.5)
denovo105 A152_EU074927 352 (321.5)
denovo105 A149_EU074929 353 (323.0)
denovo105 A140_EU074930 358 (318.5)
denovo105 A142_EU074932 352 (321.5)
denovo105 A143_EU074933 346 (319.0)
denovo105 A144_EU074934 360 (315.5)
denovo105 A145_EU074935 349 (329.0)
denovo105 A148_EU074938 355 (319.5)
denovo105 A155_EU074856 346 (319.0)
denovo105 A156_EU074859 356 (313.5)
denovo105 A139_EU074962 356 (322.5)
denovo105 A6_AF186058 356 (322.5)
denovo105 A3_AF333507 356 (322.5)
denovo105 A3_JN558091 356 (322.5)
denovo105 A8_AY258468 342 (310.0)
denovo105 A7_AY239360 345 (319.0)
denovo105 A16_EU792888 340 (322.5)
denovo105 A4.3_FN429763 355 (309.5)
denovo105 A120_AF180122 347 (311.5)
denovo105 A4.2_FN429761 356 (309.0)
denovo105 A4_AF333509 356 (319.0)
denovo105 A4.1_FN429760 356 (307.5)
denovo105 A4a_AF499778 356 (318.5)
denovo105 A4a.1_FN429762 356 (318.5)
denovo105 A138_EF378620 363 (275.5)
denovo105 A122_EF378619 358 (308.0)
denovo105 A126_EF378615 361 (313.0)
denovo105 A10_EU792882 361 (313.0)
denovo105 A9_EU449028 361 (313.5)
denovo105 A105_AB207202 356 (308.5)
denovo105 A119_AF180121 354 (317.0)
denovo105 A12_EU792883 360 (320.0)
denovo105 A104_AB207203 345 (311.5)
denovo105 A1a_EU449030 362 (316.5)
denovo105 A1.3_HE578976 363 (312.0)
denovo105 A1.4_HE578977 359 (317.0)
denovo105 A13_AF333504 362 (326.0)
denovo105 A13_JN558094 362 (326.0)
denovo105 A110_AB190282 362 (317.0)
denovo105 A103_AB207206 346 (313.0)
denovo105 A130_EF656428 362 (308.0)
denovo105 A127_EF656429 362 (317.0)
denovo105 A128_EF656430 362 (317.0)
denovo105 A129_EF656431 357 (320.5)
denovo105 A131_EF656432 345 (320.5)
denovo105 A118_AF180120 362 (293.5)
denovo105 A1_AF333505 362 (317.0)
denovo105 A107_AB207199 345 (320.0)
denovo105 A111_AB190280 343 (314.5)
denovo105 A108_AB207197 356 (311.0)
denovo105 A106_AB207200 357 (319.5)
denovo105 A102_AB207209 358 (314.5)
denovo105 A1.2_AB207210 358 (314.5)
denovo105 A109_AB190285 355 (311.5)
denovo105 B4_AF333510 359 (305.0)
denovo105 B23_EU449079 362 (305.0)
denovo105 B30_GU907644 363 (302.5)
denovo105 B11_AY239361 364 (331.5)
denovo105 B17_AY258470 362 (318.5)
denovo105 B1k_GU907638 326 (194.5)
denovo105 B1.V_Green2014 371 (304.5)
denovo105 B1b_AF499780 370 (319.5)
denovo105 B16_AY258469 363 (309.5)
denovo105 B31a_GU907646 363 (309.5)
denovo105 B32_GU907647 359 (315.5)
denovo105 B31_GU907645 363 (309.5)
denovo105 B1j_GU907637 370 (314.5)
denovo105 B37_GU907650 372 (313.5)
denovo105 B5a_AF499782 363 (309.5)
denovo105 B5_AF499781 363 (309.5)
denovo105 B24_GU907643 360 (258.5)
denovo105 B117_AF180124 364 (309.5)
denovo105 B10_AF499787 363 (318.5)
denovo105 B20_GU907642 371 (311.5)
denovo105 B1m_GU907640 359 (315.5)
denovo105 B34_GU907649 363 (319.5)
denovo105 B1d_GU907633 357 (327.0)
denovo105 B1e_GU907634 363 (318.5)
denovo105 B1i_GU907636 359 (315.5)
denovo105 B1g_GU907635 371 (315.0)
denovo105 B123_EU074872 370 (323.5)
denovo105 B8_AF499785 378 (317.5)
denovo105 B1l_GU907639 370 (314.5)
denovo105 B1a_AF499779 363 (318.5)
denovo105 B14_AY239362 365 (311.5)
denovo105 B125_EU074865 363 (309.5)
denovo105 B122_EU074871 363 (309.5)
denovo105 B124_EU074874 370 (323.5)
denovo105 B1.VII_Green2014 363 (284.5)
denovo105 B1.III_Green2014 351 (319.5)
denovo105 B1.I_Green2014 363 (318.5)
denovo105 B1.II_Green2014 363 (318.5)
denovo105 B1_JN558057 363 (318.5)
denovo105 B1_AF333511 363 (318.5)
denovo105 B1.IV_Green2014 367 (322.0)
denovo105 B121_EU074870 365 (315.0)
denovo105 B7_AF499784 363 (318.5)
denovo105 B1.VI_Green2014 358 (313.0)
denovo105 B3_AF333514 366 (305.5)
denovo105 B9_AF499786 367 (289.5)
denovo105 B19a_JN558055 348 (282.0)
denovo105 B119_EU099825 363 (303.0)
denovo105 B21_DQ865213 362 (315.5)
denovo105 B38_GU907651 362 (315.5)
denovo105 B18_AY258471 367 (297.5)
denovo105 B18a_AY258472 367 (297.5)
denovo105 B33_GU907648 358 (302.5)
denovo105 B6_AF499783 372 (304.0)
denovo105 B19_DQ865212 367 (306.5)
denovo105 B19_GU907641 367 (306.5)
denovo105 B2_AF333512 366 (313.0)
denovo105 B2_JN558060 366 (313.0)
denovo105 C33.1_AY258498 368 (314.0)
denovo105 C33.2_AY765400 368 (314.0)
denovo105 C33a_EF541147 368 (314.0)
denovo105 C34_AY258499 361 (305.5)
denovo105 C78_AY765413 356 (261.5)
denovo105 C15.29_KC597690 374 (250.0)
denovo105 C1131_DQ182650 362 (257.0)
denovo105 C1135_DQ182646 365 (247.5)
denovo105 C1134_DQ182647 365 (247.5)
denovo105 C1142_DQ182635 365 (247.5)
denovo105 C1136_DQ182644 371 (254.5)
denovo105 C1111_DQ182645 366 (249.0)
denovo105 C1236_EF473656 366 (249.0)
denovo105 C1138_DQ182642 371 (250.0)
denovo105 C1137_DQ182643 379 (243.0)
denovo105 C1133_DQ182648 367 (252.5)
denovo105 C1132_DQ182649 368 (255.0)
denovo105 C1143_DQ182634 366 (249.0)
denovo105 C1139_DQ182639 365 (239.5)
denovo105 C15.28_KC597687 367 (268.5)
denovo105 C1141_DQ182636 364 (263.0)
denovo105 C1144_DQ182637 372 (263.0)
denovo105 C1122_DQ182654 365 (257.0)
denovo105 C1127_DQ182652 364 (254.0)
denovo105 C15.30_JX394114 370 (264.5)
denovo105 C15.26_KC597686 362 (264.5)
denovo105 C1086_DQ182656 363 (266.5)
denovo105 C15.25_KC597685 363 (266.5)
denovo105 C1118_AF180127 369 (255.0)
denovo105 C1129_DQ182651 368 (257.5)
denovo105 C15.21_KC597683 367 (247.5)
denovo105 C56_AY589760 367 (266.0)
denovo105 C1140_DQ182638 368 (260.5)
denovo105 C1126_DQ182653 368 (260.5)
denovo105 C15c_AY258492 370 (257.0)
denovo105 C15d_AY258493 370 (257.0)
denovo105 C1098_DQ182641 370 (254.0)
denovo105 C15.27_KC597689 366 (255.5)
denovo105 C15.18_HE579024 371 (268.0)
denovo105 C15.16_HE579022 356 (265.0)
denovo105 C1101_AB253787 366 (245.5)
denovo105 C1083_AY237300 370 (259.5)
denovo105 C1088_DQ182640 373 (260.0)
denovo105 C15.6_FN563472 357 (256.0)
denovo105 C15.5_FJ461512 361 (257.5)
denovo105 C15.4_FJ461511 361 (257.0)
denovo105 C15.13_HE579019 358 (249.5)
denovo105 C15.12_HE579018 360 (249.0)
denovo105 C93a_AM748563 360 (267.0)
denovo105 C1094_AJ291514 370 (260.0)
denovo105 C93_AM748562 370 (269.0)
denovo105 C15.17_HE579023 360 (252.5)
denovo105 C15e_AY589742 364 (265.0)
denovo105 C15.22_KC597695 360 (258.0)
denovo105 C60_AY589764 369 (263.0)
denovo105 C15.1_FJ461508 360 (258.0)
denovo105 C15.2_FJ461509 360 (267.0)
denovo105 C15.9_FN563475 370 (257.0)
denovo105 C15.7_HE579015 363 (257.5)
denovo105 C15.8_HE579016 360 (249.0)
denovo105 C15.15_HE579021 360 (267.0)
denovo105 C15.19_HE579025 360 (267.0)
denovo105 C15.24_KC597696 358 (259.0)
denovo105 C15.3_FJ461510 364 (268.0)
denovo105 C1087_DQ182655 367 (258.0)
denovo105 C15.14_HE579020 370 (262.5)
denovo105 C15.23_KC597697 370 (262.5)
denovo105 C19_AY258479 366 (261.0)
denovo105 C1233_EU118166 357 (265.0)
denovo105 C15b_AY258491 364 (251.0)
denovo105 C15a_AY258476 364 (259.0)
denovo105 C1051_AF195153 360 (267.0)
denovo105 C2_AF333518 361 (266.5)
denovo105 C15.20_HE579026 370 (262.5)
denovo105 C15f_AY589743 362 (260.0)
denovo105 C55_AY589759 370 (270.0)
denovo105 C15_AY239369 360 (258.0)
denovo105 C32.1_JF683335 375 (273.0)
denovo105 C32.2_JF683336 361 (275.0)
denovo105 C21.23_KC597693 361 (275.0)
denovo105 C1193_EU099827 361 (275.5)
denovo105 C1195_EU099821 370 (267.0)
denovo105 C3q_GU907655 357 (268.5)
denovo105 C53_AY589758 368 (263.0)
denovo105 C73_AY765408 352 (266.5)
denovo105 C17.2.1_KC597684 353 (270.5)
denovo105 C32_AY258497 371 (262.5)
denovo105 C1189_EU099831 351 (255.5)
denovo105 C1191_EU099833 353 (253.0)
denovo105 C1196_EU099819 356 (263.0)
denovo105 C1192_EU099820 356 (263.0)
denovo105 C17.1_JF683322 352 (270.0)
denovo105 C26_b2_FN827164 355 (264.0)
denovo105 C26_b3_FN827165 355 (280.0)
denovo105 C31.9_HQ630879 354 (264.5)
denovo105 C31a_AY589746 357 (276.5)
denovo105 C30_AY589745 362 (266.0)
denovo105 C31.1_HQ630876 359 (266.5)
denovo105 C31.5_HQ630877 364 (263.5)
denovo105 C31.6_HQ630878 360 (261.0)
denovo105 C31.2_JF683332 360 (278.5)
denovo105 C31.3_JF683333 363 (269.5)
denovo105 C26/C35a_AY239378 352 (271.5)
denovo105 C35a_AY258501 352 (271.5)
denovo105 C35.2_AY258500 355 (264.5)
denovo105 C26_b1_FN827163 355 (264.5)
denovo105 C17_AY239370 354 (266.0)
denovo105 C17.2_FJ461513 353 (265.5)
denovo105 C31.10_HQ630880 354 (264.5)
denovo105 C31.4_JF683334 364 (258.0)
denovo105 C31_AY258496 360 (269.5)
denovo105 C25_AY239377 355 (295.5)
denovo105 C61_AY589765 363 (233.0)
denovo105 C1043_DQ072721 365 (283.0)
denovo105 C79_AY765414 353 (301.0)
denovo105 C69_AY589773 363 (287.0)
denovo105 C69a_AY686648 360 (294.0)
denovo105 C21.22_KC597692 365 (269.0)
denovo105 C51_AY589756 356 (280.0)
denovo105 C1aa_HM185739 358 (289.5)
denovo105 C1096_DQ068023 369 (263.5)
denovo105 C74_AY765409 367 (265.0)
denovo105 C1185_AB294629 367 (265.0)
denovo105 C1184_AB294630 365 (268.0)
denovo105 C1153_AB294625 365 (267.5)
denovo105 C1154_AB294626 361 (267.0)
denovo105 C1187_AB294627 366 (262.0)
denovo105 C1186_AB294628 367 (267.5)
denovo105 C57_AY589761 361 (275.0)
denovo105 C66_AY589771 365 (268.0)
denovo105 C5_AF499795 362 (253.5)
denovo105 C1167_AB294586 370 (260.5)
denovo105 C1164_AB294593 363 (267.0)
denovo105 C1183_AB294631 359 (270.0)
denovo105 C1067_DQ335381 375 (272.5)
denovo105 C1159_AB294613 374 (267.0)
denovo105 C1150_AB294622 362 (260.5)
denovo105 C90_AM748554 366 (269.5)
denovo105 C1168_AB294583 360 (267.5)
denovo105 C1156_AB294616 359 (282.5)
denovo105 C1151_AB294621 361 (269.5)
denovo105 C92a_AM748561 360 (276.0)
denovo105 C92_AM748560 360 (276.0)
denovo105 C1165_AB294581 370 (275.0)
denovo105 C1166_AB294584 361 (278.5)
denovo105 C1162_AB294594 361 (269.5)
denovo105 C1163_AB294596 361 (261.0)
denovo105 C1161_AB294606 370 (275.0)
denovo105 C1160_AB294608 360 (276.0)
denovo105 C1158_AB294614 356 (272.0)
denovo105 C1155_AB294617 361 (269.5)
denovo105 C1149_AB294620 370 (274.5)
denovo105 C1173_AB294662 361 (278.5)
denovo105 C1171_AB294663 361 (260.5)
denovo105 C1172_AB294665 361 (269.5)
denovo105 C91a_AM748556 360 (275.5)
denovo105 C91b_AM748557 361 (269.5)
denovo105 C91d_AM748559 361 (269.5)
denovo105 C91c_AM748558 361 (278.5)
denovo105 C91_AJ621543 361 (269.5)
denovo105 C91_AM748555 361 (269.5)
denovo105 C1023_DQ335330 342 (254.5)
denovo105 C1020_DQ335392 363 (284.5)
denovo105 C1018_DQ335408 361 (278.5)
denovo105 C1074_DQ335329 361 (269.5)
denovo105 C1030_DQ335353 361 (278.5)
denovo105 C1022_DQ335331 364 (270.5)
denovo105 C1027_DQ335360 361 (278.5)
denovo105 C1072_DQ335344 358 (285.5)
denovo105 C1039_AB190274 364 (279.0)
denovo105 C1033_DQ335350 375 (284.0)
denovo105 C1019_DQ335407 361 (278.5)
denovo105 C1194_EU099826 382 (270.5)
denovo105 C8b_AY258475 374 (267.5)
denovo105 C8_AY239367 372 (276.5)
denovo105 C8a_AY239368 372 (276.5)
denovo105 C54a_AY765406 356 (298.0)
denovo105 C3ff_HM185740 358 (285.5)
denovo105 C59_AY589763 364 (280.5)
denovo105 C3k_AY589737 360 (275.5)
denovo105 C3.24_HE579012 358 (279.0)
denovo105 C3.23_HE579011 358 (278.5)
denovo105 C35.1_AY765401 358 (297.0)
denovo105 C35.3_EF541145 358 (288.0)
denovo105 C76_AY765411 364 (285.0)
denovo105 C1107_DQ335359 355 (281.0)
denovo105 C3.22_HE579010 380 (265.0)
denovo105 C77_AY765412 357 (278.5)
denovo105 C20_AY239371 367 (279.0)
denovo105 C1055_DQ480640 357 (269.0)
denovo105 C27/C30_AY239379 350 (268.0)
denovo105 C27.1_FJ461517 350 (277.0)
denovo105 C40a_AY589747 374 (281.5)
denovo105 C40_AY258485 374 (281.5)
denovo105 C40b_AY589748 375 (281.0)
denovo105 C16_AY258477 362 (272.5)
denovo105 C16a_AY765399 364 (267.0)
denovo105 C1091_AB207186 364 (288.0)
denovo105 C1102_DQ335400 362 (279.5)
denovo105 C1069_DQ335375 358 (285.5)
denovo105 C1073_DQ335332 355 (277.5)
denovo105 C1066_DQ335382 358 (277.0)
denovo105 C1031_DQ335352 363 (275.5)
denovo105 C1026_DQ335366 363 (275.5)
denovo105 C70_AY589774 361 (278.5)
denovo105 C1082_AB190267 357 (282.5)
denovo105 C1078_AB190271 356 (289.5)
denovo105 C1090_AB207191 358 (285.5)
denovo105 C1071_DQ335302 358 (285.5)
denovo105 C1075_DQ335328 358 (285.5)
denovo105 C1068_DQ335379 357 (283.0)
denovo105 C1064_DQ335395 360 (283.0)
denovo105 C1063_DQ335403 358 (286.0)
denovo105 C62_AY589766 358 (285.5)
denovo105 C1077_DQ335316 357 (288.5)
denovo105 C1109_DQ335338 358 (294.5)
denovo105 C1110_DQ335340 355 (294.5)
denovo105 C1106_DQ335339 361 (295.0)
denovo105 C1112_DQ335319 364 (288.0)
denovo105 C1108_DQ335351 366 (299.0)
denovo105 C1105_DQ335394 361 (295.0)
denovo105 C1121_DQ335378 361 (304.0)
denovo105 C1116_AB190268 358 (294.5)
denovo105 C1115_AB190273 361 (295.0)
denovo105 C1124_DQ335323 370 (301.5)
denovo105 C1120_DQ335398 357 (291.0)
denovo105 C1119_DQ335404 358 (295.0)
denovo105 C1123_DQ335363 361 (295.0)
denovo105 C1004_DQ480635 376 (285.5)
denovo105 C1061_AY186568 378 (282.5)
denovo105 C1053_AY186569 377 (289.5)
denovo105 C1003_DQ480639 377 (288.5)
denovo105 C81_GU907657 357 (267.0)
denovo105 C22_AY239373 354 (275.5)
denovo105 C22a_AY239374 354 (284.5)
denovo105 C1232_EU118163 357 (266.5)
denovo105 C21.13_FJ461515 357 (283.0)
denovo105 C21.1_JF683323 354 (264.0)
denovo105 C21.3_JF683325 358 (277.0)
denovo105 C1.20_HE578993 376 (271.5)
denovo105 C1.22_HE578995 377 (264.5)
denovo105 C52_AY589757 379 (280.5)
denovo105 C1201_EU099793 362 (270.0)
denovo105 C14_AY589741 356 (302.0)
denovo105 C43_AY589749 357 (292.0)
denovo105 C50_AY589755 359 (273.5)
denovo105 C3.14_HQ630872 360 (285.0)
denovo105 C1m_AY765398 361 (278.5)
denovo105 C82_GU907658 368 (273.0)
denovo105 C82b_GU907660 368 (273.0)
denovo105 C64_AY589768 369 (266.5)
denovo105 C45a_AY765404 371 (273.0)
denovo105 C48_AY589753 357 (277.5)
denovo105 C1_v1b_FJ919244 367 (279.5)
denovo105 C1_v1a_FJ919243 361 (278.5)
denovo105 C3j_AY239366 357 (283.0)
denovo105 C3t_EF541149 361 (287.5)
denovo105 C9_AF499798 361 (287.5)
denovo105 C23_AY239375 361 (278.5)
denovo105 C37_AY258481 374 (280.5)
denovo105 C1048_DQ068026 361 (278.5)
denovo105 C21.4_JF683326 356 (271.0)
denovo105 C21.5_JF683327 356 (271.0)
denovo105 C1070_DQ335349 355 (289.0)
denovo105 C21.6_HQ630873 352 (278.0)
denovo105 C1224_EU074890 361 (270.0)
denovo105 C1.17_HE578990 361 (278.5)
denovo105 C21_b1_FN827162 357 (255.0)
denovo105 C21.9_JF683330 356 (262.0)
denovo105 C1085_AY624605 361 (279.0)
denovo105 C3p_GU907654 369 (279.5)
denovo105 C3f_AY589734 371 (282.0)
denovo105 C65a_AY589770 358 (285.5)
denovo105 C65_AY589769 361 (278.5)
denovo105 C71_AY589775 375 (274.5)
denovo105 C71a_AY589776 375 (274.5)
denovo105 C1178_AB294647 369 (275.5)
denovo105 C1225_EU074893 374 (271.0)
denovo105 C75_AY765410 361 (269.5)
denovo105 C21.10_JF683331 364 (265.5)
denovo105 C21.11_HQ630874 356 (262.0)
denovo105 C1065_DQ335388 371 (270.5)
denovo105 C1045_DQ068036 370 (277.5)
denovo105 C1h_AY258473 361 (278.5)
denovo105 C38_AY258482 360 (285.0)
denovo105 C1202_EU099799 363 (275.5)
denovo105 C7_AF499797 361 (278.5)
denovo105 C12_AF499801 365 (273.5)
denovo105 C38a_AY258483 361 (275.0)
denovo105 C1200_EU099800 359 (271.5)
denovo105 C44a_AY589751 373 (270.0)
denovo105 C47_AY589752 372 (266.5)
denovo105 C44_AY589750 371 (273.0)
denovo105 C1.15_HE578988 361 (278.5)
denovo105 C45.3_FJ461522 361 (278.5)
denovo105 C46a_AY765405 362 (281.5)
denovo105 C46_EU449108 360 (275.5)
denovo105 C3.12_FJ461507 361 (278.5)
denovo105 C1k_AY589733 374 (272.5)
denovo105 C67_AY686647 360 (276.0)
denovo105 C82a_GU907659 361 (278.5)
denovo105 C10a_AY589739 379 (272.5)
denovo105 C10_AF499799 376 (281.0)
denovo105 C13_AY589740 382 (287.0)
denovo105 C4_AF499794 361 (269.5)
denovo105 C1147_EF656433 361 (278.5)
denovo105 C1c/C45_AY239364 361 (278.5)
denovo105 C1c/C45_EU449103 361 (278.5)
denovo105 C21.19_HE579031 356 (262.5)
denovo105 C21.21_HE579033 366 (257.0)
denovo105 C21.20_HE579032 366 (257.0)
denovo105 C42b_AY765403 358 (276.5)
denovo105 C42_AY258487 358 (276.5)
denovo105 C1p_GU907652 358 (285.5)
denovo105 C1d_AY258488 358 (285.5)
denovo105 C42_AY765402 358 (285.5)
denovo105 C3ha_AY589736 356 (280.0)
denovo105 C63a_AY589767 355 (279.5)
denovo105 C21a_AY589744 356 (271.0)
denovo105 C3o_GU907653 356 (271.0)
denovo105 C21.16_HQ630875 356 (271.0)
denovo105 C21.2_JF683324 356 (271.0)
denovo105 C21.7_JF683328 366 (265.5)
denovo105 C21.8_JF683329 356 (271.0)
denovo105 C3h_AY239365 356 (271.0)
denovo105 C1203_EU099798 356 (262.0)
denovo105 C3.10_FJ461505 361 (278.5)
denovo105 C21.14_FJ461516 356 (271.0)
denovo105 C21.18_HE579030 358 (265.0)
denovo105 C3.17_HE579005 361 (269.5)
denovo105 C3.9_FJ461504 374 (281.0)
denovo105 C3.8_FJ461503 376 (279.5)
denovo105 C3.7_FJ461502 361 (269.5)
denovo105 C3.11_FJ461506 361 (278.5)
denovo105 C3.18_HE579006 361 (278.5)
denovo105 C3.19_HE579007 361 (287.5)
denovo105 C3.20_HE579008 361 (269.5)
denovo105 C3g_AY589735 363 (277.5)
denovo105 C3a_AF499790 360 (275.0)
denovo105 C3e_AF499793 361 (279.0)
denovo105 C6_AF499796 361 (278.5)
denovo105 C11_AF499800 371 (273.0)
denovo105 C36_AY258480 361 (278.5)
denovo105 C29_AY258494 359 (280.0)
denovo105 C1146_EF656434 361 (269.5)
denovo105 C1190_EU099841 361 (287.5)
denovo105 C131_JF320826 361 (278.5)
denovo105 C28_AY239380 363 (277.5)
denovo105 C1012_DQ480604 361 (278.5)
denovo105 C1181_AB294640 373 (290.0)
denovo105 C1180_AB294641 373 (290.0)
denovo105 C1179_AB294645 373 (272.0)
denovo105 C1176_AB294651 379 (281.0)
denovo105 C1175_AB294653 370 (281.0)
denovo105 C1174_AB294655 371 (276.0)
denovo105 C1177_AB294659 370 (282.0)
denovo105 C1040_AB190269 360 (276.0)
denovo105 C1182_AB294649 365 (271.0)
denovo105 C1089_AJ278598 362 (271.5)
denovo105 C1028_DQ335357 361 (287.5)
denovo105 C3.16_EU786015 357 (285.5)
denovo105 C1097_AJ311943 363 (271.0)
denovo105 C1170_AB294661 375 (278.0)
denovo105 C21.17_HE579029 357 (267.0)
denovo105 C21/3d/C3k_AY239372 356 (271.0)
denovo105 C58_AY589762 355 (265.0)
denovo105 C3L_AY589738 365 (277.5)
denovo105 C1169_AB294660 373 (281.0)
denovo105 C3.2_FJ461497 362 (285.5)
denovo105 C3.1_JF683321 364 (281.5)
denovo105 C1104_AF427469 358 (273.5)
denovo105 C3b_AF499791 360 (279.0)
denovo105 C83_GU907661 365 (274.5)
denovo105 C49_AY589754 385 (295.0)
denovo105 C3_AB778606 361 (278.5)
denovo105 C3_AF499789 361 (278.5)
denovo105 C3_HE579001 361 (278.5)
denovo105 C21.12_FJ461514 356 (280.0)
denovo105 C1229_EU074888 352 (266.5)
denovo105 C1230_EU074889 352 (275.0)
denovo105 C1114_AB207196 361 (278.5)
denovo105 C3.21_HE579009 360 (234.0)
denovo105 C1057_DQ480619 362 (271.5)
denovo105 C72_AY765407 354 (273.5)
denovo105 C1b.3_HE578999 362 (294.5)
denovo105 C93_AJ621536 361 (269.5)
denovo105 C94_AJ621539 361 (269.5)
denovo105 C1g_AY589730 361 (287.5)
denovo105 C1i_AY589731 361 (278.5)
denovo105 C1j_AY589732 361 (287.5)
denovo105 C1005_DQ480633 361 (278.5)
denovo105 C1.7_FJ461494 358 (278.5)
denovo105 C1.11_HE578984 361 (270.0)
denovo105 C1.12_HE578985 361 (269.5)
denovo105 C1.13_HE578986 361 (278.5)
denovo105 C1.14_HE578987 360 (284.5)
denovo105 C1.18_HE578991 361 (287.5)
denovo105 C1.19_HE578992 362 (280.5)
denovo105 C1199_EU099802 370 (264.5)
denovo105 C1188_EU099838 371 (273.0)
denovo105 C1002_DQ838544 371 (273.0)
denovo105 C1198_EU099810 361 (278.5)
denovo105 C24_AY239376 361 (269.5)
denovo105 C1f_AY258490 361 (278.5)
denovo105 C1006_DQ480629 361 (278.5)
denovo105 C1010_DQ480607 358 (279.5)
denovo105 C1007_DQ480624 377 (274.5)
denovo105 C1011_DQ480605 360 (284.5)
denovo105 C1009_DQ480608 361 (279.0)
denovo105 C1041_AY186548 366 (275.0)
denovo105 C1052_AY186570 360 (276.0)
denovo105 C1148_EU040178 371 (273.0)
denovo105 C1234_EU118165 368 (277.0)
denovo105 C1.5_EF634157 361 (278.5)
denovo105 C1059_DQ480609 361 (269.5)
denovo105 C1228_EU074883 361 (287.5)
denovo105 C1208_EU074963 361 (278.5)
denovo105 C1207_EU074964 364 (269.5)
denovo105 C1206_EU074965 361 (278.5)
denovo105 C1013_DQ480642 355 (289.0)
denovo105 C80_GU907656 379 (277.0)
denovo105 C1a_AF499788 361 (278.5)
denovo105 C41_AY258486 361 (278.5)
denovo105 C39_AY258484 364 (275.5)
denovo105 C1231_EU074878 361 (269.5)
denovo105 C1b.1_HE578997 362 (276.5)
denovo105 C18_AY258478 359 (271.0)
denovo105 C1.10_HE578983 357 (273.0)
denovo105 C1_JN558041 361 (278.5)
denovo105 C1_HE578979 361 (278.5)
denovo105 C1_AM748551 361 (278.5)
denovo105 C1_AF333515 361 (278.5)
denovo105 C1054_AY186565 362 (277.5)
denovo105 C1008_DQ480613 361 (278.5)
denovo105 C1103_AF427470 358 (273.5)
denovo105 C1226_EU074881 361 (281.5)
denovo105 C1b/C1e_AY239363 362 (285.5)
denovo105 C1044_DQ068038 371 (274.0)
denovo105 C1017_DQ174729 363 (285.5)
denovo105 C1.6_FJ461493 357 (285.5)
denovo105 C1b.2_HE578998 362 (285.5)
denovo105 C1060_DQ480600 361 (270.0)
denovo105 C1227_EU074882 357 (285.5)
denovo105 C1197_EU099814 359 (279.5)
denovo105 C1130_DQ480643 353 (255.5)
denovo105 D109_AB097465 367 (266.0)
denovo105 D1.11_HE579040 368 (262.5)
denovo105 D105_AF174570 368 (271.0)
denovo105 D104_AF174572 358 (275.5)
denovo105 D1.3_JF683337 367 (268.5)
denovo105 D1.10_HE579039 371 (271.0)
denovo105 D110_AF174561 371 (271.0)
denovo105 D117_AF174542 370 (267.5)
denovo105 D114_AF174549 368 (271.0)
denovo105 D113_AF174557 358 (265.5)
denovo105 D112_AF174558 348 (266.5)
denovo105 D106_AF174559 368 (280.0)
denovo105 D111_AF174560 365 (269.5)
denovo105 D115_AF174562 368 (271.0)
denovo105 D107_AF174568 368 (271.0)
denovo105 D116_AF174571 364 (275.5)
denovo105 D124_EU074897 368 (271.0)
denovo105 D1.8_HE579037 372 (265.0)
denovo105 D3_AY686650 371 (270.5)
denovo105 D1.6_HQ630881 368 (280.0)
denovo105 D120_EU074900 368 (271.0)
denovo105 D121_EU074904 368 (271.0)
denovo105 D122_EU074905 368 (271.0)
denovo105 D1a.2_JF683339 362 (272.5)
denovo105 D1a.1_JF683338 368 (271.0)
denovo105 D2_AY686649 575 (347.0)
denovo105 D4_DQ865214 353 (268.0)
denovo105 D1a_AF499802 368 (271.0)
denovo105 D1a_JN558078 368 (271.0)
denovo105 D123_EU074895 368 (262.0)
denovo105 D108_AF174567 368 (271.0)
denovo105 D103_AF174575 368 (271.0)
denovo105 D100_AF411415 367 (268.0)
denovo105 D118_EF656435 366 (264.5)
denovo105 D101_AF411416 366 (269.0)
denovo105 D119_EU099832 349 (268.5)
denovo105 D102_AF174573 367 (272.0)
denovo105 D1_AF334660 368 (271.0)
denovo105 D1_JN558076 368 (271.0)
denovo105 D1.12_HE579041 342 (263.5)
denovo105 D1.1_AM748564 424 (293.0)
denovo105 D1.2_AM748617 457 (323.0)
denovo105 E111_EU074915 367 (291.5)
denovo105 E110_EU074914 372 (315.5)
denovo105 E114_EU074909 377 (304.5)
denovo105 E1_AF334659 361 (296.5)
denovo105 E105_EU074921 360 (306.5)
denovo105 E112_EU074916 361 (318.5)
denovo105 E104_EU074922 361 (309.5)
denovo105 E102_EU074924 361 (300.5)
denovo105 E103_EU074923 361 (309.5)
denovo105 E101_AY160123 361 (307.0)
denovo105 E109_EU074913 370 (310.5)
denovo105 E100_DQ011618 371 (320.5)
denovo105 E108_EU074912 380 (312.0)
denovo105 E113_EU074908 375 (309.5)
denovo105 E107_EU074910 376 (309.0)
denovo105 F1_JN558066 353 (372.5)
denovo105 F5.2d_AJ291530 355 (349.5)
denovo105 F104_AJ291531 355 (349.5)
denovo105 F5.2c_AM748596 355 (349.5)
denovo105 F5.2_AM748594 355 (350.0)
denovo105 F5.2a_AM748614 355 (350.0)
denovo105 F5.2b_AM748595 355 (350.0)
denovo105 F5.2e_AJ291533 356 (326.0)
denovo105 F5.2g_JN558072 356 (351.0)
denovo105 F5.2f_AJ291512 353 (362.0)
denovo105 F102_AJ291534 355 (367.5)
denovo105 F5.1c_AM748593 357 (355.0)
denovo105 F5.1d_JN558069 357 (356.5)
denovo105 F5.1b_AJ291535 357 (355.0)
denovo105 F5.1_AM748592 357 (355.0)
denovo105 F5.1a_AM748591 357 (346.0)
denovo105 F110_AJ291526 359 (350.5)
denovo105 F4.7_AM748587 355 (352.0)
denovo105 F4.5_AM748585 355 (355.5)
denovo105 F4.4a_AM748583 368 (343.5)
denovo105 F4.4_AM748582 350 (350.5)
denovo105 F4.4b_AM748584 350 (350.5)
denovo105 F4.1a_AM748573 362 (333.5)
denovo105 F112_AJ291528 361 (348.5)
denovo105 F4.1_AM748572 361 (348.5)
denovo105 F4.8b_AM748590 350 (327.0)
denovo105 F4.8_AM748588 371 (324.5)
denovo105 F4.8a_AM748589 365 (325.0)
denovo105 F109_AJ291527 371 (324.0)
denovo105 F4.6_AM748586 358 (332.0)
denovo105 F111_AJ311949 362 (330.5)
denovo105 F4.3c_AM748581 356 (341.0)
denovo105 F4.3a_AM748579 363 (343.0)
denovo105 F4.3b_AM748580 362 (340.0)
denovo105 F4.3_AM748578 362 (349.0)
denovo105 F4.2_AM748574 365 (343.5)
denovo105 F4.2a_AM748575 359 (330.5)
denovo105 F4.2c_AM748577 365 (327.0)
denovo105 F4.2b_AM748576 359 (330.5)
denovo105 F2b_AJ291521 350 (341.0)
denovo105 F2_AJ830908 353 (349.5)
denovo105 F2a_AJ830911 352 (351.5)
denovo105 F3.1a_AM748566 364 (368.0)
denovo105 F114_AJ291525 364 (349.5)
denovo105 F3.1_AM748565 364 (358.5)
denovo105 F3.2_AM748567 362 (342.5)
denovo105 F3.2a_AM748568 367 (338.5)
denovo105 F3.3_AM748569 383 (330.0)
denovo105 F3.4a_AM748571 361 (317.5)
denovo105 F3.4_AM748570 362 (329.5)
denovo105 F3.4b_AM748616 362 (329.5)
denovo105 G101_AJ291539 376 (308.5)
denovo105 G1_AM748597 377 (311.0)
denovo105 G2b_JN558087 380 (300.0)
denovo105 G2_AM748598 364 (297.0)
denovo105 G2a_AM748599 380 (298.5)
denovo105 G4_AM748601 384 (298.0)
denovo105 G3.4_LK392378 377 (310.5)
denovo105 G3_AM748600 378 (314.0)
denovo105 G3.2_KC597694 374 (288.5)
denovo105 G3.1_KC597688 380 (305.0)
denovo105 G100_AB253788 387 (299.5)
denovo105 G3.3_LK392377 385 (303.0)
denovo105 H6_AJ291520 658 (286.0)
denovo105 H3_AM748606 359 (286.5)
denovo105 H2_AM748605 362 (263.5)
denovo105 H4_AM748607 352 (270.0)
denovo105 H4a_AM748608 353 (269.5)
denovo105 H5a_AM748611 356 (257.5)
denovo105 H5b_AM748610 355 (261.5)
denovo105 H5_AJ621129 353 (257.0)
denovo105 H5_AM748609 353 (257.0)
denovo105 H100_AJ291513 358 (251.0)
denovo105 H1b_AM748604 358 (244.0)
denovo105 H1a_AM748612 356 (249.5)
denovo105 H1_AJ621152 358 (246.0)
denovo105 H1_AM748602 358 (246.0)
denovo105 I3_FN561561 368 (353.5)
denovo105 I4_FN561562 368 (353.5)
denovo105 I1_FN561559 359 (364.0)
denovo105 I2_FN561560 373 (350.5)

#---------------------------------------
#---------------------------------------
