denovo250 A136_DQ865210 354 (319.5)
denovo250 A133_DQ174725 368 (321.5)
denovo250 A115_AF180123 359 (320.0)
denovo250 A117_AF201746 357 (336.0)
denovo250 A134_DQ174723 357 (336.0)
denovo250 A114_AF184941 357 (336.0)
denovo250 A135_DQ174727 349 (327.0)
denovo250 A2_AF333506 349 (332.5)
denovo250 A101_AF427468 349 (336.0)
denovo250 A2_1_JN558097 349 (336.0)
denovo250 A2_2_JN558100 349 (336.0)
denovo250 A113_AF184948 348 (314.0)
denovo250 A112_AF184949 350 (311.5)
denovo250 A123_EF378618 348 (244.5)
denovo250 A137_EF378621 362 (219.5)
denovo250 A11_EU449041 347 (333.5)
denovo250 A121_DQ174722 345 (321.5)
denovo250 A15b_EU792886 346 (324.0)
denovo250 A15a_EU792885 352 (317.5)
denovo250 A15c_EU792887 349 (317.0)
denovo250 A15_EU792884 349 (317.0)
denovo250 A147_EU074937 343 (324.0)
denovo250 A154_EU074860 345 (303.0)
denovo250 A146_EU074936 345 (320.0)
denovo250 A150_EU074928 352 (317.5)
denovo250 A116_AF183575 346 (323.5)
denovo250 A141_EU074931 345 (321.0)
denovo250 A5_AF333508 354 (311.0)
denovo250 A3b_EU449043 345 (312.0)
denovo250 A151_EU074925 345 (321.0)
denovo250 A152_EU074927 345 (321.0)
denovo250 A149_EU074929 345 (321.0)
denovo250 A140_EU074930 347 (317.0)
denovo250 A142_EU074932 354 (314.0)
denovo250 A143_EU074933 345 (321.0)
denovo250 A144_EU074934 349 (314.0)
denovo250 A145_EU074935 343 (325.0)
denovo250 A148_EU074938 345 (321.0)
denovo250 A155_EU074856 349 (314.5)
denovo250 A156_EU074859 345 (312.0)
denovo250 A139_EU074962 345 (321.0)
denovo250 A6_AF186058 345 (321.0)
denovo250 A3_AF333507 345 (321.0)
denovo250 A3_JN558091 345 (321.0)
denovo250 A8_AY258468 345 (303.0)
denovo250 A7_AY239360 351 (311.5)
denovo250 A16_EU792888 346 (314.0)
denovo250 A4.3_FN429763 354 (303.5)
denovo250 A120_AF180122 346 (306.0)
denovo250 A4.2_FN429761 352 (303.5)
denovo250 A4_AF333509 352 (313.5)
denovo250 A4.1_FN429760 352 (302.0)
denovo250 A4a_AF499778 353 (316.0)
denovo250 A4a.1_FN429762 353 (316.0)
denovo250 A138_EF378620 358 (283.5)
denovo250 A122_EF378619 345 (309.5)
denovo250 A126_EF378615 348 (314.5)
denovo250 A10_EU792882 348 (314.5)
denovo250 A9_EU449028 353 (314.5)
denovo250 A105_AB207202 345 (308.0)
denovo250 A119_AF180121 359 (306.0)
denovo250 A12_EU792883 357 (317.5)
denovo250 A104_AB207203 341 (315.0)
denovo250 A1a_EU449030 350 (313.0)
denovo250 A1.3_HE578976 360 (317.0)
denovo250 A1.4_HE578977 356 (314.5)
denovo250 A13_AF333504 355 (319.0)
denovo250 A13_JN558094 355 (319.0)
denovo250 A110_AB190282 346 (312.0)
denovo250 A103_AB207206 341 (314.0)
denovo250 A130_EF656428 350 (304.5)
denovo250 A127_EF656429 341 (314.0)
denovo250 A128_EF656430 350 (313.5)
denovo250 A129_EF656431 350 (322.5)
denovo250 A131_EF656432 350 (315.0)
denovo250 A118_AF180120 360 (301.5)
denovo250 A1_AF333505 350 (313.5)
denovo250 A107_AB207199 338 (315.5)
denovo250 A111_AB190280 338 (315.5)
denovo250 A108_AB207197 356 (309.0)
denovo250 A106_AB207200 348 (317.5)
denovo250 A102_AB207209 341 (315.0)
denovo250 A1.2_AB207210 341 (315.0)
denovo250 A109_AB190285 341 (314.5)
denovo250 B4_AF333510 365 (316.0)
denovo250 B23_EU449079 364 (310.0)
denovo250 B30_GU907644 362 (305.0)
denovo250 B11_AY239361 367 (318.0)
denovo250 B17_AY258470 358 (320.5)
denovo250 B1k_GU907638 314 (192.5)
denovo250 B1.V_Green2014 374 (299.5)
denovo250 B1b_AF499780 371 (307.0)
denovo250 B16_AY258469 364 (302.0)
denovo250 B31a_GU907646 368 (314.0)
denovo250 B32_GU907647 380 (304.5)
denovo250 B31_GU907645 371 (305.0)
denovo250 B1j_GU907637 364 (311.0)
denovo250 B37_GU907650 366 (310.0)
denovo250 B5a_AF499782 372 (306.0)
denovo250 B5_AF499781 372 (306.0)
denovo250 B24_GU907643 361 (250.5)
denovo250 B117_AF180124 370 (296.0)
denovo250 B10_AF499787 364 (320.0)
denovo250 B20_GU907642 362 (303.0)
denovo250 B1m_GU907640 360 (308.0)
denovo250 B34_GU907649 364 (312.0)
denovo250 B1d_GU907633 358 (319.5)
denovo250 B1e_GU907634 364 (311.0)
denovo250 B1i_GU907636 360 (308.0)
denovo250 B1g_GU907635 362 (302.0)
denovo250 B123_EU074872 362 (314.5)
denovo250 B8_AF499785 364 (307.0)
denovo250 B1l_GU907639 364 (302.0)
denovo250 B1a_AF499779 364 (311.0)
denovo250 B14_AY239362 366 (304.0)
denovo250 B125_EU074865 362 (314.5)
denovo250 B122_EU074871 365 (304.5)
denovo250 B124_EU074874 364 (311.0)
denovo250 B1.VII_Green2014 389 (279.0)
denovo250 B1.III_Green2014 350 (305.5)
denovo250 B1.I_Green2014 364 (311.0)
denovo250 B1.II_Green2014 364 (311.0)
denovo250 B1_JN558057 364 (311.0)
denovo250 B1_AF333511 364 (311.0)
denovo250 B1.IV_Green2014 368 (314.5)
denovo250 B121_EU074870 366 (307.5)
denovo250 B7_AF499784 364 (311.0)
denovo250 B1.VI_Green2014 359 (306.0)
denovo250 B3_AF333514 369 (303.5)
denovo250 B9_AF499786 370 (297.0)
denovo250 B19a_JN558055 362 (284.0)
denovo250 B119_EU099825 374 (308.5)
denovo250 B21_DQ865213 365 (315.0)
denovo250 B38_GU907651 365 (315.0)
denovo250 B18_AY258471 370 (297.0)
denovo250 B18a_AY258472 370 (297.0)
denovo250 B33_GU907648 370 (306.0)
denovo250 B6_AF499783 375 (304.0)
denovo250 B19_DQ865212 370 (306.0)
denovo250 B19_GU907641 370 (306.0)
denovo250 B2_AF333512 369 (312.5)
denovo250 B2_JN558060 369 (312.5)
denovo250 C33.1_AY258498 367 (327.0)
denovo250 C33.2_AY765400 367 (327.0)
denovo250 C33a_EF541147 367 (327.0)
denovo250 C34_AY258499 362 (315.0)
denovo250 C78_AY765413 360 (279.5)
denovo250 C15.29_KC597690 366 (268.0)
denovo250 C1131_DQ182650 368 (264.0)
denovo250 C1135_DQ182646 367 (260.0)
denovo250 C1134_DQ182647 367 (260.0)
denovo250 C1142_DQ182635 367 (260.0)
denovo250 C1136_DQ182644 360 (264.0)
denovo250 C1111_DQ182645 365 (263.0)
denovo250 C1236_EF473656 370 (260.0)
denovo250 C1138_DQ182642 368 (264.0)
denovo250 C1137_DQ182643 379 (257.5)
denovo250 C1133_DQ182648 370 (260.0)
denovo250 C1132_DQ182649 372 (266.0)
denovo250 C1143_DQ182634 370 (260.0)
denovo250 C1139_DQ182639 367 (245.5)
denovo250 C15.28_KC597687 366 (272.5)
denovo250 C1141_DQ182636 368 (272.5)
denovo250 C1144_DQ182637 371 (267.0)
denovo250 C1122_DQ182654 369 (266.5)
denovo250 C1127_DQ182652 368 (263.5)
denovo250 C15.30_JX394114 370 (273.5)
denovo250 C15.26_KC597686 361 (274.0)
denovo250 C1086_DQ182656 374 (278.5)
denovo250 C15.25_KC597685 374 (278.5)
denovo250 C1118_AF180127 362 (268.5)
denovo250 C1129_DQ182651 367 (269.5)
denovo250 C15.21_KC597683 358 (253.5)
denovo250 C56_AY589760 366 (279.0)
denovo250 C1140_DQ182638 365 (267.0)
denovo250 C1126_DQ182653 362 (268.0)
denovo250 C15c_AY258492 369 (269.0)
denovo250 C15d_AY258493 369 (269.0)
denovo250 C1098_DQ182641 371 (274.0)
denovo250 C15.27_KC597689 370 (263.0)
denovo250 C15.18_HE579024 370 (280.0)
denovo250 C15.16_HE579022 355 (276.5)
denovo250 C1101_AB253787 373 (255.5)
denovo250 C1083_AY237300 362 (267.5)
denovo250 C1088_DQ182640 359 (269.5)
denovo250 C15.6_FN563472 356 (267.5)
denovo250 C15.5_FJ461512 368 (268.5)
denovo250 C15.4_FJ461511 371 (267.5)
denovo250 C15.13_HE579019 357 (261.0)
denovo250 C15.12_HE579018 359 (260.5)
denovo250 C93a_AM748563 359 (278.5)
denovo250 C1094_AJ291514 359 (269.5)
denovo250 C93_AM748562 359 (278.5)
denovo250 C15.17_HE579023 357 (259.0)
denovo250 C15e_AY589742 361 (280.0)
denovo250 C15.22_KC597695 359 (269.5)
denovo250 C60_AY589764 365 (275.0)
denovo250 C15.1_FJ461508 359 (269.5)
denovo250 C15.2_FJ461509 359 (278.5)
denovo250 C15.9_FN563475 374 (269.5)
denovo250 C15.7_HE579015 362 (269.0)
denovo250 C15.8_HE579016 359 (260.5)
denovo250 C15.15_HE579021 359 (278.5)
denovo250 C15.19_HE579025 359 (278.5)
denovo250 C15.24_KC597696 356 (267.5)
denovo250 C15.3_FJ461510 374 (278.5)
denovo250 C1087_DQ182655 359 (269.0)
denovo250 C15.14_HE579020 365 (274.0)
denovo250 C15.23_KC597697 365 (274.0)
denovo250 C19_AY258479 358 (269.5)
denovo250 C1233_EU118166 356 (276.5)
denovo250 C15b_AY258491 363 (262.5)
denovo250 C15a_AY258476 374 (269.5)
denovo250 C1051_AF195153 359 (278.5)
denovo250 C2_AF333518 360 (278.0)
denovo250 C15.20_HE579026 365 (274.0)
denovo250 C15f_AY589743 364 (270.5)
denovo250 C55_AY589759 368 (281.0)
denovo250 C15_AY239369 359 (269.5)
denovo250 C32.1_JF683335 362 (275.0)
denovo250 C32.2_JF683336 364 (282.0)
denovo250 C21.23_KC597693 364 (282.0)
denovo250 C1193_EU099827 362 (266.0)
denovo250 C1195_EU099821 373 (281.5)
denovo250 C3q_GU907655 350 (266.0)
denovo250 C53_AY589758 382 (274.5)
denovo250 C73_AY765408 359 (275.5)
denovo250 C17.2.1_KC597684 354 (279.5)
denovo250 C32_AY258497 367 (265.5)
denovo250 C1189_EU099831 368 (258.0)
denovo250 C1191_EU099833 368 (258.5)
denovo250 C1196_EU099819 370 (263.5)
denovo250 C1192_EU099820 370 (263.5)
denovo250 C17.1_JF683322 367 (274.0)
denovo250 C26_b2_FN827164 368 (264.0)
denovo250 C26_b3_FN827165 366 (283.5)
denovo250 C31.9_HQ630879 367 (272.5)
denovo250 C31a_AY589746 369 (272.5)
denovo250 C30_AY589745 372 (256.5)
denovo250 C31.1_HQ630876 366 (263.0)
denovo250 C31.5_HQ630877 363 (258.0)
denovo250 C31.6_HQ630878 359 (272.0)
denovo250 C31.2_JF683332 372 (274.5)
denovo250 C31.3_JF683333 372 (265.5)
denovo250 C26/C35a_AY239378 363 (275.0)
denovo250 C35a_AY258501 363 (275.0)
denovo250 C35.2_AY258500 366 (268.0)
denovo250 C26_b1_FN827163 366 (268.0)
denovo250 C17_AY239370 367 (274.0)
denovo250 C17.2_FJ461513 366 (273.5)
denovo250 C31.10_HQ630880 367 (272.5)
denovo250 C31.4_JF683334 376 (254.0)
denovo250 C31_AY258496 372 (265.5)
denovo250 C25_AY239377 374 (304.5)
denovo250 C61_AY589765 361 (252.0)
denovo250 C1043_DQ072721 369 (282.0)
denovo250 C79_AY765414 360 (317.0)
denovo250 C69_AY589773 369 (290.5)
denovo250 C69a_AY686648 366 (297.5)
denovo250 C21.22_KC597692 357 (280.0)
denovo250 C51_AY589756 358 (291.5)
denovo250 C1aa_HM185739 371 (298.5)
denovo250 C1096_DQ068023 365 (276.0)
denovo250 C74_AY765409 364 (290.5)
denovo250 C1185_AB294629 367 (282.0)
denovo250 C1184_AB294630 365 (285.0)
denovo250 C1153_AB294625 365 (285.0)
denovo250 C1154_AB294626 365 (285.5)
denovo250 C1187_AB294627 366 (279.0)
denovo250 C1186_AB294628 363 (288.0)
denovo250 C57_AY589761 364 (291.0)
denovo250 C66_AY589771 365 (285.0)
denovo250 C5_AF499795 376 (265.0)
denovo250 C1167_AB294586 361 (275.5)
denovo250 C1164_AB294593 370 (293.0)
denovo250 C1183_AB294631 358 (281.5)
denovo250 C1067_DQ335381 368 (291.5)
denovo250 C1159_AB294613 368 (272.5)
denovo250 C1150_AB294622 367 (270.5)
denovo250 C90_AM748554 371 (287.0)
denovo250 C1168_AB294583 365 (269.5)
denovo250 C1156_AB294616 364 (284.0)
denovo250 C1151_AB294621 366 (280.0)
denovo250 C92a_AM748561 365 (278.0)
denovo250 C92_AM748560 365 (278.0)
denovo250 C1165_AB294581 369 (287.0)
denovo250 C1166_AB294584 360 (290.0)
denovo250 C1162_AB294594 374 (284.0)
denovo250 C1163_AB294596 361 (275.0)
denovo250 C1161_AB294606 368 (286.0)
denovo250 C1160_AB294608 363 (281.5)
denovo250 C1158_AB294614 357 (290.0)
denovo250 C1155_AB294617 360 (281.0)
denovo250 C1149_AB294620 369 (287.0)
denovo250 C1173_AB294662 360 (290.0)
denovo250 C1171_AB294663 360 (272.0)
denovo250 C1172_AB294665 360 (281.0)
denovo250 C91a_AM748556 365 (286.5)
denovo250 C91b_AM748557 358 (284.5)
denovo250 C91d_AM748559 360 (281.0)
denovo250 C91c_AM748558 360 (290.0)
denovo250 C91_AJ621543 360 (281.0)
denovo250 C91_AM748555 360 (281.0)
denovo250 C1023_DQ335330 342 (271.0)
denovo250 C1020_DQ335392 377 (296.0)
denovo250 C1018_DQ335408 375 (290.0)
denovo250 C1074_DQ335329 375 (281.0)
denovo250 C1030_DQ335353 375 (290.0)
denovo250 C1022_DQ335331 375 (290.0)
denovo250 C1027_DQ335360 375 (290.0)
denovo250 C1072_DQ335344 372 (297.0)
denovo250 C1039_AB190274 380 (286.5)
denovo250 C1033_DQ335350 375 (291.0)
denovo250 C1019_DQ335407 375 (290.0)
denovo250 C1194_EU099826 379 (276.0)
denovo250 C8b_AY258475 371 (282.0)
denovo250 C8_AY239367 369 (291.0)
denovo250 C8a_AY239368 369 (291.0)
denovo250 C54a_AY765406 372 (296.5)
denovo250 C3ff_HM185740 371 (285.5)
denovo250 C59_AY589763 368 (279.0)
denovo250 C3k_AY589737 361 (294.0)
denovo250 C3.24_HE579012 359 (297.0)
denovo250 C3.23_HE579011 359 (296.5)
denovo250 C35.1_AY765401 375 (307.0)
denovo250 C35.3_EF541145 375 (298.0)
denovo250 C76_AY765411 367 (290.5)
denovo250 C1107_DQ335359 358 (286.5)
denovo250 C3.22_HE579010 381 (282.5)
denovo250 C77_AY765412 367 (285.0)
denovo250 C20_AY239371 375 (290.0)
denovo250 C1055_DQ480640 368 (291.5)
denovo250 C27/C30_AY239379 360 (277.5)
denovo250 C27.1_FJ461517 347 (284.5)
denovo250 C40a_AY589747 375 (290.5)
denovo250 C40_AY258485 375 (290.5)
denovo250 C40b_AY589748 365 (290.5)
denovo250 C16_AY258477 366 (279.5)
denovo250 C16a_AY765399 364 (283.5)
denovo250 C1091_AB207186 380 (295.5)
denovo250 C1102_DQ335400 368 (293.0)
denovo250 C1069_DQ335375 358 (291.5)
denovo250 C1073_DQ335332 372 (288.5)
denovo250 C1066_DQ335382 372 (288.5)
denovo250 C1031_DQ335352 378 (289.5)
denovo250 C1026_DQ335366 378 (289.5)
denovo250 C70_AY589774 375 (290.0)
denovo250 C1082_AB190267 376 (291.0)
denovo250 C1078_AB190271 372 (297.0)
denovo250 C1090_AB207191 372 (297.0)
denovo250 C1071_DQ335302 354 (297.5)
denovo250 C1075_DQ335328 372 (297.0)
denovo250 C1068_DQ335379 372 (297.0)
denovo250 C1064_DQ335395 361 (301.0)
denovo250 C1063_DQ335403 372 (297.5)
denovo250 C62_AY589766 372 (297.0)
denovo250 C1077_DQ335316 371 (300.0)
denovo250 C1109_DQ335338 372 (306.0)
denovo250 C1110_DQ335340 366 (306.5)
denovo250 C1106_DQ335339 364 (300.5)
denovo250 C1112_DQ335319 380 (295.5)
denovo250 C1108_DQ335351 377 (302.5)
denovo250 C1105_DQ335394 377 (302.5)
denovo250 C1121_DQ335378 377 (311.5)
denovo250 C1116_AB190268 372 (306.0)
denovo250 C1115_AB190273 377 (302.5)
denovo250 C1124_DQ335323 377 (311.0)
denovo250 C1120_DQ335398 377 (302.5)
denovo250 C1119_DQ335404 373 (306.0)
denovo250 C1123_DQ335363 377 (302.5)
denovo250 C1004_DQ480635 367 (293.5)
denovo250 C1061_AY186568 376 (293.0)
denovo250 C1053_AY186569 375 (299.0)
denovo250 C1003_DQ480639 375 (299.0)
denovo250 C81_GU907657 357 (282.5)
denovo250 C22_AY239373 355 (294.0)
denovo250 C22a_AY239374 355 (303.0)
denovo250 C1232_EU118163 375 (272.5)
denovo250 C21.13_FJ461515 367 (292.0)
denovo250 C21.1_JF683323 353 (277.5)
denovo250 C21.3_JF683325 367 (283.0)
denovo250 C1.20_HE578993 364 (276.5)
denovo250 C1.22_HE578995 365 (269.5)
denovo250 C52_AY589757 363 (295.0)
denovo250 C1201_EU099793 372 (284.0)
denovo250 C14_AY589741 370 (313.5)
denovo250 C43_AY589749 371 (303.5)
denovo250 C50_AY589755 376 (283.5)
denovo250 C3.14_HQ630872 374 (296.5)
denovo250 C1m_AY765398 375 (290.0)
denovo250 C82_GU907658 382 (284.5)
denovo250 C82b_GU907660 382 (284.5)
denovo250 C64_AY589768 367 (276.5)
denovo250 C45a_AY765404 376 (284.0)
denovo250 C48_AY589753 380 (288.5)
denovo250 C1_v1b_FJ919244 375 (290.0)
denovo250 C1_v1a_FJ919243 375 (290.0)
denovo250 C3j_AY239366 371 (294.5)
denovo250 C3t_EF541149 374 (296.0)
denovo250 C9_AF499798 375 (299.0)
denovo250 C23_AY239375 375 (290.0)
denovo250 C37_AY258481 374 (287.5)
denovo250 C1048_DQ068026 375 (290.0)
denovo250 C21.4_JF683326 367 (283.0)
denovo250 C21.5_JF683327 367 (283.0)
denovo250 C1070_DQ335349 369 (300.5)
denovo250 C21.6_HQ630873 363 (290.0)
denovo250 C1224_EU074890 362 (296.5)
denovo250 C1.17_HE578990 375 (290.0)
denovo250 C21_b1_FN827162 368 (267.0)
denovo250 C21.9_JF683330 367 (274.0)
denovo250 C1085_AY624605 375 (290.5)
denovo250 C3p_GU907654 373 (287.5)
denovo250 C3f_AY589734 375 (290.0)
denovo250 C65a_AY589770 356 (303.5)
denovo250 C65_AY589769 359 (296.5)
denovo250 C71_AY589775 373 (290.5)
denovo250 C71a_AY589776 373 (290.5)
denovo250 C1178_AB294647 374 (300.0)
denovo250 C1225_EU074893 378 (281.5)
denovo250 C75_AY765410 375 (281.0)
denovo250 C21.10_JF683331 367 (274.0)
denovo250 C21.11_HQ630874 367 (274.0)
denovo250 C1065_DQ335388 376 (283.0)
denovo250 C1045_DQ068036 375 (290.0)
denovo250 C1h_AY258473 375 (290.0)
denovo250 C38_AY258482 375 (298.0)
denovo250 C1202_EU099799 377 (287.0)
denovo250 C7_AF499797 375 (290.0)
denovo250 C12_AF499801 379 (285.0)
denovo250 C38a_AY258483 376 (289.5)
denovo250 C1200_EU099800 368 (286.5)
denovo250 C44a_AY589751 362 (287.5)
denovo250 C47_AY589752 369 (280.0)
denovo250 C44_AY589750 376 (284.0)
denovo250 C1.15_HE578988 375 (290.0)
denovo250 C45.3_FJ461522 375 (290.0)
denovo250 C46a_AY765405 366 (280.5)
denovo250 C46_EU449108 368 (285.5)
denovo250 C3.12_FJ461507 375 (290.0)
denovo250 C1k_AY589733 362 (297.0)
denovo250 C67_AY686647 374 (287.5)
denovo250 C82a_GU907659 375 (290.0)
denovo250 C10a_AY589739 378 (281.0)
denovo250 C10_AF499799 377 (287.0)
denovo250 C13_AY589740 383 (292.5)
denovo250 C4_AF499794 375 (281.0)
denovo250 C1147_EF656433 375 (290.0)
denovo250 C1c/C45_AY239364 375 (290.0)
denovo250 C1c/C45_EU449103 375 (290.0)
denovo250 C21.19_HE579031 367 (274.0)
denovo250 C21.21_HE579033 368 (268.0)
denovo250 C21.20_HE579032 368 (268.0)
denovo250 C42b_AY765403 372 (288.0)
denovo250 C42_AY258487 372 (288.0)
denovo250 C1p_GU907652 372 (297.0)
denovo250 C1d_AY258488 372 (288.0)
denovo250 C42_AY765402 372 (297.0)
denovo250 C3ha_AY589736 367 (292.0)
denovo250 C63a_AY589767 366 (291.5)
denovo250 C21a_AY589744 367 (283.0)
denovo250 C3o_GU907653 367 (283.0)
denovo250 C21.16_HQ630875 367 (283.0)
denovo250 C21.2_JF683324 366 (280.5)
denovo250 C21.7_JF683328 367 (274.0)
denovo250 C21.8_JF683329 357 (278.5)
denovo250 C3h_AY239365 367 (283.0)
denovo250 C1203_EU099798 367 (274.0)
denovo250 C3.10_FJ461505 375 (290.0)
denovo250 C21.14_FJ461516 367 (283.0)
denovo250 C21.18_HE579030 369 (277.0)
denovo250 C3.17_HE579005 375 (281.0)
denovo250 C3.9_FJ461504 361 (283.0)
denovo250 C3.8_FJ461503 382 (282.0)
denovo250 C3.7_FJ461502 375 (281.0)
denovo250 C3.11_FJ461506 382 (293.5)
denovo250 C3.18_HE579006 375 (290.0)
denovo250 C3.19_HE579007 362 (297.0)
denovo250 C3.20_HE579008 375 (281.0)
denovo250 C3g_AY589735 365 (290.0)
denovo250 C3a_AF499790 361 (293.5)
denovo250 C3e_AF499793 375 (290.5)
denovo250 C6_AF499796 375 (290.0)
denovo250 C11_AF499800 375 (281.0)
denovo250 C36_AY258480 366 (291.0)
denovo250 C29_AY258494 375 (290.0)
denovo250 C1146_EF656434 375 (281.0)
denovo250 C1190_EU099841 375 (299.0)
denovo250 C131_JF320826 375 (290.0)
denovo250 C28_AY239380 377 (289.0)
denovo250 C1012_DQ480604 375 (290.0)
denovo250 C1181_AB294640 374 (299.5)
denovo250 C1180_AB294641 374 (299.5)
denovo250 C1179_AB294645 374 (290.5)
denovo250 C1176_AB294651 364 (288.5)
denovo250 C1175_AB294653 368 (291.0)
denovo250 C1174_AB294655 374 (281.5)
denovo250 C1177_AB294659 371 (291.5)
denovo250 C1040_AB190269 374 (287.5)
denovo250 C1182_AB294649 379 (282.5)
denovo250 C1089_AJ278598 376 (283.0)
denovo250 C1028_DQ335357 375 (299.0)
denovo250 C3.16_EU786015 371 (297.0)
denovo250 C1097_AJ311943 362 (282.5)
denovo250 C1170_AB294661 374 (281.5)
denovo250 C21.17_HE579029 370 (275.0)
denovo250 C21/3d/C3k_AY239372 367 (283.0)
denovo250 C58_AY589762 369 (276.0)
denovo250 C3L_AY589738 379 (289.0)
denovo250 C1169_AB294660 374 (290.5)
denovo250 C3.2_FJ461497 381 (285.0)
denovo250 C3.1_JF683321 378 (293.0)
denovo250 C1104_AF427469 372 (285.0)
denovo250 C3b_AF499791 374 (290.5)
denovo250 C83_GU907661 376 (286.0)
denovo250 C49_AY589754 400 (300.0)
denovo250 C3_AB778606 375 (290.0)
denovo250 C3_AF499789 375 (290.0)
denovo250 C3_HE579001 375 (290.0)
denovo250 C21.12_FJ461514 367 (292.0)
denovo250 C1229_EU074888 360 (276.0)
denovo250 C1230_EU074889 360 (284.5)
denovo250 C1114_AB207196 375 (290.0)
denovo250 C3.21_HE579009 373 (234.0)
denovo250 C1057_DQ480619 376 (283.0)
denovo250 C72_AY765407 367 (282.5)
denovo250 C1b.3_HE578999 381 (294.0)
denovo250 C93_AJ621536 375 (281.0)
denovo250 C94_AJ621539 375 (281.0)
denovo250 C1g_AY589730 375 (299.0)
denovo250 C1i_AY589731 360 (290.0)
denovo250 C1j_AY589732 375 (299.0)
denovo250 C1005_DQ480633 375 (290.0)
denovo250 C1.7_FJ461494 369 (290.5)
denovo250 C1.11_HE578984 375 (281.5)
denovo250 C1.12_HE578985 375 (281.0)
denovo250 C1.13_HE578986 364 (285.5)
denovo250 C1.14_HE578987 375 (290.0)
denovo250 C1.18_HE578991 375 (299.0)
denovo250 C1.19_HE578992 376 (292.0)
denovo250 C1199_EU099802 378 (275.0)
denovo250 C1188_EU099838 379 (283.5)
denovo250 C1002_DQ838544 376 (284.0)
denovo250 C1198_EU099810 362 (288.0)
denovo250 C24_AY239376 375 (281.0)
denovo250 C1f_AY258490 375 (290.0)
denovo250 C1006_DQ480629 375 (290.0)
denovo250 C1010_DQ480607 368 (288.0)
denovo250 C1007_DQ480624 364 (286.0)
denovo250 C1011_DQ480605 373 (284.5)
denovo250 C1009_DQ480608 375 (290.5)
denovo250 C1041_AY186548 364 (285.0)
denovo250 C1052_AY186570 375 (290.0)
denovo250 C1148_EU040178 376 (284.0)
denovo250 C1234_EU118165 373 (288.0)
denovo250 C1.5_EF634157 357 (291.0)
denovo250 C1059_DQ480609 375 (281.0)
denovo250 C1228_EU074883 375 (299.0)
denovo250 C1208_EU074963 366 (291.0)
denovo250 C1207_EU074964 375 (281.0)
denovo250 C1206_EU074965 375 (290.0)
denovo250 C1013_DQ480642 372 (299.0)
denovo250 C80_GU907656 371 (287.5)
denovo250 C1a_AF499788 360 (290.0)
denovo250 C41_AY258486 375 (290.0)
denovo250 C39_AY258484 364 (288.5)
denovo250 C1231_EU074878 375 (281.0)
denovo250 C1b.1_HE578997 381 (276.0)
denovo250 C18_AY258478 375 (281.0)
denovo250 C1.10_HE578983 365 (283.0)
denovo250 C1_JN558041 375 (290.0)
denovo250 C1_HE578979 375 (290.0)
denovo250 C1_AM748551 375 (290.0)
denovo250 C1_AF333515 375 (290.0)
denovo250 C1054_AY186565 376 (289.0)
denovo250 C1008_DQ480613 362 (288.0)
denovo250 C1103_AF427470 372 (285.0)
denovo250 C1226_EU074881 375 (293.0)
denovo250 C1b/C1e_AY239363 381 (285.0)
denovo250 C1044_DQ068038 373 (286.0)
denovo250 C1017_DQ174729 369 (283.0)
denovo250 C1.6_FJ461493 371 (297.0)
denovo250 C1b.2_HE578998 381 (285.0)
denovo250 C1060_DQ480600 375 (281.5)
denovo250 C1227_EU074882 371 (297.0)
denovo250 C1197_EU099814 373 (291.0)
denovo250 C1130_DQ480643 367 (267.0)
denovo250 D109_AB097465 355 (271.5)
denovo250 D1.11_HE579040 379 (273.0)
denovo250 D105_AF174570 383 (275.5)
denovo250 D104_AF174572 379 (273.5)
denovo250 D1.3_JF683337 364 (275.0)
denovo250 D1.10_HE579039 381 (270.5)
denovo250 D110_AF174561 359 (268.0)
denovo250 D117_AF174542 385 (272.5)
denovo250 D114_AF174549 369 (271.5)
denovo250 D113_AF174557 364 (273.5)
denovo250 D112_AF174558 364 (282.5)
denovo250 D106_AF174559 379 (282.0)
denovo250 D111_AF174560 361 (273.5)
denovo250 D115_AF174562 379 (273.0)
denovo250 D107_AF174568 367 (274.0)
denovo250 D116_AF174571 375 (277.5)
denovo250 D124_EU074897 379 (273.0)
denovo250 D1.8_HE579037 383 (267.0)
denovo250 D3_AY686650 382 (272.5)
denovo250 D1.6_HQ630881 369 (280.5)
denovo250 D120_EU074900 364 (273.5)
denovo250 D121_EU074904 379 (273.0)
denovo250 D122_EU074905 379 (273.5)
denovo250 D1a.2_JF683339 373 (274.5)
denovo250 D1a.1_JF683338 379 (273.0)
denovo250 D2_AY686649 577 (341.0)
denovo250 D4_DQ865214 363 (285.5)
denovo250 D1a_AF499802 364 (273.5)
denovo250 D1a_JN558078 364 (273.5)
denovo250 D123_EU074895 374 (265.5)
denovo250 D108_AF174567 379 (273.0)
denovo250 D103_AF174575 374 (274.5)
denovo250 D100_AF411415 363 (270.5)
denovo250 D118_EF656435 377 (266.5)
denovo250 D101_AF411416 362 (270.5)
denovo250 D119_EU099832 370 (276.0)
denovo250 D102_AF174573 378 (274.0)
denovo250 D1_AF334660 379 (273.0)
denovo250 D1_JN558076 379 (273.0)
denovo250 D1.12_HE579041 355 (257.0)
denovo250 D1.1_AM748564 428 (284.0)
denovo250 D1.2_AM748617 427 (309.5)
denovo250 E111_EU074915 385 (278.5)
denovo250 E110_EU074914 383 (292.0)
denovo250 E114_EU074909 380 (283.5)
denovo250 E1_AF334659 379 (284.0)
denovo250 E105_EU074921 378 (285.5)
denovo250 E112_EU074916 376 (288.0)
denovo250 E104_EU074922 376 (279.5)
denovo250 E102_EU074924 376 (270.5)
denovo250 E103_EU074923 376 (279.5)
denovo250 E101_AY160123 381 (283.5)
denovo250 E109_EU074913 372 (303.0)
denovo250 E100_DQ011618 375 (303.0)
denovo250 E108_EU074912 376 (304.5)
denovo250 E113_EU074908 375 (305.0)
denovo250 E107_EU074910 376 (304.5)
denovo250 F1_JN558066 350 (359.5)
denovo250 F5.2d_AJ291530 353 (340.5)
denovo250 F104_AJ291531 353 (340.5)
denovo250 F5.2c_AM748596 353 (340.5)
denovo250 F5.2_AM748594 356 (340.5)
denovo250 F5.2a_AM748614 356 (340.5)
denovo250 F5.2b_AM748595 355 (346.0)
denovo250 F5.2e_AJ291533 357 (316.5)
denovo250 F5.2g_JN558072 356 (347.5)
denovo250 F5.2f_AJ291512 356 (358.5)
denovo250 F102_AJ291534 356 (358.0)
denovo250 F5.1c_AM748593 355 (346.5)
denovo250 F5.1d_JN558069 353 (358.5)
denovo250 F5.1b_AJ291535 354 (362.5)
denovo250 F5.1_AM748592 354 (362.5)
denovo250 F5.1a_AM748591 354 (353.5)
denovo250 F110_AJ291526 369 (341.5)
denovo250 F4.7_AM748587 362 (332.5)
denovo250 F4.5_AM748585 368 (348.5)
denovo250 F4.4a_AM748583 365 (332.5)
denovo250 F4.4_AM748582 351 (341.0)
denovo250 F4.4b_AM748584 357 (351.5)
denovo250 F4.1a_AM748573 366 (334.0)
denovo250 F112_AJ291528 367 (337.0)
denovo250 F4.1_AM748572 367 (337.0)
denovo250 F4.8b_AM748590 380 (312.0)
denovo250 F4.8_AM748588 383 (312.5)
denovo250 F4.8a_AM748589 383 (312.5)
denovo250 F109_AJ291527 365 (310.0)
denovo250 F4.6_AM748586 360 (333.0)
denovo250 F111_AJ311949 368 (327.5)
denovo250 F4.3c_AM748581 361 (344.0)
denovo250 F4.3a_AM748579 369 (340.0)
denovo250 F4.3b_AM748580 368 (337.0)
denovo250 F4.3_AM748578 368 (346.0)
denovo250 F4.2_AM748574 371 (331.5)
denovo250 F4.2a_AM748575 363 (320.0)
denovo250 F4.2c_AM748577 364 (319.5)
denovo250 F4.2b_AM748576 370 (314.5)
denovo250 F2b_AJ291521 359 (335.5)
denovo250 F2_AJ830908 344 (337.0)
denovo250 F2a_AJ830911 354 (327.5)
denovo250 F3.1a_AM748566 363 (371.0)
denovo250 F114_AJ291525 363 (352.5)
denovo250 F3.1_AM748565 363 (361.5)
denovo250 F3.2_AM748567 365 (331.5)
denovo250 F3.2a_AM748568 365 (331.5)
denovo250 F3.3_AM748569 376 (322.0)
denovo250 F3.4a_AM748571 369 (320.5)
denovo250 F3.4_AM748570 351 (321.5)
denovo250 F3.4b_AM748616 351 (321.5)
denovo250 G101_AJ291539 373 (299.5)
denovo250 G1_AM748597 382 (306.0)
denovo250 G2b_JN558087 378 (299.0)
denovo250 G2_AM748598 363 (299.0)
denovo250 G2a_AM748599 363 (299.0)
denovo250 G4_AM748601 373 (305.5)
denovo250 G3.4_LK392378 373 (304.0)
denovo250 G3_AM748600 379 (322.5)
denovo250 G3.2_KC597694 376 (299.5)
denovo250 G3.1_KC597688 378 (313.5)
denovo250 G100_AB253788 375 (305.0)
denovo250 G3.3_LK392377 380 (304.5)
denovo250 H6_AJ291520 650 (292.5)
denovo250 H3_AM748606 357 (277.5)
denovo250 H2_AM748605 364 (271.0)
denovo250 H4_AM748607 353 (269.5)
denovo250 H4a_AM748608 353 (274.0)
denovo250 H5a_AM748611 368 (262.5)
denovo250 H5b_AM748610 365 (269.0)
denovo250 H5_AJ621129 365 (262.0)
denovo250 H5_AM748609 365 (262.0)
denovo250 H100_AJ291513 352 (257.0)
denovo250 H1b_AM748604 347 (246.5)
denovo250 H1a_AM748612 350 (255.5)
denovo250 H1_AJ621152 352 (252.0)
denovo250 H1_AM748602 352 (252.0)
denovo250 I3_FN561561 359 (351.0)
denovo250 I4_FN561562 357 (354.0)
denovo250 I1_FN561559 354 (354.0)
denovo250 I2_FN561560 352 (349.5)

#---------------------------------------
#---------------------------------------
