denovo46 A136_DQ865210 338 (528.5)
denovo46 A133_DQ174725 358 (495.5)
denovo46 A115_AF180123 338 (487.0)
denovo46 A117_AF201746 345 (506.5)
denovo46 A134_DQ174723 340 (509.5)
denovo46 A114_AF184941 345 (506.5)
denovo46 A135_DQ174727 355 (510.0)
denovo46 A2_AF333506 350 (509.0)
denovo46 A101_AF427468 355 (501.0)
denovo46 A2_1_JN558097 355 (501.0)
denovo46 A2_2_JN558100 355 (501.0)
denovo46 A113_AF184948 337 (520.0)
denovo46 A112_AF184949 338 (496.0)
denovo46 A123_EF378618 347 (353.5)
denovo46 A137_EF378621 353 (326.5)
denovo46 A11_EU449041 340 (539.0)
denovo46 A121_DQ174722 342 (522.0)
denovo46 A15b_EU792886 348 (488.0)
denovo46 A15a_EU792885 349 (500.0)
denovo46 A15c_EU792887 348 (497.0)
denovo46 A15_EU792884 348 (497.0)
denovo46 A147_EU074937 345 (505.5)
denovo46 A154_EU074860 344 (512.0)
denovo46 A146_EU074936 343 (508.5)
denovo46 A150_EU074928 346 (509.5)
denovo46 A116_AF183575 343 (508.5)
denovo46 A141_EU074931 343 (517.5)
denovo46 A5_AF333508 340 (524.5)
denovo46 A3b_EU449043 344 (521.0)
denovo46 A151_EU074925 340 (509.5)
denovo46 A152_EU074927 345 (506.0)
denovo46 A149_EU074929 340 (509.5)
denovo46 A140_EU074930 344 (503.0)
denovo46 A142_EU074932 344 (503.0)
denovo46 A143_EU074933 341 (512.5)
denovo46 A144_EU074934 344 (503.0)
denovo46 A145_EU074935 347 (511.0)
denovo46 A148_EU074938 344 (503.0)
denovo46 A155_EU074856 344 (503.0)
denovo46 A156_EU074859 344 (503.0)
denovo46 A139_EU074962 344 (503.0)
denovo46 A6_AF186058 344 (512.0)
denovo46 A3_AF333507 344 (512.0)
denovo46 A3_JN558091 344 (512.0)
denovo46 A8_AY258468 344 (494.0)
denovo46 A7_AY239360 344 (503.5)
denovo46 A16_EU792888 338 (512.5)
denovo46 A4.3_FN429763 350 (491.0)
denovo46 A120_AF180122 349 (479.0)
denovo46 A4.2_FN429761 348 (482.0)
denovo46 A4_AF333509 348 (510.0)
denovo46 A4.1_FN429760 347 (505.0)
denovo46 A4a_AF499778 348 (519.0)
denovo46 A4a.1_FN429762 348 (519.0)
denovo46 A138_EF378620 348 (457.0)
denovo46 A122_EF378619 347 (494.0)
denovo46 A126_EF378615 346 (495.0)
denovo46 A10_EU792882 346 (495.0)
denovo46 A9_EU449028 343 (504.5)
denovo46 A105_AB207202 344 (516.5)
denovo46 A119_AF180121 344 (488.5)
denovo46 A12_EU792883 343 (502.5)
denovo46 A104_AB207203 343 (513.5)
denovo46 A1a_EU449030 343 (513.5)
denovo46 A1.3_HE578976 345 (510.0)
denovo46 A1.4_HE578977 345 (519.0)
denovo46 A13_AF333504 345 (518.0)
denovo46 A13_JN558094 345 (518.0)
denovo46 A110_AB190282 345 (501.0)
denovo46 A103_AB207206 347 (516.0)
denovo46 A130_EF656428 345 (510.0)
denovo46 A127_EF656429 345 (519.0)
denovo46 A128_EF656430 345 (501.0)
denovo46 A129_EF656431 345 (510.0)
denovo46 A131_EF656432 345 (501.0)
denovo46 A118_AF180120 334 (495.0)
denovo46 A1_AF333505 345 (510.0)
denovo46 A107_AB207199 335 (522.0)
denovo46 A111_AB190280 342 (518.5)
denovo46 A108_AB207197 346 (496.5)
denovo46 A106_AB207200 344 (516.5)
denovo46 A102_AB207209 344 (516.5)
denovo46 A1.2_AB207210 344 (516.5)
denovo46 A109_AB190285 344 (516.5)
denovo46 B4_AF333510 321 (1130.5)
denovo46 B23_EU449079 308 (1224.5)
denovo46 B30_GU907644 308 (1206.5)
denovo46 B11_AY239361 309 (1336.5)
denovo46 B17_AY258470 307 (1356.0)
denovo46 B1k_GU907638 312 (671.5)
denovo46 B1.V_Green2014 314 (1313.5)
denovo46 B1b_AF499780 307 (1287.5)
denovo46 B16_AY258469 307 (1365.0)
denovo46 B31a_GU907646 307 (1365.0)
denovo46 B32_GU907647 307 (1365.0)
denovo46 B31_GU907645 307 (1374.0)
denovo46 B1j_GU907637 307 (1365.0)
denovo46 B37_GU907650 309 (1363.5)
denovo46 B5a_AF499782 307 (1365.0)
denovo46 B5_AF499781 307 (1374.0)
denovo46 B24_GU907643 307 (1205.0)
denovo46 B117_AF180124 307 (1256.5)
denovo46 B10_AF499787 307 (1365.0)
denovo46 B20_GU907642 309 (1348.5)
denovo46 B1m_GU907640 307 (1374.0)
denovo46 B34_GU907649 307 (1374.0)
denovo46 B1d_GU907633 307 (1374.0)
denovo46 B1e_GU907634 307 (1374.0)
denovo46 B1i_GU907636 307 (1374.0)
denovo46 B1g_GU907635 308 (1355.0)
denovo46 B123_EU074872 307 (1365.0)
denovo46 B8_AF499785 308 (1364.0)
denovo46 B1l_GU907639 307 (1374.0)
denovo46 B1a_AF499779 307 (1374.0)
denovo46 B14_AY239362 308 (1364.0)
denovo46 B125_EU074865 307 (1374.0)
denovo46 B122_EU074871 307 (1374.0)
denovo46 B124_EU074874 307 (1374.0)
denovo46 B1.VII_Green2014 307 (1304.0)
denovo46 B1.III_Green2014 307 (1302.0)
denovo46 B1.I_Green2014 307 (1383.0)
denovo46 B1.II_Green2014 307 (1383.0)
denovo46 B1_JN558057 307 (1383.0)
denovo46 B1_AF333511 307 (1383.0)
denovo46 B1.IV_Green2014 317 (1368.5)
denovo46 B121_EU074870 307 (1374.0)
denovo46 B7_AF499784 307 (1374.0)
denovo46 B1.VI_Green2014 308 (1323.0)
denovo46 B3_AF333514 307 (1261.5)
denovo46 B9_AF499786 307 (1270.5)
denovo46 B19a_JN558055 311 (1155.5)
denovo46 B119_EU099825 316 (1196.0)
denovo46 B21_DQ865213 307 (1257.0)
denovo46 B38_GU907651 307 (1257.0)
denovo46 B18_AY258471 307 (1288.5)
denovo46 B18a_AY258472 307 (1279.5)
denovo46 B33_GU907648 307 (1279.5)
denovo46 B6_AF499783 312 (1285.0)
denovo46 B19_DQ865212 307 (1297.5)
denovo46 B19_GU907641 307 (1297.5)
denovo46 B2_AF333512 307 (1288.5)
denovo46 B2_JN558060 307 (1288.5)
denovo46 C33.1_AY258498 335 (655.0)
denovo46 C33.2_AY765400 335 (655.0)
denovo46 C33a_EF541147 335 (655.0)
denovo46 C34_AY258499 335 (655.0)
denovo46 C78_AY765413 338 (627.5)
denovo46 C15.29_KC597690 335 (600.5)
denovo46 C1131_DQ182650 336 (594.5)
denovo46 C1135_DQ182646 329 (592.0)
denovo46 C1134_DQ182647 331 (580.5)
denovo46 C1142_DQ182635 331 (589.5)
denovo46 C1136_DQ182644 329 (572.0)
denovo46 C1111_DQ182645 329 (581.5)
denovo46 C1236_EF473656 329 (572.5)
denovo46 C1138_DQ182642 327 (585.0)
denovo46 C1137_DQ182643 329 (590.5)
denovo46 C1133_DQ182648 329 (572.5)
denovo46 C1132_DQ182649 328 (579.0)
denovo46 C1143_DQ182634 329 (581.5)
denovo46 C1139_DQ182639 331 (589.5)
denovo46 C15.28_KC597687 330 (650.0)
denovo46 C1141_DQ182636 330 (604.0)
denovo46 C1144_DQ182637 330 (604.0)
denovo46 C1122_DQ182654 331 (616.5)
denovo46 C1127_DQ182652 326 (611.5)
denovo46 C15.30_JX394114 336 (640.0)
denovo46 C15.26_KC597686 331 (634.0)
denovo46 C1086_DQ182656 333 (640.5)
denovo46 C15.25_KC597685 333 (649.5)
denovo46 C1118_AF180127 337 (604.5)
denovo46 C1129_DQ182651 333 (585.5)
denovo46 C15.21_KC597683 333 (622.5)
denovo46 C56_AY589760 330 (631.5)
denovo46 C1140_DQ182638 332 (600.0)
denovo46 C1126_DQ182653 332 (591.0)
denovo46 C15c_AY258492 332 (655.5)
denovo46 C15d_AY258493 331 (662.0)
denovo46 C1098_DQ182641 331 (650.5)
denovo46 C15.27_KC597689 333 (640.5)
denovo46 C15.18_HE579024 332 (637.5)
denovo46 C15.16_HE579022 335 (664.5)
denovo46 C1101_AB253787 333 (631.5)
denovo46 C1083_AY237300 333 (640.5)
denovo46 C1088_DQ182640 336 (638.5)
denovo46 C15.6_FN563472 333 (640.5)
denovo46 C15.5_FJ461512 335 (637.0)
denovo46 C15.4_FJ461511 335 (646.0)
denovo46 C15.13_HE579019 333 (631.5)
denovo46 C15.12_HE579018 333 (640.5)
denovo46 C93a_AM748563 333 (667.0)
denovo46 C1094_AJ291514 333 (649.0)
denovo46 C93_AM748562 333 (658.0)
denovo46 C15.17_HE579023 335 (631.0)
denovo46 C15e_AY589742 335 (649.0)
denovo46 C15.22_KC597695 333 (640.5)
denovo46 C60_AY589764 332 (646.0)
denovo46 C15.1_FJ461508 333 (640.5)
denovo46 C15.2_FJ461509 333 (640.5)
denovo46 C15.9_FN563475 333 (658.0)
denovo46 C15.7_HE579015 332 (655.0)
denovo46 C15.8_HE579016 333 (640.5)
denovo46 C15.15_HE579021 333 (640.5)
denovo46 C15.19_HE579025 333 (649.5)
denovo46 C15.24_KC597696 333 (631.5)
denovo46 C15.3_FJ461510 335 (646.0)
denovo46 C1087_DQ182655 333 (649.5)
denovo46 C15.14_HE579020 334 (640.0)
denovo46 C15.23_KC597697 334 (640.0)
denovo46 C19_AY258479 327 (654.0)
denovo46 C1233_EU118166 333 (640.5)
denovo46 C15b_AY258491 333 (640.5)
denovo46 C15a_AY258476 335 (655.0)
denovo46 C1051_AF195153 333 (658.5)
denovo46 C2_AF333518 334 (657.5)
denovo46 C15.20_HE579026 334 (649.0)
denovo46 C15f_AY589743 333 (645.5)
denovo46 C55_AY589759 338 (649.5)
denovo46 C15_AY239369 333 (649.5)
denovo46 C32.1_JF683335 331 (604.5)
denovo46 C32.2_JF683336 331 (604.5)
denovo46 C21.23_KC597693 331 (604.5)
denovo46 C1193_EU099827 339 (627.0)
denovo46 C1195_EU099821 338 (645.0)
denovo46 C3q_GU907655 337 (626.5)
denovo46 C53_AY589758 335 (619.0)
denovo46 C73_AY765408 342 (628.5)
denovo46 C17.2.1_KC597684 335 (596.5)
denovo46 C32_AY258497 335 (614.5)
denovo46 C1189_EU099831 335 (616.0)
denovo46 C1191_EU099833 334 (622.5)
denovo46 C1196_EU099819 335 (598.0)
denovo46 C1192_EU099820 335 (598.0)
denovo46 C17.1_JF683322 335 (616.0)
denovo46 C26_b2_FN827164 335 (622.0)
denovo46 C26_b3_FN827165 336 (597.5)
denovo46 C31.9_HQ630879 337 (602.5)
denovo46 C31a_AY589746 337 (599.0)
denovo46 C30_AY589745 337 (599.0)
denovo46 C31.1_HQ630876 341 (600.5)
denovo46 C31.5_HQ630877 335 (611.0)
denovo46 C31.6_HQ630878 336 (606.0)
denovo46 C31.2_JF683332 337 (608.0)
denovo46 C31.3_JF683333 337 (599.0)
denovo46 C26/C35a_AY239378 336 (606.5)
denovo46 C35a_AY258501 336 (606.5)
denovo46 C35.2_AY258500 336 (615.5)
denovo46 C26_b1_FN827163 336 (615.5)
denovo46 C17_AY239370 335 (616.0)
denovo46 C17.2_FJ461513 337 (615.0)
denovo46 C31.10_HQ630880 337 (611.5)
denovo46 C31.4_JF683334 341 (596.5)
denovo46 C31_AY258496 337 (608.0)
denovo46 C25_AY239377 332 (648.5)
denovo46 C61_AY589765 332 (603.5)
denovo46 C1043_DQ072721 335 (606.5)
denovo46 C79_AY765414 338 (626.5)
denovo46 C69_AY589773 325 (624.5)
denovo46 C69a_AY686648 325 (615.5)
denovo46 C21.22_KC597692 341 (597.5)
denovo46 C51_AY589756 334 (625.5)
denovo46 C1aa_HM185739 339 (641.0)
denovo46 C1096_DQ068023 332 (625.5)
denovo46 C74_AY765409 341 (658.5)
denovo46 C1185_AB294629 343 (655.0)
denovo46 C1184_AB294630 343 (655.0)
denovo46 C1153_AB294625 343 (655.0)
denovo46 C1154_AB294626 342 (670.5)
denovo46 C1187_AB294627 343 (655.0)
denovo46 C1186_AB294628 343 (655.0)
denovo46 C57_AY589761 343 (664.0)
denovo46 C66_AY589771 343 (664.0)
denovo46 C5_AF499795 333 (640.5)
denovo46 C1167_AB294586 333 (640.5)
denovo46 C1164_AB294593 333 (640.5)
denovo46 C1183_AB294631 333 (658.5)
denovo46 C1067_DQ335381 335 (637.0)
denovo46 C1159_AB294613 326 (644.5)
denovo46 C1150_AB294622 326 (653.5)
denovo46 C90_AM748554 334 (663.5)
denovo46 C1168_AB294583 333 (649.5)
denovo46 C1156_AB294616 333 (658.5)
denovo46 C1151_AB294621 333 (667.5)
denovo46 C92a_AM748561 333 (667.5)
denovo46 C92_AM748560 333 (658.5)
denovo46 C1165_AB294581 333 (649.5)
denovo46 C1166_AB294584 333 (667.5)
denovo46 C1162_AB294594 333 (649.5)
denovo46 C1163_AB294596 332 (664.5)
denovo46 C1161_AB294606 333 (658.5)
denovo46 C1160_AB294608 337 (651.0)
denovo46 C1158_AB294614 333 (667.5)
denovo46 C1155_AB294617 333 (649.5)
denovo46 C1149_AB294620 333 (658.5)
denovo46 C1173_AB294662 333 (667.5)
denovo46 C1171_AB294663 333 (649.5)
denovo46 C1172_AB294665 333 (649.5)
denovo46 C91a_AM748556 333 (667.5)
denovo46 C91b_AM748557 333 (658.5)
denovo46 C91d_AM748559 332 (656.0)
denovo46 C91c_AM748558 332 (656.0)
denovo46 C91_AJ621543 333 (658.5)
denovo46 C91_AM748555 333 (658.5)
denovo46 C1023_DQ335330 318 (611.0)
denovo46 C1020_DQ335392 334 (643.5)
denovo46 C1018_DQ335408 335 (646.0)
denovo46 C1074_DQ335329 335 (637.0)
denovo46 C1030_DQ335353 335 (637.0)
denovo46 C1022_DQ335331 335 (637.0)
denovo46 C1027_DQ335360 330 (650.0)
denovo46 C1072_DQ335344 335 (637.0)
denovo46 C1039_AB190274 335 (646.0)
denovo46 C1033_DQ335350 340 (634.0)
denovo46 C1019_DQ335407 335 (646.0)
denovo46 C1194_EU099826 335 (631.0)
denovo46 C8b_AY258475 335 (621.0)
denovo46 C8_AY239367 338 (636.0)
denovo46 C8a_AY239368 337 (633.5)
denovo46 C54a_AY765406 335 (646.0)
denovo46 C3ff_HM185740 335 (655.0)
denovo46 C59_AY589763 339 (631.5)
denovo46 C3k_AY589737 333 (649.0)
denovo46 C3.24_HE579012 332 (655.5)
denovo46 C3.23_HE579011 333 (649.0)
denovo46 C35.1_AY765401 336 (648.5)
denovo46 C35.3_EF541145 336 (648.5)
denovo46 C76_AY765411 335 (634.0)
denovo46 C1107_DQ335359 334 (629.0)
denovo46 C3.22_HE579010 338 (620.0)
denovo46 C77_AY765412 335 (633.5)
denovo46 C20_AY239371 338 (645.0)
denovo46 C1055_DQ480640 333 (646.0)
denovo46 C27/C30_AY239379 331 (609.0)
denovo46 C27.1_FJ461517 331 (600.0)
denovo46 C40a_AY589747 340 (649.0)
denovo46 C40_AY258485 340 (649.0)
denovo46 C40b_AY589748 348 (643.0)
denovo46 C16_AY258477 338 (645.5)
denovo46 C16a_AY765399 338 (645.5)
denovo46 C1091_AB207186 334 (652.0)
denovo46 C1102_DQ335400 334 (634.0)
denovo46 C1069_DQ335375 334 (643.0)
denovo46 C1073_DQ335332 334 (643.0)
denovo46 C1066_DQ335382 331 (634.5)
denovo46 C1031_DQ335352 336 (658.0)
denovo46 C1026_DQ335366 337 (652.0)
denovo46 C70_AY589774 334 (661.0)
denovo46 C1082_AB190267 334 (643.0)
denovo46 C1078_AB190271 334 (652.0)
denovo46 C1090_AB207191 334 (652.0)
denovo46 C1071_DQ335302 334 (652.0)
denovo46 C1075_DQ335328 334 (652.0)
denovo46 C1068_DQ335379 334 (643.0)
denovo46 C1064_DQ335395 333 (659.0)
denovo46 C1063_DQ335403 331 (652.5)
denovo46 C62_AY589766 334 (652.0)
denovo46 C1077_DQ335316 331 (657.5)
denovo46 C1109_DQ335338 334 (643.0)
denovo46 C1110_DQ335340 334 (634.0)
denovo46 C1106_DQ335339 334 (634.0)
denovo46 C1112_DQ335319 334 (643.0)
denovo46 C1108_DQ335351 334 (634.0)
denovo46 C1105_DQ335394 334 (643.0)
denovo46 C1121_DQ335378 334 (634.0)
denovo46 C1116_AB190268 334 (643.0)
denovo46 C1115_AB190273 334 (643.0)
denovo46 C1124_DQ335323 334 (625.0)
denovo46 C1120_DQ335398 334 (625.0)
denovo46 C1119_DQ335404 334 (634.0)
denovo46 C1123_DQ335363 334 (634.0)
denovo46 C1004_DQ480635 335 (645.5)
denovo46 C1061_AY186568 335 (636.5)
denovo46 C1053_AY186569 335 (645.5)
denovo46 C1003_DQ480639 335 (645.5)
denovo46 C81_GU907657 323 (618.5)
denovo46 C22_AY239373 330 (648.0)
denovo46 C22a_AY239374 333 (639.5)
denovo46 C1232_EU118163 338 (644.5)
denovo46 C21.13_FJ461515 337 (605.0)
denovo46 C21.1_JF683323 333 (610.5)
denovo46 C21.3_JF683325 335 (625.0)
denovo46 C1.20_HE578993 335 (637.0)
denovo46 C1.22_HE578995 335 (628.0)
denovo46 C52_AY589757 333 (643.5)
denovo46 C1201_EU099793 337 (611.0)
denovo46 C14_AY589741 338 (648.0)
denovo46 C43_AY589749 338 (654.0)
denovo46 C50_AY589755 335 (646.0)
denovo46 C3.14_HQ630872 334 (651.5)
denovo46 C1m_AY765398 334 (652.0)
denovo46 C82_GU907658 337 (652.0)
denovo46 C82b_GU907660 337 (652.0)
denovo46 C64_AY589768 332 (654.5)
denovo46 C45a_AY765404 333 (649.0)
denovo46 C48_AY589753 335 (666.5)
denovo46 C1_v1b_FJ919244 335 (637.0)
denovo46 C1_v1a_FJ919243 335 (646.0)
denovo46 C3j_AY239366 335 (637.0)
denovo46 C3t_EF541149 338 (654.0)
denovo46 C9_AF499798 336 (657.5)
denovo46 C23_AY239375 336 (666.0)
denovo46 C37_AY258481 335 (637.5)
denovo46 C1048_DQ068026 338 (645.0)
denovo46 C21.4_JF683326 335 (616.0)
denovo46 C21.5_JF683327 335 (616.0)
denovo46 C1070_DQ335349 335 (655.0)
denovo46 C21.6_HQ630873 335 (634.0)
denovo46 C1224_EU074890 334 (662.0)
denovo46 C1.17_HE578990 335 (664.0)
denovo46 C21_b1_FN827162 336 (618.0)
denovo46 C21.9_JF683330 336 (627.0)
denovo46 C1085_AY624605 335 (646.0)
denovo46 C3p_GU907654 335 (631.0)
denovo46 C3f_AY589734 335 (655.0)
denovo46 C65a_AY589770 333 (649.0)
denovo46 C65_AY589769 333 (658.0)
denovo46 C71_AY589775 333 (649.0)
denovo46 C71a_AY589776 333 (640.0)
denovo46 C1178_AB294647 334 (637.5)
denovo46 C1225_EU074893 332 (664.5)
denovo46 C75_AY765410 334 (652.5)
denovo46 C21.10_JF683331 334 (622.0)
denovo46 C21.11_HQ630874 334 (622.0)
denovo46 C1065_DQ335388 335 (655.0)
denovo46 C1045_DQ068036 335 (664.0)
denovo46 C1h_AY258473 334 (651.5)
denovo46 C38_AY258482 334 (642.5)
denovo46 C1202_EU099799 334 (642.5)
denovo46 C7_AF499797 334 (651.5)
denovo46 C12_AF499801 336 (641.0)
denovo46 C38a_AY258483 333 (654.0)
denovo46 C1200_EU099800 322 (651.0)
denovo46 C44a_AY589751 335 (654.5)
denovo46 C47_AY589752 338 (663.0)
denovo46 C44_AY589750 338 (654.0)
denovo46 C1.15_HE578988 335 (646.0)
denovo46 C45.3_FJ461522 338 (645.0)
denovo46 C46a_AY765405 338 (645.0)
denovo46 C46_EU449108 338 (654.0)
denovo46 C3.12_FJ461507 338 (654.0)
denovo46 C1k_AY589733 338 (654.0)
denovo46 C67_AY686647 338 (654.0)
denovo46 C82a_GU907659 334 (651.5)
denovo46 C10a_AY589739 338 (654.0)
denovo46 C10_AF499799 338 (645.0)
denovo46 C13_AY589740 335 (643.0)
denovo46 C4_AF499794 338 (645.0)
denovo46 C1147_EF656433 338 (645.0)
denovo46 C1c/C45_AY239364 338 (654.0)
denovo46 C1c/C45_EU449103 338 (654.0)
denovo46 C21.19_HE579031 330 (620.0)
denovo46 C21.21_HE579033 330 (611.0)
denovo46 C21.20_HE579032 330 (620.0)
denovo46 C42b_AY765403 339 (638.0)
denovo46 C42_AY258487 339 (647.0)
denovo46 C1p_GU907652 335 (646.0)
denovo46 C1d_AY258488 338 (636.0)
denovo46 C42_AY765402 338 (645.0)
denovo46 C3ha_AY589736 335 (616.0)
denovo46 C63a_AY589767 337 (633.0)
denovo46 C21a_AY589744 335 (625.0)
denovo46 C3o_GU907653 335 (624.5)
denovo46 C21.16_HQ630875 335 (616.0)
denovo46 C21.2_JF683324 335 (616.0)
denovo46 C21.7_JF683328 334 (622.5)
denovo46 C21.8_JF683329 335 (625.0)
denovo46 C3h_AY239365 335 (616.0)
denovo46 C1203_EU099798 335 (616.0)
denovo46 C3.10_FJ461505 335 (664.0)
denovo46 C21.14_FJ461516 335 (634.0)
denovo46 C21.18_HE579030 336 (615.0)
denovo46 C3.17_HE579005 335 (646.0)
denovo46 C3.9_FJ461504 333 (647.5)
denovo46 C3.8_FJ461503 335 (655.0)
denovo46 C3.7_FJ461502 335 (646.0)
denovo46 C3.11_FJ461506 337 (661.5)
denovo46 C3.18_HE579006 335 (646.0)
denovo46 C3.19_HE579007 335 (646.0)
denovo46 C3.20_HE579008 335 (646.0)
denovo46 C3g_AY589735 336 (651.0)
denovo46 C3a_AF499790 333 (658.5)
denovo46 C3e_AF499793 335 (646.0)
denovo46 C6_AF499796 335 (664.0)
denovo46 C11_AF499800 335 (646.0)
denovo46 C36_AY258480 335 (664.0)
denovo46 C29_AY258494 335 (664.0)
denovo46 C1146_EF656434 334 (652.0)
denovo46 C1190_EU099841 335 (664.0)
denovo46 C131_JF320826 335 (646.0)
denovo46 C28_AY239380 337 (663.0)
denovo46 C1012_DQ480604 336 (648.0)
denovo46 C1181_AB294640 335 (631.0)
denovo46 C1180_AB294641 335 (649.0)
denovo46 C1179_AB294645 333 (634.5)
denovo46 C1176_AB294651 333 (643.5)
denovo46 C1175_AB294653 335 (631.0)
denovo46 C1174_AB294655 337 (636.5)
denovo46 C1177_AB294659 335 (640.0)
denovo46 C1040_AB190269 337 (651.5)
denovo46 C1182_AB294649 335 (646.0)
denovo46 C1089_AJ278598 335 (646.0)
denovo46 C1028_DQ335357 335 (655.0)
denovo46 C3.16_EU786015 335 (664.0)
denovo46 C1097_AJ311943 334 (639.5)
denovo46 C1170_AB294661 335 (640.0)
denovo46 C21.17_HE579029 335 (636.0)
denovo46 C21/3d/C3k_AY239372 335 (625.0)
denovo46 C58_AY589762 336 (624.5)
denovo46 C3L_AY589738 337 (647.5)
denovo46 C1169_AB294660 335 (640.0)
denovo46 C3.2_FJ461497 335 (649.0)
denovo46 C3.1_JF683321 332 (650.0)
denovo46 C1104_AF427469 336 (645.0)
denovo46 C3b_AF499791 334 (655.5)
denovo46 C83_GU907661 335 (657.5)
denovo46 C49_AY589754 360 (666.0)
denovo46 C3_AB778606 335 (655.0)
denovo46 C3_AF499789 335 (655.0)
denovo46 C3_HE579001 335 (655.0)
denovo46 C21.12_FJ461514 335 (607.0)
denovo46 C1229_EU074888 331 (647.0)
denovo46 C1230_EU074889 331 (656.0)
denovo46 C1114_AB207196 335 (637.0)
denovo46 C3.21_HE579009 335 (577.0)
denovo46 C1057_DQ480619 335 (646.0)
denovo46 C72_AY765407 332 (645.5)
denovo46 C1b.3_HE578999 335 (640.0)
denovo46 C93_AJ621536 335 (646.0)
denovo46 C94_AJ621539 335 (646.0)
denovo46 C1g_AY589730 335 (664.0)
denovo46 C1i_AY589731 328 (644.0)
denovo46 C1j_AY589732 335 (655.0)
denovo46 C1005_DQ480633 335 (646.0)
denovo46 C1.7_FJ461494 335 (646.0)
denovo46 C1.11_HE578984 334 (660.5)
denovo46 C1.12_HE578985 335 (646.0)
denovo46 C1.13_HE578986 335 (655.0)
denovo46 C1.14_HE578987 335 (655.0)
denovo46 C1.18_HE578991 335 (646.0)
denovo46 C1.19_HE578992 335 (646.0)
denovo46 C1199_EU099802 332 (631.5)
denovo46 C1188_EU099838 332 (646.5)
denovo46 C1002_DQ838544 335 (655.0)
denovo46 C1198_EU099810 335 (646.0)
denovo46 C24_AY239376 335 (646.0)
denovo46 C1f_AY258490 335 (655.0)
denovo46 C1006_DQ480629 335 (664.0)
denovo46 C1010_DQ480607 335 (646.0)
denovo46 C1007_DQ480624 335 (646.0)
denovo46 C1011_DQ480605 335 (646.0)
denovo46 C1009_DQ480608 339 (648.0)
denovo46 C1041_AY186548 335 (655.0)
denovo46 C1052_AY186570 335 (646.0)
denovo46 C1148_EU040178 335 (655.0)
denovo46 C1234_EU118165 336 (645.0)
denovo46 C1.5_EF634157 335 (655.0)
denovo46 C1059_DQ480609 335 (646.0)
denovo46 C1228_EU074883 335 (646.0)
denovo46 C1208_EU074963 337 (652.0)
denovo46 C1207_EU074964 335 (655.0)
denovo46 C1206_EU074965 335 (646.0)
denovo46 C1013_DQ480642 335 (646.0)
denovo46 C80_GU907656 342 (640.5)
denovo46 C1a_AF499788 332 (646.5)
denovo46 C41_AY258486 335 (655.0)
denovo46 C39_AY258484 320 (650.5)
denovo46 C1231_EU074878 335 (646.0)
denovo46 C1b.1_HE578997 335 (640.0)
denovo46 C18_AY258478 335 (655.0)
denovo46 C1.10_HE578983 334 (649.5)
denovo46 C1_JN558041 335 (655.0)
denovo46 C1_HE578979 335 (655.0)
denovo46 C1_AM748551 335 (655.0)
denovo46 C1_AF333515 335 (655.0)
denovo46 C1054_AY186565 334 (658.5)
denovo46 C1008_DQ480613 335 (646.0)
denovo46 C1103_AF427470 336 (645.0)
denovo46 C1226_EU074881 336 (645.0)
denovo46 C1b/C1e_AY239363 335 (649.0)
denovo46 C1044_DQ068038 335 (640.0)
denovo46 C1017_DQ174729 336 (639.0)
denovo46 C1.6_FJ461493 335 (664.0)
denovo46 C1b.2_HE578998 335 (640.0)
denovo46 C1060_DQ480600 335 (646.0)
denovo46 C1227_EU074882 335 (646.0)
denovo46 C1197_EU099814 335 (646.0)
denovo46 C1130_DQ480643 335 (540.5)
denovo46 D109_AB097465 363 (484.5)
denovo46 D1.11_HE579040 359 (491.5)
denovo46 D105_AF174570 356 (491.5)
denovo46 D104_AF174572 373 (488.0)
denovo46 D1.3_JF683337 369 (486.0)
denovo46 D1.10_HE579039 359 (482.5)
denovo46 D110_AF174561 359 (482.5)
denovo46 D117_AF174542 359 (482.5)
denovo46 D114_AF174549 359 (491.5)
denovo46 D113_AF174557 365 (482.0)
denovo46 D112_AF174558 367 (488.5)
denovo46 D106_AF174559 361 (497.5)
denovo46 D111_AF174560 364 (488.0)
denovo46 D115_AF174562 359 (482.5)
denovo46 D107_AF174568 354 (494.5)
denovo46 D116_AF174571 359 (482.5)
denovo46 D124_EU074897 359 (491.5)
denovo46 D1.8_HE579037 361 (489.0)
denovo46 D3_AY686650 359 (482.5)
denovo46 D1.6_HQ630881 356 (483.0)
denovo46 D120_EU074900 365 (482.0)
denovo46 D121_EU074904 359 (491.5)
denovo46 D122_EU074905 376 (488.0)
denovo46 D1a.2_JF683339 361 (490.5)
denovo46 D1a.1_JF683338 359 (491.5)
denovo46 D2_AY686649 597 (547.0)
denovo46 D4_DQ865214 368 (488.0)
denovo46 D1a_AF499802 365 (491.0)
denovo46 D1a_JN558078 365 (491.0)
denovo46 D123_EU074895 360 (494.0)
denovo46 D108_AF174567 359 (500.5)
denovo46 D103_AF174575 365 (491.0)
denovo46 D100_AF411415 364 (489.0)
denovo46 D118_EF656435 359 (500.0)
denovo46 D101_AF411416 364 (474.0)
denovo46 D119_EU099832 360 (480.5)
denovo46 D102_AF174573 359 (495.0)
denovo46 D1_AF334660 359 (491.5)
denovo46 D1_JN558076 359 (491.5)
denovo46 D1.12_HE579041 341 (493.0)
denovo46 D1.1_AM748564 421 (499.5)
denovo46 D1.2_AM748617 442 (524.0)
denovo46 E111_EU074915 369 (480.0)
denovo46 E110_EU074914 372 (488.5)
denovo46 E114_EU074909 372 (470.5)
denovo46 E1_AF334659 373 (478.5)
denovo46 E105_EU074921 372 (488.5)
denovo46 E112_EU074916 372 (470.5)
denovo46 E104_EU074922 372 (479.5)
denovo46 E102_EU074924 372 (470.5)
denovo46 E103_EU074923 372 (479.5)
denovo46 E101_AY160123 376 (460.5)
denovo46 E109_EU074913 358 (483.0)
denovo46 E100_DQ011618 368 (491.5)
denovo46 E108_EU074912 364 (480.5)
denovo46 E113_EU074908 360 (481.5)
denovo46 E107_EU074910 364 (471.5)
denovo46 F1_JN558066 329 (574.5)
denovo46 F5.2d_AJ291530 331 (599.5)
denovo46 F104_AJ291531 331 (599.5)
denovo46 F5.2c_AM748596 329 (594.0)
denovo46 F5.2_AM748594 329 (594.0)
denovo46 F5.2a_AM748614 329 (594.0)
denovo46 F5.2b_AM748595 329 (594.0)
denovo46 F5.2e_AJ291533 330 (579.5)
denovo46 F5.2g_JN558072 329 (602.5)
denovo46 F5.2f_AJ291512 329 (584.5)
denovo46 F102_AJ291534 329 (593.5)
denovo46 F5.1c_AM748593 332 (611.0)
denovo46 F5.1d_JN558069 333 (568.0)
denovo46 F5.1b_AJ291535 331 (599.0)
denovo46 F5.1_AM748592 332 (593.0)
denovo46 F5.1a_AM748591 331 (599.0)
denovo46 F110_AJ291526 330 (675.0)
denovo46 F4.7_AM748587 330 (651.5)
denovo46 F4.5_AM748585 320 (628.0)
denovo46 F4.4a_AM748583 322 (661.0)
denovo46 F4.4_AM748582 327 (663.5)
denovo46 F4.4b_AM748584 320 (680.0)
denovo46 F4.1a_AM748573 329 (626.5)
denovo46 F112_AJ291528 327 (622.5)
denovo46 F4.1_AM748572 327 (622.5)
denovo46 F4.8b_AM748590 316 (661.0)
denovo46 F4.8_AM748588 316 (661.5)
denovo46 F4.8a_AM748589 316 (661.5)
denovo46 F109_AJ291527 320 (660.0)
denovo46 F4.6_AM748586 327 (649.0)
denovo46 F111_AJ311949 324 (663.0)
denovo46 F4.3c_AM748581 325 (666.0)
denovo46 F4.3a_AM748579 324 (673.0)
denovo46 F4.3b_AM748580 325 (675.0)
denovo46 F4.3_AM748578 325 (666.0)
denovo46 F4.2_AM748574 326 (673.0)
denovo46 F4.2a_AM748575 326 (649.5)
denovo46 F4.2c_AM748577 326 (646.0)
denovo46 F4.2b_AM748576 326 (658.5)
denovo46 F2b_AJ291521 334 (596.5)
denovo46 F2_AJ830908 330 (621.5)
denovo46 F2a_AJ830911 330 (617.0)
denovo46 F3.1a_AM748566 343 (598.0)
denovo46 F114_AJ291525 343 (607.5)
denovo46 F3.1_AM748565 343 (607.5)
denovo46 F3.2_AM748567 347 (618.0)
denovo46 F3.2a_AM748568 347 (611.5)
denovo46 F3.3_AM748569 345 (600.0)
denovo46 F3.4a_AM748571 344 (560.5)
denovo46 F3.4_AM748570 340 (566.5)
denovo46 F3.4b_AM748616 340 (566.5)
denovo46 G101_AJ291539 369 (520.0)
denovo46 G1_AM748597 369 (520.0)
denovo46 G2b_JN558087 374 (508.5)
denovo46 G2_AM748598 375 (502.5)
denovo46 G2a_AM748599 375 (493.5)
denovo46 G4_AM748601 356 (533.5)
denovo46 G3.4_LK392378 360 (510.0)
denovo46 G3_AM748600 364 (522.0)
denovo46 G3.2_KC597694 342 (470.5)
denovo46 G3.1_KC597688 358 (521.5)
denovo46 G100_AB253788 349 (504.5)
denovo46 G3.3_LK392377 358 (511.5)
denovo46 H6_AJ291520 637 (317.0)
denovo46 H3_AM748606 328 (453.5)
denovo46 H2_AM748605 341 (473.0)
denovo46 H4_AM748607 333 (470.5)
denovo46 H4a_AM748608 343 (469.0)
denovo46 H5a_AM748611 339 (461.5)
denovo46 H5b_AM748610 350 (456.0)
denovo46 H5_AJ621129 339 (461.5)
denovo46 H5_AM748609 339 (461.5)
denovo46 H100_AJ291513 344 (439.0)
denovo46 H1b_AM748604 339 (446.0)
denovo46 H1a_AM748612 344 (443.0)
denovo46 H1_AJ621152 344 (443.0)
denovo46 H1_AM748602 344 (443.0)
denovo46 I3_FN561561 334 (681.0)
denovo46 I4_FN561562 334 (681.0)
denovo46 I1_FN561559 331 (672.0)
denovo46 I2_FN561560 336 (677.5)

#---------------------------------------
#---------------------------------------
