denovo237 A136_DQ865210 329 (543.5)
denovo237 A133_DQ174725 340 (493.0)
denovo237 A115_AF180123 349 (498.0)
denovo237 A117_AF201746 336 (520.0)
denovo237 A134_DQ174723 344 (518.0)
denovo237 A114_AF184941 336 (520.0)
denovo237 A135_DQ174727 337 (514.5)
denovo237 A2_AF333506 338 (512.5)
denovo237 A101_AF427468 338 (507.5)
denovo237 A2_1_JN558097 338 (507.5)
denovo237 A2_2_JN558100 338 (507.5)
denovo237 A113_AF184948 338 (517.0)
denovo237 A112_AF184949 335 (498.5)
denovo237 A123_EF378618 345 (332.5)
denovo237 A137_EF378621 335 (327.5)
denovo237 A11_EU449041 351 (512.5)
denovo237 A121_DQ174722 340 (509.5)
denovo237 A15b_EU792886 337 (476.5)
denovo237 A15a_EU792885 337 (485.5)
denovo237 A15c_EU792887 340 (485.5)
denovo237 A15_EU792884 337 (485.5)
denovo237 A147_EU074937 338 (500.0)
denovo237 A154_EU074860 337 (503.5)
denovo237 A146_EU074936 336 (500.5)
denovo237 A150_EU074928 336 (509.0)
denovo237 A116_AF183575 337 (503.0)
denovo237 A141_EU074931 336 (509.5)
denovo237 A5_AF333508 340 (508.0)
denovo237 A3b_EU449043 337 (503.5)
denovo237 A151_EU074925 346 (501.5)
denovo237 A152_EU074927 337 (503.5)
denovo237 A149_EU074929 344 (506.0)
denovo237 A140_EU074930 337 (494.5)
denovo237 A142_EU074932 337 (494.5)
denovo237 A143_EU074933 345 (509.0)
denovo237 A144_EU074934 337 (494.5)
denovo237 A145_EU074935 340 (503.5)
denovo237 A148_EU074938 339 (499.5)
denovo237 A155_EU074856 337 (494.5)
denovo237 A156_EU074859 337 (494.5)
denovo237 A139_EU074962 337 (494.5)
denovo237 A6_AF186058 337 (503.5)
denovo237 A3_AF333507 337 (503.5)
denovo237 A3_JN558091 337 (503.5)
denovo237 A8_AY258468 337 (476.5)
denovo237 A7_AY239360 337 (494.5)
denovo237 A16_EU792888 337 (494.5)
denovo237 A4.3_FN429763 341 (488.0)
denovo237 A120_AF180122 336 (481.5)
denovo237 A4.2_FN429761 339 (479.0)
denovo237 A4_AF333509 339 (507.0)
denovo237 A4.1_FN429760 338 (502.0)
denovo237 A4a_AF499778 339 (507.5)
denovo237 A4a.1_FN429762 339 (507.5)
denovo237 A138_EF378620 338 (455.5)
denovo237 A122_EF378619 334 (491.5)
denovo237 A126_EF378615 333 (492.5)
denovo237 A10_EU792882 333 (492.5)
denovo237 A9_EU449028 336 (497.0)
denovo237 A105_AB207202 342 (506.5)
denovo237 A119_AF180121 327 (495.0)
denovo237 A12_EU792883 336 (498.0)
denovo237 A104_AB207203 343 (500.0)
denovo237 A1a_EU449030 336 (515.0)
denovo237 A1.3_HE578976 335 (512.0)
denovo237 A1.4_HE578977 335 (512.0)
denovo237 A13_AF333504 335 (511.5)
denovo237 A13_JN558094 335 (511.5)
denovo237 A110_AB190282 339 (502.0)
denovo237 A103_AB207206 331 (509.5)
denovo237 A130_EF656428 336 (506.0)
denovo237 A127_EF656429 336 (515.0)
denovo237 A128_EF656430 336 (497.0)
denovo237 A129_EF656431 337 (508.5)
denovo237 A131_EF656432 335 (512.0)
denovo237 A118_AF180120 336 (506.0)
denovo237 A1_AF333505 336 (506.0)
denovo237 A107_AB207199 331 (518.0)
denovo237 A111_AB190280 331 (518.0)
denovo237 A108_AB207197 338 (488.0)
denovo237 A106_AB207200 331 (508.5)
denovo237 A102_AB207209 331 (509.0)
denovo237 A1.2_AB207210 331 (509.0)
denovo237 A109_AB190285 330 (513.0)
denovo237 B4_AF333510 317 (1160.0)
denovo237 B23_EU449079 303 (1333.0)
denovo237 B30_GU907644 303 (1315.0)
denovo237 B11_AY239361 308 (1321.5)
denovo237 B17_AY258470 306 (1313.5)
denovo237 B1k_GU907638 304 (687.5)
denovo237 B1.V_Green2014 313 (1271.0)
denovo237 B1b_AF499780 304 (1275.5)
denovo237 B16_AY258469 306 (1322.5)
denovo237 B31a_GU907646 306 (1331.5)
denovo237 B32_GU907647 306 (1331.5)
denovo237 B31_GU907645 306 (1340.5)
denovo237 B1j_GU907637 306 (1322.5)
denovo237 B37_GU907650 308 (1321.0)
denovo237 B5a_AF499782 306 (1340.5)
denovo237 B5_AF499781 306 (1349.5)
denovo237 B24_GU907643 306 (1162.5)
denovo237 B117_AF180124 306 (1223.0)
denovo237 B10_AF499787 306 (1322.5)
denovo237 B20_GU907642 308 (1306.0)
denovo237 B1m_GU907640 306 (1331.5)
denovo237 B34_GU907649 306 (1331.5)
denovo237 B1d_GU907633 306 (1331.5)
denovo237 B1e_GU907634 306 (1331.5)
denovo237 B1i_GU907636 306 (1331.5)
denovo237 B1g_GU907635 307 (1312.5)
denovo237 B123_EU074872 306 (1322.5)
denovo237 B8_AF499785 307 (1321.5)
denovo237 B1l_GU907639 306 (1331.5)
denovo237 B1a_AF499779 306 (1331.5)
denovo237 B14_AY239362 307 (1321.5)
denovo237 B125_EU074865 306 (1331.5)
denovo237 B122_EU074871 306 (1340.5)
denovo237 B124_EU074874 306 (1331.5)
denovo237 B1.VII_Green2014 306 (1261.5)
denovo237 B1.III_Green2014 306 (1259.5)
denovo237 B1.I_Green2014 306 (1340.5)
denovo237 B1.II_Green2014 306 (1340.5)
denovo237 B1_JN558057 306 (1340.5)
denovo237 B1_AF333511 306 (1340.5)
denovo237 B1.IV_Green2014 316 (1326.0)
denovo237 B121_EU074870 306 (1331.5)
denovo237 B7_AF499784 306 (1331.5)
denovo237 B1.VI_Green2014 307 (1271.5)
denovo237 B3_AF333514 302 (1370.0)
denovo237 B9_AF499786 302 (1379.0)
denovo237 B19a_JN558055 302 (1252.0)
denovo237 B119_EU099825 311 (1259.0)
denovo237 B21_DQ865213 302 (1356.5)
denovo237 B38_GU907651 302 (1356.5)
denovo237 B18_AY258471 302 (1388.0)
denovo237 B18a_AY258472 302 (1379.0)
denovo237 B33_GU907648 302 (1388.0)
denovo237 B6_AF499783 307 (1384.5)
denovo237 B19_DQ865212 302 (1406.0)
denovo237 B19_GU907641 302 (1406.0)
denovo237 B2_AF333512 302 (1397.0)
denovo237 B2_JN558060 302 (1397.0)
denovo237 C33.1_AY258498 326 (661.5)
denovo237 C33.2_AY765400 326 (661.5)
denovo237 C33a_EF541147 326 (661.5)
denovo237 C34_AY258499 319 (659.5)
denovo237 C78_AY765413 321 (636.5)
denovo237 C15.29_KC597690 323 (624.5)
denovo237 C1131_DQ182650 324 (609.0)
denovo237 C1135_DQ182646 319 (604.0)
denovo237 C1134_DQ182647 319 (595.0)
denovo237 C1142_DQ182635 319 (604.0)
denovo237 C1136_DQ182644 317 (587.0)
denovo237 C1111_DQ182645 317 (596.0)
denovo237 C1236_EF473656 317 (587.0)
denovo237 C1138_DQ182642 317 (605.0)
denovo237 C1137_DQ182643 317 (587.0)
denovo237 C1133_DQ182648 317 (587.0)
denovo237 C1132_DQ182649 321 (589.5)
denovo237 C1143_DQ182634 317 (596.0)
denovo237 C1139_DQ182639 319 (604.0)
denovo237 C15.28_KC597687 323 (661.5)
denovo237 C1141_DQ182636 323 (615.0)
denovo237 C1144_DQ182637 323 (615.5)
denovo237 C1122_DQ182654 319 (631.0)
denovo237 C1127_DQ182652 319 (631.0)
denovo237 C15.30_JX394114 322 (658.0)
denovo237 C15.26_KC597686 324 (655.0)
denovo237 C1086_DQ182656 321 (655.0)
denovo237 C15.25_KC597685 321 (664.0)
denovo237 C1118_AF180127 326 (603.0)
denovo237 C1129_DQ182651 321 (600.5)
denovo237 C15.21_KC597683 323 (643.0)
denovo237 C56_AY589760 318 (646.5)
denovo237 C1140_DQ182638 325 (612.0)
denovo237 C1126_DQ182653 325 (603.0)
denovo237 C15c_AY258492 320 (662.0)
denovo237 C15d_AY258493 319 (668.5)
denovo237 C1098_DQ182641 318 (644.0)
denovo237 C15.27_KC597689 321 (664.5)
denovo237 C15.18_HE579024 320 (652.5)
denovo237 C15.16_HE579022 326 (679.0)
denovo237 C1101_AB253787 321 (646.5)
denovo237 C1083_AY237300 321 (655.5)
denovo237 C1088_DQ182640 321 (655.5)
denovo237 C15.6_FN563472 321 (655.5)
denovo237 C15.5_FJ461512 321 (647.0)
denovo237 C15.4_FJ461511 321 (656.0)
denovo237 C15.13_HE579019 321 (646.5)
denovo237 C15.12_HE579018 321 (655.5)
denovo237 C93a_AM748563 320 (680.0)
denovo237 C1094_AJ291514 320 (662.0)
denovo237 C93_AM748562 320 (671.0)
denovo237 C15.17_HE579023 322 (652.5)
denovo237 C15e_AY589742 321 (658.5)
denovo237 C15.22_KC597695 321 (655.5)
denovo237 C60_AY589764 325 (657.5)
denovo237 C15.1_FJ461508 321 (664.5)
denovo237 C15.2_FJ461509 321 (655.5)
denovo237 C15.9_FN563475 321 (664.0)
denovo237 C15.7_HE579015 321 (655.5)
denovo237 C15.8_HE579016 321 (655.5)
denovo237 C15.15_HE579021 321 (655.5)
denovo237 C15.19_HE579025 321 (664.0)
denovo237 C15.24_KC597696 321 (646.5)
denovo237 C15.3_FJ461510 321 (656.0)
denovo237 C1087_DQ182655 321 (664.5)
denovo237 C15.14_HE579020 322 (654.5)
denovo237 C15.23_KC597697 322 (654.5)
denovo237 C19_AY258479 322 (670.5)
denovo237 C1233_EU118166 321 (655.5)
denovo237 C15b_AY258491 321 (655.5)
denovo237 C15a_AY258476 321 (665.0)
denovo237 C1051_AF195153 321 (673.5)
denovo237 C2_AF333518 322 (672.5)
denovo237 C15.20_HE579026 322 (663.5)
denovo237 C15f_AY589743 321 (661.0)
denovo237 C55_AY589759 325 (662.0)
denovo237 C15_AY239369 321 (664.5)
denovo237 C32.1_JF683335 323 (604.0)
denovo237 C32.2_JF683336 325 (609.0)
denovo237 C21.23_KC597693 325 (609.0)
denovo237 C1193_EU099827 334 (644.0)
denovo237 C1195_EU099821 334 (621.0)
denovo237 C3q_GU907655 330 (620.5)
denovo237 C53_AY589758 330 (627.5)
denovo237 C73_AY765408 330 (635.5)
denovo237 C17.2.1_KC597684 326 (611.5)
denovo237 C32_AY258497 324 (606.5)
denovo237 C1189_EU099831 323 (623.0)
denovo237 C1191_EU099833 322 (629.5)
denovo237 C1196_EU099819 323 (605.0)
denovo237 C1192_EU099820 323 (605.0)
denovo237 C17.1_JF683322 323 (623.0)
denovo237 C26_b2_FN827164 324 (632.0)
denovo237 C26_b3_FN827165 320 (611.5)
denovo237 C31.9_HQ630879 325 (618.5)
denovo237 C31a_AY589746 325 (624.0)
denovo237 C30_AY589745 325 (624.0)
denovo237 C31.1_HQ630876 329 (625.5)
denovo237 C31.5_HQ630877 324 (629.5)
denovo237 C31.6_HQ630878 325 (633.0)
denovo237 C31.2_JF683332 325 (633.0)
denovo237 C31.3_JF683333 325 (624.0)
denovo237 C26/C35a_AY239378 320 (620.5)
denovo237 C35a_AY258501 320 (620.5)
denovo237 C35.2_AY258500 320 (629.5)
denovo237 C26_b1_FN827163 320 (629.5)
denovo237 C17_AY239370 323 (623.0)
denovo237 C17.2_FJ461513 325 (622.0)
denovo237 C31.10_HQ630880 325 (627.5)
denovo237 C31.4_JF683334 329 (621.5)
denovo237 C31_AY258496 325 (633.0)
denovo237 C25_AY239377 322 (652.5)
denovo237 C61_AY589765 324 (594.0)
denovo237 C1043_DQ072721 323 (611.5)
denovo237 C79_AY765414 320 (635.5)
denovo237 C69_AY589773 326 (625.5)
denovo237 C69a_AY686648 326 (616.5)
denovo237 C21.22_KC597692 322 (601.5)
denovo237 C51_AY589756 322 (632.0)
denovo237 C1aa_HM185739 334 (638.5)
denovo237 C1096_DQ068023 327 (633.5)
denovo237 C74_AY765409 326 (656.0)
denovo237 C1185_AB294629 328 (653.0)
denovo237 C1184_AB294630 328 (653.0)
denovo237 C1153_AB294625 328 (662.0)
denovo237 C1154_AB294626 327 (668.5)
denovo237 C1187_AB294627 328 (653.0)
denovo237 C1186_AB294628 328 (653.0)
denovo237 C57_AY589761 328 (662.0)
denovo237 C66_AY589771 328 (662.0)
denovo237 C5_AF499795 323 (652.0)
denovo237 C1167_AB294586 323 (652.0)
denovo237 C1164_AB294593 323 (652.0)
denovo237 C1183_AB294631 323 (670.0)
denovo237 C1067_DQ335381 323 (643.5)
denovo237 C1159_AB294613 325 (645.0)
denovo237 C1150_AB294622 325 (654.0)
denovo237 C90_AM748554 325 (668.5)
denovo237 C1168_AB294583 323 (652.5)
denovo237 C1156_AB294616 321 (665.0)
denovo237 C1151_AB294621 323 (670.5)
denovo237 C92a_AM748561 323 (670.5)
denovo237 C92_AM748560 323 (661.5)
denovo237 C1165_AB294581 323 (661.0)
denovo237 C1166_AB294584 323 (679.0)
denovo237 C1162_AB294594 323 (661.0)
denovo237 C1163_AB294596 321 (673.5)
denovo237 C1161_AB294606 323 (670.0)
denovo237 C1160_AB294608 327 (662.5)
denovo237 C1158_AB294614 323 (678.5)
denovo237 C1155_AB294617 323 (661.0)
denovo237 C1149_AB294620 323 (670.0)
denovo237 C1173_AB294662 323 (679.0)
denovo237 C1171_AB294663 323 (661.0)
denovo237 C1172_AB294665 323 (661.0)
denovo237 C91a_AM748556 323 (670.0)
denovo237 C91b_AM748557 321 (672.5)
denovo237 C91d_AM748559 322 (667.0)
denovo237 C91c_AM748558 322 (667.0)
denovo237 C91_AJ621543 323 (670.0)
denovo237 C91_AM748555 323 (670.0)
denovo237 C1023_DQ335330 312 (607.5)
denovo237 C1020_DQ335392 327 (646.0)
denovo237 C1018_DQ335408 323 (652.5)
denovo237 C1074_DQ335329 323 (643.5)
denovo237 C1030_DQ335353 323 (643.5)
denovo237 C1022_DQ335331 323 (643.5)
denovo237 C1027_DQ335360 323 (661.5)
denovo237 C1072_DQ335344 323 (643.5)
denovo237 C1039_AB190274 323 (651.5)
denovo237 C1033_DQ335350 328 (640.5)
denovo237 C1019_DQ335407 323 (652.5)
denovo237 C1194_EU099826 324 (630.5)
denovo237 C8b_AY258475 324 (630.5)
denovo237 C8_AY239367 325 (639.0)
denovo237 C8a_AY239368 327 (635.0)
denovo237 C54a_AY765406 323 (661.5)
denovo237 C3ff_HM185740 323 (643.5)
denovo237 C59_AY589763 328 (631.5)
denovo237 C3k_AY589737 321 (655.0)
denovo237 C3.24_HE579012 320 (661.5)
denovo237 C3.23_HE579011 321 (655.0)
denovo237 C35.1_AY765401 325 (667.5)
denovo237 C35.3_EF541145 318 (665.5)
denovo237 C76_AY765411 321 (644.0)
denovo237 C1107_DQ335359 325 (626.0)
denovo237 C3.22_HE579010 326 (626.5)
denovo237 C77_AY765412 321 (643.5)
denovo237 C20_AY239371 323 (653.0)
denovo237 C1055_DQ480640 321 (643.0)
denovo237 C27/C30_AY239379 320 (620.0)
denovo237 C27.1_FJ461517 320 (611.0)
denovo237 C40a_AY589747 325 (648.0)
denovo237 C40_AY258485 325 (648.0)
denovo237 C40b_AY589748 329 (640.0)
denovo237 C16_AY258477 326 (652.0)
denovo237 C16a_AY765399 327 (654.0)
denovo237 C1091_AB207186 321 (655.0)
denovo237 C1102_DQ335400 321 (638.0)
denovo237 C1069_DQ335375 323 (653.0)
denovo237 C1073_DQ335332 321 (647.0)
denovo237 C1066_DQ335382 320 (643.5)
denovo237 C1031_DQ335352 326 (661.5)
denovo237 C1026_DQ335366 328 (658.0)
denovo237 C70_AY589774 321 (665.0)
denovo237 C1082_AB190267 321 (647.0)
denovo237 C1078_AB190271 321 (665.0)
denovo237 C1090_AB207191 321 (656.0)
denovo237 C1071_DQ335302 321 (656.0)
denovo237 C1075_DQ335328 321 (656.0)
denovo237 C1068_DQ335379 321 (656.0)
denovo237 C1064_DQ335395 321 (647.0)
denovo237 C1063_DQ335403 320 (663.0)
denovo237 C62_AY589766 321 (656.0)
denovo237 C1077_DQ335316 320 (659.0)
denovo237 C1109_DQ335338 321 (647.0)
denovo237 C1110_DQ335340 321 (638.0)
denovo237 C1106_DQ335339 321 (637.0)
denovo237 C1112_DQ335319 321 (646.0)
denovo237 C1108_DQ335351 321 (637.0)
denovo237 C1105_DQ335394 321 (646.0)
denovo237 C1121_DQ335378 328 (639.0)
denovo237 C1116_AB190268 328 (649.0)
denovo237 C1115_AB190273 328 (648.0)
denovo237 C1124_DQ335323 321 (628.0)
denovo237 C1120_DQ335398 321 (628.0)
denovo237 C1119_DQ335404 321 (637.0)
denovo237 C1123_DQ335363 321 (637.0)
denovo237 C1004_DQ480635 323 (652.0)
denovo237 C1061_AY186568 323 (643.0)
denovo237 C1053_AY186569 323 (652.0)
denovo237 C1003_DQ480639 323 (652.0)
denovo237 C81_GU907657 333 (628.0)
denovo237 C22_AY239373 318 (663.0)
denovo237 C22a_AY239374 320 (659.5)
denovo237 C1232_EU118163 326 (651.0)
denovo237 C21.13_FJ461515 323 (614.0)
denovo237 C21.1_JF683323 321 (617.0)
denovo237 C21.3_JF683325 323 (631.5)
denovo237 C1.20_HE578993 323 (634.5)
denovo237 C1.22_HE578995 323 (625.5)
denovo237 C52_AY589757 320 (655.5)
denovo237 C1201_EU099793 323 (612.5)
denovo237 C14_AY589741 325 (652.5)
denovo237 C43_AY589749 325 (658.0)
denovo237 C50_AY589755 323 (661.5)
denovo237 C3.14_HQ630872 323 (643.5)
denovo237 C1m_AY765398 320 (652.5)
denovo237 C82_GU907658 330 (655.0)
denovo237 C82b_GU907660 330 (655.0)
denovo237 C64_AY589768 340 (650.0)
denovo237 C45a_AY765404 325 (657.0)
denovo237 C48_AY589753 323 (672.0)
denovo237 C1_v1b_FJ919244 322 (649.0)
denovo237 C1_v1a_FJ919243 322 (649.0)
denovo237 C3j_AY239366 323 (643.5)
denovo237 C3t_EF541149 323 (652.5)
denovo237 C9_AF499798 323 (660.5)
denovo237 C23_AY239375 323 (652.0)
denovo237 C37_AY258481 327 (645.5)
denovo237 C1048_DQ068026 325 (648.0)
denovo237 C21.4_JF683326 323 (623.0)
denovo237 C21.5_JF683327 323 (623.0)
denovo237 C1070_DQ335349 323 (661.5)
denovo237 C21.6_HQ630873 323 (641.0)
denovo237 C1224_EU074890 322 (667.0)
denovo237 C1.17_HE578990 322 (667.0)
denovo237 C21_b1_FN827162 320 (624.0)
denovo237 C21.9_JF683330 320 (633.0)
denovo237 C1085_AY624605 320 (654.0)
denovo237 C3p_GU907654 323 (637.5)
denovo237 C3f_AY589734 323 (661.5)
denovo237 C65a_AY589770 322 (658.0)
denovo237 C65_AY589769 322 (667.0)
denovo237 C71_AY589775 322 (658.0)
denovo237 C71a_AY589776 322 (649.0)
denovo237 C1178_AB294647 329 (645.5)
denovo237 C1225_EU074893 320 (662.0)
denovo237 C75_AY765410 326 (652.0)
denovo237 C21.10_JF683331 324 (625.5)
denovo237 C21.11_HQ630874 324 (625.5)
denovo237 C1065_DQ335388 323 (661.5)
denovo237 C1045_DQ068036 323 (670.5)
denovo237 C1h_AY258473 340 (650.0)
denovo237 C38_AY258482 341 (662.5)
denovo237 C1202_EU099799 341 (644.5)
denovo237 C7_AF499797 341 (653.5)
denovo237 C12_AF499801 343 (643.0)
denovo237 C38a_AY258483 342 (652.0)
denovo237 C1200_EU099800 332 (651.5)
denovo237 C44a_AY589751 323 (661.0)
denovo237 C47_AY589752 325 (666.0)
denovo237 C44_AY589750 325 (657.0)
denovo237 C1.15_HE578988 322 (658.0)
denovo237 C45.3_FJ461522 325 (657.0)
denovo237 C46a_AY765405 325 (648.0)
denovo237 C46_EU449108 325 (657.0)
denovo237 C3.12_FJ461507 326 (660.5)
denovo237 C1k_AY589733 325 (648.0)
denovo237 C67_AY686647 325 (657.0)
denovo237 C82a_GU907659 322 (658.5)
denovo237 C10a_AY589739 325 (657.0)
denovo237 C10_AF499799 325 (648.0)
denovo237 C13_AY589740 327 (651.0)
denovo237 C4_AF499794 325 (648.0)
denovo237 C1147_EF656433 325 (648.0)
denovo237 C1c/C45_AY239364 325 (657.0)
denovo237 C1c/C45_EU449103 325 (657.0)
denovo237 C21.19_HE579031 323 (632.0)
denovo237 C21.21_HE579033 323 (623.0)
denovo237 C21.20_HE579032 323 (632.0)
denovo237 C42b_AY765403 325 (639.5)
denovo237 C42_AY258487 325 (648.5)
denovo237 C1p_GU907652 322 (649.0)
denovo237 C1d_AY258488 325 (639.0)
denovo237 C42_AY765402 325 (648.0)
denovo237 C3ha_AY589736 323 (623.0)
denovo237 C63a_AY589767 325 (640.0)
denovo237 C21a_AY589744 323 (632.0)
denovo237 C3o_GU907653 323 (631.5)
denovo237 C21.16_HQ630875 323 (631.5)
denovo237 C21.2_JF683324 323 (623.0)
denovo237 C21.7_JF683328 322 (629.5)
denovo237 C21.8_JF683329 323 (632.0)
denovo237 C3h_AY239365 323 (623.0)
denovo237 C1203_EU099798 323 (623.0)
denovo237 C3.10_FJ461505 323 (670.5)
denovo237 C21.14_FJ461516 323 (641.0)
denovo237 C21.18_HE579030 327 (623.5)
denovo237 C3.17_HE579005 323 (652.5)
denovo237 C3.9_FJ461504 323 (649.5)
denovo237 C3.8_FJ461503 323 (661.5)
denovo237 C3.7_FJ461502 323 (652.5)
denovo237 C3.11_FJ461506 330 (664.0)
denovo237 C3.18_HE579006 323 (652.5)
denovo237 C3.19_HE579007 323 (652.5)
denovo237 C3.20_HE579008 323 (652.5)
denovo237 C3g_AY589735 326 (644.5)
denovo237 C3a_AF499790 321 (664.5)
denovo237 C3e_AF499793 323 (652.5)
denovo237 C6_AF499796 330 (654.5)
denovo237 C11_AF499800 323 (652.5)
denovo237 C36_AY258480 323 (652.5)
denovo237 C29_AY258494 323 (670.5)
denovo237 C1146_EF656434 323 (652.5)
denovo237 C1190_EU099841 323 (670.5)
denovo237 C131_JF320826 323 (652.5)
denovo237 C28_AY239380 328 (660.5)
denovo237 C1012_DQ480604 323 (652.5)
denovo237 C1181_AB294640 330 (639.0)
denovo237 C1180_AB294641 330 (657.0)
denovo237 C1179_AB294645 324 (639.5)
denovo237 C1176_AB294651 321 (649.5)
denovo237 C1175_AB294653 330 (639.0)
denovo237 C1174_AB294655 332 (644.5)
denovo237 C1177_AB294659 330 (647.5)
denovo237 C1040_AB190269 325 (658.0)
denovo237 C1182_AB294649 323 (652.5)
denovo237 C1089_AJ278598 323 (652.5)
denovo237 C1028_DQ335357 330 (663.5)
denovo237 C3.16_EU786015 323 (670.5)
denovo237 C1097_AJ311943 324 (651.0)
denovo237 C1170_AB294661 330 (648.0)
denovo237 C21.17_HE579029 323 (634.0)
denovo237 C21/3d/C3k_AY239372 323 (632.0)
denovo237 C58_AY589762 321 (632.0)
denovo237 C3L_AY589738 326 (657.0)
denovo237 C1169_AB294660 330 (648.0)
denovo237 C3.2_FJ461497 323 (655.5)
denovo237 C3.1_JF683321 322 (661.0)
denovo237 C1104_AF427469 324 (651.5)
denovo237 C3b_AF499791 323 (664.5)
denovo237 C83_GU907661 323 (664.0)
denovo237 C49_AY589754 356 (671.0)
denovo237 C3_AB778606 323 (661.5)
denovo237 C3_AF499789 323 (661.5)
denovo237 C3_HE579001 323 (661.5)
denovo237 C21.12_FJ461514 323 (614.0)
denovo237 C1229_EU074888 319 (653.5)
denovo237 C1230_EU074889 319 (662.5)
denovo237 C1114_AB207196 323 (643.5)
denovo237 C3.21_HE579009 323 (583.5)
denovo237 C1057_DQ480619 323 (652.5)
denovo237 C72_AY765407 319 (648.5)
denovo237 C1b.3_HE578999 322 (643.0)
denovo237 C93_AJ621536 323 (652.5)
denovo237 C94_AJ621539 322 (649.0)
denovo237 C1g_AY589730 322 (667.0)
denovo237 C1i_AY589731 319 (659.5)
denovo237 C1j_AY589732 329 (660.0)
denovo237 C1005_DQ480633 322 (649.0)
denovo237 C1.7_FJ461494 322 (649.0)
denovo237 C1.11_HE578984 326 (652.5)
denovo237 C1.12_HE578985 322 (649.0)
denovo237 C1.13_HE578986 323 (652.5)
denovo237 C1.14_HE578987 322 (658.0)
denovo237 C1.18_HE578991 322 (649.0)
denovo237 C1.19_HE578992 322 (649.0)
denovo237 C1199_EU099802 322 (643.0)
denovo237 C1188_EU099838 322 (658.0)
denovo237 C1002_DQ838544 323 (661.5)
denovo237 C1198_EU099810 322 (649.0)
denovo237 C24_AY239376 322 (649.0)
denovo237 C1f_AY258490 322 (658.0)
denovo237 C1006_DQ480629 322 (667.0)
denovo237 C1010_DQ480607 322 (649.0)
denovo237 C1007_DQ480624 322 (649.0)
denovo237 C1011_DQ480605 322 (649.0)
denovo237 C1009_DQ480608 326 (651.0)
denovo237 C1041_AY186548 322 (658.0)
denovo237 C1052_AY186570 322 (658.0)
denovo237 C1148_EU040178 322 (658.0)
denovo237 C1234_EU118165 323 (648.0)
denovo237 C1.5_EF634157 322 (658.0)
denovo237 C1059_DQ480609 322 (649.0)
denovo237 C1228_EU074883 322 (649.0)
denovo237 C1208_EU074963 322 (649.0)
denovo237 C1207_EU074964 322 (658.0)
denovo237 C1206_EU074965 322 (649.0)
denovo237 C1013_DQ480642 320 (653.0)
denovo237 C80_GU907656 336 (655.0)
denovo237 C1a_AF499788 322 (658.0)
denovo237 C41_AY258486 322 (658.0)
denovo237 C39_AY258484 311 (655.5)
denovo237 C1231_EU074878 322 (649.0)
denovo237 C1b.1_HE578997 322 (643.0)
denovo237 C18_AY258478 322 (658.0)
denovo237 C1.10_HE578983 321 (652.5)
denovo237 C1_JN558041 322 (658.0)
denovo237 C1_HE578979 322 (658.0)
denovo237 C1_AM748551 322 (658.0)
denovo237 C1_AF333515 322 (658.0)
denovo237 C1054_AY186565 321 (661.5)
denovo237 C1008_DQ480613 322 (649.0)
denovo237 C1103_AF427470 323 (648.0)
denovo237 C1226_EU074881 323 (648.0)
denovo237 C1b/C1e_AY239363 322 (652.0)
denovo237 C1044_DQ068038 322 (643.0)
denovo237 C1017_DQ174729 323 (642.0)
denovo237 C1.6_FJ461493 322 (667.0)
denovo237 C1b.2_HE578998 322 (643.0)
denovo237 C1060_DQ480600 322 (649.0)
denovo237 C1227_EU074882 322 (649.0)
denovo237 C1197_EU099814 322 (649.0)
denovo237 C1130_DQ480643 322 (543.5)
denovo237 D109_AB097465 350 (486.5)
denovo237 D1.11_HE579040 351 (491.0)
denovo237 D105_AF174570 351 (481.5)
denovo237 D104_AF174572 348 (483.5)
denovo237 D1.3_JF683337 351 (482.0)
denovo237 D1.10_HE579039 351 (491.0)
denovo237 D110_AF174561 351 (491.0)
denovo237 D117_AF174542 351 (482.0)
denovo237 D114_AF174549 351 (491.0)
denovo237 D113_AF174557 352 (477.0)
denovo237 D112_AF174558 352 (486.0)
denovo237 D106_AF174559 354 (492.0)
denovo237 D111_AF174560 351 (491.5)
denovo237 D115_AF174562 351 (482.0)
denovo237 D107_AF174568 351 (491.0)
denovo237 D116_AF174571 352 (477.0)
denovo237 D124_EU074897 352 (495.0)
denovo237 D1.8_HE579037 354 (491.0)
denovo237 D3_AY686650 351 (491.0)
denovo237 D1.6_HQ630881 351 (482.0)
denovo237 D120_EU074900 352 (477.0)
denovo237 D121_EU074904 352 (486.0)
denovo237 D122_EU074905 351 (482.0)
denovo237 D1a.2_JF683339 354 (494.0)
denovo237 D1a.1_JF683338 352 (495.0)
denovo237 D2_AY686649 585 (560.0)
denovo237 D4_DQ865214 350 (485.5)
denovo237 D1a_AF499802 352 (486.0)
denovo237 D1a_JN558078 352 (486.0)
denovo237 D123_EU074895 351 (491.0)
denovo237 D108_AF174567 351 (491.0)
denovo237 D103_AF174575 352 (486.0)
denovo237 D100_AF411415 363 (482.0)
denovo237 D118_EF656435 348 (500.5)
denovo237 D101_AF411416 363 (467.0)
denovo237 D119_EU099832 356 (471.5)
denovo237 D102_AF174573 350 (491.5)
denovo237 D1_AF334660 351 (491.0)
denovo237 D1_JN558076 351 (491.0)
denovo237 D1.12_HE579041 331 (487.5)
denovo237 D1.1_AM748564 431 (515.0)
denovo237 D1.2_AM748617 415 (515.5)
denovo237 E111_EU074915 342 (476.0)
denovo237 E110_EU074914 342 (476.0)
denovo237 E114_EU074909 345 (458.0)
denovo237 E1_AF334659 343 (457.0)
denovo237 E105_EU074921 342 (467.0)
denovo237 E112_EU074916 342 (458.0)
denovo237 E104_EU074922 340 (469.0)
denovo237 E102_EU074924 342 (458.0)
denovo237 E103_EU074923 342 (467.0)
denovo237 E101_AY160123 347 (442.0)
denovo237 E109_EU074913 349 (488.0)
denovo237 E100_DQ011618 357 (491.5)
denovo237 E108_EU074912 356 (488.5)
denovo237 E113_EU074908 352 (498.5)
denovo237 E107_EU074910 356 (488.5)
denovo237 F1_JN558066 344 (633.5)
denovo237 F5.2d_AJ291530 332 (650.0)
denovo237 F104_AJ291531 332 (650.0)
denovo237 F5.2c_AM748596 332 (641.5)
denovo237 F5.2_AM748594 336 (644.0)
denovo237 F5.2a_AM748614 336 (644.0)
denovo237 F5.2b_AM748595 332 (641.0)
denovo237 F5.2e_AJ291533 344 (623.5)
denovo237 F5.2g_JN558072 335 (642.0)
denovo237 F5.2f_AJ291512 343 (637.5)
denovo237 F102_AJ291534 350 (639.5)
denovo237 F5.1c_AM748593 342 (645.5)
denovo237 F5.1d_JN558069 342 (635.0)
denovo237 F5.1b_AJ291535 342 (671.0)
denovo237 F5.1_AM748592 342 (662.0)
denovo237 F5.1a_AM748591 342 (671.0)
denovo237 F110_AJ291526 322 (711.5)
denovo237 F4.7_AM748587 321 (685.0)
denovo237 F4.5_AM748585 322 (684.0)
denovo237 F4.4a_AM748583 319 (713.0)
denovo237 F4.4_AM748582 320 (704.5)
denovo237 F4.4b_AM748584 317 (722.5)
denovo237 F4.1a_AM748573 329 (659.5)
denovo237 F112_AJ291528 327 (655.0)
denovo237 F4.1_AM748572 327 (655.0)
denovo237 F4.8b_AM748590 325 (701.0)
denovo237 F4.8_AM748588 316 (702.0)
denovo237 F4.8a_AM748589 316 (701.5)
denovo237 F109_AJ291527 322 (706.5)
denovo237 F4.6_AM748586 320 (662.0)
denovo237 F111_AJ311949 315 (697.5)
denovo237 F4.3c_AM748581 316 (700.5)
denovo237 F4.3a_AM748579 316 (709.5)
denovo237 F4.3b_AM748580 316 (709.5)
denovo237 F4.3_AM748578 316 (700.5)
denovo237 F4.2_AM748574 323 (715.0)
denovo237 F4.2a_AM748575 321 (695.0)
denovo237 F4.2c_AM748577 321 (691.5)
denovo237 F4.2b_AM748576 321 (704.0)
denovo237 F2b_AJ291521 334 (671.0)
denovo237 F2_AJ830908 331 (670.5)
denovo237 F2a_AJ830911 331 (666.0)
denovo237 F3.1a_AM748566 342 (636.5)
denovo237 F114_AJ291525 340 (648.5)
denovo237 F3.1_AM748565 340 (648.5)
denovo237 F3.2_AM748567 354 (662.5)
denovo237 F3.2a_AM748568 337 (657.0)
denovo237 F3.3_AM748569 339 (677.5)
denovo237 F3.4a_AM748571 350 (621.0)
denovo237 F3.4_AM748570 346 (625.0)
denovo237 F3.4b_AM748616 346 (625.0)
denovo237 G101_AJ291539 364 (509.0)
denovo237 G1_AM748597 364 (509.0)
denovo237 G2b_JN558087 359 (507.5)
denovo237 G2_AM748598 365 (495.5)
denovo237 G2a_AM748599 363 (492.0)
denovo237 G4_AM748601 359 (566.0)
denovo237 G3.4_LK392378 349 (528.5)
denovo237 G3_AM748600 361 (529.0)
denovo237 G3.2_KC597694 338 (475.0)
denovo237 G3.1_KC597688 352 (537.0)
denovo237 G100_AB253788 340 (529.0)
denovo237 G3.3_LK392377 341 (531.5)
denovo237 H6_AJ291520 643 (316.5)
denovo237 H3_AM748606 322 (521.5)
denovo237 H2_AM748605 334 (538.0)
denovo237 H4_AM748607 332 (536.0)
denovo237 H4a_AM748608 340 (528.5)
denovo237 H5a_AM748611 333 (519.5)
denovo237 H5b_AM748610 335 (515.0)
denovo237 H5_AJ621129 338 (516.5)
denovo237 H5_AM748609 338 (516.5)
denovo237 H100_AJ291513 337 (521.0)
denovo237 H1b_AM748604 337 (525.0)
denovo237 H1a_AM748612 337 (534.0)
denovo237 H1_AJ621152 337 (534.0)
denovo237 H1_AM748602 337 (534.0)
denovo237 I3_FN561561 343 (711.0)
denovo237 I4_FN561562 343 (711.0)
denovo237 I1_FN561559 347 (705.5)
denovo237 I2_FN561560 351 (716.0)

#---------------------------------------
#---------------------------------------
