denovo132 A136_DQ865210 351 (349.0)
denovo132 A133_DQ174725 363 (329.5)
denovo132 A115_AF180123 353 (342.5)
denovo132 A117_AF201746 347 (341.5)
denovo132 A134_DQ174723 347 (341.5)
denovo132 A114_AF184941 347 (341.5)
denovo132 A135_DQ174727 350 (324.0)
denovo132 A2_AF333506 347 (329.5)
denovo132 A101_AF427468 347 (333.0)
denovo132 A2_1_JN558097 347 (333.0)
denovo132 A2_2_JN558100 347 (333.0)
denovo132 A113_AF184948 358 (320.0)
denovo132 A112_AF184949 358 (321.5)
denovo132 A123_EF378618 353 (244.0)
denovo132 A137_EF378621 365 (221.0)
denovo132 A11_EU449041 345 (340.0)
denovo132 A121_DQ174722 351 (333.5)
denovo132 A15b_EU792886 345 (338.0)
denovo132 A15a_EU792885 348 (331.0)
denovo132 A15c_EU792887 348 (331.0)
denovo132 A15_EU792884 348 (331.0)
denovo132 A147_EU074937 354 (326.5)
denovo132 A154_EU074860 354 (308.5)
denovo132 A146_EU074936 354 (325.5)
denovo132 A150_EU074928 352 (329.5)
denovo132 A116_AF183575 354 (326.5)
denovo132 A141_EU074931 354 (326.5)
denovo132 A5_AF333508 354 (323.5)
denovo132 A3b_EU449043 353 (324.0)
denovo132 A151_EU074925 350 (323.5)
denovo132 A152_EU074927 355 (320.0)
denovo132 A149_EU074929 351 (327.0)
denovo132 A140_EU074930 356 (322.5)
denovo132 A142_EU074932 351 (325.5)
denovo132 A143_EU074933 354 (317.5)
denovo132 A144_EU074934 358 (319.5)
denovo132 A145_EU074935 354 (326.5)
denovo132 A148_EU074938 354 (317.5)
denovo132 A155_EU074856 354 (317.5)
denovo132 A156_EU074859 354 (317.5)
denovo132 A139_EU074962 354 (326.5)
denovo132 A6_AF186058 354 (326.5)
denovo132 A3_AF333507 354 (326.5)
denovo132 A3_JN558091 354 (326.5)
denovo132 A8_AY258468 348 (313.0)
denovo132 A7_AY239360 353 (319.0)
denovo132 A16_EU792888 350 (318.5)
denovo132 A4.3_FN429763 360 (305.5)
denovo132 A120_AF180122 347 (303.0)
denovo132 A4.2_FN429761 358 (305.5)
denovo132 A4_AF333509 358 (315.5)
denovo132 A4.1_FN429760 358 (304.0)
denovo132 A4a_AF499778 358 (315.0)
denovo132 A4a.1_FN429762 358 (315.0)
denovo132 A138_EF378620 358 (276.5)
denovo132 A122_EF378619 353 (310.0)
denovo132 A126_EF378615 356 (315.0)
denovo132 A10_EU792882 356 (315.0)
denovo132 A9_EU449028 356 (315.5)
denovo132 A105_AB207202 352 (313.5)
denovo132 A119_AF180121 357 (302.0)
denovo132 A12_EU792883 355 (322.0)
denovo132 A104_AB207203 355 (313.0)
denovo132 A1a_EU449030 357 (318.5)
denovo132 A1.3_HE578976 358 (314.0)
denovo132 A1.4_HE578977 354 (319.0)
denovo132 A13_AF333504 357 (328.0)
denovo132 A13_JN558094 357 (328.0)
denovo132 A110_AB190282 357 (310.0)
denovo132 A103_AB207206 346 (313.0)
denovo132 A130_EF656428 357 (310.0)
denovo132 A127_EF656429 357 (319.0)
denovo132 A128_EF656430 357 (319.0)
denovo132 A129_EF656431 352 (322.5)
denovo132 A131_EF656432 345 (320.5)
denovo132 A118_AF180120 357 (286.5)
denovo132 A1_AF333505 357 (319.0)
denovo132 A107_AB207199 345 (320.0)
denovo132 A111_AB190280 343 (314.5)
denovo132 A108_AB207197 354 (315.5)
denovo132 A106_AB207200 355 (324.0)
denovo132 A102_AB207209 353 (316.5)
denovo132 A1.2_AB207210 353 (316.5)
denovo132 A109_AB190285 353 (316.0)
denovo132 B4_AF333510 361 (310.0)
denovo132 B23_EU449079 361 (312.5)
denovo132 B30_GU907644 361 (304.0)
denovo132 B11_AY239361 361 (322.5)
denovo132 B17_AY258470 366 (311.0)
denovo132 B1k_GU907638 320 (195.0)
denovo132 B1.V_Green2014 377 (308.5)
denovo132 B1b_AF499780 367 (319.0)
denovo132 B16_AY258469 367 (305.5)
denovo132 B31a_GU907646 366 (312.0)
denovo132 B32_GU907647 363 (310.0)
denovo132 B31_GU907645 367 (305.0)
denovo132 B1j_GU907637 366 (311.5)
denovo132 B37_GU907650 368 (310.5)
denovo132 B5a_AF499782 367 (305.0)
denovo132 B5_AF499781 367 (305.0)
denovo132 B24_GU907643 364 (253.0)
denovo132 B117_AF180124 366 (308.0)
denovo132 B10_AF499787 367 (313.5)
denovo132 B20_GU907642 369 (308.5)
denovo132 B1m_GU907640 367 (314.0)
denovo132 B34_GU907649 367 (315.0)
denovo132 B1d_GU907633 361 (321.5)
denovo132 B1e_GU907634 367 (313.0)
denovo132 B1i_GU907636 367 (314.5)
denovo132 B1g_GU907635 368 (314.5)
denovo132 B123_EU074872 367 (323.0)
denovo132 B8_AF499785 375 (317.0)
denovo132 B1l_GU907639 367 (314.0)
denovo132 B1a_AF499779 367 (313.0)
denovo132 B14_AY239362 369 (307.0)
denovo132 B125_EU074865 367 (313.0)
denovo132 B122_EU074871 367 (305.0)
denovo132 B124_EU074874 370 (314.5)
denovo132 B1.VII_Green2014 367 (280.0)
denovo132 B1.III_Green2014 356 (316.5)
denovo132 B1.I_Green2014 367 (314.0)
denovo132 B1.II_Green2014 367 (314.0)
denovo132 B1_JN558057 367 (314.0)
denovo132 B1_AF333511 367 (314.0)
denovo132 B1.IV_Green2014 371 (316.5)
denovo132 B121_EU074870 369 (310.5)
denovo132 B7_AF499784 367 (314.0)
denovo132 B1.VI_Green2014 362 (308.5)
denovo132 B3_AF333514 365 (311.5)
denovo132 B9_AF499786 366 (296.0)
denovo132 B19a_JN558055 348 (288.5)
denovo132 B119_EU099825 355 (308.0)
denovo132 B21_DQ865213 361 (314.0)
denovo132 B38_GU907651 361 (314.0)
denovo132 B18_AY258471 366 (305.0)
denovo132 B18a_AY258472 366 (305.0)
denovo132 B33_GU907648 366 (305.0)
denovo132 B6_AF499783 375 (305.0)
denovo132 B19_DQ865212 357 (307.5)
denovo132 B19_GU907641 357 (307.5)
denovo132 B2_AF333512 356 (314.0)
denovo132 B2_JN558060 356 (314.0)
denovo132 C33.1_AY258498 362 (331.5)
denovo132 C33.2_AY765400 362 (331.5)
denovo132 C33a_EF541147 362 (331.5)
denovo132 C34_AY258499 370 (312.5)
denovo132 C78_AY765413 356 (278.5)
denovo132 C15.29_KC597690 369 (268.0)
denovo132 C1131_DQ182650 364 (281.5)
denovo132 C1135_DQ182646 367 (272.0)
denovo132 C1134_DQ182647 367 (272.0)
denovo132 C1142_DQ182635 367 (272.0)
denovo132 C1136_DQ182644 364 (278.5)
denovo132 C1111_DQ182645 368 (273.5)
denovo132 C1236_EF473656 368 (273.5)
denovo132 C1138_DQ182642 368 (273.5)
denovo132 C1137_DQ182643 369 (267.0)
denovo132 C1133_DQ182648 369 (277.0)
denovo132 C1132_DQ182649 370 (279.5)
denovo132 C1143_DQ182634 368 (273.5)
denovo132 C1139_DQ182639 367 (264.0)
denovo132 C15.28_KC597687 362 (286.5)
denovo132 C1141_DQ182636 366 (287.5)
denovo132 C1144_DQ182637 367 (281.0)
denovo132 C1122_DQ182654 367 (281.5)
denovo132 C1127_DQ182652 366 (278.5)
denovo132 C15.30_JX394114 368 (278.5)
denovo132 C15.26_KC597686 360 (285.5)
denovo132 C1086_DQ182656 363 (285.0)
denovo132 C15.25_KC597685 363 (282.0)
denovo132 C1118_AF180127 366 (274.0)
denovo132 C1129_DQ182651 366 (278.5)
denovo132 C15.21_KC597683 365 (268.5)
denovo132 C56_AY589760 365 (288.0)
denovo132 C1140_DQ182638 373 (273.0)
denovo132 C1126_DQ182653 370 (274.0)
denovo132 C15c_AY258492 368 (278.0)
denovo132 C15d_AY258493 368 (278.0)
denovo132 C1098_DQ182641 372 (278.5)
denovo132 C15.27_KC597689 364 (276.5)
denovo132 C15.18_HE579024 369 (289.0)
denovo132 C15.16_HE579022 364 (285.0)
denovo132 C1101_AB253787 365 (268.0)
denovo132 C1083_AY237300 367 (275.5)
denovo132 C1088_DQ182640 373 (268.5)
denovo132 C15.6_FN563472 365 (276.0)
denovo132 C15.5_FJ461512 365 (276.5)
denovo132 C15.4_FJ461511 365 (276.0)
denovo132 C15.13_HE579019 366 (269.5)
denovo132 C15.12_HE579018 368 (269.0)
denovo132 C93a_AM748563 368 (287.0)
denovo132 C1094_AJ291514 368 (281.0)
denovo132 C93_AM748562 368 (290.0)
denovo132 C15.17_HE579023 368 (273.0)
denovo132 C15e_AY589742 365 (274.5)
denovo132 C15.22_KC597695 368 (278.0)
denovo132 C60_AY589764 367 (284.0)
denovo132 C15.1_FJ461508 368 (278.0)
denovo132 C15.2_FJ461509 368 (287.0)
denovo132 C15.9_FN563475 370 (276.0)
denovo132 C15.7_HE579015 363 (273.5)
denovo132 C15.8_HE579016 368 (269.0)
denovo132 C15.15_HE579021 368 (287.0)
denovo132 C15.19_HE579025 363 (282.0)
denovo132 C15.24_KC597696 365 (277.0)
denovo132 C15.3_FJ461510 368 (287.0)
denovo132 C1087_DQ182655 365 (279.0)
denovo132 C15.14_HE579020 369 (279.0)
denovo132 C15.23_KC597697 369 (279.0)
denovo132 C19_AY258479 363 (277.0)
denovo132 C1233_EU118166 365 (285.0)
denovo132 C15b_AY258491 372 (271.0)
denovo132 C15a_AY258476 368 (278.0)
denovo132 C1051_AF195153 368 (287.0)
denovo132 C2_AF333518 368 (283.5)
denovo132 C15.20_HE579026 369 (279.0)
denovo132 C15f_AY589743 369 (277.5)
denovo132 C55_AY589759 372 (286.0)
denovo132 C15_AY239369 368 (278.0)
denovo132 C32.1_JF683335 363 (290.5)
denovo132 C32.2_JF683336 363 (299.5)
denovo132 C21.23_KC597693 363 (299.5)
denovo132 C1193_EU099827 381 (281.0)
denovo132 C1195_EU099821 375 (279.5)
denovo132 C3q_GU907655 357 (288.0)
denovo132 C53_AY589758 370 (277.0)
denovo132 C73_AY765408 356 (285.0)
denovo132 C17.2.1_KC597684 365 (293.5)
denovo132 C32_AY258497 363 (282.5)
denovo132 C1189_EU099831 355 (274.5)
denovo132 C1191_EU099833 354 (272.5)
denovo132 C1196_EU099819 368 (279.5)
denovo132 C1192_EU099820 368 (279.5)
denovo132 C17.1_JF683322 357 (282.0)
denovo132 C26_b2_FN827164 359 (283.0)
denovo132 C26_b3_FN827165 359 (299.0)
denovo132 C31.9_HQ630879 365 (275.5)
denovo132 C31a_AY589746 363 (292.0)
denovo132 C30_AY589745 366 (285.0)
denovo132 C31.1_HQ630876 366 (285.0)
denovo132 C31.5_HQ630877 369 (285.5)
denovo132 C31.6_HQ630878 367 (278.5)
denovo132 C31.2_JF683332 366 (294.0)
denovo132 C31.3_JF683333 379 (281.0)
denovo132 C26/C35a_AY239378 356 (290.5)
denovo132 C35a_AY258501 356 (290.5)
denovo132 C35.2_AY258500 359 (283.5)
denovo132 C26_b1_FN827163 359 (283.5)
denovo132 C17_AY239370 355 (276.5)
denovo132 C17.2_FJ461513 363 (283.0)
denovo132 C31.10_HQ630880 365 (275.5)
denovo132 C31.4_JF683334 370 (273.5)
denovo132 C31_AY258496 366 (285.0)
denovo132 C25_AY239377 363 (300.5)
denovo132 C61_AY589765 365 (249.0)
denovo132 C1043_DQ072721 359 (291.5)
denovo132 C79_AY765414 356 (298.5)
denovo132 C69_AY589773 363 (287.0)
denovo132 C69a_AY686648 360 (294.0)
denovo132 C21.22_KC597692 361 (284.0)
denovo132 C51_AY589756 358 (294.0)
denovo132 C1aa_HM185739 364 (305.0)
denovo132 C1096_DQ068023 363 (270.5)
denovo132 C74_AY765409 368 (275.0)
denovo132 C1185_AB294629 370 (281.0)
denovo132 C1184_AB294630 368 (277.0)
denovo132 C1153_AB294625 368 (283.5)
denovo132 C1154_AB294626 368 (275.0)
denovo132 C1187_AB294627 369 (278.0)
denovo132 C1186_AB294628 365 (292.0)
denovo132 C57_AY589761 365 (284.5)
denovo132 C66_AY589771 368 (284.0)
denovo132 C5_AF499795 372 (272.5)
denovo132 C1167_AB294586 368 (278.0)
denovo132 C1164_AB294593 365 (286.0)
denovo132 C1183_AB294631 369 (288.0)
denovo132 C1067_DQ335381 357 (289.0)
denovo132 C1159_AB294613 370 (281.5)
denovo132 C1150_AB294622 369 (279.5)
denovo132 C90_AM748554 370 (286.0)
denovo132 C1168_AB294583 361 (278.0)
denovo132 C1156_AB294616 360 (293.0)
denovo132 C1151_AB294621 368 (287.5)
denovo132 C92a_AM748561 361 (286.5)
denovo132 C92_AM748560 361 (286.5)
denovo132 C1165_AB294581 368 (296.0)
denovo132 C1166_AB294584 368 (296.0)
denovo132 C1162_AB294594 373 (293.0)
denovo132 C1163_AB294596 374 (280.0)
denovo132 C1161_AB294606 371 (286.0)
denovo132 C1160_AB294608 361 (286.0)
denovo132 C1158_AB294614 368 (287.0)
denovo132 C1155_AB294617 368 (287.0)
denovo132 C1149_AB294620 368 (296.0)
denovo132 C1173_AB294662 368 (296.0)
denovo132 C1171_AB294663 368 (278.0)
denovo132 C1172_AB294665 368 (287.0)
denovo132 C91a_AM748556 369 (290.0)
denovo132 C91b_AM748557 369 (290.0)
denovo132 C91d_AM748559 369 (281.0)
denovo132 C91c_AM748558 369 (290.0)
denovo132 C91_AJ621543 368 (287.0)
denovo132 C91_AM748555 368 (287.0)
denovo132 C1023_DQ335330 343 (276.5)
denovo132 C1020_DQ335392 364 (295.0)
denovo132 C1018_DQ335408 377 (289.5)
denovo132 C1074_DQ335329 362 (280.0)
denovo132 C1030_DQ335353 362 (289.0)
denovo132 C1022_DQ335331 365 (281.0)
denovo132 C1027_DQ335360 362 (289.0)
denovo132 C1072_DQ335344 359 (296.0)
denovo132 C1039_AB190274 369 (293.0)
denovo132 C1033_DQ335350 362 (299.0)
denovo132 C1019_DQ335407 362 (289.0)
denovo132 C1194_EU099826 377 (290.5)
denovo132 C8b_AY258475 374 (275.0)
denovo132 C8_AY239367 373 (286.0)
denovo132 C8a_AY239368 373 (286.0)
denovo132 C54a_AY765406 380 (296.0)
denovo132 C3ff_HM185740 359 (296.0)
denovo132 C59_AY589763 370 (287.5)
denovo132 C3k_AY589737 371 (282.0)
denovo132 C3.24_HE579012 365 (283.0)
denovo132 C3.23_HE579011 366 (285.5)
denovo132 C35.1_AY765401 377 (297.5)
denovo132 C35.3_EF541145 377 (288.5)
denovo132 C76_AY765411 369 (299.0)
denovo132 C1107_DQ335359 361 (287.5)
denovo132 C3.22_HE579010 370 (287.5)
denovo132 C77_AY765412 361 (297.5)
denovo132 C20_AY239371 365 (297.5)
denovo132 C1055_DQ480640 363 (278.5)
denovo132 C27/C30_AY239379 359 (284.0)
denovo132 C27.1_FJ461517 359 (277.0)
denovo132 C40a_AY589747 366 (300.0)
denovo132 C40_AY258485 366 (300.0)
denovo132 C40b_AY589748 367 (299.5)
denovo132 C16_AY258477 363 (292.0)
denovo132 C16a_AY765399 364 (286.0)
denovo132 C1091_AB207186 369 (302.0)
denovo132 C1102_DQ335400 356 (295.0)
denovo132 C1069_DQ335375 361 (292.0)
denovo132 C1073_DQ335332 359 (296.5)
denovo132 C1066_DQ335382 371 (288.5)
denovo132 C1031_DQ335352 364 (286.0)
denovo132 C1026_DQ335366 364 (286.0)
denovo132 C70_AY589774 362 (289.0)
denovo132 C1082_AB190267 362 (294.5)
denovo132 C1078_AB190271 361 (301.5)
denovo132 C1090_AB207191 373 (294.0)
denovo132 C1071_DQ335302 378 (291.0)
denovo132 C1075_DQ335328 373 (294.0)
denovo132 C1068_DQ335379 359 (296.0)
denovo132 C1064_DQ335395 359 (296.0)
denovo132 C1063_DQ335403 359 (296.5)
denovo132 C62_AY589766 359 (296.0)
denovo132 C1077_DQ335316 358 (299.0)
denovo132 C1109_DQ335338 359 (305.0)
denovo132 C1110_DQ335340 356 (305.0)
denovo132 C1106_DQ335339 366 (302.0)
denovo132 C1112_DQ335319 369 (302.0)
denovo132 C1108_DQ335351 362 (314.5)
denovo132 C1105_DQ335394 366 (309.0)
denovo132 C1121_DQ335378 366 (318.0)
denovo132 C1116_AB190268 359 (305.0)
denovo132 C1115_AB190273 366 (309.0)
denovo132 C1124_DQ335323 366 (317.5)
denovo132 C1120_DQ335398 377 (306.0)
denovo132 C1119_DQ335404 366 (309.0)
denovo132 C1123_DQ335363 366 (309.0)
denovo132 C1004_DQ480635 369 (301.0)
denovo132 C1061_AY186568 379 (296.0)
denovo132 C1053_AY186569 378 (293.0)
denovo132 C1003_DQ480639 378 (302.0)
denovo132 C81_GU907657 370 (277.5)
denovo132 C22_AY239373 365 (282.0)
denovo132 C22a_AY239374 358 (287.5)
denovo132 C1232_EU118163 361 (285.5)
denovo132 C21.13_FJ461515 362 (296.0)
denovo132 C21.1_JF683323 366 (274.0)
denovo132 C21.3_JF683325 362 (296.0)
denovo132 C1.20_HE578993 380 (281.0)
denovo132 C1.22_HE578995 381 (274.0)
denovo132 C52_AY589757 380 (284.5)
denovo132 C1201_EU099793 366 (278.0)
denovo132 C14_AY589741 364 (315.5)
denovo132 C43_AY589749 365 (305.5)
denovo132 C50_AY589755 383 (271.5)
denovo132 C3.14_HQ630872 361 (295.5)
denovo132 C1m_AY765398 369 (292.0)
denovo132 C82_GU907658 376 (286.5)
denovo132 C82b_GU907660 376 (286.5)
denovo132 C64_AY589768 368 (288.5)
denovo132 C45a_AY765404 373 (295.0)
denovo132 C48_AY589753 362 (291.5)
denovo132 C1_v1b_FJ919244 378 (287.0)
denovo132 C1_v1a_FJ919243 369 (295.0)
denovo132 C3j_AY239366 358 (293.5)
denovo132 C3t_EF541149 383 (298.5)
denovo132 C9_AF499798 369 (301.0)
denovo132 C23_AY239375 364 (294.5)
denovo132 C37_AY258481 361 (295.5)
denovo132 C1048_DQ068026 369 (292.0)
denovo132 C21.4_JF683326 363 (282.0)
denovo132 C21.5_JF683327 357 (281.5)
denovo132 C1070_DQ335349 356 (299.5)
denovo132 C21.6_HQ630873 353 (288.5)
denovo132 C1224_EU074890 370 (285.5)
denovo132 C1.17_HE578990 369 (292.0)
denovo132 C21_b1_FN827162 362 (267.0)
denovo132 C21.9_JF683330 361 (274.0)
denovo132 C1085_AY624605 362 (289.5)
denovo132 C3p_GU907654 366 (287.0)
denovo132 C3f_AY589734 368 (289.5)
denovo132 C65a_AY589770 359 (296.0)
denovo132 C65_AY589769 362 (289.0)
denovo132 C71_AY589775 361 (286.5)
denovo132 C71a_AY589776 361 (286.5)
denovo132 C1178_AB294647 353 (280.0)
denovo132 C1225_EU074893 370 (285.0)
denovo132 C75_AY765410 369 (282.5)
denovo132 C21.10_JF683331 364 (275.5)
denovo132 C21.11_HQ630874 362 (278.0)
denovo132 C1065_DQ335388 363 (282.0)
denovo132 C1045_DQ068036 362 (289.0)
denovo132 C1h_AY258473 369 (292.0)
denovo132 C38_AY258482 383 (289.0)
denovo132 C1202_EU099799 364 (286.0)
denovo132 C7_AF499797 362 (289.0)
denovo132 C12_AF499801 366 (284.0)
denovo132 C38a_AY258483 369 (289.5)
denovo132 C1200_EU099800 371 (289.0)
denovo132 C44a_AY589751 365 (282.0)
denovo132 C47_AY589752 368 (288.5)
denovo132 C44_AY589750 369 (291.0)
denovo132 C1.15_HE578988 369 (292.0)
denovo132 C45.3_FJ461522 369 (292.0)
denovo132 C46a_AY765405 367 (304.0)
denovo132 C46_EU449108 365 (298.0)
denovo132 C3.12_FJ461507 362 (289.0)
denovo132 C1k_AY589733 369 (292.0)
denovo132 C67_AY686647 367 (294.0)
denovo132 C82a_GU907659 369 (292.0)
denovo132 C10a_AY589739 380 (282.0)
denovo132 C10_AF499799 377 (290.5)
denovo132 C13_AY589740 383 (296.5)
denovo132 C4_AF499794 369 (283.0)
denovo132 C1147_EF656433 365 (296.5)
denovo132 C1c/C45_AY239364 369 (292.0)
denovo132 C1c/C45_EU449103 369 (292.0)
denovo132 C21.19_HE579031 357 (273.0)
denovo132 C21.21_HE579033 360 (272.0)
denovo132 C21.20_HE579032 360 (272.0)
denovo132 C42b_AY765403 361 (292.5)
denovo132 C42_AY258487 361 (292.5)
denovo132 C1p_GU907652 366 (299.0)
denovo132 C1d_AY258488 362 (296.0)
denovo132 C42_AY765402 366 (299.0)
denovo132 C3ha_AY589736 360 (290.5)
denovo132 C63a_AY589767 359 (299.0)
denovo132 C21a_AY589744 357 (281.5)
denovo132 C3o_GU907653 357 (281.5)
denovo132 C21.16_HQ630875 378 (273.5)
denovo132 C21.2_JF683324 362 (286.0)
denovo132 C21.7_JF683328 360 (281.5)
denovo132 C21.8_JF683329 357 (290.5)
denovo132 C3h_AY239365 357 (281.5)
denovo132 C1203_EU099798 357 (272.5)
denovo132 C3.10_FJ461505 362 (289.0)
denovo132 C21.14_FJ461516 357 (281.5)
denovo132 C21.18_HE579030 359 (275.5)
denovo132 C3.17_HE579005 362 (280.0)
denovo132 C3.9_FJ461504 381 (284.5)
denovo132 C3.8_FJ461503 368 (289.5)
denovo132 C3.7_FJ461502 362 (280.0)
denovo132 C3.11_FJ461506 362 (289.0)
denovo132 C3.18_HE579006 362 (289.0)
denovo132 C3.19_HE579007 362 (289.0)
denovo132 C3.20_HE579008 362 (280.0)
denovo132 C3g_AY589735 364 (288.0)
denovo132 C3a_AF499790 371 (281.5)
denovo132 C3e_AF499793 362 (289.5)
denovo132 C6_AF499796 369 (291.0)
denovo132 C11_AF499800 371 (289.5)
denovo132 C36_AY258480 363 (282.5)
denovo132 C29_AY258494 369 (291.5)
denovo132 C1146_EF656434 369 (282.0)
denovo132 C1190_EU099841 362 (298.0)
denovo132 C131_JF320826 362 (289.0)
denovo132 C28_AY239380 364 (288.0)
denovo132 C1012_DQ480604 362 (289.0)
denovo132 C1181_AB294640 362 (292.5)
denovo132 C1180_AB294641 362 (292.5)
denovo132 C1179_AB294645 368 (284.0)
denovo132 C1176_AB294651 381 (287.5)
denovo132 C1175_AB294653 359 (283.5)
denovo132 C1174_AB294655 364 (280.0)
denovo132 C1177_AB294659 359 (284.5)
denovo132 C1040_AB190269 361 (286.5)
denovo132 C1182_AB294649 366 (281.5)
denovo132 C1089_AJ278598 363 (282.0)
denovo132 C1028_DQ335357 362 (298.0)
denovo132 C3.16_EU786015 358 (296.0)
denovo132 C1097_AJ311943 364 (281.5)
denovo132 C1170_AB294661 364 (280.5)
denovo132 C21.17_HE579029 358 (277.5)
denovo132 C21/3d/C3k_AY239372 357 (281.5)
denovo132 C58_AY589762 361 (280.0)
denovo132 C3L_AY589738 369 (288.0)
denovo132 C1169_AB294660 362 (283.5)
denovo132 C3.2_FJ461497 363 (296.0)
denovo132 C3.1_JF683321 370 (290.5)
denovo132 C1104_AF427469 359 (284.0)
denovo132 C3b_AF499791 361 (289.5)
denovo132 C83_GU907661 362 (291.5)
denovo132 C49_AY589754 401 (306.5)
denovo132 C3_AB778606 362 (289.0)
denovo132 C3_AF499789 362 (289.0)
denovo132 C3_HE579001 362 (289.0)
denovo132 C21.12_FJ461514 357 (290.5)
denovo132 C1229_EU074888 356 (285.5)
denovo132 C1230_EU074889 356 (294.0)
denovo132 C1114_AB207196 362 (289.0)
denovo132 C3.21_HE579009 361 (244.0)
denovo132 C1057_DQ480619 370 (285.0)
denovo132 C72_AY765407 361 (291.5)
denovo132 C1b.3_HE578999 370 (308.0)
denovo132 C93_AJ621536 362 (280.0)
denovo132 C94_AJ621539 369 (283.0)
denovo132 C1g_AY589730 369 (301.0)
denovo132 C1i_AY589731 378 (293.0)
denovo132 C1j_AY589732 369 (301.0)
denovo132 C1005_DQ480633 369 (292.0)
denovo132 C1.7_FJ461494 366 (292.0)
denovo132 C1.11_HE578984 369 (283.5)
denovo132 C1.12_HE578985 370 (285.5)
denovo132 C1.13_HE578986 381 (284.0)
denovo132 C1.14_HE578987 370 (294.5)
denovo132 C1.18_HE578991 369 (301.0)
denovo132 C1.19_HE578992 370 (294.0)
denovo132 C1199_EU099802 366 (285.0)
denovo132 C1188_EU099838 367 (293.5)
denovo132 C1002_DQ838544 365 (288.0)
denovo132 C1198_EU099810 369 (283.0)
denovo132 C24_AY239376 378 (284.0)
denovo132 C1f_AY258490 369 (292.0)
denovo132 C1006_DQ480629 369 (292.0)
denovo132 C1010_DQ480607 366 (293.0)
denovo132 C1007_DQ480624 378 (278.0)
denovo132 C1011_DQ480605 362 (297.5)
denovo132 C1009_DQ480608 369 (292.0)
denovo132 C1041_AY186548 369 (292.0)
denovo132 C1052_AY186570 369 (292.0)
denovo132 C1148_EU040178 369 (291.0)
denovo132 C1234_EU118165 366 (295.0)
denovo132 C1.5_EF634157 378 (293.0)
denovo132 C1059_DQ480609 369 (283.0)
denovo132 C1228_EU074883 369 (301.0)
denovo132 C1208_EU074963 367 (293.5)
denovo132 C1207_EU074964 369 (292.0)
denovo132 C1206_EU074965 378 (284.0)
denovo132 C1013_DQ480642 374 (290.0)
denovo132 C80_GU907656 377 (289.0)
denovo132 C1a_AF499788 378 (293.0)
denovo132 C41_AY258486 378 (293.0)
denovo132 C39_AY258484 367 (291.0)
denovo132 C1231_EU074878 369 (283.0)
denovo132 C1b.1_HE578997 370 (290.0)
denovo132 C18_AY258478 364 (293.5)
denovo132 C1.10_HE578983 362 (295.5)
denovo132 C1_JN558041 369 (292.0)
denovo132 C1_HE578979 369 (292.0)
denovo132 C1_AM748551 369 (292.0)
denovo132 C1_AF333515 369 (292.0)
denovo132 C1054_AY186565 365 (293.5)
denovo132 C1008_DQ480613 369 (286.0)
denovo132 C1103_AF427470 366 (287.0)
denovo132 C1226_EU074881 369 (295.0)
denovo132 C1b/C1e_AY239363 370 (299.0)
denovo132 C1044_DQ068038 365 (291.5)
denovo132 C1017_DQ174729 370 (289.0)
denovo132 C1.6_FJ461493 365 (299.0)
denovo132 C1b.2_HE578998 370 (299.0)
denovo132 C1060_DQ480600 369 (283.5)
denovo132 C1227_EU074882 365 (299.0)
denovo132 C1197_EU099814 367 (293.0)
denovo132 C1130_DQ480643 361 (269.0)
denovo132 D109_AB097465 339 (271.0)
denovo132 D1.11_HE579040 371 (277.5)
denovo132 D105_AF174570 369 (281.0)
denovo132 D104_AF174572 361 (283.5)
denovo132 D1.3_JF683337 368 (278.5)
denovo132 D1.10_HE579039 372 (281.0)
denovo132 D110_AF174561 372 (281.0)
denovo132 D117_AF174542 371 (277.5)
denovo132 D114_AF174549 369 (281.0)
denovo132 D113_AF174557 369 (272.0)
denovo132 D112_AF174558 340 (277.0)
denovo132 D106_AF174559 371 (279.0)
denovo132 D111_AF174560 371 (278.0)
denovo132 D115_AF174562 369 (281.0)
denovo132 D107_AF174568 369 (281.0)
denovo132 D116_AF174571 365 (277.5)
denovo132 D124_EU074897 371 (279.0)
denovo132 D1.8_HE579037 373 (275.0)
denovo132 D3_AY686650 372 (280.5)
denovo132 D1.6_HQ630881 369 (290.0)
denovo132 D120_EU074900 369 (281.0)
denovo132 D121_EU074904 369 (273.0)
denovo132 D122_EU074905 369 (281.0)
denovo132 D1a.2_JF683339 363 (282.5)
denovo132 D1a.1_JF683338 369 (281.0)
denovo132 D2_AY686649 572 (336.0)
denovo132 D4_DQ865214 345 (278.5)
denovo132 D1a_AF499802 369 (281.0)
denovo132 D1a_JN558078 369 (281.0)
denovo132 D123_EU074895 369 (272.0)
denovo132 D108_AF174567 370 (284.5)
denovo132 D103_AF174575 369 (281.0)
denovo132 D100_AF411415 367 (276.0)
denovo132 D118_EF656435 354 (273.0)
denovo132 D101_AF411416 366 (277.0)
denovo132 D119_EU099832 346 (278.5)
denovo132 D102_AF174573 368 (282.0)
denovo132 D1_AF334660 369 (281.0)
denovo132 D1_JN558076 369 (281.0)
denovo132 D1.12_HE579041 341 (260.0)
denovo132 D1.1_AM748564 412 (287.5)
denovo132 D1.2_AM748617 423 (328.5)
denovo132 E111_EU074915 363 (288.5)
denovo132 E110_EU074914 369 (307.5)
denovo132 E114_EU074909 374 (296.5)
denovo132 E1_AF334659 358 (288.5)
denovo132 E105_EU074921 357 (298.5)
denovo132 E112_EU074916 358 (310.5)
denovo132 E104_EU074922 358 (301.5)
denovo132 E102_EU074924 358 (292.5)
denovo132 E103_EU074923 358 (301.5)
denovo132 E101_AY160123 358 (299.0)
denovo132 E109_EU074913 371 (304.0)
denovo132 E100_DQ011618 373 (310.0)
denovo132 E108_EU074912 371 (303.0)
denovo132 E113_EU074908 376 (303.0)
denovo132 E107_EU074910 377 (302.5)
denovo132 F1_JN558066 357 (373.0)
denovo132 F5.2d_AJ291530 363 (355.0)
denovo132 F104_AJ291531 363 (355.0)
denovo132 F5.2c_AM748596 363 (355.0)
denovo132 F5.2_AM748594 363 (355.5)
denovo132 F5.2a_AM748614 363 (355.5)
denovo132 F5.2b_AM748595 363 (355.5)
denovo132 F5.2e_AJ291533 364 (331.5)
denovo132 F5.2g_JN558072 364 (356.5)
denovo132 F5.2f_AJ291512 359 (370.5)
denovo132 F102_AJ291534 363 (373.0)
denovo132 F5.1c_AM748593 362 (362.0)
denovo132 F5.1d_JN558069 362 (372.0)
denovo132 F5.1b_AJ291535 362 (372.0)
denovo132 F5.1_AM748592 362 (372.0)
denovo132 F5.1a_AM748591 362 (363.0)
denovo132 F110_AJ291526 356 (349.5)
denovo132 F4.7_AM748587 354 (357.0)
denovo132 F4.5_AM748585 356 (360.0)
denovo132 F4.4a_AM748583 348 (347.0)
denovo132 F4.4_AM748582 348 (361.5)
denovo132 F4.4b_AM748584 351 (362.0)
denovo132 F4.1a_AM748573 355 (340.0)
denovo132 F112_AJ291528 354 (355.0)
denovo132 F4.1_AM748572 354 (355.0)
denovo132 F4.8b_AM748590 353 (326.5)
denovo132 F4.8_AM748588 349 (314.5)
denovo132 F4.8a_AM748589 351 (320.5)
denovo132 F109_AJ291527 361 (312.0)
denovo132 F4.6_AM748586 356 (325.5)
denovo132 F111_AJ311949 358 (336.5)
denovo132 F4.3c_AM748581 352 (347.0)
denovo132 F4.3a_AM748579 359 (349.0)
denovo132 F4.3b_AM748580 358 (346.0)
denovo132 F4.3_AM748578 358 (355.0)
denovo132 F4.2_AM748574 358 (348.5)
denovo132 F4.2a_AM748575 352 (337.0)
denovo132 F4.2c_AM748577 358 (332.0)
denovo132 F4.2b_AM748576 352 (337.0)
denovo132 F2b_AJ291521 365 (348.5)
denovo132 F2_AJ830908 355 (355.0)
denovo132 F2a_AJ830911 354 (357.0)
denovo132 F3.1a_AM748566 362 (380.5)
denovo132 F114_AJ291525 362 (362.0)
denovo132 F3.1_AM748565 362 (371.0)
denovo132 F3.2_AM748567 365 (352.0)
denovo132 F3.2a_AM748568 366 (346.5)
denovo132 F3.3_AM748569 363 (323.5)
denovo132 F3.4a_AM748571 364 (327.0)
denovo132 F3.4_AM748570 365 (339.0)
denovo132 F3.4b_AM748616 365 (339.0)
denovo132 G101_AJ291539 376 (299.0)
denovo132 G1_AM748597 376 (308.0)
denovo132 G2b_JN558087 383 (300.5)
denovo132 G2_AM748598 370 (297.0)
denovo132 G2a_AM748599 383 (299.0)
denovo132 G4_AM748601 359 (293.5)
denovo132 G3.4_LK392378 376 (299.5)
denovo132 G3_AM748600 383 (303.5)
denovo132 G3.2_KC597694 374 (298.0)
denovo132 G3.1_KC597688 386 (302.0)
denovo132 G100_AB253788 383 (293.5)
denovo132 G3.3_LK392377 382 (294.5)
denovo132 H6_AJ291520 653 (286.5)
denovo132 H3_AM748606 362 (287.0)
denovo132 H2_AM748605 365 (273.0)
denovo132 H4_AM748607 354 (276.0)
denovo132 H4a_AM748608 355 (275.5)
denovo132 H5a_AM748611 359 (266.0)
denovo132 H5b_AM748610 360 (268.0)
denovo132 H5_AJ621129 356 (265.5)
denovo132 H5_AM748609 356 (265.5)
denovo132 H100_AJ291513 349 (264.5)
denovo132 H1b_AM748604 353 (257.0)
denovo132 H1a_AM748612 351 (262.5)
denovo132 H1_AJ621152 353 (259.0)
denovo132 H1_AM748602 353 (259.0)
denovo132 I3_FN561561 361 (359.0)
denovo132 I4_FN561562 361 (359.0)
denovo132 I1_FN561559 357 (366.0)
denovo132 I2_FN561560 366 (356.0)

#---------------------------------------
#---------------------------------------
