denovo158 A136_DQ865210 299 (648.0)
denovo158 A133_DQ174725 282 (702.5)
denovo158 A115_AF180123 287 (605.0)
denovo158 A117_AF201746 290 (703.0)
denovo158 A134_DQ174723 290 (712.0)
denovo158 A114_AF184941 290 (712.0)
denovo158 A135_DQ174727 292 (716.5)
denovo158 A2_AF333506 293 (715.5)
denovo158 A101_AF427468 292 (716.5)
denovo158 A2_1_JN558097 292 (716.5)
denovo158 A2_2_JN558100 292 (716.5)
denovo158 A113_AF184948 281 (715.5)
denovo158 A112_AF184949 279 (738.0)
denovo158 A123_EF378618 271 (742.0)
denovo158 A137_EF378621 268 (823.5)
denovo158 A11_EU449041 272 (916.5)
denovo158 A121_DQ174722 272 (946.5)
denovo158 A15b_EU792886 272 (913.5)
denovo158 A15a_EU792885 272 (931.5)
denovo158 A15c_EU792887 273 (916.5)
denovo158 A15_EU792884 272 (922.5)
denovo158 A147_EU074937 272 (949.5)
denovo158 A154_EU074860 272 (967.5)
denovo158 A146_EU074936 273 (952.5)
denovo158 A150_EU074928 272 (958.5)
denovo158 A116_AF183575 272 (949.5)
denovo158 A141_EU074931 272 (958.5)
denovo158 A5_AF333508 272 (982.5)
denovo158 A3b_EU449043 272 (967.5)
denovo158 A151_EU074925 272 (958.5)
denovo158 A152_EU074927 272 (958.5)
denovo158 A149_EU074929 272 (958.5)
denovo158 A140_EU074930 272 (958.5)
denovo158 A142_EU074932 272 (958.5)
denovo158 A143_EU074933 272 (958.5)
denovo158 A144_EU074934 272 (958.5)
denovo158 A145_EU074935 273 (961.5)
denovo158 A148_EU074938 272 (958.5)
denovo158 A155_EU074856 272 (967.5)
denovo158 A156_EU074859 272 (958.5)
denovo158 A139_EU074962 272 (958.5)
denovo158 A6_AF186058 272 (967.5)
denovo158 A3_AF333507 272 (967.5)
denovo158 A3_JN558091 272 (967.5)
denovo158 A8_AY258468 272 (940.5)
denovo158 A7_AY239360 272 (940.5)
denovo158 A16_EU792888 272 (940.5)
denovo158 A4.3_FN429763 274 (1043.5)
denovo158 A120_AF180122 273 (985.5)
denovo158 A4.2_FN429761 272 (1035.0)
denovo158 A4_AF333509 272 (1072.0)
denovo158 A4.1_FN429760 272 (1051.5)
denovo158 A4a_AF499778 272 (1063.0)
denovo158 A4a.1_FN429762 272 (1063.0)
denovo158 A138_EF378620 272 (963.0)
denovo158 A122_EF378619 271 (1000.5)
denovo158 A126_EF378615 270 (1010.0)
denovo158 A10_EU792882 270 (1010.0)
denovo158 A9_EU449028 272 (1000.0)
denovo158 A105_AB207202 272 (1000.0)
denovo158 A119_AF180121 273 (937.5)
denovo158 A12_EU792883 272 (1009.0)
denovo158 A104_AB207203 272 (1009.0)
denovo158 A1a_EU449030 272 (1018.0)
denovo158 A1.3_HE578976 272 (1018.0)
denovo158 A1.4_HE578977 272 (1018.0)
denovo158 A13_AF333504 272 (1018.0)
denovo158 A13_JN558094 272 (1018.0)
denovo158 A110_AB190282 272 (1018.0)
denovo158 A103_AB207206 272 (1018.0)
denovo158 A130_EF656428 272 (1018.0)
denovo158 A127_EF656429 272 (1018.0)
denovo158 A128_EF656430 272 (1018.0)
denovo158 A129_EF656431 272 (1018.0)
denovo158 A131_EF656432 272 (1018.0)
denovo158 A118_AF180120 272 (965.5)
denovo158 A1_AF333505 272 (1027.0)
denovo158 A107_AB207199 272 (1000.0)
denovo158 A111_AB190280 272 (1009.0)
denovo158 A108_AB207197 272 (994.0)
denovo158 A106_AB207200 272 (1000.0)
denovo158 A102_AB207209 272 (1018.0)
denovo158 A1.2_AB207210 272 (1018.0)
denovo158 A109_AB190285 272 (1009.0)
denovo158 B4_AF333510 347 (451.0)
denovo158 B23_EU449079 339 (452.0)
denovo158 B30_GU907644 340 (447.5)
denovo158 B11_AY239361 348 (442.5)
denovo158 B17_AY258470 346 (452.0)
denovo158 B1k_GU907638 273 (232.0)
denovo158 B1.V_Green2014 349 (435.5)
denovo158 B1b_AF499780 337 (466.5)
denovo158 B16_AY258469 346 (443.0)
denovo158 B31a_GU907646 347 (446.5)
denovo158 B32_GU907647 347 (447.5)
denovo158 B31_GU907645 348 (449.5)
denovo158 B1j_GU907637 338 (447.0)
denovo158 B37_GU907650 338 (467.0)
denovo158 B5a_AF499782 346 (443.0)
denovo158 B5_AF499781 346 (452.0)
denovo158 B24_GU907643 335 (342.0)
denovo158 B117_AF180124 329 (448.5)
denovo158 B10_AF499787 345 (449.5)
denovo158 B20_GU907642 347 (451.5)
denovo158 B1m_GU907640 347 (446.0)
denovo158 B34_GU907649 346 (452.0)
denovo158 B1d_GU907633 338 (456.0)
denovo158 B1e_GU907634 346 (452.0)
denovo158 B1i_GU907636 338 (446.0)
denovo158 B1g_GU907635 347 (443.0)
denovo158 B123_EU074872 345 (449.5)
denovo158 B8_AF499785 345 (438.0)
denovo158 B1l_GU907639 337 (444.5)
denovo158 B1a_AF499779 346 (452.0)
denovo158 B14_AY239362 347 (442.5)
denovo158 B125_EU074865 346 (452.0)
denovo158 B122_EU074871 348 (449.5)
denovo158 B124_EU074874 346 (443.0)
denovo158 B1.VII_Green2014 344 (422.5)
denovo158 B1.III_Green2014 332 (439.0)
denovo158 B1.I_Green2014 346 (452.0)
denovo158 B1.II_Green2014 346 (452.0)
denovo158 B1_JN558057 346 (452.0)
denovo158 B1_AF333511 346 (452.0)
denovo158 B1.IV_Green2014 339 (450.5)
denovo158 B121_EU074870 346 (443.0)
denovo158 B7_AF499784 344 (445.5)
denovo158 B1.VI_Green2014 333 (432.5)
denovo158 B3_AF333514 336 (464.0)
denovo158 B9_AF499786 341 (451.5)
denovo158 B19a_JN558055 325 (440.5)
denovo158 B119_EU099825 330 (445.0)
denovo158 B21_DQ865213 324 (441.0)
denovo158 B38_GU907651 324 (441.0)
denovo158 B18_AY258471 336 (464.0)
denovo158 B18a_AY258472 330 (472.5)
denovo158 B33_GU907648 338 (452.0)
denovo158 B6_AF499783 339 (456.0)
denovo158 B19_DQ865212 336 (455.0)
denovo158 B19_GU907641 336 (455.0)
denovo158 B2_AF333512 336 (455.0)
denovo158 B2_JN558060 336 (455.0)
denovo158 C33.1_AY258498 331 (477.0)
denovo158 C33.2_AY765400 331 (477.0)
denovo158 C33a_EF541147 331 (477.0)
denovo158 C34_AY258499 331 (495.0)
denovo158 C78_AY765413 331 (466.5)
denovo158 C15.29_KC597690 333 (445.0)
denovo158 C1131_DQ182650 326 (460.5)
denovo158 C1135_DQ182646 323 (452.0)
denovo158 C1134_DQ182647 329 (451.0)
denovo158 C1142_DQ182635 326 (451.5)
denovo158 C1136_DQ182644 323 (448.5)
denovo158 C1111_DQ182645 327 (460.5)
denovo158 C1236_EF473656 327 (451.5)
denovo158 C1138_DQ182642 327 (451.5)
denovo158 C1137_DQ182643 325 (463.0)
denovo158 C1133_DQ182648 327 (451.5)
denovo158 C1132_DQ182649 327 (460.5)
denovo158 C1143_DQ182634 327 (460.5)
denovo158 C1139_DQ182639 326 (460.5)
denovo158 C15.28_KC597687 329 (479.0)
denovo158 C1141_DQ182636 326 (469.5)
denovo158 C1144_DQ182637 326 (469.5)
denovo158 C1122_DQ182654 326 (469.5)
denovo158 C1127_DQ182652 326 (469.5)
denovo158 C15.30_JX394114 334 (475.5)
denovo158 C15.26_KC597686 326 (470.5)
denovo158 C1086_DQ182656 331 (476.0)
denovo158 C15.25_KC597685 331 (485.0)
denovo158 C1118_AF180127 320 (452.0)
denovo158 C1129_DQ182651 328 (466.5)
denovo158 C15.21_KC597683 335 (469.0)
denovo158 C56_AY589760 331 (476.0)
denovo158 C1140_DQ182638 328 (475.5)
denovo158 C1126_DQ182653 328 (475.5)
denovo158 C15c_AY258492 331 (476.0)
denovo158 C15d_AY258493 331 (476.0)
denovo158 C1098_DQ182641 331 (473.0)
denovo158 C15.27_KC597689 331 (494.0)
denovo158 C15.18_HE579024 331 (467.0)
denovo158 C15.16_HE579022 331 (494.0)
denovo158 C1101_AB253787 331 (467.0)
denovo158 C1083_AY237300 333 (481.0)
denovo158 C1088_DQ182640 328 (485.5)
denovo158 C15.6_FN563472 332 (479.0)
denovo158 C15.5_FJ461512 335 (479.0)
denovo158 C15.4_FJ461511 332 (479.5)
denovo158 C15.13_HE579019 331 (476.0)
denovo158 C15.12_HE579018 331 (476.0)
denovo158 C93a_AM748563 331 (485.0)
denovo158 C1094_AJ291514 331 (467.0)
denovo158 C93_AM748562 331 (476.0)
denovo158 C15.17_HE579023 333 (484.5)
denovo158 C15e_AY589742 329 (482.0)
denovo158 C15.22_KC597695 331 (494.0)
denovo158 C60_AY589764 331 (485.0)
denovo158 C15.1_FJ461508 331 (485.5)
denovo158 C15.2_FJ461509 331 (494.0)
denovo158 C15.9_FN563475 331 (485.5)
denovo158 C15.7_HE579015 331 (485.0)
denovo158 C15.8_HE579016 331 (476.0)
denovo158 C15.15_HE579021 331 (476.0)
denovo158 C15.19_HE579025 331 (494.0)
denovo158 C15.24_KC597696 331 (485.0)
denovo158 C15.3_FJ461510 331 (494.5)
denovo158 C1087_DQ182655 332 (478.5)
denovo158 C15.14_HE579020 334 (480.5)
denovo158 C15.23_KC597697 334 (480.5)
denovo158 C19_AY258479 331 (479.5)
denovo158 C1233_EU118166 331 (476.0)
denovo158 C15b_AY258491 331 (485.0)
denovo158 C15a_AY258476 331 (485.5)
denovo158 C1051_AF195153 331 (494.0)
denovo158 C2_AF333518 331 (490.0)
denovo158 C15.20_HE579026 332 (484.5)
denovo158 C15f_AY589743 333 (478.0)
denovo158 C55_AY589759 335 (483.0)
denovo158 C15_AY239369 331 (485.0)
denovo158 C32.1_JF683335 325 (490.0)
denovo158 C32.2_JF683336 327 (486.5)
denovo158 C21.23_KC597693 327 (486.5)
denovo158 C1193_EU099827 334 (463.0)
denovo158 C1195_EU099821 336 (443.5)
denovo158 C3q_GU907655 325 (505.5)
denovo158 C53_AY589758 333 (462.0)
denovo158 C73_AY765408 332 (476.5)
denovo158 C17.2.1_KC597684 331 (463.0)
denovo158 C32_AY258497 330 (497.0)
denovo158 C1189_EU099831 327 (488.0)
denovo158 C1191_EU099833 327 (488.0)
denovo158 C1196_EU099819 328 (482.0)
denovo158 C1192_EU099820 328 (482.0)
denovo158 C17.1_JF683322 329 (485.0)
denovo158 C26_b2_FN827164 328 (487.5)
denovo158 C26_b3_FN827165 328 (487.5)
denovo158 C31.9_HQ630879 331 (472.0)
denovo158 C31a_AY589746 332 (462.5)
denovo158 C30_AY589745 329 (471.0)
denovo158 C31.1_HQ630876 330 (474.0)
denovo158 C31.5_HQ630877 332 (480.0)
denovo158 C31.6_HQ630878 328 (468.5)
denovo158 C31.2_JF683332 332 (471.5)
denovo158 C31.3_JF683333 332 (471.5)
denovo158 C26/C35a_AY239378 328 (478.5)
denovo158 C35a_AY258501 328 (478.5)
denovo158 C35.2_AY258500 328 (487.5)
denovo158 C26_b1_FN827163 328 (487.5)
denovo158 C17_AY239370 327 (488.5)
denovo158 C17.2_FJ461513 331 (484.0)
denovo158 C31.10_HQ630880 331 (481.0)
denovo158 C31.4_JF683334 336 (460.0)
denovo158 C31_AY258496 332 (471.5)
denovo158 C25_AY239377 334 (469.0)
denovo158 C61_AY589765 326 (490.5)
denovo158 C1043_DQ072721 331 (434.5)
denovo158 C79_AY765414 328 (467.5)
denovo158 C69_AY589773 321 (463.0)
denovo158 C69a_AY686648 321 (454.0)
denovo158 C21.22_KC597692 326 (495.0)
denovo158 C51_AY589756 329 (470.5)
denovo158 C1aa_HM185739 330 (474.0)
denovo158 C1096_DQ068023 332 (466.0)
denovo158 C74_AY765409 337 (480.5)
denovo158 C1185_AB294629 338 (483.5)
denovo158 C1184_AB294630 337 (480.5)
denovo158 C1153_AB294625 335 (484.5)
denovo158 C1154_AB294626 337 (489.5)
denovo158 C1187_AB294627 337 (480.5)
denovo158 C1186_AB294628 336 (487.0)
denovo158 C57_AY589761 337 (480.5)
denovo158 C66_AY589771 337 (489.5)
denovo158 C5_AF499795 331 (476.0)
denovo158 C1167_AB294586 333 (481.0)
denovo158 C1164_AB294593 330 (473.5)
denovo158 C1183_AB294631 331 (484.5)
denovo158 C1067_DQ335381 331 (476.5)
denovo158 C1159_AB294613 332 (476.0)
denovo158 C1150_AB294622 332 (467.0)
denovo158 C90_AM748554 331 (496.5)
denovo158 C1168_AB294583 331 (467.5)
denovo158 C1156_AB294616 331 (467.5)
denovo158 C1151_AB294621 331 (476.5)
denovo158 C92a_AM748561 331 (476.5)
denovo158 C92_AM748560 331 (476.5)
denovo158 C1165_AB294581 331 (485.0)
denovo158 C1166_AB294584 331 (485.0)
denovo158 C1162_AB294594 331 (485.0)
denovo158 C1163_AB294596 331 (476.0)
denovo158 C1161_AB294606 331 (485.0)
denovo158 C1160_AB294608 333 (482.0)
denovo158 C1158_AB294614 335 (479.0)
denovo158 C1155_AB294617 331 (476.0)
denovo158 C1149_AB294620 331 (485.0)
denovo158 C1173_AB294662 331 (485.0)
denovo158 C1171_AB294663 331 (476.0)
denovo158 C1172_AB294665 331 (476.0)
denovo158 C91a_AM748556 332 (478.0)
denovo158 C91b_AM748557 331 (484.5)
denovo158 C91d_AM748559 331 (476.0)
denovo158 C91c_AM748558 331 (476.0)
denovo158 C91_AJ621543 331 (485.0)
denovo158 C91_AM748555 331 (485.0)
denovo158 C1023_DQ335330 302 (459.0)
denovo158 C1020_DQ335392 331 (485.5)
denovo158 C1018_DQ335408 332 (478.0)
denovo158 C1074_DQ335329 331 (476.5)
denovo158 C1030_DQ335353 331 (485.5)
denovo158 C1022_DQ335331 331 (485.5)
denovo158 C1027_DQ335360 331 (485.5)
denovo158 C1072_DQ335344 331 (476.5)
denovo158 C1039_AB190274 331 (485.5)
denovo158 C1033_DQ335350 336 (473.5)
denovo158 C1019_DQ335407 331 (485.5)
denovo158 C1194_EU099826 333 (475.5)
denovo158 C8b_AY258475 331 (470.5)
denovo158 C8_AY239367 333 (473.0)
denovo158 C8a_AY239368 333 (473.0)
denovo158 C54a_AY765406 331 (484.5)
denovo158 C3ff_HM185740 331 (475.0)
denovo158 C59_AY589763 333 (502.5)
denovo158 C3k_AY589737 333 (481.5)
denovo158 C3.24_HE579012 333 (481.0)
denovo158 C3.23_HE579011 333 (481.0)
denovo158 C35.1_AY765401 331 (502.5)
denovo158 C35.3_EF541145 331 (502.5)
denovo158 C76_AY765411 326 (477.0)
denovo158 C1107_DQ335359 328 (444.0)
denovo158 C3.22_HE579010 332 (482.0)
denovo158 C77_AY765412 330 (470.0)
denovo158 C20_AY239371 333 (473.0)
denovo158 C1055_DQ480640 332 (484.5)
denovo158 C27/C30_AY239379 327 (485.0)
denovo158 C27.1_FJ461517 327 (476.0)
denovo158 C40a_AY589747 335 (479.0)
denovo158 C40_AY258485 335 (479.0)
denovo158 C40b_AY589748 335 (475.5)
denovo158 C16_AY258477 331 (476.5)
denovo158 C16a_AY765399 333 (473.0)
denovo158 C1091_AB207186 328 (468.0)
denovo158 C1102_DQ335400 328 (450.0)
denovo158 C1069_DQ335375 329 (459.5)
denovo158 C1073_DQ335332 329 (469.0)
denovo158 C1066_DQ335382 329 (469.0)
denovo158 C1031_DQ335352 328 (477.0)
denovo158 C1026_DQ335366 331 (485.5)
denovo158 C70_AY589774 328 (477.0)
denovo158 C1082_AB190267 328 (468.0)
denovo158 C1078_AB190271 330 (464.5)
denovo158 C1090_AB207191 328 (459.0)
denovo158 C1071_DQ335302 328 (459.0)
denovo158 C1075_DQ335328 328 (466.5)
denovo158 C1068_DQ335379 328 (468.0)
denovo158 C1064_DQ335395 328 (477.0)
denovo158 C1063_DQ335403 329 (461.5)
denovo158 C62_AY589766 328 (468.0)
denovo158 C1077_DQ335316 329 (466.0)
denovo158 C1109_DQ335338 328 (459.0)
denovo158 C1110_DQ335340 328 (459.0)
denovo158 C1106_DQ335339 328 (450.0)
denovo158 C1112_DQ335319 328 (459.0)
denovo158 C1108_DQ335351 328 (450.0)
denovo158 C1105_DQ335394 328 (459.0)
denovo158 C1121_DQ335378 328 (450.0)
denovo158 C1116_AB190268 328 (459.0)
denovo158 C1115_AB190273 328 (459.0)
denovo158 C1124_DQ335323 328 (441.0)
denovo158 C1120_DQ335398 328 (450.0)
denovo158 C1119_DQ335404 328 (459.0)
denovo158 C1123_DQ335363 328 (450.0)
denovo158 C1004_DQ480635 328 (485.0)
denovo158 C1061_AY186568 331 (476.0)
denovo158 C1053_AY186569 331 (485.0)
denovo158 C1003_DQ480639 331 (485.0)
denovo158 C81_GU907657 315 (473.0)
denovo158 C22_AY239373 329 (479.0)
denovo158 C22a_AY239374 329 (479.0)
denovo158 C1232_EU118163 333 (472.5)
denovo158 C21.13_FJ461515 326 (512.0)
denovo158 C21.1_JF683323 327 (488.5)
denovo158 C21.3_JF683325 327 (488.5)
denovo158 C1.20_HE578993 333 (481.5)
denovo158 C1.22_HE578995 333 (472.5)
denovo158 C52_AY589757 327 (485.5)
denovo158 C1201_EU099793 335 (438.5)
denovo158 C14_AY589741 330 (467.0)
denovo158 C43_AY589749 329 (468.5)
denovo158 C50_AY589755 331 (485.5)
denovo158 C3.14_HQ630872 331 (476.5)
denovo158 C1m_AY765398 328 (486.0)
denovo158 C82_GU907658 332 (469.0)
denovo158 C82b_GU907660 332 (469.0)
denovo158 C64_AY589768 326 (497.0)
denovo158 C45a_AY765404 332 (479.0)
denovo158 C48_AY589753 335 (490.0)
denovo158 C1_v1b_FJ919244 331 (476.5)
denovo158 C1_v1a_FJ919243 331 (476.5)
denovo158 C3j_AY239366 332 (470.5)
denovo158 C3t_EF541149 331 (493.5)
denovo158 C9_AF499798 333 (473.0)
denovo158 C23_AY239375 331 (477.0)
denovo158 C37_AY258481 328 (485.5)
denovo158 C1048_DQ068026 333 (472.5)
denovo158 C21.4_JF683326 327 (487.5)
denovo158 C21.5_JF683327 327 (488.5)
denovo158 C1070_DQ335349 331 (476.5)
denovo158 C21.6_HQ630873 327 (488.5)
denovo158 C1224_EU074890 324 (482.5)
denovo158 C1.17_HE578990 328 (485.5)
denovo158 C21_b1_FN827162 327 (479.5)
denovo158 C21.9_JF683330 327 (488.5)
denovo158 C1085_AY624605 329 (468.5)
denovo158 C3p_GU907654 331 (480.0)
denovo158 C3f_AY589734 331 (485.5)
denovo158 C65a_AY589770 331 (485.5)
denovo158 C65_AY589769 331 (494.5)
denovo158 C71_AY589775 331 (494.5)
denovo158 C71a_AY589776 331 (503.5)
denovo158 C1178_AB294647 332 (482.5)
denovo158 C1225_EU074893 338 (478.5)
denovo158 C75_AY765410 331 (485.5)
denovo158 C21.10_JF683331 326 (494.5)
denovo158 C21.11_HQ630874 326 (503.5)
denovo158 C1065_DQ335388 333 (473.0)
denovo158 C1045_DQ068036 333 (482.0)
denovo158 C1h_AY258473 328 (486.0)
denovo158 C38_AY258482 328 (486.0)
denovo158 C1202_EU099799 328 (486.0)
denovo158 C7_AF499797 328 (486.0)
denovo158 C12_AF499801 330 (476.0)
denovo158 C38a_AY258483 329 (494.0)
denovo158 C1200_EU099800 318 (499.5)
denovo158 C44a_AY589751 332 (488.0)
denovo158 C47_AY589752 332 (488.0)
denovo158 C44_AY589750 332 (488.0)
denovo158 C1.15_HE578988 331 (486.0)
denovo158 C45.3_FJ461522 333 (482.5)
denovo158 C46a_AY765405 336 (481.0)
denovo158 C46_EU449108 333 (482.0)
denovo158 C3.12_FJ461507 333 (482.0)
denovo158 C1k_AY589733 333 (482.0)
denovo158 C67_AY686647 333 (482.0)
denovo158 C82a_GU907659 331 (475.5)
denovo158 C10a_AY589739 333 (482.0)
denovo158 C10_AF499799 333 (482.0)
denovo158 C13_AY589740 339 (479.0)
denovo158 C4_AF499794 333 (473.0)
denovo158 C1147_EF656433 331 (485.5)
denovo158 C1c/C45_AY239364 333 (482.0)
denovo158 C1c/C45_EU449103 333 (482.0)
denovo158 C21.19_HE579031 327 (488.5)
denovo158 C21.21_HE579033 325 (482.0)
denovo158 C21.20_HE579032 325 (491.0)
denovo158 C42b_AY765403 328 (457.5)
denovo158 C42_AY258487 328 (466.5)
denovo158 C1p_GU907652 331 (476.5)
denovo158 C1d_AY258488 331 (467.0)
denovo158 C42_AY765402 333 (473.0)
denovo158 C3ha_AY589736 329 (494.0)
denovo158 C63a_AY589767 328 (493.0)
denovo158 C21a_AY589744 327 (497.5)
denovo158 C3o_GU907653 326 (494.5)
denovo158 C21.16_HQ630875 327 (497.5)
denovo158 C21.2_JF683324 329 (494.0)
denovo158 C21.7_JF683328 324 (497.5)
denovo158 C21.8_JF683329 328 (490.0)
denovo158 C3h_AY239365 327 (488.5)
denovo158 C1203_EU099798 327 (488.5)
denovo158 C3.10_FJ461505 331 (485.5)
denovo158 C21.14_FJ461516 327 (497.5)
denovo158 C21.18_HE579030 327 (495.0)
denovo158 C3.17_HE579005 331 (485.5)
denovo158 C3.9_FJ461504 330 (488.5)
denovo158 C3.8_FJ461503 332 (487.5)
denovo158 C3.7_FJ461502 331 (476.5)
denovo158 C3.11_FJ461506 331 (485.5)
denovo158 C3.18_HE579006 331 (485.5)
denovo158 C3.19_HE579007 331 (476.5)
denovo158 C3.20_HE579008 331 (476.5)
denovo158 C3g_AY589735 331 (487.5)
denovo158 C3a_AF499790 331 (485.5)
denovo158 C3e_AF499793 331 (485.5)
denovo158 C6_AF499796 331 (485.0)
denovo158 C11_AF499800 331 (485.5)
denovo158 C36_AY258480 330 (482.0)
denovo158 C29_AY258494 331 (485.5)
denovo158 C1146_EF656434 328 (486.0)
denovo158 C1190_EU099841 331 (485.5)
denovo158 C131_JF320826 331 (476.5)
denovo158 C28_AY239380 333 (475.5)
denovo158 C1012_DQ480604 331 (485.5)
denovo158 C1181_AB294640 330 (477.0)
denovo158 C1180_AB294641 330 (495.0)
denovo158 C1179_AB294645 330 (485.5)
denovo158 C1176_AB294651 334 (479.5)
denovo158 C1175_AB294653 330 (486.0)
denovo158 C1174_AB294655 332 (482.5)
denovo158 C1177_AB294659 330 (486.0)
denovo158 C1040_AB190269 333 (482.0)
denovo158 C1182_AB294649 331 (485.5)
denovo158 C1089_AJ278598 331 (476.5)
denovo158 C1028_DQ335357 331 (485.5)
denovo158 C3.16_EU786015 331 (494.5)
denovo158 C1097_AJ311943 332 (475.0)
denovo158 C1170_AB294661 330 (486.0)
denovo158 C21.17_HE579029 328 (493.5)
denovo158 C21/3d/C3k_AY239372 327 (497.5)
denovo158 C58_AY589762 330 (493.5)
denovo158 C3L_AY589738 332 (484.0)
denovo158 C1169_AB294660 330 (486.0)
denovo158 C3.2_FJ461497 333 (485.0)
denovo158 C3.1_JF683321 330 (486.0)
denovo158 C1104_AF427469 332 (476.0)
denovo158 C3b_AF499791 330 (486.0)
denovo158 C83_GU907661 333 (484.5)
denovo158 C49_AY589754 362 (506.5)
denovo158 C3_AB778606 331 (485.5)
denovo158 C3_AF499789 331 (485.5)
denovo158 C3_HE579001 331 (485.5)
denovo158 C21.12_FJ461514 327 (506.5)
denovo158 C1229_EU074888 324 (486.5)
denovo158 C1230_EU074889 324 (495.5)
denovo158 C1114_AB207196 330 (482.5)
denovo158 C3.21_HE579009 325 (436.0)
denovo158 C1057_DQ480619 331 (476.5)
denovo158 C72_AY765407 329 (478.5)
denovo158 C1b.3_HE578999 333 (476.0)
denovo158 C93_AJ621536 331 (476.5)
denovo158 C94_AJ621539 331 (476.5)
denovo158 C1g_AY589730 331 (485.5)
denovo158 C1i_AY589731 332 (478.5)
denovo158 C1j_AY589732 331 (485.5)
denovo158 C1005_DQ480633 331 (476.5)
denovo158 C1.7_FJ461494 331 (485.5)
denovo158 C1.11_HE578984 331 (477.0)
denovo158 C1.12_HE578985 333 (481.5)
denovo158 C1.13_HE578986 331 (485.5)
denovo158 C1.14_HE578987 331 (485.5)
denovo158 C1.18_HE578991 331 (476.5)
denovo158 C1.19_HE578992 331 (485.5)
denovo158 C1199_EU099802 333 (467.0)
denovo158 C1188_EU099838 333 (482.0)
denovo158 C1002_DQ838544 329 (488.0)
denovo158 C1198_EU099810 331 (476.5)
denovo158 C24_AY239376 331 (484.5)
denovo158 C1f_AY258490 331 (485.5)
denovo158 C1006_DQ480629 331 (485.5)
denovo158 C1010_DQ480607 334 (484.5)
denovo158 C1007_DQ480624 331 (476.5)
denovo158 C1011_DQ480605 328 (485.5)
denovo158 C1009_DQ480608 331 (485.5)
denovo158 C1041_AY186548 331 (485.5)
denovo158 C1052_AY186570 331 (485.5)
denovo158 C1148_EU040178 329 (488.0)
denovo158 C1234_EU118165 330 (487.5)
denovo158 C1.5_EF634157 332 (478.0)
denovo158 C1059_DQ480609 331 (476.5)
denovo158 C1228_EU074883 331 (485.5)
denovo158 C1208_EU074963 331 (485.5)
denovo158 C1207_EU074964 331 (485.5)
denovo158 C1206_EU074965 331 (485.5)
denovo158 C1013_DQ480642 331 (485.5)
denovo158 C80_GU907656 341 (488.5)
denovo158 C1a_AF499788 331 (485.0)
denovo158 C41_AY258486 331 (484.5)
denovo158 C39_AY258484 319 (489.0)
denovo158 C1231_EU074878 331 (476.5)
denovo158 C1b.1_HE578997 333 (476.0)
denovo158 C18_AY258478 331 (485.5)
denovo158 C1.10_HE578983 324 (489.0)
denovo158 C1_JN558041 331 (485.5)
denovo158 C1_HE578979 331 (485.5)
denovo158 C1_AM748551 331 (485.5)
denovo158 C1_AF333515 331 (485.5)
denovo158 C1054_AY186565 332 (485.0)
denovo158 C1008_DQ480613 331 (476.5)
denovo158 C1103_AF427470 332 (476.0)
denovo158 C1226_EU074881 332 (476.5)
denovo158 C1b/C1e_AY239363 333 (485.0)
denovo158 C1044_DQ068038 331 (470.5)
denovo158 C1017_DQ174729 334 (475.0)
denovo158 C1.6_FJ461493 331 (476.5)
denovo158 C1b.2_HE578998 333 (476.0)
denovo158 C1060_DQ480600 331 (476.5)
denovo158 C1227_EU074882 331 (476.5)
denovo158 C1197_EU099814 331 (476.5)
denovo158 C1130_DQ480643 328 (398.5)
denovo158 D109_AB097465 333 (391.0)
denovo158 D1.11_HE579040 323 (400.5)
denovo158 D105_AF174570 329 (399.5)
denovo158 D104_AF174572 331 (387.5)
denovo158 D1.3_JF683337 327 (386.0)
denovo158 D1.10_HE579039 336 (394.5)
denovo158 D110_AF174561 336 (395.5)
denovo158 D117_AF174542 329 (391.5)
denovo158 D114_AF174549 329 (400.5)
denovo158 D113_AF174557 337 (397.0)
denovo158 D112_AF174558 337 (397.0)
denovo158 D106_AF174559 329 (409.5)
denovo158 D111_AF174560 329 (400.5)
denovo158 D115_AF174562 329 (391.5)
denovo158 D107_AF174568 329 (391.5)
denovo158 D116_AF174571 329 (418.5)
denovo158 D124_EU074897 346 (390.0)
denovo158 D1.8_HE579037 329 (400.5)
denovo158 D3_AY686650 336 (395.0)
denovo158 D1.6_HQ630881 333 (402.5)
denovo158 D120_EU074900 337 (397.0)
denovo158 D121_EU074904 329 (409.5)
denovo158 D122_EU074905 329 (391.5)
denovo158 D1a.2_JF683339 333 (395.5)
denovo158 D1a.1_JF683338 337 (397.0)
denovo158 D2_AY686649 584 (450.0)
denovo158 D4_DQ865214 337 (402.0)
denovo158 D1a_AF499802 337 (397.0)
denovo158 D1a_JN558078 337 (397.0)
denovo158 D123_EU074895 329 (400.5)
denovo158 D108_AF174567 329 (400.5)
denovo158 D103_AF174575 329 (409.5)
denovo158 D100_AF411415 331 (415.0)
denovo158 D118_EF656435 339 (403.0)
denovo158 D101_AF411416 331 (400.0)
denovo158 D119_EU099832 327 (396.5)
denovo158 D102_AF174573 331 (400.0)
denovo158 D1_AF334660 329 (400.5)
denovo158 D1_JN558076 329 (400.5)
denovo158 D1.12_HE579041 316 (398.5)
denovo158 D1.1_AM748564 412 (416.5)
denovo158 D1.2_AM748617 408 (428.0)
denovo158 E111_EU074915 344 (429.5)
denovo158 E110_EU074914 326 (448.0)
denovo158 E114_EU074909 324 (443.0)
denovo158 E1_AF334659 328 (431.5)
denovo158 E105_EU074921 327 (441.5)
denovo158 E112_EU074916 324 (434.0)
denovo158 E104_EU074922 324 (443.0)
denovo158 E102_EU074924 324 (434.0)
denovo158 E103_EU074923 324 (443.0)
denovo158 E101_AY160123 318 (440.0)
denovo158 E109_EU074913 324 (433.0)
denovo158 E100_DQ011618 347 (454.5)
denovo158 E108_EU074912 322 (451.0)
denovo158 E113_EU074908 323 (448.5)
denovo158 E107_EU074910 323 (454.0)
denovo158 F1_JN558066 332 (476.5)
denovo158 F5.2d_AJ291530 329 (480.0)
denovo158 F104_AJ291531 329 (480.0)
denovo158 F5.2c_AM748596 329 (480.0)
denovo158 F5.2_AM748594 329 (480.0)
denovo158 F5.2a_AM748614 329 (480.0)
denovo158 F5.2b_AM748595 329 (480.0)
denovo158 F5.2e_AJ291533 332 (458.0)
denovo158 F5.2g_JN558072 329 (480.0)
denovo158 F5.2f_AJ291512 329 (480.0)
denovo158 F102_AJ291534 329 (489.0)
denovo158 F5.1c_AM748593 334 (458.5)
denovo158 F5.1d_JN558069 333 (473.0)
denovo158 F5.1b_AJ291535 332 (469.5)
denovo158 F5.1_AM748592 332 (470.0)
denovo158 F5.1a_AM748591 332 (478.5)
denovo158 F110_AJ291526 325 (492.5)
denovo158 F4.7_AM748587 318 (475.0)
denovo158 F4.5_AM748585 333 (509.0)
denovo158 F4.4a_AM748583 328 (494.0)
denovo158 F4.4_AM748582 326 (484.5)
denovo158 F4.4b_AM748584 318 (481.5)
denovo158 F4.1a_AM748573 306 (484.0)
denovo158 F112_AJ291528 309 (483.0)
denovo158 F4.1_AM748572 309 (483.0)
denovo158 F4.8b_AM748590 318 (463.0)
denovo158 F4.8_AM748588 320 (468.5)
denovo158 F4.8a_AM748589 315 (463.0)
denovo158 F109_AJ291527 320 (486.5)
denovo158 F4.6_AM748586 320 (470.5)
denovo158 F111_AJ311949 322 (475.5)
denovo158 F4.3c_AM748581 320 (475.0)
denovo158 F4.3a_AM748579 319 (475.0)
denovo158 F4.3b_AM748580 319 (473.0)
denovo158 F4.3_AM748578 322 (472.5)
denovo158 F4.2_AM748574 322 (457.5)
denovo158 F4.2a_AM748575 319 (479.5)
denovo158 F4.2c_AM748577 322 (475.5)
denovo158 F4.2b_AM748576 321 (476.5)
denovo158 F2b_AJ291521 326 (458.0)
denovo158 F2_AJ830908 333 (443.0)
denovo158 F2a_AJ830911 324 (439.0)
denovo158 F3.1a_AM748566 343 (450.0)
denovo158 F114_AJ291525 345 (465.5)
denovo158 F3.1_AM748565 345 (465.5)
denovo158 F3.2_AM748567 333 (481.0)
denovo158 F3.2a_AM748568 334 (475.5)
denovo158 F3.3_AM748569 327 (479.5)
denovo158 F3.4a_AM748571 338 (512.5)
denovo158 F3.4_AM748570 338 (494.5)
denovo158 F3.4b_AM748616 332 (494.5)
denovo158 G101_AJ291539 334 (394.0)
denovo158 G1_AM748597 333 (400.0)
denovo158 G2b_JN558087 334 (389.5)
denovo158 G2_AM748598 333 (386.5)
denovo158 G2a_AM748599 326 (392.0)
denovo158 G4_AM748601 342 (407.5)
denovo158 G3.4_LK392378 347 (386.5)
denovo158 G3_AM748600 348 (380.5)
denovo158 G3.2_KC597694 324 (360.5)
denovo158 G3.1_KC597688 351 (396.0)
denovo158 G100_AB253788 342 (405.5)
denovo158 G3.3_LK392377 343 (400.0)
denovo158 H6_AJ291520 647 (292.0)
denovo158 H3_AM748606 326 (359.0)
denovo158 H2_AM748605 313 (369.5)
denovo158 H4_AM748607 325 (367.5)
denovo158 H4a_AM748608 326 (367.0)
denovo158 H5a_AM748611 332 (380.0)
denovo158 H5b_AM748610 335 (369.5)
denovo158 H5_AJ621129 332 (380.0)
denovo158 H5_AM748609 332 (380.0)
denovo158 H100_AJ291513 306 (366.5)
denovo158 H1b_AM748604 330 (365.0)
denovo158 H1a_AM748612 306 (361.5)
denovo158 H1_AJ621152 327 (366.5)
denovo158 H1_AM748602 327 (366.5)
denovo158 I3_FN561561 338 (506.0)
denovo158 I4_FN561562 338 (506.0)
denovo158 I1_FN561559 331 (493.5)
denovo158 I2_FN561560 329 (496.5)

#---------------------------------------
#---------------------------------------
