denovo70 A136_DQ865210 304 (677.5)
denovo70 A133_DQ174725 283 (776.5)
denovo70 A115_AF180123 285 (662.0)
denovo70 A117_AF201746 286 (754.0)
denovo70 A134_DQ174723 286 (763.0)
denovo70 A114_AF184941 286 (763.0)
denovo70 A135_DQ174727 288 (767.5)
denovo70 A2_AF333506 289 (757.5)
denovo70 A101_AF427468 288 (767.5)
denovo70 A2_1_JN558097 288 (767.5)
denovo70 A2_2_JN558100 288 (767.5)
denovo70 A113_AF184948 280 (739.5)
denovo70 A112_AF184949 279 (764.0)
denovo70 A123_EF378618 274 (803.5)
denovo70 A137_EF378621 280 (912.0)
denovo70 A11_EU449041 272 (978.5)
denovo70 A121_DQ174722 272 (1044.5)
denovo70 A15b_EU792886 272 (993.5)
denovo70 A15a_EU792885 272 (1011.5)
denovo70 A15c_EU792887 273 (996.5)
denovo70 A15_EU792884 272 (1002.5)
denovo70 A147_EU074937 272 (1029.5)
denovo70 A154_EU074860 272 (1047.5)
denovo70 A146_EU074936 272 (1029.5)
denovo70 A150_EU074928 272 (1029.5)
denovo70 A116_AF183575 272 (1029.5)
denovo70 A141_EU074931 272 (1038.5)
denovo70 A5_AF333508 272 (1071.5)
denovo70 A3b_EU449043 272 (1056.5)
denovo70 A151_EU074925 272 (1038.5)
denovo70 A152_EU074927 272 (1038.5)
denovo70 A149_EU074929 272 (1038.5)
denovo70 A140_EU074930 272 (1038.5)
denovo70 A142_EU074932 272 (1038.5)
denovo70 A143_EU074933 272 (1038.5)
denovo70 A144_EU074934 272 (1038.5)
denovo70 A145_EU074935 273 (1041.5)
denovo70 A148_EU074938 272 (1038.5)
denovo70 A155_EU074856 272 (1038.5)
denovo70 A156_EU074859 272 (1038.5)
denovo70 A139_EU074962 272 (1038.5)
denovo70 A6_AF186058 272 (1047.5)
denovo70 A3_AF333507 272 (1047.5)
denovo70 A3_JN558091 272 (1047.5)
denovo70 A8_AY258468 272 (1038.5)
denovo70 A7_AY239360 272 (1029.5)
denovo70 A16_EU792888 272 (1029.5)
denovo70 A4.3_FN429763 274 (1159.5)
denovo70 A120_AF180122 272 (1117.0)
denovo70 A4.2_FN429761 272 (1160.0)
denovo70 A4_AF333509 272 (1188.0)
denovo70 A4.1_FN429760 271 (1183.0)
denovo70 A4a_AF499778 272 (1179.0)
denovo70 A4a.1_FN429762 272 (1179.0)
denovo70 A138_EF378620 274 (1039.5)
denovo70 A122_EF378619 273 (1085.5)
denovo70 A126_EF378615 272 (1086.5)
denovo70 A10_EU792882 272 (1086.5)
denovo70 A9_EU449028 272 (1098.0)
denovo70 A105_AB207202 272 (1098.0)
denovo70 A119_AF180121 272 (1051.0)
denovo70 A12_EU792883 272 (1107.0)
denovo70 A104_AB207203 272 (1107.0)
denovo70 A1a_EU449030 272 (1116.0)
denovo70 A1.3_HE578976 272 (1116.0)
denovo70 A1.4_HE578977 272 (1116.0)
denovo70 A13_AF333504 272 (1116.0)
denovo70 A13_JN558094 272 (1116.0)
denovo70 A110_AB190282 272 (1116.0)
denovo70 A103_AB207206 272 (1116.0)
denovo70 A130_EF656428 272 (1125.0)
denovo70 A127_EF656429 272 (1116.0)
denovo70 A128_EF656430 272 (1116.0)
denovo70 A129_EF656431 272 (1116.0)
denovo70 A131_EF656432 272 (1116.0)
denovo70 A118_AF180120 271 (1079.0)
denovo70 A1_AF333505 272 (1125.0)
denovo70 A107_AB207199 272 (1098.0)
denovo70 A111_AB190280 272 (1107.0)
denovo70 A108_AB207197 272 (1092.0)
denovo70 A106_AB207200 272 (1098.0)
denovo70 A102_AB207209 272 (1116.0)
denovo70 A1.2_AB207210 272 (1116.0)
denovo70 A109_AB190285 272 (1107.0)
denovo70 B4_AF333510 334 (573.0)
denovo70 B23_EU449079 340 (536.5)
denovo70 B30_GU907644 341 (530.5)
denovo70 B11_AY239361 348 (569.5)
denovo70 B17_AY258470 344 (554.5)
denovo70 B1k_GU907638 274 (270.0)
denovo70 B1.V_Green2014 355 (534.0)
denovo70 B1b_AF499780 340 (575.5)
denovo70 B16_AY258469 347 (555.0)
denovo70 B31a_GU907646 344 (555.5)
denovo70 B32_GU907647 346 (570.5)
denovo70 B31_GU907645 346 (562.0)
denovo70 B1j_GU907637 350 (554.5)
denovo70 B37_GU907650 350 (574.5)
denovo70 B5a_AF499782 347 (555.0)
denovo70 B5_AF499781 347 (564.0)
denovo70 B24_GU907643 347 (395.5)
denovo70 B117_AF180124 327 (530.0)
denovo70 B10_AF499787 347 (555.0)
denovo70 B20_GU907642 352 (557.0)
denovo70 B1m_GU907640 346 (562.0)
denovo70 B34_GU907649 347 (555.0)
denovo70 B1d_GU907633 347 (564.0)
denovo70 B1e_GU907634 347 (564.0)
denovo70 B1i_GU907636 346 (562.0)
denovo70 B1g_GU907635 348 (555.0)
denovo70 B123_EU074872 347 (546.0)
denovo70 B8_AF499785 347 (553.0)
denovo70 B1l_GU907639 347 (555.5)
denovo70 B1a_AF499779 347 (564.0)
denovo70 B14_AY239362 348 (545.0)
denovo70 B125_EU074865 347 (555.0)
denovo70 B122_EU074871 346 (562.0)
denovo70 B124_EU074874 347 (555.0)
denovo70 B1.VII_Green2014 347 (494.0)
denovo70 B1.III_Green2014 334 (552.5)
denovo70 B1.I_Green2014 347 (564.0)
denovo70 B1.II_Green2014 347 (564.0)
denovo70 B1_JN558057 347 (564.0)
denovo70 B1_AF333511 347 (564.0)
denovo70 B1.IV_Green2014 357 (559.0)
denovo70 B121_EU074870 347 (564.0)
denovo70 B7_AF499784 347 (564.0)
denovo70 B1.VI_Green2014 338 (557.5)
denovo70 B3_AF333514 336 (565.0)
denovo70 B9_AF499786 327 (534.5)
denovo70 B19a_JN558055 320 (557.5)
denovo70 B119_EU099825 331 (558.5)
denovo70 B21_DQ865213 335 (548.0)
denovo70 B38_GU907651 335 (548.0)
denovo70 B18_AY258471 336 (573.5)
denovo70 B18a_AY258472 336 (573.5)
denovo70 B33_GU907648 338 (561.0)
denovo70 B6_AF499783 339 (564.5)
denovo70 B19_DQ865212 336 (555.5)
denovo70 B19_GU907641 336 (555.5)
denovo70 B2_AF333512 336 (555.5)
denovo70 B2_JN558060 336 (555.5)
denovo70 C33.1_AY258498 331 (529.5)
denovo70 C33.2_AY765400 331 (529.5)
denovo70 C33a_EF541147 331 (529.5)
denovo70 C34_AY258499 331 (547.0)
denovo70 C78_AY765413 341 (523.5)
denovo70 C15.29_KC597690 337 (492.0)
denovo70 C1131_DQ182650 340 (473.5)
denovo70 C1135_DQ182646 340 (474.0)
denovo70 C1134_DQ182647 337 (466.0)
denovo70 C1142_DQ182635 338 (468.0)
denovo70 C1136_DQ182644 330 (469.0)
denovo70 C1111_DQ182645 327 (478.5)
denovo70 C1236_EF473656 327 (469.5)
denovo70 C1138_DQ182642 327 (469.5)
denovo70 C1137_DQ182643 328 (480.0)
denovo70 C1133_DQ182648 327 (469.5)
denovo70 C1132_DQ182649 327 (478.5)
denovo70 C1143_DQ182634 327 (478.5)
denovo70 C1139_DQ182639 338 (477.0)
denovo70 C15.28_KC597687 338 (532.0)
denovo70 C1141_DQ182636 338 (486.0)
denovo70 C1144_DQ182637 338 (486.0)
denovo70 C1122_DQ182654 340 (483.0)
denovo70 C1127_DQ182652 338 (486.0)
denovo70 C15.30_JX394114 348 (525.0)
denovo70 C15.26_KC597686 339 (517.5)
denovo70 C1086_DQ182656 343 (518.5)
denovo70 C15.25_KC597685 343 (527.5)
denovo70 C1118_AF180127 328 (491.0)
denovo70 C1129_DQ182651 335 (468.0)
denovo70 C15.21_KC597683 335 (505.0)
denovo70 C56_AY589760 341 (514.0)
denovo70 C1140_DQ182638 335 (477.0)
denovo70 C1126_DQ182653 335 (477.0)
denovo70 C15c_AY258492 335 (514.0)
denovo70 C15d_AY258493 339 (517.0)
denovo70 C1098_DQ182641 342 (514.5)
denovo70 C15.27_KC597689 335 (532.0)
denovo70 C15.18_HE579024 331 (520.0)
denovo70 C15.16_HE579022 335 (532.0)
denovo70 C1101_AB253787 335 (505.0)
denovo70 C1083_AY237300 334 (520.5)
denovo70 C1088_DQ182640 335 (523.0)
denovo70 C15.6_FN563472 335 (514.0)
denovo70 C15.5_FJ461512 335 (523.0)
denovo70 C15.4_FJ461511 335 (523.0)
denovo70 C15.13_HE579019 335 (505.0)
denovo70 C15.12_HE579018 335 (514.0)
denovo70 C93a_AM748563 340 (528.0)
denovo70 C1094_AJ291514 340 (510.0)
denovo70 C93_AM748562 340 (519.0)
denovo70 C15.17_HE579023 334 (523.5)
denovo70 C15e_AY589742 341 (525.0)
denovo70 C15.22_KC597695 335 (514.0)
denovo70 C60_AY589764 335 (523.0)
denovo70 C15.1_FJ461508 335 (523.5)
denovo70 C15.2_FJ461509 335 (514.0)
denovo70 C15.9_FN563475 331 (529.5)
denovo70 C15.7_HE579015 335 (523.0)
denovo70 C15.8_HE579016 335 (514.0)
denovo70 C15.15_HE579021 335 (514.0)
denovo70 C15.19_HE579025 341 (532.0)
denovo70 C15.24_KC597696 335 (514.5)
denovo70 C15.3_FJ461510 335 (523.0)
denovo70 C1087_DQ182655 334 (529.0)
denovo70 C15.14_HE579020 332 (528.5)
denovo70 C15.23_KC597697 332 (528.5)
denovo70 C19_AY258479 335 (517.5)
denovo70 C1233_EU118166 335 (514.0)
denovo70 C15b_AY258491 335 (514.0)
denovo70 C15a_AY258476 335 (532.0)
denovo70 C1051_AF195153 335 (532.0)
denovo70 C2_AF333518 342 (530.5)
denovo70 C15.20_HE579026 332 (528.5)
denovo70 C15f_AY589743 337 (516.0)
denovo70 C55_AY589759 337 (524.0)
denovo70 C15_AY239369 335 (523.0)
denovo70 C32.1_JF683335 342 (532.0)
denovo70 C32.2_JF683336 342 (531.5)
denovo70 C21.23_KC597693 342 (531.5)
denovo70 C1193_EU099827 337 (507.5)
denovo70 C1195_EU099821 352 (492.5)
denovo70 C3q_GU907655 327 (537.5)
denovo70 C53_AY589758 331 (511.5)
denovo70 C73_AY765408 335 (538.5)
denovo70 C17.2.1_KC597684 341 (545.0)
denovo70 C32_AY258497 330 (551.0)
denovo70 C1189_EU099831 328 (545.5)
denovo70 C1191_EU099833 328 (554.5)
denovo70 C1196_EU099819 335 (530.0)
denovo70 C1192_EU099820 335 (530.0)
denovo70 C17.1_JF683322 330 (541.0)
denovo70 C26_b2_FN827164 330 (546.5)
denovo70 C26_b3_FN827165 330 (528.5)
denovo70 C31.9_HQ630879 330 (540.0)
denovo70 C31a_AY589746 331 (530.0)
denovo70 C30_AY589745 334 (538.5)
denovo70 C31.1_HQ630876 330 (545.0)
denovo70 C31.5_HQ630877 331 (538.5)
denovo70 C31.6_HQ630878 327 (536.0)
denovo70 C31.2_JF683332 331 (539.0)
denovo70 C31.3_JF683333 338 (542.5)
denovo70 C26/C35a_AY239378 330 (537.5)
denovo70 C35a_AY258501 330 (537.5)
denovo70 C35.2_AY258500 330 (546.5)
denovo70 C26_b1_FN827163 330 (546.5)
denovo70 C17_AY239370 329 (547.5)
denovo70 C17.2_FJ461513 330 (543.0)
denovo70 C31.10_HQ630880 330 (549.0)
denovo70 C31.4_JF683334 335 (527.5)
denovo70 C31_AY258496 331 (539.0)
denovo70 C25_AY239377 330 (511.0)
denovo70 C61_AY589765 334 (523.0)
denovo70 C1043_DQ072721 340 (478.0)
denovo70 C79_AY765414 334 (520.5)
denovo70 C69_AY589773 330 (526.5)
denovo70 C69a_AY686648 330 (517.5)
denovo70 C21.22_KC597692 328 (544.5)
denovo70 C51_AY589756 337 (510.5)
denovo70 C1aa_HM185739 333 (519.0)
denovo70 C1096_DQ068023 340 (517.5)
denovo70 C74_AY765409 343 (523.5)
denovo70 C1185_AB294629 343 (523.5)
denovo70 C1184_AB294630 343 (523.5)
denovo70 C1153_AB294625 343 (533.0)
denovo70 C1154_AB294626 342 (539.0)
denovo70 C1187_AB294627 343 (523.5)
denovo70 C1186_AB294628 340 (533.5)
denovo70 C57_AY589761 343 (532.5)
denovo70 C66_AY589771 343 (532.5)
denovo70 C5_AF499795 331 (520.5)
denovo70 C1167_AB294586 341 (532.0)
denovo70 C1164_AB294593 342 (516.5)
denovo70 C1183_AB294631 331 (519.5)
denovo70 C1067_DQ335381 335 (523.0)
denovo70 C1159_AB294613 346 (533.0)
denovo70 C1150_AB294622 344 (528.0)
denovo70 C90_AM748554 333 (537.5)
denovo70 C1168_AB294583 342 (516.5)
denovo70 C1156_AB294616 340 (528.0)
denovo70 C1151_AB294621 342 (534.5)
denovo70 C92a_AM748561 342 (525.5)
denovo70 C92_AM748560 342 (525.5)
denovo70 C1165_AB294581 341 (531.5)
denovo70 C1166_AB294584 342 (534.5)
denovo70 C1162_AB294594 341 (523.0)
denovo70 C1163_AB294596 336 (516.5)
denovo70 C1161_AB294606 335 (523.0)
denovo70 C1160_AB294608 342 (534.5)
denovo70 C1158_AB294614 335 (530.5)
denovo70 C1155_AB294617 342 (516.5)
denovo70 C1149_AB294620 338 (531.0)
denovo70 C1173_AB294662 334 (521.0)
denovo70 C1171_AB294663 342 (516.5)
denovo70 C1172_AB294665 342 (516.5)
denovo70 C91a_AM748556 341 (522.5)
denovo70 C91b_AM748557 342 (524.5)
denovo70 C91d_AM748559 341 (523.0)
denovo70 C91c_AM748558 329 (523.0)
denovo70 C91_AJ621543 342 (525.5)
denovo70 C91_AM748555 342 (525.5)
denovo70 C1023_DQ335330 304 (517.5)
denovo70 C1020_DQ335392 335 (532.0)
denovo70 C1018_DQ335408 338 (531.5)
denovo70 C1074_DQ335329 335 (523.0)
denovo70 C1030_DQ335353 335 (523.0)
denovo70 C1022_DQ335331 335 (532.0)
denovo70 C1027_DQ335360 335 (532.0)
denovo70 C1072_DQ335344 335 (523.0)
denovo70 C1039_AB190274 335 (532.0)
denovo70 C1033_DQ335350 340 (520.0)
denovo70 C1019_DQ335407 335 (532.0)
denovo70 C1194_EU099826 336 (511.5)
denovo70 C8b_AY258475 334 (505.5)
denovo70 C8_AY239367 331 (511.0)
denovo70 C8a_AY239368 331 (511.0)
denovo70 C54a_AY765406 333 (525.5)
denovo70 C3ff_HM185740 343 (519.0)
denovo70 C59_AY589763 341 (525.5)
denovo70 C3k_AY589737 335 (523.5)
denovo70 C3.24_HE579012 339 (527.0)
denovo70 C3.23_HE579011 340 (520.5)
denovo70 C35.1_AY765401 335 (541.0)
denovo70 C35.3_EF541145 335 (541.0)
denovo70 C76_AY765411 340 (518.0)
denovo70 C1107_DQ335359 337 (487.5)
denovo70 C3.22_HE579010 337 (530.0)
denovo70 C77_AY765412 342 (514.0)
denovo70 C20_AY239371 342 (516.5)
denovo70 C1055_DQ480640 340 (515.5)
denovo70 C27/C30_AY239379 329 (526.0)
denovo70 C27.1_FJ461517 329 (517.0)
denovo70 C40a_AY589747 340 (529.0)
denovo70 C40_AY258485 340 (529.0)
denovo70 C40b_AY589748 342 (522.5)
denovo70 C16_AY258477 335 (522.5)
denovo70 C16a_AY765399 336 (525.5)
denovo70 C1091_AB207186 328 (518.5)
denovo70 C1102_DQ335400 336 (497.5)
denovo70 C1069_DQ335375 340 (520.0)
denovo70 C1073_DQ335332 336 (515.5)
denovo70 C1066_DQ335382 336 (515.5)
denovo70 C1031_DQ335352 337 (527.5)
denovo70 C1026_DQ335366 336 (535.0)
denovo70 C70_AY589774 336 (524.5)
denovo70 C1082_AB190267 335 (514.5)
denovo70 C1078_AB190271 336 (515.5)
denovo70 C1090_AB207191 332 (521.5)
denovo70 C1071_DQ335302 332 (512.0)
denovo70 C1075_DQ335328 334 (518.0)
denovo70 C1068_DQ335379 336 (524.5)
denovo70 C1064_DQ335395 336 (524.5)
denovo70 C1063_DQ335403 336 (508.0)
denovo70 C62_AY589766 336 (515.5)
denovo70 C1077_DQ335316 337 (515.0)
denovo70 C1109_DQ335338 336 (506.5)
denovo70 C1110_DQ335340 336 (506.5)
denovo70 C1106_DQ335339 328 (500.5)
denovo70 C1112_DQ335319 328 (509.5)
denovo70 C1108_DQ335351 328 (500.5)
denovo70 C1105_DQ335394 328 (509.5)
denovo70 C1121_DQ335378 328 (500.5)
denovo70 C1116_AB190268 336 (506.5)
denovo70 C1115_AB190273 328 (509.5)
denovo70 C1124_DQ335323 328 (491.5)
denovo70 C1120_DQ335398 327 (506.5)
denovo70 C1119_DQ335404 335 (505.5)
denovo70 C1123_DQ335363 328 (500.5)
denovo70 C1004_DQ480635 330 (525.5)
denovo70 C1061_AY186568 343 (511.0)
denovo70 C1053_AY186569 343 (520.0)
denovo70 C1003_DQ480639 343 (520.0)
denovo70 C81_GU907657 330 (516.5)
denovo70 C22_AY239373 333 (534.0)
denovo70 C22a_AY239374 329 (540.5)
denovo70 C1232_EU118163 335 (523.0)
denovo70 C21.13_FJ461515 331 (525.0)
denovo70 C21.1_JF683323 328 (535.0)
denovo70 C21.3_JF683325 329 (529.0)
denovo70 C1.20_HE578993 331 (529.0)
denovo70 C1.22_HE578995 331 (520.0)
denovo70 C52_AY589757 331 (513.0)
denovo70 C1201_EU099793 335 (482.0)
denovo70 C14_AY589741 335 (517.5)
denovo70 C43_AY589749 336 (517.0)
denovo70 C50_AY589755 335 (532.0)
denovo70 C3.14_HQ630872 335 (523.0)
denovo70 C1m_AY765398 331 (511.5)
denovo70 C82_GU907658 334 (510.0)
denovo70 C82b_GU907660 334 (510.0)
denovo70 C64_AY589768 334 (528.0)
denovo70 C45a_AY765404 341 (514.5)
denovo70 C48_AY589753 334 (539.5)
denovo70 C1_v1b_FJ919244 331 (520.0)
denovo70 C1_v1a_FJ919243 331 (520.0)
denovo70 C3j_AY239366 335 (514.0)
denovo70 C3t_EF541149 340 (537.0)
denovo70 C9_AF499798 331 (511.0)
denovo70 C23_AY239375 331 (511.5)
denovo70 C37_AY258481 330 (535.5)
denovo70 C1048_DQ068026 334 (510.5)
denovo70 C21.4_JF683326 329 (520.5)
denovo70 C21.5_JF683327 329 (529.5)
denovo70 C1070_DQ335349 335 (541.0)
denovo70 C21.6_HQ630873 329 (547.5)
denovo70 C1224_EU074890 327 (526.0)
denovo70 C1.17_HE578990 331 (529.0)
denovo70 C21_b1_FN827162 329 (520.5)
denovo70 C21.9_JF683330 329 (529.5)
denovo70 C1085_AY624605 336 (524.5)
denovo70 C3p_GU907654 335 (517.0)
denovo70 C3f_AY589734 335 (532.0)
denovo70 C65a_AY589770 335 (532.0)
denovo70 C65_AY589769 335 (541.0)
denovo70 C71_AY589775 335 (541.0)
denovo70 C71a_AY589776 335 (532.0)
denovo70 C1178_AB294647 334 (532.5)
denovo70 C1225_EU074893 335 (531.5)
denovo70 C75_AY765410 338 (532.0)
denovo70 C21.10_JF683331 336 (531.5)
denovo70 C21.11_HQ630874 329 (538.5)
denovo70 C1065_DQ335388 335 (522.5)
denovo70 C1045_DQ068036 335 (531.5)
denovo70 C1h_AY258473 331 (529.0)
denovo70 C38_AY258482 336 (534.5)
denovo70 C1202_EU099799 335 (523.0)
denovo70 C7_AF499797 335 (532.0)
denovo70 C12_AF499801 337 (521.5)
denovo70 C38a_AY258483 332 (538.0)
denovo70 C1200_EU099800 343 (537.5)
denovo70 C44a_AY589751 334 (520.0)
denovo70 C47_AY589752 342 (517.0)
denovo70 C44_AY589750 342 (517.0)
denovo70 C1.15_HE578988 331 (529.5)
denovo70 C45.3_FJ461522 331 (520.5)
denovo70 C46a_AY765405 341 (523.5)
denovo70 C46_EU449108 341 (523.5)
denovo70 C3.12_FJ461507 342 (525.5)
denovo70 C1k_AY589733 331 (520.0)
denovo70 C67_AY686647 342 (518.0)
denovo70 C82a_GU907659 332 (513.5)
denovo70 C10a_AY589739 341 (522.5)
denovo70 C10_AF499799 341 (522.5)
denovo70 C13_AY589740 347 (519.5)
denovo70 C4_AF499794 331 (511.0)
denovo70 C1147_EF656433 333 (526.0)
denovo70 C1c/C45_AY239364 331 (520.0)
denovo70 C1c/C45_EU449103 331 (520.0)
denovo70 C21.19_HE579031 329 (520.5)
denovo70 C21.21_HE579033 333 (505.5)
denovo70 C21.20_HE579032 333 (514.5)
denovo70 C42b_AY765403 336 (499.0)
denovo70 C42_AY258487 336 (508.0)
denovo70 C1p_GU907652 331 (520.0)
denovo70 C1d_AY258488 341 (505.5)
denovo70 C42_AY765402 331 (511.0)
denovo70 C3ha_AY589736 329 (529.5)
denovo70 C63a_AY589767 330 (534.0)
denovo70 C21a_AY589744 329 (538.5)
denovo70 C3o_GU907653 329 (530.0)
denovo70 C21.16_HQ630875 329 (538.5)
denovo70 C21.2_JF683324 336 (532.0)
denovo70 C21.7_JF683328 335 (530.0)
denovo70 C21.8_JF683329 332 (538.0)
denovo70 C3h_AY239365 329 (529.5)
denovo70 C1203_EU099798 329 (529.5)
denovo70 C3.10_FJ461505 335 (532.0)
denovo70 C21.14_FJ461516 329 (538.5)
denovo70 C21.18_HE579030 329 (527.0)
denovo70 C3.17_HE579005 335 (523.0)
denovo70 C3.9_FJ461504 329 (539.5)
denovo70 C3.8_FJ461503 331 (538.5)
denovo70 C3.7_FJ461502 335 (523.0)
denovo70 C3.11_FJ461506 335 (532.0)
denovo70 C3.18_HE579006 335 (523.0)
denovo70 C3.19_HE579007 335 (531.5)
denovo70 C3.20_HE579008 335 (523.0)
denovo70 C3g_AY589735 338 (533.0)
denovo70 C3a_AF499790 335 (532.0)
denovo70 C3e_AF499793 335 (523.0)
denovo70 C6_AF499796 338 (532.0)
denovo70 C11_AF499800 337 (528.5)
denovo70 C36_AY258480 337 (527.5)
denovo70 C29_AY258494 334 (530.0)
denovo70 C1146_EF656434 335 (532.5)
denovo70 C1190_EU099841 335 (541.0)
denovo70 C131_JF320826 335 (523.0)
denovo70 C28_AY239380 337 (522.0)
denovo70 C1012_DQ480604 335 (532.0)
denovo70 C1181_AB294640 334 (523.5)
denovo70 C1180_AB294641 334 (541.5)
denovo70 C1179_AB294645 330 (538.5)
denovo70 C1176_AB294651 338 (535.0)
denovo70 C1175_AB294653 334 (532.5)
denovo70 C1174_AB294655 342 (528.0)
denovo70 C1177_AB294659 335 (526.0)
denovo70 C1040_AB190269 342 (525.5)
denovo70 C1182_AB294649 335 (523.0)
denovo70 C1089_AJ278598 335 (523.0)
denovo70 C1028_DQ335357 335 (532.0)
denovo70 C3.16_EU786015 335 (541.0)
denovo70 C1097_AJ311943 343 (515.5)
denovo70 C1170_AB294661 334 (532.5)
denovo70 C21.17_HE579029 330 (543.5)
denovo70 C21/3d/C3k_AY239372 329 (538.5)
denovo70 C58_AY589762 337 (531.5)
denovo70 C3L_AY589738 335 (528.0)
denovo70 C1169_AB294660 334 (532.5)
denovo70 C3.2_FJ461497 334 (532.5)
denovo70 C3.1_JF683321 330 (538.5)
denovo70 C1104_AF427469 336 (522.0)
denovo70 C3b_AF499791 334 (532.5)
denovo70 C83_GU907661 342 (528.0)
denovo70 C49_AY589754 366 (553.0)
denovo70 C3_AB778606 335 (532.0)
denovo70 C3_AF499789 335 (532.0)
denovo70 C3_HE579001 335 (532.0)
denovo70 C21.12_FJ461514 329 (520.5)
denovo70 C1229_EU074888 333 (522.5)
denovo70 C1230_EU074889 333 (531.5)
denovo70 C1114_AB207196 335 (514.0)
denovo70 C3.21_HE579009 334 (469.5)
denovo70 C1057_DQ480619 331 (520.0)
denovo70 C72_AY765407 337 (511.5)
denovo70 C1b.3_HE578999 330 (520.5)
denovo70 C93_AJ621536 335 (523.0)
denovo70 C94_AJ621539 331 (520.0)
denovo70 C1g_AY589730 331 (538.0)
denovo70 C1i_AY589731 342 (516.5)
denovo70 C1j_AY589732 331 (529.0)
denovo70 C1005_DQ480633 331 (520.0)
denovo70 C1.7_FJ461494 331 (529.0)
denovo70 C1.11_HE578984 331 (520.5)
denovo70 C1.12_HE578985 331 (529.0)
denovo70 C1.13_HE578986 331 (529.0)
denovo70 C1.14_HE578987 332 (532.0)
denovo70 C1.18_HE578991 331 (520.0)
denovo70 C1.19_HE578992 331 (520.0)
denovo70 C1199_EU099802 335 (517.0)
denovo70 C1188_EU099838 335 (532.0)
denovo70 C1002_DQ838544 339 (526.0)
denovo70 C1198_EU099810 331 (520.0)
denovo70 C24_AY239376 341 (514.0)
denovo70 C1f_AY258490 331 (529.0)
denovo70 C1006_DQ480629 331 (529.0)
denovo70 C1010_DQ480607 331 (529.0)
denovo70 C1007_DQ480624 331 (520.0)
denovo70 C1011_DQ480605 330 (535.5)
denovo70 C1009_DQ480608 331 (529.0)
denovo70 C1041_AY186548 333 (525.0)
denovo70 C1052_AY186570 331 (529.0)
denovo70 C1148_EU040178 341 (523.5)
denovo70 C1234_EU118165 342 (513.5)
denovo70 C1.5_EF634157 353 (523.0)
denovo70 C1059_DQ480609 331 (520.0)
denovo70 C1228_EU074883 331 (529.0)
denovo70 C1208_EU074963 334 (528.0)
denovo70 C1207_EU074964 331 (529.0)
denovo70 C1206_EU074965 331 (529.0)
denovo70 C1013_DQ480642 331 (529.0)
denovo70 C80_GU907656 349 (528.0)
denovo70 C1a_AF499788 341 (523.0)
denovo70 C41_AY258486 341 (523.0)
denovo70 C39_AY258484 329 (527.0)
denovo70 C1231_EU074878 331 (520.0)
denovo70 C1b.1_HE578997 330 (520.5)
denovo70 C18_AY258478 341 (523.5)
denovo70 C1.10_HE578983 334 (526.0)
denovo70 C1_JN558041 331 (529.0)
denovo70 C1_HE578979 331 (529.0)
denovo70 C1_AM748551 331 (529.0)
denovo70 C1_AF333515 331 (529.0)
denovo70 C1054_AY186565 332 (528.5)
denovo70 C1008_DQ480613 331 (520.0)
denovo70 C1103_AF427470 332 (519.0)
denovo70 C1226_EU074881 332 (519.0)
denovo70 C1b/C1e_AY239363 330 (529.5)
denovo70 C1044_DQ068038 331 (514.0)
denovo70 C1017_DQ174729 331 (519.5)
denovo70 C1.6_FJ461493 331 (538.0)
denovo70 C1b.2_HE578998 330 (520.5)
denovo70 C1060_DQ480600 331 (520.0)
denovo70 C1227_EU074882 331 (520.0)
denovo70 C1197_EU099814 331 (520.0)
denovo70 C1130_DQ480643 331 (414.5)
denovo70 D109_AB097465 345 (444.5)
denovo70 D1.11_HE579040 332 (453.5)
denovo70 D105_AF174570 328 (459.0)
denovo70 D104_AF174572 333 (446.5)
denovo70 D1.3_JF683337 323 (445.0)
denovo70 D1.10_HE579039 325 (450.5)
denovo70 D110_AF174561 326 (454.0)
denovo70 D117_AF174542 321 (456.5)
denovo70 D114_AF174549 328 (458.5)
denovo70 D113_AF174557 336 (448.5)
denovo70 D112_AF174558 321 (447.5)
denovo70 D106_AF174559 321 (465.5)
denovo70 D111_AF174560 321 (456.5)
denovo70 D115_AF174562 321 (447.5)
denovo70 D107_AF174568 321 (447.5)
denovo70 D116_AF174571 322 (450.0)
denovo70 D124_EU074897 316 (450.5)
denovo70 D1.8_HE579037 332 (454.5)
denovo70 D3_AY686650 323 (453.0)
denovo70 D1.6_HQ630881 327 (456.0)
denovo70 D120_EU074900 336 (439.5)
denovo70 D121_EU074904 322 (459.0)
denovo70 D122_EU074905 321 (456.5)
denovo70 D1a.2_JF683339 318 (449.5)
denovo70 D1a.1_JF683338 316 (450.5)
denovo70 D2_AY686649 576 (510.0)
denovo70 D4_DQ865214 342 (452.5)
denovo70 D1a_AF499802 336 (448.5)
denovo70 D1a_JN558078 336 (448.5)
denovo70 D123_EU074895 321 (456.5)
denovo70 D108_AF174567 318 (457.0)
denovo70 D103_AF174575 333 (465.0)
denovo70 D100_AF411415 321 (456.5)
denovo70 D118_EF656435 333 (456.0)
denovo70 D101_AF411416 321 (441.5)
denovo70 D119_EU099832 334 (451.5)
denovo70 D102_AF174573 325 (453.5)
denovo70 D1_AF334660 321 (456.5)
denovo70 D1_JN558076 321 (456.5)
denovo70 D1.12_HE579041 310 (453.0)
denovo70 D1.1_AM748564 416 (458.0)
denovo70 D1.2_AM748617 420 (472.0)
denovo70 E111_EU074915 338 (436.0)
denovo70 E110_EU074914 337 (452.5)
denovo70 E114_EU074909 335 (438.5)
denovo70 E1_AF334659 339 (436.0)
denovo70 E105_EU074921 338 (446.0)
denovo70 E112_EU074916 335 (438.5)
denovo70 E104_EU074922 335 (447.5)
denovo70 E102_EU074924 335 (438.5)
denovo70 E103_EU074923 335 (447.5)
denovo70 E101_AY160123 331 (450.5)
denovo70 E109_EU074913 329 (445.0)
denovo70 E100_DQ011618 335 (452.5)
denovo70 E108_EU074912 338 (451.5)
denovo70 E113_EU074908 335 (446.5)
denovo70 E107_EU074910 335 (452.0)
denovo70 F1_JN558066 344 (522.0)
denovo70 F5.2d_AJ291530 340 (530.5)
denovo70 F104_AJ291531 340 (530.5)
denovo70 F5.2c_AM748596 335 (524.5)
denovo70 F5.2_AM748594 340 (521.5)
denovo70 F5.2a_AM748614 340 (521.5)
denovo70 F5.2b_AM748595 340 (521.5)
denovo70 F5.2e_AJ291533 335 (498.0)
denovo70 F5.2g_JN558072 341 (524.5)
denovo70 F5.2f_AJ291512 341 (525.0)
denovo70 F102_AJ291534 341 (524.5)
denovo70 F5.1c_AM748593 331 (520.0)
denovo70 F5.1d_JN558069 345 (535.5)
denovo70 F5.1b_AJ291535 340 (529.5)
denovo70 F5.1_AM748592 340 (530.0)
denovo70 F5.1a_AM748591 340 (538.5)
denovo70 F110_AJ291526 331 (555.0)
denovo70 F4.7_AM748587 332 (534.0)
denovo70 F4.5_AM748585 329 (539.5)
denovo70 F4.4a_AM748583 324 (543.5)
denovo70 F4.4_AM748582 336 (541.5)
denovo70 F4.4b_AM748584 330 (533.0)
denovo70 F4.1a_AM748573 330 (535.0)
denovo70 F112_AJ291528 329 (523.0)
denovo70 F4.1_AM748572 329 (523.0)
denovo70 F4.8b_AM748590 330 (542.5)
denovo70 F4.8_AM748588 327 (551.5)
denovo70 F4.8a_AM748589 328 (546.0)
denovo70 F109_AJ291527 324 (565.5)
denovo70 F4.6_AM748586 329 (522.5)
denovo70 F111_AJ311949 333 (537.0)
denovo70 F4.3c_AM748581 335 (530.5)
denovo70 F4.3a_AM748579 336 (542.0)
denovo70 F4.3b_AM748580 335 (538.5)
denovo70 F4.3_AM748578 335 (538.5)
denovo70 F4.2_AM748574 333 (525.5)
denovo70 F4.2a_AM748575 328 (541.5)
denovo70 F4.2c_AM748577 329 (541.0)
denovo70 F4.2b_AM748576 328 (532.5)
denovo70 F2b_AJ291521 344 (512.0)
denovo70 F2_AJ830908 334 (510.0)
denovo70 F2a_AJ830911 338 (504.5)
denovo70 F3.1a_AM748566 348 (536.5)
denovo70 F114_AJ291525 349 (548.0)
denovo70 F3.1_AM748565 349 (548.0)
denovo70 F3.2_AM748567 351 (543.5)
denovo70 F3.2a_AM748568 336 (552.5)
denovo70 F3.3_AM748569 329 (556.0)
denovo70 F3.4a_AM748571 342 (576.5)
denovo70 F3.4_AM748570 342 (558.5)
denovo70 F3.4b_AM748616 342 (558.5)
denovo70 G101_AJ291539 338 (476.0)
denovo70 G1_AM748597 341 (467.5)
denovo70 G2b_JN558087 339 (473.0)
denovo70 G2_AM748598 337 (468.0)
denovo70 G2a_AM748599 339 (473.5)
denovo70 G4_AM748601 348 (479.5)
denovo70 G3.4_LK392378 346 (455.0)
denovo70 G3_AM748600 339 (460.0)
denovo70 G3.2_KC597694 320 (435.5)
denovo70 G3.1_KC597688 339 (468.5)
denovo70 G100_AB253788 343 (463.5)
denovo70 G3.3_LK392377 337 (472.5)
denovo70 H6_AJ291520 655 (264.5)
denovo70 H3_AM748606 335 (387.5)
denovo70 H2_AM748605 332 (378.5)
denovo70 H4_AM748607 337 (367.0)
denovo70 H4a_AM748608 330 (373.0)
denovo70 H5a_AM748611 327 (404.5)
denovo70 H5b_AM748610 330 (394.0)
denovo70 H5_AJ621129 325 (398.5)
denovo70 H5_AM748609 325 (398.5)
denovo70 H100_AJ291513 310 (378.5)
denovo70 H1b_AM748604 310 (373.5)
denovo70 H1a_AM748612 309 (378.5)
denovo70 H1_AJ621152 328 (377.0)
denovo70 H1_AM748602 328 (377.0)
denovo70 I3_FN561561 343 (573.0)
denovo70 I4_FN561562 343 (573.0)
denovo70 I1_FN561559 349 (575.0)
denovo70 I2_FN561560 336 (571.5)

#---------------------------------------
#---------------------------------------
