denovo118 A136_DQ865210 332 (423.0)
denovo118 A133_DQ174725 355 (380.0)
denovo118 A115_AF180123 343 (386.0)
denovo118 A117_AF201746 336 (399.0)
denovo118 A134_DQ174723 336 (399.0)
denovo118 A114_AF184941 336 (399.0)
denovo118 A135_DQ174727 334 (401.5)
denovo118 A2_AF333506 339 (396.0)
denovo118 A101_AF427468 334 (392.5)
denovo118 A2_1_JN558097 334 (392.5)
denovo118 A2_2_JN558100 334 (392.5)
denovo118 A113_AF184948 339 (408.5)
denovo118 A112_AF184949 336 (389.5)
denovo118 A123_EF378618 335 (289.0)
denovo118 A137_EF378621 321 (329.5)
denovo118 A11_EU449041 350 (406.5)
denovo118 A121_DQ174722 337 (399.5)
denovo118 A15b_EU792886 337 (364.5)
denovo118 A15a_EU792885 338 (379.0)
denovo118 A15c_EU792887 340 (373.5)
denovo118 A15_EU792884 337 (373.5)
denovo118 A147_EU074937 338 (415.0)
denovo118 A154_EU074860 338 (405.5)
denovo118 A146_EU074936 343 (392.5)
denovo118 A150_EU074928 343 (401.0)
denovo118 A116_AF183575 338 (394.5)
denovo118 A141_EU074931 343 (401.5)
denovo118 A5_AF333508 334 (400.5)
denovo118 A3b_EU449043 338 (397.0)
denovo118 A151_EU074925 340 (394.0)
denovo118 A152_EU074927 341 (396.5)
denovo118 A149_EU074929 344 (396.5)
denovo118 A140_EU074930 338 (397.0)
denovo118 A142_EU074932 338 (388.0)
denovo118 A143_EU074933 342 (401.0)
denovo118 A144_EU074934 338 (397.0)
denovo118 A145_EU074935 338 (396.5)
denovo118 A148_EU074938 334 (392.5)
denovo118 A155_EU074856 338 (388.0)
denovo118 A156_EU074859 338 (406.0)
denovo118 A139_EU074962 338 (397.0)
denovo118 A6_AF186058 338 (397.0)
denovo118 A3_AF333507 338 (397.0)
denovo118 A3_JN558091 338 (397.0)
denovo118 A8_AY258468 338 (379.0)
denovo118 A7_AY239360 332 (387.5)
denovo118 A16_EU792888 332 (388.5)
denovo118 A4.3_FN429763 341 (385.0)
denovo118 A120_AF180122 322 (380.0)
denovo118 A4.2_FN429761 334 (406.5)
denovo118 A4_AF333509 339 (404.0)
denovo118 A4.1_FN429760 337 (405.0)
denovo118 A4a_AF499778 339 (404.5)
denovo118 A4a.1_FN429762 339 (404.5)
denovo118 A138_EF378620 341 (382.5)
denovo118 A122_EF378619 340 (382.5)
denovo118 A126_EF378615 339 (383.5)
denovo118 A10_EU792882 339 (383.5)
denovo118 A9_EU449028 334 (397.0)
denovo118 A105_AB207202 341 (409.5)
denovo118 A119_AF180121 327 (392.0)
denovo118 A12_EU792883 335 (400.5)
denovo118 A104_AB207203 343 (397.0)
denovo118 A1a_EU449030 334 (406.0)
denovo118 A1.3_HE578976 335 (400.0)
denovo118 A1.4_HE578977 335 (409.0)
denovo118 A13_AF333504 335 (408.5)
denovo118 A13_JN558094 335 (408.5)
denovo118 A110_AB190282 335 (391.0)
denovo118 A103_AB207206 329 (400.5)
denovo118 A130_EF656428 335 (400.0)
denovo118 A127_EF656429 335 (409.0)
denovo118 A128_EF656430 335 (400.0)
denovo118 A129_EF656431 339 (403.0)
denovo118 A131_EF656432 335 (409.0)
denovo118 A118_AF180120 340 (399.0)
denovo118 A1_AF333505 335 (400.0)
denovo118 A107_AB207199 329 (409.0)
denovo118 A111_AB190280 329 (409.0)
denovo118 A108_AB207197 336 (379.0)
denovo118 A106_AB207200 341 (400.0)
denovo118 A102_AB207209 341 (400.5)
denovo118 A1.2_AB207210 341 (400.5)
denovo118 A109_AB190285 341 (400.0)
denovo118 B4_AF333510 317 (1020.5)
denovo118 B23_EU449079 303 (1202.0)
denovo118 B30_GU907644 303 (1184.0)
denovo118 B11_AY239361 308 (1182.0)
denovo118 B17_AY258470 306 (1174.0)
denovo118 B1k_GU907638 282 (696.5)
denovo118 B1.V_Green2014 313 (1141.0)
denovo118 B1b_AF499780 304 (1136.0)
denovo118 B16_AY258469 306 (1183.0)
denovo118 B31a_GU907646 306 (1192.0)
denovo118 B32_GU907647 306 (1192.0)
denovo118 B31_GU907645 306 (1201.0)
denovo118 B1j_GU907637 306 (1192.0)
denovo118 B37_GU907650 308 (1181.5)
denovo118 B5a_AF499782 306 (1201.0)
denovo118 B5_AF499781 306 (1210.0)
denovo118 B24_GU907643 284 (1173.5)
denovo118 B117_AF180124 305 (1099.0)
denovo118 B10_AF499787 306 (1183.0)
denovo118 B20_GU907642 308 (1166.5)
denovo118 B1m_GU907640 306 (1192.0)
denovo118 B34_GU907649 306 (1192.0)
denovo118 B1d_GU907633 306 (1192.0)
denovo118 B1e_GU907634 306 (1192.0)
denovo118 B1i_GU907636 306 (1192.0)
denovo118 B1g_GU907635 307 (1173.0)
denovo118 B123_EU074872 306 (1183.0)
denovo118 B8_AF499785 307 (1182.0)
denovo118 B1l_GU907639 306 (1192.0)
denovo118 B1a_AF499779 306 (1192.0)
denovo118 B14_AY239362 307 (1191.0)
denovo118 B125_EU074865 306 (1192.0)
denovo118 B122_EU074871 306 (1201.0)
denovo118 B124_EU074874 306 (1192.0)
denovo118 B1.VII_Green2014 296 (1173.0)
denovo118 B1.III_Green2014 306 (1120.0)
denovo118 B1.I_Green2014 306 (1201.0)
denovo118 B1.II_Green2014 306 (1201.0)
denovo118 B1_JN558057 306 (1201.0)
denovo118 B1_AF333511 306 (1201.0)
denovo118 B1.IV_Green2014 316 (1186.5)
denovo118 B121_EU074870 306 (1192.0)
denovo118 B7_AF499784 306 (1192.0)
denovo118 B1.VI_Green2014 307 (1132.0)
denovo118 B3_AF333514 302 (1230.5)
denovo118 B9_AF499786 302 (1257.5)
denovo118 B19a_JN558055 302 (1112.5)
denovo118 B119_EU099825 311 (1128.5)
denovo118 B21_DQ865213 302 (1217.0)
denovo118 B38_GU907651 302 (1217.0)
denovo118 B18_AY258471 302 (1248.5)
denovo118 B18a_AY258472 302 (1239.5)
denovo118 B33_GU907648 302 (1248.5)
denovo118 B6_AF499783 307 (1245.0)
denovo118 B19_DQ865212 302 (1266.5)
denovo118 B19_GU907641 302 (1266.5)
denovo118 B2_AF333512 302 (1257.5)
denovo118 B2_JN558060 302 (1257.5)
denovo118 C33.1_AY258498 326 (549.0)
denovo118 C33.2_AY765400 326 (549.0)
denovo118 C33a_EF541147 326 (549.0)
denovo118 C34_AY258499 319 (547.0)
denovo118 C78_AY765413 321 (533.0)
denovo118 C15.29_KC597690 324 (522.0)
denovo118 C1131_DQ182650 324 (532.5)
denovo118 C1135_DQ182646 314 (539.0)
denovo118 C1134_DQ182647 314 (530.0)
denovo118 C1142_DQ182635 314 (539.0)
denovo118 C1136_DQ182644 317 (510.5)
denovo118 C1111_DQ182645 317 (519.5)
denovo118 C1236_EF473656 317 (510.5)
denovo118 C1138_DQ182642 317 (528.5)
denovo118 C1137_DQ182643 317 (510.5)
denovo118 C1133_DQ182648 317 (510.5)
denovo118 C1132_DQ182649 321 (513.0)
denovo118 C1143_DQ182634 317 (519.5)
denovo118 C1139_DQ182639 319 (527.5)
denovo118 C15.28_KC597687 323 (567.0)
denovo118 C1141_DQ182636 323 (529.5)
denovo118 C1144_DQ182637 323 (530.0)
denovo118 C1122_DQ182654 319 (545.5)
denovo118 C1127_DQ182652 319 (545.5)
denovo118 C15.30_JX394114 322 (563.5)
denovo118 C15.26_KC597686 324 (560.5)
denovo118 C1086_DQ182656 321 (560.5)
denovo118 C15.25_KC597685 321 (569.5)
denovo118 C1118_AF180127 325 (524.0)
denovo118 C1129_DQ182651 321 (524.0)
denovo118 C15.21_KC597683 321 (552.0)
denovo118 C56_AY589760 318 (561.0)
denovo118 C1140_DQ182638 325 (526.5)
denovo118 C1126_DQ182653 325 (517.5)
denovo118 C15c_AY258492 320 (567.5)
denovo118 C15d_AY258493 319 (574.0)
denovo118 C1098_DQ182641 318 (549.5)
denovo118 C15.27_KC597689 321 (570.0)
denovo118 C15.18_HE579024 320 (558.0)
denovo118 C15.16_HE579022 326 (575.5)
denovo118 C1101_AB253787 321 (552.0)
denovo118 C1083_AY237300 321 (561.0)
denovo118 C1088_DQ182640 321 (561.0)
denovo118 C15.6_FN563472 321 (561.0)
denovo118 C15.5_FJ461512 323 (558.0)
denovo118 C15.4_FJ461511 321 (561.5)
denovo118 C15.13_HE579019 321 (552.0)
denovo118 C15.12_HE579018 321 (561.0)
denovo118 C93a_AM748563 320 (576.5)
denovo118 C1094_AJ291514 320 (567.5)
denovo118 C93_AM748562 320 (567.5)
denovo118 C15.17_HE579023 322 (558.0)
denovo118 C15e_AY589742 321 (564.0)
denovo118 C15.22_KC597695 321 (561.0)
denovo118 C60_AY589764 325 (563.0)
denovo118 C15.1_FJ461508 321 (570.0)
denovo118 C15.2_FJ461509 321 (561.0)
denovo118 C15.9_FN563475 321 (569.5)
denovo118 C15.7_HE579015 321 (561.0)
denovo118 C15.8_HE579016 321 (561.0)
denovo118 C15.15_HE579021 321 (579.0)
denovo118 C15.19_HE579025 321 (569.5)
denovo118 C15.24_KC597696 321 (552.0)
denovo118 C15.3_FJ461510 321 (561.5)
denovo118 C1087_DQ182655 321 (570.0)
denovo118 C15.14_HE579020 322 (560.0)
denovo118 C15.23_KC597697 322 (560.0)
denovo118 C19_AY258479 322 (576.0)
denovo118 C1233_EU118166 321 (561.0)
denovo118 C15b_AY258491 321 (561.0)
denovo118 C15a_AY258476 321 (570.5)
denovo118 C1051_AF195153 321 (570.0)
denovo118 C2_AF333518 322 (569.0)
denovo118 C15.20_HE579026 322 (569.0)
denovo118 C15f_AY589743 321 (566.5)
denovo118 C55_AY589759 325 (567.5)
denovo118 C15_AY239369 321 (570.0)
denovo118 C32.1_JF683335 323 (509.5)
denovo118 C32.2_JF683336 325 (514.5)
denovo118 C21.23_KC597693 325 (514.5)
denovo118 C1193_EU099827 334 (567.5)
denovo118 C1195_EU099821 334 (526.5)
denovo118 C3q_GU907655 330 (526.0)
denovo118 C53_AY589758 330 (542.0)
denovo118 C73_AY765408 330 (541.0)
denovo118 C17.2.1_KC597684 326 (526.0)
denovo118 C32_AY258497 324 (512.0)
denovo118 C1189_EU099831 323 (537.5)
denovo118 C1191_EU099833 322 (544.0)
denovo118 C1196_EU099819 323 (510.5)
denovo118 C1192_EU099820 323 (510.5)
denovo118 C17.1_JF683322 323 (528.5)
denovo118 C26_b2_FN827164 324 (537.5)
denovo118 C26_b3_FN827165 320 (517.0)
denovo118 C31.9_HQ630879 325 (533.0)
denovo118 C31a_AY589746 325 (529.5)
denovo118 C30_AY589745 325 (529.5)
denovo118 C31.1_HQ630876 329 (531.0)
denovo118 C31.5_HQ630877 324 (535.0)
denovo118 C31.6_HQ630878 325 (538.5)
denovo118 C31.2_JF683332 325 (538.5)
denovo118 C31.3_JF683333 325 (529.5)
denovo118 C26/C35a_AY239378 320 (526.0)
denovo118 C35a_AY258501 320 (526.0)
denovo118 C35.2_AY258500 320 (535.0)
denovo118 C26_b1_FN827163 320 (535.0)
denovo118 C17_AY239370 323 (528.5)
denovo118 C17.2_FJ461513 325 (527.5)
denovo118 C31.10_HQ630880 325 (533.0)
denovo118 C31.4_JF683334 329 (536.5)
denovo118 C31_AY258496 325 (538.5)
denovo118 C25_AY239377 322 (558.0)
denovo118 C61_AY589765 324 (499.5)
denovo118 C1043_DQ072721 323 (508.0)
denovo118 C79_AY765414 320 (541.0)
denovo118 C69_AY589773 313 (518.5)
denovo118 C69a_AY686648 313 (509.5)
denovo118 C21.22_KC597692 322 (507.0)
denovo118 C51_AY589756 322 (537.5)
denovo118 C1aa_HM185739 334 (535.0)
denovo118 C1096_DQ068023 323 (527.0)
denovo118 C74_AY765409 326 (552.5)
denovo118 C1185_AB294629 328 (549.5)
denovo118 C1184_AB294630 328 (549.5)
denovo118 C1153_AB294625 328 (558.5)
denovo118 C1154_AB294626 327 (565.0)
denovo118 C1187_AB294627 328 (549.5)
denovo118 C1186_AB294628 328 (549.5)
denovo118 C57_AY589761 328 (558.5)
denovo118 C66_AY589771 328 (558.5)
denovo118 C5_AF499795 323 (548.5)
denovo118 C1167_AB294586 323 (548.5)
denovo118 C1164_AB294593 323 (548.5)
denovo118 C1183_AB294631 323 (566.5)
denovo118 C1067_DQ335381 323 (540.0)
denovo118 C1159_AB294613 325 (541.5)
denovo118 C1150_AB294622 325 (550.5)
denovo118 C90_AM748554 325 (565.0)
denovo118 C1168_AB294583 323 (558.0)
denovo118 C1156_AB294616 321 (561.5)
denovo118 C1151_AB294621 323 (567.0)
denovo118 C92a_AM748561 323 (567.0)
denovo118 C92_AM748560 323 (558.0)
denovo118 C1165_AB294581 323 (557.5)
denovo118 C1166_AB294584 323 (575.5)
denovo118 C1162_AB294594 323 (557.5)
denovo118 C1163_AB294596 321 (570.0)
denovo118 C1161_AB294606 323 (566.5)
denovo118 C1160_AB294608 327 (559.0)
denovo118 C1158_AB294614 323 (575.0)
denovo118 C1155_AB294617 323 (557.5)
denovo118 C1149_AB294620 323 (566.5)
denovo118 C1173_AB294662 323 (575.5)
denovo118 C1171_AB294663 323 (557.5)
denovo118 C1172_AB294665 323 (566.5)
denovo118 C91a_AM748556 323 (566.5)
denovo118 C91b_AM748557 321 (569.0)
denovo118 C91d_AM748559 322 (563.5)
denovo118 C91c_AM748558 322 (563.5)
denovo118 C91_AJ621543 323 (566.5)
denovo118 C91_AM748555 323 (566.5)
denovo118 C1023_DQ335330 312 (504.0)
denovo118 C1020_DQ335392 327 (542.5)
denovo118 C1018_DQ335408 323 (549.0)
denovo118 C1074_DQ335329 323 (540.0)
denovo118 C1030_DQ335353 323 (549.0)
denovo118 C1022_DQ335331 323 (540.0)
denovo118 C1027_DQ335360 323 (558.0)
denovo118 C1072_DQ335344 323 (540.0)
denovo118 C1039_AB190274 323 (548.0)
denovo118 C1033_DQ335350 328 (537.0)
denovo118 C1019_DQ335407 323 (549.0)
denovo118 C1194_EU099826 324 (527.0)
denovo118 C8b_AY258475 324 (527.0)
denovo118 C8_AY239367 325 (535.5)
denovo118 C8a_AY239368 327 (531.5)
denovo118 C54a_AY765406 323 (558.0)
denovo118 C3ff_HM185740 323 (540.0)
denovo118 C59_AY589763 328 (528.0)
denovo118 C3k_AY589737 321 (560.5)
denovo118 C3.24_HE579012 320 (567.0)
denovo118 C3.23_HE579011 321 (560.5)
denovo118 C35.1_AY765401 325 (564.0)
denovo118 C35.3_EF541145 318 (562.0)
denovo118 C76_AY765411 321 (531.5)
denovo118 C1107_DQ335359 325 (522.5)
denovo118 C3.22_HE579010 326 (523.0)
denovo118 C77_AY765412 321 (540.0)
denovo118 C20_AY239371 323 (558.5)
denovo118 C1055_DQ480640 321 (539.5)
denovo118 C27/C30_AY239379 320 (525.5)
denovo118 C27.1_FJ461517 320 (516.5)
denovo118 C40a_AY589747 325 (544.5)
denovo118 C40_AY258485 325 (544.5)
denovo118 C40b_AY589748 329 (536.5)
denovo118 C16_AY258477 326 (548.5)
denovo118 C16a_AY765399 327 (550.5)
denovo118 C1091_AB207186 321 (551.5)
denovo118 C1102_DQ335400 321 (543.5)
denovo118 C1069_DQ335375 323 (549.5)
denovo118 C1073_DQ335332 321 (543.5)
denovo118 C1066_DQ335382 320 (540.0)
denovo118 C1031_DQ335352 326 (558.0)
denovo118 C1026_DQ335366 328 (554.5)
denovo118 C70_AY589774 321 (561.5)
denovo118 C1082_AB190267 321 (543.5)
denovo118 C1078_AB190271 321 (561.5)
denovo118 C1090_AB207191 321 (552.5)
denovo118 C1071_DQ335302 321 (552.5)
denovo118 C1075_DQ335328 321 (552.5)
denovo118 C1068_DQ335379 322 (545.5)
denovo118 C1064_DQ335395 321 (543.5)
denovo118 C1063_DQ335403 320 (559.5)
denovo118 C62_AY589766 321 (552.5)
denovo118 C1077_DQ335316 320 (555.5)
denovo118 C1109_DQ335338 321 (552.5)
denovo118 C1110_DQ335340 321 (543.5)
denovo118 C1106_DQ335339 321 (542.5)
denovo118 C1112_DQ335319 321 (551.5)
denovo118 C1108_DQ335351 321 (542.5)
denovo118 C1105_DQ335394 321 (551.5)
denovo118 C1121_DQ335378 328 (553.5)
denovo118 C1116_AB190268 328 (554.5)
denovo118 C1115_AB190273 328 (553.5)
denovo118 C1124_DQ335323 321 (542.5)
denovo118 C1120_DQ335398 321 (542.5)
denovo118 C1119_DQ335404 321 (551.5)
denovo118 C1123_DQ335363 321 (551.5)
denovo118 C1004_DQ480635 323 (548.5)
denovo118 C1061_AY186568 323 (548.5)
denovo118 C1053_AY186569 323 (548.5)
denovo118 C1003_DQ480639 323 (548.5)
denovo118 C81_GU907657 333 (534.0)
denovo118 C22_AY239373 318 (559.5)
denovo118 C22a_AY239374 320 (556.0)
denovo118 C1232_EU118163 326 (556.5)
denovo118 C21.13_FJ461515 323 (519.5)
denovo118 C21.1_JF683323 321 (531.5)
denovo118 C21.3_JF683325 324 (531.0)
denovo118 C1.20_HE578993 323 (531.0)
denovo118 C1.22_HE578995 323 (531.0)
denovo118 C52_AY589757 320 (552.0)
denovo118 C1201_EU099793 323 (509.0)
denovo118 C14_AY589741 325 (549.0)
denovo118 C43_AY589749 325 (554.5)
denovo118 C50_AY589755 323 (567.0)
denovo118 C3.14_HQ630872 323 (549.0)
denovo118 C1m_AY765398 320 (549.0)
denovo118 C82_GU907658 330 (551.5)
denovo118 C82b_GU907660 330 (551.5)
denovo118 C64_AY589768 340 (546.5)
denovo118 C45a_AY765404 325 (553.5)
denovo118 C48_AY589753 323 (568.5)
denovo118 C1_v1b_FJ919244 322 (545.5)
denovo118 C1_v1a_FJ919243 322 (545.5)
denovo118 C3j_AY239366 323 (540.0)
denovo118 C3t_EF541149 323 (549.0)
denovo118 C9_AF499798 323 (557.0)
denovo118 C23_AY239375 323 (548.5)
denovo118 C37_AY258481 327 (542.0)
denovo118 C1048_DQ068026 325 (544.5)
denovo118 C21.4_JF683326 323 (537.5)
denovo118 C21.5_JF683327 323 (537.5)
denovo118 C1070_DQ335349 323 (549.0)
denovo118 C21.6_HQ630873 323 (537.5)
denovo118 C1224_EU074890 322 (563.5)
denovo118 C1.17_HE578990 322 (563.5)
denovo118 C21_b1_FN827162 320 (529.5)
denovo118 C21.9_JF683330 320 (538.5)
denovo118 C1085_AY624605 320 (559.5)
denovo118 C3p_GU907654 322 (549.5)
denovo118 C3f_AY589734 323 (558.0)
denovo118 C65a_AY589770 322 (554.5)
denovo118 C65_AY589769 322 (563.5)
denovo118 C71_AY589775 322 (554.5)
denovo118 C71a_AY589776 322 (545.5)
denovo118 C1178_AB294647 322 (540.5)
denovo118 C1225_EU074893 320 (558.5)
denovo118 C75_AY765410 326 (548.5)
denovo118 C21.10_JF683331 324 (531.0)
denovo118 C21.11_HQ630874 324 (531.0)
denovo118 C1065_DQ335388 323 (558.0)
denovo118 C1045_DQ068036 323 (567.0)
denovo118 C1h_AY258473 340 (546.5)
denovo118 C38_AY258482 342 (543.0)
denovo118 C1202_EU099799 341 (541.0)
denovo118 C7_AF499797 341 (550.0)
denovo118 C12_AF499801 343 (539.5)
denovo118 C38a_AY258483 342 (548.5)
denovo118 C1200_EU099800 332 (548.0)
denovo118 C44a_AY589751 323 (557.5)
denovo118 C47_AY589752 325 (562.5)
denovo118 C44_AY589750 325 (553.5)
denovo118 C1.15_HE578988 322 (554.5)
denovo118 C45.3_FJ461522 325 (553.5)
denovo118 C46a_AY765405 325 (562.5)
denovo118 C46_EU449108 325 (553.5)
denovo118 C3.12_FJ461507 326 (557.0)
denovo118 C1k_AY589733 325 (544.5)
denovo118 C67_AY686647 325 (553.5)
denovo118 C82a_GU907659 322 (555.0)
denovo118 C10a_AY589739 325 (553.5)
denovo118 C10_AF499799 325 (544.5)
denovo118 C13_AY589740 327 (547.5)
denovo118 C4_AF499794 325 (544.5)
denovo118 C1147_EF656433 325 (544.5)
denovo118 C1c/C45_AY239364 325 (553.5)
denovo118 C1c/C45_EU449103 325 (553.5)
denovo118 C21.19_HE579031 323 (537.5)
denovo118 C21.21_HE579033 323 (528.5)
denovo118 C21.20_HE579032 323 (537.5)
denovo118 C42b_AY765403 325 (545.0)
denovo118 C42_AY258487 325 (545.0)
denovo118 C1p_GU907652 322 (545.5)
denovo118 C1d_AY258488 325 (535.5)
denovo118 C42_AY765402 325 (544.5)
denovo118 C3ha_AY589736 323 (528.5)
denovo118 C63a_AY589767 325 (545.5)
denovo118 C21a_AY589744 323 (537.5)
denovo118 C3o_GU907653 323 (537.0)
denovo118 C21.16_HQ630875 323 (537.0)
denovo118 C21.2_JF683324 323 (528.5)
denovo118 C21.7_JF683328 322 (535.0)
denovo118 C21.8_JF683329 323 (537.5)
denovo118 C3h_AY239365 323 (537.5)
denovo118 C1203_EU099798 323 (528.5)
denovo118 C3.10_FJ461505 323 (567.0)
denovo118 C21.14_FJ461516 323 (546.5)
denovo118 C21.18_HE579030 327 (529.0)
denovo118 C3.17_HE579005 323 (549.0)
denovo118 C3.9_FJ461504 323 (546.0)
denovo118 C3.8_FJ461503 323 (558.0)
denovo118 C3.7_FJ461502 323 (558.0)
denovo118 C3.11_FJ461506 330 (560.5)
denovo118 C3.18_HE579006 323 (549.0)
denovo118 C3.19_HE579007 323 (549.0)
denovo118 C3.20_HE579008 323 (549.0)
denovo118 C3g_AY589735 326 (550.0)
denovo118 C3a_AF499790 321 (561.0)
denovo118 C3e_AF499793 323 (549.0)
denovo118 C6_AF499796 330 (551.0)
denovo118 C11_AF499800 323 (549.0)
denovo118 C36_AY258480 323 (549.0)
denovo118 C29_AY258494 323 (567.0)
denovo118 C1146_EF656434 323 (549.0)
denovo118 C1190_EU099841 323 (567.0)
denovo118 C131_JF320826 323 (558.0)
denovo118 C28_AY239380 328 (557.0)
denovo118 C1012_DQ480604 323 (549.0)
denovo118 C1181_AB294640 323 (552.0)
denovo118 C1180_AB294641 323 (543.0)
denovo118 C1179_AB294645 324 (536.0)
denovo118 C1176_AB294651 321 (546.0)
denovo118 C1175_AB294653 323 (534.0)
denovo118 C1174_AB294655 325 (539.5)
denovo118 C1177_AB294659 323 (542.5)
denovo118 C1040_AB190269 325 (554.5)
denovo118 C1182_AB294649 323 (549.0)
denovo118 C1089_AJ278598 323 (549.0)
denovo118 C1028_DQ335357 330 (560.0)
denovo118 C3.16_EU786015 323 (558.0)
denovo118 C1097_AJ311943 324 (547.5)
denovo118 C1170_AB294661 323 (543.0)
denovo118 C21.17_HE579029 323 (539.5)
denovo118 C21/3d/C3k_AY239372 323 (537.5)
denovo118 C58_AY589762 321 (537.5)
denovo118 C3L_AY589738 326 (553.5)
denovo118 C1169_AB294660 323 (543.0)
denovo118 C3.2_FJ461497 323 (552.0)
denovo118 C3.1_JF683321 322 (557.5)
denovo118 C1104_AF427469 324 (557.5)
denovo118 C3b_AF499791 323 (561.0)
denovo118 C83_GU907661 323 (560.5)
denovo118 C49_AY589754 356 (567.5)
denovo118 C3_AB778606 323 (558.0)
denovo118 C3_AF499789 323 (558.0)
denovo118 C3_HE579001 323 (558.0)
denovo118 C21.12_FJ461514 323 (519.5)
denovo118 C1229_EU074888 319 (559.0)
denovo118 C1230_EU074889 319 (559.0)
denovo118 C1114_AB207196 323 (540.0)
denovo118 C3.21_HE579009 312 (519.0)
denovo118 C1057_DQ480619 323 (549.0)
denovo118 C72_AY765407 319 (545.0)
denovo118 C1b.3_HE578999 322 (539.5)
denovo118 C93_AJ621536 323 (558.0)
denovo118 C94_AJ621539 322 (554.5)
denovo118 C1g_AY589730 322 (563.5)
denovo118 C1i_AY589731 319 (556.0)
denovo118 C1j_AY589732 329 (556.5)
denovo118 C1005_DQ480633 322 (545.5)
denovo118 C1.7_FJ461494 322 (545.5)
denovo118 C1.11_HE578984 326 (549.0)
denovo118 C1.12_HE578985 322 (545.5)
denovo118 C1.13_HE578986 323 (549.0)
denovo118 C1.14_HE578987 322 (554.5)
denovo118 C1.18_HE578991 322 (563.5)
denovo118 C1.19_HE578992 322 (554.0)
denovo118 C1199_EU099802 321 (555.0)
denovo118 C1188_EU099838 322 (554.5)
denovo118 C1002_DQ838544 323 (558.0)
denovo118 C1198_EU099810 322 (545.5)
denovo118 C24_AY239376 322 (545.5)
denovo118 C1f_AY258490 322 (554.5)
denovo118 C1006_DQ480629 322 (563.5)
denovo118 C1010_DQ480607 322 (545.5)
denovo118 C1007_DQ480624 322 (545.5)
denovo118 C1011_DQ480605 322 (545.5)
denovo118 C1009_DQ480608 326 (547.5)
denovo118 C1041_AY186548 322 (554.5)
denovo118 C1052_AY186570 322 (545.5)
denovo118 C1148_EU040178 322 (554.5)
denovo118 C1234_EU118165 323 (544.5)
denovo118 C1.5_EF634157 322 (554.5)
denovo118 C1059_DQ480609 322 (545.5)
denovo118 C1228_EU074883 322 (545.5)
denovo118 C1208_EU074963 322 (545.5)
denovo118 C1207_EU074964 322 (554.5)
denovo118 C1206_EU074965 322 (545.5)
denovo118 C1013_DQ480642 320 (558.5)
denovo118 C80_GU907656 336 (551.5)
denovo118 C1a_AF499788 322 (554.5)
denovo118 C41_AY258486 322 (554.5)
denovo118 C39_AY258484 311 (552.0)
denovo118 C1231_EU074878 322 (554.5)
denovo118 C1b.1_HE578997 322 (548.5)
denovo118 C18_AY258478 322 (554.5)
denovo118 C1.10_HE578983 321 (549.0)
denovo118 C1_JN558041 322 (554.5)
denovo118 C1_HE578979 322 (554.5)
denovo118 C1_AM748551 322 (554.5)
denovo118 C1_AF333515 322 (554.5)
denovo118 C1054_AY186565 321 (558.0)
denovo118 C1008_DQ480613 322 (545.5)
denovo118 C1103_AF427470 323 (554.0)
denovo118 C1226_EU074881 323 (544.5)
denovo118 C1b/C1e_AY239363 322 (548.5)
denovo118 C1044_DQ068038 322 (539.5)
denovo118 C1017_DQ174729 323 (538.5)
denovo118 C1.6_FJ461493 322 (554.5)
denovo118 C1b.2_HE578998 322 (548.5)
denovo118 C1060_DQ480600 322 (554.5)
denovo118 C1227_EU074882 322 (554.5)
denovo118 C1197_EU099814 322 (545.5)
denovo118 C1130_DQ480643 301 (503.0)
denovo118 D109_AB097465 351 (377.0)
denovo118 D1.11_HE579040 349 (373.0)
denovo118 D105_AF174570 349 (363.5)
denovo118 D104_AF174572 348 (371.0)
denovo118 D1.3_JF683337 349 (364.0)
denovo118 D1.10_HE579039 351 (369.5)
denovo118 D110_AF174561 351 (369.5)
denovo118 D117_AF174542 349 (364.0)
denovo118 D114_AF174549 349 (373.0)
denovo118 D113_AF174557 351 (369.5)
denovo118 D112_AF174558 351 (378.5)
denovo118 D106_AF174559 367 (373.0)
denovo118 D111_AF174560 351 (379.0)
denovo118 D115_AF174562 349 (373.0)
denovo118 D107_AF174568 349 (373.0)
denovo118 D116_AF174571 365 (358.0)
denovo118 D124_EU074897 351 (378.5)
denovo118 D1.8_HE579037 349 (373.0)
denovo118 D3_AY686650 349 (373.0)
denovo118 D1.6_HQ630881 349 (364.0)
denovo118 D120_EU074900 351 (369.5)
denovo118 D121_EU074904 365 (367.0)
denovo118 D122_EU074905 349 (364.0)
denovo118 D1a.2_JF683339 361 (375.0)
denovo118 D1a.1_JF683338 351 (378.5)
denovo118 D2_AY686649 591 (447.0)
denovo118 D4_DQ865214 352 (378.0)
denovo118 D1a_AF499802 351 (378.5)
denovo118 D1a_JN558078 351 (378.5)
denovo118 D123_EU074895 361 (373.0)
denovo118 D108_AF174567 357 (370.0)
denovo118 D103_AF174575 349 (373.0)
denovo118 D100_AF411415 355 (364.5)
denovo118 D118_EF656435 351 (387.5)
denovo118 D101_AF411416 362 (354.5)
denovo118 D119_EU099832 352 (355.5)
denovo118 D102_AF174573 359 (370.5)
denovo118 D1_AF334660 349 (373.0)
denovo118 D1_JN558076 349 (373.0)
denovo118 D1.12_HE579041 336 (372.0)
denovo118 D1.1_AM748564 431 (402.5)
denovo118 D1.2_AM748617 423 (397.0)
denovo118 E111_EU074915 344 (387.5)
denovo118 E110_EU074914 344 (378.5)
denovo118 E114_EU074909 347 (369.5)
denovo118 E1_AF334659 345 (368.5)
denovo118 E105_EU074921 344 (378.5)
denovo118 E112_EU074916 344 (369.5)
denovo118 E104_EU074922 342 (380.5)
denovo118 E102_EU074924 344 (378.5)
denovo118 E103_EU074923 344 (378.5)
denovo118 E101_AY160123 350 (356.0)
denovo118 E109_EU074913 353 (396.5)
denovo118 E100_DQ011618 358 (400.5)
denovo118 E108_EU074912 356 (403.5)
denovo118 E113_EU074908 352 (413.5)
denovo118 E107_EU074910 356 (403.5)
denovo118 F1_JN558066 344 (548.0)
denovo118 F5.2d_AJ291530 336 (558.5)
denovo118 F104_AJ291531 336 (558.5)
denovo118 F5.2c_AM748596 336 (550.0)
denovo118 F5.2_AM748594 336 (549.5)
denovo118 F5.2a_AM748614 336 (549.5)
denovo118 F5.2b_AM748595 336 (549.5)
denovo118 F5.2e_AJ291533 340 (558.5)
denovo118 F5.2g_JN558072 343 (552.0)
denovo118 F5.2f_AJ291512 343 (552.0)
denovo118 F102_AJ291534 350 (554.0)
denovo118 F5.1c_AM748593 342 (560.0)
denovo118 F5.1d_JN558069 342 (549.5)
denovo118 F5.1b_AJ291535 342 (585.5)
denovo118 F5.1_AM748592 342 (576.5)
denovo118 F5.1a_AM748591 342 (585.5)
denovo118 F110_AJ291526 322 (599.0)
denovo118 F4.7_AM748587 328 (593.5)
denovo118 F4.5_AM748585 320 (593.0)
denovo118 F4.4a_AM748583 319 (618.5)
denovo118 F4.4_AM748582 320 (610.0)
denovo118 F4.4b_AM748584 317 (628.5)
denovo118 F4.1a_AM748573 322 (572.0)
denovo118 F112_AJ291528 320 (567.5)
denovo118 F4.1_AM748572 320 (567.5)
denovo118 F4.8b_AM748590 326 (618.5)
denovo118 F4.8_AM748588 316 (616.0)
denovo118 F4.8a_AM748589 317 (619.0)
denovo118 F109_AJ291527 322 (611.5)
denovo118 F4.6_AM748586 320 (576.5)
denovo118 F111_AJ311949 315 (594.0)
denovo118 F4.3c_AM748581 316 (606.0)
denovo118 F4.3a_AM748579 316 (615.0)
denovo118 F4.3b_AM748580 316 (615.0)
denovo118 F4.3_AM748578 316 (606.0)
denovo118 F4.2_AM748574 323 (629.5)
denovo118 F4.2a_AM748575 321 (609.5)
denovo118 F4.2c_AM748577 321 (606.0)
denovo118 F4.2b_AM748576 321 (618.5)
denovo118 F2b_AJ291521 336 (592.5)
denovo118 F2_AJ830908 332 (591.0)
denovo118 F2a_AJ830911 332 (586.5)
denovo118 F3.1a_AM748566 343 (544.5)
denovo118 F114_AJ291525 340 (554.0)
denovo118 F3.1_AM748565 340 (554.0)
denovo118 F3.2_AM748567 344 (564.5)
denovo118 F3.2a_AM748568 337 (562.5)
denovo118 F3.3_AM748569 339 (583.0)
denovo118 F3.4a_AM748571 338 (518.5)
denovo118 F3.4_AM748570 338 (524.5)
denovo118 F3.4b_AM748616 338 (524.5)
denovo118 G101_AJ291539 360 (403.0)
denovo118 G1_AM748597 360 (403.0)
denovo118 G2b_JN558087 365 (392.0)
denovo118 G2_AM748598 365 (392.0)
denovo118 G2a_AM748599 365 (383.0)
denovo118 G4_AM748601 359 (453.5)
denovo118 G3.4_LK392378 349 (414.0)
denovo118 G3_AM748600 365 (407.5)
denovo118 G3.2_KC597694 338 (377.5)
denovo118 G3.1_KC597688 359 (426.0)
denovo118 G100_AB253788 347 (418.5)
denovo118 G3.3_LK392377 348 (420.5)
denovo118 H6_AJ291520 642 (286.5)
denovo118 H3_AM748606 300 (521.5)
denovo118 H2_AM748605 316 (541.0)
denovo118 H4_AM748607 310 (536.0)
denovo118 H4a_AM748608 318 (528.5)
denovo118 H5a_AM748611 311 (528.5)
denovo118 H5b_AM748610 313 (524.0)
denovo118 H5_AJ621129 316 (525.5)
denovo118 H5_AM748609 316 (525.5)
denovo118 H100_AJ291513 315 (521.0)
denovo118 H1b_AM748604 315 (525.0)
denovo118 H1a_AM748612 315 (534.0)
denovo118 H1_AJ621152 315 (534.0)
denovo118 H1_AM748602 315 (534.0)
denovo118 I3_FN561561 343 (607.5)
denovo118 I4_FN561562 343 (607.5)
denovo118 I1_FN561559 334 (600.0)
denovo118 I2_FN561560 351 (612.5)

#---------------------------------------
#---------------------------------------
