denovo208 A136_DQ865210 326 (516.0)
denovo208 A133_DQ174725 325 (521.0)
denovo208 A115_AF180123 333 (489.0)
denovo208 A117_AF201746 319 (534.5)
denovo208 A134_DQ174723 318 (540.0)
denovo208 A114_AF184941 319 (534.5)
denovo208 A135_DQ174727 329 (518.5)
denovo208 A2_AF333506 330 (527.0)
denovo208 A101_AF427468 329 (527.5)
denovo208 A2_1_JN558097 329 (527.5)
denovo208 A2_2_JN558100 329 (527.5)
denovo208 A113_AF184948 332 (513.0)
denovo208 A112_AF184949 326 (523.5)
denovo208 A123_EF378618 326 (365.0)
denovo208 A137_EF378621 325 (354.5)
denovo208 A11_EU449041 320 (522.5)
denovo208 A121_DQ174722 322 (512.0)
denovo208 A15b_EU792886 318 (487.0)
denovo208 A15a_EU792885 320 (502.0)
denovo208 A15c_EU792887 318 (505.0)
denovo208 A15_EU792884 318 (496.0)
denovo208 A147_EU074937 318 (514.0)
denovo208 A154_EU074860 318 (496.0)
denovo208 A146_EU074936 319 (507.0)
denovo208 A150_EU074928 319 (525.0)
denovo208 A116_AF183575 319 (525.0)
denovo208 A141_EU074931 319 (516.0)
denovo208 A5_AF333508 318 (528.0)
denovo208 A3b_EU449043 318 (523.0)
denovo208 A151_EU074925 318 (514.0)
denovo208 A152_EU074927 314 (511.5)
denovo208 A149_EU074929 315 (513.5)
denovo208 A140_EU074930 318 (505.0)
denovo208 A142_EU074932 318 (505.0)
denovo208 A143_EU074933 326 (519.0)
denovo208 A144_EU074934 318 (514.0)
denovo208 A145_EU074935 318 (521.5)
denovo208 A148_EU074938 318 (514.0)
denovo208 A155_EU074856 326 (510.0)
denovo208 A156_EU074859 318 (505.0)
denovo208 A139_EU074962 318 (505.0)
denovo208 A6_AF186058 318 (514.0)
denovo208 A3_AF333507 318 (514.0)
denovo208 A3_JN558091 318 (514.0)
denovo208 A8_AY258468 319 (507.5)
denovo208 A7_AY239360 318 (523.0)
denovo208 A16_EU792888 319 (524.5)
denovo208 A4.3_FN429763 326 (523.0)
denovo208 A120_AF180122 322 (520.0)
denovo208 A4.2_FN429761 324 (523.0)
denovo208 A4_AF333509 324 (542.0)
denovo208 A4.1_FN429760 323 (537.0)
denovo208 A4a_AF499778 324 (542.5)
denovo208 A4a.1_FN429762 324 (542.5)
denovo208 A138_EF378620 323 (493.5)
denovo208 A122_EF378619 322 (530.5)
denovo208 A126_EF378615 321 (531.5)
denovo208 A10_EU792882 321 (531.5)
denovo208 A9_EU449028 323 (522.5)
denovo208 A105_AB207202 322 (519.5)
denovo208 A119_AF180121 311 (530.5)
denovo208 A12_EU792883 321 (526.5)
denovo208 A104_AB207203 321 (525.5)
denovo208 A1a_EU449030 321 (527.0)
denovo208 A1.3_HE578976 324 (525.0)
denovo208 A1.4_HE578977 325 (528.0)
denovo208 A13_AF333504 324 (525.0)
denovo208 A13_JN558094 324 (525.0)
denovo208 A110_AB190282 320 (523.5)
denovo208 A103_AB207206 323 (531.5)
denovo208 A130_EF656428 323 (522.5)
denovo208 A127_EF656429 321 (535.5)
denovo208 A128_EF656430 323 (522.5)
denovo208 A129_EF656431 324 (525.5)
denovo208 A131_EF656432 323 (531.5)
denovo208 A118_AF180120 316 (521.0)
denovo208 A1_AF333505 323 (531.5)
denovo208 A107_AB207199 321 (534.5)
denovo208 A111_AB190280 321 (534.5)
denovo208 A108_AB207197 322 (504.0)
denovo208 A106_AB207200 321 (533.0)
denovo208 A102_AB207209 321 (525.5)
denovo208 A1.2_AB207210 321 (525.5)
denovo208 A109_AB190285 321 (534.5)
denovo208 B4_AF333510 316 (669.0)
denovo208 B23_EU449079 312 (599.5)
denovo208 B30_GU907644 321 (598.5)
denovo208 B11_AY239361 314 (640.5)
denovo208 B17_AY258470 327 (633.0)
denovo208 B1k_GU907638 291 (303.0)
denovo208 B1.V_Green2014 328 (602.5)
denovo208 B1b_AF499780 309 (612.5)
denovo208 B16_AY258469 317 (632.0)
denovo208 B31a_GU907646 318 (642.5)
denovo208 B32_GU907647 320 (631.0)
denovo208 B31_GU907645 320 (640.0)
denovo208 B1j_GU907637 320 (649.0)
denovo208 B37_GU907650 329 (641.0)
denovo208 B5a_AF499782 319 (636.5)
denovo208 B5_AF499781 319 (645.5)
denovo208 B24_GU907643 320 (516.0)
denovo208 B117_AF180124 312 (633.5)
denovo208 B10_AF499787 319 (646.5)
denovo208 B20_GU907642 321 (648.0)
denovo208 B1m_GU907640 320 (649.0)
denovo208 B34_GU907649 320 (649.0)
denovo208 B1d_GU907633 320 (649.5)
denovo208 B1e_GU907634 320 (649.5)
denovo208 B1i_GU907636 320 (649.0)
denovo208 B1g_GU907635 323 (635.5)
denovo208 B123_EU074872 320 (640.5)
denovo208 B8_AF499785 321 (639.5)
denovo208 B1l_GU907639 320 (640.0)
denovo208 B1a_AF499779 320 (649.0)
denovo208 B14_AY239362 321 (630.0)
denovo208 B125_EU074865 320 (649.0)
denovo208 B122_EU074871 320 (640.0)
denovo208 B124_EU074874 320 (640.0)
denovo208 B1.VII_Green2014 320 (570.0)
denovo208 B1.III_Green2014 316 (620.5)
denovo208 B1.I_Green2014 320 (649.0)
denovo208 B1.II_Green2014 320 (649.0)
denovo208 B1_JN558057 320 (649.0)
denovo208 B1_AF333511 320 (649.0)
denovo208 B1.IV_Green2014 331 (647.5)
denovo208 B121_EU074870 321 (651.0)
denovo208 B7_AF499784 320 (658.0)
denovo208 B1.VI_Green2014 318 (643.5)
denovo208 B3_AF333514 314 (644.0)
denovo208 B9_AF499786 308 (635.5)
denovo208 B19a_JN558055 311 (591.0)
denovo208 B119_EU099825 323 (579.0)
denovo208 B21_DQ865213 307 (620.0)
denovo208 B38_GU907651 307 (620.0)
denovo208 B18_AY258471 314 (635.0)
denovo208 B18a_AY258472 314 (626.0)
denovo208 B33_GU907648 312 (620.0)
denovo208 B6_AF499783 315 (629.5)
denovo208 B19_DQ865212 310 (632.5)
denovo208 B19_GU907641 310 (632.5)
denovo208 B2_AF333512 310 (641.5)
denovo208 B2_JN558060 310 (641.5)
denovo208 C33.1_AY258498 300 (1201.5)
denovo208 C33.2_AY765400 300 (1201.5)
denovo208 C33a_EF541147 300 (1201.5)
denovo208 C34_AY258499 300 (1219.5)
denovo208 C78_AY765413 300 (1183.5)
denovo208 C15.29_KC597690 302 (1197.5)
denovo208 C1131_DQ182650 300 (1128.5)
denovo208 C1135_DQ182646 300 (1119.5)
denovo208 C1134_DQ182647 300 (1119.5)
denovo208 C1142_DQ182635 300 (1128.5)
denovo208 C1136_DQ182644 300 (1090.0)
denovo208 C1111_DQ182645 300 (1090.0)
denovo208 C1236_EF473656 300 (1099.0)
denovo208 C1138_DQ182642 300 (1099.0)
denovo208 C1137_DQ182643 300 (1099.0)
denovo208 C1133_DQ182648 300 (1099.0)
denovo208 C1132_DQ182649 300 (1099.0)
denovo208 C1143_DQ182634 300 (1108.0)
denovo208 C1139_DQ182639 300 (1137.5)
denovo208 C15.28_KC597687 300 (1183.5)
denovo208 C1141_DQ182636 300 (1146.5)
denovo208 C1144_DQ182637 300 (1137.5)
denovo208 C1122_DQ182654 300 (1146.5)
denovo208 C1127_DQ182652 300 (1146.5)
denovo208 C15.30_JX394114 300 (1210.5)
denovo208 C15.26_KC597686 300 (1201.5)
denovo208 C1086_DQ182656 300 (1201.5)
denovo208 C15.25_KC597685 300 (1210.5)
denovo208 C1118_AF180127 300 (1107.5)
denovo208 C1129_DQ182651 300 (1173.5)
denovo208 C15.21_KC597683 300 (1201.5)
denovo208 C56_AY589760 300 (1210.5)
denovo208 C1140_DQ182638 300 (1173.5)
denovo208 C1126_DQ182653 300 (1164.5)
denovo208 C15c_AY258492 300 (1219.5)
denovo208 C15d_AY258493 300 (1210.5)
denovo208 C1098_DQ182641 300 (1190.0)
denovo208 C15.27_KC597689 300 (1219.5)
denovo208 C15.18_HE579024 300 (1219.5)
denovo208 C15.16_HE579022 300 (1219.5)
denovo208 C1101_AB253787 300 (1219.5)
denovo208 C1083_AY237300 300 (1219.5)
denovo208 C1088_DQ182640 300 (1228.5)
denovo208 C15.6_FN563472 300 (1228.5)
denovo208 C15.5_FJ461512 300 (1228.5)
denovo208 C15.4_FJ461511 300 (1237.5)
denovo208 C15.13_HE579019 300 (1219.5)
denovo208 C15.12_HE579018 300 (1228.5)
denovo208 C93a_AM748563 300 (1237.5)
denovo208 C1094_AJ291514 300 (1219.5)
denovo208 C93_AM748562 300 (1228.5)
denovo208 C15.17_HE579023 300 (1213.5)
denovo208 C15e_AY589742 299 (1229.0)
denovo208 C15.22_KC597695 300 (1228.5)
denovo208 C60_AY589764 300 (1228.5)
denovo208 C15.1_FJ461508 300 (1228.5)
denovo208 C15.2_FJ461509 300 (1228.5)
denovo208 C15.9_FN563475 300 (1228.5)
denovo208 C15.7_HE579015 300 (1228.5)
denovo208 C15.8_HE579016 300 (1228.5)
denovo208 C15.15_HE579021 300 (1228.5)
denovo208 C15.19_HE579025 300 (1228.5)
denovo208 C15.24_KC597696 300 (1219.5)
denovo208 C15.3_FJ461510 300 (1237.5)
denovo208 C1087_DQ182655 300 (1228.5)
denovo208 C15.14_HE579020 301 (1218.5)
denovo208 C15.23_KC597697 301 (1218.5)
denovo208 C19_AY258479 300 (1222.5)
denovo208 C1233_EU118166 300 (1228.5)
denovo208 C15b_AY258491 300 (1228.5)
denovo208 C15a_AY258476 300 (1246.5)
denovo208 C1051_AF195153 300 (1246.5)
denovo208 C2_AF333518 301 (1236.5)
denovo208 C15.20_HE579026 301 (1227.5)
denovo208 C15f_AY589743 301 (1227.5)
denovo208 C55_AY589759 304 (1226.0)
denovo208 C15_AY239369 300 (1237.5)
denovo208 C32.1_JF683335 300 (1090.0)
denovo208 C32.2_JF683336 300 (1098.5)
denovo208 C21.23_KC597693 300 (1098.5)
denovo208 C1193_EU099827 301 (1200.5)
denovo208 C1195_EU099821 308 (1179.0)
denovo208 C3q_GU907655 301 (1161.5)
denovo208 C53_AY589758 300 (1219.5)
denovo208 C73_AY765408 305 (1177.5)
denovo208 C17.2.1_KC597684 302 (1175.0)
denovo208 C32_AY258497 300 (1198.5)
denovo208 C1189_EU099831 300 (1198.5)
denovo208 C1191_EU099833 300 (1189.5)
denovo208 C1196_EU099819 300 (1198.5)
denovo208 C1192_EU099820 300 (1198.5)
denovo208 C17.1_JF683322 300 (1207.5)
denovo208 C26_b2_FN827164 301 (1197.5)
denovo208 C26_b3_FN827165 301 (1188.5)
denovo208 C31.9_HQ630879 303 (1187.0)
denovo208 C31a_AY589746 303 (1183.5)
denovo208 C30_AY589745 303 (1183.5)
denovo208 C31.1_HQ630876 303 (1183.5)
denovo208 C31.5_HQ630877 303 (1183.5)
denovo208 C31.6_HQ630878 303 (1183.5)
denovo208 C31.2_JF683332 303 (1183.5)
denovo208 C31.3_JF683333 303 (1183.5)
denovo208 C26/C35a_AY239378 301 (1197.5)
denovo208 C35a_AY258501 301 (1197.5)
denovo208 C35.2_AY258500 301 (1206.5)
denovo208 C26_b1_FN827163 301 (1206.5)
denovo208 C17_AY239370 300 (1216.5)
denovo208 C17.2_FJ461513 302 (1206.0)
denovo208 C31.10_HQ630880 303 (1196.0)
denovo208 C31.4_JF683334 307 (1181.0)
denovo208 C31_AY258496 303 (1192.5)
denovo208 C25_AY239377 302 (1209.5)
denovo208 C61_AY589765 300 (1167.5)
denovo208 C1043_DQ072721 300 (1214.5)
denovo208 C79_AY765414 300 (1237.5)
denovo208 C69_AY589773 288 (1174.5)
denovo208 C69a_AY686648 288 (1165.5)
denovo208 C21.22_KC597692 300 (1189.5)
denovo208 C51_AY589756 300 (1228.5)
denovo208 C1aa_HM185739 300 (1193.5)
denovo208 C1096_DQ068023 299 (1232.0)
denovo208 C74_AY765409 301 (1219.0)
denovo208 C1185_AB294629 301 (1219.0)
denovo208 C1184_AB294630 301 (1219.0)
denovo208 C1153_AB294625 301 (1219.0)
denovo208 C1154_AB294626 301 (1219.0)
denovo208 C1187_AB294627 301 (1219.0)
denovo208 C1186_AB294628 301 (1219.0)
denovo208 C57_AY589761 301 (1228.0)
denovo208 C66_AY589771 301 (1228.0)
denovo208 C5_AF499795 300 (1228.5)
denovo208 C1167_AB294586 300 (1237.5)
denovo208 C1164_AB294593 300 (1237.5)
denovo208 C1183_AB294631 300 (1237.5)
denovo208 C1067_DQ335381 300 (1246.5)
denovo208 C1159_AB294613 301 (1218.5)
denovo208 C1150_AB294622 301 (1227.5)
denovo208 C90_AM748554 302 (1254.0)
denovo208 C1168_AB294583 300 (1237.5)
denovo208 C1156_AB294616 300 (1237.5)
denovo208 C1151_AB294621 300 (1255.5)
denovo208 C92a_AM748561 300 (1237.5)
denovo208 C92_AM748560 300 (1246.5)
denovo208 C1165_AB294581 300 (1246.5)
denovo208 C1166_AB294584 300 (1246.5)
denovo208 C1162_AB294594 300 (1246.5)
denovo208 C1163_AB294596 300 (1246.5)
denovo208 C1161_AB294606 300 (1255.5)
denovo208 C1160_AB294608 300 (1246.5)
denovo208 C1158_AB294614 300 (1255.5)
denovo208 C1155_AB294617 300 (1246.5)
denovo208 C1149_AB294620 300 (1246.5)
denovo208 C1173_AB294662 300 (1246.5)
denovo208 C1171_AB294663 300 (1246.5)
denovo208 C1172_AB294665 300 (1246.5)
denovo208 C91a_AM748556 300 (1246.5)
denovo208 C91b_AM748557 300 (1246.5)
denovo208 C91d_AM748559 300 (1246.5)
denovo208 C91c_AM748558 300 (1246.5)
denovo208 C91_AJ621543 300 (1255.5)
denovo208 C91_AM748555 300 (1255.5)
denovo208 C1023_DQ335330 277 (1111.5)
denovo208 C1020_DQ335392 300 (1255.5)
denovo208 C1018_DQ335408 300 (1255.5)
denovo208 C1074_DQ335329 300 (1255.5)
denovo208 C1030_DQ335353 300 (1255.5)
denovo208 C1022_DQ335331 300 (1255.5)
denovo208 C1027_DQ335360 300 (1255.5)
denovo208 C1072_DQ335344 300 (1255.5)
denovo208 C1039_AB190274 300 (1255.5)
denovo208 C1033_DQ335350 305 (1252.5)
denovo208 C1019_DQ335407 300 (1264.5)
denovo208 C1194_EU099826 300 (1204.5)
denovo208 C8b_AY258475 300 (1204.5)
denovo208 C8_AY239367 300 (1228.5)
denovo208 C8a_AY239368 300 (1219.5)
denovo208 C54a_AY765406 300 (1255.5)
denovo208 C3ff_HM185740 300 (1246.5)
denovo208 C59_AY589763 302 (1227.0)
denovo208 C3k_AY589737 300 (1246.5)
denovo208 C3.24_HE579012 300 (1228.5)
denovo208 C3.23_HE579011 300 (1237.5)
denovo208 C35.1_AY765401 300 (1246.5)
denovo208 C35.3_EF541145 300 (1255.5)
denovo208 C76_AY765411 300 (1216.5)
denovo208 C1107_DQ335359 300 (1214.5)
denovo208 C3.22_HE579010 302 (1236.0)
denovo208 C77_AY765412 302 (1221.0)
denovo208 C20_AY239371 300 (1246.5)
denovo208 C1055_DQ480640 301 (1236.5)
denovo208 C27/C30_AY239379 301 (1197.5)
denovo208 C27.1_FJ461517 301 (1188.5)
denovo208 C40a_AY589747 300 (1255.5)
denovo208 C40_AY258485 300 (1264.5)
denovo208 C40b_AY589748 301 (1254.5)
denovo208 C16_AY258477 300 (1255.5)
denovo208 C16a_AY765399 300 (1255.5)
denovo208 C1091_AB207186 300 (1246.5)
denovo208 C1102_DQ335400 300 (1237.5)
denovo208 C1069_DQ335375 300 (1246.5)
denovo208 C1073_DQ335332 300 (1246.5)
denovo208 C1066_DQ335382 300 (1237.5)
denovo208 C1031_DQ335352 300 (1255.5)
denovo208 C1026_DQ335366 300 (1264.5)
denovo208 C70_AY589774 300 (1264.5)
denovo208 C1082_AB190267 300 (1246.5)
denovo208 C1078_AB190271 300 (1246.5)
denovo208 C1090_AB207191 300 (1246.5)
denovo208 C1071_DQ335302 300 (1255.5)
denovo208 C1075_DQ335328 300 (1246.5)
denovo208 C1068_DQ335379 300 (1255.5)
denovo208 C1064_DQ335395 300 (1246.5)
denovo208 C1063_DQ335403 300 (1246.5)
denovo208 C62_AY589766 300 (1255.5)
denovo208 C1077_DQ335316 301 (1245.5)
denovo208 C1109_DQ335338 300 (1246.5)
denovo208 C1110_DQ335340 300 (1237.5)
denovo208 C1106_DQ335339 300 (1228.5)
denovo208 C1112_DQ335319 300 (1237.5)
denovo208 C1108_DQ335351 300 (1228.5)
denovo208 C1105_DQ335394 300 (1237.5)
denovo208 C1121_DQ335378 300 (1219.5)
denovo208 C1116_AB190268 300 (1237.5)
denovo208 C1115_AB190273 300 (1228.5)
denovo208 C1124_DQ335323 300 (1219.5)
denovo208 C1120_DQ335398 300 (1219.5)
denovo208 C1119_DQ335404 300 (1219.5)
denovo208 C1123_DQ335363 300 (1228.5)
denovo208 C1004_DQ480635 300 (1237.5)
denovo208 C1061_AY186568 300 (1237.5)
denovo208 C1053_AY186569 300 (1246.5)
denovo208 C1003_DQ480639 300 (1246.5)
denovo208 C81_GU907657 284 (1179.5)
denovo208 C22_AY239373 295 (1276.0)
denovo208 C22a_AY239374 295 (1267.0)
denovo208 C1232_EU118163 300 (1246.5)
denovo208 C21.13_FJ461515 300 (1189.5)
denovo208 C21.1_JF683323 300 (1207.5)
denovo208 C21.3_JF683325 300 (1207.5)
denovo208 C1.20_HE578993 300 (1237.5)
denovo208 C1.22_HE578995 300 (1228.5)
denovo208 C52_AY589757 299 (1246.5)
denovo208 C1201_EU099793 301 (1219.0)
denovo208 C14_AY589741 300 (1213.5)
denovo208 C43_AY589749 300 (1228.5)
denovo208 C50_AY589755 300 (1264.5)
denovo208 C3.14_HQ630872 300 (1255.5)
denovo208 C1m_AY765398 300 (1246.5)
denovo208 C82_GU907658 300 (1228.5)
denovo208 C82b_GU907660 300 (1228.5)
denovo208 C64_AY589768 300 (1246.5)
denovo208 C45a_AY765404 300 (1228.5)
denovo208 C48_AY589753 302 (1254.0)
denovo208 C1_v1b_FJ919244 300 (1255.5)
denovo208 C1_v1a_FJ919243 300 (1255.5)
denovo208 C3j_AY239366 300 (1255.5)
denovo208 C3t_EF541149 300 (1255.5)
denovo208 C9_AF499798 300 (1237.5)
denovo208 C23_AY239375 300 (1246.5)
denovo208 C37_AY258481 300 (1246.5)
denovo208 C1048_DQ068026 300 (1237.5)
denovo208 C21.4_JF683326 300 (1207.5)
denovo208 C21.5_JF683327 300 (1216.5)
denovo208 C1070_DQ335349 300 (1255.5)
denovo208 C21.6_HQ630873 300 (1216.5)
denovo208 C1224_EU074890 300 (1246.5)
denovo208 C1.17_HE578990 300 (1255.5)
denovo208 C21_b1_FN827162 300 (1207.5)
denovo208 C21.9_JF683330 300 (1216.5)
denovo208 C1085_AY624605 300 (1255.5)
denovo208 C3p_GU907654 300 (1240.5)
denovo208 C3f_AY589734 300 (1264.5)
denovo208 C65a_AY589770 300 (1255.5)
denovo208 C65_AY589769 300 (1264.5)
denovo208 C71_AY589775 300 (1264.5)
denovo208 C71a_AY589776 300 (1255.5)
denovo208 C1178_AB294647 299 (1256.0)
denovo208 C1225_EU074893 300 (1255.5)
denovo208 C75_AY765410 300 (1255.5)
denovo208 C21.10_JF683331 300 (1207.5)
denovo208 C21.11_HQ630874 300 (1216.5)
denovo208 C1065_DQ335388 300 (1255.5)
denovo208 C1045_DQ068036 300 (1264.5)
denovo208 C1h_AY258473 300 (1255.5)
denovo208 C38_AY258482 300 (1264.5)
denovo208 C1202_EU099799 300 (1255.5)
denovo208 C7_AF499797 300 (1264.5)
denovo208 C12_AF499801 302 (1254.0)
denovo208 C38a_AY258483 301 (1245.5)
denovo208 C1200_EU099800 300 (1200.0)
denovo208 C44a_AY589751 300 (1246.5)
denovo208 C47_AY589752 300 (1237.5)
denovo208 C44_AY589750 300 (1246.5)
denovo208 C1.15_HE578988 300 (1255.5)
denovo208 C45.3_FJ461522 300 (1246.5)
denovo208 C46a_AY765405 300 (1237.5)
denovo208 C46_EU449108 300 (1246.5)
denovo208 C3.12_FJ461507 300 (1264.5)
denovo208 C1k_AY589733 300 (1246.5)
denovo208 C67_AY686647 300 (1246.5)
denovo208 C82a_GU907659 300 (1246.5)
denovo208 C10a_AY589739 300 (1237.5)
denovo208 C10_AF499799 300 (1246.5)
denovo208 C13_AY589740 306 (1234.0)
denovo208 C4_AF499794 300 (1246.5)
denovo208 C1147_EF656433 300 (1246.5)
denovo208 C1c/C45_AY239364 300 (1255.5)
denovo208 C1c/C45_EU449103 300 (1255.5)
denovo208 C21.19_HE579031 300 (1207.5)
denovo208 C21.21_HE579033 300 (1189.5)
denovo208 C21.20_HE579032 300 (1198.5)
denovo208 C42b_AY765403 300 (1228.5)
denovo208 C42_AY258487 300 (1237.5)
denovo208 C1p_GU907652 300 (1255.5)
denovo208 C1d_AY258488 300 (1237.5)
denovo208 C42_AY765402 300 (1246.5)
denovo208 C3ha_AY589736 300 (1207.5)
denovo208 C63a_AY589767 302 (1197.0)
denovo208 C21a_AY589744 300 (1216.5)
denovo208 C3o_GU907653 300 (1216.5)
denovo208 C21.16_HQ630875 300 (1225.5)
denovo208 C21.2_JF683324 300 (1216.5)
denovo208 C21.7_JF683328 300 (1216.5)
denovo208 C21.8_JF683329 300 (1216.5)
denovo208 C3h_AY239365 300 (1216.5)
denovo208 C1203_EU099798 300 (1216.5)
denovo208 C3.10_FJ461505 300 (1264.5)
denovo208 C21.14_FJ461516 300 (1216.5)
denovo208 C21.18_HE579030 306 (1204.0)
denovo208 C3.17_HE579005 300 (1264.5)
denovo208 C3.9_FJ461504 300 (1234.5)
denovo208 C3.8_FJ461503 300 (1264.5)
denovo208 C3.7_FJ461502 300 (1264.5)
denovo208 C3.11_FJ461506 300 (1264.5)
denovo208 C3.18_HE579006 300 (1264.5)
denovo208 C3.19_HE579007 300 (1264.5)
denovo208 C3.20_HE579008 300 (1264.5)
denovo208 C3g_AY589735 302 (1254.0)
denovo208 C3a_AF499790 300 (1273.5)
denovo208 C3e_AF499793 300 (1264.5)
denovo208 C6_AF499796 300 (1255.5)
denovo208 C11_AF499800 300 (1264.5)
denovo208 C36_AY258480 300 (1264.5)
denovo208 C29_AY258494 300 (1264.5)
denovo208 C1146_EF656434 300 (1264.5)
denovo208 C1190_EU099841 300 (1264.5)
denovo208 C131_JF320826 300 (1264.5)
denovo208 C28_AY239380 302 (1254.0)
denovo208 C1012_DQ480604 300 (1264.5)
denovo208 C1181_AB294640 299 (1265.0)
denovo208 C1180_AB294641 299 (1265.0)
denovo208 C1179_AB294645 299 (1265.0)
denovo208 C1176_AB294651 299 (1274.0)
denovo208 C1175_AB294653 299 (1265.0)
denovo208 C1174_AB294655 299 (1265.0)
denovo208 C1177_AB294659 299 (1265.0)
denovo208 C1040_AB190269 300 (1264.5)
denovo208 C1182_AB294649 300 (1264.5)
denovo208 C1089_AJ278598 300 (1264.5)
denovo208 C1028_DQ335357 300 (1264.5)
denovo208 C3.16_EU786015 300 (1264.5)
denovo208 C1097_AJ311943 301 (1254.5)
denovo208 C1170_AB294661 299 (1265.0)
denovo208 C21.17_HE579029 300 (1227.5)
denovo208 C21/3d/C3k_AY239372 300 (1225.5)
denovo208 C58_AY589762 301 (1215.5)
denovo208 C3L_AY589738 303 (1232.5)
denovo208 C1169_AB294660 299 (1274.0)
denovo208 C3.2_FJ461497 300 (1258.5)
denovo208 C3.1_JF683321 300 (1258.5)
denovo208 C1104_AF427469 301 (1263.5)
denovo208 C3b_AF499791 300 (1258.5)
denovo208 C83_GU907661 302 (1263.0)
denovo208 C49_AY589754 341 (1243.5)
denovo208 C3_AB778606 300 (1273.5)
denovo208 C3_AF499789 300 (1273.5)
denovo208 C3_HE579001 300 (1273.5)
denovo208 C21.12_FJ461514 300 (1207.5)
denovo208 C1229_EU074888 300 (1187.5)
denovo208 C1230_EU074889 300 (1196.5)
denovo208 C1114_AB207196 300 (1255.5)
denovo208 C3.21_HE579009 300 (1168.5)
denovo208 C1057_DQ480619 300 (1246.5)
denovo208 C72_AY765407 300 (1218.5)
denovo208 C1b.3_HE578999 300 (1240.5)
denovo208 C93_AJ621536 300 (1264.5)
denovo208 C94_AJ621539 300 (1255.5)
denovo208 C1g_AY589730 300 (1255.5)
denovo208 C1i_AY589731 300 (1246.5)
denovo208 C1j_AY589732 300 (1255.5)
denovo208 C1005_DQ480633 300 (1255.5)
denovo208 C1.7_FJ461494 300 (1255.5)
denovo208 C1.11_HE578984 300 (1255.5)
denovo208 C1.12_HE578985 300 (1255.5)
denovo208 C1.13_HE578986 300 (1255.5)
denovo208 C1.14_HE578987 300 (1264.5)
denovo208 C1.18_HE578991 300 (1255.5)
denovo208 C1.19_HE578992 300 (1255.5)
denovo208 C1199_EU099802 300 (1231.5)
denovo208 C1188_EU099838 300 (1246.5)
denovo208 C1002_DQ838544 300 (1264.5)
denovo208 C1198_EU099810 300 (1255.5)
denovo208 C24_AY239376 300 (1246.5)
denovo208 C1f_AY258490 300 (1255.5)
denovo208 C1006_DQ480629 300 (1255.5)
denovo208 C1010_DQ480607 300 (1255.5)
denovo208 C1007_DQ480624 300 (1255.5)
denovo208 C1011_DQ480605 300 (1255.5)
denovo208 C1009_DQ480608 300 (1255.5)
denovo208 C1041_AY186548 300 (1246.5)
denovo208 C1052_AY186570 300 (1264.5)
denovo208 C1148_EU040178 300 (1255.5)
denovo208 C1234_EU118165 301 (1245.5)
denovo208 C1.5_EF634157 300 (1255.5)
denovo208 C1059_DQ480609 300 (1255.5)
denovo208 C1228_EU074883 300 (1255.5)
denovo208 C1208_EU074963 300 (1255.5)
denovo208 C1207_EU074964 300 (1255.5)
denovo208 C1206_EU074965 300 (1264.5)
denovo208 C1013_DQ480642 300 (1255.5)
denovo208 C80_GU907656 310 (1250.5)
denovo208 C1a_AF499788 300 (1255.5)
denovo208 C41_AY258486 300 (1255.5)
denovo208 C39_AY258484 286 (1199.0)
denovo208 C1231_EU074878 300 (1255.5)
denovo208 C1b.1_HE578997 300 (1240.5)
denovo208 C18_AY258478 300 (1255.5)
denovo208 C1.10_HE578983 300 (1216.5)
denovo208 C1_JN558041 300 (1264.5)
denovo208 C1_HE578979 300 (1264.5)
denovo208 C1_AM748551 300 (1264.5)
denovo208 C1_AF333515 300 (1264.5)
denovo208 C1054_AY186565 301 (1254.5)
denovo208 C1008_DQ480613 300 (1255.5)
denovo208 C1103_AF427470 301 (1254.5)
denovo208 C1226_EU074881 301 (1254.5)
denovo208 C1b/C1e_AY239363 300 (1249.5)
denovo208 C1044_DQ068038 300 (1249.5)
denovo208 C1017_DQ174729 301 (1239.5)
denovo208 C1.6_FJ461493 300 (1255.5)
denovo208 C1b.2_HE578998 300 (1240.5)
denovo208 C1060_DQ480600 300 (1255.5)
denovo208 C1227_EU074882 300 (1255.5)
denovo208 C1197_EU099814 300 (1255.5)
denovo208 C1130_DQ480643 300 (1123.0)
denovo208 D109_AB097465 340 (529.5)
denovo208 D1.11_HE579040 326 (536.0)
denovo208 D105_AF174570 329 (535.5)
denovo208 D104_AF174572 331 (524.0)
denovo208 D1.3_JF683337 326 (536.0)
denovo208 D1.10_HE579039 326 (527.0)
denovo208 D110_AF174561 326 (527.5)
denovo208 D117_AF174542 326 (527.0)
denovo208 D114_AF174549 326 (527.0)
denovo208 D113_AF174557 334 (522.5)
denovo208 D112_AF174558 334 (532.5)
denovo208 D106_AF174559 327 (529.5)
denovo208 D111_AF174560 326 (535.0)
denovo208 D115_AF174562 326 (527.0)
denovo208 D107_AF174568 324 (530.5)
denovo208 D116_AF174571 326 (527.0)
denovo208 D124_EU074897 334 (523.0)
denovo208 D1.8_HE579037 326 (536.0)
denovo208 D3_AY686650 325 (542.5)
denovo208 D1.6_HQ630881 326 (527.0)
denovo208 D120_EU074900 333 (520.5)
denovo208 D121_EU074904 326 (536.0)
denovo208 D122_EU074905 326 (527.0)
denovo208 D1a.2_JF683339 335 (527.5)
denovo208 D1a.1_JF683338 334 (532.0)
denovo208 D2_AY686649 578 (585.0)
denovo208 D4_DQ865214 340 (528.5)
denovo208 D1a_AF499802 333 (529.5)
denovo208 D1a_JN558078 333 (529.5)
denovo208 D123_EU074895 333 (538.0)
denovo208 D108_AF174567 334 (532.5)
denovo208 D103_AF174575 332 (535.0)
denovo208 D100_AF411415 337 (531.5)
denovo208 D118_EF656435 333 (529.5)
denovo208 D101_AF411416 337 (516.5)
denovo208 D119_EU099832 330 (531.0)
denovo208 D102_AF174573 326 (539.0)
denovo208 D1_AF334660 326 (536.0)
denovo208 D1_JN558076 326 (536.0)
denovo208 D1.12_HE579041 317 (510.5)
denovo208 D1.1_AM748564 418 (584.0)
denovo208 D1.2_AM748617 407 (539.0)
denovo208 E111_EU074915 352 (442.0)
denovo208 E110_EU074914 342 (456.5)
denovo208 E114_EU074909 342 (456.5)
denovo208 E1_AF334659 342 (453.0)
denovo208 E105_EU074921 341 (463.0)
denovo208 E112_EU074916 342 (447.5)
denovo208 E104_EU074922 335 (463.5)
denovo208 E102_EU074924 342 (447.5)
denovo208 E103_EU074923 342 (456.5)
denovo208 E101_AY160123 338 (441.0)
denovo208 E109_EU074913 350 (437.5)
denovo208 E100_DQ011618 354 (438.5)
denovo208 E108_EU074912 344 (435.5)
denovo208 E113_EU074908 350 (437.5)
denovo208 E107_EU074910 344 (435.5)
denovo208 F1_JN558066 310 (912.5)
denovo208 F5.2d_AJ291530 306 (912.0)
denovo208 F104_AJ291531 306 (912.0)
denovo208 F5.2c_AM748596 306 (912.0)
denovo208 F5.2_AM748594 303 (921.0)
denovo208 F5.2a_AM748614 303 (921.0)
denovo208 F5.2b_AM748595 303 (912.0)
denovo208 F5.2e_AJ291533 303 (859.0)
denovo208 F5.2g_JN558072 303 (912.0)
denovo208 F5.2f_AJ291512 303 (921.0)
denovo208 F102_AJ291534 303 (912.0)
denovo208 F5.1c_AM748593 308 (890.0)
denovo208 F5.1d_JN558069 308 (917.0)
denovo208 F5.1b_AJ291535 307 (915.0)
denovo208 F5.1_AM748592 308 (917.0)
denovo208 F5.1a_AM748591 307 (915.0)
denovo208 F110_AJ291526 303 (808.5)
denovo208 F4.7_AM748587 304 (841.5)
denovo208 F4.5_AM748585 296 (860.5)
denovo208 F4.4a_AM748583 292 (896.0)
denovo208 F4.4_AM748582 291 (900.0)
denovo208 F4.4b_AM748584 294 (890.5)
denovo208 F4.1a_AM748573 306 (836.0)
denovo208 F112_AJ291528 306 (827.0)
denovo208 F4.1_AM748572 306 (845.0)
denovo208 F4.8b_AM748590 298 (838.0)
denovo208 F4.8_AM748588 300 (835.5)
denovo208 F4.8a_AM748589 298 (838.0)
denovo208 F109_AJ291527 300 (813.5)
denovo208 F4.6_AM748586 302 (841.5)
denovo208 F111_AJ311949 298 (845.5)
denovo208 F4.3c_AM748581 301 (864.0)
denovo208 F4.3a_AM748579 298 (854.5)
denovo208 F4.3b_AM748580 298 (854.5)
denovo208 F4.3_AM748578 298 (863.5)
denovo208 F4.2_AM748574 299 (870.0)
denovo208 F4.2a_AM748575 298 (861.5)
denovo208 F4.2c_AM748577 299 (861.0)
denovo208 F4.2b_AM748576 298 (870.5)
denovo208 F2b_AJ291521 309 (907.0)
denovo208 F2_AJ830908 309 (889.0)
denovo208 F2a_AJ830911 311 (881.5)
denovo208 F3.1a_AM748566 317 (862.0)
denovo208 F114_AJ291525 317 (871.0)
denovo208 F3.1_AM748565 317 (889.0)
denovo208 F3.2_AM748567 315 (918.5)
denovo208 F3.2a_AM748568 317 (933.0)
denovo208 F3.3_AM748569 304 (866.0)
denovo208 F3.4a_AM748571 317 (821.0)
denovo208 F3.4_AM748570 317 (821.0)
denovo208 F3.4b_AM748616 310 (819.0)
denovo208 G101_AJ291539 339 (516.5)
denovo208 G1_AM748597 339 (516.5)
denovo208 G2b_JN558087 330 (528.5)
denovo208 G2_AM748598 333 (520.0)
denovo208 G2a_AM748599 330 (528.5)
denovo208 G4_AM748601 340 (538.0)
denovo208 G3.4_LK392378 329 (515.0)
denovo208 G3_AM748600 328 (530.5)
denovo208 G3.2_KC597694 346 (446.5)
denovo208 G3.1_KC597688 335 (505.5)
denovo208 G100_AB253788 333 (500.5)
denovo208 G3.3_LK392377 333 (501.0)
denovo208 H6_AJ291520 621 (331.0)
denovo208 H3_AM748606 306 (783.5)
denovo208 H2_AM748605 307 (821.5)
denovo208 H4_AM748607 315 (768.0)
denovo208 H4a_AM748608 315 (783.0)
denovo208 H5a_AM748611 310 (743.5)
denovo208 H5b_AM748610 313 (751.0)
denovo208 H5_AJ621129 310 (752.5)
denovo208 H5_AM748609 310 (752.5)
denovo208 H100_AJ291513 313 (769.0)
denovo208 H1b_AM748604 318 (769.5)
denovo208 H1a_AM748612 318 (760.5)
denovo208 H1_AJ621152 318 (769.5)
denovo208 H1_AM748602 318 (769.5)
denovo208 I3_FN561561 340 (701.0)
denovo208 I4_FN561562 327 (708.5)
denovo208 I1_FN561559 329 (695.5)
denovo208 I2_FN561560 331 (703.0)

#---------------------------------------
#---------------------------------------
