denovo225 A136_DQ865210 309 (629.0)
denovo225 A133_DQ174725 287 (689.0)
denovo225 A115_AF180123 299 (574.0)
denovo225 A117_AF201746 305 (654.0)
denovo225 A134_DQ174723 304 (660.0)
denovo225 A114_AF184941 303 (657.5)
denovo225 A135_DQ174727 299 (681.5)
denovo225 A2_AF333506 300 (671.5)
denovo225 A101_AF427468 299 (681.5)
denovo225 A2_1_JN558097 299 (681.5)
denovo225 A2_2_JN558100 299 (681.5)
denovo225 A113_AF184948 298 (653.0)
denovo225 A112_AF184949 293 (666.0)
denovo225 A123_EF378618 284 (730.5)
denovo225 A137_EF378621 282 (780.5)
denovo225 A11_EU449041 285 (861.5)
denovo225 A121_DQ174722 279 (901.5)
denovo225 A15b_EU792886 279 (859.5)
denovo225 A15a_EU792885 279 (868.5)
denovo225 A15c_EU792887 280 (871.5)
denovo225 A15_EU792884 279 (868.5)
denovo225 A147_EU074937 279 (904.5)
denovo225 A154_EU074860 279 (886.5)
denovo225 A146_EU074936 279 (886.5)
denovo225 A150_EU074928 279 (895.5)
denovo225 A116_AF183575 279 (886.5)
denovo225 A141_EU074931 279 (895.5)
denovo225 A5_AF333508 279 (919.5)
denovo225 A3b_EU449043 279 (913.5)
denovo225 A151_EU074925 279 (895.5)
denovo225 A152_EU074927 279 (895.5)
denovo225 A149_EU074929 279 (895.5)
denovo225 A140_EU074930 279 (895.5)
denovo225 A142_EU074932 279 (895.5)
denovo225 A143_EU074933 279 (895.5)
denovo225 A144_EU074934 279 (904.5)
denovo225 A145_EU074935 280 (907.5)
denovo225 A148_EU074938 279 (895.5)
denovo225 A155_EU074856 279 (895.5)
denovo225 A156_EU074859 279 (895.5)
denovo225 A139_EU074962 279 (895.5)
denovo225 A6_AF186058 279 (904.5)
denovo225 A3_AF333507 279 (904.5)
denovo225 A3_JN558091 279 (904.5)
denovo225 A8_AY258468 279 (913.5)
denovo225 A7_AY239360 279 (886.5)
denovo225 A16_EU792888 279 (886.5)
denovo225 A4.3_FN429763 280 (968.5)
denovo225 A120_AF180122 281 (889.5)
denovo225 A4.2_FN429761 280 (947.5)
denovo225 A4_AF333509 280 (957.5)
denovo225 A4.1_FN429760 280 (937.0)
denovo225 A4a_AF499778 280 (948.5)
denovo225 A4a.1_FN429762 280 (948.5)
denovo225 A138_EF378620 282 (926.5)
denovo225 A122_EF378619 280 (943.0)
denovo225 A126_EF378615 280 (946.5)
denovo225 A10_EU792882 280 (946.5)
denovo225 A9_EU449028 280 (957.5)
denovo225 A105_AB207202 280 (957.5)
denovo225 A119_AF180121 281 (904.0)
denovo225 A12_EU792883 280 (948.5)
denovo225 A104_AB207203 280 (957.5)
denovo225 A1a_EU449030 280 (966.5)
denovo225 A1.3_HE578976 280 (966.5)
denovo225 A1.4_HE578977 280 (966.5)
denovo225 A13_AF333504 280 (975.5)
denovo225 A13_JN558094 280 (975.5)
denovo225 A110_AB190282 280 (966.5)
denovo225 A103_AB207206 280 (966.5)
denovo225 A130_EF656428 280 (966.5)
denovo225 A127_EF656429 280 (975.5)
denovo225 A128_EF656430 280 (966.5)
denovo225 A129_EF656431 280 (966.5)
denovo225 A131_EF656432 280 (966.5)
denovo225 A118_AF180120 280 (932.0)
denovo225 A1_AF333505 280 (975.5)
denovo225 A107_AB207199 280 (948.5)
denovo225 A111_AB190280 280 (957.5)
denovo225 A108_AB207197 280 (942.5)
denovo225 A106_AB207200 280 (948.5)
denovo225 A102_AB207209 280 (966.5)
denovo225 A1.2_AB207210 280 (966.5)
denovo225 A109_AB190285 280 (957.5)
denovo225 B4_AF333510 334 (446.0)
denovo225 B23_EU449079 350 (427.0)
denovo225 B30_GU907644 354 (412.0)
denovo225 B11_AY239361 355 (433.5)
denovo225 B17_AY258470 341 (416.0)
denovo225 B1k_GU907638 285 (237.0)
denovo225 B1.V_Green2014 355 (406.0)
denovo225 B1b_AF499780 348 (416.0)
denovo225 B16_AY258469 352 (413.0)
denovo225 B31a_GU907646 348 (420.0)
denovo225 B32_GU907647 354 (419.5)
denovo225 B31_GU907645 342 (419.5)
denovo225 B1j_GU907637 353 (434.0)
denovo225 B37_GU907650 355 (442.0)
denovo225 B5a_AF499782 341 (425.5)
denovo225 B5_AF499781 341 (425.5)
denovo225 B24_GU907643 341 (383.0)
denovo225 B117_AF180124 333 (422.5)
denovo225 B10_AF499787 341 (425.0)
denovo225 B20_GU907642 351 (424.5)
denovo225 B1m_GU907640 341 (425.0)
denovo225 B34_GU907649 341 (425.0)
denovo225 B1d_GU907633 337 (421.0)
denovo225 B1e_GU907634 348 (428.5)
denovo225 B1i_GU907636 341 (425.0)
denovo225 B1g_GU907635 349 (427.0)
denovo225 B123_EU074872 352 (422.0)
denovo225 B8_AF499785 351 (433.5)
denovo225 B1l_GU907639 350 (434.0)
denovo225 B1a_AF499779 348 (419.0)
denovo225 B14_AY239362 341 (412.5)
denovo225 B125_EU074865 346 (422.5)
denovo225 B122_EU074871 341 (417.0)
denovo225 B124_EU074874 341 (416.0)
denovo225 B1.VII_Green2014 353 (391.0)
denovo225 B1.III_Green2014 339 (420.0)
denovo225 B1.I_Green2014 341 (425.0)
denovo225 B1.II_Green2014 341 (425.0)
denovo225 B1_JN558057 341 (425.0)
denovo225 B1_AF333511 341 (425.0)
denovo225 B1.IV_Green2014 345 (420.0)
denovo225 B121_EU074870 341 (425.0)
denovo225 B7_AF499784 341 (425.5)
denovo225 B1.VI_Green2014 342 (420.5)
denovo225 B3_AF333514 348 (443.0)
denovo225 B9_AF499786 346 (427.0)
denovo225 B19a_JN558055 351 (405.5)
denovo225 B119_EU099825 343 (427.5)
denovo225 B21_DQ865213 345 (413.0)
denovo225 B38_GU907651 345 (413.0)
denovo225 B18_AY258471 349 (445.0)
denovo225 B18a_AY258472 349 (436.0)
denovo225 B33_GU907648 345 (424.5)
denovo225 B6_AF499783 351 (433.0)
denovo225 B19_DQ865212 347 (430.5)
denovo225 B19_GU907641 347 (430.5)
denovo225 B2_AF333512 347 (430.5)
denovo225 B2_JN558060 347 (430.5)
denovo225 C33.1_AY258498 340 (473.0)
denovo225 C33.2_AY765400 340 (473.0)
denovo225 C33a_EF541147 340 (473.0)
denovo225 C34_AY258499 343 (490.5)
denovo225 C78_AY765413 344 (456.0)
denovo225 C15.29_KC597690 351 (441.5)
denovo225 C1131_DQ182650 346 (453.5)
denovo225 C1135_DQ182646 350 (446.0)
denovo225 C1134_DQ182647 348 (440.5)
denovo225 C1142_DQ182635 348 (440.5)
denovo225 C1136_DQ182644 347 (435.5)
denovo225 C1111_DQ182645 340 (449.0)
denovo225 C1236_EF473656 347 (435.5)
denovo225 C1138_DQ182642 347 (435.5)
denovo225 C1137_DQ182643 344 (452.5)
denovo225 C1133_DQ182648 347 (435.5)
denovo225 C1132_DQ182649 347 (436.0)
denovo225 C1143_DQ182634 347 (444.5)
denovo225 C1139_DQ182639 345 (461.0)
denovo225 C15.28_KC597687 344 (475.5)
denovo225 C1141_DQ182636 348 (461.0)
denovo225 C1144_DQ182637 344 (457.0)
denovo225 C1122_DQ182654 345 (461.0)
denovo225 C1127_DQ182652 345 (461.0)
denovo225 C15.30_JX394114 345 (460.5)
denovo225 C15.26_KC597686 352 (491.5)
denovo225 C1086_DQ182656 350 (467.5)
denovo225 C15.25_KC597685 350 (476.5)
denovo225 C1118_AF180127 335 (482.5)
denovo225 C1129_DQ182651 346 (455.0)
denovo225 C15.21_KC597683 346 (464.5)
denovo225 C56_AY589760 346 (473.5)
denovo225 C1140_DQ182638 346 (463.0)
denovo225 C1126_DQ182653 344 (467.0)
denovo225 C15c_AY258492 346 (473.0)
denovo225 C15d_AY258493 345 (479.0)
denovo225 C1098_DQ182641 351 (468.0)
denovo225 C15.27_KC597689 349 (482.0)
denovo225 C15.18_HE579024 346 (473.0)
denovo225 C15.16_HE579022 343 (465.5)
denovo225 C1101_AB253787 346 (464.5)
denovo225 C1083_AY237300 347 (485.0)
denovo225 C1088_DQ182640 344 (486.0)
denovo225 C15.6_FN563472 346 (473.5)
denovo225 C15.5_FJ461512 346 (473.5)
denovo225 C15.4_FJ461511 346 (473.5)
denovo225 C15.13_HE579019 346 (473.0)
denovo225 C15.12_HE579018 346 (473.5)
denovo225 C93a_AM748563 351 (497.5)
denovo225 C1094_AJ291514 351 (479.5)
denovo225 C93_AM748562 351 (488.5)
denovo225 C15.17_HE579023 345 (483.0)
denovo225 C15e_AY589742 348 (482.5)
denovo225 C15.22_KC597695 346 (473.5)
denovo225 C60_AY589764 350 (486.0)
denovo225 C15.1_FJ461508 343 (491.5)
denovo225 C15.2_FJ461509 346 (491.5)
denovo225 C15.9_FN563475 346 (491.5)
denovo225 C15.7_HE579015 346 (482.0)
denovo225 C15.8_HE579016 346 (473.5)
denovo225 C15.15_HE579021 346 (473.5)
denovo225 C15.19_HE579025 350 (476.5)
denovo225 C15.24_KC597696 343 (482.0)
denovo225 C15.3_FJ461510 346 (491.5)
denovo225 C1087_DQ182655 346 (482.0)
denovo225 C15.14_HE579020 347 (482.0)
denovo225 C15.23_KC597697 347 (482.0)
denovo225 C19_AY258479 345 (483.0)
denovo225 C1233_EU118166 346 (473.5)
denovo225 C15b_AY258491 346 (473.5)
denovo225 C15a_AY258476 346 (482.5)
denovo225 C1051_AF195153 346 (491.5)
denovo225 C2_AF333518 341 (500.5)
denovo225 C15.20_HE579026 347 (482.0)
denovo225 C15f_AY589743 347 (482.0)
denovo225 C55_AY589759 350 (489.0)
denovo225 C15_AY239369 346 (482.5)
denovo225 C32.1_JF683335 333 (477.5)
denovo225 C32.2_JF683336 335 (474.5)
denovo225 C21.23_KC597693 335 (474.5)
denovo225 C1193_EU099827 342 (475.5)
denovo225 C1195_EU099821 351 (442.0)
denovo225 C3q_GU907655 342 (500.0)
denovo225 C53_AY589758 342 (496.0)
denovo225 C73_AY765408 336 (494.0)
denovo225 C17.2.1_KC597684 346 (496.5)
denovo225 C32_AY258497 332 (490.0)
denovo225 C1189_EU099831 338 (481.0)
denovo225 C1191_EU099833 336 (484.0)
denovo225 C1196_EU099819 341 (482.0)
denovo225 C1192_EU099820 341 (482.0)
denovo225 C17.1_JF683322 340 (488.5)
denovo225 C26_b2_FN827164 336 (490.5)
denovo225 C26_b3_FN827165 336 (490.5)
denovo225 C31.9_HQ630879 344 (491.0)
denovo225 C31a_AY589746 345 (481.5)
denovo225 C30_AY589745 345 (490.5)
denovo225 C31.1_HQ630876 345 (490.5)
denovo225 C31.5_HQ630877 341 (496.5)
denovo225 C31.6_HQ630878 345 (490.5)
denovo225 C31.2_JF683332 345 (481.5)
denovo225 C31.3_JF683333 337 (492.5)
denovo225 C26/C35a_AY239378 336 (481.5)
denovo225 C35a_AY258501 336 (481.5)
denovo225 C35.2_AY258500 336 (490.5)
denovo225 C26_b1_FN827163 336 (490.5)
denovo225 C17_AY239370 335 (491.0)
denovo225 C17.2_FJ461513 344 (494.0)
denovo225 C31.10_HQ630880 344 (500.0)
denovo225 C31.4_JF683334 349 (479.0)
denovo225 C31_AY258496 345 (490.5)
denovo225 C25_AY239377 343 (466.0)
denovo225 C61_AY589765 343 (485.5)
denovo225 C1043_DQ072721 341 (453.0)
denovo225 C79_AY765414 349 (472.5)
denovo225 C69_AY589773 333 (471.0)
denovo225 C69a_AY686648 333 (462.0)
denovo225 C21.22_KC597692 335 (517.5)
denovo225 C51_AY589756 340 (482.0)
denovo225 C1aa_HM185739 346 (483.0)
denovo225 C1096_DQ068023 340 (470.5)
denovo225 C74_AY765409 337 (504.5)
denovo225 C1185_AB294629 341 (499.0)
denovo225 C1184_AB294630 341 (499.0)
denovo225 C1153_AB294625 341 (517.0)
denovo225 C1154_AB294626 339 (511.0)
denovo225 C1187_AB294627 341 (499.0)
denovo225 C1186_AB294628 341 (508.0)
denovo225 C57_AY589761 340 (504.5)
denovo225 C66_AY589771 341 (508.0)
denovo225 C5_AF499795 346 (482.5)
denovo225 C1167_AB294586 345 (497.5)
denovo225 C1164_AB294593 339 (487.0)
denovo225 C1183_AB294631 346 (482.0)
denovo225 C1067_DQ335381 340 (499.0)
denovo225 C1159_AB294613 341 (498.5)
denovo225 C1150_AB294622 344 (499.5)
denovo225 C90_AM748554 356 (496.0)
denovo225 C1168_AB294583 349 (491.0)
denovo225 C1156_AB294616 345 (506.5)
denovo225 C1151_AB294621 345 (497.0)
denovo225 C92a_AM748561 349 (499.5)
denovo225 C92_AM748560 349 (500.0)
denovo225 C1165_AB294581 346 (500.5)
denovo225 C1166_AB294584 346 (500.5)
denovo225 C1162_AB294594 350 (494.0)
denovo225 C1163_AB294596 341 (485.0)
denovo225 C1161_AB294606 344 (494.5)
denovo225 C1160_AB294608 350 (494.5)
denovo225 C1158_AB294614 343 (491.0)
denovo225 C1155_AB294617 346 (482.5)
denovo225 C1149_AB294620 346 (491.5)
denovo225 C1173_AB294662 346 (491.0)
denovo225 C1171_AB294663 346 (482.5)
denovo225 C1172_AB294665 346 (482.5)
denovo225 C91a_AM748556 350 (485.5)
denovo225 C91b_AM748557 354 (488.5)
denovo225 C91d_AM748559 347 (485.5)
denovo225 C91c_AM748558 347 (485.5)
denovo225 C91_AJ621543 346 (491.5)
denovo225 C91_AM748555 346 (491.5)
denovo225 C1023_DQ335330 317 (464.5)
denovo225 C1020_DQ335392 341 (494.5)
denovo225 C1018_DQ335408 341 (503.5)
denovo225 C1074_DQ335329 341 (485.5)
denovo225 C1030_DQ335353 341 (494.5)
denovo225 C1022_DQ335331 341 (494.5)
denovo225 C1027_DQ335360 341 (494.5)
denovo225 C1072_DQ335344 341 (494.5)
denovo225 C1039_AB190274 341 (503.5)
denovo225 C1033_DQ335350 346 (482.5)
denovo225 C1019_DQ335407 341 (494.5)
denovo225 C1194_EU099826 340 (476.5)
denovo225 C8b_AY258475 337 (457.0)
denovo225 C8_AY239367 338 (466.0)
denovo225 C8a_AY239368 338 (457.5)
denovo225 C54a_AY765406 341 (494.0)
denovo225 C3ff_HM185740 344 (494.0)
denovo225 C59_AY589763 341 (478.0)
denovo225 C3k_AY589737 345 (488.0)
denovo225 C3.24_HE579012 344 (494.0)
denovo225 C3.23_HE579011 345 (488.0)
denovo225 C35.1_AY765401 345 (488.0)
denovo225 C35.3_EF541145 345 (488.0)
denovo225 C76_AY765411 341 (474.0)
denovo225 C1107_DQ335359 341 (471.5)
denovo225 C3.22_HE579010 343 (501.0)
denovo225 C77_AY765412 343 (487.5)
denovo225 C20_AY239371 346 (491.0)
denovo225 C1055_DQ480640 342 (484.0)
denovo225 C27/C30_AY239379 336 (499.5)
denovo225 C27.1_FJ461517 336 (490.5)
denovo225 C40a_AY589747 337 (490.0)
denovo225 C40_AY258485 337 (490.0)
denovo225 C40b_AY589748 338 (489.5)
denovo225 C16_AY258477 341 (485.0)
denovo225 C16a_AY765399 337 (482.0)
denovo225 C1091_AB207186 346 (491.5)
denovo225 C1102_DQ335400 346 (473.5)
denovo225 C1069_DQ335375 339 (479.0)
denovo225 C1073_DQ335332 341 (484.0)
denovo225 C1066_DQ335382 343 (481.0)
denovo225 C1031_DQ335352 343 (500.5)
denovo225 C1026_DQ335366 341 (503.0)
denovo225 C70_AY589774 346 (491.5)
denovo225 C1082_AB190267 346 (491.5)
denovo225 C1078_AB190271 350 (495.0)
denovo225 C1090_AB207191 344 (494.0)
denovo225 C1071_DQ335302 346 (491.5)
denovo225 C1075_DQ335328 348 (488.0)
denovo225 C1068_DQ335379 349 (490.5)
denovo225 C1064_DQ335395 341 (494.5)
denovo225 C1063_DQ335403 344 (485.5)
denovo225 C62_AY589766 346 (491.5)
denovo225 C1077_DQ335316 350 (491.0)
denovo225 C1109_DQ335338 346 (482.5)
denovo225 C1110_DQ335340 343 (482.5)
denovo225 C1106_DQ335339 346 (482.5)
denovo225 C1112_DQ335319 346 (500.5)
denovo225 C1108_DQ335351 346 (482.5)
denovo225 C1105_DQ335394 346 (491.5)
denovo225 C1121_DQ335378 346 (482.5)
denovo225 C1116_AB190268 346 (482.5)
denovo225 C1115_AB190273 346 (491.5)
denovo225 C1124_DQ335323 346 (473.5)
denovo225 C1120_DQ335398 345 (488.5)
denovo225 C1119_DQ335404 342 (479.0)
denovo225 C1123_DQ335363 346 (482.5)
denovo225 C1004_DQ480635 341 (476.0)
denovo225 C1061_AY186568 341 (476.0)
denovo225 C1053_AY186569 335 (475.5)
denovo225 C1003_DQ480639 341 (476.0)
denovo225 C81_GU907657 335 (486.0)
denovo225 C22_AY239373 334 (500.0)
denovo225 C22a_AY239374 337 (499.5)
denovo225 C1232_EU118163 341 (476.0)
denovo225 C21.13_FJ461515 335 (509.0)
denovo225 C21.1_JF683323 334 (496.0)
denovo225 C21.3_JF683325 338 (499.5)
denovo225 C1.20_HE578993 340 (491.0)
denovo225 C1.22_HE578995 340 (482.0)
denovo225 C52_AY589757 350 (479.0)
denovo225 C1201_EU099793 337 (451.0)
denovo225 C14_AY589741 341 (488.0)
denovo225 C43_AY589749 342 (478.5)
denovo225 C50_AY589755 341 (485.0)
denovo225 C3.14_HQ630872 341 (485.0)
denovo225 C1m_AY765398 346 (473.5)
denovo225 C82_GU907658 342 (487.5)
denovo225 C82b_GU907660 342 (487.5)
denovo225 C64_AY589768 344 (504.5)
denovo225 C45a_AY765404 345 (486.5)
denovo225 C48_AY589753 341 (514.0)
denovo225 C1_v1b_FJ919244 339 (478.5)
denovo225 C1_v1a_FJ919243 341 (476.0)
denovo225 C3j_AY239366 342 (479.5)
denovo225 C3t_EF541149 336 (505.0)
denovo225 C9_AF499798 342 (478.5)
denovo225 C23_AY239375 341 (475.5)
denovo225 C37_AY258481 347 (476.5)
denovo225 C1048_DQ068026 344 (484.5)
denovo225 C21.4_JF683326 339 (485.0)
denovo225 C21.5_JF683327 335 (491.0)
denovo225 C1070_DQ335349 341 (485.0)
denovo225 C21.6_HQ630873 335 (491.0)
denovo225 C1224_EU074890 341 (484.5)
denovo225 C1.17_HE578990 341 (484.5)
denovo225 C21_b1_FN827162 335 (491.0)
denovo225 C21.9_JF683330 335 (500.0)
denovo225 C1085_AY624605 341 (485.0)
denovo225 C3p_GU907654 341 (488.5)
denovo225 C3f_AY589734 341 (494.0)
denovo225 C65a_AY589770 343 (481.5)
denovo225 C65_AY589769 343 (490.5)
denovo225 C71_AY589775 344 (484.0)
denovo225 C71a_AY589776 344 (475.0)
denovo225 C1178_AB294647 338 (488.0)
denovo225 C1225_EU074893 348 (478.5)
denovo225 C75_AY765410 344 (494.0)
denovo225 C21.10_JF683331 334 (504.5)
denovo225 C21.11_HQ630874 335 (500.0)
denovo225 C1065_DQ335388 341 (484.5)
denovo225 C1045_DQ068036 341 (493.5)
denovo225 C1h_AY258473 344 (486.0)
denovo225 C38_AY258482 345 (497.5)
denovo225 C1202_EU099799 344 (486.0)
denovo225 C7_AF499797 344 (495.0)
denovo225 C12_AF499801 346 (484.5)
denovo225 C38a_AY258483 345 (494.5)
denovo225 C1200_EU099800 338 (494.0)
denovo225 C44a_AY589751 347 (493.5)
denovo225 C47_AY589752 344 (493.5)
denovo225 C44_AY589750 348 (488.0)
denovo225 C1.15_HE578988 341 (494.0)
denovo225 C45.3_FJ461522 342 (496.5)
denovo225 C46a_AY765405 348 (488.0)
denovo225 C46_EU449108 348 (488.0)
denovo225 C3.12_FJ461507 342 (496.5)
denovo225 C1k_AY589733 342 (487.5)
denovo225 C67_AY686647 342 (487.5)
denovo225 C82a_GU907659 342 (487.5)
denovo225 C10a_AY589739 348 (487.5)
denovo225 C10_AF499799 342 (487.5)
denovo225 C13_AY589740 348 (484.5)
denovo225 C4_AF499794 342 (478.5)
denovo225 C1147_EF656433 344 (485.0)
denovo225 C1c/C45_AY239364 342 (487.5)
denovo225 C1c/C45_EU449103 342 (487.5)
denovo225 C21.19_HE579031 335 (491.0)
denovo225 C21.21_HE579033 341 (482.5)
denovo225 C21.20_HE579032 341 (491.5)
denovo225 C42b_AY765403 342 (460.5)
denovo225 C42_AY258487 342 (469.5)
denovo225 C1p_GU907652 341 (476.0)
denovo225 C1d_AY258488 344 (475.5)
denovo225 C42_AY765402 342 (478.5)
denovo225 C3ha_AY589736 335 (491.0)
denovo225 C63a_AY589767 344 (494.0)
denovo225 C21a_AY589744 335 (500.0)
denovo225 C3o_GU907653 335 (491.0)
denovo225 C21.16_HQ630875 333 (502.5)
denovo225 C21.2_JF683324 335 (500.0)
denovo225 C21.7_JF683328 337 (506.0)
denovo225 C21.8_JF683329 335 (500.0)
denovo225 C3h_AY239365 335 (491.0)
denovo225 C1203_EU099798 335 (500.0)
denovo225 C3.10_FJ461505 341 (494.0)
denovo225 C21.14_FJ461516 335 (500.0)
denovo225 C21.18_HE579030 348 (491.5)
denovo225 C3.17_HE579005 341 (485.0)
denovo225 C3.9_FJ461504 335 (500.5)
denovo225 C3.8_FJ461503 337 (499.5)
denovo225 C3.7_FJ461502 341 (503.0)
denovo225 C3.11_FJ461506 341 (485.5)
denovo225 C3.18_HE579006 341 (494.0)
denovo225 C3.19_HE579007 333 (495.5)
denovo225 C3.20_HE579008 341 (485.0)
denovo225 C3g_AY589735 341 (496.0)
denovo225 C3a_AF499790 340 (499.5)
denovo225 C3e_AF499793 341 (485.0)
denovo225 C6_AF499796 344 (494.0)
denovo225 C11_AF499800 340 (500.0)
denovo225 C36_AY258480 338 (494.0)
denovo225 C29_AY258494 341 (494.0)
denovo225 C1146_EF656434 346 (500.5)
denovo225 C1190_EU099841 341 (503.0)
denovo225 C131_JF320826 341 (485.0)
denovo225 C28_AY239380 346 (493.0)
denovo225 C1012_DQ480604 341 (494.0)
denovo225 C1181_AB294640 339 (482.0)
denovo225 C1180_AB294641 339 (491.0)
denovo225 C1179_AB294645 339 (491.0)
denovo225 C1176_AB294651 348 (482.0)
denovo225 C1175_AB294653 339 (491.0)
denovo225 C1174_AB294655 344 (488.5)
denovo225 C1177_AB294659 340 (493.0)
denovo225 C1040_AB190269 341 (494.0)
denovo225 C1182_AB294649 341 (485.0)
denovo225 C1089_AJ278598 341 (485.0)
denovo225 C1028_DQ335357 341 (494.0)
denovo225 C3.16_EU786015 341 (485.0)
denovo225 C1097_AJ311943 342 (484.0)
denovo225 C1170_AB294661 339 (491.0)
denovo225 C21.17_HE579029 336 (496.5)
denovo225 C21/3d/C3k_AY239372 335 (500.0)
denovo225 C58_AY589762 336 (499.5)
denovo225 C3L_AY589738 338 (499.0)
denovo225 C1169_AB294660 339 (491.0)
denovo225 C3.2_FJ461497 340 (494.5)
denovo225 C3.1_JF683321 340 (494.5)
denovo225 C1104_AF427469 341 (490.5)
denovo225 C3b_AF499791 340 (494.5)
denovo225 C83_GU907661 343 (502.0)
denovo225 C49_AY589754 383 (493.5)
denovo225 C3_AB778606 341 (494.0)
denovo225 C3_AF499789 341 (494.0)
denovo225 C3_HE579001 341 (494.0)
denovo225 C21.12_FJ461514 335 (509.0)
denovo225 C1229_EU074888 337 (487.0)
denovo225 C1230_EU074889 337 (496.0)
denovo225 C1114_AB207196 342 (478.5)
denovo225 C3.21_HE579009 346 (433.0)
denovo225 C1057_DQ480619 343 (472.5)
denovo225 C72_AY765407 341 (476.0)
denovo225 C1b.3_HE578999 340 (476.5)
denovo225 C93_AJ621536 341 (485.0)
denovo225 C94_AJ621539 341 (476.0)
denovo225 C1g_AY589730 341 (494.0)
denovo225 C1i_AY589731 341 (485.0)
denovo225 C1j_AY589732 341 (485.0)
denovo225 C1005_DQ480633 341 (476.0)
denovo225 C1.7_FJ461494 341 (485.0)
denovo225 C1.11_HE578984 341 (476.0)
denovo225 C1.12_HE578985 341 (485.0)
denovo225 C1.13_HE578986 341 (485.0)
denovo225 C1.14_HE578987 341 (485.0)
denovo225 C1.18_HE578991 341 (476.0)
denovo225 C1.19_HE578992 341 (485.0)
denovo225 C1199_EU099802 353 (469.0)
denovo225 C1188_EU099838 353 (484.0)
denovo225 C1002_DQ838544 347 (494.5)
denovo225 C1198_EU099810 341 (476.0)
denovo225 C24_AY239376 341 (476.0)
denovo225 C1f_AY258490 341 (485.0)
denovo225 C1006_DQ480629 341 (485.0)
denovo225 C1010_DQ480607 341 (485.0)
denovo225 C1007_DQ480624 335 (475.5)
denovo225 C1011_DQ480605 346 (483.0)
denovo225 C1009_DQ480608 350 (477.0)
denovo225 C1041_AY186548 345 (477.5)
denovo225 C1052_AY186570 344 (484.0)
denovo225 C1148_EU040178 347 (485.5)
denovo225 C1234_EU118165 347 (491.0)
denovo225 C1.5_EF634157 341 (485.5)
denovo225 C1059_DQ480609 341 (476.0)
denovo225 C1228_EU074883 343 (491.0)
denovo225 C1208_EU074963 341 (484.5)
denovo225 C1207_EU074964 344 (484.0)
denovo225 C1206_EU074965 337 (490.5)
denovo225 C1013_DQ480642 342 (478.0)
denovo225 C80_GU907656 345 (498.0)
denovo225 C1a_AF499788 341 (485.0)
denovo225 C41_AY258486 341 (485.0)
denovo225 C39_AY258484 331 (495.5)
denovo225 C1231_EU074878 341 (476.0)
denovo225 C1b.1_HE578997 340 (476.5)
denovo225 C18_AY258478 341 (485.0)
denovo225 C1.10_HE578983 335 (483.5)
denovo225 C1_JN558041 341 (485.0)
denovo225 C1_HE578979 341 (485.0)
denovo225 C1_AM748551 341 (485.0)
denovo225 C1_AF333515 341 (485.0)
denovo225 C1054_AY186565 340 (488.0)
denovo225 C1008_DQ480613 341 (476.0)
denovo225 C1103_AF427470 341 (481.5)
denovo225 C1226_EU074881 341 (481.5)
denovo225 C1b/C1e_AY239363 340 (485.5)
denovo225 C1044_DQ068038 341 (470.0)
denovo225 C1017_DQ174729 341 (475.5)
denovo225 C1.6_FJ461493 341 (476.0)
denovo225 C1b.2_HE578998 340 (476.5)
denovo225 C1060_DQ480600 341 (476.0)
denovo225 C1227_EU074882 342 (478.0)
denovo225 C1197_EU099814 341 (476.0)
denovo225 C1130_DQ480643 341 (398.0)
denovo225 D109_AB097465 342 (361.0)
denovo225 D1.11_HE579040 328 (384.0)
denovo225 D105_AF174570 339 (380.5)
denovo225 D104_AF174572 339 (373.5)
denovo225 D1.3_JF683337 341 (387.0)
denovo225 D1.10_HE579039 339 (372.0)
denovo225 D110_AF174561 339 (372.0)
denovo225 D117_AF174542 338 (369.0)
denovo225 D114_AF174549 338 (378.0)
denovo225 D113_AF174557 338 (369.5)
denovo225 D112_AF174558 338 (369.5)
denovo225 D106_AF174559 338 (387.0)
denovo225 D111_AF174560 338 (379.0)
denovo225 D115_AF174562 343 (374.5)
denovo225 D107_AF174568 342 (371.5)
denovo225 D116_AF174571 338 (395.5)
denovo225 D124_EU074897 338 (369.5)
denovo225 D1.8_HE579037 342 (371.5)
denovo225 D3_AY686650 338 (378.0)
denovo225 D1.6_HQ630881 342 (380.5)
denovo225 D120_EU074900 338 (369.5)
denovo225 D121_EU074904 338 (386.5)
denovo225 D122_EU074905 340 (384.5)
denovo225 D1a.2_JF683339 336 (366.5)
denovo225 D1a.1_JF683338 338 (369.5)
denovo225 D2_AY686649 575 (428.5)
denovo225 D4_DQ865214 340 (371.5)
denovo225 D1a_AF499802 338 (369.5)
denovo225 D1a_JN558078 338 (369.5)
denovo225 D123_EU074895 338 (378.0)
denovo225 D108_AF174567 336 (381.5)
denovo225 D103_AF174575 336 (382.5)
denovo225 D100_AF411415 338 (379.5)
denovo225 D118_EF656435 342 (372.5)
denovo225 D101_AF411416 334 (364.5)
denovo225 D119_EU099832 342 (383.5)
denovo225 D102_AF174573 342 (375.0)
denovo225 D1_AF334660 338 (378.0)
denovo225 D1_JN558076 338 (378.0)
denovo225 D1.12_HE579041 318 (374.5)
denovo225 D1.1_AM748564 397 (420.0)
denovo225 D1.2_AM748617 427 (399.0)
denovo225 E111_EU074915 349 (406.0)
denovo225 E110_EU074914 354 (431.0)
denovo225 E114_EU074909 354 (422.5)
denovo225 E1_AF334659 351 (418.5)
denovo225 E105_EU074921 350 (428.5)
denovo225 E112_EU074916 354 (413.0)
denovo225 E104_EU074922 354 (413.0)
denovo225 E102_EU074924 354 (422.0)
denovo225 E103_EU074923 354 (422.0)
denovo225 E101_AY160123 346 (432.0)
denovo225 E109_EU074913 353 (419.5)
denovo225 E100_DQ011618 339 (456.0)
denovo225 E108_EU074912 342 (438.0)
denovo225 E113_EU074908 353 (431.0)
denovo225 E107_EU074910 348 (439.5)
denovo225 F1_JN558066 354 (516.5)
denovo225 F5.2d_AJ291530 351 (516.5)
denovo225 F104_AJ291531 351 (516.5)
denovo225 F5.2c_AM748596 351 (516.5)
denovo225 F5.2_AM748594 351 (507.5)
denovo225 F5.2a_AM748614 351 (507.5)
denovo225 F5.2b_AM748595 351 (516.5)
denovo225 F5.2e_AJ291533 367 (469.5)
denovo225 F5.2g_JN558072 349 (509.0)
denovo225 F5.2f_AJ291512 351 (516.5)
denovo225 F102_AJ291534 351 (516.5)
denovo225 F5.1c_AM748593 348 (507.5)
denovo225 F5.1d_JN558069 346 (500.5)
denovo225 F5.1b_AJ291535 350 (493.0)
denovo225 F5.1_AM748592 350 (493.5)
denovo225 F5.1a_AM748591 350 (502.0)
denovo225 F110_AJ291526 334 (519.0)
denovo225 F4.7_AM748587 333 (519.5)
denovo225 F4.5_AM748585 336 (515.5)
denovo225 F4.4a_AM748583 334 (544.5)
denovo225 F4.4_AM748582 337 (532.0)
denovo225 F4.4b_AM748584 333 (522.5)
denovo225 F4.1a_AM748573 335 (494.0)
denovo225 F112_AJ291528 335 (476.0)
denovo225 F4.1_AM748572 335 (494.0)
denovo225 F4.8b_AM748590 333 (516.0)
denovo225 F4.8_AM748588 333 (525.0)
denovo225 F4.8a_AM748589 333 (525.0)
denovo225 F109_AJ291527 333 (521.0)
denovo225 F4.6_AM748586 330 (507.0)
denovo225 F111_AJ311949 340 (497.0)
denovo225 F4.3c_AM748581 339 (502.5)
denovo225 F4.3a_AM748579 338 (509.5)
denovo225 F4.3b_AM748580 338 (509.5)
denovo225 F4.3_AM748578 338 (509.5)
denovo225 F4.2_AM748574 336 (497.5)
denovo225 F4.2a_AM748575 336 (509.5)
denovo225 F4.2c_AM748577 336 (515.5)
denovo225 F4.2b_AM748576 336 (509.5)
denovo225 F2b_AJ291521 347 (520.0)
denovo225 F2_AJ830908 345 (513.5)
denovo225 F2a_AJ830911 356 (509.5)
denovo225 F3.1a_AM748566 365 (485.0)
denovo225 F114_AJ291525 360 (480.5)
denovo225 F3.1_AM748565 360 (498.5)
denovo225 F3.2_AM748567 346 (492.0)
denovo225 F3.2a_AM748568 346 (518.5)
denovo225 F3.3_AM748569 345 (496.5)
denovo225 F3.4a_AM748571 329 (510.0)
denovo225 F3.4_AM748570 333 (494.5)
denovo225 F3.4b_AM748616 333 (495.0)
denovo225 G101_AJ291539 350 (402.5)
denovo225 G1_AM748597 350 (393.5)
denovo225 G2b_JN558087 354 (390.5)
denovo225 G2_AM748598 354 (391.0)
denovo225 G2a_AM748599 355 (393.5)
denovo225 G4_AM748601 364 (407.0)
denovo225 G3.4_LK392378 368 (384.5)
denovo225 G3_AM748600 363 (397.0)
denovo225 G3.2_KC597694 345 (367.5)
denovo225 G3.1_KC597688 363 (397.0)
denovo225 G100_AB253788 364 (408.5)
denovo225 G3.3_LK392377 362 (403.5)
denovo225 H6_AJ291520 637 (285.5)
denovo225 H3_AM748606 338 (378.5)
denovo225 H2_AM748605 330 (379.5)
denovo225 H4_AM748607 317 (389.5)
denovo225 H4a_AM748608 325 (400.0)
denovo225 H5a_AM748611 324 (401.0)
denovo225 H5b_AM748610 331 (393.5)
denovo225 H5_AJ621129 324 (392.0)
denovo225 H5_AM748609 324 (392.0)
denovo225 H100_AJ291513 330 (398.5)
denovo225 H1b_AM748604 330 (411.0)
denovo225 H1a_AM748612 329 (408.5)
denovo225 H1_AJ621152 330 (411.5)
denovo225 H1_AM748602 330 (411.5)
denovo225 I3_FN561561 354 (488.0)
denovo225 I4_FN561562 350 (486.0)
denovo225 I1_FN561559 364 (493.5)
denovo225 I2_FN561560 363 (485.5)

#---------------------------------------
#---------------------------------------
