denovo145 A136_DQ865210 348 (446.0)
denovo145 A133_DQ174725 334 (461.5)
denovo145 A115_AF180123 338 (418.5)
denovo145 A117_AF201746 337 (456.0)
denovo145 A134_DQ174723 337 (456.0)
denovo145 A114_AF184941 337 (456.0)
denovo145 A135_DQ174727 331 (448.0)
denovo145 A2_AF333506 331 (460.5)
denovo145 A101_AF427468 326 (449.0)
denovo145 A2_1_JN558097 326 (449.0)
denovo145 A2_2_JN558100 326 (449.0)
denovo145 A113_AF184948 345 (449.0)
denovo145 A112_AF184949 337 (441.0)
denovo145 A123_EF378618 344 (334.0)
denovo145 A137_EF378621 343 (329.0)
denovo145 A11_EU449041 344 (463.0)
denovo145 A121_DQ174722 360 (486.0)
denovo145 A15b_EU792886 342 (440.5)
denovo145 A15a_EU792885 339 (458.5)
denovo145 A15c_EU792887 342 (449.0)
denovo145 A15_EU792884 342 (449.5)
denovo145 A147_EU074937 344 (469.5)
denovo145 A154_EU074860 344 (469.5)
denovo145 A146_EU074936 344 (451.5)
denovo145 A150_EU074928 344 (460.5)
denovo145 A116_AF183575 347 (460.0)
denovo145 A141_EU074931 344 (460.5)
denovo145 A5_AF333508 341 (493.5)
denovo145 A3b_EU449043 344 (469.5)
denovo145 A151_EU074925 343 (467.0)
denovo145 A152_EU074927 344 (469.5)
denovo145 A149_EU074929 344 (469.5)
denovo145 A140_EU074930 344 (460.5)
denovo145 A142_EU074932 344 (470.0)
denovo145 A143_EU074933 340 (467.0)
denovo145 A144_EU074934 344 (460.5)
denovo145 A145_EU074935 344 (469.0)
denovo145 A148_EU074938 347 (478.0)
denovo145 A155_EU074856 339 (461.0)
denovo145 A156_EU074859 344 (460.5)
denovo145 A139_EU074962 344 (460.5)
denovo145 A6_AF186058 344 (469.5)
denovo145 A3_AF333507 344 (469.5)
denovo145 A3_JN558091 344 (469.5)
denovo145 A8_AY258468 340 (450.0)
denovo145 A7_AY239360 340 (461.0)
denovo145 A16_EU792888 340 (461.0)
denovo145 A4.3_FN429763 336 (457.5)
denovo145 A120_AF180122 349 (416.0)
denovo145 A4.2_FN429761 335 (442.0)
denovo145 A4_AF333509 335 (461.0)
denovo145 A4.1_FN429760 335 (440.5)
denovo145 A4a_AF499778 338 (452.0)
denovo145 A4a.1_FN429762 338 (452.0)
denovo145 A138_EF378620 342 (418.0)
denovo145 A122_EF378619 342 (448.5)
denovo145 A126_EF378615 339 (453.0)
denovo145 A10_EU792882 339 (453.0)
denovo145 A9_EU449028 331 (468.0)
denovo145 A105_AB207202 334 (477.5)
denovo145 A119_AF180121 336 (438.0)
denovo145 A12_EU792883 330 (465.0)
denovo145 A104_AB207203 333 (475.0)
denovo145 A1a_EU449030 342 (466.0)
denovo145 A1.3_HE578976 335 (462.0)
denovo145 A1.4_HE578977 335 (471.0)
denovo145 A13_AF333504 335 (480.0)
denovo145 A13_JN558094 335 (480.0)
denovo145 A110_AB190282 352 (477.5)
denovo145 A103_AB207206 349 (469.5)
denovo145 A130_EF656428 335 (462.0)
denovo145 A127_EF656429 349 (469.0)
denovo145 A128_EF656430 335 (462.0)
denovo145 A129_EF656431 335 (462.0)
denovo145 A131_EF656432 336 (465.5)
denovo145 A118_AF180120 347 (438.5)
denovo145 A1_AF333505 335 (471.0)
denovo145 A107_AB207199 347 (472.5)
denovo145 A111_AB190280 351 (467.0)
denovo145 A108_AB207197 333 (451.5)
denovo145 A106_AB207200 332 (481.5)
denovo145 A102_AB207209 333 (475.0)
denovo145 A1.2_AB207210 333 (475.0)
denovo145 A109_AB190285 332 (481.5)
denovo145 B4_AF333510 360 (426.0)
denovo145 B23_EU449079 360 (409.0)
denovo145 B30_GU907644 357 (408.5)
denovo145 B11_AY239361 366 (397.0)
denovo145 B17_AY258470 369 (396.0)
denovo145 B1k_GU907638 327 (220.5)
denovo145 B1.V_Green2014 379 (381.5)
denovo145 B1b_AF499780 344 (398.0)
denovo145 B16_AY258469 368 (382.0)
denovo145 B31a_GU907646 373 (398.0)
denovo145 B32_GU907647 370 (398.5)
denovo145 B31_GU907645 370 (398.5)
denovo145 B1j_GU907637 370 (389.5)
denovo145 B37_GU907650 361 (401.5)
denovo145 B5a_AF499782 368 (393.5)
denovo145 B5_AF499781 370 (389.5)
denovo145 B24_GU907643 368 (296.5)
denovo145 B117_AF180124 365 (366.5)
denovo145 B10_AF499787 371 (383.5)
denovo145 B20_GU907642 370 (392.5)
denovo145 B1m_GU907640 370 (389.5)
denovo145 B34_GU907649 370 (389.5)
denovo145 B1d_GU907633 365 (391.0)
denovo145 B1e_GU907634 370 (389.5)
denovo145 B1i_GU907636 368 (390.5)
denovo145 B1g_GU907635 368 (388.5)
denovo145 B123_EU074872 370 (380.0)
denovo145 B8_AF499785 354 (392.0)
denovo145 B1l_GU907639 367 (389.5)
denovo145 B1a_AF499779 364 (390.0)
denovo145 B14_AY239362 371 (398.0)
denovo145 B125_EU074865 370 (389.5)
denovo145 B122_EU074871 372 (395.5)
denovo145 B124_EU074874 369 (396.5)
denovo145 B1.VII_Green2014 364 (347.5)
denovo145 B1.III_Green2014 362 (384.5)
denovo145 B1.I_Green2014 370 (389.5)
denovo145 B1.II_Green2014 370 (389.5)
denovo145 B1_JN558057 370 (389.5)
denovo145 B1_AF333511 370 (389.5)
denovo145 B1.IV_Green2014 373 (390.0)
denovo145 B121_EU074870 359 (385.5)
denovo145 B7_AF499784 359 (385.5)
denovo145 B1.VI_Green2014 361 (382.5)
denovo145 B3_AF333514 363 (411.0)
denovo145 B9_AF499786 363 (401.5)
denovo145 B19a_JN558055 354 (373.5)
denovo145 B119_EU099825 363 (401.5)
denovo145 B21_DQ865213 357 (396.5)
denovo145 B38_GU907651 357 (396.5)
denovo145 B18_AY258471 367 (387.5)
denovo145 B18a_AY258472 367 (387.0)
denovo145 B33_GU907648 365 (415.5)
denovo145 B6_AF499783 363 (410.5)
denovo145 B19_DQ865212 363 (401.5)
denovo145 B19_GU907641 363 (401.5)
denovo145 B2_AF333512 362 (408.0)
denovo145 B2_JN558060 362 (408.0)
denovo145 C33.1_AY258498 366 (402.0)
denovo145 C33.2_AY765400 366 (402.0)
denovo145 C33a_EF541147 366 (402.0)
denovo145 C34_AY258499 362 (417.0)
denovo145 C78_AY765413 350 (381.0)
denovo145 C15.29_KC597690 372 (371.0)
denovo145 C1131_DQ182650 357 (355.0)
denovo145 C1135_DQ182646 358 (378.0)
denovo145 C1134_DQ182647 358 (378.0)
denovo145 C1142_DQ182635 358 (369.0)
denovo145 C1136_DQ182644 355 (367.5)
denovo145 C1111_DQ182645 370 (359.0)
denovo145 C1236_EF473656 356 (343.0)
denovo145 C1138_DQ182642 357 (354.5)
denovo145 C1137_DQ182643 355 (348.5)
denovo145 C1133_DQ182648 356 (361.0)
denovo145 C1132_DQ182649 355 (350.0)
denovo145 C1143_DQ182634 356 (352.0)
denovo145 C1139_DQ182639 362 (364.0)
denovo145 C15.28_KC597687 365 (400.0)
denovo145 C1141_DQ182636 362 (382.0)
denovo145 C1144_DQ182637 363 (376.0)
denovo145 C1122_DQ182654 358 (377.5)
denovo145 C1127_DQ182652 358 (378.0)
denovo145 C15.30_JX394114 358 (393.5)
denovo145 C15.26_KC597686 363 (395.0)
denovo145 C1086_DQ182656 360 (394.5)
denovo145 C15.25_KC597685 361 (394.5)
denovo145 C1118_AF180127 352 (378.0)
denovo145 C1129_DQ182651 360 (365.5)
denovo145 C15.21_KC597683 365 (379.0)
denovo145 C56_AY589760 357 (401.0)
denovo145 C1140_DQ182638 367 (369.0)
denovo145 C1126_DQ182653 362 (372.0)
denovo145 C15c_AY258492 369 (392.5)
denovo145 C15d_AY258493 369 (392.5)
denovo145 C1098_DQ182641 361 (384.0)
denovo145 C15.27_KC597689 365 (389.0)
denovo145 C15.18_HE579024 360 (402.0)
denovo145 C15.16_HE579022 371 (406.5)
denovo145 C1101_AB253787 361 (377.5)
denovo145 C1083_AY237300 364 (404.0)
denovo145 C1088_DQ182640 371 (389.0)
denovo145 C15.6_FN563472 361 (386.5)
denovo145 C15.5_FJ461512 361 (386.5)
denovo145 C15.4_FJ461511 361 (386.5)
denovo145 C15.13_HE579019 361 (386.5)
denovo145 C15.12_HE579018 361 (386.5)
denovo145 C93a_AM748563 368 (407.0)
denovo145 C1094_AJ291514 367 (398.0)
denovo145 C93_AM748562 367 (407.0)
denovo145 C15.17_HE579023 360 (396.5)
denovo145 C15e_AY589742 357 (397.0)
denovo145 C15.22_KC597695 361 (386.5)
denovo145 C60_AY589764 368 (398.0)
denovo145 C15.1_FJ461508 361 (404.5)
denovo145 C15.2_FJ461509 359 (390.5)
denovo145 C15.9_FN563475 361 (395.5)
denovo145 C15.7_HE579015 370 (395.5)
denovo145 C15.8_HE579016 361 (386.5)
denovo145 C15.15_HE579021 361 (395.5)
denovo145 C15.19_HE579025 363 (392.0)
denovo145 C15.24_KC597696 361 (386.5)
denovo145 C15.3_FJ461510 359 (390.5)
denovo145 C1087_DQ182655 361 (396.0)
denovo145 C15.14_HE579020 369 (388.5)
denovo145 C15.23_KC597697 369 (388.5)
denovo145 C19_AY258479 360 (386.0)
denovo145 C1233_EU118166 361 (386.5)
denovo145 C15b_AY258491 361 (386.5)
denovo145 C15a_AY258476 361 (395.5)
denovo145 C1051_AF195153 361 (404.5)
denovo145 C2_AF333518 359 (404.5)
denovo145 C15.20_HE579026 362 (395.0)
denovo145 C15f_AY589743 360 (397.0)
denovo145 C55_AY589759 367 (399.0)
denovo145 C15_AY239369 361 (395.5)
denovo145 C32.1_JF683335 351 (401.5)
denovo145 C32.2_JF683336 365 (397.0)
denovo145 C21.23_KC597693 365 (397.0)
denovo145 C1193_EU099827 359 (404.5)
denovo145 C1195_EU099821 368 (370.5)
denovo145 C3q_GU907655 353 (411.0)
denovo145 C53_AY589758 364 (377.5)
denovo145 C73_AY765408 360 (391.0)
denovo145 C17.2.1_KC597684 366 (381.5)
denovo145 C32_AY258497 364 (403.5)
denovo145 C1189_EU099831 364 (385.5)
denovo145 C1191_EU099833 349 (385.5)
denovo145 C1196_EU099819 355 (386.0)
denovo145 C1192_EU099820 355 (386.0)
denovo145 C17.1_JF683322 363 (400.5)
denovo145 C26_b2_FN827164 365 (403.0)
denovo145 C26_b3_FN827165 363 (389.0)
denovo145 C31.9_HQ630879 366 (399.5)
denovo145 C31a_AY589746 367 (390.0)
denovo145 C30_AY589745 367 (398.5)
denovo145 C31.1_HQ630876 360 (402.5)
denovo145 C31.5_HQ630877 368 (401.5)
denovo145 C31.6_HQ630878 374 (393.5)
denovo145 C31.2_JF683332 358 (397.0)
denovo145 C31.3_JF683333 358 (397.0)
denovo145 C26/C35a_AY239378 365 (394.0)
denovo145 C35a_AY258501 365 (394.0)
denovo145 C35.2_AY258500 365 (403.0)
denovo145 C26_b1_FN827163 365 (403.0)
denovo145 C17_AY239370 364 (394.5)
denovo145 C17.2_FJ461513 366 (393.5)
denovo145 C31.10_HQ630880 366 (408.5)
denovo145 C31.4_JF683334 373 (393.0)
denovo145 C31_AY258496 367 (399.0)
denovo145 C25_AY239377 364 (390.0)
denovo145 C61_AY589765 353 (395.0)
denovo145 C1043_DQ072721 365 (390.0)
denovo145 C79_AY765414 371 (391.0)
denovo145 C69_AY589773 350 (400.0)
denovo145 C69a_AY686648 350 (391.0)
denovo145 C21.22_KC597692 347 (416.5)
denovo145 C51_AY589756 367 (387.5)
denovo145 C1aa_HM185739 363 (421.5)
denovo145 C1096_DQ068023 369 (401.0)
denovo145 C74_AY765409 370 (411.5)
denovo145 C1185_AB294629 370 (402.5)
denovo145 C1184_AB294630 369 (408.0)
denovo145 C1153_AB294625 370 (420.5)
denovo145 C1154_AB294626 370 (402.5)
denovo145 C1187_AB294627 370 (402.5)
denovo145 C1186_AB294628 370 (420.5)
denovo145 C57_AY589761 370 (411.0)
denovo145 C66_AY589771 370 (411.5)
denovo145 C5_AF499795 366 (401.5)
denovo145 C1167_AB294586 364 (405.0)
denovo145 C1164_AB294593 366 (401.5)
denovo145 C1183_AB294631 366 (401.5)
denovo145 C1067_DQ335381 364 (406.5)
denovo145 C1159_AB294613 365 (413.0)
denovo145 C1150_AB294622 363 (416.0)
denovo145 C90_AM748554 367 (406.0)
denovo145 C1168_AB294583 369 (401.0)
denovo145 C1156_AB294616 371 (415.5)
denovo145 C1151_AB294621 369 (410.0)
denovo145 C92a_AM748561 365 (416.0)
denovo145 C92_AM748560 369 (410.0)
denovo145 C1165_AB294581 366 (402.0)
denovo145 C1166_AB294584 366 (392.5)
denovo145 C1162_AB294594 364 (405.0)
denovo145 C1163_AB294596 368 (398.0)
denovo145 C1161_AB294606 364 (396.0)
denovo145 C1160_AB294608 363 (401.5)
denovo145 C1158_AB294614 366 (401.5)
denovo145 C1155_AB294617 366 (392.5)
denovo145 C1149_AB294620 366 (401.5)
denovo145 C1173_AB294662 369 (401.5)
denovo145 C1171_AB294663 366 (410.5)
denovo145 C1172_AB294665 366 (392.5)
denovo145 C91a_AM748556 357 (401.5)
denovo145 C91b_AM748557 360 (400.0)
denovo145 C91d_AM748559 371 (398.5)
denovo145 C91c_AM748558 361 (403.5)
denovo145 C91_AJ621543 366 (401.5)
denovo145 C91_AM748555 366 (401.5)
denovo145 C1023_DQ335330 344 (391.0)
denovo145 C1020_DQ335392 364 (406.0)
denovo145 C1018_DQ335408 367 (414.5)
denovo145 C1074_DQ335329 367 (396.5)
denovo145 C1030_DQ335353 367 (405.5)
denovo145 C1022_DQ335331 370 (397.0)
denovo145 C1027_DQ335360 367 (406.0)
denovo145 C1072_DQ335344 365 (400.5)
denovo145 C1039_AB190274 365 (400.0)
denovo145 C1033_DQ335350 371 (418.5)
denovo145 C1019_DQ335407 367 (405.5)
denovo145 C1194_EU099826 359 (403.5)
denovo145 C8b_AY258475 356 (386.0)
denovo145 C8_AY239367 358 (396.5)
denovo145 C8a_AY239368 355 (396.0)
denovo145 C54a_AY765406 362 (399.5)
denovo145 C3ff_HM185740 367 (406.0)
denovo145 C59_AY589763 365 (410.0)
denovo145 C3k_AY589737 364 (414.0)
denovo145 C3.24_HE579012 364 (414.0)
denovo145 C3.23_HE579011 364 (414.0)
denovo145 C35.1_AY765401 357 (402.5)
denovo145 C35.3_EF541145 357 (402.5)
denovo145 C76_AY765411 360 (410.0)
denovo145 C1107_DQ335359 366 (407.5)
denovo145 C3.22_HE579010 376 (407.0)
denovo145 C77_AY765412 363 (399.5)
denovo145 C20_AY239371 369 (402.0)
denovo145 C1055_DQ480640 364 (403.0)
denovo145 C27/C30_AY239379 357 (397.0)
denovo145 C27.1_FJ461517 356 (403.5)
denovo145 C40a_AY589747 361 (387.5)
denovo145 C40_AY258485 367 (396.5)
denovo145 C40b_AY589748 363 (408.5)
denovo145 C16_AY258477 364 (405.0)
denovo145 C16a_AY765399 364 (405.0)
denovo145 C1091_AB207186 365 (390.5)
denovo145 C1102_DQ335400 365 (400.0)
denovo145 C1069_DQ335375 367 (406.5)
denovo145 C1073_DQ335332 367 (406.0)
denovo145 C1066_DQ335382 367 (405.5)
denovo145 C1031_DQ335352 368 (409.0)
denovo145 C1026_DQ335366 368 (409.0)
denovo145 C70_AY589774 367 (405.0)
denovo145 C1082_AB190267 360 (403.5)
denovo145 C1078_AB190271 359 (399.5)
denovo145 C1090_AB207191 367 (397.0)
denovo145 C1071_DQ335302 365 (400.0)
denovo145 C1075_DQ335328 365 (409.0)
denovo145 C1068_DQ335379 368 (399.0)
denovo145 C1064_DQ335395 362 (399.5)
denovo145 C1063_DQ335403 365 (400.0)
denovo145 C62_AY589766 365 (400.0)
denovo145 C1077_DQ335316 360 (399.0)
denovo145 C1109_DQ335338 365 (391.0)
denovo145 C1110_DQ335340 358 (397.5)
denovo145 C1106_DQ335339 362 (382.0)
denovo145 C1112_DQ335319 363 (385.5)
denovo145 C1108_DQ335351 363 (385.5)
denovo145 C1105_DQ335394 363 (385.5)
denovo145 C1121_DQ335378 363 (376.5)
denovo145 C1116_AB190268 365 (391.0)
denovo145 C1115_AB190273 363 (385.5)
denovo145 C1124_DQ335323 362 (383.0)
denovo145 C1120_DQ335398 363 (385.0)
denovo145 C1119_DQ335404 356 (382.5)
denovo145 C1123_DQ335363 363 (376.5)
denovo145 C1004_DQ480635 363 (393.0)
denovo145 C1061_AY186568 378 (386.0)
denovo145 C1053_AY186569 378 (395.0)
denovo145 C1003_DQ480639 378 (395.0)
denovo145 C81_GU907657 353 (400.0)
denovo145 C22_AY239373 365 (407.5)
denovo145 C22a_AY239374 365 (408.5)
denovo145 C1232_EU118163 364 (396.0)
denovo145 C21.13_FJ461515 355 (403.0)
denovo145 C21.1_JF683323 364 (421.0)
denovo145 C21.3_JF683325 361 (402.5)
denovo145 C1.20_HE578993 358 (414.5)
denovo145 C1.22_HE578995 358 (405.5)
denovo145 C52_AY589757 373 (390.5)
denovo145 C1201_EU099793 380 (388.5)
denovo145 C14_AY589741 361 (407.5)
denovo145 C43_AY589749 366 (402.0)
denovo145 C50_AY589755 362 (399.0)
denovo145 C3.14_HQ630872 364 (414.5)
denovo145 C1m_AY765398 366 (392.5)
denovo145 C82_GU907658 360 (411.0)
denovo145 C82b_GU907660 360 (411.0)
denovo145 C64_AY589768 364 (405.5)
denovo145 C45a_AY765404 367 (406.0)
denovo145 C48_AY589753 359 (402.0)
denovo145 C1_v1b_FJ919244 367 (409.0)
denovo145 C1_v1a_FJ919243 365 (402.0)
denovo145 C3j_AY239366 367 (405.5)
denovo145 C3t_EF541149 367 (406.0)
denovo145 C9_AF499798 360 (402.0)
denovo145 C23_AY239375 362 (415.5)
denovo145 C37_AY258481 361 (405.5)
denovo145 C1048_DQ068026 365 (408.5)
denovo145 C21.4_JF683326 365 (405.5)
denovo145 C21.5_JF683327 364 (412.5)
denovo145 C1070_DQ335349 365 (399.0)
denovo145 C21.6_HQ630873 364 (394.5)
denovo145 C1224_EU074890 356 (408.0)
denovo145 C1.17_HE578990 362 (408.0)
denovo145 C21_b1_FN827162 366 (390.5)
denovo145 C21.9_JF683330 366 (399.5)
denovo145 C1085_AY624605 367 (405.5)
denovo145 C3p_GU907654 363 (406.0)
denovo145 C3f_AY589734 365 (409.0)
denovo145 C65a_AY589770 365 (391.0)
denovo145 C65_AY589769 365 (400.0)
denovo145 C71_AY589775 361 (397.5)
denovo145 C71a_AY589776 361 (388.5)
denovo145 C1178_AB294647 366 (397.0)
denovo145 C1225_EU074893 360 (403.0)
denovo145 C75_AY765410 364 (405.5)
denovo145 C21.10_JF683331 364 (403.5)
denovo145 C21.11_HQ630874 364 (403.5)
denovo145 C1065_DQ335388 368 (390.0)
denovo145 C1045_DQ068036 368 (399.0)
denovo145 C1h_AY258473 363 (402.0)
denovo145 C38_AY258482 367 (404.5)
denovo145 C1202_EU099799 362 (400.5)
denovo145 C7_AF499797 364 (405.5)
denovo145 C12_AF499801 366 (395.0)
denovo145 C38a_AY258483 363 (408.5)
denovo145 C1200_EU099800 352 (405.0)
denovo145 C44a_AY589751 367 (414.5)
denovo145 C47_AY589752 368 (399.0)
denovo145 C44_AY589750 367 (405.5)
denovo145 C1.15_HE578988 362 (407.5)
denovo145 C45.3_FJ461522 362 (416.5)
denovo145 C46a_AY765405 362 (408.0)
denovo145 C46_EU449108 366 (402.5)
denovo145 C3.12_FJ461507 367 (414.5)
denovo145 C1k_AY589733 371 (408.5)
denovo145 C67_AY686647 366 (402.0)
denovo145 C82a_GU907659 366 (410.5)
denovo145 C10a_AY589739 367 (404.5)
denovo145 C10_AF499799 366 (411.0)
denovo145 C13_AY589740 364 (411.0)
denovo145 C4_AF499794 366 (402.0)
denovo145 C1147_EF656433 366 (411.0)
denovo145 C1c/C45_AY239364 366 (411.0)
denovo145 C1c/C45_EU449103 366 (411.0)
denovo145 C21.19_HE579031 360 (400.0)
denovo145 C21.21_HE579033 360 (391.0)
denovo145 C21.20_HE579032 360 (400.0)
denovo145 C42b_AY765403 366 (411.0)
denovo145 C42_AY258487 366 (411.0)
denovo145 C1p_GU907652 366 (393.0)
denovo145 C1d_AY258488 366 (402.0)
denovo145 C42_AY765402 366 (402.0)
denovo145 C3ha_AY589736 355 (404.0)
denovo145 C63a_AY589767 354 (394.0)
denovo145 C21a_AY589744 364 (394.5)
denovo145 C3o_GU907653 364 (403.5)
denovo145 C21.16_HQ630875 367 (412.5)
denovo145 C21.2_JF683324 353 (406.5)
denovo145 C21.7_JF683328 364 (403.5)
denovo145 C21.8_JF683329 360 (400.0)
denovo145 C3h_AY239365 364 (394.5)
denovo145 C1203_EU099798 364 (403.5)
denovo145 C3.10_FJ461505 363 (411.5)
denovo145 C21.14_FJ461516 360 (409.5)
denovo145 C21.18_HE579030 370 (391.5)
denovo145 C3.17_HE579005 367 (396.5)
denovo145 C3.9_FJ461504 361 (403.5)
denovo145 C3.8_FJ461503 367 (405.5)
denovo145 C3.7_FJ461502 367 (396.5)
denovo145 C3.11_FJ461506 365 (408.5)
denovo145 C3.18_HE579006 365 (409.5)
denovo145 C3.19_HE579007 366 (402.5)
denovo145 C3.20_HE579008 367 (414.5)
denovo145 C3g_AY589735 366 (396.0)
denovo145 C3a_AF499790 367 (414.5)
denovo145 C3e_AF499793 365 (400.5)
denovo145 C6_AF499796 367 (414.5)
denovo145 C11_AF499800 367 (405.5)
denovo145 C36_AY258480 366 (401.5)
denovo145 C29_AY258494 367 (405.5)
denovo145 C1146_EF656434 366 (411.0)
denovo145 C1190_EU099841 367 (396.5)
denovo145 C131_JF320826 367 (396.5)
denovo145 C28_AY239380 366 (413.0)
denovo145 C1012_DQ480604 367 (414.5)
denovo145 C1181_AB294640 366 (406.0)
denovo145 C1180_AB294641 366 (415.0)
denovo145 C1179_AB294645 366 (406.0)
denovo145 C1176_AB294651 365 (412.0)
denovo145 C1175_AB294653 366 (406.0)
denovo145 C1174_AB294655 366 (405.5)
denovo145 C1177_AB294659 368 (412.0)
denovo145 C1040_AB190269 366 (411.5)
denovo145 C1182_AB294649 367 (396.5)
denovo145 C1089_AJ278598 367 (396.5)
denovo145 C1028_DQ335357 367 (405.5)
denovo145 C3.16_EU786015 367 (414.5)
denovo145 C1097_AJ311943 368 (395.5)
denovo145 C1170_AB294661 366 (406.0)
denovo145 C21.17_HE579029 360 (401.0)
denovo145 C21/3d/C3k_AY239372 364 (403.5)
denovo145 C58_AY589762 365 (403.0)
denovo145 C3L_AY589738 367 (401.0)
denovo145 C1169_AB294660 366 (406.0)
denovo145 C3.2_FJ461497 363 (406.5)
denovo145 C3.1_JF683321 365 (403.0)
denovo145 C1104_AF427469 368 (395.5)
denovo145 C3b_AF499791 368 (403.0)
denovo145 C83_GU907661 369 (404.5)
denovo145 C49_AY589754 390 (421.5)
denovo145 C3_AB778606 367 (405.5)
denovo145 C3_AF499789 367 (405.5)
denovo145 C3_HE579001 367 (405.5)
denovo145 C21.12_FJ461514 362 (398.5)
denovo145 C1229_EU074888 361 (400.0)
denovo145 C1230_EU074889 361 (409.0)
denovo145 C1114_AB207196 368 (399.0)
denovo145 C3.21_HE579009 369 (352.0)
denovo145 C1057_DQ480619 367 (396.0)
denovo145 C72_AY765407 365 (389.0)
denovo145 C1b.3_HE578999 362 (394.0)
denovo145 C93_AJ621536 367 (396.5)
denovo145 C94_AJ621539 366 (393.0)
denovo145 C1g_AY589730 366 (393.0)
denovo145 C1i_AY589731 366 (401.5)
denovo145 C1j_AY589732 366 (402.0)
denovo145 C1005_DQ480633 362 (407.5)
denovo145 C1.7_FJ461494 366 (402.0)
denovo145 C1.11_HE578984 370 (395.5)
denovo145 C1.12_HE578985 366 (402.0)
denovo145 C1.13_HE578986 358 (405.5)
denovo145 C1.14_HE578987 366 (411.0)
denovo145 C1.18_HE578991 366 (402.0)
denovo145 C1.19_HE578992 366 (411.0)
denovo145 C1199_EU099802 367 (381.5)
denovo145 C1188_EU099838 367 (396.5)
denovo145 C1002_DQ838544 367 (405.5)
denovo145 C1198_EU099810 365 (403.0)
denovo145 C24_AY239376 357 (394.0)
denovo145 C1f_AY258490 360 (393.0)
denovo145 C1006_DQ480629 366 (402.0)
denovo145 C1010_DQ480607 361 (405.0)
denovo145 C1007_DQ480624 380 (392.0)
denovo145 C1011_DQ480605 368 (408.0)
denovo145 C1009_DQ480608 370 (395.5)
denovo145 C1041_AY186548 366 (402.0)
denovo145 C1052_AY186570 366 (401.5)
denovo145 C1148_EU040178 367 (396.5)
denovo145 C1234_EU118165 368 (396.0)
denovo145 C1.5_EF634157 357 (402.5)
denovo145 C1059_DQ480609 366 (393.0)
denovo145 C1228_EU074883 363 (402.0)
denovo145 C1208_EU074963 366 (411.0)
denovo145 C1207_EU074964 366 (402.0)
denovo145 C1206_EU074965 362 (399.0)
denovo145 C1013_DQ480642 358 (396.0)
denovo145 C80_GU907656 368 (409.0)
denovo145 C1a_AF499788 366 (402.0)
denovo145 C41_AY258486 357 (403.0)
denovo145 C39_AY258484 358 (401.5)
denovo145 C1231_EU074878 366 (393.0)
denovo145 C1b.1_HE578997 362 (394.0)
denovo145 C18_AY258478 370 (404.5)
denovo145 C1.10_HE578983 361 (394.5)
denovo145 C1_JN558041 366 (402.0)
denovo145 C1_HE578979 366 (402.0)
denovo145 C1_AM748551 366 (402.0)
denovo145 C1_AF333515 366 (402.0)
denovo145 C1054_AY186565 380 (398.0)
denovo145 C1008_DQ480613 365 (394.5)
denovo145 C1103_AF427470 367 (392.0)
denovo145 C1226_EU074881 366 (398.5)
denovo145 C1b/C1e_AY239363 362 (403.0)
denovo145 C1044_DQ068038 379 (392.0)
denovo145 C1017_DQ174729 363 (402.5)
denovo145 C1.6_FJ461493 366 (393.0)
denovo145 C1b.2_HE578998 362 (412.0)
denovo145 C1060_DQ480600 366 (393.0)
denovo145 C1227_EU074882 366 (393.0)
denovo145 C1197_EU099814 366 (393.0)
denovo145 C1130_DQ480643 364 (345.0)
denovo145 D109_AB097465 355 (382.5)
denovo145 D1.11_HE579040 367 (413.0)
denovo145 D105_AF174570 365 (398.0)
denovo145 D104_AF174572 362 (394.5)
denovo145 D1.3_JF683337 367 (394.0)
denovo145 D1.10_HE579039 350 (396.0)
denovo145 D110_AF174561 350 (396.0)
denovo145 D117_AF174542 350 (387.0)
denovo145 D114_AF174549 350 (396.0)
denovo145 D113_AF174557 350 (395.5)
denovo145 D112_AF174558 350 (396.0)
denovo145 D106_AF174559 367 (404.0)
denovo145 D111_AF174560 350 (396.0)
denovo145 D115_AF174562 351 (389.5)
denovo145 D107_AF174568 350 (396.0)
denovo145 D116_AF174571 350 (396.0)
denovo145 D124_EU074897 350 (396.0)
denovo145 D1.8_HE579037 350 (396.0)
denovo145 D3_AY686650 351 (398.5)
denovo145 D1.6_HQ630881 356 (402.5)
denovo145 D120_EU074900 350 (396.0)
denovo145 D121_EU074904 350 (396.0)
denovo145 D122_EU074905 362 (403.5)
denovo145 D1a.2_JF683339 350 (398.5)
denovo145 D1a.1_JF683338 350 (396.0)
denovo145 D2_AY686649 565 (434.0)
denovo145 D4_DQ865214 367 (391.5)
denovo145 D1a_AF499802 350 (396.0)
denovo145 D1a_JN558078 350 (396.0)
denovo145 D123_EU074895 353 (396.0)
denovo145 D108_AF174567 350 (395.5)
denovo145 D103_AF174575 353 (405.0)
denovo145 D100_AF411415 359 (403.5)
denovo145 D118_EF656435 350 (396.0)
denovo145 D101_AF411416 352 (403.5)
denovo145 D119_EU099832 362 (406.0)
denovo145 D102_AF174573 349 (396.5)
denovo145 D1_AF334660 350 (396.0)
denovo145 D1_JN558076 350 (396.0)
denovo145 D1.12_HE579041 333 (392.5)
denovo145 D1.1_AM748564 422 (411.5)
denovo145 D1.2_AM748617 435 (412.5)
denovo145 E111_EU074915 371 (407.5)
denovo145 E110_EU074914 366 (406.5)
denovo145 E114_EU074909 367 (400.0)
denovo145 E1_AF334659 367 (396.5)
denovo145 E105_EU074921 366 (406.5)
denovo145 E112_EU074916 366 (406.5)
denovo145 E104_EU074922 364 (400.0)
denovo145 E102_EU074924 367 (391.0)
denovo145 E103_EU074923 367 (400.0)
denovo145 E101_AY160123 367 (406.0)
denovo145 E109_EU074913 341 (415.0)
denovo145 E100_DQ011618 368 (432.5)
denovo145 E108_EU074912 374 (414.5)
denovo145 E113_EU074908 374 (409.0)
denovo145 E107_EU074910 374 (415.0)
denovo145 F1_JN558066 368 (434.5)
denovo145 F5.2d_AJ291530 360 (454.5)
denovo145 F104_AJ291531 360 (454.5)
denovo145 F5.2c_AM748596 367 (447.5)
denovo145 F5.2_AM748594 369 (454.0)
denovo145 F5.2a_AM748614 369 (454.0)
denovo145 F5.2b_AM748595 367 (447.5)
denovo145 F5.2e_AJ291533 373 (427.5)
denovo145 F5.2g_JN558072 356 (452.0)
denovo145 F5.2f_AJ291512 367 (457.0)
denovo145 F102_AJ291534 360 (464.0)
denovo145 F5.1c_AM748593 357 (445.0)
denovo145 F5.1d_JN558069 358 (457.5)
denovo145 F5.1b_AJ291535 358 (475.5)
denovo145 F5.1_AM748592 358 (457.5)
denovo145 F5.1a_AM748591 358 (466.5)
denovo145 F110_AJ291526 344 (467.0)
denovo145 F4.7_AM748587 344 (444.0)
denovo145 F4.5_AM748585 355 (435.0)
denovo145 F4.4a_AM748583 344 (451.5)
denovo145 F4.4_AM748582 342 (460.0)
denovo145 F4.4b_AM748584 350 (458.5)
denovo145 F4.1a_AM748573 342 (462.5)
denovo145 F112_AJ291528 344 (478.0)
denovo145 F4.1_AM748572 344 (478.0)
denovo145 F4.8b_AM748590 357 (442.5)
denovo145 F4.8_AM748588 346 (445.5)
denovo145 F4.8a_AM748589 353 (449.0)
denovo145 F109_AJ291527 348 (456.0)
denovo145 F4.6_AM748586 341 (468.5)
denovo145 F111_AJ311949 346 (456.5)
denovo145 F4.3c_AM748581 346 (471.5)
denovo145 F4.3a_AM748579 346 (471.5)
denovo145 F4.3b_AM748580 346 (453.5)
denovo145 F4.3_AM748578 346 (462.5)
denovo145 F4.2_AM748574 344 (451.0)
denovo145 F4.2a_AM748575 345 (448.5)
denovo145 F4.2c_AM748577 349 (447.0)
denovo145 F4.2b_AM748576 345 (457.5)
denovo145 F2b_AJ291521 367 (435.0)
denovo145 F2_AJ830908 368 (447.5)
denovo145 F2a_AJ830911 368 (438.5)
denovo145 F3.1a_AM748566 379 (429.0)
denovo145 F114_AJ291525 379 (429.0)
denovo145 F3.1_AM748565 379 (429.0)
denovo145 F3.2_AM748567 380 (443.0)
denovo145 F3.2a_AM748568 362 (451.0)
denovo145 F3.3_AM748569 366 (439.5)
denovo145 F3.4a_AM748571 360 (457.5)
denovo145 F3.4_AM748570 363 (457.0)
denovo145 F3.4b_AM748616 363 (457.0)
denovo145 G101_AJ291539 360 (412.5)
denovo145 G1_AM748597 369 (414.0)
denovo145 G2b_JN558087 370 (394.5)
denovo145 G2_AM748598 369 (400.5)
denovo145 G2a_AM748599 369 (400.5)
denovo145 G4_AM748601 371 (408.5)
denovo145 G3.4_LK392378 365 (419.5)
denovo145 G3_AM748600 375 (395.5)
denovo145 G3.2_KC597694 356 (354.5)
denovo145 G3.1_KC597688 371 (402.0)
denovo145 G100_AB253788 372 (404.5)
denovo145 G3.3_LK392377 372 (404.5)
denovo145 H6_AJ291520 629 (348.5)
denovo145 H3_AM748606 350 (313.5)
denovo145 H2_AM748605 360 (324.0)
denovo145 H4_AM748607 357 (347.5)
denovo145 H4a_AM748608 365 (348.5)
denovo145 H5a_AM748611 357 (324.5)
denovo145 H5b_AM748610 361 (317.0)
denovo145 H5_AJ621129 357 (315.5)
denovo145 H5_AM748609 357 (315.5)
denovo145 H100_AJ291513 366 (334.5)
denovo145 H1b_AM748604 359 (333.0)
denovo145 H1a_AM748612 366 (338.5)
denovo145 H1_AJ621152 366 (338.5)
denovo145 H1_AM748602 366 (338.5)
denovo145 I3_FN561561 370 (445.0)
denovo145 I4_FN561562 371 (438.5)
denovo145 I1_FN561559 367 (418.5)
denovo145 I2_FN561560 367 (418.5)

#---------------------------------------
#---------------------------------------
