denovo78 A136_DQ865210 340 (481.0)
denovo78 A133_DQ174725 358 (452.0)
denovo78 A115_AF180123 342 (454.0)
denovo78 A117_AF201746 337 (455.0)
denovo78 A134_DQ174723 339 (460.5)
denovo78 A114_AF184941 339 (460.5)
denovo78 A135_DQ174727 346 (453.5)
denovo78 A2_AF333506 341 (462.0)
denovo78 A101_AF427468 346 (454.0)
denovo78 A2_1_JN558097 346 (454.0)
denovo78 A2_2_JN558100 346 (454.0)
denovo78 A113_AF184948 335 (478.5)
denovo78 A112_AF184949 335 (451.5)
denovo78 A123_EF378618 361 (296.5)
denovo78 A137_EF378621 344 (344.0)
denovo78 A11_EU449041 338 (487.5)
denovo78 A121_DQ174722 340 (462.0)
denovo78 A15b_EU792886 338 (449.5)
denovo78 A15a_EU792885 338 (467.0)
denovo78 A15c_EU792887 338 (458.0)
denovo78 A15_EU792884 338 (458.5)
denovo78 A147_EU074937 339 (479.5)
denovo78 A154_EU074860 338 (477.0)
denovo78 A146_EU074936 339 (470.0)
denovo78 A150_EU074928 336 (479.5)
denovo78 A116_AF183575 339 (470.0)
denovo78 A141_EU074931 339 (479.0)
denovo78 A5_AF333508 337 (488.5)
denovo78 A3b_EU449043 338 (486.0)
denovo78 A151_EU074925 343 (473.5)
denovo78 A152_EU074927 341 (468.0)
denovo78 A149_EU074929 338 (468.0)
denovo78 A140_EU074930 338 (468.0)
denovo78 A142_EU074932 338 (468.0)
denovo78 A143_EU074933 341 (477.0)
denovo78 A144_EU074934 338 (468.0)
denovo78 A145_EU074935 341 (476.0)
denovo78 A148_EU074938 338 (468.0)
denovo78 A155_EU074856 338 (468.0)
denovo78 A156_EU074859 338 (468.0)
denovo78 A139_EU074962 339 (470.5)
denovo78 A6_AF186058 338 (477.0)
denovo78 A3_AF333507 338 (477.0)
denovo78 A3_JN558091 338 (477.0)
denovo78 A8_AY258468 338 (450.0)
denovo78 A7_AY239360 338 (459.5)
denovo78 A16_EU792888 338 (468.5)
denovo78 A4.3_FN429763 349 (461.0)
denovo78 A120_AF180122 345 (458.5)
denovo78 A4.2_FN429761 347 (443.0)
denovo78 A4_AF333509 347 (471.0)
denovo78 A4.1_FN429760 346 (475.0)
denovo78 A4a_AF499778 347 (472.0)
denovo78 A4a.1_FN429762 347 (472.0)
denovo78 A138_EF378620 358 (415.0)
denovo78 A122_EF378619 348 (451.5)
denovo78 A126_EF378615 347 (452.5)
denovo78 A10_EU792882 347 (452.5)
denovo78 A9_EU449028 340 (460.5)
denovo78 A105_AB207202 341 (472.5)
denovo78 A119_AF180121 341 (462.5)
denovo78 A12_EU792883 345 (465.5)
denovo78 A104_AB207203 339 (475.5)
denovo78 A1a_EU449030 343 (477.5)
denovo78 A1.3_HE578976 344 (471.0)
denovo78 A1.4_HE578977 343 (469.0)
denovo78 A13_AF333504 343 (478.0)
denovo78 A13_JN558094 343 (478.0)
denovo78 A110_AB190282 343 (460.0)
denovo78 A103_AB207206 342 (467.0)
denovo78 A130_EF656428 343 (460.0)
denovo78 A127_EF656429 343 (478.0)
denovo78 A128_EF656430 343 (460.0)
denovo78 A129_EF656431 344 (472.0)
denovo78 A131_EF656432 346 (468.0)
denovo78 A118_AF180120 340 (472.5)
denovo78 A1_AF333505 343 (469.0)
denovo78 A107_AB207199 343 (469.5)
denovo78 A111_AB190280 342 (475.5)
denovo78 A108_AB207197 342 (460.5)
denovo78 A106_AB207200 342 (475.0)
denovo78 A102_AB207209 342 (475.5)
denovo78 A1.2_AB207210 342 (475.5)
denovo78 A109_AB190285 342 (475.0)
denovo78 B4_AF333510 321 (1094.5)
denovo78 B23_EU449079 307 (1177.5)
denovo78 B30_GU907644 307 (1159.5)
denovo78 B11_AY239361 308 (1289.5)
denovo78 B17_AY258470 306 (1309.0)
denovo78 B1k_GU907638 308 (714.5)
denovo78 B1.V_Green2014 313 (1266.5)
denovo78 B1b_AF499780 306 (1240.5)
denovo78 B16_AY258469 306 (1318.0)
denovo78 B31a_GU907646 306 (1318.0)
denovo78 B32_GU907647 306 (1318.0)
denovo78 B31_GU907645 306 (1327.0)
denovo78 B1j_GU907637 306 (1318.0)
denovo78 B37_GU907650 308 (1316.5)
denovo78 B5a_AF499782 306 (1318.0)
denovo78 B5_AF499781 306 (1327.0)
denovo78 B24_GU907643 306 (1193.5)
denovo78 B117_AF180124 306 (1218.5)
denovo78 B10_AF499787 306 (1318.0)
denovo78 B20_GU907642 308 (1301.5)
denovo78 B1m_GU907640 306 (1327.0)
denovo78 B34_GU907649 306 (1327.0)
denovo78 B1d_GU907633 306 (1327.0)
denovo78 B1e_GU907634 306 (1327.0)
denovo78 B1i_GU907636 306 (1327.0)
denovo78 B1g_GU907635 307 (1308.0)
denovo78 B123_EU074872 306 (1318.0)
denovo78 B8_AF499785 307 (1317.0)
denovo78 B1l_GU907639 306 (1327.0)
denovo78 B1a_AF499779 306 (1327.0)
denovo78 B14_AY239362 307 (1317.0)
denovo78 B125_EU074865 306 (1327.0)
denovo78 B122_EU074871 306 (1327.0)
denovo78 B124_EU074874 306 (1327.0)
denovo78 B1.VII_Green2014 306 (1302.0)
denovo78 B1.III_Green2014 306 (1255.0)
denovo78 B1.I_Green2014 306 (1336.0)
denovo78 B1.II_Green2014 306 (1336.0)
denovo78 B1_JN558057 306 (1336.0)
denovo78 B1_AF333511 306 (1336.0)
denovo78 B1.IV_Green2014 316 (1321.5)
denovo78 B121_EU074870 306 (1327.0)
denovo78 B7_AF499784 306 (1327.0)
denovo78 B1.VI_Green2014 307 (1267.0)
denovo78 B3_AF333514 306 (1214.5)
denovo78 B9_AF499786 306 (1223.5)
denovo78 B19a_JN558055 310 (1108.5)
denovo78 B119_EU099825 315 (1149.0)
denovo78 B21_DQ865213 306 (1201.0)
denovo78 B38_GU907651 306 (1201.0)
denovo78 B18_AY258471 306 (1241.5)
denovo78 B18a_AY258472 306 (1232.5)
denovo78 B33_GU907648 306 (1232.5)
denovo78 B6_AF499783 311 (1238.0)
denovo78 B19_DQ865212 306 (1250.5)
denovo78 B19_GU907641 306 (1250.5)
denovo78 B2_AF333512 306 (1241.5)
denovo78 B2_JN558060 306 (1241.5)
denovo78 C33.1_AY258498 330 (614.5)
denovo78 C33.2_AY765400 330 (614.5)
denovo78 C33a_EF541147 330 (614.5)
denovo78 C34_AY258499 329 (612.0)
denovo78 C78_AY765413 331 (581.5)
denovo78 C15.29_KC597690 332 (565.5)
denovo78 C1131_DQ182650 333 (559.5)
denovo78 C1135_DQ182646 326 (558.0)
denovo78 C1134_DQ182647 328 (545.5)
denovo78 C1142_DQ182635 328 (554.5)
denovo78 C1136_DQ182644 326 (537.0)
denovo78 C1111_DQ182645 326 (546.5)
denovo78 C1236_EF473656 326 (537.5)
denovo78 C1138_DQ182642 323 (547.0)
denovo78 C1137_DQ182643 326 (537.5)
denovo78 C1133_DQ182648 326 (537.5)
denovo78 C1132_DQ182649 326 (546.5)
denovo78 C1143_DQ182634 326 (546.5)
denovo78 C1139_DQ182639 328 (554.5)
denovo78 C15.28_KC597687 328 (618.5)
denovo78 C1141_DQ182636 328 (563.5)
denovo78 C1144_DQ182637 328 (572.5)
denovo78 C1122_DQ182654 328 (581.5)
denovo78 C1127_DQ182652 324 (579.0)
denovo78 C15.30_JX394114 333 (605.0)
denovo78 C15.26_KC597686 329 (602.5)
denovo78 C1086_DQ182656 330 (605.5)
denovo78 C15.25_KC597685 330 (614.5)
denovo78 C1118_AF180127 332 (572.0)
denovo78 C1129_DQ182651 330 (550.5)
denovo78 C15.21_KC597683 328 (582.0)
denovo78 C56_AY589760 327 (596.5)
denovo78 C1140_DQ182638 330 (568.5)
denovo78 C1126_DQ182653 330 (559.5)
denovo78 C15c_AY258492 327 (615.0)
denovo78 C15d_AY258493 326 (621.5)
denovo78 C1098_DQ182641 328 (615.5)
denovo78 C15.27_KC597689 330 (605.5)
denovo78 C15.18_HE579024 329 (602.5)
denovo78 C15.16_HE579022 326 (630.0)
denovo78 C1101_AB253787 330 (596.5)
denovo78 C1083_AY237300 330 (605.5)
denovo78 C1088_DQ182640 333 (603.5)
denovo78 C15.6_FN563472 330 (605.5)
denovo78 C15.5_FJ461512 332 (602.0)
denovo78 C15.4_FJ461511 332 (611.0)
denovo78 C15.13_HE579019 330 (596.5)
denovo78 C15.12_HE579018 330 (605.5)
denovo78 C93a_AM748563 328 (627.0)
denovo78 C1094_AJ291514 328 (609.0)
denovo78 C93_AM748562 328 (618.0)
denovo78 C15.17_HE579023 329 (596.5)
denovo78 C15e_AY589742 332 (614.0)
denovo78 C15.22_KC597695 330 (605.5)
denovo78 C60_AY589764 330 (605.5)
denovo78 C15.1_FJ461508 330 (605.5)
denovo78 C15.2_FJ461509 330 (605.5)
denovo78 C15.9_FN563475 330 (623.0)
denovo78 C15.7_HE579015 329 (620.0)
denovo78 C15.8_HE579016 330 (605.5)
denovo78 C15.15_HE579021 334 (607.5)
denovo78 C15.19_HE579025 330 (614.5)
denovo78 C15.24_KC597696 330 (596.5)
denovo78 C15.3_FJ461510 332 (611.0)
denovo78 C1087_DQ182655 330 (614.5)
denovo78 C15.14_HE579020 331 (605.0)
denovo78 C15.23_KC597697 331 (605.0)
denovo78 C19_AY258479 325 (621.5)
denovo78 C1233_EU118166 330 (605.5)
denovo78 C15b_AY258491 330 (605.5)
denovo78 C15a_AY258476 332 (620.0)
denovo78 C1051_AF195153 330 (623.5)
denovo78 C2_AF333518 331 (622.5)
denovo78 C15.20_HE579026 331 (614.0)
denovo78 C15f_AY589743 332 (607.5)
denovo78 C55_AY589759 335 (614.5)
denovo78 C15_AY239369 330 (614.5)
denovo78 C32.1_JF683335 329 (572.5)
denovo78 C32.2_JF683336 329 (572.5)
denovo78 C21.23_KC597693 329 (572.5)
denovo78 C1193_EU099827 337 (594.5)
denovo78 C1195_EU099821 338 (582.5)
denovo78 C3q_GU907655 335 (586.0)
denovo78 C53_AY589758 333 (586.5)
denovo78 C73_AY765408 342 (602.0)
denovo78 C17.2.1_KC597684 338 (569.0)
denovo78 C32_AY258497 337 (584.5)
denovo78 C1189_EU099831 335 (589.5)
denovo78 C1191_EU099833 334 (596.0)
denovo78 C1196_EU099819 335 (571.5)
denovo78 C1192_EU099820 335 (571.5)
denovo78 C17.1_JF683322 335 (589.5)
denovo78 C26_b2_FN827164 332 (596.0)
denovo78 C26_b3_FN827165 336 (571.0)
denovo78 C31.9_HQ630879 338 (578.0)
denovo78 C31a_AY589746 339 (568.0)
denovo78 C30_AY589745 339 (568.0)
denovo78 C31.1_HQ630876 343 (569.5)
denovo78 C31.5_HQ630877 337 (580.0)
denovo78 C31.6_HQ630878 339 (577.0)
denovo78 C31.2_JF683332 339 (577.0)
denovo78 C31.3_JF683333 339 (568.0)
denovo78 C26/C35a_AY239378 336 (580.0)
denovo78 C35a_AY258501 336 (580.0)
denovo78 C35.2_AY258500 336 (589.0)
denovo78 C26_b1_FN827163 336 (589.0)
denovo78 C17_AY239370 335 (589.5)
denovo78 C17.2_FJ461513 337 (588.5)
denovo78 C31.10_HQ630880 338 (587.0)
denovo78 C31.4_JF683334 343 (565.5)
denovo78 C31_AY258496 339 (577.0)
denovo78 C25_AY239377 330 (608.0)
denovo78 C61_AY589765 329 (577.5)
denovo78 C1043_DQ072721 332 (570.0)
denovo78 C79_AY765414 335 (591.5)
denovo78 C69_AY589773 322 (589.5)
denovo78 C69a_AY686648 322 (580.5)
denovo78 C21.22_KC597692 342 (565.5)
denovo78 C51_AY589756 331 (599.5)
denovo78 C1aa_HM185739 328 (600.0)
denovo78 C1096_DQ068023 329 (581.5)
denovo78 C74_AY765409 338 (623.5)
denovo78 C1185_AB294629 340 (620.0)
denovo78 C1184_AB294630 340 (620.0)
denovo78 C1153_AB294625 340 (620.0)
denovo78 C1154_AB294626 339 (635.5)
denovo78 C1187_AB294627 340 (629.0)
denovo78 C1186_AB294628 340 (620.0)
denovo78 C57_AY589761 340 (629.0)
denovo78 C66_AY589771 340 (629.0)
denovo78 C5_AF499795 330 (605.5)
denovo78 C1167_AB294586 330 (605.5)
denovo78 C1164_AB294593 330 (605.5)
denovo78 C1183_AB294631 330 (623.5)
denovo78 C1067_DQ335381 332 (620.0)
denovo78 C1159_AB294613 329 (608.0)
denovo78 C1150_AB294622 329 (617.0)
denovo78 C90_AM748554 331 (628.5)
denovo78 C1168_AB294583 330 (614.5)
denovo78 C1156_AB294616 330 (623.5)
denovo78 C1151_AB294621 330 (632.5)
denovo78 C92a_AM748561 330 (632.5)
denovo78 C92_AM748560 330 (623.5)
denovo78 C1165_AB294581 330 (614.5)
denovo78 C1166_AB294584 330 (632.5)
denovo78 C1162_AB294594 330 (614.5)
denovo78 C1163_AB294596 330 (624.0)
denovo78 C1161_AB294606 330 (623.5)
denovo78 C1160_AB294608 334 (616.0)
denovo78 C1158_AB294614 330 (632.5)
denovo78 C1155_AB294617 330 (614.5)
denovo78 C1149_AB294620 330 (623.5)
denovo78 C1173_AB294662 330 (632.5)
denovo78 C1171_AB294663 330 (614.5)
denovo78 C1172_AB294665 330 (614.5)
denovo78 C91a_AM748556 330 (632.5)
denovo78 C91b_AM748557 330 (623.5)
denovo78 C91d_AM748559 329 (621.0)
denovo78 C91c_AM748558 329 (621.0)
denovo78 C91_AJ621543 330 (623.5)
denovo78 C91_AM748555 330 (623.5)
denovo78 C1023_DQ335330 321 (593.0)
denovo78 C1020_DQ335392 332 (629.0)
denovo78 C1018_DQ335408 332 (629.0)
denovo78 C1074_DQ335329 332 (620.0)
denovo78 C1030_DQ335353 332 (638.0)
denovo78 C1022_DQ335331 332 (620.0)
denovo78 C1027_DQ335360 328 (635.5)
denovo78 C1072_DQ335344 332 (620.0)
denovo78 C1039_AB190274 332 (629.0)
denovo78 C1033_DQ335350 337 (617.0)
denovo78 C1019_DQ335407 332 (629.0)
denovo78 C1194_EU099826 332 (596.0)
denovo78 C8b_AY258475 332 (595.0)
denovo78 C8_AY239367 335 (610.0)
denovo78 C8a_AY239368 335 (610.0)
denovo78 C54a_AY765406 332 (611.0)
denovo78 C3ff_HM185740 332 (620.0)
denovo78 C59_AY589763 336 (596.5)
denovo78 C3k_AY589737 329 (612.0)
denovo78 C3.24_HE579012 328 (618.5)
denovo78 C3.23_HE579011 329 (612.0)
denovo78 C35.1_AY765401 334 (616.0)
denovo78 C35.3_EF541145 333 (613.5)
denovo78 C76_AY765411 332 (599.0)
denovo78 C1107_DQ335359 331 (594.5)
denovo78 C3.22_HE579010 338 (594.0)
denovo78 C77_AY765412 332 (598.5)
denovo78 C20_AY239371 335 (610.0)
denovo78 C1055_DQ480640 330 (610.5)
denovo78 C27/C30_AY239379 332 (578.0)
denovo78 C27.1_FJ461517 332 (569.0)
denovo78 C40a_AY589747 337 (614.0)
denovo78 C40_AY258485 337 (614.0)
denovo78 C40b_AY589748 338 (605.0)
denovo78 C16_AY258477 335 (619.5)
denovo78 C16a_AY765399 335 (619.5)
denovo78 C1091_AB207186 332 (620.5)
denovo78 C1102_DQ335400 332 (593.5)
denovo78 C1069_DQ335375 332 (611.5)
denovo78 C1073_DQ335332 333 (605.5)
denovo78 C1066_DQ335382 330 (597.0)
denovo78 C1031_DQ335352 333 (614.5)
denovo78 C1026_DQ335366 333 (614.0)
denovo78 C70_AY589774 332 (620.5)
denovo78 C1082_AB190267 332 (602.5)
denovo78 C1078_AB190271 330 (614.0)
denovo78 C1090_AB207191 332 (611.5)
denovo78 C1071_DQ335302 332 (611.5)
denovo78 C1075_DQ335328 332 (611.5)
denovo78 C1068_DQ335379 332 (602.5)
denovo78 C1064_DQ335395 332 (602.5)
denovo78 C1063_DQ335403 329 (612.0)
denovo78 C62_AY589766 332 (611.5)
denovo78 C1077_DQ335316 329 (617.0)
denovo78 C1109_DQ335338 332 (602.5)
denovo78 C1110_DQ335340 332 (593.5)
denovo78 C1106_DQ335339 332 (593.5)
denovo78 C1112_DQ335319 332 (602.5)
denovo78 C1108_DQ335351 332 (593.5)
denovo78 C1105_DQ335394 332 (602.5)
denovo78 C1121_DQ335378 333 (596.0)
denovo78 C1116_AB190268 333 (605.0)
denovo78 C1115_AB190273 333 (605.0)
denovo78 C1124_DQ335323 332 (584.5)
denovo78 C1120_DQ335398 332 (584.5)
denovo78 C1119_DQ335404 332 (593.5)
denovo78 C1123_DQ335363 332 (593.5)
denovo78 C1004_DQ480635 332 (610.5)
denovo78 C1061_AY186568 332 (601.5)
denovo78 C1053_AY186569 332 (610.5)
denovo78 C1003_DQ480639 332 (610.5)
denovo78 C81_GU907657 319 (588.5)
denovo78 C22_AY239373 327 (613.0)
denovo78 C22a_AY239374 330 (604.5)
denovo78 C1232_EU118163 334 (607.5)
denovo78 C21.13_FJ461515 331 (578.5)
denovo78 C21.1_JF683323 329 (582.0)
denovo78 C21.3_JF683325 332 (590.0)
denovo78 C1.20_HE578993 332 (602.0)
denovo78 C1.22_HE578995 332 (593.0)
denovo78 C52_AY589757 331 (603.0)
denovo78 C1201_EU099793 333 (583.5)
denovo78 C14_AY589741 335 (604.5)
denovo78 C43_AY589749 335 (610.5)
denovo78 C50_AY589755 332 (611.0)
denovo78 C3.14_HQ630872 331 (616.5)
denovo78 C1m_AY765398 332 (611.5)
denovo78 C82_GU907658 332 (611.0)
denovo78 C82b_GU907660 332 (611.0)
denovo78 C64_AY589768 329 (619.5)
denovo78 C45a_AY765404 331 (616.5)
denovo78 C48_AY589753 332 (631.5)
denovo78 C1_v1b_FJ919244 332 (602.0)
denovo78 C1_v1a_FJ919243 332 (611.0)
denovo78 C3j_AY239366 332 (602.0)
denovo78 C3t_EF541149 335 (619.0)
denovo78 C9_AF499798 334 (617.0)
denovo78 C23_AY239375 333 (632.5)
denovo78 C37_AY258481 333 (605.0)
denovo78 C1048_DQ068026 335 (610.0)
denovo78 C21.4_JF683326 331 (587.5)
denovo78 C21.5_JF683327 331 (587.5)
denovo78 C1070_DQ335349 333 (622.5)
denovo78 C21.6_HQ630873 331 (605.5)
denovo78 C1224_EU074890 332 (629.0)
denovo78 C1.17_HE578990 332 (629.0)
denovo78 C21_b1_FN827162 328 (579.5)
denovo78 C21.9_JF683330 328 (588.5)
denovo78 C1085_AY624605 329 (603.0)
denovo78 C3p_GU907654 333 (607.5)
denovo78 C3f_AY589734 332 (620.0)
denovo78 C65a_AY589770 330 (614.0)
denovo78 C65_AY589769 330 (623.0)
denovo78 C71_AY589775 330 (614.0)
denovo78 C71a_AY589776 330 (605.0)
denovo78 C1178_AB294647 331 (602.5)
denovo78 C1225_EU074893 329 (629.5)
denovo78 C75_AY765410 331 (617.5)
denovo78 C21.10_JF683331 332 (590.0)
denovo78 C21.11_HQ630874 332 (590.0)
denovo78 C1065_DQ335388 332 (620.0)
denovo78 C1045_DQ068036 332 (629.0)
denovo78 C1h_AY258473 331 (616.5)
denovo78 C38_AY258482 331 (607.5)
denovo78 C1202_EU099799 331 (607.5)
denovo78 C7_AF499797 331 (616.5)
denovo78 C12_AF499801 333 (606.0)
denovo78 C38a_AY258483 330 (619.0)
denovo78 C1200_EU099800 319 (616.0)
denovo78 C44a_AY589751 332 (619.5)
denovo78 C47_AY589752 335 (628.0)
denovo78 C44_AY589750 335 (619.0)
denovo78 C1.15_HE578988 332 (611.0)
denovo78 C45.3_FJ461522 335 (610.0)
denovo78 C46a_AY765405 335 (610.0)
denovo78 C46_EU449108 335 (619.0)
denovo78 C3.12_FJ461507 335 (619.0)
denovo78 C1k_AY589733 335 (610.0)
denovo78 C67_AY686647 335 (619.0)
denovo78 C82a_GU907659 332 (611.0)
denovo78 C10a_AY589739 335 (619.0)
denovo78 C10_AF499799 335 (610.0)
denovo78 C13_AY589740 337 (612.5)
denovo78 C4_AF499794 335 (610.0)
denovo78 C1147_EF656433 335 (610.0)
denovo78 C1c/C45_AY239364 335 (619.0)
denovo78 C1c/C45_EU449103 335 (619.0)
denovo78 C21.19_HE579031 331 (596.0)
denovo78 C21.21_HE579033 331 (587.0)
denovo78 C21.20_HE579032 331 (596.0)
denovo78 C42b_AY765403 336 (604.5)
denovo78 C42_AY258487 336 (613.5)
denovo78 C1p_GU907652 332 (611.0)
denovo78 C1d_AY258488 335 (601.0)
denovo78 C42_AY765402 335 (610.0)
denovo78 C3ha_AY589736 331 (587.5)
denovo78 C63a_AY589767 333 (604.5)
denovo78 C21a_AY589744 331 (596.5)
denovo78 C3o_GU907653 331 (596.0)
denovo78 C21.16_HQ630875 331 (587.5)
denovo78 C21.2_JF683324 331 (587.5)
denovo78 C21.7_JF683328 330 (594.0)
denovo78 C21.8_JF683329 331 (596.5)
denovo78 C3h_AY239365 331 (587.5)
denovo78 C1203_EU099798 331 (605.5)
denovo78 C3.10_FJ461505 332 (629.0)
denovo78 C21.14_FJ461516 331 (605.5)
denovo78 C21.18_HE579030 337 (584.5)
denovo78 C3.17_HE579005 332 (611.0)
denovo78 C3.9_FJ461504 328 (605.5)
denovo78 C3.8_FJ461503 332 (620.0)
denovo78 C3.7_FJ461502 332 (611.0)
denovo78 C3.11_FJ461506 335 (620.0)
denovo78 C3.18_HE579006 332 (611.0)
denovo78 C3.19_HE579007 332 (611.0)
denovo78 C3.20_HE579008 332 (611.0)
denovo78 C3g_AY589735 335 (603.0)
denovo78 C3a_AF499790 330 (623.5)
denovo78 C3e_AF499793 332 (611.0)
denovo78 C6_AF499796 333 (631.5)
denovo78 C11_AF499800 332 (611.0)
denovo78 C36_AY258480 332 (629.0)
denovo78 C29_AY258494 332 (629.0)
denovo78 C1146_EF656434 333 (614.5)
denovo78 C1190_EU099841 332 (629.0)
denovo78 C131_JF320826 332 (611.0)
denovo78 C28_AY239380 336 (616.0)
denovo78 C1012_DQ480604 332 (611.0)
denovo78 C1181_AB294640 336 (598.0)
denovo78 C1180_AB294641 332 (614.0)
denovo78 C1179_AB294645 330 (599.5)
denovo78 C1176_AB294651 330 (608.5)
denovo78 C1175_AB294653 332 (596.0)
denovo78 C1174_AB294655 334 (601.5)
denovo78 C1177_AB294659 332 (605.0)
denovo78 C1040_AB190269 334 (616.5)
denovo78 C1182_AB294649 332 (620.0)
denovo78 C1089_AJ278598 332 (611.0)
denovo78 C1028_DQ335357 333 (622.5)
denovo78 C3.16_EU786015 332 (629.0)
denovo78 C1097_AJ311943 331 (604.5)
denovo78 C1170_AB294661 332 (605.0)
denovo78 C21.17_HE579029 332 (601.0)
denovo78 C21/3d/C3k_AY239372 331 (596.5)
denovo78 C58_AY589762 332 (596.0)
denovo78 C3L_AY589738 331 (613.0)
denovo78 C1169_AB294660 332 (605.0)
denovo78 C3.2_FJ461497 332 (614.0)
denovo78 C3.1_JF683321 329 (615.0)
denovo78 C1104_AF427469 333 (610.0)
denovo78 C3b_AF499791 328 (620.5)
denovo78 C83_GU907661 332 (622.5)
denovo78 C49_AY589754 358 (634.5)
denovo78 C3_AB778606 332 (620.0)
denovo78 C3_AF499789 332 (620.0)
denovo78 C3_HE579001 332 (620.0)
denovo78 C21.12_FJ461514 331 (578.5)
denovo78 C1229_EU074888 329 (606.5)
denovo78 C1230_EU074889 329 (615.5)
denovo78 C1114_AB207196 332 (629.0)
denovo78 C3.21_HE579009 332 (587.5)
denovo78 C1057_DQ480619 332 (611.0)
denovo78 C72_AY765407 329 (610.5)
denovo78 C1b.3_HE578999 332 (605.0)
denovo78 C93_AJ621536 332 (611.0)
denovo78 C94_AJ621539 332 (611.0)
denovo78 C1g_AY589730 332 (629.0)
denovo78 C1i_AY589731 326 (603.5)
denovo78 C1j_AY589732 333 (622.5)
denovo78 C1005_DQ480633 332 (611.0)
denovo78 C1.7_FJ461494 332 (611.0)
denovo78 C1.11_HE578984 332 (611.5)
denovo78 C1.12_HE578985 332 (611.0)
denovo78 C1.13_HE578986 332 (620.0)
denovo78 C1.14_HE578987 332 (620.0)
denovo78 C1.18_HE578991 336 (613.0)
denovo78 C1.19_HE578992 332 (611.0)
denovo78 C1199_EU099802 329 (596.5)
denovo78 C1188_EU099838 329 (611.5)
denovo78 C1002_DQ838544 332 (620.0)
denovo78 C1198_EU099810 332 (611.0)
denovo78 C24_AY239376 336 (613.0)
denovo78 C1f_AY258490 332 (620.0)
denovo78 C1006_DQ480629 332 (629.0)
denovo78 C1010_DQ480607 332 (611.0)
denovo78 C1007_DQ480624 332 (611.0)
denovo78 C1011_DQ480605 332 (611.0)
denovo78 C1009_DQ480608 336 (613.0)
denovo78 C1041_AY186548 332 (620.0)
denovo78 C1052_AY186570 332 (611.0)
denovo78 C1148_EU040178 332 (620.0)
denovo78 C1234_EU118165 333 (610.0)
denovo78 C1.5_EF634157 332 (620.0)
denovo78 C1059_DQ480609 332 (611.0)
denovo78 C1228_EU074883 332 (611.0)
denovo78 C1208_EU074963 332 (611.0)
denovo78 C1207_EU074964 332 (620.0)
denovo78 C1206_EU074965 332 (611.0)
denovo78 C1013_DQ480642 332 (611.0)
denovo78 C80_GU907656 339 (605.5)
denovo78 C1a_AF499788 329 (611.5)
denovo78 C41_AY258486 332 (620.0)
denovo78 C39_AY258484 317 (615.5)
denovo78 C1231_EU074878 332 (611.0)
denovo78 C1b.1_HE578997 332 (605.0)
denovo78 C18_AY258478 332 (620.0)
denovo78 C1.10_HE578983 331 (614.5)
denovo78 C1_JN558041 332 (620.0)
denovo78 C1_HE578979 332 (620.0)
denovo78 C1_AM748551 332 (620.0)
denovo78 C1_AF333515 332 (620.0)
denovo78 C1054_AY186565 331 (623.5)
denovo78 C1008_DQ480613 332 (611.0)
denovo78 C1103_AF427470 333 (610.0)
denovo78 C1226_EU074881 333 (610.0)
denovo78 C1b/C1e_AY239363 332 (614.0)
denovo78 C1044_DQ068038 332 (605.0)
denovo78 C1017_DQ174729 333 (604.0)
denovo78 C1.6_FJ461493 332 (629.0)
denovo78 C1b.2_HE578998 332 (605.0)
denovo78 C1060_DQ480600 332 (611.0)
denovo78 C1227_EU074882 332 (611.0)
denovo78 C1197_EU099814 332 (611.0)
denovo78 C1130_DQ480643 332 (505.5)
denovo78 D109_AB097465 361 (425.0)
denovo78 D1.11_HE579040 358 (434.5)
denovo78 D105_AF174570 359 (429.0)
denovo78 D104_AF174572 358 (425.5)
denovo78 D1.3_JF683337 359 (428.0)
denovo78 D1.10_HE579039 358 (425.5)
denovo78 D110_AF174561 358 (425.5)
denovo78 D117_AF174542 359 (427.5)
denovo78 D114_AF174549 358 (434.5)
denovo78 D113_AF174557 358 (425.5)
denovo78 D112_AF174558 356 (429.5)
denovo78 D106_AF174559 365 (437.0)
denovo78 D111_AF174560 358 (434.0)
denovo78 D115_AF174562 358 (425.5)
denovo78 D107_AF174568 357 (432.0)
denovo78 D116_AF174571 363 (422.0)
denovo78 D124_EU074897 355 (435.0)
denovo78 D1.8_HE579037 356 (429.0)
denovo78 D3_AY686650 358 (434.5)
denovo78 D1.6_HQ630881 358 (425.5)
denovo78 D120_EU074900 358 (425.5)
denovo78 D121_EU074904 363 (431.0)
denovo78 D122_EU074905 358 (425.5)
denovo78 D1a.2_JF683339 365 (430.0)
denovo78 D1a.1_JF683338 355 (435.0)
denovo78 D2_AY686649 589 (495.0)
denovo78 D4_DQ865214 358 (431.5)
denovo78 D1a_AF499802 358 (434.5)
denovo78 D1a_JN558078 358 (434.5)
denovo78 D123_EU074895 359 (437.0)
denovo78 D108_AF174567 354 (440.5)
denovo78 D103_AF174575 358 (434.5)
denovo78 D100_AF411415 358 (434.5)
denovo78 D118_EF656435 352 (443.5)
denovo78 D101_AF411416 358 (419.5)
denovo78 D119_EU099832 357 (425.0)
denovo78 D102_AF174573 358 (438.0)
denovo78 D1_AF334660 358 (434.5)
denovo78 D1_JN558076 358 (434.5)
denovo78 D1.12_HE579041 339 (432.5)
denovo78 D1.1_AM748564 417 (451.5)
denovo78 D1.2_AM748617 432 (449.5)
denovo78 E111_EU074915 355 (416.5)
denovo78 E110_EU074914 371 (422.0)
denovo78 E114_EU074909 371 (404.0)
denovo78 E1_AF334659 372 (412.0)
denovo78 E105_EU074921 371 (422.0)
denovo78 E112_EU074916 371 (404.0)
denovo78 E104_EU074922 371 (413.0)
denovo78 E102_EU074924 371 (404.0)
denovo78 E103_EU074923 371 (413.0)
denovo78 E101_AY160123 372 (413.0)
denovo78 E109_EU074913 358 (428.5)
denovo78 E100_DQ011618 359 (457.5)
denovo78 E108_EU074912 359 (448.5)
denovo78 E113_EU074908 359 (442.5)
denovo78 E107_EU074910 359 (448.5)
denovo78 F1_JN558066 336 (578.0)
denovo78 F5.2d_AJ291530 329 (603.0)
denovo78 F104_AJ291531 329 (603.0)
denovo78 F5.2c_AM748596 329 (594.5)
denovo78 F5.2_AM748594 329 (594.0)
denovo78 F5.2a_AM748614 329 (594.0)
denovo78 F5.2b_AM748595 329 (594.0)
denovo78 F5.2e_AJ291533 330 (583.5)
denovo78 F5.2g_JN558072 329 (602.5)
denovo78 F5.2f_AJ291512 329 (593.5)
denovo78 F102_AJ291534 329 (593.5)
denovo78 F5.1c_AM748593 336 (623.5)
denovo78 F5.1d_JN558069 339 (586.0)
denovo78 F5.1b_AJ291535 335 (612.0)
denovo78 F5.1_AM748592 337 (608.5)
denovo78 F5.1a_AM748591 335 (612.0)
denovo78 F110_AJ291526 322 (680.0)
denovo78 F4.7_AM748587 324 (662.5)
denovo78 F4.5_AM748585 323 (646.5)
denovo78 F4.4a_AM748583 319 (672.0)
denovo78 F4.4_AM748582 324 (674.5)
denovo78 F4.4b_AM748584 317 (691.0)
denovo78 F4.1a_AM748573 326 (635.5)
denovo78 F112_AJ291528 323 (629.5)
denovo78 F4.1_AM748572 323 (629.5)
denovo78 F4.8b_AM748590 325 (679.0)
denovo78 F4.8_AM748588 316 (679.5)
denovo78 F4.8a_AM748589 316 (679.5)
denovo78 F109_AJ291527 322 (684.0)
denovo78 F4.6_AM748586 323 (638.0)
denovo78 F111_AJ311949 316 (676.5)
denovo78 F4.3c_AM748581 317 (679.5)
denovo78 F4.3a_AM748579 316 (686.5)
denovo78 F4.3b_AM748580 317 (688.5)
denovo78 F4.3_AM748578 317 (679.5)
denovo78 F4.2_AM748574 323 (692.0)
denovo78 F4.2a_AM748575 323 (668.5)
denovo78 F4.2c_AM748577 323 (665.0)
denovo78 F4.2b_AM748576 323 (677.5)
denovo78 F2b_AJ291521 334 (614.5)
denovo78 F2_AJ830908 330 (639.5)
denovo78 F2a_AJ830911 330 (635.0)
denovo78 F3.1a_AM748566 341 (601.0)
denovo78 F114_AJ291525 341 (610.5)
denovo78 F3.1_AM748565 341 (610.5)
denovo78 F3.2_AM748567 348 (639.5)
denovo78 F3.2a_AM748568 348 (633.0)
denovo78 F3.3_AM748569 341 (624.5)
denovo78 F3.4a_AM748571 339 (573.5)
denovo78 F3.4_AM748570 335 (579.5)
denovo78 F3.4b_AM748616 335 (579.5)
denovo78 G101_AJ291539 368 (462.5)
denovo78 G1_AM748597 368 (462.5)
denovo78 G2b_JN558087 366 (456.5)
denovo78 G2_AM748598 367 (450.5)
denovo78 G2a_AM748599 367 (441.5)
denovo78 G4_AM748601 356 (498.0)
denovo78 G3.4_LK392378 356 (444.0)
denovo78 G3_AM748600 358 (466.5)
denovo78 G3.2_KC597694 355 (426.5)
denovo78 G3.1_KC597688 357 (471.0)
denovo78 G100_AB253788 356 (459.5)
denovo78 G3.3_LK392377 357 (461.5)
denovo78 H6_AJ291520 636 (302.0)
denovo78 H3_AM748606 328 (516.5)
denovo78 H2_AM748605 336 (539.0)
denovo78 H4_AM748607 332 (530.5)
denovo78 H4a_AM748608 342 (529.0)
denovo78 H5a_AM748611 340 (509.5)
denovo78 H5b_AM748610 343 (508.0)
denovo78 H5_AJ621129 340 (509.5)
denovo78 H5_AM748609 340 (509.5)
denovo78 H100_AJ291513 340 (516.5)
denovo78 H1b_AM748604 340 (511.5)
denovo78 H1a_AM748612 340 (520.5)
denovo78 H1_AJ621152 340 (520.5)
denovo78 H1_AM748602 340 (520.5)
denovo78 I3_FN561561 343 (680.5)
denovo78 I4_FN561562 343 (680.5)
denovo78 I1_FN561559 336 (686.0)
denovo78 I2_FN561560 339 (685.5)

#---------------------------------------
#---------------------------------------
