denovo51 A136_DQ865210 333 (363.0)
denovo51 A133_DQ174725 342 (322.5)
denovo51 A115_AF180123 318 (338.0)
denovo51 A117_AF201746 349 (392.5)
denovo51 A134_DQ174723 345 (390.0)
denovo51 A114_AF184941 345 (390.0)
denovo51 A135_DQ174727 326 (378.5)
denovo51 A2_AF333506 347 (383.0)
denovo51 A101_AF427468 326 (387.5)
denovo51 A2_1_JN558097 326 (387.5)
denovo51 A2_2_JN558100 326 (387.5)
denovo51 A113_AF184948 321 (402.5)
denovo51 A112_AF184949 321 (402.5)
denovo51 A123_EF378618 335 (289.0)
denovo51 A137_EF378621 326 (317.5)
denovo51 A11_EU449041 330 (410.5)
denovo51 A121_DQ174722 333 (386.5)
denovo51 A15b_EU792886 324 (367.0)
denovo51 A15a_EU792885 324 (385.0)
denovo51 A15c_EU792887 326 (381.5)
denovo51 A15_EU792884 324 (376.0)
denovo51 A147_EU074937 324 (399.5)
denovo51 A154_EU074860 324 (408.5)
denovo51 A146_EU074936 324 (381.5)
denovo51 A150_EU074928 327 (399.0)
denovo51 A116_AF183575 324 (399.5)
denovo51 A141_EU074931 324 (390.5)
denovo51 A5_AF333508 321 (387.0)
denovo51 A3b_EU449043 317 (397.0)
denovo51 A151_EU074925 330 (408.0)
denovo51 A152_EU074927 323 (396.5)
denovo51 A149_EU074929 328 (402.5)
denovo51 A140_EU074930 324 (399.5)
denovo51 A142_EU074932 324 (390.5)
denovo51 A143_EU074933 324 (390.5)
denovo51 A144_EU074934 322 (394.5)
denovo51 A145_EU074935 325 (401.5)
denovo51 A148_EU074938 331 (402.0)
denovo51 A155_EU074856 320 (406.5)
denovo51 A156_EU074859 324 (390.5)
denovo51 A139_EU074962 323 (406.0)
denovo51 A6_AF186058 324 (399.5)
denovo51 A3_AF333507 324 (399.5)
denovo51 A3_JN558091 324 (399.5)
denovo51 A8_AY258468 336 (384.5)
denovo51 A7_AY239360 334 (386.0)
denovo51 A16_EU792888 334 (385.5)
denovo51 A4.3_FN429763 343 (364.0)
denovo51 A120_AF180122 335 (359.0)
denovo51 A4.2_FN429761 339 (377.0)
denovo51 A4_AF333509 341 (383.0)
denovo51 A4.1_FN429760 340 (378.0)
denovo51 A4a_AF499778 342 (377.0)
denovo51 A4a.1_FN429762 342 (377.0)
denovo51 A138_EF378620 329 (364.0)
denovo51 A122_EF378619 328 (373.0)
denovo51 A126_EF378615 327 (392.0)
denovo51 A10_EU792882 327 (392.0)
denovo51 A9_EU449028 339 (393.5)
denovo51 A105_AB207202 325 (397.5)
denovo51 A119_AF180121 328 (380.5)
denovo51 A12_EU792883 334 (388.0)
denovo51 A104_AB207203 336 (384.0)
denovo51 A1a_EU449030 336 (383.5)
denovo51 A1.3_HE578976 337 (377.5)
denovo51 A1.4_HE578977 336 (392.5)
denovo51 A13_AF333504 336 (383.5)
denovo51 A13_JN558094 336 (383.5)
denovo51 A110_AB190282 330 (385.0)
denovo51 A103_AB207206 325 (388.5)
denovo51 A130_EF656428 336 (392.5)
denovo51 A127_EF656429 338 (391.0)
denovo51 A128_EF656430 334 (378.5)
denovo51 A129_EF656431 336 (383.5)
denovo51 A131_EF656432 340 (388.0)
denovo51 A118_AF180120 324 (380.5)
denovo51 A1_AF333505 336 (383.5)
denovo51 A107_AB207199 336 (384.0)
denovo51 A111_AB190280 334 (387.0)
denovo51 A108_AB207197 336 (359.5)
denovo51 A106_AB207200 340 (377.0)
denovo51 A102_AB207209 336 (383.5)
denovo51 A1.2_AB207210 336 (383.5)
denovo51 A109_AB190285 334 (377.5)
denovo51 B4_AF333510 365 (381.0)
denovo51 B23_EU449079 357 (391.5)
denovo51 B30_GU907644 357 (391.5)
denovo51 B11_AY239361 360 (392.5)
denovo51 B17_AY258470 353 (406.0)
denovo51 B1k_GU907638 341 (204.5)
denovo51 B1.V_Green2014 366 (374.0)
denovo51 B1b_AF499780 353 (400.0)
denovo51 B16_AY258469 359 (396.5)
denovo51 B31a_GU907646 364 (401.5)
denovo51 B32_GU907647 364 (392.5)
denovo51 B31_GU907645 364 (401.5)
denovo51 B1j_GU907637 356 (387.5)
denovo51 B37_GU907650 358 (395.5)
denovo51 B5a_AF499782 355 (402.0)
denovo51 B5_AF499781 355 (411.0)
denovo51 B24_GU907643 347 (335.5)
denovo51 B117_AF180124 335 (381.5)
denovo51 B10_AF499787 356 (387.5)
denovo51 B20_GU907642 362 (392.5)
denovo51 B1m_GU907640 356 (405.5)
denovo51 B34_GU907649 356 (405.5)
denovo51 B1d_GU907633 356 (405.5)
denovo51 B1e_GU907634 356 (396.5)
denovo51 B1i_GU907636 357 (399.5)
denovo51 B1g_GU907635 352 (408.0)
denovo51 B123_EU074872 356 (406.0)
denovo51 B8_AF499785 346 (408.0)
denovo51 B1l_GU907639 351 (408.5)
denovo51 B1a_AF499779 356 (397.0)
denovo51 B14_AY239362 355 (399.5)
denovo51 B125_EU074865 356 (396.5)
denovo51 B122_EU074871 363 (399.0)
denovo51 B124_EU074874 355 (404.0)
denovo51 B1.VII_Green2014 356 (371.0)
denovo51 B1.III_Green2014 344 (396.5)
denovo51 B1.I_Green2014 356 (405.5)
denovo51 B1.II_Green2014 356 (405.5)
denovo51 B1_JN558057 356 (405.5)
denovo51 B1_AF333511 356 (405.5)
denovo51 B1.IV_Green2014 363 (400.0)
denovo51 B121_EU074870 356 (405.5)
denovo51 B7_AF499784 356 (405.5)
denovo51 B1.VI_Green2014 351 (382.0)
denovo51 B3_AF333514 348 (396.0)
denovo51 B9_AF499786 352 (409.0)
denovo51 B19a_JN558055 341 (376.0)
denovo51 B119_EU099825 361 (390.0)
denovo51 B21_DQ865213 350 (390.0)
denovo51 B38_GU907651 350 (390.0)
denovo51 B18_AY258471 352 (408.5)
denovo51 B18a_AY258472 352 (399.5)
denovo51 B33_GU907648 352 (399.5)
denovo51 B6_AF499783 357 (414.5)
denovo51 B19_DQ865212 352 (408.5)
denovo51 B19_GU907641 352 (408.5)
denovo51 B2_AF333512 350 (402.5)
denovo51 B2_JN558060 350 (402.5)
denovo51 C33.1_AY258498 361 (336.0)
denovo51 C33.2_AY765400 361 (336.0)
denovo51 C33a_EF541147 361 (336.0)
denovo51 C34_AY258499 361 (345.0)
denovo51 C78_AY765413 354 (333.0)
denovo51 C15.29_KC597690 357 (336.0)
denovo51 C1131_DQ182650 346 (343.5)
denovo51 C1135_DQ182646 348 (339.5)
denovo51 C1134_DQ182647 343 (334.5)
denovo51 C1142_DQ182635 348 (330.5)
denovo51 C1136_DQ182644 344 (344.0)
denovo51 C1111_DQ182645 346 (349.5)
denovo51 C1236_EF473656 346 (331.5)
denovo51 C1138_DQ182642 345 (347.5)
denovo51 C1137_DQ182643 351 (338.0)
denovo51 C1133_DQ182648 343 (341.5)
denovo51 C1132_DQ182649 347 (333.5)
denovo51 C1143_DQ182634 346 (340.5)
denovo51 C1139_DQ182639 353 (337.0)
denovo51 C15.28_KC597687 354 (367.0)
denovo51 C1141_DQ182636 352 (352.0)
denovo51 C1144_DQ182637 352 (352.0)
denovo51 C1122_DQ182654 348 (339.5)
denovo51 C1127_DQ182652 347 (355.0)
denovo51 C15.30_JX394114 346 (351.5)
denovo51 C15.26_KC597686 347 (358.5)
denovo51 C1086_DQ182656 351 (352.0)
denovo51 C15.25_KC597685 351 (358.0)
denovo51 C1118_AF180127 354 (369.0)
denovo51 C1129_DQ182651 347 (337.0)
denovo51 C15.21_KC597683 351 (340.0)
denovo51 C56_AY589760 347 (356.5)
denovo51 C1140_DQ182638 358 (344.5)
denovo51 C1126_DQ182653 346 (352.0)
denovo51 C15c_AY258492 348 (358.0)
denovo51 C15d_AY258493 348 (358.0)
denovo51 C1098_DQ182641 351 (349.0)
denovo51 C15.27_KC597689 354 (350.5)
denovo51 C15.18_HE579024 359 (357.5)
denovo51 C15.16_HE579022 360 (359.0)
denovo51 C1101_AB253787 359 (339.0)
denovo51 C1083_AY237300 343 (352.5)
denovo51 C1088_DQ182640 359 (357.0)
denovo51 C15.6_FN563472 359 (348.0)
denovo51 C15.5_FJ461512 343 (352.0)
denovo51 C15.4_FJ461511 342 (349.0)
denovo51 C15.13_HE579019 359 (348.0)
denovo51 C15.12_HE579018 359 (348.0)
denovo51 C93a_AM748563 355 (351.5)
denovo51 C1094_AJ291514 355 (361.5)
denovo51 C93_AM748562 355 (352.5)
denovo51 C15.17_HE579023 358 (348.5)
denovo51 C15e_AY589742 358 (357.5)
denovo51 C15.22_KC597695 359 (348.0)
denovo51 C60_AY589764 348 (358.0)
denovo51 C15.1_FJ461508 362 (357.5)
denovo51 C15.2_FJ461509 360 (350.0)
denovo51 C15.9_FN563475 341 (355.0)
denovo51 C15.7_HE579015 349 (361.0)
denovo51 C15.8_HE579016 359 (366.0)
denovo51 C15.15_HE579021 359 (348.0)
denovo51 C15.19_HE579025 359 (357.0)
denovo51 C15.24_KC597696 349 (352.0)
denovo51 C15.3_FJ461510 343 (351.0)
denovo51 C1087_DQ182655 355 (361.0)
denovo51 C15.14_HE579020 352 (349.5)
denovo51 C15.23_KC597697 352 (349.5)
denovo51 C19_AY258479 348 (370.5)
denovo51 C1233_EU118166 359 (348.0)
denovo51 C15b_AY258491 359 (348.0)
denovo51 C15a_AY258476 342 (358.0)
denovo51 C1051_AF195153 359 (348.0)
denovo51 C2_AF333518 360 (347.5)
denovo51 C15.20_HE579026 359 (353.5)
denovo51 C15f_AY589743 348 (356.0)
denovo51 C55_AY589759 347 (359.5)
denovo51 C15_AY239369 359 (357.0)
denovo51 C32.1_JF683335 340 (368.5)
denovo51 C32.2_JF683336 342 (366.0)
denovo51 C21.23_KC597693 342 (366.0)
denovo51 C1193_EU099827 375 (356.5)
denovo51 C1195_EU099821 362 (320.5)
denovo51 C3q_GU907655 335 (339.5)
denovo51 C53_AY589758 351 (340.5)
denovo51 C73_AY765408 364 (332.5)
denovo51 C17.2.1_KC597684 360 (327.5)
denovo51 C32_AY258497 338 (344.5)
denovo51 C1189_EU099831 362 (344.5)
denovo51 C1191_EU099833 353 (343.5)
denovo51 C1196_EU099819 353 (326.5)
denovo51 C1192_EU099820 353 (326.5)
denovo51 C17.1_JF683322 353 (344.5)
denovo51 C26_b2_FN827164 359 (333.5)
denovo51 C26_b3_FN827165 360 (317.5)
denovo51 C31.9_HQ630879 367 (333.0)
denovo51 C31a_AY589746 354 (332.5)
denovo51 C30_AY589745 361 (344.0)
denovo51 C31.1_HQ630876 353 (339.0)
denovo51 C31.5_HQ630877 370 (346.5)
denovo51 C31.6_HQ630878 360 (341.0)
denovo51 C31.2_JF683332 354 (341.5)
denovo51 C31.3_JF683333 354 (341.5)
denovo51 C26/C35a_AY239378 359 (324.5)
denovo51 C35a_AY258501 359 (324.5)
denovo51 C35.2_AY258500 359 (333.5)
denovo51 C26_b1_FN827163 359 (333.5)
denovo51 C17_AY239370 365 (336.5)
denovo51 C17.2_FJ461513 368 (338.5)
denovo51 C31.10_HQ630880 369 (338.0)
denovo51 C31.4_JF683334 357 (336.0)
denovo51 C31_AY258496 354 (341.5)
denovo51 C25_AY239377 359 (356.5)
denovo51 C61_AY589765 354 (345.5)
denovo51 C1043_DQ072721 352 (341.0)
denovo51 C79_AY765414 351 (332.0)
denovo51 C69_AY589773 345 (359.0)
denovo51 C69a_AY686648 345 (350.0)
denovo51 C21.22_KC597692 358 (333.0)
denovo51 C51_AY589756 351 (342.0)
denovo51 C1aa_HM185739 347 (349.0)
denovo51 C1096_DQ068023 349 (362.0)
denovo51 C74_AY765409 351 (336.5)
denovo51 C1185_AB294629 358 (339.0)
denovo51 C1184_AB294630 358 (339.0)
denovo51 C1153_AB294625 361 (348.0)
denovo51 C1154_AB294626 358 (348.0)
denovo51 C1187_AB294627 358 (339.0)
denovo51 C1186_AB294628 358 (350.0)
denovo51 C57_AY589761 360 (354.5)
denovo51 C66_AY589771 358 (348.0)
denovo51 C5_AF499795 357 (338.5)
denovo51 C1167_AB294586 357 (348.5)
denovo51 C1164_AB294593 362 (346.5)
denovo51 C1183_AB294631 355 (352.0)
denovo51 C1067_DQ335381 368 (348.0)
denovo51 C1159_AB294613 348 (353.5)
denovo51 C1150_AB294622 348 (344.5)
denovo51 C90_AM748554 351 (342.5)
denovo51 C1168_AB294583 356 (340.0)
denovo51 C1156_AB294616 356 (348.5)
denovo51 C1151_AB294621 342 (349.0)
denovo51 C92a_AM748561 344 (346.0)
denovo51 C92_AM748560 356 (349.0)
denovo51 C1165_AB294581 355 (352.0)
denovo51 C1166_AB294584 355 (352.0)
denovo51 C1162_AB294594 355 (352.0)
denovo51 C1163_AB294596 355 (353.0)
denovo51 C1161_AB294606 353 (346.0)
denovo51 C1160_AB294608 352 (352.5)
denovo51 C1158_AB294614 353 (346.0)
denovo51 C1155_AB294617 355 (343.0)
denovo51 C1149_AB294620 354 (358.0)
denovo51 C1173_AB294662 355 (361.0)
denovo51 C1171_AB294663 355 (343.0)
denovo51 C1172_AB294665 356 (345.5)
denovo51 C91a_AM748556 364 (354.0)
denovo51 C91b_AM748557 361 (345.5)
denovo51 C91d_AM748559 355 (352.0)
denovo51 C91c_AM748558 355 (352.0)
denovo51 C91_AJ621543 355 (352.0)
denovo51 C91_AM748555 355 (352.0)
denovo51 C1023_DQ335330 324 (348.5)
denovo51 C1020_DQ335392 358 (344.0)
denovo51 C1018_DQ335408 358 (354.0)
denovo51 C1074_DQ335329 357 (341.0)
denovo51 C1030_DQ335353 357 (350.0)
denovo51 C1022_DQ335331 357 (350.0)
denovo51 C1027_DQ335360 356 (356.0)
denovo51 C1072_DQ335344 357 (341.0)
denovo51 C1039_AB190274 356 (356.0)
denovo51 C1033_DQ335350 361 (363.0)
denovo51 C1019_DQ335407 357 (350.0)
denovo51 C1194_EU099826 357 (353.0)
denovo51 C8b_AY258475 343 (328.5)
denovo51 C8_AY239367 344 (337.0)
denovo51 C8a_AY239368 354 (331.5)
denovo51 C54a_AY765406 352 (343.0)
denovo51 C3ff_HM185740 360 (343.0)
denovo51 C59_AY589763 354 (360.0)
denovo51 C3k_AY589737 349 (344.0)
denovo51 C3.24_HE579012 349 (353.0)
denovo51 C3.23_HE579011 349 (353.0)
denovo51 C35.1_AY765401 362 (365.5)
denovo51 C35.3_EF541145 362 (356.5)
denovo51 C76_AY765411 351 (347.5)
denovo51 C1107_DQ335359 356 (333.0)
denovo51 C3.22_HE579010 362 (339.0)
denovo51 C77_AY765412 354 (337.0)
denovo51 C20_AY239371 361 (354.0)
denovo51 C1055_DQ480640 348 (355.5)
denovo51 C27/C30_AY239379 354 (344.0)
denovo51 C27.1_FJ461517 359 (337.0)
denovo51 C40a_AY589747 358 (352.5)
denovo51 C40_AY258485 358 (361.5)
denovo51 C40b_AY589748 359 (361.0)
denovo51 C16_AY258477 354 (340.5)
denovo51 C16a_AY765399 362 (336.5)
denovo51 C1091_AB207186 355 (361.5)
denovo51 C1102_DQ335400 354 (332.5)
denovo51 C1069_DQ335375 363 (340.5)
denovo51 C1073_DQ335332 363 (341.5)
denovo51 C1066_DQ335382 363 (341.5)
denovo51 C1031_DQ335352 351 (348.5)
denovo51 C1026_DQ335366 349 (351.5)
denovo51 C70_AY589774 356 (346.5)
denovo51 C1082_AB190267 369 (333.0)
denovo51 C1078_AB190271 356 (337.0)
denovo51 C1090_AB207191 353 (338.0)
denovo51 C1071_DQ335302 356 (339.5)
denovo51 C1075_DQ335328 354 (340.5)
denovo51 C1068_DQ335379 362 (339.0)
denovo51 C1064_DQ335395 356 (346.5)
denovo51 C1063_DQ335403 363 (332.5)
denovo51 C62_AY589766 356 (337.5)
denovo51 C1077_DQ335316 356 (343.0)
denovo51 C1109_DQ335338 356 (346.5)
denovo51 C1110_DQ335340 350 (346.5)
denovo51 C1106_DQ335339 355 (343.5)
denovo51 C1112_DQ335319 355 (352.5)
denovo51 C1108_DQ335351 355 (343.5)
denovo51 C1105_DQ335394 355 (352.5)
denovo51 C1121_DQ335378 355 (361.5)
denovo51 C1116_AB190268 356 (346.5)
denovo51 C1115_AB190273 355 (352.5)
denovo51 C1124_DQ335323 355 (353.0)
denovo51 C1120_DQ335398 355 (352.5)
denovo51 C1119_DQ335404 349 (353.0)
denovo51 C1123_DQ335363 355 (352.5)
denovo51 C1004_DQ480635 356 (345.5)
denovo51 C1061_AY186568 356 (336.5)
denovo51 C1053_AY186569 356 (336.5)
denovo51 C1003_DQ480639 356 (336.5)
denovo51 C81_GU907657 348 (339.0)
denovo51 C22_AY239373 354 (348.5)
denovo51 C22a_AY239374 354 (348.5)
denovo51 C1232_EU118163 343 (343.0)
denovo51 C21.13_FJ461515 355 (340.0)
denovo51 C21.1_JF683323 359 (354.5)
denovo51 C21.3_JF683325 351 (347.0)
denovo51 C1.20_HE578993 356 (345.5)
denovo51 C1.22_HE578995 357 (347.5)
denovo51 C52_AY589757 356 (341.5)
denovo51 C1201_EU099793 362 (333.5)
denovo51 C14_AY589741 359 (331.5)
denovo51 C43_AY589749 357 (331.5)
denovo51 C50_AY589755 353 (337.5)
denovo51 C3.14_HQ630872 352 (362.5)
denovo51 C1m_AY765398 356 (337.5)
denovo51 C82_GU907658 355 (343.5)
denovo51 C82b_GU907660 355 (343.5)
denovo51 C64_AY589768 372 (351.0)
denovo51 C45a_AY765404 349 (361.0)
denovo51 C48_AY589753 355 (354.5)
denovo51 C1_v1b_FJ919244 347 (341.5)
denovo51 C1_v1a_FJ919243 354 (343.5)
denovo51 C3j_AY239366 354 (349.5)
denovo51 C3t_EF541149 353 (355.0)
denovo51 C9_AF499798 339 (341.0)
denovo51 C23_AY239375 339 (357.5)
denovo51 C37_AY258481 354 (349.5)
denovo51 C1048_DQ068026 358 (345.0)
denovo51 C21.4_JF683326 349 (351.5)
denovo51 C21.5_JF683327 363 (349.5)
denovo51 C1070_DQ335349 347 (346.5)
denovo51 C21.6_HQ630873 363 (349.5)
denovo51 C1224_EU074890 361 (352.0)
denovo51 C1.17_HE578990 355 (352.5)
denovo51 C21_b1_FN827162 365 (336.5)
denovo51 C21.9_JF683330 365 (345.5)
denovo51 C1085_AY624605 355 (335.0)
denovo51 C3p_GU907654 369 (345.0)
denovo51 C3f_AY589734 358 (345.0)
denovo51 C65a_AY589770 358 (336.0)
denovo51 C65_AY589769 358 (345.0)
denovo51 C71_AY589775 358 (345.0)
denovo51 C71a_AY589776 358 (336.0)
denovo51 C1178_AB294647 357 (344.0)
denovo51 C1225_EU074893 372 (342.0)
denovo51 C75_AY765410 360 (343.0)
denovo51 C21.10_JF683331 350 (355.5)
denovo51 C21.11_HQ630874 353 (346.5)
denovo51 C1065_DQ335388 357 (340.5)
denovo51 C1045_DQ068036 357 (349.5)
denovo51 C1h_AY258473 354 (340.5)
denovo51 C38_AY258482 355 (344.0)
denovo51 C1202_EU099799 372 (333.0)
denovo51 C7_AF499797 372 (342.0)
denovo51 C12_AF499801 374 (340.0)
denovo51 C38a_AY258483 364 (342.0)
denovo51 C1200_EU099800 352 (341.5)
denovo51 C44a_AY589751 348 (350.0)
denovo51 C47_AY589752 356 (346.0)
denovo51 C44_AY589750 355 (352.5)
denovo51 C1.15_HE578988 356 (355.0)
denovo51 C45.3_FJ461522 357 (358.0)
denovo51 C46a_AY765405 357 (349.5)
denovo51 C46_EU449108 355 (343.5)
denovo51 C3.12_FJ461507 355 (352.5)
denovo51 C1k_AY589733 360 (358.5)
denovo51 C67_AY686647 356 (355.0)
denovo51 C82a_GU907659 355 (343.5)
denovo51 C10a_AY589739 337 (352.0)
denovo51 C10_AF499799 356 (354.5)
denovo51 C13_AY589740 354 (354.0)
denovo51 C4_AF499794 355 (361.5)
denovo51 C1147_EF656433 354 (349.5)
denovo51 C1c/C45_AY239364 355 (352.5)
denovo51 C1c/C45_EU449103 355 (352.5)
denovo51 C21.19_HE579031 347 (344.0)
denovo51 C21.21_HE579033 347 (335.0)
denovo51 C21.20_HE579032 347 (344.0)
denovo51 C42b_AY765403 340 (343.0)
denovo51 C42_AY258487 340 (343.0)
denovo51 C1p_GU907652 354 (340.5)
denovo51 C1d_AY258488 355 (343.5)
denovo51 C42_AY765402 355 (343.5)
denovo51 C3ha_AY589736 362 (336.0)
denovo51 C63a_AY589767 367 (344.0)
denovo51 C21a_AY589744 365 (345.5)
denovo51 C3o_GU907653 365 (345.5)
denovo51 C21.16_HQ630875 365 (354.5)
denovo51 C21.2_JF683324 365 (345.5)
denovo51 C21.7_JF683328 363 (348.5)
denovo51 C21.8_JF683329 365 (345.5)
denovo51 C3h_AY239365 365 (345.5)
denovo51 C1203_EU099798 365 (336.5)
denovo51 C3.10_FJ461505 359 (346.5)
denovo51 C21.14_FJ461516 358 (341.5)
denovo51 C21.18_HE579030 368 (342.5)
denovo51 C3.17_HE579005 354 (340.5)
denovo51 C3.9_FJ461504 352 (360.0)
denovo51 C3.8_FJ461503 354 (349.5)
denovo51 C3.7_FJ461502 354 (340.5)
denovo51 C3.11_FJ461506 348 (349.5)
denovo51 C3.18_HE579006 354 (340.5)
denovo51 C3.19_HE579007 357 (349.5)
denovo51 C3.20_HE579008 354 (358.5)
denovo51 C3g_AY589735 359 (358.5)
denovo51 C3a_AF499790 347 (347.0)
denovo51 C3e_AF499793 354 (340.5)
denovo51 C6_AF499796 360 (361.0)
denovo51 C11_AF499800 354 (349.5)
denovo51 C36_AY258480 354 (349.5)
denovo51 C29_AY258494 353 (355.0)
denovo51 C1146_EF656434 360 (343.0)
denovo51 C1190_EU099841 354 (349.5)
denovo51 C131_JF320826 354 (349.5)
denovo51 C28_AY239380 349 (355.0)
denovo51 C1012_DQ480604 356 (346.0)
denovo51 C1181_AB294640 357 (344.0)
denovo51 C1180_AB294641 357 (353.0)
denovo51 C1179_AB294645 357 (362.0)
denovo51 C1176_AB294651 357 (353.5)
denovo51 C1175_AB294653 359 (350.0)
denovo51 C1174_AB294655 344 (349.0)
denovo51 C1177_AB294659 359 (359.0)
denovo51 C1040_AB190269 354 (358.5)
denovo51 C1182_AB294649 354 (349.5)
denovo51 C1089_AJ278598 354 (340.5)
denovo51 C1028_DQ335357 354 (358.5)
denovo51 C3.16_EU786015 354 (358.5)
denovo51 C1097_AJ311943 355 (348.5)
denovo51 C1170_AB294661 357 (344.0)
denovo51 C21.17_HE579029 367 (344.5)
denovo51 C21/3d/C3k_AY239372 365 (345.5)
denovo51 C58_AY589762 366 (345.0)
denovo51 C3L_AY589738 363 (348.0)
denovo51 C1169_AB294660 357 (353.0)
denovo51 C3.2_FJ461497 353 (350.5)
denovo51 C3.1_JF683321 353 (350.0)
denovo51 C1104_AF427469 355 (340.0)
denovo51 C3b_AF499791 353 (350.0)
denovo51 C83_GU907661 356 (348.5)
denovo51 C49_AY589754 398 (357.0)
denovo51 C3_AB778606 354 (349.5)
denovo51 C3_AF499789 354 (349.5)
denovo51 C3_HE579001 354 (349.5)
denovo51 C21.12_FJ461514 366 (338.5)
denovo51 C1229_EU074888 340 (330.5)
denovo51 C1230_EU074889 340 (339.5)
denovo51 C1114_AB207196 354 (340.5)
denovo51 C3.21_HE579009 355 (320.0)
denovo51 C1057_DQ480619 359 (336.0)
denovo51 C72_AY765407 354 (331.0)
denovo51 C1b.3_HE578999 353 (341.5)
denovo51 C93_AJ621536 354 (358.5)
denovo51 C94_AJ621539 354 (358.5)
denovo51 C1g_AY589730 354 (349.5)
denovo51 C1i_AY589731 354 (349.5)
denovo51 C1j_AY589732 354 (358.5)
denovo51 C1005_DQ480633 354 (349.5)
denovo51 C1.7_FJ461494 356 (346.5)
denovo51 C1.11_HE578984 354 (350.5)
denovo51 C1.12_HE578985 338 (346.5)
denovo51 C1.13_HE578986 354 (349.5)
denovo51 C1.14_HE578987 340 (352.0)
denovo51 C1.18_HE578991 354 (340.5)
denovo51 C1.19_HE578992 355 (342.5)
denovo51 C1199_EU099802 353 (341.0)
denovo51 C1188_EU099838 354 (349.5)
denovo51 C1002_DQ838544 354 (349.5)
denovo51 C1198_EU099810 354 (350.0)
denovo51 C24_AY239376 361 (334.5)
denovo51 C1f_AY258490 354 (340.5)
denovo51 C1006_DQ480629 355 (343.0)
denovo51 C1010_DQ480607 356 (355.5)
denovo51 C1007_DQ480624 354 (343.5)
denovo51 C1011_DQ480605 354 (349.5)
denovo51 C1009_DQ480608 354 (349.5)
denovo51 C1041_AY186548 354 (349.5)
denovo51 C1052_AY186570 356 (346.0)
denovo51 C1148_EU040178 354 (349.5)
denovo51 C1234_EU118165 355 (339.5)
denovo51 C1.5_EF634157 340 (352.0)
denovo51 C1059_DQ480609 354 (340.5)
denovo51 C1228_EU074883 355 (343.5)
denovo51 C1208_EU074963 354 (358.5)
denovo51 C1207_EU074964 354 (349.5)
denovo51 C1206_EU074965 359 (346.5)
denovo51 C1013_DQ480642 353 (337.5)
denovo51 C80_GU907656 367 (362.5)
denovo51 C1a_AF499788 354 (358.5)
denovo51 C41_AY258486 361 (343.5)
denovo51 C39_AY258484 350 (350.0)
denovo51 C1231_EU074878 359 (346.5)
denovo51 C1b.1_HE578997 358 (347.5)
denovo51 C18_AY258478 353 (346.5)
denovo51 C1.10_HE578983 347 (344.5)
denovo51 C1_JN558041 354 (349.5)
denovo51 C1_HE578979 354 (349.5)
denovo51 C1_AM748551 354 (349.5)
denovo51 C1_AF333515 354 (349.5)
denovo51 C1054_AY186565 355 (349.0)
denovo51 C1008_DQ480613 354 (343.5)
denovo51 C1103_AF427470 355 (340.0)
denovo51 C1226_EU074881 355 (339.5)
denovo51 C1b/C1e_AY239363 353 (350.5)
denovo51 C1044_DQ068038 354 (334.5)
denovo51 C1017_DQ174729 353 (347.5)
denovo51 C1.6_FJ461493 352 (353.5)
denovo51 C1b.2_HE578998 351 (354.5)
denovo51 C1060_DQ480600 354 (340.5)
denovo51 C1227_EU074882 354 (340.5)
denovo51 C1197_EU099814 354 (340.5)
denovo51 C1130_DQ480643 352 (293.0)
denovo51 D109_AB097465 351 (332.5)
denovo51 D1.11_HE579040 354 (344.0)
denovo51 D105_AF174570 351 (343.0)
denovo51 D104_AF174572 346 (355.5)
denovo51 D1.3_JF683337 348 (361.5)
denovo51 D1.10_HE579039 354 (344.0)
denovo51 D110_AF174561 354 (344.0)
denovo51 D117_AF174542 354 (335.0)
denovo51 D114_AF174549 346 (346.5)
denovo51 D113_AF174557 344 (348.5)
denovo51 D112_AF174558 352 (346.5)
denovo51 D106_AF174559 361 (338.0)
denovo51 D111_AF174560 354 (344.0)
denovo51 D115_AF174562 353 (342.0)
denovo51 D107_AF174568 348 (352.5)
denovo51 D116_AF174571 355 (346.0)
denovo51 D124_EU074897 356 (350.0)
denovo51 D1.8_HE579037 355 (337.5)
denovo51 D3_AY686650 354 (344.0)
denovo51 D1.6_HQ630881 354 (344.0)
denovo51 D120_EU074900 352 (346.5)
denovo51 D121_EU074904 354 (353.0)
denovo51 D122_EU074905 348 (353.0)
denovo51 D1a.2_JF683339 357 (355.0)
denovo51 D1a.1_JF683338 356 (350.0)
denovo51 D2_AY686649 568 (383.0)
denovo51 D4_DQ865214 353 (355.0)
denovo51 D1a_AF499802 352 (346.5)
denovo51 D1a_JN558078 352 (346.5)
denovo51 D123_EU074895 352 (347.5)
denovo51 D108_AF174567 352 (346.5)
denovo51 D103_AF174575 354 (344.0)
denovo51 D100_AF411415 356 (341.5)
denovo51 D118_EF656435 354 (344.0)
denovo51 D101_AF411416 356 (326.5)
denovo51 D119_EU099832 357 (347.5)
denovo51 D102_AF174573 354 (347.0)
denovo51 D1_AF334660 354 (344.0)
denovo51 D1_JN558076 354 (344.0)
denovo51 D1.12_HE579041 337 (331.0)
denovo51 D1.1_AM748564 420 (373.0)
denovo51 D1.2_AM748617 402 (349.5)
denovo51 E111_EU074915 354 (344.5)
denovo51 E110_EU074914 351 (343.5)
denovo51 E114_EU074909 351 (343.5)
denovo51 E1_AF334659 352 (343.0)
denovo51 E105_EU074921 351 (343.5)
denovo51 E112_EU074916 351 (344.0)
denovo51 E104_EU074922 350 (342.0)
denovo51 E102_EU074924 351 (343.5)
denovo51 E103_EU074923 351 (343.5)
denovo51 E101_AY160123 353 (328.0)
denovo51 E109_EU074913 347 (340.5)
denovo51 E100_DQ011618 353 (357.5)
denovo51 E108_EU074912 351 (361.5)
denovo51 E113_EU074908 349 (359.5)
denovo51 E107_EU074910 350 (359.0)
denovo51 F1_JN558066 365 (378.0)
denovo51 F5.2d_AJ291530 353 (387.0)
denovo51 F104_AJ291531 353 (387.0)
denovo51 F5.2c_AM748596 354 (380.5)
denovo51 F5.2_AM748594 363 (390.5)
denovo51 F5.2a_AM748614 363 (390.5)
denovo51 F5.2b_AM748595 363 (382.0)
denovo51 F5.2e_AJ291533 364 (376.5)
denovo51 F5.2g_JN558072 359 (387.5)
denovo51 F5.2f_AJ291512 360 (398.5)
denovo51 F102_AJ291534 360 (398.5)
denovo51 F5.1c_AM748593 351 (372.0)
denovo51 F5.1d_JN558069 359 (395.0)
denovo51 F5.1b_AJ291535 357 (374.5)
denovo51 F5.1_AM748592 360 (388.0)
denovo51 F5.1a_AM748591 360 (379.0)
denovo51 F110_AJ291526 333 (433.0)
denovo51 F4.7_AM748587 331 (404.5)
denovo51 F4.5_AM748585 362 (405.0)
denovo51 F4.4a_AM748583 351 (391.0)
denovo51 F4.4_AM748582 344 (401.5)
denovo51 F4.4b_AM748584 342 (397.0)
denovo51 F4.1a_AM748573 343 (395.0)
denovo51 F112_AJ291528 339 (429.0)
denovo51 F4.1_AM748572 339 (411.0)
denovo51 F4.8b_AM748590 354 (388.5)
denovo51 F4.8_AM748588 353 (395.5)
denovo51 F4.8a_AM748589 351 (389.0)
denovo51 F109_AJ291527 354 (404.0)
denovo51 F4.6_AM748586 333 (399.0)
denovo51 F111_AJ311949 357 (401.5)
denovo51 F4.3c_AM748581 344 (393.0)
denovo51 F4.3a_AM748579 355 (391.5)
denovo51 F4.3b_AM748580 358 (392.0)
denovo51 F4.3_AM748578 358 (392.0)
denovo51 F4.2_AM748574 358 (386.5)
denovo51 F4.2a_AM748575 339 (386.5)
denovo51 F4.2c_AM748577 364 (377.0)
denovo51 F4.2b_AM748576 334 (389.5)
denovo51 F2b_AJ291521 365 (384.5)
denovo51 F2_AJ830908 360 (368.5)
denovo51 F2a_AJ830911 358 (372.5)
denovo51 F3.1a_AM748566 377 (395.5)
denovo51 F114_AJ291525 373 (428.5)
denovo51 F3.1_AM748565 373 (419.5)
denovo51 F3.2_AM748567 364 (428.5)
denovo51 F3.2a_AM748568 360 (426.5)
denovo51 F3.3_AM748569 349 (382.5)
denovo51 F3.4a_AM748571 347 (383.0)
denovo51 F3.4_AM748570 345 (369.0)
denovo51 F3.4b_AM748616 345 (369.5)
denovo51 G101_AJ291539 357 (389.5)
denovo51 G1_AM748597 357 (398.5)
denovo51 G2b_JN558087 361 (377.0)
denovo51 G2_AM748598 361 (377.0)
denovo51 G2a_AM748599 361 (377.0)
denovo51 G4_AM748601 363 (360.0)
denovo51 G3.4_LK392378 349 (380.5)
denovo51 G3_AM748600 352 (399.5)
denovo51 G3.2_KC597694 355 (332.5)
denovo51 G3.1_KC597688 366 (380.0)
denovo51 G100_AB253788 368 (366.5)
denovo51 G3.3_LK392377 366 (371.0)
denovo51 H6_AJ291520 643 (281.5)
denovo51 H3_AM748606 359 (339.5)
denovo51 H2_AM748605 347 (330.0)
denovo51 H4_AM748607 337 (335.5)
denovo51 H4a_AM748608 337 (350.5)
denovo51 H5a_AM748611 344 (339.0)
denovo51 H5b_AM748610 344 (347.0)
denovo51 H5_AJ621129 342 (343.5)
denovo51 H5_AM748609 342 (343.5)
denovo51 H100_AJ291513 350 (329.0)
denovo51 H1b_AM748604 354 (327.5)
denovo51 H1a_AM748612 368 (336.0)
denovo51 H1_AJ621152 353 (333.5)
denovo51 H1_AM748602 353 (333.5)
denovo51 I3_FN561561 351 (451.5)
denovo51 I4_FN561562 352 (454.0)
denovo51 I1_FN561559 360 (460.0)
denovo51 I2_FN561560 366 (453.0)

#---------------------------------------
#---------------------------------------
