denovo221 A136_DQ865210 345 (346.5)
denovo221 A133_DQ174725 337 (346.5)
denovo221 A115_AF180123 353 (344.0)
denovo221 A117_AF201746 353 (371.5)
denovo221 A134_DQ174723 352 (377.0)
denovo221 A114_AF184941 353 (371.5)
denovo221 A135_DQ174727 357 (352.5)
denovo221 A2_AF333506 350 (375.0)
denovo221 A101_AF427468 350 (360.5)
denovo221 A2_1_JN558097 350 (360.5)
denovo221 A2_2_JN558100 350 (360.5)
denovo221 A113_AF184948 345 (351.0)
denovo221 A112_AF184949 346 (354.0)
denovo221 A123_EF378618 335 (316.0)
denovo221 A137_EF378621 336 (355.5)
denovo221 A11_EU449041 338 (362.0)
denovo221 A121_DQ174722 356 (337.5)
denovo221 A15b_EU792886 335 (332.0)
denovo221 A15a_EU792885 335 (341.5)
denovo221 A15c_EU792887 345 (343.5)
denovo221 A15_EU792884 335 (341.0)
denovo221 A147_EU074937 346 (356.5)
denovo221 A154_EU074860 346 (347.5)
denovo221 A146_EU074936 337 (347.0)
denovo221 A150_EU074928 337 (365.0)
denovo221 A116_AF183575 333 (362.5)
denovo221 A141_EU074931 337 (356.0)
denovo221 A5_AF333508 332 (357.5)
denovo221 A3b_EU449043 333 (353.5)
denovo221 A151_EU074925 337 (347.0)
denovo221 A152_EU074927 345 (344.5)
denovo221 A149_EU074929 339 (343.5)
denovo221 A140_EU074930 350 (341.0)
denovo221 A142_EU074932 346 (338.5)
denovo221 A143_EU074933 337 (356.0)
denovo221 A144_EU074934 346 (347.5)
denovo221 A145_EU074935 346 (356.5)
denovo221 A148_EU074938 337 (347.0)
denovo221 A155_EU074856 346 (347.5)
denovo221 A156_EU074859 346 (338.5)
denovo221 A139_EU074962 349 (346.5)
denovo221 A6_AF186058 346 (347.5)
denovo221 A3_AF333507 346 (347.5)
denovo221 A3_JN558091 346 (347.5)
denovo221 A8_AY258468 335 (350.0)
denovo221 A7_AY239360 333 (362.5)
denovo221 A16_EU792888 337 (357.0)
denovo221 A4.3_FN429763 357 (348.0)
denovo221 A120_AF180122 355 (345.0)
denovo221 A4.2_FN429761 348 (367.0)
denovo221 A4_AF333509 353 (364.5)
denovo221 A4.1_FN429760 356 (362.0)
denovo221 A4a_AF499778 353 (365.0)
denovo221 A4a.1_FN429762 353 (365.0)
denovo221 A138_EF378620 344 (379.5)
denovo221 A122_EF378619 342 (377.0)
denovo221 A126_EF378615 341 (378.0)
denovo221 A10_EU792882 341 (378.0)
denovo221 A9_EU449028 346 (369.5)
denovo221 A105_AB207202 345 (366.5)
denovo221 A119_AF180121 346 (368.0)
denovo221 A12_EU792883 349 (370.0)
denovo221 A104_AB207203 346 (369.5)
denovo221 A1a_EU449030 350 (364.0)
denovo221 A1.3_HE578976 347 (363.0)
denovo221 A1.4_HE578977 348 (366.0)
denovo221 A13_AF333504 347 (363.0)
denovo221 A13_JN558094 347 (363.0)
denovo221 A110_AB190282 346 (360.5)
denovo221 A103_AB207206 346 (369.5)
denovo221 A130_EF656428 351 (366.5)
denovo221 A127_EF656429 346 (369.5)
denovo221 A128_EF656430 346 (369.5)
denovo221 A129_EF656431 347 (363.5)
denovo221 A131_EF656432 346 (369.5)
denovo221 A118_AF180120 349 (364.0)
denovo221 A1_AF333505 346 (369.5)
denovo221 A107_AB207199 346 (378.5)
denovo221 A111_AB190280 346 (378.5)
denovo221 A108_AB207197 347 (348.0)
denovo221 A106_AB207200 346 (370.5)
denovo221 A102_AB207209 346 (369.5)
denovo221 A1.2_AB207210 346 (369.5)
denovo221 A109_AB190285 343 (370.5)
denovo221 B4_AF333510 337 (546.0)
denovo221 B23_EU449079 347 (455.0)
denovo221 B30_GU907644 356 (454.0)
denovo221 B11_AY239361 350 (490.5)
denovo221 B17_AY258470 351 (491.0)
denovo221 B1k_GU907638 311 (315.5)
denovo221 B1.V_Green2014 359 (463.0)
denovo221 B1b_AF499780 340 (464.5)
denovo221 B16_AY258469 348 (493.0)
denovo221 B31a_GU907646 351 (483.0)
denovo221 B32_GU907647 351 (483.0)
denovo221 B31_GU907645 351 (492.0)
denovo221 B1j_GU907637 351 (510.0)
denovo221 B37_GU907650 353 (509.0)
denovo221 B5a_AF499782 350 (488.5)
denovo221 B5_AF499781 350 (497.5)
denovo221 B24_GU907643 339 (477.5)
denovo221 B117_AF180124 343 (497.0)
denovo221 B10_AF499787 350 (507.5)
denovo221 B20_GU907642 353 (493.5)
denovo221 B1m_GU907640 351 (501.0)
denovo221 B34_GU907649 351 (501.0)
denovo221 B1d_GU907633 351 (501.5)
denovo221 B1e_GU907634 351 (501.5)
denovo221 B1i_GU907636 351 (501.0)
denovo221 B1g_GU907635 354 (487.5)
denovo221 B123_EU074872 351 (492.0)
denovo221 B8_AF499785 352 (491.5)
denovo221 B1l_GU907639 351 (492.0)
denovo221 B1a_AF499779 351 (501.0)
denovo221 B14_AY239362 352 (491.0)
denovo221 B125_EU074865 351 (492.0)
denovo221 B122_EU074871 351 (492.0)
denovo221 B124_EU074874 351 (492.0)
denovo221 B1.VII_Green2014 344 (491.5)
denovo221 B1.III_Green2014 347 (472.5)
denovo221 B1.I_Green2014 351 (501.0)
denovo221 B1.II_Green2014 351 (501.0)
denovo221 B1_JN558057 351 (501.0)
denovo221 B1_AF333511 351 (501.0)
denovo221 B1.IV_Green2014 362 (499.5)
denovo221 B121_EU074870 345 (501.0)
denovo221 B7_AF499784 344 (508.0)
denovo221 B1.VI_Green2014 342 (493.5)
denovo221 B3_AF333514 349 (490.0)
denovo221 B9_AF499786 350 (476.0)
denovo221 B19a_JN558055 343 (446.0)
denovo221 B119_EU099825 352 (435.5)
denovo221 B21_DQ865213 342 (466.0)
denovo221 B38_GU907651 342 (466.0)
denovo221 B18_AY258471 349 (481.0)
denovo221 B18a_AY258472 349 (472.0)
denovo221 B33_GU907648 345 (469.0)
denovo221 B6_AF499783 346 (481.5)
denovo221 B19_DQ865212 345 (478.5)
denovo221 B19_GU907641 345 (478.5)
denovo221 B2_AF333512 345 (487.5)
denovo221 B2_JN558060 345 (487.5)
denovo221 C33.1_AY258498 306 (1134.5)
denovo221 C33.2_AY765400 306 (1134.5)
denovo221 C33a_EF541147 306 (1134.5)
denovo221 C34_AY258499 306 (1143.5)
denovo221 C78_AY765413 310 (1109.5)
denovo221 C15.29_KC597690 321 (1096.5)
denovo221 C1131_DQ182650 306 (1052.5)
denovo221 C1135_DQ182646 315 (1051.5)
denovo221 C1134_DQ182647 315 (1051.5)
denovo221 C1142_DQ182635 315 (1060.5)
denovo221 C1136_DQ182644 306 (1022.5)
denovo221 C1111_DQ182645 306 (1022.5)
denovo221 C1236_EF473656 306 (1031.5)
denovo221 C1138_DQ182642 306 (1031.5)
denovo221 C1137_DQ182643 306 (1031.5)
denovo221 C1133_DQ182648 306 (1031.5)
denovo221 C1132_DQ182649 306 (1031.5)
denovo221 C1143_DQ182634 306 (1040.5)
denovo221 C1139_DQ182639 314 (1066.5)
denovo221 C15.28_KC597687 319 (1091.5)
denovo221 C1141_DQ182636 306 (1070.5)
denovo221 C1144_DQ182637 306 (1061.5)
denovo221 C1122_DQ182654 306 (1070.5)
denovo221 C1127_DQ182652 306 (1070.5)
denovo221 C15.30_JX394114 319 (1109.5)
denovo221 C15.26_KC597686 319 (1109.5)
denovo221 C1086_DQ182656 319 (1109.5)
denovo221 C15.25_KC597685 319 (1118.5)
denovo221 C1118_AF180127 309 (1032.0)
denovo221 C1129_DQ182651 306 (1097.5)
denovo221 C15.21_KC597683 319 (1109.5)
denovo221 C56_AY589760 315 (1133.0)
denovo221 C1140_DQ182638 306 (1097.5)
denovo221 C1126_DQ182653 306 (1088.5)
denovo221 C15c_AY258492 319 (1127.5)
denovo221 C15d_AY258493 319 (1118.5)
denovo221 C1098_DQ182641 319 (1098.0)
denovo221 C15.27_KC597689 319 (1127.5)
denovo221 C15.18_HE579024 319 (1127.5)
denovo221 C15.16_HE579022 319 (1127.5)
denovo221 C1101_AB253787 319 (1127.5)
denovo221 C1083_AY237300 319 (1127.5)
denovo221 C1088_DQ182640 319 (1127.5)
denovo221 C15.6_FN563472 319 (1136.5)
denovo221 C15.5_FJ461512 319 (1136.5)
denovo221 C15.4_FJ461511 319 (1145.5)
denovo221 C15.13_HE579019 319 (1136.5)
denovo221 C15.12_HE579018 319 (1145.5)
denovo221 C93a_AM748563 319 (1136.5)
denovo221 C1094_AJ291514 319 (1127.5)
denovo221 C93_AM748562 319 (1127.5)
denovo221 C15.17_HE579023 319 (1121.5)
denovo221 C15e_AY589742 319 (1121.5)
denovo221 C15.22_KC597695 319 (1136.5)
denovo221 C60_AY589764 319 (1136.5)
denovo221 C15.1_FJ461508 319 (1136.5)
denovo221 C15.2_FJ461509 319 (1136.5)
denovo221 C15.9_FN563475 319 (1136.5)
denovo221 C15.7_HE579015 319 (1136.5)
denovo221 C15.8_HE579016 319 (1137.0)
denovo221 C15.15_HE579021 319 (1145.5)
denovo221 C15.19_HE579025 319 (1136.5)
denovo221 C15.24_KC597696 319 (1127.5)
denovo221 C15.3_FJ461510 319 (1145.5)
denovo221 C1087_DQ182655 319 (1136.5)
denovo221 C15.14_HE579020 320 (1126.5)
denovo221 C15.23_KC597697 320 (1126.5)
denovo221 C19_AY258479 319 (1130.5)
denovo221 C1233_EU118166 319 (1136.5)
denovo221 C15b_AY258491 319 (1137.0)
denovo221 C15a_AY258476 319 (1154.5)
denovo221 C1051_AF195153 319 (1145.5)
denovo221 C2_AF333518 320 (1135.5)
denovo221 C15.20_HE579026 320 (1135.5)
denovo221 C15f_AY589743 320 (1135.5)
denovo221 C55_AY589759 323 (1134.0)
denovo221 C15_AY239369 319 (1145.5)
denovo221 C32.1_JF683335 330 (976.0)
denovo221 C32.2_JF683336 328 (988.0)
denovo221 C21.23_KC597693 328 (988.0)
denovo221 C1193_EU099827 320 (1108.5)
denovo221 C1195_EU099821 314 (1121.0)
denovo221 C3q_GU907655 320 (1060.5)
denovo221 C53_AY589758 311 (1122.0)
denovo221 C73_AY765408 324 (1067.0)
denovo221 C17.2.1_KC597684 309 (1083.0)
denovo221 C32_AY258497 319 (1088.5)
denovo221 C1189_EU099831 319 (1106.5)
denovo221 C1191_EU099833 319 (1097.5)
denovo221 C1196_EU099819 319 (1097.5)
denovo221 C1192_EU099820 319 (1097.5)
denovo221 C17.1_JF683322 319 (1106.5)
denovo221 C26_b2_FN827164 320 (1096.5)
denovo221 C26_b3_FN827165 320 (1087.5)
denovo221 C31.9_HQ630879 317 (1097.5)
denovo221 C31a_AY589746 322 (1082.5)
denovo221 C30_AY589745 322 (1082.5)
denovo221 C31.1_HQ630876 322 (1082.5)
denovo221 C31.5_HQ630877 322 (1082.5)
denovo221 C31.6_HQ630878 322 (1082.5)
denovo221 C31.2_JF683332 322 (1082.5)
denovo221 C31.3_JF683333 322 (1082.5)
denovo221 C26/C35a_AY239378 320 (1096.5)
denovo221 C35a_AY258501 320 (1096.5)
denovo221 C35.2_AY258500 320 (1105.5)
denovo221 C26_b1_FN827163 320 (1105.5)
denovo221 C17_AY239370 319 (1115.5)
denovo221 C17.2_FJ461513 321 (1105.0)
denovo221 C31.10_HQ630880 322 (1095.0)
denovo221 C31.4_JF683334 313 (1096.0)
denovo221 C31_AY258496 322 (1091.5)
denovo221 C25_AY239377 316 (1111.0)
denovo221 C61_AY589765 318 (1063.0)
denovo221 C1043_DQ072721 319 (1113.5)
denovo221 C79_AY765414 319 (1128.0)
denovo221 C69_AY589773 307 (1056.0)
denovo221 C69a_AY686648 307 (1047.0)
denovo221 C21.22_KC597692 319 (1079.5)
denovo221 C51_AY589756 306 (1134.5)
denovo221 C1aa_HM185739 319 (1128.5)
denovo221 C1096_DQ068023 319 (1098.0)
denovo221 C74_AY765409 320 (1117.5)
denovo221 C1185_AB294629 320 (1117.5)
denovo221 C1184_AB294630 320 (1117.5)
denovo221 C1153_AB294625 320 (1117.5)
denovo221 C1154_AB294626 320 (1117.5)
denovo221 C1187_AB294627 320 (1135.5)
denovo221 C1186_AB294628 320 (1117.5)
denovo221 C57_AY589761 320 (1126.5)
denovo221 C66_AY589771 320 (1126.5)
denovo221 C5_AF499795 319 (1127.5)
denovo221 C1167_AB294586 319 (1136.5)
denovo221 C1164_AB294593 319 (1136.5)
denovo221 C1183_AB294631 319 (1136.5)
denovo221 C1067_DQ335381 319 (1136.5)
denovo221 C1159_AB294613 320 (1117.5)
denovo221 C1150_AB294622 320 (1126.5)
denovo221 C90_AM748554 321 (1153.0)
denovo221 C1168_AB294583 319 (1136.5)
denovo221 C1156_AB294616 319 (1136.5)
denovo221 C1151_AB294621 319 (1154.5)
denovo221 C92a_AM748561 319 (1136.5)
denovo221 C92_AM748560 319 (1145.5)
denovo221 C1165_AB294581 319 (1145.5)
denovo221 C1166_AB294584 306 (1152.5)
denovo221 C1162_AB294594 319 (1145.5)
denovo221 C1163_AB294596 319 (1145.5)
denovo221 C1161_AB294606 319 (1145.5)
denovo221 C1160_AB294608 319 (1145.5)
denovo221 C1158_AB294614 319 (1145.5)
denovo221 C1155_AB294617 319 (1145.5)
denovo221 C1149_AB294620 319 (1145.5)
denovo221 C1173_AB294662 319 (1145.5)
denovo221 C1171_AB294663 319 (1145.5)
denovo221 C1172_AB294665 319 (1154.5)
denovo221 C91a_AM748556 319 (1145.5)
denovo221 C91b_AM748557 319 (1145.5)
denovo221 C91d_AM748559 319 (1145.5)
denovo221 C91c_AM748558 319 (1145.5)
denovo221 C91_AJ621543 319 (1154.5)
denovo221 C91_AM748555 319 (1154.5)
denovo221 C1023_DQ335330 319 (917.5)
denovo221 C1020_DQ335392 319 (1154.5)
denovo221 C1018_DQ335408 319 (1154.5)
denovo221 C1074_DQ335329 319 (1154.5)
denovo221 C1030_DQ335353 310 (1164.0)
denovo221 C1022_DQ335331 319 (1154.5)
denovo221 C1027_DQ335360 319 (1154.5)
denovo221 C1072_DQ335344 319 (1154.5)
denovo221 C1039_AB190274 319 (1154.5)
denovo221 C1033_DQ335350 324 (1151.5)
denovo221 C1019_DQ335407 319 (1163.5)
denovo221 C1194_EU099826 319 (1121.5)
denovo221 C8b_AY258475 319 (1148.5)
denovo221 C8_AY239367 319 (1172.5)
denovo221 C8a_AY239368 319 (1163.5)
denovo221 C54a_AY765406 319 (1145.5)
denovo221 C3ff_HM185740 319 (1145.5)
denovo221 C59_AY589763 321 (1125.5)
denovo221 C3k_AY589737 319 (1136.5)
denovo221 C3.24_HE579012 319 (1118.5)
denovo221 C3.23_HE579011 319 (1127.5)
denovo221 C35.1_AY765401 319 (1136.5)
denovo221 C35.3_EF541145 319 (1145.5)
denovo221 C76_AY765411 319 (1115.5)
denovo221 C1107_DQ335359 306 (1129.5)
denovo221 C3.22_HE579010 308 (1152.0)
denovo221 C77_AY765412 321 (1120.0)
denovo221 C20_AY239371 319 (1163.5)
denovo221 C1055_DQ480640 311 (1145.5)
denovo221 C27/C30_AY239379 320 (1096.5)
denovo221 C27.1_FJ461517 320 (1087.5)
denovo221 C40a_AY589747 319 (1145.5)
denovo221 C40_AY258485 319 (1154.5)
denovo221 C40b_AY589748 320 (1144.5)
denovo221 C16_AY258477 319 (1172.5)
denovo221 C16a_AY765399 319 (1163.5)
denovo221 C1091_AB207186 314 (1157.5)
denovo221 C1102_DQ335400 319 (1145.5)
denovo221 C1069_DQ335375 319 (1136.5)
denovo221 C1073_DQ335332 319 (1145.5)
denovo221 C1066_DQ335382 319 (1136.5)
denovo221 C1031_DQ335352 319 (1154.5)
denovo221 C1026_DQ335366 319 (1163.5)
denovo221 C70_AY589774 319 (1163.5)
denovo221 C1082_AB190267 319 (1145.5)
denovo221 C1078_AB190271 319 (1145.5)
denovo221 C1090_AB207191 319 (1145.5)
denovo221 C1071_DQ335302 319 (1145.5)
denovo221 C1075_DQ335328 319 (1145.5)
denovo221 C1068_DQ335379 319 (1145.5)
denovo221 C1064_DQ335395 319 (1145.5)
denovo221 C1063_DQ335403 319 (1145.5)
denovo221 C62_AY589766 319 (1154.5)
denovo221 C1077_DQ335316 320 (1144.5)
denovo221 C1109_DQ335338 319 (1154.5)
denovo221 C1110_DQ335340 319 (1145.5)
denovo221 C1106_DQ335339 319 (1136.5)
denovo221 C1112_DQ335319 319 (1145.5)
denovo221 C1108_DQ335351 319 (1136.5)
denovo221 C1105_DQ335394 319 (1145.5)
denovo221 C1121_DQ335378 319 (1136.5)
denovo221 C1116_AB190268 319 (1145.5)
denovo221 C1115_AB190273 319 (1136.5)
denovo221 C1124_DQ335323 319 (1136.5)
denovo221 C1120_DQ335398 319 (1136.5)
denovo221 C1119_DQ335404 319 (1136.5)
denovo221 C1123_DQ335363 319 (1145.5)
denovo221 C1004_DQ480635 319 (1154.5)
denovo221 C1061_AY186568 310 (1163.5)
denovo221 C1053_AY186569 319 (1154.5)
denovo221 C1003_DQ480639 319 (1163.5)
denovo221 C81_GU907657 323 (1013.0)
denovo221 C22_AY239373 319 (1126.0)
denovo221 C22a_AY239374 319 (1117.0)
denovo221 C1232_EU118163 319 (1145.5)
denovo221 C21.13_FJ461515 319 (1088.5)
denovo221 C21.1_JF683323 319 (1106.5)
denovo221 C21.3_JF683325 319 (1106.5)
denovo221 C1.20_HE578993 319 (1154.5)
denovo221 C1.22_HE578995 319 (1154.5)
denovo221 C52_AY589757 319 (1130.5)
denovo221 C1201_EU099793 321 (1128.5)
denovo221 C14_AY589741 319 (1148.5)
denovo221 C43_AY589749 319 (1163.5)
denovo221 C50_AY589755 319 (1154.5)
denovo221 C3.14_HQ630872 315 (1160.0)
denovo221 C1m_AY765398 319 (1163.5)
denovo221 C82_GU907658 319 (1163.5)
denovo221 C82b_GU907660 319 (1163.5)
denovo221 C64_AY589768 319 (1145.5)
denovo221 C45a_AY765404 319 (1163.5)
denovo221 C48_AY589753 321 (1153.0)
denovo221 C1_v1b_FJ919244 319 (1163.5)
denovo221 C1_v1a_FJ919243 319 (1172.5)
denovo221 C3j_AY239366 319 (1163.5)
denovo221 C3t_EF541149 319 (1154.5)
denovo221 C9_AF499798 319 (1172.5)
denovo221 C23_AY239375 319 (1163.5)
denovo221 C37_AY258481 319 (1154.5)
denovo221 C1048_DQ068026 319 (1172.5)
denovo221 C21.4_JF683326 319 (1115.5)
denovo221 C21.5_JF683327 319 (1124.5)
denovo221 C1070_DQ335349 306 (1161.5)
denovo221 C21.6_HQ630873 306 (1122.5)
denovo221 C1224_EU074890 319 (1163.5)
denovo221 C1.17_HE578990 319 (1172.5)
denovo221 C21_b1_FN827162 319 (1115.5)
denovo221 C21.9_JF683330 319 (1115.5)
denovo221 C1085_AY624605 319 (1154.5)
denovo221 C3p_GU907654 309 (1156.0)
denovo221 C3f_AY589734 319 (1163.5)
denovo221 C65a_AY589770 319 (1154.5)
denovo221 C65_AY589769 319 (1163.5)
denovo221 C71_AY589775 319 (1154.5)
denovo221 C71a_AY589776 319 (1145.5)
denovo221 C1178_AB294647 319 (1139.5)
denovo221 C1225_EU074893 319 (1163.5)
denovo221 C75_AY765410 319 (1154.5)
denovo221 C21.10_JF683331 319 (1106.5)
denovo221 C21.11_HQ630874 319 (1115.5)
denovo221 C1065_DQ335388 319 (1163.5)
denovo221 C1045_DQ068036 319 (1163.5)
denovo221 C1h_AY258473 319 (1172.5)
denovo221 C38_AY258482 319 (1154.5)
denovo221 C1202_EU099799 319 (1172.5)
denovo221 C7_AF499797 319 (1163.5)
denovo221 C12_AF499801 319 (1157.0)
denovo221 C38a_AY258483 320 (1144.5)
denovo221 C1200_EU099800 319 (1099.0)
denovo221 C44a_AY589751 319 (1172.5)
denovo221 C47_AY589752 319 (1172.5)
denovo221 C44_AY589750 319 (1181.5)
denovo221 C1.15_HE578988 319 (1172.5)
denovo221 C45.3_FJ461522 319 (1181.5)
denovo221 C46a_AY765405 319 (1172.5)
denovo221 C46_EU449108 319 (1181.5)
denovo221 C3.12_FJ461507 319 (1181.5)
denovo221 C1k_AY589733 319 (1181.5)
denovo221 C67_AY686647 319 (1181.5)
denovo221 C82a_GU907659 319 (1181.5)
denovo221 C10a_AY589739 319 (1172.5)
denovo221 C10_AF499799 319 (1181.5)
denovo221 C13_AY589740 325 (1169.0)
denovo221 C4_AF499794 319 (1182.0)
denovo221 C1147_EF656433 319 (1181.5)
denovo221 C1c/C45_AY239364 319 (1190.5)
denovo221 C1c/C45_EU449103 319 (1190.5)
denovo221 C21.19_HE579031 319 (1106.5)
denovo221 C21.21_HE579033 319 (1088.5)
denovo221 C21.20_HE579032 319 (1097.5)
denovo221 C42b_AY765403 306 (1179.5)
denovo221 C42_AY258487 319 (1172.5)
denovo221 C1p_GU907652 319 (1172.5)
denovo221 C1d_AY258488 319 (1172.5)
denovo221 C42_AY765402 319 (1181.5)
denovo221 C3ha_AY589736 319 (1106.5)
denovo221 C63a_AY589767 321 (1096.0)
denovo221 C21a_AY589744 317 (1127.5)
denovo221 C3o_GU907653 319 (1115.5)
denovo221 C21.16_HQ630875 319 (1115.5)
denovo221 C21.2_JF683324 319 (1115.5)
denovo221 C21.7_JF683328 319 (1115.5)
denovo221 C21.8_JF683329 319 (1115.5)
denovo221 C3h_AY239365 314 (1127.5)
denovo221 C1203_EU099798 306 (1122.5)
denovo221 C3.10_FJ461505 319 (1163.5)
denovo221 C21.14_FJ461516 319 (1115.5)
denovo221 C21.18_HE579030 325 (1103.0)
denovo221 C3.17_HE579005 319 (1163.5)
denovo221 C3.9_FJ461504 319 (1133.5)
denovo221 C3.8_FJ461503 319 (1163.5)
denovo221 C3.7_FJ461502 314 (1166.5)
denovo221 C3.11_FJ461506 319 (1163.5)
denovo221 C3.18_HE579006 319 (1163.5)
denovo221 C3.19_HE579007 319 (1163.5)
denovo221 C3.20_HE579008 319 (1172.5)
denovo221 C3g_AY589735 308 (1160.0)
denovo221 C3a_AF499790 319 (1163.5)
denovo221 C3e_AF499793 319 (1172.5)
denovo221 C6_AF499796 319 (1154.5)
denovo221 C11_AF499800 319 (1163.5)
denovo221 C36_AY258480 319 (1163.5)
denovo221 C29_AY258494 319 (1163.5)
denovo221 C1146_EF656434 319 (1163.5)
denovo221 C1190_EU099841 306 (1170.5)
denovo221 C131_JF320826 319 (1172.5)
denovo221 C28_AY239380 321 (1153.0)
denovo221 C1012_DQ480604 319 (1163.5)
denovo221 C1181_AB294640 319 (1157.5)
denovo221 C1180_AB294641 314 (1160.5)
denovo221 C1179_AB294645 319 (1148.5)
denovo221 C1176_AB294651 319 (1148.5)
denovo221 C1175_AB294653 319 (1148.5)
denovo221 C1174_AB294655 319 (1148.5)
denovo221 C1177_AB294659 319 (1148.5)
denovo221 C1040_AB190269 319 (1163.5)
denovo221 C1182_AB294649 318 (1169.0)
denovo221 C1089_AJ278598 319 (1172.5)
denovo221 C1028_DQ335357 319 (1163.5)
denovo221 C3.16_EU786015 319 (1163.5)
denovo221 C1097_AJ311943 320 (1162.5)
denovo221 C1170_AB294661 319 (1148.5)
denovo221 C21.17_HE579029 319 (1126.5)
denovo221 C21/3d/C3k_AY239372 319 (1124.5)
denovo221 C58_AY589762 320 (1114.5)
denovo221 C3L_AY589738 322 (1131.5)
denovo221 C1169_AB294660 319 (1157.5)
denovo221 C3.2_FJ461497 319 (1157.5)
denovo221 C3.1_JF683321 319 (1157.5)
denovo221 C1104_AF427469 320 (1162.5)
denovo221 C3b_AF499791 319 (1157.5)
denovo221 C83_GU907661 321 (1162.0)
denovo221 C49_AY589754 360 (1142.5)
denovo221 C3_AB778606 319 (1172.5)
denovo221 C3_AF499789 319 (1172.5)
denovo221 C3_HE579001 319 (1172.5)
denovo221 C21.12_FJ461514 319 (1106.5)
denovo221 C1229_EU074888 319 (1104.5)
denovo221 C1230_EU074889 319 (1113.5)
denovo221 C1114_AB207196 319 (1172.5)
denovo221 C3.21_HE579009 308 (1153.5)
denovo221 C1057_DQ480619 319 (1172.5)
denovo221 C72_AY765407 319 (1135.5)
denovo221 C1b.3_HE578999 319 (1157.5)
denovo221 C93_AJ621536 319 (1172.5)
denovo221 C94_AJ621539 319 (1181.5)
denovo221 C1g_AY589730 306 (1179.5)
denovo221 C1i_AY589731 319 (1163.5)
denovo221 C1j_AY589732 319 (1172.5)
denovo221 C1005_DQ480633 319 (1172.5)
denovo221 C1.7_FJ461494 319 (1172.5)
denovo221 C1.11_HE578984 319 (1172.5)
denovo221 C1.12_HE578985 319 (1172.5)
denovo221 C1.13_HE578986 319 (1172.5)
denovo221 C1.14_HE578987 319 (1172.5)
denovo221 C1.18_HE578991 319 (1181.5)
denovo221 C1.19_HE578992 319 (1181.5)
denovo221 C1199_EU099802 319 (1149.0)
denovo221 C1188_EU099838 319 (1163.5)
denovo221 C1002_DQ838544 319 (1163.5)
denovo221 C1198_EU099810 319 (1172.5)
denovo221 C24_AY239376 317 (1175.5)
denovo221 C1f_AY258490 319 (1172.5)
denovo221 C1006_DQ480629 319 (1172.5)
denovo221 C1010_DQ480607 319 (1172.5)
denovo221 C1007_DQ480624 319 (1163.5)
denovo221 C1011_DQ480605 319 (1172.5)
denovo221 C1009_DQ480608 319 (1172.5)
denovo221 C1041_AY186548 319 (1163.5)
denovo221 C1052_AY186570 319 (1172.5)
denovo221 C1148_EU040178 319 (1172.5)
denovo221 C1234_EU118165 320 (1162.5)
denovo221 C1.5_EF634157 319 (1172.5)
denovo221 C1059_DQ480609 319 (1181.5)
denovo221 C1228_EU074883 319 (1172.5)
denovo221 C1208_EU074963 319 (1172.5)
denovo221 C1207_EU074964 319 (1172.5)
denovo221 C1206_EU074965 319 (1172.5)
denovo221 C1013_DQ480642 319 (1173.0)
denovo221 C80_GU907656 329 (1158.0)
denovo221 C1a_AF499788 319 (1172.5)
denovo221 C41_AY258486 319 (1172.5)
denovo221 C39_AY258484 319 (1095.0)
denovo221 C1231_EU074878 306 (1188.5)
denovo221 C1b.1_HE578997 306 (1173.5)
denovo221 C18_AY258478 319 (1172.5)
denovo221 C1.10_HE578983 319 (1133.5)
denovo221 C1_JN558041 319 (1181.5)
denovo221 C1_HE578979 319 (1181.5)
denovo221 C1_AM748551 319 (1181.5)
denovo221 C1_AF333515 319 (1181.5)
denovo221 C1054_AY186565 320 (1171.5)
denovo221 C1008_DQ480613 319 (1172.5)
denovo221 C1103_AF427470 320 (1171.5)
denovo221 C1226_EU074881 320 (1171.5)
denovo221 C1b/C1e_AY239363 319 (1166.5)
denovo221 C1044_DQ068038 319 (1166.5)
denovo221 C1017_DQ174729 320 (1156.5)
denovo221 C1.6_FJ461493 306 (1179.5)
denovo221 C1b.2_HE578998 319 (1166.5)
denovo221 C1060_DQ480600 319 (1172.5)
denovo221 C1227_EU074882 319 (1182.0)
denovo221 C1197_EU099814 319 (1172.5)
denovo221 C1130_DQ480643 307 (1121.0)
denovo221 D109_AB097465 359 (373.0)
denovo221 D1.11_HE579040 341 (376.5)
denovo221 D105_AF174570 341 (376.0)
denovo221 D104_AF174572 348 (361.0)
denovo221 D1.3_JF683337 342 (370.5)
denovo221 D1.10_HE579039 342 (361.5)
denovo221 D110_AF174561 342 (362.0)
denovo221 D117_AF174542 350 (367.5)
denovo221 D114_AF174549 342 (370.5)
denovo221 D113_AF174557 346 (355.0)
denovo221 D112_AF174558 350 (367.0)
denovo221 D106_AF174559 343 (364.0)
denovo221 D111_AF174560 341 (376.0)
denovo221 D115_AF174562 351 (378.5)
denovo221 D107_AF174568 343 (372.5)
denovo221 D116_AF174571 341 (367.5)
denovo221 D124_EU074897 350 (357.5)
denovo221 D1.8_HE579037 342 (370.5)
denovo221 D3_AY686650 341 (377.0)
denovo221 D1.6_HQ630881 342 (361.5)
denovo221 D120_EU074900 342 (353.0)
denovo221 D121_EU074904 341 (376.5)
denovo221 D122_EU074905 342 (361.5)
denovo221 D1a.2_JF683339 350 (368.5)
denovo221 D1a.1_JF683338 350 (366.5)
denovo221 D2_AY686649 590 (417.5)
denovo221 D4_DQ865214 349 (361.0)
denovo221 D1a_AF499802 342 (362.0)
denovo221 D1a_JN558078 342 (362.0)
denovo221 D123_EU074895 342 (370.5)
denovo221 D108_AF174567 349 (364.5)
denovo221 D103_AF174575 348 (369.5)
denovo221 D100_AF411415 351 (360.5)
denovo221 D118_EF656435 351 (361.0)
denovo221 D101_AF411416 351 (345.5)
denovo221 D119_EU099832 347 (359.0)
denovo221 D102_AF174573 342 (373.5)
denovo221 D1_AF334660 342 (370.5)
denovo221 D1_JN558076 342 (370.5)
denovo221 D1.12_HE579041 333 (345.0)
denovo221 D1.1_AM748564 439 (362.0)
denovo221 D1.2_AM748617 408 (357.0)
denovo221 E111_EU074915 373 (302.5)
denovo221 E110_EU074914 372 (326.0)
denovo221 E114_EU074909 372 (317.0)
denovo221 E1_AF334659 372 (313.5)
denovo221 E105_EU074921 371 (323.5)
denovo221 E112_EU074916 372 (308.0)
denovo221 E104_EU074922 373 (311.0)
denovo221 E102_EU074924 372 (317.0)
denovo221 E103_EU074923 372 (317.0)
denovo221 E101_AY160123 393 (305.5)
denovo221 E109_EU074913 376 (303.0)
denovo221 E100_DQ011618 394 (309.0)
denovo221 E108_EU074912 370 (301.0)
denovo221 E113_EU074908 376 (303.0)
denovo221 E107_EU074910 370 (301.0)
denovo221 F1_JN558066 325 (826.0)
denovo221 F5.2d_AJ291530 322 (809.5)
denovo221 F104_AJ291531 322 (809.5)
denovo221 F5.2c_AM748596 322 (809.5)
denovo221 F5.2_AM748594 319 (818.5)
denovo221 F5.2a_AM748614 319 (818.5)
denovo221 F5.2b_AM748595 319 (809.5)
denovo221 F5.2e_AJ291533 313 (808.0)
denovo221 F5.2g_JN558072 319 (809.5)
denovo221 F5.2f_AJ291512 319 (818.5)
denovo221 F102_AJ291534 319 (809.5)
denovo221 F5.1c_AM748593 324 (796.5)
denovo221 F5.1d_JN558069 324 (823.5)
denovo221 F5.1b_AJ291535 322 (819.5)
denovo221 F5.1_AM748592 324 (823.5)
denovo221 F5.1a_AM748591 323 (821.5)
denovo221 F110_AJ291526 331 (724.0)
denovo221 F4.7_AM748587 332 (721.0)
denovo221 F4.5_AM748585 323 (747.0)
denovo221 F4.4a_AM748583 318 (787.5)
denovo221 F4.4_AM748582 321 (784.5)
denovo221 F4.4b_AM748584 323 (782.0)
denovo221 F4.1a_AM748573 334 (706.5)
denovo221 F112_AJ291528 334 (706.5)
denovo221 F4.1_AM748572 334 (706.5)
denovo221 F4.8b_AM748590 325 (714.5)
denovo221 F4.8_AM748588 327 (712.0)
denovo221 F4.8a_AM748589 325 (714.5)
denovo221 F109_AJ291527 327 (699.0)
denovo221 F4.6_AM748586 330 (721.0)
denovo221 F111_AJ311949 326 (743.0)
denovo221 F4.3c_AM748581 329 (752.5)
denovo221 F4.3a_AM748579 326 (743.0)
denovo221 F4.3b_AM748580 326 (743.0)
denovo221 F4.3_AM748578 326 (752.0)
denovo221 F4.2_AM748574 325 (762.5)
denovo221 F4.2a_AM748575 324 (754.0)
denovo221 F4.2c_AM748577 325 (753.5)
denovo221 F4.2b_AM748576 324 (763.0)
denovo221 F2b_AJ291521 328 (823.0)
denovo221 F2_AJ830908 326 (807.5)
denovo221 F2a_AJ830911 327 (801.0)
denovo221 F3.1a_AM748566 332 (757.0)
denovo221 F114_AJ291525 332 (793.0)
denovo221 F3.1_AM748565 332 (784.0)
denovo221 F3.2_AM748567 329 (811.5)
denovo221 F3.2a_AM748568 331 (835.0)
denovo221 F3.3_AM748569 321 (749.5)
denovo221 F3.4a_AM748571 331 (705.5)
denovo221 F3.4_AM748570 331 (696.5)
denovo221 F3.4b_AM748616 325 (697.0)
denovo221 G101_AJ291539 377 (364.5)
denovo221 G1_AM748597 377 (364.5)
denovo221 G2b_JN558087 355 (364.5)
denovo221 G2_AM748598 358 (356.0)
denovo221 G2a_AM748599 355 (364.5)
denovo221 G4_AM748601 366 (383.5)
denovo221 G3.4_LK392378 350 (384.5)
denovo221 G3_AM748600 354 (387.5)
denovo221 G3.2_KC597694 371 (333.5)
denovo221 G3.1_KC597688 358 (372.0)
denovo221 G100_AB253788 356 (367.0)
denovo221 G3.3_LK392377 356 (367.5)
denovo221 H6_AJ291520 634 (354.5)
denovo221 H3_AM748606 306 (853.0)
denovo221 H2_AM748605 307 (900.0)
denovo221 H4_AM748607 315 (828.5)
denovo221 H4a_AM748608 315 (843.5)
denovo221 H5a_AM748611 310 (822.0)
denovo221 H5b_AM748610 313 (829.5)
denovo221 H5_AJ621129 310 (831.0)
denovo221 H5_AM748609 310 (831.0)
denovo221 H100_AJ291513 313 (847.5)
denovo221 H1b_AM748604 318 (848.0)
denovo221 H1a_AM748612 318 (839.0)
denovo221 H1_AJ621152 318 (848.0)
denovo221 H1_AM748602 318 (848.0)
denovo221 I3_FN561561 360 (567.0)
denovo221 I4_FN561562 347 (574.5)
denovo221 I1_FN561559 351 (549.5)
denovo221 I2_FN561560 347 (574.5)

#---------------------------------------
#---------------------------------------
