denovo24 A136_DQ865210 332 (516.0)
denovo24 A133_DQ174725 344 (492.0)
denovo24 A115_AF180123 348 (459.5)
denovo24 A117_AF201746 344 (474.0)
denovo24 A134_DQ174723 335 (482.0)
denovo24 A114_AF184941 335 (482.0)
denovo24 A135_DQ174727 341 (480.0)
denovo24 A2_AF333506 345 (477.0)
denovo24 A101_AF427468 341 (480.0)
denovo24 A2_1_JN558097 341 (480.0)
denovo24 A2_2_JN558100 341 (480.0)
denovo24 A113_AF184948 332 (518.0)
denovo24 A112_AF184949 342 (521.5)
denovo24 A123_EF378618 339 (348.5)
denovo24 A137_EF378621 328 (380.0)
denovo24 A11_EU449041 338 (510.5)
denovo24 A121_DQ174722 335 (522.5)
denovo24 A15b_EU792886 335 (481.0)
denovo24 A15a_EU792885 335 (490.0)
denovo24 A15c_EU792887 335 (490.5)
denovo24 A15_EU792884 335 (490.0)
denovo24 A147_EU074937 336 (491.5)
denovo24 A154_EU074860 336 (490.5)
denovo24 A146_EU074936 336 (508.5)
denovo24 A150_EU074928 336 (518.0)
denovo24 A116_AF183575 335 (526.0)
denovo24 A141_EU074931 336 (517.5)
denovo24 A5_AF333508 339 (514.5)
denovo24 A3b_EU449043 336 (508.5)
denovo24 A151_EU074925 336 (517.5)
denovo24 A152_EU074927 323 (507.5)
denovo24 A149_EU074929 330 (510.0)
denovo24 A140_EU074930 336 (499.5)
denovo24 A142_EU074932 336 (499.5)
denovo24 A143_EU074933 331 (502.5)
denovo24 A144_EU074934 336 (508.5)
denovo24 A145_EU074935 336 (509.0)
denovo24 A148_EU074938 335 (508.0)
denovo24 A155_EU074856 337 (512.0)
denovo24 A156_EU074859 336 (517.5)
denovo24 A139_EU074962 336 (508.5)
denovo24 A6_AF186058 336 (508.5)
denovo24 A3_AF333507 336 (508.5)
denovo24 A3_JN558091 336 (508.5)
denovo24 A8_AY258468 332 (497.5)
denovo24 A7_AY239360 336 (499.5)
denovo24 A16_EU792888 334 (502.5)
denovo24 A4.3_FN429763 333 (480.5)
denovo24 A120_AF180122 328 (475.5)
denovo24 A4.2_FN429761 333 (477.5)
denovo24 A4_AF333509 333 (496.5)
denovo24 A4.1_FN429760 332 (491.5)
denovo24 A4a_AF499778 329 (492.5)
denovo24 A4a.1_FN429762 329 (492.5)
denovo24 A138_EF378620 336 (477.5)
denovo24 A122_EF378619 335 (514.5)
denovo24 A126_EF378615 334 (515.0)
denovo24 A10_EU792882 334 (515.0)
denovo24 A9_EU449028 334 (490.0)
denovo24 A105_AB207202 338 (492.0)
denovo24 A119_AF180121 331 (490.0)
denovo24 A12_EU792883 333 (496.5)
denovo24 A104_AB207203 337 (509.0)
denovo24 A1a_EU449030 337 (499.5)
denovo24 A1.3_HE578976 334 (508.0)
denovo24 A1.4_HE578977 334 (508.0)
denovo24 A13_AF333504 332 (502.5)
denovo24 A13_JN558094 332 (502.5)
denovo24 A110_AB190282 334 (499.0)
denovo24 A103_AB207206 334 (508.0)
denovo24 A130_EF656428 334 (499.0)
denovo24 A127_EF656429 334 (517.0)
denovo24 A128_EF656430 334 (499.0)
denovo24 A129_EF656431 334 (508.0)
denovo24 A131_EF656432 334 (508.0)
denovo24 A118_AF180120 330 (499.5)
denovo24 A1_AF333505 334 (508.0)
denovo24 A107_AB207199 331 (518.0)
denovo24 A111_AB190280 331 (509.0)
denovo24 A108_AB207197 336 (491.0)
denovo24 A106_AB207200 344 (492.0)
denovo24 A102_AB207209 341 (501.5)
denovo24 A1.2_AB207210 341 (501.5)
denovo24 A109_AB190285 345 (495.5)
denovo24 B4_AF333510 357 (532.5)
denovo24 B23_EU449079 349 (498.0)
denovo24 B30_GU907644 348 (493.5)
denovo24 B11_AY239361 355 (515.5)
denovo24 B17_AY258470 356 (506.5)
denovo24 B1k_GU907638 318 (253.0)
denovo24 B1.V_Green2014 365 (472.0)
denovo24 B1b_AF499780 353 (503.5)
denovo24 B16_AY258469 356 (516.5)
denovo24 B31a_GU907646 352 (514.0)
denovo24 B32_GU907647 352 (505.0)
denovo24 B31_GU907645 352 (514.0)
denovo24 B1j_GU907637 356 (516.5)
denovo24 B37_GU907650 358 (515.5)
denovo24 B5a_AF499782 354 (511.5)
denovo24 B5_AF499781 354 (520.5)
denovo24 B24_GU907643 356 (419.0)
denovo24 B117_AF180124 344 (473.5)
denovo24 B10_AF499787 359 (507.0)
denovo24 B20_GU907642 355 (509.5)
denovo24 B1m_GU907640 356 (516.5)
denovo24 B34_GU907649 356 (516.5)
denovo24 B1d_GU907633 352 (522.0)
denovo24 B1e_GU907634 352 (514.0)
denovo24 B1i_GU907636 356 (516.5)
denovo24 B1g_GU907635 362 (512.5)
denovo24 B123_EU074872 358 (504.5)
denovo24 B8_AF499785 361 (519.0)
denovo24 B1l_GU907639 356 (516.5)
denovo24 B1a_AF499779 357 (519.0)
denovo24 B14_AY239362 357 (497.5)
denovo24 B125_EU074865 356 (516.5)
denovo24 B122_EU074871 355 (514.0)
denovo24 B124_EU074874 356 (507.5)
denovo24 B1.VII_Green2014 356 (446.0)
denovo24 B1.III_Green2014 355 (505.0)
denovo24 B1.I_Green2014 356 (516.5)
denovo24 B1.II_Green2014 356 (516.5)
denovo24 B1_JN558057 356 (516.5)
denovo24 B1_AF333511 356 (516.5)
denovo24 B1.IV_Green2014 357 (529.0)
denovo24 B121_EU074870 356 (516.5)
denovo24 B7_AF499784 356 (516.5)
denovo24 B1.VI_Green2014 349 (497.0)
denovo24 B3_AF333514 357 (515.5)
denovo24 B9_AF499786 349 (502.0)
denovo24 B19a_JN558055 343 (493.0)
denovo24 B119_EU099825 357 (505.5)
denovo24 B21_DQ865213 348 (504.5)
denovo24 B38_GU907651 348 (504.5)
denovo24 B18_AY258471 348 (508.5)
denovo24 B18a_AY258472 348 (508.5)
denovo24 B33_GU907648 357 (506.0)
denovo24 B6_AF499783 354 (490.5)
denovo24 B19_DQ865212 349 (502.0)
denovo24 B19_GU907641 349 (502.0)
denovo24 B2_AF333512 356 (504.5)
denovo24 B2_JN558060 356 (504.5)
denovo24 C33.1_AY258498 337 (589.5)
denovo24 C33.2_AY765400 337 (589.5)
denovo24 C33a_EF541147 337 (589.5)
denovo24 C34_AY258499 337 (589.5)
denovo24 C78_AY765413 344 (574.0)
denovo24 C15.29_KC597690 332 (573.5)
denovo24 C1131_DQ182650 332 (574.5)
denovo24 C1135_DQ182646 332 (574.5)
denovo24 C1134_DQ182647 332 (565.0)
denovo24 C1142_DQ182635 332 (565.5)
denovo24 C1136_DQ182644 328 (560.5)
denovo24 C1111_DQ182645 330 (575.5)
denovo24 C1236_EF473656 330 (557.5)
denovo24 C1138_DQ182642 337 (568.0)
denovo24 C1137_DQ182643 327 (567.0)
denovo24 C1133_DQ182648 330 (566.5)
denovo24 C1132_DQ182649 330 (557.5)
denovo24 C1143_DQ182634 330 (566.5)
denovo24 C1139_DQ182639 335 (565.0)
denovo24 C15.28_KC597687 336 (613.5)
denovo24 C1141_DQ182636 335 (574.0)
denovo24 C1144_DQ182637 335 (583.0)
denovo24 C1122_DQ182654 331 (571.5)
denovo24 C1127_DQ182652 335 (574.0)
denovo24 C15.30_JX394114 329 (594.0)
denovo24 C15.26_KC597686 334 (598.0)
denovo24 C1086_DQ182656 327 (605.5)
denovo24 C15.25_KC597685 327 (614.5)
denovo24 C1118_AF180127 333 (585.0)
denovo24 C1129_DQ182651 335 (583.0)
denovo24 C15.21_KC597683 340 (598.5)
denovo24 C56_AY589760 332 (593.0)
denovo24 C1140_DQ182638 331 (589.5)
denovo24 C1126_DQ182653 331 (580.5)
denovo24 C15c_AY258492 332 (611.0)
denovo24 C15d_AY258493 333 (604.5)
denovo24 C1098_DQ182641 336 (602.0)
denovo24 C15.27_KC597689 340 (598.0)
denovo24 C15.18_HE579024 332 (602.0)
denovo24 C15.16_HE579022 335 (602.0)
denovo24 C1101_AB253787 332 (593.0)
denovo24 C1083_AY237300 332 (611.0)
denovo24 C1088_DQ182640 332 (620.0)
denovo24 C15.6_FN563472 332 (602.0)
denovo24 C15.5_FJ461512 338 (601.5)
denovo24 C15.4_FJ461511 332 (602.0)
denovo24 C15.13_HE579019 332 (593.0)
denovo24 C15.12_HE579018 332 (602.0)
denovo24 C93a_AM748563 332 (620.0)
denovo24 C1094_AJ291514 332 (602.0)
denovo24 C93_AM748562 332 (611.0)
denovo24 C15.17_HE579023 337 (611.0)
denovo24 C15e_AY589742 330 (600.0)
denovo24 C15.22_KC597695 332 (602.0)
denovo24 C60_AY589764 332 (611.0)
denovo24 C15.1_FJ461508 338 (610.5)
denovo24 C15.2_FJ461509 332 (602.0)
denovo24 C15.9_FN563475 331 (617.0)
denovo24 C15.7_HE579015 332 (620.0)
denovo24 C15.8_HE579016 332 (602.0)
denovo24 C15.15_HE579021 332 (602.0)
denovo24 C15.19_HE579025 326 (611.5)
denovo24 C15.24_KC597696 332 (611.0)
denovo24 C15.3_FJ461510 332 (602.0)
denovo24 C1087_DQ182655 332 (611.0)
denovo24 C15.14_HE579020 350 (606.0)
denovo24 C15.23_KC597697 350 (606.0)
denovo24 C19_AY258479 344 (613.5)
denovo24 C1233_EU118166 332 (602.0)
denovo24 C15b_AY258491 332 (602.0)
denovo24 C15a_AY258476 332 (611.0)
denovo24 C1051_AF195153 332 (620.0)
denovo24 C2_AF333518 333 (619.5)
denovo24 C15.20_HE579026 341 (607.5)
denovo24 C15f_AY589743 333 (610.0)
denovo24 C55_AY589759 332 (606.0)
denovo24 C15_AY239369 332 (611.0)
denovo24 C32.1_JF683335 351 (629.0)
denovo24 C32.2_JF683336 352 (613.5)
denovo24 C21.23_KC597693 352 (613.5)
denovo24 C1193_EU099827 343 (621.5)
denovo24 C1195_EU099821 348 (575.5)
denovo24 C3q_GU907655 341 (603.0)
denovo24 C53_AY589758 342 (586.0)
denovo24 C73_AY765408 349 (594.0)
denovo24 C17.2.1_KC597684 340 (585.5)
denovo24 C32_AY258497 342 (619.0)
denovo24 C1189_EU099831 343 (604.0)
denovo24 C1191_EU099833 343 (595.0)
denovo24 C1196_EU099819 343 (595.0)
denovo24 C1192_EU099820 343 (595.0)
denovo24 C17.1_JF683322 336 (611.0)
denovo24 C26_b2_FN827164 343 (619.0)
denovo24 C26_b3_FN827165 344 (594.5)
denovo24 C31.9_HQ630879 343 (603.0)
denovo24 C31a_AY589746 344 (602.5)
denovo24 C30_AY589745 344 (602.5)
denovo24 C31.1_HQ630876 344 (611.5)
denovo24 C31.5_HQ630877 344 (611.5)
denovo24 C31.6_HQ630878 344 (611.5)
denovo24 C31.2_JF683332 339 (615.0)
denovo24 C31.3_JF683333 344 (620.5)
denovo24 C26/C35a_AY239378 344 (603.5)
denovo24 C35a_AY258501 344 (603.5)
denovo24 C35.2_AY258500 344 (612.5)
denovo24 C26_b1_FN827163 344 (612.5)
denovo24 C17_AY239370 343 (613.0)
denovo24 C17.2_FJ461513 342 (612.5)
denovo24 C31.10_HQ630880 343 (612.0)
denovo24 C31.4_JF683334 348 (600.0)
denovo24 C31_AY258496 344 (611.5)
denovo24 C25_AY239377 339 (598.0)
denovo24 C61_AY589765 353 (585.0)
denovo24 C1043_DQ072721 344 (577.0)
denovo24 C79_AY765414 343 (598.5)
denovo24 C69_AY589773 334 (591.5)
denovo24 C69a_AY686648 334 (582.5)
denovo24 C21.22_KC597692 352 (622.5)
denovo24 C51_AY589756 346 (588.5)
denovo24 C1aa_HM185739 344 (620.5)
denovo24 C1096_DQ068023 344 (572.0)
denovo24 C74_AY765409 349 (593.5)
denovo24 C1185_AB294629 349 (602.5)
denovo24 C1184_AB294630 349 (602.5)
denovo24 C1153_AB294625 350 (614.0)
denovo24 C1154_AB294626 349 (602.5)
denovo24 C1187_AB294627 349 (602.5)
denovo24 C1186_AB294628 347 (606.0)
denovo24 C57_AY589761 352 (612.0)
denovo24 C66_AY589771 349 (611.5)
denovo24 C5_AF499795 352 (607.5)
denovo24 C1167_AB294586 346 (624.5)
denovo24 C1164_AB294593 345 (605.0)
denovo24 C1183_AB294631 341 (610.5)
denovo24 C1067_DQ335381 344 (601.0)
denovo24 C1159_AB294613 343 (621.5)
denovo24 C1150_AB294622 342 (628.0)
denovo24 C90_AM748554 343 (619.5)
denovo24 C1168_AB294583 342 (622.5)
denovo24 C1156_AB294616 342 (612.5)
denovo24 C1151_AB294621 342 (613.5)
denovo24 C92a_AM748561 340 (617.5)
denovo24 C92_AM748560 342 (613.5)
denovo24 C1165_AB294581 344 (610.5)
denovo24 C1166_AB294584 344 (610.5)
denovo24 C1162_AB294594 344 (610.5)
denovo24 C1163_AB294596 344 (619.5)
denovo24 C1161_AB294606 344 (610.5)
denovo24 C1160_AB294608 343 (625.0)
denovo24 C1158_AB294614 344 (628.5)
denovo24 C1155_AB294617 344 (610.5)
denovo24 C1149_AB294620 343 (625.5)
denovo24 C1173_AB294662 344 (619.0)
denovo24 C1171_AB294663 344 (610.5)
denovo24 C1172_AB294665 344 (610.5)
denovo24 C91a_AM748556 345 (623.0)
denovo24 C91b_AM748557 343 (626.0)
denovo24 C91d_AM748559 344 (619.5)
denovo24 C91c_AM748558 339 (623.0)
denovo24 C91_AJ621543 344 (619.5)
denovo24 C91_AM748555 344 (619.5)
denovo24 C1023_DQ335330 321 (549.5)
denovo24 C1020_DQ335392 344 (610.0)
denovo24 C1018_DQ335408 352 (616.0)
denovo24 C1074_DQ335329 344 (610.0)
denovo24 C1030_DQ335353 344 (610.0)
denovo24 C1022_DQ335331 344 (610.0)
denovo24 C1027_DQ335360 344 (619.0)
denovo24 C1072_DQ335344 344 (610.0)
denovo24 C1039_AB190274 348 (613.0)
denovo24 C1033_DQ335350 349 (607.5)
denovo24 C1019_DQ335407 344 (619.0)
denovo24 C1194_EU099826 336 (608.0)
denovo24 C8b_AY258475 337 (602.0)
denovo24 C8_AY239367 338 (610.5)
denovo24 C8a_AY239368 338 (601.5)
denovo24 C54a_AY765406 344 (600.5)
denovo24 C3ff_HM185740 344 (609.5)
denovo24 C59_AY589763 349 (608.0)
denovo24 C3k_AY589737 341 (619.0)
denovo24 C3.24_HE579012 341 (610.0)
denovo24 C3.23_HE579011 341 (619.0)
denovo24 C35.1_AY765401 335 (611.0)
denovo24 C35.3_EF541145 335 (611.0)
denovo24 C76_AY765411 337 (587.0)
denovo24 C1107_DQ335359 339 (590.0)
denovo24 C3.22_HE579010 347 (594.0)
denovo24 C77_AY765412 338 (607.0)
denovo24 C20_AY239371 344 (619.5)
denovo24 C1055_DQ480640 345 (609.5)
denovo24 C27/C30_AY239379 342 (625.0)
denovo24 C27.1_FJ461517 342 (616.0)
denovo24 C40a_AY589747 345 (613.0)
denovo24 C40_AY258485 344 (610.0)
denovo24 C40b_AY589748 337 (613.5)
denovo24 C16_AY258477 344 (610.0)
denovo24 C16a_AY765399 344 (601.0)
denovo24 C1091_AB207186 341 (611.0)
denovo24 C1102_DQ335400 337 (599.0)
denovo24 C1069_DQ335375 337 (607.5)
denovo24 C1073_DQ335332 337 (625.5)
denovo24 C1066_DQ335382 332 (629.0)
denovo24 C1031_DQ335352 340 (617.0)
denovo24 C1026_DQ335366 347 (610.0)
denovo24 C70_AY589774 337 (626.0)
denovo24 C1082_AB190267 338 (619.5)
denovo24 C1078_AB190271 337 (617.0)
denovo24 C1090_AB207191 337 (617.0)
denovo24 C1071_DQ335302 335 (620.0)
denovo24 C1075_DQ335328 335 (620.0)
denovo24 C1068_DQ335379 337 (608.0)
denovo24 C1064_DQ335395 337 (617.0)
denovo24 C1063_DQ335403 337 (626.0)
denovo24 C62_AY589766 337 (617.0)
denovo24 C1077_DQ335316 338 (616.5)
denovo24 C1109_DQ335338 337 (617.0)
denovo24 C1110_DQ335340 337 (608.0)
denovo24 C1106_DQ335339 341 (602.0)
denovo24 C1112_DQ335319 341 (611.0)
denovo24 C1108_DQ335351 341 (602.0)
denovo24 C1105_DQ335394 341 (611.0)
denovo24 C1121_DQ335378 341 (602.0)
denovo24 C1116_AB190268 337 (608.0)
denovo24 C1115_AB190273 341 (602.0)
denovo24 C1124_DQ335323 341 (593.0)
denovo24 C1120_DQ335398 341 (611.0)
denovo24 C1119_DQ335404 337 (608.5)
denovo24 C1123_DQ335363 341 (602.0)
denovo24 C1004_DQ480635 338 (611.0)
denovo24 C1061_AY186568 338 (602.0)
denovo24 C1053_AY186569 342 (605.0)
denovo24 C1003_DQ480639 338 (611.0)
denovo24 C81_GU907657 331 (591.5)
denovo24 C22_AY239373 340 (597.5)
denovo24 C22a_AY239374 339 (594.5)
denovo24 C1232_EU118163 344 (628.0)
denovo24 C21.13_FJ461515 338 (607.5)
denovo24 C21.1_JF683323 343 (595.0)
denovo24 C21.3_JF683325 344 (606.5)
denovo24 C1.20_HE578993 344 (636.5)
denovo24 C1.22_HE578995 344 (627.5)
denovo24 C52_AY589757 341 (605.5)
denovo24 C1201_EU099793 341 (589.5)
denovo24 C14_AY589741 343 (619.0)
denovo24 C43_AY589749 338 (610.0)
denovo24 C50_AY589755 344 (619.0)
denovo24 C3.14_HQ630872 337 (617.0)
denovo24 C1m_AY765398 337 (617.0)
denovo24 C82_GU907658 337 (635.0)
denovo24 C82b_GU907660 337 (635.0)
denovo24 C64_AY589768 338 (619.5)
denovo24 C45a_AY765404 339 (604.0)
denovo24 C48_AY589753 349 (609.0)
denovo24 C1_v1b_FJ919244 344 (619.0)
denovo24 C1_v1a_FJ919243 344 (610.0)
denovo24 C3j_AY239366 344 (601.0)
denovo24 C3t_EF541149 347 (618.5)
denovo24 C9_AF499798 340 (624.0)
denovo24 C23_AY239375 341 (619.0)
denovo24 C37_AY258481 336 (614.0)
denovo24 C1048_DQ068026 343 (608.0)
denovo24 C21.4_JF683326 351 (610.0)
denovo24 C21.5_JF683327 343 (613.0)
denovo24 C1070_DQ335349 344 (601.0)
denovo24 C21.6_HQ630873 343 (613.0)
denovo24 C1224_EU074890 343 (616.5)
denovo24 C1.17_HE578990 343 (616.5)
denovo24 C21_b1_FN827162 331 (605.0)
denovo24 C21.9_JF683330 331 (614.0)
denovo24 C1085_AY624605 337 (634.5)
denovo24 C3p_GU907654 343 (592.5)
denovo24 C3f_AY589734 343 (616.5)
denovo24 C65a_AY589770 352 (607.0)
denovo24 C65_AY589769 352 (616.0)
denovo24 C71_AY589775 352 (607.0)
denovo24 C71a_AY589776 352 (598.0)
denovo24 C1178_AB294647 344 (596.0)
denovo24 C1225_EU074893 350 (609.5)
denovo24 C75_AY765410 343 (625.0)
denovo24 C21.10_JF683331 351 (619.0)
denovo24 C21.11_HQ630874 343 (622.0)
denovo24 C1065_DQ335388 344 (610.0)
denovo24 C1045_DQ068036 344 (619.0)
denovo24 C1h_AY258473 337 (626.0)
denovo24 C38_AY258482 337 (626.0)
denovo24 C1202_EU099799 337 (617.0)
denovo24 C7_AF499797 337 (626.0)
denovo24 C12_AF499801 339 (615.5)
denovo24 C38a_AY258483 337 (631.0)
denovo24 C1200_EU099800 331 (625.5)
denovo24 C44a_AY589751 339 (604.0)
denovo24 C47_AY589752 346 (615.5)
denovo24 C44_AY589750 339 (613.0)
denovo24 C1.15_HE578988 350 (618.5)
denovo24 C45.3_FJ461522 344 (619.0)
denovo24 C46a_AY765405 344 (619.0)
denovo24 C46_EU449108 338 (619.5)
denovo24 C3.12_FJ461507 338 (619.5)
denovo24 C1k_AY589733 338 (619.5)
denovo24 C67_AY686647 343 (625.0)
denovo24 C82a_GU907659 338 (628.5)
denovo24 C10a_AY589739 345 (622.0)
denovo24 C10_AF499799 338 (619.5)
denovo24 C13_AY589740 344 (616.5)
denovo24 C4_AF499794 338 (610.5)
denovo24 C1147_EF656433 344 (619.0)
denovo24 C1c/C45_AY239364 338 (619.5)
denovo24 C1c/C45_EU449103 338 (619.5)
denovo24 C21.19_HE579031 344 (616.0)
denovo24 C21.21_HE579033 345 (600.5)
denovo24 C21.20_HE579032 345 (609.5)
denovo24 C42b_AY765403 338 (601.0)
denovo24 C42_AY258487 338 (610.0)
denovo24 C1p_GU907652 344 (610.0)
denovo24 C1d_AY258488 338 (601.5)
denovo24 C42_AY765402 338 (610.5)
denovo24 C3ha_AY589736 338 (625.5)
denovo24 C63a_AY589767 335 (619.0)
denovo24 C21a_AY589744 343 (613.0)
denovo24 C3o_GU907653 337 (622.0)
denovo24 C21.16_HQ630875 343 (631.0)
denovo24 C21.2_JF683324 343 (631.0)
denovo24 C21.7_JF683328 343 (613.0)
denovo24 C21.8_JF683329 342 (619.0)
denovo24 C3h_AY239365 343 (622.0)
denovo24 C1203_EU099798 343 (613.0)
denovo24 C3.10_FJ461505 342 (623.0)
denovo24 C21.14_FJ461516 341 (626.0)
denovo24 C21.18_HE579030 346 (610.0)
denovo24 C3.17_HE579005 344 (610.0)
denovo24 C3.9_FJ461504 342 (621.0)
denovo24 C3.8_FJ461503 344 (628.0)
denovo24 C3.7_FJ461502 344 (610.0)
denovo24 C3.11_FJ461506 347 (610.0)
denovo24 C3.18_HE579006 344 (610.0)
denovo24 C3.19_HE579007 345 (613.5)
denovo24 C3.20_HE579008 344 (610.0)
denovo24 C3g_AY589735 344 (613.0)
denovo24 C3a_AF499790 344 (610.0)
denovo24 C3e_AF499793 344 (610.0)
denovo24 C6_AF499796 344 (619.0)
denovo24 C11_AF499800 344 (610.0)
denovo24 C36_AY258480 342 (614.0)
denovo24 C29_AY258494 344 (619.0)
denovo24 C1146_EF656434 344 (619.0)
denovo24 C1190_EU099841 344 (610.0)
denovo24 C131_JF320826 344 (610.0)
denovo24 C28_AY239380 346 (626.5)
denovo24 C1012_DQ480604 344 (619.0)
denovo24 C1181_AB294640 344 (605.0)
denovo24 C1180_AB294641 344 (605.0)
denovo24 C1179_AB294645 352 (611.0)
denovo24 C1176_AB294651 344 (605.0)
denovo24 C1175_AB294653 344 (614.0)
denovo24 C1174_AB294655 337 (612.0)
denovo24 C1177_AB294659 344 (623.0)
denovo24 C1040_AB190269 344 (619.5)
denovo24 C1182_AB294649 344 (610.0)
denovo24 C1089_AJ278598 344 (610.0)
denovo24 C1028_DQ335357 344 (619.0)
denovo24 C3.16_EU786015 344 (610.0)
denovo24 C1097_AJ311943 345 (609.0)
denovo24 C1170_AB294661 350 (613.5)
denovo24 C21.17_HE579029 345 (621.0)
denovo24 C21/3d/C3k_AY239372 343 (622.0)
denovo24 C58_AY589762 337 (619.5)
denovo24 C3L_AY589738 342 (619.5)
denovo24 C1169_AB294660 344 (614.0)
denovo24 C3.2_FJ461497 343 (619.5)
denovo24 C3.1_JF683321 338 (614.0)
denovo24 C1104_AF427469 345 (609.0)
denovo24 C3b_AF499791 342 (617.0)
denovo24 C83_GU907661 345 (624.0)
denovo24 C49_AY589754 372 (639.5)
denovo24 C3_AB778606 344 (619.0)
denovo24 C3_AF499789 344 (619.0)
denovo24 C3_HE579001 344 (619.0)
denovo24 C21.12_FJ461514 343 (613.0)
denovo24 C1229_EU074888 336 (627.5)
denovo24 C1230_EU074889 336 (618.5)
denovo24 C1114_AB207196 344 (601.0)
denovo24 C3.21_HE579009 337 (530.5)
denovo24 C1057_DQ480619 349 (607.5)
denovo24 C72_AY765407 332 (610.5)
denovo24 C1b.3_HE578999 343 (610.5)
denovo24 C93_AJ621536 344 (610.0)
denovo24 C94_AJ621539 344 (610.0)
denovo24 C1g_AY589730 344 (610.0)
denovo24 C1i_AY589731 337 (626.0)
denovo24 C1j_AY589732 344 (619.0)
denovo24 C1005_DQ480633 344 (619.0)
denovo24 C1.7_FJ461494 344 (619.0)
denovo24 C1.11_HE578984 345 (621.5)
denovo24 C1.12_HE578985 346 (624.5)
denovo24 C1.13_HE578986 342 (622.0)
denovo24 C1.14_HE578987 344 (610.0)
denovo24 C1.18_HE578991 344 (610.0)
denovo24 C1.19_HE578992 344 (610.0)
denovo24 C1199_EU099802 345 (606.5)
denovo24 C1188_EU099838 345 (612.5)
denovo24 C1002_DQ838544 345 (612.5)
denovo24 C1198_EU099810 344 (628.0)
denovo24 C24_AY239376 344 (610.0)
denovo24 C1f_AY258490 345 (622.0)
denovo24 C1006_DQ480629 337 (617.0)
denovo24 C1010_DQ480607 344 (619.0)
denovo24 C1007_DQ480624 348 (604.0)
denovo24 C1011_DQ480605 337 (626.0)
denovo24 C1009_DQ480608 342 (613.0)
denovo24 C1041_AY186548 344 (619.0)
denovo24 C1052_AY186570 344 (610.0)
denovo24 C1148_EU040178 345 (612.5)
denovo24 C1234_EU118165 346 (612.0)
denovo24 C1.5_EF634157 349 (616.0)
denovo24 C1059_DQ480609 344 (610.0)
denovo24 C1228_EU074883 337 (617.0)
denovo24 C1208_EU074963 344 (610.0)
denovo24 C1207_EU074964 344 (619.0)
denovo24 C1206_EU074965 344 (610.5)
denovo24 C1013_DQ480642 344 (601.0)
denovo24 C80_GU907656 350 (619.5)
denovo24 C1a_AF499788 344 (619.0)
denovo24 C41_AY258486 344 (619.0)
denovo24 C39_AY258484 335 (615.5)
denovo24 C1231_EU074878 344 (610.0)
denovo24 C1b.1_HE578997 343 (610.5)
denovo24 C18_AY258478 344 (610.0)
denovo24 C1.10_HE578983 341 (608.0)
denovo24 C1_JN558041 344 (619.0)
denovo24 C1_HE578979 344 (619.0)
denovo24 C1_AM748551 344 (619.0)
denovo24 C1_AF333515 344 (619.0)
denovo24 C1054_AY186565 344 (625.0)
denovo24 C1008_DQ480613 344 (610.0)
denovo24 C1103_AF427470 345 (609.0)
denovo24 C1226_EU074881 345 (609.0)
denovo24 C1b/C1e_AY239363 343 (619.5)
denovo24 C1044_DQ068038 344 (604.0)
denovo24 C1017_DQ174729 344 (609.5)
denovo24 C1.6_FJ461493 344 (610.0)
denovo24 C1b.2_HE578998 343 (610.5)
denovo24 C1060_DQ480600 344 (628.0)
denovo24 C1227_EU074882 344 (610.0)
denovo24 C1197_EU099814 344 (610.0)
denovo24 C1130_DQ480643 343 (502.0)
denovo24 D109_AB097465 298 (1211.5)
denovo24 D1.11_HE579040 298 (1241.0)
denovo24 D105_AF174570 298 (1241.0)
denovo24 D104_AF174572 298 (1250.0)
denovo24 D1.3_JF683337 298 (1241.0)
denovo24 D1.10_HE579039 298 (1250.0)
denovo24 D110_AF174561 298 (1250.0)
denovo24 D117_AF174542 298 (1250.0)
denovo24 D114_AF174549 298 (1250.0)
denovo24 D113_AF174557 298 (1259.0)
denovo24 D112_AF174558 298 (1259.0)
denovo24 D106_AF174559 298 (1250.0)
denovo24 D111_AF174560 298 (1250.0)
denovo24 D115_AF174562 298 (1259.0)
denovo24 D107_AF174568 298 (1250.0)
denovo24 D116_AF174571 298 (1250.0)
denovo24 D124_EU074897 298 (1250.0)
denovo24 D1.8_HE579037 298 (1250.0)
denovo24 D3_AY686650 298 (1250.0)
denovo24 D1.6_HQ630881 298 (1250.0)
denovo24 D120_EU074900 298 (1268.0)
denovo24 D121_EU074904 298 (1250.0)
denovo24 D122_EU074905 298 (1250.0)
denovo24 D1a.2_JF683339 300 (1248.5)
denovo24 D1a.1_JF683338 298 (1259.0)
denovo24 D2_AY686649 543 (1278.0)
denovo24 D4_DQ865214 299 (1258.0)
denovo24 D1a_AF499802 298 (1268.0)
denovo24 D1a_JN558078 298 (1268.0)
denovo24 D123_EU074895 298 (1250.0)
denovo24 D108_AF174567 298 (1250.0)
denovo24 D103_AF174575 298 (1250.0)
denovo24 D100_AF411415 304 (1204.0)
denovo24 D118_EF656435 298 (1250.0)
denovo24 D101_AF411416 304 (1189.0)
denovo24 D119_EU099832 301 (1214.0)
denovo24 D102_AF174573 298 (1244.0)
denovo24 D1_AF334660 298 (1259.0)
denovo24 D1_JN558076 298 (1259.0)
denovo24 D1.12_HE579041 298 (1115.5)
denovo24 D1.1_AM748564 430 (603.0)
denovo24 D1.2_AM748617 425 (558.0)
denovo24 E111_EU074915 348 (447.5)
denovo24 E110_EU074914 352 (449.5)
denovo24 E114_EU074909 361 (451.0)
denovo24 E1_AF334659 353 (448.5)
denovo24 E105_EU074921 352 (458.5)
denovo24 E112_EU074916 352 (449.5)
denovo24 E104_EU074922 350 (461.0)
denovo24 E102_EU074924 352 (449.5)
denovo24 E103_EU074923 352 (458.5)
denovo24 E101_AY160123 354 (452.0)
denovo24 E109_EU074913 340 (460.5)
denovo24 E100_DQ011618 342 (473.5)
denovo24 E108_EU074912 346 (476.5)
denovo24 E113_EU074908 344 (465.5)
denovo24 E107_EU074910 346 (467.5)
denovo24 F1_JN558066 329 (674.5)
denovo24 F5.2d_AJ291530 327 (668.5)
denovo24 F104_AJ291531 327 (668.5)
denovo24 F5.2c_AM748596 329 (665.0)
denovo24 F5.2_AM748594 327 (678.0)
denovo24 F5.2a_AM748614 327 (678.0)
denovo24 F5.2b_AM748595 327 (669.0)
denovo24 F5.2e_AJ291533 327 (616.5)
denovo24 F5.2g_JN558072 328 (663.0)
denovo24 F5.2f_AJ291512 331 (652.5)
denovo24 F102_AJ291534 328 (663.0)
denovo24 F5.1c_AM748593 332 (656.5)
denovo24 F5.1d_JN558069 330 (659.5)
denovo24 F5.1b_AJ291535 333 (649.5)
denovo24 F5.1_AM748592 330 (659.5)
denovo24 F5.1a_AM748591 329 (656.5)
denovo24 F110_AJ291526 346 (627.0)
denovo24 F4.7_AM748587 345 (654.5)
denovo24 F4.5_AM748585 330 (669.5)
denovo24 F4.4a_AM748583 327 (699.0)
denovo24 F4.4_AM748582 323 (710.0)
denovo24 F4.4b_AM748584 326 (692.5)
denovo24 F4.1a_AM748573 348 (633.5)
denovo24 F112_AJ291528 336 (634.0)
denovo24 F4.1_AM748572 336 (643.0)
denovo24 F4.8b_AM748590 333 (668.5)
denovo24 F4.8_AM748588 340 (662.0)
denovo24 F4.8a_AM748589 331 (663.0)
denovo24 F109_AJ291527 335 (653.0)
denovo24 F4.6_AM748586 333 (661.0)
denovo24 F111_AJ311949 339 (644.5)
denovo24 F4.3c_AM748581 337 (660.5)
denovo24 F4.3a_AM748579 338 (653.5)
denovo24 F4.3b_AM748580 338 (655.0)
denovo24 F4.3_AM748578 337 (660.5)
denovo24 F4.2_AM748574 334 (663.5)
denovo24 F4.2a_AM748575 338 (659.0)
denovo24 F4.2c_AM748577 337 (662.5)
denovo24 F4.2b_AM748576 335 (660.0)
denovo24 F2b_AJ291521 333 (684.5)
denovo24 F2_AJ830908 324 (676.0)
denovo24 F2a_AJ830911 324 (681.0)
denovo24 F3.1a_AM748566 343 (665.0)
denovo24 F114_AJ291525 335 (660.0)
denovo24 F3.1_AM748565 335 (669.0)
denovo24 F3.2_AM748567 334 (691.0)
denovo24 F3.2a_AM748568 329 (694.0)
denovo24 F3.3_AM748569 347 (672.0)
denovo24 F3.4a_AM748571 341 (661.0)
denovo24 F3.4_AM748570 340 (649.0)
denovo24 F3.4b_AM748616 342 (646.5)
denovo24 G101_AJ291539 359 (584.0)
denovo24 G1_AM748597 370 (579.5)
denovo24 G2b_JN558087 369 (571.0)
denovo24 G2_AM748598 369 (580.0)
denovo24 G2a_AM748599 371 (577.0)
denovo24 G4_AM748601 343 (608.0)
denovo24 G3.4_LK392378 349 (589.0)
denovo24 G3_AM748600 343 (624.0)
denovo24 G3.2_KC597694 354 (500.5)
denovo24 G3.1_KC597688 344 (581.5)
denovo24 G100_AB253788 346 (579.0)
denovo24 G3.3_LK392377 346 (588.0)
denovo24 H6_AJ291520 623 (306.0)
denovo24 H3_AM748606 343 (454.5)
denovo24 H2_AM748605 337 (461.5)
denovo24 H4_AM748607 338 (460.0)
denovo24 H4a_AM748608 354 (460.5)
denovo24 H5a_AM748611 343 (475.5)
denovo24 H5b_AM748610 348 (470.5)
denovo24 H5_AJ621129 345 (481.0)
denovo24 H5_AM748609 345 (481.0)
denovo24 H100_AJ291513 338 (458.0)
denovo24 H1b_AM748604 342 (463.5)
denovo24 H1a_AM748612 341 (451.0)
denovo24 H1_AJ621152 340 (458.0)
denovo24 H1_AM748602 340 (458.0)
denovo24 I3_FN561561 340 (634.0)
denovo24 I4_FN561562 342 (630.0)
denovo24 I1_FN561559 336 (649.0)
denovo24 I2_FN561560 338 (637.5)

#---------------------------------------
#---------------------------------------
