denovo76 A136_DQ865210 304 (677.5)
denovo76 A133_DQ174725 282 (774.0)
denovo76 A115_AF180123 285 (653.0)
denovo76 A117_AF201746 286 (754.0)
denovo76 A134_DQ174723 286 (763.0)
denovo76 A114_AF184941 286 (763.0)
denovo76 A135_DQ174727 288 (767.5)
denovo76 A2_AF333506 289 (757.5)
denovo76 A101_AF427468 288 (767.5)
denovo76 A2_1_JN558097 288 (767.5)
denovo76 A2_2_JN558100 288 (767.5)
denovo76 A113_AF184948 280 (739.5)
denovo76 A112_AF184949 279 (764.0)
denovo76 A123_EF378618 275 (814.0)
denovo76 A137_EF378621 276 (927.0)
denovo76 A11_EU449041 272 (978.5)
denovo76 A121_DQ174722 272 (1044.5)
denovo76 A15b_EU792886 272 (993.5)
denovo76 A15a_EU792885 272 (1011.5)
denovo76 A15c_EU792887 273 (996.5)
denovo76 A15_EU792884 272 (1002.5)
denovo76 A147_EU074937 272 (1029.5)
denovo76 A154_EU074860 272 (1029.5)
denovo76 A146_EU074936 272 (1029.5)
denovo76 A150_EU074928 272 (1029.5)
denovo76 A116_AF183575 272 (1029.5)
denovo76 A141_EU074931 272 (1038.5)
denovo76 A5_AF333508 272 (1071.5)
denovo76 A3b_EU449043 272 (1056.5)
denovo76 A151_EU074925 272 (1038.5)
denovo76 A152_EU074927 272 (1038.5)
denovo76 A149_EU074929 272 (1038.5)
denovo76 A140_EU074930 272 (1038.5)
denovo76 A142_EU074932 272 (1038.5)
denovo76 A143_EU074933 272 (1038.5)
denovo76 A144_EU074934 272 (1047.5)
denovo76 A145_EU074935 273 (1041.5)
denovo76 A148_EU074938 272 (1038.5)
denovo76 A155_EU074856 272 (1038.5)
denovo76 A156_EU074859 272 (1038.5)
denovo76 A139_EU074962 272 (1038.5)
denovo76 A6_AF186058 272 (1047.5)
denovo76 A3_AF333507 272 (1047.5)
denovo76 A3_JN558091 272 (1047.5)
denovo76 A8_AY258468 272 (1038.5)
denovo76 A7_AY239360 272 (1029.5)
denovo76 A16_EU792888 272 (1029.5)
denovo76 A4.3_FN429763 274 (1159.5)
denovo76 A120_AF180122 272 (1117.0)
denovo76 A4.2_FN429761 272 (1169.0)
denovo76 A4_AF333509 272 (1188.0)
denovo76 A4.1_FN429760 271 (1183.0)
denovo76 A4a_AF499778 272 (1179.0)
denovo76 A4a.1_FN429762 272 (1179.0)
denovo76 A138_EF378620 274 (1039.5)
denovo76 A122_EF378619 273 (1085.5)
denovo76 A126_EF378615 272 (1086.5)
denovo76 A10_EU792882 272 (1086.5)
denovo76 A9_EU449028 272 (1098.0)
denovo76 A105_AB207202 272 (1098.0)
denovo76 A119_AF180121 272 (1051.0)
denovo76 A12_EU792883 272 (1107.0)
denovo76 A104_AB207203 272 (1107.0)
denovo76 A1a_EU449030 272 (1116.0)
denovo76 A1.3_HE578976 272 (1116.0)
denovo76 A1.4_HE578977 272 (1116.0)
denovo76 A13_AF333504 272 (1116.0)
denovo76 A13_JN558094 272 (1116.0)
denovo76 A110_AB190282 272 (1116.0)
denovo76 A103_AB207206 272 (1116.0)
denovo76 A130_EF656428 272 (1116.0)
denovo76 A127_EF656429 272 (1116.0)
denovo76 A128_EF656430 272 (1116.0)
denovo76 A129_EF656431 272 (1116.0)
denovo76 A131_EF656432 272 (1116.0)
denovo76 A118_AF180120 271 (1079.0)
denovo76 A1_AF333505 272 (1125.0)
denovo76 A107_AB207199 272 (1098.0)
denovo76 A111_AB190280 272 (1107.0)
denovo76 A108_AB207197 272 (1092.0)
denovo76 A106_AB207200 272 (1098.0)
denovo76 A102_AB207209 272 (1116.0)
denovo76 A1.2_AB207210 272 (1116.0)
denovo76 A109_AB190285 272 (1107.0)
denovo76 B4_AF333510 334 (510.0)
denovo76 B23_EU449079 342 (461.0)
denovo76 B30_GU907644 343 (455.0)
denovo76 B11_AY239361 348 (488.5)
denovo76 B17_AY258470 344 (473.5)
denovo76 B1k_GU907638 274 (242.5)
denovo76 B1.V_Green2014 351 (458.5)
denovo76 B1b_AF499780 340 (494.5)
denovo76 B16_AY258469 347 (474.0)
denovo76 B31a_GU907646 342 (478.0)
denovo76 B32_GU907647 346 (489.5)
denovo76 B31_GU907645 346 (481.0)
denovo76 B1j_GU907637 342 (486.0)
denovo76 B37_GU907650 342 (497.0)
denovo76 B5a_AF499782 347 (474.0)
denovo76 B5_AF499781 347 (483.0)
denovo76 B24_GU907643 347 (350.5)
denovo76 B117_AF180124 326 (446.0)
denovo76 B10_AF499787 347 (474.0)
denovo76 B20_GU907642 352 (476.0)
denovo76 B1m_GU907640 346 (481.0)
denovo76 B34_GU907649 347 (483.0)
denovo76 B1d_GU907633 347 (483.0)
denovo76 B1e_GU907634 347 (483.0)
denovo76 B1i_GU907636 346 (481.0)
denovo76 B1g_GU907635 348 (474.0)
denovo76 B123_EU074872 347 (465.0)
denovo76 B8_AF499785 347 (472.0)
denovo76 B1l_GU907639 347 (474.5)
denovo76 B1a_AF499779 347 (483.0)
denovo76 B14_AY239362 348 (464.0)
denovo76 B125_EU074865 352 (480.0)
denovo76 B122_EU074871 346 (481.0)
denovo76 B124_EU074874 347 (474.0)
denovo76 B1.VII_Green2014 347 (413.0)
denovo76 B1.III_Green2014 334 (471.5)
denovo76 B1.I_Green2014 347 (483.0)
denovo76 B1.II_Green2014 347 (483.0)
denovo76 B1_JN558057 347 (483.0)
denovo76 B1_AF333511 347 (483.0)
denovo76 B1.IV_Green2014 357 (478.0)
denovo76 B121_EU074870 347 (483.0)
denovo76 B7_AF499784 347 (483.0)
denovo76 B1.VI_Green2014 338 (476.5)
denovo76 B3_AF333514 338 (489.5)
denovo76 B9_AF499786 338 (471.0)
denovo76 B19a_JN558055 320 (467.5)
denovo76 B119_EU099825 333 (483.0)
denovo76 B21_DQ865213 337 (472.5)
denovo76 B38_GU907651 337 (472.5)
denovo76 B18_AY258471 338 (498.0)
denovo76 B18a_AY258472 338 (498.0)
denovo76 B33_GU907648 343 (485.5)
denovo76 B6_AF499783 339 (492.0)
denovo76 B19_DQ865212 338 (480.0)
denovo76 B19_GU907641 338 (480.0)
denovo76 B2_AF333512 338 (480.0)
denovo76 B2_JN558060 338 (480.0)
denovo76 C33.1_AY258498 336 (543.0)
denovo76 C33.2_AY765400 336 (543.0)
denovo76 C33a_EF541147 336 (543.0)
denovo76 C34_AY258499 335 (558.5)
denovo76 C78_AY765413 341 (550.5)
denovo76 C15.29_KC597690 338 (550.5)
denovo76 C1131_DQ182650 341 (522.0)
denovo76 C1135_DQ182646 330 (525.0)
denovo76 C1134_DQ182647 327 (517.0)
denovo76 C1142_DQ182635 328 (519.0)
denovo76 C1136_DQ182644 337 (526.5)
denovo76 C1111_DQ182645 331 (534.5)
denovo76 C1236_EF473656 331 (525.5)
denovo76 C1138_DQ182642 331 (525.5)
denovo76 C1137_DQ182643 332 (536.0)
denovo76 C1133_DQ182648 331 (525.5)
denovo76 C1132_DQ182649 331 (534.5)
denovo76 C1143_DQ182634 331 (534.5)
denovo76 C1139_DQ182639 328 (528.0)
denovo76 C15.28_KC597687 328 (574.0)
denovo76 C1141_DQ182636 328 (537.0)
denovo76 C1144_DQ182637 328 (537.0)
denovo76 C1122_DQ182654 330 (534.0)
denovo76 C1127_DQ182652 328 (537.0)
denovo76 C15.30_JX394114 348 (570.0)
denovo76 C15.26_KC597686 339 (562.5)
denovo76 C1086_DQ182656 343 (563.5)
denovo76 C15.25_KC597685 343 (572.5)
denovo76 C1118_AF180127 329 (539.0)
denovo76 C1129_DQ182651 342 (524.5)
denovo76 C15.21_KC597683 336 (552.5)
denovo76 C56_AY589760 341 (559.0)
denovo76 C1140_DQ182638 335 (531.0)
denovo76 C1126_DQ182653 340 (536.0)
denovo76 C15c_AY258492 340 (555.5)
denovo76 C15d_AY258493 339 (562.0)
denovo76 C1098_DQ182641 342 (559.5)
denovo76 C15.27_KC597689 335 (577.0)
denovo76 C15.18_HE579024 341 (568.0)
denovo76 C15.16_HE579022 342 (561.5)
denovo76 C1101_AB253787 342 (552.5)
denovo76 C1083_AY237300 338 (568.5)
denovo76 C1088_DQ182640 342 (570.5)
denovo76 C15.6_FN563472 342 (561.5)
denovo76 C15.5_FJ461512 335 (568.0)
denovo76 C15.4_FJ461511 335 (568.0)
denovo76 C15.13_HE579019 342 (552.5)
denovo76 C15.12_HE579018 342 (561.5)
denovo76 C93a_AM748563 340 (582.0)
denovo76 C1094_AJ291514 340 (564.0)
denovo76 C93_AM748562 340 (573.0)
denovo76 C15.17_HE579023 341 (571.0)
denovo76 C15e_AY589742 341 (570.0)
denovo76 C15.22_KC597695 342 (561.5)
denovo76 C60_AY589764 335 (568.0)
denovo76 C15.1_FJ461508 342 (571.0)
denovo76 C15.2_FJ461509 342 (570.5)
denovo76 C15.9_FN563475 334 (573.5)
denovo76 C15.7_HE579015 342 (570.5)
denovo76 C15.8_HE579016 342 (561.5)
denovo76 C15.15_HE579021 342 (561.5)
denovo76 C15.19_HE579025 341 (577.0)
denovo76 C15.24_KC597696 342 (562.0)
denovo76 C15.3_FJ461510 335 (577.0)
denovo76 C1087_DQ182655 334 (574.0)
denovo76 C15.14_HE579020 343 (570.0)
denovo76 C15.23_KC597697 343 (570.0)
denovo76 C19_AY258479 341 (571.0)
denovo76 C1233_EU118166 342 (561.5)
denovo76 C15b_AY258491 342 (561.5)
denovo76 C15a_AY258476 335 (577.0)
denovo76 C1051_AF195153 342 (579.5)
denovo76 C2_AF333518 343 (577.5)
denovo76 C15.20_HE579026 343 (570.0)
denovo76 C15f_AY589743 343 (570.0)
denovo76 C55_AY589759 337 (568.5)
denovo76 C15_AY239369 342 (570.5)
denovo76 C32.1_JF683335 342 (576.0)
denovo76 C32.2_JF683336 342 (575.5)
denovo76 C21.23_KC597693 342 (575.5)
denovo76 C1193_EU099827 335 (555.5)
denovo76 C1195_EU099821 348 (524.5)
denovo76 C3q_GU907655 328 (576.0)
denovo76 C53_AY589758 341 (559.5)
denovo76 C73_AY765408 337 (572.0)
denovo76 C17.2.1_KC597684 341 (554.0)
denovo76 C32_AY258497 331 (571.5)
denovo76 C1189_EU099831 328 (572.5)
denovo76 C1191_EU099833 328 (581.5)
denovo76 C1196_EU099819 335 (565.0)
denovo76 C1192_EU099820 335 (565.0)
denovo76 C17.1_JF683322 330 (577.0)
denovo76 C26_b2_FN827164 337 (576.5)
denovo76 C26_b3_FN827165 337 (567.5)
denovo76 C31.9_HQ630879 338 (573.0)
denovo76 C31a_AY589746 339 (563.0)
denovo76 C30_AY589745 330 (572.0)
denovo76 C31.1_HQ630876 330 (572.0)
denovo76 C31.5_HQ630877 339 (572.0)
denovo76 C31.6_HQ630878 335 (569.0)
denovo76 C31.2_JF683332 331 (566.0)
denovo76 C31.3_JF683333 338 (578.5)
denovo76 C26/C35a_AY239378 337 (567.5)
denovo76 C35a_AY258501 337 (567.5)
denovo76 C35.2_AY258500 337 (576.5)
denovo76 C26_b1_FN827163 337 (576.5)
denovo76 C17_AY239370 336 (577.0)
denovo76 C17.2_FJ461513 338 (576.0)
denovo76 C31.10_HQ630880 338 (582.0)
denovo76 C31.4_JF683334 343 (560.5)
denovo76 C31_AY258496 339 (572.0)
denovo76 C25_AY239377 330 (555.5)
denovo76 C61_AY589765 334 (577.0)
denovo76 C1043_DQ072721 345 (534.0)
denovo76 C79_AY765414 334 (565.5)
denovo76 C69_AY589773 321 (570.5)
denovo76 C69a_AY686648 321 (561.5)
denovo76 C21.22_KC597692 324 (586.0)
denovo76 C51_AY589756 340 (564.5)
denovo76 C1aa_HM185739 342 (572.0)
denovo76 C1096_DQ068023 340 (553.0)
denovo76 C74_AY765409 333 (574.5)
denovo76 C1185_AB294629 341 (571.0)
denovo76 C1184_AB294630 341 (571.0)
denovo76 C1153_AB294625 341 (580.5)
denovo76 C1154_AB294626 340 (586.5)
denovo76 C1187_AB294627 341 (571.0)
denovo76 C1186_AB294628 338 (581.0)
denovo76 C57_AY589761 341 (580.0)
denovo76 C66_AY589771 341 (580.0)
denovo76 C5_AF499795 342 (570.5)
denovo76 C1167_AB294586 341 (586.0)
denovo76 C1164_AB294593 342 (570.5)
denovo76 C1183_AB294631 332 (567.0)
denovo76 C1067_DQ335381 335 (568.0)
denovo76 C1159_AB294613 346 (587.0)
denovo76 C1150_AB294622 344 (582.0)
denovo76 C90_AM748554 331 (585.0)
denovo76 C1168_AB294583 342 (570.5)
denovo76 C1156_AB294616 340 (582.0)
denovo76 C1151_AB294621 342 (588.5)
denovo76 C92a_AM748561 342 (579.5)
denovo76 C92_AM748560 342 (579.5)
denovo76 C1165_AB294581 341 (585.5)
denovo76 C1166_AB294584 342 (570.5)
denovo76 C1162_AB294594 341 (576.5)
denovo76 C1163_AB294596 336 (570.5)
denovo76 C1161_AB294606 340 (574.0)
denovo76 C1160_AB294608 342 (588.5)
denovo76 C1158_AB294614 342 (579.5)
denovo76 C1155_AB294617 342 (579.5)
denovo76 C1149_AB294620 334 (582.5)
denovo76 C1173_AB294662 342 (570.5)
denovo76 C1171_AB294663 342 (570.5)
denovo76 C1172_AB294665 342 (570.5)
denovo76 C91a_AM748556 334 (573.5)
denovo76 C91b_AM748557 336 (571.0)
denovo76 C91d_AM748559 341 (577.0)
denovo76 C91c_AM748558 341 (576.5)
denovo76 C91_AJ621543 342 (579.5)
denovo76 C91_AM748555 342 (579.5)
denovo76 C1023_DQ335330 312 (569.0)
denovo76 C1020_DQ335392 342 (579.5)
denovo76 C1018_DQ335408 334 (583.0)
denovo76 C1074_DQ335329 342 (570.5)
denovo76 C1030_DQ335353 342 (570.5)
denovo76 C1022_DQ335331 342 (579.5)
denovo76 C1027_DQ335360 342 (579.5)
denovo76 C1072_DQ335344 342 (570.5)
denovo76 C1039_AB190274 335 (577.0)
denovo76 C1033_DQ335350 347 (567.5)
denovo76 C1019_DQ335407 342 (579.5)
denovo76 C1194_EU099826 337 (558.0)
denovo76 C8b_AY258475 334 (550.0)
denovo76 C8_AY239367 331 (555.5)
denovo76 C8a_AY239368 331 (555.5)
denovo76 C54a_AY765406 332 (576.5)
denovo76 C3ff_HM185740 343 (573.0)
denovo76 C59_AY589763 341 (570.0)
denovo76 C3k_AY589737 334 (574.5)
denovo76 C3.24_HE579012 339 (581.0)
denovo76 C3.23_HE579011 340 (574.5)
denovo76 C35.1_AY765401 334 (591.0)
denovo76 C35.3_EF541145 334 (591.0)
denovo76 C76_AY765411 340 (554.0)
denovo76 C1107_DQ335359 337 (541.5)
denovo76 C3.22_HE579010 336 (572.5)
denovo76 C77_AY765412 342 (568.0)
denovo76 C20_AY239371 342 (570.5)
denovo76 C1055_DQ480640 334 (569.5)
denovo76 C27/C30_AY239379 337 (576.5)
denovo76 C27.1_FJ461517 337 (567.5)
denovo76 C40a_AY589747 340 (574.0)
denovo76 C40_AY258485 340 (574.0)
denovo76 C40b_AY589748 341 (572.0)
denovo76 C16_AY258477 335 (567.5)
denovo76 C16a_AY765399 336 (570.5)
denovo76 C1091_AB207186 326 (567.0)
denovo76 C1102_DQ335400 336 (551.5)
denovo76 C1069_DQ335375 326 (567.0)
denovo76 C1073_DQ335332 336 (569.5)
denovo76 C1066_DQ335382 336 (569.5)
denovo76 C1031_DQ335352 337 (581.5)
denovo76 C1026_DQ335366 343 (582.5)
denovo76 C70_AY589774 336 (578.5)
denovo76 C1082_AB190267 336 (560.5)
denovo76 C1078_AB190271 336 (569.5)
denovo76 C1090_AB207191 328 (573.0)
denovo76 C1071_DQ335302 328 (563.5)
denovo76 C1075_DQ335328 330 (569.5)
denovo76 C1068_DQ335379 336 (560.5)
denovo76 C1064_DQ335395 336 (578.5)
denovo76 C1063_DQ335403 336 (560.5)
denovo76 C62_AY589766 336 (569.5)
denovo76 C1077_DQ335316 337 (569.0)
denovo76 C1109_DQ335338 336 (560.5)
denovo76 C1110_DQ335340 336 (560.5)
denovo76 C1106_DQ335339 326 (549.0)
denovo76 C1112_DQ335319 326 (558.0)
denovo76 C1108_DQ335351 326 (549.0)
denovo76 C1105_DQ335394 326 (558.0)
denovo76 C1121_DQ335378 326 (549.0)
denovo76 C1116_AB190268 336 (560.5)
denovo76 C1115_AB190273 326 (558.0)
denovo76 C1124_DQ335323 326 (540.0)
denovo76 C1120_DQ335398 325 (555.0)
denovo76 C1119_DQ335404 328 (554.5)
denovo76 C1123_DQ335363 326 (549.0)
denovo76 C1004_DQ480635 330 (579.5)
denovo76 C1061_AY186568 331 (564.5)
denovo76 C1053_AY186569 331 (573.5)
denovo76 C1003_DQ480639 331 (573.5)
denovo76 C81_GU907657 328 (565.0)
denovo76 C22_AY239373 331 (582.0)
denovo76 C22a_AY239374 331 (582.0)
denovo76 C1232_EU118163 335 (568.0)
denovo76 C21.13_FJ461515 338 (581.5)
denovo76 C21.1_JF683323 328 (589.0)
denovo76 C21.3_JF683325 335 (574.5)
denovo76 C1.20_HE578993 331 (573.5)
denovo76 C1.22_HE578995 331 (564.5)
denovo76 C52_AY589757 328 (567.0)
denovo76 C1201_EU099793 334 (534.0)
denovo76 C14_AY589741 335 (570.0)
denovo76 C43_AY589749 336 (569.5)
denovo76 C50_AY589755 335 (577.0)
denovo76 C3.14_HQ630872 342 (570.5)
denovo76 C1m_AY765398 336 (560.5)
denovo76 C82_GU907658 342 (560.5)
denovo76 C82b_GU907660 342 (560.5)
denovo76 C64_AY589768 342 (579.5)
denovo76 C45a_AY765404 341 (568.0)
denovo76 C48_AY589753 332 (588.0)
denovo76 C1_v1b_FJ919244 331 (564.5)
denovo76 C1_v1a_FJ919243 331 (564.5)
denovo76 C3j_AY239366 342 (561.5)
denovo76 C3t_EF541149 340 (591.0)
denovo76 C9_AF499798 342 (561.5)
denovo76 C23_AY239375 336 (560.5)
denovo76 C37_AY258481 330 (580.0)
denovo76 C1048_DQ068026 332 (559.0)
denovo76 C21.4_JF683326 330 (568.0)
denovo76 C21.5_JF683327 336 (577.0)
denovo76 C1070_DQ335349 342 (570.5)
denovo76 C21.6_HQ630873 336 (577.0)
denovo76 C1224_EU074890 327 (570.5)
denovo76 C1.17_HE578990 331 (573.5)
denovo76 C21_b1_FN827162 334 (570.5)
denovo76 C21.9_JF683330 334 (579.5)
denovo76 C1085_AY624605 336 (578.5)
denovo76 C3p_GU907654 342 (564.5)
denovo76 C3f_AY589734 342 (579.5)
denovo76 C65a_AY589770 335 (577.0)
denovo76 C65_AY589769 335 (586.0)
denovo76 C71_AY589775 335 (586.0)
denovo76 C71a_AY589776 335 (577.0)
denovo76 C1178_AB294647 341 (579.0)
denovo76 C1225_EU074893 335 (576.0)
denovo76 C75_AY765410 345 (579.5)
denovo76 C21.10_JF683331 332 (583.0)
denovo76 C21.11_HQ630874 336 (586.0)
denovo76 C1065_DQ335388 342 (570.0)
denovo76 C1045_DQ068036 342 (579.0)
denovo76 C1h_AY258473 331 (573.5)
denovo76 C38_AY258482 336 (579.5)
denovo76 C1202_EU099799 342 (570.5)
denovo76 C7_AF499797 342 (579.5)
denovo76 C12_AF499801 344 (569.0)
denovo76 C38a_AY258483 343 (579.0)
denovo76 C1200_EU099800 331 (582.0)
denovo76 C44a_AY589751 334 (574.0)
denovo76 C47_AY589752 342 (570.5)
denovo76 C44_AY589750 342 (570.5)
denovo76 C1.15_HE578988 331 (574.0)
denovo76 C45.3_FJ461522 342 (571.0)
denovo76 C46a_AY765405 342 (570.5)
denovo76 C46_EU449108 342 (570.5)
denovo76 C3.12_FJ461507 342 (579.5)
denovo76 C1k_AY589733 342 (570.5)
denovo76 C67_AY686647 342 (570.5)
denovo76 C82a_GU907659 340 (564.0)
denovo76 C10a_AY589739 341 (568.0)
denovo76 C10_AF499799 341 (568.0)
denovo76 C13_AY589740 347 (565.0)
denovo76 C4_AF499794 342 (561.5)
denovo76 C1147_EF656433 333 (570.5)
denovo76 C1c/C45_AY239364 342 (570.5)
denovo76 C1c/C45_EU449103 342 (570.5)
denovo76 C21.19_HE579031 336 (568.0)
denovo76 C21.21_HE579033 336 (568.0)
denovo76 C21.20_HE579032 336 (568.0)
denovo76 C42b_AY765403 336 (551.5)
denovo76 C42_AY258487 336 (560.5)
denovo76 C1p_GU907652 331 (564.5)
denovo76 C1d_AY258488 341 (558.5)
denovo76 C42_AY765402 342 (561.5)
denovo76 C3ha_AY589736 336 (577.0)
denovo76 C63a_AY589767 330 (579.0)
denovo76 C21a_AY589744 336 (577.0)
denovo76 C3o_GU907653 336 (577.5)
denovo76 C21.16_HQ630875 330 (586.0)
denovo76 C21.2_JF683324 336 (586.0)
denovo76 C21.7_JF683328 335 (583.5)
denovo76 C21.8_JF683329 328 (589.5)
denovo76 C3h_AY239365 336 (577.0)
denovo76 C1203_EU099798 336 (577.0)
denovo76 C3.10_FJ461505 342 (579.5)
denovo76 C21.14_FJ461516 336 (586.0)
denovo76 C21.18_HE579030 342 (574.0)
denovo76 C3.17_HE579005 342 (570.5)
denovo76 C3.9_FJ461504 331 (580.5)
denovo76 C3.8_FJ461503 333 (579.5)
denovo76 C3.7_FJ461502 342 (570.5)
denovo76 C3.11_FJ461506 342 (579.5)
denovo76 C3.18_HE579006 342 (579.5)
denovo76 C3.19_HE579007 342 (579.0)
denovo76 C3.20_HE579008 342 (570.5)
denovo76 C3g_AY589735 345 (580.5)
denovo76 C3a_AF499790 334 (583.0)
denovo76 C3e_AF499793 342 (570.5)
denovo76 C6_AF499796 345 (579.5)
denovo76 C11_AF499800 340 (582.5)
denovo76 C36_AY258480 344 (575.0)
denovo76 C29_AY258494 334 (575.0)
denovo76 C1146_EF656434 342 (580.0)
denovo76 C1190_EU099841 342 (570.5)
denovo76 C131_JF320826 342 (570.5)
denovo76 C28_AY239380 344 (569.5)
denovo76 C1012_DQ480604 335 (577.0)
denovo76 C1181_AB294640 342 (572.5)
denovo76 C1180_AB294641 342 (572.5)
denovo76 C1179_AB294645 342 (581.5)
denovo76 C1176_AB294651 338 (580.0)
denovo76 C1175_AB294653 342 (581.5)
denovo76 C1174_AB294655 342 (581.5)
denovo76 C1177_AB294659 343 (575.0)
denovo76 C1040_AB190269 342 (579.5)
denovo76 C1182_AB294649 342 (570.5)
denovo76 C1089_AJ278598 342 (570.5)
denovo76 C1028_DQ335357 342 (579.5)
denovo76 C3.16_EU786015 342 (570.5)
denovo76 C1097_AJ311943 343 (569.5)
denovo76 C1170_AB294661 342 (581.5)
denovo76 C21.17_HE579029 337 (591.0)
denovo76 C21/3d/C3k_AY239372 336 (586.0)
denovo76 C58_AY589762 337 (585.5)
denovo76 C3L_AY589738 333 (576.5)
denovo76 C1169_AB294660 342 (581.5)
denovo76 C3.2_FJ461497 341 (580.0)
denovo76 C3.1_JF683321 330 (583.5)
denovo76 C1104_AF427469 343 (569.5)
denovo76 C3b_AF499791 341 (580.0)
denovo76 C83_GU907661 342 (582.0)
denovo76 C49_AY589754 366 (598.0)
denovo76 C3_AB778606 342 (579.5)
denovo76 C3_AF499789 342 (579.5)
denovo76 C3_HE579001 342 (579.5)
denovo76 C21.12_FJ461514 336 (577.0)
denovo76 C1229_EU074888 333 (575.0)
denovo76 C1230_EU074889 333 (584.0)
denovo76 C1114_AB207196 342 (561.5)
denovo76 C3.21_HE579009 334 (487.5)
denovo76 C1057_DQ480619 331 (564.5)
denovo76 C72_AY765407 337 (564.0)
denovo76 C1b.3_HE578999 330 (583.0)
denovo76 C93_AJ621536 342 (570.5)
denovo76 C94_AJ621539 331 (564.5)
denovo76 C1g_AY589730 331 (564.5)
denovo76 C1i_AY589731 340 (564.0)
denovo76 C1j_AY589732 331 (573.5)
denovo76 C1005_DQ480633 331 (564.5)
denovo76 C1.7_FJ461494 331 (573.5)
denovo76 C1.11_HE578984 336 (569.5)
denovo76 C1.12_HE578985 331 (573.5)
denovo76 C1.13_HE578986 331 (573.5)
denovo76 C1.14_HE578987 332 (576.5)
denovo76 C1.18_HE578991 331 (564.5)
denovo76 C1.19_HE578992 331 (564.5)
denovo76 C1199_EU099802 341 (562.0)
denovo76 C1188_EU099838 341 (577.0)
denovo76 C1002_DQ838544 342 (579.5)
denovo76 C1198_EU099810 331 (573.5)
denovo76 C24_AY239376 341 (558.5)
denovo76 C1f_AY258490 331 (573.5)
denovo76 C1006_DQ480629 331 (573.5)
denovo76 C1010_DQ480607 331 (573.5)
denovo76 C1007_DQ480624 331 (564.5)
denovo76 C1011_DQ480605 330 (580.0)
denovo76 C1009_DQ480608 331 (573.5)
denovo76 C1041_AY186548 333 (569.5)
denovo76 C1052_AY186570 331 (573.5)
denovo76 C1148_EU040178 342 (570.5)
denovo76 C1234_EU118165 343 (560.5)
denovo76 C1.5_EF634157 332 (568.0)
denovo76 C1059_DQ480609 331 (564.5)
denovo76 C1228_EU074883 331 (573.5)
denovo76 C1208_EU074963 334 (572.5)
denovo76 C1207_EU074964 331 (573.5)
denovo76 C1206_EU074965 342 (579.5)
denovo76 C1013_DQ480642 331 (573.5)
denovo76 C80_GU907656 346 (574.0)
denovo76 C1a_AF499788 342 (570.5)
denovo76 C41_AY258486 341 (567.5)
denovo76 C39_AY258484 329 (572.0)
denovo76 C1231_EU074878 331 (564.5)
denovo76 C1b.1_HE578997 330 (565.0)
denovo76 C18_AY258478 342 (570.5)
denovo76 C1.10_HE578983 334 (572.0)
denovo76 C1_JN558041 331 (573.5)
denovo76 C1_HE578979 331 (573.5)
denovo76 C1_AM748551 331 (573.5)
denovo76 C1_AF333515 331 (573.5)
denovo76 C1054_AY186565 341 (574.0)
denovo76 C1008_DQ480613 331 (564.5)
denovo76 C1103_AF427470 332 (563.5)
denovo76 C1226_EU074881 332 (563.5)
denovo76 C1b/C1e_AY239363 330 (574.0)
denovo76 C1044_DQ068038 331 (558.5)
denovo76 C1017_DQ174729 331 (573.0)
denovo76 C1.6_FJ461493 331 (564.5)
denovo76 C1b.2_HE578998 330 (565.0)
denovo76 C1060_DQ480600 331 (564.5)
denovo76 C1227_EU074882 331 (564.5)
denovo76 C1197_EU099814 331 (564.5)
denovo76 C1130_DQ480643 331 (441.0)
denovo76 D109_AB097465 336 (463.5)
denovo76 D1.11_HE579040 332 (480.0)
denovo76 D105_AF174570 330 (483.0)
denovo76 D104_AF174572 332 (471.5)
denovo76 D1.3_JF683337 335 (463.0)
denovo76 D1.10_HE579039 328 (476.5)
denovo76 D110_AF174561 329 (480.0)
denovo76 D117_AF174542 330 (465.0)
denovo76 D114_AF174549 330 (474.0)
denovo76 D113_AF174557 332 (471.5)
denovo76 D112_AF174558 336 (465.0)
denovo76 D106_AF174559 330 (483.0)
denovo76 D111_AF174560 330 (474.0)
denovo76 D115_AF174562 330 (465.0)
denovo76 D107_AF174568 330 (465.0)
denovo76 D116_AF174571 319 (477.5)
denovo76 D124_EU074897 330 (464.5)
denovo76 D1.8_HE579037 332 (480.5)
denovo76 D3_AY686650 331 (477.0)
denovo76 D1.6_HQ630881 336 (473.5)
denovo76 D120_EU074900 332 (462.5)
denovo76 D121_EU074904 319 (477.5)
denovo76 D122_EU074905 330 (473.5)
denovo76 D1a.2_JF683339 334 (471.5)
denovo76 D1a.1_JF683338 332 (471.5)
denovo76 D2_AY686649 577 (536.0)
denovo76 D4_DQ865214 333 (471.0)
denovo76 D1a_AF499802 332 (471.5)
denovo76 D1a_JN558078 332 (471.5)
denovo76 D123_EU074895 330 (474.0)
denovo76 D108_AF174567 332 (480.5)
denovo76 D103_AF174575 330 (483.0)
denovo76 D100_AF411415 326 (470.5)
denovo76 D118_EF656435 330 (474.0)
denovo76 D101_AF411416 326 (455.5)
denovo76 D119_EU099832 331 (469.5)
denovo76 D102_AF174573 329 (474.5)
denovo76 D1_AF334660 330 (474.0)
denovo76 D1_JN558076 330 (474.0)
denovo76 D1.12_HE579041 313 (469.0)
denovo76 D1.1_AM748564 388 (501.0)
denovo76 D1.2_AM748617 403 (499.0)
denovo76 E111_EU074915 336 (465.5)
denovo76 E110_EU074914 335 (464.0)
denovo76 E114_EU074909 333 (468.0)
denovo76 E1_AF334659 337 (465.5)
denovo76 E105_EU074921 336 (475.5)
denovo76 E112_EU074916 333 (468.0)
denovo76 E104_EU074922 333 (477.0)
denovo76 E102_EU074924 333 (468.0)
denovo76 E103_EU074923 333 (477.0)
denovo76 E101_AY160123 329 (480.0)
denovo76 E109_EU074913 329 (472.0)
denovo76 E100_DQ011618 335 (479.5)
denovo76 E108_EU074912 338 (478.5)
denovo76 E113_EU074908 335 (473.5)
denovo76 E107_EU074910 335 (479.0)
denovo76 F1_JN558066 336 (552.0)
denovo76 F5.2d_AJ291530 341 (559.5)
denovo76 F104_AJ291531 341 (559.5)
denovo76 F5.2c_AM748596 338 (559.5)
denovo76 F5.2_AM748594 338 (559.5)
denovo76 F5.2a_AM748614 338 (559.5)
denovo76 F5.2b_AM748595 338 (559.5)
denovo76 F5.2e_AJ291533 337 (503.0)
denovo76 F5.2g_JN558072 337 (565.0)
denovo76 F5.2f_AJ291512 338 (559.5)
denovo76 F102_AJ291534 337 (565.0)
denovo76 F5.1c_AM748593 339 (552.5)
denovo76 F5.1d_JN558069 344 (568.0)
denovo76 F5.1b_AJ291535 340 (574.5)
denovo76 F5.1_AM748592 340 (575.0)
denovo76 F5.1a_AM748591 340 (583.5)
denovo76 F110_AJ291526 331 (555.0)
denovo76 F4.7_AM748587 332 (570.0)
denovo76 F4.5_AM748585 328 (582.0)
denovo76 F4.4a_AM748583 320 (586.0)
denovo76 F4.4_AM748582 332 (584.0)
denovo76 F4.4b_AM748584 322 (571.5)
denovo76 F4.1a_AM748573 330 (571.0)
denovo76 F112_AJ291528 329 (541.0)
denovo76 F4.1_AM748572 329 (559.0)
denovo76 F4.8b_AM748590 326 (584.5)
denovo76 F4.8_AM748588 327 (596.5)
denovo76 F4.8a_AM748589 328 (591.0)
denovo76 F109_AJ291527 328 (590.5)
denovo76 F4.6_AM748586 331 (564.5)
denovo76 F111_AJ311949 321 (555.0)
denovo76 F4.3c_AM748581 323 (566.5)
denovo76 F4.3a_AM748579 324 (578.0)
denovo76 F4.3b_AM748580 323 (574.5)
denovo76 F4.3_AM748578 323 (574.5)
denovo76 F4.2_AM748574 333 (570.5)
denovo76 F4.2a_AM748575 328 (586.5)
denovo76 F4.2c_AM748577 329 (586.0)
denovo76 F4.2b_AM748576 328 (577.5)
denovo76 F2b_AJ291521 341 (548.5)
denovo76 F2_AJ830908 334 (546.0)
denovo76 F2a_AJ830911 338 (540.5)
denovo76 F3.1a_AM748566 340 (564.5)
denovo76 F114_AJ291525 349 (557.0)
denovo76 F3.1_AM748565 349 (575.0)
denovo76 F3.2_AM748567 351 (580.0)
denovo76 F3.2a_AM748568 332 (586.0)
denovo76 F3.3_AM748569 345 (586.5)
denovo76 F3.4a_AM748571 342 (612.5)
denovo76 F3.4_AM748570 342 (594.5)
denovo76 F3.4b_AM748616 342 (594.5)
denovo76 G101_AJ291539 338 (485.0)
denovo76 G1_AM748597 341 (476.5)
denovo76 G2b_JN558087 339 (491.0)
denovo76 G2_AM748598 337 (486.0)
denovo76 G2a_AM748599 339 (491.5)
denovo76 G4_AM748601 348 (497.0)
denovo76 G3.4_LK392378 346 (472.5)
denovo76 G3_AM748600 340 (480.0)
denovo76 G3.2_KC597694 320 (462.0)
denovo76 G3.1_KC597688 339 (495.0)
denovo76 G100_AB253788 340 (490.0)
denovo76 G3.3_LK392377 337 (499.0)
denovo76 H6_AJ291520 629 (276.5)
denovo76 H3_AM748606 335 (369.5)
denovo76 H2_AM748605 319 (392.5)
denovo76 H4_AM748607 341 (360.0)
denovo76 H4a_AM748608 325 (377.5)
denovo76 H5a_AM748611 315 (407.5)
denovo76 H5b_AM748610 315 (406.0)
denovo76 H5_AJ621129 318 (406.5)
denovo76 H5_AM748609 318 (406.5)
denovo76 H100_AJ291513 322 (389.5)
denovo76 H1b_AM748604 319 (385.5)
denovo76 H1a_AM748612 322 (393.5)
denovo76 H1_AJ621152 322 (393.5)
denovo76 H1_AM748602 322 (393.5)
denovo76 I3_FN561561 343 (555.0)
denovo76 I4_FN561562 343 (555.0)
denovo76 I1_FN561559 349 (564.0)
denovo76 I2_FN561560 336 (562.0)

#---------------------------------------
#---------------------------------------
