denovo171 A136_DQ865210 341 (492.5)
denovo171 A133_DQ174725 351 (463.0)
denovo171 A115_AF180123 341 (451.0)
denovo171 A117_AF201746 341 (476.0)
denovo171 A134_DQ174723 343 (481.5)
denovo171 A114_AF184941 343 (481.5)
denovo171 A135_DQ174727 348 (478.5)
denovo171 A2_AF333506 348 (483.5)
denovo171 A101_AF427468 348 (478.0)
denovo171 A2_1_JN558097 348 (478.0)
denovo171 A2_2_JN558100 348 (478.0)
denovo171 A113_AF184948 335 (487.5)
denovo171 A112_AF184949 335 (461.0)
denovo171 A123_EF378618 349 (331.0)
denovo171 A137_EF378621 345 (311.5)
denovo171 A11_EU449041 343 (494.0)
denovo171 A121_DQ174722 347 (465.0)
denovo171 A15b_EU792886 343 (463.0)
denovo171 A15a_EU792885 345 (461.5)
denovo171 A15c_EU792887 346 (453.0)
denovo171 A15_EU792884 343 (454.0)
denovo171 A147_EU074937 343 (474.5)
denovo171 A154_EU074860 343 (465.5)
denovo171 A146_EU074936 345 (470.5)
denovo171 A150_EU074928 345 (479.5)
denovo171 A116_AF183575 346 (473.0)
denovo171 A141_EU074931 345 (479.5)
denovo171 A5_AF333508 345 (485.5)
denovo171 A3b_EU449043 343 (483.5)
denovo171 A151_EU074925 343 (473.5)
denovo171 A152_EU074927 347 (468.0)
denovo171 A149_EU074929 343 (474.5)
denovo171 A140_EU074930 343 (465.5)
denovo171 A142_EU074932 343 (465.5)
denovo171 A143_EU074933 344 (477.5)
denovo171 A144_EU074934 343 (465.5)
denovo171 A145_EU074935 346 (473.5)
denovo171 A148_EU074938 345 (470.5)
denovo171 A155_EU074856 343 (465.5)
denovo171 A156_EU074859 343 (465.5)
denovo171 A139_EU074962 343 (465.5)
denovo171 A6_AF186058 343 (474.5)
denovo171 A3_AF333507 343 (474.5)
denovo171 A3_JN558091 343 (474.5)
denovo171 A8_AY258468 345 (452.0)
denovo171 A7_AY239360 345 (461.5)
denovo171 A16_EU792888 345 (470.5)
denovo171 A4.3_FN429763 351 (449.5)
denovo171 A120_AF180122 355 (444.5)
denovo171 A4.2_FN429761 349 (440.5)
denovo171 A4_AF333509 349 (468.5)
denovo171 A4.1_FN429760 348 (463.5)
denovo171 A4a_AF499778 349 (477.5)
denovo171 A4a.1_FN429762 349 (477.5)
denovo171 A138_EF378620 348 (438.5)
denovo171 A122_EF378619 346 (472.5)
denovo171 A126_EF378615 345 (473.5)
denovo171 A10_EU792882 345 (473.5)
denovo171 A9_EU449028 348 (457.5)
denovo171 A105_AB207202 353 (470.5)
denovo171 A119_AF180121 351 (455.0)
denovo171 A12_EU792883 353 (462.5)
denovo171 A104_AB207203 347 (472.5)
denovo171 A1a_EU449030 351 (474.5)
denovo171 A1.3_HE578976 355 (467.0)
denovo171 A1.4_HE578977 348 (474.5)
denovo171 A13_AF333504 348 (473.5)
denovo171 A13_JN558094 348 (473.5)
denovo171 A110_AB190282 359 (461.0)
denovo171 A103_AB207206 348 (474.5)
denovo171 A130_EF656428 355 (467.0)
denovo171 A127_EF656429 355 (476.0)
denovo171 A128_EF656430 355 (458.0)
denovo171 A129_EF656431 355 (467.0)
denovo171 A131_EF656432 346 (469.0)
denovo171 A118_AF180120 350 (455.5)
denovo171 A1_AF333505 355 (467.0)
denovo171 A107_AB207199 350 (469.0)
denovo171 A111_AB190280 349 (476.0)
denovo171 A108_AB207197 354 (458.5)
denovo171 A106_AB207200 354 (473.0)
denovo171 A102_AB207209 354 (473.5)
denovo171 A1.2_AB207210 354 (473.5)
denovo171 A109_AB190285 354 (473.0)
denovo171 B4_AF333510 321 (1076.5)
denovo171 B23_EU449079 307 (1204.5)
denovo171 B30_GU907644 307 (1186.5)
denovo171 B11_AY239361 308 (1298.5)
denovo171 B17_AY258470 306 (1318.0)
denovo171 B1k_GU907638 308 (696.5)
denovo171 B1.V_Green2014 313 (1284.5)
denovo171 B1b_AF499780 306 (1258.5)
denovo171 B16_AY258469 306 (1327.0)
denovo171 B31a_GU907646 306 (1327.0)
denovo171 B32_GU907647 306 (1327.0)
denovo171 B31_GU907645 306 (1336.0)
denovo171 B1j_GU907637 306 (1336.0)
denovo171 B37_GU907650 308 (1325.5)
denovo171 B5a_AF499782 306 (1327.0)
denovo171 B5_AF499781 306 (1336.0)
denovo171 B24_GU907643 306 (1176.0)
denovo171 B117_AF180124 306 (1218.5)
denovo171 B10_AF499787 306 (1336.0)
denovo171 B20_GU907642 308 (1310.5)
denovo171 B1m_GU907640 306 (1336.0)
denovo171 B34_GU907649 306 (1336.0)
denovo171 B1d_GU907633 306 (1336.0)
denovo171 B1e_GU907634 306 (1336.0)
denovo171 B1i_GU907636 306 (1336.0)
denovo171 B1g_GU907635 307 (1317.0)
denovo171 B123_EU074872 306 (1336.0)
denovo171 B8_AF499785 307 (1326.0)
denovo171 B1l_GU907639 306 (1336.0)
denovo171 B1a_AF499779 306 (1336.0)
denovo171 B14_AY239362 307 (1326.0)
denovo171 B125_EU074865 306 (1336.0)
denovo171 B122_EU074871 306 (1336.0)
denovo171 B124_EU074874 306 (1336.0)
denovo171 B1.VII_Green2014 306 (1266.0)
denovo171 B1.III_Green2014 306 (1273.0)
denovo171 B1.I_Green2014 306 (1345.0)
denovo171 B1.II_Green2014 306 (1345.0)
denovo171 B1_JN558057 306 (1345.0)
denovo171 B1_AF333511 306 (1345.0)
denovo171 B1.IV_Green2014 316 (1330.5)
denovo171 B121_EU074870 306 (1354.0)
denovo171 B7_AF499784 306 (1345.0)
denovo171 B1.VI_Green2014 307 (1312.0)
denovo171 B3_AF333514 306 (1223.5)
denovo171 B9_AF499786 306 (1232.5)
denovo171 B19a_JN558055 310 (1126.5)
denovo171 B119_EU099825 315 (1158.0)
denovo171 B21_DQ865213 306 (1210.0)
denovo171 B38_GU907651 306 (1210.0)
denovo171 B18_AY258471 306 (1250.5)
denovo171 B18a_AY258472 306 (1241.5)
denovo171 B33_GU907648 306 (1241.5)
denovo171 B6_AF499783 311 (1247.0)
denovo171 B19_DQ865212 306 (1259.5)
denovo171 B19_GU907641 306 (1259.5)
denovo171 B2_AF333512 306 (1250.5)
denovo171 B2_JN558060 306 (1250.5)
denovo171 C33.1_AY258498 329 (665.5)
denovo171 C33.2_AY765400 329 (665.5)
denovo171 C33a_EF541147 329 (665.5)
denovo171 C34_AY258499 322 (645.5)
denovo171 C78_AY765413 328 (644.0)
denovo171 C15.29_KC597690 327 (614.0)
denovo171 C1131_DQ182650 329 (610.5)
denovo171 C1135_DQ182646 322 (609.0)
denovo171 C1134_DQ182647 324 (596.5)
denovo171 C1142_DQ182635 324 (605.5)
denovo171 C1136_DQ182644 323 (582.0)
denovo171 C1111_DQ182645 322 (597.5)
denovo171 C1236_EF473656 322 (588.5)
denovo171 C1138_DQ182642 319 (598.0)
denovo171 C1137_DQ182643 322 (588.5)
denovo171 C1133_DQ182648 322 (588.5)
denovo171 C1132_DQ182649 326 (599.5)
denovo171 C1143_DQ182634 322 (597.5)
denovo171 C1139_DQ182639 324 (605.5)
denovo171 C15.28_KC597687 324 (669.5)
denovo171 C1141_DQ182636 324 (614.5)
denovo171 C1144_DQ182637 324 (623.5)
denovo171 C1122_DQ182654 324 (632.5)
denovo171 C1127_DQ182652 324 (632.5)
denovo171 C15.30_JX394114 328 (653.0)
denovo171 C15.26_KC597686 324 (651.0)
denovo171 C1086_DQ182656 325 (654.0)
denovo171 C15.25_KC597685 325 (663.0)
denovo171 C1118_AF180127 330 (611.0)
denovo171 C1129_DQ182651 325 (599.0)
denovo171 C15.21_KC597683 323 (639.5)
denovo171 C56_AY589760 326 (639.0)
denovo171 C1140_DQ182638 325 (617.0)
denovo171 C1126_DQ182653 325 (608.0)
denovo171 C15c_AY258492 325 (672.0)
denovo171 C15d_AY258493 324 (678.5)
denovo171 C1098_DQ182641 324 (667.0)
denovo171 C15.27_KC597689 325 (654.0)
denovo171 C15.18_HE579024 325 (645.0)
denovo171 C15.16_HE579022 330 (677.5)
denovo171 C1101_AB253787 325 (645.0)
denovo171 C1083_AY237300 325 (654.0)
denovo171 C1088_DQ182640 328 (652.0)
denovo171 C15.6_FN563472 325 (663.0)
denovo171 C15.5_FJ461512 325 (645.5)
denovo171 C15.4_FJ461511 325 (654.5)
denovo171 C15.13_HE579019 325 (645.0)
denovo171 C15.12_HE579018 325 (654.0)
denovo171 C93a_AM748563 323 (675.5)
denovo171 C1094_AJ291514 323 (657.5)
denovo171 C93_AM748562 323 (666.5)
denovo171 C15.17_HE579023 324 (645.0)
denovo171 C15e_AY589742 327 (662.5)
denovo171 C15.22_KC597695 325 (654.0)
denovo171 C60_AY589764 325 (654.0)
denovo171 C15.1_FJ461508 325 (654.0)
denovo171 C15.2_FJ461509 325 (654.0)
denovo171 C15.9_FN563475 326 (656.5)
denovo171 C15.7_HE579015 324 (668.5)
denovo171 C15.8_HE579016 325 (654.0)
denovo171 C15.15_HE579021 325 (654.0)
denovo171 C15.19_HE579025 325 (663.0)
denovo171 C15.24_KC597696 325 (663.0)
denovo171 C15.3_FJ461510 325 (645.5)
denovo171 C1087_DQ182655 325 (663.0)
denovo171 C15.14_HE579020 326 (653.5)
denovo171 C15.23_KC597697 326 (653.5)
denovo171 C19_AY258479 324 (672.5)
denovo171 C1233_EU118166 325 (672.0)
denovo171 C15b_AY258491 325 (654.0)
denovo171 C15a_AY258476 325 (654.5)
denovo171 C1051_AF195153 325 (672.0)
denovo171 C2_AF333518 326 (671.0)
denovo171 C15.20_HE579026 326 (662.5)
denovo171 C15f_AY589743 327 (656.0)
denovo171 C55_AY589759 329 (661.0)
denovo171 C15_AY239369 325 (663.0)
denovo171 C32.1_JF683335 324 (620.5)
denovo171 C32.2_JF683336 324 (620.5)
denovo171 C21.23_KC597693 324 (620.5)
denovo171 C1193_EU099827 335 (634.5)
denovo171 C1195_EU099821 335 (654.5)
denovo171 C3q_GU907655 330 (607.0)
denovo171 C53_AY589758 332 (620.0)
denovo171 C73_AY765408 335 (627.0)
denovo171 C17.2.1_KC597684 326 (598.5)
denovo171 C32_AY258497 328 (613.0)
denovo171 C1189_EU099831 325 (615.5)
denovo171 C1191_EU099833 324 (622.0)
denovo171 C1196_EU099819 325 (597.5)
denovo171 C1192_EU099820 325 (597.5)
denovo171 C17.1_JF683322 325 (615.5)
denovo171 C26_b2_FN827164 327 (608.0)
denovo171 C26_b3_FN827165 326 (614.5)
denovo171 C31.9_HQ630879 327 (602.0)
denovo171 C31a_AY589746 327 (616.5)
denovo171 C30_AY589745 325 (601.0)
denovo171 C31.1_HQ630876 331 (600.0)
denovo171 C31.5_HQ630877 328 (609.5)
denovo171 C31.6_HQ630878 327 (607.5)
denovo171 C31.2_JF683332 327 (616.0)
denovo171 C31.3_JF683333 327 (598.5)
denovo171 C26/C35a_AY239378 326 (623.5)
denovo171 C35a_AY258501 326 (623.5)
denovo171 C35.2_AY258500 326 (614.5)
denovo171 C26_b1_FN827163 326 (614.5)
denovo171 C17_AY239370 325 (615.5)
denovo171 C17.2_FJ461513 327 (614.5)
denovo171 C31.10_HQ630880 327 (611.0)
denovo171 C31.4_JF683334 331 (596.0)
denovo171 C31_AY258496 327 (607.5)
denovo171 C25_AY239377 326 (685.5)
denovo171 C61_AY589765 324 (608.5)
denovo171 C1043_DQ072721 325 (604.5)
denovo171 C79_AY765414 331 (626.0)
denovo171 C69_AY589773 318 (623.0)
denovo171 C69a_AY686648 318 (632.0)
denovo171 C21.22_KC597692 331 (604.0)
denovo171 C51_AY589756 324 (634.0)
denovo171 C1aa_HM185739 328 (645.0)
denovo171 C1096_DQ068023 324 (630.5)
denovo171 C74_AY765409 334 (666.5)
denovo171 C1185_AB294629 334 (648.5)
denovo171 C1184_AB294630 334 (648.5)
denovo171 C1153_AB294625 334 (648.5)
denovo171 C1154_AB294626 333 (664.0)
denovo171 C1187_AB294627 334 (648.5)
denovo171 C1186_AB294628 334 (648.5)
denovo171 C57_AY589761 333 (654.5)
denovo171 C66_AY589771 334 (657.5)
denovo171 C5_AF499795 325 (645.0)
denovo171 C1167_AB294586 325 (645.0)
denovo171 C1164_AB294593 325 (645.0)
denovo171 C1183_AB294631 325 (654.0)
denovo171 C1067_DQ335381 328 (636.0)
denovo171 C1159_AB294613 324 (639.0)
denovo171 C1150_AB294622 324 (648.0)
denovo171 C90_AM748554 327 (653.5)
denovo171 C1168_AB294583 325 (645.5)
denovo171 C1156_AB294616 323 (658.0)
denovo171 C1151_AB294621 325 (663.5)
denovo171 C92a_AM748561 325 (663.5)
denovo171 C92_AM748560 325 (654.5)
denovo171 C1165_AB294581 325 (654.0)
denovo171 C1166_AB294584 325 (672.0)
denovo171 C1162_AB294594 325 (654.0)
denovo171 C1163_AB294596 323 (666.0)
denovo171 C1161_AB294606 325 (663.0)
denovo171 C1160_AB294608 329 (655.5)
denovo171 C1158_AB294614 325 (672.0)
denovo171 C1155_AB294617 325 (672.0)
denovo171 C1149_AB294620 325 (663.0)
denovo171 C1173_AB294662 325 (672.0)
denovo171 C1171_AB294663 325 (654.0)
denovo171 C1172_AB294665 325 (654.0)
denovo171 C91a_AM748556 325 (663.5)
denovo171 C91b_AM748557 325 (663.0)
denovo171 C91d_AM748559 325 (663.0)
denovo171 C91c_AM748558 325 (663.0)
denovo171 C91_AJ621543 325 (663.0)
denovo171 C91_AM748555 325 (663.0)
denovo171 C1023_DQ335330 315 (612.0)
denovo171 C1020_DQ335392 329 (647.5)
denovo171 C1018_DQ335408 328 (645.0)
denovo171 C1074_DQ335329 325 (636.5)
denovo171 C1030_DQ335353 325 (636.5)
denovo171 C1022_DQ335331 325 (636.5)
denovo171 C1027_DQ335360 325 (654.5)
denovo171 C1072_DQ335344 325 (636.5)
denovo171 C1039_AB190274 325 (645.5)
denovo171 C1033_DQ335350 330 (633.5)
denovo171 C1019_DQ335407 325 (645.5)
denovo171 C1194_EU099826 326 (632.5)
denovo171 C8b_AY258475 329 (622.0)
denovo171 C8_AY239367 331 (634.5)
denovo171 C8a_AY239368 331 (634.5)
denovo171 C54a_AY765406 328 (663.0)
denovo171 C3ff_HM185740 325 (672.5)
denovo171 C59_AY589763 333 (632.0)
denovo171 C3k_AY589737 324 (652.0)
denovo171 C3.24_HE579012 323 (667.0)
denovo171 C3.23_HE579011 324 (660.5)
denovo171 C35.1_AY765401 335 (656.0)
denovo171 C35.3_EF541145 328 (654.0)
denovo171 C76_AY765411 329 (663.0)
denovo171 C1107_DQ335359 325 (622.0)
denovo171 C3.22_HE579010 328 (619.5)
denovo171 C77_AY765412 324 (647.5)
denovo171 C20_AY239371 326 (648.0)
denovo171 C1055_DQ480640 326 (644.0)
denovo171 C27/C30_AY239379 322 (612.0)
denovo171 C27.1_FJ461517 322 (603.0)
denovo171 C40a_AY589747 330 (648.5)
denovo171 C40_AY258485 330 (648.5)
denovo171 C40b_AY589748 334 (640.0)
denovo171 C16_AY258477 328 (645.0)
denovo171 C16a_AY765399 328 (645.0)
denovo171 C1091_AB207186 323 (648.5)
denovo171 C1102_DQ335400 323 (630.5)
denovo171 C1069_DQ335375 326 (648.0)
denovo171 C1073_DQ335332 326 (640.0)
denovo171 C1066_DQ335382 326 (639.5)
denovo171 C1031_DQ335352 323 (648.5)
denovo171 C1026_DQ335366 325 (645.5)
denovo171 C70_AY589774 323 (657.5)
denovo171 C1082_AB190267 323 (639.5)
denovo171 C1078_AB190271 323 (657.5)
denovo171 C1090_AB207191 326 (648.0)
denovo171 C1071_DQ335302 326 (648.0)
denovo171 C1075_DQ335328 326 (648.0)
denovo171 C1068_DQ335379 323 (639.5)
denovo171 C1064_DQ335395 323 (639.5)
denovo171 C1063_DQ335403 322 (655.0)
denovo171 C62_AY589766 323 (648.5)
denovo171 C1077_DQ335316 322 (660.5)
denovo171 C1109_DQ335338 323 (639.5)
denovo171 C1110_DQ335340 323 (630.5)
denovo171 C1106_DQ335339 323 (630.5)
denovo171 C1112_DQ335319 323 (639.5)
denovo171 C1108_DQ335351 323 (630.5)
denovo171 C1105_DQ335394 323 (639.5)
denovo171 C1121_DQ335378 330 (632.5)
denovo171 C1116_AB190268 330 (641.5)
denovo171 C1115_AB190273 330 (641.5)
denovo171 C1124_DQ335323 323 (621.5)
denovo171 C1120_DQ335398 323 (621.5)
denovo171 C1119_DQ335404 323 (630.5)
denovo171 C1123_DQ335363 323 (630.5)
denovo171 C1004_DQ480635 326 (647.5)
denovo171 C1061_AY186568 326 (638.5)
denovo171 C1053_AY186569 326 (647.5)
denovo171 C1003_DQ480639 326 (647.5)
denovo171 C81_GU907657 319 (616.5)
denovo171 C22_AY239373 323 (647.0)
denovo171 C22a_AY239374 325 (653.0)
denovo171 C1232_EU118163 327 (642.0)
denovo171 C21.13_FJ461515 324 (604.0)
denovo171 C21.1_JF683323 326 (617.5)
denovo171 C21.3_JF683325 325 (624.5)
denovo171 C1.20_HE578993 328 (635.5)
denovo171 C1.22_HE578995 328 (626.5)
denovo171 C52_AY589757 322 (640.0)
denovo171 C1201_EU099793 326 (617.5)
denovo171 C14_AY589741 325 (656.5)
denovo171 C43_AY589749 325 (662.5)
denovo171 C50_AY589755 328 (645.0)
denovo171 C3.14_HQ630872 324 (651.0)
denovo171 C1m_AY765398 323 (648.0)
denovo171 C82_GU907658 332 (647.0)
denovo171 C82b_GU907660 332 (647.0)
denovo171 C64_AY589768 325 (653.0)
denovo171 C45a_AY765404 328 (653.0)
denovo171 C48_AY589753 325 (666.0)
denovo171 C1_v1b_FJ919244 327 (641.0)
denovo171 C1_v1a_FJ919243 325 (645.0)
denovo171 C3j_AY239366 325 (645.5)
denovo171 C3t_EF541149 328 (653.5)
denovo171 C9_AF499798 325 (653.5)
denovo171 C23_AY239375 326 (666.5)
denovo171 C37_AY258481 330 (641.5)
denovo171 C1048_DQ068026 331 (643.5)
denovo171 C21.4_JF683326 325 (615.5)
denovo171 C21.5_JF683327 325 (615.5)
denovo171 C1070_DQ335349 330 (660.0)
denovo171 C21.6_HQ630873 325 (633.5)
denovo171 C1224_EU074890 325 (663.0)
denovo171 C1.17_HE578990 325 (663.0)
denovo171 C21_b1_FN827162 326 (618.5)
denovo171 C21.9_JF683330 326 (627.5)
denovo171 C1085_AY624605 322 (646.0)
denovo171 C3p_GU907654 330 (636.0)
denovo171 C3f_AY589734 325 (654.5)
denovo171 C65a_AY589770 325 (672.5)
denovo171 C65_AY589769 325 (663.5)
denovo171 C71_AY589775 325 (654.5)
denovo171 C71a_AY589776 325 (645.5)
denovo171 C1178_AB294647 324 (637.0)
denovo171 C1225_EU074893 325 (672.0)
denovo171 C75_AY765410 324 (652.0)
denovo171 C21.10_JF683331 327 (621.0)
denovo171 C21.11_HQ630874 324 (621.5)
denovo171 C1065_DQ335388 325 (654.5)
denovo171 C1045_DQ068036 325 (663.5)
denovo171 C1h_AY258473 324 (650.5)
denovo171 C38_AY258482 324 (642.0)
denovo171 C1202_EU099799 324 (642.0)
denovo171 C7_AF499797 324 (651.0)
denovo171 C12_AF499801 326 (640.5)
denovo171 C38a_AY258483 325 (659.0)
denovo171 C1200_EU099800 314 (656.0)
denovo171 C44a_AY589751 328 (662.0)
denovo171 C47_AY589752 328 (653.0)
denovo171 C44_AY589750 328 (653.0)
denovo171 C1.15_HE578988 325 (645.0)
denovo171 C45.3_FJ461522 328 (644.0)
denovo171 C46a_AY765405 328 (644.0)
denovo171 C46_EU449108 328 (653.0)
denovo171 C3.12_FJ461507 328 (653.5)
denovo171 C1k_AY589733 328 (644.0)
denovo171 C67_AY686647 328 (653.0)
denovo171 C82a_GU907659 325 (653.5)
denovo171 C10a_AY589739 328 (644.0)
denovo171 C10_AF499799 328 (644.0)
denovo171 C13_AY589740 330 (647.0)
denovo171 C4_AF499794 328 (644.0)
denovo171 C1147_EF656433 328 (644.0)
denovo171 C1c/C45_AY239364 328 (653.0)
denovo171 C1c/C45_EU449103 328 (653.0)
denovo171 C21.19_HE579031 325 (624.5)
denovo171 C21.21_HE579033 325 (633.5)
denovo171 C21.20_HE579032 325 (624.5)
denovo171 C42b_AY765403 329 (656.5)
denovo171 C42_AY258487 329 (665.5)
denovo171 C1p_GU907652 325 (663.0)
denovo171 C1d_AY258488 328 (653.0)
denovo171 C42_AY765402 328 (662.0)
denovo171 C3ha_AY589736 325 (624.0)
denovo171 C63a_AY589767 327 (641.0)
denovo171 C21a_AY589744 325 (624.5)
denovo171 C3o_GU907653 324 (622.0)
denovo171 C21.16_HQ630875 327 (620.5)
denovo171 C21.2_JF683324 325 (615.5)
denovo171 C21.7_JF683328 324 (622.0)
denovo171 C21.8_JF683329 325 (624.5)
denovo171 C3h_AY239365 325 (615.5)
denovo171 C1203_EU099798 325 (615.5)
denovo171 C3.10_FJ461505 325 (663.5)
denovo171 C21.14_FJ461516 325 (633.5)
denovo171 C21.18_HE579030 326 (615.5)
denovo171 C3.17_HE579005 325 (645.5)
denovo171 C3.9_FJ461504 329 (636.5)
denovo171 C3.8_FJ461503 325 (654.5)
denovo171 C3.7_FJ461502 325 (645.5)
denovo171 C3.11_FJ461506 332 (657.0)
denovo171 C3.18_HE579006 325 (645.5)
denovo171 C3.19_HE579007 325 (645.5)
denovo171 C3.20_HE579008 325 (645.5)
denovo171 C3g_AY589735 328 (637.5)
denovo171 C3a_AF499790 325 (663.5)
denovo171 C3e_AF499793 325 (645.5)
denovo171 C6_AF499796 332 (665.5)
denovo171 C11_AF499800 325 (645.5)
denovo171 C36_AY258480 325 (663.5)
denovo171 C29_AY258494 325 (663.5)
denovo171 C1146_EF656434 326 (649.0)
denovo171 C1190_EU099841 325 (663.5)
denovo171 C131_JF320826 325 (645.5)
denovo171 C28_AY239380 333 (653.0)
denovo171 C1012_DQ480604 329 (648.0)
denovo171 C1181_AB294640 325 (630.5)
denovo171 C1180_AB294641 325 (648.5)
denovo171 C1179_AB294645 325 (639.5)
denovo171 C1176_AB294651 325 (648.5)
denovo171 C1175_AB294653 325 (630.5)
denovo171 C1174_AB294655 323 (633.5)
denovo171 C1177_AB294659 325 (639.5)
denovo171 C1040_AB190269 329 (648.0)
denovo171 C1182_AB294649 325 (645.5)
denovo171 C1089_AJ278598 325 (645.5)
denovo171 C1028_DQ335357 332 (656.5)
denovo171 C3.16_EU786015 325 (663.5)
denovo171 C1097_AJ311943 326 (653.0)
denovo171 C1170_AB294661 325 (639.5)
denovo171 C21.17_HE579029 325 (635.5)
denovo171 C21/3d/C3k_AY239372 325 (624.5)
denovo171 C58_AY589762 323 (624.5)
denovo171 C3L_AY589738 332 (643.5)
denovo171 C1169_AB294660 325 (639.5)
denovo171 C3.2_FJ461497 325 (648.5)
denovo171 C3.1_JF683321 324 (663.5)
denovo171 C1104_AF427469 326 (644.5)
denovo171 C3b_AF499791 329 (651.5)
denovo171 C83_GU907661 325 (657.0)
denovo171 C49_AY589754 351 (669.0)
denovo171 C3_AB778606 325 (654.5)
denovo171 C3_AF499789 325 (654.5)
denovo171 C3_HE579001 325 (654.5)
denovo171 C21.12_FJ461514 325 (606.5)
denovo171 C1229_EU074888 322 (640.5)
denovo171 C1230_EU074889 322 (649.5)
denovo171 C1114_AB207196 325 (636.5)
denovo171 C3.21_HE579009 325 (576.5)
denovo171 C1057_DQ480619 325 (645.0)
denovo171 C72_AY765407 322 (653.5)
denovo171 C1b.3_HE578999 325 (648.0)
denovo171 C93_AJ621536 325 (645.5)
denovo171 C94_AJ621539 325 (645.0)
denovo171 C1g_AY589730 325 (663.0)
denovo171 C1i_AY589731 323 (657.0)
denovo171 C1j_AY589732 332 (656.0)
denovo171 C1005_DQ480633 325 (645.0)
denovo171 C1.7_FJ461494 325 (645.0)
denovo171 C1.11_HE578984 323 (648.5)
denovo171 C1.12_HE578985 325 (645.0)
denovo171 C1.13_HE578986 328 (653.5)
denovo171 C1.14_HE578987 325 (654.0)
denovo171 C1.18_HE578991 325 (645.0)
denovo171 C1.19_HE578992 325 (645.0)
denovo171 C1199_EU099802 325 (639.0)
denovo171 C1188_EU099838 325 (654.0)
denovo171 C1002_DQ838544 325 (654.5)
denovo171 C1198_EU099810 325 (645.0)
denovo171 C24_AY239376 328 (644.5)
denovo171 C1f_AY258490 325 (654.0)
denovo171 C1006_DQ480629 325 (663.0)
denovo171 C1010_DQ480607 325 (645.0)
denovo171 C1007_DQ480624 325 (645.0)
denovo171 C1011_DQ480605 325 (645.0)
denovo171 C1009_DQ480608 329 (647.0)
denovo171 C1041_AY186548 325 (654.0)
denovo171 C1052_AY186570 325 (645.0)
denovo171 C1148_EU040178 325 (654.0)
denovo171 C1234_EU118165 326 (644.0)
denovo171 C1.5_EF634157 328 (653.5)
denovo171 C1059_DQ480609 325 (645.0)
denovo171 C1228_EU074883 325 (645.0)
denovo171 C1208_EU074963 325 (645.0)
denovo171 C1207_EU074964 325 (654.0)
denovo171 C1206_EU074965 325 (645.0)
denovo171 C1013_DQ480642 328 (644.5)
denovo171 C80_GU907656 336 (650.5)
denovo171 C1a_AF499788 326 (656.5)
denovo171 C41_AY258486 328 (653.5)
denovo171 C39_AY258484 312 (655.0)
denovo171 C1231_EU074878 325 (645.0)
denovo171 C1b.1_HE578997 325 (639.0)
denovo171 C18_AY258478 325 (654.0)
denovo171 C1.10_HE578983 324 (648.5)
denovo171 C1_JN558041 325 (654.0)
denovo171 C1_HE578979 325 (654.0)
denovo171 C1_AM748551 325 (654.0)
denovo171 C1_AF333515 325 (654.0)
denovo171 C1054_AY186565 324 (657.5)
denovo171 C1008_DQ480613 325 (645.0)
denovo171 C1103_AF427470 326 (644.0)
denovo171 C1226_EU074881 329 (646.0)
denovo171 C1b/C1e_AY239363 325 (648.0)
denovo171 C1044_DQ068038 325 (639.0)
denovo171 C1017_DQ174729 326 (638.0)
denovo171 C1.6_FJ461493 325 (663.0)
denovo171 C1b.2_HE578998 325 (639.0)
denovo171 C1060_DQ480600 325 (645.0)
denovo171 C1227_EU074882 325 (645.0)
denovo171 C1197_EU099814 325 (645.0)
denovo171 C1130_DQ480643 325 (547.5)
denovo171 D109_AB097465 363 (456.5)
denovo171 D1.11_HE579040 359 (473.0)
denovo171 D105_AF174570 360 (467.5)
denovo171 D104_AF174572 359 (455.0)
denovo171 D1.3_JF683337 360 (475.5)
denovo171 D1.10_HE579039 359 (473.0)
denovo171 D110_AF174561 359 (473.0)
denovo171 D117_AF174542 359 (464.0)
denovo171 D114_AF174549 359 (473.0)
denovo171 D113_AF174557 359 (455.0)
denovo171 D112_AF174558 359 (473.0)
denovo171 D106_AF174559 359 (473.0)
denovo171 D111_AF174560 361 (471.0)
denovo171 D115_AF174562 359 (464.0)
denovo171 D107_AF174568 358 (470.5)
denovo171 D116_AF174571 359 (455.0)
denovo171 D124_EU074897 359 (464.0)
denovo171 D1.8_HE579037 359 (473.0)
denovo171 D3_AY686650 359 (473.0)
denovo171 D1.6_HQ630881 359 (464.0)
denovo171 D120_EU074900 359 (455.0)
denovo171 D121_EU074904 359 (464.0)
denovo171 D122_EU074905 359 (464.0)
denovo171 D1a.2_JF683339 359 (466.0)
denovo171 D1a.1_JF683338 359 (464.0)
denovo171 D2_AY686649 597 (525.5)
denovo171 D4_DQ865214 360 (463.5)
denovo171 D1a_AF499802 359 (464.0)
denovo171 D1a_JN558078 359 (464.0)
denovo171 D123_EU074895 359 (473.0)
denovo171 D108_AF174567 351 (476.5)
denovo171 D103_AF174575 365 (464.5)
denovo171 D100_AF411415 363 (467.5)
denovo171 D118_EF656435 355 (470.0)
denovo171 D101_AF411416 363 (452.5)
denovo171 D119_EU099832 353 (467.0)
denovo171 D102_AF174573 358 (473.5)
denovo171 D1_AF334660 359 (473.0)
denovo171 D1_JN558076 359 (473.0)
denovo171 D1.12_HE579041 334 (462.5)
denovo171 D1.1_AM748564 422 (493.5)
denovo171 D1.2_AM748617 419 (504.0)
denovo171 E111_EU074915 353 (437.5)
denovo171 E110_EU074914 366 (441.5)
denovo171 E114_EU074909 365 (421.5)
denovo171 E1_AF334659 373 (423.0)
denovo171 E105_EU074921 372 (433.0)
denovo171 E112_EU074916 372 (415.0)
denovo171 E104_EU074922 374 (421.0)
denovo171 E102_EU074924 372 (415.0)
denovo171 E103_EU074923 372 (424.0)
denovo171 E101_AY160123 373 (414.5)
denovo171 E109_EU074913 356 (441.0)
denovo171 E100_DQ011618 357 (468.5)
denovo171 E108_EU074912 357 (451.0)
denovo171 E113_EU074908 353 (452.0)
denovo171 E107_EU074910 357 (451.0)
denovo171 F1_JN558066 325 (626.5)
denovo171 F5.2d_AJ291530 322 (654.0)
denovo171 F104_AJ291531 322 (654.0)
denovo171 F5.2c_AM748596 325 (654.0)
denovo171 F5.2_AM748594 326 (647.0)
denovo171 F5.2a_AM748614 326 (647.0)
denovo171 F5.2b_AM748595 326 (647.0)
denovo171 F5.2e_AJ291533 327 (623.5)
denovo171 F5.2g_JN558072 323 (647.5)
denovo171 F5.2f_AJ291512 323 (647.5)
denovo171 F102_AJ291534 323 (647.5)
denovo171 F5.1c_AM748593 325 (671.5)
denovo171 F5.1d_JN558069 326 (637.0)
denovo171 F5.1b_AJ291535 322 (663.0)
denovo171 F5.1_AM748592 324 (659.5)
denovo171 F5.1a_AM748591 322 (663.0)
denovo171 F110_AJ291526 322 (689.0)
denovo171 F4.7_AM748587 324 (680.5)
denovo171 F4.5_AM748585 323 (673.5)
denovo171 F4.4a_AM748583 319 (699.0)
denovo171 F4.4_AM748582 324 (701.5)
denovo171 F4.4b_AM748584 317 (718.0)
denovo171 F4.1a_AM748573 325 (669.5)
denovo171 F112_AJ291528 323 (638.5)
denovo171 F4.1_AM748572 323 (647.5)
denovo171 F4.8b_AM748590 325 (697.0)
denovo171 F4.8_AM748588 316 (697.5)
denovo171 F4.8a_AM748589 316 (697.5)
denovo171 F109_AJ291527 322 (693.0)
denovo171 F4.6_AM748586 323 (656.0)
denovo171 F111_AJ311949 316 (685.5)
denovo171 F4.3c_AM748581 317 (697.5)
denovo171 F4.3a_AM748579 316 (704.5)
denovo171 F4.3b_AM748580 317 (706.5)
denovo171 F4.3_AM748578 317 (697.5)
denovo171 F4.2_AM748574 323 (710.0)
denovo171 F4.2a_AM748575 323 (686.5)
denovo171 F4.2c_AM748577 323 (683.0)
denovo171 F4.2b_AM748576 323 (695.5)
denovo171 F2b_AJ291521 327 (666.5)
denovo171 F2_AJ830908 328 (687.5)
denovo171 F2a_AJ830911 328 (683.0)
denovo171 F3.1a_AM748566 339 (667.5)
denovo171 F114_AJ291525 339 (667.5)
denovo171 F3.1_AM748565 339 (676.5)
denovo171 F3.2_AM748567 355 (679.5)
denovo171 F3.2a_AM748568 351 (677.5)
denovo171 F3.3_AM748569 340 (658.5)
denovo171 F3.4a_AM748571 338 (615.5)
denovo171 F3.4_AM748570 334 (630.5)
denovo171 F3.4b_AM748616 334 (630.5)
denovo171 G101_AJ291539 371 (498.0)
denovo171 G1_AM748597 371 (498.0)
denovo171 G2b_JN558087 375 (484.5)
denovo171 G2_AM748598 376 (478.5)
denovo171 G2a_AM748599 374 (472.5)
denovo171 G4_AM748601 357 (527.5)
denovo171 G3.4_LK392378 360 (474.5)
denovo171 G3_AM748600 362 (497.0)
denovo171 G3.2_KC597694 345 (444.0)
denovo171 G3.1_KC597688 360 (508.5)
denovo171 G100_AB253788 350 (496.0)
denovo171 G3.3_LK392377 354 (499.5)
denovo171 H6_AJ291520 642 (336.0)
denovo171 H3_AM748606 331 (498.0)
denovo171 H2_AM748605 338 (535.5)
denovo171 H4_AM748607 334 (518.0)
denovo171 H4a_AM748608 344 (516.5)
denovo171 H5a_AM748611 337 (500.0)
denovo171 H5b_AM748610 337 (499.0)
denovo171 H5_AJ621129 342 (497.0)
denovo171 H5_AM748609 342 (497.0)
denovo171 H100_AJ291513 342 (495.0)
denovo171 H1b_AM748604 347 (495.5)
denovo171 H1a_AM748612 342 (499.0)
denovo171 H1_AJ621152 342 (499.0)
denovo171 H1_AM748602 342 (499.0)
denovo171 I3_FN561561 341 (700.0)
denovo171 I4_FN561562 341 (700.0)
denovo171 I1_FN561559 340 (688.5)
denovo171 I2_FN561560 343 (679.0)

#---------------------------------------
#---------------------------------------
