denovo133 A136_DQ865210 341 (517.5)
denovo133 A133_DQ174725 359 (487.5)
denovo133 A115_AF180123 342 (486.5)
denovo133 A117_AF201746 340 (505.5)
denovo133 A134_DQ174723 341 (508.0)
denovo133 A114_AF184941 341 (508.0)
denovo133 A135_DQ174727 341 (508.0)
denovo133 A2_AF333506 346 (501.5)
denovo133 A101_AF427468 341 (499.0)
denovo133 A2_1_JN558097 341 (499.0)
denovo133 A2_2_JN558100 341 (499.0)
denovo133 A113_AF184948 332 (513.0)
denovo133 A112_AF184949 329 (485.0)
denovo133 A123_EF378618 348 (326.0)
denovo133 A137_EF378621 346 (338.0)
denovo133 A11_EU449041 344 (520.5)
denovo133 A121_DQ174722 341 (506.5)
denovo133 A15b_EU792886 346 (470.5)
denovo133 A15a_EU792885 346 (488.0)
denovo133 A15c_EU792887 346 (479.0)
denovo133 A15_EU792884 346 (479.5)
denovo133 A147_EU074937 344 (501.0)
denovo133 A154_EU074860 344 (483.0)
denovo133 A146_EU074936 345 (494.0)
denovo133 A150_EU074928 345 (503.0)
denovo133 A116_AF183575 345 (494.0)
denovo133 A141_EU074931 345 (503.0)
denovo133 A5_AF333508 339 (518.0)
denovo133 A3b_EU449043 344 (510.0)
denovo133 A151_EU074925 344 (500.0)
denovo133 A152_EU074927 347 (492.0)
denovo133 A149_EU074929 344 (501.0)
denovo133 A140_EU074930 344 (492.0)
denovo133 A142_EU074932 344 (492.0)
denovo133 A143_EU074933 347 (501.0)
denovo133 A144_EU074934 344 (492.0)
denovo133 A145_EU074935 347 (500.0)
denovo133 A148_EU074938 344 (492.0)
denovo133 A155_EU074856 344 (492.0)
denovo133 A156_EU074859 344 (492.0)
denovo133 A139_EU074962 344 (501.0)
denovo133 A6_AF186058 344 (501.0)
denovo133 A3_AF333507 344 (501.0)
denovo133 A3_JN558091 344 (501.0)
denovo133 A8_AY258468 346 (478.5)
denovo133 A7_AY239360 346 (488.0)
denovo133 A16_EU792888 346 (497.0)
denovo133 A4.3_FN429763 351 (481.5)
denovo133 A120_AF180122 346 (476.0)
denovo133 A4.2_FN429761 349 (472.5)
denovo133 A4_AF333509 349 (500.5)
denovo133 A4.1_FN429760 348 (495.5)
denovo133 A4a_AF499778 348 (507.5)
denovo133 A4a.1_FN429762 348 (507.5)
denovo133 A138_EF378620 342 (453.0)
denovo133 A122_EF378619 341 (489.5)
denovo133 A126_EF378615 340 (490.5)
denovo133 A10_EU792882 340 (490.5)
denovo133 A9_EU449028 341 (495.5)
denovo133 A105_AB207202 347 (503.0)
denovo133 A119_AF180121 344 (485.5)
denovo133 A12_EU792883 333 (498.5)
denovo133 A104_AB207203 341 (505.0)
denovo133 A1a_EU449030 341 (513.5)
denovo133 A1.3_HE578976 352 (499.5)
denovo133 A1.4_HE578977 343 (508.5)
denovo133 A13_AF333504 345 (504.5)
denovo133 A13_JN558094 345 (504.5)
denovo133 A110_AB190282 355 (500.0)
denovo133 A103_AB207206 337 (509.0)
denovo133 A130_EF656428 345 (496.5)
denovo133 A127_EF656429 345 (514.5)
denovo133 A128_EF656430 345 (496.5)
denovo133 A129_EF656431 346 (508.0)
denovo133 A131_EF656432 347 (503.5)
denovo133 A118_AF180120 340 (492.5)
denovo133 A1_AF333505 345 (505.5)
denovo133 A107_AB207199 348 (506.0)
denovo133 A111_AB190280 348 (506.0)
denovo133 A108_AB207197 355 (485.0)
denovo133 A106_AB207200 348 (505.5)
denovo133 A102_AB207209 348 (506.0)
denovo133 A1.2_AB207210 348 (506.0)
denovo133 A109_AB190285 348 (505.5)
denovo133 B4_AF333510 322 (1075.5)
denovo133 B23_EU449079 308 (1194.5)
denovo133 B30_GU907644 308 (1176.5)
denovo133 B11_AY239361 309 (1288.5)
denovo133 B17_AY258470 307 (1308.0)
denovo133 B1k_GU907638 309 (686.5)
denovo133 B1.V_Green2014 314 (1265.5)
denovo133 B1b_AF499780 307 (1239.5)
denovo133 B16_AY258469 307 (1317.0)
denovo133 B31a_GU907646 307 (1317.0)
denovo133 B32_GU907647 307 (1317.0)
denovo133 B31_GU907645 307 (1326.0)
denovo133 B1j_GU907637 307 (1326.0)
denovo133 B37_GU907650 309 (1315.5)
denovo133 B5a_AF499782 307 (1317.0)
denovo133 B5_AF499781 307 (1326.0)
denovo133 B24_GU907643 307 (1193.0)
denovo133 B117_AF180124 307 (1217.5)
denovo133 B10_AF499787 307 (1317.0)
denovo133 B20_GU907642 309 (1300.5)
denovo133 B1m_GU907640 307 (1326.0)
denovo133 B34_GU907649 307 (1335.0)
denovo133 B1d_GU907633 307 (1326.0)
denovo133 B1e_GU907634 307 (1326.0)
denovo133 B1i_GU907636 307 (1326.0)
denovo133 B1g_GU907635 308 (1307.0)
denovo133 B123_EU074872 307 (1317.0)
denovo133 B8_AF499785 308 (1316.0)
denovo133 B1l_GU907639 307 (1326.0)
denovo133 B1a_AF499779 307 (1326.0)
denovo133 B14_AY239362 308 (1316.0)
denovo133 B125_EU074865 307 (1326.0)
denovo133 B122_EU074871 307 (1326.0)
denovo133 B124_EU074874 307 (1326.0)
denovo133 B1.VII_Green2014 307 (1273.5)
denovo133 B1.III_Green2014 307 (1254.0)
denovo133 B1.I_Green2014 307 (1335.0)
denovo133 B1.II_Green2014 307 (1335.0)
denovo133 B1_JN558057 307 (1335.0)
denovo133 B1_AF333511 307 (1335.0)
denovo133 B1.IV_Green2014 317 (1320.5)
denovo133 B121_EU074870 307 (1326.0)
denovo133 B7_AF499784 307 (1326.0)
denovo133 B1.VI_Green2014 308 (1266.0)
denovo133 B3_AF333514 307 (1213.5)
denovo133 B9_AF499786 307 (1231.5)
denovo133 B19a_JN558055 307 (1113.5)
denovo133 B119_EU099825 316 (1148.0)
denovo133 B21_DQ865213 307 (1200.0)
denovo133 B38_GU907651 307 (1200.0)
denovo133 B18_AY258471 307 (1240.5)
denovo133 B18a_AY258472 307 (1231.5)
denovo133 B33_GU907648 307 (1231.5)
denovo133 B6_AF499783 312 (1237.0)
denovo133 B19_DQ865212 307 (1249.5)
denovo133 B19_GU907641 307 (1249.5)
denovo133 B2_AF333512 307 (1240.5)
denovo133 B2_JN558060 307 (1240.5)
denovo133 C33.1_AY258498 333 (654.5)
denovo133 C33.2_AY765400 333 (654.5)
denovo133 C33a_EF541147 333 (654.5)
denovo133 C34_AY258499 326 (652.5)
denovo133 C78_AY765413 327 (664.0)
denovo133 C15.29_KC597690 332 (650.5)
denovo133 C1131_DQ182650 333 (644.5)
denovo133 C1135_DQ182646 326 (643.0)
denovo133 C1134_DQ182647 328 (630.5)
denovo133 C1142_DQ182635 328 (639.5)
denovo133 C1136_DQ182644 326 (622.0)
denovo133 C1111_DQ182645 326 (631.5)
denovo133 C1236_EF473656 326 (622.5)
denovo133 C1138_DQ182642 323 (632.0)
denovo133 C1137_DQ182643 326 (622.5)
denovo133 C1133_DQ182648 326 (622.5)
denovo133 C1132_DQ182649 330 (625.0)
denovo133 C1143_DQ182634 326 (631.5)
denovo133 C1139_DQ182639 328 (639.5)
denovo133 C15.28_KC597687 328 (703.5)
denovo133 C1141_DQ182636 328 (648.5)
denovo133 C1144_DQ182637 328 (657.5)
denovo133 C1122_DQ182654 328 (657.5)
denovo133 C1127_DQ182652 328 (666.5)
denovo133 C15.30_JX394114 329 (688.0)
denovo133 C15.26_KC597686 329 (687.5)
denovo133 C1086_DQ182656 330 (690.5)
denovo133 C15.25_KC597685 330 (699.5)
denovo133 C1118_AF180127 335 (657.0)
denovo133 C1129_DQ182651 330 (635.5)
denovo133 C15.21_KC597683 328 (667.0)
denovo133 C56_AY589760 327 (681.5)
denovo133 C1140_DQ182638 330 (653.5)
denovo133 C1126_DQ182653 330 (644.5)
denovo133 C15c_AY258492 327 (700.0)
denovo133 C15d_AY258493 326 (706.5)
denovo133 C1098_DQ182641 328 (700.5)
denovo133 C15.27_KC597689 330 (690.5)
denovo133 C15.18_HE579024 329 (687.5)
denovo133 C15.16_HE579022 335 (714.0)
denovo133 C1101_AB253787 330 (690.5)
denovo133 C1083_AY237300 330 (690.5)
denovo133 C1088_DQ182640 329 (687.0)
denovo133 C15.6_FN563472 330 (690.5)
denovo133 C15.5_FJ461512 330 (681.5)
denovo133 C15.4_FJ461511 330 (690.5)
denovo133 C15.13_HE579019 330 (681.5)
denovo133 C15.12_HE579018 330 (690.5)
denovo133 C93a_AM748563 328 (712.0)
denovo133 C1094_AJ291514 328 (694.0)
denovo133 C93_AM748562 328 (703.0)
denovo133 C15.17_HE579023 329 (681.5)
denovo133 C15e_AY589742 332 (699.5)
denovo133 C15.22_KC597695 330 (690.5)
denovo133 C60_AY589764 330 (690.5)
denovo133 C15.1_FJ461508 330 (690.5)
denovo133 C15.2_FJ461509 330 (690.5)
denovo133 C15.9_FN563475 330 (708.0)
denovo133 C15.7_HE579015 329 (705.0)
denovo133 C15.8_HE579016 330 (708.5)
denovo133 C15.15_HE579021 330 (690.5)
denovo133 C15.19_HE579025 330 (699.5)
denovo133 C15.24_KC597696 330 (681.5)
denovo133 C15.3_FJ461510 330 (690.5)
denovo133 C1087_DQ182655 330 (699.5)
denovo133 C15.14_HE579020 331 (690.0)
denovo133 C15.23_KC597697 331 (690.0)
denovo133 C19_AY258479 329 (709.0)
denovo133 C1233_EU118166 330 (690.5)
denovo133 C15b_AY258491 330 (690.5)
denovo133 C15a_AY258476 330 (699.5)
denovo133 C1051_AF195153 330 (708.5)
denovo133 C2_AF333518 331 (707.5)
denovo133 C15.20_HE579026 331 (699.0)
denovo133 C15f_AY589743 332 (692.5)
denovo133 C55_AY589759 334 (697.5)
denovo133 C15_AY239369 330 (699.5)
denovo133 C32.1_JF683335 328 (654.5)
denovo133 C32.2_JF683336 328 (654.5)
denovo133 C21.23_KC597693 328 (654.5)
denovo133 C1193_EU099827 335 (692.5)
denovo133 C1195_EU099821 338 (667.5)
denovo133 C3q_GU907655 340 (667.0)
denovo133 C53_AY589758 336 (662.5)
denovo133 C73_AY765408 337 (673.0)
denovo133 C17.2.1_KC597684 331 (625.5)
denovo133 C32_AY258497 332 (664.5)
denovo133 C1189_EU099831 331 (662.5)
denovo133 C1191_EU099833 330 (669.0)
denovo133 C1196_EU099819 330 (642.5)
denovo133 C1192_EU099820 330 (642.5)
denovo133 C17.1_JF683322 330 (660.5)
denovo133 C26_b2_FN827164 335 (662.5)
denovo133 C26_b3_FN827165 331 (642.0)
denovo133 C31.9_HQ630879 332 (647.0)
denovo133 C31a_AY589746 332 (643.5)
denovo133 C30_AY589745 332 (643.5)
denovo133 C31.1_HQ630876 336 (645.0)
denovo133 C31.5_HQ630877 332 (652.5)
denovo133 C31.6_HQ630878 332 (652.5)
denovo133 C31.2_JF683332 332 (652.5)
denovo133 C31.3_JF683333 332 (643.5)
denovo133 C26/C35a_AY239378 331 (651.0)
denovo133 C35a_AY258501 331 (651.0)
denovo133 C35.2_AY258500 331 (660.0)
denovo133 C26_b1_FN827163 331 (660.0)
denovo133 C17_AY239370 330 (660.5)
denovo133 C17.2_FJ461513 332 (659.5)
denovo133 C31.10_HQ630880 332 (656.0)
denovo133 C31.4_JF683334 336 (641.0)
denovo133 C31_AY258496 332 (652.5)
denovo133 C25_AY239377 327 (693.0)
denovo133 C61_AY589765 329 (653.5)
denovo133 C1043_DQ072721 330 (658.5)
denovo133 C79_AY765414 332 (668.0)
denovo133 C69_AY589773 321 (672.5)
denovo133 C69a_AY686648 321 (663.5)
denovo133 C21.22_KC597692 332 (647.5)
denovo133 C51_AY589756 329 (670.0)
denovo133 C1aa_HM185739 330 (682.5)
denovo133 C1096_DQ068023 329 (666.5)
denovo133 C74_AY765409 338 (708.5)
denovo133 C1185_AB294629 338 (699.5)
denovo133 C1184_AB294630 338 (699.5)
denovo133 C1153_AB294625 338 (699.5)
denovo133 C1154_AB294626 337 (715.0)
denovo133 C1187_AB294627 338 (699.5)
denovo133 C1186_AB294628 338 (699.5)
denovo133 C57_AY589761 338 (708.5)
denovo133 C66_AY589771 338 (708.5)
denovo133 C5_AF499795 330 (690.5)
denovo133 C1167_AB294586 330 (690.5)
denovo133 C1164_AB294593 330 (690.5)
denovo133 C1183_AB294631 330 (708.5)
denovo133 C1067_DQ335381 329 (678.5)
denovo133 C1159_AB294613 329 (693.0)
denovo133 C1150_AB294622 329 (702.0)
denovo133 C90_AM748554 331 (713.5)
denovo133 C1168_AB294583 330 (699.5)
denovo133 C1156_AB294616 330 (708.5)
denovo133 C1151_AB294621 330 (717.5)
denovo133 C92a_AM748561 330 (717.5)
denovo133 C92_AM748560 330 (708.5)
denovo133 C1165_AB294581 330 (699.5)
denovo133 C1166_AB294584 330 (699.5)
denovo133 C1162_AB294594 330 (699.5)
denovo133 C1163_AB294596 330 (709.0)
denovo133 C1161_AB294606 330 (708.5)
denovo133 C1160_AB294608 331 (702.0)
denovo133 C1158_AB294614 329 (706.5)
denovo133 C1155_AB294617 330 (699.5)
denovo133 C1149_AB294620 330 (708.5)
denovo133 C1173_AB294662 330 (717.5)
denovo133 C1171_AB294663 330 (699.5)
denovo133 C1172_AB294665 330 (699.5)
denovo133 C91a_AM748556 330 (717.5)
denovo133 C91b_AM748557 330 (708.5)
denovo133 C91d_AM748559 329 (706.0)
denovo133 C91c_AM748558 329 (706.0)
denovo133 C91_AJ621543 330 (708.5)
denovo133 C91_AM748555 330 (708.5)
denovo133 C1023_DQ335330 318 (653.0)
denovo133 C1020_DQ335392 334 (684.0)
denovo133 C1018_DQ335408 330 (690.5)
denovo133 C1074_DQ335329 330 (681.5)
denovo133 C1030_DQ335353 330 (681.5)
denovo133 C1022_DQ335331 330 (681.5)
denovo133 C1027_DQ335360 330 (699.5)
denovo133 C1072_DQ335344 330 (681.5)
denovo133 C1039_AB190274 330 (690.5)
denovo133 C1033_DQ335350 335 (678.5)
denovo133 C1019_DQ335407 330 (690.5)
denovo133 C1194_EU099826 331 (670.0)
denovo133 C8b_AY258475 327 (667.0)
denovo133 C8_AY239367 328 (675.5)
denovo133 C8a_AY239368 330 (671.5)
denovo133 C54a_AY765406 329 (687.5)
denovo133 C3ff_HM185740 330 (699.5)
denovo133 C59_AY589763 333 (673.0)
denovo133 C3k_AY589737 329 (697.0)
denovo133 C3.24_HE579012 328 (703.5)
denovo133 C3.23_HE579011 329 (697.0)
denovo133 C35.1_AY765401 339 (698.5)
denovo133 C35.3_EF541145 332 (696.5)
denovo133 C76_AY765411 330 (679.5)
denovo133 C1107_DQ335359 329 (665.0)
denovo133 C3.22_HE579010 332 (662.0)
denovo133 C77_AY765412 330 (678.0)
denovo133 C20_AY239371 330 (690.5)
denovo133 C1055_DQ480640 330 (686.5)
denovo133 C27/C30_AY239379 331 (651.0)
denovo133 C27.1_FJ461517 331 (642.0)
denovo133 C40a_AY589747 335 (693.5)
denovo133 C40_AY258485 335 (693.5)
denovo133 C40b_AY589748 333 (685.0)
denovo133 C16_AY258477 333 (690.0)
denovo133 C16a_AY765399 332 (687.0)
denovo133 C1091_AB207186 330 (691.0)
denovo133 C1102_DQ335400 330 (673.0)
denovo133 C1069_DQ335375 330 (700.0)
denovo133 C1073_DQ335332 331 (685.0)
denovo133 C1066_DQ335382 330 (682.0)
denovo133 C1031_DQ335352 335 (696.5)
denovo133 C1026_DQ335366 335 (696.0)
denovo133 C70_AY589774 330 (700.0)
denovo133 C1082_AB190267 330 (682.0)
denovo133 C1078_AB190271 328 (693.5)
denovo133 C1090_AB207191 329 (688.0)
denovo133 C1071_DQ335302 329 (688.0)
denovo133 C1075_DQ335328 330 (691.0)
denovo133 C1068_DQ335379 330 (682.0)
denovo133 C1064_DQ335395 330 (682.0)
denovo133 C1063_DQ335403 327 (691.5)
denovo133 C62_AY589766 330 (691.0)
denovo133 C1077_DQ335316 327 (696.5)
denovo133 C1109_DQ335338 330 (691.0)
denovo133 C1110_DQ335340 330 (682.0)
denovo133 C1106_DQ335339 330 (682.0)
denovo133 C1112_DQ335319 330 (691.0)
denovo133 C1108_DQ335351 330 (682.0)
denovo133 C1105_DQ335394 330 (691.0)
denovo133 C1121_DQ335378 337 (684.0)
denovo133 C1116_AB190268 337 (684.0)
denovo133 C1115_AB190273 337 (684.0)
denovo133 C1124_DQ335323 330 (673.0)
denovo133 C1120_DQ335398 330 (673.0)
denovo133 C1119_DQ335404 329 (688.0)
denovo133 C1123_DQ335363 330 (682.0)
denovo133 C1004_DQ480635 329 (687.5)
denovo133 C1061_AY186568 329 (678.5)
denovo133 C1053_AY186569 329 (687.5)
denovo133 C1003_DQ480639 329 (687.5)
denovo133 C81_GU907657 322 (674.5)
denovo133 C22_AY239373 326 (687.0)
denovo133 C22a_AY239374 332 (687.0)
denovo133 C1232_EU118163 332 (687.0)
denovo133 C21.13_FJ461515 329 (649.0)
denovo133 C21.1_JF683323 330 (660.5)
denovo133 C21.3_JF683325 330 (669.5)
denovo133 C1.20_HE578993 331 (676.0)
denovo133 C1.22_HE578995 332 (669.0)
denovo133 C52_AY589757 329 (682.5)
denovo133 C1201_EU099793 330 (660.5)
denovo133 C14_AY589741 329 (673.0)
denovo133 C43_AY589749 329 (679.0)
denovo133 C50_AY589755 329 (687.5)
denovo133 C3.14_HQ630872 329 (696.0)
denovo133 C1m_AY765398 329 (688.0)
denovo133 C82_GU907658 334 (676.0)
denovo133 C82b_GU907660 334 (676.0)
denovo133 C64_AY589768 329 (696.0)
denovo133 C45a_AY765404 329 (687.5)
denovo133 C48_AY589753 330 (711.0)
denovo133 C1_v1b_FJ919244 331 (684.0)
denovo133 C1_v1a_FJ919243 329 (687.5)
denovo133 C3j_AY239366 330 (681.5)
denovo133 C3t_EF541149 333 (698.5)
denovo133 C9_AF499798 328 (685.5)
denovo133 C23_AY239375 330 (709.0)
denovo133 C37_AY258481 334 (684.0)
denovo133 C1048_DQ068026 329 (678.5)
denovo133 C21.4_JF683326 330 (660.5)
denovo133 C21.5_JF683327 330 (660.5)
denovo133 C1070_DQ335349 330 (699.5)
denovo133 C21.6_HQ630873 330 (678.5)
denovo133 C1224_EU074890 329 (696.5)
denovo133 C1.17_HE578990 329 (696.5)
denovo133 C21_b1_FN827162 332 (657.0)
denovo133 C21.9_JF683330 332 (666.0)
denovo133 C1085_AY624605 327 (682.5)
denovo133 C3p_GU907654 330 (684.5)
denovo133 C3f_AY589734 330 (699.5)
denovo133 C65a_AY589770 330 (690.5)
denovo133 C65_AY589769 330 (699.5)
denovo133 C71_AY589775 330 (690.5)
denovo133 C71a_AY589776 330 (681.5)
denovo133 C1178_AB294647 329 (682.0)
denovo133 C1225_EU074893 329 (705.5)
denovo133 C75_AY765410 329 (697.0)
denovo133 C21.10_JF683331 328 (672.5)
denovo133 C21.11_HQ630874 329 (666.5)
denovo133 C1065_DQ335388 330 (699.5)
denovo133 C1045_DQ068036 330 (708.5)
denovo133 C1h_AY258473 328 (693.0)
denovo133 C38_AY258482 329 (687.0)
denovo133 C1202_EU099799 329 (687.0)
denovo133 C7_AF499797 329 (696.0)
denovo133 C12_AF499801 331 (685.5)
denovo133 C38a_AY258483 330 (704.0)
denovo133 C1200_EU099800 319 (701.0)
denovo133 C44a_AY589751 329 (696.5)
denovo133 C47_AY589752 329 (696.5)
denovo133 C44_AY589750 329 (687.5)
denovo133 C1.15_HE578988 329 (687.5)
denovo133 C45.3_FJ461522 329 (678.5)
denovo133 C46a_AY765405 329 (678.5)
denovo133 C46_EU449108 329 (687.5)
denovo133 C3.12_FJ461507 330 (690.5)
denovo133 C1k_AY589733 329 (678.5)
denovo133 C67_AY686647 329 (687.5)
denovo133 C82a_GU907659 326 (679.5)
denovo133 C10a_AY589739 329 (687.5)
denovo133 C10_AF499799 329 (678.5)
denovo133 C13_AY589740 331 (681.5)
denovo133 C4_AF499794 329 (696.5)
denovo133 C1147_EF656433 329 (678.5)
denovo133 C1c/C45_AY239364 329 (687.5)
denovo133 C1c/C45_EU449103 329 (687.5)
denovo133 C21.19_HE579031 330 (669.5)
denovo133 C21.21_HE579033 330 (660.5)
denovo133 C21.20_HE579032 330 (669.5)
denovo133 C42b_AY765403 330 (673.0)
denovo133 C42_AY258487 330 (682.0)
denovo133 C1p_GU907652 329 (687.5)
denovo133 C1d_AY258488 329 (669.5)
denovo133 C42_AY765402 329 (678.5)
denovo133 C3ha_AY589736 330 (660.5)
denovo133 C63a_AY589767 332 (677.5)
denovo133 C21a_AY589744 330 (660.5)
denovo133 C3o_GU907653 329 (667.0)
denovo133 C21.16_HQ630875 332 (666.0)
denovo133 C21.2_JF683324 330 (660.5)
denovo133 C21.7_JF683328 329 (667.0)
denovo133 C21.8_JF683329 330 (669.5)
denovo133 C3h_AY239365 330 (669.5)
denovo133 C1203_EU099798 330 (660.5)
denovo133 C3.10_FJ461505 330 (708.5)
denovo133 C21.14_FJ461516 330 (678.5)
denovo133 C21.18_HE579030 336 (657.5)
denovo133 C3.17_HE579005 330 (690.5)
denovo133 C3.9_FJ461504 330 (687.5)
denovo133 C3.8_FJ461503 330 (699.5)
denovo133 C3.7_FJ461502 330 (690.5)
denovo133 C3.11_FJ461506 337 (702.0)
denovo133 C3.18_HE579006 330 (690.5)
denovo133 C3.19_HE579007 330 (690.5)
denovo133 C3.20_HE579008 330 (690.5)
denovo133 C3g_AY589735 333 (682.5)
denovo133 C3a_AF499790 330 (708.5)
denovo133 C3e_AF499793 330 (690.5)
denovo133 C6_AF499796 337 (710.5)
denovo133 C11_AF499800 330 (690.5)
denovo133 C36_AY258480 330 (708.5)
denovo133 C29_AY258494 330 (708.5)
denovo133 C1146_EF656434 331 (694.0)
denovo133 C1190_EU099841 330 (690.5)
denovo133 C131_JF320826 330 (690.5)
denovo133 C28_AY239380 338 (698.0)
denovo133 C1012_DQ480604 330 (690.5)
denovo133 C1181_AB294640 330 (675.5)
denovo133 C1180_AB294641 330 (675.5)
denovo133 C1179_AB294645 330 (684.5)
denovo133 C1176_AB294651 330 (684.5)
denovo133 C1175_AB294653 330 (675.5)
denovo133 C1174_AB294655 332 (681.0)
denovo133 C1177_AB294659 330 (684.5)
denovo133 C1040_AB190269 332 (696.0)
denovo133 C1182_AB294649 330 (690.5)
denovo133 C1089_AJ278598 330 (690.5)
denovo133 C1028_DQ335357 337 (701.5)
denovo133 C3.16_EU786015 330 (708.5)
denovo133 C1097_AJ311943 331 (689.5)
denovo133 C1170_AB294661 330 (684.5)
denovo133 C21.17_HE579029 330 (680.5)
denovo133 C21/3d/C3k_AY239372 330 (669.5)
denovo133 C58_AY589762 331 (669.0)
denovo133 C3L_AY589738 333 (695.0)
denovo133 C1169_AB294660 330 (684.5)
denovo133 C3.2_FJ461497 330 (693.5)
denovo133 C3.1_JF683321 329 (700.0)
denovo133 C1104_AF427469 331 (689.5)
denovo133 C3b_AF499791 330 (702.5)
denovo133 C83_GU907661 330 (702.0)
denovo133 C49_AY589754 356 (714.0)
denovo133 C3_AB778606 330 (699.5)
denovo133 C3_AF499789 330 (699.5)
denovo133 C3_HE579001 330 (699.5)
denovo133 C21.12_FJ461514 330 (651.5)
denovo133 C1229_EU074888 326 (683.0)
denovo133 C1230_EU074889 326 (692.0)
denovo133 C1114_AB207196 330 (681.5)
denovo133 C3.21_HE579009 330 (604.0)
denovo133 C1057_DQ480619 330 (690.5)
denovo133 C72_AY765407 326 (687.0)
denovo133 C1b.3_HE578999 329 (681.5)
denovo133 C93_AJ621536 330 (690.5)
denovo133 C94_AJ621539 329 (687.5)
denovo133 C1g_AY589730 329 (687.5)
denovo133 C1i_AY589731 326 (688.5)
denovo133 C1j_AY589732 336 (698.5)
denovo133 C1005_DQ480633 329 (687.5)
denovo133 C1.7_FJ461494 329 (687.5)
denovo133 C1.11_HE578984 329 (688.0)
denovo133 C1.12_HE578985 329 (687.5)
denovo133 C1.13_HE578986 331 (694.0)
denovo133 C1.14_HE578987 331 (694.0)
denovo133 C1.18_HE578991 329 (687.5)
denovo133 C1.19_HE578992 329 (705.5)
denovo133 C1199_EU099802 329 (681.5)
denovo133 C1188_EU099838 329 (696.5)
denovo133 C1002_DQ838544 330 (699.5)
denovo133 C1198_EU099810 329 (687.5)
denovo133 C24_AY239376 329 (687.5)
denovo133 C1f_AY258490 329 (696.5)
denovo133 C1006_DQ480629 329 (705.5)
denovo133 C1010_DQ480607 329 (687.5)
denovo133 C1007_DQ480624 329 (687.5)
denovo133 C1011_DQ480605 329 (687.5)
denovo133 C1009_DQ480608 333 (689.5)
denovo133 C1041_AY186548 329 (696.5)
denovo133 C1052_AY186570 329 (687.5)
denovo133 C1148_EU040178 329 (696.5)
denovo133 C1234_EU118165 330 (686.5)
denovo133 C1.5_EF634157 329 (696.5)
denovo133 C1059_DQ480609 329 (687.5)
denovo133 C1228_EU074883 329 (687.5)
denovo133 C1208_EU074963 329 (687.5)
denovo133 C1207_EU074964 329 (696.5)
denovo133 C1206_EU074965 329 (687.5)
denovo133 C1013_DQ480642 331 (685.0)
denovo133 C80_GU907656 339 (690.5)
denovo133 C1a_AF499788 329 (696.5)
denovo133 C41_AY258486 329 (696.5)
denovo133 C39_AY258484 317 (700.5)
denovo133 C1231_EU074878 329 (687.5)
denovo133 C1b.1_HE578997 329 (681.5)
denovo133 C18_AY258478 329 (696.5)
denovo133 C1.10_HE578983 328 (691.0)
denovo133 C1_JN558041 329 (696.5)
denovo133 C1_HE578979 329 (696.5)
denovo133 C1_AM748551 329 (696.5)
denovo133 C1_AF333515 329 (696.5)
denovo133 C1054_AY186565 328 (700.0)
denovo133 C1008_DQ480613 329 (687.5)
denovo133 C1103_AF427470 330 (686.5)
denovo133 C1226_EU074881 330 (686.5)
denovo133 C1b/C1e_AY239363 329 (690.5)
denovo133 C1044_DQ068038 329 (681.5)
denovo133 C1017_DQ174729 330 (680.5)
denovo133 C1.6_FJ461493 329 (705.5)
denovo133 C1b.2_HE578998 329 (681.5)
denovo133 C1060_DQ480600 329 (687.5)
denovo133 C1227_EU074882 329 (687.5)
denovo133 C1197_EU099814 329 (687.5)
denovo133 C1130_DQ480643 329 (573.0)
denovo133 D109_AB097465 354 (517.0)
denovo133 D1.11_HE579040 360 (526.5)
denovo133 D105_AF174570 366 (526.0)
denovo133 D104_AF174572 358 (511.5)
denovo133 D1.3_JF683337 361 (519.0)
denovo133 D1.10_HE579039 360 (517.5)
denovo133 D110_AF174561 360 (517.5)
denovo133 D117_AF174542 360 (517.5)
denovo133 D114_AF174549 360 (526.5)
denovo133 D113_AF174557 358 (511.5)
denovo133 D112_AF174558 360 (518.0)
denovo133 D106_AF174559 362 (532.5)
denovo133 D111_AF174560 360 (517.5)
denovo133 D115_AF174562 360 (526.5)
denovo133 D107_AF174568 366 (526.0)
denovo133 D116_AF174571 360 (517.5)
denovo133 D124_EU074897 360 (526.5)
denovo133 D1.8_HE579037 362 (524.0)
denovo133 D3_AY686650 360 (526.5)
denovo133 D1.6_HQ630881 360 (517.5)
denovo133 D120_EU074900 358 (511.5)
denovo133 D121_EU074904 360 (526.5)
denovo133 D122_EU074905 360 (517.5)
denovo133 D1a.2_JF683339 362 (525.5)
denovo133 D1a.1_JF683338 360 (526.5)
denovo133 D2_AY686649 591 (587.0)
denovo133 D4_DQ865214 361 (517.5)
denovo133 D1a_AF499802 358 (520.5)
denovo133 D1a_JN558078 358 (520.5)
denovo133 D123_EU074895 361 (529.0)
denovo133 D108_AF174567 354 (526.5)
denovo133 D103_AF174575 360 (526.0)
denovo133 D100_AF411415 361 (520.5)
denovo133 D118_EF656435 356 (532.0)
denovo133 D101_AF411416 361 (511.0)
denovo133 D119_EU099832 360 (519.0)
denovo133 D102_AF174573 360 (530.0)
denovo133 D1_AF334660 360 (526.5)
denovo133 D1_JN558076 360 (526.5)
denovo133 D1.12_HE579041 338 (516.0)
denovo133 D1.1_AM748564 405 (542.5)
denovo133 D1.2_AM748617 429 (550.0)
denovo133 E111_EU074915 341 (518.5)
denovo133 E110_EU074914 345 (494.5)
denovo133 E114_EU074909 345 (494.5)
denovo133 E1_AF334659 346 (502.5)
denovo133 E105_EU074921 345 (512.5)
denovo133 E112_EU074916 345 (494.5)
denovo133 E104_EU074922 346 (506.0)
denovo133 E102_EU074924 345 (494.5)
denovo133 E103_EU074923 345 (503.5)
denovo133 E101_AY160123 350 (478.5)
denovo133 E109_EU074913 355 (524.5)
denovo133 E100_DQ011618 363 (528.0)
denovo133 E108_EU074912 360 (528.5)
denovo133 E113_EU074908 356 (538.5)
denovo133 E107_EU074910 360 (528.5)
denovo133 F1_JN558066 340 (638.5)
denovo133 F5.2d_AJ291530 338 (669.5)
denovo133 F104_AJ291531 338 (669.5)
denovo133 F5.2c_AM748596 338 (661.0)
denovo133 F5.2_AM748594 338 (660.5)
denovo133 F5.2a_AM748614 338 (660.5)
denovo133 F5.2b_AM748595 338 (660.5)
denovo133 F5.2e_AJ291533 339 (637.0)
denovo133 F5.2g_JN558072 338 (669.0)
denovo133 F5.2f_AJ291512 338 (660.0)
denovo133 F102_AJ291534 338 (660.0)
denovo133 F5.1c_AM748593 340 (684.0)
denovo133 F5.1d_JN558069 342 (643.5)
denovo133 F5.1b_AJ291535 338 (669.5)
denovo133 F5.1_AM748592 340 (666.0)
denovo133 F5.1a_AM748591 338 (669.5)
denovo133 F110_AJ291526 321 (710.0)
denovo133 F4.7_AM748587 323 (728.5)
denovo133 F4.5_AM748585 322 (730.5)
denovo133 F4.4a_AM748583 316 (750.5)
denovo133 F4.4_AM748582 322 (755.5)
denovo133 F4.4b_AM748584 314 (769.5)
denovo133 F4.1a_AM748573 325 (701.5)
denovo133 F112_AJ291528 322 (686.5)
denovo133 F4.1_AM748572 322 (695.5)
denovo133 F4.8b_AM748590 330 (743.5)
denovo133 F4.8_AM748588 321 (744.0)
denovo133 F4.8a_AM748589 321 (744.0)
denovo133 F109_AJ291527 327 (730.5)
denovo133 F4.6_AM748586 322 (704.0)
denovo133 F111_AJ311949 315 (724.0)
denovo133 F4.3c_AM748581 316 (745.0)
denovo133 F4.3a_AM748579 315 (752.0)
denovo133 F4.3b_AM748580 316 (754.0)
denovo133 F4.3_AM748578 316 (745.0)
denovo133 F4.2_AM748574 322 (758.0)
denovo133 F4.2a_AM748575 322 (734.5)
denovo133 F4.2c_AM748577 322 (731.0)
denovo133 F4.2b_AM748576 322 (743.5)
denovo133 F2b_AJ291521 337 (699.5)
denovo133 F2_AJ830908 332 (721.5)
denovo133 F2a_AJ830911 333 (715.5)
denovo133 F3.1a_AM748566 343 (674.0)
denovo133 F114_AJ291525 343 (674.5)
denovo133 F3.1_AM748565 343 (683.5)
denovo133 F3.2_AM748567 348 (717.5)
denovo133 F3.2a_AM748568 347 (716.5)
denovo133 F3.3_AM748569 336 (695.0)
denovo133 F3.4a_AM748571 341 (647.0)
denovo133 F3.4_AM748570 331 (653.5)
denovo133 F3.4b_AM748616 331 (653.5)
denovo133 G101_AJ291539 368 (576.0)
denovo133 G1_AM748597 368 (576.0)
denovo133 G2b_JN558087 372 (570.5)
denovo133 G2_AM748598 373 (564.5)
denovo133 G2a_AM748599 373 (555.5)
denovo133 G4_AM748601 358 (608.0)
denovo133 G3.4_LK392378 356 (575.0)
denovo133 G3_AM748600 361 (579.5)
denovo133 G3.2_KC597694 355 (523.5)
denovo133 G3.1_KC597688 359 (600.0)
denovo133 G100_AB253788 360 (584.5)
denovo133 G3.3_LK392377 359 (590.5)
denovo133 H6_AJ291520 645 (322.5)
denovo133 H3_AM748606 338 (532.5)
denovo133 H2_AM748605 337 (564.5)
denovo133 H4_AM748607 336 (555.0)
denovo133 H4a_AM748608 343 (554.5)
denovo133 H5a_AM748611 341 (535.0)
denovo133 H5b_AM748610 344 (533.5)
denovo133 H5_AJ621129 341 (535.0)
denovo133 H5_AM748609 341 (535.0)
denovo133 H100_AJ291513 341 (524.0)
denovo133 H1b_AM748604 341 (519.0)
denovo133 H1a_AM748612 341 (528.0)
denovo133 H1_AJ621152 341 (528.0)
denovo133 H1_AM748602 341 (528.0)
denovo133 I3_FN561561 337 (731.0)
denovo133 I4_FN561562 337 (731.0)
denovo133 I1_FN561559 344 (724.0)
denovo133 I2_FN561560 339 (727.0)

#---------------------------------------
#---------------------------------------
