denovo41 A136_DQ865210 329 (476.0)
denovo41 A133_DQ174725 324 (484.0)
denovo41 A115_AF180123 304 (457.5)
denovo41 A117_AF201746 317 (475.0)
denovo41 A134_DQ174723 319 (480.5)
denovo41 A114_AF184941 319 (480.5)
denovo41 A135_DQ174727 320 (483.5)
denovo41 A2_AF333506 321 (474.0)
denovo41 A101_AF427468 320 (474.5)
denovo41 A2_1_JN558097 320 (474.5)
denovo41 A2_2_JN558100 320 (474.5)
denovo41 A113_AF184948 334 (469.5)
denovo41 A112_AF184949 332 (462.0)
denovo41 A123_EF378618 309 (336.5)
denovo41 A137_EF378621 323 (325.0)
denovo41 A11_EU449041 312 (499.5)
denovo41 A121_DQ174722 302 (500.5)
denovo41 A15b_EU792886 324 (454.0)
denovo41 A15a_EU792885 314 (467.0)
denovo41 A15c_EU792887 327 (459.5)
denovo41 A15_EU792884 324 (460.5)
denovo41 A147_EU074937 312 (480.0)
denovo41 A154_EU074860 312 (480.0)
denovo41 A146_EU074936 314 (476.0)
denovo41 A150_EU074928 314 (485.0)
denovo41 A116_AF183575 314 (476.0)
denovo41 A141_EU074931 314 (485.0)
denovo41 A5_AF333508 302 (500.5)
denovo41 A3b_EU449043 312 (489.0)
denovo41 A151_EU074925 312 (479.0)
denovo41 A152_EU074927 312 (471.0)
denovo41 A149_EU074929 313 (481.5)
denovo41 A140_EU074930 313 (473.5)
denovo41 A142_EU074932 312 (471.0)
denovo41 A143_EU074933 312 (489.0)
denovo41 A144_EU074934 312 (471.0)
denovo41 A145_EU074935 315 (479.0)
denovo41 A148_EU074938 312 (471.0)
denovo41 A155_EU074856 312 (471.0)
denovo41 A156_EU074859 312 (471.0)
denovo41 A139_EU074962 312 (471.0)
denovo41 A6_AF186058 312 (480.0)
denovo41 A3_AF333507 312 (480.0)
denovo41 A3_JN558091 312 (480.0)
denovo41 A8_AY258468 314 (457.5)
denovo41 A7_AY239360 314 (475.0)
denovo41 A16_EU792888 310 (481.5)
denovo41 A4.3_FN429763 309 (475.5)
denovo41 A120_AF180122 304 (479.5)
denovo41 A4.2_FN429761 307 (467.0)
denovo41 A4_AF333509 307 (494.5)
denovo41 A4.1_FN429760 306 (489.5)
denovo41 A4a_AF499778 314 (488.5)
denovo41 A4a.1_FN429762 314 (488.5)
denovo41 A138_EF378620 308 (433.0)
denovo41 A122_EF378619 306 (476.5)
denovo41 A126_EF378615 306 (471.0)
denovo41 A10_EU792882 306 (471.0)
denovo41 A9_EU449028 306 (483.5)
denovo41 A105_AB207202 308 (496.5)
denovo41 A119_AF180121 302 (489.0)
denovo41 A12_EU792883 306 (492.5)
denovo41 A104_AB207203 309 (490.0)
denovo41 A1a_EU449030 308 (497.0)
denovo41 A1.3_HE578976 315 (491.0)
denovo41 A1.4_HE578977 306 (500.0)
denovo41 A13_AF333504 308 (496.0)
denovo41 A13_JN558094 308 (496.0)
denovo41 A110_AB190282 310 (494.0)
denovo41 A103_AB207206 309 (499.0)
denovo41 A130_EF656428 308 (497.0)
denovo41 A127_EF656429 308 (505.5)
denovo41 A128_EF656430 308 (488.0)
denovo41 A129_EF656431 309 (499.5)
denovo41 A131_EF656432 306 (492.0)
denovo41 A118_AF180120 304 (488.5)
denovo41 A1_AF333505 308 (497.0)
denovo41 A107_AB207199 309 (499.0)
denovo41 A111_AB190280 309 (499.0)
denovo41 A108_AB207197 316 (478.0)
denovo41 A106_AB207200 309 (498.5)
denovo41 A102_AB207209 309 (499.0)
denovo41 A1.2_AB207210 309 (499.0)
denovo41 A109_AB190285 309 (498.5)
denovo41 B4_AF333510 318 (967.5)
denovo41 B23_EU449079 316 (989.0)
denovo41 B30_GU907644 316 (980.0)
denovo41 B11_AY239361 317 (1071.5)
denovo41 B17_AY258470 315 (1082.0)
denovo41 B1k_GU907638 266 (568.0)
denovo41 B1.V_Green2014 322 (1049.0)
denovo41 B1b_AF499780 308 (1083.0)
denovo41 B16_AY258469 315 (1100.0)
denovo41 B31a_GU907646 315 (1091.0)
denovo41 B32_GU907647 315 (1091.0)
denovo41 B31_GU907645 315 (1100.0)
denovo41 B1j_GU907637 315 (1091.0)
denovo41 B37_GU907650 317 (1089.5)
denovo41 B5a_AF499782 315 (1091.0)
denovo41 B5_AF499781 315 (1100.0)
denovo41 B24_GU907643 315 (949.5)
denovo41 B117_AF180124 313 (1004.0)
denovo41 B10_AF499787 315 (1091.0)
denovo41 B20_GU907642 317 (1093.0)
denovo41 B1m_GU907640 315 (1100.0)
denovo41 B34_GU907649 315 (1100.0)
denovo41 B1d_GU907633 315 (1109.0)
denovo41 B1e_GU907634 315 (1109.0)
denovo41 B1i_GU907636 315 (1100.0)
denovo41 B1g_GU907635 316 (1108.5)
denovo41 B123_EU074872 315 (1091.0)
denovo41 B8_AF499785 316 (1099.0)
denovo41 B1l_GU907639 315 (1109.0)
denovo41 B1a_AF499779 315 (1100.0)
denovo41 B14_AY239362 315 (1105.5)
denovo41 B125_EU074865 315 (1100.0)
denovo41 B122_EU074871 315 (1100.0)
denovo41 B124_EU074874 315 (1100.0)
denovo41 B1.VII_Green2014 315 (1030.0)
denovo41 B1.III_Green2014 315 (1028.0)
denovo41 B1.I_Green2014 315 (1109.0)
denovo41 B1.II_Green2014 315 (1109.0)
denovo41 B1_JN558057 315 (1109.0)
denovo41 B1_AF333511 315 (1109.0)
denovo41 B1.IV_Green2014 325 (1104.0)
denovo41 B121_EU074870 315 (1100.0)
denovo41 B7_AF499784 315 (1100.0)
denovo41 B1.VI_Green2014 316 (1049.5)
denovo41 B3_AF333514 315 (1005.5)
denovo41 B9_AF499786 315 (1014.5)
denovo41 B19a_JN558055 297 (921.5)
denovo41 B119_EU099825 324 (949.0)
denovo41 B21_DQ865213 311 (1025.5)
denovo41 B38_GU907651 311 (1025.5)
denovo41 B18_AY258471 315 (1032.5)
denovo41 B18a_AY258472 315 (1023.5)
denovo41 B33_GU907648 315 (1023.5)
denovo41 B6_AF499783 320 (1029.0)
denovo41 B19_DQ865212 315 (1041.5)
denovo41 B19_GU907641 315 (1041.5)
denovo41 B2_AF333512 315 (1032.5)
denovo41 B2_JN558060 315 (1032.5)
denovo41 C33.1_AY258498 334 (591.5)
denovo41 C33.2_AY765400 334 (591.5)
denovo41 C33a_EF541147 334 (591.5)
denovo41 C34_AY258499 326 (593.5)
denovo41 C78_AY765413 328 (565.0)
denovo41 C15.29_KC597690 329 (528.5)
denovo41 C1131_DQ182650 322 (544.5)
denovo41 C1135_DQ182646 316 (536.0)
denovo41 C1134_DQ182647 322 (544.5)
denovo41 C1142_DQ182635 316 (536.0)
denovo41 C1136_DQ182644 321 (530.0)
denovo41 C1111_DQ182645 321 (539.0)
denovo41 C1236_EF473656 327 (531.0)
denovo41 C1138_DQ182642 322 (543.0)
denovo41 C1137_DQ182643 321 (530.0)
denovo41 C1133_DQ182648 321 (530.0)
denovo41 C1132_DQ182649 325 (532.5)
denovo41 C1143_DQ182634 321 (539.0)
denovo41 C1139_DQ182639 325 (543.5)
denovo41 C15.28_KC597687 325 (597.5)
denovo41 C1141_DQ182636 325 (561.5)
denovo41 C1144_DQ182637 325 (561.5)
denovo41 C1122_DQ182654 325 (554.5)
denovo41 C1127_DQ182652 325 (570.5)
denovo41 C15.30_JX394114 323 (574.0)
denovo41 C15.26_KC597686 318 (568.0)
denovo41 C1086_DQ182656 327 (568.5)
denovo41 C15.25_KC597685 327 (577.5)
denovo41 C1118_AF180127 317 (552.0)
denovo41 C1129_DQ182651 323 (538.0)
denovo41 C15.21_KC597683 327 (550.5)
denovo41 C56_AY589760 323 (573.5)
denovo41 C1140_DQ182638 327 (541.5)
denovo41 C1126_DQ182653 327 (541.5)
denovo41 C15c_AY258492 327 (577.5)
denovo41 C15d_AY258493 321 (585.5)
denovo41 C1098_DQ182641 316 (578.0)
denovo41 C15.27_KC597689 323 (574.0)
denovo41 C15.18_HE579024 326 (565.5)
denovo41 C15.16_HE579022 332 (592.0)
denovo41 C1101_AB253787 327 (559.5)
denovo41 C1083_AY237300 327 (568.5)
denovo41 C1088_DQ182640 328 (571.0)
denovo41 C15.6_FN563472 327 (568.5)
denovo41 C15.5_FJ461512 327 (560.0)
denovo41 C15.4_FJ461511 327 (569.0)
denovo41 C15.13_HE579019 327 (559.5)
denovo41 C15.12_HE579018 327 (568.5)
denovo41 C93a_AM748563 322 (589.0)
denovo41 C1094_AJ291514 322 (571.0)
denovo41 C93_AM748562 322 (580.0)
denovo41 C15.17_HE579023 329 (559.0)
denovo41 C15e_AY589742 327 (581.0)
denovo41 C15.22_KC597695 327 (569.0)
denovo41 C60_AY589764 327 (577.5)
denovo41 C15.1_FJ461508 327 (568.5)
denovo41 C15.2_FJ461509 327 (568.5)
denovo41 C15.9_FN563475 327 (586.0)
denovo41 C15.7_HE579015 319 (580.0)
denovo41 C15.8_HE579016 327 (568.5)
denovo41 C15.15_HE579021 327 (568.5)
denovo41 C15.19_HE579025 327 (577.5)
denovo41 C15.24_KC597696 327 (562.0)
denovo41 C15.3_FJ461510 327 (569.0)
denovo41 C1087_DQ182655 327 (577.5)
denovo41 C15.14_HE579020 328 (576.5)
denovo41 C15.23_KC597697 328 (576.5)
denovo41 C19_AY258479 326 (587.0)
denovo41 C1233_EU118166 327 (571.0)
denovo41 C15b_AY258491 327 (568.5)
denovo41 C15a_AY258476 327 (578.0)
denovo41 C1051_AF195153 327 (586.5)
denovo41 C2_AF333518 328 (585.5)
denovo41 C15.20_HE579026 328 (577.0)
denovo41 C15f_AY589743 322 (577.0)
denovo41 C55_AY589759 331 (575.5)
denovo41 C15_AY239369 327 (577.5)
denovo41 C32.1_JF683335 326 (544.5)
denovo41 C32.2_JF683336 320 (553.0)
denovo41 C21.23_KC597693 320 (553.0)
denovo41 C1193_EU099827 333 (565.0)
denovo41 C1195_EU099821 326 (564.5)
denovo41 C3q_GU907655 328 (562.5)
denovo41 C53_AY589758 326 (582.0)
denovo41 C73_AY765408 331 (560.5)
denovo41 C17.2.1_KC597684 323 (533.5)
denovo41 C32_AY258497 330 (554.5)
denovo41 C1189_EU099831 318 (547.5)
denovo41 C1191_EU099833 317 (554.0)
denovo41 C1196_EU099819 319 (552.5)
denovo41 C1192_EU099820 319 (550.0)
denovo41 C17.1_JF683322 326 (552.0)
denovo41 C26_b2_FN827164 332 (557.5)
denovo41 C26_b3_FN827165 328 (539.5)
denovo41 C31.9_HQ630879 325 (538.5)
denovo41 C31a_AY589746 325 (537.5)
denovo41 C30_AY589745 325 (544.0)
denovo41 C31.1_HQ630876 324 (551.5)
denovo41 C31.5_HQ630877 322 (545.5)
denovo41 C31.6_HQ630878 325 (544.0)
denovo41 C31.2_JF683332 325 (544.0)
denovo41 C31.3_JF683333 325 (544.0)
denovo41 C26/C35a_AY239378 328 (548.5)
denovo41 C35a_AY258501 328 (548.5)
denovo41 C35.2_AY258500 328 (555.0)
denovo41 C26_b1_FN827163 328 (555.0)
denovo41 C17_AY239370 320 (552.0)
denovo41 C17.2_FJ461513 325 (551.0)
denovo41 C31.10_HQ630880 325 (547.5)
denovo41 C31.4_JF683334 329 (532.5)
denovo41 C31_AY258496 325 (544.0)
denovo41 C25_AY239377 326 (587.0)
denovo41 C61_AY589765 325 (538.5)
denovo41 C1043_DQ072721 320 (550.0)
denovo41 C79_AY765414 322 (577.0)
denovo41 C69_AY589773 311 (591.0)
denovo41 C69a_AY686648 311 (584.5)
denovo41 C21.22_KC597692 319 (550.0)
denovo41 C51_AY589756 321 (567.5)
denovo41 C1aa_HM185739 317 (601.0)
denovo41 C1096_DQ068023 332 (562.5)
denovo41 C74_AY765409 329 (580.0)
denovo41 C1185_AB294629 331 (576.5)
denovo41 C1184_AB294630 331 (576.5)
denovo41 C1153_AB294625 331 (576.5)
denovo41 C1154_AB294626 330 (592.0)
denovo41 C1187_AB294627 331 (576.5)
denovo41 C1186_AB294628 331 (576.5)
denovo41 C57_AY589761 331 (585.5)
denovo41 C66_AY589771 331 (585.5)
denovo41 C5_AF499795 327 (568.5)
denovo41 C1167_AB294586 327 (577.0)
denovo41 C1164_AB294593 327 (568.5)
denovo41 C1183_AB294631 327 (586.5)
denovo41 C1067_DQ335381 320 (582.0)
denovo41 C1159_AB294613 328 (576.5)
denovo41 C1150_AB294622 328 (585.5)
denovo41 C90_AM748554 328 (591.5)
denovo41 C1168_AB294583 319 (588.0)
denovo41 C1156_AB294616 319 (606.0)
denovo41 C1151_AB294621 327 (595.5)
denovo41 C92a_AM748561 319 (606.0)
denovo41 C92_AM748560 319 (597.0)
denovo41 C1165_AB294581 325 (580.5)
denovo41 C1166_AB294584 327 (595.5)
denovo41 C1162_AB294594 326 (583.0)
denovo41 C1163_AB294596 327 (586.5)
denovo41 C1161_AB294606 327 (586.5)
denovo41 C1160_AB294608 328 (588.5)
denovo41 C1158_AB294614 327 (595.5)
denovo41 C1155_AB294617 327 (577.5)
denovo41 C1149_AB294620 327 (586.5)
denovo41 C1173_AB294662 319 (587.5)
denovo41 C1171_AB294663 327 (577.5)
denovo41 C1172_AB294665 327 (577.5)
denovo41 C91a_AM748556 327 (595.5)
denovo41 C91b_AM748557 327 (586.5)
denovo41 C91d_AM748559 326 (584.0)
denovo41 C91c_AM748558 326 (584.0)
denovo41 C91_AJ621543 327 (586.5)
denovo41 C91_AM748555 327 (586.5)
denovo41 C1023_DQ335330 283 (596.0)
denovo41 C1020_DQ335392 324 (575.5)
denovo41 C1018_DQ335408 320 (582.0)
denovo41 C1074_DQ335329 320 (573.0)
denovo41 C1030_DQ335353 320 (573.0)
denovo41 C1022_DQ335331 320 (573.0)
denovo41 C1027_DQ335360 320 (591.0)
denovo41 C1072_DQ335344 320 (573.0)
denovo41 C1039_AB190274 320 (582.0)
denovo41 C1033_DQ335350 325 (570.0)
denovo41 C1019_DQ335407 320 (582.0)
denovo41 C1194_EU099826 320 (567.0)
denovo41 C8b_AY258475 318 (562.5)
denovo41 C8_AY239367 320 (573.0)
denovo41 C8a_AY239368 322 (569.0)
denovo41 C54a_AY765406 320 (593.5)
denovo41 C3ff_HM185740 320 (602.5)
denovo41 C59_AY589763 322 (571.5)
denovo41 C3k_AY589737 322 (581.5)
denovo41 C3.24_HE579012 322 (590.5)
denovo41 C3.23_HE579011 322 (581.5)
denovo41 C35.1_AY765401 327 (593.0)
denovo41 C35.3_EF541145 320 (591.0)
denovo41 C76_AY765411 326 (582.5)
denovo41 C1107_DQ335359 321 (562.5)
denovo41 C3.22_HE579010 323 (565.0)
denovo41 C77_AY765412 326 (572.0)
denovo41 C20_AY239371 318 (585.5)
denovo41 C1055_DQ480640 318 (572.0)
denovo41 C27/C30_AY239379 320 (557.5)
denovo41 C27.1_FJ461517 320 (548.5)
denovo41 C40a_AY589747 322 (588.0)
denovo41 C40_AY258485 322 (588.0)
denovo41 C40b_AY589748 324 (588.0)
denovo41 C16_AY258477 320 (582.0)
denovo41 C16a_AY765399 320 (582.0)
denovo41 C1091_AB207186 326 (582.5)
denovo41 C1102_DQ335400 327 (566.5)
denovo41 C1069_DQ335375 318 (586.0)
denovo41 C1073_DQ335332 320 (582.0)
denovo41 C1066_DQ335382 319 (580.0)
denovo41 C1031_DQ335352 331 (588.0)
denovo41 C1026_DQ335366 325 (587.5)
denovo41 C70_AY589774 326 (591.5)
denovo41 C1082_AB190267 326 (582.5)
denovo41 C1078_AB190271 325 (588.0)
denovo41 C1090_AB207191 326 (582.5)
denovo41 C1071_DQ335302 326 (582.5)
denovo41 C1075_DQ335328 326 (582.5)
denovo41 C1068_DQ335379 326 (573.5)
denovo41 C1064_DQ335395 326 (573.5)
denovo41 C1063_DQ335403 326 (591.5)
denovo41 C62_AY589766 326 (582.5)
denovo41 C1077_DQ335316 327 (582.0)
denovo41 C1109_DQ335338 326 (573.5)
denovo41 C1110_DQ335340 326 (564.5)
denovo41 C1106_DQ335339 326 (564.5)
denovo41 C1112_DQ335319 326 (573.5)
denovo41 C1108_DQ335351 326 (564.5)
denovo41 C1105_DQ335394 326 (573.5)
denovo41 C1121_DQ335378 333 (575.0)
denovo41 C1116_AB190268 333 (584.0)
denovo41 C1115_AB190273 333 (584.0)
denovo41 C1124_DQ335323 326 (564.0)
denovo41 C1120_DQ335398 326 (573.0)
denovo41 C1119_DQ335404 326 (573.0)
denovo41 C1123_DQ335363 326 (573.0)
denovo41 C1004_DQ480635 319 (580.0)
denovo41 C1061_AY186568 320 (573.5)
denovo41 C1053_AY186569 320 (582.5)
denovo41 C1003_DQ480639 320 (582.5)
denovo41 C81_GU907657 310 (569.5)
denovo41 C22_AY239373 316 (588.0)
denovo41 C22a_AY239374 314 (591.5)
denovo41 C1232_EU118163 326 (583.5)
denovo41 C21.13_FJ461515 320 (534.0)
denovo41 C21.1_JF683323 321 (554.0)
denovo41 C21.3_JF683325 319 (568.5)
denovo41 C1.20_HE578993 320 (582.0)
denovo41 C1.22_HE578995 320 (573.0)
denovo41 C52_AY589757 326 (578.0)
denovo41 C1201_EU099793 321 (554.5)
denovo41 C14_AY589741 326 (579.0)
denovo41 C43_AY589749 326 (585.0)
denovo41 C50_AY589755 320 (582.0)
denovo41 C3.14_HQ630872 325 (587.5)
denovo41 C1m_AY765398 326 (583.0)
denovo41 C82_GU907658 334 (588.0)
denovo41 C82b_GU907660 334 (588.0)
denovo41 C64_AY589768 325 (589.5)
denovo41 C45a_AY765404 321 (595.0)
denovo41 C48_AY589753 327 (598.5)
denovo41 C1_v1b_FJ919244 318 (577.0)
denovo41 C1_v1a_FJ919243 320 (582.0)
denovo41 C3j_AY239366 320 (573.0)
denovo41 C3t_EF541149 323 (599.0)
denovo41 C9_AF499798 325 (589.0)
denovo41 C23_AY239375 320 (609.0)
denovo41 C37_AY258481 324 (593.0)
denovo41 C1048_DQ068026 320 (582.0)
denovo41 C21.4_JF683326 321 (554.0)
denovo41 C21.5_JF683327 321 (554.0)
denovo41 C1070_DQ335349 320 (591.0)
denovo41 C21.6_HQ630873 320 (570.0)
denovo41 C1224_EU074890 320 (591.0)
denovo41 C1.17_HE578990 320 (591.0)
denovo41 C21_b1_FN827162 322 (557.0)
denovo41 C21.9_JF683330 322 (566.0)
denovo41 C1085_AY624605 326 (582.5)
denovo41 C3p_GU907654 320 (567.0)
denovo41 C3f_AY589734 320 (591.0)
denovo41 C65a_AY589770 320 (593.5)
denovo41 C65_AY589769 320 (600.0)
denovo41 C71_AY589775 320 (591.0)
denovo41 C71a_AY589776 320 (582.5)
denovo41 C1178_AB294647 326 (576.0)
denovo41 C1225_EU074893 320 (600.0)
denovo41 C75_AY765410 320 (591.5)
denovo41 C21.10_JF683331 327 (557.0)
denovo41 C21.11_HQ630874 327 (557.0)
denovo41 C1065_DQ335388 320 (591.0)
denovo41 C1045_DQ068036 320 (600.0)
denovo41 C1h_AY258473 322 (587.5)
denovo41 C38_AY258482 322 (578.5)
denovo41 C1202_EU099799 322 (578.5)
denovo41 C7_AF499797 322 (587.5)
denovo41 C12_AF499801 324 (577.0)
denovo41 C38a_AY258483 328 (594.0)
denovo41 C1200_EU099800 317 (591.0)
denovo41 C44a_AY589751 319 (589.5)
denovo41 C47_AY589752 327 (587.0)
denovo41 C44_AY589750 319 (589.0)
denovo41 C1.15_HE578988 320 (582.0)
denovo41 C45.3_FJ461522 320 (582.0)
denovo41 C46a_AY765405 319 (580.5)
denovo41 C46_EU449108 319 (589.5)
denovo41 C3.12_FJ461507 320 (591.0)
denovo41 C1k_AY589733 320 (582.0)
denovo41 C67_AY686647 320 (600.0)
denovo41 C82a_GU907659 326 (591.5)
denovo41 C10a_AY589739 326 (582.5)
denovo41 C10_AF499799 320 (591.0)
denovo41 C13_AY589740 322 (594.0)
denovo41 C4_AF499794 320 (582.0)
denovo41 C1147_EF656433 320 (600.0)
denovo41 C1c/C45_AY239364 320 (591.0)
denovo41 C1c/C45_EU449103 320 (591.0)
denovo41 C21.19_HE579031 320 (561.0)
denovo41 C21.21_HE579033 319 (550.0)
denovo41 C21.20_HE579032 319 (559.0)
denovo41 C42b_AY765403 320 (584.5)
denovo41 C42_AY258487 320 (593.5)
denovo41 C1p_GU907652 320 (584.5)
denovo41 C1d_AY258488 320 (584.5)
denovo41 C42_AY765402 320 (584.5)
denovo41 C3ha_AY589736 323 (560.0)
denovo41 C63a_AY589767 324 (558.5)
denovo41 C21a_AY589744 320 (561.0)
denovo41 C3o_GU907653 320 (561.5)
denovo41 C21.16_HQ630875 319 (559.0)
denovo41 C21.2_JF683324 320 (561.0)
denovo41 C21.7_JF683328 320 (561.0)
denovo41 C21.8_JF683329 320 (561.0)
denovo41 C3h_AY239365 320 (552.0)
denovo41 C1203_EU099798 320 (552.0)
denovo41 C3.10_FJ461505 320 (600.0)
denovo41 C21.14_FJ461516 320 (570.0)
denovo41 C21.18_HE579030 323 (558.0)
denovo41 C3.17_HE579005 320 (582.0)
denovo41 C3.9_FJ461504 319 (586.0)
denovo41 C3.8_FJ461503 319 (598.0)
denovo41 C3.7_FJ461502 320 (582.0)
denovo41 C3.11_FJ461506 327 (593.5)
denovo41 C3.18_HE579006 320 (582.0)
denovo41 C3.19_HE579007 320 (582.0)
denovo41 C3.20_HE579008 320 (582.0)
denovo41 C3g_AY589735 323 (574.0)
denovo41 C3a_AF499790 317 (593.0)
denovo41 C3e_AF499793 320 (582.0)
denovo41 C6_AF499796 327 (602.0)
denovo41 C11_AF499800 320 (591.0)
denovo41 C36_AY258480 320 (600.0)
denovo41 C29_AY258494 327 (595.5)
denovo41 C1146_EF656434 327 (587.0)
denovo41 C1190_EU099841 320 (600.0)
denovo41 C131_JF320826 320 (590.5)
denovo41 C28_AY239380 329 (592.5)
denovo41 C1012_DQ480604 320 (590.5)
denovo41 C1181_AB294640 320 (567.0)
denovo41 C1180_AB294641 320 (585.0)
denovo41 C1179_AB294645 321 (577.5)
denovo41 C1176_AB294651 317 (578.0)
denovo41 C1175_AB294653 320 (567.0)
denovo41 C1174_AB294655 327 (572.0)
denovo41 C1177_AB294659 320 (576.0)
denovo41 C1040_AB190269 320 (591.0)
denovo41 C1182_AB294649 320 (582.0)
denovo41 C1089_AJ278598 320 (582.0)
denovo41 C1028_DQ335357 327 (593.0)
denovo41 C3.16_EU786015 320 (600.0)
denovo41 C1097_AJ311943 320 (579.0)
denovo41 C1170_AB294661 320 (576.0)
denovo41 C21.17_HE579029 320 (572.0)
denovo41 C21/3d/C3k_AY239372 320 (561.0)
denovo41 C58_AY589762 320 (557.5)
denovo41 C3L_AY589738 329 (588.5)
denovo41 C1169_AB294660 320 (576.0)
denovo41 C3.2_FJ461497 320 (585.0)
denovo41 C3.1_JF683321 319 (591.5)
denovo41 C1104_AF427469 320 (596.5)
denovo41 C3b_AF499791 320 (594.0)
denovo41 C83_GU907661 322 (590.0)
denovo41 C49_AY589754 361 (588.5)
denovo41 C3_AB778606 320 (591.0)
denovo41 C3_AF499789 320 (591.0)
denovo41 C3_HE579001 320 (591.0)
denovo41 C21.12_FJ461514 320 (543.0)
denovo41 C1229_EU074888 309 (582.5)
denovo41 C1230_EU074889 309 (591.5)
denovo41 C1114_AB207196 320 (573.0)
denovo41 C3.21_HE579009 319 (527.5)
denovo41 C1057_DQ480619 320 (582.0)
denovo41 C72_AY765407 313 (580.5)
denovo41 C1b.3_HE578999 320 (576.0)
denovo41 C93_AJ621536 320 (582.0)
denovo41 C94_AJ621539 320 (582.0)
denovo41 C1g_AY589730 320 (600.0)
denovo41 C1i_AY589731 325 (589.5)
denovo41 C1j_AY589732 327 (593.0)
denovo41 C1005_DQ480633 320 (582.0)
denovo41 C1.7_FJ461494 320 (582.0)
denovo41 C1.11_HE578984 320 (591.0)
denovo41 C1.12_HE578985 327 (586.5)
denovo41 C1.13_HE578986 320 (591.0)
denovo41 C1.14_HE578987 320 (591.0)
denovo41 C1.18_HE578991 320 (582.0)
denovo41 C1.19_HE578992 320 (582.0)
denovo41 C1199_EU099802 319 (583.5)
denovo41 C1188_EU099838 319 (589.0)
denovo41 C1002_DQ838544 319 (589.0)
denovo41 C1198_EU099810 320 (582.0)
denovo41 C24_AY239376 320 (582.0)
denovo41 C1f_AY258490 320 (591.0)
denovo41 C1006_DQ480629 318 (595.0)
denovo41 C1010_DQ480607 320 (582.0)
denovo41 C1007_DQ480624 320 (582.0)
denovo41 C1011_DQ480605 319 (596.5)
denovo41 C1009_DQ480608 319 (589.5)
denovo41 C1041_AY186548 320 (591.0)
denovo41 C1052_AY186570 320 (582.0)
denovo41 C1148_EU040178 319 (589.0)
denovo41 C1234_EU118165 319 (594.5)
denovo41 C1.5_EF634157 320 (591.5)
denovo41 C1059_DQ480609 320 (582.0)
denovo41 C1228_EU074883 327 (596.0)
denovo41 C1208_EU074963 320 (582.0)
denovo41 C1207_EU074964 320 (591.0)
denovo41 C1206_EU074965 320 (582.0)
denovo41 C1013_DQ480642 320 (582.0)
denovo41 C80_GU907656 330 (585.0)
denovo41 C1a_AF499788 319 (589.0)
denovo41 C41_AY258486 320 (591.0)
denovo41 C39_AY258484 307 (592.5)
denovo41 C1231_EU074878 320 (582.0)
denovo41 C1b.1_HE578997 320 (576.0)
denovo41 C18_AY258478 319 (589.5)
denovo41 C1.10_HE578983 312 (602.0)
denovo41 C1_JN558041 320 (591.0)
denovo41 C1_HE578979 320 (591.0)
denovo41 C1_AM748551 320 (591.0)
denovo41 C1_AF333515 320 (591.0)
denovo41 C1054_AY186565 326 (590.5)
denovo41 C1008_DQ480613 320 (582.0)
denovo41 C1103_AF427470 320 (596.5)
denovo41 C1226_EU074881 320 (596.5)
denovo41 C1b/C1e_AY239363 320 (585.0)
denovo41 C1044_DQ068038 320 (576.0)
denovo41 C1017_DQ174729 321 (575.0)
denovo41 C1.6_FJ461493 320 (600.0)
denovo41 C1b.2_HE578998 321 (578.0)
denovo41 C1060_DQ480600 320 (582.0)
denovo41 C1227_EU074882 320 (582.0)
denovo41 C1197_EU099814 320 (582.0)
denovo41 C1130_DQ480643 320 (499.0)
denovo41 D109_AB097465 339 (428.5)
denovo41 D1.11_HE579040 339 (439.5)
denovo41 D105_AF174570 323 (435.5)
denovo41 D104_AF174572 340 (433.5)
denovo41 D1.3_JF683337 339 (438.5)
denovo41 D1.10_HE579039 339 (439.5)
denovo41 D110_AF174561 339 (439.5)
denovo41 D117_AF174542 339 (430.5)
denovo41 D114_AF174549 339 (439.5)
denovo41 D113_AF174557 328 (433.5)
denovo41 D112_AF174558 339 (430.5)
denovo41 D106_AF174559 336 (439.0)
denovo41 D111_AF174560 339 (439.5)
denovo41 D115_AF174562 339 (430.5)
denovo41 D107_AF174568 338 (445.5)
denovo41 D116_AF174571 339 (448.5)
denovo41 D124_EU074897 334 (434.0)
denovo41 D1.8_HE579037 339 (439.5)
denovo41 D3_AY686650 339 (439.5)
denovo41 D1.6_HQ630881 339 (430.5)
denovo41 D120_EU074900 339 (421.5)
denovo41 D121_EU074904 339 (439.5)
denovo41 D122_EU074905 332 (435.5)
denovo41 D1a.2_JF683339 341 (429.5)
denovo41 D1a.1_JF683338 339 (430.5)
denovo41 D2_AY686649 583 (503.5)
denovo41 D4_DQ865214 340 (430.0)
denovo41 D1a_AF499802 339 (430.5)
denovo41 D1a_JN558078 339 (430.5)
denovo41 D123_EU074895 339 (439.5)
denovo41 D108_AF174567 341 (437.0)
denovo41 D103_AF174575 345 (431.0)
denovo41 D100_AF411415 343 (434.0)
denovo41 D118_EF656435 345 (430.5)
denovo41 D101_AF411416 343 (419.0)
denovo41 D119_EU099832 339 (431.5)
denovo41 D102_AF174573 338 (440.0)
denovo41 D1_AF334660 339 (439.5)
denovo41 D1_JN558076 339 (439.5)
denovo41 D1.12_HE579041 321 (442.5)
denovo41 D1.1_AM748564 410 (441.0)
denovo41 D1.2_AM748617 429 (454.0)
denovo41 E111_EU074915 331 (462.0)
denovo41 E110_EU074914 335 (456.5)
denovo41 E114_EU074909 336 (441.0)
denovo41 E1_AF334659 336 (446.5)
denovo41 E105_EU074921 335 (456.5)
denovo41 E112_EU074916 335 (438.5)
denovo41 E104_EU074922 337 (444.5)
denovo41 E102_EU074924 335 (438.5)
denovo41 E103_EU074923 335 (447.5)
denovo41 E101_AY160123 340 (422.5)
denovo41 E109_EU074913 326 (466.5)
denovo41 E100_DQ011618 329 (474.0)
denovo41 E108_EU074912 332 (464.5)
denovo41 E113_EU074908 328 (474.5)
denovo41 E107_EU074910 332 (464.5)
denovo41 F1_JN558066 323 (600.5)
denovo41 F5.2d_AJ291530 326 (637.0)
denovo41 F104_AJ291531 326 (637.0)
denovo41 F5.2c_AM748596 326 (628.0)
denovo41 F5.2_AM748594 326 (628.5)
denovo41 F5.2a_AM748614 326 (628.5)
denovo41 F5.2b_AM748595 326 (637.0)
denovo41 F5.2e_AJ291533 327 (614.5)
denovo41 F5.2g_JN558072 327 (639.5)
denovo41 F5.2f_AJ291512 326 (618.5)
denovo41 F102_AJ291534 326 (627.5)
denovo41 F5.1c_AM748593 327 (649.5)
denovo41 F5.1d_JN558069 328 (623.5)
denovo41 F5.1b_AJ291535 329 (636.5)
denovo41 F5.1_AM748592 327 (639.5)
denovo41 F5.1a_AM748591 327 (639.5)
denovo41 F110_AJ291526 311 (676.5)
denovo41 F4.7_AM748587 311 (662.0)
denovo41 F4.5_AM748585 315 (660.5)
denovo41 F4.4a_AM748583 311 (677.5)
denovo41 F4.4_AM748582 307 (688.0)
denovo41 F4.4b_AM748584 306 (685.0)
denovo41 F4.1a_AM748573 313 (624.5)
denovo41 F112_AJ291528 312 (626.0)
denovo41 F4.1_AM748572 312 (626.0)
denovo41 F4.8b_AM748590 314 (673.5)
denovo41 F4.8_AM748588 314 (664.5)
denovo41 F4.8a_AM748589 314 (664.5)
denovo41 F109_AJ291527 314 (673.5)
denovo41 F4.6_AM748586 310 (637.5)
denovo41 F111_AJ311949 312 (670.0)
denovo41 F4.3c_AM748581 311 (661.5)
denovo41 F4.3a_AM748579 312 (667.5)
denovo41 F4.3b_AM748580 311 (662.0)
denovo41 F4.3_AM748578 313 (660.5)
denovo41 F4.2_AM748574 312 (670.5)
denovo41 F4.2a_AM748575 310 (668.0)
denovo41 F4.2c_AM748577 310 (664.5)
denovo41 F4.2b_AM748576 310 (677.0)
denovo41 F2b_AJ291521 328 (633.5)
denovo41 F2_AJ830908 325 (652.5)
denovo41 F2a_AJ830911 323 (655.0)
denovo41 F3.1a_AM748566 333 (606.0)
denovo41 F114_AJ291525 333 (615.5)
denovo41 F3.1_AM748565 333 (615.5)
denovo41 F3.2_AM748567 331 (636.5)
denovo41 F3.2a_AM748568 326 (648.5)
denovo41 F3.3_AM748569 325 (641.0)
denovo41 F3.4a_AM748571 324 (602.5)
denovo41 F3.4_AM748570 324 (602.5)
denovo41 F3.4b_AM748616 324 (611.5)
denovo41 G101_AJ291539 344 (462.5)
denovo41 G1_AM748597 344 (462.5)
denovo41 G2b_JN558087 345 (450.0)
denovo41 G2_AM748598 345 (450.0)
denovo41 G2a_AM748599 342 (449.0)
denovo41 G4_AM748601 344 (479.0)
denovo41 G3.4_LK392378 341 (453.5)
denovo41 G3_AM748600 336 (473.5)
denovo41 G3.2_KC597694 323 (404.5)
denovo41 G3.1_KC597688 337 (443.0)
denovo41 G100_AB253788 337 (441.5)
denovo41 G3.3_LK392377 340 (442.5)
denovo41 H6_AJ291520 628 (286.5)
denovo41 H3_AM748606 322 (475.0)
denovo41 H2_AM748605 327 (513.5)
denovo41 H4_AM748607 335 (487.0)
denovo41 H4a_AM748608 336 (486.0)
denovo41 H5a_AM748611 324 (483.5)
denovo41 H5b_AM748610 327 (481.5)
denovo41 H5_AJ621129 325 (485.5)
denovo41 H5_AM748609 325 (485.5)
denovo41 H100_AJ291513 333 (470.0)
denovo41 H1b_AM748604 333 (465.0)
denovo41 H1a_AM748612 331 (476.5)
denovo41 H1_AJ621152 333 (474.0)
denovo41 H1_AM748602 333 (474.0)
denovo41 I3_FN561561 336 (629.5)
denovo41 I4_FN561562 342 (637.5)
denovo41 I1_FN561559 344 (643.0)
denovo41 I2_FN561560 347 (634.5)

#---------------------------------------
#---------------------------------------
