denovo143 A136_DQ865210 335 (491.5)
denovo143 A133_DQ174725 322 (505.0)
denovo143 A115_AF180123 340 (466.5)
denovo143 A117_AF201746 338 (521.0)
denovo143 A134_DQ174723 337 (526.5)
denovo143 A114_AF184941 338 (521.0)
denovo143 A135_DQ174727 346 (508.0)
denovo143 A2_AF333506 346 (531.5)
denovo143 A101_AF427468 346 (517.0)
denovo143 A2_1_JN558097 346 (517.0)
denovo143 A2_2_JN558100 346 (517.0)
denovo143 A113_AF184948 337 (504.0)
denovo143 A112_AF184949 338 (515.0)
denovo143 A123_EF378618 334 (382.5)
denovo143 A137_EF378621 338 (376.5)
denovo143 A11_EU449041 326 (523.5)
denovo143 A121_DQ174722 333 (509.5)
denovo143 A15b_EU792886 327 (496.0)
denovo143 A15a_EU792885 327 (505.5)
denovo143 A15c_EU792887 327 (506.0)
denovo143 A15_EU792884 327 (505.0)
denovo143 A147_EU074937 332 (518.0)
denovo143 A154_EU074860 332 (500.0)
denovo143 A146_EU074936 335 (517.0)
denovo143 A150_EU074928 335 (526.0)
denovo143 A116_AF183575 323 (529.0)
denovo143 A141_EU074931 335 (526.0)
denovo143 A5_AF333508 329 (534.5)
denovo143 A3b_EU449043 330 (522.0)
denovo143 A151_EU074925 333 (512.0)
denovo143 A152_EU074927 333 (512.0)
denovo143 A149_EU074929 332 (509.0)
denovo143 A140_EU074930 332 (509.0)
denovo143 A142_EU074932 332 (509.0)
denovo143 A143_EU074933 326 (518.0)
denovo143 A144_EU074934 332 (518.0)
denovo143 A145_EU074935 332 (527.0)
denovo143 A148_EU074938 335 (518.5)
denovo143 A155_EU074856 332 (518.0)
denovo143 A156_EU074859 332 (509.0)
denovo143 A139_EU074962 332 (509.0)
denovo143 A6_AF186058 332 (518.0)
denovo143 A3_AF333507 332 (518.0)
denovo143 A3_JN558091 332 (518.0)
denovo143 A8_AY258468 328 (516.5)
denovo143 A7_AY239360 321 (521.5)
denovo143 A16_EU792888 324 (522.5)
denovo143 A4.3_FN429763 341 (524.5)
denovo143 A120_AF180122 337 (523.0)
denovo143 A4.2_FN429761 339 (526.0)
denovo143 A4_AF333509 339 (545.0)
denovo143 A4.1_FN429760 338 (540.0)
denovo143 A4a_AF499778 339 (536.0)
denovo143 A4a.1_FN429762 339 (536.0)
denovo143 A138_EF378620 332 (512.0)
denovo143 A122_EF378619 332 (543.0)
denovo143 A126_EF378615 331 (544.0)
denovo143 A10_EU792882 331 (544.0)
denovo143 A9_EU449028 335 (533.0)
denovo143 A105_AB207202 334 (530.0)
denovo143 A119_AF180121 322 (537.5)
denovo143 A12_EU792883 333 (545.0)
denovo143 A104_AB207203 333 (544.0)
denovo143 A1a_EU449030 340 (539.0)
denovo143 A1.3_HE578976 335 (533.0)
denovo143 A1.4_HE578977 337 (538.5)
denovo143 A13_AF333504 335 (551.0)
denovo143 A13_JN558094 335 (551.0)
denovo143 A110_AB190282 339 (535.5)
denovo143 A103_AB207206 335 (542.0)
denovo143 A130_EF656428 335 (533.0)
denovo143 A127_EF656429 333 (545.0)
denovo143 A128_EF656430 335 (542.0)
denovo143 A129_EF656431 335 (533.0)
denovo143 A131_EF656432 335 (542.0)
denovo143 A118_AF180120 330 (529.5)
denovo143 A1_AF333505 335 (542.0)
denovo143 A107_AB207199 333 (545.0)
denovo143 A111_AB190280 333 (545.0)
denovo143 A108_AB207197 334 (514.0)
denovo143 A106_AB207200 332 (539.5)
denovo143 A102_AB207209 334 (538.0)
denovo143 A1.2_AB207210 334 (538.0)
denovo143 A109_AB190285 334 (547.0)
denovo143 B4_AF333510 318 (687.0)
denovo143 B23_EU449079 325 (587.5)
denovo143 B30_GU907644 336 (583.5)
denovo143 B11_AY239361 332 (624.5)
denovo143 B17_AY258470 336 (616.0)
denovo143 B1k_GU907638 301 (320.5)
denovo143 B1.V_Green2014 330 (583.5)
denovo143 B1b_AF499780 324 (613.0)
denovo143 B16_AY258469 325 (613.0)
denovo143 B31a_GU907646 330 (618.0)
denovo143 B32_GU907647 330 (618.0)
denovo143 B31_GU907645 330 (627.0)
denovo143 B1j_GU907637 330 (636.0)
denovo143 B37_GU907650 339 (628.0)
denovo143 B5a_AF499782 329 (615.5)
denovo143 B5_AF499781 329 (624.5)
denovo143 B24_GU907643 331 (505.0)
denovo143 B117_AF180124 331 (611.5)
denovo143 B10_AF499787 329 (624.5)
denovo143 B20_GU907642 330 (623.0)
denovo143 B1m_GU907640 330 (627.0)
denovo143 B34_GU907649 330 (627.0)
denovo143 B1d_GU907633 330 (627.5)
denovo143 B1e_GU907634 330 (627.5)
denovo143 B1i_GU907636 330 (627.0)
denovo143 B1g_GU907635 333 (613.5)
denovo143 B123_EU074872 330 (618.5)
denovo143 B8_AF499785 331 (617.5)
denovo143 B1l_GU907639 330 (618.0)
denovo143 B1a_AF499779 330 (627.0)
denovo143 B14_AY239362 331 (608.0)
denovo143 B125_EU074865 330 (618.0)
denovo143 B122_EU074871 330 (627.0)
denovo143 B124_EU074874 330 (618.0)
denovo143 B1.VII_Green2014 330 (548.0)
denovo143 B1.III_Green2014 327 (599.5)
denovo143 B1.I_Green2014 330 (627.0)
denovo143 B1.II_Green2014 330 (627.0)
denovo143 B1_JN558057 330 (627.0)
denovo143 B1_AF333511 330 (627.0)
denovo143 B1.IV_Green2014 341 (625.5)
denovo143 B121_EU074870 331 (629.0)
denovo143 B7_AF499784 330 (636.0)
denovo143 B1.VI_Green2014 326 (625.0)
denovo143 B3_AF333514 329 (629.0)
denovo143 B9_AF499786 325 (617.0)
denovo143 B19a_JN558055 322 (581.5)
denovo143 B119_EU099825 331 (588.5)
denovo143 B21_DQ865213 322 (605.0)
denovo143 B38_GU907651 322 (605.0)
denovo143 B18_AY258471 329 (620.0)
denovo143 B18a_AY258472 329 (620.0)
denovo143 B33_GU907648 325 (616.5)
denovo143 B6_AF499783 326 (619.5)
denovo143 B19_DQ865212 325 (617.5)
denovo143 B19_GU907641 325 (617.5)
denovo143 B2_AF333512 325 (626.5)
denovo143 B2_JN558060 325 (626.5)
denovo143 C33.1_AY258498 303 (1256.5)
denovo143 C33.2_AY765400 303 (1256.5)
denovo143 C33a_EF541147 303 (1256.5)
denovo143 C34_AY258499 303 (1265.5)
denovo143 C78_AY765413 303 (1229.5)
denovo143 C15.29_KC597690 305 (1243.5)
denovo143 C1131_DQ182650 303 (1192.5)
denovo143 C1135_DQ182646 303 (1183.5)
denovo143 C1134_DQ182647 303 (1183.5)
denovo143 C1142_DQ182635 303 (1192.5)
denovo143 C1136_DQ182644 303 (1154.0)
denovo143 C1111_DQ182645 303 (1154.0)
denovo143 C1236_EF473656 303 (1163.0)
denovo143 C1138_DQ182642 303 (1163.0)
denovo143 C1137_DQ182643 303 (1163.0)
denovo143 C1133_DQ182648 303 (1163.0)
denovo143 C1132_DQ182649 303 (1163.0)
denovo143 C1143_DQ182634 303 (1172.0)
denovo143 C1139_DQ182639 303 (1210.5)
denovo143 C15.28_KC597687 303 (1238.5)
denovo143 C1141_DQ182636 303 (1210.5)
denovo143 C1144_DQ182637 303 (1201.5)
denovo143 C1122_DQ182654 303 (1210.5)
denovo143 C1127_DQ182652 303 (1210.5)
denovo143 C15.30_JX394114 303 (1247.5)
denovo143 C15.26_KC597686 303 (1256.5)
denovo143 C1086_DQ182656 303 (1256.5)
denovo143 C15.25_KC597685 303 (1265.5)
denovo143 C1118_AF180127 303 (1162.5)
denovo143 C1129_DQ182651 303 (1237.5)
denovo143 C15.21_KC597683 303 (1274.5)
denovo143 C56_AY589760 303 (1265.5)
denovo143 C1140_DQ182638 303 (1237.5)
denovo143 C1126_DQ182653 303 (1228.5)
denovo143 C15c_AY258492 303 (1274.5)
denovo143 C15d_AY258493 303 (1265.5)
denovo143 C1098_DQ182641 303 (1245.0)
denovo143 C15.27_KC597689 303 (1274.5)
denovo143 C15.18_HE579024 303 (1274.5)
denovo143 C15.16_HE579022 303 (1274.5)
denovo143 C1101_AB253787 303 (1274.5)
denovo143 C1083_AY237300 303 (1274.5)
denovo143 C1088_DQ182640 303 (1274.5)
denovo143 C15.6_FN563472 303 (1283.5)
denovo143 C15.5_FJ461512 303 (1292.5)
denovo143 C15.4_FJ461511 303 (1292.5)
denovo143 C15.13_HE579019 303 (1274.5)
denovo143 C15.12_HE579018 303 (1283.5)
denovo143 C93a_AM748563 303 (1292.5)
denovo143 C1094_AJ291514 303 (1274.5)
denovo143 C93_AM748562 303 (1283.5)
denovo143 C15.17_HE579023 302 (1293.0)
denovo143 C15e_AY589742 303 (1268.5)
denovo143 C15.22_KC597695 303 (1283.5)
denovo143 C60_AY589764 303 (1283.5)
denovo143 C15.1_FJ461508 302 (1299.0)
denovo143 C15.2_FJ461509 303 (1283.5)
denovo143 C15.9_FN563475 303 (1283.5)
denovo143 C15.7_HE579015 303 (1283.5)
denovo143 C15.8_HE579016 303 (1283.5)
denovo143 C15.15_HE579021 303 (1283.5)
denovo143 C15.19_HE579025 303 (1283.5)
denovo143 C15.24_KC597696 302 (1289.5)
denovo143 C15.3_FJ461510 303 (1292.5)
denovo143 C1087_DQ182655 303 (1283.5)
denovo143 C15.14_HE579020 304 (1273.5)
denovo143 C15.23_KC597697 304 (1273.5)
denovo143 C19_AY258479 303 (1278.0)
denovo143 C1233_EU118166 303 (1283.5)
denovo143 C15b_AY258491 303 (1283.5)
denovo143 C15a_AY258476 303 (1301.5)
denovo143 C1051_AF195153 303 (1301.5)
denovo143 C2_AF333518 304 (1291.5)
denovo143 C15.20_HE579026 304 (1282.5)
denovo143 C15f_AY589743 304 (1282.5)
denovo143 C55_AY589759 307 (1281.0)
denovo143 C15_AY239369 303 (1292.5)
denovo143 C32.1_JF683335 302 (1187.5)
denovo143 C32.2_JF683336 305 (1203.5)
denovo143 C21.23_KC597693 305 (1203.5)
denovo143 C1193_EU099827 304 (1264.5)
denovo143 C1195_EU099821 311 (1243.0)
denovo143 C3q_GU907655 297 (1277.5)
denovo143 C53_AY589758 303 (1265.5)
denovo143 C73_AY765408 301 (1302.0)
denovo143 C17.2.1_KC597684 296 (1368.0)
denovo143 C32_AY258497 296 (1323.5)
denovo143 C1189_EU099831 296 (1332.5)
denovo143 C1191_EU099833 296 (1323.5)
denovo143 C1196_EU099819 296 (1332.5)
denovo143 C1192_EU099820 296 (1332.5)
denovo143 C17.1_JF683322 296 (1341.5)
denovo143 C26_b2_FN827164 296 (1347.0)
denovo143 C26_b3_FN827165 296 (1338.0)
denovo143 C31.9_HQ630879 296 (1395.0)
denovo143 C31a_AY589746 297 (1367.0)
denovo143 C30_AY589745 297 (1367.0)
denovo143 C31.1_HQ630876 297 (1367.0)
denovo143 C31.5_HQ630877 297 (1367.0)
denovo143 C31.6_HQ630878 297 (1367.0)
denovo143 C31.2_JF683332 297 (1367.0)
denovo143 C31.3_JF683333 297 (1367.0)
denovo143 C26/C35a_AY239378 296 (1347.0)
denovo143 C35a_AY258501 296 (1347.0)
denovo143 C35.2_AY258500 296 (1356.0)
denovo143 C26_b1_FN827163 296 (1356.0)
denovo143 C17_AY239370 296 (1350.5)
denovo143 C17.2_FJ461513 296 (1371.0)
denovo143 C31.10_HQ630880 296 (1386.0)
denovo143 C31.4_JF683334 301 (1364.5)
denovo143 C31_AY258496 297 (1376.0)
denovo143 C25_AY239377 305 (1255.0)
denovo143 C61_AY589765 297 (1268.5)
denovo143 C1043_DQ072721 303 (1269.5)
denovo143 C79_AY765414 303 (1274.5)
denovo143 C69_AY589773 304 (1187.0)
denovo143 C69a_AY686648 304 (1178.0)
denovo143 C21.22_KC597692 296 (1296.5)
denovo143 C51_AY589756 303 (1292.5)
denovo143 C1aa_HM185739 303 (1248.5)
denovo143 C1096_DQ068023 303 (1253.5)
denovo143 C74_AY765409 303 (1280.0)
denovo143 C1185_AB294629 303 (1289.0)
denovo143 C1184_AB294630 303 (1289.0)
denovo143 C1153_AB294625 303 (1307.0)
denovo143 C1154_AB294626 303 (1289.0)
denovo143 C1187_AB294627 303 (1289.0)
denovo143 C1186_AB294628 303 (1289.0)
denovo143 C57_AY589761 303 (1298.0)
denovo143 C66_AY589771 303 (1298.0)
denovo143 C5_AF499795 303 (1292.5)
denovo143 C1167_AB294586 303 (1292.5)
denovo143 C1164_AB294593 303 (1292.5)
denovo143 C1183_AB294631 303 (1292.5)
denovo143 C1067_DQ335381 303 (1292.5)
denovo143 C1159_AB294613 304 (1282.5)
denovo143 C1150_AB294622 304 (1291.5)
denovo143 C90_AM748554 305 (1309.0)
denovo143 C1168_AB294583 303 (1292.5)
denovo143 C1156_AB294616 303 (1292.5)
denovo143 C1151_AB294621 303 (1310.5)
denovo143 C92a_AM748561 303 (1292.5)
denovo143 C92_AM748560 303 (1301.5)
denovo143 C1165_AB294581 303 (1301.5)
denovo143 C1166_AB294584 303 (1301.5)
denovo143 C1162_AB294594 303 (1301.5)
denovo143 C1163_AB294596 303 (1301.5)
denovo143 C1161_AB294606 303 (1301.5)
denovo143 C1160_AB294608 303 (1301.5)
denovo143 C1158_AB294614 303 (1301.5)
denovo143 C1155_AB294617 303 (1301.5)
denovo143 C1149_AB294620 303 (1301.5)
denovo143 C1173_AB294662 303 (1301.5)
denovo143 C1171_AB294663 303 (1301.5)
denovo143 C1172_AB294665 303 (1301.5)
denovo143 C91a_AM748556 303 (1301.5)
denovo143 C91b_AM748557 303 (1301.5)
denovo143 C91d_AM748559 303 (1301.5)
denovo143 C91c_AM748558 303 (1301.5)
denovo143 C91_AJ621543 303 (1310.5)
denovo143 C91_AM748555 303 (1310.5)
denovo143 C1023_DQ335330 303 (1064.5)
denovo143 C1020_DQ335392 303 (1310.5)
denovo143 C1018_DQ335408 303 (1310.5)
denovo143 C1074_DQ335329 303 (1310.5)
denovo143 C1030_DQ335353 303 (1310.5)
denovo143 C1022_DQ335331 303 (1310.5)
denovo143 C1027_DQ335360 303 (1310.5)
denovo143 C1072_DQ335344 303 (1310.5)
denovo143 C1039_AB190274 303 (1310.5)
denovo143 C1033_DQ335350 308 (1307.5)
denovo143 C1019_DQ335407 303 (1319.5)
denovo143 C1194_EU099826 302 (1275.0)
denovo143 C8b_AY258475 303 (1259.5)
denovo143 C8_AY239367 303 (1283.5)
denovo143 C8a_AY239368 303 (1274.5)
denovo143 C54a_AY765406 303 (1301.5)
denovo143 C3ff_HM185740 303 (1301.5)
denovo143 C59_AY589763 305 (1263.5)
denovo143 C3k_AY589737 303 (1292.5)
denovo143 C3.24_HE579012 303 (1274.5)
denovo143 C3.23_HE579011 303 (1283.5)
denovo143 C35.1_AY765401 303 (1292.5)
denovo143 C35.3_EF541145 303 (1301.5)
denovo143 C76_AY765411 303 (1271.5)
denovo143 C1107_DQ335359 303 (1269.5)
denovo143 C3.22_HE579010 305 (1291.0)
denovo143 C77_AY765412 305 (1276.0)
denovo143 C20_AY239371 303 (1310.5)
denovo143 C1055_DQ480640 304 (1282.5)
denovo143 C27/C30_AY239379 296 (1329.0)
denovo143 C27.1_FJ461517 296 (1320.0)
denovo143 C40a_AY589747 303 (1301.5)
denovo143 C40_AY258485 303 (1310.5)
denovo143 C40b_AY589748 304 (1300.5)
denovo143 C16_AY258477 303 (1310.5)
denovo143 C16a_AY765399 303 (1301.5)
denovo143 C1091_AB207186 303 (1301.5)
denovo143 C1102_DQ335400 303 (1292.5)
denovo143 C1069_DQ335375 303 (1292.5)
denovo143 C1073_DQ335332 303 (1301.5)
denovo143 C1066_DQ335382 303 (1292.5)
denovo143 C1031_DQ335352 303 (1310.5)
denovo143 C1026_DQ335366 303 (1319.5)
denovo143 C70_AY589774 303 (1319.5)
denovo143 C1082_AB190267 303 (1301.5)
denovo143 C1078_AB190271 303 (1301.5)
denovo143 C1090_AB207191 303 (1301.5)
denovo143 C1071_DQ335302 303 (1301.5)
denovo143 C1075_DQ335328 303 (1301.5)
denovo143 C1068_DQ335379 303 (1301.5)
denovo143 C1064_DQ335395 303 (1301.5)
denovo143 C1063_DQ335403 303 (1301.5)
denovo143 C62_AY589766 303 (1310.5)
denovo143 C1077_DQ335316 303 (1316.0)
denovo143 C1109_DQ335338 303 (1301.5)
denovo143 C1110_DQ335340 303 (1292.5)
denovo143 C1106_DQ335339 303 (1283.5)
denovo143 C1112_DQ335319 303 (1292.5)
denovo143 C1108_DQ335351 303 (1283.5)
denovo143 C1105_DQ335394 303 (1292.5)
denovo143 C1121_DQ335378 303 (1274.5)
denovo143 C1116_AB190268 303 (1292.5)
denovo143 C1115_AB190273 303 (1283.5)
denovo143 C1124_DQ335323 303 (1274.5)
denovo143 C1120_DQ335398 303 (1274.5)
denovo143 C1119_DQ335404 303 (1274.5)
denovo143 C1123_DQ335363 303 (1283.5)
denovo143 C1004_DQ480635 303 (1292.5)
denovo143 C1061_AY186568 303 (1292.5)
denovo143 C1053_AY186569 303 (1292.5)
denovo143 C1003_DQ480639 303 (1301.5)
denovo143 C81_GU907657 307 (1159.5)
denovo143 C22_AY239373 303 (1282.0)
denovo143 C22a_AY239374 303 (1273.0)
denovo143 C1232_EU118163 303 (1301.5)
denovo143 C21.13_FJ461515 296 (1305.5)
denovo143 C21.1_JF683323 296 (1314.5)
denovo143 C21.3_JF683325 296 (1323.5)
denovo143 C1.20_HE578993 303 (1292.5)
denovo143 C1.22_HE578995 303 (1283.5)
denovo143 C52_AY589757 303 (1286.5)
denovo143 C1201_EU099793 305 (1266.5)
denovo143 C14_AY589741 301 (1290.5)
denovo143 C43_AY589749 303 (1283.5)
denovo143 C50_AY589755 303 (1310.5)
denovo143 C3.14_HQ630872 303 (1310.5)
denovo143 C1m_AY765398 303 (1301.5)
denovo143 C82_GU907658 303 (1283.5)
denovo143 C82b_GU907660 303 (1283.5)
denovo143 C64_AY589768 303 (1301.5)
denovo143 C45a_AY765404 303 (1283.5)
denovo143 C48_AY589753 305 (1309.0)
denovo143 C1_v1b_FJ919244 303 (1301.5)
denovo143 C1_v1a_FJ919243 303 (1310.5)
denovo143 C3j_AY239366 303 (1310.5)
denovo143 C3t_EF541149 303 (1310.5)
denovo143 C9_AF499798 303 (1292.5)
denovo143 C23_AY239375 302 (1307.5)
denovo143 C37_AY258481 303 (1292.5)
denovo143 C1048_DQ068026 303 (1292.5)
denovo143 C21.4_JF683326 296 (1323.5)
denovo143 C21.5_JF683327 296 (1332.5)
denovo143 C1070_DQ335349 303 (1310.5)
denovo143 C21.6_HQ630873 296 (1332.5)
denovo143 C1224_EU074890 303 (1301.5)
denovo143 C1.17_HE578990 303 (1310.5)
denovo143 C21_b1_FN827162 296 (1323.5)
denovo143 C21.9_JF683330 296 (1332.5)
denovo143 C1085_AY624605 303 (1310.5)
denovo143 C3p_GU907654 303 (1295.5)
denovo143 C3f_AY589734 303 (1319.5)
denovo143 C65a_AY589770 303 (1310.5)
denovo143 C65_AY589769 303 (1319.5)
denovo143 C71_AY589775 303 (1310.5)
denovo143 C71a_AY589776 303 (1301.5)
denovo143 C1178_AB294647 303 (1295.5)
denovo143 C1225_EU074893 303 (1310.5)
denovo143 C75_AY765410 303 (1310.5)
denovo143 C21.10_JF683331 296 (1323.5)
denovo143 C21.11_HQ630874 296 (1332.5)
denovo143 C1065_DQ335388 303 (1310.5)
denovo143 C1045_DQ068036 303 (1319.5)
denovo143 C1h_AY258473 303 (1310.5)
denovo143 C38_AY258482 303 (1310.5)
denovo143 C1202_EU099799 303 (1310.5)
denovo143 C7_AF499797 303 (1319.5)
denovo143 C12_AF499801 305 (1309.0)
denovo143 C38a_AY258483 304 (1300.5)
denovo143 C1200_EU099800 303 (1255.0)
denovo143 C44a_AY589751 303 (1292.5)
denovo143 C47_AY589752 303 (1292.5)
denovo143 C44_AY589750 303 (1301.5)
denovo143 C1.15_HE578988 302 (1326.0)
denovo143 C45.3_FJ461522 302 (1317.0)
denovo143 C46a_AY765405 303 (1301.5)
denovo143 C46_EU449108 303 (1301.5)
denovo143 C3.12_FJ461507 303 (1319.5)
denovo143 C1k_AY589733 303 (1301.5)
denovo143 C67_AY686647 303 (1301.5)
denovo143 C82a_GU907659 303 (1301.5)
denovo143 C10a_AY589739 303 (1292.5)
denovo143 C10_AF499799 303 (1301.5)
denovo143 C13_AY589740 309 (1289.0)
denovo143 C4_AF499794 303 (1301.5)
denovo143 C1147_EF656433 303 (1301.5)
denovo143 C1c/C45_AY239364 303 (1310.5)
denovo143 C1c/C45_EU449103 303 (1310.5)
denovo143 C21.19_HE579031 296 (1323.5)
denovo143 C21.21_HE579033 296 (1305.5)
denovo143 C21.20_HE579032 296 (1314.5)
denovo143 C42b_AY765403 303 (1283.5)
denovo143 C42_AY258487 303 (1292.5)
denovo143 C1p_GU907652 303 (1310.5)
denovo143 C1d_AY258488 303 (1292.5)
denovo143 C42_AY765402 303 (1301.5)
denovo143 C3ha_AY589736 296 (1323.5)
denovo143 C63a_AY589767 296 (1344.0)
denovo143 C21a_AY589744 296 (1332.5)
denovo143 C3o_GU907653 296 (1332.5)
denovo143 C21.16_HQ630875 296 (1332.5)
denovo143 C21.2_JF683324 296 (1332.5)
denovo143 C21.7_JF683328 296 (1332.5)
denovo143 C21.8_JF683329 296 (1332.5)
denovo143 C3h_AY239365 296 (1332.5)
denovo143 C1203_EU099798 296 (1332.5)
denovo143 C3.10_FJ461505 303 (1319.5)
denovo143 C21.14_FJ461516 296 (1332.5)
denovo143 C21.18_HE579030 300 (1341.5)
denovo143 C3.17_HE579005 303 (1319.5)
denovo143 C3.9_FJ461504 303 (1289.5)
denovo143 C3.8_FJ461503 303 (1319.5)
denovo143 C3.7_FJ461502 303 (1319.5)
denovo143 C3.11_FJ461506 303 (1319.5)
denovo143 C3.18_HE579006 303 (1319.5)
denovo143 C3.19_HE579007 303 (1319.5)
denovo143 C3.20_HE579008 303 (1319.5)
denovo143 C3g_AY589735 305 (1318.0)
denovo143 C3a_AF499790 303 (1319.5)
denovo143 C3e_AF499793 303 (1319.5)
denovo143 C6_AF499796 303 (1310.5)
denovo143 C11_AF499800 303 (1319.5)
denovo143 C36_AY258480 303 (1319.5)
denovo143 C29_AY258494 303 (1319.5)
denovo143 C1146_EF656434 303 (1319.5)
denovo143 C1190_EU099841 303 (1319.5)
denovo143 C131_JF320826 303 (1319.5)
denovo143 C28_AY239380 305 (1309.0)
denovo143 C1012_DQ480604 303 (1319.5)
denovo143 C1181_AB294640 303 (1304.5)
denovo143 C1180_AB294641 303 (1304.5)
denovo143 C1179_AB294645 303 (1304.5)
denovo143 C1176_AB294651 303 (1304.5)
denovo143 C1175_AB294653 303 (1304.5)
denovo143 C1174_AB294655 303 (1304.5)
denovo143 C1177_AB294659 303 (1313.5)
denovo143 C1040_AB190269 303 (1319.5)
denovo143 C1182_AB294649 303 (1319.5)
denovo143 C1089_AJ278598 303 (1319.5)
denovo143 C1028_DQ335357 303 (1319.5)
denovo143 C3.16_EU786015 303 (1319.5)
denovo143 C1097_AJ311943 304 (1309.5)
denovo143 C1170_AB294661 303 (1313.5)
denovo143 C21.17_HE579029 297 (1337.5)
denovo143 C21/3d/C3k_AY239372 296 (1341.5)
denovo143 C58_AY589762 297 (1331.5)
denovo143 C3L_AY589738 306 (1287.5)
denovo143 C1169_AB294660 303 (1313.5)
denovo143 C3.2_FJ461497 302 (1329.0)
denovo143 C3.1_JF683321 303 (1313.5)
denovo143 C1104_AF427469 304 (1318.5)
denovo143 C3b_AF499791 303 (1313.5)
denovo143 C83_GU907661 305 (1318.0)
denovo143 C49_AY589754 342 (1320.0)
denovo143 C3_AB778606 303 (1328.5)
denovo143 C3_AF499789 303 (1328.5)
denovo143 C3_HE579001 303 (1328.5)
denovo143 C21.12_FJ461514 296 (1323.5)
denovo143 C1229_EU074888 303 (1252.0)
denovo143 C1230_EU074889 303 (1261.0)
denovo143 C1114_AB207196 303 (1310.5)
denovo143 C3.21_HE579009 303 (1223.5)
denovo143 C1057_DQ480619 303 (1301.5)
denovo143 C72_AY765407 303 (1283.0)
denovo143 C1b.3_HE578999 302 (1311.0)
denovo143 C93_AJ621536 303 (1319.5)
denovo143 C94_AJ621539 303 (1310.5)
denovo143 C1g_AY589730 303 (1310.5)
denovo143 C1i_AY589731 303 (1301.5)
denovo143 C1j_AY589732 303 (1310.5)
denovo143 C1005_DQ480633 303 (1310.5)
denovo143 C1.7_FJ461494 303 (1310.5)
denovo143 C1.11_HE578984 303 (1310.5)
denovo143 C1.12_HE578985 303 (1310.5)
denovo143 C1.13_HE578986 303 (1310.5)
denovo143 C1.14_HE578987 303 (1310.5)
denovo143 C1.18_HE578991 303 (1310.5)
denovo143 C1.19_HE578992 303 (1310.5)
denovo143 C1199_EU099802 303 (1286.5)
denovo143 C1188_EU099838 303 (1301.5)
denovo143 C1002_DQ838544 303 (1319.5)
denovo143 C1198_EU099810 303 (1310.5)
denovo143 C24_AY239376 303 (1301.5)
denovo143 C1f_AY258490 303 (1310.5)
denovo143 C1006_DQ480629 303 (1310.5)
denovo143 C1010_DQ480607 302 (1316.5)
denovo143 C1007_DQ480624 303 (1301.5)
denovo143 C1011_DQ480605 303 (1310.5)
denovo143 C1009_DQ480608 303 (1310.5)
denovo143 C1041_AY186548 303 (1301.5)
denovo143 C1052_AY186570 303 (1310.5)
denovo143 C1148_EU040178 303 (1310.5)
denovo143 C1234_EU118165 304 (1300.5)
denovo143 C1.5_EF634157 303 (1310.5)
denovo143 C1059_DQ480609 303 (1310.5)
denovo143 C1228_EU074883 303 (1310.5)
denovo143 C1208_EU074963 303 (1310.5)
denovo143 C1207_EU074964 303 (1310.5)
denovo143 C1206_EU074965 303 (1310.5)
denovo143 C1013_DQ480642 303 (1301.5)
denovo143 C80_GU907656 313 (1296.0)
denovo143 C1a_AF499788 303 (1310.5)
denovo143 C41_AY258486 303 (1310.5)
denovo143 C39_AY258484 303 (1233.0)
denovo143 C1231_EU074878 303 (1310.5)
denovo143 C1b.1_HE578997 302 (1311.0)
denovo143 C18_AY258478 303 (1310.5)
denovo143 C1.10_HE578983 303 (1271.5)
denovo143 C1_JN558041 303 (1319.5)
denovo143 C1_HE578979 303 (1319.5)
denovo143 C1_AM748551 303 (1319.5)
denovo143 C1_AF333515 303 (1319.5)
denovo143 C1054_AY186565 304 (1309.5)
denovo143 C1008_DQ480613 303 (1310.5)
denovo143 C1103_AF427470 304 (1309.5)
denovo143 C1226_EU074881 304 (1309.5)
denovo143 C1b/C1e_AY239363 302 (1320.0)
denovo143 C1044_DQ068038 303 (1304.5)
denovo143 C1017_DQ174729 303 (1310.0)
denovo143 C1.6_FJ461493 303 (1310.5)
denovo143 C1b.2_HE578998 302 (1311.0)
denovo143 C1060_DQ480600 303 (1310.5)
denovo143 C1227_EU074882 303 (1310.5)
denovo143 C1197_EU099814 303 (1310.5)
denovo143 C1130_DQ480643 303 (1187.0)
denovo143 D109_AB097465 338 (543.0)
denovo143 D1.11_HE579040 336 (557.0)
denovo143 D105_AF174570 336 (556.5)
denovo143 D104_AF174572 342 (539.0)
denovo143 D1.3_JF683337 337 (551.0)
denovo143 D1.10_HE579039 337 (542.0)
denovo143 D110_AF174561 337 (542.0)
denovo143 D117_AF174542 337 (551.0)
denovo143 D114_AF174549 337 (551.0)
denovo143 D113_AF174557 345 (538.0)
denovo143 D112_AF174558 339 (548.0)
denovo143 D106_AF174559 338 (544.5)
denovo143 D111_AF174560 337 (550.0)
denovo143 D115_AF174562 337 (542.0)
denovo143 D107_AF174568 338 (553.0)
denovo143 D116_AF174571 336 (548.0)
denovo143 D124_EU074897 337 (533.5)
denovo143 D1.8_HE579037 337 (551.0)
denovo143 D3_AY686650 336 (557.5)
denovo143 D1.6_HQ630881 337 (542.0)
denovo143 D120_EU074900 341 (536.0)
denovo143 D121_EU074904 336 (557.0)
denovo143 D122_EU074905 337 (542.0)
denovo143 D1a.2_JF683339 338 (538.0)
denovo143 D1a.1_JF683338 337 (542.5)
denovo143 D2_AY686649 581 (613.0)
denovo143 D4_DQ865214 342 (544.5)
denovo143 D1a_AF499802 341 (545.0)
denovo143 D1a_JN558078 341 (545.0)
denovo143 D123_EU074895 342 (556.5)
denovo143 D108_AF174567 345 (547.5)
denovo143 D103_AF174575 337 (542.0)
denovo143 D100_AF411415 348 (546.5)
denovo143 D118_EF656435 341 (545.0)
denovo143 D101_AF411416 348 (531.5)
denovo143 D119_EU099832 342 (539.5)
denovo143 D102_AF174573 338 (548.0)
denovo143 D1_AF334660 337 (551.0)
denovo143 D1_JN558076 337 (551.0)
denovo143 D1.12_HE579041 328 (525.5)
denovo143 D1.1_AM748564 404 (574.5)
denovo143 D1.2_AM748617 405 (570.5)
denovo143 E111_EU074915 372 (432.5)
denovo143 E110_EU074914 370 (453.5)
denovo143 E114_EU074909 353 (446.5)
denovo143 E1_AF334659 371 (443.5)
denovo143 E105_EU074921 370 (453.5)
denovo143 E112_EU074916 370 (444.5)
denovo143 E104_EU074922 371 (447.5)
denovo143 E102_EU074924 370 (444.5)
denovo143 E103_EU074923 370 (453.5)
denovo143 E101_AY160123 348 (445.5)
denovo143 E109_EU074913 354 (442.5)
denovo143 E100_DQ011618 361 (452.0)
denovo143 E108_EU074912 358 (443.5)
denovo143 E113_EU074908 357 (444.0)
denovo143 E107_EU074910 358 (443.5)
denovo143 F1_JN558066 309 (1011.0)
denovo143 F5.2d_AJ291530 312 (994.5)
denovo143 F104_AJ291531 312 (994.5)
denovo143 F5.2c_AM748596 312 (994.5)
denovo143 F5.2_AM748594 308 (1009.5)
denovo143 F5.2a_AM748614 308 (1009.5)
denovo143 F5.2b_AM748595 308 (1000.5)
denovo143 F5.2e_AJ291533 308 (957.0)
denovo143 F5.2g_JN558072 308 (991.5)
denovo143 F5.2f_AJ291512 309 (1003.5)
denovo143 F102_AJ291534 310 (997.0)
denovo143 F5.1c_AM748593 306 (1003.5)
denovo143 F5.1d_JN558069 311 (1019.0)
denovo143 F5.1b_AJ291535 311 (1010.0)
denovo143 F5.1_AM748592 311 (1019.0)
denovo143 F5.1a_AM748591 311 (1010.0)
denovo143 F110_AJ291526 316 (885.0)
denovo143 F4.7_AM748587 314 (919.0)
denovo143 F4.5_AM748585 306 (948.0)
denovo143 F4.4a_AM748583 304 (987.0)
denovo143 F4.4_AM748582 306 (971.5)
denovo143 F4.4b_AM748584 309 (973.0)
denovo143 F4.1a_AM748573 312 (919.0)
denovo143 F112_AJ291528 312 (901.0)
denovo143 F4.1_AM748572 312 (919.0)
denovo143 F4.8b_AM748590 310 (922.0)
denovo143 F4.8_AM748588 310 (922.0)
denovo143 F4.8a_AM748589 310 (922.0)
denovo143 F109_AJ291527 310 (900.0)
denovo143 F4.6_AM748586 311 (943.5)
denovo143 F111_AJ311949 307 (938.0)
denovo143 F4.3c_AM748581 307 (956.5)
denovo143 F4.3a_AM748579 308 (940.5)
denovo143 F4.3b_AM748580 308 (940.5)
denovo143 F4.3_AM748578 308 (949.5)
denovo143 F4.2_AM748574 309 (974.5)
denovo143 F4.2a_AM748575 306 (960.5)
denovo143 F4.2c_AM748577 307 (960.0)
denovo143 F4.2b_AM748576 306 (969.5)
denovo143 F2b_AJ291521 310 (1021.0)
denovo143 F2_AJ830908 310 (1003.0)
denovo143 F2a_AJ830911 312 (995.5)
denovo143 F3.1a_AM748566 318 (965.5)
denovo143 F114_AJ291525 318 (965.5)
denovo143 F3.1_AM748565 318 (983.5)
denovo143 F3.2_AM748567 315 (1011.5)
denovo143 F3.2a_AM748568 317 (1026.0)
denovo143 F3.3_AM748569 308 (959.5)
denovo143 F3.4a_AM748571 315 (900.0)
denovo143 F3.4_AM748570 313 (893.5)
denovo143 F3.4b_AM748616 306 (891.5)
denovo143 G101_AJ291539 348 (555.5)
denovo143 G1_AM748597 348 (555.5)
denovo143 G2b_JN558087 346 (542.5)
denovo143 G2_AM748598 347 (545.5)
denovo143 G2a_AM748599 346 (551.5)
denovo143 G4_AM748601 343 (573.0)
denovo143 G3.4_LK392378 332 (544.5)
denovo143 G3_AM748600 335 (572.0)
denovo143 G3.2_KC597694 329 (486.5)
denovo143 G3.1_KC597688 337 (542.0)
denovo143 G100_AB253788 337 (551.0)
denovo143 G3.3_LK392377 337 (542.0)
denovo143 H6_AJ291520 630 (351.0)
denovo143 H3_AM748606 305 (882.5)
denovo143 H2_AM748605 306 (930.5)
denovo143 H4_AM748607 311 (858.0)
denovo143 H4a_AM748608 311 (873.0)
denovo143 H5a_AM748611 307 (862.5)
denovo143 H5b_AM748610 309 (867.0)
denovo143 H5_AJ621129 306 (869.5)
denovo143 H5_AM748609 306 (869.5)
denovo143 H100_AJ291513 313 (871.0)
denovo143 H1b_AM748604 313 (875.0)
denovo143 H1a_AM748612 313 (866.0)
denovo143 H1_AJ621152 313 (875.0)
denovo143 H1_AM748602 313 (875.0)
denovo143 I3_FN561561 339 (726.5)
denovo143 I4_FN561562 330 (718.0)
denovo143 I1_FN561559 332 (698.0)
denovo143 I2_FN561560 341 (713.5)

#---------------------------------------
#---------------------------------------
