denovo181 A136_DQ865210 326 (421.5)
denovo181 A133_DQ174725 339 (421.5)
denovo181 A115_AF180123 319 (380.0)
denovo181 A117_AF201746 324 (405.5)
denovo181 A134_DQ174723 327 (405.5)
denovo181 A114_AF184941 328 (400.5)
denovo181 A135_DQ174727 321 (415.5)
denovo181 A2_AF333506 322 (405.5)
denovo181 A101_AF427468 321 (406.5)
denovo181 A2_1_JN558097 321 (406.5)
denovo181 A2_2_JN558100 321 (406.5)
denovo181 A113_AF184948 324 (419.0)
denovo181 A112_AF184949 331 (423.0)
denovo181 A123_EF378618 320 (322.0)
denovo181 A137_EF378621 346 (259.5)
denovo181 A11_EU449041 333 (401.0)
denovo181 A121_DQ174722 330 (410.5)
denovo181 A15b_EU792886 342 (397.0)
denovo181 A15a_EU792885 342 (397.0)
denovo181 A15c_EU792887 341 (411.5)
denovo181 A15_EU792884 342 (406.0)
denovo181 A147_EU074937 335 (393.5)
denovo181 A154_EU074860 339 (397.0)
denovo181 A146_EU074936 334 (382.5)
denovo181 A150_EU074928 337 (383.5)
denovo181 A116_AF183575 333 (398.0)
denovo181 A141_EU074931 334 (391.5)
denovo181 A5_AF333508 339 (402.5)
denovo181 A3b_EU449043 338 (403.5)
denovo181 A151_EU074925 338 (394.0)
denovo181 A152_EU074927 331 (399.0)
denovo181 A149_EU074929 333 (403.5)
denovo181 A140_EU074930 339 (397.0)
denovo181 A142_EU074932 334 (391.5)
denovo181 A143_EU074933 333 (396.5)
denovo181 A144_EU074934 339 (388.0)
denovo181 A145_EU074935 338 (402.5)
denovo181 A148_EU074938 338 (394.5)
denovo181 A155_EU074856 339 (397.0)
denovo181 A156_EU074859 339 (388.0)
denovo181 A139_EU074962 339 (388.0)
denovo181 A6_AF186058 339 (397.0)
denovo181 A3_AF333507 339 (397.0)
denovo181 A3_JN558091 339 (397.0)
denovo181 A8_AY258468 338 (403.5)
denovo181 A7_AY239360 343 (401.5)
denovo181 A16_EU792888 338 (404.0)
denovo181 A4.3_FN429763 317 (406.0)
denovo181 A120_AF180122 331 (389.0)
denovo181 A4.2_FN429761 325 (405.0)
denovo181 A4_AF333509 327 (411.0)
denovo181 A4.1_FN429760 327 (390.5)
denovo181 A4a_AF499778 329 (407.5)
denovo181 A4a.1_FN429762 329 (407.5)
denovo181 A138_EF378620 342 (365.0)
denovo181 A122_EF378619 341 (384.5)
denovo181 A126_EF378615 339 (392.0)
denovo181 A10_EU792882 339 (392.0)
denovo181 A9_EU449028 339 (411.5)
denovo181 A105_AB207202 336 (394.0)
denovo181 A119_AF180121 329 (373.5)
denovo181 A12_EU792883 336 (411.0)
denovo181 A104_AB207203 336 (411.5)
denovo181 A1a_EU449030 339 (402.5)
denovo181 A1.3_HE578976 336 (404.5)
denovo181 A1.4_HE578977 339 (402.5)
denovo181 A13_AF333504 337 (406.5)
denovo181 A13_JN558094 337 (406.5)
denovo181 A110_AB190282 336 (394.5)
denovo181 A103_AB207206 336 (412.5)
denovo181 A130_EF656428 336 (394.5)
denovo181 A127_EF656429 340 (405.5)
denovo181 A128_EF656430 334 (407.5)
denovo181 A129_EF656431 336 (403.5)
denovo181 A131_EF656432 336 (403.5)
denovo181 A118_AF180120 329 (385.0)
denovo181 A1_AF333505 336 (403.5)
denovo181 A107_AB207199 342 (412.5)
denovo181 A111_AB190280 336 (412.5)
denovo181 A108_AB207197 338 (405.0)
denovo181 A106_AB207200 336 (412.0)
denovo181 A102_AB207209 336 (412.5)
denovo181 A1.2_AB207210 336 (412.5)
denovo181 A109_AB190285 336 (412.0)
denovo181 B4_AF333510 363 (367.0)
denovo181 B23_EU449079 367 (393.0)
denovo181 B30_GU907644 367 (401.5)
denovo181 B11_AY239361 366 (373.0)
denovo181 B17_AY258470 371 (369.0)
denovo181 B1k_GU907638 310 (200.0)
denovo181 B1.V_Green2014 379 (356.0)
denovo181 B1b_AF499780 357 (374.0)
denovo181 B16_AY258469 374 (359.0)
denovo181 B31a_GU907646 363 (372.0)
denovo181 B32_GU907647 362 (377.0)
denovo181 B31_GU907645 370 (375.5)
denovo181 B1j_GU907637 365 (366.5)
denovo181 B37_GU907650 367 (374.5)
denovo181 B5a_AF499782 371 (377.5)
denovo181 B5_AF499781 371 (368.5)
denovo181 B24_GU907643 370 (286.5)
denovo181 B117_AF180124 371 (351.0)
denovo181 B10_AF499787 373 (355.0)
denovo181 B20_GU907642 376 (370.0)
denovo181 B1m_GU907640 374 (368.0)
denovo181 B34_GU907649 376 (373.0)
denovo181 B1d_GU907633 363 (372.5)
denovo181 B1e_GU907634 371 (367.5)
denovo181 B1i_GU907636 374 (368.5)
denovo181 B1g_GU907635 363 (369.0)
denovo181 B123_EU074872 372 (371.5)
denovo181 B8_AF499785 370 (370.5)
denovo181 B1l_GU907639 369 (371.0)
denovo181 B1a_AF499779 374 (368.0)
denovo181 B14_AY239362 376 (378.5)
denovo181 B125_EU074865 366 (369.5)
denovo181 B122_EU074871 374 (368.0)
denovo181 B124_EU074874 374 (368.0)
denovo181 B1.VII_Green2014 365 (333.5)
denovo181 B1.III_Green2014 365 (359.5)
denovo181 B1.I_Green2014 374 (368.0)
denovo181 B1.II_Green2014 374 (368.0)
denovo181 B1_JN558057 374 (368.0)
denovo181 B1_AF333511 374 (368.0)
denovo181 B1.IV_Green2014 381 (371.5)
denovo181 B121_EU074870 374 (368.0)
denovo181 B7_AF499784 371 (369.5)
denovo181 B1.VI_Green2014 366 (363.0)
denovo181 B3_AF333514 366 (384.0)
denovo181 B9_AF499786 367 (369.0)
denovo181 B19a_JN558055 356 (383.0)
denovo181 B119_EU099825 362 (391.0)
denovo181 B21_DQ865213 361 (375.0)
denovo181 B38_GU907651 361 (375.0)
denovo181 B18_AY258471 365 (382.0)
denovo181 B18a_AY258472 365 (382.0)
denovo181 B33_GU907648 369 (376.0)
denovo181 B6_AF499783 367 (388.0)
denovo181 B19_DQ865212 365 (382.0)
denovo181 B19_GU907641 365 (382.0)
denovo181 B2_AF333512 365 (382.0)
denovo181 B2_JN558060 365 (382.0)
denovo181 C33.1_AY258498 347 (362.0)
denovo181 C33.2_AY765400 347 (362.0)
denovo181 C33a_EF541147 347 (362.0)
denovo181 C34_AY258499 358 (375.5)
denovo181 C78_AY765413 351 (346.5)
denovo181 C15.29_KC597690 353 (338.5)
denovo181 C1131_DQ182650 356 (343.5)
denovo181 C1135_DQ182646 356 (361.5)
denovo181 C1134_DQ182647 356 (352.5)
denovo181 C1142_DQ182635 356 (352.5)
denovo181 C1136_DQ182644 351 (338.0)
denovo181 C1111_DQ182645 348 (343.0)
denovo181 C1236_EF473656 351 (335.0)
denovo181 C1138_DQ182642 351 (335.0)
denovo181 C1137_DQ182643 351 (344.0)
denovo181 C1133_DQ182648 351 (335.0)
denovo181 C1132_DQ182649 348 (344.5)
denovo181 C1143_DQ182634 351 (344.0)
denovo181 C1139_DQ182639 356 (343.5)
denovo181 C15.28_KC597687 363 (364.0)
denovo181 C1141_DQ182636 355 (358.5)
denovo181 C1144_DQ182637 356 (352.5)
denovo181 C1122_DQ182654 356 (352.0)
denovo181 C1127_DQ182652 354 (356.0)
denovo181 C15.30_JX394114 360 (363.0)
denovo181 C15.26_KC597686 364 (349.0)
denovo181 C1086_DQ182656 357 (354.0)
denovo181 C15.25_KC597685 357 (354.0)
denovo181 C1118_AF180127 347 (360.5)
denovo181 C1129_DQ182651 346 (340.0)
denovo181 C15.21_KC597683 355 (339.5)
denovo181 C56_AY589760 358 (366.5)
denovo181 C1140_DQ182638 348 (346.0)
denovo181 C1126_DQ182653 344 (343.5)
denovo181 C15c_AY258492 354 (354.5)
denovo181 C15d_AY258493 364 (348.5)
denovo181 C1098_DQ182641 362 (341.0)
denovo181 C15.27_KC597689 361 (348.5)
denovo181 C15.18_HE579024 365 (345.5)
denovo181 C15.16_HE579022 349 (359.0)
denovo181 C1101_AB253787 355 (339.5)
denovo181 C1083_AY237300 358 (357.0)
denovo181 C1088_DQ182640 346 (359.0)
denovo181 C15.6_FN563472 355 (348.5)
denovo181 C15.5_FJ461512 355 (348.5)
denovo181 C15.4_FJ461511 355 (348.5)
denovo181 C15.13_HE579019 357 (353.0)
denovo181 C15.12_HE579018 355 (348.5)
denovo181 C93a_AM748563 349 (358.0)
denovo181 C1094_AJ291514 354 (348.5)
denovo181 C93_AM748562 349 (352.0)
denovo181 C15.17_HE579023 354 (358.0)
denovo181 C15e_AY589742 354 (358.5)
denovo181 C15.22_KC597695 355 (348.5)
denovo181 C60_AY589764 354 (363.5)
denovo181 C15.1_FJ461508 351 (364.0)
denovo181 C15.2_FJ461509 355 (366.5)
denovo181 C15.9_FN563475 355 (357.0)
denovo181 C15.7_HE579015 355 (357.5)
denovo181 C15.8_HE579016 355 (348.5)
denovo181 C15.15_HE579021 355 (357.5)
denovo181 C15.19_HE579025 353 (361.0)
denovo181 C15.24_KC597696 355 (348.5)
denovo181 C15.3_FJ461510 355 (366.5)
denovo181 C1087_DQ182655 363 (354.0)
denovo181 C15.14_HE579020 356 (347.5)
denovo181 C15.23_KC597697 356 (347.5)
denovo181 C19_AY258479 354 (349.0)
denovo181 C1233_EU118166 355 (348.5)
denovo181 C15b_AY258491 355 (348.5)
denovo181 C15a_AY258476 355 (357.5)
denovo181 C1051_AF195153 350 (361.0)
denovo181 C2_AF333518 355 (362.5)
denovo181 C15.20_HE579026 356 (356.5)
denovo181 C15f_AY589743 355 (363.5)
denovo181 C55_AY589759 356 (355.5)
denovo181 C15_AY239369 355 (357.5)
denovo181 C32.1_JF683335 347 (360.5)
denovo181 C32.2_JF683336 338 (361.0)
denovo181 C21.23_KC597693 338 (361.0)
denovo181 C1193_EU099827 346 (328.0)
denovo181 C1195_EU099821 357 (337.5)
denovo181 C3q_GU907655 352 (343.5)
denovo181 C53_AY589758 364 (332.5)
denovo181 C73_AY765408 344 (349.0)
denovo181 C17.2.1_KC597684 344 (348.5)
denovo181 C32_AY258497 336 (345.0)
denovo181 C1189_EU099831 336 (344.5)
denovo181 C1191_EU099833 339 (337.0)
denovo181 C1196_EU099819 343 (338.0)
denovo181 C1192_EU099820 343 (338.0)
denovo181 C17.1_JF683322 339 (344.5)
denovo181 C26_b2_FN827164 339 (360.0)
denovo181 C26_b3_FN827165 340 (353.0)
denovo181 C31.9_HQ630879 340 (346.5)
denovo181 C31a_AY589746 343 (342.0)
denovo181 C30_AY589745 350 (344.5)
denovo181 C31.1_HQ630876 343 (350.5)
denovo181 C31.5_HQ630877 338 (345.5)
denovo181 C31.6_HQ630878 343 (351.0)
denovo181 C31.2_JF683332 343 (351.0)
denovo181 C31.3_JF683333 345 (347.0)
denovo181 C26/C35a_AY239378 340 (344.0)
denovo181 C35a_AY258501 340 (344.0)
denovo181 C35.2_AY258500 340 (353.0)
denovo181 C26_b1_FN827163 340 (353.0)
denovo181 C17_AY239370 339 (353.5)
denovo181 C17.2_FJ461513 341 (352.5)
denovo181 C31.10_HQ630880 342 (351.5)
denovo181 C31.4_JF683334 350 (348.5)
denovo181 C31_AY258496 343 (351.0)
denovo181 C25_AY239377 363 (347.5)
denovo181 C61_AY589765 349 (336.5)
denovo181 C1043_DQ072721 344 (341.0)
denovo181 C79_AY765414 360 (345.0)
denovo181 C69_AY589773 341 (342.5)
denovo181 C69a_AY686648 341 (333.5)
denovo181 C21.22_KC597692 331 (364.5)
denovo181 C51_AY589756 346 (350.0)
denovo181 C1aa_HM185739 354 (357.5)
denovo181 C1096_DQ068023 342 (354.0)
denovo181 C74_AY765409 347 (358.0)
denovo181 C1185_AB294629 347 (349.0)
denovo181 C1184_AB294630 347 (349.0)
denovo181 C1153_AB294625 343 (364.5)
denovo181 C1154_AB294626 364 (353.5)
denovo181 C1187_AB294627 346 (355.5)
denovo181 C1186_AB294628 351 (351.5)
denovo181 C57_AY589761 347 (349.0)
denovo181 C66_AY589771 347 (358.0)
denovo181 C5_AF499795 356 (353.0)
denovo181 C1167_AB294586 361 (349.0)
denovo181 C1164_AB294593 350 (351.5)
denovo181 C1183_AB294631 358 (366.0)
denovo181 C1067_DQ335381 347 (361.0)
denovo181 C1159_AB294613 342 (360.5)
denovo181 C1150_AB294622 344 (358.5)
denovo181 C90_AM748554 358 (360.0)
denovo181 C1168_AB294583 345 (365.0)
denovo181 C1156_AB294616 344 (371.0)
denovo181 C1151_AB294621 345 (365.0)
denovo181 C92a_AM748561 344 (371.0)
denovo181 C92_AM748560 345 (374.0)
denovo181 C1165_AB294581 350 (361.0)
denovo181 C1166_AB294584 350 (370.0)
denovo181 C1162_AB294594 358 (357.5)
denovo181 C1163_AB294596 350 (352.0)
denovo181 C1161_AB294606 358 (366.5)
denovo181 C1160_AB294608 358 (357.5)
denovo181 C1158_AB294614 345 (365.0)
denovo181 C1155_AB294617 350 (352.0)
denovo181 C1149_AB294620 350 (361.0)
denovo181 C1173_AB294662 356 (362.0)
denovo181 C1171_AB294663 350 (352.0)
denovo181 C1172_AB294665 353 (361.0)
denovo181 C91a_AM748556 358 (357.5)
denovo181 C91b_AM748557 358 (366.5)
denovo181 C91d_AM748559 350 (361.0)
denovo181 C91c_AM748558 350 (370.0)
denovo181 C91_AJ621543 350 (361.0)
denovo181 C91_AM748555 350 (361.0)
denovo181 C1023_DQ335330 333 (344.5)
denovo181 C1020_DQ335392 346 (359.0)
denovo181 C1018_DQ335408 346 (367.0)
denovo181 C1074_DQ335329 346 (349.5)
denovo181 C1030_DQ335353 346 (358.5)
denovo181 C1022_DQ335331 346 (358.5)
denovo181 C1027_DQ335360 346 (358.5)
denovo181 C1072_DQ335344 346 (358.5)
denovo181 C1039_AB190274 348 (355.5)
denovo181 C1033_DQ335350 348 (373.5)
denovo181 C1019_DQ335407 346 (358.5)
denovo181 C1194_EU099826 338 (353.5)
denovo181 C8b_AY258475 355 (333.5)
denovo181 C8_AY239367 356 (351.0)
denovo181 C8a_AY239368 353 (351.5)
denovo181 C54a_AY765406 340 (349.5)
denovo181 C3ff_HM185740 347 (344.0)
denovo181 C59_AY589763 341 (354.5)
denovo181 C3k_AY589737 350 (352.0)
denovo181 C3.24_HE579012 369 (347.0)
denovo181 C3.23_HE579011 350 (352.0)
denovo181 C35.1_AY765401 337 (360.0)
denovo181 C35.3_EF541145 340 (359.0)
denovo181 C76_AY765411 369 (343.5)
denovo181 C1107_DQ335359 348 (342.0)
denovo181 C3.22_HE579010 349 (358.0)
denovo181 C77_AY765412 352 (346.0)
denovo181 C20_AY239371 348 (346.0)
denovo181 C1055_DQ480640 343 (363.0)
denovo181 C27/C30_AY239379 335 (366.0)
denovo181 C27.1_FJ461517 335 (366.0)
denovo181 C40a_AY589747 345 (345.0)
denovo181 C40_AY258485 345 (354.0)
denovo181 C40b_AY589748 346 (353.5)
denovo181 C16_AY258477 346 (349.5)
denovo181 C16a_AY765399 341 (343.5)
denovo181 C1091_AB207186 368 (333.5)
denovo181 C1102_DQ335400 346 (340.5)
denovo181 C1069_DQ335375 343 (349.0)
denovo181 C1073_DQ335332 348 (346.0)
denovo181 C1066_DQ335382 348 (355.0)
denovo181 C1031_DQ335352 347 (352.0)
denovo181 C1026_DQ335366 349 (358.5)
denovo181 C70_AY589774 348 (345.5)
denovo181 C1082_AB190267 348 (346.0)
denovo181 C1078_AB190271 348 (345.5)
denovo181 C1090_AB207191 343 (349.0)
denovo181 C1071_DQ335302 343 (349.5)
denovo181 C1075_DQ335328 348 (345.5)
denovo181 C1068_DQ335379 368 (342.5)
denovo181 C1064_DQ335395 348 (345.5)
denovo181 C1063_DQ335403 349 (350.0)
denovo181 C62_AY589766 348 (345.5)
denovo181 C1077_DQ335316 349 (356.0)
denovo181 C1109_DQ335338 348 (336.5)
denovo181 C1110_DQ335340 348 (336.5)
denovo181 C1106_DQ335339 368 (324.5)
denovo181 C1112_DQ335319 368 (333.5)
denovo181 C1108_DQ335351 368 (333.5)
denovo181 C1105_DQ335394 368 (333.5)
denovo181 C1121_DQ335378 366 (337.5)
denovo181 C1116_AB190268 346 (349.5)
denovo181 C1115_AB190273 366 (346.5)
denovo181 C1124_DQ335323 368 (327.5)
denovo181 C1120_DQ335398 368 (333.5)
denovo181 C1119_DQ335404 348 (336.5)
denovo181 C1123_DQ335363 368 (333.5)
denovo181 C1004_DQ480635 358 (348.5)
denovo181 C1061_AY186568 361 (348.5)
denovo181 C1053_AY186569 348 (345.5)
denovo181 C1003_DQ480639 358 (348.5)
denovo181 C81_GU907657 346 (340.5)
denovo181 C22_AY239373 345 (355.0)
denovo181 C22a_AY239374 345 (355.0)
denovo181 C1232_EU118163 350 (343.0)
denovo181 C21.13_FJ461515 340 (365.0)
denovo181 C21.1_JF683323 337 (375.5)
denovo181 C21.3_JF683325 339 (353.5)
denovo181 C1.20_HE578993 361 (349.0)
denovo181 C1.22_HE578995 361 (340.0)
denovo181 C52_AY589757 345 (332.0)
denovo181 C1201_EU099793 355 (348.0)
denovo181 C14_AY589741 347 (355.0)
denovo181 C43_AY589749 348 (355.0)
denovo181 C50_AY589755 342 (346.5)
denovo181 C3.14_HQ630872 350 (361.0)
denovo181 C1m_AY765398 348 (336.5)
denovo181 C82_GU907658 345 (364.5)
denovo181 C82b_GU907660 345 (364.5)
denovo181 C64_AY589768 369 (346.0)
denovo181 C45a_AY765404 365 (361.0)
denovo181 C48_AY589753 367 (350.0)
denovo181 C1_v1b_FJ919244 363 (354.0)
denovo181 C1_v1a_FJ919243 350 (352.0)
denovo181 C3j_AY239366 349 (350.0)
denovo181 C3t_EF541149 345 (354.0)
denovo181 C9_AF499798 370 (340.5)
denovo181 C23_AY239375 351 (345.0)
denovo181 C37_AY258481 348 (354.0)
denovo181 C1048_DQ068026 356 (351.0)
denovo181 C21.4_JF683326 337 (366.0)
denovo181 C21.5_JF683327 337 (366.5)
denovo181 C1070_DQ335349 348 (356.0)
denovo181 C21.6_HQ630873 337 (366.5)
denovo181 C1224_EU074890 357 (363.5)
denovo181 C1.17_HE578990 350 (361.0)
denovo181 C21_b1_FN827162 339 (353.5)
denovo181 C21.9_JF683330 339 (362.5)
denovo181 C1085_AY624605 350 (352.0)
denovo181 C3p_GU907654 350 (355.5)
denovo181 C3f_AY589734 350 (361.0)
denovo181 C65a_AY589770 350 (343.0)
denovo181 C65_AY589769 350 (352.0)
denovo181 C71_AY589775 350 (352.0)
denovo181 C71a_AY589776 350 (343.0)
denovo181 C1178_AB294647 364 (344.5)
denovo181 C1225_EU074893 345 (356.0)
denovo181 C75_AY765410 350 (352.0)
denovo181 C21.10_JF683331 333 (364.5)
denovo181 C21.11_HQ630874 338 (360.5)
denovo181 C1065_DQ335388 350 (343.0)
denovo181 C1045_DQ068036 350 (352.0)
denovo181 C1h_AY258473 349 (350.0)
denovo181 C38_AY258482 348 (347.0)
denovo181 C1202_EU099799 349 (350.0)
denovo181 C7_AF499797 349 (350.0)
denovo181 C12_AF499801 351 (339.5)
denovo181 C38a_AY258483 350 (340.0)
denovo181 C1200_EU099800 358 (348.0)
denovo181 C44a_AY589751 358 (357.0)
denovo181 C47_AY589752 359 (361.5)
denovo181 C44_AY589750 359 (352.5)
denovo181 C1.15_HE578988 346 (358.5)
denovo181 C45.3_FJ461522 344 (361.5)
denovo181 C46a_AY765405 348 (355.0)
denovo181 C46_EU449108 348 (355.0)
denovo181 C3.12_FJ461507 348 (355.0)
denovo181 C1k_AY589733 346 (358.0)
denovo181 C67_AY686647 347 (352.5)
denovo181 C82a_GU907659 348 (354.5)
denovo181 C10a_AY589739 360 (364.0)
denovo181 C10_AF499799 360 (355.0)
denovo181 C13_AY589740 362 (358.0)
denovo181 C4_AF499794 348 (346.0)
denovo181 C1147_EF656433 350 (352.0)
denovo181 C1c/C45_AY239364 348 (355.0)
denovo181 C1c/C45_EU449103 348 (355.0)
denovo181 C21.19_HE579031 339 (354.0)
denovo181 C21.21_HE579033 341 (342.5)
denovo181 C21.20_HE579032 341 (351.5)
denovo181 C42b_AY765403 372 (337.5)
denovo181 C42_AY258487 372 (337.5)
denovo181 C1p_GU907652 350 (343.0)
denovo181 C1d_AY258488 356 (342.5)
denovo181 C42_AY765402 348 (346.0)
denovo181 C3ha_AY589736 339 (354.0)
denovo181 C63a_AY589767 339 (364.0)
denovo181 C21a_AY589744 339 (362.5)
denovo181 C3o_GU907653 339 (362.5)
denovo181 C21.16_HQ630875 331 (357.0)
denovo181 C21.2_JF683324 337 (366.0)
denovo181 C21.7_JF683328 339 (353.5)
denovo181 C21.8_JF683329 339 (362.5)
denovo181 C3h_AY239365 339 (353.5)
denovo181 C1203_EU099798 339 (362.5)
denovo181 C3.10_FJ461505 347 (351.5)
denovo181 C21.14_FJ461516 336 (362.0)
denovo181 C21.18_HE579030 345 (350.5)
denovo181 C3.17_HE579005 350 (343.0)
denovo181 C3.9_FJ461504 352 (356.5)
denovo181 C3.8_FJ461503 350 (352.0)
denovo181 C3.7_FJ461502 350 (343.0)
denovo181 C3.11_FJ461506 349 (350.0)
denovo181 C3.18_HE579006 351 (354.0)
denovo181 C3.19_HE579007 347 (360.0)
denovo181 C3.20_HE579008 350 (361.0)
denovo181 C3g_AY589735 345 (366.5)
denovo181 C3a_AF499790 350 (361.0)
denovo181 C3e_AF499793 350 (352.0)
denovo181 C6_AF499796 346 (351.0)
denovo181 C11_AF499800 350 (361.0)
denovo181 C36_AY258480 348 (355.0)
denovo181 C29_AY258494 368 (351.0)
denovo181 C1146_EF656434 349 (350.0)
denovo181 C1190_EU099841 350 (361.0)
denovo181 C131_JF320826 350 (352.0)
denovo181 C28_AY239380 371 (345.5)
denovo181 C1012_DQ480604 346 (358.5)
denovo181 C1181_AB294640 347 (356.0)
denovo181 C1180_AB294641 347 (365.0)
denovo181 C1179_AB294645 340 (353.0)
denovo181 C1176_AB294651 344 (356.5)
denovo181 C1175_AB294653 347 (356.0)
denovo181 C1174_AB294655 347 (356.0)
denovo181 C1177_AB294659 344 (356.0)
denovo181 C1040_AB190269 346 (349.5)
denovo181 C1182_AB294649 350 (343.0)
denovo181 C1089_AJ278598 350 (343.0)
denovo181 C1028_DQ335357 347 (353.0)
denovo181 C3.16_EU786015 350 (361.0)
denovo181 C1097_AJ311943 351 (342.0)
denovo181 C1170_AB294661 343 (362.5)
denovo181 C21.17_HE579029 341 (361.0)
denovo181 C21/3d/C3k_AY239372 339 (362.5)
denovo181 C58_AY589762 339 (368.5)
denovo181 C3L_AY589738 343 (356.0)
denovo181 C1169_AB294660 347 (356.0)
denovo181 C3.2_FJ461497 345 (359.0)
denovo181 C3.1_JF683321 349 (352.5)
denovo181 C1104_AF427469 352 (344.5)
denovo181 C3b_AF499791 347 (356.0)
denovo181 C83_GU907661 355 (351.0)
denovo181 C49_AY589754 381 (354.5)
denovo181 C3_AB778606 350 (352.0)
denovo181 C3_AF499789 350 (352.0)
denovo181 C3_HE579001 350 (352.0)
denovo181 C21.12_FJ461514 339 (371.5)
denovo181 C1229_EU074888 343 (336.0)
denovo181 C1230_EU074889 343 (345.0)
denovo181 C1114_AB207196 351 (345.5)
denovo181 C3.21_HE579009 355 (299.0)
denovo181 C1057_DQ480619 350 (343.0)
denovo181 C72_AY765407 362 (343.0)
denovo181 C1b.3_HE578999 345 (350.0)
denovo181 C93_AJ621536 355 (348.5)
denovo181 C94_AJ621539 355 (348.5)
denovo181 C1g_AY589730 350 (361.0)
denovo181 C1i_AY589731 358 (357.0)
denovo181 C1j_AY589732 347 (353.0)
denovo181 C1005_DQ480633 350 (343.0)
denovo181 C1.7_FJ461494 350 (352.0)
denovo181 C1.11_HE578984 350 (343.0)
denovo181 C1.12_HE578985 350 (343.0)
denovo181 C1.13_HE578986 358 (357.5)
denovo181 C1.14_HE578987 354 (355.0)
denovo181 C1.18_HE578991 350 (352.0)
denovo181 C1.19_HE578992 350 (361.0)
denovo181 C1199_EU099802 358 (344.0)
denovo181 C1188_EU099838 359 (352.5)
denovo181 C1002_DQ838544 352 (349.5)
denovo181 C1198_EU099810 350 (343.0)
denovo181 C24_AY239376 358 (348.5)
denovo181 C1f_AY258490 350 (343.0)
denovo181 C1006_DQ480629 348 (346.0)
denovo181 C1010_DQ480607 350 (352.0)
denovo181 C1007_DQ480624 349 (349.0)
denovo181 C1011_DQ480605 356 (352.0)
denovo181 C1009_DQ480608 359 (352.5)
denovo181 C1041_AY186548 351 (354.5)
denovo181 C1052_AY186570 343 (349.0)
denovo181 C1148_EU040178 359 (352.5)
denovo181 C1234_EU118165 361 (354.0)
denovo181 C1.5_EF634157 350 (351.5)
denovo181 C1059_DQ480609 350 (343.0)
denovo181 C1228_EU074883 365 (352.5)
denovo181 C1208_EU074963 350 (351.5)
denovo181 C1207_EU074964 351 (354.5)
denovo181 C1206_EU074965 353 (351.5)
denovo181 C1013_DQ480642 345 (355.5)
denovo181 C80_GU907656 362 (361.0)
denovo181 C1a_AF499788 358 (357.5)
denovo181 C41_AY258486 358 (357.5)
denovo181 C39_AY258484 352 (344.5)
denovo181 C1231_EU074878 353 (351.5)
denovo181 C1b.1_HE578997 348 (358.5)
denovo181 C18_AY258478 357 (355.5)
denovo181 C1.10_HE578983 356 (349.5)
denovo181 C1_JN558041 350 (352.0)
denovo181 C1_HE578979 350 (352.0)
denovo181 C1_AM748551 350 (352.0)
denovo181 C1_AF333515 350 (352.0)
denovo181 C1054_AY186565 363 (352.0)
denovo181 C1008_DQ480613 351 (346.0)
denovo181 C1103_AF427470 352 (344.5)
denovo181 C1226_EU074881 352 (353.5)
denovo181 C1b/C1e_AY239363 345 (359.0)
denovo181 C1044_DQ068038 349 (343.5)
denovo181 C1017_DQ174729 345 (349.0)
denovo181 C1.6_FJ461493 348 (356.0)
denovo181 C1b.2_HE578998 343 (363.0)
denovo181 C1060_DQ480600 350 (343.0)
denovo181 C1227_EU074882 353 (352.0)
denovo181 C1197_EU099814 350 (361.0)
denovo181 C1130_DQ480643 348 (313.5)
denovo181 D109_AB097465 344 (345.5)
denovo181 D1.11_HE579040 343 (354.5)
denovo181 D105_AF174570 346 (353.0)
denovo181 D104_AF174572 359 (361.5)
denovo181 D1.3_JF683337 344 (356.5)
denovo181 D1.10_HE579039 344 (356.5)
denovo181 D110_AF174561 344 (356.5)
denovo181 D117_AF174542 344 (347.5)
denovo181 D114_AF174549 344 (356.5)
denovo181 D113_AF174557 359 (361.5)
denovo181 D112_AF174558 344 (365.5)
denovo181 D106_AF174559 359 (360.5)
denovo181 D111_AF174560 344 (356.5)
denovo181 D115_AF174562 345 (350.0)
denovo181 D107_AF174568 344 (365.5)
denovo181 D116_AF174571 344 (365.5)
denovo181 D124_EU074897 344 (374.5)
denovo181 D1.8_HE579037 344 (347.5)
denovo181 D3_AY686650 359 (361.0)
denovo181 D1.6_HQ630881 337 (355.0)
denovo181 D120_EU074900 344 (365.5)
denovo181 D121_EU074904 344 (356.5)
denovo181 D122_EU074905 359 (352.5)
denovo181 D1a.2_JF683339 346 (364.5)
denovo181 D1a.1_JF683338 359 (370.5)
denovo181 D2_AY686649 587 (388.5)
denovo181 D4_DQ865214 359 (376.5)
denovo181 D1a_AF499802 344 (365.5)
denovo181 D1a_JN558078 344 (365.5)
denovo181 D123_EU074895 344 (356.5)
denovo181 D108_AF174567 343 (363.0)
denovo181 D103_AF174575 346 (354.0)
denovo181 D100_AF411415 352 (356.5)
denovo181 D118_EF656435 358 (376.5)
denovo181 D101_AF411416 352 (345.5)
denovo181 D119_EU099832 361 (361.0)
denovo181 D102_AF174573 344 (360.0)
denovo181 D1_AF334660 344 (356.5)
denovo181 D1_JN558076 344 (356.5)
denovo181 D1.12_HE579041 331 (357.5)
denovo181 D1.1_AM748564 420 (325.5)
denovo181 D1.2_AM748617 429 (333.5)
denovo181 E111_EU074915 345 (410.0)
denovo181 E110_EU074914 338 (422.5)
denovo181 E114_EU074909 338 (422.5)
denovo181 E1_AF334659 346 (406.0)
denovo181 E105_EU074921 345 (416.0)
denovo181 E112_EU074916 338 (416.5)
denovo181 E104_EU074922 338 (422.5)
denovo181 E102_EU074924 338 (413.5)
denovo181 E103_EU074923 338 (422.5)
denovo181 E101_AY160123 345 (414.0)
denovo181 E109_EU074913 337 (431.0)
denovo181 E100_DQ011618 344 (434.0)
denovo181 E108_EU074912 346 (449.0)
denovo181 E113_EU074908 346 (443.5)
denovo181 E107_EU074910 346 (449.0)
denovo181 F1_JN558066 355 (391.5)
denovo181 F5.2d_AJ291530 345 (398.0)
denovo181 F104_AJ291531 345 (398.0)
denovo181 F5.2c_AM748596 345 (397.5)
denovo181 F5.2_AM748594 358 (399.0)
denovo181 F5.2a_AM748614 358 (399.0)
denovo181 F5.2b_AM748595 346 (391.5)
denovo181 F5.2e_AJ291533 356 (390.0)
denovo181 F5.2g_JN558072 353 (401.0)
denovo181 F5.2f_AJ291512 357 (405.0)
denovo181 F102_AJ291534 352 (409.0)
denovo181 F5.1c_AM748593 350 (394.5)
denovo181 F5.1d_JN558069 356 (421.0)
denovo181 F5.1b_AJ291535 351 (405.5)
denovo181 F5.1_AM748592 353 (403.5)
denovo181 F5.1a_AM748591 353 (403.5)
denovo181 F110_AJ291526 348 (438.5)
denovo181 F4.7_AM748587 347 (422.5)
denovo181 F4.5_AM748585 339 (429.5)
denovo181 F4.4a_AM748583 352 (425.5)
denovo181 F4.4_AM748582 349 (413.5)
denovo181 F4.4b_AM748584 349 (414.5)
denovo181 F4.1a_AM748573 324 (389.5)
denovo181 F112_AJ291528 333 (397.0)
denovo181 F4.1_AM748572 333 (397.0)
denovo181 F4.8b_AM748590 342 (413.5)
denovo181 F4.8_AM748588 340 (407.0)
denovo181 F4.8a_AM748589 341 (411.0)
denovo181 F109_AJ291527 336 (422.5)
denovo181 F4.6_AM748586 357 (386.0)
denovo181 F111_AJ311949 336 (414.5)
denovo181 F4.3c_AM748581 349 (412.5)
denovo181 F4.3a_AM748579 349 (404.0)
denovo181 F4.3b_AM748580 348 (409.5)
denovo181 F4.3_AM748578 349 (404.0)
denovo181 F4.2_AM748574 346 (425.5)
denovo181 F4.2a_AM748575 350 (405.0)
denovo181 F4.2c_AM748577 347 (410.5)
denovo181 F4.2b_AM748576 350 (414.0)
denovo181 F2b_AJ291521 346 (416.0)
denovo181 F2_AJ830908 345 (404.5)
denovo181 F2a_AJ830911 354 (401.0)
denovo181 F3.1a_AM748566 352 (428.5)
denovo181 F114_AJ291525 348 (444.0)
denovo181 F3.1_AM748565 348 (444.0)
denovo181 F3.2_AM748567 360 (426.0)
denovo181 F3.2a_AM748568 338 (433.5)
denovo181 F3.3_AM748569 363 (409.5)
denovo181 F3.4a_AM748571 363 (411.5)
denovo181 F3.4_AM748570 365 (408.5)
denovo181 F3.4b_AM748616 365 (408.5)
denovo181 G101_AJ291539 363 (340.5)
denovo181 G1_AM748597 361 (335.5)
denovo181 G2b_JN558087 345 (342.0)
denovo181 G2_AM748598 341 (340.0)
denovo181 G2a_AM748599 341 (349.0)
denovo181 G4_AM748601 351 (339.5)
denovo181 G3.4_LK392378 345 (369.0)
denovo181 G3_AM748600 348 (351.5)
denovo181 G3.2_KC597694 341 (320.0)
denovo181 G3.1_KC597688 351 (342.0)
denovo181 G100_AB253788 347 (349.0)
denovo181 G3.3_LK392377 358 (345.5)
denovo181 H6_AJ291520 641 (305.0)
denovo181 H3_AM748606 337 (329.0)
denovo181 H2_AM748605 355 (303.5)
denovo181 H4_AM748607 333 (314.5)
denovo181 H4a_AM748608 358 (306.0)
denovo181 H5a_AM748611 355 (305.0)
denovo181 H5b_AM748610 356 (309.5)
denovo181 H5_AJ621129 355 (305.0)
denovo181 H5_AM748609 355 (305.0)
denovo181 H100_AJ291513 351 (306.0)
denovo181 H1b_AM748604 356 (316.5)
denovo181 H1a_AM748612 351 (319.0)
denovo181 H1_AJ621152 351 (310.0)
denovo181 H1_AM748602 351 (310.0)
denovo181 I3_FN561561 357 (480.0)
denovo181 I4_FN561562 350 (475.0)
denovo181 I1_FN561559 353 (457.5)
denovo181 I2_FN561560 358 (472.5)

#---------------------------------------
#---------------------------------------
