denovo140 A136_DQ865210 327 (509.5)
denovo140 A133_DQ174725 342 (471.0)
denovo140 A115_AF180123 344 (465.5)
denovo140 A117_AF201746 336 (483.5)
denovo140 A134_DQ174723 343 (487.5)
denovo140 A114_AF184941 336 (483.5)
denovo140 A135_DQ174727 343 (496.0)
denovo140 A2_AF333506 344 (486.0)
denovo140 A101_AF427468 343 (487.0)
denovo140 A2_1_JN558097 343 (487.0)
denovo140 A2_2_JN558100 343 (487.0)
denovo140 A113_AF184948 331 (506.0)
denovo140 A112_AF184949 333 (483.5)
denovo140 A123_EF378618 344 (321.0)
denovo140 A137_EF378621 347 (331.5)
denovo140 A11_EU449041 348 (503.5)
denovo140 A121_DQ174722 339 (481.5)
denovo140 A15b_EU792886 340 (469.0)
denovo140 A15a_EU792885 340 (487.0)
denovo140 A15c_EU792887 343 (477.0)
denovo140 A15_EU792884 340 (478.0)
denovo140 A147_EU074937 342 (502.0)
denovo140 A154_EU074860 342 (502.0)
denovo140 A146_EU074936 342 (493.0)
denovo140 A150_EU074928 342 (501.5)
denovo140 A116_AF183575 342 (493.0)
denovo140 A141_EU074931 342 (502.0)
denovo140 A5_AF333508 342 (507.0)
denovo140 A3b_EU449043 342 (502.0)
denovo140 A151_EU074925 342 (502.5)
denovo140 A152_EU074927 345 (501.5)
denovo140 A149_EU074929 340 (496.0)
denovo140 A140_EU074930 342 (493.0)
denovo140 A142_EU074932 342 (493.0)
denovo140 A143_EU074933 342 (511.0)
denovo140 A144_EU074934 342 (493.0)
denovo140 A145_EU074935 345 (501.0)
denovo140 A148_EU074938 342 (493.0)
denovo140 A155_EU074856 342 (493.0)
denovo140 A156_EU074859 342 (493.0)
denovo140 A139_EU074962 342 (493.0)
denovo140 A6_AF186058 342 (502.0)
denovo140 A3_AF333507 342 (502.0)
denovo140 A3_JN558091 342 (502.0)
denovo140 A8_AY258468 340 (478.0)
denovo140 A7_AY239360 340 (487.0)
denovo140 A16_EU792888 340 (496.0)
denovo140 A4.3_FN429763 341 (488.0)
denovo140 A120_AF180122 341 (478.0)
denovo140 A4.2_FN429761 339 (488.0)
denovo140 A4_AF333509 339 (507.0)
denovo140 A4.1_FN429760 338 (502.0)
denovo140 A4a_AF499778 339 (507.5)
denovo140 A4a.1_FN429762 339 (507.5)
denovo140 A138_EF378620 345 (444.0)
denovo140 A122_EF378619 344 (481.0)
denovo140 A126_EF378615 343 (482.0)
denovo140 A10_EU792882 343 (482.0)
denovo140 A9_EU449028 345 (488.0)
denovo140 A105_AB207202 341 (503.5)
denovo140 A119_AF180121 338 (476.5)
denovo140 A12_EU792883 333 (488.0)
denovo140 A104_AB207203 337 (499.5)
denovo140 A1a_EU449030 340 (492.0)
denovo140 A1.3_HE578976 341 (495.0)
denovo140 A1.4_HE578977 341 (486.0)
denovo140 A13_AF333504 341 (503.5)
denovo140 A13_JN558094 341 (503.5)
denovo140 A110_AB190282 346 (491.5)
denovo140 A103_AB207206 335 (503.0)
denovo140 A130_EF656428 341 (495.0)
denovo140 A127_EF656429 341 (503.5)
denovo140 A128_EF656430 341 (486.0)
denovo140 A129_EF656431 345 (498.0)
denovo140 A131_EF656432 341 (504.0)
denovo140 A118_AF180120 334 (475.5)
denovo140 A1_AF333505 341 (495.0)
denovo140 A107_AB207199 338 (502.5)
denovo140 A111_AB190280 337 (509.0)
denovo140 A108_AB207197 335 (488.0)
denovo140 A106_AB207200 335 (502.5)
denovo140 A102_AB207209 335 (503.0)
denovo140 A1.2_AB207210 335 (503.0)
denovo140 A109_AB190285 335 (502.5)
denovo140 B4_AF333510 317 (1070.0)
denovo140 B23_EU449079 303 (1243.0)
denovo140 B30_GU907644 303 (1225.0)
denovo140 B11_AY239361 308 (1231.5)
denovo140 B17_AY258470 306 (1223.5)
denovo140 B1k_GU907638 306 (666.5)
denovo140 B1.V_Green2014 314 (1183.5)
denovo140 B1b_AF499780 304 (1185.5)
denovo140 B16_AY258469 306 (1232.5)
denovo140 B31a_GU907646 306 (1241.5)
denovo140 B32_GU907647 306 (1241.5)
denovo140 B31_GU907645 306 (1250.5)
denovo140 B1j_GU907637 306 (1232.5)
denovo140 B37_GU907650 308 (1231.0)
denovo140 B5a_AF499782 306 (1250.5)
denovo140 B5_AF499781 306 (1259.5)
denovo140 B24_GU907643 306 (1090.5)
denovo140 B117_AF180124 306 (1133.0)
denovo140 B10_AF499787 306 (1232.5)
denovo140 B20_GU907642 308 (1216.0)
denovo140 B1m_GU907640 306 (1241.5)
denovo140 B34_GU907649 306 (1241.5)
denovo140 B1d_GU907633 306 (1241.5)
denovo140 B1e_GU907634 306 (1241.5)
denovo140 B1i_GU907636 306 (1241.5)
denovo140 B1g_GU907635 307 (1222.5)
denovo140 B123_EU074872 306 (1232.5)
denovo140 B8_AF499785 307 (1231.5)
denovo140 B1l_GU907639 306 (1241.5)
denovo140 B1a_AF499779 306 (1241.5)
denovo140 B14_AY239362 307 (1249.5)
denovo140 B125_EU074865 306 (1241.5)
denovo140 B122_EU074871 306 (1259.0)
denovo140 B124_EU074874 306 (1241.5)
denovo140 B1.VII_Green2014 306 (1198.5)
denovo140 B1.III_Green2014 306 (1178.5)
denovo140 B1.I_Green2014 306 (1250.5)
denovo140 B1.II_Green2014 306 (1250.5)
denovo140 B1_JN558057 306 (1250.5)
denovo140 B1_AF333511 306 (1250.5)
denovo140 B1.IV_Green2014 316 (1236.0)
denovo140 B121_EU074870 306 (1241.5)
denovo140 B7_AF499784 306 (1241.5)
denovo140 B1.VI_Green2014 307 (1181.5)
denovo140 B3_AF333514 302 (1280.0)
denovo140 B9_AF499786 302 (1289.0)
denovo140 B19a_JN558055 302 (1171.0)
denovo140 B119_EU099825 311 (1187.0)
denovo140 B21_DQ865213 302 (1275.0)
denovo140 B38_GU907651 302 (1275.0)
denovo140 B18_AY258471 302 (1298.0)
denovo140 B18a_AY258472 302 (1307.0)
denovo140 B33_GU907648 302 (1298.0)
denovo140 B6_AF499783 307 (1294.5)
denovo140 B19_DQ865212 302 (1316.0)
denovo140 B19_GU907641 302 (1316.0)
denovo140 B2_AF333512 302 (1307.0)
denovo140 B2_JN558060 302 (1307.0)
denovo140 C33.1_AY258498 326 (616.5)
denovo140 C33.2_AY765400 326 (616.5)
denovo140 C33a_EF541147 326 (616.5)
denovo140 C34_AY258499 319 (614.5)
denovo140 C78_AY765413 345 (592.5)
denovo140 C15.29_KC597690 327 (571.0)
denovo140 C1131_DQ182650 327 (563.5)
denovo140 C1135_DQ182646 319 (550.0)
denovo140 C1134_DQ182647 322 (549.5)
denovo140 C1142_DQ182635 322 (558.5)
denovo140 C1136_DQ182644 320 (541.5)
denovo140 C1111_DQ182645 320 (559.5)
denovo140 C1236_EF473656 320 (541.5)
denovo140 C1138_DQ182642 317 (551.0)
denovo140 C1137_DQ182643 320 (541.5)
denovo140 C1133_DQ182648 320 (541.5)
denovo140 C1132_DQ182649 324 (544.0)
denovo140 C1143_DQ182634 320 (550.5)
denovo140 C1139_DQ182639 322 (576.5)
denovo140 C15.28_KC597687 323 (616.5)
denovo140 C1141_DQ182636 323 (570.0)
denovo140 C1144_DQ182637 323 (570.5)
denovo140 C1122_DQ182654 322 (585.5)
denovo140 C1127_DQ182652 322 (585.5)
denovo140 C15.30_JX394114 325 (612.5)
denovo140 C15.26_KC597686 322 (595.0)
denovo140 C1086_DQ182656 324 (609.5)
denovo140 C15.25_KC597685 324 (618.5)
denovo140 C1118_AF180127 331 (555.0)
denovo140 C1129_DQ182651 324 (555.0)
denovo140 C15.21_KC597683 324 (610.0)
denovo140 C56_AY589760 323 (616.0)
denovo140 C1140_DQ182638 325 (567.0)
denovo140 C1126_DQ182653 325 (558.0)
denovo140 C15c_AY258492 320 (617.0)
denovo140 C15d_AY258493 319 (623.5)
denovo140 C1098_DQ182641 321 (598.5)
denovo140 C15.27_KC597689 324 (610.0)
denovo140 C15.18_HE579024 321 (610.5)
denovo140 C15.16_HE579022 329 (633.5)
denovo140 C1101_AB253787 324 (601.0)
denovo140 C1083_AY237300 324 (619.0)
denovo140 C1088_DQ182640 324 (610.0)
denovo140 C15.6_FN563472 324 (610.0)
denovo140 C15.5_FJ461512 324 (610.5)
denovo140 C15.4_FJ461511 324 (610.5)
denovo140 C15.13_HE579019 324 (601.0)
denovo140 C15.12_HE579018 324 (610.0)
denovo140 C93a_AM748563 323 (634.5)
denovo140 C1094_AJ291514 323 (616.5)
denovo140 C93_AM748562 323 (625.5)
denovo140 C15.17_HE579023 324 (622.0)
denovo140 C15e_AY589742 324 (613.0)
denovo140 C15.22_KC597695 324 (610.0)
denovo140 C60_AY589764 325 (612.5)
denovo140 C15.1_FJ461508 324 (619.0)
denovo140 C15.2_FJ461509 324 (610.0)
denovo140 C15.9_FN563475 324 (618.5)
denovo140 C15.7_HE579015 324 (610.0)
denovo140 C15.8_HE579016 324 (610.0)
denovo140 C15.15_HE579021 324 (610.0)
denovo140 C15.19_HE579025 324 (618.5)
denovo140 C15.24_KC597696 324 (610.0)
denovo140 C15.3_FJ461510 324 (610.5)
denovo140 C1087_DQ182655 324 (619.0)
denovo140 C15.14_HE579020 325 (609.0)
denovo140 C15.23_KC597697 325 (609.0)
denovo140 C19_AY258479 322 (625.5)
denovo140 C1233_EU118166 324 (610.0)
denovo140 C15b_AY258491 324 (610.0)
denovo140 C15a_AY258476 324 (619.5)
denovo140 C1051_AF195153 324 (628.0)
denovo140 C2_AF333518 325 (627.0)
denovo140 C15.20_HE579026 325 (618.0)
denovo140 C15f_AY589743 324 (615.5)
denovo140 C55_AY589759 328 (616.5)
denovo140 C15_AY239369 324 (619.0)
denovo140 C32.1_JF683335 325 (590.5)
denovo140 C32.2_JF683336 327 (596.0)
denovo140 C21.23_KC597693 327 (596.0)
denovo140 C1193_EU099827 333 (605.5)
denovo140 C1195_EU099821 331 (583.0)
denovo140 C3q_GU907655 329 (591.5)
denovo140 C53_AY589758 332 (588.5)
denovo140 C73_AY765408 330 (608.5)
denovo140 C17.2.1_KC597684 326 (584.5)
denovo140 C32_AY258497 323 (584.5)
denovo140 C1189_EU099831 323 (596.0)
denovo140 C1191_EU099833 322 (602.5)
denovo140 C1196_EU099819 323 (578.0)
denovo140 C1192_EU099820 323 (578.0)
denovo140 C17.1_JF683322 323 (596.0)
denovo140 C26_b2_FN827164 327 (604.5)
denovo140 C26_b3_FN827165 323 (584.0)
denovo140 C31.9_HQ630879 325 (591.5)
denovo140 C31a_AY589746 325 (597.0)
denovo140 C30_AY589745 325 (597.0)
denovo140 C31.1_HQ630876 329 (598.5)
denovo140 C31.5_HQ630877 324 (602.5)
denovo140 C31.6_HQ630878 325 (606.0)
denovo140 C31.2_JF683332 325 (606.0)
denovo140 C31.3_JF683333 326 (600.0)
denovo140 C26/C35a_AY239378 323 (593.0)
denovo140 C35a_AY258501 323 (593.0)
denovo140 C35.2_AY258500 323 (602.0)
denovo140 C26_b1_FN827163 323 (602.0)
denovo140 C17_AY239370 323 (596.0)
denovo140 C17.2_FJ461513 325 (595.0)
denovo140 C31.10_HQ630880 325 (600.5)
denovo140 C31.4_JF683334 329 (594.5)
denovo140 C31_AY258496 325 (606.0)
denovo140 C25_AY239377 327 (594.0)
denovo140 C61_AY589765 325 (569.5)
denovo140 C1043_DQ072721 323 (565.5)
denovo140 C79_AY765414 320 (590.5)
denovo140 C69_AY589773 318 (583.5)
denovo140 C69a_AY686648 318 (574.5)
denovo140 C21.22_KC597692 330 (597.0)
denovo140 C51_AY589756 322 (587.0)
denovo140 C1aa_HM185739 331 (595.0)
denovo140 C1096_DQ068023 323 (585.5)
denovo140 C74_AY765409 326 (611.0)
denovo140 C1185_AB294629 328 (608.0)
denovo140 C1184_AB294630 328 (608.0)
denovo140 C1153_AB294625 328 (617.0)
denovo140 C1154_AB294626 327 (623.5)
denovo140 C1187_AB294627 328 (608.0)
denovo140 C1186_AB294628 328 (617.0)
denovo140 C57_AY589761 328 (617.0)
denovo140 C66_AY589771 328 (617.0)
denovo140 C5_AF499795 323 (625.0)
denovo140 C1167_AB294586 324 (610.0)
denovo140 C1164_AB294593 323 (616.0)
denovo140 C1183_AB294631 323 (625.0)
denovo140 C1067_DQ335381 323 (598.5)
denovo140 C1159_AB294613 324 (615.5)
denovo140 C1150_AB294622 324 (624.5)
denovo140 C90_AM748554 325 (623.5)
denovo140 C1168_AB294583 323 (607.5)
denovo140 C1156_AB294616 324 (619.5)
denovo140 C1151_AB294621 323 (625.5)
denovo140 C92a_AM748561 323 (625.5)
denovo140 C92_AM748560 323 (616.5)
denovo140 C1165_AB294581 323 (634.0)
denovo140 C1166_AB294584 323 (634.0)
denovo140 C1162_AB294594 320 (616.5)
denovo140 C1163_AB294596 324 (619.0)
denovo140 C1161_AB294606 323 (625.0)
denovo140 C1160_AB294608 327 (617.5)
denovo140 C1158_AB294614 323 (633.5)
denovo140 C1155_AB294617 323 (616.0)
denovo140 C1149_AB294620 323 (625.0)
denovo140 C1173_AB294662 323 (634.0)
denovo140 C1171_AB294663 323 (616.0)
denovo140 C1172_AB294665 323 (616.0)
denovo140 C91a_AM748556 323 (625.0)
denovo140 C91b_AM748557 321 (627.5)
denovo140 C91d_AM748559 322 (622.0)
denovo140 C91c_AM748558 322 (622.0)
denovo140 C91_AJ621543 323 (625.0)
denovo140 C91_AM748555 323 (625.0)
denovo140 C1023_DQ335330 318 (578.5)
denovo140 C1020_DQ335392 327 (601.0)
denovo140 C1018_DQ335408 323 (607.5)
denovo140 C1074_DQ335329 323 (598.5)
denovo140 C1030_DQ335353 323 (598.5)
denovo140 C1022_DQ335331 334 (604.0)
denovo140 C1027_DQ335360 323 (616.5)
denovo140 C1072_DQ335344 323 (598.5)
denovo140 C1039_AB190274 323 (606.5)
denovo140 C1033_DQ335350 328 (595.5)
denovo140 C1019_DQ335407 323 (607.5)
denovo140 C1194_EU099826 324 (585.5)
denovo140 C8b_AY258475 324 (585.5)
denovo140 C8_AY239367 325 (594.0)
denovo140 C8a_AY239368 327 (590.0)
denovo140 C54a_AY765406 323 (616.5)
denovo140 C3ff_HM185740 323 (598.5)
denovo140 C59_AY589763 327 (583.5)
denovo140 C3k_AY589737 346 (604.0)
denovo140 C3.24_HE579012 345 (610.5)
denovo140 C3.23_HE579011 346 (604.0)
denovo140 C35.1_AY765401 325 (622.5)
denovo140 C35.3_EF541145 318 (620.5)
denovo140 C76_AY765411 327 (607.5)
denovo140 C1107_DQ335359 324 (578.0)
denovo140 C3.22_HE579010 326 (599.5)
denovo140 C77_AY765412 326 (603.5)
denovo140 C20_AY239371 323 (608.0)
denovo140 C1055_DQ480640 321 (598.0)
denovo140 C27/C30_AY239379 320 (593.0)
denovo140 C27.1_FJ461517 320 (584.0)
denovo140 C40a_AY589747 325 (603.0)
denovo140 C40_AY258485 325 (603.0)
denovo140 C40b_AY589748 332 (595.0)
denovo140 C16_AY258477 326 (607.0)
denovo140 C16a_AY765399 327 (609.0)
denovo140 C1091_AB207186 320 (617.0)
denovo140 C1102_DQ335400 320 (609.0)
denovo140 C1069_DQ335375 327 (601.5)
denovo140 C1073_DQ335332 320 (600.0)
denovo140 C1066_DQ335382 319 (596.5)
denovo140 C1031_DQ335352 325 (614.5)
denovo140 C1026_DQ335366 328 (613.0)
denovo140 C70_AY589774 320 (618.0)
denovo140 C1082_AB190267 320 (600.0)
denovo140 C1078_AB190271 320 (617.5)
denovo140 C1090_AB207191 320 (609.0)
denovo140 C1071_DQ335302 320 (609.0)
denovo140 C1075_DQ335328 320 (609.0)
denovo140 C1068_DQ335379 321 (602.0)
denovo140 C1064_DQ335395 320 (600.0)
denovo140 C1063_DQ335403 323 (607.5)
denovo140 C62_AY589766 320 (609.0)
denovo140 C1077_DQ335316 320 (614.0)
denovo140 C1109_DQ335338 320 (600.0)
denovo140 C1110_DQ335340 320 (591.0)
denovo140 C1106_DQ335339 320 (590.0)
denovo140 C1112_DQ335319 320 (599.0)
denovo140 C1108_DQ335351 320 (590.0)
denovo140 C1105_DQ335394 320 (599.0)
denovo140 C1121_DQ335378 327 (592.0)
denovo140 C1116_AB190268 327 (602.0)
denovo140 C1115_AB190273 327 (601.0)
denovo140 C1124_DQ335323 320 (581.0)
denovo140 C1120_DQ335398 321 (584.0)
denovo140 C1119_DQ335404 320 (590.0)
denovo140 C1123_DQ335363 320 (590.0)
denovo140 C1004_DQ480635 323 (607.0)
denovo140 C1061_AY186568 323 (598.0)
denovo140 C1053_AY186569 323 (607.0)
denovo140 C1003_DQ480639 323 (607.0)
denovo140 C81_GU907657 335 (588.0)
denovo140 C22_AY239373 318 (618.0)
denovo140 C22a_AY239374 320 (614.5)
denovo140 C1232_EU118163 351 (600.0)
denovo140 C21.13_FJ461515 323 (578.0)
denovo140 C21.1_JF683323 323 (614.0)
denovo140 C21.3_JF683325 324 (598.5)
denovo140 C1.20_HE578993 324 (592.5)
denovo140 C1.22_HE578995 324 (583.5)
denovo140 C52_AY589757 319 (608.5)
denovo140 C1201_EU099793 323 (567.5)
denovo140 C14_AY589741 329 (610.0)
denovo140 C43_AY589749 325 (613.0)
denovo140 C50_AY589755 323 (616.5)
denovo140 C3.14_HQ630872 323 (598.5)
denovo140 C1m_AY765398 319 (605.5)
denovo140 C82_GU907658 333 (608.5)
denovo140 C82b_GU907660 333 (608.5)
denovo140 C64_AY589768 347 (606.5)
denovo140 C45a_AY765404 325 (612.0)
denovo140 C48_AY589753 323 (627.0)
denovo140 C1_v1b_FJ919244 322 (604.0)
denovo140 C1_v1a_FJ919243 322 (604.0)
denovo140 C3j_AY239366 323 (598.5)
denovo140 C3t_EF541149 323 (607.5)
denovo140 C9_AF499798 322 (613.5)
denovo140 C23_AY239375 327 (610.0)
denovo140 C37_AY258481 327 (600.5)
denovo140 C1048_DQ068026 325 (603.0)
denovo140 C21.4_JF683326 323 (614.0)
denovo140 C21.5_JF683327 323 (614.0)
denovo140 C1070_DQ335349 323 (616.5)
denovo140 C21.6_HQ630873 323 (614.0)
denovo140 C1224_EU074890 322 (622.0)
denovo140 C1.17_HE578990 322 (622.0)
denovo140 C21_b1_FN827162 320 (597.0)
denovo140 C21.9_JF683330 320 (606.0)
denovo140 C1085_AY624605 320 (609.0)
denovo140 C3p_GU907654 323 (592.5)
denovo140 C3f_AY589734 323 (616.5)
denovo140 C65a_AY589770 322 (613.0)
denovo140 C65_AY589769 322 (622.0)
denovo140 C71_AY589775 322 (613.0)
denovo140 C71a_AY589776 322 (604.0)
denovo140 C1178_AB294647 322 (599.0)
denovo140 C1225_EU074893 320 (617.0)
denovo140 C75_AY765410 325 (604.0)
denovo140 C21.10_JF683331 323 (603.5)
denovo140 C21.11_HQ630874 323 (603.5)
denovo140 C1065_DQ335388 323 (616.5)
denovo140 C1045_DQ068036 323 (625.5)
denovo140 C1h_AY258473 347 (606.5)
denovo140 C38_AY258482 349 (603.0)
denovo140 C1202_EU099799 348 (601.0)
denovo140 C7_AF499797 348 (610.0)
denovo140 C12_AF499801 350 (599.5)
denovo140 C38a_AY258483 349 (608.5)
denovo140 C1200_EU099800 339 (608.0)
denovo140 C44a_AY589751 323 (616.0)
denovo140 C47_AY589752 325 (621.0)
denovo140 C44_AY589750 325 (612.0)
denovo140 C1.15_HE578988 322 (613.0)
denovo140 C45.3_FJ461522 325 (612.0)
denovo140 C46a_AY765405 325 (612.0)
denovo140 C46_EU449108 325 (612.0)
denovo140 C3.12_FJ461507 326 (615.5)
denovo140 C1k_AY589733 325 (603.0)
denovo140 C67_AY686647 325 (612.0)
denovo140 C82a_GU907659 325 (612.0)
denovo140 C10a_AY589739 325 (612.0)
denovo140 C10_AF499799 325 (603.0)
denovo140 C13_AY589740 327 (606.0)
denovo140 C4_AF499794 325 (603.0)
denovo140 C1147_EF656433 325 (603.0)
denovo140 C1c/C45_AY239364 325 (612.0)
denovo140 C1c/C45_EU449103 325 (612.0)
denovo140 C21.19_HE579031 323 (605.0)
denovo140 C21.21_HE579033 323 (596.0)
denovo140 C21.20_HE579032 323 (605.0)
denovo140 C42b_AY765403 325 (603.5)
denovo140 C42_AY258487 325 (603.5)
denovo140 C1p_GU907652 322 (604.0)
denovo140 C1d_AY258488 323 (597.5)
denovo140 C42_AY765402 325 (603.0)
denovo140 C3ha_AY589736 323 (596.0)
denovo140 C63a_AY589767 325 (613.0)
denovo140 C21a_AY589744 323 (605.0)
denovo140 C3o_GU907653 341 (605.0)
denovo140 C21.16_HQ630875 323 (604.5)
denovo140 C21.2_JF683324 323 (596.0)
denovo140 C21.7_JF683328 322 (602.5)
denovo140 C21.8_JF683329 323 (605.0)
denovo140 C3h_AY239365 323 (596.0)
denovo140 C1203_EU099798 323 (596.0)
denovo140 C3.10_FJ461505 323 (625.5)
denovo140 C21.14_FJ461516 323 (614.0)
denovo140 C21.18_HE579030 330 (596.0)
denovo140 C3.17_HE579005 323 (607.5)
denovo140 C3.9_FJ461504 323 (604.5)
denovo140 C3.8_FJ461503 323 (616.5)
denovo140 C3.7_FJ461502 323 (607.5)
denovo140 C3.11_FJ461506 330 (619.0)
denovo140 C3.18_HE579006 323 (607.5)
denovo140 C3.19_HE579007 323 (607.5)
denovo140 C3.20_HE579008 323 (607.5)
denovo140 C3g_AY589735 326 (599.5)
denovo140 C3a_AF499790 321 (619.5)
denovo140 C3e_AF499793 323 (607.5)
denovo140 C6_AF499796 330 (609.5)
denovo140 C11_AF499800 323 (607.5)
denovo140 C36_AY258480 323 (607.5)
denovo140 C29_AY258494 323 (625.5)
denovo140 C1146_EF656434 323 (607.5)
denovo140 C1190_EU099841 323 (625.5)
denovo140 C131_JF320826 323 (607.5)
denovo140 C28_AY239380 327 (613.5)
denovo140 C1012_DQ480604 323 (607.5)
denovo140 C1181_AB294640 323 (592.5)
denovo140 C1180_AB294641 323 (610.5)
denovo140 C1179_AB294645 324 (594.5)
denovo140 C1176_AB294651 321 (604.5)
denovo140 C1175_AB294653 323 (601.5)
denovo140 C1174_AB294655 325 (598.0)
denovo140 C1177_AB294659 323 (601.0)
denovo140 C1040_AB190269 325 (613.0)
denovo140 C1182_AB294649 323 (607.5)
denovo140 C1089_AJ278598 323 (607.5)
denovo140 C1028_DQ335357 330 (618.5)
denovo140 C3.16_EU786015 323 (625.5)
denovo140 C1097_AJ311943 324 (606.0)
denovo140 C1170_AB294661 323 (601.5)
denovo140 C21.17_HE579029 323 (615.5)
denovo140 C21/3d/C3k_AY239372 323 (605.0)
denovo140 C58_AY589762 324 (604.5)
denovo140 C3L_AY589738 326 (612.0)
denovo140 C1169_AB294660 323 (601.5)
denovo140 C3.2_FJ461497 323 (610.5)
denovo140 C3.1_JF683321 322 (616.0)
denovo140 C1104_AF427469 324 (606.5)
denovo140 C3b_AF499791 323 (619.5)
denovo140 C83_GU907661 323 (619.0)
denovo140 C49_AY589754 356 (626.0)
denovo140 C3_AB778606 323 (616.5)
denovo140 C3_AF499789 323 (616.5)
denovo140 C3_HE579001 323 (616.5)
denovo140 C21.12_FJ461514 323 (587.0)
denovo140 C1229_EU074888 319 (608.5)
denovo140 C1230_EU074889 319 (617.5)
denovo140 C1114_AB207196 323 (616.5)
denovo140 C3.21_HE579009 323 (547.5)
denovo140 C1057_DQ480619 323 (607.5)
denovo140 C72_AY765407 319 (603.5)
denovo140 C1b.3_HE578999 322 (598.0)
denovo140 C93_AJ621536 323 (607.5)
denovo140 C94_AJ621539 322 (604.0)
denovo140 C1g_AY589730 322 (622.0)
denovo140 C1i_AY589731 322 (613.0)
denovo140 C1j_AY589732 329 (615.0)
denovo140 C1005_DQ480633 322 (604.0)
denovo140 C1.7_FJ461494 322 (613.0)
denovo140 C1.11_HE578984 323 (607.0)
denovo140 C1.12_HE578985 322 (604.0)
denovo140 C1.13_HE578986 323 (607.5)
denovo140 C1.14_HE578987 322 (613.0)
denovo140 C1.18_HE578991 322 (604.0)
denovo140 C1.19_HE578992 322 (604.0)
denovo140 C1199_EU099802 320 (601.5)
denovo140 C1188_EU099838 320 (616.5)
denovo140 C1002_DQ838544 323 (616.5)
denovo140 C1198_EU099810 322 (604.0)
denovo140 C24_AY239376 322 (604.0)
denovo140 C1f_AY258490 322 (613.0)
denovo140 C1006_DQ480629 322 (622.0)
denovo140 C1010_DQ480607 322 (604.0)
denovo140 C1007_DQ480624 322 (604.0)
denovo140 C1011_DQ480605 322 (604.0)
denovo140 C1009_DQ480608 326 (606.0)
denovo140 C1041_AY186548 322 (613.0)
denovo140 C1052_AY186570 322 (604.0)
denovo140 C1148_EU040178 322 (613.0)
denovo140 C1234_EU118165 323 (603.0)
denovo140 C1.5_EF634157 322 (613.0)
denovo140 C1059_DQ480609 322 (604.0)
denovo140 C1228_EU074883 322 (604.0)
denovo140 C1208_EU074963 322 (604.0)
denovo140 C1207_EU074964 322 (613.0)
denovo140 C1206_EU074965 322 (604.0)
denovo140 C1013_DQ480642 320 (608.0)
denovo140 C80_GU907656 336 (610.0)
denovo140 C1a_AF499788 322 (613.0)
denovo140 C41_AY258486 322 (613.0)
denovo140 C39_AY258484 311 (610.5)
denovo140 C1231_EU074878 322 (604.0)
denovo140 C1b.1_HE578997 322 (598.0)
denovo140 C18_AY258478 322 (613.0)
denovo140 C1.10_HE578983 321 (607.0)
denovo140 C1_JN558041 322 (613.0)
denovo140 C1_HE578979 322 (613.0)
denovo140 C1_AM748551 322 (613.0)
denovo140 C1_AF333515 322 (613.0)
denovo140 C1054_AY186565 321 (616.5)
denovo140 C1008_DQ480613 322 (604.0)
denovo140 C1103_AF427470 323 (603.0)
denovo140 C1226_EU074881 323 (603.0)
denovo140 C1b/C1e_AY239363 322 (607.0)
denovo140 C1044_DQ068038 322 (598.0)
denovo140 C1017_DQ174729 323 (597.0)
denovo140 C1.6_FJ461493 322 (622.0)
denovo140 C1b.2_HE578998 322 (616.0)
denovo140 C1060_DQ480600 322 (604.0)
denovo140 C1227_EU074882 322 (604.0)
denovo140 C1197_EU099814 322 (604.0)
denovo140 C1130_DQ480643 322 (507.5)
denovo140 D109_AB097465 350 (450.0)
denovo140 D1.11_HE579040 358 (457.5)
denovo140 D105_AF174570 348 (455.0)
denovo140 D104_AF174572 363 (454.0)
denovo140 D1.3_JF683337 353 (450.5)
denovo140 D1.10_HE579039 356 (443.0)
denovo140 D110_AF174561 374 (444.5)
denovo140 D117_AF174542 356 (443.0)
denovo140 D114_AF174549 355 (456.0)
denovo140 D113_AF174557 356 (452.5)
denovo140 D112_AF174558 359 (443.5)
denovo140 D106_AF174559 356 (461.0)
denovo140 D111_AF174560 356 (452.0)
denovo140 D115_AF174562 356 (443.0)
denovo140 D107_AF174568 354 (454.5)
denovo140 D116_AF174571 356 (441.5)
denovo140 D124_EU074897 361 (457.5)
denovo140 D1.8_HE579037 352 (448.5)
denovo140 D3_AY686650 356 (452.0)
denovo140 D1.6_HQ630881 356 (452.0)
denovo140 D120_EU074900 356 (443.0)
denovo140 D121_EU074904 356 (450.5)
denovo140 D122_EU074905 354 (453.0)
denovo140 D1a.2_JF683339 363 (456.5)
denovo140 D1a.1_JF683338 356 (461.0)
denovo140 D2_AY686649 553 (508.5)
denovo140 D4_DQ865214 357 (451.5)
denovo140 D1a_AF499802 356 (452.0)
denovo140 D1a_JN558078 356 (452.0)
denovo140 D123_EU074895 365 (454.5)
denovo140 D108_AF174567 376 (451.0)
denovo140 D103_AF174575 372 (448.0)
denovo140 D100_AF411415 353 (452.0)
denovo140 D118_EF656435 352 (466.5)
denovo140 D101_AF411416 353 (437.0)
denovo140 D119_EU099832 374 (446.0)
denovo140 D102_AF174573 356 (455.5)
denovo140 D1_AF334660 356 (452.0)
denovo140 D1_JN558076 356 (452.0)
denovo140 D1.12_HE579041 340 (442.0)
denovo140 D1.1_AM748564 431 (489.0)
denovo140 D1.2_AM748617 421 (486.0)
denovo140 E111_EU074915 362 (435.5)
denovo140 E110_EU074914 368 (445.5)
denovo140 E114_EU074909 367 (433.5)
denovo140 E1_AF334659 369 (426.5)
denovo140 E105_EU074921 368 (436.5)
denovo140 E112_EU074916 368 (436.5)
denovo140 E104_EU074922 368 (445.5)
denovo140 E102_EU074924 368 (436.5)
denovo140 E103_EU074923 368 (445.5)
denovo140 E101_AY160123 372 (417.5)
denovo140 E109_EU074913 350 (454.0)
denovo140 E100_DQ011618 349 (457.0)
denovo140 E108_EU074912 360 (464.0)
denovo140 E113_EU074908 356 (465.0)
denovo140 E107_EU074910 360 (455.0)
denovo140 F1_JN558066 352 (613.0)
denovo140 F5.2d_AJ291530 339 (636.5)
denovo140 F104_AJ291531 339 (636.5)
denovo140 F5.2c_AM748596 342 (636.0)
denovo140 F5.2_AM748594 344 (632.0)
denovo140 F5.2a_AM748614 344 (632.0)
denovo140 F5.2b_AM748595 344 (632.0)
denovo140 F5.2e_AJ291533 340 (613.5)
denovo140 F5.2g_JN558072 339 (618.5)
denovo140 F5.2f_AJ291512 339 (618.5)
denovo140 F102_AJ291534 346 (620.0)
denovo140 F5.1c_AM748593 340 (630.0)
denovo140 F5.1d_JN558069 340 (611.0)
denovo140 F5.1b_AJ291535 339 (645.0)
denovo140 F5.1_AM748592 339 (636.0)
denovo140 F5.1a_AM748591 339 (645.0)
denovo140 F110_AJ291526 335 (659.0)
denovo140 F4.7_AM748587 335 (626.5)
denovo140 F4.5_AM748585 321 (653.0)
denovo140 F4.4a_AM748583 318 (673.5)
denovo140 F4.4_AM748582 331 (664.0)
denovo140 F4.4b_AM748584 318 (680.0)
denovo140 F4.1a_AM748573 322 (612.5)
denovo140 F112_AJ291528 321 (610.5)
denovo140 F4.1_AM748572 321 (610.5)
denovo140 F4.8b_AM748590 325 (665.0)
denovo140 F4.8_AM748588 317 (659.5)
denovo140 F4.8a_AM748589 320 (659.5)
denovo140 F109_AJ291527 320 (664.0)
denovo140 F4.6_AM748586 325 (621.5)
denovo140 F111_AJ311949 319 (649.0)
denovo140 F4.3c_AM748581 317 (649.0)
denovo140 F4.3a_AM748579 317 (649.0)
denovo140 F4.3b_AM748580 316 (655.5)
denovo140 F4.3_AM748578 317 (649.0)
denovo140 F4.2_AM748574 324 (672.5)
denovo140 F4.2a_AM748575 326 (645.5)
denovo140 F4.2c_AM748577 326 (642.0)
denovo140 F4.2b_AM748576 326 (654.5)
denovo140 F2b_AJ291521 332 (613.5)
denovo140 F2_AJ830908 332 (614.0)
denovo140 F2a_AJ830911 332 (609.5)
denovo140 F3.1a_AM748566 347 (586.5)
denovo140 F114_AJ291525 347 (595.5)
denovo140 F3.1_AM748565 347 (595.5)
denovo140 F3.2_AM748567 353 (614.0)
denovo140 F3.2a_AM748568 343 (611.0)
denovo140 F3.3_AM748569 340 (617.0)
denovo140 F3.4a_AM748571 344 (565.5)
denovo140 F3.4_AM748570 334 (571.5)
denovo140 F3.4b_AM748616 334 (571.5)
denovo140 G101_AJ291539 369 (468.5)
denovo140 G1_AM748597 369 (468.5)
denovo140 G2b_JN558087 364 (476.5)
denovo140 G2_AM748598 364 (467.5)
denovo140 G2a_AM748599 361 (468.0)
denovo140 G4_AM748601 359 (512.0)
denovo140 G3.4_LK392378 352 (492.5)
denovo140 G3_AM748600 363 (486.5)
denovo140 G3.2_KC597694 347 (438.5)
denovo140 G3.1_KC597688 363 (497.0)
denovo140 G100_AB253788 354 (489.5)
denovo140 G3.3_LK392377 354 (489.0)
denovo140 H6_AJ291520 654 (324.5)
denovo140 H3_AM748606 321 (501.5)
denovo140 H2_AM748605 340 (510.0)
denovo140 H4_AM748607 336 (493.5)
denovo140 H4a_AM748608 347 (495.0)
denovo140 H5a_AM748611 342 (501.5)
denovo140 H5b_AM748610 345 (500.0)
denovo140 H5_AJ621129 342 (501.5)
denovo140 H5_AM748609 342 (501.5)
denovo140 H100_AJ291513 349 (483.5)
denovo140 H1b_AM748604 352 (479.0)
denovo140 H1a_AM748612 345 (494.0)
denovo140 H1_AJ621152 349 (487.5)
denovo140 H1_AM748602 349 (487.5)
denovo140 I3_FN561561 368 (648.5)
denovo140 I4_FN561562 352 (655.5)
denovo140 I1_FN561559 364 (645.5)
denovo140 I2_FN561560 364 (655.0)

#---------------------------------------
#---------------------------------------
