denovo241 A136_DQ865210 336 (518.0)
denovo241 A133_DQ174725 327 (524.5)
denovo241 A115_AF180123 339 (500.5)
denovo241 A117_AF201746 341 (543.5)
denovo241 A134_DQ174723 341 (543.5)
denovo241 A114_AF184941 341 (543.5)
denovo241 A135_DQ174727 345 (535.0)
denovo241 A2_AF333506 345 (558.5)
denovo241 A101_AF427468 345 (544.0)
denovo241 A2_1_JN558097 345 (544.0)
denovo241 A2_2_JN558100 345 (544.0)
denovo241 A113_AF184948 336 (522.0)
denovo241 A112_AF184949 336 (523.0)
denovo241 A123_EF378618 332 (380.0)
denovo241 A137_EF378621 335 (379.0)
denovo241 A11_EU449041 326 (542.0)
denovo241 A121_DQ174722 336 (523.0)
denovo241 A15b_EU792886 337 (511.5)
denovo241 A15a_EU792885 337 (511.5)
denovo241 A15c_EU792887 337 (520.5)
denovo241 A15_EU792884 337 (520.5)
denovo241 A147_EU074937 336 (525.0)
denovo241 A154_EU074860 336 (516.5)
denovo241 A146_EU074936 336 (525.5)
denovo241 A150_EU074928 336 (543.5)
denovo241 A116_AF183575 323 (531.5)
denovo241 A141_EU074931 336 (534.5)
denovo241 A5_AF333508 334 (543.5)
denovo241 A3b_EU449043 334 (538.0)
denovo241 A151_EU074925 338 (531.0)
denovo241 A152_EU074927 337 (528.5)
denovo241 A149_EU074929 339 (525.5)
denovo241 A140_EU074930 336 (525.5)
denovo241 A142_EU074932 336 (525.5)
denovo241 A143_EU074933 327 (534.0)
denovo241 A144_EU074934 336 (534.5)
denovo241 A145_EU074935 336 (534.5)
denovo241 A148_EU074938 338 (532.0)
denovo241 A155_EU074856 336 (534.5)
denovo241 A156_EU074859 336 (525.5)
denovo241 A139_EU074962 336 (525.5)
denovo241 A6_AF186058 336 (534.5)
denovo241 A3_AF333507 336 (534.5)
denovo241 A3_JN558091 336 (534.5)
denovo241 A8_AY258468 334 (530.0)
denovo241 A7_AY239360 323 (540.5)
denovo241 A16_EU792888 334 (539.0)
denovo241 A4.3_FN429763 332 (511.5)
denovo241 A120_AF180122 341 (511.5)
denovo241 A4.2_FN429761 343 (514.5)
denovo241 A4_AF333509 343 (533.5)
denovo241 A4.1_FN429760 342 (528.5)
denovo241 A4a_AF499778 343 (534.0)
denovo241 A4a.1_FN429762 343 (534.0)
denovo241 A138_EF378620 332 (524.0)
denovo241 A122_EF378619 332 (555.0)
denovo241 A126_EF378615 331 (556.0)
denovo241 A10_EU792882 331 (556.0)
denovo241 A9_EU449028 336 (538.5)
denovo241 A105_AB207202 335 (535.5)
denovo241 A119_AF180121 332 (543.5)
denovo241 A12_EU792883 339 (539.0)
denovo241 A104_AB207203 336 (547.5)
denovo241 A1a_EU449030 340 (542.0)
denovo241 A1.3_HE578976 337 (541.0)
denovo241 A1.4_HE578977 338 (544.0)
denovo241 A13_AF333504 337 (541.0)
denovo241 A13_JN558094 337 (541.0)
denovo241 A110_AB190282 336 (538.5)
denovo241 A103_AB207206 336 (547.5)
denovo241 A130_EF656428 336 (538.5)
denovo241 A127_EF656429 336 (547.5)
denovo241 A128_EF656430 336 (538.5)
denovo241 A129_EF656431 337 (541.5)
denovo241 A131_EF656432 336 (547.5)
denovo241 A118_AF180120 332 (538.0)
denovo241 A1_AF333505 336 (547.5)
denovo241 A107_AB207199 336 (556.5)
denovo241 A111_AB190280 336 (556.5)
denovo241 A108_AB207197 337 (526.0)
denovo241 A106_AB207200 336 (548.5)
denovo241 A102_AB207209 336 (547.5)
denovo241 A1.2_AB207210 336 (547.5)
denovo241 A109_AB190285 336 (548.5)
denovo241 B4_AF333510 319 (702.0)
denovo241 B23_EU449079 327 (596.0)
denovo241 B30_GU907644 336 (595.0)
denovo241 B11_AY239361 330 (641.0)
denovo241 B17_AY258470 338 (634.5)
denovo241 B1k_GU907638 302 (297.5)
denovo241 B1.V_Green2014 340 (598.5)
denovo241 B1b_AF499780 320 (615.0)
denovo241 B16_AY258469 328 (634.5)
denovo241 B31a_GU907646 331 (633.5)
denovo241 B32_GU907647 331 (633.5)
denovo241 B31_GU907645 331 (642.5)
denovo241 B1j_GU907637 331 (660.5)
denovo241 B37_GU907650 340 (652.5)
denovo241 B5a_AF499782 330 (639.0)
denovo241 B5_AF499781 330 (648.0)
denovo241 B24_GU907643 331 (518.5)
denovo241 B117_AF180124 329 (628.0)
denovo241 B10_AF499787 330 (649.0)
denovo241 B20_GU907642 335 (649.5)
denovo241 B1m_GU907640 331 (651.5)
denovo241 B34_GU907649 331 (651.5)
denovo241 B1d_GU907633 331 (652.0)
denovo241 B1e_GU907634 331 (652.0)
denovo241 B1i_GU907636 331 (651.5)
denovo241 B1g_GU907635 334 (638.0)
denovo241 B123_EU074872 331 (642.5)
denovo241 B8_AF499785 332 (642.0)
denovo241 B1l_GU907639 331 (642.5)
denovo241 B1a_AF499779 331 (651.5)
denovo241 B14_AY239362 332 (632.5)
denovo241 B125_EU074865 331 (642.5)
denovo241 B122_EU074871 331 (642.5)
denovo241 B124_EU074874 331 (642.5)
denovo241 B1.VII_Green2014 331 (572.5)
denovo241 B1.III_Green2014 327 (623.0)
denovo241 B1.I_Green2014 331 (651.5)
denovo241 B1.II_Green2014 331 (651.5)
denovo241 B1_JN558057 331 (651.5)
denovo241 B1_AF333511 331 (651.5)
denovo241 B1.IV_Green2014 342 (650.0)
denovo241 B121_EU074870 332 (653.5)
denovo241 B7_AF499784 331 (660.5)
denovo241 B1.VI_Green2014 329 (646.0)
denovo241 B3_AF333514 329 (640.5)
denovo241 B9_AF499786 326 (623.0)
denovo241 B19a_JN558055 323 (596.5)
denovo241 B119_EU099825 339 (579.0)
denovo241 B21_DQ865213 322 (616.5)
denovo241 B38_GU907651 322 (616.5)
denovo241 B18_AY258471 329 (631.5)
denovo241 B18a_AY258472 329 (622.5)
denovo241 B33_GU907648 325 (619.5)
denovo241 B6_AF499783 326 (632.0)
denovo241 B19_DQ865212 325 (629.0)
denovo241 B19_GU907641 325 (629.0)
denovo241 B2_AF333512 325 (638.0)
denovo241 B2_JN558060 325 (638.0)
denovo241 C33.1_AY258498 300 (1316.0)
denovo241 C33.2_AY765400 300 (1316.0)
denovo241 C33a_EF541147 300 (1316.0)
denovo241 C34_AY258499 300 (1325.0)
denovo241 C78_AY765413 300 (1289.0)
denovo241 C15.29_KC597690 302 (1285.0)
denovo241 C1131_DQ182650 300 (1225.0)
denovo241 C1135_DQ182646 300 (1216.0)
denovo241 C1134_DQ182647 300 (1216.0)
denovo241 C1142_DQ182635 300 (1225.0)
denovo241 C1136_DQ182644 300 (1195.0)
denovo241 C1111_DQ182645 300 (1195.0)
denovo241 C1236_EF473656 300 (1204.0)
denovo241 C1138_DQ182642 300 (1204.0)
denovo241 C1137_DQ182643 300 (1204.0)
denovo241 C1133_DQ182648 300 (1204.0)
denovo241 C1132_DQ182649 300 (1204.0)
denovo241 C1143_DQ182634 300 (1213.0)
denovo241 C1139_DQ182639 300 (1234.0)
denovo241 C15.28_KC597687 300 (1280.0)
denovo241 C1141_DQ182636 300 (1243.0)
denovo241 C1144_DQ182637 300 (1234.0)
denovo241 C1122_DQ182654 300 (1243.0)
denovo241 C1127_DQ182652 300 (1243.0)
denovo241 C15.30_JX394114 300 (1298.0)
denovo241 C15.26_KC597686 300 (1298.0)
denovo241 C1086_DQ182656 300 (1298.0)
denovo241 C15.25_KC597685 300 (1307.0)
denovo241 C1118_AF180127 300 (1213.0)
denovo241 C1129_DQ182651 300 (1270.0)
denovo241 C15.21_KC597683 300 (1298.0)
denovo241 C56_AY589760 300 (1316.0)
denovo241 C1140_DQ182638 300 (1270.0)
denovo241 C1126_DQ182653 300 (1261.0)
denovo241 C15c_AY258492 300 (1316.0)
denovo241 C15d_AY258493 300 (1307.0)
denovo241 C1098_DQ182641 300 (1286.5)
denovo241 C15.27_KC597689 300 (1316.0)
denovo241 C15.18_HE579024 300 (1316.0)
denovo241 C15.16_HE579022 300 (1316.0)
denovo241 C1101_AB253787 300 (1316.0)
denovo241 C1083_AY237300 300 (1316.0)
denovo241 C1088_DQ182640 300 (1316.0)
denovo241 C15.6_FN563472 300 (1325.0)
denovo241 C15.5_FJ461512 300 (1325.0)
denovo241 C15.4_FJ461511 300 (1334.0)
denovo241 C15.13_HE579019 300 (1316.0)
denovo241 C15.12_HE579018 300 (1325.0)
denovo241 C93a_AM748563 300 (1334.0)
denovo241 C1094_AJ291514 300 (1316.0)
denovo241 C93_AM748562 300 (1325.0)
denovo241 C15.17_HE579023 300 (1310.0)
denovo241 C15e_AY589742 300 (1310.0)
denovo241 C15.22_KC597695 300 (1325.0)
denovo241 C60_AY589764 300 (1325.0)
denovo241 C15.1_FJ461508 300 (1325.0)
denovo241 C15.2_FJ461509 300 (1325.0)
denovo241 C15.9_FN563475 300 (1325.0)
denovo241 C15.7_HE579015 300 (1325.0)
denovo241 C15.8_HE579016 300 (1325.0)
denovo241 C15.15_HE579021 300 (1325.0)
denovo241 C15.19_HE579025 300 (1325.0)
denovo241 C15.24_KC597696 300 (1316.0)
denovo241 C15.3_FJ461510 300 (1334.0)
denovo241 C1087_DQ182655 300 (1325.0)
denovo241 C15.14_HE579020 301 (1315.0)
denovo241 C15.23_KC597697 301 (1315.0)
denovo241 C19_AY258479 300 (1319.0)
denovo241 C1233_EU118166 300 (1325.0)
denovo241 C15b_AY258491 300 (1325.0)
denovo241 C15a_AY258476 300 (1343.0)
denovo241 C1051_AF195153 300 (1343.0)
denovo241 C2_AF333518 301 (1333.0)
denovo241 C15.20_HE579026 301 (1324.0)
denovo241 C15f_AY589743 301 (1324.0)
denovo241 C55_AY589759 304 (1322.5)
denovo241 C15_AY239369 300 (1334.0)
denovo241 C32.1_JF683335 311 (1173.5)
denovo241 C32.2_JF683336 309 (1185.5)
denovo241 C21.23_KC597693 309 (1185.5)
denovo241 C1193_EU099827 301 (1297.0)
denovo241 C1195_EU099821 308 (1284.5)
denovo241 C3q_GU907655 301 (1258.0)
denovo241 C53_AY589758 300 (1307.0)
denovo241 C73_AY765408 305 (1264.5)
denovo241 C17.2.1_KC597684 302 (1262.5)
denovo241 C32_AY258497 300 (1286.0)
denovo241 C1189_EU099831 300 (1295.0)
denovo241 C1191_EU099833 300 (1286.0)
denovo241 C1196_EU099819 300 (1295.0)
denovo241 C1192_EU099820 300 (1295.0)
denovo241 C17.1_JF683322 300 (1304.0)
denovo241 C26_b2_FN827164 301 (1294.0)
denovo241 C26_b3_FN827165 301 (1285.0)
denovo241 C31.9_HQ630879 303 (1283.5)
denovo241 C31a_AY589746 303 (1280.0)
denovo241 C30_AY589745 303 (1280.0)
denovo241 C31.1_HQ630876 303 (1280.0)
denovo241 C31.5_HQ630877 303 (1280.0)
denovo241 C31.6_HQ630878 303 (1280.0)
denovo241 C31.2_JF683332 303 (1280.0)
denovo241 C31.3_JF683333 303 (1280.0)
denovo241 C26/C35a_AY239378 301 (1294.0)
denovo241 C35a_AY258501 301 (1294.0)
denovo241 C35.2_AY258500 301 (1303.0)
denovo241 C26_b1_FN827163 301 (1303.0)
denovo241 C17_AY239370 300 (1313.0)
denovo241 C17.2_FJ461513 302 (1302.5)
denovo241 C31.10_HQ630880 303 (1292.5)
denovo241 C31.4_JF683334 307 (1277.5)
denovo241 C31_AY258496 303 (1289.0)
denovo241 C25_AY239377 302 (1305.5)
denovo241 C61_AY589765 300 (1264.0)
denovo241 C1043_DQ072721 300 (1312.5)
denovo241 C79_AY765414 300 (1316.0)
denovo241 C69_AY589773 301 (1246.5)
denovo241 C69a_AY686648 301 (1237.5)
denovo241 C21.22_KC597692 300 (1277.0)
denovo241 C51_AY589756 300 (1325.0)
denovo241 C1aa_HM185739 300 (1326.0)
denovo241 C1096_DQ068023 300 (1295.0)
denovo241 C74_AY765409 301 (1306.0)
denovo241 C1185_AB294629 301 (1315.0)
denovo241 C1184_AB294630 301 (1315.0)
denovo241 C1153_AB294625 301 (1315.0)
denovo241 C1154_AB294626 301 (1315.0)
denovo241 C1187_AB294627 301 (1315.0)
denovo241 C1186_AB294628 301 (1315.0)
denovo241 C57_AY589761 301 (1324.0)
denovo241 C66_AY589771 301 (1324.0)
denovo241 C5_AF499795 300 (1325.0)
denovo241 C1167_AB294586 300 (1334.0)
denovo241 C1164_AB294593 300 (1334.0)
denovo241 C1183_AB294631 300 (1334.0)
denovo241 C1067_DQ335381 300 (1334.0)
denovo241 C1159_AB294613 301 (1315.0)
denovo241 C1150_AB294622 301 (1324.0)
denovo241 C90_AM748554 302 (1350.5)
denovo241 C1168_AB294583 300 (1334.0)
denovo241 C1156_AB294616 300 (1334.0)
denovo241 C1151_AB294621 300 (1352.0)
denovo241 C92a_AM748561 300 (1334.0)
denovo241 C92_AM748560 300 (1343.0)
denovo241 C1165_AB294581 300 (1343.0)
denovo241 C1166_AB294584 300 (1343.0)
denovo241 C1162_AB294594 300 (1343.0)
denovo241 C1163_AB294596 300 (1343.0)
denovo241 C1161_AB294606 300 (1343.0)
denovo241 C1160_AB294608 300 (1343.0)
denovo241 C1158_AB294614 300 (1343.0)
denovo241 C1155_AB294617 300 (1343.0)
denovo241 C1149_AB294620 300 (1343.0)
denovo241 C1173_AB294662 300 (1343.0)
denovo241 C1171_AB294663 300 (1343.0)
denovo241 C1172_AB294665 300 (1343.0)
denovo241 C91a_AM748556 300 (1343.0)
denovo241 C91b_AM748557 300 (1343.0)
denovo241 C91d_AM748559 300 (1343.0)
denovo241 C91c_AM748558 300 (1343.0)
denovo241 C91_AJ621543 300 (1352.0)
denovo241 C91_AM748555 300 (1352.0)
denovo241 C1023_DQ335330 300 (1115.0)
denovo241 C1020_DQ335392 300 (1352.0)
denovo241 C1018_DQ335408 300 (1352.0)
denovo241 C1074_DQ335329 300 (1352.0)
denovo241 C1030_DQ335353 300 (1352.0)
denovo241 C1022_DQ335331 300 (1352.0)
denovo241 C1027_DQ335360 300 (1352.0)
denovo241 C1072_DQ335344 300 (1352.0)
denovo241 C1039_AB190274 300 (1352.0)
denovo241 C1033_DQ335350 305 (1349.0)
denovo241 C1019_DQ335407 300 (1361.0)
denovo241 C1194_EU099826 300 (1319.0)
denovo241 C8b_AY258475 300 (1337.0)
denovo241 C8_AY239367 300 (1361.0)
denovo241 C8a_AY239368 300 (1352.0)
denovo241 C54a_AY765406 300 (1343.0)
denovo241 C3ff_HM185740 300 (1343.0)
denovo241 C59_AY589763 302 (1323.0)
denovo241 C3k_AY589737 300 (1334.0)
denovo241 C3.24_HE579012 300 (1316.0)
denovo241 C3.23_HE579011 300 (1325.0)
denovo241 C35.1_AY765401 300 (1334.0)
denovo241 C35.3_EF541145 300 (1343.0)
denovo241 C76_AY765411 300 (1313.0)
denovo241 C1107_DQ335359 300 (1311.0)
denovo241 C3.22_HE579010 302 (1332.5)
denovo241 C77_AY765412 302 (1317.5)
denovo241 C20_AY239371 300 (1352.0)
denovo241 C1055_DQ480640 301 (1351.0)
denovo241 C27/C30_AY239379 301 (1294.0)
denovo241 C27.1_FJ461517 301 (1285.0)
denovo241 C40a_AY589747 300 (1343.0)
denovo241 C40_AY258485 300 (1352.0)
denovo241 C40b_AY589748 301 (1342.0)
denovo241 C16_AY258477 300 (1352.0)
denovo241 C16a_AY765399 300 (1343.0)
denovo241 C1091_AB207186 300 (1343.0)
denovo241 C1102_DQ335400 300 (1334.0)
denovo241 C1069_DQ335375 300 (1334.0)
denovo241 C1073_DQ335332 300 (1343.0)
denovo241 C1066_DQ335382 300 (1334.0)
denovo241 C1031_DQ335352 300 (1352.0)
denovo241 C1026_DQ335366 300 (1361.0)
denovo241 C70_AY589774 300 (1361.0)
denovo241 C1082_AB190267 300 (1343.0)
denovo241 C1078_AB190271 300 (1343.0)
denovo241 C1090_AB207191 300 (1343.0)
denovo241 C1071_DQ335302 300 (1343.0)
denovo241 C1075_DQ335328 300 (1343.0)
denovo241 C1068_DQ335379 300 (1343.0)
denovo241 C1064_DQ335395 300 (1361.0)
denovo241 C1063_DQ335403 300 (1343.0)
denovo241 C62_AY589766 300 (1352.0)
denovo241 C1077_DQ335316 301 (1342.0)
denovo241 C1109_DQ335338 300 (1343.0)
denovo241 C1110_DQ335340 300 (1334.0)
denovo241 C1106_DQ335339 300 (1325.0)
denovo241 C1112_DQ335319 300 (1334.0)
denovo241 C1108_DQ335351 300 (1325.0)
denovo241 C1105_DQ335394 300 (1334.0)
denovo241 C1121_DQ335378 300 (1316.0)
denovo241 C1116_AB190268 300 (1334.0)
denovo241 C1115_AB190273 300 (1325.0)
denovo241 C1124_DQ335323 300 (1316.0)
denovo241 C1120_DQ335398 300 (1316.0)
denovo241 C1119_DQ335404 300 (1316.0)
denovo241 C1123_DQ335363 300 (1325.0)
denovo241 C1004_DQ480635 300 (1352.0)
denovo241 C1061_AY186568 300 (1352.0)
denovo241 C1053_AY186569 300 (1352.0)
denovo241 C1003_DQ480639 300 (1361.0)
denovo241 C81_GU907657 304 (1201.0)
denovo241 C22_AY239373 300 (1323.5)
denovo241 C22a_AY239374 300 (1314.5)
denovo241 C1232_EU118163 300 (1343.0)
denovo241 C21.13_FJ461515 300 (1286.0)
denovo241 C21.1_JF683323 300 (1295.0)
denovo241 C21.3_JF683325 300 (1304.0)
denovo241 C1.20_HE578993 300 (1352.0)
denovo241 C1.22_HE578995 300 (1343.0)
denovo241 C52_AY589757 300 (1328.0)
denovo241 C1201_EU099793 302 (1326.0)
denovo241 C14_AY589741 300 (1346.0)
denovo241 C43_AY589749 300 (1361.0)
denovo241 C50_AY589755 300 (1352.0)
denovo241 C3.14_HQ630872 300 (1352.0)
denovo241 C1m_AY765398 300 (1361.0)
denovo241 C82_GU907658 300 (1361.0)
denovo241 C82b_GU907660 300 (1361.0)
denovo241 C64_AY589768 300 (1343.0)
denovo241 C45a_AY765404 300 (1361.0)
denovo241 C48_AY589753 302 (1350.5)
denovo241 C1_v1b_FJ919244 300 (1361.0)
denovo241 C1_v1a_FJ919243 300 (1370.0)
denovo241 C3j_AY239366 300 (1352.0)
denovo241 C3t_EF541149 300 (1352.0)
denovo241 C9_AF499798 300 (1370.0)
denovo241 C23_AY239375 300 (1361.0)
denovo241 C37_AY258481 300 (1352.0)
denovo241 C1048_DQ068026 300 (1370.0)
denovo241 C21.4_JF683326 300 (1304.0)
denovo241 C21.5_JF683327 300 (1313.0)
denovo241 C1070_DQ335349 300 (1352.0)
denovo241 C21.6_HQ630873 300 (1313.0)
denovo241 C1224_EU074890 300 (1361.0)
denovo241 C1.17_HE578990 300 (1370.0)
denovo241 C21_b1_FN827162 300 (1304.0)
denovo241 C21.9_JF683330 300 (1313.0)
denovo241 C1085_AY624605 300 (1352.0)
denovo241 C3p_GU907654 300 (1337.0)
denovo241 C3f_AY589734 300 (1361.0)
denovo241 C65a_AY589770 300 (1352.0)
denovo241 C65_AY589769 300 (1361.0)
denovo241 C71_AY589775 300 (1352.0)
denovo241 C71a_AY589776 300 (1343.0)
denovo241 C1178_AB294647 300 (1337.0)
denovo241 C1225_EU074893 300 (1361.0)
denovo241 C75_AY765410 300 (1352.0)
denovo241 C21.10_JF683331 300 (1304.0)
denovo241 C21.11_HQ630874 300 (1313.0)
denovo241 C1065_DQ335388 300 (1352.0)
denovo241 C1045_DQ068036 300 (1361.0)
denovo241 C1h_AY258473 300 (1370.0)
denovo241 C38_AY258482 300 (1352.0)
denovo241 C1202_EU099799 300 (1352.0)
denovo241 C7_AF499797 300 (1361.0)
denovo241 C12_AF499801 302 (1350.5)
denovo241 C38a_AY258483 301 (1342.0)
denovo241 C1200_EU099800 300 (1296.5)
denovo241 C44a_AY589751 300 (1370.0)
denovo241 C47_AY589752 300 (1370.0)
denovo241 C44_AY589750 300 (1379.0)
denovo241 C1.15_HE578988 300 (1370.0)
denovo241 C45.3_FJ461522 300 (1379.0)
denovo241 C46a_AY765405 300 (1370.0)
denovo241 C46_EU449108 300 (1379.0)
denovo241 C3.12_FJ461507 300 (1379.0)
denovo241 C1k_AY589733 300 (1388.0)
denovo241 C67_AY686647 300 (1379.0)
denovo241 C82a_GU907659 300 (1379.0)
denovo241 C10a_AY589739 300 (1370.0)
denovo241 C10_AF499799 300 (1379.0)
denovo241 C13_AY589740 306 (1366.5)
denovo241 C4_AF499794 300 (1379.0)
denovo241 C1147_EF656433 300 (1379.0)
denovo241 C1c/C45_AY239364 300 (1388.0)
denovo241 C1c/C45_EU449103 300 (1388.0)
denovo241 C21.19_HE579031 300 (1304.0)
denovo241 C21.21_HE579033 300 (1286.0)
denovo241 C21.20_HE579032 300 (1295.0)
denovo241 C42b_AY765403 300 (1361.0)
denovo241 C42_AY258487 300 (1370.0)
denovo241 C1p_GU907652 300 (1370.0)
denovo241 C1d_AY258488 300 (1370.0)
denovo241 C42_AY765402 300 (1379.0)
denovo241 C3ha_AY589736 300 (1304.0)
denovo241 C63a_AY589767 302 (1293.5)
denovo241 C21a_AY589744 300 (1313.0)
denovo241 C3o_GU907653 300 (1313.0)
denovo241 C21.16_HQ630875 300 (1313.0)
denovo241 C21.2_JF683324 300 (1313.0)
denovo241 C21.7_JF683328 300 (1313.0)
denovo241 C21.8_JF683329 300 (1313.0)
denovo241 C3h_AY239365 300 (1313.0)
denovo241 C1203_EU099798 300 (1313.0)
denovo241 C3.10_FJ461505 300 (1361.0)
denovo241 C21.14_FJ461516 300 (1313.0)
denovo241 C21.18_HE579030 306 (1300.5)
denovo241 C3.17_HE579005 300 (1361.0)
denovo241 C3.9_FJ461504 300 (1331.0)
denovo241 C3.8_FJ461503 300 (1361.0)
denovo241 C3.7_FJ461502 300 (1361.0)
denovo241 C3.11_FJ461506 300 (1361.0)
denovo241 C3.18_HE579006 300 (1361.0)
denovo241 C3.19_HE579007 300 (1361.0)
denovo241 C3.20_HE579008 300 (1361.0)
denovo241 C3g_AY589735 303 (1353.0)
denovo241 C3a_AF499790 300 (1361.0)
denovo241 C3e_AF499793 300 (1361.0)
denovo241 C6_AF499796 300 (1352.0)
denovo241 C11_AF499800 300 (1361.0)
denovo241 C36_AY258480 300 (1361.0)
denovo241 C29_AY258494 300 (1361.0)
denovo241 C1146_EF656434 300 (1361.0)
denovo241 C1190_EU099841 300 (1361.0)
denovo241 C131_JF320826 300 (1361.0)
denovo241 C28_AY239380 302 (1350.5)
denovo241 C1012_DQ480604 300 (1361.0)
denovo241 C1181_AB294640 300 (1346.0)
denovo241 C1180_AB294641 300 (1346.0)
denovo241 C1179_AB294645 300 (1346.0)
denovo241 C1176_AB294651 300 (1346.0)
denovo241 C1175_AB294653 300 (1346.0)
denovo241 C1174_AB294655 300 (1346.0)
denovo241 C1177_AB294659 300 (1346.0)
denovo241 C1040_AB190269 300 (1361.0)
denovo241 C1182_AB294649 300 (1361.0)
denovo241 C1089_AJ278598 300 (1361.0)
denovo241 C1028_DQ335357 300 (1361.0)
denovo241 C3.16_EU786015 300 (1361.0)
denovo241 C1097_AJ311943 301 (1351.0)
denovo241 C1170_AB294661 300 (1346.0)
denovo241 C21.17_HE579029 300 (1324.0)
denovo241 C21/3d/C3k_AY239372 300 (1322.0)
denovo241 C58_AY589762 301 (1312.0)
denovo241 C3L_AY589738 303 (1329.0)
denovo241 C1169_AB294660 300 (1355.0)
denovo241 C3.2_FJ461497 300 (1355.0)
denovo241 C3.1_JF683321 300 (1355.0)
denovo241 C1104_AF427469 301 (1360.0)
denovo241 C3b_AF499791 300 (1355.0)
denovo241 C83_GU907661 302 (1359.5)
denovo241 C49_AY589754 341 (1340.0)
denovo241 C3_AB778606 300 (1370.0)
denovo241 C3_AF499789 300 (1370.0)
denovo241 C3_HE579001 300 (1370.0)
denovo241 C21.12_FJ461514 300 (1304.0)
denovo241 C1229_EU074888 300 (1302.0)
denovo241 C1230_EU074889 300 (1311.0)
denovo241 C1114_AB207196 300 (1352.0)
denovo241 C3.21_HE579009 300 (1265.0)
denovo241 C1057_DQ480619 300 (1361.0)
denovo241 C72_AY765407 300 (1333.0)
denovo241 C1b.3_HE578999 300 (1355.0)
denovo241 C93_AJ621536 300 (1361.0)
denovo241 C94_AJ621539 300 (1370.0)
denovo241 C1g_AY589730 300 (1370.0)
denovo241 C1i_AY589731 300 (1361.0)
denovo241 C1j_AY589732 300 (1370.0)
denovo241 C1005_DQ480633 300 (1370.0)
denovo241 C1.7_FJ461494 300 (1370.0)
denovo241 C1.11_HE578984 300 (1370.0)
denovo241 C1.12_HE578985 300 (1370.0)
denovo241 C1.13_HE578986 300 (1370.0)
denovo241 C1.14_HE578987 300 (1370.0)
denovo241 C1.18_HE578991 300 (1370.0)
denovo241 C1.19_HE578992 300 (1370.0)
denovo241 C1199_EU099802 300 (1346.0)
denovo241 C1188_EU099838 300 (1361.0)
denovo241 C1002_DQ838544 300 (1361.0)
denovo241 C1198_EU099810 300 (1370.0)
denovo241 C24_AY239376 300 (1361.0)
denovo241 C1f_AY258490 300 (1370.0)
denovo241 C1006_DQ480629 300 (1370.0)
denovo241 C1010_DQ480607 300 (1370.0)
denovo241 C1007_DQ480624 300 (1361.0)
denovo241 C1011_DQ480605 300 (1370.0)
denovo241 C1009_DQ480608 300 (1370.0)
denovo241 C1041_AY186548 300 (1361.0)
denovo241 C1052_AY186570 300 (1370.0)
denovo241 C1148_EU040178 300 (1370.0)
denovo241 C1234_EU118165 301 (1360.0)
denovo241 C1.5_EF634157 300 (1370.0)
denovo241 C1059_DQ480609 300 (1370.0)
denovo241 C1228_EU074883 300 (1370.0)
denovo241 C1208_EU074963 300 (1370.0)
denovo241 C1207_EU074964 300 (1370.0)
denovo241 C1206_EU074965 300 (1370.0)
denovo241 C1013_DQ480642 300 (1361.0)
denovo241 C80_GU907656 310 (1355.5)
denovo241 C1a_AF499788 300 (1370.0)
denovo241 C41_AY258486 300 (1370.0)
denovo241 C39_AY258484 300 (1292.5)
denovo241 C1231_EU074878 300 (1370.0)
denovo241 C1b.1_HE578997 300 (1355.0)
denovo241 C18_AY258478 300 (1370.0)
denovo241 C1.10_HE578983 300 (1331.0)
denovo241 C1_JN558041 300 (1379.0)
denovo241 C1_HE578979 300 (1379.0)
denovo241 C1_AM748551 300 (1379.0)
denovo241 C1_AF333515 300 (1379.0)
denovo241 C1054_AY186565 301 (1369.0)
denovo241 C1008_DQ480613 300 (1370.0)
denovo241 C1103_AF427470 301 (1369.0)
denovo241 C1226_EU074881 301 (1369.0)
denovo241 C1b/C1e_AY239363 300 (1364.0)
denovo241 C1044_DQ068038 300 (1364.0)
denovo241 C1017_DQ174729 301 (1354.0)
denovo241 C1.6_FJ461493 300 (1370.0)
denovo241 C1b.2_HE578998 300 (1355.0)
denovo241 C1060_DQ480600 300 (1370.0)
denovo241 C1227_EU074882 300 (1370.0)
denovo241 C1197_EU099814 300 (1370.0)
denovo241 C1130_DQ480643 300 (1237.5)
denovo241 D109_AB097465 347 (546.5)
denovo241 D1.11_HE579040 335 (576.0)
denovo241 D105_AF174570 340 (564.0)
denovo241 D104_AF174572 342 (560.5)
denovo241 D1.3_JF683337 336 (570.0)
denovo241 D1.10_HE579039 336 (561.0)
denovo241 D110_AF174561 336 (561.5)
denovo241 D117_AF174542 336 (561.0)
denovo241 D114_AF174549 336 (570.0)
denovo241 D113_AF174557 336 (552.5)
denovo241 D112_AF174558 344 (566.5)
denovo241 D106_AF174559 337 (563.5)
denovo241 D111_AF174560 335 (575.5)
denovo241 D115_AF174562 336 (561.0)
denovo241 D107_AF174568 336 (570.0)
denovo241 D116_AF174571 335 (567.0)
denovo241 D124_EU074897 344 (557.0)
denovo241 D1.8_HE579037 336 (570.0)
denovo241 D3_AY686650 335 (576.5)
denovo241 D1.6_HQ630881 336 (561.0)
denovo241 D120_EU074900 336 (552.5)
denovo241 D121_EU074904 335 (576.0)
denovo241 D122_EU074905 336 (561.0)
denovo241 D1a.2_JF683339 344 (568.0)
denovo241 D1a.1_JF683338 344 (566.0)
denovo241 D2_AY686649 581 (628.0)
denovo241 D4_DQ865214 343 (560.5)
denovo241 D1a_AF499802 336 (561.5)
denovo241 D1a_JN558078 336 (561.5)
denovo241 D123_EU074895 336 (570.0)
denovo241 D108_AF174567 343 (564.0)
denovo241 D103_AF174575 342 (569.0)
denovo241 D100_AF411415 345 (560.0)
denovo241 D118_EF656435 345 (560.5)
denovo241 D101_AF411416 345 (545.0)
denovo241 D119_EU099832 346 (555.5)
denovo241 D102_AF174573 336 (573.0)
denovo241 D1_AF334660 336 (570.0)
denovo241 D1_JN558076 336 (570.0)
denovo241 D1.12_HE579041 327 (544.5)
denovo241 D1.1_AM748564 436 (592.5)
denovo241 D1.2_AM748617 399 (565.5)
denovo241 E111_EU074915 355 (457.0)
denovo241 E110_EU074914 359 (458.5)
denovo241 E114_EU074909 359 (458.5)
denovo241 E1_AF334659 359 (455.0)
denovo241 E105_EU074921 358 (465.0)
denovo241 E112_EU074916 359 (449.5)
denovo241 E104_EU074922 355 (455.0)
denovo241 E102_EU074924 359 (449.5)
denovo241 E103_EU074923 359 (458.5)
denovo241 E101_AY160123 355 (443.0)
denovo241 E109_EU074913 356 (460.5)
denovo241 E100_DQ011618 360 (452.0)
denovo241 E108_EU074912 350 (467.5)
denovo241 E113_EU074908 356 (460.5)
denovo241 E107_EU074910 350 (458.5)
denovo241 F1_JN558066 310 (1000.0)
denovo241 F5.2d_AJ291530 307 (983.5)
denovo241 F104_AJ291531 307 (983.5)
denovo241 F5.2c_AM748596 307 (983.5)
denovo241 F5.2_AM748594 304 (992.5)
denovo241 F5.2a_AM748614 304 (992.5)
denovo241 F5.2b_AM748595 304 (983.5)
denovo241 F5.2e_AJ291533 304 (930.5)
denovo241 F5.2g_JN558072 304 (983.5)
denovo241 F5.2f_AJ291512 304 (992.5)
denovo241 F102_AJ291534 304 (983.5)
denovo241 F5.1c_AM748593 309 (970.5)
denovo241 F5.1d_JN558069 309 (997.5)
denovo241 F5.1b_AJ291535 307 (993.5)
denovo241 F5.1_AM748592 309 (997.5)
denovo241 F5.1a_AM748591 308 (995.5)
denovo241 F110_AJ291526 316 (853.0)
denovo241 F4.7_AM748587 317 (886.0)
denovo241 F4.5_AM748585 310 (908.0)
denovo241 F4.4a_AM748583 309 (942.0)
denovo241 F4.4_AM748582 312 (939.0)
denovo241 F4.4b_AM748584 314 (936.5)
denovo241 F4.1a_AM748573 319 (871.5)
denovo241 F112_AJ291528 319 (853.5)
denovo241 F4.1_AM748572 319 (871.5)
denovo241 F4.8b_AM748590 312 (875.5)
denovo241 F4.8_AM748588 314 (873.0)
denovo241 F4.8a_AM748589 312 (875.5)
denovo241 F109_AJ291527 314 (851.0)
denovo241 F4.6_AM748586 315 (886.0)
denovo241 F111_AJ311949 313 (895.0)
denovo241 F4.3c_AM748581 316 (913.5)
denovo241 F4.3a_AM748579 313 (904.0)
denovo241 F4.3b_AM748580 313 (904.0)
denovo241 F4.3_AM748578 313 (913.0)
denovo241 F4.2_AM748574 315 (914.0)
denovo241 F4.2a_AM748575 314 (905.5)
denovo241 F4.2c_AM748577 315 (905.0)
denovo241 F4.2b_AM748576 314 (914.5)
denovo241 F2b_AJ291521 313 (952.0)
denovo241 F2_AJ830908 311 (936.5)
denovo241 F2a_AJ830911 312 (930.0)
denovo241 F3.1a_AM748566 317 (922.0)
denovo241 F114_AJ291525 317 (931.0)
denovo241 F3.1_AM748565 317 (949.0)
denovo241 F3.2_AM748567 314 (976.5)
denovo241 F3.2a_AM748568 316 (1000.0)
denovo241 F3.3_AM748569 306 (923.5)
denovo241 F3.4a_AM748571 316 (879.5)
denovo241 F3.4_AM748570 316 (870.5)
denovo241 F3.4b_AM748616 310 (871.0)
denovo241 G101_AJ291539 361 (553.0)
denovo241 G1_AM748597 358 (552.0)
denovo241 G2b_JN558087 352 (555.0)
denovo241 G2_AM748598 355 (546.5)
denovo241 G2a_AM748599 352 (555.0)
denovo241 G4_AM748601 350 (571.0)
denovo241 G3.4_LK392378 332 (585.0)
denovo241 G3_AM748600 334 (591.0)
denovo241 G3.2_KC597694 330 (485.0)
denovo241 G3.1_KC597688 337 (572.0)
denovo241 G100_AB253788 335 (567.0)
denovo241 G3.3_LK392377 335 (567.5)
denovo241 H6_AJ291520 648 (334.0)
denovo241 H3_AM748606 306 (826.0)
denovo241 H2_AM748605 307 (873.0)
denovo241 H4_AM748607 315 (810.5)
denovo241 H4a_AM748608 315 (825.5)
denovo241 H5a_AM748611 309 (801.5)
denovo241 H5b_AM748610 312 (809.0)
denovo241 H5_AJ621129 309 (810.5)
denovo241 H5_AM748609 309 (810.5)
denovo241 H100_AJ291513 312 (827.0)
denovo241 H1b_AM748604 317 (827.5)
denovo241 H1a_AM748612 317 (818.5)
denovo241 H1_AJ621152 317 (827.5)
denovo241 H1_AM748602 317 (827.5)
denovo241 I3_FN561561 338 (711.0)
denovo241 I4_FN561562 325 (718.5)
denovo241 I1_FN561559 325 (699.5)
denovo241 I2_FN561560 325 (718.5)

#---------------------------------------
#---------------------------------------
