denovo114 A136_DQ865210 304 (719.5)
denovo114 A133_DQ174725 282 (816.0)
denovo114 A115_AF180123 286 (679.5)
denovo114 A117_AF201746 286 (796.0)
denovo114 A134_DQ174723 286 (805.0)
denovo114 A114_AF184941 286 (805.0)
denovo114 A135_DQ174727 288 (809.5)
denovo114 A2_AF333506 289 (799.5)
denovo114 A101_AF427468 288 (809.5)
denovo114 A2_1_JN558097 288 (809.5)
denovo114 A2_2_JN558100 288 (809.5)
denovo114 A113_AF184948 280 (781.5)
denovo114 A112_AF184949 279 (806.0)
denovo114 A123_EF378618 276 (832.5)
denovo114 A137_EF378621 272 (912.0)
denovo114 A11_EU449041 272 (1020.5)
denovo114 A121_DQ174722 272 (1086.5)
denovo114 A15b_EU792886 272 (1035.5)
denovo114 A15a_EU792885 272 (1053.5)
denovo114 A15c_EU792887 273 (1038.5)
denovo114 A15_EU792884 272 (1044.5)
denovo114 A147_EU074937 272 (1071.5)
denovo114 A154_EU074860 272 (1071.5)
denovo114 A146_EU074936 272 (1071.5)
denovo114 A150_EU074928 272 (1071.5)
denovo114 A116_AF183575 272 (1071.5)
denovo114 A141_EU074931 272 (1080.5)
denovo114 A5_AF333508 272 (1113.5)
denovo114 A3b_EU449043 272 (1098.5)
denovo114 A151_EU074925 272 (1080.5)
denovo114 A152_EU074927 272 (1080.5)
denovo114 A149_EU074929 272 (1080.5)
denovo114 A140_EU074930 272 (1080.5)
denovo114 A142_EU074932 272 (1080.5)
denovo114 A143_EU074933 272 (1080.5)
denovo114 A144_EU074934 272 (1080.5)
denovo114 A145_EU074935 273 (1083.5)
denovo114 A148_EU074938 272 (1080.5)
denovo114 A155_EU074856 272 (1080.5)
denovo114 A156_EU074859 272 (1080.5)
denovo114 A139_EU074962 272 (1080.5)
denovo114 A6_AF186058 272 (1089.5)
denovo114 A3_AF333507 272 (1089.5)
denovo114 A3_JN558091 272 (1089.5)
denovo114 A8_AY258468 272 (1080.5)
denovo114 A7_AY239360 272 (1071.5)
denovo114 A16_EU792888 272 (1071.5)
denovo114 A4.3_FN429763 274 (1201.5)
denovo114 A120_AF180122 273 (1143.5)
denovo114 A4.2_FN429761 272 (1193.0)
denovo114 A4_AF333509 272 (1230.0)
denovo114 A4.1_FN429760 272 (1209.5)
denovo114 A4a_AF499778 272 (1221.0)
denovo114 A4a.1_FN429762 272 (1221.0)
denovo114 A138_EF378620 274 (1081.5)
denovo114 A122_EF378619 273 (1109.5)
denovo114 A126_EF378615 272 (1128.5)
denovo114 A10_EU792882 272 (1128.5)
denovo114 A9_EU449028 272 (1140.0)
denovo114 A105_AB207202 272 (1140.0)
denovo114 A119_AF180121 273 (1077.5)
denovo114 A12_EU792883 272 (1149.0)
denovo114 A104_AB207203 272 (1149.0)
denovo114 A1a_EU449030 272 (1158.0)
denovo114 A1.3_HE578976 272 (1158.0)
denovo114 A1.4_HE578977 272 (1158.0)
denovo114 A13_AF333504 272 (1158.0)
denovo114 A13_JN558094 272 (1158.0)
denovo114 A110_AB190282 272 (1158.0)
denovo114 A103_AB207206 272 (1158.0)
denovo114 A130_EF656428 272 (1176.0)
denovo114 A127_EF656429 272 (1158.0)
denovo114 A128_EF656430 272 (1158.0)
denovo114 A129_EF656431 272 (1158.0)
denovo114 A131_EF656432 272 (1158.0)
denovo114 A118_AF180120 272 (1105.5)
denovo114 A1_AF333505 272 (1167.0)
denovo114 A107_AB207199 272 (1140.0)
denovo114 A111_AB190280 272 (1149.0)
denovo114 A108_AB207197 272 (1143.0)
denovo114 A106_AB207200 272 (1140.0)
denovo114 A102_AB207209 272 (1158.0)
denovo114 A1.2_AB207210 272 (1158.0)
denovo114 A109_AB190285 272 (1149.0)
denovo114 B4_AF333510 336 (529.5)
denovo114 B23_EU449079 343 (478.0)
denovo114 B30_GU907644 344 (472.0)
denovo114 B11_AY239361 349 (496.5)
denovo114 B17_AY258470 345 (481.5)
denovo114 B1k_GU907638 275 (243.0)
denovo114 B1.V_Green2014 350 (461.5)
denovo114 B1b_AF499780 341 (502.5)
denovo114 B16_AY258469 348 (482.0)
denovo114 B31a_GU907646 343 (486.0)
denovo114 B32_GU907647 347 (497.5)
denovo114 B31_GU907645 347 (489.0)
denovo114 B1j_GU907637 343 (494.0)
denovo114 B37_GU907650 343 (505.0)
denovo114 B5a_AF499782 348 (482.0)
denovo114 B5_AF499781 348 (491.0)
denovo114 B24_GU907643 348 (368.0)
denovo114 B117_AF180124 331 (467.0)
denovo114 B10_AF499787 348 (482.0)
denovo114 B20_GU907642 353 (484.0)
denovo114 B1m_GU907640 347 (489.0)
denovo114 B34_GU907649 348 (491.0)
denovo114 B1d_GU907633 348 (491.0)
denovo114 B1e_GU907634 348 (491.0)
denovo114 B1i_GU907636 347 (489.0)
denovo114 B1g_GU907635 349 (482.0)
denovo114 B123_EU074872 348 (473.0)
denovo114 B8_AF499785 348 (480.0)
denovo114 B1l_GU907639 348 (482.5)
denovo114 B1a_AF499779 348 (491.0)
denovo114 B14_AY239362 349 (472.0)
denovo114 B125_EU074865 353 (488.0)
denovo114 B122_EU074871 347 (489.0)
denovo114 B124_EU074874 352 (484.0)
denovo114 B1.VII_Green2014 348 (439.5)
denovo114 B1.III_Green2014 335 (479.5)
denovo114 B1.I_Green2014 348 (491.0)
denovo114 B1.II_Green2014 348 (491.0)
denovo114 B1_JN558057 348 (491.0)
denovo114 B1_AF333511 348 (491.0)
denovo114 B1.IV_Green2014 358 (486.0)
denovo114 B121_EU074870 348 (491.0)
denovo114 B7_AF499784 348 (491.0)
denovo114 B1.VI_Green2014 339 (484.5)
denovo114 B3_AF333514 339 (497.5)
denovo114 B9_AF499786 331 (480.0)
denovo114 B19a_JN558055 325 (479.0)
denovo114 B119_EU099825 338 (493.0)
denovo114 B21_DQ865213 338 (480.5)
denovo114 B38_GU907651 338 (480.5)
denovo114 B18_AY258471 339 (506.0)
denovo114 B18a_AY258472 339 (506.0)
denovo114 B33_GU907648 344 (493.5)
denovo114 B6_AF499783 340 (500.0)
denovo114 B19_DQ865212 339 (488.0)
denovo114 B19_GU907641 339 (488.0)
denovo114 B2_AF333512 339 (488.0)
denovo114 B2_JN558060 339 (488.0)
denovo114 C33.1_AY258498 337 (506.0)
denovo114 C33.2_AY765400 337 (506.0)
denovo114 C33a_EF541147 337 (506.0)
denovo114 C34_AY258499 336 (521.5)
denovo114 C78_AY765413 342 (495.5)
denovo114 C15.29_KC597690 338 (482.0)
denovo114 C1131_DQ182650 342 (467.0)
denovo114 C1135_DQ182646 331 (470.0)
denovo114 C1134_DQ182647 328 (462.0)
denovo114 C1142_DQ182635 329 (464.0)
denovo114 C1136_DQ182644 338 (471.5)
denovo114 C1111_DQ182645 335 (478.5)
denovo114 C1236_EF473656 332 (470.5)
denovo114 C1138_DQ182642 332 (470.5)
denovo114 C1137_DQ182643 333 (481.0)
denovo114 C1133_DQ182648 332 (470.5)
denovo114 C1132_DQ182649 332 (479.5)
denovo114 C1143_DQ182634 332 (479.5)
denovo114 C1139_DQ182639 329 (473.0)
denovo114 C15.28_KC597687 329 (519.0)
denovo114 C1141_DQ182636 329 (482.0)
denovo114 C1144_DQ182637 329 (482.0)
denovo114 C1122_DQ182654 331 (479.0)
denovo114 C1127_DQ182652 329 (482.0)
denovo114 C15.30_JX394114 349 (515.0)
denovo114 C15.26_KC597686 340 (507.5)
denovo114 C1086_DQ182656 342 (512.0)
denovo114 C15.25_KC597685 342 (521.0)
denovo114 C1118_AF180127 336 (494.0)
denovo114 C1129_DQ182651 343 (469.5)
denovo114 C15.21_KC597683 337 (497.5)
denovo114 C56_AY589760 342 (504.0)
denovo114 C1140_DQ182638 336 (476.0)
denovo114 C1126_DQ182653 341 (481.0)
denovo114 C15c_AY258492 341 (509.5)
denovo114 C15d_AY258493 340 (516.0)
denovo114 C1098_DQ182641 343 (504.5)
denovo114 C15.27_KC597689 336 (522.0)
denovo114 C15.18_HE579024 342 (513.0)
denovo114 C15.16_HE579022 343 (524.5)
denovo114 C1101_AB253787 343 (497.5)
denovo114 C1083_AY237300 339 (513.5)
denovo114 C1088_DQ182640 340 (515.5)
denovo114 C15.6_FN563472 343 (506.5)
denovo114 C15.5_FJ461512 336 (513.0)
denovo114 C15.4_FJ461511 336 (513.0)
denovo114 C15.13_HE579019 343 (497.5)
denovo114 C15.12_HE579018 343 (506.5)
denovo114 C93a_AM748563 341 (527.0)
denovo114 C1094_AJ291514 341 (509.0)
denovo114 C93_AM748562 341 (518.0)
denovo114 C15.17_HE579023 342 (516.0)
denovo114 C15e_AY589742 340 (518.0)
denovo114 C15.22_KC597695 343 (506.5)
denovo114 C60_AY589764 336 (513.0)
denovo114 C15.1_FJ461508 343 (516.0)
denovo114 C15.2_FJ461509 343 (506.5)
denovo114 C15.9_FN563475 335 (518.5)
denovo114 C15.7_HE579015 343 (515.5)
denovo114 C15.8_HE579016 343 (506.5)
denovo114 C15.15_HE579021 343 (506.5)
denovo114 C15.19_HE579025 342 (522.0)
denovo114 C15.24_KC597696 343 (507.0)
denovo114 C15.3_FJ461510 336 (513.0)
denovo114 C1087_DQ182655 335 (519.0)
denovo114 C15.14_HE579020 344 (515.0)
denovo114 C15.23_KC597697 344 (515.0)
denovo114 C19_AY258479 342 (516.0)
denovo114 C1233_EU118166 343 (506.5)
denovo114 C15b_AY258491 343 (506.5)
denovo114 C15a_AY258476 336 (522.0)
denovo114 C1051_AF195153 343 (524.5)
denovo114 C2_AF333518 344 (522.5)
denovo114 C15.20_HE579026 344 (515.0)
denovo114 C15f_AY589743 344 (515.0)
denovo114 C55_AY589759 338 (513.5)
denovo114 C15_AY239369 343 (515.5)
denovo114 C32.1_JF683335 341 (524.5)
denovo114 C32.2_JF683336 341 (524.0)
denovo114 C21.23_KC597693 341 (524.0)
denovo114 C1193_EU099827 336 (500.5)
denovo114 C1195_EU099821 349 (469.5)
denovo114 C3q_GU907655 329 (521.0)
denovo114 C53_AY589758 342 (504.5)
denovo114 C73_AY765408 338 (517.0)
denovo114 C17.2.1_KC597684 339 (518.0)
denovo114 C32_AY258497 332 (516.5)
denovo114 C1189_EU099831 329 (517.5)
denovo114 C1191_EU099833 329 (526.5)
denovo114 C1196_EU099819 336 (510.0)
denovo114 C1192_EU099820 336 (510.0)
denovo114 C17.1_JF683322 331 (522.0)
denovo114 C26_b2_FN827164 338 (521.5)
denovo114 C26_b3_FN827165 338 (503.5)
denovo114 C31.9_HQ630879 339 (518.0)
denovo114 C31a_AY589746 340 (508.0)
denovo114 C30_AY589745 331 (517.0)
denovo114 C31.1_HQ630876 331 (517.0)
denovo114 C31.5_HQ630877 340 (517.0)
denovo114 C31.6_HQ630878 336 (514.0)
denovo114 C31.2_JF683332 332 (511.0)
denovo114 C31.3_JF683333 339 (523.5)
denovo114 C26/C35a_AY239378 338 (512.5)
denovo114 C35a_AY258501 338 (512.5)
denovo114 C35.2_AY258500 338 (521.5)
denovo114 C26_b1_FN827163 338 (521.5)
denovo114 C17_AY239370 337 (522.0)
denovo114 C17.2_FJ461513 339 (521.0)
denovo114 C31.10_HQ630880 339 (527.0)
denovo114 C31.4_JF683334 344 (505.5)
denovo114 C31_AY258496 340 (517.0)
denovo114 C25_AY239377 331 (500.5)
denovo114 C61_AY589765 335 (522.0)
denovo114 C1043_DQ072721 341 (494.0)
denovo114 C79_AY765414 335 (510.5)
denovo114 C69_AY589773 322 (524.5)
denovo114 C69a_AY686648 322 (515.5)
denovo114 C21.22_KC597692 325 (531.0)
denovo114 C51_AY589756 341 (509.5)
denovo114 C1aa_HM185739 343 (517.0)
denovo114 C1096_DQ068023 341 (525.0)
denovo114 C74_AY765409 334 (519.5)
denovo114 C1185_AB294629 342 (516.0)
denovo114 C1184_AB294630 342 (516.0)
denovo114 C1153_AB294625 342 (525.5)
denovo114 C1154_AB294626 341 (531.5)
denovo114 C1187_AB294627 342 (516.0)
denovo114 C1186_AB294628 345 (527.5)
denovo114 C57_AY589761 342 (525.0)
denovo114 C66_AY589771 342 (525.0)
denovo114 C5_AF499795 343 (515.5)
denovo114 C1167_AB294586 342 (531.0)
denovo114 C1164_AB294593 343 (515.5)
denovo114 C1183_AB294631 333 (512.0)
denovo114 C1067_DQ335381 336 (513.0)
denovo114 C1159_AB294613 347 (532.0)
denovo114 C1150_AB294622 345 (527.0)
denovo114 C90_AM748554 332 (530.0)
denovo114 C1168_AB294583 343 (515.5)
denovo114 C1156_AB294616 341 (527.0)
denovo114 C1151_AB294621 343 (533.5)
denovo114 C92a_AM748561 343 (524.5)
denovo114 C92_AM748560 343 (524.5)
denovo114 C1165_AB294581 342 (530.5)
denovo114 C1166_AB294584 343 (533.5)
denovo114 C1162_AB294594 342 (521.5)
denovo114 C1163_AB294596 337 (515.5)
denovo114 C1161_AB294606 341 (519.0)
denovo114 C1160_AB294608 343 (533.5)
denovo114 C1158_AB294614 343 (524.5)
denovo114 C1155_AB294617 343 (515.5)
denovo114 C1149_AB294620 335 (527.5)
denovo114 C1173_AB294662 343 (515.5)
denovo114 C1171_AB294663 343 (515.5)
denovo114 C1172_AB294665 343 (515.5)
denovo114 C91a_AM748556 335 (518.5)
denovo114 C91b_AM748557 337 (516.0)
denovo114 C91d_AM748559 342 (522.0)
denovo114 C91c_AM748558 342 (521.5)
denovo114 C91_AJ621543 343 (524.5)
denovo114 C91_AM748555 343 (524.5)
denovo114 C1023_DQ335330 313 (514.0)
denovo114 C1020_DQ335392 343 (524.5)
denovo114 C1018_DQ335408 335 (528.0)
denovo114 C1074_DQ335329 343 (515.5)
denovo114 C1030_DQ335353 343 (524.5)
denovo114 C1022_DQ335331 343 (524.5)
denovo114 C1027_DQ335360 343 (524.5)
denovo114 C1072_DQ335344 343 (515.5)
denovo114 C1039_AB190274 336 (522.0)
denovo114 C1033_DQ335350 349 (515.0)
denovo114 C1019_DQ335407 343 (524.5)
denovo114 C1194_EU099826 338 (503.0)
denovo114 C8b_AY258475 335 (495.0)
denovo114 C8_AY239367 332 (500.5)
denovo114 C8a_AY239368 332 (500.5)
denovo114 C54a_AY765406 333 (521.5)
denovo114 C3ff_HM185740 344 (518.0)
denovo114 C59_AY589763 346 (517.5)
denovo114 C3k_AY589737 335 (519.5)
denovo114 C3.24_HE579012 340 (526.0)
denovo114 C3.23_HE579011 341 (519.5)
denovo114 C35.1_AY765401 335 (536.0)
denovo114 C35.3_EF541145 335 (536.0)
denovo114 C76_AY765411 341 (517.0)
denovo114 C1107_DQ335359 338 (486.5)
denovo114 C3.22_HE579010 337 (517.5)
denovo114 C77_AY765412 343 (513.0)
denovo114 C20_AY239371 343 (515.5)
denovo114 C1055_DQ480640 335 (514.5)
denovo114 C27/C30_AY239379 338 (521.5)
denovo114 C27.1_FJ461517 338 (512.5)
denovo114 C40a_AY589747 341 (519.0)
denovo114 C40_AY258485 341 (519.0)
denovo114 C40b_AY589748 342 (517.0)
denovo114 C16_AY258477 336 (512.5)
denovo114 C16a_AY765399 337 (515.5)
denovo114 C1091_AB207186 327 (512.0)
denovo114 C1102_DQ335400 337 (496.5)
denovo114 C1069_DQ335375 327 (512.0)
denovo114 C1073_DQ335332 337 (514.5)
denovo114 C1066_DQ335382 337 (514.5)
denovo114 C1031_DQ335352 338 (526.5)
denovo114 C1026_DQ335366 344 (527.5)
denovo114 C70_AY589774 337 (523.5)
denovo114 C1082_AB190267 337 (505.5)
denovo114 C1078_AB190271 337 (514.5)
denovo114 C1090_AB207191 329 (518.0)
denovo114 C1071_DQ335302 329 (508.5)
denovo114 C1075_DQ335328 331 (514.5)
denovo114 C1068_DQ335379 337 (505.5)
denovo114 C1064_DQ335395 337 (523.5)
denovo114 C1063_DQ335403 337 (505.5)
denovo114 C62_AY589766 337 (514.5)
denovo114 C1077_DQ335316 338 (514.0)
denovo114 C1109_DQ335338 337 (505.5)
denovo114 C1110_DQ335340 337 (505.5)
denovo114 C1106_DQ335339 327 (494.0)
denovo114 C1112_DQ335319 327 (503.0)
denovo114 C1108_DQ335351 327 (494.0)
denovo114 C1105_DQ335394 327 (503.0)
denovo114 C1121_DQ335378 327 (494.0)
denovo114 C1116_AB190268 337 (505.5)
denovo114 C1115_AB190273 327 (503.0)
denovo114 C1124_DQ335323 327 (485.0)
denovo114 C1120_DQ335398 326 (500.0)
denovo114 C1119_DQ335404 329 (499.5)
denovo114 C1123_DQ335363 327 (494.0)
denovo114 C1004_DQ480635 331 (524.5)
denovo114 C1061_AY186568 332 (509.5)
denovo114 C1053_AY186569 332 (518.5)
denovo114 C1003_DQ480639 332 (518.5)
denovo114 C81_GU907657 328 (516.5)
denovo114 C22_AY239373 332 (527.0)
denovo114 C22a_AY239374 332 (527.0)
denovo114 C1232_EU118163 336 (513.0)
denovo114 C21.13_FJ461515 339 (526.5)
denovo114 C21.1_JF683323 329 (534.0)
denovo114 C21.3_JF683325 336 (519.5)
denovo114 C1.20_HE578993 332 (518.5)
denovo114 C1.22_HE578995 332 (509.5)
denovo114 C52_AY589757 329 (512.0)
denovo114 C1201_EU099793 343 (480.5)
denovo114 C14_AY589741 336 (515.0)
denovo114 C43_AY589749 337 (514.5)
denovo114 C50_AY589755 336 (522.0)
denovo114 C3.14_HQ630872 343 (515.5)
denovo114 C1m_AY765398 337 (505.5)
denovo114 C82_GU907658 343 (505.5)
denovo114 C82b_GU907660 343 (505.5)
denovo114 C64_AY589768 343 (524.5)
denovo114 C45a_AY765404 342 (513.0)
denovo114 C48_AY589753 333 (533.0)
denovo114 C1_v1b_FJ919244 336 (512.0)
denovo114 C1_v1a_FJ919243 332 (509.5)
denovo114 C3j_AY239366 343 (506.5)
denovo114 C3t_EF541149 341 (536.0)
denovo114 C9_AF499798 343 (506.5)
denovo114 C23_AY239375 337 (505.5)
denovo114 C37_AY258481 331 (525.0)
denovo114 C1048_DQ068026 333 (504.0)
denovo114 C21.4_JF683326 331 (513.0)
denovo114 C21.5_JF683327 337 (522.0)
denovo114 C1070_DQ335349 343 (515.5)
denovo114 C21.6_HQ630873 337 (522.0)
denovo114 C1224_EU074890 328 (515.5)
denovo114 C1.17_HE578990 332 (518.5)
denovo114 C21_b1_FN827162 335 (515.5)
denovo114 C21.9_JF683330 335 (524.5)
denovo114 C1085_AY624605 337 (523.5)
denovo114 C3p_GU907654 343 (519.0)
denovo114 C3f_AY589734 343 (524.5)
denovo114 C65a_AY589770 336 (522.0)
denovo114 C65_AY589769 336 (531.0)
denovo114 C71_AY589775 336 (531.0)
denovo114 C71a_AY589776 336 (522.0)
denovo114 C1178_AB294647 342 (524.0)
denovo114 C1225_EU074893 336 (521.0)
denovo114 C75_AY765410 346 (524.5)
denovo114 C21.10_JF683331 333 (528.0)
denovo114 C21.11_HQ630874 337 (531.0)
denovo114 C1065_DQ335388 346 (514.5)
denovo114 C1045_DQ068036 346 (523.5)
denovo114 C1h_AY258473 332 (518.5)
denovo114 C38_AY258482 337 (524.5)
denovo114 C1202_EU099799 343 (515.5)
denovo114 C7_AF499797 343 (524.5)
denovo114 C12_AF499801 345 (514.0)
denovo114 C38a_AY258483 344 (524.0)
denovo114 C1200_EU099800 332 (527.0)
denovo114 C44a_AY589751 335 (519.0)
denovo114 C47_AY589752 343 (515.5)
denovo114 C44_AY589750 343 (515.5)
denovo114 C1.15_HE578988 332 (519.0)
denovo114 C45.3_FJ461522 343 (516.0)
denovo114 C46a_AY765405 343 (515.5)
denovo114 C46_EU449108 343 (515.5)
denovo114 C3.12_FJ461507 343 (524.5)
denovo114 C1k_AY589733 343 (515.5)
denovo114 C67_AY686647 343 (515.5)
denovo114 C82a_GU907659 341 (509.0)
denovo114 C10a_AY589739 342 (513.0)
denovo114 C10_AF499799 342 (513.0)
denovo114 C13_AY589740 348 (510.0)
denovo114 C4_AF499794 343 (506.5)
denovo114 C1147_EF656433 334 (515.5)
denovo114 C1c/C45_AY239364 343 (515.5)
denovo114 C1c/C45_EU449103 343 (515.5)
denovo114 C21.19_HE579031 337 (513.0)
denovo114 C21.21_HE579033 337 (504.0)
denovo114 C21.20_HE579032 337 (513.0)
denovo114 C42b_AY765403 337 (496.5)
denovo114 C42_AY258487 337 (505.5)
denovo114 C1p_GU907652 332 (509.5)
denovo114 C1d_AY258488 342 (503.5)
denovo114 C42_AY765402 343 (506.5)
denovo114 C3ha_AY589736 337 (522.0)
denovo114 C63a_AY589767 331 (524.0)
denovo114 C21a_AY589744 337 (531.0)
denovo114 C3o_GU907653 337 (522.5)
denovo114 C21.16_HQ630875 334 (531.0)
denovo114 C21.2_JF683324 337 (531.0)
denovo114 C21.7_JF683328 336 (528.5)
denovo114 C21.8_JF683329 329 (534.5)
denovo114 C3h_AY239365 337 (522.0)
denovo114 C1203_EU099798 337 (522.0)
denovo114 C3.10_FJ461505 343 (524.5)
denovo114 C21.14_FJ461516 337 (531.0)
denovo114 C21.18_HE579030 343 (519.0)
denovo114 C3.17_HE579005 343 (515.5)
denovo114 C3.9_FJ461504 332 (525.5)
denovo114 C3.8_FJ461503 334 (524.5)
denovo114 C3.7_FJ461502 343 (515.5)
denovo114 C3.11_FJ461506 343 (524.5)
denovo114 C3.18_HE579006 343 (515.5)
denovo114 C3.19_HE579007 345 (521.0)
denovo114 C3.20_HE579008 343 (515.5)
denovo114 C3g_AY589735 346 (525.5)
denovo114 C3a_AF499790 335 (528.0)
denovo114 C3e_AF499793 343 (515.5)
denovo114 C6_AF499796 346 (524.5)
denovo114 C11_AF499800 341 (527.5)
denovo114 C36_AY258480 345 (520.0)
denovo114 C29_AY258494 335 (520.0)
denovo114 C1146_EF656434 343 (525.0)
denovo114 C1190_EU099841 343 (533.5)
denovo114 C131_JF320826 343 (515.5)
denovo114 C28_AY239380 345 (514.5)
denovo114 C1012_DQ480604 336 (522.0)
denovo114 C1181_AB294640 343 (517.5)
denovo114 C1180_AB294641 343 (535.5)
denovo114 C1179_AB294645 343 (526.5)
denovo114 C1176_AB294651 339 (525.0)
denovo114 C1175_AB294653 343 (526.5)
denovo114 C1174_AB294655 343 (526.5)
denovo114 C1177_AB294659 344 (520.0)
denovo114 C1040_AB190269 343 (524.5)
denovo114 C1182_AB294649 343 (515.5)
denovo114 C1089_AJ278598 343 (515.5)
denovo114 C1028_DQ335357 343 (524.5)
denovo114 C3.16_EU786015 343 (533.5)
denovo114 C1097_AJ311943 344 (514.5)
denovo114 C1170_AB294661 343 (526.5)
denovo114 C21.17_HE579029 338 (536.0)
denovo114 C21/3d/C3k_AY239372 337 (531.0)
denovo114 C58_AY589762 338 (530.5)
denovo114 C3L_AY589738 334 (521.5)
denovo114 C1169_AB294660 343 (526.5)
denovo114 C3.2_FJ461497 342 (525.0)
denovo114 C3.1_JF683321 331 (528.5)
denovo114 C1104_AF427469 344 (514.5)
denovo114 C3b_AF499791 342 (525.0)
denovo114 C83_GU907661 343 (527.0)
denovo114 C49_AY589754 367 (543.0)
denovo114 C3_AB778606 343 (524.5)
denovo114 C3_AF499789 343 (524.5)
denovo114 C3_HE579001 343 (524.5)
denovo114 C21.12_FJ461514 337 (522.0)
denovo114 C1229_EU074888 334 (520.0)
denovo114 C1230_EU074889 334 (529.0)
denovo114 C1114_AB207196 343 (506.5)
denovo114 C3.21_HE579009 335 (460.0)
denovo114 C1057_DQ480619 332 (509.5)
denovo114 C72_AY765407 338 (509.0)
denovo114 C1b.3_HE578999 331 (510.0)
denovo114 C93_AJ621536 343 (515.5)
denovo114 C94_AJ621539 332 (509.5)
denovo114 C1g_AY589730 332 (527.5)
denovo114 C1i_AY589731 341 (509.0)
denovo114 C1j_AY589732 332 (518.5)
denovo114 C1005_DQ480633 332 (509.5)
denovo114 C1.7_FJ461494 332 (518.5)
denovo114 C1.11_HE578984 337 (514.5)
denovo114 C1.12_HE578985 332 (518.5)
denovo114 C1.13_HE578986 332 (518.5)
denovo114 C1.14_HE578987 333 (521.5)
denovo114 C1.18_HE578991 332 (509.5)
denovo114 C1.19_HE578992 332 (518.5)
denovo114 C1199_EU099802 342 (507.0)
denovo114 C1188_EU099838 342 (522.0)
denovo114 C1002_DQ838544 343 (524.5)
denovo114 C1198_EU099810 332 (509.5)
denovo114 C24_AY239376 342 (503.5)
denovo114 C1f_AY258490 332 (518.5)
denovo114 C1006_DQ480629 332 (518.5)
denovo114 C1010_DQ480607 332 (518.5)
denovo114 C1007_DQ480624 332 (509.5)
denovo114 C1011_DQ480605 331 (525.0)
denovo114 C1009_DQ480608 332 (518.5)
denovo114 C1041_AY186548 333 (521.0)
denovo114 C1052_AY186570 332 (518.5)
denovo114 C1148_EU040178 343 (515.5)
denovo114 C1234_EU118165 344 (505.5)
denovo114 C1.5_EF634157 333 (513.0)
denovo114 C1059_DQ480609 332 (509.5)
denovo114 C1228_EU074883 332 (518.5)
denovo114 C1208_EU074963 335 (517.5)
denovo114 C1207_EU074964 332 (518.5)
denovo114 C1206_EU074965 343 (524.5)
denovo114 C1013_DQ480642 332 (518.5)
denovo114 C80_GU907656 347 (519.0)
denovo114 C1a_AF499788 343 (515.5)
denovo114 C41_AY258486 342 (512.5)
denovo114 C39_AY258484 330 (517.0)
denovo114 C1231_EU074878 332 (509.5)
denovo114 C1b.1_HE578997 331 (510.0)
denovo114 C18_AY258478 343 (515.5)
denovo114 C1.10_HE578983 335 (517.0)
denovo114 C1_JN558041 332 (518.5)
denovo114 C1_HE578979 332 (518.5)
denovo114 C1_AM748551 332 (518.5)
denovo114 C1_AF333515 332 (518.5)
denovo114 C1054_AY186565 342 (519.0)
denovo114 C1008_DQ480613 332 (509.5)
denovo114 C1103_AF427470 333 (508.5)
denovo114 C1226_EU074881 333 (508.5)
denovo114 C1b/C1e_AY239363 331 (519.0)
denovo114 C1044_DQ068038 332 (512.5)
denovo114 C1017_DQ174729 332 (509.0)
denovo114 C1.6_FJ461493 332 (509.5)
denovo114 C1b.2_HE578998 331 (510.0)
denovo114 C1060_DQ480600 332 (509.5)
denovo114 C1227_EU074882 332 (509.5)
denovo114 C1197_EU099814 332 (509.5)
denovo114 C1130_DQ480643 332 (404.0)
denovo114 D109_AB097465 323 (415.0)
denovo114 D1.11_HE579040 329 (435.5)
denovo114 D105_AF174570 327 (438.5)
denovo114 D104_AF174572 329 (427.0)
denovo114 D1.3_JF683337 330 (419.5)
denovo114 D1.10_HE579039 325 (432.0)
denovo114 D110_AF174561 326 (435.5)
denovo114 D117_AF174542 327 (420.5)
denovo114 D114_AF174549 327 (429.5)
denovo114 D113_AF174557 329 (427.0)
denovo114 D112_AF174558 333 (420.5)
denovo114 D106_AF174559 327 (438.5)
denovo114 D111_AF174560 327 (429.5)
denovo114 D115_AF174562 327 (420.5)
denovo114 D107_AF174568 327 (420.5)
denovo114 D116_AF174571 316 (424.0)
denovo114 D124_EU074897 327 (420.0)
denovo114 D1.8_HE579037 329 (436.0)
denovo114 D3_AY686650 328 (432.5)
denovo114 D1.6_HQ630881 331 (428.5)
denovo114 D120_EU074900 329 (427.0)
denovo114 D121_EU074904 316 (433.0)
denovo114 D122_EU074905 327 (429.0)
denovo114 D1a.2_JF683339 331 (427.0)
denovo114 D1a.1_JF683338 329 (427.0)
denovo114 D2_AY686649 577 (480.0)
denovo114 D4_DQ865214 330 (426.5)
denovo114 D1a_AF499802 329 (427.0)
denovo114 D1a_JN558078 329 (427.0)
denovo114 D123_EU074895 327 (429.5)
denovo114 D108_AF174567 329 (436.0)
denovo114 D103_AF174575 327 (438.5)
denovo114 D100_AF411415 323 (426.0)
denovo114 D118_EF656435 327 (429.5)
denovo114 D101_AF411416 322 (436.0)
denovo114 D119_EU099832 333 (422.0)
denovo114 D102_AF174573 326 (430.0)
denovo114 D1_AF334660 327 (429.5)
denovo114 D1_JN558076 327 (429.5)
denovo114 D1.12_HE579041 310 (424.5)
denovo114 D1.1_AM748564 393 (458.0)
denovo114 D1.2_AM748617 406 (475.0)
denovo114 E111_EU074915 340 (447.5)
denovo114 E110_EU074914 336 (464.0)
denovo114 E114_EU074909 334 (459.0)
denovo114 E1_AF334659 338 (447.5)
denovo114 E105_EU074921 337 (457.5)
denovo114 E112_EU074916 334 (450.0)
denovo114 E104_EU074922 334 (459.0)
denovo114 E102_EU074924 334 (450.0)
denovo114 E103_EU074923 334 (459.0)
denovo114 E101_AY160123 330 (462.0)
denovo114 E109_EU074913 333 (454.0)
denovo114 E100_DQ011618 342 (463.0)
denovo114 E108_EU074912 339 (461.0)
denovo114 E113_EU074908 339 (455.5)
denovo114 E107_EU074910 339 (461.0)
denovo114 F1_JN558066 337 (461.0)
denovo114 F5.2d_AJ291530 342 (468.5)
denovo114 F104_AJ291531 342 (468.5)
denovo114 F5.2c_AM748596 339 (468.5)
denovo114 F5.2_AM748594 339 (468.5)
denovo114 F5.2a_AM748614 339 (468.5)
denovo114 F5.2b_AM748595 339 (468.5)
denovo114 F5.2e_AJ291533 341 (430.0)
denovo114 F5.2g_JN558072 338 (474.0)
denovo114 F5.2f_AJ291512 339 (468.5)
denovo114 F102_AJ291534 338 (474.0)
denovo114 F5.1c_AM748593 340 (461.5)
denovo114 F5.1d_JN558069 346 (480.5)
denovo114 F5.1b_AJ291535 341 (483.5)
denovo114 F5.1_AM748592 341 (484.0)
denovo114 F5.1a_AM748591 341 (492.5)
denovo114 F110_AJ291526 331 (479.0)
denovo114 F4.7_AM748587 332 (476.0)
denovo114 F4.5_AM748585 330 (494.0)
denovo114 F4.4a_AM748583 322 (498.0)
denovo114 F4.4_AM748582 334 (496.0)
denovo114 F4.4b_AM748584 324 (483.5)
denovo114 F4.1a_AM748573 327 (486.0)
denovo114 F112_AJ291528 327 (459.0)
denovo114 F4.1_AM748572 327 (477.0)
denovo114 F4.8b_AM748590 334 (487.5)
denovo114 F4.8_AM748588 335 (499.5)
denovo114 F4.8a_AM748589 336 (494.0)
denovo114 F109_AJ291527 336 (493.5)
denovo114 F4.6_AM748586 328 (479.5)
denovo114 F111_AJ311949 323 (467.0)
denovo114 F4.3c_AM748581 325 (478.5)
denovo114 F4.3a_AM748579 326 (490.0)
denovo114 F4.3b_AM748580 325 (486.5)
denovo114 F4.3_AM748578 325 (486.5)
denovo114 F4.2_AM748574 333 (476.5)
denovo114 F4.2a_AM748575 328 (492.5)
denovo114 F4.2c_AM748577 329 (492.0)
denovo114 F4.2b_AM748576 328 (483.5)
denovo114 F2b_AJ291521 342 (457.5)
denovo114 F2_AJ830908 335 (455.0)
denovo114 F2a_AJ830911 339 (449.5)
denovo114 F3.1a_AM748566 355 (472.5)
denovo114 F114_AJ291525 353 (466.0)
denovo114 F3.1_AM748565 353 (484.0)
denovo114 F3.2_AM748567 355 (489.0)
denovo114 F3.2a_AM748568 336 (495.0)
denovo114 F3.3_AM748569 346 (495.5)
denovo114 F3.4a_AM748571 344 (525.5)
denovo114 F3.4_AM748570 344 (507.5)
denovo114 F3.4b_AM748616 344 (507.5)
denovo114 G101_AJ291539 336 (425.0)
denovo114 G1_AM748597 337 (427.5)
denovo114 G2b_JN558087 343 (431.0)
denovo114 G2_AM748598 341 (426.0)
denovo114 G2a_AM748599 343 (431.5)
denovo114 G4_AM748601 350 (436.5)
denovo114 G3.4_LK392378 346 (432.5)
denovo114 G3_AM748600 338 (429.0)
denovo114 G3.2_KC597694 318 (420.0)
denovo114 G3.1_KC597688 337 (453.0)
denovo114 G100_AB253788 338 (448.0)
denovo114 G3.3_LK392377 335 (457.0)
denovo114 H6_AJ291520 632 (250.0)
denovo114 H3_AM748606 336 (333.5)
denovo114 H2_AM748605 332 (330.0)
denovo114 H4_AM748607 342 (324.0)
denovo114 H4a_AM748608 329 (332.0)
denovo114 H5a_AM748611 318 (346.0)
denovo114 H5b_AM748610 321 (339.0)
denovo114 H5_AJ621129 345 (344.0)
denovo114 H5_AM748609 345 (344.0)
denovo114 H100_AJ291513 310 (340.0)
denovo114 H1b_AM748604 311 (337.5)
denovo114 H1a_AM748612 320 (332.0)
denovo114 H1_AJ621152 310 (335.0)
denovo114 H1_AM748602 310 (335.0)
denovo114 I3_FN561561 340 (497.5)
denovo114 I4_FN561562 340 (497.5)
denovo114 I1_FN561559 352 (506.0)
denovo114 I2_FN561560 339 (504.0)

#---------------------------------------
#---------------------------------------
