denovo267 A136_DQ865210 336 (531.5)
denovo267 A133_DQ174725 360 (512.5)
denovo267 A115_AF180123 340 (520.5)
denovo267 A117_AF201746 341 (512.0)
denovo267 A134_DQ174723 346 (516.5)
denovo267 A114_AF184941 341 (512.5)
denovo267 A135_DQ174727 349 (518.0)
denovo267 A2_AF333506 336 (518.5)
denovo267 A101_AF427468 336 (513.5)
denovo267 A2_1_JN558097 336 (513.5)
denovo267 A2_2_JN558100 336 (513.5)
denovo267 A113_AF184948 340 (528.0)
denovo267 A112_AF184949 347 (504.5)
denovo267 A123_EF378618 350 (350.5)
denovo267 A137_EF378621 348 (347.0)
denovo267 A11_EU449041 347 (542.0)
denovo267 A121_DQ174722 342 (522.0)
denovo267 A15b_EU792886 351 (505.5)
denovo267 A15a_EU792885 342 (515.0)
denovo267 A15c_EU792887 354 (513.5)
denovo267 A15_EU792884 351 (514.5)
denovo267 A147_EU074937 342 (524.0)
denovo267 A154_EU074860 342 (506.0)
denovo267 A146_EU074936 342 (515.0)
denovo267 A150_EU074928 342 (523.5)
denovo267 A116_AF183575 359 (530.0)
denovo267 A141_EU074931 342 (524.0)
denovo267 A5_AF333508 339 (539.5)
denovo267 A3b_EU449043 342 (533.0)
denovo267 A151_EU074925 344 (521.5)
denovo267 A152_EU074927 344 (520.5)
denovo267 A149_EU074929 357 (523.0)
denovo267 A140_EU074930 342 (515.0)
denovo267 A142_EU074932 342 (515.0)
denovo267 A143_EU074933 347 (522.5)
denovo267 A144_EU074934 342 (524.0)
denovo267 A145_EU074935 345 (523.0)
denovo267 A148_EU074938 359 (521.0)
denovo267 A155_EU074856 342 (515.0)
denovo267 A156_EU074859 342 (515.0)
denovo267 A139_EU074962 342 (515.0)
denovo267 A6_AF186058 342 (524.0)
denovo267 A3_AF333507 342 (524.0)
denovo267 A3_JN558091 342 (524.0)
denovo267 A8_AY258468 342 (506.0)
denovo267 A7_AY239360 342 (515.5)
denovo267 A16_EU792888 342 (524.5)
denovo267 A4.3_FN429763 346 (515.5)
denovo267 A120_AF180122 350 (509.0)
denovo267 A4.2_FN429761 344 (515.5)
denovo267 A4_AF333509 344 (534.5)
denovo267 A4.1_FN429760 343 (529.5)
denovo267 A4a_AF499778 344 (543.0)
denovo267 A4a.1_FN429762 344 (543.0)
denovo267 A138_EF378620 350 (471.5)
denovo267 A122_EF378619 349 (508.5)
denovo267 A126_EF378615 348 (509.5)
denovo267 A10_EU792882 348 (509.5)
denovo267 A9_EU449028 342 (511.5)
denovo267 A105_AB207202 346 (531.0)
denovo267 A119_AF180121 349 (512.5)
denovo267 A12_EU792883 347 (516.0)
denovo267 A104_AB207203 345 (528.0)
denovo267 A1a_EU449030 348 (527.5)
denovo267 A1.3_HE578976 347 (533.0)
denovo267 A1.4_HE578977 347 (524.0)
denovo267 A13_AF333504 347 (533.0)
denovo267 A13_JN558094 347 (533.0)
denovo267 A110_AB190282 347 (515.5)
denovo267 A103_AB207206 349 (530.5)
denovo267 A130_EF656428 347 (515.5)
denovo267 A127_EF656429 347 (533.5)
denovo267 A128_EF656430 347 (515.5)
denovo267 A129_EF656431 347 (524.5)
denovo267 A131_EF656432 347 (533.5)
denovo267 A118_AF180120 355 (514.5)
denovo267 A1_AF333505 347 (524.5)
denovo267 A107_AB207199 348 (527.5)
denovo267 A111_AB190280 344 (533.0)
denovo267 A108_AB207197 346 (507.0)
denovo267 A106_AB207200 346 (530.5)
denovo267 A102_AB207209 346 (531.0)
denovo267 A1.2_AB207210 346 (531.0)
denovo267 A109_AB190285 346 (530.5)
denovo267 B4_AF333510 321 (1085.5)
denovo267 B23_EU449079 307 (1186.5)
denovo267 B30_GU907644 307 (1168.5)
denovo267 B11_AY239361 308 (1298.5)
denovo267 B17_AY258470 306 (1300.0)
denovo267 B1k_GU907638 314 (678.5)
denovo267 B1.V_Green2014 314 (1260.0)
denovo267 B1b_AF499780 306 (1231.5)
denovo267 B16_AY258469 306 (1309.0)
denovo267 B31a_GU907646 306 (1309.0)
denovo267 B32_GU907647 306 (1309.0)
denovo267 B31_GU907645 306 (1318.0)
denovo267 B1j_GU907637 306 (1318.0)
denovo267 B37_GU907650 308 (1307.5)
denovo267 B5a_AF499782 306 (1327.0)
denovo267 B5_AF499781 306 (1336.0)
denovo267 B24_GU907643 306 (1185.0)
denovo267 B117_AF180124 306 (1200.5)
denovo267 B10_AF499787 306 (1309.0)
denovo267 B20_GU907642 308 (1301.5)
denovo267 B1m_GU907640 306 (1318.0)
denovo267 B34_GU907649 306 (1327.0)
denovo267 B1d_GU907633 306 (1318.0)
denovo267 B1e_GU907634 306 (1318.0)
denovo267 B1i_GU907636 306 (1318.0)
denovo267 B1g_GU907635 307 (1299.0)
denovo267 B123_EU074872 306 (1309.0)
denovo267 B8_AF499785 307 (1308.0)
denovo267 B1l_GU907639 306 (1318.0)
denovo267 B1a_AF499779 306 (1318.0)
denovo267 B14_AY239362 307 (1308.0)
denovo267 B125_EU074865 306 (1318.0)
denovo267 B122_EU074871 306 (1318.0)
denovo267 B124_EU074874 306 (1318.0)
denovo267 B1.VII_Green2014 306 (1248.0)
denovo267 B1.III_Green2014 306 (1246.0)
denovo267 B1.I_Green2014 306 (1327.0)
denovo267 B1.II_Green2014 306 (1327.0)
denovo267 B1_JN558057 306 (1327.0)
denovo267 B1_AF333511 306 (1327.0)
denovo267 B1.IV_Green2014 316 (1312.5)
denovo267 B121_EU074870 306 (1318.0)
denovo267 B7_AF499784 306 (1318.0)
denovo267 B1.VI_Green2014 307 (1258.0)
denovo267 B3_AF333514 306 (1223.5)
denovo267 B9_AF499786 306 (1250.5)
denovo267 B19a_JN558055 306 (1123.5)
denovo267 B119_EU099825 315 (1149.0)
denovo267 B21_DQ865213 306 (1218.5)
denovo267 B38_GU907651 306 (1218.5)
denovo267 B18_AY258471 306 (1250.5)
denovo267 B18a_AY258472 306 (1241.5)
denovo267 B33_GU907648 306 (1241.5)
denovo267 B6_AF499783 311 (1247.0)
denovo267 B19_DQ865212 306 (1259.5)
denovo267 B19_GU907641 306 (1259.5)
denovo267 B2_AF333512 306 (1250.5)
denovo267 B2_JN558060 306 (1250.5)
denovo267 C33.1_AY258498 331 (707.5)
denovo267 C33.2_AY765400 331 (707.5)
denovo267 C33a_EF541147 331 (707.5)
denovo267 C34_AY258499 324 (705.5)
denovo267 C78_AY765413 325 (697.5)
denovo267 C15.29_KC597690 327 (703.0)
denovo267 C1131_DQ182650 331 (696.5)
denovo267 C1135_DQ182646 326 (682.5)
denovo267 C1134_DQ182647 326 (682.5)
denovo267 C1142_DQ182635 326 (691.5)
denovo267 C1136_DQ182644 321 (674.0)
denovo267 C1111_DQ182645 324 (683.5)
denovo267 C1236_EF473656 324 (674.5)
denovo267 C1138_DQ182642 321 (684.5)
denovo267 C1137_DQ182643 324 (674.5)
denovo267 C1133_DQ182648 324 (674.5)
denovo267 C1132_DQ182649 328 (677.0)
denovo267 C1143_DQ182634 324 (683.5)
denovo267 C1139_DQ182639 326 (691.5)
denovo267 C15.28_KC597687 328 (752.5)
denovo267 C1141_DQ182636 326 (700.5)
denovo267 C1144_DQ182637 328 (706.5)
denovo267 C1122_DQ182654 326 (718.5)
denovo267 C1127_DQ182652 326 (718.5)
denovo267 C15.30_JX394114 324 (748.5)
denovo267 C15.26_KC597686 322 (726.0)
denovo267 C1086_DQ182656 328 (742.5)
denovo267 C15.25_KC597685 328 (751.5)
denovo267 C1118_AF180127 332 (696.5)
denovo267 C1129_DQ182651 325 (688.0)
denovo267 C15.21_KC597683 326 (719.0)
denovo267 C56_AY589760 322 (733.5)
denovo267 C1140_DQ182638 327 (703.0)
denovo267 C1126_DQ182653 327 (694.0)
denovo267 C15c_AY258492 322 (744.0)
denovo267 C15d_AY258493 321 (750.5)
denovo267 C1098_DQ182641 321 (739.0)
denovo267 C15.27_KC597689 325 (743.5)
denovo267 C15.18_HE579024 324 (739.5)
denovo267 C15.16_HE579022 330 (748.5)
denovo267 C1101_AB253787 325 (734.0)
denovo267 C1083_AY237300 325 (743.0)
denovo267 C1088_DQ182640 328 (742.5)
denovo267 C15.6_FN563472 325 (743.0)
denovo267 C15.5_FJ461512 325 (733.5)
denovo267 C15.4_FJ461511 325 (742.5)
denovo267 C15.13_HE579019 325 (734.0)
denovo267 C15.12_HE579018 325 (743.0)
denovo267 C93a_AM748563 326 (764.0)
denovo267 C1094_AJ291514 326 (746.0)
denovo267 C93_AM748562 326 (755.0)
denovo267 C15.17_HE579023 325 (737.5)
denovo267 C15e_AY589742 327 (751.5)
denovo267 C15.22_KC597695 325 (743.0)
denovo267 C60_AY589764 325 (743.0)
denovo267 C15.1_FJ461508 325 (743.5)
denovo267 C15.2_FJ461509 325 (743.0)
denovo267 C15.9_FN563475 325 (760.0)
denovo267 C15.7_HE579015 326 (746.0)
denovo267 C15.8_HE579016 325 (743.0)
denovo267 C15.15_HE579021 325 (743.0)
denovo267 C15.19_HE579025 325 (752.0)
denovo267 C15.24_KC597696 325 (734.0)
denovo267 C15.3_FJ461510 325 (742.5)
denovo267 C1087_DQ182655 325 (752.0)
denovo267 C15.14_HE579020 329 (742.5)
denovo267 C15.23_KC597697 329 (742.5)
denovo267 C19_AY258479 324 (761.5)
denovo267 C1233_EU118166 325 (743.0)
denovo267 C15b_AY258491 325 (743.0)
denovo267 C15a_AY258476 325 (751.5)
denovo267 C1051_AF195153 325 (761.0)
denovo267 C2_AF333518 326 (760.0)
denovo267 C15.20_HE579026 329 (751.0)
denovo267 C15f_AY589743 327 (745.0)
denovo267 C55_AY589759 331 (755.5)
denovo267 C15_AY239369 325 (752.0)
denovo267 C32.1_JF683335 328 (703.5)
denovo267 C32.2_JF683336 328 (703.5)
denovo267 C21.23_KC597693 328 (703.5)
denovo267 C1193_EU099827 336 (726.0)
denovo267 C1195_EU099821 332 (707.5)
denovo267 C3q_GU907655 337 (716.0)
denovo267 C53_AY589758 335 (717.0)
denovo267 C73_AY765408 332 (725.0)
denovo267 C17.2.1_KC597684 327 (673.0)
denovo267 C32_AY258497 329 (706.0)
denovo267 C1189_EU099831 325 (712.5)
denovo267 C1191_EU099833 324 (719.0)
denovo267 C1196_EU099819 325 (694.5)
denovo267 C1192_EU099820 325 (694.5)
denovo267 C17.1_JF683322 325 (712.5)
denovo267 C26_b2_FN827164 330 (714.5)
denovo267 C26_b3_FN827165 326 (694.0)
denovo267 C31.9_HQ630879 327 (700.0)
denovo267 C31a_AY589746 327 (705.5)
denovo267 C30_AY589745 327 (705.5)
denovo267 C31.1_HQ630876 331 (707.0)
denovo267 C31.5_HQ630877 327 (715.0)
denovo267 C31.6_HQ630878 327 (714.5)
denovo267 C31.2_JF683332 327 (714.5)
denovo267 C31.3_JF683333 327 (705.5)
denovo267 C26/C35a_AY239378 326 (703.0)
denovo267 C35a_AY258501 326 (703.0)
denovo267 C35.2_AY258500 326 (712.0)
denovo267 C26_b1_FN827163 326 (712.0)
denovo267 C17_AY239370 325 (712.5)
denovo267 C17.2_FJ461513 327 (711.5)
denovo267 C31.10_HQ630880 327 (709.0)
denovo267 C31.4_JF683334 331 (703.0)
denovo267 C31_AY258496 327 (714.5)
denovo267 C25_AY239377 326 (730.5)
denovo267 C61_AY589765 331 (699.5)
denovo267 C1043_DQ072721 325 (701.5)
denovo267 C79_AY765414 325 (715.5)
denovo267 C69_AY589773 317 (718.0)
denovo267 C69a_AY686648 317 (709.0)
denovo267 C21.22_KC597692 341 (714.0)
denovo267 C51_AY589756 324 (722.0)
denovo267 C1aa_HM185739 332 (729.0)
denovo267 C1096_DQ068023 328 (713.0)
denovo267 C74_AY765409 331 (746.0)
denovo267 C1185_AB294629 330 (743.0)
denovo267 C1184_AB294630 330 (743.0)
denovo267 C1153_AB294625 330 (743.5)
denovo267 C1154_AB294626 329 (758.5)
denovo267 C1187_AB294627 330 (743.0)
denovo267 C1186_AB294628 330 (752.0)
denovo267 C57_AY589761 330 (752.0)
denovo267 C66_AY589771 330 (752.0)
denovo267 C5_AF499795 328 (742.5)
denovo267 C1167_AB294586 325 (743.5)
denovo267 C1164_AB294593 325 (752.0)
denovo267 C1183_AB294631 325 (761.0)
denovo267 C1067_DQ335381 325 (733.5)
denovo267 C1159_AB294613 329 (751.0)
denovo267 C1150_AB294622 329 (760.0)
denovo267 C90_AM748554 329 (765.5)
denovo267 C1168_AB294583 328 (751.5)
denovo267 C1156_AB294616 328 (760.5)
denovo267 C1151_AB294621 328 (769.5)
denovo267 C92a_AM748561 328 (751.5)
denovo267 C92_AM748560 328 (760.5)
denovo267 C1165_AB294581 325 (752.0)
denovo267 C1166_AB294584 325 (752.0)
denovo267 C1162_AB294594 325 (752.0)
denovo267 C1163_AB294596 322 (753.5)
denovo267 C1161_AB294606 325 (761.0)
denovo267 C1160_AB294608 329 (753.5)
denovo267 C1158_AB294614 325 (761.5)
denovo267 C1155_AB294617 325 (752.0)
denovo267 C1149_AB294620 325 (770.0)
denovo267 C1173_AB294662 325 (770.0)
denovo267 C1171_AB294663 325 (752.0)
denovo267 C1172_AB294665 325 (752.0)
denovo267 C91a_AM748556 328 (769.5)
denovo267 C91b_AM748557 328 (760.5)
denovo267 C91d_AM748559 327 (758.0)
denovo267 C91c_AM748558 327 (758.0)
denovo267 C91_AJ621543 325 (761.0)
denovo267 C91_AM748555 325 (761.0)
denovo267 C1023_DQ335330 316 (713.0)
denovo267 C1020_DQ335392 329 (736.0)
denovo267 C1018_DQ335408 328 (742.5)
denovo267 C1074_DQ335329 325 (733.5)
denovo267 C1030_DQ335353 325 (733.5)
denovo267 C1022_DQ335331 325 (733.5)
denovo267 C1027_DQ335360 325 (751.5)
denovo267 C1072_DQ335344 325 (733.5)
denovo267 C1039_AB190274 329 (745.5)
denovo267 C1033_DQ335350 330 (730.5)
denovo267 C1019_DQ335407 325 (742.5)
denovo267 C1194_EU099826 327 (707.0)
denovo267 C8b_AY258475 326 (730.0)
denovo267 C8_AY239367 327 (738.5)
denovo267 C8a_AY239368 329 (734.5)
denovo267 C54a_AY765406 325 (742.5)
denovo267 C3ff_HM185740 326 (737.0)
denovo267 C59_AY589763 331 (735.0)
denovo267 C3k_AY589737 327 (739.0)
denovo267 C3.24_HE579012 326 (745.5)
denovo267 C3.23_HE579011 327 (739.0)
denovo267 C35.1_AY765401 335 (753.5)
denovo267 C35.3_EF541145 328 (751.5)
denovo267 C76_AY765411 328 (713.0)
denovo267 C1107_DQ335359 325 (710.5)
denovo267 C3.22_HE579010 327 (732.0)
denovo267 C77_AY765412 325 (730.0)
denovo267 C20_AY239371 328 (741.5)
denovo267 C1055_DQ480640 326 (732.5)
denovo267 C27/C30_AY239379 326 (703.0)
denovo267 C27.1_FJ461517 326 (694.0)
denovo267 C40a_AY589747 327 (738.0)
denovo267 C40_AY258485 327 (738.0)
denovo267 C40b_AY589748 337 (728.5)
denovo267 C16_AY258477 328 (742.0)
denovo267 C16a_AY765399 328 (742.0)
denovo267 C1091_AB207186 329 (745.5)
denovo267 C1102_DQ335400 325 (724.5)
denovo267 C1069_DQ335375 326 (737.0)
denovo267 C1073_DQ335332 325 (734.0)
denovo267 C1066_DQ335382 324 (731.0)
denovo267 C1031_DQ335352 330 (748.0)
denovo267 C1026_DQ335366 330 (748.0)
denovo267 C70_AY589774 325 (751.5)
denovo267 C1082_AB190267 325 (733.5)
denovo267 C1078_AB190271 322 (743.5)
denovo267 C1090_AB207191 325 (751.5)
denovo267 C1071_DQ335302 325 (742.5)
denovo267 C1075_DQ335328 325 (742.5)
denovo267 C1068_DQ335379 325 (733.5)
denovo267 C1064_DQ335395 325 (733.5)
denovo267 C1063_DQ335403 325 (733.5)
denovo267 C62_AY589766 325 (742.5)
denovo267 C1077_DQ335316 322 (749.0)
denovo267 C1109_DQ335338 325 (733.5)
denovo267 C1110_DQ335340 325 (724.5)
denovo267 C1106_DQ335339 329 (727.5)
denovo267 C1112_DQ335319 329 (736.5)
denovo267 C1108_DQ335351 329 (727.5)
denovo267 C1105_DQ335394 329 (736.5)
denovo267 C1121_DQ335378 336 (729.5)
denovo267 C1116_AB190268 332 (735.5)
denovo267 C1115_AB190273 336 (738.5)
denovo267 C1124_DQ335323 329 (718.5)
denovo267 C1120_DQ335398 329 (718.5)
denovo267 C1119_DQ335404 325 (733.5)
denovo267 C1123_DQ335363 329 (727.5)
denovo267 C1004_DQ480635 330 (739.5)
denovo267 C1061_AY186568 330 (730.5)
denovo267 C1053_AY186569 330 (739.5)
denovo267 C1003_DQ480639 330 (739.5)
denovo267 C81_GU907657 319 (723.5)
denovo267 C22_AY239373 322 (742.0)
denovo267 C22a_AY239374 322 (742.0)
denovo267 C1232_EU118163 329 (735.0)
denovo267 C21.13_FJ461515 325 (695.5)
denovo267 C21.1_JF683323 326 (706.5)
denovo267 C21.3_JF683325 325 (721.5)
denovo267 C1.20_HE578993 327 (740.5)
denovo267 C1.22_HE578995 327 (731.5)
denovo267 C52_AY589757 327 (734.0)
denovo267 C1201_EU099793 328 (712.5)
denovo267 C14_AY589741 330 (734.0)
denovo267 C43_AY589749 330 (740.0)
denovo267 C50_AY589755 325 (742.5)
denovo267 C3.14_HQ630872 326 (736.5)
denovo267 C1m_AY765398 327 (740.0)
denovo267 C82_GU907658 338 (735.5)
denovo267 C82b_GU907660 338 (735.5)
denovo267 C64_AY589768 325 (743.0)
denovo267 C45a_AY765404 330 (748.0)
denovo267 C48_AY589753 329 (766.0)
denovo267 C1_v1b_FJ919244 326 (736.5)
denovo267 C1_v1a_FJ919243 327 (740.0)
denovo267 C3j_AY239366 325 (733.5)
denovo267 C3t_EF541149 325 (742.5)
denovo267 C9_AF499798 330 (748.0)
denovo267 C23_AY239375 327 (758.5)
denovo267 C37_AY258481 332 (736.5)
denovo267 C1048_DQ068026 330 (739.0)
denovo267 C21.4_JF683326 328 (712.5)
denovo267 C21.5_JF683327 325 (712.5)
denovo267 C1070_DQ335349 325 (733.5)
denovo267 C21.6_HQ630873 325 (712.5)
denovo267 C1224_EU074890 327 (758.0)
denovo267 C1.17_HE578990 327 (758.0)
denovo267 C21_b1_FN827162 322 (704.5)
denovo267 C21.9_JF683330 322 (713.5)
denovo267 C1085_AY624605 322 (735.0)
denovo267 C3p_GU907654 328 (727.5)
denovo267 C3f_AY589734 328 (751.5)
denovo267 C65a_AY589770 325 (743.0)
denovo267 C65_AY589769 325 (752.0)
denovo267 C71_AY589775 325 (743.0)
denovo267 C71a_AY589776 325 (734.0)
denovo267 C1178_AB294647 324 (734.0)
denovo267 C1225_EU074893 324 (758.5)
denovo267 C75_AY765410 326 (745.5)
denovo267 C21.10_JF683331 326 (724.5)
denovo267 C21.11_HQ630874 326 (715.5)
denovo267 C1065_DQ335388 325 (751.5)
denovo267 C1045_DQ068036 325 (760.5)
denovo267 C1h_AY258473 327 (740.0)
denovo267 C38_AY258482 325 (733.5)
denovo267 C1202_EU099799 325 (733.5)
denovo267 C7_AF499797 325 (742.5)
denovo267 C12_AF499801 327 (732.0)
denovo267 C38a_AY258483 329 (750.5)
denovo267 C1200_EU099800 318 (747.5)
denovo267 C44a_AY589751 328 (750.5)
denovo267 C47_AY589752 330 (757.0)
denovo267 C44_AY589750 330 (748.0)
denovo267 C1.15_HE578988 327 (740.5)
denovo267 C45.3_FJ461522 330 (739.5)
denovo267 C46a_AY765405 330 (739.0)
denovo267 C46_EU449108 330 (748.0)
denovo267 C3.12_FJ461507 328 (750.5)
denovo267 C1k_AY589733 330 (739.0)
denovo267 C67_AY686647 330 (748.0)
denovo267 C82a_GU907659 330 (739.0)
denovo267 C10a_AY589739 330 (748.0)
denovo267 C10_AF499799 330 (739.0)
denovo267 C13_AY589740 332 (742.0)
denovo267 C4_AF499794 330 (739.0)
denovo267 C1147_EF656433 330 (739.0)
denovo267 C1c/C45_AY239364 330 (748.0)
denovo267 C1c/C45_EU449103 330 (748.0)
denovo267 C21.19_HE579031 325 (721.5)
denovo267 C21.21_HE579033 325 (712.5)
denovo267 C21.20_HE579032 325 (721.5)
denovo267 C42b_AY765403 330 (730.5)
denovo267 C42_AY258487 330 (739.5)
denovo267 C1p_GU907652 327 (740.0)
denovo267 C1d_AY258488 330 (730.0)
denovo267 C42_AY765402 330 (739.0)
denovo267 C3ha_AY589736 325 (712.5)
denovo267 C63a_AY589767 327 (729.5)
denovo267 C21a_AY589744 325 (712.5)
denovo267 C3o_GU907653 326 (715.0)
denovo267 C21.16_HQ630875 327 (718.5)
denovo267 C21.2_JF683324 325 (712.5)
denovo267 C21.7_JF683328 324 (719.0)
denovo267 C21.8_JF683329 328 (721.5)
denovo267 C3h_AY239365 325 (712.5)
denovo267 C1203_EU099798 325 (712.5)
denovo267 C3.10_FJ461505 325 (742.5)
denovo267 C21.14_FJ461516 325 (712.5)
denovo267 C21.18_HE579030 331 (709.5)
denovo267 C3.17_HE579005 325 (742.5)
denovo267 C3.9_FJ461504 325 (739.5)
denovo267 C3.8_FJ461503 325 (751.5)
denovo267 C3.7_FJ461502 325 (742.5)
denovo267 C3.11_FJ461506 332 (754.0)
denovo267 C3.18_HE579006 325 (742.5)
denovo267 C3.19_HE579007 325 (742.5)
denovo267 C3.20_HE579008 325 (742.5)
denovo267 C3g_AY589735 328 (734.5)
denovo267 C3a_AF499790 326 (754.5)
denovo267 C3e_AF499793 325 (742.5)
denovo267 C6_AF499796 333 (748.0)
denovo267 C11_AF499800 325 (742.5)
denovo267 C36_AY258480 325 (760.5)
denovo267 C29_AY258494 325 (760.5)
denovo267 C1146_EF656434 325 (742.5)
denovo267 C1190_EU099841 325 (742.5)
denovo267 C131_JF320826 325 (742.5)
denovo267 C28_AY239380 332 (747.0)
denovo267 C1012_DQ480604 325 (742.5)
denovo267 C1181_AB294640 325 (727.5)
denovo267 C1180_AB294641 325 (727.5)
denovo267 C1179_AB294645 327 (743.0)
denovo267 C1176_AB294651 325 (737.5)
denovo267 C1175_AB294653 325 (727.5)
denovo267 C1174_AB294655 327 (733.0)
denovo267 C1177_AB294659 325 (736.5)
denovo267 C1040_AB190269 327 (748.0)
denovo267 C1182_AB294649 325 (742.5)
denovo267 C1089_AJ278598 325 (742.5)
denovo267 C1028_DQ335357 332 (753.5)
denovo267 C3.16_EU786015 325 (742.5)
denovo267 C1097_AJ311943 326 (742.0)
denovo267 C1170_AB294661 325 (736.5)
denovo267 C21.17_HE579029 325 (732.5)
denovo267 C21/3d/C3k_AY239372 325 (721.5)
denovo267 C58_AY589762 326 (721.0)
denovo267 C3L_AY589738 332 (750.5)
denovo267 C1169_AB294660 325 (736.5)
denovo267 C3.2_FJ461497 325 (745.5)
denovo267 C3.1_JF683321 327 (752.0)
denovo267 C1104_AF427469 326 (741.5)
denovo267 C3b_AF499791 325 (754.5)
denovo267 C83_GU907661 325 (754.0)
denovo267 C49_AY589754 357 (758.0)
denovo267 C3_AB778606 325 (751.5)
denovo267 C3_AF499789 325 (751.5)
denovo267 C3_HE579001 325 (751.5)
denovo267 C21.12_FJ461514 325 (703.5)
denovo267 C1229_EU074888 324 (735.5)
denovo267 C1230_EU074889 324 (744.5)
denovo267 C1114_AB207196 325 (733.5)
denovo267 C3.21_HE579009 325 (646.5)
denovo267 C1057_DQ480619 328 (742.5)
denovo267 C72_AY765407 324 (739.5)
denovo267 C1b.3_HE578999 327 (734.0)
denovo267 C93_AJ621536 325 (742.5)
denovo267 C94_AJ621539 327 (740.0)
denovo267 C1g_AY589730 327 (740.0)
denovo267 C1i_AY589731 330 (739.5)
denovo267 C1j_AY589732 334 (751.0)
denovo267 C1005_DQ480633 327 (740.0)
denovo267 C1.7_FJ461494 327 (740.0)
denovo267 C1.11_HE578984 327 (740.5)
denovo267 C1.12_HE578985 327 (749.5)
denovo267 C1.13_HE578986 327 (749.0)
denovo267 C1.14_HE578987 327 (749.0)
denovo267 C1.18_HE578991 327 (740.0)
denovo267 C1.19_HE578992 327 (740.0)
denovo267 C1199_EU099802 324 (733.5)
denovo267 C1188_EU099838 324 (748.5)
denovo267 C1002_DQ838544 325 (751.5)
denovo267 C1198_EU099810 327 (740.0)
denovo267 C24_AY239376 327 (740.0)
denovo267 C1f_AY258490 327 (749.0)
denovo267 C1006_DQ480629 327 (758.0)
denovo267 C1010_DQ480607 327 (740.0)
denovo267 C1007_DQ480624 327 (740.0)
denovo267 C1011_DQ480605 327 (740.0)
denovo267 C1009_DQ480608 331 (742.0)
denovo267 C1041_AY186548 327 (749.0)
denovo267 C1052_AY186570 327 (740.0)
denovo267 C1148_EU040178 327 (749.0)
denovo267 C1234_EU118165 328 (739.0)
denovo267 C1.5_EF634157 327 (749.0)
denovo267 C1059_DQ480609 327 (740.0)
denovo267 C1228_EU074883 327 (740.0)
denovo267 C1208_EU074963 327 (740.0)
denovo267 C1207_EU074964 327 (749.0)
denovo267 C1206_EU074965 327 (740.0)
denovo267 C1013_DQ480642 327 (740.0)
denovo267 C80_GU907656 334 (743.0)
denovo267 C1a_AF499788 330 (748.5)
denovo267 C41_AY258486 327 (749.0)
denovo267 C39_AY258484 315 (752.5)
denovo267 C1231_EU074878 327 (740.0)
denovo267 C1b.1_HE578997 327 (734.0)
denovo267 C18_AY258478 327 (749.0)
denovo267 C1.10_HE578983 326 (743.5)
denovo267 C1_JN558041 327 (749.0)
denovo267 C1_HE578979 327 (749.0)
denovo267 C1_AM748551 327 (749.0)
denovo267 C1_AF333515 327 (749.0)
denovo267 C1054_AY186565 326 (752.5)
denovo267 C1008_DQ480613 327 (740.0)
denovo267 C1103_AF427470 328 (739.0)
denovo267 C1226_EU074881 328 (739.0)
denovo267 C1b/C1e_AY239363 327 (743.0)
denovo267 C1044_DQ068038 327 (734.0)
denovo267 C1017_DQ174729 328 (733.0)
denovo267 C1.6_FJ461493 327 (740.0)
denovo267 C1b.2_HE578998 327 (734.0)
denovo267 C1060_DQ480600 327 (740.0)
denovo267 C1227_EU074882 327 (740.0)
denovo267 C1197_EU099814 327 (740.0)
denovo267 C1130_DQ480643 327 (607.5)
denovo267 D109_AB097465 356 (517.5)
denovo267 D1.11_HE579040 355 (525.5)
denovo267 D105_AF174570 355 (525.5)
denovo267 D104_AF174572 356 (520.0)
denovo267 D1.3_JF683337 351 (522.5)
denovo267 D1.10_HE579039 355 (516.5)
denovo267 D110_AF174561 355 (516.5)
denovo267 D117_AF174542 355 (516.5)
denovo267 D114_AF174549 355 (525.5)
denovo267 D113_AF174557 356 (520.0)
denovo267 D112_AF174558 356 (529.0)
denovo267 D106_AF174559 355 (525.5)
denovo267 D111_AF174560 355 (525.0)
denovo267 D115_AF174562 355 (516.5)
denovo267 D107_AF174568 355 (525.5)
denovo267 D116_AF174571 355 (507.5)
denovo267 D124_EU074897 356 (538.0)
denovo267 D1.8_HE579037 356 (528.5)
denovo267 D3_AY686650 355 (525.5)
denovo267 D1.6_HQ630881 357 (523.0)
denovo267 D120_EU074900 356 (520.0)
denovo267 D121_EU074904 355 (516.5)
denovo267 D122_EU074905 355 (516.5)
denovo267 D1a.2_JF683339 358 (528.0)
denovo267 D1a.1_JF683338 356 (538.0)
denovo267 D2_AY686649 591 (600.5)
denovo267 D4_DQ865214 356 (526.0)
denovo267 D1a_AF499802 356 (529.0)
denovo267 D1a_JN558078 356 (529.0)
denovo267 D123_EU074895 359 (528.5)
denovo267 D108_AF174567 358 (526.0)
denovo267 D103_AF174575 355 (525.5)
denovo267 D100_AF411415 356 (528.0)
denovo267 D118_EF656435 357 (531.0)
denovo267 D101_AF411416 356 (513.0)
denovo267 D119_EU099832 360 (516.5)
denovo267 D102_AF174573 355 (529.0)
denovo267 D1_AF334660 355 (525.5)
denovo267 D1_JN558076 355 (525.5)
denovo267 D1.12_HE579041 346 (518.0)
denovo267 D1.1_AM748564 426 (541.0)
denovo267 D1.2_AM748617 425 (523.5)
denovo267 E111_EU074915 363 (507.0)
denovo267 E110_EU074914 363 (497.5)
denovo267 E114_EU074909 363 (497.5)
denovo267 E1_AF334659 364 (505.5)
denovo267 E105_EU074921 363 (515.5)
denovo267 E112_EU074916 363 (497.5)
denovo267 E104_EU074922 363 (506.5)
denovo267 E102_EU074924 363 (497.5)
denovo267 E103_EU074923 363 (506.5)
denovo267 E101_AY160123 368 (481.5)
denovo267 E109_EU074913 357 (496.5)
denovo267 E100_DQ011618 371 (511.0)
denovo267 E108_EU074912 360 (504.5)
denovo267 E113_EU074908 356 (505.5)
denovo267 E107_EU074910 360 (495.5)
denovo267 F1_JN558066 350 (661.5)
denovo267 F5.2d_AJ291530 332 (692.5)
denovo267 F104_AJ291531 332 (692.5)
denovo267 F5.2c_AM748596 335 (692.0)
denovo267 F5.2_AM748594 337 (696.5)
denovo267 F5.2a_AM748614 337 (696.5)
denovo267 F5.2b_AM748595 346 (688.0)
denovo267 F5.2e_AJ291533 347 (637.0)
denovo267 F5.2g_JN558072 347 (690.5)
denovo267 F5.2f_AJ291512 332 (674.0)
denovo267 F102_AJ291534 372 (675.5)
denovo267 F5.1c_AM748593 336 (703.5)
denovo267 F5.1d_JN558069 346 (686.5)
denovo267 F5.1b_AJ291535 342 (694.5)
denovo267 F5.1_AM748592 344 (691.0)
denovo267 F5.1a_AM748591 342 (694.5)
denovo267 F110_AJ291526 332 (752.5)
denovo267 F4.7_AM748587 331 (772.0)
denovo267 F4.5_AM748585 325 (758.5)
denovo267 F4.4a_AM748583 319 (789.0)
denovo267 F4.4_AM748582 324 (799.5)
denovo267 F4.4b_AM748584 317 (808.0)
denovo267 F4.1a_AM748573 326 (734.5)
denovo267 F112_AJ291528 324 (712.5)
denovo267 F4.1_AM748572 324 (730.5)
denovo267 F4.8b_AM748590 324 (791.5)
denovo267 F4.8_AM748588 321 (792.0)
denovo267 F4.8a_AM748589 321 (792.0)
denovo267 F109_AJ291527 321 (770.0)
denovo267 F4.6_AM748586 324 (739.0)
denovo267 F111_AJ311949 321 (766.5)
denovo267 F4.3c_AM748581 322 (783.5)
denovo267 F4.3a_AM748579 319 (793.0)
denovo267 F4.3b_AM748580 318 (791.0)
denovo267 F4.3_AM748578 319 (784.0)
denovo267 F4.2_AM748574 324 (794.0)
denovo267 F4.2a_AM748575 324 (770.5)
denovo267 F4.2c_AM748577 324 (767.0)
denovo267 F4.2b_AM748576 324 (779.5)
denovo267 F2b_AJ291521 335 (707.0)
denovo267 F2_AJ830908 331 (732.0)
denovo267 F2a_AJ830911 331 (727.5)
denovo267 F3.1a_AM748566 352 (694.5)
denovo267 F114_AJ291525 352 (686.0)
denovo267 F3.1_AM748565 352 (704.0)
denovo267 F3.2_AM748567 347 (744.5)
denovo267 F3.2a_AM748568 347 (737.0)
denovo267 F3.3_AM748569 344 (723.0)
denovo267 F3.4a_AM748571 349 (673.5)
denovo267 F3.4_AM748570 339 (671.5)
denovo267 F3.4b_AM748616 339 (671.5)
denovo267 G101_AJ291539 365 (561.0)
denovo267 G1_AM748597 365 (561.0)
denovo267 G2b_JN558087 363 (556.0)
denovo267 G2_AM748598 365 (553.0)
denovo267 G2a_AM748599 365 (544.0)
denovo267 G4_AM748601 357 (582.5)
denovo267 G3.4_LK392378 370 (541.0)
denovo267 G3_AM748600 370 (550.0)
denovo267 G3.2_KC597694 355 (503.0)
denovo267 G3.1_KC597688 367 (567.0)
denovo267 G100_AB253788 353 (545.0)
denovo267 G3.3_LK392377 359 (554.0)
denovo267 H6_AJ291520 659 (315.5)
denovo267 H3_AM748606 324 (550.0)
denovo267 H2_AM748605 336 (574.5)
denovo267 H4_AM748607 334 (571.5)
denovo267 H4a_AM748608 342 (564.0)
denovo267 H5a_AM748611 340 (544.5)
denovo267 H5b_AM748610 343 (543.0)
denovo267 H5_AJ621129 340 (544.5)
denovo267 H5_AM748609 340 (544.5)
denovo267 H100_AJ291513 340 (533.5)
denovo267 H1b_AM748604 341 (531.0)
denovo267 H1a_AM748612 341 (540.0)
denovo267 H1_AJ621152 341 (540.0)
denovo267 H1_AM748602 341 (540.0)
denovo267 I3_FN561561 342 (731.5)
denovo267 I4_FN561562 342 (740.0)
denovo267 I1_FN561559 336 (740.0)
denovo267 I2_FN561560 343 (741.5)

#---------------------------------------
#---------------------------------------
