denovo68 A136_DQ865210 336 (595.0)
denovo68 A133_DQ174725 348 (566.5)
denovo68 A115_AF180123 338 (541.0)
denovo68 A117_AF201746 335 (583.0)
denovo68 A134_DQ174723 342 (586.0)
denovo68 A114_AF184941 342 (586.0)
denovo68 A135_DQ174727 334 (580.0)
denovo68 A2_AF333506 346 (577.0)
denovo68 A101_AF427468 334 (571.0)
denovo68 A2_1_JN558097 334 (571.0)
denovo68 A2_2_JN558100 334 (571.0)
denovo68 A113_AF184948 332 (594.5)
denovo68 A112_AF184949 333 (570.5)
denovo68 A123_EF378618 349 (367.0)
denovo68 A137_EF378621 348 (356.5)
denovo68 A11_EU449041 344 (596.5)
denovo68 A121_DQ174722 339 (586.0)
denovo68 A15b_EU792886 344 (547.5)
denovo68 A15a_EU792885 346 (564.0)
denovo68 A15c_EU792887 347 (555.5)
denovo68 A15_EU792884 344 (556.5)
denovo68 A147_EU074937 344 (577.0)
denovo68 A154_EU074860 344 (559.0)
denovo68 A146_EU074936 346 (573.0)
denovo68 A150_EU074928 346 (582.0)
denovo68 A116_AF183575 347 (575.5)
denovo68 A141_EU074931 346 (582.0)
denovo68 A5_AF333508 337 (588.5)
denovo68 A3b_EU449043 344 (586.0)
denovo68 A151_EU074925 344 (576.0)
denovo68 A152_EU074927 345 (570.5)
denovo68 A149_EU074929 344 (577.0)
denovo68 A140_EU074930 344 (568.0)
denovo68 A142_EU074932 344 (568.0)
denovo68 A143_EU074933 345 (580.0)
denovo68 A144_EU074934 344 (568.0)
denovo68 A145_EU074935 347 (576.0)
denovo68 A148_EU074938 346 (573.0)
denovo68 A155_EU074856 344 (568.0)
denovo68 A156_EU074859 344 (568.0)
denovo68 A139_EU074962 344 (568.0)
denovo68 A6_AF186058 344 (577.0)
denovo68 A3_AF333507 344 (577.0)
denovo68 A3_JN558091 344 (577.0)
denovo68 A8_AY258468 346 (554.5)
denovo68 A7_AY239360 347 (566.0)
denovo68 A16_EU792888 346 (573.0)
denovo68 A4.3_FN429763 349 (560.5)
denovo68 A120_AF180122 345 (539.5)
denovo68 A4.2_FN429761 347 (542.5)
denovo68 A4_AF333509 347 (579.5)
denovo68 A4.1_FN429760 347 (559.0)
denovo68 A4a_AF499778 350 (580.0)
denovo68 A4a.1_FN429762 350 (580.0)
denovo68 A138_EF378620 343 (522.5)
denovo68 A122_EF378619 342 (541.5)
denovo68 A126_EF378615 341 (560.5)
denovo68 A10_EU792882 341 (560.5)
denovo68 A9_EU449028 343 (568.0)
denovo68 A105_AB207202 345 (582.0)
denovo68 A119_AF180121 343 (549.0)
denovo68 A12_EU792883 345 (574.0)
denovo68 A104_AB207203 340 (578.0)
denovo68 A1a_EU449030 343 (586.0)
denovo68 A1.3_HE578976 354 (572.5)
denovo68 A1.4_HE578977 345 (581.5)
denovo68 A13_AF333504 347 (578.5)
denovo68 A13_JN558094 347 (578.5)
denovo68 A110_AB190282 351 (572.5)
denovo68 A103_AB207206 346 (576.5)
denovo68 A130_EF656428 347 (569.5)
denovo68 A127_EF656429 347 (587.5)
denovo68 A128_EF656430 347 (569.5)
denovo68 A129_EF656431 348 (581.0)
denovo68 A131_EF656432 345 (573.5)
denovo68 A118_AF180120 347 (554.0)
denovo68 A1_AF333505 347 (578.5)
denovo68 A107_AB207199 346 (585.0)
denovo68 A111_AB190280 346 (585.0)
denovo68 A108_AB207197 353 (564.0)
denovo68 A106_AB207200 346 (584.5)
denovo68 A102_AB207209 346 (585.0)
denovo68 A1.2_AB207210 346 (585.0)
denovo68 A109_AB190285 346 (584.5)
denovo68 B4_AF333510 322 (1096.5)
denovo68 B23_EU449079 308 (1170.5)
denovo68 B30_GU907644 309 (1155.0)
denovo68 B11_AY239361 309 (1264.5)
denovo68 B17_AY258470 307 (1284.0)
denovo68 B1k_GU907638 311 (697.0)
denovo68 B1.V_Green2014 314 (1242.0)
denovo68 B1b_AF499780 306 (1231.0)
denovo68 B16_AY258469 307 (1311.0)
denovo68 B31a_GU907646 307 (1293.0)
denovo68 B32_GU907647 307 (1293.0)
denovo68 B31_GU907645 307 (1302.0)
denovo68 B1j_GU907637 307 (1302.0)
denovo68 B37_GU907650 309 (1291.5)
denovo68 B5a_AF499782 307 (1293.0)
denovo68 B5_AF499781 307 (1302.0)
denovo68 B24_GU907643 307 (1178.5)
denovo68 B117_AF180124 307 (1194.0)
denovo68 B10_AF499787 307 (1293.0)
denovo68 B20_GU907642 310 (1279.5)
denovo68 B1m_GU907640 307 (1302.0)
denovo68 B34_GU907649 307 (1311.0)
denovo68 B1d_GU907633 307 (1311.0)
denovo68 B1e_GU907634 307 (1302.0)
denovo68 B1i_GU907636 307 (1302.0)
denovo68 B1g_GU907635 308 (1283.0)
denovo68 B123_EU074872 307 (1293.0)
denovo68 B8_AF499785 308 (1292.0)
denovo68 B1l_GU907639 307 (1302.0)
denovo68 B1a_AF499779 307 (1302.0)
denovo68 B14_AY239362 308 (1292.0)
denovo68 B125_EU074865 307 (1302.0)
denovo68 B122_EU074871 307 (1302.0)
denovo68 B124_EU074874 307 (1302.0)
denovo68 B1.VII_Green2014 307 (1250.5)
denovo68 B1.III_Green2014 307 (1230.0)
denovo68 B1.I_Green2014 307 (1311.0)
denovo68 B1.II_Green2014 307 (1311.0)
denovo68 B1_JN558057 307 (1311.0)
denovo68 B1_AF333511 307 (1311.0)
denovo68 B1.IV_Green2014 317 (1306.0)
denovo68 B121_EU074870 307 (1302.0)
denovo68 B7_AF499784 307 (1302.0)
denovo68 B1.VI_Green2014 308 (1251.5)
denovo68 B3_AF333514 307 (1198.5)
denovo68 B9_AF499786 307 (1225.5)
denovo68 B19a_JN558055 311 (1092.5)
denovo68 B119_EU099825 316 (1133.0)
denovo68 B21_DQ865213 306 (1209.5)
denovo68 B38_GU907651 306 (1209.5)
denovo68 B18_AY258471 307 (1225.5)
denovo68 B18a_AY258472 307 (1216.5)
denovo68 B33_GU907648 307 (1216.5)
denovo68 B6_AF499783 312 (1222.0)
denovo68 B19_DQ865212 307 (1234.5)
denovo68 B19_GU907641 307 (1234.5)
denovo68 B2_AF333512 307 (1225.5)
denovo68 B2_JN558060 307 (1225.5)
denovo68 C33.1_AY258498 332 (683.0)
denovo68 C33.2_AY765400 332 (683.0)
denovo68 C33a_EF541147 332 (683.0)
denovo68 C34_AY258499 325 (681.0)
denovo68 C78_AY765413 329 (638.0)
denovo68 C15.29_KC597690 329 (637.5)
denovo68 C1131_DQ182650 326 (638.0)
denovo68 C1135_DQ182646 325 (635.0)
denovo68 C1134_DQ182647 325 (626.5)
denovo68 C1142_DQ182635 325 (635.5)
denovo68 C1136_DQ182644 323 (618.0)
denovo68 C1111_DQ182645 323 (627.5)
denovo68 C1236_EF473656 323 (618.5)
denovo68 C1138_DQ182642 319 (634.0)
denovo68 C1137_DQ182643 323 (618.5)
denovo68 C1133_DQ182648 323 (618.5)
denovo68 C1132_DQ182649 327 (621.0)
denovo68 C1143_DQ182634 323 (627.5)
denovo68 C1139_DQ182639 325 (635.5)
denovo68 C15.28_KC597687 325 (699.0)
denovo68 C1141_DQ182636 325 (662.0)
denovo68 C1144_DQ182637 325 (662.0)
denovo68 C1122_DQ182654 325 (662.5)
denovo68 C1127_DQ182652 325 (662.5)
denovo68 C15.30_JX394114 330 (677.0)
denovo68 C15.26_KC597686 326 (674.5)
denovo68 C1086_DQ182656 327 (677.5)
denovo68 C15.25_KC597685 327 (686.5)
denovo68 C1118_AF180127 330 (638.0)
denovo68 C1129_DQ182651 327 (631.5)
denovo68 C15.21_KC597683 326 (657.0)
denovo68 C56_AY589760 324 (668.5)
denovo68 C1140_DQ182638 327 (658.0)
denovo68 C1126_DQ182653 327 (649.0)
denovo68 C15c_AY258492 328 (689.0)
denovo68 C15d_AY258493 327 (695.5)
denovo68 C1098_DQ182641 325 (687.5)
denovo68 C15.27_KC597689 327 (677.5)
denovo68 C15.18_HE579024 326 (674.5)
denovo68 C15.16_HE579022 332 (701.0)
denovo68 C1101_AB253787 327 (668.5)
denovo68 C1083_AY237300 327 (677.5)
denovo68 C1088_DQ182640 327 (676.0)
denovo68 C15.6_FN563472 327 (677.5)
denovo68 C15.5_FJ461512 329 (674.0)
denovo68 C15.4_FJ461511 329 (683.0)
denovo68 C15.13_HE579019 327 (668.5)
denovo68 C15.12_HE579018 327 (677.5)
denovo68 C93a_AM748563 323 (702.0)
denovo68 C1094_AJ291514 323 (684.0)
denovo68 C93_AM748562 323 (693.0)
denovo68 C15.17_HE579023 323 (669.0)
denovo68 C15e_AY589742 329 (686.0)
denovo68 C15.22_KC597695 327 (677.5)
denovo68 C60_AY589764 327 (695.0)
denovo68 C15.1_FJ461508 327 (677.5)
denovo68 C15.2_FJ461509 327 (677.5)
denovo68 C15.9_FN563475 327 (695.0)
denovo68 C15.7_HE579015 326 (692.0)
denovo68 C15.8_HE579016 327 (677.5)
denovo68 C15.15_HE579021 327 (677.5)
denovo68 C15.19_HE579025 327 (686.5)
denovo68 C15.24_KC597696 327 (668.5)
denovo68 C15.3_FJ461510 329 (683.0)
denovo68 C1087_DQ182655 327 (686.5)
denovo68 C15.14_HE579020 328 (677.0)
denovo68 C15.23_KC597697 328 (677.0)
denovo68 C19_AY258479 326 (696.0)
denovo68 C1233_EU118166 327 (677.5)
denovo68 C15b_AY258491 327 (695.5)
denovo68 C15a_AY258476 329 (692.0)
denovo68 C1051_AF195153 327 (695.5)
denovo68 C2_AF333518 328 (694.5)
denovo68 C15.20_HE579026 328 (686.0)
denovo68 C15f_AY589743 324 (683.0)
denovo68 C55_AY589759 332 (686.5)
denovo68 C15_AY239369 327 (686.5)
denovo68 C32.1_JF683335 326 (644.5)
denovo68 C32.2_JF683336 326 (644.5)
denovo68 C21.23_KC597693 326 (644.5)
denovo68 C1193_EU099827 339 (681.0)
denovo68 C1195_EU099821 331 (651.5)
denovo68 C3q_GU907655 339 (642.0)
denovo68 C53_AY589758 337 (661.0)
denovo68 C73_AY765408 333 (666.0)
denovo68 C17.2.1_KC597684 324 (646.5)
denovo68 C32_AY258497 330 (654.5)
denovo68 C1189_EU099831 330 (656.0)
denovo68 C1191_EU099833 329 (662.5)
denovo68 C1196_EU099819 330 (638.0)
denovo68 C1192_EU099820 330 (638.0)
denovo68 C17.1_JF683322 327 (656.5)
denovo68 C26_b2_FN827164 329 (658.5)
denovo68 C26_b3_FN827165 325 (638.0)
denovo68 C31.9_HQ630879 325 (649.5)
denovo68 C31a_AY589746 325 (646.0)
denovo68 C30_AY589745 325 (646.0)
denovo68 C31.1_HQ630876 325 (646.0)
denovo68 C31.5_HQ630877 323 (658.0)
denovo68 C31.6_HQ630878 325 (655.0)
denovo68 C31.2_JF683332 325 (655.0)
denovo68 C31.3_JF683333 325 (646.0)
denovo68 C26/C35a_AY239378 325 (647.0)
denovo68 C35a_AY258501 325 (647.0)
denovo68 C35.2_AY258500 325 (656.0)
denovo68 C26_b1_FN827163 325 (656.0)
denovo68 C17_AY239370 330 (656.0)
denovo68 C17.2_FJ461513 325 (662.0)
denovo68 C31.10_HQ630880 325 (658.5)
denovo68 C31.4_JF683334 329 (643.5)
denovo68 C31_AY258496 325 (655.0)
denovo68 C25_AY239377 326 (695.0)
denovo68 C61_AY589765 327 (643.5)
denovo68 C1043_DQ072721 330 (645.0)
denovo68 C79_AY765414 332 (663.5)
denovo68 C69_AY589773 320 (664.5)
denovo68 C69a_AY686648 320 (655.5)
denovo68 C21.22_KC597692 328 (632.5)
denovo68 C51_AY589756 329 (665.5)
denovo68 C1aa_HM185739 328 (681.5)
denovo68 C1096_DQ068023 327 (656.5)
denovo68 C74_AY765409 331 (694.0)
denovo68 C1185_AB294629 333 (690.5)
denovo68 C1184_AB294630 333 (690.5)
denovo68 C1153_AB294625 333 (690.5)
denovo68 C1154_AB294626 332 (706.0)
denovo68 C1187_AB294627 333 (690.5)
denovo68 C1186_AB294628 333 (690.5)
denovo68 C57_AY589761 333 (699.5)
denovo68 C66_AY589771 333 (699.5)
denovo68 C5_AF499795 328 (680.5)
denovo68 C1167_AB294586 328 (680.5)
denovo68 C1164_AB294593 328 (680.5)
denovo68 C1183_AB294631 328 (698.5)
denovo68 C1067_DQ335381 330 (677.0)
denovo68 C1159_AB294613 327 (683.0)
denovo68 C1150_AB294622 327 (692.0)
denovo68 C90_AM748554 329 (703.5)
denovo68 C1168_AB294583 328 (689.5)
denovo68 C1156_AB294616 328 (707.5)
denovo68 C1151_AB294621 328 (707.5)
denovo68 C92a_AM748561 328 (707.5)
denovo68 C92_AM748560 328 (698.5)
denovo68 C1165_AB294581 328 (689.5)
denovo68 C1166_AB294584 328 (707.5)
denovo68 C1162_AB294594 328 (689.5)
denovo68 C1163_AB294596 323 (702.5)
denovo68 C1161_AB294606 328 (698.5)
denovo68 C1160_AB294608 332 (691.0)
denovo68 C1158_AB294614 328 (707.5)
denovo68 C1155_AB294617 328 (689.5)
denovo68 C1149_AB294620 328 (698.5)
denovo68 C1173_AB294662 328 (707.5)
denovo68 C1171_AB294663 328 (689.5)
denovo68 C1172_AB294665 328 (689.5)
denovo68 C91a_AM748556 328 (707.5)
denovo68 C91b_AM748557 328 (698.5)
denovo68 C91d_AM748559 327 (696.0)
denovo68 C91c_AM748558 327 (696.0)
denovo68 C91_AJ621543 328 (698.5)
denovo68 C91_AM748555 328 (698.5)
denovo68 C1023_DQ335330 312 (648.5)
denovo68 C1020_DQ335392 334 (679.5)
denovo68 C1018_DQ335408 330 (686.0)
denovo68 C1074_DQ335329 330 (677.0)
denovo68 C1030_DQ335353 330 (686.0)
denovo68 C1022_DQ335331 330 (677.0)
denovo68 C1027_DQ335360 330 (695.0)
denovo68 C1072_DQ335344 330 (677.0)
denovo68 C1039_AB190274 330 (686.0)
denovo68 C1033_DQ335350 335 (674.0)
denovo68 C1019_DQ335407 330 (686.0)
denovo68 C1194_EU099826 330 (671.0)
denovo68 C8b_AY258475 330 (670.0)
denovo68 C8_AY239367 333 (676.0)
denovo68 C8a_AY239368 335 (672.0)
denovo68 C54a_AY765406 330 (686.0)
denovo68 C3ff_HM185740 330 (695.0)
denovo68 C59_AY589763 333 (668.0)
denovo68 C3k_AY589737 327 (686.5)
denovo68 C3.24_HE579012 326 (693.0)
denovo68 C3.23_HE579011 327 (686.5)
denovo68 C35.1_AY765401 337 (687.5)
denovo68 C35.3_EF541145 330 (685.5)
denovo68 C76_AY765411 330 (683.0)
denovo68 C1107_DQ335359 326 (669.0)
denovo68 C3.22_HE579010 332 (657.5)
denovo68 C77_AY765412 330 (682.5)
denovo68 C20_AY239371 328 (689.0)
denovo68 C1055_DQ480640 328 (676.5)
denovo68 C27/C30_AY239379 325 (655.5)
denovo68 C27.1_FJ461517 325 (646.5)
denovo68 C40a_AY589747 333 (684.5)
denovo68 C40_AY258485 333 (684.5)
denovo68 C40b_AY589748 341 (677.0)
denovo68 C16_AY258477 332 (682.0)
denovo68 C16a_AY765399 332 (682.0)
denovo68 C1091_AB207186 325 (690.0)
denovo68 C1102_DQ335400 325 (672.0)
denovo68 C1069_DQ335375 329 (683.0)
denovo68 C1073_DQ335332 325 (681.0)
denovo68 C1066_DQ335382 322 (672.5)
denovo68 C1031_DQ335352 330 (695.5)
denovo68 C1026_DQ335366 335 (691.5)
denovo68 C70_AY589774 325 (699.0)
denovo68 C1082_AB190267 325 (681.0)
denovo68 C1078_AB190271 325 (698.5)
denovo68 C1090_AB207191 325 (690.0)
denovo68 C1071_DQ335302 325 (690.0)
denovo68 C1075_DQ335328 325 (690.0)
denovo68 C1068_DQ335379 325 (681.0)
denovo68 C1064_DQ335395 325 (681.0)
denovo68 C1063_DQ335403 325 (699.0)
denovo68 C62_AY589766 325 (690.0)
denovo68 C1077_DQ335316 325 (695.5)
denovo68 C1109_DQ335338 325 (681.0)
denovo68 C1110_DQ335340 325 (672.0)
denovo68 C1106_DQ335339 325 (672.0)
denovo68 C1112_DQ335319 325 (681.0)
denovo68 C1108_DQ335351 325 (672.0)
denovo68 C1105_DQ335394 325 (681.0)
denovo68 C1121_DQ335378 332 (674.0)
denovo68 C1116_AB190268 332 (683.0)
denovo68 C1115_AB190273 332 (683.0)
denovo68 C1124_DQ335323 325 (663.0)
denovo68 C1120_DQ335398 325 (663.0)
denovo68 C1119_DQ335404 325 (672.0)
denovo68 C1123_DQ335363 325 (672.0)
denovo68 C1004_DQ480635 330 (685.5)
denovo68 C1061_AY186568 330 (676.5)
denovo68 C1053_AY186569 330 (685.5)
denovo68 C1003_DQ480639 330 (685.5)
denovo68 C81_GU907657 320 (664.0)
denovo68 C22_AY239373 325 (688.0)
denovo68 C22a_AY239374 328 (679.5)
denovo68 C1232_EU118163 331 (679.5)
denovo68 C21.13_FJ461515 329 (653.5)
denovo68 C21.1_JF683323 328 (650.5)
denovo68 C21.3_JF683325 330 (665.0)
denovo68 C1.20_HE578993 330 (677.0)
denovo68 C1.22_HE578995 330 (668.0)
denovo68 C52_AY589757 324 (681.5)
denovo68 C1201_EU099793 331 (658.5)
denovo68 C14_AY589741 331 (682.5)
denovo68 C43_AY589749 331 (688.5)
denovo68 C50_AY589755 330 (686.0)
denovo68 C3.14_HQ630872 329 (691.5)
denovo68 C1m_AY765398 325 (690.0)
denovo68 C82_GU907658 336 (694.5)
denovo68 C82b_GU907660 336 (694.5)
denovo68 C64_AY589768 327 (694.5)
denovo68 C45a_AY765404 333 (694.0)
denovo68 C48_AY589753 330 (706.5)
denovo68 C1_v1b_FJ919244 330 (677.0)
denovo68 C1_v1a_FJ919243 330 (686.0)
denovo68 C3j_AY239366 330 (677.0)
denovo68 C3t_EF541149 333 (694.0)
denovo68 C9_AF499798 327 (695.5)
denovo68 C23_AY239375 328 (707.5)
denovo68 C37_AY258481 335 (682.5)
denovo68 C1048_DQ068026 333 (685.0)
denovo68 C21.4_JF683326 330 (656.0)
denovo68 C21.5_JF683327 330 (656.0)
denovo68 C1070_DQ335349 330 (677.0)
denovo68 C21.6_HQ630873 330 (656.0)
denovo68 C1224_EU074890 330 (704.0)
denovo68 C1.17_HE578990 330 (704.0)
denovo68 C21_b1_FN827162 330 (656.0)
denovo68 C21.9_JF683330 330 (665.0)
denovo68 C1085_AY624605 325 (690.0)
denovo68 C3p_GU907654 330 (680.5)
denovo68 C3f_AY589734 330 (695.0)
denovo68 C65a_AY589770 328 (689.0)
denovo68 C65_AY589769 328 (698.0)
denovo68 C71_AY589775 328 (689.0)
denovo68 C71a_AY589776 328 (680.0)
denovo68 C1178_AB294647 329 (677.5)
denovo68 C1225_EU074893 327 (704.5)
denovo68 C75_AY765410 329 (692.5)
denovo68 C21.10_JF683331 329 (662.0)
denovo68 C21.11_HQ630874 329 (662.0)
denovo68 C1065_DQ335388 330 (695.0)
denovo68 C1045_DQ068036 330 (704.0)
denovo68 C1h_AY258473 329 (691.5)
denovo68 C38_AY258482 329 (682.5)
denovo68 C1202_EU099799 329 (682.5)
denovo68 C7_AF499797 329 (691.5)
denovo68 C12_AF499801 331 (681.0)
denovo68 C38a_AY258483 328 (694.0)
denovo68 C1200_EU099800 317 (691.0)
denovo68 C44a_AY589751 330 (694.5)
denovo68 C47_AY589752 333 (703.0)
denovo68 C44_AY589750 333 (694.0)
denovo68 C1.15_HE578988 330 (686.0)
denovo68 C45.3_FJ461522 333 (685.0)
denovo68 C46a_AY765405 333 (685.0)
denovo68 C46_EU449108 333 (694.0)
denovo68 C3.12_FJ461507 333 (694.0)
denovo68 C1k_AY589733 333 (685.0)
denovo68 C67_AY686647 332 (691.0)
denovo68 C82a_GU907659 328 (698.0)
denovo68 C10a_AY589739 333 (694.0)
denovo68 C10_AF499799 333 (685.0)
denovo68 C13_AY589740 335 (688.0)
denovo68 C4_AF499794 333 (685.0)
denovo68 C1147_EF656433 333 (685.0)
denovo68 C1c/C45_AY239364 333 (694.0)
denovo68 C1c/C45_EU449103 333 (694.0)
denovo68 C21.19_HE579031 330 (665.0)
denovo68 C21.21_HE579033 330 (656.0)
denovo68 C21.20_HE579032 330 (665.0)
denovo68 C42b_AY765403 331 (679.5)
denovo68 C42_AY258487 331 (688.5)
denovo68 C1p_GU907652 330 (686.0)
denovo68 C1d_AY258488 333 (676.0)
denovo68 C42_AY765402 333 (685.0)
denovo68 C3ha_AY589736 330 (656.0)
denovo68 C63a_AY589767 325 (662.0)
denovo68 C21a_AY589744 330 (665.0)
denovo68 C3o_GU907653 329 (662.0)
denovo68 C21.16_HQ630875 330 (656.0)
denovo68 C21.2_JF683324 330 (656.0)
denovo68 C21.7_JF683328 329 (662.5)
denovo68 C21.8_JF683329 330 (665.0)
denovo68 C3h_AY239365 330 (656.0)
denovo68 C1203_EU099798 330 (656.0)
denovo68 C3.10_FJ461505 330 (704.0)
denovo68 C21.14_FJ461516 330 (674.0)
denovo68 C21.18_HE579030 325 (666.5)
denovo68 C3.17_HE579005 330 (686.0)
denovo68 C3.9_FJ461504 330 (683.0)
denovo68 C3.8_FJ461503 330 (695.0)
denovo68 C3.7_FJ461502 330 (686.0)
denovo68 C3.11_FJ461506 337 (697.5)
denovo68 C3.18_HE579006 330 (686.0)
denovo68 C3.19_HE579007 330 (686.0)
denovo68 C3.20_HE579008 330 (686.0)
denovo68 C3g_AY589735 333 (678.0)
denovo68 C3a_AF499790 328 (698.5)
denovo68 C3e_AF499793 330 (686.0)
denovo68 C6_AF499796 337 (706.0)
denovo68 C11_AF499800 330 (686.0)
denovo68 C36_AY258480 330 (704.0)
denovo68 C29_AY258494 330 (704.0)
denovo68 C1146_EF656434 332 (692.5)
denovo68 C1190_EU099841 330 (704.0)
denovo68 C131_JF320826 330 (686.0)
denovo68 C28_AY239380 339 (696.5)
denovo68 C1012_DQ480604 330 (695.0)
denovo68 C1181_AB294640 330 (671.0)
denovo68 C1180_AB294641 330 (689.0)
denovo68 C1179_AB294645 328 (674.5)
denovo68 C1176_AB294651 328 (683.5)
denovo68 C1175_AB294653 330 (671.0)
denovo68 C1174_AB294655 330 (679.5)
denovo68 C1177_AB294659 330 (680.0)
denovo68 C1040_AB190269 325 (690.0)
denovo68 C1182_AB294649 330 (686.0)
denovo68 C1089_AJ278598 330 (686.0)
denovo68 C1028_DQ335357 337 (697.0)
denovo68 C3.16_EU786015 330 (704.0)
denovo68 C1097_AJ311943 329 (679.5)
denovo68 C1170_AB294661 330 (680.0)
denovo68 C21.17_HE579029 330 (676.0)
denovo68 C21/3d/C3k_AY239372 330 (665.0)
denovo68 C58_AY589762 330 (670.5)
denovo68 C3L_AY589738 333 (690.5)
denovo68 C1169_AB294660 330 (680.0)
denovo68 C3.2_FJ461497 330 (689.0)
denovo68 C3.1_JF683321 327 (690.0)
denovo68 C1104_AF427469 331 (685.0)
denovo68 C3b_AF499791 330 (698.0)
denovo68 C83_GU907661 330 (697.5)
denovo68 C49_AY589754 358 (706.0)
denovo68 C3_AB778606 330 (695.0)
denovo68 C3_AF499789 330 (695.0)
denovo68 C3_HE579001 330 (695.0)
denovo68 C21.12_FJ461514 330 (656.0)
denovo68 C1229_EU074888 326 (687.5)
denovo68 C1230_EU074889 326 (696.5)
denovo68 C1114_AB207196 330 (677.0)
denovo68 C3.21_HE579009 330 (617.5)
denovo68 C1057_DQ480619 330 (686.0)
denovo68 C72_AY765407 326 (682.5)
denovo68 C1b.3_HE578999 330 (680.0)
denovo68 C93_AJ621536 330 (686.0)
denovo68 C94_AJ621539 330 (686.0)
denovo68 C1g_AY589730 330 (704.0)
denovo68 C1i_AY589731 322 (690.5)
denovo68 C1j_AY589732 337 (697.0)
denovo68 C1005_DQ480633 330 (686.0)
denovo68 C1.7_FJ461494 330 (686.0)
denovo68 C1.11_HE578984 325 (689.5)
denovo68 C1.12_HE578985 330 (686.0)
denovo68 C1.13_HE578986 330 (695.0)
denovo68 C1.14_HE578987 330 (695.0)
denovo68 C1.18_HE578991 330 (686.0)
denovo68 C1.19_HE578992 330 (695.0)
denovo68 C1199_EU099802 327 (671.5)
denovo68 C1188_EU099838 327 (686.5)
denovo68 C1002_DQ838544 330 (695.0)
denovo68 C1198_EU099810 330 (686.0)
denovo68 C24_AY239376 330 (686.0)
denovo68 C1f_AY258490 330 (695.0)
denovo68 C1006_DQ480629 330 (704.0)
denovo68 C1010_DQ480607 330 (686.0)
denovo68 C1007_DQ480624 330 (686.0)
denovo68 C1011_DQ480605 330 (686.0)
denovo68 C1009_DQ480608 330 (686.0)
denovo68 C1041_AY186548 330 (695.0)
denovo68 C1052_AY186570 330 (686.0)
denovo68 C1148_EU040178 330 (695.0)
denovo68 C1234_EU118165 331 (685.0)
denovo68 C1.5_EF634157 330 (695.0)
denovo68 C1059_DQ480609 330 (686.0)
denovo68 C1228_EU074883 330 (686.0)
denovo68 C1208_EU074963 330 (686.0)
denovo68 C1207_EU074964 330 (695.0)
denovo68 C1206_EU074965 330 (686.0)
denovo68 C1013_DQ480642 330 (686.0)
denovo68 C80_GU907656 337 (680.5)
denovo68 C1a_AF499788 327 (686.5)
denovo68 C41_AY258486 330 (695.0)
denovo68 C39_AY258484 315 (690.5)
denovo68 C1231_EU074878 330 (686.0)
denovo68 C1b.1_HE578997 330 (680.0)
denovo68 C18_AY258478 330 (695.0)
denovo68 C1.10_HE578983 329 (689.0)
denovo68 C1_JN558041 330 (695.0)
denovo68 C1_HE578979 330 (695.0)
denovo68 C1_AM748551 330 (695.0)
denovo68 C1_AF333515 330 (695.0)
denovo68 C1054_AY186565 329 (698.5)
denovo68 C1008_DQ480613 330 (686.0)
denovo68 C1103_AF427470 331 (685.0)
denovo68 C1226_EU074881 331 (685.0)
denovo68 C1b/C1e_AY239363 330 (689.0)
denovo68 C1044_DQ068038 330 (680.0)
denovo68 C1017_DQ174729 331 (679.0)
denovo68 C1.6_FJ461493 330 (686.0)
denovo68 C1b.2_HE578998 330 (680.0)
denovo68 C1060_DQ480600 330 (686.0)
denovo68 C1227_EU074882 330 (686.0)
denovo68 C1197_EU099814 330 (686.0)
denovo68 C1130_DQ480643 330 (580.5)
denovo68 D109_AB097465 360 (475.5)
denovo68 D1.11_HE579040 357 (485.0)
denovo68 D105_AF174570 358 (479.5)
denovo68 D104_AF174572 357 (476.0)
denovo68 D1.3_JF683337 358 (478.5)
denovo68 D1.10_HE579039 357 (476.0)
denovo68 D110_AF174561 357 (476.0)
denovo68 D117_AF174542 357 (476.0)
denovo68 D114_AF174549 357 (485.0)
denovo68 D113_AF174557 357 (476.0)
denovo68 D112_AF174558 359 (482.5)
denovo68 D106_AF174559 357 (485.0)
denovo68 D111_AF174560 357 (484.5)
denovo68 D115_AF174562 357 (476.0)
denovo68 D107_AF174568 356 (482.5)
denovo68 D116_AF174571 357 (476.0)
denovo68 D124_EU074897 351 (485.0)
denovo68 D1.8_HE579037 359 (482.5)
denovo68 D3_AY686650 357 (485.0)
denovo68 D1.6_HQ630881 357 (476.0)
denovo68 D120_EU074900 357 (485.0)
denovo68 D121_EU074904 357 (485.0)
denovo68 D122_EU074905 357 (476.0)
denovo68 D1a.2_JF683339 363 (477.0)
denovo68 D1a.1_JF683338 351 (485.0)
denovo68 D2_AY686649 590 (551.5)
denovo68 D4_DQ865214 360 (482.0)
denovo68 D1a_AF499802 357 (485.0)
denovo68 D1a_JN558078 357 (485.0)
denovo68 D123_EU074895 357 (485.0)
denovo68 D108_AF174567 355 (487.5)
denovo68 D103_AF174575 357 (485.0)
denovo68 D100_AF411415 353 (482.0)
denovo68 D118_EF656435 351 (494.0)
denovo68 D101_AF411416 353 (467.0)
denovo68 D119_EU099832 356 (475.5)
denovo68 D102_AF174573 356 (485.5)
denovo68 D1_AF334660 357 (485.0)
denovo68 D1_JN558076 357 (485.0)
denovo68 D1.12_HE579041 340 (480.5)
denovo68 D1.1_AM748564 417 (531.5)
denovo68 D1.2_AM748617 447 (502.5)
denovo68 E111_EU074915 347 (510.5)
denovo68 E110_EU074914 358 (509.0)
denovo68 E114_EU074909 358 (500.0)
denovo68 E1_AF334659 359 (499.0)
denovo68 E105_EU074921 358 (509.0)
denovo68 E112_EU074916 358 (491.0)
denovo68 E104_EU074922 345 (497.5)
denovo68 E102_EU074924 358 (491.0)
denovo68 E103_EU074923 358 (500.0)
denovo68 E101_AY160123 363 (475.0)
denovo68 E109_EU074913 352 (519.0)
denovo68 E100_DQ011618 355 (526.0)
denovo68 E108_EU074912 358 (517.0)
denovo68 E113_EU074908 354 (527.0)
denovo68 E107_EU074910 358 (517.0)
denovo68 F1_JN558066 331 (634.5)
denovo68 F5.2d_AJ291530 329 (656.5)
denovo68 F104_AJ291531 329 (656.5)
denovo68 F5.2c_AM748596 332 (656.5)
denovo68 F5.2_AM748594 334 (652.5)
denovo68 F5.2a_AM748614 334 (652.5)
denovo68 F5.2b_AM748595 334 (652.5)
denovo68 F5.2e_AJ291533 332 (621.0)
denovo68 F5.2g_JN558072 337 (659.5)
denovo68 F5.2f_AJ291512 332 (646.0)
denovo68 F102_AJ291534 335 (654.5)
denovo68 F5.1c_AM748593 333 (676.5)
denovo68 F5.1d_JN558069 334 (633.5)
denovo68 F5.1b_AJ291535 332 (664.5)
denovo68 F5.1_AM748592 333 (658.5)
denovo68 F5.1a_AM748591 332 (664.5)
denovo68 F110_AJ291526 315 (722.0)
denovo68 F4.7_AM748587 316 (719.0)
denovo68 F4.5_AM748585 328 (722.5)
denovo68 F4.4a_AM748583 319 (742.5)
denovo68 F4.4_AM748582 326 (742.5)
denovo68 F4.4b_AM748584 317 (752.5)
denovo68 F4.1a_AM748573 319 (686.5)
denovo68 F112_AJ291528 316 (671.5)
denovo68 F4.1_AM748572 316 (689.5)
denovo68 F4.8b_AM748590 316 (750.5)
denovo68 F4.8_AM748588 316 (742.0)
denovo68 F4.8a_AM748589 316 (742.0)
denovo68 F109_AJ291527 322 (728.5)
denovo68 F4.6_AM748586 316 (698.0)
denovo68 F111_AJ311949 320 (706.0)
denovo68 F4.3c_AM748581 321 (727.0)
denovo68 F4.3a_AM748579 323 (733.5)
denovo68 F4.3b_AM748580 324 (726.5)
denovo68 F4.3_AM748578 324 (726.5)
denovo68 F4.2_AM748574 316 (752.0)
denovo68 F4.2a_AM748575 316 (728.5)
denovo68 F4.2c_AM748577 316 (725.0)
denovo68 F4.2b_AM748576 316 (737.5)
denovo68 F2b_AJ291521 334 (677.0)
denovo68 F2_AJ830908 330 (702.0)
denovo68 F2a_AJ830911 330 (697.5)
denovo68 F3.1a_AM748566 341 (663.5)
denovo68 F114_AJ291525 341 (655.0)
denovo68 F3.1_AM748565 341 (673.0)
denovo68 F3.2_AM748567 347 (689.5)
denovo68 F3.2a_AM748568 347 (692.0)
denovo68 F3.3_AM748569 336 (672.0)
denovo68 F3.4a_AM748571 344 (632.0)
denovo68 F3.4_AM748570 340 (638.0)
denovo68 F3.4b_AM748616 340 (638.0)
denovo68 G101_AJ291539 367 (513.5)
denovo68 G1_AM748597 367 (513.5)
denovo68 G2b_JN558087 375 (502.5)
denovo68 G2_AM748598 376 (497.0)
denovo68 G2a_AM748599 374 (490.5)
denovo68 G4_AM748601 356 (532.5)
denovo68 G3.4_LK392378 357 (492.5)
denovo68 G3_AM748600 359 (506.0)
denovo68 G3.2_KC597694 352 (454.0)
denovo68 G3.1_KC597688 362 (513.5)
denovo68 G100_AB253788 358 (501.5)
denovo68 G3.3_LK392377 362 (504.5)
denovo68 H6_AJ291520 642 (330.5)
denovo68 H3_AM748606 323 (556.5)
denovo68 H2_AM748605 329 (573.5)
denovo68 H4_AM748607 333 (560.5)
denovo68 H4a_AM748608 333 (557.5)
denovo68 H5a_AM748611 331 (538.0)
denovo68 H5b_AM748610 334 (536.5)
denovo68 H5_AJ621129 331 (538.0)
denovo68 H5_AM748609 331 (538.0)
denovo68 H100_AJ291513 333 (533.0)
denovo68 H1b_AM748604 330 (537.5)
denovo68 H1a_AM748612 333 (537.0)
denovo68 H1_AJ621152 333 (537.0)
denovo68 H1_AM748602 333 (537.0)
denovo68 I3_FN561561 336 (721.5)
denovo68 I4_FN561562 336 (721.5)
denovo68 I1_FN561559 337 (714.5)
denovo68 I2_FN561560 340 (723.5)

#---------------------------------------
#---------------------------------------
