denovo190 A136_DQ865210 328 (465.5)
denovo190 A133_DQ174725 358 (436.0)
denovo190 A115_AF180123 340 (432.0)
denovo190 A117_AF201746 341 (441.5)
denovo190 A134_DQ174723 348 (445.0)
denovo190 A114_AF184941 348 (445.0)
denovo190 A135_DQ174727 355 (447.5)
denovo190 A2_AF333506 350 (446.5)
denovo190 A101_AF427468 355 (438.5)
denovo190 A2_1_JN558097 355 (438.5)
denovo190 A2_2_JN558100 355 (438.5)
denovo190 A113_AF184948 335 (462.5)
denovo190 A112_AF184949 335 (435.5)
denovo190 A123_EF378618 346 (298.0)
denovo190 A137_EF378621 332 (337.5)
denovo190 A11_EU449041 343 (469.0)
denovo190 A121_DQ174722 340 (455.0)
denovo190 A15b_EU792886 345 (428.0)
denovo190 A15a_EU792885 345 (445.5)
denovo190 A15c_EU792887 345 (436.5)
denovo190 A15_EU792884 345 (437.0)
denovo190 A147_EU074937 343 (458.5)
denovo190 A154_EU074860 343 (449.5)
denovo190 A146_EU074936 344 (442.5)
denovo190 A150_EU074928 344 (451.5)
denovo190 A116_AF183575 344 (442.5)
denovo190 A141_EU074931 344 (451.5)
denovo190 A5_AF333508 338 (466.5)
denovo190 A3b_EU449043 343 (458.5)
denovo190 A151_EU074925 343 (448.5)
denovo190 A152_EU074927 346 (440.5)
denovo190 A149_EU074929 343 (449.5)
denovo190 A140_EU074930 343 (440.5)
denovo190 A142_EU074932 343 (440.5)
denovo190 A143_EU074933 346 (449.5)
denovo190 A144_EU074934 343 (440.5)
denovo190 A145_EU074935 346 (448.5)
denovo190 A148_EU074938 343 (440.5)
denovo190 A155_EU074856 343 (440.5)
denovo190 A156_EU074859 343 (440.5)
denovo190 A139_EU074962 343 (449.5)
denovo190 A6_AF186058 343 (449.5)
denovo190 A3_AF333507 343 (449.5)
denovo190 A3_JN558091 343 (449.5)
denovo190 A8_AY258468 345 (436.0)
denovo190 A7_AY239360 345 (436.5)
denovo190 A16_EU792888 345 (445.5)
denovo190 A4.3_FN429763 350 (439.0)
denovo190 A120_AF180122 344 (430.5)
denovo190 A4.2_FN429761 348 (421.0)
denovo190 A4_AF333509 348 (449.0)
denovo190 A4.1_FN429760 346 (450.0)
denovo190 A4a_AF499778 347 (456.0)
denovo190 A4a.1_FN429762 347 (456.0)
denovo190 A138_EF378620 345 (424.0)
denovo190 A122_EF378619 343 (429.0)
denovo190 A126_EF378615 342 (430.0)
denovo190 A10_EU792882 342 (430.0)
denovo190 A9_EU449028 341 (438.5)
denovo190 A105_AB207202 346 (451.5)
denovo190 A119_AF180121 342 (440.0)
denovo190 A12_EU792883 346 (443.5)
denovo190 A104_AB207203 340 (453.5)
denovo190 A1a_EU449030 344 (455.5)
denovo190 A1.3_HE578976 346 (443.0)
denovo190 A1.4_HE578977 346 (452.0)
denovo190 A13_AF333504 346 (451.0)
denovo190 A13_JN558094 346 (451.0)
denovo190 A110_AB190282 348 (439.0)
denovo190 A103_AB207206 348 (449.0)
denovo190 A130_EF656428 348 (448.0)
denovo190 A127_EF656429 348 (457.0)
denovo190 A128_EF656430 348 (439.0)
denovo190 A129_EF656431 349 (450.5)
denovo190 A131_EF656432 346 (452.0)
denovo190 A118_AF180120 346 (445.0)
denovo190 A1_AF333505 348 (448.0)
denovo190 A107_AB207199 347 (454.5)
denovo190 A111_AB190280 347 (454.5)
denovo190 A108_AB207197 354 (433.5)
denovo190 A106_AB207200 347 (454.0)
denovo190 A102_AB207209 347 (454.5)
denovo190 A1.2_AB207210 347 (454.5)
denovo190 A109_AB190285 347 (454.0)
denovo190 B4_AF333510 321 (1069.0)
denovo190 B23_EU449079 307 (1188.0)
denovo190 B30_GU907644 307 (1170.0)
denovo190 B11_AY239361 308 (1291.0)
denovo190 B17_AY258470 306 (1310.5)
denovo190 B1k_GU907638 292 (714.5)
denovo190 B1.V_Green2014 313 (1277.5)
denovo190 B1b_AF499780 306 (1242.0)
denovo190 B16_AY258469 306 (1319.5)
denovo190 B31a_GU907646 306 (1319.5)
denovo190 B32_GU907647 306 (1319.5)
denovo190 B31_GU907645 306 (1328.5)
denovo190 B1j_GU907637 306 (1328.5)
denovo190 B37_GU907650 308 (1318.0)
denovo190 B5a_AF499782 306 (1319.5)
denovo190 B5_AF499781 306 (1328.5)
denovo190 B24_GU907643 291 (1249.5)
denovo190 B117_AF180124 305 (1226.5)
denovo190 B10_AF499787 306 (1319.5)
denovo190 B20_GU907642 308 (1303.0)
denovo190 B1m_GU907640 306 (1328.5)
denovo190 B34_GU907649 306 (1328.5)
denovo190 B1d_GU907633 306 (1328.5)
denovo190 B1e_GU907634 306 (1328.5)
denovo190 B1i_GU907636 306 (1328.5)
denovo190 B1g_GU907635 307 (1309.5)
denovo190 B123_EU074872 306 (1319.5)
denovo190 B8_AF499785 307 (1318.5)
denovo190 B1l_GU907639 306 (1328.5)
denovo190 B1a_AF499779 306 (1328.5)
denovo190 B14_AY239362 307 (1318.5)
denovo190 B125_EU074865 306 (1328.5)
denovo190 B122_EU074871 306 (1328.5)
denovo190 B124_EU074874 306 (1328.5)
denovo190 B1.VII_Green2014 295 (1325.0)
denovo190 B1.III_Green2014 306 (1256.5)
denovo190 B1.I_Green2014 306 (1337.5)
denovo190 B1.II_Green2014 306 (1337.5)
denovo190 B1_JN558057 306 (1337.5)
denovo190 B1_AF333511 306 (1337.5)
denovo190 B1.IV_Green2014 316 (1323.0)
denovo190 B121_EU074870 306 (1328.5)
denovo190 B7_AF499784 306 (1328.5)
denovo190 B1.VI_Green2014 307 (1268.5)
denovo190 B3_AF333514 306 (1216.0)
denovo190 B9_AF499786 306 (1234.0)
denovo190 B19a_JN558055 310 (1110.0)
denovo190 B119_EU099825 315 (1150.5)
denovo190 B21_DQ865213 306 (1202.5)
denovo190 B38_GU907651 306 (1202.5)
denovo190 B18_AY258471 306 (1243.0)
denovo190 B18a_AY258472 306 (1234.0)
denovo190 B33_GU907648 306 (1234.0)
denovo190 B6_AF499783 311 (1239.5)
denovo190 B19_DQ865212 306 (1252.0)
denovo190 B19_GU907641 306 (1252.0)
denovo190 B2_AF333512 306 (1243.0)
denovo190 B2_JN558060 306 (1243.0)
denovo190 C33.1_AY258498 332 (586.0)
denovo190 C33.2_AY765400 332 (586.0)
denovo190 C33a_EF541147 332 (586.0)
denovo190 C34_AY258499 325 (584.0)
denovo190 C78_AY765413 327 (562.5)
denovo190 C15.29_KC597690 328 (546.5)
denovo190 C1131_DQ182650 329 (540.5)
denovo190 C1135_DQ182646 322 (547.5)
denovo190 C1134_DQ182647 324 (535.0)
denovo190 C1142_DQ182635 324 (544.0)
denovo190 C1136_DQ182644 322 (518.0)
denovo190 C1111_DQ182645 322 (527.5)
denovo190 C1236_EF473656 322 (518.5)
denovo190 C1138_DQ182642 319 (528.0)
denovo190 C1137_DQ182643 322 (518.5)
denovo190 C1133_DQ182648 322 (518.5)
denovo190 C1132_DQ182649 326 (521.0)
denovo190 C1143_DQ182634 322 (527.5)
denovo190 C1139_DQ182639 324 (544.5)
denovo190 C15.28_KC597687 324 (599.5)
denovo190 C1141_DQ182636 324 (544.5)
denovo190 C1144_DQ182637 324 (553.5)
denovo190 C1122_DQ182654 324 (562.5)
denovo190 C1127_DQ182652 324 (562.5)
denovo190 C15.30_JX394114 329 (586.0)
denovo190 C15.26_KC597686 325 (583.5)
denovo190 C1086_DQ182656 326 (586.5)
denovo190 C15.25_KC597685 326 (595.5)
denovo190 C1118_AF180127 330 (559.0)
denovo190 C1129_DQ182651 326 (531.5)
denovo190 C15.21_KC597683 324 (563.0)
denovo190 C56_AY589760 323 (577.5)
denovo190 C1140_DQ182638 326 (549.5)
denovo190 C1126_DQ182653 326 (540.5)
denovo190 C15c_AY258492 323 (596.0)
denovo190 C15d_AY258493 322 (602.5)
denovo190 C1098_DQ182641 324 (596.5)
denovo190 C15.27_KC597689 326 (586.5)
denovo190 C15.18_HE579024 325 (583.5)
denovo190 C15.16_HE579022 331 (610.0)
denovo190 C1101_AB253787 326 (577.5)
denovo190 C1083_AY237300 326 (586.5)
denovo190 C1088_DQ182640 329 (584.5)
denovo190 C15.6_FN563472 326 (586.5)
denovo190 C15.5_FJ461512 328 (583.0)
denovo190 C15.4_FJ461511 328 (592.0)
denovo190 C15.13_HE579019 326 (577.5)
denovo190 C15.12_HE579018 326 (586.5)
denovo190 C93a_AM748563 324 (608.0)
denovo190 C1094_AJ291514 324 (590.0)
denovo190 C93_AM748562 324 (599.0)
denovo190 C15.17_HE579023 325 (577.5)
denovo190 C15e_AY589742 328 (595.0)
denovo190 C15.22_KC597695 326 (586.5)
denovo190 C60_AY589764 326 (586.5)
denovo190 C15.1_FJ461508 326 (586.5)
denovo190 C15.2_FJ461509 326 (586.5)
denovo190 C15.9_FN563475 326 (604.0)
denovo190 C15.7_HE579015 325 (601.0)
denovo190 C15.8_HE579016 326 (586.5)
denovo190 C15.15_HE579021 326 (595.5)
denovo190 C15.19_HE579025 326 (595.5)
denovo190 C15.24_KC597696 326 (577.5)
denovo190 C15.3_FJ461510 328 (592.0)
denovo190 C1087_DQ182655 326 (595.5)
denovo190 C15.14_HE579020 327 (586.0)
denovo190 C15.23_KC597697 327 (586.0)
denovo190 C19_AY258479 325 (605.0)
denovo190 C1233_EU118166 326 (586.5)
denovo190 C15b_AY258491 327 (588.5)
denovo190 C15a_AY258476 328 (601.0)
denovo190 C1051_AF195153 326 (604.5)
denovo190 C2_AF333518 327 (603.5)
denovo190 C15.20_HE579026 327 (595.0)
denovo190 C15f_AY589743 328 (588.5)
denovo190 C55_AY589759 331 (595.5)
denovo190 C15_AY239369 326 (595.5)
denovo190 C32.1_JF683335 324 (550.5)
denovo190 C32.2_JF683336 324 (550.5)
denovo190 C21.23_KC597693 324 (550.5)
denovo190 C1193_EU099827 337 (587.0)
denovo190 C1195_EU099821 334 (563.5)
denovo190 C3q_GU907655 336 (563.0)
denovo190 C53_AY589758 335 (585.0)
denovo190 C73_AY765408 335 (574.5)
denovo190 C17.2.1_KC597684 329 (545.0)
denovo190 C32_AY258497 328 (560.5)
denovo190 C1189_EU099831 328 (571.0)
denovo190 C1191_EU099833 327 (577.5)
denovo190 C1196_EU099819 328 (544.0)
denovo190 C1192_EU099820 328 (544.0)
denovo190 C17.1_JF683322 328 (562.0)
denovo190 C26_b2_FN827164 333 (564.0)
denovo190 C26_b3_FN827165 329 (543.5)
denovo190 C31.9_HQ630879 330 (548.5)
denovo190 C31a_AY589746 330 (545.0)
denovo190 C30_AY589745 330 (545.0)
denovo190 C31.1_HQ630876 334 (546.5)
denovo190 C31.5_HQ630877 328 (557.0)
denovo190 C31.6_HQ630878 330 (554.0)
denovo190 C31.2_JF683332 330 (554.0)
denovo190 C31.3_JF683333 330 (545.0)
denovo190 C26/C35a_AY239378 329 (552.5)
denovo190 C35a_AY258501 329 (552.5)
denovo190 C35.2_AY258500 329 (561.5)
denovo190 C26_b1_FN827163 329 (561.5)
denovo190 C17_AY239370 328 (562.0)
denovo190 C17.2_FJ461513 330 (561.0)
denovo190 C31.10_HQ630880 330 (557.5)
denovo190 C31.4_JF683334 334 (552.0)
denovo190 C31_AY258496 330 (554.0)
denovo190 C25_AY239377 326 (589.0)
denovo190 C61_AY589765 325 (558.5)
denovo190 C1043_DQ072721 328 (551.0)
denovo190 C79_AY765414 331 (572.5)
denovo190 C69_AY589773 318 (570.5)
denovo190 C69a_AY686648 318 (561.5)
denovo190 C21.22_KC597692 331 (542.5)
denovo190 C51_AY589756 327 (571.5)
denovo190 C1aa_HM185739 328 (583.5)
denovo190 C1096_DQ068023 325 (571.5)
denovo190 C74_AY765409 334 (604.5)
denovo190 C1185_AB294629 336 (601.0)
denovo190 C1184_AB294630 336 (601.0)
denovo190 C1153_AB294625 336 (601.0)
denovo190 C1154_AB294626 335 (616.5)
denovo190 C1187_AB294627 336 (601.0)
denovo190 C1186_AB294628 336 (601.0)
denovo190 C57_AY589761 336 (610.0)
denovo190 C66_AY589771 336 (610.0)
denovo190 C5_AF499795 326 (586.5)
denovo190 C1167_AB294586 326 (586.5)
denovo190 C1164_AB294593 326 (586.5)
denovo190 C1183_AB294631 326 (604.5)
denovo190 C1067_DQ335381 328 (583.0)
denovo190 C1159_AB294613 325 (589.0)
denovo190 C1150_AB294622 325 (598.0)
denovo190 C90_AM748554 327 (609.5)
denovo190 C1168_AB294583 326 (595.5)
denovo190 C1156_AB294616 326 (604.5)
denovo190 C1151_AB294621 326 (613.5)
denovo190 C92a_AM748561 326 (613.5)
denovo190 C92_AM748560 326 (604.5)
denovo190 C1165_AB294581 326 (595.5)
denovo190 C1166_AB294584 326 (613.5)
denovo190 C1162_AB294594 326 (595.5)
denovo190 C1163_AB294596 326 (605.0)
denovo190 C1161_AB294606 326 (604.5)
denovo190 C1160_AB294608 330 (597.0)
denovo190 C1158_AB294614 326 (613.5)
denovo190 C1155_AB294617 326 (595.5)
denovo190 C1149_AB294620 326 (604.5)
denovo190 C1173_AB294662 326 (613.5)
denovo190 C1171_AB294663 326 (595.5)
denovo190 C1172_AB294665 326 (595.5)
denovo190 C91a_AM748556 326 (613.5)
denovo190 C91b_AM748557 326 (604.5)
denovo190 C91d_AM748559 325 (602.0)
denovo190 C91c_AM748558 325 (602.0)
denovo190 C91_AJ621543 326 (604.5)
denovo190 C91_AM748555 326 (604.5)
denovo190 C1023_DQ335330 317 (556.0)
denovo190 C1020_DQ335392 332 (585.5)
denovo190 C1018_DQ335408 328 (592.0)
denovo190 C1074_DQ335329 328 (583.0)
denovo190 C1030_DQ335353 328 (592.0)
denovo190 C1022_DQ335331 328 (583.0)
denovo190 C1027_DQ335360 328 (601.0)
denovo190 C1072_DQ335344 328 (583.0)
denovo190 C1039_AB190274 328 (592.0)
denovo190 C1033_DQ335350 333 (580.0)
denovo190 C1019_DQ335407 328 (592.0)
denovo190 C1194_EU099826 328 (577.0)
denovo190 C8b_AY258475 329 (569.0)
denovo190 C8_AY239367 331 (582.0)
denovo190 C8a_AY239368 333 (578.0)
denovo190 C54a_AY765406 328 (592.0)
denovo190 C3ff_HM185740 328 (601.0)
denovo190 C59_AY589763 332 (577.5)
denovo190 C3k_AY589737 325 (593.0)
denovo190 C3.24_HE579012 324 (599.5)
denovo190 C3.23_HE579011 325 (593.0)
denovo190 C35.1_AY765401 336 (596.5)
denovo190 C35.3_EF541145 329 (594.5)
denovo190 C76_AY765411 328 (580.0)
denovo190 C1107_DQ335359 327 (575.5)
denovo190 C3.22_HE579010 330 (582.0)
denovo190 C77_AY765412 328 (579.5)
denovo190 C20_AY239371 331 (600.0)
denovo190 C1055_DQ480640 326 (591.5)
denovo190 C27/C30_AY239379 329 (552.5)
denovo190 C27.1_FJ461517 329 (543.5)
denovo190 C40a_AY589747 333 (595.0)
denovo190 C40_AY258485 333 (595.0)
denovo190 C40b_AY589748 334 (586.0)
denovo190 C16_AY258477 331 (591.5)
denovo190 C16a_AY765399 331 (591.5)
denovo190 C1091_AB207186 328 (601.5)
denovo190 C1102_DQ335400 328 (574.5)
denovo190 C1069_DQ335375 328 (592.5)
denovo190 C1073_DQ335332 329 (586.5)
denovo190 C1066_DQ335382 326 (578.0)
denovo190 C1031_DQ335352 333 (598.0)
denovo190 C1026_DQ335366 333 (597.5)
denovo190 C70_AY589774 328 (601.5)
denovo190 C1082_AB190267 328 (583.5)
denovo190 C1078_AB190271 326 (595.0)
denovo190 C1090_AB207191 328 (592.5)
denovo190 C1071_DQ335302 328 (592.5)
denovo190 C1075_DQ335328 328 (592.5)
denovo190 C1068_DQ335379 328 (583.5)
denovo190 C1064_DQ335395 328 (583.5)
denovo190 C1063_DQ335403 325 (593.0)
denovo190 C62_AY589766 328 (592.5)
denovo190 C1077_DQ335316 325 (598.0)
denovo190 C1109_DQ335338 328 (592.5)
denovo190 C1110_DQ335340 328 (583.5)
denovo190 C1106_DQ335339 328 (583.5)
denovo190 C1112_DQ335319 328 (592.5)
denovo190 C1108_DQ335351 328 (583.5)
denovo190 C1105_DQ335394 328 (592.5)
denovo190 C1121_DQ335378 335 (585.5)
denovo190 C1116_AB190268 335 (585.5)
denovo190 C1115_AB190273 335 (585.5)
denovo190 C1124_DQ335323 328 (574.5)
denovo190 C1120_DQ335398 328 (574.5)
denovo190 C1119_DQ335404 328 (583.5)
denovo190 C1123_DQ335363 328 (583.5)
denovo190 C1004_DQ480635 328 (591.5)
denovo190 C1061_AY186568 328 (582.5)
denovo190 C1053_AY186569 328 (591.5)
denovo190 C1003_DQ480639 328 (591.5)
denovo190 C81_GU907657 319 (573.0)
denovo190 C22_AY239373 323 (594.0)
denovo190 C22a_AY239374 326 (585.5)
denovo190 C1232_EU118163 330 (588.5)
denovo190 C21.13_FJ461515 327 (550.5)
denovo190 C21.1_JF683323 326 (556.5)
denovo190 C21.3_JF683325 328 (571.0)
denovo190 C1.20_HE578993 328 (583.0)
denovo190 C1.22_HE578995 328 (583.0)
denovo190 C52_AY589757 327 (584.0)
denovo190 C1201_EU099793 330 (557.0)
denovo190 C14_AY589741 331 (585.5)
denovo190 C43_AY589749 331 (591.5)
denovo190 C50_AY589755 328 (592.0)
denovo190 C3.14_HQ630872 327 (597.5)
denovo190 C1m_AY765398 328 (592.5)
denovo190 C82_GU907658 336 (588.5)
denovo190 C82b_GU907660 336 (588.5)
denovo190 C64_AY589768 325 (600.5)
denovo190 C45a_AY765404 331 (600.0)
denovo190 C48_AY589753 328 (612.5)
denovo190 C1_v1b_FJ919244 328 (583.0)
denovo190 C1_v1a_FJ919243 328 (592.0)
denovo190 C3j_AY239366 328 (583.0)
denovo190 C3t_EF541149 331 (600.0)
denovo190 C9_AF499798 330 (598.0)
denovo190 C23_AY239375 329 (613.5)
denovo190 C37_AY258481 333 (588.5)
denovo190 C1048_DQ068026 331 (591.0)
denovo190 C21.4_JF683326 328 (562.0)
denovo190 C21.5_JF683327 328 (562.0)
denovo190 C1070_DQ335349 328 (601.0)
denovo190 C21.6_HQ630873 328 (580.0)
denovo190 C1224_EU074890 328 (610.0)
denovo190 C1.17_HE578990 328 (610.0)
denovo190 C21_b1_FN827162 330 (558.5)
denovo190 C21.9_JF683330 330 (567.5)
denovo190 C1085_AY624605 325 (584.0)
denovo190 C3p_GU907654 327 (592.5)
denovo190 C3f_AY589734 328 (601.0)
denovo190 C65a_AY589770 326 (595.0)
denovo190 C65_AY589769 326 (604.0)
denovo190 C71_AY589775 326 (595.0)
denovo190 C71a_AY589776 326 (586.0)
denovo190 C1178_AB294647 327 (583.5)
denovo190 C1225_EU074893 325 (610.5)
denovo190 C75_AY765410 327 (598.5)
denovo190 C21.10_JF683331 327 (568.0)
denovo190 C21.11_HQ630874 327 (568.0)
denovo190 C1065_DQ335388 328 (610.0)
denovo190 C1045_DQ068036 328 (610.0)
denovo190 C1h_AY258473 327 (597.5)
denovo190 C38_AY258482 327 (588.5)
denovo190 C1202_EU099799 327 (588.5)
denovo190 C7_AF499797 327 (597.5)
denovo190 C12_AF499801 329 (587.5)
denovo190 C38a_AY258483 326 (600.0)
denovo190 C1200_EU099800 315 (597.0)
denovo190 C44a_AY589751 328 (600.5)
denovo190 C47_AY589752 331 (609.0)
denovo190 C44_AY589750 331 (600.0)
denovo190 C1.15_HE578988 328 (592.0)
denovo190 C45.3_FJ461522 331 (591.0)
denovo190 C46a_AY765405 331 (591.0)
denovo190 C46_EU449108 331 (600.0)
denovo190 C3.12_FJ461507 331 (600.0)
denovo190 C1k_AY589733 331 (591.0)
denovo190 C67_AY686647 331 (600.0)
denovo190 C82a_GU907659 328 (592.0)
denovo190 C10a_AY589739 331 (600.0)
denovo190 C10_AF499799 331 (591.0)
denovo190 C13_AY589740 333 (594.0)
denovo190 C4_AF499794 331 (591.0)
denovo190 C1147_EF656433 331 (591.0)
denovo190 C1c/C45_AY239364 331 (600.0)
denovo190 C1c/C45_EU449103 331 (600.0)
denovo190 C21.19_HE579031 328 (571.0)
denovo190 C21.21_HE579033 328 (562.0)
denovo190 C21.20_HE579032 328 (571.0)
denovo190 C42b_AY765403 332 (585.5)
denovo190 C42_AY258487 332 (594.5)
denovo190 C1p_GU907652 328 (592.0)
denovo190 C1d_AY258488 331 (582.0)
denovo190 C42_AY765402 331 (591.0)
denovo190 C3ha_AY589736 328 (562.0)
denovo190 C63a_AY589767 330 (579.0)
denovo190 C21a_AY589744 328 (571.0)
denovo190 C3o_GU907653 327 (568.5)
denovo190 C21.16_HQ630875 328 (562.0)
denovo190 C21.2_JF683324 328 (562.0)
denovo190 C21.7_JF683328 327 (568.5)
denovo190 C21.8_JF683329 328 (571.0)
denovo190 C3h_AY239365 328 (571.0)
denovo190 C1203_EU099798 328 (571.0)
denovo190 C3.10_FJ461505 328 (610.0)
denovo190 C21.14_FJ461516 328 (580.0)
denovo190 C21.18_HE579030 334 (559.0)
denovo190 C3.17_HE579005 328 (592.0)
denovo190 C3.9_FJ461504 328 (589.0)
denovo190 C3.8_FJ461503 328 (601.0)
denovo190 C3.7_FJ461502 328 (601.0)
denovo190 C3.11_FJ461506 335 (603.5)
denovo190 C3.18_HE579006 328 (592.0)
denovo190 C3.19_HE579007 328 (592.0)
denovo190 C3.20_HE579008 328 (592.0)
denovo190 C3g_AY589735 331 (584.0)
denovo190 C3a_AF499790 326 (604.5)
denovo190 C3e_AF499793 328 (592.0)
denovo190 C6_AF499796 335 (612.0)
denovo190 C11_AF499800 328 (592.0)
denovo190 C36_AY258480 328 (610.0)
denovo190 C29_AY258494 328 (610.0)
denovo190 C1146_EF656434 329 (595.5)
denovo190 C1190_EU099841 328 (610.0)
denovo190 C131_JF320826 328 (592.0)
denovo190 C28_AY239380 336 (599.5)
denovo190 C1012_DQ480604 328 (592.0)
denovo190 C1181_AB294640 328 (586.0)
denovo190 C1180_AB294641 328 (595.0)
denovo190 C1179_AB294645 326 (580.5)
denovo190 C1176_AB294651 326 (589.5)
denovo190 C1175_AB294653 328 (577.0)
denovo190 C1174_AB294655 330 (582.5)
denovo190 C1177_AB294659 328 (586.0)
denovo190 C1040_AB190269 330 (597.5)
denovo190 C1182_AB294649 328 (601.0)
denovo190 C1089_AJ278598 328 (592.0)
denovo190 C1028_DQ335357 335 (603.0)
denovo190 C3.16_EU786015 328 (610.0)
denovo190 C1097_AJ311943 327 (585.5)
denovo190 C1170_AB294661 328 (586.0)
denovo190 C21.17_HE579029 328 (582.0)
denovo190 C21/3d/C3k_AY239372 328 (571.0)
denovo190 C58_AY589762 329 (570.5)
denovo190 C3L_AY589738 331 (596.5)
denovo190 C1169_AB294660 328 (586.0)
denovo190 C3.2_FJ461497 328 (595.0)
denovo190 C3.1_JF683321 325 (596.0)
denovo190 C1104_AF427469 329 (591.0)
denovo190 C3b_AF499791 328 (604.0)
denovo190 C83_GU907661 328 (603.5)
denovo190 C49_AY589754 354 (615.5)
denovo190 C3_AB778606 328 (601.0)
denovo190 C3_AF499789 328 (601.0)
denovo190 C3_HE579001 328 (601.0)
denovo190 C21.12_FJ461514 328 (553.0)
denovo190 C1229_EU074888 325 (587.5)
denovo190 C1230_EU074889 325 (596.5)
denovo190 C1114_AB207196 328 (601.0)
denovo190 C3.21_HE579009 314 (590.0)
denovo190 C1057_DQ480619 328 (601.0)
denovo190 C72_AY765407 325 (591.5)
denovo190 C1b.3_HE578999 328 (586.0)
denovo190 C93_AJ621536 328 (592.0)
denovo190 C94_AJ621539 328 (592.0)
denovo190 C1g_AY589730 328 (610.0)
denovo190 C1i_AY589731 322 (584.5)
denovo190 C1j_AY589732 335 (603.0)
denovo190 C1005_DQ480633 328 (592.0)
denovo190 C1.7_FJ461494 328 (592.0)
denovo190 C1.11_HE578984 328 (592.5)
denovo190 C1.12_HE578985 328 (592.0)
denovo190 C1.13_HE578986 328 (601.0)
denovo190 C1.14_HE578987 328 (601.0)
denovo190 C1.18_HE578991 328 (601.0)
denovo190 C1.19_HE578992 328 (601.0)
denovo190 C1199_EU099802 325 (577.5)
denovo190 C1188_EU099838 325 (592.5)
denovo190 C1002_DQ838544 328 (601.0)
denovo190 C1198_EU099810 328 (592.0)
denovo190 C24_AY239376 329 (594.0)
denovo190 C1f_AY258490 328 (601.0)
denovo190 C1006_DQ480629 328 (610.0)
denovo190 C1010_DQ480607 328 (592.0)
denovo190 C1007_DQ480624 328 (592.0)
denovo190 C1011_DQ480605 328 (592.0)
denovo190 C1009_DQ480608 332 (594.0)
denovo190 C1041_AY186548 328 (601.0)
denovo190 C1052_AY186570 328 (592.0)
denovo190 C1148_EU040178 328 (601.0)
denovo190 C1234_EU118165 329 (591.0)
denovo190 C1.5_EF634157 328 (601.0)
denovo190 C1059_DQ480609 328 (601.0)
denovo190 C1228_EU074883 328 (592.0)
denovo190 C1208_EU074963 328 (592.0)
denovo190 C1207_EU074964 328 (601.0)
denovo190 C1206_EU074965 328 (592.0)
denovo190 C1013_DQ480642 328 (592.0)
denovo190 C80_GU907656 335 (586.5)
denovo190 C1a_AF499788 325 (592.5)
denovo190 C41_AY258486 328 (601.0)
denovo190 C39_AY258484 313 (596.5)
denovo190 C1231_EU074878 328 (592.0)
denovo190 C1b.1_HE578997 328 (586.0)
denovo190 C18_AY258478 328 (601.0)
denovo190 C1.10_HE578983 327 (595.5)
denovo190 C1_JN558041 328 (601.0)
denovo190 C1_HE578979 328 (601.0)
denovo190 C1_AM748551 328 (601.0)
denovo190 C1_AF333515 328 (601.0)
denovo190 C1054_AY186565 327 (604.5)
denovo190 C1008_DQ480613 328 (592.0)
denovo190 C1103_AF427470 329 (591.0)
denovo190 C1226_EU074881 329 (591.0)
denovo190 C1b/C1e_AY239363 328 (595.0)
denovo190 C1044_DQ068038 328 (586.0)
denovo190 C1017_DQ174729 329 (585.0)
denovo190 C1.6_FJ461493 328 (610.0)
denovo190 C1b.2_HE578998 328 (586.0)
denovo190 C1060_DQ480600 328 (592.0)
denovo190 C1227_EU074882 328 (592.0)
denovo190 C1197_EU099814 328 (592.0)
denovo190 C1130_DQ480643 317 (516.0)
denovo190 D109_AB097465 359 (411.5)
denovo190 D1.11_HE579040 356 (421.0)
denovo190 D105_AF174570 357 (415.5)
denovo190 D104_AF174572 356 (412.0)
denovo190 D1.3_JF683337 357 (414.5)
denovo190 D1.10_HE579039 356 (412.0)
denovo190 D110_AF174561 356 (412.0)
denovo190 D117_AF174542 356 (412.0)
denovo190 D114_AF174549 356 (421.0)
denovo190 D113_AF174557 356 (412.0)
denovo190 D112_AF174558 358 (418.5)
denovo190 D106_AF174559 363 (423.5)
denovo190 D111_AF174560 356 (420.5)
denovo190 D115_AF174562 356 (421.0)
denovo190 D107_AF174568 355 (418.5)
denovo190 D116_AF174571 361 (408.5)
denovo190 D124_EU074897 353 (421.5)
denovo190 D1.8_HE579037 358 (418.5)
denovo190 D3_AY686650 356 (421.0)
denovo190 D1.6_HQ630881 356 (412.0)
denovo190 D120_EU074900 356 (412.0)
denovo190 D121_EU074904 361 (417.5)
denovo190 D122_EU074905 356 (412.0)
denovo190 D1a.2_JF683339 363 (416.5)
denovo190 D1a.1_JF683338 353 (421.5)
denovo190 D2_AY686649 590 (490.5)
denovo190 D4_DQ865214 359 (418.0)
denovo190 D1a_AF499802 356 (421.0)
denovo190 D1a_JN558078 356 (421.0)
denovo190 D123_EU074895 357 (423.5)
denovo190 D108_AF174567 352 (427.0)
denovo190 D103_AF174575 356 (421.0)
denovo190 D100_AF411415 356 (421.0)
denovo190 D118_EF656435 350 (430.0)
denovo190 D101_AF411416 356 (406.0)
denovo190 D119_EU099832 355 (411.5)
denovo190 D102_AF174573 356 (424.5)
denovo190 D1_AF334660 356 (421.0)
denovo190 D1_JN558076 356 (421.0)
denovo190 D1.12_HE579041 337 (419.0)
denovo190 D1.1_AM748564 417 (426.0)
denovo190 D1.2_AM748617 441 (433.0)
denovo190 E111_EU074915 348 (425.0)
denovo190 E110_EU074914 364 (430.5)
denovo190 E114_EU074909 364 (412.5)
denovo190 E1_AF334659 365 (420.5)
denovo190 E105_EU074921 364 (430.5)
denovo190 E112_EU074916 364 (412.5)
denovo190 E104_EU074922 364 (421.5)
denovo190 E102_EU074924 364 (412.5)
denovo190 E103_EU074923 364 (421.5)
denovo190 E101_AY160123 369 (405.5)
denovo190 E109_EU074913 351 (437.0)
denovo190 E100_DQ011618 356 (450.0)
denovo190 E108_EU074912 356 (441.0)
denovo190 E113_EU074908 352 (451.0)
denovo190 E107_EU074910 356 (441.0)
denovo190 F1_JN558066 331 (537.5)
denovo190 F5.2d_AJ291530 329 (568.5)
denovo190 F104_AJ291531 329 (568.5)
denovo190 F5.2c_AM748596 329 (560.0)
denovo190 F5.2_AM748594 329 (559.5)
denovo190 F5.2a_AM748614 329 (559.5)
denovo190 F5.2b_AM748595 329 (559.5)
denovo190 F5.2e_AJ291533 329 (555.5)
denovo190 F5.2g_JN558072 329 (568.0)
denovo190 F5.2f_AJ291512 329 (559.0)
denovo190 F102_AJ291534 329 (559.0)
denovo190 F5.1c_AM748593 331 (583.0)
denovo190 F5.1d_JN558069 334 (545.5)
denovo190 F5.1b_AJ291535 330 (571.5)
denovo190 F5.1_AM748592 332 (568.0)
denovo190 F5.1a_AM748591 330 (571.5)
denovo190 F110_AJ291526 322 (636.5)
denovo190 F4.7_AM748587 324 (628.0)
denovo190 F4.5_AM748585 323 (621.0)
denovo190 F4.4a_AM748583 319 (646.5)
denovo190 F4.4_AM748582 324 (649.0)
denovo190 F4.4b_AM748584 317 (665.5)
denovo190 F4.1a_AM748573 326 (601.0)
denovo190 F112_AJ291528 323 (595.0)
denovo190 F4.1_AM748572 323 (595.0)
denovo190 F4.8b_AM748590 325 (644.5)
denovo190 F4.8_AM748588 316 (645.0)
denovo190 F4.8a_AM748589 316 (645.0)
denovo190 F109_AJ291527 322 (640.5)
denovo190 F4.6_AM748586 324 (605.5)
denovo190 F111_AJ311949 316 (633.0)
denovo190 F4.3c_AM748581 317 (645.0)
denovo190 F4.3a_AM748579 316 (652.0)
denovo190 F4.3b_AM748580 317 (654.0)
denovo190 F4.3_AM748578 317 (645.0)
denovo190 F4.2_AM748574 323 (657.5)
denovo190 F4.2a_AM748575 323 (634.0)
denovo190 F4.2c_AM748577 323 (630.5)
denovo190 F4.2b_AM748576 323 (643.0)
denovo190 F2b_AJ291521 334 (598.0)
denovo190 F2_AJ830908 330 (623.0)
denovo190 F2a_AJ830911 330 (618.5)
denovo190 F3.1a_AM748566 341 (575.5)
denovo190 F114_AJ291525 341 (585.0)
denovo190 F3.1_AM748565 341 (585.0)
denovo190 F3.2_AM748567 348 (614.0)
denovo190 F3.2a_AM748568 348 (607.5)
denovo190 F3.3_AM748569 341 (599.0)
denovo190 F3.4a_AM748571 339 (548.0)
denovo190 F3.4_AM748570 335 (554.0)
denovo190 F3.4b_AM748616 335 (554.0)
denovo190 G101_AJ291539 367 (452.0)
denovo190 G1_AM748597 367 (452.0)
denovo190 G2b_JN558087 365 (446.0)
denovo190 G2_AM748598 366 (440.0)
denovo190 G2a_AM748599 366 (431.0)
denovo190 G4_AM748601 356 (481.5)
denovo190 G3.4_LK392378 355 (442.5)
denovo190 G3_AM748600 357 (456.0)
denovo190 G3.2_KC597694 352 (420.0)
denovo190 G3.1_KC597688 356 (469.5)
denovo190 G100_AB253788 356 (452.0)
denovo190 G3.3_LK392377 356 (460.0)
denovo190 H6_AJ291520 647 (300.0)
denovo190 H3_AM748606 312 (534.5)
denovo190 H2_AM748605 320 (557.0)
denovo190 H4_AM748607 316 (548.5)
denovo190 H4a_AM748608 326 (547.0)
denovo190 H5a_AM748611 324 (527.5)
denovo190 H5b_AM748610 327 (526.0)
denovo190 H5_AJ621129 324 (527.5)
denovo190 H5_AM748609 324 (527.5)
denovo190 H100_AJ291513 324 (516.5)
denovo190 H1b_AM748604 324 (511.5)
denovo190 H1a_AM748612 324 (520.5)
denovo190 H1_AJ621152 324 (520.5)
denovo190 H1_AM748602 324 (520.5)
denovo190 I3_FN561561 337 (655.0)
denovo190 I4_FN561562 337 (655.0)
denovo190 I1_FN561559 336 (651.5)
denovo190 I2_FN561560 339 (651.0)

#---------------------------------------
#---------------------------------------
