denovo47 A136_DQ865210 331 (529.5)
denovo47 A133_DQ174725 361 (510.0)
denovo47 A115_AF180123 340 (496.5)
denovo47 A117_AF201746 340 (512.0)
denovo47 A134_DQ174723 341 (515.0)
denovo47 A114_AF184941 341 (515.0)
denovo47 A135_DQ174727 344 (515.5)
denovo47 A2_AF333506 345 (514.5)
denovo47 A101_AF427468 344 (506.5)
denovo47 A2_1_JN558097 344 (506.5)
denovo47 A2_2_JN558100 344 (506.5)
denovo47 A113_AF184948 335 (508.0)
denovo47 A112_AF184949 334 (497.5)
denovo47 A123_EF378618 341 (336.5)
denovo47 A137_EF378621 348 (356.0)
denovo47 A11_EU449041 344 (527.0)
denovo47 A121_DQ174722 335 (521.5)
denovo47 A15b_EU792886 356 (479.0)
denovo47 A15a_EU792885 346 (494.5)
denovo47 A15c_EU792887 359 (487.0)
denovo47 A15_EU792884 356 (488.0)
denovo47 A147_EU074937 344 (507.5)
denovo47 A154_EU074860 344 (489.5)
denovo47 A146_EU074936 346 (503.5)
denovo47 A150_EU074928 346 (512.5)
denovo47 A116_AF183575 341 (506.0)
denovo47 A141_EU074931 346 (512.5)
denovo47 A5_AF333508 338 (521.0)
denovo47 A3b_EU449043 344 (516.5)
denovo47 A151_EU074925 344 (506.5)
denovo47 A152_EU074927 344 (499.0)
denovo47 A149_EU074929 344 (507.5)
denovo47 A140_EU074930 344 (498.5)
denovo47 A142_EU074932 344 (498.5)
denovo47 A143_EU074933 345 (510.5)
denovo47 A144_EU074934 344 (507.5)
denovo47 A145_EU074935 347 (506.5)
denovo47 A148_EU074938 340 (503.5)
denovo47 A155_EU074856 358 (503.5)
denovo47 A156_EU074859 344 (498.5)
denovo47 A139_EU074962 344 (507.5)
denovo47 A6_AF186058 344 (507.5)
denovo47 A3_AF333507 344 (507.5)
denovo47 A3_JN558091 344 (507.5)
denovo47 A8_AY258468 346 (485.5)
denovo47 A7_AY239360 346 (494.5)
denovo47 A16_EU792888 347 (506.5)
denovo47 A4.3_FN429763 346 (501.0)
denovo47 A120_AF180122 341 (495.5)
denovo47 A4.2_FN429761 344 (501.0)
denovo47 A4_AF333509 344 (520.0)
denovo47 A4.1_FN429760 343 (515.0)
denovo47 A4a_AF499778 343 (517.5)
denovo47 A4a.1_FN429762 343 (517.5)
denovo47 A138_EF378620 339 (468.5)
denovo47 A122_EF378619 338 (505.0)
denovo47 A126_EF378615 337 (506.0)
denovo47 A10_EU792882 337 (506.0)
denovo47 A9_EU449028 340 (507.5)
denovo47 A105_AB207202 346 (516.0)
denovo47 A119_AF180121 341 (501.5)
denovo47 A12_EU792883 340 (507.5)
denovo47 A104_AB207203 340 (509.0)
denovo47 A1a_EU449030 340 (525.5)
denovo47 A1.3_HE578976 351 (511.5)
denovo47 A1.4_HE578977 342 (520.5)
denovo47 A13_AF333504 344 (516.5)
denovo47 A13_JN558094 344 (516.5)
denovo47 A110_AB190282 339 (511.0)
denovo47 A103_AB207206 342 (521.0)
denovo47 A130_EF656428 344 (508.5)
denovo47 A127_EF656429 344 (526.5)
denovo47 A128_EF656430 344 (508.5)
denovo47 A129_EF656431 345 (520.0)
denovo47 A131_EF656432 342 (512.5)
denovo47 A118_AF180120 344 (511.0)
denovo47 A1_AF333505 344 (517.5)
denovo47 A107_AB207199 337 (523.5)
denovo47 A111_AB190280 337 (523.5)
denovo47 A108_AB207197 353 (495.0)
denovo47 A106_AB207200 346 (515.5)
denovo47 A102_AB207209 346 (516.0)
denovo47 A1.2_AB207210 346 (516.0)
denovo47 A109_AB190285 341 (516.5)
denovo47 B4_AF333510 320 (1094.5)
denovo47 B23_EU449079 307 (1180.5)
denovo47 B30_GU907644 308 (1165.0)
denovo47 B11_AY239361 308 (1274.5)
denovo47 B17_AY258470 306 (1294.0)
denovo47 B1k_GU907638 313 (719.5)
denovo47 B1.V_Green2014 313 (1252.0)
denovo47 B1b_AF499780 305 (1241.0)
denovo47 B16_AY258469 306 (1303.0)
denovo47 B31a_GU907646 306 (1303.0)
denovo47 B32_GU907647 306 (1303.0)
denovo47 B31_GU907645 306 (1312.0)
denovo47 B1j_GU907637 306 (1312.0)
denovo47 B37_GU907650 308 (1301.5)
denovo47 B5a_AF499782 306 (1303.0)
denovo47 B5_AF499781 306 (1312.0)
denovo47 B24_GU907643 306 (1188.0)
denovo47 B117_AF180124 306 (1194.5)
denovo47 B10_AF499787 306 (1303.0)
denovo47 B20_GU907642 309 (1289.5)
denovo47 B1m_GU907640 306 (1312.0)
denovo47 B34_GU907649 306 (1321.0)
denovo47 B1d_GU907633 306 (1312.0)
denovo47 B1e_GU907634 306 (1312.0)
denovo47 B1i_GU907636 306 (1312.0)
denovo47 B1g_GU907635 307 (1293.0)
denovo47 B123_EU074872 306 (1303.0)
denovo47 B8_AF499785 307 (1302.0)
denovo47 B1l_GU907639 306 (1312.0)
denovo47 B1a_AF499779 306 (1312.0)
denovo47 B14_AY239362 307 (1302.0)
denovo47 B125_EU074865 306 (1312.0)
denovo47 B122_EU074871 306 (1312.0)
denovo47 B124_EU074874 306 (1312.0)
denovo47 B1.VII_Green2014 306 (1250.5)
denovo47 B1.III_Green2014 306 (1249.0)
denovo47 B1.I_Green2014 306 (1321.0)
denovo47 B1.II_Green2014 306 (1321.0)
denovo47 B1_JN558057 306 (1321.0)
denovo47 B1_AF333511 306 (1321.0)
denovo47 B1.IV_Green2014 316 (1316.0)
denovo47 B121_EU074870 306 (1312.0)
denovo47 B7_AF499784 306 (1312.0)
denovo47 B1.VI_Green2014 307 (1261.5)
denovo47 B3_AF333514 306 (1217.5)
denovo47 B9_AF499786 306 (1253.5)
denovo47 B19a_JN558055 310 (1120.5)
denovo47 B119_EU099825 315 (1152.0)
denovo47 B21_DQ865213 306 (1213.0)
denovo47 B38_GU907651 306 (1213.0)
denovo47 B18_AY258471 306 (1244.5)
denovo47 B18a_AY258472 306 (1235.5)
denovo47 B33_GU907648 306 (1235.5)
denovo47 B6_AF499783 311 (1241.0)
denovo47 B19_DQ865212 306 (1253.5)
denovo47 B19_GU907641 306 (1253.5)
denovo47 B2_AF333512 306 (1244.5)
denovo47 B2_JN558060 306 (1244.5)
denovo47 C33.1_AY258498 334 (683.5)
denovo47 C33.2_AY765400 334 (683.5)
denovo47 C33a_EF541147 334 (683.5)
denovo47 C34_AY258499 327 (681.5)
denovo47 C78_AY765413 329 (668.5)
denovo47 C15.29_KC597690 326 (677.5)
denovo47 C1131_DQ182650 327 (671.5)
denovo47 C1135_DQ182646 322 (675.5)
denovo47 C1134_DQ182647 322 (657.5)
denovo47 C1142_DQ182635 322 (666.5)
denovo47 C1136_DQ182644 324 (652.0)
denovo47 C1111_DQ182645 326 (667.0)
denovo47 C1236_EF473656 326 (658.0)
denovo47 C1138_DQ182642 325 (673.0)
denovo47 C1137_DQ182643 326 (658.0)
denovo47 C1133_DQ182648 326 (658.0)
denovo47 C1132_DQ182649 330 (660.5)
denovo47 C1143_DQ182634 326 (667.0)
denovo47 C1139_DQ182639 322 (666.5)
denovo47 C15.28_KC597687 323 (723.5)
denovo47 C1141_DQ182636 322 (675.5)
denovo47 C1144_DQ182637 323 (677.5)
denovo47 C1122_DQ182654 322 (693.5)
denovo47 C1127_DQ182652 322 (693.5)
denovo47 C15.30_JX394114 325 (720.5)
denovo47 C15.26_KC597686 324 (708.0)
denovo47 C1086_DQ182656 321 (717.5)
denovo47 C15.25_KC597685 321 (726.5)
denovo47 C1118_AF180127 328 (680.0)
denovo47 C1129_DQ182651 324 (662.5)
denovo47 C15.21_KC597683 324 (708.5)
denovo47 C56_AY589760 321 (708.5)
denovo47 C1140_DQ182638 325 (673.5)
denovo47 C1126_DQ182653 325 (664.5)
denovo47 C15c_AY258492 324 (708.5)
denovo47 C15d_AY258493 323 (715.0)
denovo47 C1098_DQ182641 322 (727.5)
denovo47 C15.27_KC597689 324 (717.5)
denovo47 C15.18_HE579024 324 (717.5)
denovo47 C15.16_HE579022 329 (723.0)
denovo47 C1101_AB253787 324 (708.5)
denovo47 C1083_AY237300 324 (717.5)
denovo47 C1088_DQ182640 324 (717.0)
denovo47 C15.6_FN563472 324 (717.5)
denovo47 C15.5_FJ461512 324 (709.0)
denovo47 C15.4_FJ461511 324 (718.0)
denovo47 C15.13_HE579019 324 (708.5)
denovo47 C15.12_HE579018 324 (717.5)
denovo47 C93a_AM748563 324 (735.5)
denovo47 C1094_AJ291514 324 (717.5)
denovo47 C93_AM748562 324 (726.5)
denovo47 C15.17_HE579023 323 (708.5)
denovo47 C15e_AY589742 324 (730.0)
denovo47 C15.22_KC597695 324 (717.5)
denovo47 C60_AY589764 324 (717.5)
denovo47 C15.1_FJ461508 324 (717.5)
denovo47 C15.2_FJ461509 324 (717.5)
denovo47 C15.9_FN563475 324 (735.0)
denovo47 C15.7_HE579015 323 (732.0)
denovo47 C15.8_HE579016 324 (717.5)
denovo47 C15.15_HE579021 324 (717.5)
denovo47 C15.19_HE579025 324 (726.5)
denovo47 C15.24_KC597696 324 (708.5)
denovo47 C15.3_FJ461510 324 (718.0)
denovo47 C1087_DQ182655 324 (726.5)
denovo47 C15.14_HE579020 325 (717.0)
denovo47 C15.23_KC597697 325 (717.0)
denovo47 C19_AY258479 324 (730.0)
denovo47 C1233_EU118166 324 (717.5)
denovo47 C15b_AY258491 324 (717.5)
denovo47 C15a_AY258476 324 (727.0)
denovo47 C1051_AF195153 324 (735.5)
denovo47 C2_AF333518 325 (734.5)
denovo47 C15.20_HE579026 325 (726.0)
denovo47 C15f_AY589743 325 (716.5)
denovo47 C55_AY589759 328 (724.5)
denovo47 C15_AY239369 324 (726.5)
denovo47 C32.1_JF683335 322 (690.5)
denovo47 C32.2_JF683336 322 (690.5)
denovo47 C21.23_KC597693 322 (690.5)
denovo47 C1193_EU099827 335 (718.5)
denovo47 C1195_EU099821 332 (685.0)
denovo47 C3q_GU907655 332 (688.5)
denovo47 C53_AY589758 340 (700.0)
denovo47 C73_AY765408 331 (691.5)
denovo47 C17.2.1_KC597684 323 (647.5)
denovo47 C32_AY258497 326 (682.5)
denovo47 C1189_EU099831 324 (679.0)
denovo47 C1191_EU099833 323 (685.5)
denovo47 C1196_EU099819 330 (667.0)
denovo47 C1192_EU099820 330 (667.0)
denovo47 C17.1_JF683322 333 (684.5)
denovo47 C26_b2_FN827164 333 (683.5)
denovo47 C26_b3_FN827165 329 (663.0)
denovo47 C31.9_HQ630879 324 (669.0)
denovo47 C31a_AY589746 324 (665.5)
denovo47 C30_AY589745 336 (671.0)
denovo47 C31.1_HQ630876 336 (671.0)
denovo47 C31.5_HQ630877 336 (680.0)
denovo47 C31.6_HQ630878 324 (674.5)
denovo47 C31.2_JF683332 323 (680.0)
denovo47 C31.3_JF683333 324 (665.5)
denovo47 C26/C35a_AY239378 329 (672.0)
denovo47 C35a_AY258501 329 (672.0)
denovo47 C35.2_AY258500 329 (681.0)
denovo47 C26_b1_FN827163 329 (681.0)
denovo47 C17_AY239370 324 (679.0)
denovo47 C17.2_FJ461513 324 (681.5)
denovo47 C31.10_HQ630880 324 (678.0)
denovo47 C31.4_JF683334 328 (663.0)
denovo47 C31_AY258496 324 (674.5)
denovo47 C25_AY239377 328 (721.0)
denovo47 C61_AY589765 332 (670.0)
denovo47 C1043_DQ072721 324 (668.0)
denovo47 C79_AY765414 336 (686.5)
denovo47 C69_AY589773 316 (692.5)
denovo47 C69a_AY686648 316 (683.5)
denovo47 C21.22_KC597692 334 (679.0)
denovo47 C51_AY589756 323 (688.5)
denovo47 C1aa_HM185739 336 (715.0)
denovo47 C1096_DQ068023 328 (681.5)
denovo47 C74_AY765409 334 (723.0)
denovo47 C1185_AB294629 336 (719.5)
denovo47 C1184_AB294630 336 (719.5)
denovo47 C1153_AB294625 336 (719.5)
denovo47 C1154_AB294626 335 (735.0)
denovo47 C1187_AB294627 336 (719.5)
denovo47 C1186_AB294628 336 (719.5)
denovo47 C57_AY589761 336 (728.5)
denovo47 C66_AY589771 336 (728.5)
denovo47 C5_AF499795 324 (708.5)
denovo47 C1167_AB294586 324 (708.5)
denovo47 C1164_AB294593 324 (708.5)
denovo47 C1183_AB294631 324 (726.5)
denovo47 C1067_DQ335381 324 (709.0)
denovo47 C1159_AB294613 323 (711.0)
denovo47 C1150_AB294622 323 (720.0)
denovo47 C90_AM748554 325 (731.5)
denovo47 C1168_AB294583 324 (717.5)
denovo47 C1156_AB294616 326 (732.0)
denovo47 C1151_AB294621 324 (735.5)
denovo47 C92a_AM748561 324 (735.5)
denovo47 C92_AM748560 324 (726.5)
denovo47 C1165_AB294581 325 (720.5)
denovo47 C1166_AB294584 324 (717.5)
denovo47 C1162_AB294594 324 (717.5)
denovo47 C1163_AB294596 324 (735.0)
denovo47 C1161_AB294606 324 (726.5)
denovo47 C1160_AB294608 328 (719.0)
denovo47 C1158_AB294614 324 (735.5)
denovo47 C1155_AB294617 324 (717.5)
denovo47 C1149_AB294620 324 (726.5)
denovo47 C1173_AB294662 324 (735.5)
denovo47 C1171_AB294663 324 (717.5)
denovo47 C1172_AB294665 324 (717.5)
denovo47 C91a_AM748556 324 (735.5)
denovo47 C91b_AM748557 324 (726.5)
denovo47 C91d_AM748559 323 (724.0)
denovo47 C91c_AM748558 323 (724.0)
denovo47 C91_AJ621543 324 (726.5)
denovo47 C91_AM748555 324 (726.5)
denovo47 C1023_DQ335330 316 (682.0)
denovo47 C1020_DQ335392 328 (702.5)
denovo47 C1018_DQ335408 324 (709.0)
denovo47 C1074_DQ335329 324 (700.0)
denovo47 C1030_DQ335353 324 (700.0)
denovo47 C1022_DQ335331 324 (700.0)
denovo47 C1027_DQ335360 324 (718.0)
denovo47 C1072_DQ335344 324 (700.0)
denovo47 C1039_AB190274 324 (709.0)
denovo47 C1033_DQ335350 329 (697.0)
denovo47 C1019_DQ335407 324 (709.0)
denovo47 C1194_EU099826 324 (694.0)
denovo47 C8b_AY258475 325 (687.0)
denovo47 C8_AY239367 327 (699.0)
denovo47 C8a_AY239368 329 (695.0)
denovo47 C54a_AY765406 324 (709.0)
denovo47 C3ff_HM185740 324 (718.0)
denovo47 C59_AY589763 328 (694.5)
denovo47 C3k_AY589737 325 (711.5)
denovo47 C3.24_HE579012 324 (718.0)
denovo47 C3.23_HE579011 325 (711.5)
denovo47 C35.1_AY765401 336 (716.0)
denovo47 C35.3_EF541145 329 (714.0)
denovo47 C76_AY765411 331 (699.0)
denovo47 C1107_DQ335359 331 (695.5)
denovo47 C3.22_HE579010 332 (695.5)
denovo47 C77_AY765412 331 (707.5)
denovo47 C20_AY239371 327 (726.0)
denovo47 C1055_DQ480640 322 (699.5)
denovo47 C27/C30_AY239379 331 (693.0)
denovo47 C27.1_FJ461517 331 (684.0)
denovo47 C40a_AY589747 334 (717.0)
denovo47 C40_AY258485 334 (717.0)
denovo47 C40b_AY589748 334 (713.5)
denovo47 C16_AY258477 328 (709.5)
denovo47 C16a_AY765399 328 (709.5)
denovo47 C1091_AB207186 324 (717.5)
denovo47 C1102_DQ335400 324 (699.5)
denovo47 C1069_DQ335375 327 (716.5)
denovo47 C1073_DQ335332 328 (711.0)
denovo47 C1066_DQ335382 327 (707.5)
denovo47 C1031_DQ335352 329 (723.0)
denovo47 C1026_DQ335366 329 (714.5)
denovo47 C70_AY589774 324 (726.5)
denovo47 C1082_AB190267 324 (708.5)
denovo47 C1078_AB190271 326 (723.0)
denovo47 C1090_AB207191 324 (717.5)
denovo47 C1071_DQ335302 324 (717.5)
denovo47 C1075_DQ335328 324 (717.5)
denovo47 C1068_DQ335379 324 (708.5)
denovo47 C1064_DQ335395 324 (708.5)
denovo47 C1063_DQ335403 327 (717.5)
denovo47 C62_AY589766 324 (717.5)
denovo47 C1077_DQ335316 324 (714.0)
denovo47 C1109_DQ335338 324 (717.5)
denovo47 C1110_DQ335340 324 (708.5)
denovo47 C1106_DQ335339 324 (708.5)
denovo47 C1112_DQ335319 324 (717.5)
denovo47 C1108_DQ335351 324 (708.5)
denovo47 C1105_DQ335394 324 (717.5)
denovo47 C1121_DQ335378 331 (710.5)
denovo47 C1116_AB190268 331 (710.5)
denovo47 C1115_AB190273 331 (710.5)
denovo47 C1124_DQ335323 324 (699.5)
denovo47 C1120_DQ335398 324 (699.5)
denovo47 C1119_DQ335404 324 (708.5)
denovo47 C1123_DQ335363 324 (708.5)
denovo47 C1004_DQ480635 324 (708.5)
denovo47 C1061_AY186568 324 (699.5)
denovo47 C1053_AY186569 324 (708.5)
denovo47 C1003_DQ480639 324 (708.5)
denovo47 C81_GU907657 315 (698.0)
denovo47 C22_AY239373 322 (711.5)
denovo47 C22a_AY239374 322 (711.5)
denovo47 C1232_EU118163 330 (707.0)
denovo47 C21.13_FJ461515 323 (667.5)
denovo47 C21.1_JF683323 328 (680.0)
denovo47 C21.3_JF683325 331 (688.5)
denovo47 C1.20_HE578993 324 (700.0)
denovo47 C1.22_HE578995 324 (691.0)
denovo47 C52_AY589757 324 (711.5)
denovo47 C1201_EU099793 325 (681.5)
denovo47 C14_AY589741 330 (710.5)
denovo47 C43_AY589749 330 (716.5)
denovo47 C50_AY589755 324 (709.0)
denovo47 C3.14_HQ630872 323 (714.5)
denovo47 C1m_AY765398 324 (717.5)
denovo47 C82_GU907658 335 (713.5)
denovo47 C82b_GU907660 335 (713.5)
denovo47 C64_AY589768 332 (720.5)
denovo47 C45a_AY765404 327 (717.0)
denovo47 C48_AY589753 324 (729.5)
denovo47 C1_v1b_FJ919244 323 (705.5)
denovo47 C1_v1a_FJ919243 324 (709.0)
denovo47 C3j_AY239366 324 (700.0)
denovo47 C3t_EF541149 327 (717.0)
denovo47 C9_AF499798 326 (723.0)
denovo47 C23_AY239375 327 (735.5)
denovo47 C37_AY258481 329 (705.5)
denovo47 C1048_DQ068026 327 (708.0)
denovo47 C21.4_JF683326 324 (679.0)
denovo47 C21.5_JF683327 324 (679.0)
denovo47 C1070_DQ335349 324 (700.0)
denovo47 C21.6_HQ630873 324 (679.0)
denovo47 C1224_EU074890 324 (727.0)
denovo47 C1.17_HE578990 324 (727.0)
denovo47 C21_b1_FN827162 329 (681.5)
denovo47 C21.9_JF683330 329 (690.5)
denovo47 C1085_AY624605 327 (708.5)
denovo47 C3p_GU907654 324 (694.0)
denovo47 C3f_AY589734 324 (718.0)
denovo47 C65a_AY589770 324 (718.0)
denovo47 C65_AY589769 324 (727.0)
denovo47 C71_AY589775 324 (718.0)
denovo47 C71a_AY589776 324 (709.0)
denovo47 C1178_AB294647 323 (700.5)
denovo47 C1225_EU074893 321 (727.5)
denovo47 C75_AY765410 327 (718.0)
denovo47 C21.10_JF683331 323 (685.0)
denovo47 C21.11_HQ630874 323 (685.0)
denovo47 C1065_DQ335388 324 (718.0)
denovo47 C1045_DQ068036 324 (727.0)
denovo47 C1h_AY258473 323 (714.5)
denovo47 C38_AY258482 323 (705.5)
denovo47 C1202_EU099799 323 (705.5)
denovo47 C7_AF499797 323 (714.5)
denovo47 C12_AF499801 325 (704.0)
denovo47 C38a_AY258483 324 (722.0)
denovo47 C1200_EU099800 313 (719.0)
denovo47 C44a_AY589751 324 (717.5)
denovo47 C47_AY589752 327 (726.0)
denovo47 C44_AY589750 327 (717.0)
denovo47 C1.15_HE578988 324 (709.0)
denovo47 C45.3_FJ461522 327 (708.0)
denovo47 C46a_AY765405 327 (708.0)
denovo47 C46_EU449108 327 (717.0)
denovo47 C3.12_FJ461507 327 (717.0)
denovo47 C1k_AY589733 327 (708.0)
denovo47 C67_AY686647 332 (722.5)
denovo47 C82a_GU907659 327 (717.0)
denovo47 C10a_AY589739 327 (717.0)
denovo47 C10_AF499799 327 (708.0)
denovo47 C13_AY589740 329 (711.0)
denovo47 C4_AF499794 327 (708.0)
denovo47 C1147_EF656433 327 (708.0)
denovo47 C1c/C45_AY239364 327 (717.0)
denovo47 C1c/C45_EU449103 327 (717.0)
denovo47 C21.19_HE579031 324 (688.0)
denovo47 C21.21_HE579033 324 (679.0)
denovo47 C21.20_HE579032 324 (688.0)
denovo47 C42b_AY765403 330 (707.5)
denovo47 C42_AY258487 330 (716.5)
denovo47 C1p_GU907652 324 (709.0)
denovo47 C1d_AY258488 327 (699.0)
denovo47 C42_AY765402 327 (708.0)
denovo47 C3ha_AY589736 323 (684.5)
denovo47 C63a_AY589767 323 (705.0)
denovo47 C21a_AY589744 324 (679.0)
denovo47 C3o_GU907653 327 (687.0)
denovo47 C21.16_HQ630875 324 (687.5)
denovo47 C21.2_JF683324 324 (679.0)
denovo47 C21.7_JF683328 323 (685.5)
denovo47 C21.8_JF683329 324 (688.0)
denovo47 C3h_AY239365 324 (688.0)
denovo47 C1203_EU099798 324 (679.0)
denovo47 C3.10_FJ461505 324 (727.0)
denovo47 C21.14_FJ461516 324 (697.0)
denovo47 C21.18_HE579030 329 (682.0)
denovo47 C3.17_HE579005 324 (709.0)
denovo47 C3.9_FJ461504 324 (706.0)
denovo47 C3.8_FJ461503 324 (718.0)
denovo47 C3.7_FJ461502 324 (709.0)
denovo47 C3.11_FJ461506 331 (720.5)
denovo47 C3.18_HE579006 324 (709.0)
denovo47 C3.19_HE579007 324 (709.0)
denovo47 C3.20_HE579008 324 (709.0)
denovo47 C3g_AY589735 327 (701.0)
denovo47 C3a_AF499790 322 (721.5)
denovo47 C3e_AF499793 324 (709.0)
denovo47 C6_AF499796 331 (729.0)
denovo47 C11_AF499800 332 (712.0)
denovo47 C36_AY258480 324 (727.0)
denovo47 C29_AY258494 324 (727.0)
denovo47 C1146_EF656434 324 (709.0)
denovo47 C1190_EU099841 324 (709.0)
denovo47 C131_JF320826 324 (709.0)
denovo47 C28_AY239380 330 (719.5)
denovo47 C1012_DQ480604 324 (717.5)
denovo47 C1181_AB294640 324 (694.0)
denovo47 C1180_AB294641 324 (694.0)
denovo47 C1179_AB294645 324 (702.5)
denovo47 C1176_AB294651 322 (706.5)
denovo47 C1175_AB294653 324 (694.0)
denovo47 C1174_AB294655 324 (703.0)
denovo47 C1177_AB294659 324 (703.0)
denovo47 C1040_AB190269 330 (715.0)
denovo47 C1182_AB294649 324 (709.0)
denovo47 C1089_AJ278598 324 (709.0)
denovo47 C1028_DQ335357 331 (720.0)
denovo47 C3.16_EU786015 324 (709.0)
denovo47 C1097_AJ311943 325 (707.5)
denovo47 C1170_AB294661 324 (703.0)
denovo47 C21.17_HE579029 324 (699.0)
denovo47 C21/3d/C3k_AY239372 324 (688.0)
denovo47 C58_AY589762 329 (690.0)
denovo47 C3L_AY589738 327 (713.0)
denovo47 C1169_AB294660 324 (703.0)
denovo47 C3.2_FJ461497 324 (712.0)
denovo47 C3.1_JF683321 323 (718.0)
denovo47 C1104_AF427469 325 (708.0)
denovo47 C3b_AF499791 324 (721.0)
denovo47 C83_GU907661 324 (720.5)
denovo47 C49_AY589754 353 (741.0)
denovo47 C3_AB778606 324 (718.0)
denovo47 C3_AF499789 324 (718.0)
denovo47 C3_HE579001 324 (718.0)
denovo47 C21.12_FJ461514 324 (670.0)
denovo47 C1229_EU074888 325 (706.5)
denovo47 C1230_EU074889 325 (715.5)
denovo47 C1114_AB207196 324 (700.0)
denovo47 C3.21_HE579009 324 (613.5)
denovo47 C1057_DQ480619 323 (714.5)
denovo47 C72_AY765407 329 (705.0)
denovo47 C1b.3_HE578999 324 (703.0)
denovo47 C93_AJ621536 324 (709.0)
denovo47 C94_AJ621539 324 (709.0)
denovo47 C1g_AY589730 324 (709.0)
denovo47 C1i_AY589731 323 (714.5)
denovo47 C1j_AY589732 331 (720.0)
denovo47 C1005_DQ480633 324 (709.0)
denovo47 C1.7_FJ461494 324 (709.0)
denovo47 C1.11_HE578984 324 (718.0)
denovo47 C1.12_HE578985 324 (709.0)
denovo47 C1.13_HE578986 324 (718.0)
denovo47 C1.14_HE578987 324 (718.0)
denovo47 C1.18_HE578991 324 (709.0)
denovo47 C1.19_HE578992 324 (709.0)
denovo47 C1199_EU099802 324 (703.0)
denovo47 C1188_EU099838 324 (718.0)
denovo47 C1002_DQ838544 324 (718.0)
denovo47 C1198_EU099810 324 (709.0)
denovo47 C24_AY239376 324 (709.0)
denovo47 C1f_AY258490 324 (718.0)
denovo47 C1006_DQ480629 324 (727.0)
denovo47 C1010_DQ480607 324 (709.0)
denovo47 C1007_DQ480624 324 (709.0)
denovo47 C1011_DQ480605 324 (709.0)
denovo47 C1009_DQ480608 328 (711.0)
denovo47 C1041_AY186548 324 (718.0)
denovo47 C1052_AY186570 324 (709.0)
denovo47 C1148_EU040178 324 (718.0)
denovo47 C1234_EU118165 325 (708.0)
denovo47 C1.5_EF634157 324 (718.0)
denovo47 C1059_DQ480609 324 (709.0)
denovo47 C1228_EU074883 324 (709.0)
denovo47 C1208_EU074963 324 (709.0)
denovo47 C1207_EU074964 324 (718.0)
denovo47 C1206_EU074965 324 (709.0)
denovo47 C1013_DQ480642 324 (709.0)
denovo47 C80_GU907656 334 (712.0)
denovo47 C1a_AF499788 323 (714.5)
denovo47 C41_AY258486 324 (718.0)
denovo47 C39_AY258484 311 (718.5)
denovo47 C1231_EU074878 324 (709.0)
denovo47 C1b.1_HE578997 324 (703.0)
denovo47 C18_AY258478 324 (718.0)
denovo47 C1.10_HE578983 323 (712.5)
denovo47 C1_JN558041 324 (718.0)
denovo47 C1_HE578979 324 (718.0)
denovo47 C1_AM748551 324 (718.0)
denovo47 C1_AF333515 324 (718.0)
denovo47 C1054_AY186565 323 (721.5)
denovo47 C1008_DQ480613 324 (709.0)
denovo47 C1103_AF427470 325 (708.0)
denovo47 C1226_EU074881 325 (708.0)
denovo47 C1b/C1e_AY239363 324 (712.0)
denovo47 C1044_DQ068038 324 (703.0)
denovo47 C1017_DQ174729 325 (702.0)
denovo47 C1.6_FJ461493 324 (709.0)
denovo47 C1b.2_HE578998 324 (703.0)
denovo47 C1060_DQ480600 324 (709.0)
denovo47 C1227_EU074882 324 (709.0)
denovo47 C1197_EU099814 324 (709.0)
denovo47 C1130_DQ480643 324 (576.5)
denovo47 D109_AB097465 351 (516.0)
denovo47 D1.11_HE579040 352 (520.0)
denovo47 D105_AF174570 356 (514.0)
denovo47 D104_AF174572 352 (511.0)
denovo47 D1.3_JF683337 352 (519.0)
denovo47 D1.10_HE579039 352 (511.0)
denovo47 D110_AF174561 352 (511.0)
denovo47 D117_AF174542 352 (511.0)
denovo47 D114_AF174549 352 (520.0)
denovo47 D113_AF174557 352 (511.0)
denovo47 D112_AF174558 354 (517.5)
denovo47 D106_AF174559 362 (522.0)
denovo47 D111_AF174560 352 (528.5)
denovo47 D115_AF174562 352 (520.0)
denovo47 D107_AF174568 351 (526.0)
denovo47 D116_AF174571 360 (507.0)
denovo47 D124_EU074897 353 (523.0)
denovo47 D1.8_HE579037 354 (517.5)
denovo47 D3_AY686650 352 (520.0)
denovo47 D1.6_HQ630881 352 (511.0)
denovo47 D120_EU074900 352 (511.0)
denovo47 D121_EU074904 360 (516.0)
denovo47 D122_EU074905 352 (511.0)
denovo47 D1a.2_JF683339 355 (522.0)
denovo47 D1a.1_JF683338 353 (523.0)
denovo47 D2_AY686649 587 (583.0)
denovo47 D4_DQ865214 355 (517.0)
denovo47 D1a_AF499802 352 (520.0)
denovo47 D1a_JN558078 352 (520.0)
denovo47 D123_EU074895 349 (519.5)
denovo47 D108_AF174567 352 (528.5)
denovo47 D103_AF174575 352 (520.0)
denovo47 D100_AF411415 353 (522.5)
denovo47 D118_EF656435 354 (524.5)
denovo47 D101_AF411416 353 (507.5)
denovo47 D119_EU099832 352 (512.0)
denovo47 D102_AF174573 352 (523.0)
denovo47 D1_AF334660 352 (520.0)
denovo47 D1_JN558076 352 (520.0)
denovo47 D1.12_HE579041 336 (517.0)
denovo47 D1.1_AM748564 426 (553.0)
denovo47 D1.2_AM748617 444 (525.5)
denovo47 E111_EU074915 347 (522.5)
denovo47 E110_EU074914 345 (498.5)
denovo47 E114_EU074909 345 (498.5)
denovo47 E1_AF334659 346 (506.5)
denovo47 E105_EU074921 345 (516.5)
denovo47 E112_EU074916 345 (498.5)
denovo47 E104_EU074922 361 (504.5)
denovo47 E102_EU074924 345 (498.5)
denovo47 E103_EU074923 345 (507.5)
denovo47 E101_AY160123 350 (482.5)
denovo47 E109_EU074913 344 (533.0)
denovo47 E100_DQ011618 357 (543.5)
denovo47 E108_EU074912 357 (534.5)
denovo47 E113_EU074908 353 (544.5)
denovo47 E107_EU074910 357 (534.5)
denovo47 F1_JN558066 347 (667.5)
denovo47 F5.2d_AJ291530 331 (692.5)
denovo47 F104_AJ291531 331 (692.5)
denovo47 F5.2c_AM748596 334 (692.5)
denovo47 F5.2_AM748594 336 (688.5)
denovo47 F5.2a_AM748614 336 (688.5)
denovo47 F5.2b_AM748595 336 (688.5)
denovo47 F5.2e_AJ291533 331 (639.0)
denovo47 F5.2g_JN558072 331 (692.0)
denovo47 F5.2f_AJ291512 331 (683.0)
denovo47 F102_AJ291534 331 (683.0)
denovo47 F5.1c_AM748593 334 (718.5)
denovo47 F5.1d_JN558069 357 (676.0)
denovo47 F5.1b_AJ291535 331 (701.5)
denovo47 F5.1_AM748592 356 (701.0)
denovo47 F5.1a_AM748591 357 (703.5)
denovo47 F110_AJ291526 319 (729.0)
denovo47 F4.7_AM748587 321 (747.5)
denovo47 F4.5_AM748585 326 (740.0)
denovo47 F4.4a_AM748583 320 (767.0)
denovo47 F4.4_AM748582 324 (776.5)
denovo47 F4.4b_AM748584 314 (785.0)
denovo47 F4.1a_AM748573 323 (720.5)
denovo47 F112_AJ291528 321 (708.5)
denovo47 F4.1_AM748572 321 (717.5)
denovo47 F4.8b_AM748590 317 (774.5)
denovo47 F4.8_AM748588 320 (775.0)
denovo47 F4.8a_AM748589 320 (775.0)
denovo47 F109_AJ291527 323 (761.5)
denovo47 F4.6_AM748586 321 (726.0)
denovo47 F111_AJ311949 317 (750.0)
denovo47 F4.3c_AM748581 312 (767.0)
denovo47 F4.3a_AM748579 314 (774.5)
denovo47 F4.3b_AM748580 314 (773.5)
denovo47 F4.3_AM748578 315 (767.5)
denovo47 F4.2_AM748574 321 (780.0)
denovo47 F4.2a_AM748575 321 (756.5)
denovo47 F4.2c_AM748577 321 (753.0)
denovo47 F4.2b_AM748576 321 (765.5)
denovo47 F2b_AJ291521 336 (730.5)
denovo47 F2_AJ830908 331 (761.5)
denovo47 F2a_AJ830911 331 (757.0)
denovo47 F3.1a_AM748566 342 (706.0)
denovo47 F114_AJ291525 342 (706.5)
denovo47 F3.1_AM748565 342 (715.5)
denovo47 F3.2_AM748567 354 (743.0)
denovo47 F3.2a_AM748568 350 (741.0)
denovo47 F3.3_AM748569 342 (711.0)
denovo47 F3.4a_AM748571 344 (672.0)
denovo47 F3.4_AM748570 340 (678.0)
denovo47 F3.4b_AM748616 340 (678.0)
denovo47 G101_AJ291539 366 (550.5)
denovo47 G1_AM748597 366 (550.5)
denovo47 G2b_JN558087 368 (548.5)
denovo47 G2_AM748598 370 (545.5)
denovo47 G2a_AM748599 370 (536.5)
denovo47 G4_AM748601 355 (587.5)
denovo47 G3.4_LK392378 359 (538.0)
denovo47 G3_AM748600 356 (555.5)
denovo47 G3.2_KC597694 349 (494.5)
denovo47 G3.1_KC597688 354 (559.5)
denovo47 G100_AB253788 356 (547.5)
denovo47 G3.3_LK392377 359 (548.5)
denovo47 H6_AJ291520 641 (314.5)
denovo47 H3_AM748606 327 (525.5)
denovo47 H2_AM748605 339 (550.0)
denovo47 H4_AM748607 334 (538.5)
denovo47 H4a_AM748608 344 (537.0)
denovo47 H5a_AM748611 342 (517.5)
denovo47 H5b_AM748610 345 (516.0)
denovo47 H5_AJ621129 342 (517.5)
denovo47 H5_AM748609 342 (517.5)
denovo47 H100_AJ291513 343 (509.5)
denovo47 H1b_AM748604 341 (508.5)
denovo47 H1a_AM748612 343 (513.5)
denovo47 H1_AJ621152 343 (513.5)
denovo47 H1_AM748602 343 (513.5)
denovo47 I3_FN561561 337 (718.0)
denovo47 I4_FN561562 337 (718.0)
denovo47 I1_FN561559 336 (714.5)
denovo47 I2_FN561560 341 (720.0)

#---------------------------------------
#---------------------------------------
