denovo103 A136_DQ865210 332 (533.0)
denovo103 A133_DQ174725 359 (504.0)
denovo103 A115_AF180123 340 (496.5)
denovo103 A117_AF201746 340 (512.0)
denovo103 A134_DQ174723 347 (515.0)
denovo103 A114_AF184941 347 (515.0)
denovo103 A135_DQ174727 347 (506.0)
denovo103 A2_AF333506 345 (505.0)
denovo103 A101_AF427468 346 (502.5)
denovo103 A2_1_JN558097 346 (502.5)
denovo103 A2_2_JN558100 346 (502.5)
denovo103 A113_AF184948 332 (516.5)
denovo103 A112_AF184949 340 (496.0)
denovo103 A123_EF378618 349 (336.0)
denovo103 A137_EF378621 343 (335.5)
denovo103 A11_EU449041 344 (518.5)
denovo103 A121_DQ174722 338 (513.0)
denovo103 A15b_EU792886 356 (470.5)
denovo103 A15a_EU792885 346 (486.0)
denovo103 A15c_EU792887 359 (478.5)
denovo103 A15_EU792884 356 (479.5)
denovo103 A147_EU074937 341 (499.5)
denovo103 A154_EU074860 358 (502.0)
denovo103 A146_EU074936 343 (495.5)
denovo103 A150_EU074928 343 (504.5)
denovo103 A116_AF183575 355 (510.0)
denovo103 A141_EU074931 343 (504.5)
denovo103 A5_AF333508 338 (512.5)
denovo103 A3b_EU449043 344 (508.0)
denovo103 A151_EU074925 358 (501.0)
denovo103 A152_EU074927 360 (499.5)
denovo103 A149_EU074929 357 (508.5)
denovo103 A140_EU074930 358 (493.0)
denovo103 A142_EU074932 358 (493.0)
denovo103 A143_EU074933 340 (505.5)
denovo103 A144_EU074934 358 (493.0)
denovo103 A145_EU074935 344 (498.5)
denovo103 A148_EU074938 355 (501.0)
denovo103 A155_EU074856 358 (503.5)
denovo103 A156_EU074859 358 (493.0)
denovo103 A139_EU074962 358 (493.0)
denovo103 A6_AF186058 358 (502.0)
denovo103 A3_AF333507 358 (502.0)
denovo103 A3_JN558091 358 (502.0)
denovo103 A8_AY258468 346 (476.5)
denovo103 A7_AY239360 348 (491.5)
denovo103 A16_EU792888 347 (498.5)
denovo103 A4.3_FN429763 346 (492.0)
denovo103 A120_AF180122 341 (486.5)
denovo103 A4.2_FN429761 344 (483.0)
denovo103 A4_AF333509 344 (511.0)
denovo103 A4.1_FN429760 343 (506.0)
denovo103 A4a_AF499778 346 (518.0)
denovo103 A4a.1_FN429762 346 (518.0)
denovo103 A138_EF378620 343 (462.5)
denovo103 A122_EF378619 342 (499.5)
denovo103 A126_EF378615 341 (500.5)
denovo103 A10_EU792882 341 (500.5)
denovo103 A9_EU449028 344 (502.0)
denovo103 A105_AB207202 341 (509.5)
denovo103 A119_AF180121 340 (499.0)
denovo103 A12_EU792883 342 (506.0)
denovo103 A104_AB207203 341 (501.0)
denovo103 A1a_EU449030 344 (520.0)
denovo103 A1.3_HE578976 355 (506.0)
denovo103 A1.4_HE578977 346 (515.0)
denovo103 A13_AF333504 348 (511.0)
denovo103 A13_JN558094 348 (511.0)
denovo103 A110_AB190282 348 (504.0)
denovo103 A103_AB207206 342 (512.0)
denovo103 A130_EF656428 348 (512.0)
denovo103 A127_EF656429 348 (521.0)
denovo103 A128_EF656430 348 (503.0)
denovo103 A129_EF656431 349 (514.5)
denovo103 A131_EF656432 347 (510.5)
denovo103 A118_AF180120 348 (505.5)
denovo103 A1_AF333505 348 (512.0)
denovo103 A107_AB207199 341 (519.0)
denovo103 A111_AB190280 341 (519.0)
denovo103 A108_AB207197 348 (489.0)
denovo103 A106_AB207200 341 (509.5)
denovo103 A102_AB207209 341 (510.0)
denovo103 A1.2_AB207210 341 (510.0)
denovo103 A109_AB190285 340 (514.5)
denovo103 B4_AF333510 320 (1148.5)
denovo103 B23_EU449079 307 (1261.5)
denovo103 B30_GU907644 308 (1246.0)
denovo103 B11_AY239361 308 (1355.5)
denovo103 B17_AY258470 306 (1375.0)
denovo103 B1k_GU907638 307 (724.5)
denovo103 B1.V_Green2014 313 (1333.0)
denovo103 B1b_AF499780 305 (1322.0)
denovo103 B16_AY258469 306 (1384.0)
denovo103 B31a_GU907646 306 (1384.0)
denovo103 B32_GU907647 306 (1384.0)
denovo103 B31_GU907645 306 (1393.0)
denovo103 B1j_GU907637 306 (1384.0)
denovo103 B37_GU907650 308 (1382.5)
denovo103 B5a_AF499782 306 (1384.0)
denovo103 B5_AF499781 306 (1393.0)
denovo103 B24_GU907643 306 (1224.0)
denovo103 B117_AF180124 306 (1275.5)
denovo103 B10_AF499787 306 (1384.0)
denovo103 B20_GU907642 309 (1370.5)
denovo103 B1m_GU907640 306 (1393.0)
denovo103 B34_GU907649 306 (1393.0)
denovo103 B1d_GU907633 306 (1393.0)
denovo103 B1e_GU907634 306 (1393.0)
denovo103 B1i_GU907636 306 (1393.0)
denovo103 B1g_GU907635 307 (1374.0)
denovo103 B123_EU074872 306 (1384.0)
denovo103 B8_AF499785 307 (1383.0)
denovo103 B1l_GU907639 306 (1393.0)
denovo103 B1a_AF499779 306 (1393.0)
denovo103 B14_AY239362 307 (1383.0)
denovo103 B125_EU074865 306 (1393.0)
denovo103 B122_EU074871 306 (1393.0)
denovo103 B124_EU074874 306 (1393.0)
denovo103 B1.VII_Green2014 306 (1323.0)
denovo103 B1.III_Green2014 306 (1321.0)
denovo103 B1.I_Green2014 306 (1402.0)
denovo103 B1.II_Green2014 306 (1402.0)
denovo103 B1_JN558057 306 (1402.0)
denovo103 B1_AF333511 306 (1402.0)
denovo103 B1.IV_Green2014 316 (1397.0)
denovo103 B121_EU074870 306 (1393.0)
denovo103 B7_AF499784 306 (1393.0)
denovo103 B1.VI_Green2014 307 (1342.5)
denovo103 B3_AF333514 306 (1298.5)
denovo103 B9_AF499786 306 (1307.5)
denovo103 B19a_JN558055 310 (1192.5)
denovo103 B119_EU099825 315 (1233.0)
denovo103 B21_DQ865213 305 (1291.0)
denovo103 B38_GU907651 305 (1291.0)
denovo103 B18_AY258471 306 (1325.5)
denovo103 B18a_AY258472 306 (1316.5)
denovo103 B33_GU907648 306 (1316.5)
denovo103 B6_AF499783 311 (1322.0)
denovo103 B19_DQ865212 306 (1334.5)
denovo103 B19_GU907641 306 (1334.5)
denovo103 B2_AF333512 306 (1325.5)
denovo103 B2_JN558060 306 (1325.5)
denovo103 C33.1_AY258498 331 (674.5)
denovo103 C33.2_AY765400 331 (674.5)
denovo103 C33a_EF541147 331 (674.5)
denovo103 C34_AY258499 324 (672.5)
denovo103 C78_AY765413 329 (632.5)
denovo103 C15.29_KC597690 326 (623.5)
denovo103 C1131_DQ182650 327 (617.5)
denovo103 C1135_DQ182646 322 (621.5)
denovo103 C1134_DQ182647 326 (605.0)
denovo103 C1142_DQ182635 322 (612.5)
denovo103 C1136_DQ182644 323 (595.0)
denovo103 C1111_DQ182645 320 (604.5)
denovo103 C1236_EF473656 320 (595.5)
denovo103 C1138_DQ182642 319 (610.5)
denovo103 C1137_DQ182643 320 (595.5)
denovo103 C1133_DQ182648 320 (595.5)
denovo103 C1132_DQ182649 324 (598.0)
denovo103 C1143_DQ182634 320 (604.5)
denovo103 C1139_DQ182639 322 (612.5)
denovo103 C15.28_KC597687 326 (669.0)
denovo103 C1141_DQ182636 326 (623.5)
denovo103 C1144_DQ182637 326 (623.0)
denovo103 C1122_DQ182654 322 (639.5)
denovo103 C1127_DQ182652 322 (639.5)
denovo103 C15.30_JX394114 325 (666.5)
denovo103 C15.26_KC597686 326 (660.0)
denovo103 C1086_DQ182656 324 (663.5)
denovo103 C15.25_KC597685 324 (672.5)
denovo103 C1118_AF180127 333 (632.0)
denovo103 C1129_DQ182651 324 (608.5)
denovo103 C15.21_KC597683 324 (645.5)
denovo103 C56_AY589760 321 (654.5)
denovo103 C1140_DQ182638 328 (619.0)
denovo103 C1126_DQ182653 328 (610.0)
denovo103 C15c_AY258492 325 (665.5)
denovo103 C15d_AY258493 324 (672.0)
denovo103 C1098_DQ182641 322 (673.5)
denovo103 C15.27_KC597689 324 (663.5)
denovo103 C15.18_HE579024 323 (660.5)
denovo103 C15.16_HE579022 329 (687.0)
denovo103 C1101_AB253787 324 (654.5)
denovo103 C1083_AY237300 324 (663.5)
denovo103 C1088_DQ182640 324 (663.0)
denovo103 C15.6_FN563472 324 (663.5)
denovo103 C15.5_FJ461512 324 (655.0)
denovo103 C15.4_FJ461511 324 (664.0)
denovo103 C15.13_HE579019 324 (654.5)
denovo103 C15.12_HE579018 324 (663.5)
denovo103 C93a_AM748563 324 (681.5)
denovo103 C1094_AJ291514 324 (663.5)
denovo103 C93_AM748562 324 (672.5)
denovo103 C15.17_HE579023 323 (654.5)
denovo103 C15e_AY589742 324 (676.0)
denovo103 C15.22_KC597695 324 (663.5)
denovo103 C60_AY589764 328 (665.5)
denovo103 C15.1_FJ461508 324 (663.5)
denovo103 C15.2_FJ461509 324 (663.5)
denovo103 C15.9_FN563475 324 (681.0)
denovo103 C15.7_HE579015 323 (678.0)
denovo103 C15.8_HE579016 324 (663.5)
denovo103 C15.15_HE579021 324 (663.5)
denovo103 C15.19_HE579025 324 (672.5)
denovo103 C15.24_KC597696 324 (654.5)
denovo103 C15.3_FJ461510 324 (664.0)
denovo103 C1087_DQ182655 324 (672.5)
denovo103 C15.14_HE579020 325 (663.0)
denovo103 C15.23_KC597697 325 (663.0)
denovo103 C19_AY258479 324 (676.0)
denovo103 C1233_EU118166 324 (663.5)
denovo103 C15b_AY258491 324 (663.5)
denovo103 C15a_AY258476 324 (673.0)
denovo103 C1051_AF195153 324 (681.5)
denovo103 C2_AF333518 325 (680.5)
denovo103 C15.20_HE579026 325 (672.0)
denovo103 C15f_AY589743 325 (662.5)
denovo103 C55_AY589759 328 (670.5)
denovo103 C15_AY239369 324 (672.5)
denovo103 C32.1_JF683335 329 (620.0)
denovo103 C32.2_JF683336 329 (620.0)
denovo103 C21.23_KC597693 329 (620.0)
denovo103 C1193_EU099827 333 (649.5)
denovo103 C1195_EU099821 337 (644.5)
denovo103 C3q_GU907655 332 (634.5)
denovo103 C53_AY589758 336 (652.5)
denovo103 C73_AY765408 332 (648.5)
denovo103 C17.2.1_KC597684 323 (611.5)
denovo103 C32_AY258497 333 (630.0)
denovo103 C1189_EU099831 328 (626.5)
denovo103 C1191_EU099833 327 (633.0)
denovo103 C1196_EU099819 329 (611.5)
denovo103 C1192_EU099820 329 (611.5)
denovo103 C17.1_JF683322 333 (632.5)
denovo103 C26_b2_FN827164 341 (635.0)
denovo103 C26_b3_FN827165 337 (614.5)
denovo103 C31.9_HQ630879 334 (616.0)
denovo103 C31a_AY589746 334 (612.5)
denovo103 C30_AY589745 334 (612.5)
denovo103 C31.1_HQ630876 334 (621.5)
denovo103 C31.5_HQ630877 332 (624.5)
denovo103 C31.6_HQ630878 334 (621.5)
denovo103 C31.2_JF683332 334 (621.5)
denovo103 C31.3_JF683333 334 (612.5)
denovo103 C26/C35a_AY239378 337 (623.5)
denovo103 C35a_AY258501 337 (623.5)
denovo103 C35.2_AY258500 337 (632.5)
denovo103 C26_b1_FN827163 337 (632.5)
denovo103 C17_AY239370 329 (629.5)
denovo103 C17.2_FJ461513 334 (628.5)
denovo103 C31.10_HQ630880 334 (625.0)
denovo103 C31.4_JF683334 338 (610.0)
denovo103 C31_AY258496 334 (621.5)
denovo103 C25_AY239377 325 (676.0)
denovo103 C61_AY589765 328 (614.0)
denovo103 C1043_DQ072721 328 (615.5)
denovo103 C79_AY765414 332 (640.0)
denovo103 C69_AY589773 321 (643.0)
denovo103 C69a_AY686648 321 (634.0)
denovo103 C21.22_KC597692 332 (627.5)
denovo103 C51_AY589756 327 (636.0)
denovo103 C1aa_HM185739 328 (674.5)
denovo103 C1096_DQ068023 335 (638.0)
denovo103 C74_AY765409 334 (669.5)
denovo103 C1185_AB294629 336 (666.0)
denovo103 C1184_AB294630 336 (666.0)
denovo103 C1153_AB294625 336 (666.0)
denovo103 C1154_AB294626 335 (681.5)
denovo103 C1187_AB294627 336 (666.0)
denovo103 C1186_AB294628 336 (666.0)
denovo103 C57_AY589761 336 (674.5)
denovo103 C66_AY589771 336 (675.0)
denovo103 C5_AF499795 328 (656.0)
denovo103 C1167_AB294586 328 (656.0)
denovo103 C1164_AB294593 328 (656.0)
denovo103 C1183_AB294631 328 (674.0)
denovo103 C1067_DQ335381 329 (659.0)
denovo103 C1159_AB294613 327 (658.5)
denovo103 C1150_AB294622 327 (667.5)
denovo103 C90_AM748554 329 (679.0)
denovo103 C1168_AB294583 338 (666.5)
denovo103 C1156_AB294616 334 (682.5)
denovo103 C1151_AB294621 328 (683.0)
denovo103 C92a_AM748561 338 (684.5)
denovo103 C92_AM748560 338 (675.5)
denovo103 C1165_AB294581 325 (665.0)
denovo103 C1166_AB294584 328 (683.0)
denovo103 C1162_AB294594 328 (665.0)
denovo103 C1163_AB294596 324 (681.0)
denovo103 C1161_AB294606 328 (674.0)
denovo103 C1160_AB294608 332 (675.5)
denovo103 C1158_AB294614 328 (683.0)
denovo103 C1155_AB294617 328 (665.0)
denovo103 C1149_AB294620 328 (674.0)
denovo103 C1173_AB294662 328 (683.0)
denovo103 C1171_AB294663 328 (665.0)
denovo103 C1172_AB294665 328 (665.0)
denovo103 C91a_AM748556 328 (683.0)
denovo103 C91b_AM748557 328 (674.0)
denovo103 C91d_AM748559 327 (671.5)
denovo103 C91c_AM748558 327 (671.5)
denovo103 C91_AJ621543 328 (674.0)
denovo103 C91_AM748555 328 (674.0)
denovo103 C1023_DQ335330 317 (631.0)
denovo103 C1020_DQ335392 333 (653.0)
denovo103 C1018_DQ335408 329 (659.5)
denovo103 C1074_DQ335329 329 (650.5)
denovo103 C1030_DQ335353 329 (650.5)
denovo103 C1022_DQ335331 329 (650.5)
denovo103 C1027_DQ335360 329 (668.5)
denovo103 C1072_DQ335344 329 (650.5)
denovo103 C1039_AB190274 329 (659.5)
denovo103 C1033_DQ335350 334 (647.5)
denovo103 C1019_DQ335407 329 (659.5)
denovo103 C1194_EU099826 329 (644.5)
denovo103 C8b_AY258475 327 (638.5)
denovo103 C8_AY239367 329 (650.5)
denovo103 C8a_AY239368 331 (646.5)
denovo103 C54a_AY765406 328 (656.5)
denovo103 C3ff_HM185740 328 (665.5)
denovo103 C59_AY589763 332 (642.0)
denovo103 C3k_AY589737 335 (660.5)
denovo103 C3.24_HE579012 324 (664.0)
denovo103 C3.23_HE579011 335 (660.5)
denovo103 C35.1_AY765401 339 (670.0)
denovo103 C35.3_EF541145 332 (668.0)
denovo103 C76_AY765411 327 (660.0)
denovo103 C1107_DQ335359 330 (640.0)
denovo103 C3.22_HE579010 332 (642.5)
denovo103 C77_AY765412 329 (656.0)
denovo103 C20_AY239371 327 (663.0)
denovo103 C1055_DQ480640 327 (649.5)
denovo103 C27/C30_AY239379 328 (641.0)
denovo103 C27.1_FJ461517 328 (632.0)
denovo103 C40a_AY589747 332 (666.5)
denovo103 C40_AY258485 332 (666.5)
denovo103 C40b_AY589748 332 (663.0)
denovo103 C16_AY258477 331 (656.0)
denovo103 C16a_AY765399 331 (656.0)
denovo103 C1091_AB207186 324 (663.5)
denovo103 C1102_DQ335400 324 (645.5)
denovo103 C1069_DQ335375 328 (665.0)
denovo103 C1073_DQ335332 329 (659.5)
denovo103 C1066_DQ335382 328 (656.0)
denovo103 C1031_DQ335352 329 (669.0)
denovo103 C1026_DQ335366 334 (665.0)
denovo103 C70_AY589774 324 (672.5)
denovo103 C1082_AB190267 325 (656.5)
denovo103 C1078_AB190271 324 (672.5)
denovo103 C1090_AB207191 324 (663.5)
denovo103 C1071_DQ335302 324 (663.5)
denovo103 C1075_DQ335328 324 (663.5)
denovo103 C1068_DQ335379 324 (654.5)
denovo103 C1064_DQ335395 324 (654.5)
denovo103 C1063_DQ335403 324 (672.5)
denovo103 C62_AY589766 324 (663.5)
denovo103 C1077_DQ335316 325 (662.5)
denovo103 C1109_DQ335338 324 (654.5)
denovo103 C1110_DQ335340 324 (645.5)
denovo103 C1106_DQ335339 324 (645.5)
denovo103 C1112_DQ335319 324 (654.5)
denovo103 C1108_DQ335351 324 (645.5)
denovo103 C1105_DQ335394 324 (654.5)
denovo103 C1121_DQ335378 331 (647.5)
denovo103 C1116_AB190268 331 (656.5)
denovo103 C1115_AB190273 331 (656.5)
denovo103 C1124_DQ335323 324 (636.5)
denovo103 C1120_DQ335398 324 (636.5)
denovo103 C1119_DQ335404 324 (645.5)
denovo103 C1123_DQ335363 324 (645.5)
denovo103 C1004_DQ480635 328 (656.0)
denovo103 C1061_AY186568 329 (650.0)
denovo103 C1053_AY186569 329 (659.0)
denovo103 C1003_DQ480639 329 (659.0)
denovo103 C81_GU907657 323 (639.5)
denovo103 C22_AY239373 327 (662.0)
denovo103 C22a_AY239374 327 (662.0)
denovo103 C1232_EU118163 331 (656.5)
denovo103 C21.13_FJ461515 327 (615.0)
denovo103 C21.1_JF683323 327 (624.0)
denovo103 C21.3_JF683325 329 (638.5)
denovo103 C1.20_HE578993 329 (650.5)
denovo103 C1.22_HE578995 329 (641.5)
denovo103 C52_AY589757 324 (657.5)
denovo103 C1201_EU099793 330 (632.0)
denovo103 C14_AY589741 330 (656.5)
denovo103 C43_AY589749 330 (662.5)
denovo103 C50_AY589755 329 (659.5)
denovo103 C3.14_HQ630872 327 (662.0)
denovo103 C1m_AY765398 324 (663.5)
denovo103 C82_GU907658 335 (668.0)
denovo103 C82b_GU907660 335 (668.0)
denovo103 C64_AY589768 329 (668.0)
denovo103 C45a_AY765404 329 (668.5)
denovo103 C48_AY589753 329 (680.0)
denovo103 C1_v1b_FJ919244 328 (656.0)
denovo103 C1_v1a_FJ919243 329 (659.5)
denovo103 C3j_AY239366 329 (650.5)
denovo103 C3t_EF541149 331 (664.5)
denovo103 C9_AF499798 326 (669.0)
denovo103 C23_AY239375 329 (686.5)
denovo103 C37_AY258481 334 (656.0)
denovo103 C1048_DQ068026 329 (659.5)
denovo103 C21.4_JF683326 329 (629.5)
denovo103 C21.5_JF683327 329 (629.5)
denovo103 C1070_DQ335349 329 (668.5)
denovo103 C21.6_HQ630873 329 (647.5)
denovo103 C1224_EU074890 328 (674.5)
denovo103 C1.17_HE578990 328 (674.5)
denovo103 C21_b1_FN827162 331 (634.5)
denovo103 C21.9_JF683330 331 (643.5)
denovo103 C1085_AY624605 324 (663.5)
denovo103 C3p_GU907654 329 (644.5)
denovo103 C3f_AY589734 329 (668.5)
denovo103 C65a_AY589770 329 (668.5)
denovo103 C65_AY589769 329 (677.5)
denovo103 C71_AY589775 329 (668.5)
denovo103 C71a_AY589776 329 (659.5)
denovo103 C1178_AB294647 327 (648.0)
denovo103 C1225_EU074893 326 (678.0)
denovo103 C75_AY765410 329 (669.0)
denovo103 C21.10_JF683331 330 (632.5)
denovo103 C21.11_HQ630874 330 (632.5)
denovo103 C1065_DQ335388 329 (668.5)
denovo103 C1045_DQ068036 329 (677.5)
denovo103 C1h_AY258473 331 (665.0)
denovo103 C38_AY258482 331 (656.0)
denovo103 C1202_EU099799 331 (656.0)
denovo103 C7_AF499797 331 (665.0)
denovo103 C12_AF499801 333 (654.5)
denovo103 C38a_AY258483 332 (672.5)
denovo103 C1200_EU099800 321 (669.5)
denovo103 C44a_AY589751 326 (669.0)
denovo103 C47_AY589752 331 (673.5)
denovo103 C44_AY589750 329 (668.5)
denovo103 C1.15_HE578988 329 (659.5)
denovo103 C45.3_FJ461522 329 (659.5)
denovo103 C46a_AY765405 331 (655.5)
denovo103 C46_EU449108 331 (664.5)
denovo103 C3.12_FJ461507 329 (668.5)
denovo103 C1k_AY589733 329 (659.5)
denovo103 C67_AY686647 329 (677.5)
denovo103 C82a_GU907659 327 (671.5)
denovo103 C10a_AY589739 331 (664.5)
denovo103 C10_AF499799 329 (659.5)
denovo103 C13_AY589740 331 (662.5)
denovo103 C4_AF499794 329 (659.5)
denovo103 C1147_EF656433 329 (659.5)
denovo103 C1c/C45_AY239364 329 (668.5)
denovo103 C1c/C45_EU449103 329 (668.5)
denovo103 C21.19_HE579031 329 (638.5)
denovo103 C21.21_HE579033 329 (629.5)
denovo103 C21.20_HE579032 329 (638.5)
denovo103 C42b_AY765403 329 (659.5)
denovo103 C42_AY258487 329 (668.5)
denovo103 C1p_GU907652 329 (659.5)
denovo103 C1d_AY258488 329 (650.5)
denovo103 C42_AY765402 329 (659.5)
denovo103 C3ha_AY589736 337 (635.5)
denovo103 C63a_AY589767 324 (645.5)
denovo103 C21a_AY589744 329 (638.5)
denovo103 C3o_GU907653 331 (635.5)
denovo103 C21.16_HQ630875 329 (638.0)
denovo103 C21.2_JF683324 333 (631.5)
denovo103 C21.7_JF683328 327 (633.0)
denovo103 C21.8_JF683329 329 (638.5)
denovo103 C3h_AY239365 329 (629.5)
denovo103 C1203_EU099798 329 (629.5)
denovo103 C3.10_FJ461505 329 (677.5)
denovo103 C21.14_FJ461516 329 (647.5)
denovo103 C21.18_HE579030 324 (631.5)
denovo103 C3.17_HE579005 329 (659.5)
denovo103 C3.9_FJ461504 329 (656.5)
denovo103 C3.8_FJ461503 329 (668.5)
denovo103 C3.7_FJ461502 329 (659.5)
denovo103 C3.11_FJ461506 336 (671.0)
denovo103 C3.18_HE579006 329 (659.5)
denovo103 C3.19_HE579007 329 (659.5)
denovo103 C3.20_HE579008 329 (659.5)
denovo103 C3g_AY589735 332 (651.5)
denovo103 C3a_AF499790 327 (672.0)
denovo103 C3e_AF499793 329 (659.5)
denovo103 C6_AF499796 336 (679.5)
denovo103 C11_AF499800 329 (659.5)
denovo103 C36_AY258480 329 (677.5)
denovo103 C29_AY258494 328 (674.5)
denovo103 C1146_EF656434 329 (661.0)
denovo103 C1190_EU099841 329 (677.5)
denovo103 C131_JF320826 329 (659.5)
denovo103 C28_AY239380 338 (670.0)
denovo103 C1012_DQ480604 329 (668.0)
denovo103 C1181_AB294640 329 (644.5)
denovo103 C1180_AB294641 329 (662.5)
denovo103 C1179_AB294645 329 (653.0)
denovo103 C1176_AB294651 327 (657.0)
denovo103 C1175_AB294653 329 (644.5)
denovo103 C1174_AB294655 328 (649.5)
denovo103 C1177_AB294659 329 (653.5)
denovo103 C1040_AB190269 329 (668.5)
denovo103 C1182_AB294649 329 (659.5)
denovo103 C1089_AJ278598 329 (659.5)
denovo103 C1028_DQ335357 336 (670.5)
denovo103 C3.16_EU786015 329 (677.5)
denovo103 C1097_AJ311943 330 (658.0)
denovo103 C1170_AB294661 329 (653.5)
denovo103 C21.17_HE579029 329 (649.5)
denovo103 C21/3d/C3k_AY239372 329 (638.5)
denovo103 C58_AY589762 324 (639.0)
denovo103 C3L_AY589738 335 (664.0)
denovo103 C1169_AB294660 329 (653.5)
denovo103 C3.2_FJ461497 329 (662.5)
denovo103 C3.1_JF683321 328 (668.5)
denovo103 C1104_AF427469 330 (658.5)
denovo103 C3b_AF499791 329 (671.5)
denovo103 C83_GU907661 329 (671.0)
denovo103 C49_AY589754 353 (687.0)
denovo103 C3_AB778606 329 (668.5)
denovo103 C3_AF499789 329 (668.5)
denovo103 C3_HE579001 329 (668.5)
denovo103 C21.12_FJ461514 329 (620.5)
denovo103 C1229_EU074888 328 (661.5)
denovo103 C1230_EU074889 328 (670.5)
denovo103 C1114_AB207196 329 (650.5)
denovo103 C3.21_HE579009 329 (590.5)
denovo103 C1057_DQ480619 329 (659.5)
denovo103 C72_AY765407 332 (659.5)
denovo103 C1b.3_HE578999 329 (653.5)
denovo103 C93_AJ621536 329 (659.5)
denovo103 C94_AJ621539 329 (659.5)
denovo103 C1g_AY589730 329 (677.5)
denovo103 C1i_AY589731 323 (669.0)
denovo103 C1j_AY589732 336 (670.5)
denovo103 C1005_DQ480633 329 (659.5)
denovo103 C1.7_FJ461494 329 (659.5)
denovo103 C1.11_HE578984 329 (668.5)
denovo103 C1.12_HE578985 329 (659.5)
denovo103 C1.13_HE578986 329 (668.5)
denovo103 C1.14_HE578987 329 (668.5)
denovo103 C1.18_HE578991 329 (659.5)
denovo103 C1.19_HE578992 329 (659.5)
denovo103 C1199_EU099802 328 (650.0)
denovo103 C1188_EU099838 328 (665.0)
denovo103 C1002_DQ838544 329 (668.5)
denovo103 C1198_EU099810 329 (659.5)
denovo103 C24_AY239376 329 (659.5)
denovo103 C1f_AY258490 329 (668.5)
denovo103 C1006_DQ480629 329 (677.5)
denovo103 C1010_DQ480607 329 (659.5)
denovo103 C1007_DQ480624 329 (659.5)
denovo103 C1011_DQ480605 329 (659.5)
denovo103 C1009_DQ480608 329 (659.5)
denovo103 C1041_AY186548 329 (668.0)
denovo103 C1052_AY186570 329 (659.5)
denovo103 C1148_EU040178 329 (668.5)
denovo103 C1234_EU118165 330 (658.5)
denovo103 C1.5_EF634157 329 (668.5)
denovo103 C1059_DQ480609 329 (659.5)
denovo103 C1228_EU074883 328 (665.5)
denovo103 C1208_EU074963 329 (659.5)
denovo103 C1207_EU074964 329 (668.0)
denovo103 C1206_EU074965 329 (659.5)
denovo103 C1013_DQ480642 329 (659.5)
denovo103 C80_GU907656 339 (662.5)
denovo103 C1a_AF499788 328 (665.0)
denovo103 C41_AY258486 329 (668.5)
denovo103 C39_AY258484 316 (669.0)
denovo103 C1231_EU074878 329 (659.5)
denovo103 C1b.1_HE578997 329 (653.5)
denovo103 C18_AY258478 329 (677.5)
denovo103 C1.10_HE578983 327 (660.0)
denovo103 C1_JN558041 329 (668.5)
denovo103 C1_HE578979 329 (668.5)
denovo103 C1_AM748551 329 (668.5)
denovo103 C1_AF333515 329 (668.5)
denovo103 C1054_AY186565 327 (669.0)
denovo103 C1008_DQ480613 329 (659.5)
denovo103 C1103_AF427470 330 (658.5)
denovo103 C1226_EU074881 330 (658.5)
denovo103 C1b/C1e_AY239363 329 (662.5)
denovo103 C1044_DQ068038 329 (653.5)
denovo103 C1017_DQ174729 330 (652.5)
denovo103 C1.6_FJ461493 329 (677.5)
denovo103 C1b.2_HE578998 329 (653.5)
denovo103 C1060_DQ480600 329 (659.5)
denovo103 C1227_EU074882 329 (659.5)
denovo103 C1197_EU099814 329 (659.5)
denovo103 C1130_DQ480643 329 (554.0)
denovo103 D109_AB097465 352 (500.5)
denovo103 D1.11_HE579040 355 (510.5)
denovo103 D105_AF174570 359 (504.5)
denovo103 D104_AF174572 355 (501.5)
denovo103 D1.3_JF683337 355 (509.5)
denovo103 D1.10_HE579039 355 (501.5)
denovo103 D110_AF174561 355 (501.5)
denovo103 D117_AF174542 355 (501.5)
denovo103 D114_AF174549 355 (510.5)
denovo103 D113_AF174557 355 (501.5)
denovo103 D112_AF174558 357 (508.0)
denovo103 D106_AF174559 355 (510.5)
denovo103 D111_AF174560 355 (510.0)
denovo103 D115_AF174562 355 (501.5)
denovo103 D107_AF174568 354 (516.5)
denovo103 D116_AF174571 355 (492.5)
denovo103 D124_EU074897 349 (510.5)
denovo103 D1.8_HE579037 357 (508.0)
denovo103 D3_AY686650 355 (510.5)
denovo103 D1.6_HQ630881 355 (501.5)
denovo103 D120_EU074900 355 (501.5)
denovo103 D121_EU074904 355 (501.5)
denovo103 D122_EU074905 355 (501.5)
denovo103 D1a.2_JF683339 354 (501.0)
denovo103 D1a.1_JF683338 349 (510.5)
denovo103 D2_AY686649 588 (577.0)
denovo103 D4_DQ865214 358 (507.5)
denovo103 D1a_AF499802 355 (510.5)
denovo103 D1a_JN558078 355 (510.5)
denovo103 D123_EU074895 355 (510.5)
denovo103 D108_AF174567 351 (507.5)
denovo103 D103_AF174575 355 (510.5)
denovo103 D100_AF411415 351 (507.5)
denovo103 D118_EF656435 349 (519.5)
denovo103 D101_AF411416 351 (492.5)
denovo103 D119_EU099832 355 (502.5)
denovo103 D102_AF174573 354 (511.0)
denovo103 D1_AF334660 355 (510.5)
denovo103 D1_JN558076 355 (510.5)
denovo103 D1.12_HE579041 335 (505.5)
denovo103 D1.1_AM748564 417 (526.5)
denovo103 D1.2_AM748617 442 (520.0)
denovo103 E111_EU074915 347 (477.5)
denovo103 E110_EU074914 371 (480.5)
denovo103 E114_EU074909 371 (462.5)
denovo103 E1_AF334659 372 (470.5)
denovo103 E105_EU074921 371 (480.5)
denovo103 E112_EU074916 371 (462.5)
denovo103 E104_EU074922 371 (471.5)
denovo103 E102_EU074924 371 (462.5)
denovo103 E103_EU074923 371 (471.5)
denovo103 E101_AY160123 376 (446.5)
denovo103 E109_EU074913 347 (488.5)
denovo103 E100_DQ011618 351 (498.5)
denovo103 E108_EU074912 351 (489.5)
denovo103 E113_EU074908 347 (499.5)
denovo103 E107_EU074910 351 (489.5)
denovo103 F1_JN558066 332 (631.5)
denovo103 F5.2d_AJ291530 330 (662.5)
denovo103 F104_AJ291531 330 (662.5)
denovo103 F5.2c_AM748596 330 (654.0)
denovo103 F5.2_AM748594 330 (653.5)
denovo103 F5.2a_AM748614 330 (653.5)
denovo103 F5.2b_AM748595 330 (653.5)
denovo103 F5.2e_AJ291533 331 (639.0)
denovo103 F5.2g_JN558072 330 (662.0)
denovo103 F5.2f_AJ291512 330 (653.0)
denovo103 F102_AJ291534 330 (653.0)
denovo103 F5.1c_AM748593 332 (677.0)
denovo103 F5.1d_JN558069 335 (639.5)
denovo103 F5.1b_AJ291535 331 (665.5)
denovo103 F5.1_AM748592 333 (662.0)
denovo103 F5.1a_AM748591 331 (665.5)
denovo103 F110_AJ291526 314 (741.0)
denovo103 F4.7_AM748587 316 (723.5)
denovo103 F4.5_AM748585 322 (719.0)
denovo103 F4.4a_AM748583 316 (748.0)
denovo103 F4.4_AM748582 316 (744.5)
denovo103 F4.4b_AM748584 314 (767.0)
denovo103 F4.1a_AM748573 318 (696.5)
denovo103 F112_AJ291528 315 (690.5)
denovo103 F4.1_AM748572 315 (690.5)
denovo103 F4.8b_AM748590 328 (744.0)
denovo103 F4.8_AM748588 319 (744.5)
denovo103 F4.8a_AM748589 319 (744.5)
denovo103 F109_AJ291527 325 (749.0)
denovo103 F4.6_AM748586 315 (699.0)
denovo103 F111_AJ311949 314 (737.0)
denovo103 F4.3c_AM748581 316 (742.0)
denovo103 F4.3a_AM748579 317 (746.5)
denovo103 F4.3b_AM748580 318 (748.5)
denovo103 F4.3_AM748578 318 (739.5)
denovo103 F4.2_AM748574 315 (753.0)
denovo103 F4.2a_AM748575 315 (729.5)
denovo103 F4.2c_AM748577 315 (726.0)
denovo103 F4.2b_AM748576 315 (738.5)
denovo103 F2b_AJ291521 335 (683.0)
denovo103 F2_AJ830908 331 (708.0)
denovo103 F2a_AJ830911 331 (703.5)
denovo103 F3.1a_AM748566 342 (670.0)
denovo103 F114_AJ291525 342 (679.5)
denovo103 F3.1_AM748565 342 (679.5)
denovo103 F3.2_AM748567 350 (703.5)
denovo103 F3.2a_AM748568 350 (696.0)
denovo103 F3.3_AM748569 336 (684.5)
denovo103 F3.4a_AM748571 332 (645.5)
denovo103 F3.4_AM748570 338 (654.0)
denovo103 F3.4b_AM748616 338 (654.0)
denovo103 G101_AJ291539 366 (523.0)
denovo103 G1_AM748597 366 (523.0)
denovo103 G2b_JN558087 359 (521.0)
denovo103 G2_AM748598 360 (515.0)
denovo103 G2a_AM748599 360 (506.0)
denovo103 G4_AM748601 355 (551.5)
denovo103 G3.4_LK392378 359 (501.0)
denovo103 G3_AM748600 354 (521.5)
denovo103 G3.2_KC597694 349 (458.5)
denovo103 G3.1_KC597688 353 (529.5)
denovo103 G100_AB253788 354 (514.0)
denovo103 G3.3_LK392377 353 (520.0)
denovo103 H6_AJ291520 641 (318.5)
denovo103 H3_AM748606 336 (534.0)
denovo103 H2_AM748605 337 (563.0)
denovo103 H4_AM748607 334 (547.5)
denovo103 H4a_AM748608 344 (546.5)
denovo103 H5a_AM748611 342 (527.0)
denovo103 H5b_AM748610 345 (525.5)
denovo103 H5_AJ621129 342 (527.0)
denovo103 H5_AM748609 342 (527.0)
denovo103 H100_AJ291513 341 (522.5)
denovo103 H1b_AM748604 341 (518.0)
denovo103 H1a_AM748612 341 (526.5)
denovo103 H1_AJ621152 341 (526.5)
denovo103 H1_AM748602 341 (526.5)
denovo103 I3_FN561561 335 (731.5)
denovo103 I4_FN561562 335 (731.5)
denovo103 I1_FN561559 342 (724.5)
denovo103 I2_FN561560 339 (733.5)

#---------------------------------------
#---------------------------------------
