denovo99 A136_DQ865210 344 (377.5)
denovo99 A133_DQ174725 356 (370.5)
denovo99 A115_AF180123 354 (375.5)
denovo99 A117_AF201746 343 (380.0)
denovo99 A134_DQ174723 343 (380.0)
denovo99 A114_AF184941 343 (380.0)
denovo99 A135_DQ174727 343 (362.0)
denovo99 A2_AF333506 357 (371.0)
denovo99 A101_AF427468 343 (371.0)
denovo99 A2_1_JN558097 343 (371.0)
denovo99 A2_2_JN558100 343 (371.0)
denovo99 A113_AF184948 346 (361.5)
denovo99 A112_AF184949 346 (353.0)
denovo99 A123_EF378618 350 (247.5)
denovo99 A137_EF378621 369 (259.5)
denovo99 A11_EU449041 341 (379.0)
denovo99 A121_DQ174722 346 (367.5)
denovo99 A15b_EU792886 342 (344.0)
denovo99 A15a_EU792885 343 (356.0)
denovo99 A15c_EU792887 342 (353.0)
denovo99 A15_EU792884 342 (353.0)
denovo99 A147_EU074937 340 (368.0)
denovo99 A154_EU074860 347 (345.5)
denovo99 A146_EU074936 353 (354.5)
denovo99 A150_EU074928 349 (361.0)
denovo99 A116_AF183575 341 (362.5)
denovo99 A141_EU074931 352 (360.5)
denovo99 A5_AF333508 349 (357.5)
denovo99 A3b_EU449043 346 (361.0)
denovo99 A151_EU074925 341 (362.0)
denovo99 A152_EU074927 341 (362.0)
denovo99 A149_EU074929 347 (363.5)
denovo99 A140_EU074930 349 (359.5)
denovo99 A142_EU074932 349 (359.5)
denovo99 A143_EU074933 347 (354.5)
denovo99 A144_EU074934 351 (356.5)
denovo99 A145_EU074935 340 (369.0)
denovo99 A148_EU074938 341 (362.0)
denovo99 A155_EU074856 341 (362.0)
denovo99 A156_EU074859 347 (354.5)
denovo99 A139_EU074962 347 (363.5)
denovo99 A6_AF186058 347 (363.5)
denovo99 A3_AF333507 347 (363.5)
denovo99 A3_JN558091 347 (363.5)
denovo99 A8_AY258468 337 (353.0)
denovo99 A7_AY239360 343 (362.0)
denovo99 A16_EU792888 338 (365.0)
denovo99 A4.3_FN429763 340 (347.5)
denovo99 A120_AF180122 349 (351.5)
denovo99 A4.2_FN429761 351 (345.0)
denovo99 A4_AF333509 351 (355.0)
denovo99 A4.1_FN429760 351 (343.5)
denovo99 A4a_AF499778 351 (363.5)
denovo99 A4a.1_FN429762 351 (363.5)
denovo99 A138_EF378620 360 (325.5)
denovo99 A122_EF378619 359 (353.5)
denovo99 A126_EF378615 358 (354.5)
denovo99 A10_EU792882 358 (354.5)
denovo99 A9_EU449028 357 (353.0)
denovo99 A105_AB207202 349 (347.5)
denovo99 A119_AF180121 346 (371.5)
denovo99 A12_EU792883 352 (364.0)
denovo99 A104_AB207203 343 (355.5)
denovo99 A1a_EU449030 343 (355.5)
denovo99 A1.3_HE578976 361 (355.5)
denovo99 A1.4_HE578977 350 (358.0)
denovo99 A13_AF333504 360 (361.5)
denovo99 A13_JN558094 360 (361.5)
denovo99 A110_AB190282 355 (356.0)
denovo99 A103_AB207206 346 (354.5)
denovo99 A130_EF656428 355 (347.0)
denovo99 A127_EF656429 355 (356.0)
denovo99 A128_EF656430 355 (356.0)
denovo99 A129_EF656431 355 (365.0)
denovo99 A131_EF656432 347 (358.5)
denovo99 A118_AF180120 353 (352.5)
denovo99 A1_AF333505 355 (356.0)
denovo99 A107_AB207199 341 (358.0)
denovo99 A111_AB190280 341 (358.0)
denovo99 A108_AB207197 352 (349.5)
denovo99 A106_AB207200 349 (356.0)
denovo99 A102_AB207209 343 (355.5)
denovo99 A1.2_AB207210 343 (355.5)
denovo99 A109_AB190285 343 (355.0)
denovo99 B4_AF333510 363 (348.5)
denovo99 B23_EU449079 368 (334.5)
denovo99 B30_GU907644 366 (338.0)
denovo99 B11_AY239361 361 (372.5)
denovo99 B17_AY258470 369 (363.0)
denovo99 B1k_GU907638 311 (202.0)
denovo99 B1.V_Green2014 375 (360.5)
denovo99 B1b_AF499780 372 (368.0)
denovo99 B16_AY258469 368 (360.5)
denovo99 B31a_GU907646 362 (369.5)
denovo99 B32_GU907647 369 (362.5)
denovo99 B31_GU907645 369 (362.5)
denovo99 B1j_GU907637 368 (369.0)
denovo99 B37_GU907650 370 (368.0)
denovo99 B5a_AF499782 368 (351.0)
denovo99 B5_AF499781 368 (360.0)
denovo99 B24_GU907643 363 (292.0)
denovo99 B117_AF180124 361 (369.5)
denovo99 B10_AF499787 368 (368.5)
denovo99 B20_GU907642 364 (363.5)
denovo99 B1m_GU907640 368 (369.0)
denovo99 B34_GU907649 368 (369.0)
denovo99 B1d_GU907633 370 (366.0)
denovo99 B1e_GU907634 370 (366.0)
denovo99 B1i_GU907636 368 (369.5)
denovo99 B1g_GU907635 369 (369.5)
denovo99 B123_EU074872 368 (378.0)
denovo99 B8_AF499785 369 (368.5)
denovo99 B1l_GU907639 368 (369.0)
denovo99 B1a_AF499779 372 (364.0)
denovo99 B14_AY239362 369 (350.0)
denovo99 B125_EU074865 368 (360.0)
denovo99 B122_EU074871 369 (362.5)
denovo99 B124_EU074874 368 (378.0)
denovo99 B1.VII_Green2014 357 (336.0)
denovo99 B1.III_Green2014 357 (371.5)
denovo99 B1.I_Green2014 368 (369.0)
denovo99 B1.II_Green2014 368 (369.0)
denovo99 B1_JN558057 368 (369.0)
denovo99 B1_AF333511 368 (369.0)
denovo99 B1.IV_Green2014 380 (370.0)
denovo99 B121_EU074870 370 (365.5)
denovo99 B7_AF499784 368 (369.0)
denovo99 B1.VI_Green2014 363 (364.0)
denovo99 B3_AF333514 372 (368.0)
denovo99 B9_AF499786 380 (346.5)
denovo99 B19a_JN558055 366 (342.0)
denovo99 B119_EU099825 359 (362.5)
denovo99 B21_DQ865213 377 (360.5)
denovo99 B38_GU907651 377 (360.5)
denovo99 B18_AY258471 380 (355.5)
denovo99 B18a_AY258472 380 (355.5)
denovo99 B33_GU907648 367 (352.0)
denovo99 B6_AF499783 383 (354.5)
denovo99 B19_DQ865212 380 (355.5)
denovo99 B19_GU907641 380 (355.5)
denovo99 B2_AF333512 349 (362.0)
denovo99 B2_JN558060 349 (362.0)
denovo99 C33.1_AY258498 366 (370.0)
denovo99 C33.2_AY765400 366 (370.0)
denovo99 C33a_EF541147 366 (370.0)
denovo99 C34_AY258499 357 (371.0)
denovo99 C78_AY765413 356 (322.5)
denovo99 C15.29_KC597690 357 (337.5)
denovo99 C1131_DQ182650 355 (297.5)
denovo99 C1135_DQ182646 357 (285.5)
denovo99 C1134_DQ182647 357 (285.5)
denovo99 C1142_DQ182635 357 (285.5)
denovo99 C1136_DQ182644 361 (296.0)
denovo99 C1111_DQ182645 359 (289.5)
denovo99 C1236_EF473656 359 (280.5)
denovo99 C1138_DQ182642 359 (289.5)
denovo99 C1137_DQ182643 360 (283.0)
denovo99 C1133_DQ182648 359 (289.5)
denovo99 C1132_DQ182649 361 (295.5)
denovo99 C1143_DQ182634 359 (289.5)
denovo99 C1139_DQ182639 357 (285.5)
denovo99 C15.28_KC597687 358 (343.0)
denovo99 C1141_DQ182636 357 (312.5)
denovo99 C1144_DQ182637 358 (306.0)
denovo99 C1122_DQ182654 357 (303.5)
denovo99 C1127_DQ182652 357 (303.5)
denovo99 C15.30_JX394114 358 (352.5)
denovo99 C15.26_KC597686 353 (352.5)
denovo99 C1086_DQ182656 352 (347.5)
denovo99 C15.25_KC597685 352 (344.5)
denovo99 C1118_AF180127 352 (325.0)
denovo99 C1129_DQ182651 358 (299.0)
denovo99 C15.21_KC597683 355 (328.5)
denovo99 C56_AY589760 355 (354.0)
denovo99 C1140_DQ182638 359 (310.5)
denovo99 C1126_DQ182653 359 (301.5)
denovo99 C15c_AY258492 363 (342.5)
denovo99 C15d_AY258493 363 (342.5)
denovo99 C1098_DQ182641 362 (337.5)
denovo99 C15.27_KC597689 362 (339.5)
denovo99 C15.18_HE579024 359 (356.0)
denovo99 C15.16_HE579022 354 (352.0)
denovo99 C1101_AB253787 355 (335.0)
denovo99 C1083_AY237300 358 (345.0)
denovo99 C1088_DQ182640 353 (339.0)
denovo99 C15.6_FN563472 359 (339.0)
denovo99 C15.5_FJ461512 375 (335.5)
denovo99 C15.4_FJ461511 368 (339.0)
denovo99 C15.13_HE579019 358 (327.0)
denovo99 C15.12_HE579018 358 (336.0)
denovo99 C93a_AM748563 359 (357.0)
denovo99 C1094_AJ291514 359 (351.0)
denovo99 C93_AM748562 359 (360.0)
denovo99 C15.17_HE579023 366 (330.0)
denovo99 C15e_AY589742 354 (346.0)
denovo99 C15.22_KC597695 358 (354.0)
denovo99 C60_AY589764 358 (354.0)
denovo99 C15.1_FJ461508 358 (345.0)
denovo99 C15.2_FJ461509 358 (336.0)
denovo99 C15.9_FN563475 358 (345.0)
denovo99 C15.7_HE579015 354 (343.5)
denovo99 C15.8_HE579016 358 (336.0)
denovo99 C15.15_HE579021 358 (354.0)
denovo99 C15.19_HE579025 359 (347.5)
denovo99 C15.24_KC597696 358 (327.0)
denovo99 C15.3_FJ461510 367 (336.0)
denovo99 C1087_DQ182655 362 (347.5)
denovo99 C15.14_HE579020 358 (350.5)
denovo99 C15.23_KC597697 358 (350.5)
denovo99 C19_AY258479 357 (345.5)
denovo99 C1233_EU118166 358 (336.0)
denovo99 C15b_AY258491 362 (338.0)
denovo99 C15a_AY258476 367 (345.0)
denovo99 C1051_AF195153 358 (354.0)
denovo99 C2_AF333518 358 (350.5)
denovo99 C15.20_HE579026 358 (350.5)
denovo99 C15f_AY589743 359 (344.5)
denovo99 C55_AY589759 358 (358.0)
denovo99 C15_AY239369 358 (345.0)
denovo99 C32.1_JF683335 353 (345.5)
denovo99 C32.2_JF683336 353 (354.5)
denovo99 C21.23_KC597693 353 (354.5)
denovo99 C1193_EU099827 362 (328.5)
denovo99 C1195_EU099821 376 (318.0)
denovo99 C3q_GU907655 349 (342.0)
denovo99 C53_AY589758 368 (338.5)
denovo99 C73_AY765408 350 (338.5)
denovo99 C17.2.1_KC597684 357 (348.5)
denovo99 C32_AY258497 352 (343.5)
denovo99 C1189_EU099831 364 (325.5)
denovo99 C1191_EU099833 362 (320.5)
denovo99 C1196_EU099819 363 (331.5)
denovo99 C1192_EU099820 363 (331.5)
denovo99 C17.1_JF683322 361 (335.0)
denovo99 C26_b2_FN827164 359 (342.5)
denovo99 C26_b3_FN827165 359 (325.0)
denovo99 C31.9_HQ630879 370 (333.0)
denovo99 C31a_AY589746 366 (326.5)
denovo99 C30_AY589745 366 (335.5)
denovo99 C31.1_HQ630876 366 (335.5)
denovo99 C31.5_HQ630877 353 (332.0)
denovo99 C31.6_HQ630878 367 (329.0)
denovo99 C31.2_JF683332 366 (343.5)
denovo99 C31.3_JF683333 366 (326.5)
denovo99 C26/C35a_AY239378 359 (334.0)
denovo99 C35a_AY258501 359 (334.0)
denovo99 C35.2_AY258500 359 (343.0)
denovo99 C26_b1_FN827163 359 (343.0)
denovo99 C17_AY239370 361 (335.0)
denovo99 C17.2_FJ461513 363 (342.5)
denovo99 C31.10_HQ630880 370 (333.0)
denovo99 C31.4_JF683334 370 (324.0)
denovo99 C31_AY258496 366 (335.5)
denovo99 C25_AY239377 369 (354.5)
denovo99 C61_AY589765 363 (311.0)
denovo99 C1043_DQ072721 367 (349.0)
denovo99 C79_AY765414 349 (365.5)
denovo99 C69_AY589773 359 (343.5)
denovo99 C69a_AY686648 359 (334.5)
denovo99 C21.22_KC597692 370 (344.5)
denovo99 C51_AY589756 369 (352.5)
denovo99 C1aa_HM185739 367 (357.5)
denovo99 C1096_DQ068023 354 (348.5)
denovo99 C74_AY765409 364 (343.5)
denovo99 C1185_AB294629 377 (336.5)
denovo99 C1184_AB294630 363 (340.5)
denovo99 C1153_AB294625 376 (342.5)
denovo99 C1154_AB294626 374 (337.0)
denovo99 C1187_AB294627 377 (336.5)
denovo99 C1186_AB294628 373 (350.5)
denovo99 C57_AY589761 370 (350.5)
denovo99 C66_AY589771 376 (342.5)
denovo99 C5_AF499795 361 (336.0)
denovo99 C1167_AB294586 360 (343.0)
denovo99 C1164_AB294593 357 (351.0)
denovo99 C1183_AB294631 360 (342.5)
denovo99 C1067_DQ335381 359 (338.5)
denovo99 C1159_AB294613 365 (344.5)
denovo99 C1150_AB294622 364 (342.5)
denovo99 C90_AM748554 362 (350.0)
denovo99 C1168_AB294583 363 (343.0)
denovo99 C1156_AB294616 363 (361.0)
denovo99 C1151_AB294621 363 (352.0)
denovo99 C92a_AM748561 363 (352.0)
denovo99 C92_AM748560 363 (352.0)
denovo99 C1165_AB294581 360 (361.0)
denovo99 C1166_AB294584 360 (361.0)
denovo99 C1162_AB294594 361 (354.5)
denovo99 C1163_AB294596 365 (350.0)
denovo99 C1161_AB294606 360 (361.0)
denovo99 C1160_AB294608 360 (352.0)
denovo99 C1158_AB294614 360 (352.0)
denovo99 C1155_AB294617 360 (352.0)
denovo99 C1149_AB294620 360 (360.5)
denovo99 C1173_AB294662 360 (361.0)
denovo99 C1171_AB294663 360 (343.0)
denovo99 C1172_AB294665 360 (352.0)
denovo99 C91a_AM748556 358 (354.0)
denovo99 C91b_AM748557 360 (350.5)
denovo99 C91d_AM748559 360 (343.0)
denovo99 C91c_AM748558 360 (352.0)
denovo99 C91_AJ621543 360 (352.0)
denovo99 C91_AM748555 360 (352.0)
denovo99 C1023_DQ335330 349 (328.5)
denovo99 C1020_DQ335392 371 (358.0)
denovo99 C1018_DQ335408 361 (354.5)
denovo99 C1074_DQ335329 369 (343.0)
denovo99 C1030_DQ335353 369 (352.0)
denovo99 C1022_DQ335331 369 (352.0)
denovo99 C1027_DQ335360 369 (352.0)
denovo99 C1072_DQ335344 369 (343.0)
denovo99 C1039_AB190274 369 (361.0)
denovo99 C1033_DQ335350 369 (362.0)
denovo99 C1019_DQ335407 369 (352.0)
denovo99 C1194_EU099826 375 (328.0)
denovo99 C8b_AY258475 369 (339.0)
denovo99 C8_AY239367 367 (348.0)
denovo99 C8a_AY239368 367 (348.0)
denovo99 C54a_AY765406 371 (348.5)
denovo99 C3ff_HM185740 372 (343.0)
denovo99 C59_AY589763 368 (350.0)
denovo99 C3k_AY589737 356 (349.5)
denovo99 C3.24_HE579012 354 (352.5)
denovo99 C3.23_HE579011 354 (352.0)
denovo99 C35.1_AY765401 370 (363.5)
denovo99 C35.3_EF541145 370 (354.5)
denovo99 C76_AY765411 377 (340.0)
denovo99 C1107_DQ335359 349 (332.0)
denovo99 C3.22_HE579010 378 (344.5)
denovo99 C77_AY765412 369 (348.5)
denovo99 C20_AY239371 374 (359.0)
denovo99 C1055_DQ480640 362 (344.5)
denovo99 C27/C30_AY239379 356 (336.5)
denovo99 C27.1_FJ461517 343 (343.0)
denovo99 C40a_AY589747 370 (356.0)
denovo99 C40_AY258485 365 (358.0)
denovo99 C40b_AY589748 366 (357.5)
denovo99 C16_AY258477 369 (351.5)
denovo99 C16a_AY765399 359 (347.5)
denovo99 C1091_AB207186 363 (370.5)
denovo99 C1102_DQ335400 360 (342.5)
denovo99 C1069_DQ335375 349 (346.5)
denovo99 C1073_DQ335332 362 (350.5)
denovo99 C1066_DQ335382 362 (341.5)
denovo99 C1031_DQ335352 366 (352.0)
denovo99 C1026_DQ335366 372 (351.5)
denovo99 C70_AY589774 363 (352.5)
denovo99 C1082_AB190267 362 (340.5)
denovo99 C1078_AB190271 369 (352.0)
denovo99 C1090_AB207191 363 (343.5)
denovo99 C1071_DQ335302 363 (343.5)
denovo99 C1075_DQ335328 357 (343.5)
denovo99 C1068_DQ335379 363 (343.5)
denovo99 C1064_DQ335395 363 (343.5)
denovo99 C1063_DQ335403 362 (349.5)
denovo99 C62_AY589766 363 (343.5)
denovo99 C1077_DQ335316 364 (352.0)
denovo99 C1109_DQ335338 363 (352.5)
denovo99 C1110_DQ335340 363 (352.5)
denovo99 C1106_DQ335339 350 (359.0)
denovo99 C1112_DQ335319 363 (361.5)
denovo99 C1108_DQ335351 359 (367.0)
denovo99 C1105_DQ335394 363 (361.5)
denovo99 C1121_DQ335378 363 (370.5)
denovo99 C1116_AB190268 363 (352.5)
denovo99 C1115_AB190273 363 (361.5)
denovo99 C1124_DQ335323 363 (370.0)
denovo99 C1120_DQ335398 363 (352.5)
denovo99 C1119_DQ335404 357 (361.5)
denovo99 C1123_DQ335363 363 (361.5)
denovo99 C1004_DQ480635 364 (371.5)
denovo99 C1061_AY186568 361 (363.0)
denovo99 C1053_AY186569 358 (363.0)
denovo99 C1003_DQ480639 360 (369.0)
denovo99 C81_GU907657 350 (332.5)
denovo99 C22_AY239373 351 (353.0)
denovo99 C22a_AY239374 350 (359.0)
denovo99 C1232_EU118163 371 (340.5)
denovo99 C21.13_FJ461515 362 (328.5)
denovo99 C21.1_JF683323 357 (343.0)
denovo99 C21.3_JF683325 362 (355.5)
denovo99 C1.20_HE578993 363 (343.0)
denovo99 C1.22_HE578995 364 (336.0)
denovo99 C52_AY589757 356 (371.0)
denovo99 C1201_EU099793 357 (340.5)
denovo99 C14_AY589741 368 (354.0)
denovo99 C43_AY589749 369 (344.0)
denovo99 C50_AY589755 363 (343.0)
denovo99 C3.14_HQ630872 373 (356.5)
denovo99 C1m_AY765398 363 (361.0)
denovo99 C82_GU907658 371 (349.5)
denovo99 C82b_GU907660 371 (349.5)
denovo99 C64_AY589768 361 (346.5)
denovo99 C45a_AY765404 372 (360.5)
denovo99 C48_AY589753 370 (357.0)
denovo99 C1_v1b_FJ919244 360 (362.5)
denovo99 C1_v1a_FJ919243 369 (354.5)
denovo99 C3j_AY239366 369 (352.5)
denovo99 C3t_EF541149 370 (364.0)
denovo99 C9_AF499798 370 (355.5)
denovo99 C23_AY239375 363 (361.0)
denovo99 C37_AY258481 370 (355.5)
denovo99 C1048_DQ068026 360 (350.5)
denovo99 C21.4_JF683326 360 (341.5)
denovo99 C21.5_JF683327 369 (342.5)
denovo99 C1070_DQ335349 363 (362.5)
denovo99 C21.6_HQ630873 365 (349.5)
denovo99 C1224_EU074890 369 (351.0)
denovo99 C1.17_HE578990 368 (357.5)
denovo99 C21_b1_FN827162 370 (335.5)
denovo99 C21.9_JF683330 369 (342.5)
denovo99 C1085_AY624605 370 (346.5)
denovo99 C3p_GU907654 367 (358.5)
denovo99 C3f_AY589734 369 (361.0)
denovo99 C65a_AY589770 354 (343.5)
denovo99 C65_AY589769 354 (352.5)
denovo99 C71_AY589775 358 (354.0)
denovo99 C71a_AY589776 358 (363.0)
denovo99 C1178_AB294647 360 (344.0)
denovo99 C1225_EU074893 363 (351.5)
denovo99 C75_AY765410 369 (352.5)
denovo99 C21.10_JF683331 353 (346.0)
denovo99 C21.11_HQ630874 362 (337.5)
denovo99 C1065_DQ335388 365 (347.5)
denovo99 C1045_DQ068036 364 (354.5)
denovo99 C1h_AY258473 374 (349.5)
denovo99 C38_AY258482 368 (358.5)
denovo99 C1202_EU099799 374 (341.0)
denovo99 C7_AF499797 374 (350.0)
denovo99 C12_AF499801 378 (345.0)
denovo99 C38a_AY258483 365 (355.0)
denovo99 C1200_EU099800 363 (343.0)
denovo99 C44a_AY589751 360 (352.0)
denovo99 C47_AY589752 372 (351.5)
denovo99 C44_AY589750 372 (351.5)
denovo99 C1.15_HE578988 369 (351.5)
denovo99 C45.3_FJ461522 369 (351.5)
denovo99 C46a_AY765405 375 (344.0)
denovo99 C46_EU449108 369 (351.5)
denovo99 C3.12_FJ461507 369 (352.0)
denovo99 C1k_AY589733 369 (351.5)
denovo99 C67_AY686647 374 (349.5)
denovo99 C82a_GU907659 364 (355.0)
denovo99 C10a_AY589739 369 (342.5)
denovo99 C10_AF499799 373 (347.0)
denovo99 C13_AY589740 379 (352.5)
denovo99 C4_AF499794 369 (342.5)
denovo99 C1147_EF656433 369 (351.5)
denovo99 C1c/C45_AY239364 369 (351.5)
denovo99 C1c/C45_EU449103 369 (351.5)
denovo99 C21.19_HE579031 369 (333.5)
denovo99 C21.21_HE579033 369 (333.5)
denovo99 C21.20_HE579032 369 (333.5)
denovo99 C42b_AY765403 363 (343.0)
denovo99 C42_AY258487 363 (343.0)
denovo99 C1p_GU907652 369 (342.5)
denovo99 C1d_AY258488 370 (337.5)
denovo99 C42_AY765402 369 (342.5)
denovo99 C3ha_AY589736 362 (348.5)
denovo99 C63a_AY589767 362 (350.5)
denovo99 C21a_AY589744 369 (342.5)
denovo99 C3o_GU907653 362 (339.5)
denovo99 C21.16_HQ630875 359 (347.0)
denovo99 C21.2_JF683324 369 (342.5)
denovo99 C21.7_JF683328 373 (337.0)
denovo99 C21.8_JF683329 359 (347.0)
denovo99 C3h_AY239365 369 (342.5)
denovo99 C1203_EU099798 369 (333.5)
denovo99 C3.10_FJ461505 369 (352.0)
denovo99 C21.14_FJ461516 369 (342.5)
denovo99 C21.18_HE579030 364 (333.5)
denovo99 C3.17_HE579005 369 (343.0)
denovo99 C3.9_FJ461504 354 (351.0)
denovo99 C3.8_FJ461503 369 (352.0)
denovo99 C3.7_FJ461502 369 (343.0)
denovo99 C3.11_FJ461506 376 (355.5)
denovo99 C3.18_HE579006 369 (343.0)
denovo99 C3.19_HE579007 356 (358.5)
denovo99 C3.20_HE579008 369 (343.0)
denovo99 C3g_AY589735 371 (351.0)
denovo99 C3a_AF499790 357 (352.5)
denovo99 C3e_AF499793 369 (343.0)
denovo99 C6_AF499796 369 (361.0)
denovo99 C11_AF499800 369 (352.0)
denovo99 C36_AY258480 369 (351.0)
denovo99 C29_AY258494 369 (361.0)
denovo99 C1146_EF656434 369 (352.0)
denovo99 C1190_EU099841 369 (361.0)
denovo99 C131_JF320826 369 (352.0)
denovo99 C28_AY239380 371 (351.0)
denovo99 C1012_DQ480604 367 (354.0)
denovo99 C1181_AB294640 368 (361.5)
denovo99 C1180_AB294641 368 (361.5)
denovo99 C1179_AB294645 368 (352.5)
denovo99 C1176_AB294651 363 (355.5)
denovo99 C1175_AB294653 368 (352.5)
denovo99 C1174_AB294655 368 (343.5)
denovo99 C1177_AB294659 368 (352.5)
denovo99 C1040_AB190269 374 (350.0)
denovo99 C1182_AB294649 373 (344.5)
denovo99 C1089_AJ278598 370 (345.0)
denovo99 C1028_DQ335357 369 (361.0)
denovo99 C3.16_EU786015 365 (359.0)
denovo99 C1097_AJ311943 362 (344.5)
denovo99 C1170_AB294661 368 (343.5)
denovo99 C21.17_HE579029 364 (336.5)
denovo99 C21/3d/C3k_AY239372 369 (342.5)
denovo99 C58_AY589762 370 (342.0)
denovo99 C3L_AY589738 364 (352.0)
denovo99 C1169_AB294660 368 (352.5)
denovo99 C3.2_FJ461497 375 (347.0)
denovo99 C3.1_JF683321 369 (355.0)
denovo99 C1104_AF427469 370 (342.5)
denovo99 C3b_AF499791 368 (352.5)
denovo99 C83_GU907661 369 (354.0)
denovo99 C49_AY589754 394 (363.0)
denovo99 C3_AB778606 369 (352.0)
denovo99 C3_AF499789 369 (352.0)
denovo99 C3_HE579001 369 (352.0)
denovo99 C21.12_FJ461514 369 (324.5)
denovo99 C1229_EU074888 365 (345.0)
denovo99 C1230_EU074889 365 (354.0)
denovo99 C1114_AB207196 369 (352.0)
denovo99 C3.21_HE579009 369 (302.0)
denovo99 C1057_DQ480619 370 (344.5)
denovo99 C72_AY765407 368 (348.0)
denovo99 C1b.3_HE578999 375 (355.5)
denovo99 C93_AJ621536 369 (343.0)
denovo99 C94_AJ621539 369 (342.5)
denovo99 C1g_AY589730 369 (360.5)
denovo99 C1i_AY589731 355 (355.0)
denovo99 C1j_AY589732 369 (360.5)
denovo99 C1005_DQ480633 369 (351.5)
denovo99 C1.7_FJ461494 369 (351.5)
denovo99 C1.11_HE578984 374 (349.5)
denovo99 C1.12_HE578985 369 (352.0)
denovo99 C1.13_HE578986 363 (351.5)
denovo99 C1.14_HE578987 364 (354.0)
denovo99 C1.18_HE578991 369 (360.5)
denovo99 C1.19_HE578992 370 (353.5)
denovo99 C1199_EU099802 369 (345.5)
denovo99 C1188_EU099838 370 (354.0)
denovo99 C1002_DQ838544 369 (352.0)
denovo99 C1198_EU099810 356 (349.0)
denovo99 C24_AY239376 360 (341.5)
denovo99 C1f_AY258490 374 (349.5)
denovo99 C1006_DQ480629 370 (346.5)
denovo99 C1010_DQ480607 370 (347.0)
denovo99 C1007_DQ480624 369 (345.5)
denovo99 C1011_DQ480605 369 (352.5)
denovo99 C1009_DQ480608 368 (358.0)
denovo99 C1041_AY186548 358 (354.5)
denovo99 C1052_AY186570 369 (351.5)
denovo99 C1148_EU040178 372 (351.5)
denovo99 C1234_EU118165 373 (341.5)
denovo99 C1.5_EF634157 357 (352.0)
denovo99 C1059_DQ480609 369 (342.5)
denovo99 C1228_EU074883 370 (355.5)
denovo99 C1208_EU074963 367 (353.0)
denovo99 C1207_EU074964 369 (351.5)
denovo99 C1206_EU074965 369 (351.5)
denovo99 C1013_DQ480642 359 (358.5)
denovo99 C80_GU907656 365 (357.0)
denovo99 C1a_AF499788 360 (351.5)
denovo99 C41_AY258486 360 (350.5)
denovo99 C39_AY258484 349 (349.5)
denovo99 C1231_EU074878 369 (342.5)
denovo99 C1b.1_HE578997 375 (337.5)
denovo99 C18_AY258478 369 (351.0)
denovo99 C1.10_HE578983 367 (344.0)
denovo99 C1_JN558041 369 (351.5)
denovo99 C1_HE578979 369 (351.5)
denovo99 C1_AM748551 369 (351.5)
denovo99 C1_AF333515 369 (351.5)
denovo99 C1054_AY186565 369 (348.0)
denovo99 C1008_DQ480613 356 (349.0)
denovo99 C1103_AF427470 370 (342.0)
denovo99 C1226_EU074881 370 (342.5)
denovo99 C1b/C1e_AY239363 375 (346.5)
denovo99 C1044_DQ068038 365 (351.0)
denovo99 C1017_DQ174729 363 (344.0)
denovo99 C1.6_FJ461493 365 (358.5)
denovo99 C1b.2_HE578998 375 (346.5)
denovo99 C1060_DQ480600 369 (342.5)
denovo99 C1227_EU074882 365 (358.5)
denovo99 C1197_EU099814 369 (342.5)
denovo99 C1130_DQ480643 365 (269.5)
denovo99 D109_AB097465 337 (323.5)
denovo99 D1.11_HE579040 372 (323.5)
denovo99 D105_AF174570 372 (323.5)
denovo99 D104_AF174572 364 (327.0)
denovo99 D1.3_JF683337 371 (321.0)
denovo99 D1.10_HE579039 350 (320.0)
denovo99 D110_AF174561 336 (315.0)
denovo99 D117_AF174542 373 (326.0)
denovo99 D114_AF174549 372 (323.5)
denovo99 D113_AF174557 353 (318.5)
denovo99 D112_AF174558 339 (332.5)
denovo99 D106_AF174559 372 (332.5)
denovo99 D111_AF174560 369 (322.0)
denovo99 D115_AF174562 372 (323.5)
denovo99 D107_AF174568 372 (323.5)
denovo99 D116_AF174571 372 (314.5)
denovo99 D124_EU074897 352 (325.0)
denovo99 D1.8_HE579037 348 (324.0)
denovo99 D3_AY686650 351 (322.0)
denovo99 D1.6_HQ630881 372 (332.5)
denovo99 D120_EU074900 372 (314.5)
denovo99 D121_EU074904 372 (323.5)
denovo99 D122_EU074905 382 (326.0)
denovo99 D1a.2_JF683339 349 (327.0)
denovo99 D1a.1_JF683338 352 (325.0)
denovo99 D2_AY686649 564 (399.5)
denovo99 D4_DQ865214 338 (335.5)
denovo99 D1a_AF499802 372 (323.5)
denovo99 D1a_JN558078 372 (323.5)
denovo99 D123_EU074895 353 (318.5)
denovo99 D108_AF174567 352 (324.5)
denovo99 D103_AF174575 372 (323.5)
denovo99 D100_AF411415 354 (323.0)
denovo99 D118_EF656435 351 (322.0)
denovo99 D101_AF411416 353 (324.0)
denovo99 D119_EU099832 341 (322.5)
denovo99 D102_AF174573 371 (324.5)
denovo99 D1_AF334660 372 (323.5)
denovo99 D1_JN558076 372 (323.5)
denovo99 D1.12_HE579041 342 (303.0)
denovo99 D1.1_AM748564 427 (338.5)
denovo99 D1.2_AM748617 451 (372.5)
denovo99 E111_EU074915 381 (318.0)
denovo99 E110_EU074914 365 (336.0)
denovo99 E114_EU074909 363 (321.5)
denovo99 E1_AF334659 370 (319.0)
denovo99 E105_EU074921 369 (329.0)
denovo99 E112_EU074916 357 (338.0)
denovo99 E104_EU074922 357 (329.0)
denovo99 E102_EU074924 357 (320.0)
denovo99 E103_EU074923 357 (329.0)
denovo99 E101_AY160123 369 (337.0)
denovo99 E109_EU074913 363 (338.0)
denovo99 E100_DQ011618 367 (358.0)
denovo99 E108_EU074912 368 (351.0)
denovo99 E113_EU074908 367 (351.5)
denovo99 E107_EU074910 368 (351.0)
denovo99 F1_JN558066 350 (396.5)
denovo99 F5.2d_AJ291530 357 (388.5)
denovo99 F104_AJ291531 357 (388.5)
denovo99 F5.2c_AM748596 357 (388.5)
denovo99 F5.2_AM748594 351 (388.0)
denovo99 F5.2a_AM748614 351 (388.0)
denovo99 F5.2b_AM748595 355 (392.0)
denovo99 F5.2e_AJ291533 352 (360.0)
denovo99 F5.2g_JN558072 362 (395.5)
denovo99 F5.2f_AJ291512 356 (404.5)
denovo99 F102_AJ291534 356 (404.0)
denovo99 F5.1c_AM748593 356 (385.5)
denovo99 F5.1d_JN558069 355 (411.0)
denovo99 F5.1b_AJ291535 355 (401.5)
denovo99 F5.1_AM748592 355 (402.0)
denovo99 F5.1a_AM748591 355 (402.0)
denovo99 F110_AJ291526 367 (381.5)
denovo99 F4.7_AM748587 353 (380.0)
denovo99 F4.5_AM748585 354 (399.0)
denovo99 F4.4a_AM748583 351 (391.0)
denovo99 F4.4_AM748582 351 (405.5)
denovo99 F4.4b_AM748584 353 (403.0)
denovo99 F4.1a_AM748573 363 (380.0)
denovo99 F112_AJ291528 375 (388.5)
denovo99 F4.1_AM748572 375 (388.5)
denovo99 F4.8b_AM748590 369 (359.5)
denovo99 F4.8_AM748588 364 (361.5)
denovo99 F4.8a_AM748589 364 (361.5)
denovo99 F109_AJ291527 364 (361.5)
denovo99 F4.6_AM748586 360 (379.5)
denovo99 F111_AJ311949 355 (365.0)
denovo99 F4.3c_AM748581 349 (388.5)
denovo99 F4.3a_AM748579 355 (379.5)
denovo99 F4.3b_AM748580 350 (382.5)
denovo99 F4.3_AM748578 368 (383.0)
denovo99 F4.2_AM748574 363 (379.5)
denovo99 F4.2a_AM748575 360 (385.0)
denovo99 F4.2c_AM748577 361 (385.0)
denovo99 F4.2b_AM748576 367 (380.0)
denovo99 F2b_AJ291521 351 (396.0)
denovo99 F2_AJ830908 348 (404.5)
denovo99 F2a_AJ830911 354 (404.5)
denovo99 F3.1a_AM748566 364 (411.0)
denovo99 F114_AJ291525 364 (392.5)
denovo99 F3.1_AM748565 364 (401.5)
denovo99 F3.2_AM748567 360 (389.0)
denovo99 F3.2a_AM748568 348 (390.5)
denovo99 F3.3_AM748569 355 (377.0)
denovo99 F3.4a_AM748571 363 (375.0)
denovo99 F3.4_AM748570 347 (391.5)
denovo99 F3.4b_AM748616 347 (391.5)
denovo99 G101_AJ291539 367 (368.0)
denovo99 G1_AM748597 368 (370.5)
denovo99 G2b_JN558087 384 (360.5)
denovo99 G2_AM748598 371 (355.0)
denovo99 G2a_AM748599 384 (360.5)
denovo99 G4_AM748601 361 (368.0)
denovo99 G3.4_LK392378 370 (357.5)
denovo99 G3_AM748600 374 (379.0)
denovo99 G3.2_KC597694 370 (352.5)
denovo99 G3.1_KC597688 374 (364.5)
denovo99 G100_AB253788 379 (353.0)
denovo99 G3.3_LK392377 377 (357.0)
denovo99 H6_AJ291520 652 (284.0)
denovo99 H3_AM748606 352 (278.0)
denovo99 H2_AM748605 351 (279.0)
denovo99 H4_AM748607 349 (276.0)
denovo99 H4a_AM748608 355 (282.5)
denovo99 H5a_AM748611 360 (273.0)
denovo99 H5b_AM748610 357 (279.5)
denovo99 H5_AJ621129 357 (272.5)
denovo99 H5_AM748609 357 (272.5)
denovo99 H100_AJ291513 348 (267.0)
denovo99 H1b_AM748604 349 (261.0)
denovo99 H1a_AM748612 351 (266.0)
denovo99 H1_AJ621152 356 (263.0)
denovo99 H1_AM748602 356 (263.0)
denovo99 I3_FN561561 351 (417.0)
denovo99 I4_FN561562 343 (420.5)
denovo99 I1_FN561559 342 (419.0)
denovo99 I2_FN561560 353 (414.0)

#---------------------------------------
#---------------------------------------
