denovo110 A136_DQ865210 335 (515.0)
denovo110 A133_DQ174725 362 (484.0)
denovo110 A115_AF180123 343 (460.5)
denovo110 A117_AF201746 339 (482.5)
denovo110 A134_DQ174723 341 (488.0)
denovo110 A114_AF184941 341 (488.0)
denovo110 A135_DQ174727 350 (478.0)
denovo110 A2_AF333506 343 (489.5)
denovo110 A101_AF427468 348 (481.5)
denovo110 A2_1_JN558097 348 (481.5)
denovo110 A2_2_JN558100 348 (481.5)
denovo110 A113_AF184948 327 (512.0)
denovo110 A112_AF184949 327 (485.0)
denovo110 A123_EF378618 347 (328.0)
denovo110 A137_EF378621 353 (321.5)
denovo110 A11_EU449041 336 (511.5)
denovo110 A121_DQ174722 342 (496.5)
denovo110 A15b_EU792886 338 (461.0)
denovo110 A15a_EU792885 338 (478.5)
denovo110 A15c_EU792887 338 (469.5)
denovo110 A15_EU792884 338 (470.0)
denovo110 A147_EU074937 341 (488.0)
denovo110 A154_EU074860 341 (488.0)
denovo110 A146_EU074936 342 (481.0)
denovo110 A150_EU074928 342 (490.5)
denovo110 A116_AF183575 346 (493.0)
denovo110 A141_EU074931 342 (490.0)
denovo110 A5_AF333508 344 (494.0)
denovo110 A3b_EU449043 341 (497.0)
denovo110 A151_EU074925 340 (485.5)
denovo110 A152_EU074927 351 (483.0)
denovo110 A149_EU074929 341 (488.0)
denovo110 A140_EU074930 341 (479.0)
denovo110 A142_EU074932 345 (481.0)
denovo110 A143_EU074933 340 (494.5)
denovo110 A144_EU074934 341 (479.0)
denovo110 A145_EU074935 344 (487.0)
denovo110 A148_EU074938 346 (484.5)
denovo110 A155_EU074856 341 (479.0)
denovo110 A156_EU074859 341 (479.0)
denovo110 A139_EU074962 341 (479.0)
denovo110 A6_AF186058 341 (488.0)
denovo110 A3_AF333507 341 (488.0)
denovo110 A3_JN558091 341 (488.0)
denovo110 A8_AY258468 338 (469.5)
denovo110 A7_AY239360 344 (479.0)
denovo110 A16_EU792888 338 (488.0)
denovo110 A4.3_FN429763 348 (480.0)
denovo110 A120_AF180122 345 (480.5)
denovo110 A4.2_FN429761 346 (471.0)
denovo110 A4_AF333509 346 (499.0)
denovo110 A4.1_FN429760 345 (494.0)
denovo110 A4a_AF499778 346 (490.5)
denovo110 A4a.1_FN429762 346 (490.5)
denovo110 A138_EF378620 346 (444.0)
denovo110 A122_EF378619 345 (481.0)
denovo110 A126_EF378615 344 (482.0)
denovo110 A10_EU792882 344 (482.0)
denovo110 A9_EU449028 346 (479.5)
denovo110 A105_AB207202 343 (498.5)
denovo110 A119_AF180121 342 (486.0)
denovo110 A12_EU792883 345 (486.0)
denovo110 A104_AB207203 346 (497.5)
denovo110 A1a_EU449030 346 (497.5)
denovo110 A1.3_HE578976 346 (490.0)
denovo110 A1.4_HE578977 345 (504.0)
denovo110 A13_AF333504 345 (495.0)
denovo110 A13_JN558094 345 (495.0)
denovo110 A110_AB190282 345 (486.0)
denovo110 A103_AB207206 347 (500.5)
denovo110 A130_EF656428 345 (495.0)
denovo110 A127_EF656429 345 (504.0)
denovo110 A128_EF656430 345 (486.0)
denovo110 A129_EF656431 345 (495.0)
denovo110 A131_EF656432 345 (504.0)
denovo110 A118_AF180120 345 (480.5)
denovo110 A1_AF333505 345 (495.0)
denovo110 A107_AB207199 346 (498.0)
denovo110 A111_AB190280 342 (503.5)
denovo110 A108_AB207197 344 (477.5)
denovo110 A106_AB207200 344 (501.0)
denovo110 A102_AB207209 344 (501.5)
denovo110 A1.2_AB207210 344 (501.5)
denovo110 A109_AB190285 344 (501.0)
denovo110 B4_AF333510 322 (1099.5)
denovo110 B23_EU449079 307 (1198.0)
denovo110 B30_GU907644 307 (1180.0)
denovo110 B11_AY239361 311 (1301.0)
denovo110 B17_AY258470 309 (1311.5)
denovo110 B1k_GU907638 307 (696.5)
denovo110 B1.V_Green2014 316 (1269.0)
denovo110 B1b_AF499780 309 (1243.0)
denovo110 B16_AY258469 309 (1320.5)
denovo110 B31a_GU907646 309 (1320.5)
denovo110 B32_GU907647 309 (1320.5)
denovo110 B31_GU907645 309 (1329.5)
denovo110 B1j_GU907637 309 (1320.5)
denovo110 B37_GU907650 311 (1319.0)
denovo110 B5a_AF499782 309 (1320.5)
denovo110 B5_AF499781 309 (1329.5)
denovo110 B24_GU907643 309 (1169.5)
denovo110 B117_AF180124 308 (1227.0)
denovo110 B10_AF499787 309 (1320.5)
denovo110 B20_GU907642 311 (1304.0)
denovo110 B1m_GU907640 309 (1329.5)
denovo110 B34_GU907649 309 (1329.5)
denovo110 B1d_GU907633 309 (1329.5)
denovo110 B1e_GU907634 309 (1329.5)
denovo110 B1i_GU907636 309 (1329.5)
denovo110 B1g_GU907635 310 (1310.5)
denovo110 B123_EU074872 309 (1320.5)
denovo110 B8_AF499785 310 (1319.5)
denovo110 B1l_GU907639 309 (1329.5)
denovo110 B1a_AF499779 309 (1329.5)
denovo110 B14_AY239362 310 (1319.5)
denovo110 B125_EU074865 309 (1329.5)
denovo110 B122_EU074871 309 (1329.5)
denovo110 B124_EU074874 309 (1329.5)
denovo110 B1.VII_Green2014 309 (1259.5)
denovo110 B1.III_Green2014 309 (1257.5)
denovo110 B1.I_Green2014 309 (1338.5)
denovo110 B1.II_Green2014 309 (1338.5)
denovo110 B1_JN558057 309 (1338.5)
denovo110 B1_AF333511 309 (1338.5)
denovo110 B1.IV_Green2014 319 (1324.0)
denovo110 B121_EU074870 309 (1329.5)
denovo110 B7_AF499784 309 (1329.5)
denovo110 B1.VI_Green2014 310 (1279.0)
denovo110 B3_AF333514 309 (1235.0)
denovo110 B9_AF499786 307 (1228.5)
denovo110 B19a_JN558055 311 (1122.5)
denovo110 B119_EU099825 314 (1194.0)
denovo110 B21_DQ865213 307 (1206.0)
denovo110 B38_GU907651 307 (1206.0)
denovo110 B18_AY258471 307 (1246.5)
denovo110 B18a_AY258472 309 (1243.0)
denovo110 B33_GU907648 310 (1246.0)
denovo110 B6_AF499783 312 (1243.0)
denovo110 B19_DQ865212 307 (1255.5)
denovo110 B19_GU907641 307 (1255.5)
denovo110 B2_AF333512 309 (1262.0)
denovo110 B2_JN558060 309 (1262.0)
denovo110 C33.1_AY258498 330 (645.5)
denovo110 C33.2_AY765400 330 (645.5)
denovo110 C33a_EF541147 330 (645.5)
denovo110 C34_AY258499 328 (640.0)
denovo110 C78_AY765413 331 (611.0)
denovo110 C15.29_KC597690 329 (597.5)
denovo110 C1131_DQ182650 332 (587.5)
denovo110 C1135_DQ182646 325 (586.0)
denovo110 C1134_DQ182647 327 (573.5)
denovo110 C1142_DQ182635 327 (582.5)
denovo110 C1136_DQ182644 325 (565.0)
denovo110 C1111_DQ182645 325 (574.5)
denovo110 C1236_EF473656 325 (565.5)
denovo110 C1138_DQ182642 323 (577.5)
denovo110 C1137_DQ182643 325 (565.5)
denovo110 C1133_DQ182648 325 (565.5)
denovo110 C1132_DQ182649 327 (571.0)
denovo110 C1143_DQ182634 325 (574.5)
denovo110 C1139_DQ182639 327 (582.5)
denovo110 C15.28_KC597687 329 (643.5)
denovo110 C1141_DQ182636 327 (591.5)
denovo110 C1144_DQ182637 329 (597.5)
denovo110 C1122_DQ182654 327 (609.5)
denovo110 C1127_DQ182652 323 (606.0)
denovo110 C15.30_JX394114 332 (633.0)
denovo110 C15.26_KC597686 329 (633.0)
denovo110 C1086_DQ182656 329 (633.5)
denovo110 C15.25_KC597685 329 (642.5)
denovo110 C1118_AF180127 327 (596.5)
denovo110 C1129_DQ182651 329 (578.5)
denovo110 C15.21_KC597683 327 (610.0)
denovo110 C56_AY589760 326 (624.5)
denovo110 C1140_DQ182638 331 (593.5)
denovo110 C1126_DQ182653 331 (584.5)
denovo110 C15c_AY258492 326 (643.0)
denovo110 C15d_AY258493 325 (649.5)
denovo110 C1098_DQ182641 327 (643.5)
denovo110 C15.27_KC597689 329 (633.5)
denovo110 C15.18_HE579024 328 (630.5)
denovo110 C15.16_HE579022 329 (660.5)
denovo110 C1101_AB253787 329 (624.5)
denovo110 C1083_AY237300 329 (633.5)
denovo110 C1088_DQ182640 333 (626.0)
denovo110 C15.6_FN563472 329 (633.5)
denovo110 C15.5_FJ461512 331 (630.0)
denovo110 C15.4_FJ461511 331 (639.0)
denovo110 C15.13_HE579019 329 (624.5)
denovo110 C15.12_HE579018 329 (633.5)
denovo110 C93a_AM748563 327 (655.0)
denovo110 C1094_AJ291514 327 (637.0)
denovo110 C93_AM748562 327 (646.0)
denovo110 C15.17_HE579023 330 (630.0)
denovo110 C15e_AY589742 331 (642.0)
denovo110 C15.22_KC597695 329 (633.5)
denovo110 C60_AY589764 329 (633.5)
denovo110 C15.1_FJ461508 329 (633.5)
denovo110 C15.2_FJ461509 329 (633.5)
denovo110 C15.9_FN563475 329 (651.0)
denovo110 C15.7_HE579015 330 (635.5)
denovo110 C15.8_HE579016 329 (633.5)
denovo110 C15.15_HE579021 329 (633.5)
denovo110 C15.19_HE579025 329 (642.5)
denovo110 C15.24_KC597696 329 (624.5)
denovo110 C15.3_FJ461510 331 (639.0)
denovo110 C1087_DQ182655 329 (642.5)
denovo110 C15.14_HE579020 330 (633.0)
denovo110 C15.23_KC597697 330 (633.0)
denovo110 C19_AY258479 324 (648.5)
denovo110 C1233_EU118166 329 (633.5)
denovo110 C15b_AY258491 329 (633.5)
denovo110 C15a_AY258476 331 (648.0)
denovo110 C1051_AF195153 329 (651.5)
denovo110 C2_AF333518 330 (650.5)
denovo110 C15.20_HE579026 330 (642.0)
denovo110 C15f_AY589743 331 (635.5)
denovo110 C55_AY589759 334 (642.5)
denovo110 C15_AY239369 329 (642.5)
denovo110 C32.1_JF683335 329 (602.5)
denovo110 C32.2_JF683336 329 (602.5)
denovo110 C21.23_KC597693 329 (602.5)
denovo110 C1193_EU099827 335 (628.5)
denovo110 C1195_EU099821 337 (611.0)
denovo110 C3q_GU907655 334 (622.5)
denovo110 C53_AY589758 333 (617.5)
denovo110 C73_AY765408 338 (630.5)
denovo110 C17.2.1_KC597684 333 (595.0)
denovo110 C32_AY258497 333 (612.5)
denovo110 C1189_EU099831 331 (618.0)
denovo110 C1191_EU099833 330 (624.5)
denovo110 C1196_EU099819 331 (600.0)
denovo110 C1192_EU099820 331 (600.0)
denovo110 C17.1_JF683322 331 (618.0)
denovo110 C26_b2_FN827164 328 (623.0)
denovo110 C26_b3_FN827165 332 (599.5)
denovo110 C31.9_HQ630879 333 (604.0)
denovo110 C31a_AY589746 334 (594.0)
denovo110 C30_AY589745 334 (594.0)
denovo110 C31.1_HQ630876 338 (595.5)
denovo110 C31.5_HQ630877 332 (606.0)
denovo110 C31.6_HQ630878 334 (603.0)
denovo110 C31.2_JF683332 334 (603.0)
denovo110 C31.3_JF683333 334 (594.0)
denovo110 C26/C35a_AY239378 332 (608.5)
denovo110 C35a_AY258501 332 (608.5)
denovo110 C35.2_AY258500 332 (617.5)
denovo110 C26_b1_FN827163 332 (617.5)
denovo110 C17_AY239370 331 (618.0)
denovo110 C17.2_FJ461513 333 (617.0)
denovo110 C31.10_HQ630880 333 (613.0)
denovo110 C31.4_JF683334 338 (591.5)
denovo110 C31_AY258496 334 (603.0)
denovo110 C25_AY239377 331 (623.5)
denovo110 C61_AY589765 330 (592.5)
denovo110 C1043_DQ072721 331 (606.0)
denovo110 C79_AY765414 334 (619.5)
denovo110 C69_AY589773 321 (617.5)
denovo110 C69a_AY686648 321 (608.5)
denovo110 C21.22_KC597692 342 (596.0)
denovo110 C51_AY589756 330 (618.5)
denovo110 C1aa_HM185739 326 (634.0)
denovo110 C1096_DQ068023 330 (614.5)
denovo110 C74_AY765409 337 (651.5)
denovo110 C1185_AB294629 339 (648.0)
denovo110 C1184_AB294630 339 (648.0)
denovo110 C1153_AB294625 339 (648.0)
denovo110 C1154_AB294626 338 (663.5)
denovo110 C1187_AB294627 339 (648.0)
denovo110 C1186_AB294628 339 (648.0)
denovo110 C57_AY589761 339 (657.0)
denovo110 C66_AY589771 339 (657.0)
denovo110 C5_AF499795 329 (633.5)
denovo110 C1167_AB294586 329 (633.5)
denovo110 C1164_AB294593 329 (633.5)
denovo110 C1183_AB294631 329 (651.5)
denovo110 C1067_DQ335381 331 (630.0)
denovo110 C1159_AB294613 329 (638.5)
denovo110 C1150_AB294622 329 (647.5)
denovo110 C90_AM748554 330 (656.5)
denovo110 C1168_AB294583 329 (642.5)
denovo110 C1156_AB294616 329 (651.5)
denovo110 C1151_AB294621 329 (660.5)
denovo110 C92a_AM748561 329 (660.5)
denovo110 C92_AM748560 329 (651.5)
denovo110 C1165_AB294581 329 (642.5)
denovo110 C1166_AB294584 329 (660.5)
denovo110 C1162_AB294594 329 (642.5)
denovo110 C1163_AB294596 329 (652.0)
denovo110 C1161_AB294606 329 (651.5)
denovo110 C1160_AB294608 333 (644.0)
denovo110 C1158_AB294614 329 (660.5)
denovo110 C1155_AB294617 329 (642.5)
denovo110 C1149_AB294620 329 (651.5)
denovo110 C1173_AB294662 329 (660.5)
denovo110 C1171_AB294663 329 (642.5)
denovo110 C1172_AB294665 329 (642.5)
denovo110 C91a_AM748556 329 (660.5)
denovo110 C91b_AM748557 329 (651.5)
denovo110 C91d_AM748559 328 (649.0)
denovo110 C91c_AM748558 328 (649.0)
denovo110 C91_AJ621543 329 (651.5)
denovo110 C91_AM748555 329 (651.5)
denovo110 C1023_DQ335330 320 (603.0)
denovo110 C1020_DQ335392 333 (635.5)
denovo110 C1018_DQ335408 331 (639.0)
denovo110 C1074_DQ335329 331 (630.0)
denovo110 C1030_DQ335353 331 (630.0)
denovo110 C1022_DQ335331 331 (630.0)
denovo110 C1027_DQ335360 327 (644.5)
denovo110 C1072_DQ335344 331 (630.0)
denovo110 C1039_AB190274 331 (639.0)
denovo110 C1033_DQ335350 336 (627.0)
denovo110 C1019_DQ335407 331 (639.0)
denovo110 C1194_EU099826 331 (624.0)
denovo110 C8b_AY258475 331 (614.0)
denovo110 C8_AY239367 334 (629.0)
denovo110 C8a_AY239368 331 (628.5)
denovo110 C54a_AY765406 331 (639.0)
denovo110 C3ff_HM185740 331 (648.0)
denovo110 C59_AY589763 335 (615.5)
denovo110 C3k_AY589737 329 (641.5)
denovo110 C3.24_HE579012 328 (648.0)
denovo110 C3.23_HE579011 329 (641.5)
denovo110 C35.1_AY765401 334 (647.0)
denovo110 C35.3_EF541145 332 (641.5)
denovo110 C76_AY765411 331 (627.0)
denovo110 C1107_DQ335359 331 (617.0)
denovo110 C3.22_HE579010 334 (613.0)
denovo110 C77_AY765412 331 (626.5)
denovo110 C20_AY239371 334 (638.0)
denovo110 C1055_DQ480640 329 (629.5)
denovo110 C27/C30_AY239379 332 (608.5)
denovo110 C27.1_FJ461517 332 (599.5)
denovo110 C40a_AY589747 336 (642.0)
denovo110 C40_AY258485 336 (642.0)
denovo110 C40b_AY589748 346 (632.5)
denovo110 C16_AY258477 334 (638.5)
denovo110 C16a_AY765399 334 (638.5)
denovo110 C1091_AB207186 331 (640.0)
denovo110 C1102_DQ335400 331 (622.0)
denovo110 C1069_DQ335375 331 (639.5)
denovo110 C1073_DQ335332 331 (631.0)
denovo110 C1066_DQ335382 328 (622.5)
denovo110 C1031_DQ335352 331 (649.0)
denovo110 C1026_DQ335366 331 (648.0)
denovo110 C70_AY589774 331 (649.0)
denovo110 C1082_AB190267 331 (631.0)
denovo110 C1078_AB190271 329 (642.0)
denovo110 C1090_AB207191 331 (640.0)
denovo110 C1071_DQ335302 331 (640.0)
denovo110 C1075_DQ335328 331 (640.0)
denovo110 C1068_DQ335379 331 (631.0)
denovo110 C1064_DQ335395 331 (631.0)
denovo110 C1063_DQ335403 328 (640.0)
denovo110 C62_AY589766 331 (640.0)
denovo110 C1077_DQ335316 328 (645.0)
denovo110 C1109_DQ335338 331 (631.0)
denovo110 C1110_DQ335340 331 (622.0)
denovo110 C1106_DQ335339 331 (622.0)
denovo110 C1112_DQ335319 331 (631.0)
denovo110 C1108_DQ335351 331 (622.0)
denovo110 C1105_DQ335394 331 (631.0)
denovo110 C1121_DQ335378 333 (627.5)
denovo110 C1116_AB190268 333 (636.5)
denovo110 C1115_AB190273 333 (636.5)
denovo110 C1124_DQ335323 331 (613.0)
denovo110 C1120_DQ335398 331 (613.0)
denovo110 C1119_DQ335404 331 (622.0)
denovo110 C1123_DQ335363 331 (622.0)
denovo110 C1004_DQ480635 331 (638.5)
denovo110 C1061_AY186568 331 (629.5)
denovo110 C1053_AY186569 331 (638.5)
denovo110 C1003_DQ480639 331 (638.5)
denovo110 C81_GU907657 318 (608.5)
denovo110 C22_AY239373 326 (641.0)
denovo110 C22a_AY239374 329 (632.5)
denovo110 C1232_EU118163 334 (637.0)
denovo110 C21.13_FJ461515 331 (600.0)
denovo110 C21.1_JF683323 329 (612.5)
denovo110 C21.3_JF683325 331 (627.0)
denovo110 C1.20_HE578993 331 (630.0)
denovo110 C1.22_HE578995 331 (621.0)
denovo110 C52_AY589757 330 (631.5)
denovo110 C1201_EU099793 332 (620.5)
denovo110 C14_AY589741 334 (632.5)
denovo110 C43_AY589749 334 (638.5)
denovo110 C50_AY589755 331 (639.0)
denovo110 C3.14_HQ630872 332 (632.0)
denovo110 C1m_AY765398 331 (640.0)
denovo110 C82_GU907658 332 (641.5)
denovo110 C82b_GU907660 332 (641.5)
denovo110 C64_AY589768 329 (642.0)
denovo110 C45a_AY765404 330 (643.5)
denovo110 C48_AY589753 331 (659.5)
denovo110 C1_v1b_FJ919244 331 (630.0)
denovo110 C1_v1a_FJ919243 331 (639.0)
denovo110 C3j_AY239366 331 (630.0)
denovo110 C3t_EF541149 334 (647.0)
denovo110 C9_AF499798 334 (647.5)
denovo110 C23_AY239375 332 (660.5)
denovo110 C37_AY258481 331 (639.0)
denovo110 C1048_DQ068026 334 (638.0)
denovo110 C21.4_JF683326 331 (618.0)
denovo110 C21.5_JF683327 331 (618.0)
denovo110 C1070_DQ335349 331 (648.0)
denovo110 C21.6_HQ630873 331 (636.0)
denovo110 C1224_EU074890 331 (657.0)
denovo110 C1.17_HE578990 331 (657.0)
denovo110 C21_b1_FN827162 328 (609.5)
denovo110 C21.9_JF683330 328 (618.5)
denovo110 C1085_AY624605 328 (631.0)
denovo110 C3p_GU907654 331 (624.0)
denovo110 C3f_AY589734 331 (648.0)
denovo110 C65a_AY589770 329 (642.0)
denovo110 C65_AY589769 329 (651.0)
denovo110 C71_AY589775 329 (642.0)
denovo110 C71a_AY589776 329 (633.0)
denovo110 C1178_AB294647 330 (648.5)
denovo110 C1225_EU074893 328 (657.5)
denovo110 C75_AY765410 331 (638.5)
denovo110 C21.10_JF683331 332 (620.0)
denovo110 C21.11_HQ630874 332 (620.0)
denovo110 C1065_DQ335388 331 (648.0)
denovo110 C1045_DQ068036 331 (657.0)
denovo110 C1h_AY258473 331 (639.0)
denovo110 C38_AY258482 331 (630.0)
denovo110 C1202_EU099799 331 (630.0)
denovo110 C7_AF499797 331 (639.0)
denovo110 C12_AF499801 333 (628.5)
denovo110 C38a_AY258483 330 (641.5)
denovo110 C1200_EU099800 319 (638.5)
denovo110 C44a_AY589751 331 (647.5)
denovo110 C47_AY589752 334 (656.0)
denovo110 C44_AY589750 334 (647.0)
denovo110 C1.15_HE578988 331 (639.0)
denovo110 C45.3_FJ461522 334 (638.0)
denovo110 C46a_AY765405 334 (638.0)
denovo110 C46_EU449108 334 (647.0)
denovo110 C3.12_FJ461507 334 (647.0)
denovo110 C1k_AY589733 334 (638.0)
denovo110 C67_AY686647 334 (647.0)
denovo110 C82a_GU907659 331 (639.0)
denovo110 C10a_AY589739 334 (647.0)
denovo110 C10_AF499799 334 (638.0)
denovo110 C13_AY589740 332 (637.5)
denovo110 C4_AF499794 334 (638.0)
denovo110 C1147_EF656433 334 (638.0)
denovo110 C1c/C45_AY239364 334 (647.0)
denovo110 C1c/C45_EU449103 334 (647.0)
denovo110 C21.19_HE579031 327 (623.5)
denovo110 C21.21_HE579033 327 (614.5)
denovo110 C21.20_HE579032 327 (623.5)
denovo110 C42b_AY765403 335 (632.5)
denovo110 C42_AY258487 335 (641.5)
denovo110 C1p_GU907652 331 (639.0)
denovo110 C1d_AY258488 334 (629.0)
denovo110 C42_AY765402 334 (638.0)
denovo110 C3ha_AY589736 331 (618.0)
denovo110 C63a_AY589767 333 (635.0)
denovo110 C21a_AY589744 331 (627.0)
denovo110 C3o_GU907653 331 (626.0)
denovo110 C21.16_HQ630875 331 (618.0)
denovo110 C21.2_JF683324 331 (618.0)
denovo110 C21.7_JF683328 330 (624.5)
denovo110 C21.8_JF683329 331 (627.0)
denovo110 C3h_AY239365 331 (618.0)
denovo110 C1203_EU099798 331 (618.0)
denovo110 C3.10_FJ461505 331 (657.0)
denovo110 C21.14_FJ461516 331 (636.0)
denovo110 C21.18_HE579030 337 (615.0)
denovo110 C3.17_HE579005 331 (639.0)
denovo110 C3.9_FJ461504 326 (639.5)
denovo110 C3.8_FJ461503 331 (648.0)
denovo110 C3.7_FJ461502 331 (639.0)
denovo110 C3.11_FJ461506 333 (654.0)
denovo110 C3.18_HE579006 331 (639.0)
denovo110 C3.19_HE579007 331 (639.0)
denovo110 C3.20_HE579008 331 (639.0)
denovo110 C3g_AY589735 334 (631.0)
denovo110 C3a_AF499790 329 (651.5)
denovo110 C3e_AF499793 331 (639.0)
denovo110 C6_AF499796 333 (662.5)
denovo110 C11_AF499800 331 (639.0)
denovo110 C36_AY258480 331 (657.0)
denovo110 C29_AY258494 331 (657.0)
denovo110 C1146_EF656434 331 (639.0)
denovo110 C1190_EU099841 331 (657.0)
denovo110 C131_JF320826 331 (639.0)
denovo110 C28_AY239380 334 (650.0)
denovo110 C1012_DQ480604 331 (639.0)
denovo110 C1181_AB294640 331 (624.0)
denovo110 C1180_AB294641 331 (642.0)
denovo110 C1179_AB294645 329 (627.5)
denovo110 C1176_AB294651 329 (636.5)
denovo110 C1175_AB294653 331 (624.0)
denovo110 C1174_AB294655 333 (629.5)
denovo110 C1177_AB294659 331 (633.0)
denovo110 C1040_AB190269 333 (644.5)
denovo110 C1182_AB294649 331 (639.0)
denovo110 C1089_AJ278598 331 (639.0)
denovo110 C1028_DQ335357 333 (653.5)
denovo110 C3.16_EU786015 331 (657.0)
denovo110 C1097_AJ311943 330 (632.5)
denovo110 C1170_AB294661 331 (633.0)
denovo110 C21.17_HE579029 331 (629.0)
denovo110 C21/3d/C3k_AY239372 331 (627.0)
denovo110 C58_AY589762 332 (626.5)
denovo110 C3L_AY589738 329 (638.0)
denovo110 C1169_AB294660 331 (633.0)
denovo110 C3.2_FJ461497 331 (642.0)
denovo110 C3.1_JF683321 328 (643.0)
denovo110 C1104_AF427469 332 (638.0)
denovo110 C3b_AF499791 326 (654.5)
denovo110 C83_GU907661 331 (650.5)
denovo110 C49_AY589754 363 (662.5)
denovo110 C3_AB778606 331 (648.0)
denovo110 C3_AF499789 331 (648.0)
denovo110 C3_HE579001 331 (648.0)
denovo110 C21.12_FJ461514 331 (609.0)
denovo110 C1229_EU074888 328 (634.5)
denovo110 C1230_EU074889 328 (643.5)
denovo110 C1114_AB207196 331 (630.0)
denovo110 C3.21_HE579009 331 (570.0)
denovo110 C1057_DQ480619 331 (639.0)
denovo110 C72_AY765407 328 (638.5)
denovo110 C1b.3_HE578999 331 (633.0)
denovo110 C93_AJ621536 331 (639.0)
denovo110 C94_AJ621539 331 (639.0)
denovo110 C1g_AY589730 331 (657.0)
denovo110 C1i_AY589731 325 (631.5)
denovo110 C1j_AY589732 333 (653.5)
denovo110 C1005_DQ480633 331 (639.0)
denovo110 C1.7_FJ461494 331 (639.0)
denovo110 C1.11_HE578984 331 (640.0)
denovo110 C1.12_HE578985 331 (639.0)
denovo110 C1.13_HE578986 331 (648.0)
denovo110 C1.14_HE578987 331 (648.0)
denovo110 C1.18_HE578991 331 (639.0)
denovo110 C1.19_HE578992 331 (639.0)
denovo110 C1199_EU099802 328 (624.5)
denovo110 C1188_EU099838 328 (639.5)
denovo110 C1002_DQ838544 331 (648.0)
denovo110 C1198_EU099810 331 (639.0)
denovo110 C24_AY239376 331 (639.0)
denovo110 C1f_AY258490 331 (648.0)
denovo110 C1006_DQ480629 331 (657.0)
denovo110 C1010_DQ480607 331 (657.0)
denovo110 C1007_DQ480624 331 (639.0)
denovo110 C1011_DQ480605 331 (639.0)
denovo110 C1009_DQ480608 335 (641.0)
denovo110 C1041_AY186548 331 (648.0)
denovo110 C1052_AY186570 331 (639.0)
denovo110 C1148_EU040178 331 (648.0)
denovo110 C1234_EU118165 332 (638.0)
denovo110 C1.5_EF634157 331 (648.0)
denovo110 C1059_DQ480609 331 (639.0)
denovo110 C1228_EU074883 331 (639.0)
denovo110 C1208_EU074963 331 (639.0)
denovo110 C1207_EU074964 331 (648.0)
denovo110 C1206_EU074965 331 (639.0)
denovo110 C1013_DQ480642 331 (639.0)
denovo110 C80_GU907656 338 (633.5)
denovo110 C1a_AF499788 328 (639.5)
denovo110 C41_AY258486 331 (648.0)
denovo110 C39_AY258484 316 (643.5)
denovo110 C1231_EU074878 331 (639.0)
denovo110 C1b.1_HE578997 331 (633.0)
denovo110 C18_AY258478 331 (648.0)
denovo110 C1.10_HE578983 330 (642.5)
denovo110 C1_JN558041 331 (648.0)
denovo110 C1_HE578979 331 (648.0)
denovo110 C1_AM748551 331 (648.0)
denovo110 C1_AF333515 331 (648.0)
denovo110 C1054_AY186565 330 (651.5)
denovo110 C1008_DQ480613 331 (639.0)
denovo110 C1103_AF427470 332 (638.0)
denovo110 C1226_EU074881 332 (638.0)
denovo110 C1b/C1e_AY239363 331 (642.0)
denovo110 C1044_DQ068038 331 (633.0)
denovo110 C1017_DQ174729 332 (632.0)
denovo110 C1.6_FJ461493 331 (657.0)
denovo110 C1b.2_HE578998 331 (633.0)
denovo110 C1060_DQ480600 331 (639.0)
denovo110 C1227_EU074882 331 (639.0)
denovo110 C1197_EU099814 331 (639.0)
denovo110 C1130_DQ480643 331 (542.5)
denovo110 D109_AB097465 362 (466.0)
denovo110 D1.11_HE579040 358 (482.5)
denovo110 D105_AF174570 359 (477.0)
denovo110 D104_AF174572 361 (464.0)
denovo110 D1.3_JF683337 359 (476.0)
denovo110 D1.10_HE579039 358 (482.5)
denovo110 D110_AF174561 358 (482.5)
denovo110 D117_AF174542 358 (473.5)
denovo110 D114_AF174549 358 (482.5)
denovo110 D113_AF174557 358 (464.5)
denovo110 D112_AF174558 358 (473.5)
denovo110 D106_AF174559 354 (488.5)
denovo110 D111_AF174560 358 (482.5)
denovo110 D115_AF174562 358 (473.5)
denovo110 D107_AF174568 357 (480.0)
denovo110 D116_AF174571 358 (464.5)
denovo110 D124_EU074897 361 (474.0)
denovo110 D1.8_HE579037 358 (482.5)
denovo110 D3_AY686650 358 (482.5)
denovo110 D1.6_HQ630881 358 (473.5)
denovo110 D120_EU074900 358 (464.5)
denovo110 D121_EU074904 358 (473.5)
denovo110 D122_EU074905 358 (473.5)
denovo110 D1a.2_JF683339 362 (470.0)
denovo110 D1a.1_JF683338 358 (473.5)
denovo110 D2_AY686649 595 (531.5)
denovo110 D4_DQ865214 359 (473.5)
denovo110 D1a_AF499802 358 (473.5)
denovo110 D1a_JN558078 358 (473.5)
denovo110 D123_EU074895 358 (482.5)
denovo110 D108_AF174567 358 (482.5)
denovo110 D103_AF174575 358 (473.5)
denovo110 D100_AF411415 353 (477.0)
denovo110 D118_EF656435 358 (473.0)
denovo110 D101_AF411416 353 (462.0)
denovo110 D119_EU099832 351 (473.5)
denovo110 D102_AF174573 357 (492.0)
denovo110 D1_AF334660 358 (482.5)
denovo110 D1_JN558076 358 (482.5)
denovo110 D1.12_HE579041 337 (475.5)
denovo110 D1.1_AM748564 420 (516.0)
denovo110 D1.2_AM748617 435 (515.0)
denovo110 E111_EU074915 364 (447.5)
denovo110 E110_EU074914 364 (449.0)
denovo110 E114_EU074909 364 (431.0)
denovo110 E1_AF334659 364 (434.5)
denovo110 E105_EU074921 363 (444.5)
denovo110 E112_EU074916 363 (426.5)
denovo110 E104_EU074922 365 (432.5)
denovo110 E102_EU074924 363 (426.5)
denovo110 E103_EU074923 363 (435.5)
denovo110 E101_AY160123 361 (417.0)
denovo110 E109_EU074913 357 (455.5)
denovo110 E100_DQ011618 359 (460.5)
denovo110 E108_EU074912 359 (469.0)
denovo110 E113_EU074908 359 (472.5)
denovo110 E107_EU074910 359 (469.0)
denovo110 F1_JN558066 348 (605.0)
denovo110 F5.2d_AJ291530 342 (636.0)
denovo110 F104_AJ291531 342 (636.0)
denovo110 F5.2c_AM748596 342 (627.0)
denovo110 F5.2_AM748594 341 (632.5)
denovo110 F5.2a_AM748614 341 (632.5)
denovo110 F5.2b_AM748595 342 (636.0)
denovo110 F5.2e_AJ291533 345 (609.5)
denovo110 F5.2g_JN558072 343 (629.0)
denovo110 F5.2f_AJ291512 333 (617.0)
denovo110 F102_AJ291534 333 (617.0)
denovo110 F5.1c_AM748593 353 (649.0)
denovo110 F5.1d_JN558069 335 (603.5)
denovo110 F5.1b_AJ291535 331 (629.5)
denovo110 F5.1_AM748592 333 (626.0)
denovo110 F5.1a_AM748591 331 (629.5)
denovo110 F110_AJ291526 323 (694.5)
denovo110 F4.7_AM748587 324 (674.0)
denovo110 F4.5_AM748585 323 (659.5)
denovo110 F4.4a_AM748583 323 (686.0)
denovo110 F4.4_AM748582 323 (692.5)
denovo110 F4.4b_AM748584 316 (708.5)
denovo110 F4.1a_AM748573 324 (652.5)
denovo110 F112_AJ291528 323 (642.0)
denovo110 F4.1_AM748572 323 (642.0)
denovo110 F4.8b_AM748590 317 (667.5)
denovo110 F4.8_AM748588 317 (668.0)
denovo110 F4.8a_AM748589 317 (668.0)
denovo110 F109_AJ291527 325 (669.5)
denovo110 F4.6_AM748586 324 (635.5)
denovo110 F111_AJ311949 315 (686.0)
denovo110 F4.3c_AM748581 316 (689.0)
denovo110 F4.3a_AM748579 316 (689.0)
denovo110 F4.3b_AM748580 316 (698.0)
denovo110 F4.3_AM748578 316 (689.0)
denovo110 F4.2_AM748574 323 (696.0)
denovo110 F4.2a_AM748575 323 (672.0)
denovo110 F4.2c_AM748577 323 (669.0)
denovo110 F4.2b_AM748576 323 (672.0)
denovo110 F2b_AJ291521 337 (635.0)
denovo110 F2_AJ830908 329 (658.0)
denovo110 F2a_AJ830911 329 (653.5)
denovo110 F3.1a_AM748566 344 (631.0)
denovo110 F114_AJ291525 344 (640.5)
denovo110 F3.1_AM748565 344 (640.5)
denovo110 F3.2_AM748567 350 (676.5)
denovo110 F3.2a_AM748568 350 (669.5)
denovo110 F3.3_AM748569 345 (641.5)
denovo110 F3.4a_AM748571 345 (615.0)
denovo110 F3.4_AM748570 344 (612.0)
denovo110 F3.4b_AM748616 351 (615.0)
denovo110 G101_AJ291539 371 (501.0)
denovo110 G1_AM748597 371 (501.0)
denovo110 G2b_JN558087 363 (506.5)
denovo110 G2_AM748598 366 (506.0)
denovo110 G2a_AM748599 370 (500.0)
denovo110 G4_AM748601 361 (543.5)
denovo110 G3.4_LK392378 347 (504.0)
denovo110 G3_AM748600 357 (523.0)
denovo110 G3.2_KC597694 340 (469.5)
denovo110 G3.1_KC597688 356 (509.0)
denovo110 G100_AB253788 345 (514.5)
denovo110 G3.3_LK392377 346 (516.5)
denovo110 H6_AJ291520 635 (314.0)
denovo110 H3_AM748606 327 (499.5)
denovo110 H2_AM748605 335 (530.5)
denovo110 H4_AM748607 335 (507.5)
denovo110 H4a_AM748608 345 (506.0)
denovo110 H5a_AM748611 341 (487.5)
denovo110 H5b_AM748610 344 (486.0)
denovo110 H5_AJ621129 341 (487.5)
denovo110 H5_AM748609 341 (487.5)
denovo110 H100_AJ291513 340 (492.0)
denovo110 H1b_AM748604 340 (487.0)
denovo110 H1a_AM748612 340 (505.0)
denovo110 H1_AJ621152 340 (496.0)
denovo110 H1_AM748602 340 (496.0)
denovo110 I3_FN561561 338 (706.0)
denovo110 I4_FN561562 338 (706.0)
denovo110 I1_FN561559 329 (706.0)
denovo110 I2_FN561560 332 (704.5)

#---------------------------------------
#---------------------------------------
