denovo38 A136_DQ865210 340 (505.5)
denovo38 A133_DQ174725 352 (477.0)
denovo38 A115_AF180123 341 (467.0)
denovo38 A117_AF201746 339 (493.5)
denovo38 A134_DQ174723 346 (496.5)
denovo38 A114_AF184941 346 (496.5)
denovo38 A135_DQ174727 338 (490.5)
denovo38 A2_AF333506 350 (487.5)
denovo38 A101_AF427468 338 (481.5)
denovo38 A2_1_JN558097 338 (481.5)
denovo38 A2_2_JN558100 338 (481.5)
denovo38 A113_AF184948 336 (505.0)
denovo38 A112_AF184949 337 (481.0)
denovo38 A123_EF378618 352 (330.0)
denovo38 A137_EF378621 347 (315.5)
denovo38 A11_EU449041 348 (507.0)
denovo38 A121_DQ174722 343 (496.5)
denovo38 A15b_EU792886 348 (460.5)
denovo38 A15a_EU792885 350 (474.5)
denovo38 A15c_EU792887 351 (466.0)
denovo38 A15_EU792884 348 (467.0)
denovo38 A147_EU074937 348 (487.5)
denovo38 A154_EU074860 348 (487.5)
denovo38 A146_EU074936 350 (483.5)
denovo38 A150_EU074928 350 (492.5)
denovo38 A116_AF183575 351 (486.0)
denovo38 A141_EU074931 350 (492.5)
denovo38 A5_AF333508 341 (499.0)
denovo38 A3b_EU449043 348 (496.5)
denovo38 A151_EU074925 348 (486.5)
denovo38 A152_EU074927 349 (481.0)
denovo38 A149_EU074929 348 (487.5)
denovo38 A140_EU074930 348 (478.5)
denovo38 A142_EU074932 348 (478.5)
denovo38 A143_EU074933 349 (490.5)
denovo38 A144_EU074934 348 (478.5)
denovo38 A145_EU074935 351 (486.5)
denovo38 A148_EU074938 350 (483.5)
denovo38 A155_EU074856 348 (478.5)
denovo38 A156_EU074859 348 (478.5)
denovo38 A139_EU074962 348 (478.5)
denovo38 A6_AF186058 348 (487.5)
denovo38 A3_AF333507 348 (487.5)
denovo38 A3_JN558091 348 (487.5)
denovo38 A8_AY258468 350 (465.0)
denovo38 A7_AY239360 351 (476.5)
denovo38 A16_EU792888 350 (483.5)
denovo38 A4.3_FN429763 353 (471.0)
denovo38 A120_AF180122 348 (475.0)
denovo38 A4.2_FN429761 351 (462.0)
denovo38 A4_AF333509 351 (490.0)
denovo38 A4.1_FN429760 350 (485.0)
denovo38 A4a_AF499778 354 (490.5)
denovo38 A4a.1_FN429762 354 (490.5)
denovo38 A138_EF378620 347 (433.0)
denovo38 A122_EF378619 346 (470.0)
denovo38 A126_EF378615 345 (471.0)
denovo38 A10_EU792882 345 (471.0)
denovo38 A9_EU449028 347 (478.5)
denovo38 A105_AB207202 349 (492.5)
denovo38 A119_AF180121 346 (475.0)
denovo38 A12_EU792883 349 (484.5)
denovo38 A104_AB207203 344 (488.5)
denovo38 A1a_EU449030 347 (496.5)
denovo38 A1.3_HE578976 358 (483.0)
denovo38 A1.4_HE578977 349 (492.0)
denovo38 A13_AF333504 351 (489.0)
denovo38 A13_JN558094 351 (489.0)
denovo38 A110_AB190282 355 (483.0)
denovo38 A103_AB207206 350 (487.0)
denovo38 A130_EF656428 351 (489.0)
denovo38 A127_EF656429 351 (498.0)
denovo38 A128_EF656430 351 (480.0)
denovo38 A129_EF656431 352 (491.5)
denovo38 A131_EF656432 349 (484.0)
denovo38 A118_AF180120 350 (480.0)
denovo38 A1_AF333505 351 (489.0)
denovo38 A107_AB207199 350 (495.5)
denovo38 A111_AB190280 350 (495.5)
denovo38 A108_AB207197 357 (474.5)
denovo38 A106_AB207200 350 (495.0)
denovo38 A102_AB207209 350 (495.5)
denovo38 A1.2_AB207210 350 (495.5)
denovo38 A109_AB190285 350 (495.0)
denovo38 B4_AF333510 325 (1131.0)
denovo38 B23_EU449079 311 (1213.5)
denovo38 B30_GU907644 312 (1198.0)
denovo38 B11_AY239361 312 (1308.0)
denovo38 B17_AY258470 310 (1327.5)
denovo38 B1k_GU907638 314 (697.0)
denovo38 B1.V_Green2014 317 (1285.5)
denovo38 B1b_AF499780 309 (1274.5)
denovo38 B16_AY258469 310 (1354.5)
denovo38 B31a_GU907646 310 (1336.5)
denovo38 B32_GU907647 310 (1336.5)
denovo38 B31_GU907645 310 (1345.5)
denovo38 B1j_GU907637 310 (1336.5)
denovo38 B37_GU907650 312 (1335.0)
denovo38 B5a_AF499782 310 (1336.5)
denovo38 B5_AF499781 310 (1345.5)
denovo38 B24_GU907643 310 (1185.5)
denovo38 B117_AF180124 310 (1228.0)
denovo38 B10_AF499787 310 (1336.5)
denovo38 B20_GU907642 313 (1323.0)
denovo38 B1m_GU907640 310 (1345.5)
denovo38 B34_GU907649 310 (1345.5)
denovo38 B1d_GU907633 310 (1354.5)
denovo38 B1e_GU907634 310 (1345.5)
denovo38 B1i_GU907636 310 (1345.5)
denovo38 B1g_GU907635 311 (1326.5)
denovo38 B123_EU074872 310 (1336.5)
denovo38 B8_AF499785 311 (1335.5)
denovo38 B1l_GU907639 310 (1345.5)
denovo38 B1a_AF499779 310 (1345.5)
denovo38 B14_AY239362 310 (1351.0)
denovo38 B125_EU074865 310 (1345.5)
denovo38 B122_EU074871 310 (1345.5)
denovo38 B124_EU074874 310 (1345.5)
denovo38 B1.VII_Green2014 310 (1284.5)
denovo38 B1.III_Green2014 310 (1273.5)
denovo38 B1.I_Green2014 310 (1354.5)
denovo38 B1.II_Green2014 310 (1354.5)
denovo38 B1_JN558057 310 (1354.5)
denovo38 B1_AF333511 310 (1354.5)
denovo38 B1.IV_Green2014 320 (1349.5)
denovo38 B121_EU074870 310 (1345.5)
denovo38 B7_AF499784 310 (1345.5)
denovo38 B1.VI_Green2014 311 (1295.0)
denovo38 B3_AF333514 310 (1242.0)
denovo38 B9_AF499786 310 (1251.0)
denovo38 B19a_JN558055 314 (1136.0)
denovo38 B119_EU099825 319 (1176.5)
denovo38 B21_DQ865213 309 (1253.0)
denovo38 B38_GU907651 309 (1253.0)
denovo38 B18_AY258471 310 (1269.0)
denovo38 B18a_AY258472 310 (1260.0)
denovo38 B33_GU907648 310 (1260.0)
denovo38 B6_AF499783 315 (1265.5)
denovo38 B19_DQ865212 310 (1278.0)
denovo38 B19_GU907641 310 (1278.0)
denovo38 B2_AF333512 310 (1269.0)
denovo38 B2_JN558060 310 (1269.0)
denovo38 C33.1_AY258498 335 (675.0)
denovo38 C33.2_AY765400 335 (675.0)
denovo38 C33a_EF541147 335 (675.0)
denovo38 C34_AY258499 328 (670.5)
denovo38 C78_AY765413 332 (630.0)
denovo38 C15.29_KC597690 332 (609.0)
denovo38 C1131_DQ182650 329 (610.0)
denovo38 C1135_DQ182646 328 (607.0)
denovo38 C1134_DQ182647 328 (598.5)
denovo38 C1142_DQ182635 328 (607.5)
denovo38 C1136_DQ182644 326 (590.0)
denovo38 C1111_DQ182645 326 (599.5)
denovo38 C1236_EF473656 326 (590.5)
denovo38 C1138_DQ182642 322 (606.0)
denovo38 C1137_DQ182643 326 (590.5)
denovo38 C1133_DQ182648 326 (590.5)
denovo38 C1132_DQ182649 330 (593.0)
denovo38 C1143_DQ182634 326 (599.5)
denovo38 C1139_DQ182639 328 (607.5)
denovo38 C15.28_KC597687 328 (670.5)
denovo38 C1141_DQ182636 328 (634.0)
denovo38 C1144_DQ182637 328 (634.0)
denovo38 C1122_DQ182654 328 (634.5)
denovo38 C1127_DQ182652 328 (634.5)
denovo38 C15.30_JX394114 333 (648.5)
denovo38 C15.26_KC597686 329 (646.0)
denovo38 C1086_DQ182656 330 (649.0)
denovo38 C15.25_KC597685 330 (658.0)
denovo38 C1118_AF180127 333 (600.0)
denovo38 C1129_DQ182651 330 (603.5)
denovo38 C15.21_KC597683 329 (628.5)
denovo38 C56_AY589760 327 (640.0)
denovo38 C1140_DQ182638 330 (630.0)
denovo38 C1126_DQ182653 330 (621.0)
denovo38 C15c_AY258492 331 (660.5)
denovo38 C15d_AY258493 330 (667.0)
denovo38 C1098_DQ182641 328 (659.0)
denovo38 C15.27_KC597689 330 (649.0)
denovo38 C15.18_HE579024 329 (646.0)
denovo38 C15.16_HE579022 335 (672.5)
denovo38 C1101_AB253787 330 (640.0)
denovo38 C1083_AY237300 330 (649.0)
denovo38 C1088_DQ182640 330 (647.5)
denovo38 C15.6_FN563472 330 (649.0)
denovo38 C15.5_FJ461512 332 (645.5)
denovo38 C15.4_FJ461511 332 (654.5)
denovo38 C15.13_HE579019 331 (642.5)
denovo38 C15.12_HE579018 330 (649.0)
denovo38 C93a_AM748563 326 (673.5)
denovo38 C1094_AJ291514 326 (655.5)
denovo38 C93_AM748562 326 (664.5)
denovo38 C15.17_HE579023 326 (640.5)
denovo38 C15e_AY589742 332 (657.5)
denovo38 C15.22_KC597695 330 (649.5)
denovo38 C60_AY589764 330 (666.5)
denovo38 C15.1_FJ461508 330 (649.0)
denovo38 C15.2_FJ461509 330 (667.0)
denovo38 C15.9_FN563475 330 (666.5)
denovo38 C15.7_HE579015 329 (663.5)
denovo38 C15.8_HE579016 330 (649.0)
denovo38 C15.15_HE579021 330 (649.0)
denovo38 C15.19_HE579025 330 (658.0)
denovo38 C15.24_KC597696 330 (642.5)
denovo38 C15.3_FJ461510 332 (672.5)
denovo38 C1087_DQ182655 330 (658.0)
denovo38 C15.14_HE579020 331 (648.5)
denovo38 C15.23_KC597697 331 (648.5)
denovo38 C19_AY258479 329 (667.5)
denovo38 C1233_EU118166 330 (651.5)
denovo38 C15b_AY258491 330 (649.0)
denovo38 C15a_AY258476 332 (663.5)
denovo38 C1051_AF195153 330 (667.0)
denovo38 C2_AF333518 331 (666.0)
denovo38 C15.20_HE579026 331 (657.5)
denovo38 C15f_AY589743 327 (654.5)
denovo38 C55_AY589759 335 (658.0)
denovo38 C15_AY239369 330 (658.0)
denovo38 C32.1_JF683335 329 (616.0)
denovo38 C32.2_JF683336 329 (616.0)
denovo38 C21.23_KC597693 329 (616.0)
denovo38 C1193_EU099827 342 (652.5)
denovo38 C1195_EU099821 334 (634.5)
denovo38 C3q_GU907655 342 (613.5)
denovo38 C53_AY589758 340 (632.5)
denovo38 C73_AY765408 337 (640.0)
denovo38 C17.2.1_KC597684 327 (618.0)
denovo38 C32_AY258497 333 (626.0)
denovo38 C1189_EU099831 333 (627.5)
denovo38 C1191_EU099833 332 (634.0)
denovo38 C1196_EU099819 333 (612.0)
denovo38 C1192_EU099820 333 (609.5)
denovo38 C17.1_JF683322 330 (628.0)
denovo38 C26_b2_FN827164 332 (630.0)
denovo38 C26_b3_FN827165 328 (630.0)
denovo38 C31.9_HQ630879 328 (621.0)
denovo38 C31a_AY589746 328 (620.0)
denovo38 C30_AY589745 328 (617.5)
denovo38 C31.1_HQ630876 328 (617.5)
denovo38 C31.5_HQ630877 326 (629.5)
denovo38 C31.6_HQ630878 328 (626.5)
denovo38 C31.2_JF683332 328 (626.5)
denovo38 C31.3_JF683333 328 (617.5)
denovo38 C26/C35a_AY239378 328 (621.0)
denovo38 C35a_AY258501 328 (621.0)
denovo38 C35.2_AY258500 328 (627.5)
denovo38 C26_b1_FN827163 328 (627.5)
denovo38 C17_AY239370 333 (627.5)
denovo38 C17.2_FJ461513 328 (633.5)
denovo38 C31.10_HQ630880 328 (630.0)
denovo38 C31.4_JF683334 332 (615.0)
denovo38 C31_AY258496 328 (626.5)
denovo38 C25_AY239377 329 (669.0)
denovo38 C61_AY589765 330 (624.0)
denovo38 C1043_DQ072721 333 (616.5)
denovo38 C79_AY765414 335 (635.0)
denovo38 C69_AY589773 323 (636.0)
denovo38 C69a_AY686648 323 (629.5)
denovo38 C21.22_KC597692 331 (604.0)
denovo38 C51_AY589756 332 (637.0)
denovo38 C1aa_HM185739 331 (653.0)
denovo38 C1096_DQ068023 330 (637.0)
denovo38 C74_AY765409 334 (665.5)
denovo38 C1185_AB294629 336 (662.0)
denovo38 C1184_AB294630 336 (662.0)
denovo38 C1153_AB294625 336 (662.0)
denovo38 C1154_AB294626 335 (677.5)
denovo38 C1187_AB294627 336 (662.0)
denovo38 C1186_AB294628 336 (662.0)
denovo38 C57_AY589761 336 (671.0)
denovo38 C66_AY589771 336 (671.0)
denovo38 C5_AF499795 331 (652.0)
denovo38 C1167_AB294586 331 (652.0)
denovo38 C1164_AB294593 331 (652.0)
denovo38 C1183_AB294631 332 (672.5)
denovo38 C1067_DQ335381 333 (648.5)
denovo38 C1159_AB294613 330 (654.5)
denovo38 C1150_AB294622 330 (663.5)
denovo38 C90_AM748554 332 (675.0)
denovo38 C1168_AB294583 331 (661.0)
denovo38 C1156_AB294616 331 (679.0)
denovo38 C1151_AB294621 331 (679.0)
denovo38 C92a_AM748561 331 (679.0)
denovo38 C92_AM748560 331 (670.0)
denovo38 C1165_AB294581 331 (661.0)
denovo38 C1166_AB294584 331 (679.0)
denovo38 C1162_AB294594 331 (661.0)
denovo38 C1163_AB294596 326 (674.0)
denovo38 C1161_AB294606 331 (670.0)
denovo38 C1160_AB294608 335 (662.5)
denovo38 C1158_AB294614 331 (679.0)
denovo38 C1155_AB294617 331 (661.0)
denovo38 C1149_AB294620 331 (670.0)
denovo38 C1173_AB294662 331 (679.0)
denovo38 C1171_AB294663 331 (661.0)
denovo38 C1172_AB294665 331 (661.0)
denovo38 C91a_AM748556 331 (679.0)
denovo38 C91b_AM748557 331 (670.0)
denovo38 C91d_AM748559 330 (667.5)
denovo38 C91c_AM748558 330 (667.5)
denovo38 C91_AJ621543 331 (670.0)
denovo38 C91_AM748555 331 (670.0)
denovo38 C1023_DQ335330 315 (620.0)
denovo38 C1020_DQ335392 337 (651.0)
denovo38 C1018_DQ335408 333 (657.5)
denovo38 C1074_DQ335329 333 (648.5)
denovo38 C1030_DQ335353 333 (648.5)
denovo38 C1022_DQ335331 333 (648.5)
denovo38 C1027_DQ335360 333 (666.5)
denovo38 C1072_DQ335344 333 (648.5)
denovo38 C1039_AB190274 333 (657.5)
denovo38 C1033_DQ335350 338 (645.5)
denovo38 C1019_DQ335407 333 (657.5)
denovo38 C1194_EU099826 334 (645.0)
denovo38 C8b_AY258475 333 (632.5)
denovo38 C8_AY239367 336 (647.5)
denovo38 C8a_AY239368 338 (643.5)
denovo38 C54a_AY765406 333 (660.0)
denovo38 C3ff_HM185740 333 (669.0)
denovo38 C59_AY589763 336 (639.5)
denovo38 C3k_AY589737 330 (658.0)
denovo38 C3.24_HE579012 329 (664.5)
denovo38 C3.23_HE579011 330 (658.0)
denovo38 C35.1_AY765401 340 (659.0)
denovo38 C35.3_EF541145 333 (657.0)
denovo38 C76_AY765411 333 (657.0)
denovo38 C1107_DQ335359 329 (640.5)
denovo38 C3.22_HE579010 339 (631.5)
denovo38 C77_AY765412 333 (654.0)
denovo38 C20_AY239371 331 (660.5)
denovo38 C1055_DQ480640 331 (657.0)
denovo38 C27/C30_AY239379 328 (627.0)
denovo38 C27.1_FJ461517 328 (618.0)
denovo38 C40a_AY589747 336 (656.0)
denovo38 C40_AY258485 336 (656.0)
denovo38 C40b_AY589748 344 (648.5)
denovo38 C16_AY258477 335 (653.5)
denovo38 C16a_AY765399 335 (653.5)
denovo38 C1091_AB207186 328 (661.5)
denovo38 C1102_DQ335400 328 (643.5)
denovo38 C1069_DQ335375 332 (654.5)
denovo38 C1073_DQ335332 328 (652.5)
denovo38 C1066_DQ335382 325 (644.0)
denovo38 C1031_DQ335352 333 (667.0)
denovo38 C1026_DQ335366 338 (663.0)
denovo38 C70_AY589774 328 (670.5)
denovo38 C1082_AB190267 328 (652.5)
denovo38 C1078_AB190271 328 (670.0)
denovo38 C1090_AB207191 328 (661.5)
denovo38 C1071_DQ335302 328 (661.5)
denovo38 C1075_DQ335328 328 (661.5)
denovo38 C1068_DQ335379 328 (652.5)
denovo38 C1064_DQ335395 328 (652.5)
denovo38 C1063_DQ335403 328 (670.5)
denovo38 C62_AY589766 328 (661.5)
denovo38 C1077_DQ335316 328 (667.0)
denovo38 C1109_DQ335338 328 (652.5)
denovo38 C1110_DQ335340 328 (643.5)
denovo38 C1106_DQ335339 328 (643.5)
denovo38 C1112_DQ335319 328 (652.5)
denovo38 C1108_DQ335351 328 (643.5)
denovo38 C1105_DQ335394 328 (652.5)
denovo38 C1121_DQ335378 335 (645.5)
denovo38 C1116_AB190268 335 (654.5)
denovo38 C1115_AB190273 335 (654.5)
denovo38 C1124_DQ335323 328 (634.5)
denovo38 C1120_DQ335398 328 (634.5)
denovo38 C1119_DQ335404 328 (643.5)
denovo38 C1123_DQ335363 328 (643.5)
denovo38 C1004_DQ480635 333 (657.0)
denovo38 C1061_AY186568 333 (648.0)
denovo38 C1053_AY186569 333 (657.0)
denovo38 C1003_DQ480639 333 (657.0)
denovo38 C81_GU907657 324 (629.0)
denovo38 C22_AY239373 328 (659.5)
denovo38 C22a_AY239374 331 (651.0)
denovo38 C1232_EU118163 334 (651.0)
denovo38 C21.13_FJ461515 332 (634.0)
denovo38 C21.1_JF683323 331 (622.0)
denovo38 C21.3_JF683325 333 (636.5)
denovo38 C1.20_HE578993 333 (648.5)
denovo38 C1.22_HE578995 333 (639.5)
denovo38 C52_AY589757 327 (653.5)
denovo38 C1201_EU099793 334 (630.0)
denovo38 C14_AY589741 334 (656.5)
denovo38 C43_AY589749 334 (662.5)
denovo38 C50_AY589755 333 (657.5)
denovo38 C3.14_HQ630872 332 (663.0)
denovo38 C1m_AY765398 328 (662.0)
denovo38 C82_GU907658 339 (666.0)
denovo38 C82b_GU907660 339 (666.0)
denovo38 C64_AY589768 330 (666.0)
denovo38 C45a_AY765404 336 (665.5)
denovo38 C48_AY589753 333 (678.0)
denovo38 C1_v1b_FJ919244 333 (648.5)
denovo38 C1_v1a_FJ919243 333 (657.5)
denovo38 C3j_AY239366 333 (648.5)
denovo38 C3t_EF541149 336 (665.5)
denovo38 C9_AF499798 330 (667.0)
denovo38 C23_AY239375 331 (679.0)
denovo38 C37_AY258481 338 (654.0)
denovo38 C1048_DQ068026 336 (656.5)
denovo38 C21.4_JF683326 333 (627.5)
denovo38 C21.5_JF683327 333 (627.5)
denovo38 C1070_DQ335349 333 (666.5)
denovo38 C21.6_HQ630873 333 (645.5)
denovo38 C1224_EU074890 333 (675.5)
denovo38 C1.17_HE578990 333 (675.5)
denovo38 C21_b1_FN827162 333 (627.5)
denovo38 C21.9_JF683330 333 (636.5)
denovo38 C1085_AY624605 328 (661.5)
denovo38 C3p_GU907654 333 (642.5)
denovo38 C3f_AY589734 333 (666.5)
denovo38 C65a_AY589770 331 (663.0)
denovo38 C65_AY589769 331 (669.5)
denovo38 C71_AY589775 331 (660.5)
denovo38 C71a_AY589776 331 (652.0)
denovo38 C1178_AB294647 332 (649.0)
denovo38 C1225_EU074893 330 (676.0)
denovo38 C75_AY765410 332 (664.0)
denovo38 C21.10_JF683331 332 (633.5)
denovo38 C21.11_HQ630874 332 (633.5)
denovo38 C1065_DQ335388 333 (666.5)
denovo38 C1045_DQ068036 333 (675.5)
denovo38 C1h_AY258473 332 (663.0)
denovo38 C38_AY258482 332 (654.0)
denovo38 C1202_EU099799 332 (654.0)
denovo38 C7_AF499797 332 (663.0)
denovo38 C12_AF499801 334 (652.5)
denovo38 C38a_AY258483 331 (665.5)
denovo38 C1200_EU099800 320 (662.5)
denovo38 C44a_AY589751 333 (666.0)
denovo38 C47_AY589752 336 (674.5)
denovo38 C44_AY589750 336 (665.5)
denovo38 C1.15_HE578988 333 (657.5)
denovo38 C45.3_FJ461522 336 (656.5)
denovo38 C46a_AY765405 336 (656.5)
denovo38 C46_EU449108 336 (665.5)
denovo38 C3.12_FJ461507 336 (665.5)
denovo38 C1k_AY589733 336 (656.5)
denovo38 C67_AY686647 335 (662.5)
denovo38 C82a_GU907659 331 (669.5)
denovo38 C10a_AY589739 336 (665.5)
denovo38 C10_AF499799 336 (656.5)
denovo38 C13_AY589740 338 (659.5)
denovo38 C4_AF499794 336 (656.5)
denovo38 C1147_EF656433 336 (656.5)
denovo38 C1c/C45_AY239364 336 (665.5)
denovo38 C1c/C45_EU449103 336 (665.5)
denovo38 C21.19_HE579031 333 (636.5)
denovo38 C21.21_HE579033 333 (627.5)
denovo38 C21.20_HE579032 333 (636.5)
denovo38 C42b_AY765403 334 (653.5)
denovo38 C42_AY258487 334 (662.5)
denovo38 C1p_GU907652 333 (660.0)
denovo38 C1d_AY258488 336 (650.0)
denovo38 C42_AY765402 336 (659.0)
denovo38 C3ha_AY589736 333 (627.5)
denovo38 C63a_AY589767 328 (633.5)
denovo38 C21a_AY589744 333 (636.5)
denovo38 C3o_GU907653 332 (633.5)
denovo38 C21.16_HQ630875 333 (627.5)
denovo38 C21.2_JF683324 333 (627.5)
denovo38 C21.7_JF683328 332 (634.0)
denovo38 C21.8_JF683329 333 (636.5)
denovo38 C3h_AY239365 333 (627.5)
denovo38 C1203_EU099798 333 (627.5)
denovo38 C3.10_FJ461505 333 (675.5)
denovo38 C21.14_FJ461516 333 (645.5)
denovo38 C21.18_HE579030 328 (638.0)
denovo38 C3.17_HE579005 333 (657.5)
denovo38 C3.9_FJ461504 333 (654.5)
denovo38 C3.8_FJ461503 333 (666.5)
denovo38 C3.7_FJ461502 333 (657.5)
denovo38 C3.11_FJ461506 340 (669.0)
denovo38 C3.18_HE579006 333 (666.5)
denovo38 C3.19_HE579007 333 (657.5)
denovo38 C3.20_HE579008 333 (657.5)
denovo38 C3g_AY589735 336 (649.5)
denovo38 C3a_AF499790 331 (670.0)
denovo38 C3e_AF499793 333 (657.5)
denovo38 C6_AF499796 340 (677.5)
denovo38 C11_AF499800 333 (657.5)
denovo38 C36_AY258480 333 (675.5)
denovo38 C29_AY258494 333 (675.5)
denovo38 C1146_EF656434 335 (664.0)
denovo38 C1190_EU099841 333 (675.5)
denovo38 C131_JF320826 333 (657.5)
denovo38 C28_AY239380 342 (668.0)
denovo38 C1012_DQ480604 333 (666.5)
denovo38 C1181_AB294640 333 (642.5)
denovo38 C1180_AB294641 333 (660.5)
denovo38 C1179_AB294645 331 (646.0)
denovo38 C1176_AB294651 331 (655.0)
denovo38 C1175_AB294653 333 (642.5)
denovo38 C1174_AB294655 333 (651.0)
denovo38 C1177_AB294659 333 (651.5)
denovo38 C1040_AB190269 328 (661.5)
denovo38 C1182_AB294649 333 (666.5)
denovo38 C1089_AJ278598 333 (657.5)
denovo38 C1028_DQ335357 340 (668.5)
denovo38 C3.16_EU786015 333 (675.5)
denovo38 C1097_AJ311943 332 (651.0)
denovo38 C1170_AB294661 333 (651.5)
denovo38 C21.17_HE579029 333 (647.5)
denovo38 C21/3d/C3k_AY239372 333 (636.5)
denovo38 C58_AY589762 333 (642.0)
denovo38 C3L_AY589738 336 (662.0)
denovo38 C1169_AB294660 333 (651.5)
denovo38 C3.2_FJ461497 333 (660.5)
denovo38 C3.1_JF683321 330 (661.5)
denovo38 C1104_AF427469 334 (656.5)
denovo38 C3b_AF499791 333 (669.5)
denovo38 C83_GU907661 333 (669.0)
denovo38 C49_AY589754 361 (677.5)
denovo38 C3_AB778606 333 (666.5)
denovo38 C3_AF499789 333 (666.5)
denovo38 C3_HE579001 333 (666.5)
denovo38 C21.12_FJ461514 333 (636.5)
denovo38 C1229_EU074888 329 (659.0)
denovo38 C1230_EU074889 329 (668.0)
denovo38 C1114_AB207196 333 (648.5)
denovo38 C3.21_HE579009 333 (597.5)
denovo38 C1057_DQ480619 333 (657.5)
denovo38 C72_AY765407 329 (654.0)
denovo38 C1b.3_HE578999 333 (651.5)
denovo38 C93_AJ621536 333 (657.5)
denovo38 C94_AJ621539 333 (657.5)
denovo38 C1g_AY589730 333 (675.5)
denovo38 C1i_AY589731 325 (662.0)
denovo38 C1j_AY589732 340 (668.5)
denovo38 C1005_DQ480633 333 (657.5)
denovo38 C1.7_FJ461494 333 (657.5)
denovo38 C1.11_HE578984 328 (661.0)
denovo38 C1.12_HE578985 333 (657.5)
denovo38 C1.13_HE578986 333 (666.5)
denovo38 C1.14_HE578987 333 (666.5)
denovo38 C1.18_HE578991 333 (657.5)
denovo38 C1.19_HE578992 333 (657.5)
denovo38 C1199_EU099802 330 (643.0)
denovo38 C1188_EU099838 330 (658.0)
denovo38 C1002_DQ838544 333 (666.5)
denovo38 C1198_EU099810 333 (657.5)
denovo38 C24_AY239376 333 (657.5)
denovo38 C1f_AY258490 333 (666.5)
denovo38 C1006_DQ480629 333 (675.5)
denovo38 C1010_DQ480607 333 (657.5)
denovo38 C1007_DQ480624 333 (657.5)
denovo38 C1011_DQ480605 333 (657.5)
denovo38 C1009_DQ480608 333 (657.5)
denovo38 C1041_AY186548 333 (666.5)
denovo38 C1052_AY186570 333 (657.5)
denovo38 C1148_EU040178 333 (666.5)
denovo38 C1234_EU118165 333 (663.0)
denovo38 C1.5_EF634157 333 (666.5)
denovo38 C1059_DQ480609 333 (657.5)
denovo38 C1228_EU074883 333 (657.5)
denovo38 C1208_EU074963 333 (657.5)
denovo38 C1207_EU074964 333 (666.5)
denovo38 C1206_EU074965 333 (657.5)
denovo38 C1013_DQ480642 333 (657.5)
denovo38 C80_GU907656 340 (652.0)
denovo38 C1a_AF499788 330 (658.0)
denovo38 C41_AY258486 333 (666.5)
denovo38 C39_AY258484 318 (662.0)
denovo38 C1231_EU074878 333 (657.5)
denovo38 C1b.1_HE578997 333 (651.5)
denovo38 C18_AY258478 333 (666.5)
denovo38 C1.10_HE578983 332 (660.5)
denovo38 C1_JN558041 333 (666.5)
denovo38 C1_HE578979 333 (666.5)
denovo38 C1_AM748551 333 (666.5)
denovo38 C1_AF333515 333 (666.5)
denovo38 C1054_AY186565 332 (670.0)
denovo38 C1008_DQ480613 333 (657.5)
denovo38 C1103_AF427470 334 (656.5)
denovo38 C1226_EU074881 333 (672.0)
denovo38 C1b/C1e_AY239363 333 (660.5)
denovo38 C1044_DQ068038 333 (651.5)
denovo38 C1017_DQ174729 334 (650.5)
denovo38 C1.6_FJ461493 333 (675.5)
denovo38 C1b.2_HE578998 333 (651.5)
denovo38 C1060_DQ480600 333 (657.5)
denovo38 C1227_EU074882 333 (657.5)
denovo38 C1197_EU099814 333 (657.5)
denovo38 C1130_DQ480643 333 (571.5)
denovo38 D109_AB097465 363 (465.0)
denovo38 D1.11_HE579040 360 (474.5)
denovo38 D105_AF174570 361 (469.0)
denovo38 D104_AF174572 360 (465.5)
denovo38 D1.3_JF683337 361 (468.0)
denovo38 D1.10_HE579039 360 (465.5)
denovo38 D110_AF174561 360 (465.5)
denovo38 D117_AF174542 360 (465.5)
denovo38 D114_AF174549 360 (474.5)
denovo38 D113_AF174557 360 (465.5)
denovo38 D112_AF174558 362 (472.0)
denovo38 D106_AF174559 360 (474.5)
denovo38 D111_AF174560 360 (474.0)
denovo38 D115_AF174562 360 (465.5)
denovo38 D107_AF174568 359 (472.0)
denovo38 D116_AF174571 360 (483.5)
denovo38 D124_EU074897 354 (474.5)
denovo38 D1.8_HE579037 362 (472.0)
denovo38 D3_AY686650 360 (474.5)
denovo38 D1.6_HQ630881 360 (465.5)
denovo38 D120_EU074900 360 (465.5)
denovo38 D121_EU074904 360 (474.5)
denovo38 D122_EU074905 360 (465.5)
denovo38 D1a.2_JF683339 366 (466.5)
denovo38 D1a.1_JF683338 354 (474.5)
denovo38 D2_AY686649 593 (541.0)
denovo38 D4_DQ865214 363 (471.5)
denovo38 D1a_AF499802 360 (474.5)
denovo38 D1a_JN558078 360 (474.5)
denovo38 D123_EU074895 360 (474.5)
denovo38 D108_AF174567 358 (477.0)
denovo38 D103_AF174575 360 (474.5)
denovo38 D100_AF411415 356 (471.5)
denovo38 D118_EF656435 354 (483.5)
denovo38 D101_AF411416 356 (456.5)
denovo38 D119_EU099832 359 (465.0)
denovo38 D102_AF174573 359 (475.0)
denovo38 D1_AF334660 360 (474.5)
denovo38 D1_JN558076 360 (474.5)
denovo38 D1.12_HE579041 343 (470.0)
denovo38 D1.1_AM748564 420 (503.0)
denovo38 D1.2_AM748617 450 (492.0)
denovo38 E111_EU074915 351 (466.0)
denovo38 E110_EU074914 362 (464.5)
denovo38 E114_EU074909 362 (446.5)
denovo38 E1_AF334659 363 (454.5)
denovo38 E105_EU074921 362 (464.5)
denovo38 E112_EU074916 362 (446.5)
denovo38 E104_EU074922 349 (453.0)
denovo38 E102_EU074924 362 (446.5)
denovo38 E103_EU074923 362 (455.5)
denovo38 E101_AY160123 367 (430.5)
denovo38 E109_EU074913 356 (474.5)
denovo38 E100_DQ011618 359 (481.5)
denovo38 E108_EU074912 362 (472.5)
denovo38 E113_EU074908 358 (482.5)
denovo38 E107_EU074910 362 (472.5)
denovo38 F1_JN558066 334 (626.5)
denovo38 F5.2d_AJ291530 332 (648.5)
denovo38 F104_AJ291531 332 (648.5)
denovo38 F5.2c_AM748596 335 (648.5)
denovo38 F5.2_AM748594 337 (644.5)
denovo38 F5.2a_AM748614 337 (644.5)
denovo38 F5.2b_AM748595 337 (644.5)
denovo38 F5.2e_AJ291533 333 (625.0)
denovo38 F5.2g_JN558072 340 (651.5)
denovo38 F5.2f_AJ291512 335 (638.0)
denovo38 F102_AJ291534 338 (646.5)
denovo38 F5.1c_AM748593 336 (668.5)
denovo38 F5.1d_JN558069 337 (625.5)
denovo38 F5.1b_AJ291535 335 (656.5)
denovo38 F5.1_AM748592 336 (650.5)
denovo38 F5.1a_AM748591 335 (656.5)
denovo38 F110_AJ291526 318 (732.0)
denovo38 F4.7_AM748587 319 (711.0)
denovo38 F4.5_AM748585 331 (714.5)
denovo38 F4.4a_AM748583 322 (734.5)
denovo38 F4.4_AM748582 329 (734.5)
denovo38 F4.4b_AM748584 320 (744.5)
denovo38 F4.1a_AM748573 322 (678.5)
denovo38 F112_AJ291528 319 (681.5)
denovo38 F4.1_AM748572 319 (681.5)
denovo38 F4.8b_AM748590 319 (742.5)
denovo38 F4.8_AM748588 319 (734.0)
denovo38 F4.8a_AM748589 319 (734.0)
denovo38 F109_AJ291527 325 (738.5)
denovo38 F4.6_AM748586 319 (690.0)
denovo38 F111_AJ311949 323 (716.0)
denovo38 F4.3c_AM748581 324 (719.0)
denovo38 F4.3a_AM748579 326 (725.5)
denovo38 F4.3b_AM748580 327 (718.5)
denovo38 F4.3_AM748578 327 (718.5)
denovo38 F4.2_AM748574 319 (744.0)
denovo38 F4.2a_AM748575 319 (720.5)
denovo38 F4.2c_AM748577 319 (717.0)
denovo38 F4.2b_AM748576 319 (729.5)
denovo38 F2b_AJ291521 337 (669.0)
denovo38 F2_AJ830908 333 (694.0)
denovo38 F2a_AJ830911 333 (689.5)
denovo38 F3.1a_AM748566 344 (655.5)
denovo38 F114_AJ291525 344 (665.0)
denovo38 F3.1_AM748565 344 (665.0)
denovo38 F3.2_AM748567 350 (681.5)
denovo38 F3.2a_AM748568 350 (684.0)
denovo38 F3.3_AM748569 339 (664.0)
denovo38 F3.4a_AM748571 347 (624.0)
denovo38 F3.4_AM748570 343 (630.0)
denovo38 F3.4b_AM748616 343 (630.0)
denovo38 G101_AJ291539 370 (503.0)
denovo38 G1_AM748597 370 (503.0)
denovo38 G2b_JN558087 378 (492.0)
denovo38 G2_AM748598 379 (486.5)
denovo38 G2a_AM748599 377 (480.0)
denovo38 G4_AM748601 359 (522.0)
denovo38 G3.4_LK392378 360 (473.0)
denovo38 G3_AM748600 362 (495.5)
denovo38 G3.2_KC597694 355 (434.5)
denovo38 G3.1_KC597688 365 (494.0)
denovo38 G100_AB253788 361 (482.0)
denovo38 G3.3_LK392377 365 (485.0)
denovo38 H6_AJ291520 647 (331.0)
denovo38 H3_AM748606 326 (556.5)
denovo38 H2_AM748605 332 (573.5)
denovo38 H4_AM748607 336 (560.5)
denovo38 H4a_AM748608 336 (557.5)
denovo38 H5a_AM748611 334 (538.0)
denovo38 H5b_AM748610 337 (536.5)
denovo38 H5_AJ621129 334 (538.0)
denovo38 H5_AM748609 334 (538.0)
denovo38 H100_AJ291513 336 (533.0)
denovo38 H1b_AM748604 333 (537.5)
denovo38 H1a_AM748612 336 (537.0)
denovo38 H1_AJ621152 336 (537.0)
denovo38 H1_AM748602 336 (537.0)
denovo38 I3_FN561561 339 (720.0)
denovo38 I4_FN561562 339 (720.0)
denovo38 I1_FN561559 340 (713.0)
denovo38 I2_FN561560 343 (722.0)

#---------------------------------------
#---------------------------------------
