denovo174 A136_DQ865210 294 (711.0)
denovo174 A133_DQ174725 282 (763.5)
denovo174 A115_AF180123 285 (660.0)
denovo174 A117_AF201746 290 (764.0)
denovo174 A134_DQ174723 290 (773.0)
denovo174 A114_AF184941 290 (773.0)
denovo174 A135_DQ174727 292 (777.5)
denovo174 A2_AF333506 293 (776.5)
denovo174 A101_AF427468 292 (777.5)
denovo174 A2_1_JN558097 292 (777.5)
denovo174 A2_2_JN558100 292 (777.5)
denovo174 A113_AF184948 281 (776.5)
denovo174 A112_AF184949 279 (799.0)
denovo174 A123_EF378618 274 (775.0)
denovo174 A137_EF378621 270 (863.5)
denovo174 A11_EU449041 272 (968.5)
denovo174 A121_DQ174722 272 (1016.5)
denovo174 A15b_EU792886 272 (983.5)
denovo174 A15a_EU792885 272 (1001.5)
denovo174 A15c_EU792887 273 (986.5)
denovo174 A15_EU792884 272 (992.5)
denovo174 A147_EU074937 272 (1019.5)
denovo174 A154_EU074860 272 (1019.5)
denovo174 A146_EU074936 272 (1019.5)
denovo174 A150_EU074928 272 (1028.5)
denovo174 A116_AF183575 272 (1019.5)
denovo174 A141_EU074931 272 (1028.5)
denovo174 A5_AF333508 272 (1052.5)
denovo174 A3b_EU449043 272 (1037.5)
denovo174 A151_EU074925 272 (1028.5)
denovo174 A152_EU074927 272 (1028.5)
denovo174 A149_EU074929 272 (1028.5)
denovo174 A140_EU074930 272 (1028.5)
denovo174 A142_EU074932 272 (1028.5)
denovo174 A143_EU074933 272 (1028.5)
denovo174 A144_EU074934 272 (1028.5)
denovo174 A145_EU074935 273 (1031.5)
denovo174 A148_EU074938 272 (1028.5)
denovo174 A155_EU074856 272 (1037.5)
denovo174 A156_EU074859 272 (1028.5)
denovo174 A139_EU074962 272 (1028.5)
denovo174 A6_AF186058 272 (1037.5)
denovo174 A3_AF333507 272 (1037.5)
denovo174 A3_JN558091 272 (1037.5)
denovo174 A8_AY258468 272 (1010.5)
denovo174 A7_AY239360 272 (1010.5)
denovo174 A16_EU792888 272 (1010.5)
denovo174 A4.3_FN429763 274 (1113.5)
denovo174 A120_AF180122 273 (1055.5)
denovo174 A4.2_FN429761 272 (1105.0)
denovo174 A4_AF333509 272 (1142.0)
denovo174 A4.1_FN429760 272 (1121.5)
denovo174 A4a_AF499778 272 (1133.0)
denovo174 A4a.1_FN429762 272 (1133.0)
denovo174 A138_EF378620 272 (1033.0)
denovo174 A122_EF378619 271 (1061.0)
denovo174 A126_EF378615 270 (1080.0)
denovo174 A10_EU792882 270 (1080.0)
denovo174 A9_EU449028 272 (1070.0)
denovo174 A105_AB207202 272 (1070.0)
denovo174 A119_AF180121 273 (1007.5)
denovo174 A12_EU792883 272 (1079.0)
denovo174 A104_AB207203 272 (1079.0)
denovo174 A1a_EU449030 272 (1088.0)
denovo174 A1.3_HE578976 272 (1088.0)
denovo174 A1.4_HE578977 272 (1088.0)
denovo174 A13_AF333504 272 (1088.0)
denovo174 A13_JN558094 272 (1088.0)
denovo174 A110_AB190282 272 (1088.0)
denovo174 A103_AB207206 272 (1088.0)
denovo174 A130_EF656428 272 (1088.0)
denovo174 A127_EF656429 272 (1088.0)
denovo174 A128_EF656430 272 (1088.0)
denovo174 A129_EF656431 272 (1088.0)
denovo174 A131_EF656432 272 (1088.0)
denovo174 A118_AF180120 272 (1035.5)
denovo174 A1_AF333505 272 (1097.0)
denovo174 A107_AB207199 272 (1070.0)
denovo174 A111_AB190280 272 (1079.0)
denovo174 A108_AB207197 272 (1064.0)
denovo174 A106_AB207200 272 (1070.0)
denovo174 A102_AB207209 272 (1088.0)
denovo174 A1.2_AB207210 272 (1088.0)
denovo174 A109_AB190285 272 (1079.0)
denovo174 B4_AF333510 335 (494.0)
denovo174 B23_EU449079 335 (481.5)
denovo174 B30_GU907644 336 (477.0)
denovo174 B11_AY239361 344 (483.0)
denovo174 B17_AY258470 343 (495.0)
denovo174 B1k_GU907638 279 (238.0)
denovo174 B1.V_Green2014 351 (475.5)
denovo174 B1b_AF499780 334 (509.5)
denovo174 B16_AY258469 343 (486.0)
denovo174 B31a_GU907646 344 (490.0)
denovo174 B32_GU907647 344 (490.5)
denovo174 B31_GU907645 345 (492.5)
denovo174 B1j_GU907637 343 (504.0)
denovo174 B37_GU907650 343 (515.0)
denovo174 B5a_AF499782 343 (486.0)
denovo174 B5_AF499781 343 (495.0)
denovo174 B24_GU907643 340 (372.5)
denovo174 B117_AF180124 331 (488.5)
denovo174 B10_AF499787 342 (492.5)
denovo174 B20_GU907642 344 (494.5)
denovo174 B1m_GU907640 344 (489.0)
denovo174 B34_GU907649 343 (495.0)
denovo174 B1d_GU907633 340 (496.0)
denovo174 B1e_GU907634 343 (495.0)
denovo174 B1i_GU907636 344 (489.0)
denovo174 B1g_GU907635 344 (486.0)
denovo174 B123_EU074872 345 (492.0)
denovo174 B8_AF499785 345 (480.0)
denovo174 B1l_GU907639 343 (486.5)
denovo174 B1a_AF499779 343 (495.0)
denovo174 B14_AY239362 344 (476.0)
denovo174 B125_EU074865 343 (495.0)
denovo174 B122_EU074871 345 (492.5)
denovo174 B124_EU074874 343 (486.0)
denovo174 B1.VII_Green2014 344 (447.0)
denovo174 B1.III_Green2014 334 (487.5)
denovo174 B1.I_Green2014 343 (495.0)
denovo174 B1.II_Green2014 343 (495.0)
denovo174 B1_JN558057 343 (495.0)
denovo174 B1_AF333511 343 (495.0)
denovo174 B1.IV_Green2014 341 (490.5)
denovo174 B121_EU074870 343 (486.0)
denovo174 B7_AF499784 341 (488.5)
denovo174 B1.VI_Green2014 330 (475.5)
denovo174 B3_AF333514 336 (507.0)
denovo174 B9_AF499786 341 (494.5)
denovo174 B19a_JN558055 324 (489.0)
denovo174 B119_EU099825 330 (488.0)
denovo174 B21_DQ865213 324 (484.0)
denovo174 B38_GU907651 324 (484.0)
denovo174 B18_AY258471 336 (507.0)
denovo174 B18a_AY258472 330 (515.5)
denovo174 B33_GU907648 338 (495.0)
denovo174 B6_AF499783 339 (499.0)
denovo174 B19_DQ865212 336 (498.0)
denovo174 B19_GU907641 336 (498.0)
denovo174 B2_AF333512 336 (498.0)
denovo174 B2_JN558060 336 (498.0)
denovo174 C33.1_AY258498 331 (511.0)
denovo174 C33.2_AY765400 331 (511.0)
denovo174 C33a_EF541147 331 (511.0)
denovo174 C34_AY258499 332 (530.5)
denovo174 C78_AY765413 331 (509.5)
denovo174 C15.29_KC597690 333 (497.0)
denovo174 C1131_DQ182650 329 (476.0)
denovo174 C1135_DQ182646 326 (467.5)
denovo174 C1134_DQ182647 332 (466.5)
denovo174 C1142_DQ182635 329 (467.0)
denovo174 C1136_DQ182644 326 (464.0)
denovo174 C1111_DQ182645 330 (476.0)
denovo174 C1236_EF473656 330 (467.0)
denovo174 C1138_DQ182642 330 (467.0)
denovo174 C1137_DQ182643 328 (478.5)
denovo174 C1133_DQ182648 330 (467.0)
denovo174 C1132_DQ182649 330 (476.0)
denovo174 C1143_DQ182634 330 (476.0)
denovo174 C1139_DQ182639 329 (476.0)
denovo174 C15.28_KC597687 329 (522.0)
denovo174 C1141_DQ182636 329 (485.0)
denovo174 C1144_DQ182637 329 (485.0)
denovo174 C1122_DQ182654 329 (485.0)
denovo174 C1127_DQ182652 329 (485.0)
denovo174 C15.30_JX394114 340 (527.5)
denovo174 C15.26_KC597686 326 (513.5)
denovo174 C1086_DQ182656 331 (519.0)
denovo174 C15.25_KC597685 331 (528.0)
denovo174 C1118_AF180127 320 (495.0)
denovo174 C1129_DQ182651 331 (482.0)
denovo174 C15.21_KC597683 334 (509.0)
denovo174 C56_AY589760 331 (519.0)
denovo174 C1140_DQ182638 331 (491.0)
denovo174 C1126_DQ182653 331 (491.0)
denovo174 C15c_AY258492 331 (519.0)
denovo174 C15d_AY258493 331 (519.0)
denovo174 C1098_DQ182641 330 (513.0)
denovo174 C15.27_KC597689 331 (537.0)
denovo174 C15.18_HE579024 331 (510.0)
denovo174 C15.16_HE579022 331 (537.0)
denovo174 C1101_AB253787 331 (510.0)
denovo174 C1083_AY237300 333 (524.0)
denovo174 C1088_DQ182640 328 (528.5)
denovo174 C15.6_FN563472 331 (519.0)
denovo174 C15.5_FJ461512 334 (519.0)
denovo174 C15.4_FJ461511 331 (519.5)
denovo174 C15.13_HE579019 331 (510.0)
denovo174 C15.12_HE579018 331 (519.0)
denovo174 C93a_AM748563 331 (528.0)
denovo174 C1094_AJ291514 331 (510.0)
denovo174 C93_AM748562 331 (519.0)
denovo174 C15.17_HE579023 333 (527.5)
denovo174 C15e_AY589742 334 (530.5)
denovo174 C15.22_KC597695 331 (519.0)
denovo174 C60_AY589764 331 (528.0)
denovo174 C15.1_FJ461508 331 (528.5)
denovo174 C15.2_FJ461509 331 (519.0)
denovo174 C15.9_FN563475 331 (528.5)
denovo174 C15.7_HE579015 331 (528.0)
denovo174 C15.8_HE579016 331 (519.0)
denovo174 C15.15_HE579021 331 (519.0)
denovo174 C15.19_HE579025 331 (537.0)
denovo174 C15.24_KC597696 331 (528.0)
denovo174 C15.3_FJ461510 331 (519.5)
denovo174 C1087_DQ182655 332 (521.5)
denovo174 C15.14_HE579020 334 (523.5)
denovo174 C15.23_KC597697 334 (523.5)
denovo174 C19_AY258479 331 (522.5)
denovo174 C1233_EU118166 331 (519.0)
denovo174 C15b_AY258491 331 (519.0)
denovo174 C15a_AY258476 331 (528.5)
denovo174 C1051_AF195153 331 (537.0)
denovo174 C2_AF333518 331 (533.0)
denovo174 C15.20_HE579026 332 (527.5)
denovo174 C15f_AY589743 333 (521.0)
denovo174 C55_AY589759 335 (526.0)
denovo174 C15_AY239369 331 (528.0)
denovo174 C32.1_JF683335 329 (536.0)
denovo174 C32.2_JF683336 332 (536.5)
denovo174 C21.23_KC597693 332 (536.5)
denovo174 C1193_EU099827 334 (506.0)
denovo174 C1195_EU099821 336 (477.5)
denovo174 C3q_GU907655 325 (548.5)
denovo174 C53_AY589758 333 (505.0)
denovo174 C73_AY765408 336 (539.5)
denovo174 C17.2.1_KC597684 338 (518.0)
denovo174 C32_AY258497 331 (543.5)
denovo174 C1189_EU099831 327 (531.0)
denovo174 C1191_EU099833 327 (531.0)
denovo174 C1196_EU099819 327 (522.0)
denovo174 C1192_EU099820 327 (522.0)
denovo174 C17.1_JF683322 329 (528.0)
denovo174 C26_b2_FN827164 328 (530.5)
denovo174 C26_b3_FN827165 328 (512.5)
denovo174 C31.9_HQ630879 331 (515.0)
denovo174 C31a_AY589746 332 (505.5)
denovo174 C30_AY589745 329 (514.0)
denovo174 C31.1_HQ630876 330 (517.0)
denovo174 C31.5_HQ630877 332 (523.0)
denovo174 C31.6_HQ630878 328 (511.5)
denovo174 C31.2_JF683332 332 (514.5)
denovo174 C31.3_JF683333 332 (514.5)
denovo174 C26/C35a_AY239378 328 (521.5)
denovo174 C35a_AY258501 328 (521.5)
denovo174 C35.2_AY258500 328 (530.5)
denovo174 C26_b1_FN827163 328 (530.5)
denovo174 C17_AY239370 327 (531.5)
denovo174 C17.2_FJ461513 331 (527.0)
denovo174 C31.10_HQ630880 331 (524.0)
denovo174 C31.4_JF683334 336 (503.0)
denovo174 C31_AY258496 332 (514.5)
denovo174 C25_AY239377 334 (512.0)
denovo174 C61_AY589765 326 (524.5)
denovo174 C1043_DQ072721 331 (477.5)
denovo174 C79_AY765414 328 (510.5)
denovo174 C69_AY589773 319 (518.5)
denovo174 C69a_AY686648 319 (509.5)
denovo174 C21.22_KC597692 326 (538.0)
denovo174 C51_AY589756 328 (510.5)
denovo174 C1aa_HM185739 330 (517.0)
denovo174 C1096_DQ068023 332 (518.0)
denovo174 C74_AY765409 337 (523.5)
denovo174 C1185_AB294629 337 (523.5)
denovo174 C1184_AB294630 337 (523.5)
denovo174 C1153_AB294625 335 (527.5)
denovo174 C1154_AB294626 337 (532.5)
denovo174 C1187_AB294627 337 (523.5)
denovo174 C1186_AB294628 342 (530.0)
denovo174 C57_AY589761 337 (523.5)
denovo174 C66_AY589771 337 (532.5)
denovo174 C5_AF499795 331 (519.0)
denovo174 C1167_AB294586 333 (524.0)
denovo174 C1164_AB294593 330 (516.5)
denovo174 C1183_AB294631 331 (518.5)
denovo174 C1067_DQ335381 331 (519.5)
denovo174 C1159_AB294613 338 (527.0)
denovo174 C1150_AB294622 338 (518.0)
denovo174 C90_AM748554 331 (539.5)
denovo174 C1168_AB294583 339 (515.0)
denovo174 C1156_AB294616 331 (518.0)
denovo174 C1151_AB294621 337 (527.5)
denovo174 C92a_AM748561 339 (524.0)
denovo174 C92_AM748560 339 (524.0)
denovo174 C1165_AB294581 331 (528.0)
denovo174 C1166_AB294584 331 (537.0)
denovo174 C1162_AB294594 331 (528.0)
denovo174 C1163_AB294596 331 (519.0)
denovo174 C1161_AB294606 331 (528.0)
denovo174 C1160_AB294608 332 (530.5)
denovo174 C1158_AB294614 335 (531.0)
denovo174 C1155_AB294617 331 (519.0)
denovo174 C1149_AB294620 331 (528.0)
denovo174 C1173_AB294662 331 (528.0)
denovo174 C1171_AB294663 331 (519.0)
denovo174 C1172_AB294665 331 (519.0)
denovo174 C91a_AM748556 332 (521.0)
denovo174 C91b_AM748557 331 (527.5)
denovo174 C91d_AM748559 331 (519.0)
denovo174 C91c_AM748558 331 (519.0)
denovo174 C91_AJ621543 331 (528.0)
denovo174 C91_AM748555 331 (528.0)
denovo174 C1023_DQ335330 302 (511.0)
denovo174 C1020_DQ335392 331 (528.5)
denovo174 C1018_DQ335408 337 (527.5)
denovo174 C1074_DQ335329 331 (519.5)
denovo174 C1030_DQ335353 331 (528.5)
denovo174 C1022_DQ335331 331 (528.5)
denovo174 C1027_DQ335360 331 (528.5)
denovo174 C1072_DQ335344 331 (519.5)
denovo174 C1039_AB190274 331 (528.5)
denovo174 C1033_DQ335350 336 (516.5)
denovo174 C1019_DQ335407 331 (528.5)
denovo174 C1194_EU099826 333 (509.5)
denovo174 C8b_AY258475 331 (504.5)
denovo174 C8_AY239367 333 (516.0)
denovo174 C8a_AY239368 333 (516.0)
denovo174 C54a_AY765406 331 (527.5)
denovo174 C3ff_HM185740 331 (518.0)
denovo174 C59_AY589763 333 (545.5)
denovo174 C3k_AY589737 333 (524.5)
denovo174 C3.24_HE579012 333 (524.0)
denovo174 C3.23_HE579011 333 (524.0)
denovo174 C35.1_AY765401 331 (545.5)
denovo174 C35.3_EF541145 331 (545.5)
denovo174 C76_AY765411 326 (520.0)
denovo174 C1107_DQ335359 328 (487.0)
denovo174 C3.22_HE579010 332 (515.5)
denovo174 C77_AY765412 329 (510.0)
denovo174 C20_AY239371 333 (516.0)
denovo174 C1055_DQ480640 332 (518.5)
denovo174 C27/C30_AY239379 327 (528.0)
denovo174 C27.1_FJ461517 327 (519.0)
denovo174 C40a_AY589747 336 (525.5)
denovo174 C40_AY258485 336 (525.5)
denovo174 C40b_AY589748 336 (522.0)
denovo174 C16_AY258477 331 (519.5)
denovo174 C16a_AY765399 332 (522.5)
denovo174 C1091_AB207186 328 (511.0)
denovo174 C1102_DQ335400 328 (493.0)
denovo174 C1069_DQ335375 329 (520.5)
denovo174 C1073_DQ335332 329 (512.0)
denovo174 C1066_DQ335382 329 (512.0)
denovo174 C1031_DQ335352 328 (520.0)
denovo174 C1026_DQ335366 331 (528.5)
denovo174 C70_AY589774 328 (520.0)
denovo174 C1082_AB190267 328 (511.0)
denovo174 C1078_AB190271 330 (507.5)
denovo174 C1090_AB207191 328 (502.0)
denovo174 C1071_DQ335302 332 (504.5)
denovo174 C1075_DQ335328 334 (510.0)
denovo174 C1068_DQ335379 328 (511.0)
denovo174 C1064_DQ335395 328 (520.0)
denovo174 C1063_DQ335403 329 (504.5)
denovo174 C62_AY589766 328 (511.0)
denovo174 C1077_DQ335316 329 (509.0)
denovo174 C1109_DQ335338 328 (502.0)
denovo174 C1110_DQ335340 328 (502.0)
denovo174 C1106_DQ335339 328 (493.0)
denovo174 C1112_DQ335319 328 (502.0)
denovo174 C1108_DQ335351 328 (493.0)
denovo174 C1105_DQ335394 328 (502.0)
denovo174 C1121_DQ335378 328 (493.0)
denovo174 C1116_AB190268 328 (502.0)
denovo174 C1115_AB190273 328 (502.0)
denovo174 C1124_DQ335323 328 (484.0)
denovo174 C1120_DQ335398 328 (493.0)
denovo174 C1119_DQ335404 328 (502.0)
denovo174 C1123_DQ335363 328 (493.0)
denovo174 C1004_DQ480635 328 (528.0)
denovo174 C1061_AY186568 331 (519.0)
denovo174 C1053_AY186569 331 (528.0)
denovo174 C1003_DQ480639 331 (528.0)
denovo174 C81_GU907657 315 (525.0)
denovo174 C22_AY239373 329 (530.5)
denovo174 C22a_AY239374 329 (530.5)
denovo174 C1232_EU118163 333 (515.5)
denovo174 C21.13_FJ461515 326 (537.0)
denovo174 C21.1_JF683323 327 (531.5)
denovo174 C21.3_JF683325 327 (531.5)
denovo174 C1.20_HE578993 333 (524.5)
denovo174 C1.22_HE578995 333 (515.5)
denovo174 C52_AY589757 328 (513.5)
denovo174 C1201_EU099793 335 (481.5)
denovo174 C14_AY589741 330 (510.0)
denovo174 C43_AY589749 329 (511.5)
denovo174 C50_AY589755 331 (528.5)
denovo174 C3.14_HQ630872 331 (519.5)
denovo174 C1m_AY765398 328 (511.0)
denovo174 C82_GU907658 332 (512.0)
denovo174 C82b_GU907660 332 (512.0)
denovo174 C64_AY589768 326 (540.0)
denovo174 C45a_AY765404 332 (522.0)
denovo174 C48_AY589753 335 (533.0)
denovo174 C1_v1b_FJ919244 331 (519.5)
denovo174 C1_v1a_FJ919243 331 (519.5)
denovo174 C3j_AY239366 331 (510.5)
denovo174 C3t_EF541149 331 (536.5)
denovo174 C9_AF499798 333 (516.0)
denovo174 C23_AY239375 331 (520.0)
denovo174 C37_AY258481 328 (528.5)
denovo174 C1048_DQ068026 333 (515.5)
denovo174 C21.4_JF683326 327 (530.5)
denovo174 C21.5_JF683327 327 (531.5)
denovo174 C1070_DQ335349 331 (519.5)
denovo174 C21.6_HQ630873 327 (531.5)
denovo174 C1224_EU074890 324 (525.5)
denovo174 C1.17_HE578990 328 (528.5)
denovo174 C21_b1_FN827162 327 (522.5)
denovo174 C21.9_JF683330 327 (531.5)
denovo174 C1085_AY624605 329 (511.5)
denovo174 C3p_GU907654 331 (523.0)
denovo174 C3f_AY589734 331 (528.5)
denovo174 C65a_AY589770 331 (528.5)
denovo174 C65_AY589769 331 (537.5)
denovo174 C71_AY589775 331 (537.5)
denovo174 C71a_AY589776 331 (528.5)
denovo174 C1178_AB294647 332 (525.5)
denovo174 C1225_EU074893 339 (532.5)
denovo174 C75_AY765410 331 (528.5)
denovo174 C21.10_JF683331 332 (545.5)
denovo174 C21.11_HQ630874 326 (546.5)
denovo174 C1065_DQ335388 333 (516.0)
denovo174 C1045_DQ068036 333 (525.0)
denovo174 C1h_AY258473 328 (529.0)
denovo174 C38_AY258482 329 (531.5)
denovo174 C1202_EU099799 328 (520.0)
denovo174 C7_AF499797 328 (529.0)
denovo174 C12_AF499801 330 (518.5)
denovo174 C38a_AY258483 329 (537.0)
denovo174 C1200_EU099800 318 (542.5)
denovo174 C44a_AY589751 332 (531.0)
denovo174 C47_AY589752 332 (531.0)
denovo174 C44_AY589750 332 (531.0)
denovo174 C1.15_HE578988 331 (529.0)
denovo174 C45.3_FJ461522 333 (525.5)
denovo174 C46a_AY765405 336 (524.0)
denovo174 C46_EU449108 333 (525.0)
denovo174 C3.12_FJ461507 333 (525.0)
denovo174 C1k_AY589733 333 (525.0)
denovo174 C67_AY686647 333 (525.0)
denovo174 C82a_GU907659 331 (518.5)
denovo174 C10a_AY589739 333 (525.0)
denovo174 C10_AF499799 333 (525.0)
denovo174 C13_AY589740 339 (522.0)
denovo174 C4_AF499794 333 (516.0)
denovo174 C1147_EF656433 331 (528.5)
denovo174 C1c/C45_AY239364 333 (525.0)
denovo174 C1c/C45_EU449103 333 (525.0)
denovo174 C21.19_HE579031 327 (522.5)
denovo174 C21.21_HE579033 325 (516.0)
denovo174 C21.20_HE579032 325 (525.0)
denovo174 C42b_AY765403 328 (500.5)
denovo174 C42_AY258487 328 (509.5)
denovo174 C1p_GU907652 331 (519.5)
denovo174 C1d_AY258488 331 (510.0)
denovo174 C42_AY765402 333 (516.0)
denovo174 C3ha_AY589736 329 (537.0)
denovo174 C63a_AY589767 328 (536.0)
denovo174 C21a_AY589744 327 (540.5)
denovo174 C3o_GU907653 326 (537.5)
denovo174 C21.16_HQ630875 327 (540.5)
denovo174 C21.2_JF683324 329 (537.0)
denovo174 C21.7_JF683328 324 (540.5)
denovo174 C21.8_JF683329 333 (539.5)
denovo174 C3h_AY239365 327 (531.5)
denovo174 C1203_EU099798 327 (531.5)
denovo174 C3.10_FJ461505 331 (528.5)
denovo174 C21.14_FJ461516 327 (540.5)
denovo174 C21.18_HE579030 327 (529.0)
denovo174 C3.17_HE579005 331 (519.5)
denovo174 C3.9_FJ461504 330 (531.5)
denovo174 C3.8_FJ461503 332 (530.5)
denovo174 C3.7_FJ461502 331 (519.5)
denovo174 C3.11_FJ461506 331 (528.5)
denovo174 C3.18_HE579006 331 (519.5)
denovo174 C3.19_HE579007 338 (522.0)
denovo174 C3.20_HE579008 331 (519.5)
denovo174 C3g_AY589735 331 (530.5)
denovo174 C3a_AF499790 331 (528.5)
denovo174 C3e_AF499793 331 (519.5)
denovo174 C6_AF499796 331 (528.0)
denovo174 C11_AF499800 331 (528.5)
denovo174 C36_AY258480 330 (525.0)
denovo174 C29_AY258494 331 (528.5)
denovo174 C1146_EF656434 328 (529.0)
denovo174 C1190_EU099841 331 (537.5)
denovo174 C131_JF320826 331 (519.5)
denovo174 C28_AY239380 333 (518.5)
denovo174 C1012_DQ480604 331 (528.5)
denovo174 C1181_AB294640 330 (520.0)
denovo174 C1180_AB294641 330 (538.0)
denovo174 C1179_AB294645 330 (528.5)
denovo174 C1176_AB294651 335 (533.5)
denovo174 C1175_AB294653 330 (529.0)
denovo174 C1174_AB294655 332 (525.5)
denovo174 C1177_AB294659 330 (529.0)
denovo174 C1040_AB190269 333 (525.0)
denovo174 C1182_AB294649 331 (519.5)
denovo174 C1089_AJ278598 331 (519.5)
denovo174 C1028_DQ335357 331 (528.5)
denovo174 C3.16_EU786015 331 (537.5)
denovo174 C1097_AJ311943 332 (518.0)
denovo174 C1170_AB294661 330 (529.0)
denovo174 C21.17_HE579029 328 (536.5)
denovo174 C21/3d/C3k_AY239372 327 (540.5)
denovo174 C58_AY589762 330 (536.5)
denovo174 C3L_AY589738 332 (527.0)
denovo174 C1169_AB294660 330 (529.0)
denovo174 C3.2_FJ461497 333 (528.0)
denovo174 C3.1_JF683321 330 (529.0)
denovo174 C1104_AF427469 332 (518.5)
denovo174 C3b_AF499791 330 (529.0)
denovo174 C83_GU907661 333 (527.5)
denovo174 C49_AY589754 362 (549.5)
denovo174 C3_AB778606 331 (528.5)
denovo174 C3_AF499789 331 (528.5)
denovo174 C3_HE579001 331 (528.5)
denovo174 C21.12_FJ461514 327 (531.5)
denovo174 C1229_EU074888 324 (529.5)
denovo174 C1230_EU074889 324 (538.5)
denovo174 C1114_AB207196 331 (510.5)
denovo174 C3.21_HE579009 328 (451.5)
denovo174 C1057_DQ480619 331 (519.5)
denovo174 C72_AY765407 328 (518.5)
denovo174 C1b.3_HE578999 333 (519.0)
denovo174 C93_AJ621536 331 (519.5)
denovo174 C94_AJ621539 331 (519.5)
denovo174 C1g_AY589730 331 (537.5)
denovo174 C1i_AY589731 332 (521.5)
denovo174 C1j_AY589732 331 (528.5)
denovo174 C1005_DQ480633 331 (519.5)
denovo174 C1.7_FJ461494 331 (528.5)
denovo174 C1.11_HE578984 331 (520.0)
denovo174 C1.12_HE578985 333 (524.5)
denovo174 C1.13_HE578986 331 (528.5)
denovo174 C1.14_HE578987 332 (531.5)
denovo174 C1.18_HE578991 331 (519.5)
denovo174 C1.19_HE578992 331 (528.5)
denovo174 C1199_EU099802 333 (510.0)
denovo174 C1188_EU099838 333 (525.0)
denovo174 C1002_DQ838544 329 (531.0)
denovo174 C1198_EU099810 331 (519.5)
denovo174 C24_AY239376 331 (518.5)
denovo174 C1f_AY258490 331 (528.5)
denovo174 C1006_DQ480629 331 (528.5)
denovo174 C1010_DQ480607 334 (527.5)
denovo174 C1007_DQ480624 331 (519.5)
denovo174 C1011_DQ480605 328 (528.5)
denovo174 C1009_DQ480608 331 (528.5)
denovo174 C1041_AY186548 331 (528.5)
denovo174 C1052_AY186570 331 (528.5)
denovo174 C1148_EU040178 329 (531.0)
denovo174 C1234_EU118165 330 (521.0)
denovo174 C1.5_EF634157 337 (527.5)
denovo174 C1059_DQ480609 331 (519.5)
denovo174 C1228_EU074883 331 (528.5)
denovo174 C1208_EU074963 331 (528.5)
denovo174 C1207_EU074964 331 (528.5)
denovo174 C1206_EU074965 331 (528.5)
denovo174 C1013_DQ480642 331 (528.5)
denovo174 C80_GU907656 341 (531.5)
denovo174 C1a_AF499788 331 (528.0)
denovo174 C41_AY258486 331 (527.5)
denovo174 C39_AY258484 319 (532.0)
denovo174 C1231_EU074878 331 (519.5)
denovo174 C1b.1_HE578997 333 (519.0)
denovo174 C18_AY258478 331 (528.5)
denovo174 C1.10_HE578983 324 (532.0)
denovo174 C1_JN558041 331 (528.5)
denovo174 C1_HE578979 331 (528.5)
denovo174 C1_AM748551 331 (528.5)
denovo174 C1_AF333515 331 (528.5)
denovo174 C1054_AY186565 332 (528.0)
denovo174 C1008_DQ480613 331 (519.5)
denovo174 C1103_AF427470 332 (518.5)
denovo174 C1226_EU074881 332 (518.5)
denovo174 C1b/C1e_AY239363 333 (528.0)
denovo174 C1044_DQ068038 331 (513.5)
denovo174 C1017_DQ174729 334 (518.0)
denovo174 C1.6_FJ461493 331 (519.5)
denovo174 C1b.2_HE578998 333 (519.0)
denovo174 C1060_DQ480600 331 (519.5)
denovo174 C1227_EU074882 331 (519.5)
denovo174 C1197_EU099814 331 (519.5)
denovo174 C1130_DQ480643 331 (414.0)
denovo174 D109_AB097465 333 (434.0)
denovo174 D1.11_HE579040 328 (440.5)
denovo174 D105_AF174570 329 (442.5)
denovo174 D104_AF174572 331 (439.0)
denovo174 D1.3_JF683337 327 (429.0)
denovo174 D1.10_HE579039 336 (437.5)
denovo174 D110_AF174561 336 (438.5)
denovo174 D117_AF174542 329 (434.5)
denovo174 D114_AF174549 329 (443.5)
denovo174 D113_AF174557 337 (440.0)
denovo174 D112_AF174558 337 (440.0)
denovo174 D106_AF174559 329 (452.5)
denovo174 D111_AF174560 329 (443.5)
denovo174 D115_AF174562 329 (434.5)
denovo174 D107_AF174568 329 (434.5)
denovo174 D116_AF174571 329 (443.5)
denovo174 D124_EU074897 346 (433.0)
denovo174 D1.8_HE579037 329 (443.5)
denovo174 D3_AY686650 336 (438.0)
denovo174 D1.6_HQ630881 333 (445.5)
denovo174 D120_EU074900 337 (440.0)
denovo174 D121_EU074904 329 (452.5)
denovo174 D122_EU074905 329 (443.0)
denovo174 D1a.2_JF683339 333 (438.5)
denovo174 D1a.1_JF683338 337 (440.0)
denovo174 D2_AY686649 584 (493.0)
denovo174 D4_DQ865214 337 (445.0)
denovo174 D1a_AF499802 337 (440.0)
denovo174 D1a_JN558078 337 (440.0)
denovo174 D123_EU074895 329 (443.5)
denovo174 D108_AF174567 329 (443.5)
denovo174 D103_AF174575 329 (452.5)
denovo174 D100_AF411415 331 (458.0)
denovo174 D118_EF656435 339 (446.0)
denovo174 D101_AF411416 331 (443.0)
denovo174 D119_EU099832 327 (439.5)
denovo174 D102_AF174573 331 (443.0)
denovo174 D1_AF334660 329 (443.5)
denovo174 D1_JN558076 329 (443.5)
denovo174 D1.12_HE579041 316 (441.5)
denovo174 D1.1_AM748564 420 (464.5)
denovo174 D1.2_AM748617 408 (480.0)
denovo174 E111_EU074915 329 (471.0)
denovo174 E110_EU074914 325 (488.0)
denovo174 E114_EU074909 323 (483.0)
denovo174 E1_AF334659 327 (471.5)
denovo174 E105_EU074921 326 (481.5)
denovo174 E112_EU074916 323 (474.0)
denovo174 E104_EU074922 323 (483.0)
denovo174 E102_EU074924 323 (474.0)
denovo174 E103_EU074923 323 (483.0)
denovo174 E101_AY160123 317 (480.0)
denovo174 E109_EU074913 324 (476.0)
denovo174 E100_DQ011618 329 (496.0)
denovo174 E108_EU074912 322 (494.0)
denovo174 E113_EU074908 323 (491.5)
denovo174 E107_EU074910 323 (497.0)
denovo174 F1_JN558066 335 (520.0)
denovo174 F5.2d_AJ291530 331 (528.5)
denovo174 F104_AJ291531 331 (528.5)
denovo174 F5.2c_AM748596 331 (528.5)
denovo174 F5.2_AM748594 331 (528.5)
denovo174 F5.2a_AM748614 331 (528.5)
denovo174 F5.2b_AM748595 331 (528.5)
denovo174 F5.2e_AJ291533 334 (493.5)
denovo174 F5.2g_JN558072 331 (528.5)
denovo174 F5.2f_AJ291512 332 (531.5)
denovo174 F102_AJ291534 331 (537.5)
denovo174 F5.1c_AM748593 332 (504.5)
denovo174 F5.1d_JN558069 333 (516.5)
denovo174 F5.1b_AJ291535 332 (521.5)
denovo174 F5.1_AM748592 332 (522.0)
denovo174 F5.1a_AM748591 332 (530.5)
denovo174 F110_AJ291526 331 (526.5)
denovo174 F4.7_AM748587 324 (527.0)
denovo174 F4.5_AM748585 331 (555.5)
denovo174 F4.4a_AM748583 324 (544.0)
denovo174 F4.4_AM748582 326 (536.5)
denovo174 F4.4b_AM748584 324 (533.5)
denovo174 F4.1a_AM748573 310 (529.5)
denovo174 F112_AJ291528 313 (510.5)
denovo174 F4.1_AM748572 313 (528.5)
denovo174 F4.8b_AM748590 324 (515.0)
denovo174 F4.8_AM748588 326 (520.5)
denovo174 F4.8a_AM748589 321 (515.0)
denovo174 F109_AJ291527 326 (520.5)
denovo174 F4.6_AM748586 326 (522.5)
denovo174 F111_AJ311949 328 (509.5)
denovo174 F4.3c_AM748581 326 (527.0)
denovo174 F4.3a_AM748579 325 (527.0)
denovo174 F4.3b_AM748580 325 (525.0)
denovo174 F4.3_AM748578 328 (524.5)
denovo174 F4.2_AM748574 322 (509.5)
denovo174 F4.2a_AM748575 319 (531.5)
denovo174 F4.2c_AM748577 322 (527.5)
denovo174 F4.2b_AM748576 321 (528.5)
denovo174 F2b_AJ291521 326 (501.5)
denovo174 F2_AJ830908 330 (496.0)
denovo174 F2a_AJ830911 321 (492.0)
denovo174 F3.1a_AM748566 352 (503.0)
denovo174 F114_AJ291525 354 (500.5)
denovo174 F3.1_AM748565 354 (518.5)
denovo174 F3.2_AM748567 335 (530.0)
denovo174 F3.2a_AM748568 336 (524.5)
denovo174 F3.3_AM748569 329 (527.5)
denovo174 F3.4a_AM748571 338 (564.5)
denovo174 F3.4_AM748570 338 (546.5)
denovo174 F3.4b_AM748616 332 (546.5)
denovo174 G101_AJ291539 338 (439.0)
denovo174 G1_AM748597 337 (445.0)
denovo174 G2b_JN558087 348 (438.0)
denovo174 G2_AM748598 347 (435.0)
denovo174 G2a_AM748599 340 (440.5)
denovo174 G4_AM748601 342 (460.0)
denovo174 G3.4_LK392378 335 (446.5)
denovo174 G3_AM748600 347 (438.5)
denovo174 G3.2_KC597694 329 (418.0)
denovo174 G3.1_KC597688 346 (451.5)
denovo174 G100_AB253788 337 (461.0)
denovo174 G3.3_LK392377 338 (455.5)
denovo174 H6_AJ291520 643 (289.5)
denovo174 H3_AM748606 333 (361.5)
denovo174 H2_AM748605 321 (362.0)
denovo174 H4_AM748607 331 (358.5)
denovo174 H4a_AM748608 332 (358.0)
denovo174 H5a_AM748611 338 (380.0)
denovo174 H5b_AM748610 341 (369.5)
denovo174 H5_AJ621129 338 (380.0)
denovo174 H5_AM748609 338 (380.0)
denovo174 H100_AJ291513 303 (366.0)
denovo174 H1b_AM748604 335 (363.0)
denovo174 H1a_AM748612 305 (360.5)
denovo174 H1_AJ621152 335 (363.0)
denovo174 H1_AM748602 335 (363.0)
denovo174 I3_FN561561 343 (555.5)
denovo174 I4_FN561562 343 (555.5)
denovo174 I1_FN561559 342 (542.5)
denovo174 I2_FN561560 334 (546.0)

#---------------------------------------
#---------------------------------------
