denovo30 A136_DQ865210 336 (510.5)
denovo30 A133_DQ174725 319 (517.5)
denovo30 A115_AF180123 343 (488.5)
denovo30 A117_AF201746 343 (549.5)
denovo30 A134_DQ174723 342 (555.0)
denovo30 A114_AF184941 343 (549.5)
denovo30 A135_DQ174727 351 (536.5)
denovo30 A2_AF333506 351 (560.0)
denovo30 A101_AF427468 351 (545.5)
denovo30 A2_1_JN558097 351 (545.5)
denovo30 A2_2_JN558100 351 (545.5)
denovo30 A113_AF184948 343 (534.0)
denovo30 A112_AF184949 344 (545.5)
denovo30 A123_EF378618 342 (373.5)
denovo30 A137_EF378621 342 (374.0)
denovo30 A11_EU449041 331 (543.5)
denovo30 A121_DQ174722 334 (526.5)
denovo30 A15b_EU792886 332 (515.5)
denovo30 A15a_EU792885 332 (525.0)
denovo30 A15c_EU792887 332 (525.5)
denovo30 A15_EU792884 332 (524.5)
denovo30 A147_EU074937 335 (531.5)
denovo30 A154_EU074860 335 (513.5)
denovo30 A146_EU074936 328 (531.5)
denovo30 A150_EU074928 328 (549.5)
denovo30 A116_AF183575 328 (549.5)
denovo30 A141_EU074931 328 (540.5)
denovo30 A5_AF333508 328 (545.5)
denovo30 A3b_EU449043 328 (540.5)
denovo30 A151_EU074925 328 (531.5)
denovo30 A152_EU074927 325 (531.5)
denovo30 A149_EU074929 332 (525.0)
denovo30 A140_EU074930 335 (522.5)
denovo30 A142_EU074932 335 (522.5)
denovo30 A143_EU074933 336 (536.5)
denovo30 A144_EU074934 335 (531.5)
denovo30 A145_EU074935 335 (540.5)
denovo30 A148_EU074938 338 (532.0)
denovo30 A155_EU074856 335 (531.5)
denovo30 A156_EU074859 335 (522.5)
denovo30 A139_EU074962 335 (522.5)
denovo30 A6_AF186058 335 (531.5)
denovo30 A3_AF333507 335 (531.5)
denovo30 A3_JN558091 335 (531.5)
denovo30 A8_AY258468 332 (533.5)
denovo30 A7_AY239360 328 (540.5)
denovo30 A16_EU792888 329 (542.0)
denovo30 A4.3_FN429763 345 (531.0)
denovo30 A120_AF180122 341 (529.5)
denovo30 A4.2_FN429761 343 (532.5)
denovo30 A4_AF333509 343 (551.5)
denovo30 A4.1_FN429760 342 (546.5)
denovo30 A4a_AF499778 343 (552.0)
denovo30 A4a.1_FN429762 343 (552.0)
denovo30 A138_EF378620 339 (519.0)
denovo30 A122_EF378619 339 (550.0)
denovo30 A126_EF378615 338 (551.0)
denovo30 A10_EU792882 338 (551.0)
denovo30 A9_EU449028 339 (548.0)
denovo30 A105_AB207202 337 (542.5)
denovo30 A119_AF180121 325 (552.0)
denovo30 A12_EU792883 340 (543.0)
denovo30 A104_AB207203 336 (548.5)
denovo30 A1a_EU449030 336 (550.0)
denovo30 A1.3_HE578976 339 (548.0)
denovo30 A1.4_HE578977 340 (551.0)
denovo30 A13_AF333504 339 (548.0)
denovo30 A13_JN558094 339 (548.0)
denovo30 A110_AB190282 338 (545.5)
denovo30 A103_AB207206 338 (554.5)
denovo30 A130_EF656428 338 (545.5)
denovo30 A127_EF656429 336 (558.5)
denovo30 A128_EF656430 338 (545.5)
denovo30 A129_EF656431 339 (548.5)
denovo30 A131_EF656432 338 (554.5)
denovo30 A118_AF180120 333 (543.0)
denovo30 A1_AF333505 338 (554.5)
denovo30 A107_AB207199 336 (557.5)
denovo30 A111_AB190280 336 (557.5)
denovo30 A108_AB207197 336 (524.5)
denovo30 A106_AB207200 336 (549.5)
denovo30 A102_AB207209 336 (548.5)
denovo30 A1.2_AB207210 336 (548.5)
denovo30 A109_AB190285 341 (555.0)
denovo30 B4_AF333510 316 (730.0)
denovo30 B23_EU449079 346 (627.0)
denovo30 B30_GU907644 333 (623.0)
denovo30 B11_AY239361 329 (684.0)
denovo30 B17_AY258470 333 (665.0)
denovo30 B1k_GU907638 308 (325.5)
denovo30 B1.V_Green2014 332 (629.5)
denovo30 B1b_AF499780 319 (639.0)
denovo30 B16_AY258469 324 (659.5)
denovo30 B31a_GU907646 327 (658.0)
denovo30 B32_GU907647 327 (658.0)
denovo30 B31_GU907645 327 (667.0)
denovo30 B1j_GU907637 327 (685.0)
denovo30 B37_GU907650 336 (677.0)
denovo30 B5a_AF499782 327 (658.0)
denovo30 B5_AF499781 327 (667.0)
denovo30 B24_GU907643 327 (543.0)
denovo30 B117_AF180124 328 (660.5)
denovo30 B10_AF499787 326 (673.5)
denovo30 B20_GU907642 329 (668.5)
denovo30 B1m_GU907640 327 (676.5)
denovo30 B34_GU907649 327 (676.0)
denovo30 B1d_GU907633 327 (676.5)
denovo30 B1e_GU907634 327 (676.5)
denovo30 B1i_GU907636 327 (676.0)
denovo30 B1g_GU907635 330 (662.5)
denovo30 B123_EU074872 327 (667.5)
denovo30 B8_AF499785 328 (666.5)
denovo30 B1l_GU907639 327 (667.0)
denovo30 B1a_AF499779 327 (676.0)
denovo30 B14_AY239362 328 (657.0)
denovo30 B125_EU074865 327 (667.0)
denovo30 B122_EU074871 327 (667.0)
denovo30 B124_EU074874 327 (667.0)
denovo30 B1.VII_Green2014 327 (597.0)
denovo30 B1.III_Green2014 324 (648.5)
denovo30 B1.I_Green2014 327 (676.0)
denovo30 B1.II_Green2014 327 (676.0)
denovo30 B1_JN558057 327 (676.0)
denovo30 B1_AF333511 327 (676.0)
denovo30 B1.IV_Green2014 338 (674.5)
denovo30 B121_EU074870 328 (678.0)
denovo30 B7_AF499784 327 (685.0)
denovo30 B1.VI_Green2014 325 (670.5)
denovo30 B3_AF333514 327 (663.0)
denovo30 B9_AF499786 341 (652.0)
denovo30 B19a_JN558055 338 (616.5)
denovo30 B119_EU099825 347 (614.0)
denovo30 B21_DQ865213 337 (645.5)
denovo30 B38_GU907651 337 (645.5)
denovo30 B18_AY258471 345 (655.0)
denovo30 B18a_AY258472 345 (646.0)
denovo30 B33_GU907648 341 (651.0)
denovo30 B6_AF499783 342 (654.5)
denovo30 B19_DQ865212 341 (652.5)
denovo30 B19_GU907641 341 (652.5)
denovo30 B2_AF333512 323 (660.5)
denovo30 B2_JN558060 323 (660.5)
denovo30 C33.1_AY258498 300 (1334.0)
denovo30 C33.2_AY765400 300 (1334.0)
denovo30 C33a_EF541147 300 (1334.0)
denovo30 C34_AY258499 300 (1343.0)
denovo30 C78_AY765413 300 (1307.0)
denovo30 C15.29_KC597690 302 (1321.0)
denovo30 C1131_DQ182650 300 (1261.0)
denovo30 C1135_DQ182646 300 (1252.0)
denovo30 C1134_DQ182647 300 (1252.0)
denovo30 C1142_DQ182635 300 (1261.0)
denovo30 C1136_DQ182644 300 (1222.5)
denovo30 C1111_DQ182645 300 (1222.5)
denovo30 C1236_EF473656 300 (1231.5)
denovo30 C1138_DQ182642 300 (1231.5)
denovo30 C1137_DQ182643 300 (1231.5)
denovo30 C1133_DQ182648 300 (1231.5)
denovo30 C1132_DQ182649 300 (1231.5)
denovo30 C1143_DQ182634 300 (1240.5)
denovo30 C1139_DQ182639 300 (1270.0)
denovo30 C15.28_KC597687 300 (1316.0)
denovo30 C1141_DQ182636 300 (1279.0)
denovo30 C1144_DQ182637 300 (1270.0)
denovo30 C1122_DQ182654 300 (1279.0)
denovo30 C1127_DQ182652 300 (1279.0)
denovo30 C15.30_JX394114 300 (1325.0)
denovo30 C15.26_KC597686 300 (1334.0)
denovo30 C1086_DQ182656 300 (1334.0)
denovo30 C15.25_KC597685 300 (1343.0)
denovo30 C1118_AF180127 300 (1240.0)
denovo30 C1129_DQ182651 300 (1306.0)
denovo30 C15.21_KC597683 300 (1334.0)
denovo30 C56_AY589760 300 (1343.0)
denovo30 C1140_DQ182638 300 (1306.0)
denovo30 C1126_DQ182653 300 (1297.0)
denovo30 C15c_AY258492 300 (1352.0)
denovo30 C15d_AY258493 300 (1343.0)
denovo30 C1098_DQ182641 300 (1322.5)
denovo30 C15.27_KC597689 300 (1352.0)
denovo30 C15.18_HE579024 300 (1352.0)
denovo30 C15.16_HE579022 300 (1352.0)
denovo30 C1101_AB253787 300 (1352.0)
denovo30 C1083_AY237300 300 (1352.0)
denovo30 C1088_DQ182640 300 (1370.0)
denovo30 C15.6_FN563472 300 (1361.0)
denovo30 C15.5_FJ461512 300 (1361.0)
denovo30 C15.4_FJ461511 300 (1370.0)
denovo30 C15.13_HE579019 300 (1352.0)
denovo30 C15.12_HE579018 300 (1361.0)
denovo30 C93a_AM748563 300 (1370.0)
denovo30 C1094_AJ291514 300 (1352.0)
denovo30 C93_AM748562 300 (1361.0)
denovo30 C15.17_HE579023 300 (1346.0)
denovo30 C15e_AY589742 300 (1346.0)
denovo30 C15.22_KC597695 300 (1361.0)
denovo30 C60_AY589764 300 (1361.0)
denovo30 C15.1_FJ461508 300 (1361.0)
denovo30 C15.2_FJ461509 300 (1361.0)
denovo30 C15.9_FN563475 300 (1361.0)
denovo30 C15.7_HE579015 300 (1361.0)
denovo30 C15.8_HE579016 300 (1361.0)
denovo30 C15.15_HE579021 300 (1361.0)
denovo30 C15.19_HE579025 300 (1361.0)
denovo30 C15.24_KC597696 300 (1352.0)
denovo30 C15.3_FJ461510 300 (1370.0)
denovo30 C1087_DQ182655 300 (1361.0)
denovo30 C15.14_HE579020 301 (1351.0)
denovo30 C15.23_KC597697 301 (1351.0)
denovo30 C19_AY258479 300 (1355.0)
denovo30 C1233_EU118166 300 (1361.0)
denovo30 C15b_AY258491 300 (1361.0)
denovo30 C15a_AY258476 300 (1379.0)
denovo30 C1051_AF195153 300 (1379.0)
denovo30 C2_AF333518 301 (1369.0)
denovo30 C15.20_HE579026 301 (1360.0)
denovo30 C15f_AY589743 301 (1360.0)
denovo30 C55_AY589759 304 (1358.5)
denovo30 C15_AY239369 300 (1370.0)
denovo30 C32.1_JF683335 306 (1204.0)
denovo30 C32.2_JF683336 309 (1220.0)
denovo30 C21.23_KC597693 309 (1220.0)
denovo30 C1193_EU099827 301 (1333.0)
denovo30 C1195_EU099821 308 (1311.5)
denovo30 C3q_GU907655 301 (1294.0)
denovo30 C53_AY589758 300 (1343.0)
denovo30 C73_AY765408 305 (1300.5)
denovo30 C17.2.1_KC597684 302 (1298.5)
denovo30 C32_AY258497 300 (1322.0)
denovo30 C1189_EU099831 300 (1331.0)
denovo30 C1191_EU099833 300 (1322.0)
denovo30 C1196_EU099819 300 (1331.0)
denovo30 C1192_EU099820 300 (1331.0)
denovo30 C17.1_JF683322 300 (1340.0)
denovo30 C26_b2_FN827164 301 (1330.0)
denovo30 C26_b3_FN827165 301 (1321.0)
denovo30 C31.9_HQ630879 303 (1319.5)
denovo30 C31a_AY589746 303 (1316.0)
denovo30 C30_AY589745 303 (1316.0)
denovo30 C31.1_HQ630876 303 (1316.0)
denovo30 C31.5_HQ630877 303 (1316.0)
denovo30 C31.6_HQ630878 303 (1316.0)
denovo30 C31.2_JF683332 303 (1316.0)
denovo30 C31.3_JF683333 303 (1316.0)
denovo30 C26/C35a_AY239378 301 (1330.0)
denovo30 C35a_AY258501 301 (1330.0)
denovo30 C35.2_AY258500 301 (1339.0)
denovo30 C26_b1_FN827163 301 (1339.0)
denovo30 C17_AY239370 300 (1349.0)
denovo30 C17.2_FJ461513 302 (1338.5)
denovo30 C31.10_HQ630880 303 (1328.5)
denovo30 C31.4_JF683334 307 (1313.5)
denovo30 C31_AY258496 303 (1325.0)
denovo30 C25_AY239377 302 (1332.5)
denovo30 C61_AY589765 300 (1291.0)
denovo30 C1043_DQ072721 300 (1347.0)
denovo30 C79_AY765414 300 (1352.0)
denovo30 C69_AY589773 301 (1264.5)
denovo30 C69a_AY686648 301 (1255.5)
denovo30 C21.22_KC597692 300 (1313.0)
denovo30 C51_AY589756 300 (1361.0)
denovo30 C1aa_HM185739 300 (1326.0)
denovo30 C1096_DQ068023 300 (1331.0)
denovo30 C74_AY765409 301 (1342.0)
denovo30 C1185_AB294629 301 (1351.0)
denovo30 C1184_AB294630 301 (1351.0)
denovo30 C1153_AB294625 301 (1351.0)
denovo30 C1154_AB294626 301 (1351.0)
denovo30 C1187_AB294627 301 (1351.0)
denovo30 C1186_AB294628 301 (1351.0)
denovo30 C57_AY589761 301 (1360.0)
denovo30 C66_AY589771 301 (1360.0)
denovo30 C5_AF499795 300 (1361.0)
denovo30 C1167_AB294586 300 (1370.0)
denovo30 C1164_AB294593 300 (1370.0)
denovo30 C1183_AB294631 300 (1370.0)
denovo30 C1067_DQ335381 300 (1370.0)
denovo30 C1159_AB294613 301 (1351.0)
denovo30 C1150_AB294622 301 (1360.0)
denovo30 C90_AM748554 302 (1386.5)
denovo30 C1168_AB294583 300 (1370.0)
denovo30 C1156_AB294616 300 (1370.0)
denovo30 C1151_AB294621 300 (1388.0)
denovo30 C92a_AM748561 300 (1370.0)
denovo30 C92_AM748560 300 (1379.0)
denovo30 C1165_AB294581 300 (1379.0)
denovo30 C1166_AB294584 300 (1379.0)
denovo30 C1162_AB294594 300 (1379.0)
denovo30 C1163_AB294596 300 (1379.0)
denovo30 C1161_AB294606 300 (1379.0)
denovo30 C1160_AB294608 300 (1379.0)
denovo30 C1158_AB294614 300 (1379.0)
denovo30 C1155_AB294617 300 (1379.0)
denovo30 C1149_AB294620 300 (1379.0)
denovo30 C1173_AB294662 300 (1379.0)
denovo30 C1171_AB294663 300 (1379.0)
denovo30 C1172_AB294665 300 (1379.0)
denovo30 C91a_AM748556 300 (1379.0)
denovo30 C91b_AM748557 300 (1379.0)
denovo30 C91d_AM748559 300 (1379.0)
denovo30 C91c_AM748558 300 (1379.0)
denovo30 C91_AJ621543 300 (1388.0)
denovo30 C91_AM748555 300 (1388.0)
denovo30 C1023_DQ335330 300 (1142.0)
denovo30 C1020_DQ335392 300 (1388.0)
denovo30 C1018_DQ335408 300 (1388.0)
denovo30 C1074_DQ335329 300 (1388.0)
denovo30 C1030_DQ335353 300 (1388.0)
denovo30 C1022_DQ335331 300 (1388.0)
denovo30 C1027_DQ335360 300 (1388.0)
denovo30 C1072_DQ335344 300 (1388.0)
denovo30 C1039_AB190274 300 (1388.0)
denovo30 C1033_DQ335350 305 (1385.0)
denovo30 C1019_DQ335407 300 (1397.0)
denovo30 C1194_EU099826 300 (1337.0)
denovo30 C8b_AY258475 300 (1337.0)
denovo30 C8_AY239367 300 (1361.0)
denovo30 C8a_AY239368 300 (1352.0)
denovo30 C54a_AY765406 300 (1379.0)
denovo30 C3ff_HM185740 300 (1379.0)
denovo30 C59_AY589763 302 (1341.0)
denovo30 C3k_AY589737 300 (1370.0)
denovo30 C3.24_HE579012 300 (1352.0)
denovo30 C3.23_HE579011 300 (1361.0)
denovo30 C35.1_AY765401 300 (1370.0)
denovo30 C35.3_EF541145 300 (1379.0)
denovo30 C76_AY765411 300 (1349.0)
denovo30 C1107_DQ335359 300 (1347.0)
denovo30 C3.22_HE579010 302 (1368.5)
denovo30 C77_AY765412 302 (1353.5)
denovo30 C20_AY239371 300 (1379.0)
denovo30 C1055_DQ480640 301 (1360.0)
denovo30 C27/C30_AY239379 301 (1330.0)
denovo30 C27.1_FJ461517 301 (1321.0)
denovo30 C40a_AY589747 300 (1379.0)
denovo30 C40_AY258485 300 (1388.0)
denovo30 C40b_AY589748 301 (1378.0)
denovo30 C16_AY258477 300 (1388.0)
denovo30 C16a_AY765399 300 (1379.0)
denovo30 C1091_AB207186 300 (1379.0)
denovo30 C1102_DQ335400 300 (1370.0)
denovo30 C1069_DQ335375 300 (1370.0)
denovo30 C1073_DQ335332 300 (1379.0)
denovo30 C1066_DQ335382 300 (1370.0)
denovo30 C1031_DQ335352 300 (1388.0)
denovo30 C1026_DQ335366 300 (1397.0)
denovo30 C70_AY589774 300 (1397.0)
denovo30 C1082_AB190267 300 (1379.0)
denovo30 C1078_AB190271 300 (1379.0)
denovo30 C1090_AB207191 300 (1379.0)
denovo30 C1071_DQ335302 300 (1379.0)
denovo30 C1075_DQ335328 300 (1379.0)
denovo30 C1068_DQ335379 300 (1379.0)
denovo30 C1064_DQ335395 300 (1379.0)
denovo30 C1063_DQ335403 300 (1379.0)
denovo30 C62_AY589766 300 (1388.0)
denovo30 C1077_DQ335316 301 (1378.0)
denovo30 C1109_DQ335338 300 (1379.0)
denovo30 C1110_DQ335340 300 (1370.0)
denovo30 C1106_DQ335339 300 (1361.0)
denovo30 C1112_DQ335319 300 (1370.0)
denovo30 C1108_DQ335351 300 (1361.0)
denovo30 C1105_DQ335394 300 (1370.0)
denovo30 C1121_DQ335378 300 (1352.0)
denovo30 C1116_AB190268 300 (1370.0)
denovo30 C1115_AB190273 300 (1361.0)
denovo30 C1124_DQ335323 300 (1352.0)
denovo30 C1120_DQ335398 300 (1352.0)
denovo30 C1119_DQ335404 300 (1352.0)
denovo30 C1123_DQ335363 300 (1361.0)
denovo30 C1004_DQ480635 300 (1370.0)
denovo30 C1061_AY186568 300 (1370.0)
denovo30 C1053_AY186569 300 (1370.0)
denovo30 C1003_DQ480639 300 (1379.0)
denovo30 C81_GU907657 304 (1255.0)
denovo30 C22_AY239373 300 (1359.5)
denovo30 C22a_AY239374 300 (1350.5)
denovo30 C1232_EU118163 300 (1379.0)
denovo30 C21.13_FJ461515 300 (1322.0)
denovo30 C21.1_JF683323 300 (1331.0)
denovo30 C21.3_JF683325 300 (1340.0)
denovo30 C1.20_HE578993 300 (1370.0)
denovo30 C1.22_HE578995 300 (1361.0)
denovo30 C52_AY589757 300 (1364.0)
denovo30 C1201_EU099793 302 (1344.0)
denovo30 C14_AY589741 300 (1346.0)
denovo30 C43_AY589749 300 (1361.0)
denovo30 C50_AY589755 300 (1388.0)
denovo30 C3.14_HQ630872 300 (1388.0)
denovo30 C1m_AY765398 300 (1379.0)
denovo30 C82_GU907658 300 (1361.0)
denovo30 C82b_GU907660 300 (1361.0)
denovo30 C64_AY589768 300 (1397.0)
denovo30 C45a_AY765404 300 (1361.0)
denovo30 C48_AY589753 302 (1386.5)
denovo30 C1_v1b_FJ919244 300 (1379.0)
denovo30 C1_v1a_FJ919243 300 (1388.0)
denovo30 C3j_AY239366 300 (1388.0)
denovo30 C3t_EF541149 300 (1388.0)
denovo30 C9_AF499798 300 (1370.0)
denovo30 C23_AY239375 300 (1379.0)
denovo30 C37_AY258481 300 (1370.0)
denovo30 C1048_DQ068026 300 (1370.0)
denovo30 C21.4_JF683326 300 (1340.0)
denovo30 C21.5_JF683327 300 (1349.0)
denovo30 C1070_DQ335349 300 (1388.0)
denovo30 C21.6_HQ630873 300 (1349.0)
denovo30 C1224_EU074890 300 (1379.0)
denovo30 C1.17_HE578990 300 (1388.0)
denovo30 C21_b1_FN827162 300 (1340.0)
denovo30 C21.9_JF683330 300 (1349.0)
denovo30 C1085_AY624605 300 (1388.0)
denovo30 C3p_GU907654 300 (1373.0)
denovo30 C3f_AY589734 300 (1397.0)
denovo30 C65a_AY589770 300 (1388.0)
denovo30 C65_AY589769 300 (1397.0)
denovo30 C71_AY589775 300 (1388.0)
denovo30 C71a_AY589776 300 (1379.0)
denovo30 C1178_AB294647 300 (1373.0)
denovo30 C1225_EU074893 300 (1379.0)
denovo30 C75_AY765410 300 (1388.0)
denovo30 C21.10_JF683331 300 (1340.0)
denovo30 C21.11_HQ630874 300 (1349.0)
denovo30 C1065_DQ335388 300 (1388.0)
denovo30 C1045_DQ068036 300 (1397.0)
denovo30 C1h_AY258473 300 (1406.0)
denovo30 C38_AY258482 300 (1406.0)
denovo30 C1202_EU099799 300 (1406.0)
denovo30 C7_AF499797 300 (1415.0)
denovo30 C12_AF499801 302 (1404.5)
denovo30 C38a_AY258483 301 (1396.0)
denovo30 C1200_EU099800 300 (1350.5)
denovo30 C44a_AY589751 300 (1370.0)
denovo30 C47_AY589752 300 (1370.0)
denovo30 C44_AY589750 300 (1379.0)
denovo30 C1.15_HE578988 300 (1388.0)
denovo30 C45.3_FJ461522 300 (1379.0)
denovo30 C46a_AY765405 300 (1370.0)
denovo30 C46_EU449108 300 (1379.0)
denovo30 C3.12_FJ461507 300 (1397.0)
denovo30 C1k_AY589733 300 (1379.0)
denovo30 C67_AY686647 300 (1379.0)
denovo30 C82a_GU907659 300 (1379.0)
denovo30 C10a_AY589739 300 (1370.0)
denovo30 C10_AF499799 300 (1379.0)
denovo30 C13_AY589740 306 (1366.5)
denovo30 C4_AF499794 300 (1379.0)
denovo30 C1147_EF656433 300 (1379.0)
denovo30 C1c/C45_AY239364 300 (1388.0)
denovo30 C1c/C45_EU449103 300 (1388.0)
denovo30 C21.19_HE579031 300 (1340.0)
denovo30 C21.21_HE579033 300 (1322.0)
denovo30 C21.20_HE579032 300 (1331.0)
denovo30 C42b_AY765403 300 (1361.0)
denovo30 C42_AY258487 300 (1370.0)
denovo30 C1p_GU907652 300 (1388.0)
denovo30 C1d_AY258488 300 (1370.0)
denovo30 C42_AY765402 300 (1379.0)
denovo30 C3ha_AY589736 300 (1340.0)
denovo30 C63a_AY589767 302 (1329.5)
denovo30 C21a_AY589744 300 (1349.0)
denovo30 C3o_GU907653 300 (1349.0)
denovo30 C21.16_HQ630875 300 (1349.0)
denovo30 C21.2_JF683324 300 (1349.0)
denovo30 C21.7_JF683328 300 (1349.0)
denovo30 C21.8_JF683329 300 (1349.0)
denovo30 C3h_AY239365 300 (1349.0)
denovo30 C1203_EU099798 300 (1349.0)
denovo30 C3.10_FJ461505 300 (1397.0)
denovo30 C21.14_FJ461516 300 (1349.0)
denovo30 C21.18_HE579030 306 (1336.5)
denovo30 C3.17_HE579005 300 (1397.0)
denovo30 C3.9_FJ461504 300 (1367.0)
denovo30 C3.8_FJ461503 300 (1397.0)
denovo30 C3.7_FJ461502 300 (1397.0)
denovo30 C3.11_FJ461506 300 (1397.0)
denovo30 C3.18_HE579006 300 (1397.0)
denovo30 C3.19_HE579007 300 (1397.0)
denovo30 C3.20_HE579008 300 (1397.0)
denovo30 C3g_AY589735 302 (1386.5)
denovo30 C3a_AF499790 300 (1397.0)
denovo30 C3e_AF499793 300 (1397.0)
denovo30 C6_AF499796 300 (1388.0)
denovo30 C11_AF499800 300 (1397.0)
denovo30 C36_AY258480 300 (1397.0)
denovo30 C29_AY258494 300 (1397.0)
denovo30 C1146_EF656434 300 (1397.0)
denovo30 C1190_EU099841 300 (1397.0)
denovo30 C131_JF320826 300 (1397.0)
denovo30 C28_AY239380 302 (1386.5)
denovo30 C1012_DQ480604 300 (1397.0)
denovo30 C1181_AB294640 300 (1382.0)
denovo30 C1180_AB294641 300 (1382.0)
denovo30 C1179_AB294645 300 (1382.0)
denovo30 C1176_AB294651 300 (1382.0)
denovo30 C1175_AB294653 300 (1382.0)
denovo30 C1174_AB294655 300 (1382.0)
denovo30 C1177_AB294659 300 (1382.0)
denovo30 C1040_AB190269 300 (1397.0)
denovo30 C1182_AB294649 300 (1397.0)
denovo30 C1089_AJ278598 300 (1397.0)
denovo30 C1028_DQ335357 300 (1397.0)
denovo30 C3.16_EU786015 300 (1397.0)
denovo30 C1097_AJ311943 301 (1387.0)
denovo30 C1170_AB294661 300 (1382.0)
denovo30 C21.17_HE579029 300 (1360.0)
denovo30 C21/3d/C3k_AY239372 300 (1358.0)
denovo30 C58_AY589762 301 (1348.0)
denovo30 C3L_AY589738 303 (1365.0)
denovo30 C1169_AB294660 300 (1391.0)
denovo30 C3.2_FJ461497 300 (1391.0)
denovo30 C3.1_JF683321 300 (1391.0)
denovo30 C1104_AF427469 301 (1396.0)
denovo30 C3b_AF499791 300 (1391.0)
denovo30 C83_GU907661 302 (1395.5)
denovo30 C49_AY589754 341 (1376.0)
denovo30 C3_AB778606 300 (1406.0)
denovo30 C3_AF499789 300 (1406.0)
denovo30 C3_HE579001 300 (1406.0)
denovo30 C21.12_FJ461514 300 (1340.0)
denovo30 C1229_EU074888 300 (1320.0)
denovo30 C1230_EU074889 300 (1329.0)
denovo30 C1114_AB207196 300 (1388.0)
denovo30 C3.21_HE579009 300 (1301.0)
denovo30 C1057_DQ480619 300 (1379.0)
denovo30 C72_AY765407 300 (1351.0)
denovo30 C1b.3_HE578999 300 (1373.0)
denovo30 C93_AJ621536 300 (1397.0)
denovo30 C94_AJ621539 300 (1388.0)
denovo30 C1g_AY589730 300 (1388.0)
denovo30 C1i_AY589731 300 (1379.0)
denovo30 C1j_AY589732 300 (1388.0)
denovo30 C1005_DQ480633 300 (1388.0)
denovo30 C1.7_FJ461494 300 (1388.0)
denovo30 C1.11_HE578984 300 (1388.0)
denovo30 C1.12_HE578985 300 (1388.0)
denovo30 C1.13_HE578986 300 (1388.0)
denovo30 C1.14_HE578987 300 (1388.0)
denovo30 C1.18_HE578991 300 (1388.0)
denovo30 C1.19_HE578992 300 (1388.0)
denovo30 C1199_EU099802 300 (1364.0)
denovo30 C1188_EU099838 300 (1379.0)
denovo30 C1002_DQ838544 300 (1397.0)
denovo30 C1198_EU099810 300 (1388.0)
denovo30 C24_AY239376 300 (1379.0)
denovo30 C1f_AY258490 300 (1388.0)
denovo30 C1006_DQ480629 300 (1388.0)
denovo30 C1010_DQ480607 300 (1388.0)
denovo30 C1007_DQ480624 300 (1379.0)
denovo30 C1011_DQ480605 300 (1388.0)
denovo30 C1009_DQ480608 300 (1388.0)
denovo30 C1041_AY186548 300 (1379.0)
denovo30 C1052_AY186570 300 (1388.0)
denovo30 C1148_EU040178 300 (1388.0)
denovo30 C1234_EU118165 301 (1378.0)
denovo30 C1.5_EF634157 300 (1388.0)
denovo30 C1059_DQ480609 300 (1388.0)
denovo30 C1228_EU074883 300 (1388.0)
denovo30 C1208_EU074963 300 (1388.0)
denovo30 C1207_EU074964 300 (1388.0)
denovo30 C1206_EU074965 300 (1388.0)
denovo30 C1013_DQ480642 300 (1379.0)
denovo30 C80_GU907656 310 (1373.5)
denovo30 C1a_AF499788 300 (1388.0)
denovo30 C41_AY258486 300 (1388.0)
denovo30 C39_AY258484 300 (1310.5)
denovo30 C1231_EU074878 300 (1388.0)
denovo30 C1b.1_HE578997 300 (1373.0)
denovo30 C18_AY258478 300 (1388.0)
denovo30 C1.10_HE578983 300 (1349.0)
denovo30 C1_JN558041 300 (1397.0)
denovo30 C1_HE578979 300 (1397.0)
denovo30 C1_AM748551 300 (1397.0)
denovo30 C1_AF333515 300 (1397.0)
denovo30 C1054_AY186565 301 (1387.0)
denovo30 C1008_DQ480613 300 (1388.0)
denovo30 C1103_AF427470 301 (1387.0)
denovo30 C1226_EU074881 301 (1387.0)
denovo30 C1b/C1e_AY239363 300 (1382.0)
denovo30 C1044_DQ068038 300 (1382.0)
denovo30 C1017_DQ174729 301 (1372.0)
denovo30 C1.6_FJ461493 300 (1388.0)
denovo30 C1b.2_HE578998 300 (1373.0)
denovo30 C1060_DQ480600 300 (1388.0)
denovo30 C1227_EU074882 300 (1388.0)
denovo30 C1197_EU099814 300 (1388.0)
denovo30 C1130_DQ480643 300 (1255.5)
denovo30 D109_AB097465 341 (565.0)
denovo30 D1.11_HE579040 334 (582.5)
denovo30 D105_AF174570 334 (582.0)
denovo30 D104_AF174572 340 (564.5)
denovo30 D1.3_JF683337 335 (576.5)
denovo30 D1.10_HE579039 335 (567.5)
denovo30 D110_AF174561 335 (568.0)
denovo30 D117_AF174542 335 (567.5)
denovo30 D114_AF174549 335 (576.5)
denovo30 D113_AF174557 339 (561.0)
denovo30 D112_AF174558 335 (568.0)
denovo30 D106_AF174559 336 (570.0)
denovo30 D111_AF174560 335 (575.5)
denovo30 D115_AF174562 335 (567.5)
denovo30 D107_AF174568 336 (578.5)
denovo30 D116_AF174571 334 (573.5)
denovo30 D124_EU074897 335 (559.0)
denovo30 D1.8_HE579037 335 (576.5)
denovo30 D3_AY686650 334 (583.0)
denovo30 D1.6_HQ630881 335 (567.5)
denovo30 D120_EU074900 335 (559.0)
denovo30 D121_EU074904 334 (582.5)
denovo30 D122_EU074905 335 (567.5)
denovo30 D1a.2_JF683339 336 (563.5)
denovo30 D1a.1_JF683338 335 (568.0)
denovo30 D2_AY686649 583 (623.5)
denovo30 D4_DQ865214 342 (567.0)
denovo30 D1a_AF499802 335 (568.0)
denovo30 D1a_JN558078 335 (568.0)
denovo30 D123_EU074895 335 (576.5)
denovo30 D108_AF174567 335 (568.0)
denovo30 D103_AF174575 335 (567.5)
denovo30 D100_AF411415 346 (563.0)
denovo30 D118_EF656435 342 (561.5)
denovo30 D101_AF411416 346 (548.0)
denovo30 D119_EU099832 340 (565.0)
denovo30 D102_AF174573 336 (573.5)
denovo30 D1_AF334660 335 (576.5)
denovo30 D1_JN558076 335 (576.5)
denovo30 D1.12_HE579041 326 (542.0)
denovo30 D1.1_AM748564 405 (590.0)
denovo30 D1.2_AM748617 396 (583.5)
denovo30 E111_EU074915 360 (462.5)
denovo30 E110_EU074914 359 (477.0)
denovo30 E114_EU074909 359 (477.0)
denovo30 E1_AF334659 359 (473.5)
denovo30 E105_EU074921 358 (483.5)
denovo30 E112_EU074916 359 (468.0)
denovo30 E104_EU074922 360 (471.0)
denovo30 E102_EU074924 359 (468.0)
denovo30 E103_EU074923 359 (477.0)
denovo30 E101_AY160123 355 (461.5)
denovo30 E109_EU074913 359 (450.5)
denovo30 E100_DQ011618 371 (450.0)
denovo30 E108_EU074912 361 (446.0)
denovo30 E113_EU074908 361 (449.5)
denovo30 E107_EU074910 361 (446.0)
denovo30 F1_JN558066 310 (1045.0)
denovo30 F5.2d_AJ291530 306 (1035.5)
denovo30 F104_AJ291531 306 (1035.5)
denovo30 F5.2c_AM748596 306 (1035.5)
denovo30 F5.2_AM748594 303 (1044.5)
denovo30 F5.2a_AM748614 303 (1044.5)
denovo30 F5.2b_AM748595 303 (1035.5)
denovo30 F5.2e_AJ291533 303 (982.5)
denovo30 F5.2g_JN558072 303 (1035.5)
denovo30 F5.2f_AJ291512 303 (1044.5)
denovo30 F102_AJ291534 303 (1035.5)
denovo30 F5.1c_AM748593 308 (1022.5)
denovo30 F5.1d_JN558069 308 (1049.5)
denovo30 F5.1b_AJ291535 307 (1047.5)
denovo30 F5.1_AM748592 308 (1049.5)
denovo30 F5.1a_AM748591 307 (1047.5)
denovo30 F110_AJ291526 314 (910.5)
denovo30 F4.7_AM748587 315 (943.5)
denovo30 F4.5_AM748585 308 (966.0)
denovo30 F4.4a_AM748583 303 (1006.5)
denovo30 F4.4_AM748582 302 (1010.5)
denovo30 F4.4b_AM748584 308 (1001.0)
denovo30 F4.1a_AM748573 317 (929.0)
denovo30 F112_AJ291528 317 (911.0)
denovo30 F4.1_AM748572 317 (929.0)
denovo30 F4.8b_AM748590 309 (940.5)
denovo30 F4.8_AM748588 311 (938.0)
denovo30 F4.8a_AM748589 309 (940.5)
denovo30 F109_AJ291527 311 (916.0)
denovo30 F4.6_AM748586 313 (943.5)
denovo30 F111_AJ311949 309 (956.5)
denovo30 F4.3c_AM748581 312 (975.0)
denovo30 F4.3a_AM748579 309 (965.5)
denovo30 F4.3b_AM748580 309 (965.5)
denovo30 F4.3_AM748578 309 (974.5)
denovo30 F4.2_AM748574 308 (985.0)
denovo30 F4.2a_AM748575 307 (976.5)
denovo30 F4.2c_AM748577 308 (976.0)
denovo30 F4.2b_AM748576 307 (985.5)
denovo30 F2b_AJ291521 309 (1030.5)
denovo30 F2_AJ830908 309 (1012.5)
denovo30 F2a_AJ830911 311 (1005.0)
denovo30 F3.1a_AM748566 317 (985.0)
denovo30 F114_AJ291525 317 (994.0)
denovo30 F3.1_AM748565 317 (1012.0)
denovo30 F3.2_AM748567 314 (1057.5)
denovo30 F3.2a_AM748568 316 (1072.0)
denovo30 F3.3_AM748569 306 (977.5)
denovo30 F3.4a_AM748571 316 (933.5)
denovo30 F3.4_AM748570 316 (933.5)
denovo30 F3.4b_AM748616 309 (931.5)
denovo30 G101_AJ291539 351 (567.0)
denovo30 G1_AM748597 351 (567.0)
denovo30 G2b_JN558087 336 (562.0)
denovo30 G2_AM748598 355 (555.5)
denovo30 G2a_AM748599 336 (562.0)
denovo30 G4_AM748601 345 (574.5)
denovo30 G3.4_LK392378 331 (572.5)
denovo30 G3_AM748600 335 (584.5)
denovo30 G3.2_KC597694 333 (502.0)
denovo30 G3.1_KC597688 339 (560.0)
denovo30 G100_AB253788 338 (566.0)
denovo30 G3.3_LK392377 338 (565.5)
denovo30 H6_AJ291520 633 (345.0)
denovo30 H3_AM748606 306 (898.0)
denovo30 H2_AM748605 307 (945.0)
denovo30 H4_AM748607 315 (873.5)
denovo30 H4a_AM748608 315 (888.5)
denovo30 H5a_AM748611 310 (867.0)
denovo30 H5b_AM748610 313 (874.5)
denovo30 H5_AJ621129 310 (876.0)
denovo30 H5_AM748609 310 (876.0)
denovo30 H100_AJ291513 313 (892.5)
denovo30 H1b_AM748604 318 (893.0)
denovo30 H1a_AM748612 318 (884.0)
denovo30 H1_AJ621152 318 (893.0)
denovo30 H1_AM748602 318 (893.0)
denovo30 I3_FN561561 330 (758.5)
denovo30 I4_FN561562 328 (753.5)
denovo30 I1_FN561559 331 (735.5)
denovo30 I2_FN561560 328 (753.5)

#---------------------------------------
#---------------------------------------
