denovo205 A136_DQ865210 304 (755.5)
denovo205 A133_DQ174725 282 (852.0)
denovo205 A115_AF180123 286 (715.5)
denovo205 A117_AF201746 286 (832.0)
denovo205 A134_DQ174723 286 (841.0)
denovo205 A114_AF184941 286 (841.0)
denovo205 A135_DQ174727 288 (845.5)
denovo205 A2_AF333506 289 (835.5)
denovo205 A101_AF427468 288 (845.5)
denovo205 A2_1_JN558097 288 (845.5)
denovo205 A2_2_JN558100 288 (845.5)
denovo205 A113_AF184948 280 (817.5)
denovo205 A112_AF184949 279 (842.0)
denovo205 A123_EF378618 275 (847.5)
denovo205 A137_EF378621 272 (948.0)
denovo205 A11_EU449041 272 (1056.5)
denovo205 A121_DQ174722 272 (1122.5)
denovo205 A15b_EU792886 272 (1071.5)
denovo205 A15a_EU792885 272 (1089.5)
denovo205 A15c_EU792887 273 (1074.5)
denovo205 A15_EU792884 272 (1080.5)
denovo205 A147_EU074937 272 (1107.5)
denovo205 A154_EU074860 272 (1107.5)
denovo205 A146_EU074936 272 (1107.5)
denovo205 A150_EU074928 272 (1107.5)
denovo205 A116_AF183575 272 (1107.5)
denovo205 A141_EU074931 272 (1116.5)
denovo205 A5_AF333508 272 (1149.5)
denovo205 A3b_EU449043 272 (1134.5)
denovo205 A151_EU074925 272 (1116.5)
denovo205 A152_EU074927 272 (1116.5)
denovo205 A149_EU074929 272 (1116.5)
denovo205 A140_EU074930 272 (1116.5)
denovo205 A142_EU074932 272 (1116.5)
denovo205 A143_EU074933 272 (1116.5)
denovo205 A144_EU074934 272 (1116.5)
denovo205 A145_EU074935 273 (1119.5)
denovo205 A148_EU074938 272 (1116.5)
denovo205 A155_EU074856 272 (1116.5)
denovo205 A156_EU074859 272 (1116.5)
denovo205 A139_EU074962 272 (1116.5)
denovo205 A6_AF186058 272 (1125.5)
denovo205 A3_AF333507 272 (1125.5)
denovo205 A3_JN558091 272 (1125.5)
denovo205 A8_AY258468 272 (1116.5)
denovo205 A7_AY239360 272 (1107.5)
denovo205 A16_EU792888 272 (1107.5)
denovo205 A4.3_FN429763 274 (1237.5)
denovo205 A120_AF180122 273 (1179.5)
denovo205 A4.2_FN429761 272 (1229.0)
denovo205 A4_AF333509 272 (1266.0)
denovo205 A4.1_FN429760 272 (1245.5)
denovo205 A4a_AF499778 272 (1257.0)
denovo205 A4a.1_FN429762 272 (1257.0)
denovo205 A138_EF378620 274 (1117.5)
denovo205 A122_EF378619 273 (1145.5)
denovo205 A126_EF378615 272 (1164.5)
denovo205 A10_EU792882 272 (1164.5)
denovo205 A9_EU449028 272 (1176.0)
denovo205 A105_AB207202 272 (1176.0)
denovo205 A119_AF180121 273 (1113.5)
denovo205 A12_EU792883 272 (1185.0)
denovo205 A104_AB207203 272 (1185.0)
denovo205 A1a_EU449030 272 (1194.0)
denovo205 A1.3_HE578976 272 (1194.0)
denovo205 A1.4_HE578977 272 (1194.0)
denovo205 A13_AF333504 272 (1194.0)
denovo205 A13_JN558094 272 (1194.0)
denovo205 A110_AB190282 272 (1194.0)
denovo205 A103_AB207206 272 (1194.0)
denovo205 A130_EF656428 272 (1194.0)
denovo205 A127_EF656429 272 (1194.0)
denovo205 A128_EF656430 272 (1194.0)
denovo205 A129_EF656431 272 (1194.0)
denovo205 A131_EF656432 272 (1194.0)
denovo205 A118_AF180120 272 (1141.5)
denovo205 A1_AF333505 272 (1203.0)
denovo205 A107_AB207199 272 (1176.0)
denovo205 A111_AB190280 272 (1185.0)
denovo205 A108_AB207197 272 (1170.0)
denovo205 A106_AB207200 272 (1176.0)
denovo205 A102_AB207209 272 (1194.0)
denovo205 A1.2_AB207210 272 (1194.0)
denovo205 A109_AB190285 272 (1185.0)
denovo205 B4_AF333510 342 (530.0)
denovo205 B23_EU449079 344 (490.0)
denovo205 B30_GU907644 345 (484.0)
denovo205 B11_AY239361 347 (508.0)
denovo205 B17_AY258470 344 (496.5)
denovo205 B1k_GU907638 284 (259.5)
denovo205 B1.V_Green2014 355 (484.5)
denovo205 B1b_AF499780 326 (518.5)
denovo205 B16_AY258469 347 (497.0)
denovo205 B31a_GU907646 346 (504.0)
denovo205 B32_GU907647 346 (512.5)
denovo205 B31_GU907645 346 (504.0)
denovo205 B1j_GU907637 346 (512.0)
denovo205 B37_GU907650 346 (523.0)
denovo205 B5a_AF499782 347 (497.0)
denovo205 B5_AF499781 347 (506.0)
denovo205 B24_GU907643 347 (383.0)
denovo205 B117_AF180124 327 (481.5)
denovo205 B10_AF499787 347 (497.0)
denovo205 B20_GU907642 357 (496.5)
denovo205 B1m_GU907640 346 (504.0)
denovo205 B34_GU907649 347 (506.0)
denovo205 B1d_GU907633 347 (506.0)
denovo205 B1e_GU907634 347 (506.0)
denovo205 B1i_GU907636 346 (504.0)
denovo205 B1g_GU907635 348 (497.0)
denovo205 B123_EU074872 337 (490.5)
denovo205 B8_AF499785 347 (495.0)
denovo205 B1l_GU907639 347 (497.5)
denovo205 B1a_AF499779 347 (506.0)
denovo205 B14_AY239362 348 (487.0)
denovo205 B125_EU074865 356 (506.0)
denovo205 B122_EU074871 346 (504.0)
denovo205 B124_EU074874 347 (497.0)
denovo205 B1.VII_Green2014 347 (454.5)
denovo205 B1.III_Green2014 334 (494.5)
denovo205 B1.I_Green2014 347 (506.0)
denovo205 B1.II_Green2014 347 (506.0)
denovo205 B1_JN558057 347 (506.0)
denovo205 B1_AF333511 347 (506.0)
denovo205 B1.IV_Green2014 357 (501.0)
denovo205 B121_EU074870 347 (506.0)
denovo205 B7_AF499784 347 (506.0)
denovo205 B1.VI_Green2014 338 (499.5)
denovo205 B3_AF333514 340 (509.5)
denovo205 B9_AF499786 329 (500.0)
denovo205 B19a_JN558055 321 (502.5)
denovo205 B119_EU099825 335 (503.0)
denovo205 B21_DQ865213 328 (493.5)
denovo205 B38_GU907651 328 (493.5)
denovo205 B18_AY258471 340 (518.0)
denovo205 B18a_AY258472 340 (518.0)
denovo205 B33_GU907648 340 (509.0)
denovo205 B6_AF499783 342 (515.0)
denovo205 B19_DQ865212 329 (500.0)
denovo205 B19_GU907641 329 (500.0)
denovo205 B2_AF333512 329 (500.0)
denovo205 B2_JN558060 329 (500.0)
denovo205 C33.1_AY258498 329 (536.5)
denovo205 C33.2_AY765400 329 (536.5)
denovo205 C33a_EF541147 329 (536.5)
denovo205 C34_AY258499 334 (552.0)
denovo205 C78_AY765413 342 (522.5)
denovo205 C15.29_KC597690 344 (509.0)
denovo205 C1131_DQ182650 340 (497.5)
denovo205 C1135_DQ182646 344 (500.5)
denovo205 C1134_DQ182647 341 (492.5)
denovo205 C1142_DQ182635 342 (494.5)
denovo205 C1136_DQ182644 340 (495.5)
denovo205 C1111_DQ182645 328 (505.0)
denovo205 C1236_EF473656 328 (496.0)
denovo205 C1138_DQ182642 328 (496.0)
denovo205 C1137_DQ182643 329 (506.5)
denovo205 C1133_DQ182648 328 (496.0)
denovo205 C1132_DQ182649 328 (505.0)
denovo205 C1143_DQ182634 328 (505.0)
denovo205 C1139_DQ182639 342 (503.5)
denovo205 C15.28_KC597687 342 (549.5)
denovo205 C1141_DQ182636 342 (512.5)
denovo205 C1144_DQ182637 342 (512.5)
denovo205 C1122_DQ182654 344 (509.5)
denovo205 C1127_DQ182652 342 (512.5)
denovo205 C15.30_JX394114 349 (542.0)
denovo205 C15.26_KC597686 346 (535.0)
denovo205 C1086_DQ182656 344 (535.5)
denovo205 C15.25_KC597685 344 (544.5)
denovo205 C1118_AF180127 338 (517.5)
denovo205 C1129_DQ182651 341 (500.0)
denovo205 C15.21_KC597683 335 (528.0)
denovo205 C56_AY589760 335 (536.5)
denovo205 C1140_DQ182638 342 (503.5)
denovo205 C1126_DQ182653 339 (511.5)
denovo205 C15c_AY258492 339 (540.0)
denovo205 C15d_AY258493 338 (546.5)
denovo205 C1098_DQ182641 343 (532.5)
denovo205 C15.27_KC597689 342 (549.5)
denovo205 C15.18_HE579024 342 (540.0)
denovo205 C15.16_HE579022 341 (555.0)
denovo205 C1101_AB253787 341 (528.0)
denovo205 C1083_AY237300 341 (546.5)
denovo205 C1088_DQ182640 343 (542.5)
denovo205 C15.6_FN563472 341 (537.0)
denovo205 C15.5_FJ461512 335 (537.0)
denovo205 C15.4_FJ461511 335 (537.0)
denovo205 C15.13_HE579019 341 (528.0)
denovo205 C15.12_HE579018 341 (537.0)
denovo205 C93a_AM748563 339 (557.5)
denovo205 C1094_AJ291514 339 (539.5)
denovo205 C93_AM748562 339 (548.5)
denovo205 C15.17_HE579023 340 (546.5)
denovo205 C15e_AY589742 348 (542.0)
denovo205 C15.22_KC597695 341 (537.0)
denovo205 C60_AY589764 342 (540.5)
denovo205 C15.1_FJ461508 341 (546.5)
denovo205 C15.2_FJ461509 341 (537.0)
denovo205 C15.9_FN563475 335 (554.5)
denovo205 C15.7_HE579015 341 (546.0)
denovo205 C15.8_HE579016 341 (537.0)
denovo205 C15.15_HE579021 341 (537.0)
denovo205 C15.19_HE579025 342 (549.0)
denovo205 C15.24_KC597696 341 (537.5)
denovo205 C15.3_FJ461510 335 (537.0)
denovo205 C1087_DQ182655 341 (546.5)
denovo205 C15.14_HE579020 342 (545.5)
denovo205 C15.23_KC597697 342 (545.5)
denovo205 C19_AY258479 340 (546.5)
denovo205 C1233_EU118166 341 (537.0)
denovo205 C15b_AY258491 341 (537.0)
denovo205 C15a_AY258476 335 (546.0)
denovo205 C1051_AF195153 341 (555.0)
denovo205 C2_AF333518 342 (553.0)
denovo205 C15.20_HE579026 342 (545.5)
denovo205 C15f_AY589743 342 (545.5)
denovo205 C55_AY589759 341 (549.5)
denovo205 C15_AY239369 341 (546.0)
denovo205 C32.1_JF683335 334 (549.5)
denovo205 C32.2_JF683336 337 (549.5)
denovo205 C21.23_KC597693 337 (549.5)
denovo205 C1193_EU099827 336 (536.5)
denovo205 C1195_EU099821 341 (500.0)
denovo205 C3q_GU907655 336 (543.5)
denovo205 C53_AY589758 341 (528.5)
denovo205 C73_AY765408 338 (544.0)
denovo205 C17.2.1_KC597684 342 (544.0)
denovo205 C32_AY258497 327 (545.5)
denovo205 C1189_EU099831 336 (537.5)
denovo205 C1191_EU099833 323 (545.0)
denovo205 C1196_EU099819 329 (543.5)
denovo205 C1192_EU099820 329 (543.5)
denovo205 C17.1_JF683322 323 (552.5)
denovo205 C26_b2_FN827164 330 (552.0)
denovo205 C26_b3_FN827165 330 (534.0)
denovo205 C31.9_HQ630879 331 (548.5)
denovo205 C31a_AY589746 332 (538.5)
denovo205 C30_AY589745 331 (553.0)
denovo205 C31.1_HQ630876 332 (547.5)
denovo205 C31.5_HQ630877 332 (547.5)
denovo205 C31.6_HQ630878 328 (544.5)
denovo205 C31.2_JF683332 332 (538.5)
denovo205 C31.3_JF683333 337 (554.0)
denovo205 C26/C35a_AY239378 330 (543.0)
denovo205 C35a_AY258501 330 (543.0)
denovo205 C35.2_AY258500 330 (552.0)
denovo205 C26_b1_FN827163 330 (552.0)
denovo205 C17_AY239370 329 (552.5)
denovo205 C17.2_FJ461513 331 (551.5)
denovo205 C31.10_HQ630880 331 (557.5)
denovo205 C31.4_JF683334 336 (536.0)
denovo205 C31_AY258496 332 (547.5)
denovo205 C25_AY239377 334 (527.0)
denovo205 C61_AY589765 335 (548.5)
denovo205 C1043_DQ072721 333 (507.5)
denovo205 C79_AY765414 327 (538.0)
denovo205 C69_AY589773 329 (555.5)
denovo205 C69a_AY686648 329 (546.5)
denovo205 C21.22_KC597692 329 (552.5)
denovo205 C51_AY589756 334 (543.0)
denovo205 C1aa_HM185739 341 (547.5)
denovo205 C1096_DQ068023 341 (525.0)
denovo205 C74_AY765409 340 (546.0)
denovo205 C1185_AB294629 334 (546.5)
denovo205 C1184_AB294630 334 (546.5)
denovo205 C1153_AB294625 334 (556.0)
denovo205 C1154_AB294626 339 (562.0)
denovo205 C1187_AB294627 334 (546.5)
denovo205 C1186_AB294628 331 (556.5)
denovo205 C57_AY589761 334 (555.5)
denovo205 C66_AY589771 334 (555.5)
denovo205 C5_AF499795 335 (546.0)
denovo205 C1167_AB294586 340 (561.5)
denovo205 C1164_AB294593 341 (546.0)
denovo205 C1183_AB294631 341 (537.0)
denovo205 C1067_DQ335381 335 (546.0)
denovo205 C1159_AB294613 345 (562.5)
denovo205 C1150_AB294622 343 (557.5)
denovo205 C90_AM748554 343 (554.0)
denovo205 C1168_AB294583 341 (546.0)
denovo205 C1156_AB294616 339 (557.5)
denovo205 C1151_AB294621 341 (564.0)
denovo205 C92a_AM748561 341 (555.0)
denovo205 C92_AM748560 341 (555.0)
denovo205 C1165_AB294581 335 (563.5)
denovo205 C1166_AB294584 341 (564.0)
denovo205 C1162_AB294594 335 (554.5)
denovo205 C1163_AB294596 335 (546.0)
denovo205 C1161_AB294606 341 (555.0)
denovo205 C1160_AB294608 341 (564.0)
denovo205 C1158_AB294614 341 (555.0)
denovo205 C1155_AB294617 341 (546.0)
denovo205 C1149_AB294620 335 (563.5)
denovo205 C1173_AB294662 341 (546.0)
denovo205 C1171_AB294663 341 (546.0)
denovo205 C1172_AB294665 341 (546.0)
denovo205 C91a_AM748556 335 (554.5)
denovo205 C91b_AM748557 337 (552.0)
denovo205 C91d_AM748559 340 (552.5)
denovo205 C91c_AM748558 340 (552.0)
denovo205 C91_AJ621543 341 (555.0)
denovo205 C91_AM748555 341 (555.0)
denovo205 C1023_DQ335330 313 (541.0)
denovo205 C1020_DQ335392 335 (555.0)
denovo205 C1018_DQ335408 335 (564.0)
denovo205 C1074_DQ335329 335 (546.0)
denovo205 C1030_DQ335353 335 (555.0)
denovo205 C1022_DQ335331 335 (555.0)
denovo205 C1027_DQ335360 335 (555.0)
denovo205 C1072_DQ335344 335 (546.0)
denovo205 C1039_AB190274 335 (555.0)
denovo205 C1033_DQ335350 340 (543.0)
denovo205 C1019_DQ335407 335 (555.0)
denovo205 C1194_EU099826 337 (535.5)
denovo205 C8b_AY258475 335 (530.5)
denovo205 C8_AY239367 336 (530.5)
denovo205 C8a_AY239368 336 (530.5)
denovo205 C54a_AY765406 333 (557.5)
denovo205 C3ff_HM185740 336 (548.5)
denovo205 C59_AY589763 344 (538.5)
denovo205 C3k_AY589737 341 (546.0)
denovo205 C3.24_HE579012 340 (552.5)
denovo205 C3.23_HE579011 341 (546.0)
denovo205 C35.1_AY765401 335 (572.0)
denovo205 C35.3_EF541145 335 (572.0)
denovo205 C76_AY765411 339 (547.5)
denovo205 C1107_DQ335359 330 (517.0)
denovo205 C3.22_HE579010 331 (536.0)
denovo205 C77_AY765412 341 (543.5)
denovo205 C20_AY239371 335 (546.0)
denovo205 C1055_DQ480640 341 (541.0)
denovo205 C27/C30_AY239379 330 (552.0)
denovo205 C27.1_FJ461517 330 (543.0)
denovo205 C40a_AY589747 333 (548.0)
denovo205 C40_AY258485 333 (548.0)
denovo205 C40b_AY589748 334 (547.5)
denovo205 C16_AY258477 335 (537.0)
denovo205 C16a_AY765399 331 (534.0)
denovo205 C1091_AB207186 329 (545.0)
denovo205 C1102_DQ335400 329 (527.0)
denovo205 C1069_DQ335375 327 (539.0)
denovo205 C1073_DQ335332 329 (545.0)
denovo205 C1066_DQ335382 335 (545.0)
denovo205 C1031_DQ335352 330 (557.0)
denovo205 C1026_DQ335366 336 (558.0)
denovo205 C70_AY589774 329 (554.0)
denovo205 C1082_AB190267 329 (536.0)
denovo205 C1078_AB190271 329 (545.0)
denovo205 C1090_AB207191 329 (554.0)
denovo205 C1071_DQ335302 329 (544.5)
denovo205 C1075_DQ335328 331 (550.5)
denovo205 C1068_DQ335379 329 (536.0)
denovo205 C1064_DQ335395 329 (554.0)
denovo205 C1063_DQ335403 329 (536.0)
denovo205 C62_AY589766 329 (545.0)
denovo205 C1077_DQ335316 330 (544.5)
denovo205 C1109_DQ335338 329 (536.0)
denovo205 C1110_DQ335340 329 (536.0)
denovo205 C1106_DQ335339 329 (527.0)
denovo205 C1112_DQ335319 329 (536.0)
denovo205 C1108_DQ335351 329 (527.0)
denovo205 C1105_DQ335394 329 (536.0)
denovo205 C1121_DQ335378 329 (527.0)
denovo205 C1116_AB190268 329 (536.0)
denovo205 C1115_AB190273 329 (536.0)
denovo205 C1124_DQ335323 329 (518.0)
denovo205 C1120_DQ335398 328 (533.0)
denovo205 C1119_DQ335404 329 (535.5)
denovo205 C1123_DQ335363 329 (527.0)
denovo205 C1004_DQ480635 337 (543.0)
denovo205 C1061_AY186568 344 (528.0)
denovo205 C1053_AY186569 344 (537.0)
denovo205 C1003_DQ480639 344 (537.0)
denovo205 C81_GU907657 330 (539.5)
denovo205 C22_AY239373 333 (548.5)
denovo205 C22a_AY239374 328 (551.5)
denovo205 C1232_EU118163 330 (531.5)
denovo205 C21.13_FJ461515 331 (557.0)
denovo205 C21.1_JF683323 333 (554.5)
denovo205 C21.3_JF683325 334 (550.0)
denovo205 C1.20_HE578993 334 (552.0)
denovo205 C1.22_HE578995 334 (543.0)
denovo205 C52_AY589757 329 (548.0)
denovo205 C1201_EU099793 337 (501.0)
denovo205 C14_AY589741 328 (545.5)
denovo205 C43_AY589749 329 (545.0)
denovo205 C50_AY589755 335 (555.0)
denovo205 C3.14_HQ630872 335 (546.0)
denovo205 C1m_AY765398 329 (536.0)
denovo205 C82_GU907658 335 (536.0)
denovo205 C82b_GU907660 335 (536.0)
denovo205 C64_AY589768 335 (555.0)
denovo205 C45a_AY765404 340 (543.5)
denovo205 C48_AY589753 335 (566.0)
denovo205 C1_v1b_FJ919244 337 (533.5)
denovo205 C1_v1a_FJ919243 335 (537.0)
denovo205 C3j_AY239366 335 (537.0)
denovo205 C3t_EF541149 333 (566.5)
denovo205 C9_AF499798 335 (537.0)
denovo205 C23_AY239375 329 (536.0)
denovo205 C37_AY258481 332 (546.5)
denovo205 C1048_DQ068026 335 (537.0)
denovo205 C21.4_JF683326 331 (549.0)
denovo205 C21.5_JF683327 329 (552.5)
denovo205 C1070_DQ335349 335 (546.0)
denovo205 C21.6_HQ630873 329 (552.5)
denovo205 C1224_EU074890 331 (543.0)
denovo205 C1.17_HE578990 335 (546.0)
denovo205 C21_b1_FN827162 327 (546.0)
denovo205 C21.9_JF683330 327 (555.0)
denovo205 C1085_AY624605 329 (554.0)
denovo205 C3p_GU907654 335 (549.5)
denovo205 C3f_AY589734 335 (555.0)
denovo205 C65a_AY589770 341 (546.0)
denovo205 C65_AY589769 341 (555.0)
denovo205 C71_AY589775 330 (549.5)
denovo205 C71a_AY589776 330 (540.5)
denovo205 C1178_AB294647 340 (554.5)
denovo205 C1225_EU074893 347 (545.0)
denovo205 C75_AY765410 338 (555.0)
denovo205 C21.10_JF683331 333 (564.0)
denovo205 C21.11_HQ630874 329 (561.5)
denovo205 C1065_DQ335388 335 (545.5)
denovo205 C1045_DQ068036 335 (554.5)
denovo205 C1h_AY258473 335 (546.0)
denovo205 C38_AY258482 339 (548.5)
denovo205 C1202_EU099799 335 (546.0)
denovo205 C7_AF499797 335 (555.0)
denovo205 C12_AF499801 337 (544.5)
denovo205 C38a_AY258483 342 (554.5)
denovo205 C1200_EU099800 332 (554.0)
denovo205 C44a_AY589751 341 (545.5)
denovo205 C47_AY589752 335 (546.0)
denovo205 C44_AY589750 335 (546.0)
denovo205 C1.15_HE578988 335 (546.5)
denovo205 C45.3_FJ461522 335 (546.5)
denovo205 C46a_AY765405 335 (546.0)
denovo205 C46_EU449108 335 (546.0)
denovo205 C3.12_FJ461507 335 (555.0)
denovo205 C1k_AY589733 335 (546.0)
denovo205 C67_AY686647 335 (546.0)
denovo205 C82a_GU907659 333 (539.5)
denovo205 C10a_AY589739 335 (546.0)
denovo205 C10_AF499799 335 (546.0)
denovo205 C13_AY589740 341 (543.0)
denovo205 C4_AF499794 335 (537.0)
denovo205 C1147_EF656433 335 (546.0)
denovo205 C1c/C45_AY239364 335 (546.0)
denovo205 C1c/C45_EU449103 335 (546.0)
denovo205 C21.19_HE579031 329 (543.5)
denovo205 C21.21_HE579033 329 (534.5)
denovo205 C21.20_HE579032 329 (543.5)
denovo205 C42b_AY765403 329 (527.0)
denovo205 C42_AY258487 329 (536.0)
denovo205 C1p_GU907652 335 (537.0)
denovo205 C1d_AY258488 334 (534.0)
denovo205 C42_AY765402 335 (537.0)
denovo205 C3ha_AY589736 329 (552.5)
denovo205 C63a_AY589767 337 (542.5)
denovo205 C21a_AY589744 329 (561.5)
denovo205 C3o_GU907653 329 (553.0)
denovo205 C21.16_HQ630875 331 (558.0)
denovo205 C21.2_JF683324 329 (561.5)
denovo205 C21.7_JF683328 328 (559.0)
denovo205 C21.8_JF683329 329 (570.5)
denovo205 C3h_AY239365 329 (552.5)
denovo205 C1203_EU099798 329 (552.5)
denovo205 C3.10_FJ461505 335 (555.0)
denovo205 C21.14_FJ461516 329 (561.5)
denovo205 C21.18_HE579030 335 (549.5)
denovo205 C3.17_HE579005 335 (546.0)
denovo205 C3.9_FJ461504 333 (556.0)
denovo205 C3.8_FJ461503 335 (555.0)
denovo205 C3.7_FJ461502 335 (546.0)
denovo205 C3.11_FJ461506 335 (555.0)
denovo205 C3.18_HE579006 335 (546.0)
denovo205 C3.19_HE579007 335 (554.5)
denovo205 C3.20_HE579008 335 (546.0)
denovo205 C3g_AY589735 338 (556.0)
denovo205 C3a_AF499790 341 (554.5)
denovo205 C3e_AF499793 335 (546.0)
denovo205 C6_AF499796 338 (555.0)
denovo205 C11_AF499800 334 (561.0)
denovo205 C36_AY258480 337 (550.5)
denovo205 C29_AY258494 335 (546.0)
denovo205 C1146_EF656434 335 (555.5)
denovo205 C1190_EU099841 335 (564.0)
denovo205 C131_JF320826 335 (546.0)
denovo205 C28_AY239380 337 (545.0)
denovo205 C1012_DQ480604 333 (548.5)
denovo205 C1181_AB294640 335 (548.0)
denovo205 C1180_AB294641 335 (566.0)
denovo205 C1179_AB294645 335 (557.0)
denovo205 C1176_AB294651 348 (551.0)
denovo205 C1175_AB294653 335 (557.0)
denovo205 C1174_AB294655 335 (557.0)
denovo205 C1177_AB294659 336 (550.5)
denovo205 C1040_AB190269 335 (555.0)
denovo205 C1182_AB294649 335 (546.0)
denovo205 C1089_AJ278598 335 (546.0)
denovo205 C1028_DQ335357 335 (555.0)
denovo205 C3.16_EU786015 335 (564.0)
denovo205 C1097_AJ311943 342 (545.0)
denovo205 C1170_AB294661 335 (557.0)
denovo205 C21.17_HE579029 330 (566.5)
denovo205 C21/3d/C3k_AY239372 329 (561.5)
denovo205 C58_AY589762 330 (561.0)
denovo205 C3L_AY589738 336 (554.5)
denovo205 C1169_AB294660 335 (557.0)
denovo205 C3.2_FJ461497 334 (555.5)
denovo205 C3.1_JF683321 338 (549.5)
denovo205 C1104_AF427469 336 (545.0)
denovo205 C3b_AF499791 334 (555.5)
denovo205 C83_GU907661 341 (557.5)
denovo205 C49_AY589754 361 (561.5)
denovo205 C3_AB778606 335 (555.0)
denovo205 C3_AF499789 335 (555.0)
denovo205 C3_HE579001 335 (555.0)
denovo205 C21.12_FJ461514 329 (552.5)
denovo205 C1229_EU074888 326 (550.5)
denovo205 C1230_EU074889 326 (559.5)
denovo205 C1114_AB207196 335 (537.0)
denovo205 C3.21_HE579009 329 (470.0)
denovo205 C1057_DQ480619 341 (537.0)
denovo205 C72_AY765407 330 (539.5)
denovo205 C1b.3_HE578999 334 (537.5)
denovo205 C93_AJ621536 335 (546.0)
denovo205 C94_AJ621539 335 (537.0)
denovo205 C1g_AY589730 335 (555.0)
denovo205 C1i_AY589731 339 (539.5)
denovo205 C1j_AY589732 335 (546.0)
denovo205 C1005_DQ480633 335 (537.0)
denovo205 C1.7_FJ461494 335 (546.0)
denovo205 C1.11_HE578984 329 (545.0)
denovo205 C1.12_HE578985 335 (546.0)
denovo205 C1.13_HE578986 335 (546.0)
denovo205 C1.14_HE578987 343 (543.0)
denovo205 C1.18_HE578991 335 (537.0)
denovo205 C1.19_HE578992 335 (546.0)
denovo205 C1199_EU099802 342 (534.0)
denovo205 C1188_EU099838 342 (549.0)
denovo205 C1002_DQ838544 335 (555.0)
denovo205 C1198_EU099810 335 (537.0)
denovo205 C24_AY239376 335 (537.0)
denovo205 C1f_AY258490 335 (546.0)
denovo205 C1006_DQ480629 335 (546.0)
denovo205 C1010_DQ480607 335 (546.0)
denovo205 C1007_DQ480624 335 (537.0)
denovo205 C1011_DQ480605 341 (547.0)
denovo205 C1009_DQ480608 340 (542.5)
denovo205 C1041_AY186548 344 (536.5)
denovo205 C1052_AY186570 342 (540.0)
denovo205 C1148_EU040178 335 (546.0)
denovo205 C1234_EU118165 336 (536.0)
denovo205 C1.5_EF634157 339 (548.5)
denovo205 C1059_DQ480609 335 (537.0)
denovo205 C1228_EU074883 329 (545.5)
denovo205 C1208_EU074963 338 (545.0)
denovo205 C1207_EU074964 342 (540.5)
denovo205 C1206_EU074965 335 (555.0)
denovo205 C1013_DQ480642 335 (546.0)
denovo205 C80_GU907656 345 (549.5)
denovo205 C1a_AF499788 341 (546.0)
denovo205 C41_AY258486 335 (546.0)
denovo205 C39_AY258484 328 (547.5)
denovo205 C1231_EU074878 335 (537.0)
denovo205 C1b.1_HE578997 334 (537.5)
denovo205 C18_AY258478 335 (546.0)
denovo205 C1.10_HE578983 333 (547.5)
denovo205 C1_JN558041 335 (546.0)
denovo205 C1_HE578979 335 (546.0)
denovo205 C1_AM748551 335 (546.0)
denovo205 C1_AF333515 335 (546.0)
denovo205 C1054_AY186565 340 (549.5)
denovo205 C1008_DQ480613 335 (537.0)
denovo205 C1103_AF427470 336 (536.0)
denovo205 C1226_EU074881 336 (536.0)
denovo205 C1b/C1e_AY239363 334 (546.5)
denovo205 C1044_DQ068038 335 (531.0)
denovo205 C1017_DQ174729 335 (536.5)
denovo205 C1.6_FJ461493 335 (537.0)
denovo205 C1b.2_HE578998 334 (537.5)
denovo205 C1060_DQ480600 335 (537.0)
denovo205 C1227_EU074882 335 (537.0)
denovo205 C1197_EU099814 335 (537.0)
denovo205 C1130_DQ480643 335 (431.5)
denovo205 D109_AB097465 337 (444.5)
denovo205 D1.11_HE579040 333 (461.0)
denovo205 D105_AF174570 331 (464.0)
denovo205 D104_AF174572 333 (452.5)
denovo205 D1.3_JF683337 336 (444.0)
denovo205 D1.10_HE579039 329 (457.5)
denovo205 D110_AF174561 330 (461.0)
denovo205 D117_AF174542 331 (446.0)
denovo205 D114_AF174549 331 (455.0)
denovo205 D113_AF174557 333 (452.5)
denovo205 D112_AF174558 337 (446.0)
denovo205 D106_AF174559 331 (464.0)
denovo205 D111_AF174560 331 (455.0)
denovo205 D115_AF174562 331 (446.0)
denovo205 D107_AF174568 331 (446.0)
denovo205 D116_AF174571 320 (449.5)
denovo205 D124_EU074897 316 (446.5)
denovo205 D1.8_HE579037 333 (461.5)
denovo205 D3_AY686650 332 (458.0)
denovo205 D1.6_HQ630881 337 (454.5)
denovo205 D120_EU074900 333 (452.5)
denovo205 D121_EU074904 320 (458.5)
denovo205 D122_EU074905 331 (454.5)
denovo205 D1a.2_JF683339 318 (445.5)
denovo205 D1a.1_JF683338 333 (452.5)
denovo205 D2_AY686649 578 (508.0)
denovo205 D4_DQ865214 334 (452.0)
denovo205 D1a_AF499802 333 (452.5)
denovo205 D1a_JN558078 333 (452.5)
denovo205 D123_EU074895 331 (455.0)
denovo205 D108_AF174567 333 (461.5)
denovo205 D103_AF174575 331 (464.0)
denovo205 D100_AF411415 321 (452.5)
denovo205 D118_EF656435 331 (455.0)
denovo205 D101_AF411416 321 (437.5)
denovo205 D119_EU099832 332 (450.5)
denovo205 D102_AF174573 330 (455.5)
denovo205 D1_AF334660 331 (455.0)
denovo205 D1_JN558076 331 (455.0)
denovo205 D1.12_HE579041 314 (450.0)
denovo205 D1.1_AM748564 415 (464.5)
denovo205 D1.2_AM748617 416 (458.5)
denovo205 E111_EU074915 329 (478.0)
denovo205 E110_EU074914 328 (494.5)
denovo205 E114_EU074909 326 (489.5)
denovo205 E1_AF334659 330 (478.0)
denovo205 E105_EU074921 329 (488.0)
denovo205 E112_EU074916 326 (480.5)
denovo205 E104_EU074922 326 (489.5)
denovo205 E102_EU074924 326 (480.5)
denovo205 E103_EU074923 326 (489.5)
denovo205 E101_AY160123 322 (492.5)
denovo205 E109_EU074913 329 (487.0)
denovo205 E100_DQ011618 335 (494.5)
denovo205 E108_EU074912 338 (493.5)
denovo205 E113_EU074908 335 (488.5)
denovo205 E107_EU074910 335 (494.0)
denovo205 F1_JN558066 337 (533.0)
denovo205 F5.2d_AJ291530 338 (536.5)
denovo205 F104_AJ291531 338 (536.5)
denovo205 F5.2c_AM748596 338 (536.5)
denovo205 F5.2_AM748594 338 (536.5)
denovo205 F5.2a_AM748614 338 (536.5)
denovo205 F5.2b_AM748595 338 (536.5)
denovo205 F5.2e_AJ291533 340 (498.0)
denovo205 F5.2g_JN558072 337 (542.0)
denovo205 F5.2f_AJ291512 338 (536.5)
denovo205 F102_AJ291534 337 (542.0)
denovo205 F5.1c_AM748593 339 (529.5)
denovo205 F5.1d_JN558069 335 (546.0)
denovo205 F5.1b_AJ291535 340 (551.5)
denovo205 F5.1_AM748592 340 (552.0)
denovo205 F5.1a_AM748591 340 (560.5)
denovo205 F110_AJ291526 325 (551.5)
denovo205 F4.7_AM748587 326 (548.5)
denovo205 F4.5_AM748585 326 (553.5)
denovo205 F4.4a_AM748583 321 (567.0)
denovo205 F4.4_AM748582 333 (565.0)
denovo205 F4.4b_AM748584 323 (552.5)
denovo205 F4.1a_AM748573 327 (549.5)
denovo205 F112_AJ291528 326 (519.5)
denovo205 F4.1_AM748572 326 (537.5)
denovo205 F4.8b_AM748590 327 (557.0)
denovo205 F4.8_AM748588 332 (563.5)
denovo205 F4.8a_AM748589 322 (560.0)
denovo205 F109_AJ291527 321 (562.0)
denovo205 F4.6_AM748586 325 (534.0)
denovo205 F111_AJ311949 329 (531.0)
denovo205 F4.3c_AM748581 331 (542.5)
denovo205 F4.3a_AM748579 332 (554.0)
denovo205 F4.3b_AM748580 331 (550.5)
denovo205 F4.3_AM748578 331 (550.5)
denovo205 F4.2_AM748574 329 (545.0)
denovo205 F4.2a_AM748575 327 (553.5)
denovo205 F4.2c_AM748577 328 (553.0)
denovo205 F4.2b_AM748576 327 (544.5)
denovo205 F2b_AJ291521 342 (529.5)
denovo205 F2_AJ830908 335 (527.0)
denovo205 F2a_AJ830911 339 (521.5)
denovo205 F3.1a_AM748566 341 (545.5)
denovo205 F114_AJ291525 348 (533.5)
denovo205 F3.1_AM748565 348 (551.5)
denovo205 F3.2_AM748567 352 (552.0)
denovo205 F3.2a_AM748568 338 (555.0)
denovo205 F3.3_AM748569 340 (558.0)
denovo205 F3.4a_AM748571 347 (577.5)
denovo205 F3.4_AM748570 347 (559.5)
denovo205 F3.4b_AM748616 347 (559.5)
denovo205 G101_AJ291539 339 (466.0)
denovo205 G1_AM748597 342 (457.5)
denovo205 G2b_JN558087 340 (472.0)
denovo205 G2_AM748598 338 (467.0)
denovo205 G2a_AM748599 340 (472.5)
denovo205 G4_AM748601 350 (481.0)
denovo205 G3.4_LK392378 347 (462.5)
denovo205 G3_AM748600 341 (461.0)
denovo205 G3.2_KC597694 321 (452.0)
denovo205 G3.1_KC597688 340 (485.0)
denovo205 G100_AB253788 337 (486.0)
denovo205 G3.3_LK392377 338 (489.0)
denovo205 H6_AJ291520 632 (278.0)
denovo205 H3_AM748606 343 (381.0)
denovo205 H2_AM748605 331 (398.5)
denovo205 H4_AM748607 342 (387.0)
denovo205 H4a_AM748608 352 (388.5)
denovo205 H5a_AM748611 318 (409.0)
denovo205 H5b_AM748610 321 (402.5)
denovo205 H5_AJ621129 345 (407.0)
denovo205 H5_AM748609 345 (407.0)
denovo205 H100_AJ291513 310 (403.0)
denovo205 H1b_AM748604 311 (400.5)
denovo205 H1a_AM748612 327 (397.5)
denovo205 H1_AJ621152 310 (398.0)
denovo205 H1_AM748602 310 (398.0)
denovo205 I3_FN561561 355 (560.0)
denovo205 I4_FN561562 355 (560.0)
denovo205 I1_FN561559 354 (567.0)
denovo205 I2_FN561560 338 (564.5)

#---------------------------------------
#---------------------------------------
