denovo146 A136_DQ865210 335 (533.5)
denovo146 A133_DQ174725 327 (524.5)
denovo146 A115_AF180123 338 (497.5)
denovo146 A117_AF201746 335 (550.0)
denovo146 A134_DQ174723 334 (555.5)
denovo146 A114_AF184941 335 (550.0)
denovo146 A135_DQ174727 340 (529.5)
denovo146 A2_AF333506 340 (553.0)
denovo146 A101_AF427468 340 (538.5)
denovo146 A2_1_JN558097 340 (538.5)
denovo146 A2_2_JN558100 340 (538.5)
denovo146 A113_AF184948 335 (529.0)
denovo146 A112_AF184949 336 (532.0)
denovo146 A123_EF378618 332 (388.0)
denovo146 A137_EF378621 333 (382.0)
denovo146 A11_EU449041 328 (549.0)
denovo146 A121_DQ174722 336 (523.0)
denovo146 A15b_EU792886 323 (504.0)
denovo146 A15a_EU792885 323 (513.5)
denovo146 A15c_EU792887 338 (514.5)
denovo146 A15_EU792884 323 (513.0)
denovo146 A147_EU074937 336 (534.5)
denovo146 A154_EU074860 336 (516.5)
denovo146 A146_EU074936 339 (533.5)
denovo146 A150_EU074928 339 (551.5)
denovo146 A116_AF183575 321 (543.5)
denovo146 A141_EU074931 339 (542.5)
denovo146 A5_AF333508 334 (543.5)
denovo146 A3b_EU449043 334 (538.0)
denovo146 A151_EU074925 338 (531.0)
denovo146 A152_EU074927 337 (528.5)
denovo146 A149_EU074929 339 (525.5)
denovo146 A140_EU074930 336 (525.5)
denovo146 A142_EU074932 336 (525.5)
denovo146 A143_EU074933 325 (537.0)
denovo146 A144_EU074934 336 (534.5)
denovo146 A145_EU074935 336 (543.5)
denovo146 A148_EU074938 338 (532.0)
denovo146 A155_EU074856 336 (534.5)
denovo146 A156_EU074859 336 (525.5)
denovo146 A139_EU074962 336 (525.5)
denovo146 A6_AF186058 336 (534.5)
denovo146 A3_AF333507 336 (534.5)
denovo146 A3_JN558091 336 (534.5)
denovo146 A8_AY258468 334 (530.0)
denovo146 A7_AY239360 321 (543.5)
denovo146 A16_EU792888 334 (539.0)
denovo146 A4.3_FN429763 344 (528.5)
denovo146 A120_AF180122 340 (527.0)
denovo146 A4.2_FN429761 342 (530.0)
denovo146 A4_AF333509 342 (549.0)
denovo146 A4.1_FN429760 341 (544.0)
denovo146 A4a_AF499778 342 (549.5)
denovo146 A4a.1_FN429762 342 (549.5)
denovo146 A138_EF378620 330 (527.0)
denovo146 A122_EF378619 330 (558.0)
denovo146 A126_EF378615 329 (559.0)
denovo146 A10_EU792882 329 (559.0)
denovo146 A9_EU449028 334 (541.5)
denovo146 A105_AB207202 333 (538.5)
denovo146 A119_AF180121 330 (546.5)
denovo146 A12_EU792883 337 (542.0)
denovo146 A104_AB207203 334 (550.5)
denovo146 A1a_EU449030 338 (545.0)
denovo146 A1.3_HE578976 335 (544.0)
denovo146 A1.4_HE578977 336 (547.0)
denovo146 A13_AF333504 335 (544.0)
denovo146 A13_JN558094 335 (544.0)
denovo146 A110_AB190282 343 (542.0)
denovo146 A103_AB207206 334 (550.5)
denovo146 A130_EF656428 334 (541.5)
denovo146 A127_EF656429 334 (550.5)
denovo146 A128_EF656430 334 (541.5)
denovo146 A129_EF656431 335 (544.5)
denovo146 A131_EF656432 334 (550.5)
denovo146 A118_AF180120 330 (541.0)
denovo146 A1_AF333505 334 (550.5)
denovo146 A107_AB207199 334 (559.5)
denovo146 A111_AB190280 334 (559.5)
denovo146 A108_AB207197 335 (529.0)
denovo146 A106_AB207200 334 (551.5)
denovo146 A102_AB207209 334 (550.5)
denovo146 A1.2_AB207210 334 (550.5)
denovo146 A109_AB190285 331 (551.5)
denovo146 B4_AF333510 319 (720.0)
denovo146 B23_EU449079 327 (623.0)
denovo146 B30_GU907644 336 (622.0)
denovo146 B11_AY239361 327 (659.5)
denovo146 B17_AY258470 337 (658.5)
denovo146 B1k_GU907638 301 (331.0)
denovo146 B1.V_Green2014 336 (622.5)
denovo146 B1b_AF499780 317 (633.5)
denovo146 B16_AY258469 325 (653.0)
denovo146 B31a_GU907646 332 (653.5)
denovo146 B32_GU907647 328 (652.0)
denovo146 B31_GU907645 328 (661.0)
denovo146 B1j_GU907637 328 (679.0)
denovo146 B37_GU907650 337 (671.0)
denovo146 B5a_AF499782 327 (657.5)
denovo146 B5_AF499781 327 (666.5)
denovo146 B24_GU907643 328 (537.0)
denovo146 B117_AF180124 329 (646.0)
denovo146 B10_AF499787 327 (667.5)
denovo146 B20_GU907642 330 (662.5)
denovo146 B1m_GU907640 328 (670.0)
denovo146 B34_GU907649 328 (670.0)
denovo146 B1d_GU907633 328 (670.5)
denovo146 B1e_GU907634 328 (670.5)
denovo146 B1i_GU907636 328 (670.0)
denovo146 B1g_GU907635 331 (656.5)
denovo146 B123_EU074872 334 (669.0)
denovo146 B8_AF499785 329 (660.5)
denovo146 B1l_GU907639 328 (661.0)
denovo146 B1a_AF499779 328 (670.0)
denovo146 B14_AY239362 329 (651.0)
denovo146 B125_EU074865 328 (661.0)
denovo146 B122_EU074871 328 (661.0)
denovo146 B124_EU074874 328 (661.0)
denovo146 B1.VII_Green2014 328 (591.0)
denovo146 B1.III_Green2014 327 (650.0)
denovo146 B1.I_Green2014 328 (670.0)
denovo146 B1.II_Green2014 328 (670.0)
denovo146 B1_JN558057 328 (670.0)
denovo146 B1_AF333511 328 (670.0)
denovo146 B1.IV_Green2014 339 (668.5)
denovo146 B121_EU074870 329 (672.0)
denovo146 B7_AF499784 328 (679.0)
denovo146 B1.VI_Green2014 326 (664.5)
denovo146 B3_AF333514 329 (667.5)
denovo146 B9_AF499786 326 (649.5)
denovo146 B19a_JN558055 323 (623.5)
denovo146 B119_EU099825 338 (602.5)
denovo146 B21_DQ865213 322 (643.5)
denovo146 B38_GU907651 322 (643.5)
denovo146 B18_AY258471 329 (658.5)
denovo146 B18a_AY258472 329 (649.5)
denovo146 B33_GU907648 325 (646.5)
denovo146 B6_AF499783 326 (659.0)
denovo146 B19_DQ865212 325 (656.0)
denovo146 B19_GU907641 325 (656.0)
denovo146 B2_AF333512 325 (665.0)
denovo146 B2_JN558060 325 (665.0)
denovo146 C33.1_AY258498 300 (1334.0)
denovo146 C33.2_AY765400 300 (1334.0)
denovo146 C33a_EF541147 300 (1334.0)
denovo146 C34_AY258499 300 (1343.0)
denovo146 C78_AY765413 300 (1307.0)
denovo146 C15.29_KC597690 302 (1303.0)
denovo146 C1131_DQ182650 300 (1243.0)
denovo146 C1135_DQ182646 300 (1234.0)
denovo146 C1134_DQ182647 300 (1234.0)
denovo146 C1142_DQ182635 300 (1243.0)
denovo146 C1136_DQ182644 300 (1222.0)
denovo146 C1111_DQ182645 300 (1222.0)
denovo146 C1236_EF473656 300 (1231.0)
denovo146 C1138_DQ182642 300 (1231.0)
denovo146 C1137_DQ182643 300 (1231.0)
denovo146 C1133_DQ182648 300 (1231.0)
denovo146 C1132_DQ182649 300 (1231.0)
denovo146 C1143_DQ182634 300 (1240.0)
denovo146 C1139_DQ182639 300 (1252.0)
denovo146 C15.28_KC597687 300 (1298.0)
denovo146 C1141_DQ182636 300 (1261.0)
denovo146 C1144_DQ182637 300 (1252.0)
denovo146 C1122_DQ182654 300 (1261.0)
denovo146 C1127_DQ182652 300 (1261.0)
denovo146 C15.30_JX394114 300 (1316.0)
denovo146 C15.26_KC597686 300 (1316.0)
denovo146 C1086_DQ182656 300 (1316.0)
denovo146 C15.25_KC597685 300 (1325.0)
denovo146 C1118_AF180127 300 (1222.0)
denovo146 C1129_DQ182651 300 (1288.0)
denovo146 C15.21_KC597683 300 (1316.0)
denovo146 C56_AY589760 300 (1334.0)
denovo146 C1140_DQ182638 300 (1288.0)
denovo146 C1126_DQ182653 300 (1279.0)
denovo146 C15c_AY258492 300 (1334.0)
denovo146 C15d_AY258493 300 (1325.0)
denovo146 C1098_DQ182641 300 (1304.5)
denovo146 C15.27_KC597689 300 (1334.0)
denovo146 C15.18_HE579024 300 (1334.0)
denovo146 C15.16_HE579022 300 (1334.0)
denovo146 C1101_AB253787 300 (1334.0)
denovo146 C1083_AY237300 300 (1334.0)
denovo146 C1088_DQ182640 300 (1334.0)
denovo146 C15.6_FN563472 300 (1343.0)
denovo146 C15.5_FJ461512 300 (1343.0)
denovo146 C15.4_FJ461511 300 (1352.0)
denovo146 C15.13_HE579019 300 (1334.0)
denovo146 C15.12_HE579018 300 (1343.0)
denovo146 C93a_AM748563 300 (1352.0)
denovo146 C1094_AJ291514 300 (1334.0)
denovo146 C93_AM748562 300 (1343.0)
denovo146 C15.17_HE579023 300 (1328.0)
denovo146 C15e_AY589742 300 (1328.0)
denovo146 C15.22_KC597695 300 (1343.0)
denovo146 C60_AY589764 300 (1343.0)
denovo146 C15.1_FJ461508 300 (1343.0)
denovo146 C15.2_FJ461509 300 (1343.0)
denovo146 C15.9_FN563475 300 (1343.0)
denovo146 C15.7_HE579015 300 (1343.0)
denovo146 C15.8_HE579016 300 (1343.0)
denovo146 C15.15_HE579021 300 (1343.0)
denovo146 C15.19_HE579025 300 (1343.0)
denovo146 C15.24_KC597696 300 (1334.0)
denovo146 C15.3_FJ461510 300 (1352.0)
denovo146 C1087_DQ182655 300 (1343.0)
denovo146 C15.14_HE579020 301 (1333.0)
denovo146 C15.23_KC597697 301 (1333.0)
denovo146 C19_AY258479 300 (1337.0)
denovo146 C1233_EU118166 300 (1343.0)
denovo146 C15b_AY258491 300 (1343.0)
denovo146 C15a_AY258476 300 (1361.0)
denovo146 C1051_AF195153 300 (1361.0)
denovo146 C2_AF333518 301 (1351.0)
denovo146 C15.20_HE579026 301 (1342.0)
denovo146 C15f_AY589743 301 (1342.0)
denovo146 C55_AY589759 304 (1340.5)
denovo146 C15_AY239369 300 (1352.0)
denovo146 C32.1_JF683335 307 (1206.5)
denovo146 C32.2_JF683336 309 (1221.5)
denovo146 C21.23_KC597693 309 (1221.5)
denovo146 C1193_EU099827 301 (1315.0)
denovo146 C1195_EU099821 308 (1302.5)
denovo146 C3q_GU907655 301 (1276.0)
denovo146 C53_AY589758 300 (1325.0)
denovo146 C73_AY765408 305 (1282.5)
denovo146 C17.2.1_KC597684 302 (1280.5)
denovo146 C32_AY258497 300 (1304.0)
denovo146 C1189_EU099831 300 (1313.0)
denovo146 C1191_EU099833 300 (1304.0)
denovo146 C1196_EU099819 300 (1313.0)
denovo146 C1192_EU099820 300 (1313.0)
denovo146 C17.1_JF683322 300 (1322.0)
denovo146 C26_b2_FN827164 301 (1312.0)
denovo146 C26_b3_FN827165 301 (1303.0)
denovo146 C31.9_HQ630879 303 (1301.5)
denovo146 C31a_AY589746 303 (1298.0)
denovo146 C30_AY589745 303 (1298.0)
denovo146 C31.1_HQ630876 303 (1298.0)
denovo146 C31.5_HQ630877 303 (1298.0)
denovo146 C31.6_HQ630878 303 (1298.0)
denovo146 C31.2_JF683332 303 (1298.0)
denovo146 C31.3_JF683333 303 (1298.0)
denovo146 C26/C35a_AY239378 301 (1312.0)
denovo146 C35a_AY258501 301 (1312.0)
denovo146 C35.2_AY258500 301 (1321.0)
denovo146 C26_b1_FN827163 301 (1321.0)
denovo146 C17_AY239370 300 (1331.0)
denovo146 C17.2_FJ461513 302 (1320.5)
denovo146 C31.10_HQ630880 303 (1310.5)
denovo146 C31.4_JF683334 307 (1295.5)
denovo146 C31_AY258496 303 (1307.0)
denovo146 C25_AY239377 302 (1323.5)
denovo146 C61_AY589765 300 (1273.0)
denovo146 C1043_DQ072721 300 (1329.0)
denovo146 C79_AY765414 300 (1334.0)
denovo146 C69_AY589773 301 (1264.5)
denovo146 C69a_AY686648 301 (1255.5)
denovo146 C21.22_KC597692 300 (1295.0)
denovo146 C51_AY589756 300 (1343.0)
denovo146 C1aa_HM185739 300 (1344.0)
denovo146 C1096_DQ068023 300 (1313.0)
denovo146 C74_AY765409 301 (1324.0)
denovo146 C1185_AB294629 301 (1333.0)
denovo146 C1184_AB294630 301 (1333.0)
denovo146 C1153_AB294625 301 (1333.0)
denovo146 C1154_AB294626 301 (1333.0)
denovo146 C1187_AB294627 301 (1333.0)
denovo146 C1186_AB294628 301 (1333.0)
denovo146 C57_AY589761 301 (1342.0)
denovo146 C66_AY589771 301 (1342.0)
denovo146 C5_AF499795 300 (1343.0)
denovo146 C1167_AB294586 300 (1352.0)
denovo146 C1164_AB294593 300 (1352.0)
denovo146 C1183_AB294631 300 (1352.0)
denovo146 C1067_DQ335381 300 (1352.0)
denovo146 C1159_AB294613 301 (1333.0)
denovo146 C1150_AB294622 301 (1342.0)
denovo146 C90_AM748554 302 (1368.5)
denovo146 C1168_AB294583 300 (1352.0)
denovo146 C1156_AB294616 300 (1352.0)
denovo146 C1151_AB294621 300 (1370.0)
denovo146 C92a_AM748561 300 (1352.0)
denovo146 C92_AM748560 300 (1361.0)
denovo146 C1165_AB294581 300 (1361.0)
denovo146 C1166_AB294584 300 (1361.0)
denovo146 C1162_AB294594 300 (1361.0)
denovo146 C1163_AB294596 300 (1361.0)
denovo146 C1161_AB294606 300 (1361.0)
denovo146 C1160_AB294608 300 (1361.0)
denovo146 C1158_AB294614 300 (1361.0)
denovo146 C1155_AB294617 300 (1361.0)
denovo146 C1149_AB294620 300 (1361.0)
denovo146 C1173_AB294662 300 (1361.0)
denovo146 C1171_AB294663 300 (1361.0)
denovo146 C1172_AB294665 300 (1361.0)
denovo146 C91a_AM748556 300 (1361.0)
denovo146 C91b_AM748557 300 (1361.0)
denovo146 C91d_AM748559 300 (1361.0)
denovo146 C91c_AM748558 300 (1361.0)
denovo146 C91_AJ621543 300 (1370.0)
denovo146 C91_AM748555 300 (1370.0)
denovo146 C1023_DQ335330 300 (1142.0)
denovo146 C1020_DQ335392 300 (1370.0)
denovo146 C1018_DQ335408 300 (1370.0)
denovo146 C1074_DQ335329 300 (1370.0)
denovo146 C1030_DQ335353 300 (1370.0)
denovo146 C1022_DQ335331 300 (1370.0)
denovo146 C1027_DQ335360 300 (1370.0)
denovo146 C1072_DQ335344 300 (1370.0)
denovo146 C1039_AB190274 300 (1370.0)
denovo146 C1033_DQ335350 305 (1367.0)
denovo146 C1019_DQ335407 300 (1379.0)
denovo146 C1194_EU099826 300 (1337.0)
denovo146 C8b_AY258475 300 (1364.0)
denovo146 C8_AY239367 300 (1379.0)
denovo146 C8a_AY239368 300 (1370.0)
denovo146 C54a_AY765406 300 (1361.0)
denovo146 C3ff_HM185740 300 (1361.0)
denovo146 C59_AY589763 302 (1341.0)
denovo146 C3k_AY589737 300 (1352.0)
denovo146 C3.24_HE579012 300 (1334.0)
denovo146 C3.23_HE579011 300 (1343.0)
denovo146 C35.1_AY765401 300 (1352.0)
denovo146 C35.3_EF541145 300 (1361.0)
denovo146 C76_AY765411 300 (1331.0)
denovo146 C1107_DQ335359 300 (1329.0)
denovo146 C3.22_HE579010 302 (1350.5)
denovo146 C77_AY765412 302 (1335.5)
denovo146 C20_AY239371 300 (1370.0)
denovo146 C1055_DQ480640 301 (1360.0)
denovo146 C27/C30_AY239379 301 (1312.0)
denovo146 C27.1_FJ461517 301 (1303.0)
denovo146 C40a_AY589747 300 (1361.0)
denovo146 C40_AY258485 300 (1370.0)
denovo146 C40b_AY589748 301 (1360.0)
denovo146 C16_AY258477 300 (1370.0)
denovo146 C16a_AY765399 300 (1361.0)
denovo146 C1091_AB207186 300 (1361.0)
denovo146 C1102_DQ335400 300 (1352.0)
denovo146 C1069_DQ335375 300 (1352.0)
denovo146 C1073_DQ335332 300 (1361.0)
denovo146 C1066_DQ335382 300 (1352.0)
denovo146 C1031_DQ335352 300 (1370.0)
denovo146 C1026_DQ335366 300 (1379.0)
denovo146 C70_AY589774 300 (1379.0)
denovo146 C1082_AB190267 300 (1361.0)
denovo146 C1078_AB190271 300 (1361.0)
denovo146 C1090_AB207191 300 (1361.0)
denovo146 C1071_DQ335302 300 (1361.0)
denovo146 C1075_DQ335328 300 (1361.0)
denovo146 C1068_DQ335379 300 (1361.0)
denovo146 C1064_DQ335395 300 (1361.0)
denovo146 C1063_DQ335403 300 (1361.0)
denovo146 C62_AY589766 300 (1370.0)
denovo146 C1077_DQ335316 301 (1360.0)
denovo146 C1109_DQ335338 300 (1361.0)
denovo146 C1110_DQ335340 300 (1352.0)
denovo146 C1106_DQ335339 300 (1343.0)
denovo146 C1112_DQ335319 300 (1352.0)
denovo146 C1108_DQ335351 300 (1343.0)
denovo146 C1105_DQ335394 300 (1352.0)
denovo146 C1121_DQ335378 300 (1334.0)
denovo146 C1116_AB190268 300 (1352.0)
denovo146 C1115_AB190273 300 (1343.0)
denovo146 C1124_DQ335323 300 (1334.0)
denovo146 C1120_DQ335398 300 (1334.0)
denovo146 C1119_DQ335404 300 (1334.0)
denovo146 C1123_DQ335363 300 (1343.0)
denovo146 C1004_DQ480635 300 (1370.0)
denovo146 C1061_AY186568 300 (1370.0)
denovo146 C1053_AY186569 300 (1370.0)
denovo146 C1003_DQ480639 300 (1379.0)
denovo146 C81_GU907657 304 (1219.0)
denovo146 C22_AY239373 300 (1341.5)
denovo146 C22a_AY239374 300 (1332.5)
denovo146 C1232_EU118163 300 (1361.0)
denovo146 C21.13_FJ461515 300 (1304.0)
denovo146 C21.1_JF683323 300 (1313.0)
denovo146 C21.3_JF683325 300 (1322.0)
denovo146 C1.20_HE578993 300 (1370.0)
denovo146 C1.22_HE578995 300 (1361.0)
denovo146 C52_AY589757 300 (1346.0)
denovo146 C1201_EU099793 302 (1344.0)
denovo146 C14_AY589741 300 (1364.0)
denovo146 C43_AY589749 300 (1379.0)
denovo146 C50_AY589755 300 (1370.0)
denovo146 C3.14_HQ630872 300 (1370.0)
denovo146 C1m_AY765398 300 (1379.0)
denovo146 C82_GU907658 300 (1379.0)
denovo146 C82b_GU907660 300 (1379.0)
denovo146 C64_AY589768 300 (1361.0)
denovo146 C45a_AY765404 300 (1379.0)
denovo146 C48_AY589753 302 (1368.5)
denovo146 C1_v1b_FJ919244 300 (1379.0)
denovo146 C1_v1a_FJ919243 300 (1388.0)
denovo146 C3j_AY239366 300 (1370.0)
denovo146 C3t_EF541149 300 (1370.0)
denovo146 C9_AF499798 300 (1388.0)
denovo146 C23_AY239375 300 (1379.0)
denovo146 C37_AY258481 300 (1370.0)
denovo146 C1048_DQ068026 300 (1388.0)
denovo146 C21.4_JF683326 300 (1322.0)
denovo146 C21.5_JF683327 300 (1331.0)
denovo146 C1070_DQ335349 300 (1370.0)
denovo146 C21.6_HQ630873 300 (1331.0)
denovo146 C1224_EU074890 300 (1379.0)
denovo146 C1.17_HE578990 300 (1388.0)
denovo146 C21_b1_FN827162 300 (1322.0)
denovo146 C21.9_JF683330 300 (1331.0)
denovo146 C1085_AY624605 300 (1370.0)
denovo146 C3p_GU907654 300 (1355.0)
denovo146 C3f_AY589734 300 (1379.0)
denovo146 C65a_AY589770 300 (1370.0)
denovo146 C65_AY589769 300 (1379.0)
denovo146 C71_AY589775 300 (1370.0)
denovo146 C71a_AY589776 300 (1361.0)
denovo146 C1178_AB294647 300 (1355.0)
denovo146 C1225_EU074893 300 (1379.0)
denovo146 C75_AY765410 300 (1370.0)
denovo146 C21.10_JF683331 300 (1322.0)
denovo146 C21.11_HQ630874 300 (1331.0)
denovo146 C1065_DQ335388 300 (1370.0)
denovo146 C1045_DQ068036 300 (1379.0)
denovo146 C1h_AY258473 300 (1388.0)
denovo146 C38_AY258482 300 (1370.0)
denovo146 C1202_EU099799 300 (1370.0)
denovo146 C7_AF499797 300 (1379.0)
denovo146 C12_AF499801 302 (1368.5)
denovo146 C38a_AY258483 301 (1360.0)
denovo146 C1200_EU099800 300 (1314.5)
denovo146 C44a_AY589751 300 (1388.0)
denovo146 C47_AY589752 300 (1388.0)
denovo146 C44_AY589750 300 (1397.0)
denovo146 C1.15_HE578988 300 (1388.0)
denovo146 C45.3_FJ461522 300 (1397.0)
denovo146 C46a_AY765405 300 (1388.0)
denovo146 C46_EU449108 300 (1397.0)
denovo146 C3.12_FJ461507 300 (1397.0)
denovo146 C1k_AY589733 300 (1397.0)
denovo146 C67_AY686647 300 (1397.0)
denovo146 C82a_GU907659 300 (1397.0)
denovo146 C10a_AY589739 300 (1388.0)
denovo146 C10_AF499799 300 (1397.0)
denovo146 C13_AY589740 306 (1384.5)
denovo146 C4_AF499794 300 (1397.0)
denovo146 C1147_EF656433 300 (1397.0)
denovo146 C1c/C45_AY239364 300 (1406.0)
denovo146 C1c/C45_EU449103 300 (1406.0)
denovo146 C21.19_HE579031 300 (1322.0)
denovo146 C21.21_HE579033 300 (1304.0)
denovo146 C21.20_HE579032 300 (1313.0)
denovo146 C42b_AY765403 300 (1379.0)
denovo146 C42_AY258487 300 (1388.0)
denovo146 C1p_GU907652 300 (1388.0)
denovo146 C1d_AY258488 300 (1388.0)
denovo146 C42_AY765402 300 (1397.0)
denovo146 C3ha_AY589736 300 (1322.0)
denovo146 C63a_AY589767 302 (1311.5)
denovo146 C21a_AY589744 300 (1331.0)
denovo146 C3o_GU907653 300 (1331.0)
denovo146 C21.16_HQ630875 300 (1331.0)
denovo146 C21.2_JF683324 300 (1331.0)
denovo146 C21.7_JF683328 300 (1331.0)
denovo146 C21.8_JF683329 300 (1331.0)
denovo146 C3h_AY239365 300 (1331.0)
denovo146 C1203_EU099798 300 (1331.0)
denovo146 C3.10_FJ461505 300 (1379.0)
denovo146 C21.14_FJ461516 300 (1331.0)
denovo146 C21.18_HE579030 306 (1318.5)
denovo146 C3.17_HE579005 300 (1379.0)
denovo146 C3.9_FJ461504 300 (1349.0)
denovo146 C3.8_FJ461503 300 (1379.0)
denovo146 C3.7_FJ461502 300 (1379.0)
denovo146 C3.11_FJ461506 300 (1379.0)
denovo146 C3.18_HE579006 300 (1379.0)
denovo146 C3.19_HE579007 300 (1379.0)
denovo146 C3.20_HE579008 300 (1379.0)
denovo146 C3g_AY589735 302 (1368.5)
denovo146 C3a_AF499790 300 (1379.0)
denovo146 C3e_AF499793 300 (1379.0)
denovo146 C6_AF499796 300 (1370.0)
denovo146 C11_AF499800 300 (1379.0)
denovo146 C36_AY258480 300 (1379.0)
denovo146 C29_AY258494 300 (1379.0)
denovo146 C1146_EF656434 300 (1379.0)
denovo146 C1190_EU099841 300 (1379.0)
denovo146 C131_JF320826 300 (1379.0)
denovo146 C28_AY239380 302 (1368.5)
denovo146 C1012_DQ480604 300 (1379.0)
denovo146 C1181_AB294640 300 (1364.0)
denovo146 C1180_AB294641 300 (1364.0)
denovo146 C1179_AB294645 300 (1364.0)
denovo146 C1176_AB294651 300 (1364.0)
denovo146 C1175_AB294653 300 (1364.0)
denovo146 C1174_AB294655 300 (1364.0)
denovo146 C1177_AB294659 300 (1364.0)
denovo146 C1040_AB190269 300 (1379.0)
denovo146 C1182_AB294649 300 (1379.0)
denovo146 C1089_AJ278598 300 (1379.0)
denovo146 C1028_DQ335357 300 (1379.0)
denovo146 C3.16_EU786015 300 (1379.0)
denovo146 C1097_AJ311943 301 (1369.0)
denovo146 C1170_AB294661 300 (1364.0)
denovo146 C21.17_HE579029 300 (1342.0)
denovo146 C21/3d/C3k_AY239372 300 (1340.0)
denovo146 C58_AY589762 301 (1330.0)
denovo146 C3L_AY589738 303 (1347.0)
denovo146 C1169_AB294660 300 (1373.0)
denovo146 C3.2_FJ461497 300 (1373.0)
denovo146 C3.1_JF683321 300 (1373.0)
denovo146 C1104_AF427469 301 (1378.0)
denovo146 C3b_AF499791 300 (1373.0)
denovo146 C83_GU907661 302 (1377.5)
denovo146 C49_AY589754 341 (1358.0)
denovo146 C3_AB778606 300 (1388.0)
denovo146 C3_AF499789 300 (1388.0)
denovo146 C3_HE579001 300 (1388.0)
denovo146 C21.12_FJ461514 300 (1322.0)
denovo146 C1229_EU074888 300 (1320.0)
denovo146 C1230_EU074889 300 (1329.0)
denovo146 C1114_AB207196 300 (1370.0)
denovo146 C3.21_HE579009 300 (1283.0)
denovo146 C1057_DQ480619 300 (1379.0)
denovo146 C72_AY765407 300 (1351.0)
denovo146 C1b.3_HE578999 300 (1373.0)
denovo146 C93_AJ621536 300 (1379.0)
denovo146 C94_AJ621539 300 (1388.0)
denovo146 C1g_AY589730 300 (1388.0)
denovo146 C1i_AY589731 300 (1379.0)
denovo146 C1j_AY589732 300 (1388.0)
denovo146 C1005_DQ480633 300 (1388.0)
denovo146 C1.7_FJ461494 300 (1388.0)
denovo146 C1.11_HE578984 300 (1388.0)
denovo146 C1.12_HE578985 300 (1388.0)
denovo146 C1.13_HE578986 300 (1388.0)
denovo146 C1.14_HE578987 300 (1388.0)
denovo146 C1.18_HE578991 300 (1388.0)
denovo146 C1.19_HE578992 300 (1388.0)
denovo146 C1199_EU099802 300 (1364.0)
denovo146 C1188_EU099838 300 (1379.0)
denovo146 C1002_DQ838544 300 (1379.0)
denovo146 C1198_EU099810 300 (1388.0)
denovo146 C24_AY239376 300 (1379.0)
denovo146 C1f_AY258490 300 (1388.0)
denovo146 C1006_DQ480629 300 (1388.0)
denovo146 C1010_DQ480607 300 (1388.0)
denovo146 C1007_DQ480624 300 (1379.0)
denovo146 C1011_DQ480605 300 (1388.0)
denovo146 C1009_DQ480608 300 (1388.0)
denovo146 C1041_AY186548 300 (1379.0)
denovo146 C1052_AY186570 300 (1388.0)
denovo146 C1148_EU040178 300 (1388.0)
denovo146 C1234_EU118165 301 (1378.0)
denovo146 C1.5_EF634157 300 (1388.0)
denovo146 C1059_DQ480609 300 (1388.0)
denovo146 C1228_EU074883 300 (1388.0)
denovo146 C1208_EU074963 300 (1388.0)
denovo146 C1207_EU074964 300 (1388.0)
denovo146 C1206_EU074965 300 (1388.0)
denovo146 C1013_DQ480642 300 (1379.0)
denovo146 C80_GU907656 310 (1373.5)
denovo146 C1a_AF499788 300 (1388.0)
denovo146 C41_AY258486 300 (1388.0)
denovo146 C39_AY258484 300 (1310.5)
denovo146 C1231_EU074878 300 (1388.0)
denovo146 C1b.1_HE578997 300 (1373.0)
denovo146 C18_AY258478 300 (1388.0)
denovo146 C1.10_HE578983 300 (1349.0)
denovo146 C1_JN558041 300 (1397.0)
denovo146 C1_HE578979 300 (1397.0)
denovo146 C1_AM748551 300 (1397.0)
denovo146 C1_AF333515 300 (1397.0)
denovo146 C1054_AY186565 301 (1387.0)
denovo146 C1008_DQ480613 300 (1388.0)
denovo146 C1103_AF427470 301 (1387.0)
denovo146 C1226_EU074881 301 (1387.0)
denovo146 C1b/C1e_AY239363 300 (1382.0)
denovo146 C1044_DQ068038 300 (1382.0)
denovo146 C1017_DQ174729 301 (1372.0)
denovo146 C1.6_FJ461493 300 (1388.0)
denovo146 C1b.2_HE578998 300 (1373.0)
denovo146 C1060_DQ480600 300 (1388.0)
denovo146 C1227_EU074882 300 (1388.0)
denovo146 C1197_EU099814 300 (1388.0)
denovo146 C1130_DQ480643 300 (1255.5)
denovo146 D109_AB097465 343 (561.5)
denovo146 D1.11_HE579040 335 (576.0)
denovo146 D105_AF174570 335 (575.5)
denovo146 D104_AF174572 342 (560.5)
denovo146 D1.3_JF683337 336 (570.0)
denovo146 D1.10_HE579039 336 (561.0)
denovo146 D110_AF174561 336 (561.5)
denovo146 D117_AF174542 336 (561.0)
denovo146 D114_AF174549 336 (570.0)
denovo146 D113_AF174557 340 (554.5)
denovo146 D112_AF174558 344 (566.5)
denovo146 D106_AF174559 337 (563.5)
denovo146 D111_AF174560 335 (575.5)
denovo146 D115_AF174562 336 (561.0)
denovo146 D107_AF174568 337 (572.0)
denovo146 D116_AF174571 335 (567.0)
denovo146 D124_EU074897 344 (557.0)
denovo146 D1.8_HE579037 336 (570.0)
denovo146 D3_AY686650 335 (576.5)
denovo146 D1.6_HQ630881 336 (561.0)
denovo146 D120_EU074900 336 (552.5)
denovo146 D121_EU074904 335 (576.0)
denovo146 D122_EU074905 336 (561.0)
denovo146 D1a.2_JF683339 344 (568.0)
denovo146 D1a.1_JF683338 344 (566.0)
denovo146 D2_AY686649 584 (617.0)
denovo146 D4_DQ865214 343 (560.5)
denovo146 D1a_AF499802 336 (561.5)
denovo146 D1a_JN558078 336 (561.5)
denovo146 D123_EU074895 336 (570.0)
denovo146 D108_AF174567 343 (564.0)
denovo146 D103_AF174575 342 (569.0)
denovo146 D100_AF411415 345 (560.0)
denovo146 D118_EF656435 345 (560.5)
denovo146 D101_AF411416 345 (545.0)
denovo146 D119_EU099832 341 (558.5)
denovo146 D102_AF174573 336 (573.0)
denovo146 D1_AF334660 336 (570.0)
denovo146 D1_JN558076 336 (570.0)
denovo146 D1.12_HE579041 327 (544.5)
denovo146 D1.1_AM748564 420 (595.0)
denovo146 D1.2_AM748617 402 (574.5)
denovo146 E111_EU074915 358 (467.0)
denovo146 E110_EU074914 357 (481.5)
denovo146 E114_EU074909 357 (481.5)
denovo146 E1_AF334659 357 (478.0)
denovo146 E105_EU074921 356 (488.0)
denovo146 E112_EU074916 357 (472.5)
denovo146 E104_EU074922 358 (475.5)
denovo146 E102_EU074924 357 (472.5)
denovo146 E103_EU074923 357 (481.5)
denovo146 E101_AY160123 353 (466.0)
denovo146 E109_EU074913 366 (465.0)
denovo146 E100_DQ011618 370 (464.5)
denovo146 E108_EU074912 360 (463.0)
denovo146 E113_EU074908 366 (465.0)
denovo146 E107_EU074910 360 (463.0)
denovo146 F1_JN558066 310 (1036.0)
denovo146 F5.2d_AJ291530 307 (1019.5)
denovo146 F104_AJ291531 307 (1019.5)
denovo146 F5.2c_AM748596 307 (1019.5)
denovo146 F5.2_AM748594 304 (1028.5)
denovo146 F5.2a_AM748614 304 (1028.5)
denovo146 F5.2b_AM748595 304 (1019.5)
denovo146 F5.2e_AJ291533 304 (966.5)
denovo146 F5.2g_JN558072 304 (1019.5)
denovo146 F5.2f_AJ291512 304 (1028.5)
denovo146 F102_AJ291534 304 (1019.5)
denovo146 F5.1c_AM748593 309 (1006.5)
denovo146 F5.1d_JN558069 309 (1033.5)
denovo146 F5.1b_AJ291535 307 (1029.5)
denovo146 F5.1_AM748592 309 (1033.5)
denovo146 F5.1a_AM748591 308 (1031.5)
denovo146 F110_AJ291526 316 (898.0)
denovo146 F4.7_AM748587 317 (931.0)
denovo146 F4.5_AM748585 308 (957.0)
denovo146 F4.4a_AM748583 303 (997.5)
denovo146 F4.4_AM748582 306 (994.5)
denovo146 F4.4b_AM748584 308 (992.0)
denovo146 F4.1a_AM748573 319 (916.5)
denovo146 F112_AJ291528 319 (898.5)
denovo146 F4.1_AM748572 319 (916.5)
denovo146 F4.8b_AM748590 310 (924.5)
denovo146 F4.8_AM748588 312 (922.0)
denovo146 F4.8a_AM748589 310 (924.5)
denovo146 F109_AJ291527 312 (900.0)
denovo146 F4.6_AM748586 315 (931.0)
denovo146 F111_AJ311949 311 (944.0)
denovo146 F4.3c_AM748581 314 (962.5)
denovo146 F4.3a_AM748579 311 (953.0)
denovo146 F4.3b_AM748580 311 (953.0)
denovo146 F4.3_AM748578 311 (962.0)
denovo146 F4.2_AM748574 310 (972.5)
denovo146 F4.2a_AM748575 309 (964.0)
denovo146 F4.2c_AM748577 310 (963.5)
denovo146 F4.2b_AM748576 309 (973.0)
denovo146 F2b_AJ291521 313 (1015.0)
denovo146 F2_AJ830908 311 (1008.5)
denovo146 F2a_AJ830911 312 (1002.0)
denovo146 F3.1a_AM748566 317 (967.0)
denovo146 F114_AJ291525 317 (976.0)
denovo146 F3.1_AM748565 317 (994.0)
denovo146 F3.2_AM748567 314 (1021.5)
denovo146 F3.2a_AM748568 316 (1045.0)
denovo146 F3.3_AM748569 306 (959.5)
denovo146 F3.4a_AM748571 316 (915.5)
denovo146 F3.4_AM748570 320 (908.5)
denovo146 F3.4b_AM748616 314 (909.0)
denovo146 G101_AJ291539 355 (571.0)
denovo146 G1_AM748597 355 (571.0)
denovo146 G2b_JN558087 336 (579.5)
denovo146 G2_AM748598 339 (571.0)
denovo146 G2a_AM748599 336 (579.5)
denovo146 G4_AM748601 345 (592.5)
denovo146 G3.4_LK392378 336 (588.0)
denovo146 G3_AM748600 345 (598.0)
denovo146 G3.2_KC597694 351 (503.5)
denovo146 G3.1_KC597688 349 (573.5)
denovo146 G100_AB253788 347 (568.5)
denovo146 G3.3_LK392377 347 (569.0)
denovo146 H6_AJ291520 629 (334.0)
denovo146 H3_AM748606 306 (880.0)
denovo146 H2_AM748605 307 (927.0)
denovo146 H4_AM748607 315 (855.5)
denovo146 H4a_AM748608 315 (870.5)
denovo146 H5a_AM748611 310 (849.0)
denovo146 H5b_AM748610 313 (856.5)
denovo146 H5_AJ621129 310 (858.0)
denovo146 H5_AM748609 310 (858.0)
denovo146 H100_AJ291513 313 (874.5)
denovo146 H1b_AM748604 318 (875.0)
denovo146 H1a_AM748612 318 (866.0)
denovo146 H1_AJ621152 318 (875.0)
denovo146 H1_AM748602 318 (875.0)
denovo146 I3_FN561561 341 (746.0)
denovo146 I4_FN561562 328 (753.5)
denovo146 I1_FN561559 332 (728.5)
denovo146 I2_FN561560 328 (753.5)

#---------------------------------------
#---------------------------------------
