denovo230 A136_DQ865210 325 (483.0)
denovo230 A133_DQ174725 323 (474.0)
denovo230 A115_AF180123 316 (496.0)
denovo230 A117_AF201746 316 (495.5)
denovo230 A134_DQ174723 321 (501.5)
denovo230 A114_AF184941 321 (501.5)
denovo230 A135_DQ174727 320 (490.0)
denovo230 A2_AF333506 323 (484.0)
denovo230 A101_AF427468 320 (490.0)
denovo230 A2_1_JN558097 320 (490.0)
denovo230 A2_2_JN558100 320 (490.0)
denovo230 A113_AF184948 317 (502.0)
denovo230 A112_AF184949 314 (501.5)
denovo230 A123_EF378618 314 (299.0)
denovo230 A137_EF378621 309 (347.5)
denovo230 A11_EU449041 321 (502.5)
denovo230 A121_DQ174722 314 (510.5)
denovo230 A15b_EU792886 319 (474.5)
denovo230 A15a_EU792885 318 (490.0)
denovo230 A15c_EU792887 319 (483.5)
denovo230 A15_EU792884 319 (483.5)
denovo230 A147_EU074937 315 (489.5)
denovo230 A154_EU074860 314 (486.5)
denovo230 A146_EU074936 314 (495.5)
denovo230 A150_EU074928 314 (504.5)
denovo230 A116_AF183575 312 (498.5)
denovo230 A141_EU074931 314 (504.5)
denovo230 A5_AF333508 315 (504.0)
denovo230 A3b_EU449043 314 (504.5)
denovo230 A151_EU074925 310 (502.0)
denovo230 A152_EU074927 314 (504.5)
denovo230 A149_EU074929 313 (510.5)
denovo230 A140_EU074930 314 (495.5)
denovo230 A142_EU074932 314 (495.5)
denovo230 A143_EU074933 314 (504.5)
denovo230 A144_EU074934 314 (495.5)
denovo230 A145_EU074935 314 (504.5)
denovo230 A148_EU074938 312 (498.5)
denovo230 A155_EU074856 314 (504.5)
denovo230 A156_EU074859 314 (495.5)
denovo230 A139_EU074962 314 (504.5)
denovo230 A6_AF186058 314 (504.5)
denovo230 A3_AF333507 314 (504.5)
denovo230 A3_JN558091 314 (504.5)
denovo230 A8_AY258468 318 (490.0)
denovo230 A7_AY239360 318 (499.0)
denovo230 A16_EU792888 318 (499.5)
denovo230 A4.3_FN429763 329 (474.0)
denovo230 A120_AF180122 325 (463.0)
denovo230 A4.2_FN429761 327 (465.0)
denovo230 A4_AF333509 327 (493.0)
denovo230 A4.1_FN429760 326 (488.0)
denovo230 A4a_AF499778 323 (498.0)
denovo230 A4a.1_FN429762 323 (498.0)
denovo230 A138_EF378620 311 (463.0)
denovo230 A122_EF378619 311 (493.5)
denovo230 A126_EF378615 310 (494.5)
denovo230 A10_EU792882 310 (494.5)
denovo230 A9_EU449028 316 (495.5)
denovo230 A105_AB207202 311 (488.5)
denovo230 A119_AF180121 317 (475.0)
denovo230 A12_EU792883 316 (487.0)
denovo230 A104_AB207203 315 (492.0)
denovo230 A1a_EU449030 315 (483.5)
denovo230 A1.3_HE578976 315 (493.5)
denovo230 A1.4_HE578977 316 (495.5)
denovo230 A13_AF333504 315 (492.5)
denovo230 A13_JN558094 315 (492.5)
denovo230 A110_AB190282 314 (498.5)
denovo230 A103_AB207206 309 (492.0)
denovo230 A130_EF656428 315 (483.5)
denovo230 A127_EF656429 314 (498.5)
denovo230 A128_EF656430 315 (483.5)
denovo230 A129_EF656431 315 (492.5)
denovo230 A131_EF656432 315 (493.0)
denovo230 A118_AF180120 312 (478.0)
denovo230 A1_AF333505 315 (492.5)
denovo230 A107_AB207199 314 (489.5)
denovo230 A111_AB190280 314 (489.5)
denovo230 A108_AB207197 313 (480.0)
denovo230 A106_AB207200 318 (501.0)
denovo230 A102_AB207209 313 (495.0)
denovo230 A1.2_AB207210 313 (495.0)
denovo230 A109_AB190285 312 (502.0)
denovo230 B4_AF333510 337 (542.5)
denovo230 B23_EU449079 340 (489.5)
denovo230 B30_GU907644 339 (495.0)
denovo230 B11_AY239361 340 (514.0)
denovo230 B17_AY258470 338 (507.0)
denovo230 B1k_GU907638 276 (273.5)
denovo230 B1.V_Green2014 342 (512.0)
denovo230 B1b_AF499780 329 (511.0)
denovo230 B16_AY258469 338 (506.5)
denovo230 B31a_GU907646 341 (500.5)
denovo230 B32_GU907647 339 (500.5)
denovo230 B31_GU907645 339 (509.5)
denovo230 B1j_GU907637 343 (523.5)
denovo230 B37_GU907650 345 (531.5)
denovo230 B5a_AF499782 338 (506.5)
denovo230 B5_AF499781 338 (515.5)
denovo230 B24_GU907643 313 (387.0)
denovo230 B117_AF180124 341 (509.0)
denovo230 B10_AF499787 338 (515.5)
denovo230 B20_GU907642 342 (515.5)
denovo230 B1m_GU907640 338 (515.5)
denovo230 B34_GU907649 338 (515.5)
denovo230 B1d_GU907633 338 (515.5)
denovo230 B1e_GU907634 338 (515.5)
denovo230 B1i_GU907636 338 (515.5)
denovo230 B1g_GU907635 339 (496.5)
denovo230 B123_EU074872 339 (519.0)
denovo230 B8_AF499785 339 (506.0)
denovo230 B1l_GU907639 338 (506.5)
denovo230 B1a_AF499779 338 (515.5)
denovo230 B14_AY239362 339 (496.5)
denovo230 B125_EU074865 347 (518.5)
denovo230 B122_EU074871 339 (509.5)
denovo230 B124_EU074874 338 (506.5)
denovo230 B1.VII_Green2014 338 (454.0)
denovo230 B1.III_Green2014 333 (522.0)
denovo230 B1.I_Green2014 338 (515.5)
denovo230 B1.II_Green2014 338 (515.5)
denovo230 B1_JN558057 338 (515.5)
denovo230 B1_AF333511 338 (515.5)
denovo230 B1.IV_Green2014 348 (510.5)
denovo230 B121_EU074870 338 (515.5)
denovo230 B7_AF499784 338 (524.5)
denovo230 B1.VI_Green2014 335 (517.0)
denovo230 B3_AF333514 339 (508.0)
denovo230 B9_AF499786 336 (499.0)
denovo230 B19a_JN558055 329 (487.5)
denovo230 B119_EU099825 331 (502.0)
denovo230 B21_DQ865213 336 (503.5)
denovo230 B38_GU907651 336 (503.5)
denovo230 B18_AY258471 339 (498.5)
denovo230 B18a_AY258472 339 (498.5)
denovo230 B33_GU907648 332 (515.0)
denovo230 B6_AF499783 343 (511.5)
denovo230 B19_DQ865212 339 (508.0)
denovo230 B19_GU907641 339 (508.0)
denovo230 B2_AF333512 339 (516.5)
denovo230 B2_JN558060 339 (516.5)
denovo230 C33.1_AY258498 318 (535.0)
denovo230 C33.2_AY765400 318 (535.0)
denovo230 C33a_EF541147 318 (535.0)
denovo230 C34_AY258499 318 (544.0)
denovo230 C78_AY765413 327 (544.5)
denovo230 C15.29_KC597690 320 (528.0)
denovo230 C1131_DQ182650 319 (509.5)
denovo230 C1135_DQ182646 316 (501.5)
denovo230 C1134_DQ182647 319 (500.5)
denovo230 C1142_DQ182635 319 (500.5)
denovo230 C1136_DQ182644 322 (515.0)
denovo230 C1111_DQ182645 321 (514.5)
denovo230 C1236_EF473656 322 (499.5)
denovo230 C1138_DQ182642 328 (517.0)
denovo230 C1137_DQ182643 322 (508.0)
denovo230 C1133_DQ182648 321 (514.5)
denovo230 C1132_DQ182649 322 (499.5)
denovo230 C1143_DQ182634 322 (508.5)
denovo230 C1139_DQ182639 319 (509.5)
denovo230 C15.28_KC597687 315 (563.5)
denovo230 C1141_DQ182636 319 (518.5)
denovo230 C1144_DQ182637 315 (517.5)
denovo230 C1122_DQ182654 319 (518.5)
denovo230 C1127_DQ182652 319 (527.5)
denovo230 C15.30_JX394114 320 (548.5)
denovo230 C15.26_KC597686 322 (557.0)
denovo230 C1086_DQ182656 323 (551.0)
denovo230 C15.25_KC597685 320 (559.0)
denovo230 C1118_AF180127 317 (528.0)
denovo230 C1129_DQ182651 320 (503.0)
denovo230 C15.21_KC597683 324 (552.5)
denovo230 C56_AY589760 319 (547.5)
denovo230 C1140_DQ182638 314 (514.0)
denovo230 C1126_DQ182653 314 (514.0)
denovo230 C15c_AY258492 324 (553.5)
denovo230 C15d_AY258493 324 (553.5)
denovo230 C1098_DQ182641 321 (549.5)
denovo230 C15.27_KC597689 319 (555.5)
denovo230 C15.18_HE579024 315 (568.0)
denovo230 C15.16_HE579022 320 (558.0)
denovo230 C1101_AB253787 320 (540.0)
denovo230 C1083_AY237300 317 (558.0)
denovo230 C1088_DQ182640 324 (552.0)
denovo230 C15.6_FN563472 320 (549.0)
denovo230 C15.5_FJ461512 321 (553.5)
denovo230 C15.4_FJ461511 323 (549.5)
denovo230 C15.13_HE579019 320 (540.0)
denovo230 C15.12_HE579018 320 (549.0)
denovo230 C93a_AM748563 320 (567.0)
denovo230 C1094_AJ291514 320 (556.0)
denovo230 C93_AM748562 320 (565.0)
denovo230 C15.17_HE579023 319 (558.5)
denovo230 C15e_AY589742 321 (554.5)
denovo230 C15.22_KC597695 320 (549.0)
denovo230 C60_AY589764 320 (558.0)
denovo230 C15.1_FJ461508 320 (559.0)
denovo230 C15.2_FJ461509 320 (549.0)
denovo230 C15.9_FN563475 321 (560.5)
denovo230 C15.7_HE579015 320 (558.0)
denovo230 C15.8_HE579016 320 (567.0)
denovo230 C15.15_HE579021 320 (549.0)
denovo230 C15.19_HE579025 317 (558.5)
denovo230 C15.24_KC597696 320 (549.0)
denovo230 C15.3_FJ461510 323 (549.5)
denovo230 C1087_DQ182655 320 (558.0)
denovo230 C15.14_HE579020 316 (561.5)
denovo230 C15.23_KC597697 316 (561.5)
denovo230 C19_AY258479 322 (569.0)
denovo230 C1233_EU118166 320 (549.0)
denovo230 C15b_AY258491 320 (549.0)
denovo230 C15a_AY258476 323 (558.5)
denovo230 C1051_AF195153 320 (567.0)
denovo230 C2_AF333518 319 (568.5)
denovo230 C15.20_HE579026 321 (557.0)
denovo230 C15f_AY589743 321 (557.5)
denovo230 C55_AY589759 322 (558.5)
denovo230 C15_AY239369 320 (558.0)
denovo230 C32.1_JF683335 319 (565.0)
denovo230 C32.2_JF683336 319 (556.0)
denovo230 C21.23_KC597693 319 (556.0)
denovo230 C1193_EU099827 321 (566.5)
denovo230 C1195_EU099821 322 (545.5)
denovo230 C3q_GU907655 332 (561.0)
denovo230 C53_AY589758 320 (559.5)
denovo230 C73_AY765408 323 (539.5)
denovo230 C17.2.1_KC597684 324 (531.0)
denovo230 C32_AY258497 318 (561.0)
denovo230 C1189_EU099831 319 (553.5)
denovo230 C1191_EU099833 317 (554.0)
denovo230 C1196_EU099819 318 (560.5)
denovo230 C1192_EU099820 318 (560.5)
denovo230 C17.1_JF683322 319 (554.5)
denovo230 C26_b2_FN827164 320 (561.5)
denovo230 C26_b3_FN827165 319 (541.5)
denovo230 C31.9_HQ630879 316 (543.0)
denovo230 C31a_AY589746 324 (545.0)
denovo230 C30_AY589745 325 (548.0)
denovo230 C31.1_HQ630876 324 (545.0)
denovo230 C31.5_HQ630877 324 (554.0)
denovo230 C31.6_HQ630878 324 (554.0)
denovo230 C31.2_JF683332 324 (554.0)
denovo230 C31.3_JF683333 324 (554.0)
denovo230 C26/C35a_AY239378 319 (550.5)
denovo230 C35a_AY258501 319 (550.5)
denovo230 C35.2_AY258500 319 (559.5)
denovo230 C26_b1_FN827163 319 (559.5)
denovo230 C17_AY239370 318 (560.5)
denovo230 C17.2_FJ461513 320 (559.0)
denovo230 C31.10_HQ630880 316 (552.0)
denovo230 C31.4_JF683334 328 (542.5)
denovo230 C31_AY258496 324 (554.0)
denovo230 C25_AY239377 335 (543.5)
denovo230 C61_AY589765 315 (529.5)
denovo230 C1043_DQ072721 318 (545.5)
denovo230 C79_AY765414 318 (553.0)
denovo230 C69_AY589773 310 (557.5)
denovo230 C69a_AY686648 310 (548.5)
denovo230 C21.22_KC597692 313 (565.0)
denovo230 C51_AY589756 322 (546.0)
denovo230 C1aa_HM185739 330 (562.0)
denovo230 C1096_DQ068023 327 (531.0)
denovo230 C74_AY765409 323 (556.0)
denovo230 C1185_AB294629 323 (565.0)
denovo230 C1184_AB294630 323 (574.0)
denovo230 C1153_AB294625 327 (568.0)
denovo230 C1154_AB294626 321 (577.5)
denovo230 C1187_AB294627 323 (565.0)
denovo230 C1186_AB294628 323 (583.0)
denovo230 C57_AY589761 323 (583.0)
denovo230 C66_AY589771 323 (574.0)
denovo230 C5_AF499795 314 (560.0)
denovo230 C1167_AB294586 314 (578.0)
denovo230 C1164_AB294593 314 (569.0)
denovo230 C1183_AB294631 314 (560.0)
denovo230 C1067_DQ335381 319 (547.0)
denovo230 C1159_AB294613 322 (580.0)
denovo230 C1150_AB294622 322 (580.0)
denovo230 C90_AM748554 318 (565.0)
denovo230 C1168_AB294583 323 (559.5)
denovo230 C1156_AB294616 321 (570.5)
denovo230 C1151_AB294621 313 (576.0)
denovo230 C92a_AM748561 323 (559.5)
denovo230 C92_AM748560 323 (568.5)
denovo230 C1165_AB294581 315 (572.5)
denovo230 C1166_AB294584 314 (560.0)
denovo230 C1162_AB294594 314 (578.0)
denovo230 C1163_AB294596 314 (568.5)
denovo230 C1161_AB294606 314 (569.0)
denovo230 C1160_AB294608 319 (566.0)
denovo230 C1158_AB294614 314 (560.0)
denovo230 C1155_AB294617 314 (560.0)
denovo230 C1149_AB294620 314 (569.0)
denovo230 C1173_AB294662 321 (562.0)
denovo230 C1171_AB294663 314 (560.0)
denovo230 C1172_AB294665 314 (560.0)
denovo230 C91a_AM748556 314 (569.0)
denovo230 C91b_AM748557 313 (576.0)
denovo230 C91d_AM748559 314 (569.5)
denovo230 C91c_AM748558 314 (569.0)
denovo230 C91_AJ621543 314 (569.0)
denovo230 C91_AM748555 314 (569.0)
denovo230 C1023_DQ335330 293 (538.0)
denovo230 C1020_DQ335392 319 (556.0)
denovo230 C1018_DQ335408 319 (565.0)
denovo230 C1074_DQ335329 319 (556.0)
denovo230 C1030_DQ335353 319 (556.0)
denovo230 C1022_DQ335331 319 (556.0)
denovo230 C1027_DQ335360 319 (574.0)
denovo230 C1072_DQ335344 319 (556.0)
denovo230 C1039_AB190274 319 (565.0)
denovo230 C1033_DQ335350 319 (565.5)
denovo230 C1019_DQ335407 319 (565.0)
denovo230 C1194_EU099826 314 (545.5)
denovo230 C8b_AY258475 319 (542.0)
denovo230 C8_AY239367 318 (553.5)
denovo230 C8a_AY239368 318 (544.5)
denovo230 C54a_AY765406 318 (562.5)
denovo230 C3ff_HM185740 328 (574.0)
denovo230 C59_AY589763 328 (566.5)
denovo230 C3k_AY589737 327 (553.0)
denovo230 C3.24_HE579012 323 (551.0)
denovo230 C3.23_HE579011 323 (550.5)
denovo230 C35.1_AY765401 318 (571.5)
denovo230 C35.3_EF541145 318 (571.5)
denovo230 C76_AY765411 321 (569.5)
denovo230 C1107_DQ335359 318 (548.5)
denovo230 C3.22_HE579010 320 (552.0)
denovo230 C77_AY765412 326 (555.5)
denovo230 C20_AY239371 328 (574.0)
denovo230 C1055_DQ480640 316 (561.5)
denovo230 C27/C30_AY239379 320 (563.0)
denovo230 C27.1_FJ461517 320 (554.0)
denovo230 C40a_AY589747 318 (571.0)
denovo230 C40_AY258485 318 (571.0)
denovo230 C40b_AY589748 319 (570.5)
denovo230 C16_AY258477 319 (565.5)
denovo230 C16a_AY765399 319 (556.5)
denovo230 C1091_AB207186 318 (571.5)
denovo230 C1102_DQ335400 318 (553.5)
denovo230 C1069_DQ335375 318 (580.5)
denovo230 C1073_DQ335332 318 (571.5)
denovo230 C1066_DQ335382 313 (566.5)
denovo230 C1031_DQ335352 318 (580.5)
denovo230 C1026_DQ335366 318 (571.5)
denovo230 C70_AY589774 318 (580.5)
denovo230 C1082_AB190267 325 (565.0)
denovo230 C1078_AB190271 318 (571.5)
denovo230 C1090_AB207191 318 (571.5)
denovo230 C1071_DQ335302 318 (571.5)
denovo230 C1075_DQ335328 318 (571.5)
denovo230 C1068_DQ335379 318 (562.5)
denovo230 C1064_DQ335395 318 (571.5)
denovo230 C1063_DQ335403 318 (571.5)
denovo230 C62_AY589766 318 (571.5)
denovo230 C1077_DQ335316 320 (564.0)
denovo230 C1109_DQ335338 318 (571.5)
denovo230 C1110_DQ335340 318 (562.5)
denovo230 C1106_DQ335339 318 (571.5)
denovo230 C1112_DQ335319 318 (571.5)
denovo230 C1108_DQ335351 318 (562.5)
denovo230 C1105_DQ335394 318 (571.5)
denovo230 C1121_DQ335378 318 (562.5)
denovo230 C1116_AB190268 318 (562.5)
denovo230 C1115_AB190273 318 (562.5)
denovo230 C1124_DQ335323 318 (569.0)
denovo230 C1120_DQ335398 318 (562.5)
denovo230 C1119_DQ335404 318 (562.5)
denovo230 C1123_DQ335363 318 (562.5)
denovo230 C1004_DQ480635 321 (554.0)
denovo230 C1061_AY186568 321 (554.0)
denovo230 C1053_AY186569 321 (554.0)
denovo230 C1003_DQ480639 321 (563.0)
denovo230 C81_GU907657 308 (532.0)
denovo230 C22_AY239373 314 (549.5)
denovo230 C22a_AY239374 312 (553.0)
denovo230 C1232_EU118163 327 (562.0)
denovo230 C21.13_FJ461515 310 (544.5)
denovo230 C21.1_JF683323 318 (551.5)
denovo230 C21.3_JF683325 319 (572.0)
denovo230 C1.20_HE578993 318 (571.5)
denovo230 C1.22_HE578995 319 (564.5)
denovo230 C52_AY589757 317 (563.0)
denovo230 C1201_EU099793 319 (534.0)
denovo230 C14_AY589741 319 (560.0)
denovo230 C43_AY589749 318 (562.5)
denovo230 C50_AY589755 318 (553.5)
denovo230 C3.14_HQ630872 327 (562.0)
denovo230 C1m_AY765398 318 (571.5)
denovo230 C82_GU907658 319 (564.5)
denovo230 C82b_GU907660 319 (564.5)
denovo230 C64_AY589768 318 (562.5)
denovo230 C45a_AY765404 318 (580.5)
denovo230 C48_AY589753 320 (571.0)
denovo230 C1_v1b_FJ919244 321 (572.5)
denovo230 C1_v1a_FJ919243 321 (563.5)
denovo230 C3j_AY239366 318 (553.5)
denovo230 C3t_EF541149 317 (586.0)
denovo230 C9_AF499798 318 (570.5)
denovo230 C23_AY239375 316 (583.0)
denovo230 C37_AY258481 320 (549.0)
denovo230 C1048_DQ068026 313 (558.0)
denovo230 C21.4_JF683326 318 (560.5)
denovo230 C21.5_JF683327 318 (560.5)
denovo230 C1070_DQ335349 318 (580.5)
denovo230 C21.6_HQ630873 318 (578.5)
denovo230 C1224_EU074890 318 (562.5)
denovo230 C1.17_HE578990 318 (562.5)
denovo230 C21_b1_FN827162 319 (554.5)
denovo230 C21.9_JF683330 319 (563.5)
denovo230 C1085_AY624605 318 (562.5)
denovo230 C3p_GU907654 318 (557.5)
denovo230 C3f_AY589734 318 (563.5)
denovo230 C65a_AY589770 315 (554.5)
denovo230 C65_AY589769 315 (563.5)
denovo230 C71_AY589775 315 (554.5)
denovo230 C71a_AY589776 315 (545.5)
denovo230 C1178_AB294647 318 (548.5)
denovo230 C1225_EU074893 320 (568.5)
denovo230 C75_AY765410 327 (571.0)
denovo230 C21.10_JF683331 318 (569.5)
denovo230 C21.11_HQ630874 318 (569.5)
denovo230 C1065_DQ335388 318 (571.0)
denovo230 C1045_DQ068036 318 (580.0)
denovo230 C1h_AY258473 318 (562.5)
denovo230 C38_AY258482 318 (553.5)
denovo230 C1202_EU099799 318 (553.5)
denovo230 C7_AF499797 318 (562.5)
denovo230 C12_AF499801 320 (552.0)
denovo230 C38a_AY258483 319 (554.0)
denovo230 C1200_EU099800 308 (559.5)
denovo230 C44a_AY589751 318 (562.5)
denovo230 C47_AY589752 318 (571.5)
denovo230 C44_AY589750 318 (571.5)
denovo230 C1.15_HE578988 323 (576.5)
denovo230 C45.3_FJ461522 323 (576.5)
denovo230 C46a_AY765405 318 (571.5)
denovo230 C46_EU449108 318 (571.5)
denovo230 C3.12_FJ461507 318 (571.5)
denovo230 C1k_AY589733 318 (571.5)
denovo230 C67_AY686647 328 (565.0)
denovo230 C82a_GU907659 318 (571.5)
denovo230 C10a_AY589739 318 (572.0)
denovo230 C10_AF499799 318 (572.0)
denovo230 C13_AY589740 330 (568.0)
denovo230 C4_AF499794 318 (580.5)
denovo230 C1147_EF656433 318 (571.5)
denovo230 C1c/C45_AY239364 318 (571.5)
denovo230 C1c/C45_EU449103 318 (571.5)
denovo230 C21.19_HE579031 318 (569.5)
denovo230 C21.21_HE579033 318 (560.5)
denovo230 C21.20_HE579032 318 (569.5)
denovo230 C42b_AY765403 318 (562.0)
denovo230 C42_AY258487 318 (571.0)
denovo230 C1p_GU907652 318 (562.5)
denovo230 C1d_AY258488 318 (562.5)
denovo230 C42_AY765402 318 (562.5)
denovo230 C3ha_AY589736 320 (566.5)
denovo230 C63a_AY589767 321 (562.0)
denovo230 C21a_AY589744 318 (560.5)
denovo230 C3o_GU907653 318 (569.5)
denovo230 C21.16_HQ630875 318 (578.5)
denovo230 C21.2_JF683324 318 (569.5)
denovo230 C21.7_JF683328 320 (566.5)
denovo230 C21.8_JF683329 318 (569.5)
denovo230 C3h_AY239365 318 (569.5)
denovo230 C1203_EU099798 318 (560.5)
denovo230 C3.10_FJ461505 318 (562.5)
denovo230 C21.14_FJ461516 318 (560.5)
denovo230 C21.18_HE579030 324 (557.0)
denovo230 C3.17_HE579005 318 (562.5)
denovo230 C3.9_FJ461504 316 (572.0)
denovo230 C3.8_FJ461503 316 (575.0)
denovo230 C3.7_FJ461502 318 (562.5)
denovo230 C3.11_FJ461506 318 (562.5)
denovo230 C3.18_HE579006 318 (562.5)
denovo230 C3.19_HE579007 317 (568.0)
denovo230 C3.20_HE579008 318 (562.5)
denovo230 C3g_AY589735 316 (567.0)
denovo230 C3a_AF499790 318 (562.5)
denovo230 C3e_AF499793 318 (562.5)
denovo230 C6_AF499796 328 (574.0)
denovo230 C11_AF499800 320 (567.5)
denovo230 C36_AY258480 318 (562.5)
denovo230 C29_AY258494 318 (562.5)
denovo230 C1146_EF656434 327 (571.0)
denovo230 C1190_EU099841 318 (562.5)
denovo230 C131_JF320826 318 (562.5)
denovo230 C28_AY239380 329 (587.5)
denovo230 C1012_DQ480604 318 (571.5)
denovo230 C1181_AB294640 318 (548.0)
denovo230 C1180_AB294641 318 (548.0)
denovo230 C1179_AB294645 313 (561.0)
denovo230 C1176_AB294651 318 (548.0)
denovo230 C1175_AB294653 320 (554.0)
denovo230 C1174_AB294655 323 (554.0)
denovo230 C1177_AB294659 323 (562.0)
denovo230 C1040_AB190269 328 (565.0)
denovo230 C1182_AB294649 318 (562.5)
denovo230 C1089_AJ278598 318 (562.5)
denovo230 C1028_DQ335357 318 (571.5)
denovo230 C3.16_EU786015 318 (580.5)
denovo230 C1097_AJ311943 315 (559.0)
denovo230 C1170_AB294661 323 (562.5)
denovo230 C21.17_HE579029 320 (567.5)
denovo230 C21/3d/C3k_AY239372 318 (569.5)
denovo230 C58_AY589762 319 (568.5)
denovo230 C3L_AY589738 321 (567.0)
denovo230 C1169_AB294660 318 (557.0)
denovo230 C3.2_FJ461497 317 (572.0)
denovo230 C3.1_JF683321 317 (572.0)
denovo230 C1104_AF427469 319 (561.5)
denovo230 C3b_AF499791 318 (574.5)
denovo230 C83_GU907661 320 (570.5)
denovo230 C49_AY589754 356 (569.0)
denovo230 C3_AB778606 318 (571.5)
denovo230 C3_AF499789 318 (571.5)
denovo230 C3_HE579001 318 (571.5)
denovo230 C21.12_FJ461514 318 (551.5)
denovo230 C1229_EU074888 314 (563.5)
denovo230 C1230_EU074889 314 (572.5)
denovo230 C1114_AB207196 318 (553.5)
denovo230 C3.21_HE579009 318 (476.0)
denovo230 C1057_DQ480619 317 (560.0)
denovo230 C72_AY765407 323 (558.5)
denovo230 C1b.3_HE578999 317 (563.0)
denovo230 C93_AJ621536 318 (562.5)
denovo230 C94_AJ621539 318 (562.5)
denovo230 C1g_AY589730 318 (562.5)
denovo230 C1i_AY589731 315 (572.5)
denovo230 C1j_AY589732 318 (571.5)
denovo230 C1005_DQ480633 320 (577.5)
denovo230 C1.7_FJ461494 320 (568.5)
denovo230 C1.11_HE578984 318 (571.5)
denovo230 C1.12_HE578985 318 (571.5)
denovo230 C1.13_HE578986 318 (571.5)
denovo230 C1.14_HE578987 313 (576.0)
denovo230 C1.18_HE578991 318 (562.5)
denovo230 C1.19_HE578992 318 (580.5)
denovo230 C1199_EU099802 320 (553.5)
denovo230 C1188_EU099838 320 (568.5)
denovo230 C1002_DQ838544 318 (571.5)
denovo230 C1198_EU099810 318 (580.5)
denovo230 C24_AY239376 313 (567.0)
denovo230 C1f_AY258490 318 (571.5)
denovo230 C1006_DQ480629 318 (571.0)
denovo230 C1010_DQ480607 318 (571.5)
denovo230 C1007_DQ480624 319 (556.5)
denovo230 C1011_DQ480605 318 (562.5)
denovo230 C1009_DQ480608 318 (562.5)
denovo230 C1041_AY186548 318 (571.5)
denovo230 C1052_AY186570 318 (562.5)
denovo230 C1148_EU040178 318 (571.5)
denovo230 C1234_EU118165 319 (561.5)
denovo230 C1.5_EF634157 318 (571.5)
denovo230 C1059_DQ480609 318 (562.5)
denovo230 C1228_EU074883 318 (571.5)
denovo230 C1208_EU074963 316 (565.5)
denovo230 C1207_EU074964 318 (571.5)
denovo230 C1206_EU074965 318 (562.5)
denovo230 C1013_DQ480642 318 (553.5)
denovo230 C80_GU907656 321 (572.5)
denovo230 C1a_AF499788 315 (572.5)
denovo230 C41_AY258486 313 (576.0)
denovo230 C39_AY258484 301 (571.0)
denovo230 C1231_EU074878 318 (562.5)
denovo230 C1b.1_HE578997 317 (563.0)
denovo230 C18_AY258478 320 (568.5)
denovo230 C1.10_HE578983 313 (572.0)
denovo230 C1_JN558041 318 (571.5)
denovo230 C1_HE578979 318 (571.5)
denovo230 C1_AM748551 318 (571.5)
denovo230 C1_AF333515 318 (571.5)
denovo230 C1054_AY186565 319 (571.0)
denovo230 C1008_DQ480613 319 (565.5)
denovo230 C1103_AF427470 319 (561.5)
denovo230 C1226_EU074881 319 (561.5)
denovo230 C1b/C1e_AY239363 317 (572.0)
denovo230 C1044_DQ068038 318 (556.5)
denovo230 C1017_DQ174729 321 (563.5)
denovo230 C1.6_FJ461493 318 (580.5)
denovo230 C1b.2_HE578998 317 (563.0)
denovo230 C1060_DQ480600 318 (562.5)
denovo230 C1227_EU074882 318 (562.5)
denovo230 C1197_EU099814 318 (562.5)
denovo230 C1130_DQ480643 318 (448.0)
denovo230 D109_AB097465 335 (545.0)
denovo230 D1.11_HE579040 334 (553.5)
denovo230 D105_AF174570 329 (565.0)
denovo230 D104_AF174572 336 (559.0)
denovo230 D1.3_JF683337 336 (559.0)
denovo230 D1.10_HE579039 336 (550.0)
denovo230 D110_AF174561 336 (550.0)
denovo230 D117_AF174542 336 (550.0)
denovo230 D114_AF174549 336 (568.0)
denovo230 D113_AF174557 336 (559.0)
denovo230 D112_AF174558 336 (550.0)
denovo230 D106_AF174559 339 (559.5)
denovo230 D111_AF174560 336 (559.0)
denovo230 D115_AF174562 336 (559.0)
denovo230 D107_AF174568 329 (556.0)
denovo230 D116_AF174571 336 (550.0)
denovo230 D124_EU074897 336 (550.0)
denovo230 D1.8_HE579037 336 (559.0)
denovo230 D3_AY686650 336 (559.0)
denovo230 D1.6_HQ630881 336 (550.0)
denovo230 D120_EU074900 336 (550.0)
denovo230 D121_EU074904 336 (559.0)
denovo230 D122_EU074905 336 (559.0)
denovo230 D1a.2_JF683339 338 (558.0)
denovo230 D1a.1_JF683338 336 (559.0)
denovo230 D2_AY686649 577 (612.0)
denovo230 D4_DQ865214 337 (558.0)
denovo230 D1a_AF499802 336 (559.0)
denovo230 D1a_JN558078 336 (559.0)
denovo230 D123_EU074895 336 (559.0)
denovo230 D108_AF174567 336 (559.0)
denovo230 D103_AF174575 336 (559.0)
denovo230 D100_AF411415 335 (556.5)
denovo230 D118_EF656435 336 (559.0)
denovo230 D101_AF411416 335 (541.5)
denovo230 D119_EU099832 331 (546.5)
denovo230 D102_AF174573 335 (559.5)
denovo230 D1_AF334660 336 (559.0)
denovo230 D1_JN558076 336 (559.0)
denovo230 D1.12_HE579041 313 (564.0)
denovo230 D1.1_AM748564 409 (593.5)
denovo230 D1.2_AM748617 402 (595.0)
denovo230 E111_EU074915 345 (472.0)
denovo230 E110_EU074914 343 (442.0)
denovo230 E114_EU074909 337 (442.0)
denovo230 E1_AF334659 343 (454.0)
denovo230 E105_EU074921 343 (460.0)
denovo230 E112_EU074916 343 (457.5)
denovo230 E104_EU074922 344 (453.5)
denovo230 E102_EU074924 343 (442.0)
denovo230 E103_EU074923 343 (451.0)
denovo230 E101_AY160123 343 (438.5)
denovo230 E109_EU074913 332 (479.5)
denovo230 E100_DQ011618 347 (477.0)
denovo230 E108_EU074912 344 (469.0)
denovo230 E113_EU074908 336 (465.0)
denovo230 E107_EU074910 344 (469.0)
denovo230 F1_JN558066 325 (555.5)
denovo230 F5.2d_AJ291530 323 (595.5)
denovo230 F104_AJ291531 323 (595.5)
denovo230 F5.2c_AM748596 323 (595.5)
denovo230 F5.2_AM748594 326 (585.5)
denovo230 F5.2a_AM748614 326 (585.5)
denovo230 F5.2b_AM748595 322 (584.0)
denovo230 F5.2e_AJ291533 324 (554.5)
denovo230 F5.2g_JN558072 323 (595.0)
denovo230 F5.2f_AJ291512 321 (579.5)
denovo230 F102_AJ291534 322 (583.5)
denovo230 F5.1c_AM748593 336 (571.5)
denovo230 F5.1d_JN558069 329 (577.5)
denovo230 F5.1b_AJ291535 329 (569.0)
denovo230 F5.1_AM748592 330 (571.5)
denovo230 F5.1a_AM748591 331 (574.5)
denovo230 F110_AJ291526 312 (578.5)
denovo230 F4.7_AM748587 312 (591.0)
denovo230 F4.5_AM748585 322 (616.5)
denovo230 F4.4a_AM748583 319 (619.5)
denovo230 F4.4_AM748582 323 (617.5)
denovo230 F4.4b_AM748584 323 (620.5)
denovo230 F4.1a_AM748573 318 (616.5)
denovo230 F112_AJ291528 318 (625.5)
denovo230 F4.1_AM748572 318 (634.5)
denovo230 F4.8b_AM748590 317 (602.5)
denovo230 F4.8_AM748588 318 (596.0)
denovo230 F4.8a_AM748589 318 (596.0)
denovo230 F109_AJ291527 317 (597.0)
denovo230 F4.6_AM748586 318 (606.5)
denovo230 F111_AJ311949 319 (601.5)
denovo230 F4.3c_AM748581 325 (607.0)
denovo230 F4.3a_AM748579 323 (600.5)
denovo230 F4.3b_AM748580 323 (609.5)
denovo230 F4.3_AM748578 323 (609.5)
denovo230 F4.2_AM748574 319 (618.5)
denovo230 F4.2a_AM748575 315 (601.5)
denovo230 F4.2c_AM748577 316 (601.0)
denovo230 F4.2b_AM748576 315 (610.5)
denovo230 F2b_AJ291521 322 (614.5)
denovo230 F2_AJ830908 320 (619.0)
denovo230 F2a_AJ830911 330 (611.5)
denovo230 F3.1a_AM748566 343 (554.0)
denovo230 F114_AJ291525 341 (557.5)
denovo230 F3.1_AM748565 341 (566.5)
denovo230 F3.2_AM748567 332 (577.0)
denovo230 F3.2a_AM748568 327 (580.5)
denovo230 F3.3_AM748569 327 (557.0)
denovo230 F3.4a_AM748571 344 (556.0)
denovo230 F3.4_AM748570 331 (561.5)
denovo230 F3.4b_AM748616 327 (559.0)
denovo230 G101_AJ291539 316 (893.5)
denovo230 G1_AM748597 317 (886.5)
denovo230 G2b_JN558087 317 (873.5)
denovo230 G2_AM748598 317 (891.5)
denovo230 G2a_AM748599 317 (882.5)
denovo230 G4_AM748601 323 (840.0)
denovo230 G3.4_LK392378 314 (1088.0)
denovo230 G3_AM748600 314 (1115.0)
denovo230 G3.2_KC597694 314 (1003.0)
denovo230 G3.1_KC597688 314 (1169.0)
denovo230 G100_AB253788 314 (1160.0)
denovo230 G3.3_LK392377 314 (1178.0)
denovo230 H6_AJ291520 648 (329.5)
denovo230 H3_AM748606 323 (385.5)
denovo230 H2_AM748605 319 (436.5)
denovo230 H4_AM748607 324 (428.5)
denovo230 H4a_AM748608 325 (428.0)
denovo230 H5a_AM748611 322 (411.5)
denovo230 H5b_AM748610 326 (404.0)
denovo230 H5_AJ621129 322 (411.5)
denovo230 H5_AM748609 322 (411.5)
denovo230 H100_AJ291513 322 (420.5)
denovo230 H1b_AM748604 322 (424.5)
denovo230 H1a_AM748612 323 (409.0)
denovo230 H1_AJ621152 322 (415.5)
denovo230 H1_AM748602 322 (415.5)
denovo230 I3_FN561561 327 (623.0)
denovo230 I4_FN561562 328 (616.0)
denovo230 I1_FN561559 329 (609.5)
denovo230 I2_FN561560 331 (606.0)

#---------------------------------------
#---------------------------------------
