denovo175 A136_DQ865210 341 (415.0)
denovo175 A133_DQ174725 333 (433.5)
denovo175 A115_AF180123 340 (405.0)
denovo175 A117_AF201746 335 (451.0)
denovo175 A134_DQ174723 334 (456.5)
denovo175 A114_AF184941 335 (451.0)
denovo175 A135_DQ174727 340 (439.5)
denovo175 A2_AF333506 340 (463.0)
denovo175 A101_AF427468 340 (448.5)
denovo175 A2_1_JN558097 340 (448.5)
denovo175 A2_2_JN558100 340 (448.5)
denovo175 A113_AF184948 337 (425.5)
denovo175 A112_AF184949 347 (430.0)
denovo175 A123_EF378618 339 (328.0)
denovo175 A137_EF378621 346 (377.5)
denovo175 A11_EU449041 334 (441.5)
denovo175 A121_DQ174722 336 (424.0)
denovo175 A15b_EU792886 330 (408.5)
denovo175 A15a_EU792885 330 (417.5)
denovo175 A15c_EU792887 333 (418.0)
denovo175 A15_EU792884 330 (417.5)
denovo175 A147_EU074937 336 (436.0)
denovo175 A154_EU074860 333 (417.0)
denovo175 A146_EU074936 328 (429.5)
denovo175 A150_EU074928 328 (447.5)
denovo175 A116_AF183575 324 (445.0)
denovo175 A141_EU074931 328 (438.5)
denovo175 A5_AF333508 333 (442.0)
denovo175 A3b_EU449043 333 (436.5)
denovo175 A151_EU074925 328 (429.5)
denovo175 A152_EU074927 333 (426.5)
denovo175 A149_EU074929 330 (426.0)
denovo175 A140_EU074930 328 (420.5)
denovo175 A142_EU074932 328 (420.5)
denovo175 A143_EU074933 328 (438.5)
denovo175 A144_EU074934 328 (429.5)
denovo175 A145_EU074935 333 (436.5)
denovo175 A148_EU074938 328 (429.5)
denovo175 A155_EU074856 333 (436.0)
denovo175 A156_EU074859 328 (420.5)
denovo175 A139_EU074962 328 (429.5)
denovo175 A6_AF186058 328 (429.5)
denovo175 A3_AF333507 328 (429.5)
denovo175 A3_JN558091 328 (429.5)
denovo175 A8_AY258468 334 (440.0)
denovo175 A7_AY239360 324 (445.0)
denovo175 A16_EU792888 328 (439.5)
denovo175 A4.3_FN429763 345 (450.0)
denovo175 A120_AF180122 341 (439.5)
denovo175 A4.2_FN429761 343 (433.5)
denovo175 A4_AF333509 343 (452.5)
denovo175 A4.1_FN429760 342 (456.5)
denovo175 A4a_AF499778 343 (453.0)
denovo175 A4a.1_FN429762 343 (453.0)
denovo175 A138_EF378620 344 (452.0)
denovo175 A122_EF378619 336 (459.5)
denovo175 A126_EF378615 335 (460.5)
denovo175 A10_EU792882 335 (460.5)
denovo175 A9_EU449028 340 (443.0)
denovo175 A105_AB207202 339 (440.0)
denovo175 A119_AF180121 335 (454.0)
denovo175 A12_EU792883 343 (443.5)
denovo175 A104_AB207203 340 (452.0)
denovo175 A1a_EU449030 344 (446.5)
denovo175 A1.3_HE578976 341 (445.5)
denovo175 A1.4_HE578977 342 (448.5)
denovo175 A13_AF333504 341 (445.5)
denovo175 A13_JN558094 341 (445.5)
denovo175 A110_AB190282 343 (443.0)
denovo175 A103_AB207206 340 (452.0)
denovo175 A130_EF656428 340 (461.0)
denovo175 A127_EF656429 340 (452.0)
denovo175 A128_EF656430 340 (443.0)
denovo175 A129_EF656431 341 (446.0)
denovo175 A131_EF656432 340 (452.0)
denovo175 A118_AF180120 335 (448.5)
denovo175 A1_AF333505 340 (452.0)
denovo175 A107_AB207199 340 (461.0)
denovo175 A111_AB190280 340 (461.0)
denovo175 A108_AB207197 341 (430.5)
denovo175 A106_AB207200 340 (453.0)
denovo175 A102_AB207209 340 (452.0)
denovo175 A1.2_AB207210 340 (452.0)
denovo175 A109_AB190285 337 (453.0)
denovo175 B4_AF333510 319 (648.0)
denovo175 B23_EU449079 328 (536.5)
denovo175 B30_GU907644 337 (535.5)
denovo175 B11_AY239361 330 (578.0)
denovo175 B17_AY258470 336 (575.5)
denovo175 B1k_GU907638 304 (331.0)
denovo175 B1.V_Green2014 336 (542.0)
denovo175 B1b_AF499780 320 (552.0)
denovo175 B16_AY258469 328 (571.5)
denovo175 B31a_GU907646 331 (570.5)
denovo175 B32_GU907647 331 (570.5)
denovo175 B31_GU907645 331 (579.5)
denovo175 B1j_GU907637 331 (597.5)
denovo175 B37_GU907650 340 (589.5)
denovo175 B5a_AF499782 330 (576.0)
denovo175 B5_AF499781 330 (585.0)
denovo175 B24_GU907643 333 (505.5)
denovo175 B117_AF180124 329 (583.0)
denovo175 B10_AF499787 330 (586.0)
denovo175 B20_GU907642 333 (581.0)
denovo175 B1m_GU907640 331 (588.5)
denovo175 B34_GU907649 331 (588.5)
denovo175 B1d_GU907633 331 (589.0)
denovo175 B1e_GU907634 331 (589.0)
denovo175 B1i_GU907636 331 (588.5)
denovo175 B1g_GU907635 334 (575.0)
denovo175 B123_EU074872 331 (580.0)
denovo175 B8_AF499785 332 (579.0)
denovo175 B1l_GU907639 331 (579.5)
denovo175 B1a_AF499779 331 (588.5)
denovo175 B14_AY239362 332 (569.5)
denovo175 B125_EU074865 331 (579.5)
denovo175 B122_EU074871 331 (579.5)
denovo175 B124_EU074874 331 (579.5)
denovo175 B1.VII_Green2014 331 (554.5)
denovo175 B1.III_Green2014 319 (562.5)
denovo175 B1.I_Green2014 331 (588.5)
denovo175 B1.II_Green2014 331 (588.5)
denovo175 B1_JN558057 331 (588.5)
denovo175 B1_AF333511 331 (588.5)
denovo175 B1.IV_Green2014 342 (587.0)
denovo175 B121_EU074870 332 (590.5)
denovo175 B7_AF499784 331 (597.5)
denovo175 B1.VI_Green2014 329 (583.0)
denovo175 B3_AF333514 330 (581.0)
denovo175 B9_AF499786 326 (578.0)
denovo175 B19a_JN558055 330 (537.0)
denovo175 B119_EU099825 339 (516.0)
denovo175 B21_DQ865213 323 (557.0)
denovo175 B38_GU907651 323 (557.0)
denovo175 B18_AY258471 330 (572.0)
denovo175 B18a_AY258472 330 (563.0)
denovo175 B33_GU907648 327 (553.5)
denovo175 B6_AF499783 327 (571.5)
denovo175 B19_DQ865212 326 (569.5)
denovo175 B19_GU907641 326 (569.5)
denovo175 B2_AF333512 326 (578.5)
denovo175 B2_JN558060 326 (578.5)
denovo175 C33.1_AY258498 300 (1226.0)
denovo175 C33.2_AY765400 300 (1226.0)
denovo175 C33a_EF541147 300 (1226.0)
denovo175 C34_AY258499 300 (1235.0)
denovo175 C78_AY765413 300 (1181.0)
denovo175 C15.29_KC597690 302 (1195.0)
denovo175 C1131_DQ182650 300 (1135.0)
denovo175 C1135_DQ182646 300 (1126.0)
denovo175 C1134_DQ182647 300 (1126.0)
denovo175 C1142_DQ182635 300 (1135.0)
denovo175 C1136_DQ182644 300 (1096.5)
denovo175 C1111_DQ182645 300 (1096.5)
denovo175 C1236_EF473656 300 (1105.5)
denovo175 C1138_DQ182642 300 (1105.5)
denovo175 C1137_DQ182643 300 (1105.5)
denovo175 C1133_DQ182648 300 (1105.5)
denovo175 C1132_DQ182649 300 (1105.5)
denovo175 C1143_DQ182634 300 (1114.5)
denovo175 C1139_DQ182639 301 (1146.0)
denovo175 C15.28_KC597687 300 (1190.0)
denovo175 C1141_DQ182636 300 (1153.0)
denovo175 C1144_DQ182637 300 (1144.0)
denovo175 C1122_DQ182654 300 (1153.0)
denovo175 C1127_DQ182652 300 (1153.0)
denovo175 C15.30_JX394114 300 (1199.0)
denovo175 C15.26_KC597686 300 (1208.0)
denovo175 C1086_DQ182656 300 (1208.0)
denovo175 C15.25_KC597685 300 (1217.0)
denovo175 C1118_AF180127 300 (1132.0)
denovo175 C1129_DQ182651 300 (1180.0)
denovo175 C15.21_KC597683 300 (1208.0)
denovo175 C56_AY589760 300 (1217.0)
denovo175 C1140_DQ182638 300 (1180.0)
denovo175 C1126_DQ182653 300 (1171.0)
denovo175 C15c_AY258492 300 (1226.0)
denovo175 C15d_AY258493 300 (1217.0)
denovo175 C1098_DQ182641 300 (1196.5)
denovo175 C15.27_KC597689 300 (1226.0)
denovo175 C15.18_HE579024 300 (1226.0)
denovo175 C15.16_HE579022 300 (1226.0)
denovo175 C1101_AB253787 300 (1226.0)
denovo175 C1083_AY237300 300 (1226.0)
denovo175 C1088_DQ182640 300 (1226.0)
denovo175 C15.6_FN563472 300 (1235.0)
denovo175 C15.5_FJ461512 300 (1235.0)
denovo175 C15.4_FJ461511 300 (1244.0)
denovo175 C15.13_HE579019 310 (1228.0)
denovo175 C15.12_HE579018 310 (1237.0)
denovo175 C93a_AM748563 300 (1244.0)
denovo175 C1094_AJ291514 300 (1226.0)
denovo175 C93_AM748562 300 (1235.0)
denovo175 C15.17_HE579023 300 (1220.0)
denovo175 C15e_AY589742 300 (1220.0)
denovo175 C15.22_KC597695 300 (1235.0)
denovo175 C60_AY589764 300 (1235.0)
denovo175 C15.1_FJ461508 300 (1235.0)
denovo175 C15.2_FJ461509 300 (1235.0)
denovo175 C15.9_FN563475 300 (1235.0)
denovo175 C15.7_HE579015 300 (1235.0)
denovo175 C15.8_HE579016 300 (1235.0)
denovo175 C15.15_HE579021 304 (1237.0)
denovo175 C15.19_HE579025 300 (1235.0)
denovo175 C15.24_KC597696 300 (1226.0)
denovo175 C15.3_FJ461510 300 (1244.0)
denovo175 C1087_DQ182655 300 (1235.0)
denovo175 C15.14_HE579020 301 (1225.0)
denovo175 C15.23_KC597697 301 (1225.0)
denovo175 C19_AY258479 300 (1229.0)
denovo175 C1233_EU118166 300 (1235.0)
denovo175 C15b_AY258491 304 (1237.0)
denovo175 C15a_AY258476 300 (1253.0)
denovo175 C1051_AF195153 300 (1253.0)
denovo175 C2_AF333518 301 (1243.0)
denovo175 C15.20_HE579026 301 (1234.0)
denovo175 C15f_AY589743 301 (1234.0)
denovo175 C55_AY589759 304 (1232.5)
denovo175 C15_AY239369 300 (1244.0)
denovo175 C32.1_JF683335 309 (1085.0)
denovo175 C32.2_JF683336 309 (1103.0)
denovo175 C21.23_KC597693 309 (1103.0)
denovo175 C1193_EU099827 301 (1225.0)
denovo175 C1195_EU099821 308 (1185.5)
denovo175 C3q_GU907655 301 (1168.0)
denovo175 C53_AY589758 300 (1217.0)
denovo175 C73_AY765408 305 (1174.5)
denovo175 C17.2.1_KC597684 302 (1190.5)
denovo175 C32_AY258497 300 (1196.0)
denovo175 C1189_EU099831 300 (1223.0)
denovo175 C1191_EU099833 300 (1214.0)
denovo175 C1196_EU099819 300 (1205.0)
denovo175 C1192_EU099820 300 (1205.0)
denovo175 C17.1_JF683322 300 (1214.0)
denovo175 C26_b2_FN827164 301 (1204.0)
denovo175 C26_b3_FN827165 301 (1195.0)
denovo175 C31.9_HQ630879 303 (1193.5)
denovo175 C31a_AY589746 303 (1190.0)
denovo175 C30_AY589745 303 (1190.0)
denovo175 C31.1_HQ630876 303 (1190.0)
denovo175 C31.5_HQ630877 303 (1190.0)
denovo175 C31.6_HQ630878 303 (1190.0)
denovo175 C31.2_JF683332 303 (1190.0)
denovo175 C31.3_JF683333 303 (1190.0)
denovo175 C26/C35a_AY239378 301 (1204.0)
denovo175 C35a_AY258501 301 (1204.0)
denovo175 C35.2_AY258500 301 (1213.0)
denovo175 C26_b1_FN827163 301 (1213.0)
denovo175 C17_AY239370 300 (1223.0)
denovo175 C17.2_FJ461513 302 (1212.5)
denovo175 C31.10_HQ630880 303 (1202.5)
denovo175 C31.4_JF683334 307 (1196.5)
denovo175 C31_AY258496 303 (1199.0)
denovo175 C25_AY239377 302 (1206.5)
denovo175 C61_AY589765 300 (1192.0)
denovo175 C1043_DQ072721 300 (1221.0)
denovo175 C79_AY765414 300 (1226.0)
denovo175 C69_AY589773 301 (1156.5)
denovo175 C69a_AY686648 301 (1147.5)
denovo175 C21.22_KC597692 300 (1187.0)
denovo175 C51_AY589756 300 (1235.0)
denovo175 C1aa_HM185739 300 (1218.0)
denovo175 C1096_DQ068023 300 (1223.0)
denovo175 C74_AY765409 301 (1216.0)
denovo175 C1185_AB294629 301 (1225.0)
denovo175 C1184_AB294630 301 (1225.0)
denovo175 C1153_AB294625 301 (1225.0)
denovo175 C1154_AB294626 301 (1225.0)
denovo175 C1187_AB294627 301 (1225.0)
denovo175 C1186_AB294628 301 (1225.0)
denovo175 C57_AY589761 301 (1234.0)
denovo175 C66_AY589771 301 (1234.0)
denovo175 C5_AF499795 300 (1244.0)
denovo175 C1167_AB294586 300 (1244.0)
denovo175 C1164_AB294593 300 (1244.0)
denovo175 C1183_AB294631 300 (1244.0)
denovo175 C1067_DQ335381 300 (1244.0)
denovo175 C1159_AB294613 301 (1225.0)
denovo175 C1150_AB294622 301 (1234.0)
denovo175 C90_AM748554 302 (1260.5)
denovo175 C1168_AB294583 300 (1244.0)
denovo175 C1156_AB294616 300 (1244.0)
denovo175 C1151_AB294621 300 (1262.0)
denovo175 C92a_AM748561 300 (1244.0)
denovo175 C92_AM748560 300 (1253.0)
denovo175 C1165_AB294581 300 (1253.0)
denovo175 C1166_AB294584 300 (1271.0)
denovo175 C1162_AB294594 300 (1253.0)
denovo175 C1163_AB294596 300 (1253.0)
denovo175 C1161_AB294606 300 (1253.0)
denovo175 C1160_AB294608 300 (1253.0)
denovo175 C1158_AB294614 300 (1253.0)
denovo175 C1155_AB294617 300 (1253.0)
denovo175 C1149_AB294620 300 (1253.0)
denovo175 C1173_AB294662 300 (1253.0)
denovo175 C1171_AB294663 300 (1253.0)
denovo175 C1172_AB294665 300 (1253.0)
denovo175 C91a_AM748556 300 (1253.0)
denovo175 C91b_AM748557 300 (1253.0)
denovo175 C91d_AM748559 300 (1253.0)
denovo175 C91c_AM748558 300 (1253.0)
denovo175 C91_AJ621543 300 (1262.0)
denovo175 C91_AM748555 300 (1262.0)
denovo175 C1023_DQ335330 300 (1025.0)
denovo175 C1020_DQ335392 300 (1262.0)
denovo175 C1018_DQ335408 300 (1262.0)
denovo175 C1074_DQ335329 300 (1262.0)
denovo175 C1030_DQ335353 300 (1262.0)
denovo175 C1022_DQ335331 300 (1262.0)
denovo175 C1027_DQ335360 300 (1262.0)
denovo175 C1072_DQ335344 300 (1262.0)
denovo175 C1039_AB190274 300 (1262.0)
denovo175 C1033_DQ335350 305 (1259.0)
denovo175 C1019_DQ335407 300 (1271.0)
denovo175 C1194_EU099826 300 (1211.0)
denovo175 C8b_AY258475 310 (1231.0)
denovo175 C8_AY239367 300 (1253.0)
denovo175 C8a_AY239368 300 (1244.0)
denovo175 C54a_AY765406 300 (1253.0)
denovo175 C3ff_HM185740 300 (1253.0)
denovo175 C59_AY589763 302 (1215.0)
denovo175 C3k_AY589737 300 (1244.0)
denovo175 C3.24_HE579012 300 (1226.0)
denovo175 C3.23_HE579011 300 (1235.0)
denovo175 C35.1_AY765401 300 (1244.0)
denovo175 C35.3_EF541145 300 (1253.0)
denovo175 C76_AY765411 300 (1223.0)
denovo175 C1107_DQ335359 300 (1230.0)
denovo175 C3.22_HE579010 306 (1254.0)
denovo175 C77_AY765412 302 (1227.5)
denovo175 C20_AY239371 300 (1271.0)
denovo175 C1055_DQ480640 301 (1243.0)
denovo175 C27/C30_AY239379 301 (1204.0)
denovo175 C27.1_FJ461517 301 (1195.0)
denovo175 C40a_AY589747 300 (1253.0)
denovo175 C40_AY258485 300 (1262.0)
denovo175 C40b_AY589748 301 (1252.0)
denovo175 C16_AY258477 300 (1262.0)
denovo175 C16a_AY765399 300 (1253.0)
denovo175 C1091_AB207186 300 (1262.0)
denovo175 C1102_DQ335400 300 (1244.0)
denovo175 C1069_DQ335375 300 (1244.0)
denovo175 C1073_DQ335332 300 (1253.0)
denovo175 C1066_DQ335382 300 (1244.0)
denovo175 C1031_DQ335352 300 (1262.0)
denovo175 C1026_DQ335366 300 (1271.0)
denovo175 C70_AY589774 300 (1271.0)
denovo175 C1082_AB190267 300 (1253.0)
denovo175 C1078_AB190271 300 (1253.0)
denovo175 C1090_AB207191 300 (1253.0)
denovo175 C1071_DQ335302 300 (1253.0)
denovo175 C1075_DQ335328 300 (1253.0)
denovo175 C1068_DQ335379 300 (1253.0)
denovo175 C1064_DQ335395 300 (1253.0)
denovo175 C1063_DQ335403 300 (1253.0)
denovo175 C62_AY589766 300 (1262.0)
denovo175 C1077_DQ335316 301 (1252.0)
denovo175 C1109_DQ335338 300 (1262.0)
denovo175 C1110_DQ335340 300 (1253.0)
denovo175 C1106_DQ335339 300 (1244.0)
denovo175 C1112_DQ335319 300 (1253.0)
denovo175 C1108_DQ335351 300 (1244.0)
denovo175 C1105_DQ335394 300 (1253.0)
denovo175 C1121_DQ335378 300 (1235.0)
denovo175 C1116_AB190268 300 (1244.0)
denovo175 C1115_AB190273 300 (1235.0)
denovo175 C1124_DQ335323 300 (1235.0)
denovo175 C1120_DQ335398 300 (1235.0)
denovo175 C1119_DQ335404 300 (1235.0)
denovo175 C1123_DQ335363 300 (1244.0)
denovo175 C1004_DQ480635 300 (1244.0)
denovo175 C1061_AY186568 300 (1244.0)
denovo175 C1053_AY186569 300 (1244.0)
denovo175 C1003_DQ480639 300 (1253.0)
denovo175 C81_GU907657 304 (1129.0)
denovo175 C22_AY239373 300 (1233.5)
denovo175 C22a_AY239374 300 (1224.5)
denovo175 C1232_EU118163 300 (1253.0)
denovo175 C21.13_FJ461515 300 (1196.0)
denovo175 C21.1_JF683323 300 (1205.0)
denovo175 C21.3_JF683325 300 (1214.0)
denovo175 C1.20_HE578993 300 (1244.0)
denovo175 C1.22_HE578995 300 (1253.0)
denovo175 C52_AY589757 300 (1238.0)
denovo175 C1201_EU099793 302 (1218.0)
denovo175 C14_AY589741 300 (1238.0)
denovo175 C43_AY589749 300 (1253.0)
denovo175 C50_AY589755 300 (1262.0)
denovo175 C3.14_HQ630872 300 (1262.0)
denovo175 C1m_AY765398 300 (1253.0)
denovo175 C82_GU907658 300 (1253.0)
denovo175 C82b_GU907660 300 (1253.0)
denovo175 C64_AY589768 300 (1253.0)
denovo175 C45a_AY765404 300 (1253.0)
denovo175 C48_AY589753 302 (1260.5)
denovo175 C1_v1b_FJ919244 300 (1253.0)
denovo175 C1_v1a_FJ919243 300 (1262.0)
denovo175 C3j_AY239366 300 (1262.0)
denovo175 C3t_EF541149 300 (1262.0)
denovo175 C9_AF499798 300 (1262.0)
denovo175 C23_AY239375 300 (1253.0)
denovo175 C37_AY258481 300 (1244.0)
denovo175 C1048_DQ068026 300 (1262.0)
denovo175 C21.4_JF683326 300 (1214.0)
denovo175 C21.5_JF683327 300 (1223.0)
denovo175 C1070_DQ335349 300 (1262.0)
denovo175 C21.6_HQ630873 300 (1223.0)
denovo175 C1224_EU074890 300 (1253.0)
denovo175 C1.17_HE578990 300 (1262.0)
denovo175 C21_b1_FN827162 300 (1232.0)
denovo175 C21.9_JF683330 300 (1223.0)
denovo175 C1085_AY624605 300 (1262.0)
denovo175 C3p_GU907654 300 (1256.0)
denovo175 C3f_AY589734 300 (1271.0)
denovo175 C65a_AY589770 300 (1262.0)
denovo175 C65_AY589769 300 (1271.0)
denovo175 C71_AY589775 300 (1262.0)
denovo175 C71a_AY589776 300 (1253.0)
denovo175 C1178_AB294647 300 (1247.0)
denovo175 C1225_EU074893 300 (1253.0)
denovo175 C75_AY765410 300 (1262.0)
denovo175 C21.10_JF683331 300 (1214.0)
denovo175 C21.11_HQ630874 300 (1223.0)
denovo175 C1065_DQ335388 300 (1262.0)
denovo175 C1045_DQ068036 300 (1271.0)
denovo175 C1h_AY258473 300 (1262.0)
denovo175 C38_AY258482 300 (1262.0)
denovo175 C1202_EU099799 300 (1262.0)
denovo175 C7_AF499797 300 (1271.0)
denovo175 C12_AF499801 302 (1269.5)
denovo175 C38a_AY258483 301 (1252.0)
denovo175 C1200_EU099800 300 (1215.5)
denovo175 C44a_AY589751 300 (1262.0)
denovo175 C47_AY589752 300 (1262.0)
denovo175 C44_AY589750 300 (1271.0)
denovo175 C1.15_HE578988 300 (1262.0)
denovo175 C45.3_FJ461522 300 (1271.0)
denovo175 C46a_AY765405 300 (1262.0)
denovo175 C46_EU449108 300 (1271.0)
denovo175 C3.12_FJ461507 300 (1289.0)
denovo175 C1k_AY589733 300 (1271.0)
denovo175 C67_AY686647 300 (1271.0)
denovo175 C82a_GU907659 300 (1271.0)
denovo175 C10a_AY589739 300 (1262.0)
denovo175 C10_AF499799 300 (1271.0)
denovo175 C13_AY589740 306 (1258.5)
denovo175 C4_AF499794 300 (1271.0)
denovo175 C1147_EF656433 300 (1271.0)
denovo175 C1c/C45_AY239364 300 (1280.0)
denovo175 C1c/C45_EU449103 300 (1280.0)
denovo175 C21.19_HE579031 300 (1214.0)
denovo175 C21.21_HE579033 300 (1196.0)
denovo175 C21.20_HE579032 300 (1205.0)
denovo175 C42b_AY765403 300 (1253.0)
denovo175 C42_AY258487 300 (1262.0)
denovo175 C1p_GU907652 300 (1262.0)
denovo175 C1d_AY258488 300 (1262.0)
denovo175 C42_AY765402 300 (1271.0)
denovo175 C3ha_AY589736 300 (1214.0)
denovo175 C63a_AY589767 302 (1203.5)
denovo175 C21a_AY589744 300 (1232.0)
denovo175 C3o_GU907653 300 (1223.0)
denovo175 C21.16_HQ630875 300 (1223.0)
denovo175 C21.2_JF683324 300 (1223.0)
denovo175 C21.7_JF683328 300 (1223.0)
denovo175 C21.8_JF683329 300 (1223.0)
denovo175 C3h_AY239365 300 (1232.0)
denovo175 C1203_EU099798 300 (1232.0)
denovo175 C3.10_FJ461505 300 (1271.0)
denovo175 C21.14_FJ461516 300 (1223.0)
denovo175 C21.18_HE579030 306 (1210.5)
denovo175 C3.17_HE579005 300 (1271.0)
denovo175 C3.9_FJ461504 300 (1241.0)
denovo175 C3.8_FJ461503 300 (1271.0)
denovo175 C3.7_FJ461502 300 (1271.0)
denovo175 C3.11_FJ461506 300 (1271.0)
denovo175 C3.18_HE579006 300 (1271.0)
denovo175 C3.19_HE579007 300 (1271.0)
denovo175 C3.20_HE579008 300 (1289.0)
denovo175 C3g_AY589735 302 (1260.5)
denovo175 C3a_AF499790 300 (1271.0)
denovo175 C3e_AF499793 300 (1271.0)
denovo175 C6_AF499796 300 (1262.0)
denovo175 C11_AF499800 300 (1271.0)
denovo175 C36_AY258480 300 (1271.0)
denovo175 C29_AY258494 300 (1271.0)
denovo175 C1146_EF656434 300 (1271.0)
denovo175 C1190_EU099841 300 (1289.0)
denovo175 C131_JF320826 300 (1271.0)
denovo175 C28_AY239380 302 (1260.5)
denovo175 C1012_DQ480604 300 (1271.0)
denovo175 C1181_AB294640 304 (1258.0)
denovo175 C1180_AB294641 300 (1256.0)
denovo175 C1179_AB294645 300 (1256.0)
denovo175 C1176_AB294651 300 (1256.0)
denovo175 C1175_AB294653 300 (1256.0)
denovo175 C1174_AB294655 300 (1256.0)
denovo175 C1177_AB294659 300 (1256.0)
denovo175 C1040_AB190269 300 (1271.0)
denovo175 C1182_AB294649 300 (1280.0)
denovo175 C1089_AJ278598 300 (1289.0)
denovo175 C1028_DQ335357 300 (1271.0)
denovo175 C3.16_EU786015 300 (1271.0)
denovo175 C1097_AJ311943 301 (1261.0)
denovo175 C1170_AB294661 300 (1256.0)
denovo175 C21.17_HE579029 300 (1234.0)
denovo175 C21/3d/C3k_AY239372 300 (1232.0)
denovo175 C58_AY589762 301 (1222.0)
denovo175 C3L_AY589738 303 (1239.0)
denovo175 C1169_AB294660 300 (1265.0)
denovo175 C3.2_FJ461497 300 (1265.0)
denovo175 C3.1_JF683321 300 (1265.0)
denovo175 C1104_AF427469 301 (1270.0)
denovo175 C3b_AF499791 300 (1265.0)
denovo175 C83_GU907661 302 (1269.5)
denovo175 C49_AY589754 341 (1250.0)
denovo175 C3_AB778606 300 (1280.0)
denovo175 C3_AF499789 300 (1280.0)
denovo175 C3_HE579001 300 (1280.0)
denovo175 C21.12_FJ461514 300 (1214.0)
denovo175 C1229_EU074888 300 (1194.0)
denovo175 C1230_EU074889 300 (1203.0)
denovo175 C1114_AB207196 300 (1289.0)
denovo175 C3.21_HE579009 300 (1247.0)
denovo175 C1057_DQ480619 300 (1253.0)
denovo175 C72_AY765407 300 (1225.0)
denovo175 C1b.3_HE578999 300 (1247.0)
denovo175 C93_AJ621536 300 (1271.0)
denovo175 C94_AJ621539 300 (1262.0)
denovo175 C1g_AY589730 300 (1280.0)
denovo175 C1i_AY589731 300 (1253.0)
denovo175 C1j_AY589732 300 (1262.0)
denovo175 C1005_DQ480633 300 (1262.0)
denovo175 C1.7_FJ461494 300 (1262.0)
denovo175 C1.11_HE578984 300 (1262.0)
denovo175 C1.12_HE578985 300 (1262.0)
denovo175 C1.13_HE578986 300 (1262.0)
denovo175 C1.14_HE578987 300 (1262.0)
denovo175 C1.18_HE578991 304 (1264.0)
denovo175 C1.19_HE578992 300 (1262.0)
denovo175 C1199_EU099802 300 (1238.0)
denovo175 C1188_EU099838 300 (1253.0)
denovo175 C1002_DQ838544 300 (1271.0)
denovo175 C1198_EU099810 300 (1262.0)
denovo175 C24_AY239376 304 (1255.0)
denovo175 C1f_AY258490 300 (1262.0)
denovo175 C1006_DQ480629 300 (1262.0)
denovo175 C1010_DQ480607 300 (1262.0)
denovo175 C1007_DQ480624 300 (1253.0)
denovo175 C1011_DQ480605 300 (1262.0)
denovo175 C1009_DQ480608 300 (1262.0)
denovo175 C1041_AY186548 300 (1253.0)
denovo175 C1052_AY186570 300 (1262.0)
denovo175 C1148_EU040178 300 (1262.0)
denovo175 C1234_EU118165 301 (1252.0)
denovo175 C1.5_EF634157 300 (1262.0)
denovo175 C1059_DQ480609 300 (1262.0)
denovo175 C1228_EU074883 300 (1262.0)
denovo175 C1208_EU074963 300 (1262.0)
denovo175 C1207_EU074964 300 (1262.0)
denovo175 C1206_EU074965 300 (1262.0)
denovo175 C1013_DQ480642 300 (1253.0)
denovo175 C80_GU907656 310 (1247.5)
denovo175 C1a_AF499788 300 (1262.0)
denovo175 C41_AY258486 300 (1262.0)
denovo175 C39_AY258484 300 (1193.5)
denovo175 C1231_EU074878 300 (1262.0)
denovo175 C1b.1_HE578997 300 (1247.0)
denovo175 C18_AY258478 300 (1262.0)
denovo175 C1.10_HE578983 300 (1223.0)
denovo175 C1_JN558041 300 (1271.0)
denovo175 C1_HE578979 300 (1271.0)
denovo175 C1_AM748551 300 (1271.0)
denovo175 C1_AF333515 300 (1271.0)
denovo175 C1054_AY186565 301 (1261.0)
denovo175 C1008_DQ480613 300 (1262.0)
denovo175 C1103_AF427470 301 (1261.0)
denovo175 C1226_EU074881 301 (1261.0)
denovo175 C1b/C1e_AY239363 300 (1256.0)
denovo175 C1044_DQ068038 300 (1256.0)
denovo175 C1017_DQ174729 301 (1246.0)
denovo175 C1.6_FJ461493 300 (1262.0)
denovo175 C1b.2_HE578998 300 (1247.0)
denovo175 C1060_DQ480600 300 (1262.0)
denovo175 C1227_EU074882 300 (1262.0)
denovo175 C1197_EU099814 300 (1262.0)
denovo175 C1130_DQ480643 300 (1129.5)
denovo175 D109_AB097465 347 (456.5)
denovo175 D1.11_HE579040 335 (468.0)
denovo175 D105_AF174570 346 (473.0)
denovo175 D104_AF174572 350 (458.5)
denovo175 D1.3_JF683337 344 (468.0)
denovo175 D1.10_HE579039 344 (459.0)
denovo175 D110_AF174561 344 (459.5)
denovo175 D117_AF174542 344 (459.0)
denovo175 D114_AF174549 344 (468.0)
denovo175 D113_AF174557 348 (452.5)
denovo175 D112_AF174558 352 (464.5)
denovo175 D106_AF174559 345 (461.5)
denovo175 D111_AF174560 343 (473.5)
denovo175 D115_AF174562 344 (468.0)
denovo175 D107_AF174568 345 (470.0)
denovo175 D116_AF174571 340 (465.0)
denovo175 D124_EU074897 352 (455.0)
denovo175 D1.8_HE579037 344 (468.0)
denovo175 D3_AY686650 343 (474.5)
denovo175 D1.6_HQ630881 344 (459.0)
denovo175 D120_EU074900 344 (450.5)
denovo175 D121_EU074904 340 (474.0)
denovo175 D122_EU074905 344 (459.0)
denovo175 D1a.2_JF683339 352 (466.0)
denovo175 D1a.1_JF683338 352 (464.0)
denovo175 D2_AY686649 592 (515.0)
denovo175 D4_DQ865214 351 (458.5)
denovo175 D1a_AF499802 344 (459.5)
denovo175 D1a_JN558078 344 (459.5)
denovo175 D123_EU074895 344 (468.0)
denovo175 D108_AF174567 351 (462.0)
denovo175 D103_AF174575 350 (467.0)
denovo175 D100_AF411415 353 (458.0)
denovo175 D118_EF656435 353 (458.5)
denovo175 D101_AF411416 353 (443.0)
denovo175 D119_EU099832 349 (456.5)
denovo175 D102_AF174573 344 (471.0)
denovo175 D1_AF334660 344 (468.0)
denovo175 D1_JN558076 344 (468.0)
denovo175 D1.12_HE579041 335 (442.5)
denovo175 D1.1_AM748564 428 (466.5)
denovo175 D1.2_AM748617 405 (456.5)
denovo175 E111_EU074915 381 (373.0)
denovo175 E110_EU074914 380 (388.0)
denovo175 E114_EU074909 371 (386.0)
denovo175 E1_AF334659 380 (384.0)
denovo175 E105_EU074921 379 (394.0)
denovo175 E112_EU074916 375 (382.0)
denovo175 E104_EU074922 370 (384.0)
denovo175 E102_EU074924 375 (382.0)
denovo175 E103_EU074923 375 (391.0)
denovo175 E101_AY160123 371 (384.5)
denovo175 E109_EU074913 376 (375.5)
denovo175 E100_DQ011618 383 (375.5)
denovo175 E108_EU074912 370 (373.5)
denovo175 E113_EU074908 376 (375.5)
denovo175 E107_EU074910 370 (373.5)
denovo175 F1_JN558066 310 (928.0)
denovo175 F5.2d_AJ291530 307 (911.5)
denovo175 F104_AJ291531 307 (911.5)
denovo175 F5.2c_AM748596 307 (911.5)
denovo175 F5.2_AM748594 304 (920.5)
denovo175 F5.2a_AM748614 304 (920.5)
denovo175 F5.2b_AM748595 304 (911.5)
denovo175 F5.2e_AJ291533 304 (858.5)
denovo175 F5.2g_JN558072 304 (911.5)
denovo175 F5.2f_AJ291512 304 (920.5)
denovo175 F102_AJ291534 304 (911.5)
denovo175 F5.1c_AM748593 309 (898.5)
denovo175 F5.1d_JN558069 309 (925.5)
denovo175 F5.1b_AJ291535 307 (921.5)
denovo175 F5.1_AM748592 309 (925.5)
denovo175 F5.1a_AM748591 308 (923.5)
denovo175 F110_AJ291526 318 (814.5)
denovo175 F4.7_AM748587 319 (829.5)
denovo175 F4.5_AM748585 307 (855.0)
denovo175 F4.4a_AM748583 305 (896.5)
denovo175 F4.4_AM748582 308 (893.5)
denovo175 F4.4b_AM748584 308 (893.0)
denovo175 F4.1a_AM748573 321 (815.0)
denovo175 F112_AJ291528 321 (806.0)
denovo175 F4.1_AM748572 321 (815.0)
denovo175 F4.8b_AM748590 312 (823.0)
denovo175 F4.8_AM748588 314 (820.5)
denovo175 F4.8a_AM748589 312 (823.0)
denovo175 F109_AJ291527 314 (798.5)
denovo175 F4.6_AM748586 317 (829.5)
denovo175 F111_AJ311949 313 (842.5)
denovo175 F4.3c_AM748581 316 (861.0)
denovo175 F4.3a_AM748579 313 (851.5)
denovo175 F4.3b_AM748580 313 (851.5)
denovo175 F4.3_AM748578 313 (860.5)
denovo175 F4.2_AM748574 310 (873.5)
denovo175 F4.2a_AM748575 309 (865.0)
denovo175 F4.2c_AM748577 310 (864.5)
denovo175 F4.2b_AM748576 309 (874.0)
denovo175 F2b_AJ291521 313 (916.0)
denovo175 F2_AJ830908 311 (900.5)
denovo175 F2a_AJ830911 312 (894.0)
denovo175 F3.1a_AM748566 317 (859.0)
denovo175 F114_AJ291525 317 (877.0)
denovo175 F3.1_AM748565 317 (886.0)
denovo175 F3.2_AM748567 314 (913.5)
denovo175 F3.2a_AM748568 316 (937.0)
denovo175 F3.3_AM748569 306 (860.5)
denovo175 F3.4a_AM748571 316 (807.5)
denovo175 F3.4_AM748570 316 (798.5)
denovo175 F3.4b_AM748616 310 (799.0)
denovo175 G101_AJ291539 348 (477.5)
denovo175 G1_AM748597 348 (477.5)
denovo175 G2b_JN558087 344 (469.5)
denovo175 G2_AM748598 347 (461.0)
denovo175 G2a_AM748599 344 (469.5)
denovo175 G4_AM748601 339 (493.5)
denovo175 G3.4_LK392378 330 (479.5)
denovo175 G3_AM748600 332 (495.0)
denovo175 G3.2_KC597694 336 (421.0)
denovo175 G3.1_KC597688 336 (470.5)
denovo175 G100_AB253788 334 (465.5)
denovo175 G3.3_LK392377 334 (466.0)
denovo175 H6_AJ291520 640 (320.0)
denovo175 H3_AM748606 306 (880.0)
denovo175 H2_AM748605 307 (918.0)
denovo175 H4_AM748607 315 (846.5)
denovo175 H4a_AM748608 315 (861.5)
denovo175 H5a_AM748611 310 (840.0)
denovo175 H5b_AM748610 313 (847.5)
denovo175 H5_AJ621129 310 (849.0)
denovo175 H5_AM748609 310 (849.0)
denovo175 H100_AJ291513 313 (865.5)
denovo175 H1b_AM748604 318 (866.0)
denovo175 H1a_AM748612 318 (857.0)
denovo175 H1_AJ621152 318 (866.0)
denovo175 H1_AM748602 318 (866.0)
denovo175 I3_FN561561 341 (665.0)
denovo175 I4_FN561562 328 (672.5)
denovo175 I1_FN561559 328 (645.0)
denovo175 I2_FN561560 328 (663.5)

#---------------------------------------
#---------------------------------------
