denovo124 A136_DQ865210 338 (505.5)
denovo124 A133_DQ174725 357 (496.0)
denovo124 A115_AF180123 342 (468.0)
denovo124 A117_AF201746 342 (528.5)
denovo124 A134_DQ174723 341 (534.0)
denovo124 A114_AF184941 342 (528.5)
denovo124 A135_DQ174727 350 (515.5)
denovo124 A2_AF333506 350 (539.0)
denovo124 A101_AF427468 350 (524.5)
denovo124 A2_1_JN558097 350 (524.5)
denovo124 A2_2_JN558100 350 (524.5)
denovo124 A113_AF184948 344 (508.0)
denovo124 A112_AF184949 344 (510.5)
denovo124 A123_EF378618 343 (368.0)
denovo124 A137_EF378621 343 (386.5)
denovo124 A11_EU449041 335 (526.5)
denovo124 A121_DQ174722 342 (514.0)
denovo124 A15b_EU792886 330 (509.5)
denovo124 A15a_EU792885 330 (501.0)
denovo124 A15c_EU792887 330 (501.5)
denovo124 A15_EU792884 330 (500.5)
denovo124 A147_EU074937 336 (517.0)
denovo124 A154_EU074860 332 (505.0)
denovo124 A146_EU074936 332 (523.0)
denovo124 A150_EU074928 332 (532.0)
denovo124 A116_AF183575 330 (537.0)
denovo124 A141_EU074931 332 (532.0)
denovo124 A5_AF333508 330 (533.0)
denovo124 A3b_EU449043 330 (528.0)
denovo124 A151_EU074925 332 (523.0)
denovo124 A152_EU074927 329 (523.0)
denovo124 A149_EU074929 334 (519.5)
denovo124 A140_EU074930 332 (514.0)
denovo124 A142_EU074932 332 (514.0)
denovo124 A143_EU074933 332 (532.0)
denovo124 A144_EU074934 332 (523.0)
denovo124 A145_EU074935 336 (526.0)
denovo124 A148_EU074938 332 (523.0)
denovo124 A155_EU074856 332 (523.0)
denovo124 A156_EU074859 332 (514.0)
denovo124 A139_EU074962 332 (514.0)
denovo124 A6_AF186058 332 (523.0)
denovo124 A3_AF333507 332 (523.0)
denovo124 A3_JN558091 332 (523.0)
denovo124 A8_AY258468 334 (521.0)
denovo124 A7_AY239360 327 (535.5)
denovo124 A16_EU792888 328 (528.5)
denovo124 A4.3_FN429763 343 (515.5)
denovo124 A120_AF180122 339 (514.0)
denovo124 A4.2_FN429761 341 (517.0)
denovo124 A4_AF333509 341 (536.0)
denovo124 A4.1_FN429760 340 (531.0)
denovo124 A4a_AF499778 341 (527.0)
denovo124 A4a.1_FN429762 341 (527.0)
denovo124 A138_EF378620 340 (513.5)
denovo124 A122_EF378619 340 (544.5)
denovo124 A126_EF378615 339 (545.5)
denovo124 A10_EU792882 339 (545.5)
denovo124 A9_EU449028 341 (536.5)
denovo124 A105_AB207202 339 (531.5)
denovo124 A119_AF180121 333 (547.5)
denovo124 A12_EU792883 339 (531.5)
denovo124 A104_AB207203 336 (539.0)
denovo124 A1a_EU449030 341 (544.5)
denovo124 A1.3_HE578976 341 (536.5)
denovo124 A1.4_HE578977 343 (542.0)
denovo124 A13_AF333504 338 (537.0)
denovo124 A13_JN558094 338 (537.0)
denovo124 A110_AB190282 341 (536.5)
denovo124 A103_AB207206 341 (545.5)
denovo124 A130_EF656428 341 (536.5)
denovo124 A127_EF656429 339 (549.0)
denovo124 A128_EF656430 341 (536.5)
denovo124 A129_EF656431 341 (536.5)
denovo124 A131_EF656432 341 (545.5)
denovo124 A118_AF180120 336 (533.0)
denovo124 A1_AF333505 341 (545.5)
denovo124 A107_AB207199 339 (548.5)
denovo124 A111_AB190280 339 (548.5)
denovo124 A108_AB207197 339 (515.5)
denovo124 A106_AB207200 339 (540.5)
denovo124 A102_AB207209 339 (539.5)
denovo124 A1.2_AB207210 339 (539.5)
denovo124 A109_AB190285 336 (540.5)
denovo124 B4_AF333510 320 (713.5)
denovo124 B23_EU449079 325 (645.0)
denovo124 B30_GU907644 325 (636.0)
denovo124 B11_AY239361 334 (669.5)
denovo124 B17_AY258470 338 (661.0)
denovo124 B1k_GU907638 303 (320.0)
denovo124 B1.V_Green2014 334 (634.5)
denovo124 B1b_AF499780 328 (637.0)
denovo124 B16_AY258469 333 (657.0)
denovo124 B31a_GU907646 332 (654.0)
denovo124 B32_GU907647 332 (654.0)
denovo124 B31_GU907645 332 (663.0)
denovo124 B1j_GU907637 332 (681.0)
denovo124 B37_GU907650 341 (673.0)
denovo124 B5a_AF499782 331 (659.5)
denovo124 B5_AF499781 331 (668.5)
denovo124 B24_GU907643 332 (530.0)
denovo124 B117_AF180124 333 (656.5)
denovo124 B10_AF499787 331 (669.5)
denovo124 B20_GU907642 332 (668.0)
denovo124 B1m_GU907640 332 (672.0)
denovo124 B34_GU907649 332 (672.0)
denovo124 B1d_GU907633 332 (672.5)
denovo124 B1e_GU907634 332 (672.5)
denovo124 B1i_GU907636 332 (672.0)
denovo124 B1g_GU907635 339 (662.5)
denovo124 B123_EU074872 332 (663.5)
denovo124 B8_AF499785 339 (662.5)
denovo124 B1l_GU907639 338 (663.0)
denovo124 B1a_AF499779 332 (672.0)
denovo124 B14_AY239362 333 (653.0)
denovo124 B125_EU074865 332 (663.0)
denovo124 B122_EU074871 332 (663.0)
denovo124 B124_EU074874 332 (663.0)
denovo124 B1.VII_Green2014 332 (593.0)
denovo124 B1.III_Green2014 329 (646.0)
denovo124 B1.I_Green2014 332 (672.0)
denovo124 B1.II_Green2014 332 (672.0)
denovo124 B1_JN558057 332 (672.0)
denovo124 B1_AF333511 332 (672.0)
denovo124 B1.IV_Green2014 343 (670.5)
denovo124 B121_EU074870 333 (674.0)
denovo124 B7_AF499784 332 (681.0)
denovo124 B1.VI_Green2014 330 (667.0)
denovo124 B3_AF333514 327 (663.0)
denovo124 B9_AF499786 327 (652.5)
denovo124 B19a_JN558055 331 (620.5)
denovo124 B119_EU099825 339 (597.0)
denovo124 B21_DQ865213 324 (640.5)
denovo124 B38_GU907651 324 (640.5)
denovo124 B18_AY258471 327 (654.0)
denovo124 B18a_AY258472 327 (645.0)
denovo124 B33_GU907648 327 (643.0)
denovo124 B6_AF499783 328 (655.0)
denovo124 B19_DQ865212 327 (653.0)
denovo124 B19_GU907641 327 (653.0)
denovo124 B2_AF333512 327 (662.0)
denovo124 B2_JN558060 327 (662.0)
denovo124 C33.1_AY258498 300 (1307.0)
denovo124 C33.2_AY765400 300 (1307.0)
denovo124 C33a_EF541147 300 (1307.0)
denovo124 C34_AY258499 300 (1298.0)
denovo124 C78_AY765413 300 (1280.0)
denovo124 C15.29_KC597690 302 (1294.0)
denovo124 C1131_DQ182650 300 (1234.0)
denovo124 C1135_DQ182646 300 (1225.0)
denovo124 C1134_DQ182647 300 (1225.0)
denovo124 C1142_DQ182635 300 (1234.0)
denovo124 C1136_DQ182644 300 (1195.5)
denovo124 C1111_DQ182645 300 (1195.5)
denovo124 C1236_EF473656 300 (1204.5)
denovo124 C1138_DQ182642 300 (1204.5)
denovo124 C1137_DQ182643 300 (1204.5)
denovo124 C1133_DQ182648 300 (1204.5)
denovo124 C1132_DQ182649 300 (1204.5)
denovo124 C1143_DQ182634 300 (1213.5)
denovo124 C1139_DQ182639 300 (1243.0)
denovo124 C15.28_KC597687 300 (1298.0)
denovo124 C1141_DQ182636 300 (1252.0)
denovo124 C1144_DQ182637 300 (1252.0)
denovo124 C1122_DQ182654 300 (1252.0)
denovo124 C1127_DQ182652 300 (1252.0)
denovo124 C15.30_JX394114 300 (1298.0)
denovo124 C15.26_KC597686 300 (1307.0)
denovo124 C1086_DQ182656 300 (1307.0)
denovo124 C15.25_KC597685 300 (1316.0)
denovo124 C1118_AF180127 300 (1213.0)
denovo124 C1129_DQ182651 300 (1279.0)
denovo124 C15.21_KC597683 300 (1316.0)
denovo124 C56_AY589760 300 (1316.0)
denovo124 C1140_DQ182638 300 (1288.0)
denovo124 C1126_DQ182653 300 (1279.0)
denovo124 C15c_AY258492 300 (1334.0)
denovo124 C15d_AY258493 300 (1325.0)
denovo124 C1098_DQ182641 300 (1304.5)
denovo124 C15.27_KC597689 300 (1325.0)
denovo124 C15.18_HE579024 300 (1325.0)
denovo124 C15.16_HE579022 300 (1325.0)
denovo124 C1101_AB253787 300 (1325.0)
denovo124 C1083_AY237300 300 (1325.0)
denovo124 C1088_DQ182640 300 (1325.0)
denovo124 C15.6_FN563472 300 (1343.0)
denovo124 C15.5_FJ461512 300 (1343.0)
denovo124 C15.4_FJ461511 300 (1352.0)
denovo124 C15.13_HE579019 300 (1325.0)
denovo124 C15.12_HE579018 300 (1334.0)
denovo124 C93a_AM748563 300 (1343.0)
denovo124 C1094_AJ291514 300 (1325.0)
denovo124 C93_AM748562 300 (1334.0)
denovo124 C15.17_HE579023 301 (1321.5)
denovo124 C15e_AY589742 300 (1319.0)
denovo124 C15.22_KC597695 300 (1334.0)
denovo124 C60_AY589764 300 (1334.0)
denovo124 C15.1_FJ461508 300 (1334.0)
denovo124 C15.2_FJ461509 300 (1334.0)
denovo124 C15.9_FN563475 300 (1334.0)
denovo124 C15.7_HE579015 300 (1334.0)
denovo124 C15.8_HE579016 300 (1334.0)
denovo124 C15.15_HE579021 300 (1334.0)
denovo124 C15.19_HE579025 300 (1334.0)
denovo124 C15.24_KC597696 300 (1343.0)
denovo124 C15.3_FJ461510 300 (1343.0)
denovo124 C1087_DQ182655 300 (1334.0)
denovo124 C15.14_HE579020 301 (1324.0)
denovo124 C15.23_KC597697 301 (1324.0)
denovo124 C19_AY258479 300 (1319.0)
denovo124 C1233_EU118166 300 (1352.0)
denovo124 C15b_AY258491 300 (1334.0)
denovo124 C15a_AY258476 300 (1352.0)
denovo124 C1051_AF195153 300 (1352.0)
denovo124 C2_AF333518 301 (1342.0)
denovo124 C15.20_HE579026 301 (1333.0)
denovo124 C15f_AY589743 301 (1333.0)
denovo124 C55_AY589759 304 (1331.5)
denovo124 C15_AY239369 300 (1343.0)
denovo124 C32.1_JF683335 306 (1168.0)
denovo124 C32.2_JF683336 309 (1184.0)
denovo124 C21.23_KC597693 309 (1184.0)
denovo124 C1193_EU099827 301 (1288.0)
denovo124 C1195_EU099821 308 (1284.5)
denovo124 C3q_GU907655 301 (1258.0)
denovo124 C53_AY589758 300 (1298.0)
denovo124 C73_AY765408 305 (1264.5)
denovo124 C17.2.1_KC597684 302 (1263.0)
denovo124 C32_AY258497 300 (1286.0)
denovo124 C1189_EU099831 300 (1295.0)
denovo124 C1191_EU099833 300 (1286.0)
denovo124 C1196_EU099819 300 (1295.0)
denovo124 C1192_EU099820 300 (1295.0)
denovo124 C17.1_JF683322 300 (1304.0)
denovo124 C26_b2_FN827164 301 (1294.0)
denovo124 C26_b3_FN827165 301 (1303.0)
denovo124 C31.9_HQ630879 302 (1290.0)
denovo124 C31a_AY589746 302 (1304.5)
denovo124 C30_AY589745 302 (1286.5)
denovo124 C31.1_HQ630876 302 (1286.5)
denovo124 C31.5_HQ630877 302 (1286.5)
denovo124 C31.6_HQ630878 302 (1286.5)
denovo124 C31.2_JF683332 302 (1286.5)
denovo124 C31.3_JF683333 302 (1286.5)
denovo124 C26/C35a_AY239378 301 (1312.0)
denovo124 C35a_AY258501 301 (1312.0)
denovo124 C35.2_AY258500 301 (1303.0)
denovo124 C26_b1_FN827163 301 (1303.0)
denovo124 C17_AY239370 300 (1313.0)
denovo124 C17.2_FJ461513 302 (1302.5)
denovo124 C31.10_HQ630880 302 (1299.0)
denovo124 C31.4_JF683334 306 (1284.0)
denovo124 C31_AY258496 302 (1295.5)
denovo124 C25_AY239377 302 (1305.5)
denovo124 C61_AY589765 300 (1282.0)
denovo124 C1043_DQ072721 300 (1302.0)
denovo124 C79_AY765414 300 (1316.0)
denovo124 C69_AY589773 301 (1219.5)
denovo124 C69a_AY686648 301 (1228.5)
denovo124 C21.22_KC597692 300 (1277.0)
denovo124 C51_AY589756 300 (1325.0)
denovo124 C1aa_HM185739 300 (1281.0)
denovo124 C1096_DQ068023 300 (1286.0)
denovo124 C74_AY765409 301 (1369.0)
denovo124 C1185_AB294629 301 (1378.0)
denovo124 C1184_AB294630 301 (1378.0)
denovo124 C1153_AB294625 301 (1378.0)
denovo124 C1154_AB294626 301 (1378.0)
denovo124 C1187_AB294627 301 (1378.0)
denovo124 C1186_AB294628 301 (1378.0)
denovo124 C57_AY589761 301 (1378.0)
denovo124 C66_AY589771 301 (1387.0)
denovo124 C5_AF499795 300 (1334.0)
denovo124 C1167_AB294586 300 (1343.0)
denovo124 C1164_AB294593 300 (1343.0)
denovo124 C1183_AB294631 300 (1343.0)
denovo124 C1067_DQ335381 300 (1325.0)
denovo124 C1159_AB294613 301 (1324.0)
denovo124 C1150_AB294622 301 (1333.0)
denovo124 C90_AM748554 302 (1359.5)
denovo124 C1168_AB294583 300 (1343.0)
denovo124 C1156_AB294616 300 (1343.0)
denovo124 C1151_AB294621 300 (1361.0)
denovo124 C92a_AM748561 300 (1343.0)
denovo124 C92_AM748560 300 (1352.0)
denovo124 C1165_AB294581 300 (1352.0)
denovo124 C1166_AB294584 300 (1352.0)
denovo124 C1162_AB294594 300 (1352.0)
denovo124 C1163_AB294596 300 (1352.0)
denovo124 C1161_AB294606 300 (1352.0)
denovo124 C1160_AB294608 300 (1352.0)
denovo124 C1158_AB294614 300 (1352.0)
denovo124 C1155_AB294617 300 (1352.0)
denovo124 C1149_AB294620 300 (1352.0)
denovo124 C1173_AB294662 300 (1361.0)
denovo124 C1171_AB294663 300 (1352.0)
denovo124 C1172_AB294665 300 (1352.0)
denovo124 C91a_AM748556 300 (1352.0)
denovo124 C91b_AM748557 300 (1352.0)
denovo124 C91d_AM748559 300 (1352.0)
denovo124 C91c_AM748558 300 (1352.0)
denovo124 C91_AJ621543 300 (1361.0)
denovo124 C91_AM748555 300 (1361.0)
denovo124 C1023_DQ335330 300 (1097.0)
denovo124 C1020_DQ335392 300 (1343.0)
denovo124 C1018_DQ335408 300 (1343.0)
denovo124 C1074_DQ335329 300 (1343.0)
denovo124 C1030_DQ335353 300 (1343.0)
denovo124 C1022_DQ335331 300 (1343.0)
denovo124 C1027_DQ335360 300 (1343.0)
denovo124 C1072_DQ335344 300 (1343.0)
denovo124 C1039_AB190274 300 (1343.0)
denovo124 C1033_DQ335350 305 (1340.0)
denovo124 C1019_DQ335407 300 (1352.0)
denovo124 C1194_EU099826 300 (1292.0)
denovo124 C8b_AY258475 300 (1292.0)
denovo124 C8_AY239367 300 (1316.0)
denovo124 C8a_AY239368 300 (1307.0)
denovo124 C54a_AY765406 300 (1352.0)
denovo124 C3ff_HM185740 300 (1352.0)
denovo124 C59_AY589763 302 (1296.0)
denovo124 C3k_AY589737 300 (1325.0)
denovo124 C3.24_HE579012 300 (1307.0)
denovo124 C3.23_HE579011 300 (1316.0)
denovo124 C35.1_AY765401 300 (1334.0)
denovo124 C35.3_EF541145 300 (1343.0)
denovo124 C76_AY765411 300 (1331.0)
denovo124 C1107_DQ335359 300 (1302.0)
denovo124 C3.22_HE579010 302 (1323.5)
denovo124 C77_AY765412 302 (1326.5)
denovo124 C20_AY239371 300 (1334.0)
denovo124 C1055_DQ480640 301 (1315.0)
denovo124 C27/C30_AY239379 301 (1294.0)
denovo124 C27.1_FJ461517 301 (1285.0)
denovo124 C40a_AY589747 300 (1334.0)
denovo124 C40_AY258485 300 (1343.0)
denovo124 C40b_AY589748 301 (1333.0)
denovo124 C16_AY258477 300 (1343.0)
denovo124 C16a_AY765399 300 (1334.0)
denovo124 C1091_AB207186 300 (1334.0)
denovo124 C1102_DQ335400 300 (1325.0)
denovo124 C1069_DQ335375 300 (1325.0)
denovo124 C1073_DQ335332 300 (1334.0)
denovo124 C1066_DQ335382 300 (1325.0)
denovo124 C1031_DQ335352 300 (1343.0)
denovo124 C1026_DQ335366 300 (1352.0)
denovo124 C70_AY589774 300 (1352.0)
denovo124 C1082_AB190267 300 (1334.0)
denovo124 C1078_AB190271 300 (1334.0)
denovo124 C1090_AB207191 300 (1334.0)
denovo124 C1071_DQ335302 300 (1334.0)
denovo124 C1075_DQ335328 300 (1334.0)
denovo124 C1068_DQ335379 300 (1334.0)
denovo124 C1064_DQ335395 300 (1334.0)
denovo124 C1063_DQ335403 300 (1334.0)
denovo124 C62_AY589766 300 (1343.0)
denovo124 C1077_DQ335316 301 (1333.0)
denovo124 C1109_DQ335338 300 (1334.0)
denovo124 C1110_DQ335340 300 (1325.0)
denovo124 C1106_DQ335339 300 (1316.0)
denovo124 C1112_DQ335319 300 (1325.0)
denovo124 C1108_DQ335351 300 (1316.0)
denovo124 C1105_DQ335394 300 (1325.0)
denovo124 C1121_DQ335378 300 (1307.0)
denovo124 C1116_AB190268 300 (1325.0)
denovo124 C1115_AB190273 300 (1316.0)
denovo124 C1124_DQ335323 300 (1307.0)
denovo124 C1120_DQ335398 300 (1307.0)
denovo124 C1119_DQ335404 300 (1307.0)
denovo124 C1123_DQ335363 300 (1316.0)
denovo124 C1004_DQ480635 300 (1325.0)
denovo124 C1061_AY186568 300 (1325.0)
denovo124 C1053_AY186569 300 (1325.0)
denovo124 C1003_DQ480639 300 (1334.0)
denovo124 C81_GU907657 304 (1192.0)
denovo124 C22_AY239373 300 (1314.5)
denovo124 C22a_AY239374 300 (1305.5)
denovo124 C1232_EU118163 300 (1334.0)
denovo124 C21.13_FJ461515 300 (1286.0)
denovo124 C21.1_JF683323 300 (1295.0)
denovo124 C21.3_JF683325 300 (1304.0)
denovo124 C1.20_HE578993 300 (1325.0)
denovo124 C1.22_HE578995 300 (1316.0)
denovo124 C52_AY589757 300 (1319.0)
denovo124 C1201_EU099793 302 (1299.0)
denovo124 C14_AY589741 300 (1337.0)
denovo124 C43_AY589749 300 (1352.0)
denovo124 C50_AY589755 300 (1343.0)
denovo124 C3.14_HQ630872 300 (1343.0)
denovo124 C1m_AY765398 300 (1334.0)
denovo124 C82_GU907658 300 (1316.0)
denovo124 C82b_GU907660 300 (1316.0)
denovo124 C64_AY589768 300 (1334.0)
denovo124 C45a_AY765404 300 (1316.0)
denovo124 C48_AY589753 302 (1341.5)
denovo124 C1_v1b_FJ919244 300 (1334.0)
denovo124 C1_v1a_FJ919243 300 (1343.0)
denovo124 C3j_AY239366 300 (1352.0)
denovo124 C3t_EF541149 300 (1343.0)
denovo124 C9_AF499798 300 (1325.0)
denovo124 C23_AY239375 300 (1334.0)
denovo124 C37_AY258481 300 (1325.0)
denovo124 C1048_DQ068026 300 (1325.0)
denovo124 C21.4_JF683326 300 (1304.0)
denovo124 C21.5_JF683327 300 (1313.0)
denovo124 C1070_DQ335349 300 (1343.0)
denovo124 C21.6_HQ630873 300 (1313.0)
denovo124 C1224_EU074890 300 (1334.0)
denovo124 C1.17_HE578990 300 (1343.0)
denovo124 C21_b1_FN827162 300 (1304.0)
denovo124 C21.9_JF683330 300 (1313.0)
denovo124 C1085_AY624605 300 (1343.0)
denovo124 C3p_GU907654 300 (1328.0)
denovo124 C3f_AY589734 300 (1352.0)
denovo124 C65a_AY589770 300 (1361.0)
denovo124 C65_AY589769 300 (1352.0)
denovo124 C71_AY589775 300 (1343.0)
denovo124 C71a_AY589776 300 (1334.0)
denovo124 C1178_AB294647 300 (1328.0)
denovo124 C1225_EU074893 300 (1343.0)
denovo124 C75_AY765410 300 (1343.0)
denovo124 C21.10_JF683331 300 (1304.0)
denovo124 C21.11_HQ630874 300 (1313.0)
denovo124 C1065_DQ335388 300 (1343.0)
denovo124 C1045_DQ068036 300 (1352.0)
denovo124 C1h_AY258473 300 (1343.0)
denovo124 C38_AY258482 300 (1343.0)
denovo124 C1202_EU099799 300 (1343.0)
denovo124 C7_AF499797 300 (1352.0)
denovo124 C12_AF499801 302 (1341.5)
denovo124 C38a_AY258483 301 (1333.0)
denovo124 C1200_EU099800 300 (1287.5)
denovo124 C44a_AY589751 300 (1325.0)
denovo124 C47_AY589752 300 (1343.0)
denovo124 C44_AY589750 300 (1334.0)
denovo124 C1.15_HE578988 300 (1343.0)
denovo124 C45.3_FJ461522 300 (1334.0)
denovo124 C46a_AY765405 300 (1325.0)
denovo124 C46_EU449108 300 (1334.0)
denovo124 C3.12_FJ461507 300 (1352.0)
denovo124 C1k_AY589733 300 (1334.0)
denovo124 C67_AY686647 300 (1334.0)
denovo124 C82a_GU907659 300 (1334.0)
denovo124 C10a_AY589739 300 (1343.0)
denovo124 C10_AF499799 300 (1334.0)
denovo124 C13_AY589740 306 (1321.5)
denovo124 C4_AF499794 300 (1334.0)
denovo124 C1147_EF656433 300 (1334.0)
denovo124 C1c/C45_AY239364 300 (1343.0)
denovo124 C1c/C45_EU449103 300 (1343.0)
denovo124 C21.19_HE579031 300 (1304.0)
denovo124 C21.21_HE579033 300 (1286.0)
denovo124 C21.20_HE579032 300 (1295.0)
denovo124 C42b_AY765403 300 (1334.0)
denovo124 C42_AY258487 300 (1343.0)
denovo124 C1p_GU907652 300 (1361.0)
denovo124 C1d_AY258488 300 (1343.0)
denovo124 C42_AY765402 300 (1352.0)
denovo124 C3ha_AY589736 300 (1304.0)
denovo124 C63a_AY589767 302 (1293.5)
denovo124 C21a_AY589744 300 (1313.0)
denovo124 C3o_GU907653 300 (1313.0)
denovo124 C21.16_HQ630875 300 (1313.0)
denovo124 C21.2_JF683324 300 (1313.0)
denovo124 C21.7_JF683328 300 (1313.0)
denovo124 C21.8_JF683329 300 (1313.0)
denovo124 C3h_AY239365 300 (1313.0)
denovo124 C1203_EU099798 300 (1313.0)
denovo124 C3.10_FJ461505 300 (1352.0)
denovo124 C21.14_FJ461516 300 (1313.0)
denovo124 C21.18_HE579030 306 (1300.5)
denovo124 C3.17_HE579005 300 (1352.0)
denovo124 C3.9_FJ461504 300 (1322.0)
denovo124 C3.8_FJ461503 300 (1352.0)
denovo124 C3.7_FJ461502 300 (1352.0)
denovo124 C3.11_FJ461506 300 (1352.0)
denovo124 C3.18_HE579006 300 (1352.0)
denovo124 C3.19_HE579007 300 (1352.0)
denovo124 C3.20_HE579008 300 (1352.0)
denovo124 C3g_AY589735 302 (1341.5)
denovo124 C3a_AF499790 300 (1352.0)
denovo124 C3e_AF499793 300 (1352.0)
denovo124 C6_AF499796 300 (1343.0)
denovo124 C11_AF499800 300 (1352.0)
denovo124 C36_AY258480 300 (1352.0)
denovo124 C29_AY258494 300 (1352.0)
denovo124 C1146_EF656434 300 (1352.0)
denovo124 C1190_EU099841 300 (1352.0)
denovo124 C131_JF320826 300 (1352.0)
denovo124 C28_AY239380 302 (1341.5)
denovo124 C1012_DQ480604 300 (1352.0)
denovo124 C1181_AB294640 300 (1337.0)
denovo124 C1180_AB294641 300 (1337.0)
denovo124 C1179_AB294645 300 (1337.0)
denovo124 C1176_AB294651 300 (1337.0)
denovo124 C1175_AB294653 300 (1337.0)
denovo124 C1174_AB294655 300 (1337.0)
denovo124 C1177_AB294659 300 (1337.0)
denovo124 C1040_AB190269 300 (1352.0)
denovo124 C1182_AB294649 300 (1352.0)
denovo124 C1089_AJ278598 300 (1352.0)
denovo124 C1028_DQ335357 300 (1352.0)
denovo124 C3.16_EU786015 300 (1352.0)
denovo124 C1097_AJ311943 301 (1351.0)
denovo124 C1170_AB294661 300 (1337.0)
denovo124 C21.17_HE579029 300 (1324.0)
denovo124 C21/3d/C3k_AY239372 300 (1322.0)
denovo124 C58_AY589762 301 (1312.0)
denovo124 C3L_AY589738 303 (1320.0)
denovo124 C1169_AB294660 300 (1346.0)
denovo124 C3.2_FJ461497 300 (1346.0)
denovo124 C3.1_JF683321 300 (1346.0)
denovo124 C1104_AF427469 301 (1351.0)
denovo124 C3b_AF499791 300 (1346.0)
denovo124 C83_GU907661 302 (1350.5)
denovo124 C49_AY589754 341 (1331.0)
denovo124 C3_AB778606 300 (1361.0)
denovo124 C3_AF499789 300 (1361.0)
denovo124 C3_HE579001 300 (1361.0)
denovo124 C21.12_FJ461514 300 (1304.0)
denovo124 C1229_EU074888 300 (1293.0)
denovo124 C1230_EU074889 300 (1302.0)
denovo124 C1114_AB207196 300 (1343.0)
denovo124 C3.21_HE579009 300 (1256.0)
denovo124 C1057_DQ480619 300 (1334.0)
denovo124 C72_AY765407 300 (1324.0)
denovo124 C1b.3_HE578999 300 (1328.0)
denovo124 C93_AJ621536 300 (1352.0)
denovo124 C94_AJ621539 300 (1343.0)
denovo124 C1g_AY589730 300 (1343.0)
denovo124 C1i_AY589731 300 (1334.0)
denovo124 C1j_AY589732 300 (1343.0)
denovo124 C1005_DQ480633 300 (1343.0)
denovo124 C1.7_FJ461494 300 (1343.0)
denovo124 C1.11_HE578984 300 (1343.0)
denovo124 C1.12_HE578985 300 (1343.0)
denovo124 C1.13_HE578986 300 (1343.0)
denovo124 C1.14_HE578987 300 (1343.0)
denovo124 C1.18_HE578991 300 (1343.0)
denovo124 C1.19_HE578992 300 (1343.0)
denovo124 C1199_EU099802 300 (1319.0)
denovo124 C1188_EU099838 300 (1334.0)
denovo124 C1002_DQ838544 300 (1352.0)
denovo124 C1198_EU099810 300 (1343.0)
denovo124 C24_AY239376 300 (1334.0)
denovo124 C1f_AY258490 300 (1343.0)
denovo124 C1006_DQ480629 300 (1343.0)
denovo124 C1010_DQ480607 300 (1343.0)
denovo124 C1007_DQ480624 300 (1334.0)
denovo124 C1011_DQ480605 300 (1343.0)
denovo124 C1009_DQ480608 300 (1343.0)
denovo124 C1041_AY186548 300 (1334.0)
denovo124 C1052_AY186570 300 (1343.0)
denovo124 C1148_EU040178 300 (1343.0)
denovo124 C1234_EU118165 301 (1333.0)
denovo124 C1.5_EF634157 300 (1343.0)
denovo124 C1059_DQ480609 300 (1343.0)
denovo124 C1228_EU074883 300 (1343.0)
denovo124 C1208_EU074963 300 (1343.0)
denovo124 C1207_EU074964 300 (1343.0)
denovo124 C1206_EU074965 300 (1343.0)
denovo124 C1013_DQ480642 300 (1334.0)
denovo124 C80_GU907656 310 (1328.5)
denovo124 C1a_AF499788 300 (1343.0)
denovo124 C41_AY258486 300 (1343.0)
denovo124 C39_AY258484 300 (1265.5)
denovo124 C1231_EU074878 300 (1343.0)
denovo124 C1b.1_HE578997 300 (1328.0)
denovo124 C18_AY258478 300 (1343.0)
denovo124 C1.10_HE578983 300 (1304.0)
denovo124 C1_JN558041 300 (1352.0)
denovo124 C1_HE578979 300 (1352.0)
denovo124 C1_AM748551 300 (1352.0)
denovo124 C1_AF333515 300 (1352.0)
denovo124 C1054_AY186565 301 (1342.0)
denovo124 C1008_DQ480613 300 (1343.0)
denovo124 C1103_AF427470 301 (1342.0)
denovo124 C1226_EU074881 301 (1342.0)
denovo124 C1b/C1e_AY239363 300 (1337.0)
denovo124 C1044_DQ068038 300 (1337.0)
denovo124 C1017_DQ174729 301 (1327.0)
denovo124 C1.6_FJ461493 300 (1343.0)
denovo124 C1b.2_HE578998 300 (1328.0)
denovo124 C1060_DQ480600 300 (1343.0)
denovo124 C1227_EU074882 300 (1343.0)
denovo124 C1197_EU099814 300 (1343.0)
denovo124 C1130_DQ480643 300 (1218.5)
denovo124 D109_AB097465 335 (528.5)
denovo124 D1.11_HE579040 344 (548.5)
denovo124 D105_AF174570 344 (548.0)
denovo124 D104_AF174572 345 (524.5)
denovo124 D1.3_JF683337 345 (542.5)
denovo124 D1.10_HE579039 345 (533.5)
denovo124 D110_AF174561 345 (533.5)
denovo124 D117_AF174542 345 (533.5)
denovo124 D114_AF174549 345 (542.5)
denovo124 D113_AF174557 349 (526.5)
denovo124 D112_AF174558 343 (536.5)
denovo124 D106_AF174559 346 (536.0)
denovo124 D111_AF174560 345 (542.5)
denovo124 D115_AF174562 345 (533.5)
denovo124 D107_AF174568 346 (544.5)
denovo124 D116_AF174571 344 (539.5)
denovo124 D124_EU074897 338 (522.0)
denovo124 D1.8_HE579037 349 (536.5)
denovo124 D3_AY686650 344 (549.0)
denovo124 D1.6_HQ630881 345 (533.5)
denovo124 D120_EU074900 345 (524.5)
denovo124 D121_EU074904 344 (548.5)
denovo124 D122_EU074905 345 (533.5)
denovo124 D1a.2_JF683339 337 (530.0)
denovo124 D1a.1_JF683338 338 (531.0)
denovo124 D2_AY686649 587 (589.0)
denovo124 D4_DQ865214 345 (539.0)
denovo124 D1a_AF499802 345 (533.5)
denovo124 D1a_JN558078 345 (533.5)
denovo124 D123_EU074895 346 (536.5)
denovo124 D108_AF174567 345 (542.5)
denovo124 D103_AF174575 345 (533.5)
denovo124 D100_AF411415 348 (541.5)
denovo124 D118_EF656435 345 (534.0)
denovo124 D101_AF411416 348 (526.5)
denovo124 D119_EU099832 350 (531.0)
denovo124 D102_AF174573 345 (536.5)
denovo124 D1_AF334660 345 (542.5)
denovo124 D1_JN558076 345 (542.5)
denovo124 D1.12_HE579041 334 (511.0)
denovo124 D1.1_AM748564 418 (581.0)
denovo124 D1.2_AM748617 410 (571.5)
denovo124 E111_EU074915 354 (436.0)
denovo124 E110_EU074914 350 (450.0)
denovo124 E114_EU074909 358 (448.0)
denovo124 E1_AF334659 353 (447.0)
denovo124 E105_EU074921 352 (457.0)
denovo124 E112_EU074916 363 (444.5)
denovo124 E104_EU074922 364 (447.5)
denovo124 E102_EU074924 363 (444.5)
denovo124 E103_EU074923 363 (453.5)
denovo124 E101_AY160123 363 (441.0)
denovo124 E109_EU074913 353 (441.5)
denovo124 E100_DQ011618 362 (447.5)
denovo124 E108_EU074912 363 (442.5)
denovo124 E113_EU074908 362 (443.0)
denovo124 E107_EU074910 363 (442.5)
denovo124 F1_JN558066 309 (1033.0)
denovo124 F5.2d_AJ291530 309 (1024.0)
denovo124 F104_AJ291531 309 (1024.0)
denovo124 F5.2c_AM748596 311 (1021.0)
denovo124 F5.2_AM748594 309 (1033.0)
denovo124 F5.2a_AM748614 309 (1033.0)
denovo124 F5.2b_AM748595 309 (1024.0)
denovo124 F5.2e_AJ291533 311 (977.5)
denovo124 F5.2g_JN558072 307 (1028.5)
denovo124 F5.2f_AJ291512 312 (1024.5)
denovo124 F102_AJ291534 308 (1021.5)
denovo124 F5.1c_AM748593 309 (1015.0)
denovo124 F5.1d_JN558069 309 (1024.5)
denovo124 F5.1b_AJ291535 308 (1022.5)
denovo124 F5.1_AM748592 309 (1024.5)
denovo124 F5.1a_AM748591 308 (1022.5)
denovo124 F110_AJ291526 314 (910.5)
denovo124 F4.7_AM748587 313 (947.0)
denovo124 F4.5_AM748585 308 (957.0)
denovo124 F4.4a_AM748583 303 (997.5)
denovo124 F4.4_AM748582 306 (994.5)
denovo124 F4.4b_AM748584 308 (982.5)
denovo124 F4.1a_AM748573 317 (920.0)
denovo124 F112_AJ291528 314 (902.0)
denovo124 F4.1_AM748572 314 (920.0)
denovo124 F4.8b_AM748590 312 (922.5)
denovo124 F4.8_AM748588 309 (931.5)
denovo124 F4.8a_AM748589 311 (929.0)
denovo124 F109_AJ291527 309 (909.5)
denovo124 F4.6_AM748586 312 (941.5)
denovo124 F111_AJ311949 309 (956.5)
denovo124 F4.3c_AM748581 309 (975.0)
denovo124 F4.3a_AM748579 309 (965.5)
denovo124 F4.3b_AM748580 309 (965.5)
denovo124 F4.3_AM748578 309 (974.5)
denovo124 F4.2_AM748574 308 (985.0)
denovo124 F4.2a_AM748575 307 (976.5)
denovo124 F4.2c_AM748577 308 (976.0)
denovo124 F4.2b_AM748576 307 (985.5)
denovo124 F2b_AJ291521 310 (1034.0)
denovo124 F2_AJ830908 311 (1018.5)
denovo124 F2a_AJ830911 313 (1011.0)
denovo124 F3.1a_AM748566 317 (976.5)
denovo124 F114_AJ291525 316 (982.5)
denovo124 F3.1_AM748565 316 (1000.5)
denovo124 F3.2_AM748567 312 (1034.0)
denovo124 F3.2a_AM748568 315 (1051.0)
denovo124 F3.3_AM748569 306 (986.5)
denovo124 F3.4a_AM748571 313 (916.0)
denovo124 F3.4_AM748570 313 (916.0)
denovo124 F3.4b_AM748616 313 (916.0)
denovo124 G101_AJ291539 346 (553.0)
denovo124 G1_AM748597 346 (553.0)
denovo124 G2b_JN558087 340 (547.0)
denovo124 G2_AM748598 338 (541.0)
denovo124 G2a_AM748599 340 (547.0)
denovo124 G4_AM748601 348 (565.5)
denovo124 G3.4_LK392378 337 (554.5)
denovo124 G3_AM748600 357 (569.0)
denovo124 G3.2_KC597694 341 (491.5)
denovo124 G3.1_KC597688 340 (547.0)
denovo124 G100_AB253788 353 (549.5)
denovo124 G3.3_LK392377 349 (555.5)
denovo124 H6_AJ291520 650 (322.0)
denovo124 H3_AM748606 304 (884.0)
denovo124 H2_AM748605 308 (930.5)
denovo124 H4_AM748607 315 (882.5)
denovo124 H4a_AM748608 315 (888.5)
denovo124 H5a_AM748611 310 (867.0)
denovo124 H5b_AM748610 313 (874.5)
denovo124 H5_AJ621129 310 (876.0)
denovo124 H5_AM748609 310 (876.0)
denovo124 H100_AJ291513 322 (874.0)
denovo124 H1b_AM748604 319 (878.0)
denovo124 H1a_AM748612 319 (869.0)
denovo124 H1_AJ621152 319 (878.0)
denovo124 H1_AM748602 319 (878.0)
denovo124 I3_FN561561 334 (733.5)
denovo124 I4_FN561562 327 (741.0)
denovo124 I1_FN561559 330 (724.0)
denovo124 I2_FN561560 326 (739.0)

#---------------------------------------
#---------------------------------------
