denovo226 A136_DQ865210 304 (672.5)
denovo226 A133_DQ174725 285 (742.0)
denovo226 A115_AF180123 296 (606.5)
denovo226 A117_AF201746 290 (734.0)
denovo226 A134_DQ174723 290 (743.0)
denovo226 A114_AF184941 290 (743.0)
denovo226 A135_DQ174727 292 (747.5)
denovo226 A2_AF333506 293 (737.5)
denovo226 A101_AF427468 292 (747.5)
denovo226 A2_1_JN558097 292 (747.5)
denovo226 A2_2_JN558100 292 (747.5)
denovo226 A113_AF184948 288 (711.0)
denovo226 A112_AF184949 287 (735.5)
denovo226 A123_EF378618 279 (803.0)
denovo226 A137_EF378621 277 (897.5)
denovo226 A11_EU449041 275 (946.5)
denovo226 A121_DQ174722 275 (1012.5)
denovo226 A15b_EU792886 275 (961.5)
denovo226 A15a_EU792885 275 (979.5)
denovo226 A15c_EU792887 276 (964.5)
denovo226 A15_EU792884 275 (970.5)
denovo226 A147_EU074937 275 (997.5)
denovo226 A154_EU074860 275 (997.5)
denovo226 A146_EU074936 275 (997.5)
denovo226 A150_EU074928 275 (1006.5)
denovo226 A116_AF183575 275 (997.5)
denovo226 A141_EU074931 275 (1006.5)
denovo226 A5_AF333508 275 (1039.5)
denovo226 A3b_EU449043 275 (1024.5)
denovo226 A151_EU074925 275 (1006.5)
denovo226 A152_EU074927 275 (1006.5)
denovo226 A149_EU074929 275 (1006.5)
denovo226 A140_EU074930 275 (1006.5)
denovo226 A142_EU074932 275 (1006.5)
denovo226 A143_EU074933 275 (1006.5)
denovo226 A144_EU074934 275 (1015.5)
denovo226 A145_EU074935 276 (1009.5)
denovo226 A148_EU074938 275 (1006.5)
denovo226 A155_EU074856 275 (1006.5)
denovo226 A156_EU074859 275 (1006.5)
denovo226 A139_EU074962 275 (1006.5)
denovo226 A6_AF186058 275 (1015.5)
denovo226 A3_AF333507 275 (1015.5)
denovo226 A3_JN558091 275 (1015.5)
denovo226 A8_AY258468 275 (1024.5)
denovo226 A7_AY239360 275 (997.5)
denovo226 A16_EU792888 275 (997.5)
denovo226 A4.3_FN429763 277 (1127.5)
denovo226 A120_AF180122 276 (1052.0)
denovo226 A4.2_FN429761 275 (1128.0)
denovo226 A4_AF333509 275 (1138.0)
denovo226 A4.1_FN429760 275 (1117.5)
denovo226 A4a_AF499778 275 (1129.0)
denovo226 A4a.1_FN429762 275 (1129.0)
denovo226 A138_EF378620 277 (1043.5)
denovo226 A122_EF378619 275 (1060.0)
denovo226 A126_EF378615 275 (1063.5)
denovo226 A10_EU792882 275 (1063.5)
denovo226 A9_EU449028 275 (1075.0)
denovo226 A105_AB207202 275 (1075.0)
denovo226 A119_AF180121 276 (1003.5)
denovo226 A12_EU792883 275 (1075.0)
denovo226 A104_AB207203 275 (1075.0)
denovo226 A1a_EU449030 275 (1084.0)
denovo226 A1.3_HE578976 275 (1084.0)
denovo226 A1.4_HE578977 275 (1084.0)
denovo226 A13_AF333504 275 (1093.0)
denovo226 A13_JN558094 275 (1093.0)
denovo226 A110_AB190282 275 (1084.0)
denovo226 A103_AB207206 275 (1084.0)
denovo226 A130_EF656428 275 (1084.0)
denovo226 A127_EF656429 275 (1084.0)
denovo226 A128_EF656430 275 (1084.0)
denovo226 A129_EF656431 275 (1084.0)
denovo226 A131_EF656432 275 (1084.0)
denovo226 A118_AF180120 275 (1031.5)
denovo226 A1_AF333505 275 (1093.0)
denovo226 A107_AB207199 275 (1066.0)
denovo226 A111_AB190280 275 (1075.0)
denovo226 A108_AB207197 275 (1060.0)
denovo226 A106_AB207200 275 (1066.0)
denovo226 A102_AB207209 275 (1084.0)
denovo226 A1.2_AB207210 275 (1084.0)
denovo226 A109_AB190285 275 (1075.0)
denovo226 B4_AF333510 344 (444.0)
denovo226 B23_EU449079 347 (433.0)
denovo226 B30_GU907644 349 (421.5)
denovo226 B11_AY239361 353 (443.0)
denovo226 B17_AY258470 349 (418.5)
denovo226 B1k_GU907638 280 (255.5)
denovo226 B1.V_Green2014 356 (412.5)
denovo226 B1b_AF499780 350 (419.5)
denovo226 B16_AY258469 354 (425.0)
denovo226 B31a_GU907646 349 (428.5)
denovo226 B32_GU907647 353 (440.0)
denovo226 B31_GU907645 353 (431.5)
denovo226 B1j_GU907637 347 (440.0)
denovo226 B37_GU907650 349 (448.0)
denovo226 B5a_AF499782 352 (437.5)
denovo226 B5_AF499781 352 (437.5)
denovo226 B24_GU907643 351 (392.5)
denovo226 B117_AF180124 337 (410.0)
denovo226 B10_AF499787 352 (428.0)
denovo226 B20_GU907642 360 (430.0)
denovo226 B1m_GU907640 352 (437.0)
denovo226 B34_GU907649 352 (437.0)
denovo226 B1d_GU907633 347 (430.5)
denovo226 B1e_GU907634 350 (440.5)
denovo226 B1i_GU907636 352 (437.0)
denovo226 B1g_GU907635 353 (428.0)
denovo226 B123_EU074872 352 (419.0)
denovo226 B8_AF499785 353 (428.0)
denovo226 B1l_GU907639 352 (428.5)
denovo226 B1a_AF499779 350 (431.0)
denovo226 B14_AY239362 352 (424.5)
denovo226 B125_EU074865 357 (434.0)
denovo226 B122_EU074871 352 (429.0)
denovo226 B124_EU074874 352 (428.0)
denovo226 B1.VII_Green2014 352 (403.0)
denovo226 B1.III_Green2014 339 (425.5)
denovo226 B1.I_Green2014 352 (437.0)
denovo226 B1.II_Green2014 352 (437.0)
denovo226 B1_JN558057 352 (437.0)
denovo226 B1_AF333511 352 (437.0)
denovo226 B1.IV_Green2014 362 (432.0)
denovo226 B121_EU074870 352 (437.0)
denovo226 B7_AF499784 352 (437.5)
denovo226 B1.VI_Green2014 344 (432.5)
denovo226 B3_AF333514 343 (452.0)
denovo226 B9_AF499786 344 (428.0)
denovo226 B19a_JN558055 332 (410.0)
denovo226 B119_EU099825 339 (431.5)
denovo226 B21_DQ865213 340 (430.0)
denovo226 B38_GU907651 340 (430.0)
denovo226 B18_AY258471 344 (454.5)
denovo226 B18a_AY258472 344 (445.5)
denovo226 B33_GU907648 349 (442.5)
denovo226 B6_AF499783 345 (449.0)
denovo226 B19_DQ865212 344 (437.0)
denovo226 B19_GU907641 344 (437.0)
denovo226 B2_AF333512 344 (437.0)
denovo226 B2_JN558060 344 (437.0)
denovo226 C33.1_AY258498 340 (459.5)
denovo226 C33.2_AY765400 340 (459.5)
denovo226 C33a_EF541147 340 (459.5)
denovo226 C34_AY258499 339 (475.0)
denovo226 C78_AY765413 349 (442.5)
denovo226 C15.29_KC597690 341 (426.5)
denovo226 C1131_DQ182650 345 (439.0)
denovo226 C1135_DQ182646 335 (434.5)
denovo226 C1134_DQ182647 332 (427.0)
denovo226 C1142_DQ182635 333 (429.0)
denovo226 C1136_DQ182644 341 (434.5)
denovo226 C1111_DQ182645 335 (442.5)
denovo226 C1236_EF473656 335 (433.5)
denovo226 C1138_DQ182642 335 (433.5)
denovo226 C1137_DQ182643 336 (444.0)
denovo226 C1133_DQ182648 335 (433.5)
denovo226 C1132_DQ182649 335 (434.0)
denovo226 C1143_DQ182634 335 (442.5)
denovo226 C1139_DQ182639 345 (448.0)
denovo226 C15.28_KC597687 332 (463.5)
denovo226 C1141_DQ182636 327 (448.0)
denovo226 C1144_DQ182637 332 (445.0)
denovo226 C1122_DQ182654 345 (448.0)
denovo226 C1127_DQ182652 345 (448.0)
denovo226 C15.30_JX394114 352 (459.5)
denovo226 C15.26_KC597686 346 (477.5)
denovo226 C1086_DQ182656 347 (453.0)
denovo226 C15.25_KC597685 347 (462.0)
denovo226 C1118_AF180127 332 (459.5)
denovo226 C1129_DQ182651 346 (441.5)
denovo226 C15.21_KC597683 346 (451.0)
denovo226 C56_AY589760 345 (457.0)
denovo226 C1140_DQ182638 346 (449.5)
denovo226 C1126_DQ182653 344 (453.5)
denovo226 C15c_AY258492 346 (459.5)
denovo226 C15d_AY258493 345 (466.0)
denovo226 C1098_DQ182641 347 (451.5)
denovo226 C15.27_KC597689 339 (466.5)
denovo226 C15.18_HE579024 346 (460.0)
denovo226 C15.16_HE579022 343 (452.0)
denovo226 C1101_AB253787 346 (451.0)
denovo226 C1083_AY237300 345 (475.0)
denovo226 C1088_DQ182640 344 (472.5)
denovo226 C15.6_FN563472 346 (460.0)
denovo226 C15.5_FJ461512 346 (460.0)
denovo226 C15.4_FJ461511 346 (460.0)
denovo226 C15.13_HE579019 346 (459.5)
denovo226 C15.12_HE579018 346 (460.0)
denovo226 C93a_AM748563 344 (480.5)
denovo226 C1094_AJ291514 344 (462.5)
denovo226 C93_AM748562 344 (471.5)
denovo226 C15.17_HE579023 345 (469.5)
denovo226 C15e_AY589742 347 (465.0)
denovo226 C15.22_KC597695 346 (460.0)
denovo226 C60_AY589764 345 (465.0)
denovo226 C15.1_FJ461508 343 (478.0)
denovo226 C15.2_FJ461509 346 (478.0)
denovo226 C15.9_FN563475 338 (472.0)
denovo226 C15.7_HE579015 346 (468.5)
denovo226 C15.8_HE579016 346 (460.0)
denovo226 C15.15_HE579021 346 (460.0)
denovo226 C15.19_HE579025 346 (469.0)
denovo226 C15.24_KC597696 343 (468.5)
denovo226 C15.3_FJ461510 346 (478.0)
denovo226 C1087_DQ182655 346 (468.5)
denovo226 C15.14_HE579020 347 (468.5)
denovo226 C15.23_KC597697 347 (468.5)
denovo226 C19_AY258479 345 (469.5)
denovo226 C1233_EU118166 346 (460.0)
denovo226 C15b_AY258491 346 (460.0)
denovo226 C15a_AY258476 346 (469.0)
denovo226 C1051_AF195153 346 (478.0)
denovo226 C2_AF333518 347 (476.0)
denovo226 C15.20_HE579026 347 (468.5)
denovo226 C15f_AY589743 347 (468.5)
denovo226 C55_AY589759 344 (467.0)
denovo226 C15_AY239369 346 (469.0)
denovo226 C32.1_JF683335 332 (469.0)
denovo226 C32.2_JF683336 350 (467.5)
denovo226 C21.23_KC597693 350 (467.5)
denovo226 C1193_EU099827 334 (456.5)
denovo226 C1195_EU099821 347 (425.0)
denovo226 C3q_GU907655 337 (479.5)
denovo226 C53_AY589758 340 (477.0)
denovo226 C73_AY765408 336 (472.5)
denovo226 C17.2.1_KC597684 343 (474.0)
denovo226 C32_AY258497 333 (470.5)
denovo226 C1189_EU099831 336 (464.5)
denovo226 C1191_EU099833 336 (473.5)
denovo226 C1196_EU099819 334 (465.5)
denovo226 C1192_EU099820 334 (465.5)
denovo226 C17.1_JF683322 340 (475.0)
denovo226 C26_b2_FN827164 336 (477.0)
denovo226 C26_b3_FN827165 336 (477.0)
denovo226 C31.9_HQ630879 337 (473.5)
denovo226 C31a_AY589746 338 (464.0)
denovo226 C30_AY589745 329 (473.0)
denovo226 C31.1_HQ630876 333 (477.0)
denovo226 C31.5_HQ630877 338 (473.0)
denovo226 C31.6_HQ630878 334 (470.0)
denovo226 C31.2_JF683332 334 (471.0)
denovo226 C31.3_JF683333 337 (479.5)
denovo226 C26/C35a_AY239378 336 (468.0)
denovo226 C35a_AY258501 336 (468.0)
denovo226 C35.2_AY258500 336 (477.0)
denovo226 C26_b1_FN827163 336 (477.0)
denovo226 C17_AY239370 335 (477.5)
denovo226 C17.2_FJ461513 337 (476.5)
denovo226 C31.10_HQ630880 337 (482.5)
denovo226 C31.4_JF683334 342 (461.5)
denovo226 C31_AY258496 338 (473.0)
denovo226 C25_AY239377 340 (454.0)
denovo226 C61_AY589765 333 (469.0)
denovo226 C1043_DQ072721 341 (439.5)
denovo226 C79_AY765414 343 (460.0)
denovo226 C69_AY589773 329 (472.0)
denovo226 C69a_AY686648 329 (463.0)
denovo226 C21.22_KC597692 327 (498.0)
denovo226 C51_AY589756 339 (465.5)
denovo226 C1aa_HM185739 342 (484.5)
denovo226 C1096_DQ068023 337 (447.5)
denovo226 C74_AY765409 334 (482.0)
denovo226 C1185_AB294629 342 (478.5)
denovo226 C1184_AB294630 342 (478.5)
denovo226 C1153_AB294625 342 (496.5)
denovo226 C1154_AB294626 341 (494.0)
denovo226 C1187_AB294627 342 (478.5)
denovo226 C1186_AB294628 339 (488.5)
denovo226 C57_AY589761 342 (487.0)
denovo226 C66_AY589771 342 (487.5)
denovo226 C5_AF499795 346 (469.0)
denovo226 C1167_AB294586 345 (484.5)
denovo226 C1164_AB294593 346 (469.0)
denovo226 C1183_AB294631 346 (468.5)
denovo226 C1067_DQ335381 333 (475.5)
denovo226 C1159_AB294613 347 (494.5)
denovo226 C1150_AB294622 345 (489.5)
denovo226 C90_AM748554 339 (477.5)
denovo226 C1168_AB294583 346 (477.5)
denovo226 C1156_AB294616 344 (489.0)
denovo226 C1151_AB294621 346 (487.0)
denovo226 C92a_AM748561 346 (486.5)
denovo226 C92_AM748560 346 (486.5)
denovo226 C1165_AB294581 345 (484.0)
denovo226 C1166_AB294584 346 (487.0)
denovo226 C1162_AB294594 345 (475.0)
denovo226 C1163_AB294596 341 (471.5)
denovo226 C1161_AB294606 344 (472.5)
denovo226 C1160_AB294608 346 (478.0)
denovo226 C1158_AB294614 346 (478.0)
denovo226 C1155_AB294617 346 (469.0)
denovo226 C1149_AB294620 338 (481.0)
denovo226 C1173_AB294662 346 (477.5)
denovo226 C1171_AB294663 346 (469.0)
denovo226 C1172_AB294665 346 (469.0)
denovo226 C91a_AM748556 338 (472.0)
denovo226 C91b_AM748557 340 (469.5)
denovo226 C91d_AM748559 345 (475.5)
denovo226 C91c_AM748558 345 (475.0)
denovo226 C91_AJ621543 346 (478.0)
denovo226 C91_AM748555 346 (478.0)
denovo226 C1023_DQ335330 318 (474.0)
denovo226 C1020_DQ335392 341 (481.0)
denovo226 C1018_DQ335408 333 (484.5)
denovo226 C1074_DQ335329 341 (472.0)
denovo226 C1030_DQ335353 341 (481.0)
denovo226 C1022_DQ335331 341 (481.0)
denovo226 C1027_DQ335360 341 (482.0)
denovo226 C1072_DQ335344 341 (481.0)
denovo226 C1039_AB190274 331 (478.5)
denovo226 C1033_DQ335350 346 (469.0)
denovo226 C1019_DQ335407 341 (481.0)
denovo226 C1194_EU099826 335 (464.5)
denovo226 C8b_AY258475 334 (453.0)
denovo226 C8_AY239367 342 (457.0)
denovo226 C8a_AY239368 342 (448.5)
denovo226 C54a_AY765406 333 (484.0)
denovo226 C3ff_HM185740 344 (480.5)
denovo226 C59_AY589763 349 (462.0)
denovo226 C3k_AY589737 338 (472.5)
denovo226 C3.24_HE579012 343 (479.0)
denovo226 C3.23_HE579011 344 (472.5)
denovo226 C35.1_AY765401 339 (484.0)
denovo226 C35.3_EF541145 339 (484.0)
denovo226 C76_AY765411 339 (463.5)
denovo226 C1107_DQ335359 341 (458.0)
denovo226 C3.22_HE579010 343 (487.5)
denovo226 C77_AY765412 341 (477.5)
denovo226 C20_AY239371 346 (477.5)
denovo226 C1055_DQ480640 334 (473.0)
denovo226 C27/C30_AY239379 336 (486.0)
denovo226 C27.1_FJ461517 336 (477.0)
denovo226 C40a_AY589747 339 (473.0)
denovo226 C40_AY258485 339 (473.0)
denovo226 C40b_AY589748 340 (472.5)
denovo226 C16_AY258477 344 (462.5)
denovo226 C16a_AY765399 344 (463.0)
denovo226 C1091_AB207186 336 (466.5)
denovo226 C1102_DQ335400 346 (460.0)
denovo226 C1069_DQ335375 341 (473.0)
denovo226 C1073_DQ335332 341 (470.5)
denovo226 C1066_DQ335382 341 (470.5)
denovo226 C1031_DQ335352 343 (487.0)
denovo226 C1026_DQ335366 341 (489.5)
denovo226 C70_AY589774 346 (478.0)
denovo226 C1082_AB190267 346 (478.0)
denovo226 C1078_AB190271 346 (478.0)
denovo226 C1090_AB207191 338 (481.5)
denovo226 C1071_DQ335302 338 (472.0)
denovo226 C1075_DQ335328 340 (478.0)
denovo226 C1068_DQ335379 343 (469.5)
denovo226 C1064_DQ335395 346 (487.0)
denovo226 C1063_DQ335403 344 (472.0)
denovo226 C62_AY589766 346 (478.0)
denovo226 C1077_DQ335316 347 (477.5)
denovo226 C1109_DQ335338 346 (469.0)
denovo226 C1110_DQ335340 343 (469.0)
denovo226 C1106_DQ335339 336 (457.5)
denovo226 C1112_DQ335319 336 (475.5)
denovo226 C1108_DQ335351 336 (457.5)
denovo226 C1105_DQ335394 336 (466.5)
denovo226 C1121_DQ335378 336 (457.5)
denovo226 C1116_AB190268 346 (469.0)
denovo226 C1115_AB190273 336 (466.5)
denovo226 C1124_DQ335323 336 (448.5)
denovo226 C1120_DQ335398 335 (463.5)
denovo226 C1119_DQ335404 338 (463.0)
denovo226 C1123_DQ335363 336 (457.5)
denovo226 C1004_DQ480635 338 (472.0)
denovo226 C1061_AY186568 339 (466.0)
denovo226 C1053_AY186569 339 (466.0)
denovo226 C1003_DQ480639 339 (466.0)
denovo226 C81_GU907657 332 (473.5)
denovo226 C22_AY239373 330 (483.0)
denovo226 C22a_AY239374 330 (483.0)
denovo226 C1232_EU118163 341 (464.0)
denovo226 C21.13_FJ461515 337 (500.0)
denovo226 C21.1_JF683323 327 (489.5)
denovo226 C21.3_JF683325 334 (484.0)
denovo226 C1.20_HE578993 332 (472.0)
denovo226 C1.22_HE578995 332 (463.0)
denovo226 C52_AY589757 338 (466.5)
denovo226 C1201_EU099793 343 (426.5)
denovo226 C14_AY589741 341 (474.5)
denovo226 C43_AY589749 342 (465.0)
denovo226 C50_AY589755 333 (475.0)
denovo226 C3.14_HQ630872 341 (471.5)
denovo226 C1m_AY765398 346 (460.0)
denovo226 C82_GU907658 342 (474.0)
denovo226 C82b_GU907660 342 (474.0)
denovo226 C64_AY589768 344 (481.5)
denovo226 C45a_AY765404 341 (471.5)
denovo226 C48_AY589753 331 (489.0)
denovo226 C1_v1b_FJ919244 335 (462.5)
denovo226 C1_v1a_FJ919243 341 (462.5)
denovo226 C3j_AY239366 342 (466.0)
denovo226 C3t_EF541149 341 (498.5)
denovo226 C9_AF499798 342 (465.0)
denovo226 C23_AY239375 341 (462.0)
denovo226 C37_AY258481 338 (472.5)
denovo226 C1048_DQ068026 332 (462.5)
denovo226 C21.4_JF683326 329 (468.5)
denovo226 C21.5_JF683327 335 (477.5)
denovo226 C1070_DQ335349 341 (471.5)
denovo226 C21.6_HQ630873 335 (477.5)
denovo226 C1224_EU074890 337 (468.0)
denovo226 C1.17_HE578990 341 (471.0)
denovo226 C21_b1_FN827162 335 (477.5)
denovo226 C21.9_JF683330 335 (486.5)
denovo226 C1085_AY624605 341 (471.5)
denovo226 C3p_GU907654 341 (475.0)
denovo226 C3f_AY589734 341 (480.5)
denovo226 C65a_AY589770 341 (471.5)
denovo226 C65_AY589769 341 (480.5)
denovo226 C71_AY589775 343 (478.5)
denovo226 C71a_AY589776 343 (469.5)
denovo226 C1178_AB294647 340 (480.0)
denovo226 C1225_EU074893 346 (469.0)
denovo226 C75_AY765410 344 (480.5)
denovo226 C21.10_JF683331 331 (483.5)
denovo226 C21.11_HQ630874 335 (486.5)
denovo226 C1065_DQ335388 341 (471.0)
denovo226 C1045_DQ068036 341 (480.0)
denovo226 C1h_AY258473 344 (472.5)
denovo226 C38_AY258482 342 (475.5)
denovo226 C1202_EU099799 344 (472.5)
denovo226 C7_AF499797 344 (481.5)
denovo226 C12_AF499801 346 (471.0)
denovo226 C38a_AY258483 345 (481.0)
denovo226 C1200_EU099800 337 (478.0)
denovo226 C44a_AY589751 334 (477.5)
denovo226 C47_AY589752 346 (469.0)
denovo226 C44_AY589750 342 (474.0)
denovo226 C1.15_HE578988 341 (480.5)
denovo226 C45.3_FJ461522 342 (483.0)
denovo226 C46a_AY765405 342 (474.0)
denovo226 C46_EU449108 342 (474.0)
denovo226 C3.12_FJ461507 342 (483.0)
denovo226 C1k_AY589733 342 (474.0)
denovo226 C67_AY686647 342 (474.0)
denovo226 C82a_GU907659 342 (474.0)
denovo226 C10a_AY589739 332 (471.0)
denovo226 C10_AF499799 341 (471.5)
denovo226 C13_AY589740 347 (468.5)
denovo226 C4_AF499794 342 (465.0)
denovo226 C1147_EF656433 344 (471.5)
denovo226 C1c/C45_AY239364 342 (474.0)
denovo226 C1c/C45_EU449103 342 (474.0)
denovo226 C21.19_HE579031 335 (477.5)
denovo226 C21.21_HE579033 335 (468.5)
denovo226 C21.20_HE579032 335 (477.5)
denovo226 C42b_AY765403 342 (447.0)
denovo226 C42_AY258487 342 (456.0)
denovo226 C1p_GU907652 341 (462.5)
denovo226 C1d_AY258488 341 (462.0)
denovo226 C42_AY765402 342 (465.0)
denovo226 C3ha_AY589736 335 (477.5)
denovo226 C63a_AY589767 333 (483.5)
denovo226 C21a_AY589744 335 (486.5)
denovo226 C3o_GU907653 335 (477.5)
denovo226 C21.16_HQ630875 329 (486.5)
denovo226 C21.2_JF683324 335 (486.5)
denovo226 C21.7_JF683328 334 (484.0)
denovo226 C21.8_JF683329 327 (490.0)
denovo226 C3h_AY239365 335 (477.5)
denovo226 C1203_EU099798 335 (486.5)
denovo226 C3.10_FJ461505 341 (480.5)
denovo226 C21.14_FJ461516 335 (486.5)
denovo226 C21.18_HE579030 341 (474.5)
denovo226 C3.17_HE579005 341 (471.5)
denovo226 C3.9_FJ461504 339 (481.5)
denovo226 C3.8_FJ461503 341 (480.5)
denovo226 C3.7_FJ461502 341 (489.5)
denovo226 C3.11_FJ461506 341 (472.0)
denovo226 C3.18_HE579006 341 (480.5)
denovo226 C3.19_HE579007 341 (480.0)
denovo226 C3.20_HE579008 341 (471.5)
denovo226 C3g_AY589735 344 (481.5)
denovo226 C3a_AF499790 333 (484.0)
denovo226 C3e_AF499793 341 (471.5)
denovo226 C6_AF499796 344 (480.5)
denovo226 C11_AF499800 339 (483.5)
denovo226 C36_AY258480 343 (476.0)
denovo226 C29_AY258494 341 (480.5)
denovo226 C1146_EF656434 346 (487.0)
denovo226 C1190_EU099841 341 (489.5)
denovo226 C131_JF320826 341 (471.5)
denovo226 C28_AY239380 346 (479.5)
denovo226 C1012_DQ480604 341 (480.5)
denovo226 C1181_AB294640 341 (473.5)
denovo226 C1180_AB294641 341 (482.5)
denovo226 C1179_AB294645 341 (482.5)
denovo226 C1176_AB294651 346 (480.0)
denovo226 C1175_AB294653 341 (482.5)
denovo226 C1174_AB294655 346 (480.0)
denovo226 C1177_AB294659 342 (484.5)
denovo226 C1040_AB190269 341 (480.5)
denovo226 C1182_AB294649 341 (471.5)
denovo226 C1089_AJ278598 341 (471.5)
denovo226 C1028_DQ335357 341 (480.5)
denovo226 C3.16_EU786015 341 (471.5)
denovo226 C1097_AJ311943 342 (470.5)
denovo226 C1170_AB294661 341 (482.5)
denovo226 C21.17_HE579029 336 (483.0)
denovo226 C21/3d/C3k_AY239372 335 (486.5)
denovo226 C58_AY589762 336 (486.0)
denovo226 C3L_AY589738 332 (477.5)
denovo226 C1169_AB294660 341 (482.5)
denovo226 C3.2_FJ461497 340 (481.0)
denovo226 C3.1_JF683321 338 (476.0)
denovo226 C1104_AF427469 341 (477.0)
denovo226 C3b_AF499791 340 (481.0)
denovo226 C83_GU907661 341 (483.0)
denovo226 C49_AY589754 365 (499.0)
denovo226 C3_AB778606 341 (480.5)
denovo226 C3_AF499789 341 (480.5)
denovo226 C3_HE579001 341 (480.5)
denovo226 C21.12_FJ461514 335 (495.5)
denovo226 C1229_EU074888 337 (473.5)
denovo226 C1230_EU074889 337 (482.5)
denovo226 C1114_AB207196 342 (465.0)
denovo226 C3.21_HE579009 346 (418.5)
denovo226 C1057_DQ480619 341 (462.5)
denovo226 C72_AY765407 341 (462.5)
denovo226 C1b.3_HE578999 340 (463.0)
denovo226 C93_AJ621536 341 (471.5)
denovo226 C94_AJ621539 341 (462.5)
denovo226 C1g_AY589730 341 (480.5)
denovo226 C1i_AY589731 341 (471.5)
denovo226 C1j_AY589732 341 (471.5)
denovo226 C1005_DQ480633 341 (462.5)
denovo226 C1.7_FJ461494 341 (471.5)
denovo226 C1.11_HE578984 341 (462.5)
denovo226 C1.12_HE578985 341 (471.5)
denovo226 C1.13_HE578986 339 (466.0)
denovo226 C1.14_HE578987 341 (471.5)
denovo226 C1.18_HE578991 341 (462.5)
denovo226 C1.19_HE578992 341 (471.5)
denovo226 C1199_EU099802 341 (456.5)
denovo226 C1188_EU099838 341 (471.5)
denovo226 C1002_DQ838544 341 (480.5)
denovo226 C1198_EU099810 341 (462.5)
denovo226 C24_AY239376 333 (457.0)
denovo226 C1f_AY258490 341 (471.5)
denovo226 C1006_DQ480629 341 (471.5)
denovo226 C1010_DQ480607 341 (471.5)
denovo226 C1007_DQ480624 341 (462.5)
denovo226 C1011_DQ480605 338 (472.5)
denovo226 C1009_DQ480608 339 (466.0)
denovo226 C1041_AY186548 341 (462.0)
denovo226 C1052_AY186570 339 (466.0)
denovo226 C1148_EU040178 341 (471.5)
denovo226 C1234_EU118165 341 (477.0)
denovo226 C1.5_EF634157 331 (469.0)
denovo226 C1059_DQ480609 341 (462.5)
denovo226 C1228_EU074883 343 (477.5)
denovo226 C1208_EU074963 344 (470.5)
denovo226 C1207_EU074964 339 (466.0)
denovo226 C1206_EU074965 341 (480.5)
denovo226 C1013_DQ480642 340 (468.0)
denovo226 C80_GU907656 345 (475.0)
denovo226 C1a_AF499788 341 (471.5)
denovo226 C41_AY258486 333 (466.0)
denovo226 C39_AY258484 326 (467.0)
denovo226 C1231_EU074878 341 (462.5)
denovo226 C1b.1_HE578997 340 (463.0)
denovo226 C18_AY258478 341 (471.5)
denovo226 C1.10_HE578983 333 (473.0)
denovo226 C1_JN558041 341 (471.5)
denovo226 C1_HE578979 341 (471.5)
denovo226 C1_AM748551 341 (471.5)
denovo226 C1_AF333515 341 (471.5)
denovo226 C1054_AY186565 340 (475.0)
denovo226 C1008_DQ480613 341 (462.5)
denovo226 C1103_AF427470 341 (468.0)
denovo226 C1226_EU074881 341 (468.0)
denovo226 C1b/C1e_AY239363 340 (472.0)
denovo226 C1044_DQ068038 341 (456.5)
denovo226 C1017_DQ174729 341 (462.0)
denovo226 C1.6_FJ461493 341 (462.5)
denovo226 C1b.2_HE578998 340 (463.0)
denovo226 C1060_DQ480600 341 (462.5)
denovo226 C1227_EU074882 342 (464.5)
denovo226 C1197_EU099814 341 (462.5)
denovo226 C1130_DQ480643 341 (384.5)
denovo226 D109_AB097465 339 (384.5)
denovo226 D1.11_HE579040 333 (387.5)
denovo226 D105_AF174570 334 (399.5)
denovo226 D104_AF174572 335 (383.5)
denovo226 D1.3_JF683337 336 (378.5)
denovo226 D1.10_HE579039 335 (384.5)
denovo226 D110_AF174561 335 (384.5)
denovo226 D117_AF174542 334 (381.5)
denovo226 D114_AF174549 334 (390.5)
denovo226 D113_AF174557 335 (384.0)
denovo226 D112_AF174558 335 (384.0)
denovo226 D106_AF174559 334 (399.5)
denovo226 D111_AF174560 335 (384.5)
denovo226 D115_AF174562 339 (387.0)
denovo226 D107_AF174568 334 (381.5)
denovo226 D116_AF174571 322 (400.0)
denovo226 D124_EU074897 335 (375.0)
denovo226 D1.8_HE579037 338 (384.0)
denovo226 D3_AY686650 334 (390.5)
denovo226 D1.6_HQ630881 340 (390.0)
denovo226 D120_EU074900 335 (384.0)
denovo226 D121_EU074904 322 (391.0)
denovo226 D122_EU074905 334 (390.0)
denovo226 D1a.2_JF683339 337 (383.0)
denovo226 D1a.1_JF683338 335 (384.0)
denovo226 D2_AY686649 573 (445.5)
denovo226 D4_DQ865214 337 (386.0)
denovo226 D1a_AF499802 335 (384.0)
denovo226 D1a_JN558078 335 (384.0)
denovo226 D123_EU074895 334 (390.5)
denovo226 D108_AF174567 334 (390.5)
denovo226 D103_AF174575 334 (399.5)
denovo226 D100_AF411415 329 (393.0)
denovo226 D118_EF656435 339 (386.5)
denovo226 D101_AF411416 329 (378.0)
denovo226 D119_EU099832 335 (386.0)
denovo226 D102_AF174573 334 (384.5)
denovo226 D1_AF334660 334 (390.5)
denovo226 D1_JN558076 334 (390.5)
denovo226 D1.12_HE579041 316 (391.5)
denovo226 D1.1_AM748564 396 (413.0)
denovo226 D1.2_AM748617 421 (405.5)
denovo226 E111_EU074915 337 (429.0)
denovo226 E110_EU074914 346 (437.0)
denovo226 E114_EU074909 345 (434.5)
denovo226 E1_AF334659 338 (429.0)
denovo226 E105_EU074921 337 (439.0)
denovo226 E112_EU074916 335 (424.0)
denovo226 E104_EU074922 335 (433.0)
denovo226 E102_EU074924 335 (433.0)
denovo226 E103_EU074923 335 (433.0)
denovo226 E101_AY160123 331 (445.0)
denovo226 E109_EU074913 333 (434.5)
denovo226 E100_DQ011618 329 (456.5)
denovo226 E108_EU074912 331 (454.0)
denovo226 E113_EU074908 333 (446.0)
denovo226 E107_EU074910 328 (454.5)
denovo226 F1_JN558066 337 (478.5)
denovo226 F5.2d_AJ291530 343 (497.5)
denovo226 F104_AJ291531 343 (497.5)
denovo226 F5.2c_AM748596 343 (497.5)
denovo226 F5.2_AM748594 343 (488.5)
denovo226 F5.2a_AM748614 343 (488.5)
denovo226 F5.2b_AM748595 343 (497.5)
denovo226 F5.2e_AJ291533 359 (450.5)
denovo226 F5.2g_JN558072 341 (490.0)
denovo226 F5.2f_AJ291512 344 (492.0)
denovo226 F102_AJ291534 343 (497.5)
denovo226 F5.1c_AM748593 345 (485.0)
denovo226 F5.1d_JN558069 348 (476.5)
denovo226 F5.1b_AJ291535 344 (483.0)
denovo226 F5.1_AM748592 344 (483.5)
denovo226 F5.1a_AM748591 344 (492.0)
denovo226 F110_AJ291526 332 (499.0)
denovo226 F4.7_AM748587 331 (500.0)
denovo226 F4.5_AM748585 331 (504.5)
denovo226 F4.4a_AM748583 324 (512.5)
denovo226 F4.4_AM748582 333 (500.0)
denovo226 F4.4b_AM748584 326 (507.0)
denovo226 F4.1a_AM748573 327 (477.0)
denovo226 F112_AJ291528 327 (459.0)
denovo226 F4.1_AM748572 327 (477.0)
denovo226 F4.8b_AM748590 334 (505.5)
denovo226 F4.8_AM748588 328 (514.5)
denovo226 F4.8a_AM748589 328 (514.5)
denovo226 F109_AJ291527 328 (510.5)
denovo226 F4.6_AM748586 329 (490.5)
denovo226 F111_AJ311949 327 (468.5)
denovo226 F4.3c_AM748581 329 (488.0)
denovo226 F4.3a_AM748579 329 (488.5)
denovo226 F4.3b_AM748580 329 (488.0)
denovo226 F4.3_AM748578 329 (488.0)
denovo226 F4.2_AM748574 334 (489.0)
denovo226 F4.2a_AM748575 333 (497.5)
denovo226 F4.2c_AM748577 333 (503.5)
denovo226 F4.2b_AM748576 333 (497.5)
denovo226 F2b_AJ291521 347 (480.0)
denovo226 F2_AJ830908 340 (469.0)
denovo226 F2a_AJ830911 331 (464.0)
denovo226 F3.1a_AM748566 355 (489.0)
denovo226 F114_AJ291525 353 (491.5)
denovo226 F3.1_AM748565 353 (509.5)
denovo226 F3.2_AM748567 355 (496.5)
denovo226 F3.2a_AM748568 346 (507.0)
denovo226 F3.3_AM748569 352 (495.0)
denovo226 F3.4a_AM748571 342 (517.5)
denovo226 F3.4_AM748570 342 (499.5)
denovo226 F3.4b_AM748616 342 (499.5)
denovo226 G101_AJ291539 348 (392.0)
denovo226 G1_AM748597 351 (383.5)
denovo226 G2b_JN558087 342 (387.5)
denovo226 G2_AM748598 342 (387.5)
denovo226 G2a_AM748599 337 (390.5)
denovo226 G4_AM748601 355 (412.5)
denovo226 G3.4_LK392378 358 (386.0)
denovo226 G3_AM748600 351 (381.5)
denovo226 G3.2_KC597694 330 (378.5)
denovo226 G3.1_KC597688 350 (397.0)
denovo226 G100_AB253788 354 (400.0)
denovo226 G3.3_LK392377 349 (403.5)
denovo226 H6_AJ291520 644 (276.0)
denovo226 H3_AM748606 336 (378.5)
denovo226 H2_AM748605 309 (376.5)
denovo226 H4_AM748607 309 (380.0)
denovo226 H4a_AM748608 315 (385.0)
denovo226 H5a_AM748611 314 (403.5)
denovo226 H5b_AM748610 321 (396.0)
denovo226 H5_AJ621129 314 (394.5)
denovo226 H5_AM748609 314 (394.5)
denovo226 H100_AJ291513 306 (397.5)
denovo226 H1b_AM748604 306 (410.5)
denovo226 H1a_AM748612 305 (407.5)
denovo226 H1_AJ621152 306 (410.5)
denovo226 H1_AM748602 306 (410.5)
denovo226 I3_FN561561 354 (493.0)
denovo226 I4_FN561562 354 (493.0)
denovo226 I1_FN561559 351 (485.0)
denovo226 I2_FN561560 345 (482.0)

#---------------------------------------
#---------------------------------------
