denovo109 A136_DQ865210 341 (493.5)
denovo109 A133_DQ174725 349 (459.5)
denovo109 A115_AF180123 347 (462.5)
denovo109 A117_AF201746 351 (470.5)
denovo109 A134_DQ174723 359 (467.0)
denovo109 A114_AF184941 346 (474.0)
denovo109 A135_DQ174727 355 (473.0)
denovo109 A2_AF333506 356 (463.5)
denovo109 A101_AF427468 355 (464.0)
denovo109 A2_1_JN558097 355 (464.0)
denovo109 A2_2_JN558100 355 (464.0)
denovo109 A113_AF184948 349 (485.0)
denovo109 A112_AF184949 349 (458.0)
denovo109 A123_EF378618 351 (321.0)
denovo109 A137_EF378621 359 (288.5)
denovo109 A11_EU449041 351 (500.0)
denovo109 A121_DQ174722 353 (491.0)
denovo109 A15b_EU792886 356 (448.0)
denovo109 A15a_EU792885 355 (462.5)
denovo109 A15c_EU792887 356 (448.0)
denovo109 A15_EU792884 356 (457.0)
denovo109 A147_EU074937 355 (481.0)
denovo109 A154_EU074860 355 (490.0)
denovo109 A146_EU074936 356 (474.0)
denovo109 A150_EU074928 356 (483.0)
denovo109 A116_AF183575 356 (492.0)
denovo109 A141_EU074931 356 (483.0)
denovo109 A5_AF333508 349 (487.0)
denovo109 A3b_EU449043 355 (481.0)
denovo109 A151_EU074925 355 (489.0)
denovo109 A152_EU074927 360 (488.5)
denovo109 A149_EU074929 354 (496.5)
denovo109 A140_EU074930 355 (481.0)
denovo109 A142_EU074932 355 (490.0)
denovo109 A143_EU074933 352 (490.5)
denovo109 A144_EU074934 355 (481.0)
denovo109 A145_EU074935 355 (481.0)
denovo109 A148_EU074938 355 (490.0)
denovo109 A155_EU074856 359 (485.0)
denovo109 A156_EU074859 355 (481.0)
denovo109 A139_EU074962 355 (481.0)
denovo109 A6_AF186058 355 (490.0)
denovo109 A3_AF333507 355 (490.0)
denovo109 A3_JN558091 355 (490.0)
denovo109 A8_AY258468 355 (463.0)
denovo109 A7_AY239360 355 (472.0)
denovo109 A16_EU792888 361 (463.5)
denovo109 A4.3_FN429763 351 (439.0)
denovo109 A120_AF180122 348 (439.0)
denovo109 A4.2_FN429761 353 (432.5)
denovo109 A4_AF333509 353 (460.5)
denovo109 A4.1_FN429760 352 (455.5)
denovo109 A4a_AF499778 360 (456.5)
denovo109 A4a.1_FN429762 360 (456.5)
denovo109 A138_EF378620 353 (415.0)
denovo109 A122_EF378619 351 (449.5)
denovo109 A126_EF378615 350 (450.5)
denovo109 A10_EU792882 350 (450.5)
denovo109 A9_EU449028 350 (451.5)
denovo109 A105_AB207202 354 (456.0)
denovo109 A119_AF180121 346 (448.5)
denovo109 A12_EU792883 344 (461.5)
denovo109 A104_AB207203 351 (455.0)
denovo109 A1a_EU449030 346 (466.5)
denovo109 A1.3_HE578976 353 (460.5)
denovo109 A1.4_HE578977 344 (469.5)
denovo109 A13_AF333504 346 (465.5)
denovo109 A13_JN558094 346 (465.5)
denovo109 A110_AB190282 350 (460.5)
denovo109 A103_AB207206 346 (466.5)
denovo109 A130_EF656428 346 (466.5)
denovo109 A127_EF656429 346 (466.5)
denovo109 A128_EF656430 346 (457.5)
denovo109 A129_EF656431 347 (469.0)
denovo109 A131_EF656432 344 (461.5)
denovo109 A118_AF180120 346 (460.0)
denovo109 A1_AF333505 346 (466.5)
denovo109 A107_AB207199 346 (466.5)
denovo109 A111_AB190280 346 (466.5)
denovo109 A108_AB207197 360 (449.0)
denovo109 A106_AB207200 354 (472.5)
denovo109 A102_AB207209 353 (460.5)
denovo109 A1.2_AB207210 353 (460.5)
denovo109 A109_AB190285 354 (464.0)
denovo109 B4_AF333510 331 (1042.5)
denovo109 B23_EU449079 317 (1143.5)
denovo109 B30_GU907644 317 (1125.5)
denovo109 B11_AY239361 318 (1246.5)
denovo109 B17_AY258470 316 (1266.0)
denovo109 B1k_GU907638 318 (572.5)
denovo109 B1.V_Green2014 330 (1245.0)
denovo109 B1b_AF499780 316 (1197.5)
denovo109 B16_AY258469 316 (1275.0)
denovo109 B31a_GU907646 316 (1275.0)
denovo109 B32_GU907647 316 (1275.0)
denovo109 B31_GU907645 316 (1284.0)
denovo109 B1j_GU907637 316 (1275.0)
denovo109 B37_GU907650 318 (1273.5)
denovo109 B5a_AF499782 316 (1275.0)
denovo109 B5_AF499781 316 (1284.0)
denovo109 B24_GU907643 316 (1115.0)
denovo109 B117_AF180124 316 (1176.0)
denovo109 B10_AF499787 316 (1275.0)
denovo109 B20_GU907642 318 (1258.5)
denovo109 B1m_GU907640 316 (1284.0)
denovo109 B34_GU907649 316 (1284.0)
denovo109 B1d_GU907633 316 (1284.0)
denovo109 B1e_GU907634 316 (1284.0)
denovo109 B1i_GU907636 316 (1284.0)
denovo109 B1g_GU907635 317 (1265.0)
denovo109 B123_EU074872 316 (1275.0)
denovo109 B8_AF499785 317 (1274.0)
denovo109 B1l_GU907639 316 (1284.0)
denovo109 B1a_AF499779 316 (1284.0)
denovo109 B14_AY239362 317 (1274.0)
denovo109 B125_EU074865 316 (1284.0)
denovo109 B122_EU074871 316 (1284.0)
denovo109 B124_EU074874 306 (1300.0)
denovo109 B1.VII_Green2014 316 (1214.0)
denovo109 B1.III_Green2014 316 (1212.0)
denovo109 B1.I_Green2014 316 (1293.0)
denovo109 B1.II_Green2014 316 (1293.0)
denovo109 B1_JN558057 316 (1293.0)
denovo109 B1_AF333511 316 (1293.0)
denovo109 B1.IV_Green2014 326 (1278.5)
denovo109 B121_EU074870 316 (1284.0)
denovo109 B7_AF499784 316 (1284.0)
denovo109 B1.VI_Green2014 317 (1224.0)
denovo109 B3_AF333514 316 (1180.5)
denovo109 B9_AF499786 316 (1189.5)
denovo109 B19a_JN558055 320 (1074.5)
denovo109 B119_EU099825 325 (1124.5)
denovo109 B21_DQ865213 316 (1167.0)
denovo109 B38_GU907651 316 (1167.0)
denovo109 B18_AY258471 316 (1207.5)
denovo109 B18a_AY258472 316 (1198.5)
denovo109 B33_GU907648 316 (1198.5)
denovo109 B6_AF499783 321 (1213.5)
denovo109 B19_DQ865212 316 (1216.5)
denovo109 B19_GU907641 316 (1216.5)
denovo109 B2_AF333512 316 (1207.5)
denovo109 B2_JN558060 316 (1207.5)
denovo109 C33.1_AY258498 342 (595.5)
denovo109 C33.2_AY765400 342 (595.5)
denovo109 C33a_EF541147 342 (595.5)
denovo109 C34_AY258499 335 (593.5)
denovo109 C78_AY765413 327 (579.0)
denovo109 C15.29_KC597690 338 (547.0)
denovo109 C1131_DQ182650 339 (541.0)
denovo109 C1135_DQ182646 332 (539.5)
denovo109 C1134_DQ182647 334 (527.0)
denovo109 C1142_DQ182635 334 (536.0)
denovo109 C1136_DQ182644 332 (518.5)
denovo109 C1111_DQ182645 332 (519.0)
denovo109 C1236_EF473656 332 (519.0)
denovo109 C1138_DQ182642 329 (528.5)
denovo109 C1137_DQ182643 322 (526.0)
denovo109 C1133_DQ182648 332 (519.0)
denovo109 C1132_DQ182649 336 (521.5)
denovo109 C1143_DQ182634 332 (528.0)
denovo109 C1139_DQ182639 334 (536.0)
denovo109 C15.28_KC597687 334 (600.0)
denovo109 C1141_DQ182636 334 (545.0)
denovo109 C1144_DQ182637 334 (554.0)
denovo109 C1122_DQ182654 334 (563.0)
denovo109 C1127_DQ182652 334 (563.0)
denovo109 C15.30_JX394114 339 (586.5)
denovo109 C15.26_KC597686 335 (584.0)
denovo109 C1086_DQ182656 336 (587.0)
denovo109 C15.25_KC597685 336 (596.0)
denovo109 C1118_AF180127 340 (542.0)
denovo109 C1129_DQ182651 336 (532.0)
denovo109 C15.21_KC597683 334 (563.5)
denovo109 C56_AY589760 333 (578.0)
denovo109 C1140_DQ182638 336 (550.0)
denovo109 C1126_DQ182653 336 (541.0)
denovo109 C15c_AY258492 333 (596.5)
denovo109 C15d_AY258493 332 (603.0)
denovo109 C1098_DQ182641 334 (597.0)
denovo109 C15.27_KC597689 336 (587.0)
denovo109 C15.18_HE579024 335 (584.0)
denovo109 C15.16_HE579022 341 (610.5)
denovo109 C1101_AB253787 335 (584.0)
denovo109 C1083_AY237300 336 (587.0)
denovo109 C1088_DQ182640 339 (585.0)
denovo109 C15.6_FN563472 336 (587.0)
denovo109 C15.5_FJ461512 338 (583.5)
denovo109 C15.4_FJ461511 338 (592.5)
denovo109 C15.13_HE579019 336 (578.0)
denovo109 C15.12_HE579018 336 (587.0)
denovo109 C93a_AM748563 334 (608.5)
denovo109 C1094_AJ291514 334 (590.5)
denovo109 C93_AM748562 334 (599.5)
denovo109 C15.17_HE579023 335 (578.0)
denovo109 C15e_AY589742 338 (595.5)
denovo109 C15.22_KC597695 336 (587.0)
denovo109 C60_AY589764 336 (587.0)
denovo109 C15.1_FJ461508 336 (587.0)
denovo109 C15.2_FJ461509 336 (587.0)
denovo109 C15.9_FN563475 336 (604.5)
denovo109 C15.7_HE579015 335 (601.5)
denovo109 C15.8_HE579016 336 (587.0)
denovo109 C15.15_HE579021 336 (587.0)
denovo109 C15.19_HE579025 336 (596.0)
denovo109 C15.24_KC597696 336 (578.0)
denovo109 C15.3_FJ461510 338 (592.5)
denovo109 C1087_DQ182655 336 (596.0)
denovo109 C15.14_HE579020 337 (586.5)
denovo109 C15.23_KC597697 337 (586.5)
denovo109 C19_AY258479 335 (605.5)
denovo109 C1233_EU118166 336 (587.0)
denovo109 C15b_AY258491 336 (587.0)
denovo109 C15a_AY258476 338 (601.5)
denovo109 C1051_AF195153 336 (605.0)
denovo109 C2_AF333518 337 (604.0)
denovo109 C15.20_HE579026 337 (595.5)
denovo109 C15f_AY589743 338 (589.0)
denovo109 C55_AY589759 341 (596.0)
denovo109 C15_AY239369 336 (596.0)
denovo109 C32.1_JF683335 337 (559.5)
denovo109 C32.2_JF683336 334 (551.0)
denovo109 C21.23_KC597693 334 (551.0)
denovo109 C1193_EU099827 347 (578.5)
denovo109 C1195_EU099821 335 (574.5)
denovo109 C3q_GU907655 346 (563.5)
denovo109 C53_AY589758 345 (567.5)
denovo109 C73_AY765408 345 (575.0)
denovo109 C17.2.1_KC597684 339 (545.5)
denovo109 C32_AY258497 338 (561.5)
denovo109 C1189_EU099831 338 (562.5)
denovo109 C1191_EU099833 337 (569.0)
denovo109 C1196_EU099819 338 (544.5)
denovo109 C1192_EU099820 338 (544.5)
denovo109 C17.1_JF683322 338 (562.5)
denovo109 C26_b2_FN827164 343 (564.5)
denovo109 C26_b3_FN827165 339 (544.0)
denovo109 C31.9_HQ630879 340 (549.0)
denovo109 C31a_AY589746 340 (545.5)
denovo109 C30_AY589745 340 (545.5)
denovo109 C31.1_HQ630876 344 (547.0)
denovo109 C31.5_HQ630877 338 (557.5)
denovo109 C31.6_HQ630878 340 (563.5)
denovo109 C31.2_JF683332 340 (554.5)
denovo109 C31.3_JF683333 340 (545.5)
denovo109 C26/C35a_AY239378 339 (553.0)
denovo109 C35a_AY258501 339 (553.0)
denovo109 C35.2_AY258500 339 (562.0)
denovo109 C26_b1_FN827163 339 (562.0)
denovo109 C17_AY239370 338 (562.5)
denovo109 C17.2_FJ461513 340 (561.5)
denovo109 C31.10_HQ630880 340 (558.0)
denovo109 C31.4_JF683334 344 (543.0)
denovo109 C31_AY258496 340 (554.5)
denovo109 C25_AY239377 336 (589.5)
denovo109 C61_AY589765 338 (550.0)
denovo109 C1043_DQ072721 334 (576.0)
denovo109 C79_AY765414 341 (573.5)
denovo109 C69_AY589773 328 (571.5)
denovo109 C69a_AY686648 328 (562.5)
denovo109 C21.22_KC597692 341 (561.0)
denovo109 C51_AY589756 337 (572.0)
denovo109 C1aa_HM185739 338 (584.0)
denovo109 C1096_DQ068023 334 (587.5)
denovo109 C74_AY765409 344 (605.5)
denovo109 C1185_AB294629 346 (602.0)
denovo109 C1184_AB294630 346 (602.0)
denovo109 C1153_AB294625 346 (602.0)
denovo109 C1154_AB294626 345 (617.5)
denovo109 C1187_AB294627 346 (602.0)
denovo109 C1186_AB294628 346 (611.0)
denovo109 C57_AY589761 346 (611.0)
denovo109 C66_AY589771 346 (611.0)
denovo109 C5_AF499795 336 (587.0)
denovo109 C1167_AB294586 336 (587.0)
denovo109 C1164_AB294593 336 (596.0)
denovo109 C1183_AB294631 336 (605.0)
denovo109 C1067_DQ335381 338 (583.5)
denovo109 C1159_AB294613 335 (598.5)
denovo109 C1150_AB294622 335 (598.5)
denovo109 C90_AM748554 337 (610.0)
denovo109 C1168_AB294583 336 (596.0)
denovo109 C1156_AB294616 336 (605.0)
denovo109 C1151_AB294621 336 (614.0)
denovo109 C92a_AM748561 336 (614.0)
denovo109 C92_AM748560 336 (605.0)
denovo109 C1165_AB294581 336 (596.0)
denovo109 C1166_AB294584 336 (614.0)
denovo109 C1162_AB294594 336 (596.0)
denovo109 C1163_AB294596 336 (605.5)
denovo109 C1161_AB294606 336 (605.0)
denovo109 C1160_AB294608 340 (597.5)
denovo109 C1158_AB294614 336 (614.0)
denovo109 C1155_AB294617 336 (596.0)
denovo109 C1149_AB294620 336 (605.0)
denovo109 C1173_AB294662 336 (614.0)
denovo109 C1171_AB294663 336 (596.0)
denovo109 C1172_AB294665 336 (596.0)
denovo109 C91a_AM748556 336 (614.0)
denovo109 C91b_AM748557 336 (605.0)
denovo109 C91d_AM748559 335 (602.5)
denovo109 C91c_AM748558 335 (602.5)
denovo109 C91_AJ621543 336 (605.0)
denovo109 C91_AM748555 336 (605.0)
denovo109 C1023_DQ335330 327 (556.5)
denovo109 C1020_DQ335392 342 (586.0)
denovo109 C1018_DQ335408 338 (592.5)
denovo109 C1074_DQ335329 338 (583.5)
denovo109 C1030_DQ335353 338 (583.5)
denovo109 C1022_DQ335331 338 (583.5)
denovo109 C1027_DQ335360 338 (601.5)
denovo109 C1072_DQ335344 338 (583.5)
denovo109 C1039_AB190274 338 (592.5)
denovo109 C1033_DQ335350 343 (590.0)
denovo109 C1019_DQ335407 338 (592.5)
denovo109 C1194_EU099826 338 (577.5)
denovo109 C8b_AY258475 338 (576.5)
denovo109 C8_AY239367 341 (591.5)
denovo109 C8a_AY239368 343 (587.5)
denovo109 C54a_AY765406 338 (592.5)
denovo109 C3ff_HM185740 338 (601.5)
denovo109 C59_AY589763 342 (578.0)
denovo109 C3k_AY589737 335 (593.5)
denovo109 C3.24_HE579012 334 (600.0)
denovo109 C3.23_HE579011 335 (593.5)
denovo109 C35.1_AY765401 346 (597.0)
denovo109 C35.3_EF541145 339 (595.0)
denovo109 C76_AY765411 338 (580.5)
denovo109 C1107_DQ335359 337 (567.0)
denovo109 C3.22_HE579010 341 (584.5)
denovo109 C77_AY765412 338 (580.0)
denovo109 C20_AY239371 341 (591.5)
denovo109 C1055_DQ480640 336 (592.5)
denovo109 C27/C30_AY239379 339 (553.0)
denovo109 C27.1_FJ461517 339 (544.0)
denovo109 C40a_AY589747 343 (596.0)
denovo109 C40_AY258485 343 (596.0)
denovo109 C40b_AY589748 344 (587.0)
denovo109 C16_AY258477 341 (592.0)
denovo109 C16a_AY765399 341 (592.0)
denovo109 C1091_AB207186 338 (593.0)
denovo109 C1102_DQ335400 338 (584.0)
denovo109 C1069_DQ335375 338 (593.0)
denovo109 C1073_DQ335332 339 (587.0)
denovo109 C1066_DQ335382 336 (578.5)
denovo109 C1031_DQ335352 343 (598.5)
denovo109 C1026_DQ335366 343 (598.0)
denovo109 C70_AY589774 338 (602.0)
denovo109 C1082_AB190267 338 (584.0)
denovo109 C1078_AB190271 336 (595.5)
denovo109 C1090_AB207191 338 (593.0)
denovo109 C1071_DQ335302 338 (593.0)
denovo109 C1075_DQ335328 338 (593.0)
denovo109 C1068_DQ335379 338 (584.0)
denovo109 C1064_DQ335395 338 (584.0)
denovo109 C1063_DQ335403 335 (593.5)
denovo109 C62_AY589766 338 (593.0)
denovo109 C1077_DQ335316 335 (598.5)
denovo109 C1109_DQ335338 338 (584.0)
denovo109 C1110_DQ335340 338 (575.0)
denovo109 C1106_DQ335339 338 (575.0)
denovo109 C1112_DQ335319 338 (584.0)
denovo109 C1108_DQ335351 338 (575.0)
denovo109 C1105_DQ335394 338 (584.0)
denovo109 C1121_DQ335378 345 (577.0)
denovo109 C1116_AB190268 345 (586.0)
denovo109 C1115_AB190273 345 (586.0)
denovo109 C1124_DQ335323 338 (566.0)
denovo109 C1120_DQ335398 338 (566.0)
denovo109 C1119_DQ335404 338 (575.0)
denovo109 C1123_DQ335363 338 (575.0)
denovo109 C1004_DQ480635 338 (601.0)
denovo109 C1061_AY186568 338 (592.0)
denovo109 C1053_AY186569 338 (601.0)
denovo109 C1003_DQ480639 338 (601.0)
denovo109 C81_GU907657 329 (573.0)
denovo109 C22_AY239373 333 (594.5)
denovo109 C22a_AY239374 336 (586.0)
denovo109 C1232_EU118163 340 (589.0)
denovo109 C21.13_FJ461515 337 (551.0)
denovo109 C21.1_JF683323 336 (557.0)
denovo109 C21.3_JF683325 338 (571.5)
denovo109 C1.20_HE578993 338 (583.5)
denovo109 C1.22_HE578995 338 (574.5)
denovo109 C52_AY589757 337 (584.5)
denovo109 C1201_EU099793 337 (586.5)
denovo109 C14_AY589741 341 (586.0)
denovo109 C43_AY589749 341 (592.0)
denovo109 C50_AY589755 338 (592.5)
denovo109 C3.14_HQ630872 337 (598.0)
denovo109 C1m_AY765398 338 (593.0)
denovo109 C82_GU907658 346 (589.0)
denovo109 C82b_GU907660 346 (589.0)
denovo109 C64_AY589768 335 (601.0)
denovo109 C45a_AY765404 341 (600.5)
denovo109 C48_AY589753 338 (613.0)
denovo109 C1_v1b_FJ919244 338 (583.5)
denovo109 C1_v1a_FJ919243 338 (592.5)
denovo109 C3j_AY239366 338 (583.5)
denovo109 C3t_EF541149 341 (601.0)
denovo109 C9_AF499798 340 (598.5)
denovo109 C23_AY239375 339 (614.0)
denovo109 C37_AY258481 343 (589.0)
denovo109 C1048_DQ068026 341 (609.5)
denovo109 C21.4_JF683326 338 (562.5)
denovo109 C21.5_JF683327 338 (562.5)
denovo109 C1070_DQ335349 338 (601.5)
denovo109 C21.6_HQ630873 338 (580.5)
denovo109 C1224_EU074890 338 (619.5)
denovo109 C1.17_HE578990 338 (610.5)
denovo109 C21_b1_FN827162 340 (559.0)
denovo109 C21.9_JF683330 340 (568.0)
denovo109 C1085_AY624605 335 (584.5)
denovo109 C3p_GU907654 338 (577.5)
denovo109 C3f_AY589734 338 (601.5)
denovo109 C65a_AY589770 336 (595.5)
denovo109 C65_AY589769 336 (604.5)
denovo109 C71_AY589775 336 (595.5)
denovo109 C71a_AY589776 336 (586.5)
denovo109 C1178_AB294647 337 (584.0)
denovo109 C1225_EU074893 335 (611.0)
denovo109 C75_AY765410 337 (599.0)
denovo109 C21.10_JF683331 337 (568.5)
denovo109 C21.11_HQ630874 337 (568.5)
denovo109 C1065_DQ335388 338 (592.5)
denovo109 C1045_DQ068036 338 (601.5)
denovo109 C1h_AY258473 337 (598.0)
denovo109 C38_AY258482 337 (589.0)
denovo109 C1202_EU099799 337 (589.0)
denovo109 C7_AF499797 337 (598.0)
denovo109 C12_AF499801 339 (587.5)
denovo109 C38a_AY258483 336 (600.5)
denovo109 C1200_EU099800 325 (597.5)
denovo109 C44a_AY589751 338 (601.0)
denovo109 C47_AY589752 341 (609.5)
denovo109 C44_AY589750 341 (600.5)
denovo109 C1.15_HE578988 338 (592.5)
denovo109 C45.3_FJ461522 341 (591.5)
denovo109 C46a_AY765405 341 (591.5)
denovo109 C46_EU449108 341 (600.5)
denovo109 C3.12_FJ461507 341 (600.5)
denovo109 C1k_AY589733 341 (591.5)
denovo109 C67_AY686647 341 (600.5)
denovo109 C82a_GU907659 338 (592.5)
denovo109 C10a_AY589739 341 (600.5)
denovo109 C10_AF499799 341 (591.5)
denovo109 C13_AY589740 343 (594.5)
denovo109 C4_AF499794 341 (591.5)
denovo109 C1147_EF656433 341 (591.5)
denovo109 C1c/C45_AY239364 341 (600.5)
denovo109 C1c/C45_EU449103 341 (600.5)
denovo109 C21.19_HE579031 338 (571.5)
denovo109 C21.21_HE579033 338 (562.5)
denovo109 C21.20_HE579032 338 (571.5)
denovo109 C42b_AY765403 342 (586.0)
denovo109 C42_AY258487 342 (595.0)
denovo109 C1p_GU907652 338 (592.5)
denovo109 C1d_AY258488 341 (582.5)
denovo109 C42_AY765402 341 (591.5)
denovo109 C3ha_AY589736 338 (562.5)
denovo109 C63a_AY589767 340 (579.5)
denovo109 C21a_AY589744 338 (571.5)
denovo109 C3o_GU907653 337 (569.0)
denovo109 C21.16_HQ630875 338 (562.5)
denovo109 C21.2_JF683324 338 (562.5)
denovo109 C21.7_JF683328 337 (569.0)
denovo109 C21.8_JF683329 338 (571.5)
denovo109 C3h_AY239365 338 (562.5)
denovo109 C1203_EU099798 338 (562.5)
denovo109 C3.10_FJ461505 338 (610.5)
denovo109 C21.14_FJ461516 338 (580.5)
denovo109 C21.18_HE579030 344 (559.5)
denovo109 C3.17_HE579005 338 (592.5)
denovo109 C3.9_FJ461504 332 (599.0)
denovo109 C3.8_FJ461503 338 (601.5)
denovo109 C3.7_FJ461502 338 (592.5)
denovo109 C3.11_FJ461506 345 (604.0)
denovo109 C3.18_HE579006 338 (592.5)
denovo109 C3.19_HE579007 338 (601.5)
denovo109 C3.20_HE579008 338 (592.5)
denovo109 C3g_AY589735 340 (591.5)
denovo109 C3a_AF499790 336 (605.0)
denovo109 C3e_AF499793 338 (592.5)
denovo109 C6_AF499796 345 (612.5)
denovo109 C11_AF499800 338 (592.5)
denovo109 C36_AY258480 338 (601.5)
denovo109 C29_AY258494 338 (610.5)
denovo109 C1146_EF656434 339 (596.0)
denovo109 C1190_EU099841 338 (610.5)
denovo109 C131_JF320826 338 (592.5)
denovo109 C28_AY239380 346 (600.0)
denovo109 C1012_DQ480604 338 (592.5)
denovo109 C1181_AB294640 338 (577.5)
denovo109 C1180_AB294641 338 (595.5)
denovo109 C1179_AB294645 336 (581.0)
denovo109 C1176_AB294651 336 (590.0)
denovo109 C1175_AB294653 338 (577.5)
denovo109 C1174_AB294655 340 (583.0)
denovo109 C1177_AB294659 338 (586.5)
denovo109 C1040_AB190269 340 (598.0)
denovo109 C1182_AB294649 338 (592.5)
denovo109 C1089_AJ278598 338 (592.5)
denovo109 C1028_DQ335357 345 (603.5)
denovo109 C3.16_EU786015 338 (610.5)
denovo109 C1097_AJ311943 337 (586.0)
denovo109 C1170_AB294661 338 (586.5)
denovo109 C21.17_HE579029 338 (582.5)
denovo109 C21/3d/C3k_AY239372 338 (571.5)
denovo109 C58_AY589762 339 (571.0)
denovo109 C3L_AY589738 341 (597.0)
denovo109 C1169_AB294660 338 (586.5)
denovo109 C3.2_FJ461497 338 (595.5)
denovo109 C3.1_JF683321 335 (596.5)
denovo109 C1104_AF427469 339 (591.5)
denovo109 C3b_AF499791 338 (604.5)
denovo109 C83_GU907661 338 (604.0)
denovo109 C49_AY589754 364 (616.0)
denovo109 C3_AB778606 338 (601.5)
denovo109 C3_AF499789 338 (601.5)
denovo109 C3_HE579001 338 (601.5)
denovo109 C21.12_FJ461514 338 (553.5)
denovo109 C1229_EU074888 335 (588.0)
denovo109 C1230_EU074889 335 (597.0)
denovo109 C1114_AB207196 338 (583.5)
denovo109 C3.21_HE579009 338 (523.5)
denovo109 C1057_DQ480619 338 (592.5)
denovo109 C72_AY765407 335 (592.0)
denovo109 C1b.3_HE578999 338 (586.5)
denovo109 C93_AJ621536 338 (592.5)
denovo109 C94_AJ621539 338 (592.5)
denovo109 C1g_AY589730 338 (610.5)
denovo109 C1i_AY589731 332 (585.0)
denovo109 C1j_AY589732 345 (603.5)
denovo109 C1005_DQ480633 338 (592.5)
denovo109 C1.7_FJ461494 338 (592.5)
denovo109 C1.11_HE578984 338 (593.0)
denovo109 C1.12_HE578985 338 (592.5)
denovo109 C1.13_HE578986 338 (601.5)
denovo109 C1.14_HE578987 338 (601.5)
denovo109 C1.18_HE578991 338 (592.5)
denovo109 C1.19_HE578992 338 (592.5)
denovo109 C1199_EU099802 335 (578.0)
denovo109 C1188_EU099838 335 (593.0)
denovo109 C1002_DQ838544 338 (601.5)
denovo109 C1198_EU099810 338 (592.5)
denovo109 C24_AY239376 338 (592.5)
denovo109 C1f_AY258490 338 (601.5)
denovo109 C1006_DQ480629 338 (610.5)
denovo109 C1010_DQ480607 338 (592.5)
denovo109 C1007_DQ480624 338 (592.5)
denovo109 C1011_DQ480605 338 (592.5)
denovo109 C1009_DQ480608 342 (594.5)
denovo109 C1041_AY186548 328 (608.5)
denovo109 C1052_AY186570 338 (592.5)
denovo109 C1148_EU040178 338 (601.5)
denovo109 C1234_EU118165 339 (591.5)
denovo109 C1.5_EF634157 338 (601.5)
denovo109 C1059_DQ480609 338 (592.5)
denovo109 C1228_EU074883 338 (592.5)
denovo109 C1208_EU074963 338 (592.5)
denovo109 C1207_EU074964 338 (601.5)
denovo109 C1206_EU074965 338 (592.5)
denovo109 C1013_DQ480642 338 (592.5)
denovo109 C80_GU907656 346 (589.5)
denovo109 C1a_AF499788 335 (593.0)
denovo109 C41_AY258486 338 (601.5)
denovo109 C39_AY258484 323 (597.0)
denovo109 C1231_EU074878 338 (592.5)
denovo109 C1b.1_HE578997 338 (586.5)
denovo109 C18_AY258478 338 (601.5)
denovo109 C1.10_HE578983 337 (596.0)
denovo109 C1_JN558041 338 (601.5)
denovo109 C1_HE578979 338 (601.5)
denovo109 C1_AM748551 338 (601.5)
denovo109 C1_AF333515 338 (601.5)
denovo109 C1054_AY186565 337 (605.0)
denovo109 C1008_DQ480613 338 (592.5)
denovo109 C1103_AF427470 339 (591.5)
denovo109 C1226_EU074881 339 (591.5)
denovo109 C1b/C1e_AY239363 338 (595.5)
denovo109 C1044_DQ068038 337 (593.0)
denovo109 C1017_DQ174729 339 (585.5)
denovo109 C1.6_FJ461493 338 (610.5)
denovo109 C1b.2_HE578998 338 (586.5)
denovo109 C1060_DQ480600 338 (592.5)
denovo109 C1227_EU074882 338 (592.5)
denovo109 C1197_EU099814 338 (592.5)
denovo109 C1130_DQ480643 338 (487.0)
denovo109 D109_AB097465 365 (446.5)
denovo109 D1.11_HE579040 366 (459.0)
denovo109 D105_AF174570 365 (461.5)
denovo109 D104_AF174572 373 (450.5)
denovo109 D1.3_JF683337 366 (450.0)
denovo109 D1.10_HE579039 366 (450.0)
denovo109 D110_AF174561 366 (450.0)
denovo109 D117_AF174542 366 (450.0)
denovo109 D114_AF174549 366 (459.0)
denovo109 D113_AF174557 366 (450.0)
denovo109 D112_AF174558 368 (456.5)
denovo109 D106_AF174559 373 (461.5)
denovo109 D111_AF174560 366 (458.5)
denovo109 D115_AF174562 366 (450.0)
denovo109 D107_AF174568 366 (459.0)
denovo109 D116_AF174571 371 (446.5)
denovo109 D124_EU074897 363 (459.5)
denovo109 D1.8_HE579037 368 (456.5)
denovo109 D3_AY686650 366 (459.0)
denovo109 D1.6_HQ630881 366 (459.0)
denovo109 D120_EU074900 366 (450.0)
denovo109 D121_EU074904 371 (455.5)
denovo109 D122_EU074905 373 (450.5)
denovo109 D1a.2_JF683339 373 (454.5)
denovo109 D1a.1_JF683338 363 (459.5)
denovo109 D2_AY686649 599 (507.5)
denovo109 D4_DQ865214 369 (456.0)
denovo109 D1a_AF499802 366 (459.0)
denovo109 D1a_JN558078 366 (459.0)
denovo109 D123_EU074895 367 (461.5)
denovo109 D108_AF174567 362 (465.0)
denovo109 D103_AF174575 366 (459.0)
denovo109 D100_AF411415 366 (459.0)
denovo109 D118_EF656435 360 (468.0)
denovo109 D101_AF411416 366 (460.5)
denovo109 D119_EU099832 368 (449.5)
denovo109 D102_AF174573 366 (462.5)
denovo109 D1_AF334660 366 (459.0)
denovo109 D1_JN558076 366 (459.0)
denovo109 D1.12_HE579041 347 (457.0)
denovo109 D1.1_AM748564 410 (485.0)
denovo109 D1.2_AM748617 448 (481.0)
denovo109 E111_EU074915 370 (429.5)
denovo109 E110_EU074914 370 (438.5)
denovo109 E114_EU074909 370 (420.5)
denovo109 E1_AF334659 371 (428.5)
denovo109 E105_EU074921 370 (438.5)
denovo109 E112_EU074916 370 (420.5)
denovo109 E104_EU074922 370 (429.5)
denovo109 E102_EU074924 370 (420.5)
denovo109 E103_EU074923 370 (429.5)
denovo109 E101_AY160123 375 (404.5)
denovo109 E109_EU074913 369 (427.0)
denovo109 E100_DQ011618 385 (436.5)
denovo109 E108_EU074912 373 (436.0)
denovo109 E113_EU074908 369 (437.0)
denovo109 E107_EU074910 373 (427.0)
denovo109 F1_JN558066 341 (547.0)
denovo109 F5.2d_AJ291530 339 (578.0)
denovo109 F104_AJ291531 339 (578.0)
denovo109 F5.2c_AM748596 339 (569.5)
denovo109 F5.2_AM748594 339 (569.0)
denovo109 F5.2a_AM748614 339 (569.0)
denovo109 F5.2b_AM748595 339 (569.0)
denovo109 F5.2e_AJ291533 340 (554.5)
denovo109 F5.2g_JN558072 339 (577.5)
denovo109 F5.2f_AJ291512 339 (568.5)
denovo109 F102_AJ291534 339 (568.5)
denovo109 F5.1c_AM748593 341 (565.5)
denovo109 F5.1d_JN558069 344 (537.5)
denovo109 F5.1b_AJ291535 340 (563.0)
denovo109 F5.1_AM748592 342 (559.5)
denovo109 F5.1a_AM748591 340 (563.0)
denovo109 F110_AJ291526 342 (667.0)
denovo109 F4.7_AM748587 344 (649.5)
denovo109 F4.5_AM748585 333 (648.5)
denovo109 F4.4a_AM748583 329 (656.0)
denovo109 F4.4_AM748582 334 (658.5)
denovo109 F4.4b_AM748584 327 (675.0)
denovo109 F4.1a_AM748573 346 (622.5)
denovo109 F112_AJ291528 343 (616.5)
denovo109 F4.1_AM748572 343 (616.5)
denovo109 F4.8b_AM748590 335 (663.0)
denovo109 F4.8_AM748588 326 (663.5)
denovo109 F4.8a_AM748589 326 (663.5)
denovo109 F109_AJ291527 332 (668.0)
denovo109 F4.6_AM748586 343 (625.0)
denovo109 F111_AJ311949 326 (669.5)
denovo109 F4.3c_AM748581 327 (672.5)
denovo109 F4.3a_AM748579 326 (679.5)
denovo109 F4.3b_AM748580 327 (681.5)
denovo109 F4.3_AM748578 327 (672.5)
denovo109 F4.2_AM748574 333 (676.0)
denovo109 F4.2a_AM748575 333 (652.5)
denovo109 F4.2c_AM748577 333 (649.0)
denovo109 F4.2b_AM748576 333 (661.5)
denovo109 F2b_AJ291521 345 (592.0)
denovo109 F2_AJ830908 340 (605.5)
denovo109 F2a_AJ830911 340 (601.0)
denovo109 F3.1a_AM748566 351 (585.5)
denovo109 F114_AJ291525 359 (598.5)
denovo109 F3.1_AM748565 359 (598.5)
denovo109 F3.2_AM748567 364 (614.0)
denovo109 F3.2a_AM748568 356 (609.5)
denovo109 F3.3_AM748569 351 (608.5)
denovo109 F3.4a_AM748571 352 (546.0)
denovo109 F3.4_AM748570 370 (554.5)
denovo109 F3.4b_AM748616 370 (554.5)
denovo109 G101_AJ291539 376 (471.5)
denovo109 G1_AM748597 376 (471.5)
denovo109 G2b_JN558087 370 (475.5)
denovo109 G2_AM748598 387 (472.5)
denovo109 G2a_AM748599 384 (471.5)
denovo109 G4_AM748601 358 (511.5)
denovo109 G3.4_LK392378 349 (492.0)
denovo109 G3_AM748600 369 (476.0)
denovo109 G3.2_KC597694 355 (426.0)
denovo109 G3.1_KC597688 368 (488.5)
denovo109 G100_AB253788 358 (469.0)
denovo109 G3.3_LK392377 368 (479.0)
denovo109 H6_AJ291520 645 (323.0)
denovo109 H3_AM748606 338 (455.5)
denovo109 H2_AM748605 346 (478.0)
denovo109 H4_AM748607 341 (467.5)
denovo109 H4a_AM748608 351 (466.0)
denovo109 H5a_AM748611 352 (473.0)
denovo109 H5b_AM748610 355 (471.5)
denovo109 H5_AJ621129 352 (473.0)
denovo109 H5_AM748609 352 (473.0)
denovo109 H100_AJ291513 349 (448.5)
denovo109 H1b_AM748604 349 (439.5)
denovo109 H1a_AM748612 349 (448.5)
denovo109 H1_AJ621152 349 (448.5)
denovo109 H1_AM748602 349 (448.5)
denovo109 I3_FN561561 355 (652.5)
denovo109 I4_FN561562 355 (652.5)
denovo109 I1_FN561559 354 (649.0)
denovo109 I2_FN561560 357 (648.5)

#---------------------------------------
#---------------------------------------
