denovo106 A136_DQ865210 329 (431.5)
denovo106 A133_DQ174725 352 (379.5)
denovo106 A115_AF180123 343 (394.5)
denovo106 A117_AF201746 336 (408.0)
denovo106 A134_DQ174723 336 (408.0)
denovo106 A114_AF184941 336 (408.0)
denovo106 A135_DQ174727 334 (401.5)
denovo106 A2_AF333506 340 (398.0)
denovo106 A101_AF427468 335 (394.5)
denovo106 A2_1_JN558097 335 (394.5)
denovo106 A2_2_JN558100 335 (394.5)
denovo106 A113_AF184948 338 (414.0)
denovo106 A112_AF184949 335 (395.0)
denovo106 A123_EF378618 335 (289.0)
denovo106 A137_EF378621 322 (332.5)
denovo106 A11_EU449041 351 (409.5)
denovo106 A121_DQ174722 338 (402.5)
denovo106 A15b_EU792886 337 (364.5)
denovo106 A15a_EU792885 338 (379.0)
denovo106 A15c_EU792887 340 (373.5)
denovo106 A15_EU792884 337 (373.5)
denovo106 A147_EU074937 338 (415.0)
denovo106 A154_EU074860 338 (405.5)
denovo106 A146_EU074936 343 (392.5)
denovo106 A150_EU074928 343 (401.0)
denovo106 A116_AF183575 338 (394.5)
denovo106 A141_EU074931 343 (401.5)
denovo106 A5_AF333508 341 (401.5)
denovo106 A3b_EU449043 338 (397.0)
denovo106 A151_EU074925 347 (395.0)
denovo106 A152_EU074927 341 (396.5)
denovo106 A149_EU074929 345 (399.5)
denovo106 A140_EU074930 338 (397.0)
denovo106 A142_EU074932 338 (388.0)
denovo106 A143_EU074933 346 (402.5)
denovo106 A144_EU074934 338 (397.0)
denovo106 A145_EU074935 338 (396.5)
denovo106 A148_EU074938 334 (392.5)
denovo106 A155_EU074856 338 (388.0)
denovo106 A156_EU074859 338 (406.0)
denovo106 A139_EU074962 338 (397.0)
denovo106 A6_AF186058 338 (397.0)
denovo106 A3_AF333507 338 (397.0)
denovo106 A3_JN558091 338 (397.0)
denovo106 A8_AY258468 338 (379.0)
denovo106 A7_AY239360 332 (387.5)
denovo106 A16_EU792888 332 (388.5)
denovo106 A4.3_FN429763 341 (385.0)
denovo106 A120_AF180122 323 (383.0)
denovo106 A4.2_FN429761 334 (406.5)
denovo106 A4_AF333509 339 (404.0)
denovo106 A4.1_FN429760 337 (405.0)
denovo106 A4a_AF499778 339 (404.5)
denovo106 A4a.1_FN429762 339 (404.5)
denovo106 A138_EF378620 342 (385.5)
denovo106 A122_EF378619 341 (385.5)
denovo106 A126_EF378615 340 (386.5)
denovo106 A10_EU792882 340 (386.5)
denovo106 A9_EU449028 336 (403.0)
denovo106 A105_AB207202 342 (412.5)
denovo106 A119_AF180121 328 (395.0)
denovo106 A12_EU792883 336 (404.0)
denovo106 A104_AB207203 343 (397.0)
denovo106 A1a_EU449030 336 (412.0)
denovo106 A1.3_HE578976 335 (409.0)
denovo106 A1.4_HE578977 335 (409.0)
denovo106 A13_AF333504 335 (408.5)
denovo106 A13_JN558094 335 (408.5)
denovo106 A110_AB190282 335 (396.5)
denovo106 A103_AB207206 331 (406.5)
denovo106 A130_EF656428 336 (403.0)
denovo106 A127_EF656429 336 (412.0)
denovo106 A128_EF656430 336 (403.0)
denovo106 A129_EF656431 337 (405.5)
denovo106 A131_EF656432 335 (409.0)
denovo106 A118_AF180120 342 (405.0)
denovo106 A1_AF333505 336 (403.0)
denovo106 A107_AB207199 331 (415.0)
denovo106 A111_AB190280 331 (415.0)
denovo106 A108_AB207197 338 (385.0)
denovo106 A106_AB207200 331 (405.5)
denovo106 A102_AB207209 331 (406.0)
denovo106 A1.2_AB207210 331 (406.0)
denovo106 A109_AB190285 331 (405.5)
denovo106 B4_AF333510 317 (1029.5)
denovo106 B23_EU449079 303 (1211.0)
denovo106 B30_GU907644 303 (1193.0)
denovo106 B11_AY239361 308 (1191.0)
denovo106 B17_AY258470 306 (1183.0)
denovo106 B1k_GU907638 282 (696.5)
denovo106 B1.V_Green2014 313 (1150.0)
denovo106 B1b_AF499780 304 (1145.0)
denovo106 B16_AY258469 306 (1192.0)
denovo106 B31a_GU907646 306 (1201.0)
denovo106 B32_GU907647 306 (1201.0)
denovo106 B31_GU907645 306 (1210.0)
denovo106 B1j_GU907637 306 (1201.0)
denovo106 B37_GU907650 308 (1190.5)
denovo106 B5a_AF499782 306 (1210.0)
denovo106 B5_AF499781 306 (1219.0)
denovo106 B24_GU907643 284 (1182.5)
denovo106 B117_AF180124 305 (1108.0)
denovo106 B10_AF499787 306 (1192.0)
denovo106 B20_GU907642 308 (1175.5)
denovo106 B1m_GU907640 306 (1201.0)
denovo106 B34_GU907649 306 (1201.0)
denovo106 B1d_GU907633 306 (1201.0)
denovo106 B1e_GU907634 306 (1201.0)
denovo106 B1i_GU907636 306 (1201.0)
denovo106 B1g_GU907635 307 (1182.0)
denovo106 B123_EU074872 306 (1192.0)
denovo106 B8_AF499785 307 (1191.0)
denovo106 B1l_GU907639 306 (1201.0)
denovo106 B1a_AF499779 306 (1201.0)
denovo106 B14_AY239362 307 (1200.0)
denovo106 B125_EU074865 306 (1201.0)
denovo106 B122_EU074871 306 (1210.0)
denovo106 B124_EU074874 306 (1201.0)
denovo106 B1.VII_Green2014 296 (1182.0)
denovo106 B1.III_Green2014 306 (1129.0)
denovo106 B1.I_Green2014 306 (1210.0)
denovo106 B1.II_Green2014 306 (1210.0)
denovo106 B1_JN558057 306 (1210.0)
denovo106 B1_AF333511 306 (1210.0)
denovo106 B1.IV_Green2014 316 (1195.5)
denovo106 B121_EU074870 306 (1201.0)
denovo106 B7_AF499784 306 (1201.0)
denovo106 B1.VI_Green2014 307 (1141.0)
denovo106 B3_AF333514 302 (1239.5)
denovo106 B9_AF499786 302 (1266.5)
denovo106 B19a_JN558055 302 (1121.5)
denovo106 B119_EU099825 311 (1128.5)
denovo106 B21_DQ865213 302 (1226.0)
denovo106 B38_GU907651 302 (1226.0)
denovo106 B18_AY258471 302 (1257.5)
denovo106 B18a_AY258472 302 (1248.5)
denovo106 B33_GU907648 302 (1257.5)
denovo106 B6_AF499783 307 (1254.0)
denovo106 B19_DQ865212 302 (1275.5)
denovo106 B19_GU907641 302 (1275.5)
denovo106 B2_AF333512 302 (1266.5)
denovo106 B2_JN558060 302 (1266.5)
denovo106 C33.1_AY258498 326 (558.0)
denovo106 C33.2_AY765400 326 (558.0)
denovo106 C33a_EF541147 326 (558.0)
denovo106 C34_AY258499 319 (556.0)
denovo106 C78_AY765413 321 (542.0)
denovo106 C15.29_KC597690 324 (531.0)
denovo106 C1131_DQ182650 324 (541.5)
denovo106 C1135_DQ182646 314 (548.0)
denovo106 C1134_DQ182647 314 (539.0)
denovo106 C1142_DQ182635 314 (548.0)
denovo106 C1136_DQ182644 317 (519.5)
denovo106 C1111_DQ182645 317 (528.5)
denovo106 C1236_EF473656 317 (519.5)
denovo106 C1138_DQ182642 317 (537.5)
denovo106 C1137_DQ182643 317 (519.5)
denovo106 C1133_DQ182648 317 (519.5)
denovo106 C1132_DQ182649 321 (522.0)
denovo106 C1143_DQ182634 317 (528.5)
denovo106 C1139_DQ182639 319 (536.5)
denovo106 C15.28_KC597687 323 (576.0)
denovo106 C1141_DQ182636 323 (538.5)
denovo106 C1144_DQ182637 323 (539.0)
denovo106 C1122_DQ182654 319 (554.5)
denovo106 C1127_DQ182652 319 (554.5)
denovo106 C15.30_JX394114 322 (572.5)
denovo106 C15.26_KC597686 324 (569.5)
denovo106 C1086_DQ182656 321 (569.5)
denovo106 C15.25_KC597685 321 (578.5)
denovo106 C1118_AF180127 325 (533.0)
denovo106 C1129_DQ182651 321 (533.0)
denovo106 C15.21_KC597683 323 (557.5)
denovo106 C56_AY589760 318 (570.0)
denovo106 C1140_DQ182638 325 (535.5)
denovo106 C1126_DQ182653 325 (526.5)
denovo106 C15c_AY258492 320 (576.5)
denovo106 C15d_AY258493 319 (583.0)
denovo106 C1098_DQ182641 318 (558.5)
denovo106 C15.27_KC597689 321 (579.0)
denovo106 C15.18_HE579024 320 (567.0)
denovo106 C15.16_HE579022 326 (584.5)
denovo106 C1101_AB253787 321 (561.0)
denovo106 C1083_AY237300 321 (570.0)
denovo106 C1088_DQ182640 321 (570.0)
denovo106 C15.6_FN563472 321 (570.0)
denovo106 C15.5_FJ461512 321 (561.5)
denovo106 C15.4_FJ461511 321 (570.5)
denovo106 C15.13_HE579019 321 (561.0)
denovo106 C15.12_HE579018 321 (570.0)
denovo106 C93a_AM748563 320 (585.5)
denovo106 C1094_AJ291514 320 (576.5)
denovo106 C93_AM748562 320 (576.5)
denovo106 C15.17_HE579023 322 (567.0)
denovo106 C15e_AY589742 321 (573.0)
denovo106 C15.22_KC597695 321 (570.0)
denovo106 C60_AY589764 325 (572.0)
denovo106 C15.1_FJ461508 321 (579.0)
denovo106 C15.2_FJ461509 321 (570.0)
denovo106 C15.9_FN563475 321 (578.5)
denovo106 C15.7_HE579015 321 (570.0)
denovo106 C15.8_HE579016 321 (570.0)
denovo106 C15.15_HE579021 321 (588.0)
denovo106 C15.19_HE579025 321 (578.5)
denovo106 C15.24_KC597696 321 (561.0)
denovo106 C15.3_FJ461510 321 (570.5)
denovo106 C1087_DQ182655 321 (579.0)
denovo106 C15.14_HE579020 322 (569.0)
denovo106 C15.23_KC597697 322 (569.0)
denovo106 C19_AY258479 322 (585.0)
denovo106 C1233_EU118166 321 (570.0)
denovo106 C15b_AY258491 321 (570.0)
denovo106 C15a_AY258476 321 (579.5)
denovo106 C1051_AF195153 321 (579.0)
denovo106 C2_AF333518 322 (578.0)
denovo106 C15.20_HE579026 322 (578.0)
denovo106 C15f_AY589743 321 (575.5)
denovo106 C55_AY589759 325 (576.5)
denovo106 C15_AY239369 321 (579.0)
denovo106 C32.1_JF683335 323 (509.5)
denovo106 C32.2_JF683336 325 (514.5)
denovo106 C21.23_KC597693 325 (514.5)
denovo106 C1193_EU099827 334 (558.5)
denovo106 C1195_EU099821 334 (535.5)
denovo106 C3q_GU907655 330 (526.0)
denovo106 C53_AY589758 330 (551.0)
denovo106 C73_AY765408 330 (541.0)
denovo106 C17.2.1_KC597684 326 (526.0)
denovo106 C32_AY258497 324 (512.0)
denovo106 C1189_EU099831 323 (537.5)
denovo106 C1191_EU099833 322 (544.0)
denovo106 C1196_EU099819 323 (510.5)
denovo106 C1192_EU099820 323 (510.5)
denovo106 C17.1_JF683322 323 (528.5)
denovo106 C26_b2_FN827164 324 (537.5)
denovo106 C26_b3_FN827165 320 (517.0)
denovo106 C31.9_HQ630879 325 (533.0)
denovo106 C31a_AY589746 325 (529.5)
denovo106 C30_AY589745 325 (529.5)
denovo106 C31.1_HQ630876 329 (531.0)
denovo106 C31.5_HQ630877 324 (535.0)
denovo106 C31.6_HQ630878 325 (538.5)
denovo106 C31.2_JF683332 325 (538.5)
denovo106 C31.3_JF683333 325 (529.5)
denovo106 C26/C35a_AY239378 320 (526.0)
denovo106 C35a_AY258501 320 (526.0)
denovo106 C35.2_AY258500 320 (535.0)
denovo106 C26_b1_FN827163 320 (535.0)
denovo106 C17_AY239370 323 (528.5)
denovo106 C17.2_FJ461513 325 (527.5)
denovo106 C31.10_HQ630880 325 (533.0)
denovo106 C31.4_JF683334 329 (536.5)
denovo106 C31_AY258496 325 (538.5)
denovo106 C25_AY239377 322 (567.0)
denovo106 C61_AY589765 324 (499.5)
denovo106 C1043_DQ072721 323 (517.0)
denovo106 C79_AY765414 320 (550.0)
denovo106 C69_AY589773 313 (527.5)
denovo106 C69a_AY686648 313 (518.5)
denovo106 C21.22_KC597692 322 (507.0)
denovo106 C51_AY589756 322 (546.5)
denovo106 C1aa_HM185739 334 (544.0)
denovo106 C1096_DQ068023 323 (536.0)
denovo106 C74_AY765409 326 (561.5)
denovo106 C1185_AB294629 328 (558.5)
denovo106 C1184_AB294630 328 (558.5)
denovo106 C1153_AB294625 328 (567.5)
denovo106 C1154_AB294626 327 (574.0)
denovo106 C1187_AB294627 328 (558.5)
denovo106 C1186_AB294628 328 (558.5)
denovo106 C57_AY589761 328 (567.5)
denovo106 C66_AY589771 328 (567.5)
denovo106 C5_AF499795 323 (557.5)
denovo106 C1167_AB294586 323 (557.5)
denovo106 C1164_AB294593 323 (557.5)
denovo106 C1183_AB294631 323 (575.5)
denovo106 C1067_DQ335381 323 (549.0)
denovo106 C1159_AB294613 325 (550.5)
denovo106 C1150_AB294622 325 (559.5)
denovo106 C90_AM748554 325 (574.0)
denovo106 C1168_AB294583 323 (567.0)
denovo106 C1156_AB294616 321 (570.5)
denovo106 C1151_AB294621 323 (576.0)
denovo106 C92a_AM748561 323 (576.0)
denovo106 C92_AM748560 323 (567.0)
denovo106 C1165_AB294581 323 (566.5)
denovo106 C1166_AB294584 323 (584.5)
denovo106 C1162_AB294594 323 (566.5)
denovo106 C1163_AB294596 321 (579.0)
denovo106 C1161_AB294606 323 (575.5)
denovo106 C1160_AB294608 327 (568.0)
denovo106 C1158_AB294614 323 (584.0)
denovo106 C1155_AB294617 323 (566.5)
denovo106 C1149_AB294620 323 (575.5)
denovo106 C1173_AB294662 323 (584.5)
denovo106 C1171_AB294663 323 (566.5)
denovo106 C1172_AB294665 323 (575.5)
denovo106 C91a_AM748556 323 (575.5)
denovo106 C91b_AM748557 321 (578.0)
denovo106 C91d_AM748559 322 (572.5)
denovo106 C91c_AM748558 322 (572.5)
denovo106 C91_AJ621543 323 (575.5)
denovo106 C91_AM748555 323 (575.5)
denovo106 C1023_DQ335330 312 (513.0)
denovo106 C1020_DQ335392 327 (551.5)
denovo106 C1018_DQ335408 323 (558.0)
denovo106 C1074_DQ335329 323 (549.0)
denovo106 C1030_DQ335353 323 (558.0)
denovo106 C1022_DQ335331 323 (549.0)
denovo106 C1027_DQ335360 323 (567.0)
denovo106 C1072_DQ335344 323 (549.0)
denovo106 C1039_AB190274 323 (557.0)
denovo106 C1033_DQ335350 328 (546.0)
denovo106 C1019_DQ335407 323 (558.0)
denovo106 C1194_EU099826 324 (536.0)
denovo106 C8b_AY258475 324 (536.0)
denovo106 C8_AY239367 325 (544.5)
denovo106 C8a_AY239368 327 (540.5)
denovo106 C54a_AY765406 323 (567.0)
denovo106 C3ff_HM185740 323 (549.0)
denovo106 C59_AY589763 328 (537.0)
denovo106 C3k_AY589737 321 (569.5)
denovo106 C3.24_HE579012 320 (576.0)
denovo106 C3.23_HE579011 321 (569.5)
denovo106 C35.1_AY765401 325 (573.0)
denovo106 C35.3_EF541145 318 (571.0)
denovo106 C76_AY765411 321 (540.5)
denovo106 C1107_DQ335359 325 (531.5)
denovo106 C3.22_HE579010 326 (532.0)
denovo106 C77_AY765412 321 (549.0)
denovo106 C20_AY239371 323 (567.5)
denovo106 C1055_DQ480640 321 (548.5)
denovo106 C27/C30_AY239379 320 (525.5)
denovo106 C27.1_FJ461517 320 (516.5)
denovo106 C40a_AY589747 325 (553.5)
denovo106 C40_AY258485 325 (553.5)
denovo106 C40b_AY589748 329 (545.5)
denovo106 C16_AY258477 326 (557.5)
denovo106 C16a_AY765399 327 (559.5)
denovo106 C1091_AB207186 321 (560.5)
denovo106 C1102_DQ335400 321 (552.5)
denovo106 C1069_DQ335375 323 (558.5)
denovo106 C1073_DQ335332 321 (552.5)
denovo106 C1066_DQ335382 320 (549.0)
denovo106 C1031_DQ335352 326 (567.0)
denovo106 C1026_DQ335366 328 (563.5)
denovo106 C70_AY589774 321 (570.5)
denovo106 C1082_AB190267 321 (552.5)
denovo106 C1078_AB190271 321 (570.5)
denovo106 C1090_AB207191 321 (561.5)
denovo106 C1071_DQ335302 321 (561.5)
denovo106 C1075_DQ335328 321 (561.5)
denovo106 C1068_DQ335379 322 (554.5)
denovo106 C1064_DQ335395 321 (552.5)
denovo106 C1063_DQ335403 320 (568.5)
denovo106 C62_AY589766 321 (561.5)
denovo106 C1077_DQ335316 320 (564.5)
denovo106 C1109_DQ335338 321 (561.5)
denovo106 C1110_DQ335340 321 (552.5)
denovo106 C1106_DQ335339 321 (551.5)
denovo106 C1112_DQ335319 321 (560.5)
denovo106 C1108_DQ335351 321 (551.5)
denovo106 C1105_DQ335394 321 (560.5)
denovo106 C1121_DQ335378 328 (562.5)
denovo106 C1116_AB190268 328 (563.5)
denovo106 C1115_AB190273 328 (562.5)
denovo106 C1124_DQ335323 321 (551.5)
denovo106 C1120_DQ335398 321 (551.5)
denovo106 C1119_DQ335404 321 (560.5)
denovo106 C1123_DQ335363 321 (560.5)
denovo106 C1004_DQ480635 323 (557.5)
denovo106 C1061_AY186568 323 (557.5)
denovo106 C1053_AY186569 323 (557.5)
denovo106 C1003_DQ480639 323 (557.5)
denovo106 C81_GU907657 333 (543.0)
denovo106 C22_AY239373 318 (568.5)
denovo106 C22a_AY239374 320 (565.0)
denovo106 C1232_EU118163 326 (565.5)
denovo106 C21.13_FJ461515 323 (519.5)
denovo106 C21.1_JF683323 321 (531.5)
denovo106 C21.3_JF683325 323 (537.0)
denovo106 C1.20_HE578993 323 (540.0)
denovo106 C1.22_HE578995 323 (540.0)
denovo106 C52_AY589757 320 (561.0)
denovo106 C1201_EU099793 323 (518.0)
denovo106 C14_AY589741 325 (558.0)
denovo106 C43_AY589749 325 (563.5)
denovo106 C50_AY589755 323 (576.0)
denovo106 C3.14_HQ630872 323 (558.0)
denovo106 C1m_AY765398 320 (558.0)
denovo106 C82_GU907658 330 (560.5)
denovo106 C82b_GU907660 330 (560.5)
denovo106 C64_AY589768 340 (555.5)
denovo106 C45a_AY765404 325 (562.5)
denovo106 C48_AY589753 323 (577.5)
denovo106 C1_v1b_FJ919244 322 (554.5)
denovo106 C1_v1a_FJ919243 322 (554.5)
denovo106 C3j_AY239366 323 (549.0)
denovo106 C3t_EF541149 323 (558.0)
denovo106 C9_AF499798 323 (566.0)
denovo106 C23_AY239375 323 (557.5)
denovo106 C37_AY258481 327 (551.0)
denovo106 C1048_DQ068026 325 (553.5)
denovo106 C21.4_JF683326 323 (537.5)
denovo106 C21.5_JF683327 323 (537.5)
denovo106 C1070_DQ335349 323 (558.0)
denovo106 C21.6_HQ630873 323 (537.5)
denovo106 C1224_EU074890 322 (572.5)
denovo106 C1.17_HE578990 322 (572.5)
denovo106 C21_b1_FN827162 320 (529.5)
denovo106 C21.9_JF683330 320 (538.5)
denovo106 C1085_AY624605 320 (568.5)
denovo106 C3p_GU907654 322 (558.5)
denovo106 C3f_AY589734 323 (567.0)
denovo106 C65a_AY589770 322 (563.5)
denovo106 C65_AY589769 322 (572.5)
denovo106 C71_AY589775 322 (563.5)
denovo106 C71a_AY589776 322 (554.5)
denovo106 C1178_AB294647 322 (549.5)
denovo106 C1225_EU074893 320 (567.5)
denovo106 C75_AY765410 326 (557.5)
denovo106 C21.10_JF683331 324 (531.0)
denovo106 C21.11_HQ630874 324 (531.0)
denovo106 C1065_DQ335388 323 (567.0)
denovo106 C1045_DQ068036 323 (576.0)
denovo106 C1h_AY258473 340 (555.5)
denovo106 C38_AY258482 342 (552.0)
denovo106 C1202_EU099799 341 (550.0)
denovo106 C7_AF499797 341 (559.0)
denovo106 C12_AF499801 343 (548.5)
denovo106 C38a_AY258483 342 (557.5)
denovo106 C1200_EU099800 332 (557.0)
denovo106 C44a_AY589751 323 (566.5)
denovo106 C47_AY589752 325 (571.5)
denovo106 C44_AY589750 325 (562.5)
denovo106 C1.15_HE578988 322 (563.5)
denovo106 C45.3_FJ461522 325 (562.5)
denovo106 C46a_AY765405 325 (553.5)
denovo106 C46_EU449108 325 (562.5)
denovo106 C3.12_FJ461507 326 (566.0)
denovo106 C1k_AY589733 325 (553.5)
denovo106 C67_AY686647 325 (562.5)
denovo106 C82a_GU907659 322 (564.0)
denovo106 C10a_AY589739 325 (562.5)
denovo106 C10_AF499799 325 (553.5)
denovo106 C13_AY589740 327 (556.5)
denovo106 C4_AF499794 325 (553.5)
denovo106 C1147_EF656433 325 (553.5)
denovo106 C1c/C45_AY239364 325 (562.5)
denovo106 C1c/C45_EU449103 325 (562.5)
denovo106 C21.19_HE579031 323 (537.5)
denovo106 C21.21_HE579033 323 (528.5)
denovo106 C21.20_HE579032 323 (537.5)
denovo106 C42b_AY765403 325 (554.0)
denovo106 C42_AY258487 325 (554.0)
denovo106 C1p_GU907652 322 (554.5)
denovo106 C1d_AY258488 325 (544.5)
denovo106 C42_AY765402 325 (553.5)
denovo106 C3ha_AY589736 323 (528.5)
denovo106 C63a_AY589767 325 (545.5)
denovo106 C21a_AY589744 323 (537.5)
denovo106 C3o_GU907653 323 (537.0)
denovo106 C21.16_HQ630875 323 (537.0)
denovo106 C21.2_JF683324 323 (528.5)
denovo106 C21.7_JF683328 322 (535.0)
denovo106 C21.8_JF683329 323 (537.5)
denovo106 C3h_AY239365 323 (537.5)
denovo106 C1203_EU099798 323 (528.5)
denovo106 C3.10_FJ461505 323 (576.0)
denovo106 C21.14_FJ461516 323 (546.5)
denovo106 C21.18_HE579030 327 (529.0)
denovo106 C3.17_HE579005 323 (558.0)
denovo106 C3.9_FJ461504 323 (555.0)
denovo106 C3.8_FJ461503 323 (567.0)
denovo106 C3.7_FJ461502 323 (567.0)
denovo106 C3.11_FJ461506 330 (569.5)
denovo106 C3.18_HE579006 323 (558.0)
denovo106 C3.19_HE579007 323 (558.0)
denovo106 C3.20_HE579008 323 (558.0)
denovo106 C3g_AY589735 326 (559.0)
denovo106 C3a_AF499790 321 (570.0)
denovo106 C3e_AF499793 323 (558.0)
denovo106 C6_AF499796 330 (560.0)
denovo106 C11_AF499800 323 (558.0)
denovo106 C36_AY258480 323 (558.0)
denovo106 C29_AY258494 323 (576.0)
denovo106 C1146_EF656434 323 (558.0)
denovo106 C1190_EU099841 323 (576.0)
denovo106 C131_JF320826 323 (567.0)
denovo106 C28_AY239380 328 (566.0)
denovo106 C1012_DQ480604 323 (558.0)
denovo106 C1181_AB294640 323 (561.0)
denovo106 C1180_AB294641 323 (552.0)
denovo106 C1179_AB294645 324 (545.0)
denovo106 C1176_AB294651 321 (555.0)
denovo106 C1175_AB294653 323 (543.0)
denovo106 C1174_AB294655 325 (548.5)
denovo106 C1177_AB294659 323 (551.5)
denovo106 C1040_AB190269 325 (563.5)
denovo106 C1182_AB294649 323 (558.0)
denovo106 C1089_AJ278598 323 (558.0)
denovo106 C1028_DQ335357 330 (569.0)
denovo106 C3.16_EU786015 323 (567.0)
denovo106 C1097_AJ311943 324 (556.5)
denovo106 C1170_AB294661 323 (552.0)
denovo106 C21.17_HE579029 323 (539.5)
denovo106 C21/3d/C3k_AY239372 323 (537.5)
denovo106 C58_AY589762 321 (537.5)
denovo106 C3L_AY589738 326 (562.5)
denovo106 C1169_AB294660 323 (552.0)
denovo106 C3.2_FJ461497 323 (561.0)
denovo106 C3.1_JF683321 322 (566.5)
denovo106 C1104_AF427469 324 (566.5)
denovo106 C3b_AF499791 323 (570.0)
denovo106 C83_GU907661 323 (569.5)
denovo106 C49_AY589754 356 (576.5)
denovo106 C3_AB778606 323 (567.0)
denovo106 C3_AF499789 323 (567.0)
denovo106 C3_HE579001 323 (567.0)
denovo106 C21.12_FJ461514 323 (519.5)
denovo106 C1229_EU074888 319 (568.0)
denovo106 C1230_EU074889 319 (568.0)
denovo106 C1114_AB207196 323 (549.0)
denovo106 C3.21_HE579009 312 (528.0)
denovo106 C1057_DQ480619 323 (558.0)
denovo106 C72_AY765407 319 (554.0)
denovo106 C1b.3_HE578999 322 (548.5)
denovo106 C93_AJ621536 323 (567.0)
denovo106 C94_AJ621539 322 (563.5)
denovo106 C1g_AY589730 322 (572.5)
denovo106 C1i_AY589731 319 (565.0)
denovo106 C1j_AY589732 329 (565.5)
denovo106 C1005_DQ480633 322 (554.5)
denovo106 C1.7_FJ461494 322 (554.5)
denovo106 C1.11_HE578984 326 (558.0)
denovo106 C1.12_HE578985 322 (554.5)
denovo106 C1.13_HE578986 323 (558.0)
denovo106 C1.14_HE578987 322 (563.5)
denovo106 C1.18_HE578991 322 (572.5)
denovo106 C1.19_HE578992 322 (563.0)
denovo106 C1199_EU099802 321 (564.0)
denovo106 C1188_EU099838 322 (563.5)
denovo106 C1002_DQ838544 323 (567.0)
denovo106 C1198_EU099810 322 (554.5)
denovo106 C24_AY239376 322 (554.5)
denovo106 C1f_AY258490 322 (563.5)
denovo106 C1006_DQ480629 322 (572.5)
denovo106 C1010_DQ480607 322 (554.5)
denovo106 C1007_DQ480624 322 (554.5)
denovo106 C1011_DQ480605 322 (554.5)
denovo106 C1009_DQ480608 326 (556.5)
denovo106 C1041_AY186548 322 (563.5)
denovo106 C1052_AY186570 322 (554.5)
denovo106 C1148_EU040178 322 (563.5)
denovo106 C1234_EU118165 323 (553.5)
denovo106 C1.5_EF634157 322 (563.5)
denovo106 C1059_DQ480609 322 (554.5)
denovo106 C1228_EU074883 322 (554.5)
denovo106 C1208_EU074963 322 (554.5)
denovo106 C1207_EU074964 322 (563.5)
denovo106 C1206_EU074965 322 (554.5)
denovo106 C1013_DQ480642 320 (567.5)
denovo106 C80_GU907656 336 (560.5)
denovo106 C1a_AF499788 322 (563.5)
denovo106 C41_AY258486 322 (563.5)
denovo106 C39_AY258484 311 (561.0)
denovo106 C1231_EU074878 322 (563.5)
denovo106 C1b.1_HE578997 322 (557.5)
denovo106 C18_AY258478 322 (563.5)
denovo106 C1.10_HE578983 321 (558.0)
denovo106 C1_JN558041 322 (563.5)
denovo106 C1_HE578979 322 (563.5)
denovo106 C1_AM748551 322 (563.5)
denovo106 C1_AF333515 322 (563.5)
denovo106 C1054_AY186565 321 (567.0)
denovo106 C1008_DQ480613 322 (554.5)
denovo106 C1103_AF427470 323 (563.0)
denovo106 C1226_EU074881 323 (553.5)
denovo106 C1b/C1e_AY239363 322 (557.5)
denovo106 C1044_DQ068038 322 (548.5)
denovo106 C1017_DQ174729 323 (547.5)
denovo106 C1.6_FJ461493 322 (563.5)
denovo106 C1b.2_HE578998 322 (557.5)
denovo106 C1060_DQ480600 322 (563.5)
denovo106 C1227_EU074882 322 (563.5)
denovo106 C1197_EU099814 322 (554.5)
denovo106 C1130_DQ480643 301 (512.0)
denovo106 D109_AB097465 350 (383.0)
denovo106 D1.11_HE579040 351 (378.5)
denovo106 D105_AF174570 351 (369.0)
denovo106 D104_AF174572 348 (371.0)
denovo106 D1.3_JF683337 351 (369.5)
denovo106 D1.10_HE579039 351 (378.5)
denovo106 D110_AF174561 351 (378.5)
denovo106 D117_AF174542 351 (369.5)
denovo106 D114_AF174549 351 (378.5)
denovo106 D113_AF174557 352 (364.5)
denovo106 D112_AF174558 352 (373.5)
denovo106 D106_AF174559 354 (379.5)
denovo106 D111_AF174560 351 (379.0)
denovo106 D115_AF174562 351 (378.5)
denovo106 D107_AF174568 351 (378.5)
denovo106 D116_AF174571 352 (364.5)
denovo106 D124_EU074897 352 (382.5)
denovo106 D1.8_HE579037 354 (378.5)
denovo106 D3_AY686650 351 (378.5)
denovo106 D1.6_HQ630881 351 (369.5)
denovo106 D120_EU074900 352 (364.5)
denovo106 D121_EU074904 352 (373.5)
denovo106 D122_EU074905 351 (369.5)
denovo106 D1a.2_JF683339 354 (381.5)
denovo106 D1a.1_JF683338 352 (382.5)
denovo106 D2_AY686649 585 (447.5)
denovo106 D4_DQ865214 350 (373.0)
denovo106 D1a_AF499802 352 (373.5)
denovo106 D1a_JN558078 352 (373.5)
denovo106 D123_EU074895 351 (378.5)
denovo106 D108_AF174567 351 (378.5)
denovo106 D103_AF174575 352 (373.5)
denovo106 D100_AF411415 363 (369.5)
denovo106 D118_EF656435 348 (388.0)
denovo106 D101_AF411416 363 (354.5)
denovo106 D119_EU099832 354 (361.0)
denovo106 D102_AF174573 350 (379.0)
denovo106 D1_AF334660 351 (378.5)
denovo106 D1_JN558076 351 (378.5)
denovo106 D1.12_HE579041 331 (375.0)
denovo106 D1.1_AM748564 431 (402.5)
denovo106 D1.2_AM748617 427 (390.0)
denovo106 E111_EU074915 342 (391.0)
denovo106 E110_EU074914 342 (382.0)
denovo106 E114_EU074909 345 (373.0)
denovo106 E1_AF334659 343 (372.0)
denovo106 E105_EU074921 342 (382.0)
denovo106 E112_EU074916 342 (373.0)
denovo106 E104_EU074922 340 (384.0)
denovo106 E102_EU074924 342 (382.0)
denovo106 E103_EU074923 342 (382.0)
denovo106 E101_AY160123 348 (359.5)
denovo106 E109_EU074913 349 (403.0)
denovo106 E100_DQ011618 354 (407.0)
denovo106 E108_EU074912 356 (403.5)
denovo106 E113_EU074908 352 (413.5)
denovo106 E107_EU074910 356 (403.5)
denovo106 F1_JN558066 344 (548.0)
denovo106 F5.2d_AJ291530 332 (564.5)
denovo106 F104_AJ291531 332 (564.5)
denovo106 F5.2c_AM748596 332 (556.0)
denovo106 F5.2_AM748594 336 (558.5)
denovo106 F5.2a_AM748614 336 (558.5)
denovo106 F5.2b_AM748595 332 (555.5)
denovo106 F5.2e_AJ291533 340 (558.5)
denovo106 F5.2g_JN558072 335 (556.5)
denovo106 F5.2f_AJ291512 343 (552.0)
denovo106 F102_AJ291534 350 (554.0)
denovo106 F5.1c_AM748593 342 (560.0)
denovo106 F5.1d_JN558069 342 (549.5)
denovo106 F5.1b_AJ291535 342 (585.5)
denovo106 F5.1_AM748592 342 (576.5)
denovo106 F5.1a_AM748591 342 (585.5)
denovo106 F110_AJ291526 322 (608.0)
denovo106 F4.7_AM748587 321 (599.5)
denovo106 F4.5_AM748585 322 (598.5)
denovo106 F4.4a_AM748583 319 (627.5)
denovo106 F4.4_AM748582 320 (619.0)
denovo106 F4.4b_AM748584 317 (637.0)
denovo106 F4.1a_AM748573 322 (572.0)
denovo106 F112_AJ291528 320 (567.5)
denovo106 F4.1_AM748572 320 (567.5)
denovo106 F4.8b_AM748590 325 (615.5)
denovo106 F4.8_AM748588 316 (616.5)
denovo106 F4.8a_AM748589 316 (616.0)
denovo106 F109_AJ291527 322 (612.0)
denovo106 F4.6_AM748586 320 (576.5)
denovo106 F111_AJ311949 315 (603.0)
denovo106 F4.3c_AM748581 316 (615.0)
denovo106 F4.3a_AM748579 316 (624.0)
denovo106 F4.3b_AM748580 316 (624.0)
denovo106 F4.3_AM748578 316 (615.0)
denovo106 F4.2_AM748574 323 (629.5)
denovo106 F4.2a_AM748575 321 (609.5)
denovo106 F4.2c_AM748577 321 (606.0)
denovo106 F4.2b_AM748576 321 (618.5)
denovo106 F2b_AJ291521 334 (594.5)
denovo106 F2_AJ830908 330 (593.0)
denovo106 F2a_AJ830911 330 (588.5)
denovo106 F3.1a_AM748566 342 (551.0)
denovo106 F114_AJ291525 340 (563.0)
denovo106 F3.1_AM748565 340 (563.0)
denovo106 F3.2_AM748567 344 (573.5)
denovo106 F3.2a_AM748568 337 (571.5)
denovo106 F3.3_AM748569 339 (592.0)
denovo106 F3.4a_AM748571 338 (527.0)
denovo106 F3.4_AM748570 334 (531.0)
denovo106 F3.4b_AM748616 334 (531.0)
denovo106 G101_AJ291539 364 (405.5)
denovo106 G1_AM748597 364 (405.5)
denovo106 G2b_JN558087 364 (399.0)
denovo106 G2_AM748598 365 (392.0)
denovo106 G2a_AM748599 368 (383.5)
denovo106 G4_AM748601 355 (459.5)
denovo106 G3.4_LK392378 349 (415.5)
denovo106 G3_AM748600 365 (409.0)
denovo106 G3.2_KC597694 338 (377.5)
denovo106 G3.1_KC597688 359 (426.0)
denovo106 G100_AB253788 347 (418.5)
denovo106 G3.3_LK392377 348 (420.5)
denovo106 H6_AJ291520 642 (295.5)
denovo106 H3_AM748606 300 (530.5)
denovo106 H2_AM748605 312 (547.0)
denovo106 H4_AM748607 310 (545.0)
denovo106 H4a_AM748608 318 (537.5)
denovo106 H5a_AM748611 311 (528.5)
denovo106 H5b_AM748610 313 (524.0)
denovo106 H5_AJ621129 316 (525.5)
denovo106 H5_AM748609 316 (525.5)
denovo106 H100_AJ291513 315 (530.0)
denovo106 H1b_AM748604 315 (534.0)
denovo106 H1a_AM748612 315 (543.0)
denovo106 H1_AJ621152 315 (543.0)
denovo106 H1_AM748602 315 (543.0)
denovo106 I3_FN561561 343 (616.5)
denovo106 I4_FN561562 343 (616.5)
denovo106 I1_FN561559 334 (609.0)
denovo106 I2_FN561560 351 (621.5)

#---------------------------------------
#---------------------------------------
