denovo172 A136_DQ865210 338 (466.0)
denovo172 A133_DQ174725 358 (434.0)
denovo172 A115_AF180123 341 (442.0)
denovo172 A117_AF201746 341 (449.0)
denovo172 A134_DQ174723 343 (454.5)
denovo172 A114_AF184941 343 (454.5)
denovo172 A135_DQ174727 351 (460.0)
denovo172 A2_AF333506 348 (456.5)
denovo172 A101_AF427468 348 (451.0)
denovo172 A2_1_JN558097 348 (451.0)
denovo172 A2_2_JN558100 348 (451.0)
denovo172 A113_AF184948 335 (461.5)
denovo172 A112_AF184949 335 (442.5)
denovo172 A123_EF378618 351 (319.0)
denovo172 A137_EF378621 345 (311.5)
denovo172 A11_EU449041 343 (467.0)
denovo172 A121_DQ174722 340 (453.0)
denovo172 A15b_EU792886 345 (435.0)
denovo172 A15a_EU792885 345 (434.5)
denovo172 A15c_EU792887 345 (425.5)
denovo172 A15_EU792884 345 (426.0)
denovo172 A147_EU074937 343 (447.5)
denovo172 A154_EU074860 343 (456.5)
denovo172 A146_EU074936 344 (440.5)
denovo172 A150_EU074928 344 (449.5)
denovo172 A116_AF183575 346 (446.0)
denovo172 A141_EU074931 344 (449.5)
denovo172 A5_AF333508 338 (464.5)
denovo172 A3b_EU449043 343 (456.5)
denovo172 A151_EU074925 343 (446.5)
denovo172 A152_EU074927 346 (438.5)
denovo172 A149_EU074929 343 (447.5)
denovo172 A140_EU074930 343 (438.5)
denovo172 A142_EU074932 343 (438.5)
denovo172 A143_EU074933 344 (450.5)
denovo172 A144_EU074934 345 (443.5)
denovo172 A145_EU074935 346 (446.5)
denovo172 A148_EU074938 343 (438.5)
denovo172 A155_EU074856 343 (438.5)
denovo172 A156_EU074859 343 (438.5)
denovo172 A139_EU074962 343 (438.5)
denovo172 A6_AF186058 343 (447.5)
denovo172 A3_AF333507 343 (447.5)
denovo172 A3_JN558091 343 (447.5)
denovo172 A8_AY258468 345 (425.0)
denovo172 A7_AY239360 345 (434.5)
denovo172 A16_EU792888 345 (443.5)
denovo172 A4.3_FN429763 350 (428.0)
denovo172 A120_AF180122 345 (423.5)
denovo172 A4.2_FN429761 350 (433.5)
denovo172 A4_AF333509 348 (447.0)
denovo172 A4.1_FN429760 347 (442.0)
denovo172 A4a_AF499778 349 (450.0)
denovo172 A4a.1_FN429762 349 (450.0)
denovo172 A138_EF378620 350 (417.5)
denovo172 A122_EF378619 346 (436.5)
denovo172 A126_EF378615 345 (437.5)
denovo172 A10_EU792882 345 (437.5)
denovo172 A9_EU449028 340 (452.5)
denovo172 A105_AB207202 346 (467.5)
denovo172 A119_AF180121 342 (430.0)
denovo172 A12_EU792883 345 (439.5)
denovo172 A104_AB207203 340 (451.5)
denovo172 A1a_EU449030 343 (451.5)
denovo172 A1.3_HE578976 354 (438.0)
denovo172 A1.4_HE578977 345 (447.0)
denovo172 A13_AF333504 348 (446.0)
denovo172 A13_JN558094 348 (446.0)
denovo172 A110_AB190282 355 (440.0)
denovo172 A103_AB207206 348 (447.0)
denovo172 A130_EF656428 347 (444.0)
denovo172 A127_EF656429 347 (452.5)
denovo172 A128_EF656430 347 (435.0)
denovo172 A129_EF656431 348 (446.5)
denovo172 A131_EF656432 349 (441.0)
denovo172 A118_AF180120 350 (436.0)
denovo172 A1_AF333505 347 (444.0)
denovo172 A107_AB207199 347 (453.0)
denovo172 A111_AB190280 347 (453.0)
denovo172 A108_AB207197 354 (431.5)
denovo172 A106_AB207200 347 (452.0)
denovo172 A102_AB207209 347 (452.5)
denovo172 A1.2_AB207210 347 (452.5)
denovo172 A109_AB190285 347 (452.0)
denovo172 B4_AF333510 321 (1076.5)
denovo172 B23_EU449079 307 (1204.5)
denovo172 B30_GU907644 307 (1186.5)
denovo172 B11_AY239361 308 (1298.5)
denovo172 B17_AY258470 306 (1318.0)
denovo172 B1k_GU907638 308 (687.5)
denovo172 B1.V_Green2014 313 (1275.5)
denovo172 B1b_AF499780 306 (1258.5)
denovo172 B16_AY258469 306 (1327.0)
denovo172 B31a_GU907646 306 (1327.0)
denovo172 B32_GU907647 306 (1327.0)
denovo172 B31_GU907645 306 (1336.0)
denovo172 B1j_GU907637 306 (1327.0)
denovo172 B37_GU907650 308 (1325.5)
denovo172 B5a_AF499782 306 (1327.0)
denovo172 B5_AF499781 306 (1336.0)
denovo172 B24_GU907643 306 (1212.0)
denovo172 B117_AF180124 306 (1218.5)
denovo172 B10_AF499787 306 (1336.0)
denovo172 B20_GU907642 308 (1310.5)
denovo172 B1m_GU907640 306 (1336.0)
denovo172 B34_GU907649 306 (1336.0)
denovo172 B1d_GU907633 306 (1336.0)
denovo172 B1e_GU907634 306 (1336.0)
denovo172 B1i_GU907636 306 (1336.0)
denovo172 B1g_GU907635 307 (1317.0)
denovo172 B123_EU074872 306 (1336.0)
denovo172 B8_AF499785 307 (1326.0)
denovo172 B1l_GU907639 306 (1336.0)
denovo172 B1a_AF499779 306 (1336.0)
denovo172 B14_AY239362 307 (1344.0)
denovo172 B125_EU074865 306 (1336.0)
denovo172 B122_EU074871 306 (1336.0)
denovo172 B124_EU074874 306 (1336.0)
denovo172 B1.VII_Green2014 306 (1266.0)
denovo172 B1.III_Green2014 306 (1273.0)
denovo172 B1.I_Green2014 306 (1345.0)
denovo172 B1.II_Green2014 306 (1345.0)
denovo172 B1_JN558057 306 (1345.0)
denovo172 B1_AF333511 306 (1345.0)
denovo172 B1.IV_Green2014 316 (1330.5)
denovo172 B121_EU074870 306 (1336.0)
denovo172 B7_AF499784 306 (1336.0)
denovo172 B1.VI_Green2014 307 (1276.0)
denovo172 B3_AF333514 306 (1223.5)
denovo172 B9_AF499786 306 (1232.5)
denovo172 B19a_JN558055 310 (1126.5)
denovo172 B119_EU099825 315 (1158.0)
denovo172 B21_DQ865213 306 (1210.0)
denovo172 B38_GU907651 306 (1210.0)
denovo172 B18_AY258471 306 (1250.5)
denovo172 B18a_AY258472 306 (1241.5)
denovo172 B33_GU907648 306 (1241.5)
denovo172 B6_AF499783 311 (1247.0)
denovo172 B19_DQ865212 306 (1259.5)
denovo172 B19_GU907641 306 (1259.5)
denovo172 B2_AF333512 306 (1250.5)
denovo172 B2_JN558060 306 (1250.5)
denovo172 C33.1_AY258498 329 (638.5)
denovo172 C33.2_AY765400 329 (638.5)
denovo172 C33a_EF541147 329 (638.5)
denovo172 C34_AY258499 322 (618.5)
denovo172 C78_AY765413 332 (610.0)
denovo172 C15.29_KC597690 331 (589.0)
denovo172 C1131_DQ182650 334 (588.5)
denovo172 C1135_DQ182646 327 (595.5)
denovo172 C1134_DQ182647 329 (583.0)
denovo172 C1142_DQ182635 329 (592.0)
denovo172 C1136_DQ182644 328 (559.5)
denovo172 C1111_DQ182645 327 (575.0)
denovo172 C1236_EF473656 333 (568.0)
denovo172 C1138_DQ182642 324 (575.5)
denovo172 C1137_DQ182643 327 (566.0)
denovo172 C1133_DQ182648 327 (566.0)
denovo172 C1132_DQ182649 331 (568.5)
denovo172 C1143_DQ182634 327 (575.0)
denovo172 C1139_DQ182639 329 (583.0)
denovo172 C15.28_KC597687 328 (635.5)
denovo172 C1141_DQ182636 329 (592.0)
denovo172 C1144_DQ182637 329 (601.0)
denovo172 C1122_DQ182654 329 (610.0)
denovo172 C1127_DQ182652 329 (610.0)
denovo172 C15.30_JX394114 332 (628.0)
denovo172 C15.26_KC597686 328 (626.0)
denovo172 C1086_DQ182656 329 (629.0)
denovo172 C15.25_KC597685 329 (638.0)
denovo172 C1118_AF180127 334 (586.0)
denovo172 C1129_DQ182651 330 (585.5)
denovo172 C15.21_KC597683 327 (614.5)
denovo172 C56_AY589760 328 (617.0)
denovo172 C1140_DQ182638 330 (603.5)
denovo172 C1126_DQ182653 330 (594.5)
denovo172 C15c_AY258492 327 (649.5)
denovo172 C15d_AY258493 326 (656.0)
denovo172 C1098_DQ182641 328 (642.0)
denovo172 C15.27_KC597689 329 (629.0)
denovo172 C15.18_HE579024 329 (620.0)
denovo172 C15.16_HE579022 334 (652.5)
denovo172 C1101_AB253787 329 (620.0)
denovo172 C1083_AY237300 329 (629.0)
denovo172 C1088_DQ182640 332 (627.0)
denovo172 C15.6_FN563472 329 (638.0)
denovo172 C15.5_FJ461512 329 (620.5)
denovo172 C15.4_FJ461511 329 (629.5)
denovo172 C15.13_HE579019 329 (620.0)
denovo172 C15.12_HE579018 329 (629.0)
denovo172 C93a_AM748563 327 (641.5)
denovo172 C1094_AJ291514 327 (632.5)
denovo172 C93_AM748562 327 (632.5)
denovo172 C15.17_HE579023 328 (620.0)
denovo172 C15e_AY589742 331 (637.5)
denovo172 C15.22_KC597695 329 (629.0)
denovo172 C60_AY589764 329 (629.0)
denovo172 C15.1_FJ461508 329 (629.0)
denovo172 C15.2_FJ461509 329 (629.0)
denovo172 C15.9_FN563475 330 (631.5)
denovo172 C15.7_HE579015 328 (643.5)
denovo172 C15.8_HE579016 329 (629.0)
denovo172 C15.15_HE579021 329 (629.0)
denovo172 C15.19_HE579025 329 (638.0)
denovo172 C15.24_KC597696 329 (638.0)
denovo172 C15.3_FJ461510 329 (620.5)
denovo172 C1087_DQ182655 329 (638.0)
denovo172 C15.14_HE579020 330 (628.5)
denovo172 C15.23_KC597697 330 (628.5)
denovo172 C19_AY258479 328 (647.5)
denovo172 C1233_EU118166 329 (647.0)
denovo172 C15b_AY258491 329 (629.0)
denovo172 C15a_AY258476 329 (629.5)
denovo172 C1051_AF195153 329 (638.0)
denovo172 C2_AF333518 330 (637.0)
denovo172 C15.20_HE579026 330 (637.5)
denovo172 C15f_AY589743 331 (631.0)
denovo172 C55_AY589759 333 (636.0)
denovo172 C15_AY239369 329 (638.0)
denovo172 C32.1_JF683335 328 (586.5)
denovo172 C32.2_JF683336 328 (586.5)
denovo172 C21.23_KC597693 328 (586.5)
denovo172 C1193_EU099827 339 (600.5)
denovo172 C1195_EU099821 339 (629.0)
denovo172 C3q_GU907655 340 (581.5)
denovo172 C53_AY589758 336 (586.0)
denovo172 C73_AY765408 339 (593.0)
denovo172 C17.2.1_KC597684 331 (567.5)
denovo172 C32_AY258497 332 (579.0)
denovo172 C1189_EU099831 329 (581.5)
denovo172 C1191_EU099833 328 (579.0)
denovo172 C1196_EU099819 329 (563.5)
denovo172 C1192_EU099820 329 (563.5)
denovo172 C17.1_JF683322 329 (581.5)
denovo172 C26_b2_FN827164 334 (583.0)
denovo172 C26_b3_FN827165 330 (580.5)
denovo172 C31.9_HQ630879 332 (571.0)
denovo172 C31a_AY589746 331 (582.5)
denovo172 C30_AY589745 331 (564.5)
denovo172 C31.1_HQ630876 335 (566.0)
denovo172 C31.5_HQ630877 332 (575.5)
denovo172 C31.6_HQ630878 331 (573.5)
denovo172 C31.2_JF683332 331 (582.0)
denovo172 C31.3_JF683333 331 (564.5)
denovo172 C26/C35a_AY239378 330 (589.5)
denovo172 C35a_AY258501 330 (589.5)
denovo172 C35.2_AY258500 330 (580.5)
denovo172 C26_b1_FN827163 330 (580.5)
denovo172 C17_AY239370 329 (581.5)
denovo172 C17.2_FJ461513 331 (580.5)
denovo172 C31.10_HQ630880 331 (577.0)
denovo172 C31.4_JF683334 332 (571.5)
denovo172 C31_AY258496 331 (573.5)
denovo172 C25_AY239377 331 (654.5)
denovo172 C61_AY589765 328 (574.5)
denovo172 C1043_DQ072721 329 (570.5)
denovo172 C79_AY765414 335 (609.5)
denovo172 C69_AY589773 322 (589.0)
denovo172 C69a_AY686648 322 (598.0)
denovo172 C21.22_KC597692 336 (564.0)
denovo172 C51_AY589756 329 (611.5)
denovo172 C1aa_HM185739 332 (611.0)
denovo172 C1096_DQ068023 328 (596.5)
denovo172 C74_AY765409 338 (632.5)
denovo172 C1185_AB294629 338 (614.5)
denovo172 C1184_AB294630 338 (614.5)
denovo172 C1153_AB294625 338 (614.5)
denovo172 C1154_AB294626 337 (621.0)
denovo172 C1187_AB294627 338 (614.5)
denovo172 C1186_AB294628 338 (614.5)
denovo172 C57_AY589761 337 (620.5)
denovo172 C66_AY589771 338 (623.5)
denovo172 C5_AF499795 329 (611.0)
denovo172 C1167_AB294586 329 (611.0)
denovo172 C1164_AB294593 329 (611.0)
denovo172 C1183_AB294631 329 (620.0)
denovo172 C1067_DQ335381 332 (602.0)
denovo172 C1159_AB294613 328 (605.0)
denovo172 C1150_AB294622 328 (614.0)
denovo172 C90_AM748554 331 (619.5)
denovo172 C1168_AB294583 332 (620.0)
denovo172 C1156_AB294616 327 (624.0)
denovo172 C1151_AB294621 329 (629.5)
denovo172 C92a_AM748561 329 (629.5)
denovo172 C92_AM748560 329 (620.5)
denovo172 C1165_AB294581 329 (620.0)
denovo172 C1166_AB294584 329 (638.0)
denovo172 C1162_AB294594 329 (620.0)
denovo172 C1163_AB294596 327 (632.0)
denovo172 C1161_AB294606 329 (629.0)
denovo172 C1160_AB294608 333 (621.5)
denovo172 C1158_AB294614 329 (638.0)
denovo172 C1155_AB294617 329 (620.0)
denovo172 C1149_AB294620 329 (629.0)
denovo172 C1173_AB294662 329 (638.0)
denovo172 C1171_AB294663 329 (620.0)
denovo172 C1172_AB294665 329 (637.5)
denovo172 C91a_AM748556 329 (629.5)
denovo172 C91b_AM748557 329 (629.0)
denovo172 C91d_AM748559 329 (629.0)
denovo172 C91c_AM748558 329 (629.0)
denovo172 C91_AJ621543 329 (629.0)
denovo172 C91_AM748555 329 (629.0)
denovo172 C1023_DQ335330 319 (578.0)
denovo172 C1020_DQ335392 333 (605.0)
denovo172 C1018_DQ335408 332 (611.0)
denovo172 C1074_DQ335329 329 (602.5)
denovo172 C1030_DQ335353 329 (602.5)
denovo172 C1022_DQ335331 329 (602.5)
denovo172 C1027_DQ335360 329 (620.5)
denovo172 C1072_DQ335344 329 (602.5)
denovo172 C1039_AB190274 329 (611.5)
denovo172 C1033_DQ335350 334 (599.5)
denovo172 C1019_DQ335407 329 (611.5)
denovo172 C1194_EU099826 330 (598.5)
denovo172 C8b_AY258475 333 (588.0)
denovo172 C8_AY239367 335 (600.5)
denovo172 C8a_AY239368 337 (596.5)
denovo172 C54a_AY765406 332 (629.0)
denovo172 C3ff_HM185740 329 (638.5)
denovo172 C59_AY589763 337 (589.0)
denovo172 C3k_AY589737 331 (626.5)
denovo172 C3.24_HE579012 330 (632.5)
denovo172 C3.23_HE579011 331 (635.0)
denovo172 C35.1_AY765401 339 (622.0)
denovo172 C35.3_EF541145 332 (620.0)
denovo172 C76_AY765411 334 (623.5)
denovo172 C1107_DQ335359 329 (588.0)
denovo172 C3.22_HE579010 332 (585.5)
denovo172 C77_AY765412 328 (613.5)
denovo172 C20_AY239371 330 (614.0)
denovo172 C1055_DQ480640 330 (610.0)
denovo172 C27/C30_AY239379 326 (578.0)
denovo172 C27.1_FJ461517 326 (569.0)
denovo172 C40a_AY589747 334 (614.5)
denovo172 C40_AY258485 334 (614.5)
denovo172 C40b_AY589748 338 (606.0)
denovo172 C16_AY258477 332 (611.0)
denovo172 C16a_AY765399 332 (611.0)
denovo172 C1091_AB207186 327 (614.5)
denovo172 C1102_DQ335400 327 (614.5)
denovo172 C1069_DQ335375 330 (614.0)
denovo172 C1073_DQ335332 330 (606.0)
denovo172 C1066_DQ335382 330 (605.5)
denovo172 C1031_DQ335352 332 (620.0)
denovo172 C1026_DQ335366 334 (617.0)
denovo172 C70_AY589774 327 (623.5)
denovo172 C1082_AB190267 327 (605.5)
denovo172 C1078_AB190271 327 (623.5)
denovo172 C1090_AB207191 330 (614.0)
denovo172 C1071_DQ335302 330 (614.0)
denovo172 C1075_DQ335328 330 (614.0)
denovo172 C1068_DQ335379 327 (605.5)
denovo172 C1064_DQ335395 327 (605.5)
denovo172 C1063_DQ335403 326 (621.0)
denovo172 C62_AY589766 327 (614.5)
denovo172 C1077_DQ335316 326 (626.5)
denovo172 C1109_DQ335338 327 (605.5)
denovo172 C1110_DQ335340 327 (596.5)
denovo172 C1106_DQ335339 327 (596.5)
denovo172 C1112_DQ335319 327 (605.5)
denovo172 C1108_DQ335351 327 (596.5)
denovo172 C1105_DQ335394 327 (605.5)
denovo172 C1121_DQ335378 335 (601.0)
denovo172 C1116_AB190268 335 (610.0)
denovo172 C1115_AB190273 335 (610.0)
denovo172 C1124_DQ335323 328 (590.0)
denovo172 C1120_DQ335398 328 (590.0)
denovo172 C1119_DQ335404 328 (599.0)
denovo172 C1123_DQ335363 328 (599.0)
denovo172 C1004_DQ480635 330 (613.5)
denovo172 C1061_AY186568 326 (620.5)
denovo172 C1053_AY186569 330 (613.5)
denovo172 C1003_DQ480639 330 (613.5)
denovo172 C81_GU907657 323 (582.5)
denovo172 C22_AY239373 327 (613.0)
denovo172 C22a_AY239374 329 (619.0)
denovo172 C1232_EU118163 334 (616.5)
denovo172 C21.13_FJ461515 328 (570.0)
denovo172 C21.1_JF683323 330 (601.5)
denovo172 C21.3_JF683325 329 (590.5)
denovo172 C1.20_HE578993 332 (601.5)
denovo172 C1.22_HE578995 332 (592.5)
denovo172 C52_AY589757 326 (606.0)
denovo172 C1201_EU099793 330 (583.5)
denovo172 C14_AY589741 329 (622.5)
denovo172 C43_AY589749 329 (628.5)
denovo172 C50_AY589755 335 (619.5)
denovo172 C3.14_HQ630872 329 (620.0)
denovo172 C1m_AY765398 327 (614.0)
denovo172 C82_GU907658 337 (616.0)
denovo172 C82b_GU907660 337 (616.0)
denovo172 C64_AY589768 329 (619.0)
denovo172 C45a_AY765404 332 (619.0)
denovo172 C48_AY589753 329 (623.0)
denovo172 C1_v1b_FJ919244 331 (607.0)
denovo172 C1_v1a_FJ919243 329 (611.0)
denovo172 C3j_AY239366 329 (611.5)
denovo172 C3t_EF541149 332 (619.5)
denovo172 C9_AF499798 329 (619.5)
denovo172 C23_AY239375 330 (632.5)
denovo172 C37_AY258481 334 (607.5)
denovo172 C1048_DQ068026 335 (609.5)
denovo172 C21.4_JF683326 329 (599.5)
denovo172 C21.5_JF683327 329 (599.5)
denovo172 C1070_DQ335349 329 (620.5)
denovo172 C21.6_HQ630873 329 (599.5)
denovo172 C1224_EU074890 329 (629.0)
denovo172 C1.17_HE578990 329 (629.0)
denovo172 C21_b1_FN827162 330 (584.5)
denovo172 C21.9_JF683330 330 (593.5)
denovo172 C1085_AY624605 329 (620.5)
denovo172 C3p_GU907654 329 (596.5)
denovo172 C3f_AY589734 329 (620.5)
denovo172 C65a_AY589770 329 (638.5)
denovo172 C65_AY589769 329 (629.5)
denovo172 C71_AY589775 329 (620.5)
denovo172 C71a_AY589776 329 (611.5)
denovo172 C1178_AB294647 328 (594.0)
denovo172 C1225_EU074893 329 (638.0)
denovo172 C75_AY765410 328 (618.0)
denovo172 C21.10_JF683331 331 (587.0)
denovo172 C21.11_HQ630874 328 (587.5)
denovo172 C1065_DQ335388 329 (620.5)
denovo172 C1045_DQ068036 329 (629.5)
denovo172 C1h_AY258473 328 (616.5)
denovo172 C38_AY258482 328 (608.0)
denovo172 C1202_EU099799 328 (608.0)
denovo172 C7_AF499797 328 (617.0)
denovo172 C12_AF499801 330 (606.5)
denovo172 C38a_AY258483 329 (625.0)
denovo172 C1200_EU099800 318 (622.0)
denovo172 C44a_AY589751 332 (628.0)
denovo172 C47_AY589752 332 (619.0)
denovo172 C44_AY589750 332 (619.0)
denovo172 C1.15_HE578988 329 (611.0)
denovo172 C45.3_FJ461522 332 (610.0)
denovo172 C46a_AY765405 332 (610.0)
denovo172 C46_EU449108 332 (619.0)
denovo172 C3.12_FJ461507 332 (619.5)
denovo172 C1k_AY589733 332 (610.0)
denovo172 C67_AY686647 332 (619.0)
denovo172 C82a_GU907659 329 (619.5)
denovo172 C10a_AY589739 332 (610.0)
denovo172 C10_AF499799 332 (610.0)
denovo172 C13_AY589740 334 (613.0)
denovo172 C4_AF499794 332 (610.0)
denovo172 C1147_EF656433 332 (610.0)
denovo172 C1c/C45_AY239364 332 (619.0)
denovo172 C1c/C45_EU449103 332 (619.0)
denovo172 C21.19_HE579031 329 (590.5)
denovo172 C21.21_HE579033 329 (581.5)
denovo172 C21.20_HE579032 329 (590.5)
denovo172 C42b_AY765403 331 (634.5)
denovo172 C42_AY258487 333 (631.5)
denovo172 C1p_GU907652 329 (629.0)
denovo172 C1d_AY258488 332 (619.0)
denovo172 C42_AY765402 332 (628.0)
denovo172 C3ha_AY589736 329 (590.0)
denovo172 C63a_AY589767 331 (607.0)
denovo172 C21a_AY589744 329 (590.5)
denovo172 C3o_GU907653 328 (588.0)
denovo172 C21.16_HQ630875 331 (586.5)
denovo172 C21.2_JF683324 329 (581.5)
denovo172 C21.7_JF683328 328 (588.0)
denovo172 C21.8_JF683329 329 (590.5)
denovo172 C3h_AY239365 329 (581.5)
denovo172 C1203_EU099798 329 (581.5)
denovo172 C3.10_FJ461505 329 (629.5)
denovo172 C21.14_FJ461516 329 (599.5)
denovo172 C21.18_HE579030 330 (581.5)
denovo172 C3.17_HE579005 329 (611.5)
denovo172 C3.9_FJ461504 329 (608.5)
denovo172 C3.8_FJ461503 329 (620.5)
denovo172 C3.7_FJ461502 329 (611.5)
denovo172 C3.11_FJ461506 336 (623.0)
denovo172 C3.18_HE579006 329 (611.5)
denovo172 C3.19_HE579007 329 (611.5)
denovo172 C3.20_HE579008 329 (611.5)
denovo172 C3g_AY589735 333 (615.0)
denovo172 C3a_AF499790 329 (629.5)
denovo172 C3e_AF499793 329 (611.5)
denovo172 C6_AF499796 336 (631.5)
denovo172 C11_AF499800 329 (611.5)
denovo172 C36_AY258480 329 (629.5)
denovo172 C29_AY258494 329 (629.5)
denovo172 C1146_EF656434 330 (615.0)
denovo172 C1190_EU099841 329 (629.5)
denovo172 C131_JF320826 330 (614.0)
denovo172 C28_AY239380 337 (619.0)
denovo172 C1012_DQ480604 333 (614.0)
denovo172 C1181_AB294640 329 (596.5)
denovo172 C1180_AB294641 325 (612.5)
denovo172 C1179_AB294645 329 (605.5)
denovo172 C1176_AB294651 329 (614.5)
denovo172 C1175_AB294653 329 (596.5)
denovo172 C1174_AB294655 327 (599.5)
denovo172 C1177_AB294659 329 (605.5)
denovo172 C1040_AB190269 333 (614.0)
denovo172 C1182_AB294649 329 (611.5)
denovo172 C1089_AJ278598 329 (611.5)
denovo172 C1028_DQ335357 336 (622.5)
denovo172 C3.16_EU786015 329 (629.5)
denovo172 C1097_AJ311943 330 (619.0)
denovo172 C1170_AB294661 329 (605.5)
denovo172 C21.17_HE579029 329 (601.5)
denovo172 C21/3d/C3k_AY239372 329 (590.5)
denovo172 C58_AY589762 327 (590.5)
denovo172 C3L_AY589738 332 (615.5)
denovo172 C1169_AB294660 329 (605.5)
denovo172 C3.2_FJ461497 329 (614.5)
denovo172 C3.1_JF683321 328 (629.5)
denovo172 C1104_AF427469 332 (616.5)
denovo172 C3b_AF499791 329 (623.5)
denovo172 C83_GU907661 329 (623.0)
denovo172 C49_AY589754 355 (635.0)
denovo172 C3_AB778606 329 (620.5)
denovo172 C3_AF499789 329 (620.5)
denovo172 C3_HE579001 329 (620.5)
denovo172 C21.12_FJ461514 329 (572.5)
denovo172 C1229_EU074888 329 (615.0)
denovo172 C1230_EU074889 326 (615.5)
denovo172 C1114_AB207196 329 (602.5)
denovo172 C3.21_HE579009 328 (549.0)
denovo172 C1057_DQ480619 329 (611.0)
denovo172 C72_AY765407 326 (619.5)
denovo172 C1b.3_HE578999 329 (605.0)
denovo172 C93_AJ621536 329 (620.5)
denovo172 C94_AJ621539 329 (620.0)
denovo172 C1g_AY589730 329 (629.0)
denovo172 C1i_AY589731 327 (623.0)
denovo172 C1j_AY589732 336 (622.0)
denovo172 C1005_DQ480633 329 (611.0)
denovo172 C1.7_FJ461494 329 (611.0)
denovo172 C1.11_HE578984 327 (614.5)
denovo172 C1.12_HE578985 329 (611.0)
denovo172 C1.13_HE578986 332 (619.5)
denovo172 C1.14_HE578987 329 (620.0)
denovo172 C1.18_HE578991 329 (611.0)
denovo172 C1.19_HE578992 329 (611.0)
denovo172 C1199_EU099802 329 (614.0)
denovo172 C1188_EU099838 329 (620.0)
denovo172 C1002_DQ838544 329 (620.5)
denovo172 C1198_EU099810 329 (611.0)
denovo172 C24_AY239376 332 (610.5)
denovo172 C1f_AY258490 329 (620.0)
denovo172 C1006_DQ480629 329 (629.0)
denovo172 C1010_DQ480607 329 (611.0)
denovo172 C1007_DQ480624 329 (611.0)
denovo172 C1011_DQ480605 329 (611.0)
denovo172 C1009_DQ480608 333 (613.0)
denovo172 C1041_AY186548 329 (620.0)
denovo172 C1052_AY186570 329 (611.0)
denovo172 C1148_EU040178 329 (620.0)
denovo172 C1234_EU118165 330 (610.0)
denovo172 C1.5_EF634157 332 (619.5)
denovo172 C1059_DQ480609 329 (611.0)
denovo172 C1228_EU074883 329 (611.0)
denovo172 C1208_EU074963 329 (611.0)
denovo172 C1207_EU074964 329 (620.0)
denovo172 C1206_EU074965 329 (611.0)
denovo172 C1013_DQ480642 332 (628.0)
denovo172 C80_GU907656 340 (616.5)
denovo172 C1a_AF499788 330 (622.5)
denovo172 C41_AY258486 332 (619.5)
denovo172 C39_AY258484 316 (621.0)
denovo172 C1231_EU074878 332 (611.0)
denovo172 C1b.1_HE578997 332 (605.0)
denovo172 C18_AY258478 329 (620.0)
denovo172 C1.10_HE578983 328 (614.5)
denovo172 C1_JN558041 329 (620.0)
denovo172 C1_HE578979 329 (620.0)
denovo172 C1_AM748551 329 (620.0)
denovo172 C1_AF333515 329 (620.0)
denovo172 C1054_AY186565 328 (623.5)
denovo172 C1008_DQ480613 329 (611.0)
denovo172 C1103_AF427470 332 (616.0)
denovo172 C1226_EU074881 333 (612.0)
denovo172 C1b/C1e_AY239363 329 (614.0)
denovo172 C1044_DQ068038 329 (605.0)
denovo172 C1017_DQ174729 330 (604.0)
denovo172 C1.6_FJ461493 329 (629.0)
denovo172 C1b.2_HE578998 329 (623.0)
denovo172 C1060_DQ480600 332 (619.5)
denovo172 C1227_EU074882 329 (628.5)
denovo172 C1197_EU099814 329 (611.0)
denovo172 C1130_DQ480643 332 (540.0)
denovo172 D109_AB097465 361 (431.5)
denovo172 D1.11_HE579040 362 (426.5)
denovo172 D105_AF174570 363 (421.5)
denovo172 D104_AF174572 375 (419.0)
denovo172 D1.3_JF683337 363 (429.0)
denovo172 D1.10_HE579039 365 (425.5)
denovo172 D110_AF174561 365 (425.5)
denovo172 D117_AF174542 362 (417.5)
denovo172 D114_AF174549 362 (426.5)
denovo172 D113_AF174557 359 (418.0)
denovo172 D112_AF174558 367 (424.0)
denovo172 D106_AF174559 369 (429.0)
denovo172 D111_AF174560 362 (435.0)
denovo172 D115_AF174562 362 (417.5)
denovo172 D107_AF174568 370 (425.0)
denovo172 D116_AF174571 367 (414.0)
denovo172 D124_EU074897 359 (426.5)
denovo172 D1.8_HE579037 362 (426.5)
denovo172 D3_AY686650 362 (426.5)
denovo172 D1.6_HQ630881 362 (417.5)
denovo172 D120_EU074900 362 (417.5)
denovo172 D121_EU074904 367 (423.0)
denovo172 D122_EU074905 372 (419.5)
denovo172 D1a.2_JF683339 361 (425.5)
denovo172 D1a.1_JF683338 359 (426.5)
denovo172 D2_AY686649 596 (495.0)
denovo172 D4_DQ865214 363 (426.0)
denovo172 D1a_AF499802 362 (426.5)
denovo172 D1a_JN558078 362 (426.5)
denovo172 D123_EU074895 363 (428.5)
denovo172 D108_AF174567 358 (432.0)
denovo172 D103_AF174575 362 (426.5)
denovo172 D100_AF411415 365 (426.5)
denovo172 D118_EF656435 362 (435.5)
denovo172 D101_AF411416 365 (411.5)
denovo172 D119_EU099832 369 (422.5)
denovo172 D102_AF174573 359 (430.5)
denovo172 D1_AF334660 362 (426.5)
denovo172 D1_JN558076 362 (426.5)
denovo172 D1.12_HE579041 340 (433.5)
denovo172 D1.1_AM748564 428 (448.0)
denovo172 D1.2_AM748617 423 (452.0)
denovo172 E111_EU074915 372 (432.0)
denovo172 E110_EU074914 367 (427.0)
denovo172 E114_EU074909 373 (417.0)
denovo172 E1_AF334659 374 (425.0)
denovo172 E105_EU074921 373 (435.0)
denovo172 E112_EU074916 373 (417.0)
denovo172 E104_EU074922 375 (423.0)
denovo172 E102_EU074924 367 (427.0)
denovo172 E103_EU074923 373 (426.0)
denovo172 E101_AY160123 378 (401.0)
denovo172 E109_EU074913 359 (431.0)
denovo172 E100_DQ011618 364 (452.5)
denovo172 E108_EU074912 364 (435.0)
denovo172 E113_EU074908 360 (445.0)
denovo172 E107_EU074910 364 (435.0)
denovo172 F1_JN558066 358 (588.5)
denovo172 F5.2d_AJ291530 334 (616.5)
denovo172 F104_AJ291531 334 (616.5)
denovo172 F5.2c_AM748596 337 (616.5)
denovo172 F5.2_AM748594 338 (609.5)
denovo172 F5.2a_AM748614 338 (609.5)
denovo172 F5.2b_AM748595 338 (609.5)
denovo172 F5.2e_AJ291533 334 (608.0)
denovo172 F5.2g_JN558072 335 (610.0)
denovo172 F5.2f_AJ291512 335 (610.0)
denovo172 F102_AJ291534 335 (610.0)
denovo172 F5.1c_AM748593 344 (636.0)
denovo172 F5.1d_JN558069 345 (602.0)
denovo172 F5.1b_AJ291535 341 (628.0)
denovo172 F5.1_AM748592 343 (624.5)
denovo172 F5.1a_AM748591 341 (628.0)
denovo172 F110_AJ291526 322 (680.0)
denovo172 F4.7_AM748587 329 (667.5)
denovo172 F4.5_AM748585 328 (660.5)
denovo172 F4.4a_AM748583 324 (686.0)
denovo172 F4.4_AM748582 329 (688.5)
denovo172 F4.4b_AM748584 322 (705.0)
denovo172 F4.1a_AM748573 331 (640.5)
denovo172 F112_AJ291528 328 (634.5)
denovo172 F4.1_AM748572 328 (634.5)
denovo172 F4.8b_AM748590 330 (684.0)
denovo172 F4.8_AM748588 321 (684.5)
denovo172 F4.8a_AM748589 321 (684.5)
denovo172 F109_AJ291527 327 (689.0)
denovo172 F4.6_AM748586 328 (643.0)
denovo172 F111_AJ311949 321 (681.5)
denovo172 F4.3c_AM748581 322 (684.5)
denovo172 F4.3a_AM748579 321 (691.5)
denovo172 F4.3b_AM748580 322 (693.5)
denovo172 F4.3_AM748578 322 (684.5)
denovo172 F4.2_AM748574 328 (697.0)
denovo172 F4.2a_AM748575 328 (673.5)
denovo172 F4.2c_AM748577 328 (670.0)
denovo172 F4.2b_AM748576 328 (682.5)
denovo172 F2b_AJ291521 336 (637.5)
denovo172 F2_AJ830908 333 (656.5)
denovo172 F2a_AJ830911 333 (652.0)
denovo172 F3.1a_AM748566 344 (627.5)
denovo172 F114_AJ291525 344 (636.5)
denovo172 F3.1_AM748565 344 (636.5)
denovo172 F3.2_AM748567 361 (642.0)
denovo172 F3.2a_AM748568 343 (643.5)
denovo172 F3.3_AM748569 345 (636.0)
denovo172 F3.4a_AM748571 343 (593.0)
denovo172 F3.4_AM748570 339 (608.0)
denovo172 F3.4b_AM748616 339 (608.0)
denovo172 G101_AJ291539 373 (458.0)
denovo172 G1_AM748597 373 (458.0)
denovo172 G2b_JN558087 377 (444.5)
denovo172 G2_AM748598 378 (438.5)
denovo172 G2a_AM748599 373 (433.0)
denovo172 G4_AM748601 360 (491.0)
denovo172 G3.4_LK392378 359 (434.0)
denovo172 G3_AM748600 361 (456.5)
denovo172 G3.2_KC597694 349 (419.0)
denovo172 G3.1_KC597688 359 (468.0)
denovo172 G100_AB253788 354 (453.0)
denovo172 G3.3_LK392377 353 (459.0)
denovo172 H6_AJ291520 643 (331.5)
denovo172 H3_AM748606 328 (525.5)
denovo172 H2_AM748605 335 (563.0)
denovo172 H4_AM748607 331 (545.5)
denovo172 H4a_AM748608 341 (544.0)
denovo172 H5a_AM748611 334 (527.5)
denovo172 H5b_AM748610 334 (526.5)
denovo172 H5_AJ621129 339 (524.5)
denovo172 H5_AM748609 339 (524.5)
denovo172 H100_AJ291513 339 (522.5)
denovo172 H1b_AM748604 344 (523.0)
denovo172 H1a_AM748612 339 (526.5)
denovo172 H1_AJ621152 339 (526.5)
denovo172 H1_AM748602 339 (526.5)
denovo172 I3_FN561561 341 (691.0)
denovo172 I4_FN561562 341 (691.0)
denovo172 I1_FN561559 340 (679.0)
denovo172 I2_FN561560 343 (669.5)

#---------------------------------------
#---------------------------------------
