denovo247 A136_DQ865210 336 (507.5)
denovo247 A133_DQ174725 338 (485.5)
denovo247 A115_AF180123 347 (482.5)
denovo247 A117_AF201746 348 (454.5)
denovo247 A134_DQ174723 335 (460.5)
denovo247 A114_AF184941 335 (460.5)
denovo247 A135_DQ174727 329 (469.0)
denovo247 A2_AF333506 336 (468.0)
denovo247 A101_AF427468 329 (469.0)
denovo247 A2_1_JN558097 329 (469.0)
denovo247 A2_2_JN558100 329 (469.0)
denovo247 A113_AF184948 331 (479.0)
denovo247 A112_AF184949 334 (479.0)
denovo247 A123_EF378618 332 (347.0)
denovo247 A137_EF378621 336 (348.5)
denovo247 A11_EU449041 330 (496.0)
denovo247 A121_DQ174722 341 (503.5)
denovo247 A15b_EU792886 325 (484.5)
denovo247 A15a_EU792885 325 (493.5)
denovo247 A15c_EU792887 321 (490.5)
denovo247 A15_EU792884 325 (493.5)
denovo247 A147_EU074937 331 (486.5)
denovo247 A154_EU074860 333 (483.5)
denovo247 A146_EU074936 329 (498.5)
denovo247 A150_EU074928 330 (501.0)
denovo247 A116_AF183575 329 (516.5)
denovo247 A141_EU074931 329 (507.5)
denovo247 A5_AF333508 342 (497.0)
denovo247 A3b_EU449043 333 (501.5)
denovo247 A151_EU074925 340 (494.5)
denovo247 A152_EU074927 320 (498.5)
denovo247 A149_EU074929 333 (510.5)
denovo247 A140_EU074930 333 (492.5)
denovo247 A142_EU074932 333 (492.5)
denovo247 A143_EU074933 333 (492.5)
denovo247 A144_EU074934 333 (492.5)
denovo247 A145_EU074935 329 (498.5)
denovo247 A148_EU074938 333 (501.5)
denovo247 A155_EU074856 334 (504.0)
denovo247 A156_EU074859 333 (492.5)
denovo247 A139_EU074962 334 (495.0)
denovo247 A6_AF186058 333 (501.5)
denovo247 A3_AF333507 333 (501.5)
denovo247 A3_JN558091 333 (501.5)
denovo247 A8_AY258468 333 (489.0)
denovo247 A7_AY239360 335 (495.0)
denovo247 A16_EU792888 335 (495.0)
denovo247 A4.3_FN429763 332 (476.5)
denovo247 A120_AF180122 335 (477.5)
denovo247 A4.2_FN429761 331 (461.5)
denovo247 A4_AF333509 331 (489.5)
denovo247 A4.1_FN429760 330 (493.5)
denovo247 A4a_AF499778 333 (486.0)
denovo247 A4a.1_FN429762 333 (486.0)
denovo247 A138_EF378620 332 (456.5)
denovo247 A122_EF378619 331 (493.0)
denovo247 A126_EF378615 330 (494.0)
denovo247 A10_EU792882 330 (494.0)
denovo247 A9_EU449028 332 (474.5)
denovo247 A105_AB207202 309 (477.0)
denovo247 A119_AF180121 335 (492.5)
denovo247 A12_EU792883 340 (479.5)
denovo247 A104_AB207203 332 (501.5)
denovo247 A1a_EU449030 332 (484.0)
denovo247 A1.3_HE578976 331 (490.5)
denovo247 A1.4_HE578977 331 (490.0)
denovo247 A13_AF333504 330 (487.5)
denovo247 A13_JN558094 330 (487.5)
denovo247 A110_AB190282 331 (490.0)
denovo247 A103_AB207206 326 (483.0)
denovo247 A130_EF656428 331 (481.0)
denovo247 A127_EF656429 331 (490.0)
denovo247 A128_EF656430 331 (481.0)
denovo247 A129_EF656431 331 (490.0)
denovo247 A131_EF656432 331 (490.0)
denovo247 A118_AF180120 311 (496.0)
denovo247 A1_AF333505 331 (490.0)
denovo247 A107_AB207199 330 (505.0)
denovo247 A111_AB190280 330 (496.0)
denovo247 A108_AB207197 332 (478.0)
denovo247 A106_AB207200 334 (489.5)
denovo247 A102_AB207209 331 (499.0)
denovo247 A1.2_AB207210 331 (499.0)
denovo247 A109_AB190285 335 (493.0)
denovo247 B4_AF333510 363 (541.5)
denovo247 B23_EU449079 349 (488.0)
denovo247 B30_GU907644 350 (481.5)
denovo247 B11_AY239361 358 (515.0)
denovo247 B17_AY258470 356 (505.5)
denovo247 B1k_GU907638 306 (253.5)
denovo247 B1.V_Green2014 375 (483.5)
denovo247 B1b_AF499780 349 (526.0)
denovo247 B16_AY258469 354 (510.0)
denovo247 B31a_GU907646 360 (519.0)
denovo247 B32_GU907647 364 (510.5)
denovo247 B31_GU907645 360 (518.5)
denovo247 B1j_GU907637 358 (512.0)
denovo247 B37_GU907650 361 (513.5)
denovo247 B5a_AF499782 356 (506.0)
denovo247 B5_AF499781 356 (515.0)
denovo247 B24_GU907643 358 (379.0)
denovo247 B117_AF180124 356 (490.5)
denovo247 B10_AF499787 361 (502.5)
denovo247 B20_GU907642 361 (526.0)
denovo247 B1m_GU907640 350 (515.5)
denovo247 B34_GU907649 358 (512.0)
denovo247 B1d_GU907633 354 (510.0)
denovo247 B1e_GU907634 355 (513.0)
denovo247 B1i_GU907636 357 (509.0)
denovo247 B1g_GU907635 355 (509.5)
denovo247 B123_EU074872 370 (501.5)
denovo247 B8_AF499785 356 (511.5)
denovo247 B1l_GU907639 358 (512.0)
denovo247 B1a_AF499779 353 (517.0)
denovo247 B14_AY239362 359 (493.0)
denovo247 B125_EU074865 358 (512.0)
denovo247 B122_EU074871 360 (509.5)
denovo247 B124_EU074874 358 (503.0)
denovo247 B1.VII_Green2014 360 (457.0)
denovo247 B1.III_Green2014 357 (509.0)
denovo247 B1.I_Green2014 358 (512.0)
denovo247 B1.II_Green2014 358 (512.0)
denovo247 B1_JN558057 358 (512.0)
denovo247 B1_AF333511 358 (512.0)
denovo247 B1.IV_Green2014 356 (516.5)
denovo247 B121_EU074870 357 (518.0)
denovo247 B7_AF499784 357 (518.0)
denovo247 B1.VI_Green2014 354 (503.0)
denovo247 B3_AF333514 350 (504.5)
denovo247 B9_AF499786 357 (479.0)
denovo247 B19a_JN558055 345 (497.5)
denovo247 B119_EU099825 351 (513.0)
denovo247 B21_DQ865213 355 (505.0)
denovo247 B38_GU907651 355 (505.0)
denovo247 B18_AY258471 358 (509.0)
denovo247 B18a_AY258472 353 (503.0)
denovo247 B33_GU907648 356 (510.5)
denovo247 B6_AF499783 363 (496.5)
denovo247 B19_DQ865212 357 (506.0)
denovo247 B19_GU907641 357 (506.0)
denovo247 B2_AF333512 357 (506.0)
denovo247 B2_JN558060 357 (506.0)
denovo247 C33.1_AY258498 341 (566.0)
denovo247 C33.2_AY765400 341 (566.0)
denovo247 C33a_EF541147 341 (566.0)
denovo247 C34_AY258499 342 (569.0)
denovo247 C78_AY765413 354 (560.0)
denovo247 C15.29_KC597690 340 (553.0)
denovo247 C1131_DQ182650 338 (530.0)
denovo247 C1135_DQ182646 338 (530.0)
denovo247 C1134_DQ182647 338 (529.5)
denovo247 C1142_DQ182635 338 (521.0)
denovo247 C1136_DQ182644 328 (534.0)
denovo247 C1111_DQ182645 339 (531.5)
denovo247 C1236_EF473656 339 (513.5)
denovo247 C1138_DQ182642 343 (524.5)
denovo247 C1137_DQ182643 348 (522.0)
denovo247 C1133_DQ182648 339 (522.5)
denovo247 C1132_DQ182649 339 (513.5)
denovo247 C1143_DQ182634 339 (522.5)
denovo247 C1139_DQ182639 340 (526.5)
denovo247 C15.28_KC597687 343 (581.0)
denovo247 C1141_DQ182636 343 (535.0)
denovo247 C1144_DQ182637 343 (544.0)
denovo247 C1122_DQ182654 340 (535.5)
denovo247 C1127_DQ182652 340 (535.5)
denovo247 C15.30_JX394114 329 (567.5)
denovo247 C15.26_KC597686 341 (572.5)
denovo247 C1086_DQ182656 332 (582.0)
denovo247 C15.25_KC597685 332 (585.0)
denovo247 C1118_AF180127 337 (579.5)
denovo247 C1129_DQ182651 340 (535.5)
denovo247 C15.21_KC597683 348 (568.5)
denovo247 C56_AY589760 340 (563.5)
denovo247 C1140_DQ182638 343 (553.0)
denovo247 C1126_DQ182653 343 (544.0)
denovo247 C15c_AY258492 340 (581.5)
denovo247 C15d_AY258493 341 (575.0)
denovo247 C1098_DQ182641 333 (575.5)
denovo247 C15.27_KC597689 348 (568.0)
denovo247 C15.18_HE579024 340 (590.5)
denovo247 C15.16_HE579022 340 (581.5)
denovo247 C1101_AB253787 340 (563.5)
denovo247 C1083_AY237300 338 (576.0)
denovo247 C1088_DQ182640 340 (590.5)
denovo247 C15.6_FN563472 340 (572.5)
denovo247 C15.5_FJ461512 346 (571.5)
denovo247 C15.4_FJ461511 340 (572.5)
denovo247 C15.13_HE579019 340 (563.5)
denovo247 C15.12_HE579018 340 (572.5)
denovo247 C93a_AM748563 338 (593.5)
denovo247 C1094_AJ291514 339 (578.5)
denovo247 C93_AM748562 339 (587.5)
denovo247 C15.17_HE579023 345 (581.0)
denovo247 C15e_AY589742 340 (575.5)
denovo247 C15.22_KC597695 340 (572.5)
denovo247 C60_AY589764 343 (581.0)
denovo247 C15.1_FJ461508 346 (580.5)
denovo247 C15.2_FJ461509 340 (572.5)
denovo247 C15.9_FN563475 329 (584.5)
denovo247 C15.7_HE579015 340 (590.5)
denovo247 C15.8_HE579016 340 (590.5)
denovo247 C15.15_HE579021 340 (572.5)
denovo247 C15.19_HE579025 337 (582.0)
denovo247 C15.24_KC597696 340 (581.5)
denovo247 C15.3_FJ461510 340 (572.5)
denovo247 C1087_DQ182655 338 (576.0)
denovo247 C15.14_HE579020 354 (583.0)
denovo247 C15.23_KC597697 354 (583.0)
denovo247 C19_AY258479 349 (585.0)
denovo247 C1233_EU118166 340 (572.5)
denovo247 C15b_AY258491 340 (572.5)
denovo247 C15a_AY258476 340 (581.5)
denovo247 C1051_AF195153 340 (590.5)
denovo247 C2_AF333518 344 (589.5)
denovo247 C15.20_HE579026 341 (581.0)
denovo247 C15f_AY589743 341 (580.5)
denovo247 C55_AY589759 337 (577.0)
denovo247 C15_AY239369 340 (581.5)
denovo247 C32.1_JF683335 347 (591.0)
denovo247 C32.2_JF683336 348 (575.5)
denovo247 C21.23_KC597693 348 (575.5)
denovo247 C1193_EU099827 347 (589.5)
denovo247 C1195_EU099821 357 (575.5)
denovo247 C3q_GU907655 333 (561.5)
denovo247 C53_AY589758 334 (563.0)
denovo247 C73_AY765408 344 (563.0)
denovo247 C17.2.1_KC597684 344 (553.0)
denovo247 C32_AY258497 336 (575.0)
denovo247 C1189_EU099831 344 (590.0)
denovo247 C1191_EU099833 344 (581.0)
denovo247 C1196_EU099819 344 (563.0)
denovo247 C1192_EU099820 344 (563.0)
denovo247 C17.1_JF683322 344 (581.0)
denovo247 C26_b2_FN827164 343 (574.5)
denovo247 C26_b3_FN827165 343 (556.5)
denovo247 C31.9_HQ630879 347 (570.5)
denovo247 C31a_AY589746 348 (570.0)
denovo247 C30_AY589745 348 (570.0)
denovo247 C31.1_HQ630876 348 (588.0)
denovo247 C31.5_HQ630877 348 (579.0)
denovo247 C31.6_HQ630878 348 (579.0)
denovo247 C31.2_JF683332 340 (582.5)
denovo247 C31.3_JF683333 348 (588.0)
denovo247 C26/C35a_AY239378 343 (565.5)
denovo247 C35a_AY258501 343 (565.5)
denovo247 C35.2_AY258500 343 (574.5)
denovo247 C26_b1_FN827163 343 (574.5)
denovo247 C17_AY239370 344 (581.0)
denovo247 C17.2_FJ461513 346 (580.0)
denovo247 C31.10_HQ630880 347 (579.5)
denovo247 C31.4_JF683334 352 (567.5)
denovo247 C31_AY258496 348 (579.0)
denovo247 C25_AY239377 345 (571.0)
denovo247 C61_AY589765 352 (546.5)
denovo247 C1043_DQ072721 345 (563.0)
denovo247 C79_AY765414 340 (563.5)
denovo247 C69_AY589773 332 (567.0)
denovo247 C69a_AY686648 332 (558.0)
denovo247 C21.22_KC597692 351 (575.0)
denovo247 C51_AY589756 347 (565.5)
denovo247 C1aa_HM185739 340 (608.5)
denovo247 C1096_DQ068023 352 (550.0)
denovo247 C74_AY765409 357 (573.0)
denovo247 C1185_AB294629 357 (582.0)
denovo247 C1184_AB294630 357 (582.0)
denovo247 C1153_AB294625 357 (590.5)
denovo247 C1154_AB294626 357 (582.0)
denovo247 C1187_AB294627 357 (582.0)
denovo247 C1186_AB294628 357 (591.0)
denovo247 C57_AY589761 355 (593.5)
denovo247 C66_AY589771 357 (591.0)
denovo247 C5_AF499795 345 (587.0)
denovo247 C1167_AB294586 353 (610.0)
denovo247 C1164_AB294593 348 (586.5)
denovo247 C1183_AB294631 342 (587.5)
denovo247 C1067_DQ335381 345 (578.0)
denovo247 C1159_AB294613 344 (606.5)
denovo247 C1150_AB294622 343 (612.5)
denovo247 C90_AM748554 347 (595.0)
denovo247 C1168_AB294583 335 (584.0)
denovo247 C1156_AB294616 335 (593.0)
denovo247 C1151_AB294621 335 (593.0)
denovo247 C92a_AM748561 335 (602.0)
denovo247 C92_AM748560 335 (593.0)
denovo247 C1165_AB294581 345 (587.0)
denovo247 C1166_AB294584 345 (587.0)
denovo247 C1162_AB294594 345 (587.0)
denovo247 C1163_AB294596 353 (592.0)
denovo247 C1161_AB294606 345 (587.0)
denovo247 C1160_AB294608 345 (596.0)
denovo247 C1158_AB294614 335 (602.0)
denovo247 C1155_AB294617 345 (587.0)
denovo247 C1149_AB294620 341 (602.0)
denovo247 C1173_AB294662 345 (605.0)
denovo247 C1171_AB294663 345 (587.0)
denovo247 C1172_AB294665 345 (587.0)
denovo247 C91a_AM748556 338 (602.5)
denovo247 C91b_AM748557 336 (596.5)
denovo247 C91d_AM748559 345 (596.0)
denovo247 C91c_AM748558 338 (602.5)
denovo247 C91_AJ621543 345 (596.0)
denovo247 C91_AM748555 345 (596.0)
denovo247 C1023_DQ335330 321 (532.0)
denovo247 C1020_DQ335392 345 (587.0)
denovo247 C1018_DQ335408 345 (596.0)
denovo247 C1074_DQ335329 345 (587.0)
denovo247 C1030_DQ335353 345 (587.0)
denovo247 C1022_DQ335331 345 (587.0)
denovo247 C1027_DQ335360 345 (596.0)
denovo247 C1072_DQ335344 345 (587.0)
denovo247 C1039_AB190274 341 (593.0)
denovo247 C1033_DQ335350 345 (585.0)
denovo247 C1019_DQ335407 345 (596.0)
denovo247 C1194_EU099826 339 (581.0)
denovo247 C8b_AY258475 336 (581.5)
denovo247 C8_AY239367 337 (590.0)
denovo247 C8a_AY239368 337 (581.0)
denovo247 C54a_AY765406 345 (578.0)
denovo247 C3ff_HM185740 346 (589.0)
denovo247 C59_AY589763 344 (584.0)
denovo247 C3k_AY589737 353 (574.0)
denovo247 C3.24_HE579012 353 (565.0)
denovo247 C3.23_HE579011 353 (574.0)
denovo247 C35.1_AY765401 333 (579.0)
denovo247 C35.3_EF541145 334 (582.0)
denovo247 C76_AY765411 342 (576.0)
denovo247 C1107_DQ335359 345 (563.5)
denovo247 C3.22_HE579010 350 (567.0)
denovo247 C77_AY765412 343 (578.0)
denovo247 C20_AY239371 343 (581.0)
denovo247 C1055_DQ480640 343 (577.5)
denovo247 C27/C30_AY239379 347 (587.0)
denovo247 C27.1_FJ461517 347 (578.0)
denovo247 C40a_AY589747 345 (595.0)
denovo247 C40_AY258485 343 (590.0)
denovo247 C40b_AY589748 343 (596.0)
denovo247 C16_AY258477 345 (587.0)
denovo247 C16a_AY765399 345 (578.0)
denovo247 C1091_AB207186 341 (584.5)
denovo247 C1102_DQ335400 345 (569.5)
denovo247 C1069_DQ335375 345 (569.5)
denovo247 C1073_DQ335332 345 (587.0)
denovo247 C1066_DQ335382 337 (590.5)
denovo247 C1031_DQ335352 345 (596.5)
denovo247 C1026_DQ335366 345 (596.0)
denovo247 C70_AY589774 345 (596.5)
denovo247 C1082_AB190267 345 (587.5)
denovo247 C1078_AB190271 339 (587.5)
denovo247 C1090_AB207191 334 (591.0)
denovo247 C1071_DQ335302 334 (591.0)
denovo247 C1075_DQ335328 337 (590.5)
denovo247 C1068_DQ335379 345 (578.5)
denovo247 C1064_DQ335395 345 (587.5)
denovo247 C1063_DQ335403 345 (596.5)
denovo247 C62_AY589766 345 (587.5)
denovo247 C1077_DQ335316 346 (587.0)
denovo247 C1109_DQ335338 345 (578.5)
denovo247 C1110_DQ335340 345 (578.5)
denovo247 C1106_DQ335339 341 (566.5)
denovo247 C1112_DQ335319 341 (575.5)
denovo247 C1108_DQ335351 341 (566.5)
denovo247 C1105_DQ335394 341 (575.5)
denovo247 C1121_DQ335378 340 (563.5)
denovo247 C1116_AB190268 344 (575.5)
denovo247 C1115_AB190273 340 (572.5)
denovo247 C1124_DQ335323 341 (575.5)
denovo247 C1120_DQ335398 341 (575.5)
denovo247 C1119_DQ335404 337 (564.0)
denovo247 C1123_DQ335363 341 (566.5)
denovo247 C1004_DQ480635 329 (585.5)
denovo247 C1061_AY186568 331 (582.0)
denovo247 C1053_AY186569 331 (582.0)
denovo247 C1003_DQ480639 331 (591.0)
denovo247 C81_GU907657 333 (560.5)
denovo247 C22_AY239373 343 (570.5)
denovo247 C22a_AY239374 339 (567.5)
denovo247 C1232_EU118163 351 (586.0)
denovo247 C21.13_FJ461515 344 (563.0)
denovo247 C21.1_JF683323 344 (563.0)
denovo247 C21.3_JF683325 344 (580.5)
denovo247 C1.20_HE578993 349 (616.0)
denovo247 C1.22_HE578995 349 (625.0)
denovo247 C52_AY589757 341 (579.0)
denovo247 C1201_EU099793 344 (574.5)
denovo247 C14_AY589741 347 (596.0)
denovo247 C43_AY589749 342 (596.0)
denovo247 C50_AY589755 345 (578.0)
denovo247 C3.14_HQ630872 345 (596.0)
denovo247 C1m_AY765398 342 (587.5)
denovo247 C82_GU907658 342 (605.5)
denovo247 C82b_GU907660 342 (605.5)
denovo247 C64_AY589768 346 (598.5)
denovo247 C45a_AY765404 343 (589.5)
denovo247 C48_AY589753 342 (589.0)
denovo247 C1_v1b_FJ919244 342 (602.0)
denovo247 C1_v1a_FJ919243 342 (593.0)
denovo247 C3j_AY239366 345 (578.0)
denovo247 C3t_EF541149 348 (595.0)
denovo247 C9_AF499798 344 (610.0)
denovo247 C23_AY239375 342 (596.0)
denovo247 C37_AY258481 342 (587.0)
denovo247 C1048_DQ068026 342 (596.0)
denovo247 C21.4_JF683326 344 (581.0)
denovo247 C21.5_JF683327 344 (581.0)
denovo247 C1070_DQ335349 345 (596.0)
denovo247 C21.6_HQ630873 344 (599.0)
denovo247 C1224_EU074890 342 (596.0)
denovo247 C1.17_HE578990 342 (596.0)
denovo247 C21_b1_FN827162 344 (572.0)
denovo247 C21.9_JF683330 344 (581.0)
denovo247 C1085_AY624605 345 (596.0)
denovo247 C3p_GU907654 345 (581.0)
denovo247 C3f_AY589734 345 (596.0)
denovo247 C65a_AY589770 345 (587.0)
denovo247 C65_AY589769 345 (596.0)
denovo247 C71_AY589775 345 (587.0)
denovo247 C71a_AY589776 345 (578.0)
denovo247 C1178_AB294647 352 (575.0)
denovo247 C1225_EU074893 348 (586.0)
denovo247 C75_AY765410 352 (598.0)
denovo247 C21.10_JF683331 347 (581.0)
denovo247 C21.11_HQ630874 347 (581.0)
denovo247 C1065_DQ335388 345 (587.0)
denovo247 C1045_DQ068036 345 (596.0)
denovo247 C1h_AY258473 342 (605.0)
denovo247 C38_AY258482 345 (605.0)
denovo247 C1202_EU099799 345 (605.0)
denovo247 C7_AF499797 345 (605.0)
denovo247 C12_AF499801 347 (594.5)
denovo247 C38a_AY258483 335 (607.0)
denovo247 C1200_EU099800 331 (607.5)
denovo247 C44a_AY589751 343 (589.5)
denovo247 C47_AY589752 343 (598.5)
denovo247 C44_AY589750 343 (598.5)
denovo247 C1.15_HE578988 348 (595.0)
denovo247 C45.3_FJ461522 348 (604.0)
denovo247 C46a_AY765405 348 (604.0)
denovo247 C46_EU449108 342 (605.0)
denovo247 C3.12_FJ461507 345 (605.0)
denovo247 C1k_AY589733 342 (605.0)
denovo247 C67_AY686647 342 (605.0)
denovo247 C82a_GU907659 342 (605.5)
denovo247 C10a_AY589739 342 (605.0)
denovo247 C10_AF499799 342 (605.0)
denovo247 C13_AY589740 348 (602.0)
denovo247 C4_AF499794 342 (614.0)
denovo247 C1147_EF656433 342 (596.0)
denovo247 C1c/C45_AY239364 342 (605.0)
denovo247 C1c/C45_EU449103 342 (605.0)
denovo247 C21.19_HE579031 344 (581.0)
denovo247 C21.21_HE579033 345 (565.5)
denovo247 C21.20_HE579032 345 (574.5)
denovo247 C42b_AY765403 342 (587.0)
denovo247 C42_AY258487 342 (596.0)
denovo247 C1p_GU907652 342 (587.0)
denovo247 C1d_AY258488 342 (587.0)
denovo247 C42_AY765402 342 (596.0)
denovo247 C3ha_AY589736 336 (584.5)
denovo247 C63a_AY589767 336 (586.5)
denovo247 C21a_AY589744 344 (581.0)
denovo247 C3o_GU907653 345 (583.5)
denovo247 C21.16_HQ630875 344 (599.0)
denovo247 C21.2_JF683324 348 (584.5)
denovo247 C21.7_JF683328 344 (581.0)
denovo247 C21.8_JF683329 334 (596.0)
denovo247 C3h_AY239365 344 (581.0)
denovo247 C1203_EU099798 344 (581.0)
denovo247 C3.10_FJ461505 345 (605.0)
denovo247 C21.14_FJ461516 344 (599.0)
denovo247 C21.18_HE579030 350 (578.0)
denovo247 C3.17_HE579005 345 (587.0)
denovo247 C3.9_FJ461504 336 (602.5)
denovo247 C3.8_FJ461503 335 (602.0)
denovo247 C3.7_FJ461502 345 (587.0)
denovo247 C3.11_FJ461506 345 (587.0)
denovo247 C3.18_HE579006 345 (587.0)
denovo247 C3.19_HE579007 348 (595.5)
denovo247 C3.20_HE579008 345 (587.0)
denovo247 C3g_AY589735 347 (595.0)
denovo247 C3a_AF499790 345 (587.0)
denovo247 C3e_AF499793 345 (605.0)
denovo247 C6_AF499796 345 (595.0)
denovo247 C11_AF499800 345 (587.0)
denovo247 C36_AY258480 347 (601.0)
denovo247 C29_AY258494 343 (590.5)
denovo247 C1146_EF656434 351 (595.0)
denovo247 C1190_EU099841 345 (587.0)
denovo247 C131_JF320826 345 (587.0)
denovo247 C28_AY239380 352 (599.5)
denovo247 C1012_DQ480604 347 (592.5)
denovo247 C1181_AB294640 352 (584.0)
denovo247 C1180_AB294641 352 (584.0)
denovo247 C1179_AB294645 352 (593.0)
denovo247 C1176_AB294651 352 (584.0)
denovo247 C1175_AB294653 352 (593.0)
denovo247 C1174_AB294655 352 (593.0)
denovo247 C1177_AB294659 352 (602.0)
denovo247 C1040_AB190269 345 (596.0)
denovo247 C1182_AB294649 345 (587.0)
denovo247 C1089_AJ278598 345 (587.0)
denovo247 C1028_DQ335357 344 (593.0)
denovo247 C3.16_EU786015 345 (605.0)
denovo247 C1097_AJ311943 346 (586.0)
denovo247 C1170_AB294661 352 (584.0)
denovo247 C21.17_HE579029 346 (589.0)
denovo247 C21/3d/C3k_AY239372 344 (590.0)
denovo247 C58_AY589762 345 (589.5)
denovo247 C3L_AY589738 344 (598.0)
denovo247 C1169_AB294660 352 (593.0)
denovo247 C3.2_FJ461497 344 (587.5)
denovo247 C3.1_JF683321 336 (591.0)
denovo247 C1104_AF427469 346 (586.0)
denovo247 C3b_AF499791 344 (596.5)
denovo247 C83_GU907661 346 (601.0)
denovo247 C49_AY589754 380 (619.0)
denovo247 C3_AB778606 345 (596.0)
denovo247 C3_AF499789 345 (596.0)
denovo247 C3_HE579001 345 (596.0)
denovo247 C21.12_FJ461514 344 (572.0)
denovo247 C1229_EU074888 335 (588.5)
denovo247 C1230_EU074889 335 (597.5)
denovo247 C1114_AB207196 345 (578.0)
denovo247 C3.21_HE579009 345 (509.0)
denovo247 C1057_DQ480619 342 (587.0)
denovo247 C72_AY765407 337 (589.5)
denovo247 C1b.3_HE578999 341 (578.5)
denovo247 C93_AJ621536 345 (587.0)
denovo247 C94_AJ621539 342 (587.0)
denovo247 C1g_AY589730 342 (587.0)
denovo247 C1i_AY589731 342 (596.5)
denovo247 C1j_AY589732 341 (593.0)
denovo247 C1005_DQ480633 342 (596.0)
denovo247 C1.7_FJ461494 342 (596.0)
denovo247 C1.11_HE578984 342 (587.0)
denovo247 C1.12_HE578985 348 (604.0)
denovo247 C1.13_HE578986 343 (599.0)
denovo247 C1.14_HE578987 339 (587.0)
denovo247 C1.18_HE578991 342 (587.0)
denovo247 C1.19_HE578992 342 (587.0)
denovo247 C1199_EU099802 346 (574.5)
denovo247 C1188_EU099838 346 (589.5)
denovo247 C1002_DQ838544 346 (589.5)
denovo247 C1198_EU099810 342 (605.0)
denovo247 C24_AY239376 342 (587.0)
denovo247 C1f_AY258490 344 (601.0)
denovo247 C1006_DQ480629 342 (596.0)
denovo247 C1010_DQ480607 342 (587.0)
denovo247 C1007_DQ480624 342 (578.0)
denovo247 C1011_DQ480605 342 (596.0)
denovo247 C1009_DQ480608 340 (590.0)
denovo247 C1041_AY186548 342 (596.0)
denovo247 C1052_AY186570 342 (587.0)
denovo247 C1148_EU040178 343 (589.5)
denovo247 C1234_EU118165 344 (588.5)
denovo247 C1.5_EF634157 342 (596.0)
denovo247 C1059_DQ480609 342 (587.0)
denovo247 C1228_EU074883 340 (590.5)
denovo247 C1208_EU074963 349 (589.5)
denovo247 C1207_EU074964 342 (596.0)
denovo247 C1206_EU074965 342 (587.5)
denovo247 C1013_DQ480642 342 (578.0)
denovo247 C80_GU907656 351 (596.0)
denovo247 C1a_AF499788 342 (596.0)
denovo247 C41_AY258486 342 (596.0)
denovo247 C39_AY258484 328 (595.5)
denovo247 C1231_EU074878 342 (587.0)
denovo247 C1b.1_HE578997 341 (578.5)
denovo247 C18_AY258478 342 (587.0)
denovo247 C1.10_HE578983 339 (585.0)
denovo247 C1_JN558041 342 (596.0)
denovo247 C1_HE578979 342 (596.0)
denovo247 C1_AM748551 342 (596.0)
denovo247 C1_AF333515 342 (596.0)
denovo247 C1054_AY186565 342 (602.0)
denovo247 C1008_DQ480613 342 (587.0)
denovo247 C1103_AF427470 343 (586.0)
denovo247 C1226_EU074881 343 (586.0)
denovo247 C1b/C1e_AY239363 341 (587.5)
denovo247 C1044_DQ068038 342 (581.0)
denovo247 C1017_DQ174729 343 (580.0)
denovo247 C1.6_FJ461493 342 (605.0)
denovo247 C1b.2_HE578998 341 (578.5)
denovo247 C1060_DQ480600 342 (587.0)
denovo247 C1227_EU074882 342 (587.0)
denovo247 C1197_EU099814 342 (587.0)
denovo247 C1130_DQ480643 342 (481.5)
denovo247 D109_AB097465 297 (1226.5)
denovo247 D1.11_HE579040 297 (1283.0)
denovo247 D105_AF174570 297 (1274.0)
denovo247 D104_AF174572 297 (1265.0)
denovo247 D1.3_JF683337 297 (1274.0)
denovo247 D1.10_HE579039 297 (1283.0)
denovo247 D110_AF174561 297 (1283.0)
denovo247 D117_AF174542 297 (1283.0)
denovo247 D114_AF174549 297 (1283.0)
denovo247 D113_AF174557 297 (1274.0)
denovo247 D112_AF174558 297 (1274.0)
denovo247 D106_AF174559 297 (1283.0)
denovo247 D111_AF174560 298 (1285.0)
denovo247 D115_AF174562 297 (1283.0)
denovo247 D107_AF174568 297 (1283.0)
denovo247 D116_AF174571 297 (1274.0)
denovo247 D124_EU074897 297 (1265.0)
denovo247 D1.8_HE579037 297 (1283.0)
denovo247 D3_AY686650 297 (1283.0)
denovo247 D1.6_HQ630881 297 (1283.0)
denovo247 D120_EU074900 297 (1274.0)
denovo247 D121_EU074904 297 (1283.0)
denovo247 D122_EU074905 297 (1283.0)
denovo247 D1a.2_JF683339 299 (1263.5)
denovo247 D1a.1_JF683338 297 (1274.0)
denovo247 D2_AY686649 545 (1284.5)
denovo247 D4_DQ865214 298 (1273.0)
denovo247 D1a_AF499802 297 (1283.0)
denovo247 D1a_JN558078 297 (1283.0)
denovo247 D123_EU074895 297 (1283.0)
denovo247 D108_AF174567 297 (1283.0)
denovo247 D103_AF174575 297 (1283.0)
denovo247 D100_AF411415 303 (1246.0)
denovo247 D118_EF656435 297 (1265.0)
denovo247 D101_AF411416 303 (1231.0)
denovo247 D119_EU099832 300 (1247.0)
denovo247 D102_AF174573 297 (1277.0)
denovo247 D1_AF334660 297 (1292.0)
denovo247 D1_JN558076 297 (1292.0)
denovo247 D1.12_HE579041 297 (1148.5)
denovo247 D1.1_AM748564 412 (609.5)
denovo247 D1.2_AM748617 417 (614.5)
denovo247 E111_EU074915 365 (486.5)
denovo247 E110_EU074914 361 (475.5)
denovo247 E114_EU074909 371 (480.0)
denovo247 E1_AF334659 364 (480.0)
denovo247 E105_EU074921 363 (481.0)
denovo247 E112_EU074916 362 (496.5)
denovo247 E104_EU074922 361 (493.5)
denovo247 E102_EU074924 362 (478.5)
denovo247 E103_EU074923 362 (487.5)
denovo247 E101_AY160123 363 (477.0)
denovo247 E109_EU074913 358 (504.0)
denovo247 E100_DQ011618 356 (523.0)
denovo247 E108_EU074912 354 (526.0)
denovo247 E113_EU074908 352 (515.0)
denovo247 E107_EU074910 354 (517.0)
denovo247 F1_JN558066 324 (599.0)
denovo247 F5.2d_AJ291530 326 (631.0)
denovo247 F104_AJ291531 326 (631.0)
denovo247 F5.2c_AM748596 326 (622.0)
denovo247 F5.2_AM748594 325 (638.0)
denovo247 F5.2a_AM748614 325 (638.0)
denovo247 F5.2b_AM748595 325 (629.0)
denovo247 F5.2e_AJ291533 323 (587.5)
denovo247 F5.2g_JN558072 323 (613.5)
denovo247 F5.2f_AJ291512 326 (613.0)
denovo247 F102_AJ291534 321 (617.0)
denovo247 F5.1c_AM748593 330 (616.5)
denovo247 F5.1d_JN558069 343 (619.5)
denovo247 F5.1b_AJ291535 331 (610.0)
denovo247 F5.1_AM748592 330 (616.0)
denovo247 F5.1a_AM748591 330 (616.0)
denovo247 F110_AJ291526 339 (616.5)
denovo247 F4.7_AM748587 338 (635.5)
denovo247 F4.5_AM748585 329 (659.0)
denovo247 F4.4a_AM748583 333 (654.0)
denovo247 F4.4_AM748582 328 (653.0)
denovo247 F4.4b_AM748584 331 (655.0)
denovo247 F4.1a_AM748573 337 (630.5)
denovo247 F112_AJ291528 339 (609.0)
denovo247 F4.1_AM748572 339 (627.0)
denovo247 F4.8b_AM748590 331 (646.0)
denovo247 F4.8_AM748588 331 (637.0)
denovo247 F4.8a_AM748589 331 (637.0)
denovo247 F109_AJ291527 331 (624.0)
denovo247 F4.6_AM748586 323 (642.5)
denovo247 F111_AJ311949 327 (618.5)
denovo247 F4.3c_AM748581 328 (635.5)
denovo247 F4.3a_AM748579 329 (629.5)
denovo247 F4.3b_AM748580 328 (635.5)
denovo247 F4.3_AM748578 328 (635.5)
denovo247 F4.2_AM748574 324 (645.0)
denovo247 F4.2a_AM748575 326 (645.5)
denovo247 F4.2c_AM748577 324 (645.0)
denovo247 F4.2b_AM748576 326 (645.5)
denovo247 F2b_AJ291521 338 (629.0)
denovo247 F2_AJ830908 329 (628.5)
denovo247 F2a_AJ830911 329 (633.5)
denovo247 F3.1a_AM748566 344 (613.5)
denovo247 F114_AJ291525 347 (605.5)
denovo247 F3.1_AM748565 347 (623.5)
denovo247 F3.2_AM748567 340 (656.0)
denovo247 F3.2a_AM748568 336 (671.5)
denovo247 F3.3_AM748569 353 (646.0)
denovo247 F3.4a_AM748571 347 (634.5)
denovo247 F3.4_AM748570 346 (622.5)
denovo247 F3.4b_AM748616 346 (622.5)
denovo247 G101_AJ291539 349 (615.5)
denovo247 G1_AM748597 349 (615.5)
denovo247 G2b_JN558087 346 (591.5)
denovo247 G2_AM748598 346 (600.5)
denovo247 G2a_AM748599 346 (600.5)
denovo247 G4_AM748601 341 (648.5)
denovo247 G3.4_LK392378 341 (617.5)
denovo247 G3_AM748600 340 (632.5)
denovo247 G3.2_KC597694 344 (534.0)
denovo247 G3.1_KC597688 345 (603.5)
denovo247 G100_AB253788 340 (608.0)
denovo247 G3.3_LK392377 340 (617.0)
denovo247 H6_AJ291520 633 (316.5)
denovo247 H3_AM748606 345 (451.5)
denovo247 H2_AM748605 350 (447.5)
denovo247 H4_AM748607 341 (452.0)
denovo247 H4a_AM748608 346 (454.5)
denovo247 H5a_AM748611 337 (447.5)
denovo247 H5b_AM748610 350 (440.5)
denovo247 H5_AJ621129 346 (448.0)
denovo247 H5_AM748609 346 (448.0)
denovo247 H100_AJ291513 348 (453.0)
denovo247 H1b_AM748604 350 (453.0)
denovo247 H1a_AM748612 350 (444.0)
denovo247 H1_AJ621152 350 (453.0)
denovo247 H1_AM748602 350 (453.0)
denovo247 I3_FN561561 339 (632.5)
denovo247 I4_FN561562 341 (628.5)
denovo247 I1_FN561559 342 (641.0)
denovo247 I2_FN561560 341 (638.0)

#---------------------------------------
#---------------------------------------
