denovo84 A136_DQ865210 317 (529.0)
denovo84 A133_DQ174725 338 (505.5)
denovo84 A115_AF180123 331 (494.5)
denovo84 A117_AF201746 339 (514.5)
denovo84 A134_DQ174723 341 (520.0)
denovo84 A114_AF184941 341 (520.0)
denovo84 A135_DQ174727 347 (512.5)
denovo84 A2_AF333506 347 (509.0)
denovo84 A101_AF427468 347 (503.5)
denovo84 A2_1_JN558097 347 (503.5)
denovo84 A2_2_JN558100 347 (503.5)
denovo84 A113_AF184948 338 (505.5)
denovo84 A112_AF184949 334 (503.5)
denovo84 A123_EF378618 337 (332.0)
denovo84 A137_EF378621 337 (330.0)
denovo84 A11_EU449041 339 (527.0)
denovo84 A121_DQ174722 338 (516.5)
denovo84 A15b_EU792886 341 (476.5)
denovo84 A15a_EU792885 341 (494.0)
denovo84 A15c_EU792887 341 (485.0)
denovo84 A15_EU792884 341 (485.5)
denovo84 A147_EU074937 339 (516.0)
denovo84 A154_EU074860 339 (516.0)
denovo84 A146_EU074936 340 (515.5)
denovo84 A150_EU074928 340 (524.5)
denovo84 A116_AF183575 340 (533.5)
denovo84 A141_EU074931 340 (524.5)
denovo84 A5_AF333508 334 (524.0)
denovo84 A3b_EU449043 339 (516.0)
denovo84 A151_EU074925 339 (515.0)
denovo84 A152_EU074927 345 (514.0)
denovo84 A149_EU074929 339 (522.0)
denovo84 A140_EU074930 339 (507.0)
denovo84 A142_EU074932 339 (512.0)
denovo84 A143_EU074933 342 (516.0)
denovo84 A144_EU074934 339 (507.0)
denovo84 A145_EU074935 342 (515.0)
denovo84 A148_EU074938 340 (515.5)
denovo84 A155_EU074856 344 (510.5)
denovo84 A156_EU074859 339 (507.0)
denovo84 A139_EU074962 339 (507.0)
denovo84 A6_AF186058 339 (516.0)
denovo84 A3_AF333507 339 (516.0)
denovo84 A3_JN558091 339 (516.0)
denovo84 A8_AY258468 340 (488.5)
denovo84 A7_AY239360 341 (502.5)
denovo84 A16_EU792888 341 (502.5)
denovo84 A4.3_FN429763 326 (489.0)
denovo84 A120_AF180122 321 (492.5)
denovo84 A4.2_FN429761 324 (471.0)
denovo84 A4_AF333509 324 (508.0)
denovo84 A4.1_FN429760 323 (503.0)
denovo84 A4a_AF499778 339 (510.5)
denovo84 A4a.1_FN429762 339 (510.5)
denovo84 A138_EF378620 341 (461.5)
denovo84 A122_EF378619 340 (498.5)
denovo84 A126_EF378615 339 (499.5)
denovo84 A10_EU792882 339 (499.5)
denovo84 A9_EU449028 336 (502.5)
denovo84 A105_AB207202 343 (503.0)
denovo84 A119_AF180121 331 (503.0)
denovo84 A12_EU792883 341 (507.5)
denovo84 A104_AB207203 336 (511.0)
denovo84 A1a_EU449030 339 (519.5)
denovo84 A1.3_HE578976 341 (507.0)
denovo84 A1.4_HE578977 341 (516.0)
denovo84 A13_AF333504 341 (515.0)
denovo84 A13_JN558094 341 (515.0)
denovo84 A110_AB190282 334 (511.5)
denovo84 A103_AB207206 338 (515.0)
denovo84 A130_EF656428 343 (512.0)
denovo84 A127_EF656429 343 (521.0)
denovo84 A128_EF656430 343 (503.0)
denovo84 A129_EF656431 344 (514.5)
denovo84 A131_EF656432 341 (516.0)
denovo84 A118_AF180120 335 (508.0)
denovo84 A1_AF333505 343 (512.0)
denovo84 A107_AB207199 338 (523.5)
denovo84 A111_AB190280 338 (523.5)
denovo84 A108_AB207197 345 (493.5)
denovo84 A106_AB207200 338 (514.0)
denovo84 A102_AB207209 338 (514.5)
denovo84 A1.2_AB207210 338 (514.5)
denovo84 A109_AB190285 338 (514.0)
denovo84 B4_AF333510 334 (1025.0)
denovo84 B23_EU449079 320 (1116.5)
denovo84 B30_GU907644 320 (1098.5)
denovo84 B11_AY239361 321 (1219.5)
denovo84 B17_AY258470 319 (1248.0)
denovo84 B1k_GU907638 321 (554.5)
denovo84 B1.V_Green2014 326 (1197.0)
denovo84 B1b_AF499780 319 (1161.5)
denovo84 B16_AY258469 319 (1239.0)
denovo84 B31a_GU907646 319 (1248.0)
denovo84 B32_GU907647 319 (1239.0)
denovo84 B31_GU907645 319 (1248.0)
denovo84 B1j_GU907637 319 (1239.0)
denovo84 B37_GU907650 321 (1237.5)
denovo84 B5a_AF499782 319 (1239.0)
denovo84 B5_AF499781 319 (1248.0)
denovo84 B24_GU907643 319 (1088.0)
denovo84 B117_AF180124 317 (1152.0)
denovo84 B10_AF499787 319 (1239.0)
denovo84 B20_GU907642 321 (1222.5)
denovo84 B1m_GU907640 319 (1248.0)
denovo84 B34_GU907649 319 (1248.0)
denovo84 B1d_GU907633 319 (1248.0)
denovo84 B1e_GU907634 319 (1248.0)
denovo84 B1i_GU907636 319 (1248.0)
denovo84 B1g_GU907635 320 (1229.0)
denovo84 B123_EU074872 319 (1257.0)
denovo84 B8_AF499785 320 (1238.0)
denovo84 B1l_GU907639 319 (1248.0)
denovo84 B1a_AF499779 319 (1248.0)
denovo84 B14_AY239362 320 (1238.0)
denovo84 B125_EU074865 319 (1248.0)
denovo84 B122_EU074871 319 (1248.0)
denovo84 B124_EU074874 319 (1248.0)
denovo84 B1.VII_Green2014 319 (1178.0)
denovo84 B1.III_Green2014 307 (1220.5)
denovo84 B1.I_Green2014 319 (1257.0)
denovo84 B1.II_Green2014 319 (1257.0)
denovo84 B1_JN558057 319 (1257.0)
denovo84 B1_AF333511 319 (1257.0)
denovo84 B1.IV_Green2014 329 (1242.5)
denovo84 B121_EU074870 319 (1248.0)
denovo84 B7_AF499784 319 (1248.0)
denovo84 B1.VI_Green2014 320 (1188.0)
denovo84 B3_AF333514 319 (1153.5)
denovo84 B9_AF499786 319 (1189.5)
denovo84 B19a_JN558055 302 (1138.0)
denovo84 B119_EU099825 328 (1079.0)
denovo84 B21_DQ865213 319 (1140.0)
denovo84 B38_GU907651 319 (1140.0)
denovo84 B18_AY258471 319 (1180.5)
denovo84 B18a_AY258472 319 (1171.5)
denovo84 B33_GU907648 319 (1180.5)
denovo84 B6_AF499783 324 (1177.5)
denovo84 B19_DQ865212 319 (1189.5)
denovo84 B19_GU907641 319 (1189.5)
denovo84 B2_AF333512 319 (1180.5)
denovo84 B2_JN558060 319 (1180.5)
denovo84 C33.1_AY258498 342 (632.5)
denovo84 C33.2_AY765400 342 (632.5)
denovo84 C33a_EF541147 342 (632.5)
denovo84 C34_AY258499 335 (639.5)
denovo84 C78_AY765413 337 (591.0)
denovo84 C15.29_KC597690 340 (598.0)
denovo84 C1131_DQ182650 342 (586.0)
denovo84 C1135_DQ182646 335 (584.5)
denovo84 C1134_DQ182647 337 (572.0)
denovo84 C1142_DQ182635 337 (581.0)
denovo84 C1136_DQ182644 335 (573.0)
denovo84 C1111_DQ182645 335 (573.0)
denovo84 C1236_EF473656 335 (564.0)
denovo84 C1138_DQ182642 332 (573.5)
denovo84 C1137_DQ182643 335 (564.0)
denovo84 C1133_DQ182648 335 (564.0)
denovo84 C1132_DQ182649 339 (566.5)
denovo84 C1143_DQ182634 335 (573.0)
denovo84 C1139_DQ182639 337 (581.0)
denovo84 C15.28_KC597687 337 (645.0)
denovo84 C1141_DQ182636 337 (590.0)
denovo84 C1144_DQ182637 337 (599.0)
denovo84 C1122_DQ182654 337 (608.0)
denovo84 C1127_DQ182652 337 (608.0)
denovo84 C15.30_JX394114 339 (640.5)
denovo84 C15.26_KC597686 341 (628.0)
denovo84 C1086_DQ182656 338 (629.5)
denovo84 C15.25_KC597685 338 (638.5)
denovo84 C1118_AF180127 341 (589.5)
denovo84 C1129_DQ182651 338 (574.5)
denovo84 C15.21_KC597683 336 (606.0)
denovo84 C56_AY589760 336 (623.0)
denovo84 C1140_DQ182638 338 (592.5)
denovo84 C1126_DQ182653 338 (583.5)
denovo84 C15c_AY258492 335 (639.0)
denovo84 C15d_AY258493 334 (645.5)
denovo84 C1098_DQ182641 336 (639.5)
denovo84 C15.27_KC597689 338 (629.5)
denovo84 C15.18_HE579024 338 (629.0)
denovo84 C15.16_HE579022 343 (653.0)
denovo84 C1101_AB253787 338 (620.5)
denovo84 C1083_AY237300 342 (631.0)
denovo84 C1088_DQ182640 338 (628.0)
denovo84 C15.6_FN563472 338 (629.5)
denovo84 C15.5_FJ461512 338 (620.5)
denovo84 C15.4_FJ461511 338 (629.5)
denovo84 C15.13_HE579019 338 (620.5)
denovo84 C15.12_HE579018 338 (629.5)
denovo84 C93a_AM748563 336 (651.0)
denovo84 C1094_AJ291514 336 (633.0)
denovo84 C93_AM748562 336 (642.0)
denovo84 C15.17_HE579023 337 (620.5)
denovo84 C15e_AY589742 345 (642.5)
denovo84 C15.22_KC597695 338 (629.5)
denovo84 C60_AY589764 338 (629.5)
denovo84 C15.1_FJ461508 338 (629.5)
denovo84 C15.2_FJ461509 338 (629.5)
denovo84 C15.9_FN563475 338 (638.5)
denovo84 C15.7_HE579015 337 (644.0)
denovo84 C15.8_HE579016 338 (629.5)
denovo84 C15.15_HE579021 338 (629.5)
denovo84 C15.19_HE579025 338 (638.5)
denovo84 C15.24_KC597696 338 (620.5)
denovo84 C15.3_FJ461510 338 (629.5)
denovo84 C1087_DQ182655 338 (638.5)
denovo84 C15.14_HE579020 339 (629.0)
denovo84 C15.23_KC597697 339 (629.0)
denovo84 C19_AY258479 337 (648.0)
denovo84 C1233_EU118166 338 (629.5)
denovo84 C15b_AY258491 338 (629.5)
denovo84 C15a_AY258476 338 (638.5)
denovo84 C1051_AF195153 338 (647.5)
denovo84 C2_AF333518 339 (647.0)
denovo84 C15.20_HE579026 339 (638.0)
denovo84 C15f_AY589743 340 (631.5)
denovo84 C55_AY589759 342 (636.5)
denovo84 C15_AY239369 338 (638.5)
denovo84 C32.1_JF683335 337 (595.5)
denovo84 C32.2_JF683336 337 (604.5)
denovo84 C21.23_KC597693 337 (604.5)
denovo84 C1193_EU099827 347 (615.5)
denovo84 C1195_EU099821 346 (599.0)
denovo84 C3q_GU907655 348 (597.5)
denovo84 C53_AY589758 339 (621.5)
denovo84 C73_AY765408 345 (603.0)
denovo84 C17.2.1_KC597684 343 (593.0)
denovo84 C32_AY258497 337 (596.5)
denovo84 C1189_EU099831 338 (599.5)
denovo84 C1191_EU099833 337 (606.0)
denovo84 C1196_EU099819 334 (586.0)
denovo84 C1192_EU099820 334 (586.0)
denovo84 C17.1_JF683322 338 (599.5)
denovo84 C26_b2_FN827164 343 (601.5)
denovo84 C26_b3_FN827165 339 (581.0)
denovo84 C31.9_HQ630879 340 (586.0)
denovo84 C31a_AY589746 340 (582.5)
denovo84 C30_AY589745 339 (587.0)
denovo84 C31.1_HQ630876 339 (587.0)
denovo84 C31.5_HQ630877 340 (591.5)
denovo84 C31.6_HQ630878 340 (591.5)
denovo84 C31.2_JF683332 340 (591.5)
denovo84 C31.3_JF683333 340 (582.5)
denovo84 C26/C35a_AY239378 339 (590.0)
denovo84 C35a_AY258501 339 (590.0)
denovo84 C35.2_AY258500 339 (599.0)
denovo84 C26_b1_FN827163 339 (599.0)
denovo84 C17_AY239370 338 (599.5)
denovo84 C17.2_FJ461513 340 (598.5)
denovo84 C31.10_HQ630880 340 (595.0)
denovo84 C31.4_JF683334 344 (580.0)
denovo84 C31_AY258496 340 (591.5)
denovo84 C25_AY239377 336 (644.0)
denovo84 C61_AY589765 339 (579.5)
denovo84 C1043_DQ072721 338 (588.5)
denovo84 C79_AY765414 348 (611.5)
denovo84 C69_AY589773 323 (629.5)
denovo84 C69a_AY686648 323 (620.5)
denovo84 C21.22_KC597692 336 (600.0)
denovo84 C51_AY589756 337 (609.0)
denovo84 C1aa_HM185739 334 (634.5)
denovo84 C1096_DQ068023 336 (612.5)
denovo84 C74_AY765409 343 (639.0)
denovo84 C1185_AB294629 343 (639.5)
denovo84 C1184_AB294630 343 (639.5)
denovo84 C1153_AB294625 343 (639.5)
denovo84 C1154_AB294626 342 (655.0)
denovo84 C1187_AB294627 343 (639.5)
denovo84 C1186_AB294628 343 (639.5)
denovo84 C57_AY589761 343 (648.5)
denovo84 C66_AY589771 343 (648.5)
denovo84 C5_AF499795 338 (629.5)
denovo84 C1167_AB294586 338 (629.5)
denovo84 C1164_AB294593 338 (629.5)
denovo84 C1183_AB294631 338 (638.5)
denovo84 C1067_DQ335381 333 (613.5)
denovo84 C1159_AB294613 337 (623.0)
denovo84 C1150_AB294622 337 (632.0)
denovo84 C90_AM748554 340 (646.5)
denovo84 C1168_AB294583 342 (631.0)
denovo84 C1156_AB294616 342 (640.0)
denovo84 C1151_AB294621 338 (647.5)
denovo84 C92a_AM748561 342 (649.0)
denovo84 C92_AM748560 342 (640.0)
denovo84 C1165_AB294581 336 (641.0)
denovo84 C1166_AB294584 338 (656.5)
denovo84 C1162_AB294594 342 (640.0)
denovo84 C1163_AB294596 338 (648.0)
denovo84 C1161_AB294606 338 (647.5)
denovo84 C1160_AB294608 341 (646.0)
denovo84 C1158_AB294614 338 (647.5)
denovo84 C1155_AB294617 338 (638.5)
denovo84 C1149_AB294620 338 (647.5)
denovo84 C1173_AB294662 338 (656.5)
denovo84 C1171_AB294663 338 (638.5)
denovo84 C1172_AB294665 338 (638.5)
denovo84 C91a_AM748556 338 (647.5)
denovo84 C91b_AM748557 338 (647.5)
denovo84 C91d_AM748559 338 (647.5)
denovo84 C91c_AM748558 338 (647.5)
denovo84 C91_AJ621543 338 (647.5)
denovo84 C91_AM748555 338 (647.5)
denovo84 C1023_DQ335330 297 (621.5)
denovo84 C1020_DQ335392 342 (623.0)
denovo84 C1018_DQ335408 336 (632.0)
denovo84 C1074_DQ335329 338 (620.5)
denovo84 C1030_DQ335353 338 (620.5)
denovo84 C1022_DQ335331 338 (620.5)
denovo84 C1027_DQ335360 338 (638.5)
denovo84 C1072_DQ335344 338 (620.5)
denovo84 C1039_AB190274 338 (629.5)
denovo84 C1033_DQ335350 343 (617.5)
denovo84 C1019_DQ335407 338 (629.5)
denovo84 C1194_EU099826 338 (614.5)
denovo84 C8b_AY258475 340 (611.0)
denovo84 C8_AY239367 341 (619.5)
denovo84 C8a_AY239368 343 (615.5)
denovo84 C54a_AY765406 338 (629.5)
denovo84 C3ff_HM185740 338 (638.5)
denovo84 C59_AY589763 342 (625.0)
denovo84 C3k_AY589737 340 (626.0)
denovo84 C3.24_HE579012 336 (632.5)
denovo84 C3.23_HE579011 340 (626.0)
denovo84 C35.1_AY765401 345 (640.5)
denovo84 C35.3_EF541145 338 (638.5)
denovo84 C76_AY765411 336 (638.5)
denovo84 C1107_DQ335359 335 (605.5)
denovo84 C3.22_HE579010 337 (617.0)
denovo84 C77_AY765412 339 (628.0)
denovo84 C20_AY239371 341 (628.5)
denovo84 C1055_DQ480640 339 (611.0)
denovo84 C27/C30_AY239379 339 (606.0)
denovo84 C27.1_FJ461517 339 (597.0)
denovo84 C40a_AY589747 340 (634.0)
denovo84 C40_AY258485 340 (634.0)
denovo84 C40b_AY589748 337 (630.5)
denovo84 C16_AY258477 341 (629.0)
denovo84 C16a_AY765399 341 (629.0)
denovo84 C1091_AB207186 338 (630.0)
denovo84 C1102_DQ335400 338 (612.0)
denovo84 C1069_DQ335375 334 (633.5)
denovo84 C1073_DQ335332 334 (625.0)
denovo84 C1066_DQ335382 339 (623.5)
denovo84 C1031_DQ335352 343 (635.5)
denovo84 C1026_DQ335366 343 (635.0)
denovo84 C70_AY589774 338 (639.0)
denovo84 C1082_AB190267 342 (622.5)
denovo84 C1078_AB190271 336 (632.5)
denovo84 C1090_AB207191 338 (630.0)
denovo84 C1071_DQ335302 338 (630.0)
denovo84 C1075_DQ335328 338 (630.0)
denovo84 C1068_DQ335379 339 (623.0)
denovo84 C1064_DQ335395 338 (621.0)
denovo84 C1063_DQ335403 340 (634.5)
denovo84 C62_AY589766 338 (630.0)
denovo84 C1077_DQ335316 335 (635.5)
denovo84 C1109_DQ335338 338 (621.0)
denovo84 C1110_DQ335340 338 (612.0)
denovo84 C1106_DQ335339 338 (612.0)
denovo84 C1112_DQ335319 338 (621.0)
denovo84 C1108_DQ335351 338 (612.0)
denovo84 C1105_DQ335394 338 (621.0)
denovo84 C1121_DQ335378 345 (614.0)
denovo84 C1116_AB190268 345 (623.0)
denovo84 C1115_AB190273 345 (623.0)
denovo84 C1124_DQ335323 338 (603.0)
denovo84 C1120_DQ335398 338 (603.0)
denovo84 C1119_DQ335404 338 (612.0)
denovo84 C1123_DQ335363 338 (612.0)
denovo84 C1004_DQ480635 338 (629.5)
denovo84 C1061_AY186568 338 (620.5)
denovo84 C1053_AY186569 338 (629.5)
denovo84 C1003_DQ480639 338 (629.5)
denovo84 C81_GU907657 324 (622.0)
denovo84 C22_AY239373 333 (632.5)
denovo84 C22a_AY239374 333 (641.0)
denovo84 C1232_EU118163 340 (626.0)
denovo84 C21.13_FJ461515 337 (588.0)
denovo84 C21.1_JF683323 332 (598.5)
denovo84 C21.3_JF683325 338 (608.5)
denovo84 C1.20_HE578993 338 (620.5)
denovo84 C1.22_HE578995 338 (611.5)
denovo84 C52_AY589757 341 (631.5)
denovo84 C1201_EU099793 339 (602.5)
denovo84 C14_AY589741 341 (623.0)
denovo84 C43_AY589749 341 (629.0)
denovo84 C50_AY589755 338 (629.5)
denovo84 C3.14_HQ630872 337 (635.0)
denovo84 C1m_AY765398 338 (630.0)
denovo84 C82_GU907658 346 (626.0)
denovo84 C82b_GU907660 346 (626.0)
denovo84 C64_AY589768 337 (635.0)
denovo84 C45a_AY765404 341 (637.5)
denovo84 C48_AY589753 338 (650.0)
denovo84 C1_v1b_FJ919244 334 (624.5)
denovo84 C1_v1a_FJ919243 338 (629.5)
denovo84 C3j_AY239366 338 (620.5)
denovo84 C3t_EF541149 338 (638.5)
denovo84 C9_AF499798 340 (635.5)
denovo84 C23_AY239375 339 (651.0)
denovo84 C37_AY258481 343 (635.0)
denovo84 C1048_DQ068026 339 (631.0)
denovo84 C21.4_JF683326 338 (599.5)
denovo84 C21.5_JF683327 338 (599.5)
denovo84 C1070_DQ335349 338 (620.5)
denovo84 C21.6_HQ630873 338 (599.5)
denovo84 C1224_EU074890 338 (647.5)
denovo84 C1.17_HE578990 338 (647.5)
denovo84 C21_b1_FN827162 336 (600.0)
denovo84 C21.9_JF683330 336 (609.0)
denovo84 C1085_AY624605 340 (625.5)
denovo84 C3p_GU907654 338 (614.5)
denovo84 C3f_AY589734 338 (638.5)
denovo84 C65a_AY589770 338 (629.5)
denovo84 C65_AY589769 338 (638.5)
denovo84 C71_AY589775 338 (638.5)
denovo84 C71a_AY589776 338 (629.5)
denovo84 C1178_AB294647 336 (636.5)
denovo84 C1225_EU074893 339 (641.0)
denovo84 C75_AY765410 337 (636.0)
denovo84 C21.10_JF683331 337 (605.5)
denovo84 C21.11_HQ630874 337 (605.5)
denovo84 C1065_DQ335388 338 (638.5)
denovo84 C1045_DQ068036 338 (647.5)
denovo84 C1h_AY258473 337 (635.0)
denovo84 C38_AY258482 337 (635.0)
denovo84 C1202_EU099799 337 (626.0)
denovo84 C7_AF499797 337 (635.0)
denovo84 C12_AF499801 339 (624.5)
denovo84 C38a_AY258483 338 (634.5)
denovo84 C1200_EU099800 327 (640.0)
denovo84 C44a_AY589751 341 (629.0)
denovo84 C47_AY589752 341 (646.5)
denovo84 C44_AY589750 341 (637.5)
denovo84 C1.15_HE578988 338 (629.5)
denovo84 C45.3_FJ461522 341 (628.5)
denovo84 C46a_AY765405 341 (628.5)
denovo84 C46_EU449108 341 (637.5)
denovo84 C3.12_FJ461507 341 (637.5)
denovo84 C1k_AY589733 341 (628.5)
denovo84 C67_AY686647 341 (637.5)
denovo84 C82a_GU907659 338 (629.5)
denovo84 C10a_AY589739 341 (637.5)
denovo84 C10_AF499799 341 (628.5)
denovo84 C13_AY589740 343 (631.5)
denovo84 C4_AF499794 341 (628.5)
denovo84 C1147_EF656433 341 (628.5)
denovo84 C1c/C45_AY239364 341 (637.5)
denovo84 C1c/C45_EU449103 341 (637.5)
denovo84 C21.19_HE579031 338 (608.5)
denovo84 C21.21_HE579033 338 (599.5)
denovo84 C21.20_HE579032 338 (608.5)
denovo84 C42b_AY765403 342 (623.0)
denovo84 C42_AY258487 342 (632.0)
denovo84 C1p_GU907652 338 (629.5)
denovo84 C1d_AY258488 339 (622.0)
denovo84 C42_AY765402 341 (628.5)
denovo84 C3ha_AY589736 342 (601.0)
denovo84 C63a_AY589767 340 (616.5)
denovo84 C21a_AY589744 338 (608.5)
denovo84 C3o_GU907653 337 (606.0)
denovo84 C21.16_HQ630875 334 (612.5)
denovo84 C21.2_JF683324 338 (599.5)
denovo84 C21.7_JF683328 337 (606.0)
denovo84 C21.8_JF683329 336 (611.0)
denovo84 C3h_AY239365 338 (599.5)
denovo84 C1203_EU099798 338 (599.5)
denovo84 C3.10_FJ461505 334 (643.0)
denovo84 C21.14_FJ461516 334 (613.0)
denovo84 C21.18_HE579030 344 (596.5)
denovo84 C3.17_HE579005 338 (629.5)
denovo84 C3.9_FJ461504 338 (626.5)
denovo84 C3.8_FJ461503 338 (638.5)
denovo84 C3.7_FJ461502 338 (629.5)
denovo84 C3.11_FJ461506 345 (641.0)
denovo84 C3.18_HE579006 338 (629.5)
denovo84 C3.19_HE579007 338 (629.5)
denovo84 C3.20_HE579008 338 (629.5)
denovo84 C3g_AY589735 341 (621.5)
denovo84 C3a_AF499790 332 (637.5)
denovo84 C3e_AF499793 338 (629.5)
denovo84 C6_AF499796 345 (649.5)
denovo84 C11_AF499800 336 (632.0)
denovo84 C36_AY258480 338 (647.5)
denovo84 C29_AY258494 338 (647.5)
denovo84 C1146_EF656434 339 (633.0)
denovo84 C1190_EU099841 338 (647.5)
denovo84 C131_JF320826 338 (629.5)
denovo84 C28_AY239380 346 (637.0)
denovo84 C1012_DQ480604 334 (633.5)
denovo84 C1181_AB294640 337 (630.0)
denovo84 C1180_AB294641 337 (648.0)
denovo84 C1179_AB294645 337 (639.0)
denovo84 C1176_AB294651 337 (639.0)
denovo84 C1175_AB294653 337 (630.0)
denovo84 C1174_AB294655 339 (635.5)
denovo84 C1177_AB294659 337 (639.0)
denovo84 C1040_AB190269 340 (635.0)
denovo84 C1182_AB294649 338 (629.5)
denovo84 C1089_AJ278598 338 (629.5)
denovo84 C1028_DQ335357 345 (640.5)
denovo84 C3.16_EU786015 338 (647.5)
denovo84 C1097_AJ311943 339 (628.5)
denovo84 C1170_AB294661 337 (639.0)
denovo84 C21.17_HE579029 338 (619.5)
denovo84 C21/3d/C3k_AY239372 338 (608.5)
denovo84 C58_AY589762 339 (608.0)
denovo84 C3L_AY589738 341 (634.0)
denovo84 C1169_AB294660 337 (639.0)
denovo84 C3.2_FJ461497 338 (632.5)
denovo84 C3.1_JF683321 337 (639.0)
denovo84 C1104_AF427469 339 (628.5)
denovo84 C3b_AF499791 338 (641.5)
denovo84 C83_GU907661 338 (641.0)
denovo84 C49_AY589754 364 (653.0)
denovo84 C3_AB778606 338 (638.5)
denovo84 C3_AF499789 338 (638.5)
denovo84 C3_HE579001 338 (638.5)
denovo84 C21.12_FJ461514 338 (590.5)
denovo84 C1229_EU074888 335 (625.0)
denovo84 C1230_EU074889 335 (634.0)
denovo84 C1114_AB207196 338 (620.5)
denovo84 C3.21_HE579009 342 (562.0)
denovo84 C1057_DQ480619 338 (629.5)
denovo84 C72_AY765407 335 (629.0)
denovo84 C1b.3_HE578999 338 (623.5)
denovo84 C93_AJ621536 338 (629.5)
denovo84 C94_AJ621539 338 (629.5)
denovo84 C1g_AY589730 338 (647.5)
denovo84 C1i_AY589731 335 (630.5)
denovo84 C1j_AY589732 345 (640.5)
denovo84 C1005_DQ480633 338 (629.5)
denovo84 C1.7_FJ461494 338 (629.5)
denovo84 C1.11_HE578984 338 (630.0)
denovo84 C1.12_HE578985 338 (629.5)
denovo84 C1.13_HE578986 338 (638.5)
denovo84 C1.14_HE578987 338 (638.5)
denovo84 C1.18_HE578991 338 (629.5)
denovo84 C1.19_HE578992 338 (629.5)
denovo84 C1199_EU099802 338 (623.0)
denovo84 C1188_EU099838 338 (638.0)
denovo84 C1002_DQ838544 338 (638.5)
denovo84 C1198_EU099810 338 (629.5)
denovo84 C24_AY239376 338 (629.5)
denovo84 C1f_AY258490 338 (638.5)
denovo84 C1006_DQ480629 338 (647.5)
denovo84 C1010_DQ480607 338 (629.5)
denovo84 C1007_DQ480624 338 (629.5)
denovo84 C1011_DQ480605 338 (629.5)
denovo84 C1009_DQ480608 342 (631.5)
denovo84 C1041_AY186548 338 (638.5)
denovo84 C1052_AY186570 339 (631.5)
denovo84 C1148_EU040178 338 (638.5)
denovo84 C1234_EU118165 339 (628.5)
denovo84 C1.5_EF634157 338 (638.5)
denovo84 C1059_DQ480609 338 (629.5)
denovo84 C1228_EU074883 338 (629.5)
denovo84 C1208_EU074963 338 (629.5)
denovo84 C1207_EU074964 338 (638.5)
denovo84 C1206_EU074965 338 (638.5)
denovo84 C1013_DQ480642 338 (629.5)
denovo84 C80_GU907656 348 (633.5)
denovo84 C1a_AF499788 338 (638.5)
denovo84 C41_AY258486 338 (638.5)
denovo84 C39_AY258484 324 (645.5)
denovo84 C1231_EU074878 338 (629.5)
denovo84 C1b.1_HE578997 338 (623.5)
denovo84 C18_AY258478 338 (638.5)
denovo84 C1.10_HE578983 337 (633.0)
denovo84 C1_JN558041 338 (638.5)
denovo84 C1_HE578979 338 (638.5)
denovo84 C1_AM748551 338 (638.5)
denovo84 C1_AF333515 338 (638.5)
denovo84 C1054_AY186565 337 (642.0)
denovo84 C1008_DQ480613 338 (629.5)
denovo84 C1103_AF427470 339 (628.5)
denovo84 C1226_EU074881 339 (628.5)
denovo84 C1b/C1e_AY239363 338 (632.5)
denovo84 C1044_DQ068038 338 (623.5)
denovo84 C1017_DQ174729 339 (622.5)
denovo84 C1.6_FJ461493 338 (629.5)
denovo84 C1b.2_HE578998 338 (623.5)
denovo84 C1060_DQ480600 338 (629.5)
denovo84 C1227_EU074882 338 (629.5)
denovo84 C1197_EU099814 338 (629.5)
denovo84 C1130_DQ480643 338 (515.0)
denovo84 D109_AB097465 348 (476.5)
denovo84 D1.11_HE579040 351 (468.5)
denovo84 D105_AF174570 351 (486.0)
denovo84 D104_AF174572 351 (476.0)
denovo84 D1.3_JF683337 353 (472.5)
denovo84 D1.10_HE579039 349 (469.5)
denovo84 D110_AF174561 349 (469.5)
denovo84 D117_AF174542 351 (468.0)
denovo84 D114_AF174549 351 (477.0)
denovo84 D113_AF174557 351 (468.0)
denovo84 D112_AF174558 353 (474.5)
denovo84 D106_AF174559 351 (477.0)
denovo84 D111_AF174560 351 (476.5)
denovo84 D115_AF174562 351 (468.0)
denovo84 D107_AF174568 350 (483.5)
denovo84 D116_AF174571 349 (460.5)
denovo84 D124_EU074897 348 (477.5)
denovo84 D1.8_HE579037 353 (474.5)
denovo84 D3_AY686650 351 (477.0)
denovo84 D1.6_HQ630881 351 (468.0)
denovo84 D120_EU074900 351 (468.0)
denovo84 D121_EU074904 349 (469.5)
denovo84 D122_EU074905 351 (476.0)
denovo84 D1a.2_JF683339 354 (469.5)
denovo84 D1a.1_JF683338 348 (477.5)
denovo84 D2_AY686649 584 (543.5)
denovo84 D4_DQ865214 354 (474.0)
denovo84 D1a_AF499802 351 (477.0)
denovo84 D1a_JN558078 351 (477.0)
denovo84 D123_EU074895 352 (479.5)
denovo84 D108_AF174567 347 (483.0)
denovo84 D103_AF174575 351 (477.0)
denovo84 D100_AF411415 351 (477.0)
denovo84 D118_EF656435 345 (486.0)
denovo84 D101_AF411416 351 (462.0)
denovo84 D119_EU099832 353 (466.0)
denovo84 D102_AF174573 351 (480.5)
denovo84 D1_AF334660 351 (477.0)
denovo84 D1_JN558076 351 (477.0)
denovo84 D1.12_HE579041 332 (475.0)
denovo84 D1.1_AM748564 419 (502.5)
denovo84 D1.2_AM748617 443 (493.0)
denovo84 E111_EU074915 350 (467.0)
denovo84 E110_EU074914 351 (470.0)
denovo84 E114_EU074909 351 (452.0)
denovo84 E1_AF334659 352 (460.0)
denovo84 E105_EU074921 351 (470.0)
denovo84 E112_EU074916 351 (452.0)
denovo84 E104_EU074922 351 (461.0)
denovo84 E102_EU074924 351 (452.0)
denovo84 E103_EU074923 351 (461.0)
denovo84 E101_AY160123 356 (436.0)
denovo84 E109_EU074913 346 (464.5)
denovo84 E100_DQ011618 363 (478.5)
denovo84 E108_EU074912 351 (468.5)
denovo84 E113_EU074908 347 (478.5)
denovo84 E107_EU074910 351 (468.5)
denovo84 F1_JN558066 351 (613.0)
denovo84 F5.2d_AJ291530 340 (634.5)
denovo84 F104_AJ291531 340 (634.5)
denovo84 F5.2c_AM748596 340 (626.0)
denovo84 F5.2_AM748594 340 (625.5)
denovo84 F5.2a_AM748614 340 (625.5)
denovo84 F5.2b_AM748595 353 (627.0)
denovo84 F5.2e_AJ291533 343 (599.0)
denovo84 F5.2g_JN558072 340 (634.0)
denovo84 F5.2f_AJ291512 340 (625.0)
denovo84 F102_AJ291534 340 (625.0)
denovo84 F5.1c_AM748593 341 (646.0)
denovo84 F5.1d_JN558069 341 (618.0)
denovo84 F5.1b_AJ291535 340 (635.0)
denovo84 F5.1_AM748592 342 (631.5)
denovo84 F5.1a_AM748591 340 (635.0)
denovo84 F110_AJ291526 332 (683.5)
denovo84 F4.7_AM748587 334 (666.0)
denovo84 F4.5_AM748585 334 (652.5)
denovo84 F4.4a_AM748583 329 (684.5)
denovo84 F4.4_AM748582 334 (687.0)
denovo84 F4.4b_AM748584 327 (703.5)
denovo84 F4.1a_AM748573 336 (648.0)
denovo84 F112_AJ291528 333 (642.0)
denovo84 F4.1_AM748572 333 (642.0)
denovo84 F4.8b_AM748590 337 (688.0)
denovo84 F4.8_AM748588 328 (688.5)
denovo84 F4.8a_AM748589 328 (688.5)
denovo84 F109_AJ291527 334 (693.0)
denovo84 F4.6_AM748586 333 (641.5)
denovo84 F111_AJ311949 326 (680.0)
denovo84 F4.3c_AM748581 327 (683.0)
denovo84 F4.3a_AM748579 326 (690.0)
denovo84 F4.3b_AM748580 327 (692.0)
denovo84 F4.3_AM748578 327 (683.0)
denovo84 F4.2_AM748574 333 (695.5)
denovo84 F4.2a_AM748575 333 (672.0)
denovo84 F4.2c_AM748577 333 (668.5)
denovo84 F4.2b_AM748576 333 (681.0)
denovo84 F2b_AJ291521 350 (642.5)
denovo84 F2_AJ830908 340 (667.5)
denovo84 F2a_AJ830911 341 (658.0)
denovo84 F3.1a_AM748566 342 (640.0)
denovo84 F114_AJ291525 343 (660.5)
denovo84 F3.1_AM748565 343 (660.5)
denovo84 F3.2_AM748567 339 (703.0)
denovo84 F3.2a_AM748568 335 (701.0)
denovo84 F3.3_AM748569 344 (660.5)
denovo84 F3.4a_AM748571 337 (620.0)
denovo84 F3.4_AM748570 345 (626.0)
denovo84 F3.4b_AM748616 345 (626.0)
denovo84 G101_AJ291539 372 (493.0)
denovo84 G1_AM748597 372 (493.0)
denovo84 G2b_JN558087 365 (493.0)
denovo84 G2_AM748598 365 (493.0)
denovo84 G2a_AM748599 362 (492.0)
denovo84 G4_AM748601 362 (544.5)
denovo84 G3.4_LK392378 364 (504.0)
denovo84 G3_AM748600 363 (510.5)
denovo84 G3.2_KC597694 361 (448.0)
denovo84 G3.1_KC597688 364 (522.5)
denovo84 G100_AB253788 365 (498.0)
denovo84 G3.3_LK392377 364 (513.0)
denovo84 H6_AJ291520 619 (294.5)
denovo84 H3_AM748606 347 (498.5)
denovo84 H2_AM748605 342 (511.5)
denovo84 H4_AM748607 352 (497.5)
denovo84 H4a_AM748608 353 (497.0)
denovo84 H5a_AM748611 346 (482.0)
denovo84 H5b_AM748610 349 (480.5)
denovo84 H5_AJ621129 346 (482.0)
denovo84 H5_AM748609 346 (482.0)
denovo84 H100_AJ291513 346 (453.0)
denovo84 H1b_AM748604 346 (448.0)
denovo84 H1a_AM748612 346 (457.0)
denovo84 H1_AJ621152 346 (457.0)
denovo84 H1_AM748602 346 (457.0)
denovo84 I3_FN561561 341 (691.0)
denovo84 I4_FN561562 341 (691.0)
denovo84 I1_FN561559 348 (685.5)
denovo84 I2_FN561560 351 (685.0)

#---------------------------------------
#---------------------------------------
