denovo224 A136_DQ865210 330 (424.5)
denovo224 A133_DQ174725 333 (374.5)
denovo224 A115_AF180123 346 (393.0)
denovo224 A117_AF201746 336 (406.0)
denovo224 A134_DQ174723 336 (406.0)
denovo224 A114_AF184941 336 (406.0)
denovo224 A135_DQ174727 344 (394.5)
denovo224 A2_AF333506 351 (386.0)
denovo224 A101_AF427468 344 (385.5)
denovo224 A2_1_JN558097 344 (385.5)
denovo224 A2_2_JN558100 344 (385.5)
denovo224 A113_AF184948 337 (401.0)
denovo224 A112_AF184949 339 (388.0)
denovo224 A123_EF378618 325 (286.0)
denovo224 A137_EF378621 300 (335.5)
denovo224 A11_EU449041 351 (400.0)
denovo224 A121_DQ174722 327 (396.0)
denovo224 A15b_EU792886 339 (352.0)
denovo224 A15a_EU792885 343 (366.0)
denovo224 A15c_EU792887 342 (361.0)
denovo224 A15_EU792884 339 (361.0)
denovo224 A147_EU074937 343 (411.5)
denovo224 A154_EU074860 343 (402.0)
denovo224 A146_EU074936 348 (389.0)
denovo224 A150_EU074928 348 (398.0)
denovo224 A116_AF183575 340 (391.5)
denovo224 A141_EU074931 348 (398.0)
denovo224 A5_AF333508 329 (402.0)
denovo224 A3b_EU449043 343 (393.5)
denovo224 A151_EU074925 343 (392.5)
denovo224 A152_EU074927 346 (393.0)
denovo224 A149_EU074929 343 (393.5)
denovo224 A140_EU074930 343 (393.5)
denovo224 A142_EU074932 343 (384.5)
denovo224 A143_EU074933 333 (399.0)
denovo224 A144_EU074934 343 (393.5)
denovo224 A145_EU074935 343 (393.0)
denovo224 A148_EU074938 336 (389.5)
denovo224 A155_EU074856 343 (384.5)
denovo224 A156_EU074859 343 (402.5)
denovo224 A139_EU074962 343 (393.5)
denovo224 A6_AF186058 343 (393.5)
denovo224 A3_AF333507 343 (393.5)
denovo224 A3_JN558091 343 (393.5)
denovo224 A8_AY258468 343 (366.5)
denovo224 A7_AY239360 337 (375.0)
denovo224 A16_EU792888 343 (376.0)
denovo224 A4.3_FN429763 326 (380.5)
denovo224 A120_AF180122 317 (390.5)
denovo224 A4.2_FN429761 316 (402.5)
denovo224 A4_AF333509 321 (400.0)
denovo224 A4.1_FN429760 319 (401.0)
denovo224 A4a_AF499778 328 (394.0)
denovo224 A4a.1_FN429762 328 (394.0)
denovo224 A138_EF378620 323 (389.5)
denovo224 A122_EF378619 319 (388.5)
denovo224 A126_EF378615 318 (389.5)
denovo224 A10_EU792882 318 (389.5)
denovo224 A9_EU449028 329 (409.0)
denovo224 A105_AB207202 329 (418.0)
denovo224 A119_AF180121 316 (402.5)
denovo224 A12_EU792883 329 (417.5)
denovo224 A104_AB207203 329 (399.5)
denovo224 A1a_EU449030 329 (418.0)
denovo224 A1.3_HE578976 336 (403.0)
denovo224 A1.4_HE578977 329 (409.0)
denovo224 A13_AF333504 329 (408.0)
denovo224 A13_JN558094 329 (408.0)
denovo224 A110_AB190282 327 (408.5)
denovo224 A103_AB207206 329 (418.0)
denovo224 A130_EF656428 329 (409.0)
denovo224 A127_EF656429 329 (418.0)
denovo224 A128_EF656430 329 (409.0)
denovo224 A129_EF656431 330 (411.5)
denovo224 A131_EF656432 329 (400.0)
denovo224 A118_AF180120 318 (412.5)
denovo224 A1_AF333505 329 (409.0)
denovo224 A107_AB207199 329 (417.5)
denovo224 A111_AB190280 329 (417.5)
denovo224 A108_AB207197 336 (387.5)
denovo224 A106_AB207200 329 (408.0)
denovo224 A102_AB207209 329 (408.5)
denovo224 A1.2_AB207210 329 (408.5)
denovo224 A109_AB190285 329 (408.0)
denovo224 B4_AF333510 320 (1009.5)
denovo224 B23_EU449079 306 (1182.0)
denovo224 B30_GU907644 306 (1164.0)
denovo224 B11_AY239361 308 (1180.0)
denovo224 B17_AY258470 306 (1172.5)
denovo224 B1k_GU907638 285 (678.5)
denovo224 B1.V_Green2014 313 (1139.5)
denovo224 B1b_AF499780 305 (1137.5)
denovo224 B16_AY258469 306 (1181.5)
denovo224 B31a_GU907646 306 (1199.5)
denovo224 B32_GU907647 306 (1199.5)
denovo224 B31_GU907645 306 (1208.5)
denovo224 B1j_GU907637 306 (1190.5)
denovo224 B37_GU907650 308 (1180.0)
denovo224 B5a_AF499782 306 (1199.5)
denovo224 B5_AF499781 306 (1208.5)
denovo224 B24_GU907643 284 (1172.0)
denovo224 B117_AF180124 305 (1097.5)
denovo224 B10_AF499787 306 (1181.5)
denovo224 B20_GU907642 308 (1165.0)
denovo224 B1m_GU907640 306 (1190.5)
denovo224 B34_GU907649 306 (1190.5)
denovo224 B1d_GU907633 306 (1190.5)
denovo224 B1e_GU907634 306 (1190.5)
denovo224 B1i_GU907636 306 (1190.5)
denovo224 B1g_GU907635 307 (1171.5)
denovo224 B123_EU074872 306 (1181.5)
denovo224 B8_AF499785 307 (1180.5)
denovo224 B1l_GU907639 306 (1190.5)
denovo224 B1a_AF499779 306 (1190.5)
denovo224 B14_AY239362 307 (1189.5)
denovo224 B125_EU074865 306 (1190.5)
denovo224 B122_EU074871 306 (1199.5)
denovo224 B124_EU074874 306 (1190.5)
denovo224 B1.VII_Green2014 296 (1171.5)
denovo224 B1.III_Green2014 306 (1118.5)
denovo224 B1.I_Green2014 306 (1199.5)
denovo224 B1.II_Green2014 306 (1199.5)
denovo224 B1_JN558057 306 (1199.5)
denovo224 B1_AF333511 306 (1199.5)
denovo224 B1.IV_Green2014 316 (1193.5)
denovo224 B121_EU074870 306 (1190.5)
denovo224 B7_AF499784 306 (1190.5)
denovo224 B1.VI_Green2014 307 (1130.5)
denovo224 B3_AF333514 305 (1210.5)
denovo224 B9_AF499786 305 (1237.5)
denovo224 B19a_JN558055 305 (1092.5)
denovo224 B119_EU099825 314 (1109.0)
denovo224 B21_DQ865213 305 (1197.0)
denovo224 B38_GU907651 305 (1197.0)
denovo224 B18_AY258471 305 (1228.5)
denovo224 B18a_AY258472 305 (1219.5)
denovo224 B33_GU907648 305 (1228.5)
denovo224 B6_AF499783 310 (1225.0)
denovo224 B19_DQ865212 305 (1246.5)
denovo224 B19_GU907641 305 (1246.5)
denovo224 B2_AF333512 305 (1237.5)
denovo224 B2_JN558060 305 (1237.5)
denovo224 C33.1_AY258498 333 (531.5)
denovo224 C33.2_AY765400 333 (531.5)
denovo224 C33a_EF541147 333 (531.5)
denovo224 C34_AY258499 326 (529.5)
denovo224 C78_AY765413 322 (517.0)
denovo224 C15.29_KC597690 326 (517.0)
denovo224 C1131_DQ182650 326 (518.5)
denovo224 C1135_DQ182646 316 (525.0)
denovo224 C1134_DQ182647 316 (534.0)
denovo224 C1142_DQ182635 316 (525.0)
denovo224 C1136_DQ182644 319 (496.5)
denovo224 C1111_DQ182645 319 (505.5)
denovo224 C1236_EF473656 319 (496.5)
denovo224 C1138_DQ182642 319 (514.5)
denovo224 C1137_DQ182643 319 (496.5)
denovo224 C1133_DQ182648 319 (496.5)
denovo224 C1132_DQ182649 323 (499.0)
denovo224 C1143_DQ182634 319 (505.5)
denovo224 C1139_DQ182639 321 (522.5)
denovo224 C15.28_KC597687 326 (555.5)
denovo224 C1141_DQ182636 325 (515.5)
denovo224 C1144_DQ182637 326 (518.5)
denovo224 C1122_DQ182654 321 (531.5)
denovo224 C1127_DQ182652 321 (531.5)
denovo224 C15.30_JX394114 324 (549.5)
denovo224 C15.26_KC597686 336 (548.0)
denovo224 C1086_DQ182656 323 (546.5)
denovo224 C15.25_KC597685 323 (555.5)
denovo224 C1118_AF180127 332 (516.0)
denovo224 C1129_DQ182651 323 (510.0)
denovo224 C15.21_KC597683 323 (538.5)
denovo224 C56_AY589760 320 (547.0)
denovo224 C1140_DQ182638 328 (515.0)
denovo224 C1126_DQ182653 328 (506.0)
denovo224 C15c_AY258492 323 (556.5)
denovo224 C15d_AY258493 322 (563.0)
denovo224 C1098_DQ182641 320 (535.5)
denovo224 C15.27_KC597689 323 (556.0)
denovo224 C15.18_HE579024 322 (544.0)
denovo224 C15.16_HE579022 328 (561.5)
denovo224 C1101_AB253787 323 (538.0)
denovo224 C1083_AY237300 323 (547.0)
denovo224 C1088_DQ182640 323 (547.0)
denovo224 C15.6_FN563472 323 (547.0)
denovo224 C15.5_FJ461512 324 (541.5)
denovo224 C15.4_FJ461511 323 (547.5)
denovo224 C15.13_HE579019 323 (538.0)
denovo224 C15.12_HE579018 323 (547.0)
denovo224 C93a_AM748563 323 (556.0)
denovo224 C1094_AJ291514 323 (556.0)
denovo224 C93_AM748562 323 (556.0)
denovo224 C15.17_HE579023 323 (559.5)
denovo224 C15e_AY589742 323 (550.0)
denovo224 C15.22_KC597695 323 (547.0)
denovo224 C60_AY589764 327 (549.0)
denovo224 C15.1_FJ461508 323 (556.0)
denovo224 C15.2_FJ461509 323 (547.0)
denovo224 C15.9_FN563475 323 (555.5)
denovo224 C15.7_HE579015 323 (547.0)
denovo224 C15.8_HE579016 323 (547.0)
denovo224 C15.15_HE579021 323 (565.0)
denovo224 C15.19_HE579025 323 (555.5)
denovo224 C15.24_KC597696 323 (547.0)
denovo224 C15.3_FJ461510 323 (547.5)
denovo224 C1087_DQ182655 323 (556.0)
denovo224 C15.14_HE579020 324 (546.0)
denovo224 C15.23_KC597697 324 (546.0)
denovo224 C19_AY258479 323 (559.5)
denovo224 C1233_EU118166 323 (547.0)
denovo224 C15b_AY258491 323 (547.0)
denovo224 C15a_AY258476 323 (556.5)
denovo224 C1051_AF195153 323 (556.0)
denovo224 C2_AF333518 324 (555.0)
denovo224 C15.20_HE579026 324 (555.0)
denovo224 C15f_AY589743 324 (546.0)
denovo224 C55_AY589759 327 (553.5)
denovo224 C15_AY239369 323 (556.0)
denovo224 C32.1_JF683335 324 (493.5)
denovo224 C32.2_JF683336 326 (498.5)
denovo224 C21.23_KC597693 326 (498.5)
denovo224 C1193_EU099827 335 (550.5)
denovo224 C1195_EU099821 331 (515.5)
denovo224 C3q_GU907655 333 (515.5)
denovo224 C53_AY589758 342 (530.5)
denovo224 C73_AY765408 331 (525.0)
denovo224 C17.2.1_KC597684 325 (513.0)
denovo224 C32_AY258497 325 (496.0)
denovo224 C1189_EU099831 324 (521.5)
denovo224 C1191_EU099833 323 (528.0)
denovo224 C1196_EU099819 324 (494.5)
denovo224 C1192_EU099820 324 (494.5)
denovo224 C17.1_JF683322 327 (512.0)
denovo224 C26_b2_FN827164 331 (511.0)
denovo224 C26_b3_FN827165 327 (490.5)
denovo224 C31.9_HQ630879 324 (520.0)
denovo224 C31a_AY589746 324 (516.5)
denovo224 C30_AY589745 324 (516.5)
denovo224 C31.1_HQ630876 324 (534.5)
denovo224 C31.5_HQ630877 323 (522.0)
denovo224 C31.6_HQ630878 324 (525.5)
denovo224 C31.2_JF683332 324 (525.5)
denovo224 C31.3_JF683333 324 (516.5)
denovo224 C26/C35a_AY239378 327 (499.5)
denovo224 C35a_AY258501 327 (499.5)
denovo224 C35.2_AY258500 327 (508.5)
denovo224 C26_b1_FN827163 327 (508.5)
denovo224 C17_AY239370 324 (512.5)
denovo224 C17.2_FJ461513 324 (514.5)
denovo224 C31.10_HQ630880 324 (520.0)
denovo224 C31.4_JF683334 328 (523.5)
denovo224 C31_AY258496 324 (525.5)
denovo224 C25_AY239377 326 (540.0)
denovo224 C61_AY589765 325 (483.5)
denovo224 C1043_DQ072721 324 (500.5)
denovo224 C79_AY765414 333 (522.5)
denovo224 C69_AY589773 324 (503.5)
denovo224 C69a_AY686648 324 (494.5)
denovo224 C21.22_KC597692 333 (500.5)
denovo224 C51_AY589756 323 (521.0)
denovo224 C1aa_HM185739 331 (526.5)
denovo224 C1096_DQ068023 324 (510.5)
denovo224 C74_AY765409 335 (532.5)
denovo224 C1185_AB294629 337 (529.5)
denovo224 C1184_AB294630 337 (530.5)
denovo224 C1153_AB294625 337 (538.5)
denovo224 C1154_AB294626 336 (545.0)
denovo224 C1187_AB294627 337 (529.5)
denovo224 C1186_AB294628 337 (529.5)
denovo224 C57_AY589761 337 (538.5)
denovo224 C66_AY589771 337 (538.5)
denovo224 C5_AF499795 324 (541.0)
denovo224 C1167_AB294586 324 (532.0)
denovo224 C1164_AB294593 324 (532.0)
denovo224 C1183_AB294631 324 (550.0)
denovo224 C1067_DQ335381 324 (523.5)
denovo224 C1159_AB294613 324 (537.5)
denovo224 C1150_AB294622 324 (546.5)
denovo224 C90_AM748554 326 (548.5)
denovo224 C1168_AB294583 331 (543.0)
denovo224 C1156_AB294616 330 (549.5)
denovo224 C1151_AB294621 324 (550.5)
denovo224 C92a_AM748561 331 (552.0)
denovo224 C92_AM748560 331 (543.0)
denovo224 C1165_AB294581 324 (541.0)
denovo224 C1166_AB294584 324 (559.0)
denovo224 C1162_AB294594 324 (541.0)
denovo224 C1163_AB294596 324 (559.0)
denovo224 C1161_AB294606 324 (550.0)
denovo224 C1160_AB294608 328 (551.5)
denovo224 C1158_AB294614 324 (558.5)
denovo224 C1155_AB294617 324 (541.0)
denovo224 C1149_AB294620 324 (550.0)
denovo224 C1173_AB294662 324 (559.0)
denovo224 C1171_AB294663 324 (541.0)
denovo224 C1172_AB294665 324 (550.0)
denovo224 C91a_AM748556 324 (550.0)
denovo224 C91b_AM748557 322 (552.5)
denovo224 C91d_AM748559 323 (547.0)
denovo224 C91c_AM748558 323 (547.0)
denovo224 C91_AJ621543 324 (550.0)
denovo224 C91_AM748555 324 (550.0)
denovo224 C1023_DQ335330 315 (494.0)
denovo224 C1020_DQ335392 328 (526.0)
denovo224 C1018_DQ335408 324 (532.5)
denovo224 C1074_DQ335329 324 (523.5)
denovo224 C1030_DQ335353 324 (532.5)
denovo224 C1022_DQ335331 324 (523.5)
denovo224 C1027_DQ335360 324 (541.5)
denovo224 C1072_DQ335344 324 (523.5)
denovo224 C1039_AB190274 324 (531.5)
denovo224 C1033_DQ335350 329 (520.5)
denovo224 C1019_DQ335407 324 (532.5)
denovo224 C1194_EU099826 325 (520.0)
denovo224 C8b_AY258475 325 (510.5)
denovo224 C8_AY239367 326 (519.0)
denovo224 C8a_AY239368 328 (515.0)
denovo224 C54a_AY765406 324 (541.5)
denovo224 C3ff_HM185740 324 (523.5)
denovo224 C59_AY589763 329 (511.5)
denovo224 C3k_AY589737 342 (542.0)
denovo224 C3.24_HE579012 341 (548.5)
denovo224 C3.23_HE579011 342 (542.0)
denovo224 C35.1_AY765401 328 (544.0)
denovo224 C35.3_EF541145 321 (542.0)
denovo224 C76_AY765411 329 (525.5)
denovo224 C1107_DQ335359 328 (512.5)
denovo224 C3.22_HE579010 337 (507.5)
denovo224 C77_AY765412 329 (534.0)
denovo224 C20_AY239371 331 (543.5)
denovo224 C1055_DQ480640 322 (523.0)
denovo224 C27/C30_AY239379 337 (510.0)
denovo224 C27.1_FJ461517 337 (501.0)
denovo224 C40a_AY589747 332 (528.0)
denovo224 C40_AY258485 332 (528.0)
denovo224 C40b_AY589748 331 (531.5)
denovo224 C16_AY258477 327 (532.0)
denovo224 C16a_AY765399 328 (534.0)
denovo224 C1091_AB207186 324 (540.5)
denovo224 C1102_DQ335400 324 (532.5)
denovo224 C1069_DQ335375 324 (532.5)
denovo224 C1073_DQ335332 324 (532.5)
denovo224 C1066_DQ335382 323 (529.0)
denovo224 C1031_DQ335352 329 (547.0)
denovo224 C1026_DQ335366 329 (538.0)
denovo224 C70_AY589774 324 (550.5)
denovo224 C1082_AB190267 328 (534.0)
denovo224 C1078_AB190271 323 (548.0)
denovo224 C1090_AB207191 324 (541.5)
denovo224 C1071_DQ335302 324 (541.5)
denovo224 C1075_DQ335328 324 (541.5)
denovo224 C1068_DQ335379 325 (534.5)
denovo224 C1064_DQ335395 324 (532.5)
denovo224 C1063_DQ335403 324 (541.5)
denovo224 C62_AY589766 324 (541.5)
denovo224 C1077_DQ335316 323 (544.5)
denovo224 C1109_DQ335338 324 (541.5)
denovo224 C1110_DQ335340 324 (533.0)
denovo224 C1106_DQ335339 324 (532.5)
denovo224 C1112_DQ335319 324 (540.5)
denovo224 C1108_DQ335351 324 (531.5)
denovo224 C1105_DQ335394 324 (540.5)
denovo224 C1121_DQ335378 331 (542.5)
denovo224 C1116_AB190268 331 (543.5)
denovo224 C1115_AB190273 331 (542.5)
denovo224 C1124_DQ335323 324 (531.5)
denovo224 C1120_DQ335398 324 (531.5)
denovo224 C1119_DQ335404 324 (540.5)
denovo224 C1123_DQ335363 324 (540.5)
denovo224 C1004_DQ480635 324 (532.0)
denovo224 C1061_AY186568 324 (532.0)
denovo224 C1053_AY186569 324 (532.0)
denovo224 C1003_DQ480639 324 (532.0)
denovo224 C81_GU907657 336 (523.0)
denovo224 C22_AY239373 319 (543.0)
denovo224 C22a_AY239374 321 (539.5)
denovo224 C1232_EU118163 327 (540.5)
denovo224 C21.13_FJ461515 324 (503.5)
denovo224 C21.1_JF683323 322 (515.5)
denovo224 C21.3_JF683325 324 (521.0)
denovo224 C1.20_HE578993 324 (514.5)
denovo224 C1.22_HE578995 324 (514.5)
denovo224 C52_AY589757 323 (541.0)
denovo224 C1201_EU099793 324 (493.0)
denovo224 C14_AY589741 328 (529.0)
denovo224 C43_AY589749 328 (534.5)
denovo224 C50_AY589755 324 (550.5)
denovo224 C3.14_HQ630872 324 (532.5)
denovo224 C1m_AY765398 323 (538.0)
denovo224 C82_GU907658 340 (534.5)
denovo224 C82b_GU907660 340 (534.5)
denovo224 C64_AY589768 343 (535.5)
denovo224 C45a_AY765404 341 (537.5)
denovo224 C48_AY589753 324 (552.0)
denovo224 C1_v1b_FJ919244 323 (529.0)
denovo224 C1_v1a_FJ919243 323 (529.0)
denovo224 C3j_AY239366 324 (523.5)
denovo224 C3t_EF541149 324 (532.5)
denovo224 C9_AF499798 326 (546.0)
denovo224 C23_AY239375 328 (535.0)
denovo224 C37_AY258481 338 (527.0)
denovo224 C1048_DQ068026 326 (528.0)
denovo224 C21.4_JF683326 324 (521.5)
denovo224 C21.5_JF683327 324 (521.5)
denovo224 C1070_DQ335349 324 (532.5)
denovo224 C21.6_HQ630873 324 (521.5)
denovo224 C1224_EU074890 323 (547.0)
denovo224 C1.17_HE578990 323 (547.0)
denovo224 C21_b1_FN827162 329 (508.0)
denovo224 C21.9_JF683330 329 (517.0)
denovo224 C1085_AY624605 324 (541.5)
denovo224 C3p_GU907654 323 (533.0)
denovo224 C3f_AY589734 324 (541.5)
denovo224 C65a_AY589770 323 (538.0)
denovo224 C65_AY589769 323 (547.0)
denovo224 C71_AY589775 323 (538.0)
denovo224 C71a_AY589776 323 (529.0)
denovo224 C1178_AB294647 323 (524.0)
denovo224 C1225_EU074893 321 (542.0)
denovo224 C75_AY765410 327 (532.0)
denovo224 C21.10_JF683331 325 (515.0)
denovo224 C21.11_HQ630874 325 (515.0)
denovo224 C1065_DQ335388 324 (541.5)
denovo224 C1045_DQ068036 324 (550.5)
denovo224 C1h_AY258473 343 (535.5)
denovo224 C38_AY258482 345 (532.0)
denovo224 C1202_EU099799 344 (530.0)
denovo224 C7_AF499797 344 (539.0)
denovo224 C12_AF499801 346 (528.5)
denovo224 C38a_AY258483 345 (537.5)
denovo224 C1200_EU099800 335 (537.0)
denovo224 C44a_AY589751 324 (541.0)
denovo224 C47_AY589752 326 (546.0)
denovo224 C44_AY589750 326 (537.0)
denovo224 C1.15_HE578988 323 (538.0)
denovo224 C45.3_FJ461522 326 (537.0)
denovo224 C46a_AY765405 326 (537.0)
denovo224 C46_EU449108 326 (537.0)
denovo224 C3.12_FJ461507 327 (540.5)
denovo224 C1k_AY589733 326 (528.0)
denovo224 C67_AY686647 328 (534.0)
denovo224 C82a_GU907659 332 (538.0)
denovo224 C10a_AY589739 326 (537.0)
denovo224 C10_AF499799 326 (528.0)
denovo224 C13_AY589740 329 (533.5)
denovo224 C4_AF499794 326 (528.0)
denovo224 C1147_EF656433 326 (528.0)
denovo224 C1c/C45_AY239364 326 (537.0)
denovo224 C1c/C45_EU449103 326 (537.0)
denovo224 C21.19_HE579031 324 (521.5)
denovo224 C21.21_HE579033 324 (512.5)
denovo224 C21.20_HE579032 324 (521.5)
denovo224 C42b_AY765403 330 (531.0)
denovo224 C42_AY258487 330 (531.0)
denovo224 C1p_GU907652 323 (529.0)
denovo224 C1d_AY258488 326 (519.0)
denovo224 C42_AY765402 326 (528.0)
denovo224 C3ha_AY589736 332 (518.0)
denovo224 C63a_AY589767 324 (532.5)
denovo224 C21a_AY589744 324 (521.5)
denovo224 C3o_GU907653 324 (521.5)
denovo224 C21.16_HQ630875 324 (521.0)
denovo224 C21.2_JF683324 324 (512.5)
denovo224 C21.7_JF683328 323 (519.0)
denovo224 C21.8_JF683329 324 (521.5)
denovo224 C3h_AY239365 324 (521.5)
denovo224 C1203_EU099798 324 (512.5)
denovo224 C3.10_FJ461505 324 (550.5)
denovo224 C21.14_FJ461516 324 (530.5)
denovo224 C21.18_HE579030 327 (518.0)
denovo224 C3.17_HE579005 324 (532.5)
denovo224 C3.9_FJ461504 324 (529.5)
denovo224 C3.8_FJ461503 324 (541.5)
denovo224 C3.7_FJ461502 324 (541.5)
denovo224 C3.11_FJ461506 331 (544.0)
denovo224 C3.18_HE579006 324 (532.5)
denovo224 C3.19_HE579007 324 (532.5)
denovo224 C3.20_HE579008 324 (532.5)
denovo224 C3g_AY589735 327 (533.5)
denovo224 C3a_AF499790 322 (544.5)
denovo224 C3e_AF499793 324 (532.5)
denovo224 C6_AF499796 331 (534.5)
denovo224 C11_AF499800 324 (532.5)
denovo224 C36_AY258480 324 (532.5)
denovo224 C29_AY258494 324 (550.5)
denovo224 C1146_EF656434 324 (532.5)
denovo224 C1190_EU099841 324 (550.5)
denovo224 C131_JF320826 324 (541.5)
denovo224 C28_AY239380 331 (546.0)
denovo224 C1012_DQ480604 328 (535.5)
denovo224 C1181_AB294640 324 (535.5)
denovo224 C1180_AB294641 324 (526.5)
denovo224 C1179_AB294645 325 (519.5)
denovo224 C1176_AB294651 322 (529.5)
denovo224 C1175_AB294653 324 (517.5)
denovo224 C1174_AB294655 324 (526.0)
denovo224 C1177_AB294659 325 (529.0)
denovo224 C1040_AB190269 328 (535.5)
denovo224 C1182_AB294649 324 (532.5)
denovo224 C1089_AJ278598 324 (532.5)
denovo224 C1028_DQ335357 331 (543.5)
denovo224 C3.16_EU786015 324 (541.5)
denovo224 C1097_AJ311943 325 (531.0)
denovo224 C1170_AB294661 324 (526.5)
denovo224 C21.17_HE579029 324 (523.5)
denovo224 C21/3d/C3k_AY239372 324 (521.5)
denovo224 C58_AY589762 324 (527.0)
denovo224 C3L_AY589738 327 (537.0)
denovo224 C1169_AB294660 324 (526.5)
denovo224 C3.2_FJ461497 324 (545.0)
denovo224 C3.1_JF683321 323 (541.0)
denovo224 C1104_AF427469 325 (541.0)
denovo224 C3b_AF499791 324 (544.5)
denovo224 C83_GU907661 324 (544.0)
denovo224 C49_AY589754 362 (555.0)
denovo224 C3_AB778606 324 (541.5)
denovo224 C3_AF499789 324 (541.5)
denovo224 C3_HE579001 324 (541.5)
denovo224 C21.12_FJ461514 324 (503.5)
denovo224 C1229_EU074888 322 (539.0)
denovo224 C1230_EU074889 322 (539.0)
denovo224 C1114_AB207196 324 (523.5)
denovo224 C3.21_HE579009 323 (504.0)
denovo224 C1057_DQ480619 324 (532.5)
denovo224 C72_AY765407 322 (526.0)
denovo224 C1b.3_HE578999 323 (532.5)
denovo224 C93_AJ621536 324 (541.5)
denovo224 C94_AJ621539 323 (538.0)
denovo224 C1g_AY589730 323 (547.0)
denovo224 C1i_AY589731 323 (538.0)
denovo224 C1j_AY589732 330 (540.0)
denovo224 C1005_DQ480633 323 (529.0)
denovo224 C1.7_FJ461494 323 (529.0)
denovo224 C1.11_HE578984 323 (538.0)
denovo224 C1.12_HE578985 323 (529.0)
denovo224 C1.13_HE578986 324 (532.5)
denovo224 C1.14_HE578987 323 (538.0)
denovo224 C1.18_HE578991 323 (547.0)
denovo224 C1.19_HE578992 323 (537.5)
denovo224 C1199_EU099802 322 (538.5)
denovo224 C1188_EU099838 323 (538.0)
denovo224 C1002_DQ838544 324 (541.5)
denovo224 C1198_EU099810 323 (529.0)
denovo224 C24_AY239376 323 (529.0)
denovo224 C1f_AY258490 323 (538.0)
denovo224 C1006_DQ480629 323 (547.0)
denovo224 C1010_DQ480607 323 (529.0)
denovo224 C1007_DQ480624 323 (547.0)
denovo224 C1011_DQ480605 333 (530.5)
denovo224 C1009_DQ480608 329 (537.5)
denovo224 C1041_AY186548 323 (538.0)
denovo224 C1052_AY186570 323 (529.0)
denovo224 C1148_EU040178 323 (538.0)
denovo224 C1234_EU118165 324 (528.0)
denovo224 C1.5_EF634157 323 (538.0)
denovo224 C1059_DQ480609 323 (529.0)
denovo224 C1228_EU074883 326 (537.0)
denovo224 C1208_EU074963 323 (529.0)
denovo224 C1207_EU074964 323 (538.0)
denovo224 C1206_EU074965 323 (529.0)
denovo224 C1013_DQ480642 321 (542.0)
denovo224 C80_GU907656 337 (535.0)
denovo224 C1a_AF499788 323 (538.0)
denovo224 C41_AY258486 323 (538.0)
denovo224 C39_AY258484 312 (535.5)
denovo224 C1231_EU074878 323 (538.0)
denovo224 C1b.1_HE578997 323 (541.5)
denovo224 C18_AY258478 323 (538.0)
denovo224 C1.10_HE578983 322 (532.5)
denovo224 C1_JN558041 323 (538.0)
denovo224 C1_HE578979 323 (538.0)
denovo224 C1_AM748551 323 (538.0)
denovo224 C1_AF333515 323 (538.0)
denovo224 C1054_AY186565 322 (541.5)
denovo224 C1008_DQ480613 323 (547.0)
denovo224 C1103_AF427470 324 (537.5)
denovo224 C1226_EU074881 324 (528.0)
denovo224 C1b/C1e_AY239363 323 (541.5)
denovo224 C1044_DQ068038 323 (523.0)
denovo224 C1017_DQ174729 324 (531.5)
denovo224 C1.6_FJ461493 323 (538.0)
denovo224 C1b.2_HE578998 323 (541.5)
denovo224 C1060_DQ480600 323 (538.0)
denovo224 C1227_EU074882 323 (538.0)
denovo224 C1197_EU099814 323 (529.0)
denovo224 C1130_DQ480643 302 (486.5)
denovo224 D109_AB097465 349 (379.0)
denovo224 D1.11_HE579040 355 (381.5)
denovo224 D105_AF174570 355 (372.0)
denovo224 D104_AF174572 349 (372.0)
denovo224 D1.3_JF683337 355 (372.5)
denovo224 D1.10_HE579039 351 (377.5)
denovo224 D110_AF174561 351 (377.5)
denovo224 D117_AF174542 355 (372.5)
denovo224 D114_AF174549 355 (381.5)
denovo224 D113_AF174557 353 (365.5)
denovo224 D112_AF174558 355 (372.5)
denovo224 D106_AF174559 355 (381.5)
denovo224 D111_AF174560 355 (381.5)
denovo224 D115_AF174562 355 (381.5)
denovo224 D107_AF174568 355 (381.5)
denovo224 D116_AF174571 354 (369.5)
denovo224 D124_EU074897 345 (377.0)
denovo224 D1.8_HE579037 355 (381.5)
denovo224 D3_AY686650 355 (381.5)
denovo224 D1.6_HQ630881 355 (372.5)
denovo224 D120_EU074900 353 (365.5)
denovo224 D121_EU074904 354 (378.5)
denovo224 D122_EU074905 355 (372.5)
denovo224 D1a.2_JF683339 356 (376.0)
denovo224 D1a.1_JF683338 345 (377.0)
denovo224 D2_AY686649 591 (446.0)
denovo224 D4_DQ865214 351 (374.0)
denovo224 D1a_AF499802 353 (374.5)
denovo224 D1a_JN558078 353 (374.5)
denovo224 D123_EU074895 351 (377.5)
denovo224 D108_AF174567 355 (381.5)
denovo224 D103_AF174575 350 (374.0)
denovo224 D100_AF411415 365 (374.0)
denovo224 D118_EF656435 345 (386.0)
denovo224 D101_AF411416 365 (359.0)
denovo224 D119_EU099832 357 (370.0)
denovo224 D102_AF174573 354 (382.0)
denovo224 D1_AF334660 355 (381.5)
denovo224 D1_JN558076 355 (381.5)
denovo224 D1.12_HE579041 331 (374.0)
denovo224 D1.1_AM748564 426 (405.0)
denovo224 D1.2_AM748617 436 (388.0)
denovo224 E111_EU074915 343 (392.5)
denovo224 E110_EU074914 342 (380.5)
denovo224 E114_EU074909 345 (371.5)
denovo224 E1_AF334659 344 (373.5)
denovo224 E105_EU074921 343 (383.5)
denovo224 E112_EU074916 342 (371.5)
denovo224 E104_EU074922 340 (382.5)
denovo224 E102_EU074924 342 (380.5)
denovo224 E103_EU074923 342 (380.5)
denovo224 E101_AY160123 348 (358.0)
denovo224 E109_EU074913 348 (389.5)
denovo224 E100_DQ011618 356 (402.5)
denovo224 E108_EU074912 354 (396.5)
denovo224 E113_EU074908 350 (406.5)
denovo224 E107_EU074910 354 (396.5)
denovo224 F1_JN558066 355 (515.5)
denovo224 F5.2d_AJ291530 338 (535.0)
denovo224 F104_AJ291531 338 (535.0)
denovo224 F5.2c_AM748596 338 (526.5)
denovo224 F5.2_AM748594 345 (528.5)
denovo224 F5.2a_AM748614 345 (528.5)
denovo224 F5.2b_AM748595 338 (526.0)
denovo224 F5.2e_AJ291533 349 (528.5)
denovo224 F5.2g_JN558072 356 (526.5)
denovo224 F5.2f_AJ291512 352 (522.0)
denovo224 F102_AJ291534 358 (523.0)
denovo224 F5.1c_AM748593 351 (530.0)
denovo224 F5.1d_JN558069 354 (519.5)
denovo224 F5.1b_AJ291535 351 (547.5)
denovo224 F5.1_AM748592 353 (544.0)
denovo224 F5.1a_AM748591 351 (547.5)
denovo224 F110_AJ291526 323 (591.0)
denovo224 F4.7_AM748587 322 (582.5)
denovo224 F4.5_AM748585 325 (578.5)
denovo224 F4.4a_AM748583 322 (598.5)
denovo224 F4.4_AM748582 323 (589.0)
denovo224 F4.4b_AM748584 320 (607.5)
denovo224 F4.1a_AM748573 324 (549.0)
denovo224 F112_AJ291528 322 (544.5)
denovo224 F4.1_AM748572 322 (544.5)
denovo224 F4.8b_AM748590 329 (598.5)
denovo224 F4.8_AM748588 320 (599.0)
denovo224 F4.8a_AM748589 320 (599.0)
denovo224 F109_AJ291527 326 (594.5)
denovo224 F4.6_AM748586 323 (555.5)
denovo224 F111_AJ311949 322 (589.0)
denovo224 F4.3c_AM748581 323 (606.0)
denovo224 F4.3a_AM748579 326 (606.0)
denovo224 F4.3b_AM748580 326 (606.0)
denovo224 F4.3_AM748578 326 (597.0)
denovo224 F4.2_AM748574 325 (606.5)
denovo224 F4.2a_AM748575 323 (586.5)
denovo224 F4.2c_AM748577 323 (583.0)
denovo224 F4.2b_AM748576 323 (595.5)
denovo224 F2b_AJ291521 345 (561.5)
denovo224 F2_AJ830908 332 (552.5)
denovo224 F2a_AJ830911 337 (548.5)
denovo224 F3.1a_AM748566 344 (510.5)
denovo224 F114_AJ291525 340 (526.0)
denovo224 F3.1_AM748565 340 (526.0)
denovo224 F3.2_AM748567 348 (548.0)
denovo224 F3.2a_AM748568 342 (549.0)
denovo224 F3.3_AM748569 336 (545.5)
denovo224 F3.4a_AM748571 349 (496.0)
denovo224 F3.4_AM748570 340 (503.0)
denovo224 F3.4b_AM748616 340 (503.0)
denovo224 G101_AJ291539 365 (415.0)
denovo224 G1_AM748597 365 (415.0)
denovo224 G2b_JN558087 361 (415.0)
denovo224 G2_AM748598 362 (408.0)
denovo224 G2a_AM748599 365 (399.5)
denovo224 G4_AM748601 356 (443.0)
denovo224 G3.4_LK392378 360 (408.5)
denovo224 G3_AM748600 367 (402.0)
denovo224 G3.2_KC597694 345 (360.5)
denovo224 G3.1_KC597688 365 (415.0)
denovo224 G100_AB253788 357 (410.0)
denovo224 G3.3_LK392377 355 (403.5)
denovo224 H6_AJ291520 649 (305.0)
denovo224 H3_AM748606 314 (496.5)
denovo224 H2_AM748605 316 (530.0)
denovo224 H4_AM748607 317 (509.0)
denovo224 H4a_AM748608 316 (502.5)
denovo224 H5a_AM748611 314 (509.0)
denovo224 H5b_AM748610 316 (504.5)
denovo224 H5_AJ621129 314 (500.0)
denovo224 H5_AM748609 314 (500.0)
denovo224 H100_AJ291513 318 (509.5)
denovo224 H1b_AM748604 318 (513.5)
denovo224 H1a_AM748612 318 (522.5)
denovo224 H1_AJ621152 318 (522.5)
denovo224 H1_AM748602 318 (522.5)
denovo224 I3_FN561561 349 (587.5)
denovo224 I4_FN561562 349 (587.5)
denovo224 I1_FN561559 345 (576.5)
denovo224 I2_FN561560 354 (583.5)

#---------------------------------------
#---------------------------------------
