denovo48 A136_DQ865210 328 (481.5)
denovo48 A133_DQ174725 363 (449.0)
denovo48 A115_AF180123 343 (448.0)
denovo48 A117_AF201746 342 (460.0)
denovo48 A134_DQ174723 348 (461.0)
denovo48 A114_AF184941 348 (461.0)
denovo48 A135_DQ174727 356 (467.0)
denovo48 A2_AF333506 351 (466.0)
denovo48 A101_AF427468 356 (458.0)
denovo48 A2_1_JN558097 356 (458.0)
denovo48 A2_2_JN558100 356 (458.0)
denovo48 A113_AF184948 338 (478.5)
denovo48 A112_AF184949 338 (451.5)
denovo48 A123_EF378618 351 (294.0)
denovo48 A137_EF378621 340 (295.0)
denovo48 A11_EU449041 343 (476.5)
denovo48 A121_DQ174722 342 (467.0)
denovo48 A15b_EU792886 348 (442.5)
denovo48 A15a_EU792885 347 (457.5)
denovo48 A15c_EU792887 348 (451.5)
denovo48 A15_EU792884 348 (451.5)
denovo48 A147_EU074937 343 (456.5)
denovo48 A154_EU074860 345 (461.5)
denovo48 A146_EU074936 345 (452.5)
denovo48 A150_EU074928 345 (461.5)
denovo48 A116_AF183575 355 (462.0)
denovo48 A141_EU074931 345 (461.5)
denovo48 A5_AF333508 340 (478.5)
denovo48 A3b_EU449043 345 (470.5)
denovo48 A151_EU074925 345 (460.5)
denovo48 A152_EU074927 341 (457.0)
denovo48 A149_EU074929 355 (462.5)
denovo48 A140_EU074930 345 (452.5)
denovo48 A142_EU074932 345 (452.5)
denovo48 A143_EU074933 348 (461.5)
denovo48 A144_EU074934 345 (452.5)
denovo48 A145_EU074935 345 (461.5)
denovo48 A148_EU074938 356 (456.0)
denovo48 A155_EU074856 345 (452.5)
denovo48 A156_EU074859 345 (461.5)
denovo48 A139_EU074962 345 (452.5)
denovo48 A6_AF186058 345 (461.5)
denovo48 A3_AF333507 345 (461.5)
denovo48 A3_JN558091 345 (461.5)
denovo48 A8_AY258468 347 (439.0)
denovo48 A7_AY239360 347 (448.5)
denovo48 A16_EU792888 347 (457.5)
denovo48 A4.3_FN429763 350 (445.0)
denovo48 A120_AF180122 345 (439.5)
denovo48 A4.2_FN429761 348 (436.0)
denovo48 A4_AF333509 348 (464.0)
denovo48 A4.1_FN429760 347 (459.0)
denovo48 A4a_AF499778 347 (471.0)
denovo48 A4a.1_FN429762 347 (471.0)
denovo48 A138_EF378620 339 (420.0)
denovo48 A122_EF378619 335 (438.0)
denovo48 A126_EF378615 334 (439.0)
denovo48 A10_EU792882 334 (439.0)
denovo48 A9_EU449028 343 (441.5)
denovo48 A105_AB207202 348 (454.5)
denovo48 A119_AF180121 331 (439.5)
denovo48 A12_EU792883 348 (446.5)
denovo48 A104_AB207203 342 (456.5)
denovo48 A1a_EU449030 346 (458.5)
denovo48 A1.3_HE578976 348 (446.0)
denovo48 A1.4_HE578977 348 (455.0)
denovo48 A13_AF333504 348 (454.0)
denovo48 A13_JN558094 348 (454.0)
denovo48 A110_AB190282 337 (447.5)
denovo48 A103_AB207206 333 (454.0)
denovo48 A130_EF656428 350 (451.0)
denovo48 A127_EF656429 350 (460.0)
denovo48 A128_EF656430 350 (442.0)
denovo48 A129_EF656431 351 (453.5)
denovo48 A131_EF656432 348 (455.0)
denovo48 A118_AF180120 340 (450.5)
denovo48 A1_AF333505 350 (451.0)
denovo48 A107_AB207199 335 (459.5)
denovo48 A111_AB190280 335 (459.5)
denovo48 A108_AB207197 356 (445.5)
denovo48 A106_AB207200 349 (457.5)
denovo48 A102_AB207209 349 (457.5)
denovo48 A1.2_AB207210 349 (457.5)
denovo48 A109_AB190285 335 (459.5)
denovo48 B4_AF333510 321 (1085.5)
denovo48 B23_EU449079 307 (1195.5)
denovo48 B30_GU907644 307 (1177.5)
denovo48 B11_AY239361 308 (1307.5)
denovo48 B17_AY258470 306 (1327.0)
denovo48 B1k_GU907638 308 (678.5)
denovo48 B1.V_Green2014 313 (1302.5)
denovo48 B1b_AF499780 306 (1258.5)
denovo48 B16_AY258469 306 (1336.0)
denovo48 B31a_GU907646 306 (1336.0)
denovo48 B32_GU907647 306 (1336.0)
denovo48 B31_GU907645 306 (1345.0)
denovo48 B1j_GU907637 306 (1336.0)
denovo48 B37_GU907650 308 (1334.5)
denovo48 B5a_AF499782 306 (1336.0)
denovo48 B5_AF499781 306 (1345.0)
denovo48 B24_GU907643 306 (1203.0)
denovo48 B117_AF180124 306 (1227.5)
denovo48 B10_AF499787 306 (1336.0)
denovo48 B20_GU907642 308 (1319.5)
denovo48 B1m_GU907640 306 (1345.0)
denovo48 B34_GU907649 306 (1345.0)
denovo48 B1d_GU907633 306 (1345.0)
denovo48 B1e_GU907634 306 (1345.0)
denovo48 B1i_GU907636 306 (1345.0)
denovo48 B1g_GU907635 307 (1326.0)
denovo48 B123_EU074872 306 (1336.0)
denovo48 B8_AF499785 307 (1335.0)
denovo48 B1l_GU907639 306 (1345.0)
denovo48 B1a_AF499779 306 (1345.0)
denovo48 B14_AY239362 307 (1335.0)
denovo48 B125_EU074865 306 (1345.0)
denovo48 B122_EU074871 306 (1345.0)
denovo48 B124_EU074874 306 (1345.0)
denovo48 B1.VII_Green2014 306 (1284.0)
denovo48 B1.III_Green2014 306 (1273.0)
denovo48 B1.I_Green2014 306 (1354.0)
denovo48 B1.II_Green2014 306 (1354.0)
denovo48 B1_JN558057 306 (1354.0)
denovo48 B1_AF333511 306 (1354.0)
denovo48 B1.IV_Green2014 316 (1339.5)
denovo48 B121_EU074870 306 (1345.0)
denovo48 B7_AF499784 306 (1345.0)
denovo48 B1.VI_Green2014 307 (1285.0)
denovo48 B3_AF333514 306 (1232.5)
denovo48 B9_AF499786 306 (1241.5)
denovo48 B19a_JN558055 310 (1126.5)
denovo48 B119_EU099825 315 (1167.0)
denovo48 B21_DQ865213 306 (1219.0)
denovo48 B38_GU907651 306 (1219.0)
denovo48 B18_AY258471 306 (1259.5)
denovo48 B18a_AY258472 306 (1250.5)
denovo48 B33_GU907648 306 (1250.5)
denovo48 B6_AF499783 311 (1256.0)
denovo48 B19_DQ865212 306 (1268.5)
denovo48 B19_GU907641 306 (1268.5)
denovo48 B2_AF333512 306 (1259.5)
denovo48 B2_JN558060 306 (1259.5)
denovo48 C33.1_AY258498 332 (602.5)
denovo48 C33.2_AY765400 332 (602.5)
denovo48 C33a_EF541147 332 (602.5)
denovo48 C34_AY258499 325 (600.5)
denovo48 C78_AY765413 327 (588.0)
denovo48 C15.29_KC597690 328 (563.0)
denovo48 C1131_DQ182650 329 (566.0)
denovo48 C1135_DQ182646 322 (564.5)
denovo48 C1134_DQ182647 324 (552.0)
denovo48 C1142_DQ182635 324 (561.0)
denovo48 C1136_DQ182644 322 (543.5)
denovo48 C1111_DQ182645 322 (553.0)
denovo48 C1236_EF473656 322 (544.0)
denovo48 C1138_DQ182642 319 (553.5)
denovo48 C1137_DQ182643 322 (544.0)
denovo48 C1133_DQ182648 322 (544.0)
denovo48 C1132_DQ182649 326 (546.5)
denovo48 C1143_DQ182634 322 (553.0)
denovo48 C1139_DQ182639 324 (552.0)
denovo48 C15.28_KC597687 324 (607.0)
denovo48 C1141_DQ182636 324 (561.0)
denovo48 C1144_DQ182637 324 (570.0)
denovo48 C1122_DQ182654 324 (579.0)
denovo48 C1127_DQ182652 324 (579.0)
denovo48 C15.30_JX394114 329 (593.5)
denovo48 C15.26_KC597686 325 (591.0)
denovo48 C1086_DQ182656 326 (594.0)
denovo48 C15.25_KC597685 326 (603.0)
denovo48 C1118_AF180127 331 (551.0)
denovo48 C1129_DQ182651 326 (557.0)
denovo48 C15.21_KC597683 324 (570.5)
denovo48 C56_AY589760 323 (585.0)
denovo48 C1140_DQ182638 326 (566.0)
denovo48 C1126_DQ182653 326 (557.0)
denovo48 C15c_AY258492 323 (603.5)
denovo48 C15d_AY258493 322 (610.0)
denovo48 C1098_DQ182641 324 (604.0)
denovo48 C15.27_KC597689 326 (594.0)
denovo48 C15.18_HE579024 325 (591.0)
denovo48 C15.16_HE579022 331 (617.5)
denovo48 C1101_AB253787 326 (585.0)
denovo48 C1083_AY237300 326 (594.0)
denovo48 C1088_DQ182640 329 (592.0)
denovo48 C15.6_FN563472 326 (594.0)
denovo48 C15.5_FJ461512 328 (590.5)
denovo48 C15.4_FJ461511 328 (599.5)
denovo48 C15.13_HE579019 326 (585.0)
denovo48 C15.12_HE579018 326 (594.0)
denovo48 C93a_AM748563 324 (615.5)
denovo48 C1094_AJ291514 324 (597.5)
denovo48 C93_AM748562 324 (606.5)
denovo48 C15.17_HE579023 325 (585.0)
denovo48 C15e_AY589742 328 (602.5)
denovo48 C15.22_KC597695 326 (594.0)
denovo48 C60_AY589764 326 (594.0)
denovo48 C15.1_FJ461508 326 (594.0)
denovo48 C15.2_FJ461509 326 (603.0)
denovo48 C15.9_FN563475 326 (611.5)
denovo48 C15.7_HE579015 325 (608.5)
denovo48 C15.8_HE579016 326 (594.0)
denovo48 C15.15_HE579021 326 (594.0)
denovo48 C15.19_HE579025 326 (603.0)
denovo48 C15.24_KC597696 326 (585.0)
denovo48 C15.3_FJ461510 328 (608.5)
denovo48 C1087_DQ182655 326 (603.0)
denovo48 C15.14_HE579020 327 (593.5)
denovo48 C15.23_KC597697 327 (593.5)
denovo48 C19_AY258479 325 (612.5)
denovo48 C1233_EU118166 326 (594.0)
denovo48 C15b_AY258491 326 (594.0)
denovo48 C15a_AY258476 328 (608.5)
denovo48 C1051_AF195153 326 (612.0)
denovo48 C2_AF333518 327 (611.0)
denovo48 C15.20_HE579026 327 (602.5)
denovo48 C15f_AY589743 328 (596.0)
denovo48 C55_AY589759 331 (603.0)
denovo48 C15_AY239369 326 (603.0)
denovo48 C32.1_JF683335 324 (558.0)
denovo48 C32.2_JF683336 324 (558.0)
denovo48 C21.23_KC597693 324 (558.0)
denovo48 C1193_EU099827 337 (585.5)
denovo48 C1195_EU099821 334 (571.0)
denovo48 C3q_GU907655 336 (570.5)
denovo48 C53_AY589758 335 (574.5)
denovo48 C73_AY765408 335 (600.0)
denovo48 C17.2.1_KC597684 329 (552.5)
denovo48 C32_AY258497 328 (568.0)
denovo48 C1189_EU099831 328 (569.5)
denovo48 C1191_EU099833 327 (576.0)
denovo48 C1196_EU099819 328 (551.5)
denovo48 C1192_EU099820 328 (551.5)
denovo48 C17.1_JF683322 328 (569.5)
denovo48 C26_b2_FN827164 333 (571.5)
denovo48 C26_b3_FN827165 329 (560.0)
denovo48 C31.9_HQ630879 330 (556.0)
denovo48 C31a_AY589746 330 (552.5)
denovo48 C30_AY589745 330 (552.5)
denovo48 C31.1_HQ630876 334 (554.0)
denovo48 C31.5_HQ630877 328 (564.5)
denovo48 C31.6_HQ630878 330 (561.5)
denovo48 C31.2_JF683332 330 (561.5)
denovo48 C31.3_JF683333 330 (552.5)
denovo48 C26/C35a_AY239378 329 (560.0)
denovo48 C35a_AY258501 329 (560.0)
denovo48 C35.2_AY258500 329 (569.0)
denovo48 C26_b1_FN827163 329 (569.0)
denovo48 C17_AY239370 328 (569.5)
denovo48 C17.2_FJ461513 330 (568.5)
denovo48 C31.10_HQ630880 330 (565.0)
denovo48 C31.4_JF683334 334 (550.0)
denovo48 C31_AY258496 330 (561.5)
denovo48 C25_AY239377 326 (596.5)
denovo48 C61_AY589765 325 (557.0)
denovo48 C1043_DQ072721 328 (575.5)
denovo48 C79_AY765414 331 (580.0)
denovo48 C69_AY589773 318 (578.0)
denovo48 C69a_AY686648 318 (569.0)
denovo48 C21.22_KC597692 331 (550.0)
denovo48 C51_AY589756 327 (579.0)
denovo48 C1aa_HM185739 328 (591.0)
denovo48 C1096_DQ068023 327 (584.5)
denovo48 C74_AY765409 334 (612.0)
denovo48 C1185_AB294629 336 (608.5)
denovo48 C1184_AB294630 336 (608.5)
denovo48 C1153_AB294625 336 (608.5)
denovo48 C1154_AB294626 335 (624.0)
denovo48 C1187_AB294627 336 (608.5)
denovo48 C1186_AB294628 337 (610.5)
denovo48 C57_AY589761 336 (617.5)
denovo48 C66_AY589771 336 (617.5)
denovo48 C5_AF499795 326 (594.0)
denovo48 C1167_AB294586 326 (594.0)
denovo48 C1164_AB294593 327 (596.0)
denovo48 C1183_AB294631 326 (612.0)
denovo48 C1067_DQ335381 328 (590.5)
denovo48 C1159_AB294613 326 (598.5)
denovo48 C1150_AB294622 325 (605.5)
denovo48 C90_AM748554 327 (617.0)
denovo48 C1168_AB294583 326 (612.0)
denovo48 C1156_AB294616 326 (612.0)
denovo48 C1151_AB294621 326 (621.0)
denovo48 C92a_AM748561 326 (621.0)
denovo48 C92_AM748560 326 (612.0)
denovo48 C1165_AB294581 326 (603.0)
denovo48 C1166_AB294584 326 (621.0)
denovo48 C1162_AB294594 326 (603.0)
denovo48 C1163_AB294596 326 (612.5)
denovo48 C1161_AB294606 326 (612.0)
denovo48 C1160_AB294608 330 (604.5)
denovo48 C1158_AB294614 326 (621.0)
denovo48 C1155_AB294617 326 (603.0)
denovo48 C1149_AB294620 326 (612.0)
denovo48 C1173_AB294662 326 (621.0)
denovo48 C1171_AB294663 326 (603.0)
denovo48 C1172_AB294665 326 (603.0)
denovo48 C91a_AM748556 326 (621.0)
denovo48 C91b_AM748557 326 (612.0)
denovo48 C91d_AM748559 325 (609.5)
denovo48 C91c_AM748558 325 (609.5)
denovo48 C91_AJ621543 326 (612.0)
denovo48 C91_AM748555 326 (612.0)
denovo48 C1023_DQ335330 317 (563.5)
denovo48 C1020_DQ335392 332 (593.0)
denovo48 C1018_DQ335408 328 (599.5)
denovo48 C1074_DQ335329 328 (590.5)
denovo48 C1030_DQ335353 328 (590.5)
denovo48 C1022_DQ335331 328 (590.5)
denovo48 C1027_DQ335360 328 (608.5)
denovo48 C1072_DQ335344 328 (590.5)
denovo48 C1039_AB190274 328 (599.5)
denovo48 C1033_DQ335350 333 (587.5)
denovo48 C1019_DQ335407 328 (599.5)
denovo48 C1194_EU099826 328 (584.5)
denovo48 C8b_AY258475 328 (574.5)
denovo48 C8_AY239367 331 (589.5)
denovo48 C8a_AY239368 333 (585.5)
denovo48 C54a_AY765406 328 (599.5)
denovo48 C3ff_HM185740 328 (608.5)
denovo48 C59_AY589763 342 (587.0)
denovo48 C3k_AY589737 325 (609.5)
denovo48 C3.24_HE579012 324 (616.0)
denovo48 C3.23_HE579011 325 (609.5)
denovo48 C35.1_AY765401 336 (604.0)
denovo48 C35.3_EF541145 329 (602.0)
denovo48 C76_AY765411 328 (587.5)
denovo48 C1107_DQ335359 327 (574.0)
denovo48 C3.22_HE579010 331 (573.5)
denovo48 C77_AY765412 328 (587.0)
denovo48 C20_AY239371 331 (598.5)
denovo48 C1055_DQ480640 326 (590.0)
denovo48 C27/C30_AY239379 329 (560.0)
denovo48 C27.1_FJ461517 329 (551.0)
denovo48 C40a_AY589747 333 (602.5)
denovo48 C40_AY258485 333 (602.5)
denovo48 C40b_AY589748 334 (593.5)
denovo48 C16_AY258477 331 (599.0)
denovo48 C16a_AY765399 331 (599.0)
denovo48 C1091_AB207186 328 (600.0)
denovo48 C1102_DQ335400 328 (582.0)
denovo48 C1069_DQ335375 328 (600.0)
denovo48 C1073_DQ335332 329 (594.0)
denovo48 C1066_DQ335382 326 (585.5)
denovo48 C1031_DQ335352 333 (605.5)
denovo48 C1026_DQ335366 333 (605.0)
denovo48 C70_AY589774 328 (609.0)
denovo48 C1082_AB190267 328 (591.0)
denovo48 C1078_AB190271 326 (602.5)
denovo48 C1090_AB207191 328 (600.0)
denovo48 C1071_DQ335302 328 (600.0)
denovo48 C1075_DQ335328 328 (600.0)
denovo48 C1068_DQ335379 328 (609.0)
denovo48 C1064_DQ335395 328 (591.0)
denovo48 C1063_DQ335403 325 (600.5)
denovo48 C62_AY589766 328 (600.0)
denovo48 C1077_DQ335316 325 (605.5)
denovo48 C1109_DQ335338 328 (591.0)
denovo48 C1110_DQ335340 328 (582.0)
denovo48 C1106_DQ335339 328 (582.0)
denovo48 C1112_DQ335319 328 (591.0)
denovo48 C1108_DQ335351 328 (582.0)
denovo48 C1105_DQ335394 328 (591.0)
denovo48 C1121_DQ335378 335 (584.0)
denovo48 C1116_AB190268 335 (593.0)
denovo48 C1115_AB190273 335 (593.0)
denovo48 C1124_DQ335323 328 (573.0)
denovo48 C1120_DQ335398 328 (573.0)
denovo48 C1119_DQ335404 328 (582.0)
denovo48 C1123_DQ335363 328 (582.0)
denovo48 C1004_DQ480635 328 (599.0)
denovo48 C1061_AY186568 328 (590.0)
denovo48 C1053_AY186569 328 (599.0)
denovo48 C1003_DQ480639 328 (599.0)
denovo48 C81_GU907657 327 (575.5)
denovo48 C22_AY239373 323 (601.5)
denovo48 C22a_AY239374 334 (597.5)
denovo48 C1232_EU118163 330 (605.0)
denovo48 C21.13_FJ461515 327 (567.0)
denovo48 C21.1_JF683323 326 (564.0)
denovo48 C21.3_JF683325 328 (578.5)
denovo48 C1.20_HE578993 328 (590.5)
denovo48 C1.22_HE578995 328 (581.5)
denovo48 C52_AY589757 327 (591.5)
denovo48 C1201_EU099793 329 (568.0)
denovo48 C14_AY589741 331 (593.0)
denovo48 C43_AY589749 331 (599.0)
denovo48 C50_AY589755 328 (608.5)
denovo48 C3.14_HQ630872 327 (605.0)
denovo48 C1m_AY765398 328 (600.0)
denovo48 C82_GU907658 336 (596.0)
denovo48 C82b_GU907660 336 (596.0)
denovo48 C64_AY589768 325 (608.0)
denovo48 C45a_AY765404 331 (607.5)
denovo48 C48_AY589753 328 (620.0)
denovo48 C1_v1b_FJ919244 328 (590.5)
denovo48 C1_v1a_FJ919243 328 (599.5)
denovo48 C3j_AY239366 328 (590.5)
denovo48 C3t_EF541149 331 (607.5)
denovo48 C9_AF499798 330 (605.5)
denovo48 C23_AY239375 329 (621.0)
denovo48 C37_AY258481 333 (596.0)
denovo48 C1048_DQ068026 331 (598.5)
denovo48 C21.4_JF683326 328 (569.5)
denovo48 C21.5_JF683327 328 (569.5)
denovo48 C1070_DQ335349 328 (608.5)
denovo48 C21.6_HQ630873 328 (587.5)
denovo48 C1224_EU074890 328 (617.5)
denovo48 C1.17_HE578990 328 (617.5)
denovo48 C21_b1_FN827162 330 (566.0)
denovo48 C21.9_JF683330 330 (575.0)
denovo48 C1085_AY624605 325 (600.5)
denovo48 C3p_GU907654 328 (584.5)
denovo48 C3f_AY589734 328 (608.5)
denovo48 C65a_AY589770 326 (602.5)
denovo48 C65_AY589769 326 (611.5)
denovo48 C71_AY589775 326 (602.5)
denovo48 C71a_AY589776 326 (593.5)
denovo48 C1178_AB294647 327 (591.0)
denovo48 C1225_EU074893 325 (618.0)
denovo48 C75_AY765410 327 (606.0)
denovo48 C21.10_JF683331 327 (575.5)
denovo48 C21.11_HQ630874 327 (575.5)
denovo48 C1065_DQ335388 328 (608.5)
denovo48 C1045_DQ068036 328 (617.5)
denovo48 C1h_AY258473 327 (605.0)
denovo48 C38_AY258482 327 (605.0)
denovo48 C1202_EU099799 327 (596.0)
denovo48 C7_AF499797 327 (605.0)
denovo48 C12_AF499801 329 (594.5)
denovo48 C38a_AY258483 326 (607.5)
denovo48 C1200_EU099800 315 (604.5)
denovo48 C44a_AY589751 328 (608.0)
denovo48 C47_AY589752 331 (616.5)
denovo48 C44_AY589750 331 (607.5)
denovo48 C1.15_HE578988 328 (599.5)
denovo48 C45.3_FJ461522 331 (598.5)
denovo48 C46a_AY765405 331 (598.5)
denovo48 C46_EU449108 331 (607.5)
denovo48 C3.12_FJ461507 331 (607.5)
denovo48 C1k_AY589733 331 (598.5)
denovo48 C67_AY686647 331 (607.5)
denovo48 C82a_GU907659 328 (599.5)
denovo48 C10a_AY589739 331 (607.5)
denovo48 C10_AF499799 331 (598.5)
denovo48 C13_AY589740 333 (601.5)
denovo48 C4_AF499794 331 (598.5)
denovo48 C1147_EF656433 331 (598.5)
denovo48 C1c/C45_AY239364 331 (607.5)
denovo48 C1c/C45_EU449103 331 (607.5)
denovo48 C21.19_HE579031 328 (578.5)
denovo48 C21.21_HE579033 328 (569.5)
denovo48 C21.20_HE579032 328 (578.5)
denovo48 C42b_AY765403 332 (593.0)
denovo48 C42_AY258487 332 (602.0)
denovo48 C1p_GU907652 328 (599.5)
denovo48 C1d_AY258488 331 (589.5)
denovo48 C42_AY765402 331 (598.5)
denovo48 C3ha_AY589736 328 (569.5)
denovo48 C63a_AY589767 330 (586.5)
denovo48 C21a_AY589744 328 (578.5)
denovo48 C3o_GU907653 327 (576.0)
denovo48 C21.16_HQ630875 328 (569.5)
denovo48 C21.2_JF683324 328 (569.5)
denovo48 C21.7_JF683328 327 (576.0)
denovo48 C21.8_JF683329 328 (578.5)
denovo48 C3h_AY239365 328 (569.5)
denovo48 C1203_EU099798 328 (569.5)
denovo48 C3.10_FJ461505 328 (617.5)
denovo48 C21.14_FJ461516 328 (587.5)
denovo48 C21.18_HE579030 334 (566.5)
denovo48 C3.17_HE579005 328 (599.5)
denovo48 C3.9_FJ461504 328 (596.5)
denovo48 C3.8_FJ461503 328 (608.5)
denovo48 C3.7_FJ461502 328 (599.5)
denovo48 C3.11_FJ461506 335 (611.0)
denovo48 C3.18_HE579006 328 (608.5)
denovo48 C3.19_HE579007 328 (599.5)
denovo48 C3.20_HE579008 328 (599.5)
denovo48 C3g_AY589735 331 (591.5)
denovo48 C3a_AF499790 326 (612.0)
denovo48 C3e_AF499793 328 (599.5)
denovo48 C6_AF499796 335 (619.5)
denovo48 C11_AF499800 328 (599.5)
denovo48 C36_AY258480 328 (617.5)
denovo48 C29_AY258494 328 (617.5)
denovo48 C1146_EF656434 329 (603.0)
denovo48 C1190_EU099841 328 (617.5)
denovo48 C131_JF320826 328 (599.5)
denovo48 C28_AY239380 336 (607.0)
denovo48 C1012_DQ480604 328 (599.5)
denovo48 C1181_AB294640 328 (584.5)
denovo48 C1180_AB294641 328 (602.5)
denovo48 C1179_AB294645 326 (588.0)
denovo48 C1176_AB294651 326 (597.0)
denovo48 C1175_AB294653 328 (584.5)
denovo48 C1174_AB294655 330 (590.0)
denovo48 C1177_AB294659 328 (593.5)
denovo48 C1040_AB190269 330 (605.0)
denovo48 C1182_AB294649 328 (599.5)
denovo48 C1089_AJ278598 328 (599.5)
denovo48 C1028_DQ335357 335 (610.5)
denovo48 C3.16_EU786015 328 (617.5)
denovo48 C1097_AJ311943 327 (593.0)
denovo48 C1170_AB294661 328 (593.5)
denovo48 C21.17_HE579029 328 (589.5)
denovo48 C21/3d/C3k_AY239372 328 (578.5)
denovo48 C58_AY589762 329 (578.0)
denovo48 C3L_AY589738 331 (604.0)
denovo48 C1169_AB294660 328 (593.5)
denovo48 C3.2_FJ461497 328 (602.5)
denovo48 C3.1_JF683321 325 (603.5)
denovo48 C1104_AF427469 329 (607.5)
denovo48 C3b_AF499791 328 (611.5)
denovo48 C83_GU907661 328 (611.0)
denovo48 C49_AY589754 354 (623.0)
denovo48 C3_AB778606 328 (608.5)
denovo48 C3_AF499789 328 (608.5)
denovo48 C3_HE579001 328 (608.5)
denovo48 C21.12_FJ461514 328 (569.5)
denovo48 C1229_EU074888 325 (604.0)
denovo48 C1230_EU074889 325 (604.0)
denovo48 C1114_AB207196 328 (590.5)
denovo48 C3.21_HE579009 328 (539.5)
denovo48 C1057_DQ480619 328 (599.5)
denovo48 C72_AY765407 325 (599.0)
denovo48 C1b.3_HE578999 328 (593.5)
denovo48 C93_AJ621536 328 (599.5)
denovo48 C94_AJ621539 328 (599.5)
denovo48 C1g_AY589730 328 (617.5)
denovo48 C1i_AY589731 322 (592.0)
denovo48 C1j_AY589732 335 (610.5)
denovo48 C1005_DQ480633 328 (599.5)
denovo48 C1.7_FJ461494 328 (599.5)
denovo48 C1.11_HE578984 328 (600.0)
denovo48 C1.12_HE578985 328 (599.5)
denovo48 C1.13_HE578986 328 (608.5)
denovo48 C1.14_HE578987 328 (608.5)
denovo48 C1.18_HE578991 328 (599.5)
denovo48 C1.19_HE578992 328 (599.5)
denovo48 C1199_EU099802 325 (594.0)
denovo48 C1188_EU099838 325 (600.0)
denovo48 C1002_DQ838544 328 (608.5)
denovo48 C1198_EU099810 328 (599.5)
denovo48 C24_AY239376 328 (599.5)
denovo48 C1f_AY258490 328 (608.5)
denovo48 C1006_DQ480629 328 (617.5)
denovo48 C1010_DQ480607 328 (599.5)
denovo48 C1007_DQ480624 328 (599.5)
denovo48 C1011_DQ480605 328 (599.5)
denovo48 C1009_DQ480608 332 (601.5)
denovo48 C1041_AY186548 328 (608.5)
denovo48 C1052_AY186570 328 (617.5)
denovo48 C1148_EU040178 328 (608.5)
denovo48 C1234_EU118165 329 (598.5)
denovo48 C1.5_EF634157 328 (608.5)
denovo48 C1059_DQ480609 328 (608.5)
denovo48 C1228_EU074883 328 (599.5)
denovo48 C1208_EU074963 328 (608.5)
denovo48 C1207_EU074964 328 (608.5)
denovo48 C1206_EU074965 328 (599.5)
denovo48 C1013_DQ480642 328 (599.5)
denovo48 C80_GU907656 338 (602.5)
denovo48 C1a_AF499788 325 (600.0)
denovo48 C41_AY258486 328 (608.5)
denovo48 C39_AY258484 313 (604.0)
denovo48 C1231_EU074878 328 (608.5)
denovo48 C1b.1_HE578997 328 (602.5)
denovo48 C18_AY258478 328 (608.5)
denovo48 C1.10_HE578983 327 (603.0)
denovo48 C1_JN558041 328 (608.5)
denovo48 C1_HE578979 328 (608.5)
denovo48 C1_AM748551 328 (608.5)
denovo48 C1_AF333515 328 (608.5)
denovo48 C1054_AY186565 327 (612.0)
denovo48 C1008_DQ480613 328 (599.5)
denovo48 C1103_AF427470 329 (607.5)
denovo48 C1226_EU074881 329 (598.5)
denovo48 C1b/C1e_AY239363 328 (602.5)
denovo48 C1044_DQ068038 328 (602.5)
denovo48 C1017_DQ174729 329 (592.5)
denovo48 C1.6_FJ461493 328 (617.5)
denovo48 C1b.2_HE578998 328 (593.5)
denovo48 C1060_DQ480600 328 (608.5)
denovo48 C1227_EU074882 328 (599.5)
denovo48 C1197_EU099814 328 (599.5)
denovo48 C1130_DQ480643 328 (529.5)
denovo48 D109_AB097465 355 (425.5)
denovo48 D1.11_HE579040 360 (441.0)
denovo48 D105_AF174570 357 (441.0)
denovo48 D104_AF174572 360 (432.0)
denovo48 D1.3_JF683337 361 (434.5)
denovo48 D1.10_HE579039 360 (432.0)
denovo48 D110_AF174561 360 (432.0)
denovo48 D117_AF174542 360 (432.0)
denovo48 D114_AF174549 360 (441.0)
denovo48 D113_AF174557 360 (432.0)
denovo48 D112_AF174558 362 (438.5)
denovo48 D106_AF174559 367 (443.5)
denovo48 D111_AF174560 360 (440.5)
denovo48 D115_AF174562 360 (432.0)
denovo48 D107_AF174568 362 (438.5)
denovo48 D116_AF174571 365 (437.5)
denovo48 D124_EU074897 357 (441.5)
denovo48 D1.8_HE579037 362 (438.5)
denovo48 D3_AY686650 360 (441.0)
denovo48 D1.6_HQ630881 360 (432.0)
denovo48 D120_EU074900 360 (432.0)
denovo48 D121_EU074904 365 (437.5)
denovo48 D122_EU074905 360 (432.0)
denovo48 D1a.2_JF683339 367 (436.5)
denovo48 D1a.1_JF683338 357 (441.5)
denovo48 D2_AY686649 593 (516.5)
denovo48 D4_DQ865214 363 (438.0)
denovo48 D1a_AF499802 360 (441.0)
denovo48 D1a_JN558078 360 (441.0)
denovo48 D123_EU074895 361 (443.5)
denovo48 D108_AF174567 356 (447.0)
denovo48 D103_AF174575 360 (441.0)
denovo48 D100_AF411415 360 (441.0)
denovo48 D118_EF656435 354 (450.0)
denovo48 D101_AF411416 360 (431.5)
denovo48 D119_EU099832 359 (439.5)
denovo48 D102_AF174573 360 (444.5)
denovo48 D1_AF334660 360 (441.0)
denovo48 D1_JN558076 360 (441.0)
denovo48 D1.12_HE579041 341 (439.0)
denovo48 D1.1_AM748564 412 (468.5)
denovo48 D1.2_AM748617 430 (486.0)
denovo48 E111_EU074915 351 (458.5)
denovo48 E110_EU074914 348 (450.0)
denovo48 E114_EU074909 348 (432.0)
denovo48 E1_AF334659 349 (440.0)
denovo48 E105_EU074921 348 (450.0)
denovo48 E112_EU074916 348 (432.0)
denovo48 E104_EU074922 370 (437.0)
denovo48 E102_EU074924 348 (432.0)
denovo48 E103_EU074923 348 (441.0)
denovo48 E101_AY160123 353 (416.0)
denovo48 E109_EU074913 354 (470.5)
denovo48 E100_DQ011618 362 (474.0)
denovo48 E108_EU074912 360 (468.5)
denovo48 E113_EU074908 355 (484.5)
denovo48 E107_EU074910 359 (474.5)
denovo48 F1_JN558066 331 (554.0)
denovo48 F5.2d_AJ291530 329 (585.0)
denovo48 F104_AJ291531 329 (585.0)
denovo48 F5.2c_AM748596 329 (576.5)
denovo48 F5.2_AM748594 329 (576.0)
denovo48 F5.2a_AM748614 329 (576.0)
denovo48 F5.2b_AM748595 329 (576.0)
denovo48 F5.2e_AJ291533 330 (561.5)
denovo48 F5.2g_JN558072 329 (584.5)
denovo48 F5.2f_AJ291512 329 (575.5)
denovo48 F102_AJ291534 329 (575.5)
denovo48 F5.1c_AM748593 331 (599.5)
denovo48 F5.1d_JN558069 334 (562.0)
denovo48 F5.1b_AJ291535 330 (588.0)
denovo48 F5.1_AM748592 332 (584.5)
denovo48 F5.1a_AM748591 330 (588.0)
denovo48 F110_AJ291526 323 (673.0)
denovo48 F4.7_AM748587 325 (655.5)
denovo48 F4.5_AM748585 324 (648.5)
denovo48 F4.4a_AM748583 320 (674.0)
denovo48 F4.4_AM748582 325 (676.5)
denovo48 F4.4b_AM748584 318 (693.0)
denovo48 F4.1a_AM748573 327 (637.5)
denovo48 F112_AJ291528 324 (631.5)
denovo48 F4.1_AM748572 324 (631.5)
denovo48 F4.8b_AM748590 325 (670.0)
denovo48 F4.8_AM748588 316 (670.5)
denovo48 F4.8a_AM748589 316 (670.5)
denovo48 F109_AJ291527 322 (675.0)
denovo48 F4.6_AM748586 325 (642.0)
denovo48 F111_AJ311949 317 (669.5)
denovo48 F4.3c_AM748581 318 (672.5)
denovo48 F4.3a_AM748579 317 (679.5)
denovo48 F4.3b_AM748580 318 (681.5)
denovo48 F4.3_AM748578 318 (672.5)
denovo48 F4.2_AM748574 323 (683.0)
denovo48 F4.2a_AM748575 323 (659.5)
denovo48 F4.2c_AM748577 323 (656.0)
denovo48 F4.2b_AM748576 323 (668.5)
denovo48 F2b_AJ291521 335 (606.5)
denovo48 F2_AJ830908 331 (631.5)
denovo48 F2a_AJ830911 331 (627.0)
denovo48 F3.1a_AM748566 341 (592.0)
denovo48 F114_AJ291525 341 (601.5)
denovo48 F3.1_AM748565 341 (601.5)
denovo48 F3.2_AM748567 355 (633.5)
denovo48 F3.2a_AM748568 355 (626.0)
denovo48 F3.3_AM748569 341 (615.5)
denovo48 F3.4a_AM748571 339 (564.5)
denovo48 F3.4_AM748570 335 (570.5)
denovo48 F3.4b_AM748616 335 (570.5)
denovo48 G101_AJ291539 363 (457.0)
denovo48 G1_AM748597 363 (465.5)
denovo48 G2b_JN558087 361 (451.0)
denovo48 G2_AM748598 362 (445.0)
denovo48 G2a_AM748599 379 (436.0)
denovo48 G4_AM748601 368 (498.5)
denovo48 G3.4_LK392378 360 (455.0)
denovo48 G3_AM748600 358 (475.5)
denovo48 G3.2_KC597694 356 (412.5)
denovo48 G3.1_KC597688 354 (480.5)
denovo48 G100_AB253788 354 (463.0)
denovo48 G3.3_LK392377 354 (471.0)
denovo48 H6_AJ291520 618 (311.0)
denovo48 H3_AM748606 328 (498.5)
denovo48 H2_AM748605 336 (521.0)
denovo48 H4_AM748607 332 (512.5)
denovo48 H4a_AM748608 342 (511.0)
denovo48 H5a_AM748611 340 (491.5)
denovo48 H5b_AM748610 343 (490.0)
denovo48 H5_AJ621129 340 (491.5)
denovo48 H5_AM748609 340 (491.5)
denovo48 H100_AJ291513 340 (480.5)
denovo48 H1b_AM748604 340 (475.5)
denovo48 H1a_AM748612 340 (484.5)
denovo48 H1_AJ621152 340 (484.5)
denovo48 H1_AM748602 340 (484.5)
denovo48 I3_FN561561 340 (662.5)
denovo48 I4_FN561562 340 (662.5)
denovo48 I1_FN561559 339 (659.0)
denovo48 I2_FN561560 342 (658.5)

#---------------------------------------
#---------------------------------------
