denovo212 A136_DQ865210 328 (520.5)
denovo212 A133_DQ174725 355 (499.0)
denovo212 A115_AF180123 341 (488.5)
denovo212 A117_AF201746 339 (507.0)
denovo212 A134_DQ174723 345 (507.0)
denovo212 A114_AF184941 345 (507.0)
denovo212 A135_DQ174727 347 (505.0)
denovo212 A2_AF333506 342 (504.0)
denovo212 A101_AF427468 342 (499.0)
denovo212 A2_1_JN558097 342 (499.0)
denovo212 A2_2_JN558100 342 (499.0)
denovo212 A113_AF184948 335 (515.5)
denovo212 A112_AF184949 335 (497.5)
denovo212 A123_EF378618 340 (351.0)
denovo212 A137_EF378621 337 (341.5)
denovo212 A11_EU449041 343 (513.5)
denovo212 A121_DQ174722 340 (508.0)
denovo212 A15b_EU792886 354 (472.0)
denovo212 A15a_EU792885 345 (489.5)
denovo212 A15c_EU792887 354 (480.5)
denovo212 A15_EU792884 354 (481.0)
denovo212 A147_EU074937 334 (502.5)
denovo212 A154_EU074860 334 (502.5)
denovo212 A146_EU074936 336 (498.5)
denovo212 A150_EU074928 336 (507.5)
denovo212 A116_AF183575 337 (501.0)
denovo212 A141_EU074931 336 (507.5)
denovo212 A5_AF333508 338 (519.5)
denovo212 A3b_EU449043 343 (511.5)
denovo212 A151_EU074925 334 (501.5)
denovo212 A152_EU074927 339 (498.5)
denovo212 A149_EU074929 334 (502.5)
denovo212 A140_EU074930 334 (493.5)
denovo212 A142_EU074932 334 (493.5)
denovo212 A143_EU074933 337 (502.5)
denovo212 A144_EU074934 334 (502.5)
denovo212 A145_EU074935 337 (501.5)
denovo212 A148_EU074938 336 (498.5)
denovo212 A155_EU074856 334 (493.5)
denovo212 A156_EU074859 334 (493.5)
denovo212 A139_EU074962 334 (493.5)
denovo212 A6_AF186058 334 (502.5)
denovo212 A3_AF333507 334 (502.5)
denovo212 A3_JN558091 334 (502.5)
denovo212 A8_AY258468 345 (480.0)
denovo212 A7_AY239360 345 (489.5)
denovo212 A16_EU792888 345 (498.5)
denovo212 A4.3_FN429763 346 (489.5)
denovo212 A120_AF180122 338 (493.5)
denovo212 A4.2_FN429761 344 (489.5)
denovo212 A4_AF333509 344 (508.5)
denovo212 A4.1_FN429760 343 (503.5)
denovo212 A4a_AF499778 343 (506.5)
denovo212 A4a.1_FN429762 343 (506.5)
denovo212 A138_EF378620 337 (459.5)
denovo212 A122_EF378619 336 (496.5)
denovo212 A126_EF378615 335 (497.5)
denovo212 A10_EU792882 335 (497.5)
denovo212 A9_EU449028 338 (499.0)
denovo212 A105_AB207202 347 (507.5)
denovo212 A119_AF180121 340 (497.0)
denovo212 A12_EU792883 338 (499.0)
denovo212 A104_AB207203 340 (506.5)
denovo212 A1a_EU449030 338 (517.0)
denovo212 A1.3_HE578976 349 (503.0)
denovo212 A1.4_HE578977 340 (512.0)
denovo212 A13_AF333504 342 (508.0)
denovo212 A13_JN558094 342 (508.0)
denovo212 A110_AB190282 337 (502.5)
denovo212 A103_AB207206 340 (512.5)
denovo212 A130_EF656428 342 (509.0)
denovo212 A127_EF656429 342 (518.0)
denovo212 A128_EF656430 342 (500.0)
denovo212 A129_EF656431 343 (511.5)
denovo212 A131_EF656432 340 (504.0)
denovo212 A118_AF180120 336 (504.0)
denovo212 A1_AF333505 342 (509.0)
denovo212 A107_AB207199 333 (510.0)
denovo212 A111_AB190280 333 (510.0)
denovo212 A108_AB207197 354 (486.5)
denovo212 A106_AB207200 347 (507.0)
denovo212 A102_AB207209 347 (507.5)
denovo212 A1.2_AB207210 347 (507.5)
denovo212 A109_AB190285 347 (507.0)
denovo212 B4_AF333510 323 (1100.5)
denovo212 B23_EU449079 307 (1196.5)
denovo212 B30_GU907644 307 (1178.5)
denovo212 B11_AY239361 308 (1299.5)
denovo212 B17_AY258470 306 (1319.0)
denovo212 B1k_GU907638 308 (679.5)
denovo212 B1.V_Green2014 313 (1276.5)
denovo212 B1b_AF499780 306 (1250.5)
denovo212 B16_AY258469 306 (1328.0)
denovo212 B31a_GU907646 306 (1337.0)
denovo212 B32_GU907647 306 (1328.0)
denovo212 B31_GU907645 306 (1337.0)
denovo212 B1j_GU907637 306 (1328.0)
denovo212 B37_GU907650 308 (1326.5)
denovo212 B5a_AF499782 306 (1328.0)
denovo212 B5_AF499781 306 (1337.0)
denovo212 B24_GU907643 306 (1195.0)
denovo212 B117_AF180124 306 (1219.5)
denovo212 B10_AF499787 306 (1328.0)
denovo212 B20_GU907642 308 (1311.5)
denovo212 B1m_GU907640 306 (1337.0)
denovo212 B34_GU907649 306 (1346.0)
denovo212 B1d_GU907633 306 (1355.0)
denovo212 B1e_GU907634 306 (1337.0)
denovo212 B1i_GU907636 306 (1337.0)
denovo212 B1g_GU907635 307 (1318.0)
denovo212 B123_EU074872 306 (1328.0)
denovo212 B8_AF499785 307 (1327.0)
denovo212 B1l_GU907639 306 (1337.0)
denovo212 B1a_AF499779 306 (1337.0)
denovo212 B14_AY239362 307 (1327.0)
denovo212 B125_EU074865 306 (1337.0)
denovo212 B122_EU074871 306 (1337.0)
denovo212 B124_EU074874 306 (1337.0)
denovo212 B1.VII_Green2014 306 (1267.0)
denovo212 B1.III_Green2014 306 (1265.0)
denovo212 B1.I_Green2014 306 (1346.0)
denovo212 B1.II_Green2014 306 (1346.0)
denovo212 B1_JN558057 306 (1346.0)
denovo212 B1_AF333511 306 (1346.0)
denovo212 B1.IV_Green2014 316 (1331.5)
denovo212 B121_EU074870 306 (1337.0)
denovo212 B7_AF499784 306 (1337.0)
denovo212 B1.VI_Green2014 307 (1277.0)
denovo212 B3_AF333514 306 (1233.5)
denovo212 B9_AF499786 306 (1269.5)
denovo212 B19a_JN558055 310 (1137.0)
denovo212 B119_EU099825 315 (1168.0)
denovo212 B21_DQ865213 306 (1229.0)
denovo212 B38_GU907651 306 (1229.0)
denovo212 B18_AY258471 306 (1260.5)
denovo212 B18a_AY258472 306 (1251.5)
denovo212 B33_GU907648 306 (1251.5)
denovo212 B6_AF499783 311 (1257.0)
denovo212 B19_DQ865212 306 (1269.5)
denovo212 B19_GU907641 306 (1269.5)
denovo212 B2_AF333512 306 (1260.5)
denovo212 B2_JN558060 306 (1260.5)
denovo212 C33.1_AY258498 330 (696.5)
denovo212 C33.2_AY765400 330 (696.5)
denovo212 C33a_EF541147 330 (696.5)
denovo212 C34_AY258499 325 (700.0)
denovo212 C78_AY765413 327 (651.5)
denovo212 C15.29_KC597690 334 (653.0)
denovo212 C1131_DQ182650 330 (651.0)
denovo212 C1135_DQ182646 325 (646.0)
denovo212 C1134_DQ182647 325 (637.0)
denovo212 C1142_DQ182635 325 (646.0)
denovo212 C1136_DQ182644 323 (628.5)
denovo212 C1111_DQ182645 323 (638.0)
denovo212 C1236_EF473656 323 (629.0)
denovo212 C1138_DQ182642 319 (644.5)
denovo212 C1137_DQ182643 323 (629.0)
denovo212 C1133_DQ182648 323 (629.0)
denovo212 C1132_DQ182649 327 (631.5)
denovo212 C1143_DQ182634 323 (638.0)
denovo212 C1139_DQ182639 325 (646.0)
denovo212 C15.28_KC597687 322 (701.0)
denovo212 C1141_DQ182636 325 (655.0)
denovo212 C1144_DQ182637 322 (664.0)
denovo212 C1122_DQ182654 325 (673.0)
denovo212 C1127_DQ182652 325 (673.0)
denovo212 C15.30_JX394114 327 (688.0)
denovo212 C15.26_KC597686 326 (684.5)
denovo212 C1086_DQ182656 327 (688.0)
denovo212 C15.25_KC597685 327 (697.0)
denovo212 C1118_AF180127 331 (650.5)
denovo212 C1129_DQ182651 327 (642.0)
denovo212 C15.21_KC597683 326 (666.5)
denovo212 C56_AY589760 324 (679.0)
denovo212 C1140_DQ182638 324 (660.0)
denovo212 C1126_DQ182653 324 (651.0)
denovo212 C15c_AY258492 324 (697.0)
denovo212 C15d_AY258493 323 (703.5)
denovo212 C1098_DQ182641 325 (698.0)
denovo212 C15.27_KC597689 327 (688.0)
denovo212 C15.18_HE579024 326 (685.0)
denovo212 C15.16_HE579022 332 (693.5)
denovo212 C1101_AB253787 327 (679.0)
denovo212 C1083_AY237300 327 (688.0)
denovo212 C1088_DQ182640 323 (694.0)
denovo212 C15.6_FN563472 327 (688.0)
denovo212 C15.5_FJ461512 327 (679.0)
denovo212 C15.4_FJ461511 327 (688.0)
denovo212 C15.13_HE579019 327 (679.0)
denovo212 C15.12_HE579018 327 (688.0)
denovo212 C93a_AM748563 324 (715.0)
denovo212 C1094_AJ291514 324 (697.0)
denovo212 C93_AM748562 324 (706.0)
denovo212 C15.17_HE579023 323 (679.5)
denovo212 C15e_AY589742 325 (704.0)
denovo212 C15.22_KC597695 327 (688.0)
denovo212 C60_AY589764 327 (688.0)
denovo212 C15.1_FJ461508 327 (688.0)
denovo212 C15.2_FJ461509 327 (706.0)
denovo212 C15.9_FN563475 327 (705.5)
denovo212 C15.7_HE579015 326 (702.5)
denovo212 C15.8_HE579016 327 (688.0)
denovo212 C15.15_HE579021 327 (688.0)
denovo212 C15.19_HE579025 327 (697.0)
denovo212 C15.24_KC597696 327 (679.0)
denovo212 C15.3_FJ461510 327 (706.0)
denovo212 C1087_DQ182655 327 (697.0)
denovo212 C15.14_HE579020 328 (687.5)
denovo212 C15.23_KC597697 328 (687.5)
denovo212 C19_AY258479 326 (706.5)
denovo212 C1233_EU118166 327 (688.0)
denovo212 C15b_AY258491 327 (688.0)
denovo212 C15a_AY258476 327 (697.0)
denovo212 C1051_AF195153 327 (706.0)
denovo212 C2_AF333518 328 (705.0)
denovo212 C15.20_HE579026 328 (696.5)
denovo212 C15f_AY589743 324 (693.5)
denovo212 C55_AY589759 331 (695.0)
denovo212 C15_AY239369 327 (697.0)
denovo212 C32.1_JF683335 326 (654.5)
denovo212 C32.2_JF683336 326 (654.5)
denovo212 C21.23_KC597693 326 (654.5)
denovo212 C1193_EU099827 335 (671.5)
denovo212 C1195_EU099821 335 (655.5)
denovo212 C3q_GU907655 337 (673.0)
denovo212 C53_AY589758 333 (660.0)
denovo212 C73_AY765408 334 (670.5)
denovo212 C17.2.1_KC597684 327 (646.5)
denovo212 C32_AY258497 330 (664.5)
denovo212 C1189_EU099831 327 (658.0)
denovo212 C1191_EU099833 326 (664.5)
denovo212 C1196_EU099819 327 (640.0)
denovo212 C1192_EU099820 327 (640.0)
denovo212 C17.1_JF683322 327 (658.0)
denovo212 C26_b2_FN827164 332 (660.0)
denovo212 C26_b3_FN827165 328 (657.5)
denovo212 C31.9_HQ630879 329 (644.5)
denovo212 C31a_AY589746 329 (641.0)
denovo212 C30_AY589745 329 (641.0)
denovo212 C31.1_HQ630876 333 (642.5)
denovo212 C31.5_HQ630877 329 (650.0)
denovo212 C31.6_HQ630878 329 (650.0)
denovo212 C31.2_JF683332 329 (650.0)
denovo212 C31.3_JF683333 329 (641.0)
denovo212 C26/C35a_AY239378 328 (648.5)
denovo212 C35a_AY258501 328 (648.5)
denovo212 C35.2_AY258500 328 (657.5)
denovo212 C26_b1_FN827163 328 (657.5)
denovo212 C17_AY239370 327 (658.0)
denovo212 C17.2_FJ461513 329 (657.0)
denovo212 C31.10_HQ630880 329 (653.5)
denovo212 C31.4_JF683334 333 (638.5)
denovo212 C31_AY258496 329 (650.0)
denovo212 C25_AY239377 324 (699.0)
denovo212 C61_AY589765 327 (644.5)
denovo212 C1043_DQ072721 327 (647.0)
denovo212 C79_AY765414 331 (671.5)
denovo212 C69_AY589773 325 (673.0)
denovo212 C69a_AY686648 325 (664.0)
denovo212 C21.22_KC597692 333 (646.5)
denovo212 C51_AY589756 326 (667.5)
denovo212 C1aa_HM185739 333 (688.5)
denovo212 C1096_DQ068023 328 (679.0)
denovo212 C74_AY765409 335 (697.0)
denovo212 C1185_AB294629 335 (697.0)
denovo212 C1184_AB294630 335 (697.0)
denovo212 C1153_AB294625 335 (697.0)
denovo212 C1154_AB294626 334 (712.5)
denovo212 C1187_AB294627 335 (697.0)
denovo212 C1186_AB294628 335 (697.0)
denovo212 C57_AY589761 335 (706.0)
denovo212 C66_AY589771 335 (706.0)
denovo212 C5_AF499795 327 (688.0)
denovo212 C1167_AB294586 327 (688.0)
denovo212 C1164_AB294593 327 (688.0)
denovo212 C1183_AB294631 327 (706.0)
denovo212 C1067_DQ335381 327 (679.0)
denovo212 C1159_AB294613 326 (690.5)
denovo212 C1150_AB294622 326 (699.5)
denovo212 C90_AM748554 328 (711.0)
denovo212 C1168_AB294583 327 (697.0)
denovo212 C1156_AB294616 327 (706.0)
denovo212 C1151_AB294621 327 (715.0)
denovo212 C92a_AM748561 327 (715.0)
denovo212 C92_AM748560 327 (706.0)
denovo212 C1165_AB294581 324 (697.0)
denovo212 C1166_AB294584 327 (715.0)
denovo212 C1162_AB294594 327 (697.0)
denovo212 C1163_AB294596 324 (706.5)
denovo212 C1161_AB294606 328 (709.0)
denovo212 C1160_AB294608 331 (698.5)
denovo212 C1158_AB294614 327 (715.0)
denovo212 C1155_AB294617 327 (697.0)
denovo212 C1149_AB294620 327 (706.0)
denovo212 C1173_AB294662 327 (715.0)
denovo212 C1171_AB294663 327 (697.0)
denovo212 C1172_AB294665 327 (697.0)
denovo212 C91a_AM748556 327 (715.0)
denovo212 C91b_AM748557 327 (706.0)
denovo212 C91d_AM748559 326 (703.5)
denovo212 C91c_AM748558 326 (703.5)
denovo212 C91_AJ621543 327 (706.0)
denovo212 C91_AM748555 327 (706.0)
denovo212 C1023_DQ335330 314 (656.0)
denovo212 C1020_DQ335392 331 (681.5)
denovo212 C1018_DQ335408 327 (688.0)
denovo212 C1074_DQ335329 327 (679.0)
denovo212 C1030_DQ335353 327 (679.0)
denovo212 C1022_DQ335331 327 (679.0)
denovo212 C1027_DQ335360 327 (697.0)
denovo212 C1072_DQ335344 327 (679.0)
denovo212 C1039_AB190274 327 (688.0)
denovo212 C1033_DQ335350 332 (676.0)
denovo212 C1019_DQ335407 327 (688.0)
denovo212 C1194_EU099826 328 (667.5)
denovo212 C8b_AY258475 327 (672.5)
denovo212 C8_AY239367 328 (681.0)
denovo212 C8a_AY239368 330 (677.0)
denovo212 C54a_AY765406 328 (691.0)
denovo212 C3ff_HM185740 327 (697.0)
denovo212 C59_AY589763 330 (679.5)
denovo212 C3k_AY589737 327 (687.5)
denovo212 C3.24_HE579012 326 (694.0)
denovo212 C3.23_HE579011 327 (687.5)
denovo212 C35.1_AY765401 335 (702.0)
denovo212 C35.3_EF541145 328 (700.0)
denovo212 C76_AY765411 330 (658.5)
denovo212 C1107_DQ335359 325 (667.5)
denovo212 C3.22_HE579010 330 (662.0)
denovo212 C77_AY765412 327 (675.5)
denovo212 C20_AY239371 327 (687.5)
denovo212 C1055_DQ480640 327 (675.0)
denovo212 C27/C30_AY239379 324 (654.0)
denovo212 C27.1_FJ461517 324 (645.0)
denovo212 C40a_AY589747 332 (691.0)
denovo212 C40_AY258485 332 (691.0)
denovo212 C40b_AY589748 334 (685.0)
denovo212 C16_AY258477 330 (687.5)
denovo212 C16a_AY765399 331 (690.5)
denovo212 C1091_AB207186 324 (688.5)
denovo212 C1102_DQ335400 324 (670.5)
denovo212 C1069_DQ335375 327 (697.0)
denovo212 C1073_DQ335332 328 (682.0)
denovo212 C1066_DQ335382 327 (679.0)
denovo212 C1031_DQ335352 329 (694.0)
denovo212 C1026_DQ335366 332 (693.5)
denovo212 C70_AY589774 324 (697.5)
denovo212 C1082_AB190267 324 (679.5)
denovo212 C1078_AB190271 324 (697.0)
denovo212 C1090_AB207191 323 (686.0)
denovo212 C1071_DQ335302 323 (694.5)
denovo212 C1075_DQ335328 324 (688.5)
denovo212 C1068_DQ335379 325 (682.5)
denovo212 C1064_DQ335395 324 (679.5)
denovo212 C1063_DQ335403 324 (697.5)
denovo212 C62_AY589766 324 (688.5)
denovo212 C1077_DQ335316 324 (702.5)
denovo212 C1109_DQ335338 324 (679.5)
denovo212 C1110_DQ335340 324 (670.5)
denovo212 C1106_DQ335339 324 (670.5)
denovo212 C1112_DQ335319 324 (679.5)
denovo212 C1108_DQ335351 324 (670.5)
denovo212 C1105_DQ335394 324 (679.5)
denovo212 C1121_DQ335378 331 (672.5)
denovo212 C1116_AB190268 331 (681.5)
denovo212 C1115_AB190273 331 (681.5)
denovo212 C1124_DQ335323 324 (661.5)
denovo212 C1120_DQ335398 324 (661.5)
denovo212 C1119_DQ335404 323 (676.5)
denovo212 C1123_DQ335363 324 (670.5)
denovo212 C1004_DQ480635 326 (685.0)
denovo212 C1061_AY186568 326 (676.0)
denovo212 C1053_AY186569 326 (685.0)
denovo212 C1003_DQ480639 326 (685.0)
denovo212 C81_GU907657 321 (668.5)
denovo212 C22_AY239373 323 (703.0)
denovo212 C22a_AY239374 323 (703.0)
denovo212 C1232_EU118163 330 (686.5)
denovo212 C21.13_FJ461515 326 (664.5)
denovo212 C21.1_JF683323 327 (649.0)
denovo212 C21.3_JF683325 327 (667.0)
denovo212 C1.20_HE578993 328 (673.5)
denovo212 C1.22_HE578995 328 (664.5)
denovo212 C52_AY589757 323 (698.0)
denovo212 C1201_EU099793 327 (657.5)
denovo212 C14_AY589741 326 (678.5)
denovo212 C43_AY589749 326 (684.5)
denovo212 C50_AY589755 328 (691.0)
denovo212 C3.14_HQ630872 326 (693.5)
denovo212 C1m_AY765398 323 (685.5)
denovo212 C82_GU907658 334 (690.0)
denovo212 C82b_GU907660 334 (690.0)
denovo212 C64_AY589768 326 (693.5)
denovo212 C45a_AY765404 329 (693.0)
denovo212 C48_AY589753 327 (708.5)
denovo212 C1_v1b_FJ919244 327 (688.0)
denovo212 C1_v1a_FJ919243 326 (685.0)
denovo212 C3j_AY239366 327 (679.0)
denovo212 C3t_EF541149 330 (696.0)
denovo212 C9_AF499798 328 (699.0)
denovo212 C23_AY239375 327 (706.0)
denovo212 C37_AY258481 333 (687.0)
denovo212 C1048_DQ068026 329 (684.0)
denovo212 C21.4_JF683326 327 (658.0)
denovo212 C21.5_JF683327 327 (658.0)
denovo212 C1070_DQ335349 327 (679.0)
denovo212 C21.6_HQ630873 327 (658.0)
denovo212 C1224_EU074890 326 (703.0)
denovo212 C1.17_HE578990 326 (703.0)
denovo212 C21_b1_FN827162 329 (654.0)
denovo212 C21.9_JF683330 329 (663.0)
denovo212 C1085_AY624605 324 (688.5)
denovo212 C3p_GU907654 327 (673.0)
denovo212 C3f_AY589734 327 (697.0)
denovo212 C65a_AY589770 327 (688.0)
denovo212 C65_AY589769 327 (697.0)
denovo212 C71_AY589775 326 (693.5)
denovo212 C71a_AY589776 326 (684.5)
denovo212 C1178_AB294647 326 (688.5)
denovo212 C1225_EU074893 328 (700.5)
denovo212 C75_AY765410 327 (697.0)
denovo212 C21.10_JF683331 326 (672.5)
denovo212 C21.11_HQ630874 327 (666.5)
denovo212 C1065_DQ335388 327 (697.0)
denovo212 C1045_DQ068036 327 (706.0)
denovo212 C1h_AY258473 325 (690.5)
denovo212 C38_AY258482 327 (687.5)
denovo212 C1202_EU099799 326 (684.5)
denovo212 C7_AF499797 326 (693.5)
denovo212 C12_AF499801 328 (683.0)
denovo212 C38a_AY258483 327 (701.5)
denovo212 C1200_EU099800 316 (698.5)
denovo212 C44a_AY589751 329 (693.0)
denovo212 C47_AY589752 329 (702.0)
denovo212 C44_AY589750 329 (693.0)
denovo212 C1.15_HE578988 326 (685.0)
denovo212 C45.3_FJ461522 329 (684.0)
denovo212 C46a_AY765405 329 (684.0)
denovo212 C46_EU449108 329 (693.0)
denovo212 C3.12_FJ461507 330 (696.0)
denovo212 C1k_AY589733 329 (684.0)
denovo212 C67_AY686647 329 (693.0)
denovo212 C82a_GU907659 326 (693.5)
denovo212 C10a_AY589739 329 (693.0)
denovo212 C10_AF499799 329 (684.0)
denovo212 C13_AY589740 331 (687.0)
denovo212 C4_AF499794 329 (684.0)
denovo212 C1147_EF656433 329 (684.0)
denovo212 C1c/C45_AY239364 329 (693.0)
denovo212 C1c/C45_EU449103 329 (693.0)
denovo212 C21.19_HE579031 327 (667.0)
denovo212 C21.21_HE579033 327 (658.0)
denovo212 C21.20_HE579032 327 (667.0)
denovo212 C42b_AY765403 330 (678.0)
denovo212 C42_AY258487 330 (687.0)
denovo212 C1p_GU907652 326 (685.0)
denovo212 C1d_AY258488 329 (675.0)
denovo212 C42_AY765402 329 (684.0)
denovo212 C3ha_AY589736 327 (658.0)
denovo212 C63a_AY589767 329 (675.0)
denovo212 C21a_AY589744 327 (667.0)
denovo212 C3o_GU907653 327 (666.5)
denovo212 C21.16_HQ630875 328 (670.0)
denovo212 C21.2_JF683324 327 (658.0)
denovo212 C21.7_JF683328 326 (664.5)
denovo212 C21.8_JF683329 327 (667.0)
denovo212 C3h_AY239365 327 (658.0)
denovo212 C1203_EU099798 327 (658.0)
denovo212 C3.10_FJ461505 327 (706.0)
denovo212 C21.14_FJ461516 327 (676.0)
denovo212 C21.18_HE579030 325 (658.0)
denovo212 C3.17_HE579005 327 (688.0)
denovo212 C3.9_FJ461504 327 (685.0)
denovo212 C3.8_FJ461503 327 (697.0)
denovo212 C3.7_FJ461502 327 (688.0)
denovo212 C3.11_FJ461506 334 (699.5)
denovo212 C3.18_HE579006 327 (697.0)
denovo212 C3.19_HE579007 327 (688.0)
denovo212 C3.20_HE579008 327 (688.0)
denovo212 C3g_AY589735 330 (680.0)
denovo212 C3a_AF499790 327 (697.0)
denovo212 C3e_AF499793 327 (688.0)
denovo212 C6_AF499796 334 (708.0)
denovo212 C11_AF499800 327 (688.0)
denovo212 C36_AY258480 327 (706.0)
denovo212 C29_AY258494 327 (706.0)
denovo212 C1146_EF656434 328 (700.0)
denovo212 C1190_EU099841 327 (706.0)
denovo212 C131_JF320826 327 (688.0)
denovo212 C28_AY239380 335 (704.0)
denovo212 C1012_DQ480604 327 (688.0)
denovo212 C1181_AB294640 327 (682.0)
denovo212 C1180_AB294641 327 (682.0)
denovo212 C1179_AB294645 332 (687.0)
denovo212 C1176_AB294651 327 (691.0)
denovo212 C1175_AB294653 327 (682.0)
denovo212 C1174_AB294655 329 (687.5)
denovo212 C1177_AB294659 327 (691.0)
denovo212 C1040_AB190269 329 (693.5)
denovo212 C1182_AB294649 327 (688.0)
denovo212 C1089_AJ278598 327 (688.0)
denovo212 C1028_DQ335357 334 (699.0)
denovo212 C3.16_EU786015 327 (688.0)
denovo212 C1097_AJ311943 328 (687.0)
denovo212 C1170_AB294661 327 (691.0)
denovo212 C21.17_HE579029 327 (678.0)
denovo212 C21/3d/C3k_AY239372 327 (667.0)
denovo212 C58_AY589762 328 (666.5)
denovo212 C3L_AY589738 330 (692.5)
denovo212 C1169_AB294660 327 (691.0)
denovo212 C3.2_FJ461497 327 (691.0)
denovo212 C3.1_JF683321 326 (697.5)
denovo212 C1104_AF427469 328 (687.0)
denovo212 C3b_AF499791 327 (700.0)
denovo212 C83_GU907661 327 (699.5)
denovo212 C49_AY589754 359 (711.5)
denovo212 C3_AB778606 327 (697.0)
denovo212 C3_AF499789 327 (697.0)
denovo212 C3_HE579001 327 (697.0)
denovo212 C21.12_FJ461514 327 (667.0)
denovo212 C1229_EU074888 323 (680.5)
denovo212 C1230_EU074889 323 (689.5)
denovo212 C1114_AB207196 327 (679.0)
denovo212 C3.21_HE579009 327 (619.0)
denovo212 C1057_DQ480619 328 (691.5)
denovo212 C72_AY765407 323 (684.5)
denovo212 C1b.3_HE578999 326 (679.0)
denovo212 C93_AJ621536 327 (688.0)
denovo212 C94_AJ621539 326 (685.0)
denovo212 C1g_AY589730 326 (703.0)
denovo212 C1i_AY589731 323 (694.5)
denovo212 C1j_AY589732 333 (696.0)
denovo212 C1005_DQ480633 326 (685.0)
denovo212 C1.7_FJ461494 326 (685.0)
denovo212 C1.11_HE578984 326 (685.0)
denovo212 C1.12_HE578985 326 (685.0)
denovo212 C1.13_HE578986 328 (691.5)
denovo212 C1.14_HE578987 326 (694.0)
denovo212 C1.18_HE578991 326 (685.0)
denovo212 C1.19_HE578992 326 (685.0)
denovo212 C1199_EU099802 326 (679.0)
denovo212 C1188_EU099838 326 (694.0)
denovo212 C1002_DQ838544 327 (697.0)
denovo212 C1198_EU099810 326 (685.0)
denovo212 C24_AY239376 326 (685.0)
denovo212 C1f_AY258490 326 (694.0)
denovo212 C1006_DQ480629 326 (703.0)
denovo212 C1010_DQ480607 326 (685.0)
denovo212 C1007_DQ480624 326 (685.0)
denovo212 C1011_DQ480605 326 (685.0)
denovo212 C1009_DQ480608 330 (687.0)
denovo212 C1041_AY186548 326 (694.0)
denovo212 C1052_AY186570 328 (691.0)
denovo212 C1148_EU040178 326 (694.0)
denovo212 C1234_EU118165 327 (684.0)
denovo212 C1.5_EF634157 326 (694.0)
denovo212 C1059_DQ480609 326 (685.0)
denovo212 C1228_EU074883 326 (685.0)
denovo212 C1208_EU074963 326 (685.0)
denovo212 C1207_EU074964 326 (694.0)
denovo212 C1206_EU074965 328 (690.5)
denovo212 C1013_DQ480642 327 (688.0)
denovo212 C80_GU907656 344 (695.0)
denovo212 C1a_AF499788 326 (694.0)
denovo212 C41_AY258486 326 (694.0)
denovo212 C39_AY258484 314 (698.0)
denovo212 C1231_EU074878 326 (685.0)
denovo212 C1b.1_HE578997 326 (679.0)
denovo212 C18_AY258478 326 (694.0)
denovo212 C1.10_HE578983 325 (688.5)
denovo212 C1_JN558041 326 (694.0)
denovo212 C1_HE578979 326 (694.0)
denovo212 C1_AM748551 326 (694.0)
denovo212 C1_AF333515 326 (694.0)
denovo212 C1054_AY186565 325 (697.5)
denovo212 C1008_DQ480613 326 (685.0)
denovo212 C1103_AF427470 327 (684.0)
denovo212 C1226_EU074881 327 (684.0)
denovo212 C1b/C1e_AY239363 326 (688.0)
denovo212 C1044_DQ068038 326 (679.0)
denovo212 C1017_DQ174729 327 (678.0)
denovo212 C1.6_FJ461493 326 (685.0)
denovo212 C1b.2_HE578998 326 (679.0)
denovo212 C1060_DQ480600 326 (685.0)
denovo212 C1227_EU074882 326 (685.0)
denovo212 C1197_EU099814 326 (685.0)
denovo212 C1130_DQ480643 326 (561.5)
denovo212 D109_AB097465 352 (489.0)
denovo212 D1.11_HE579040 353 (493.0)
denovo212 D105_AF174570 353 (493.0)
denovo212 D104_AF174572 353 (484.0)
denovo212 D1.3_JF683337 349 (489.0)
denovo212 D1.10_HE579039 363 (486.0)
denovo212 D110_AF174561 363 (486.0)
denovo212 D117_AF174542 353 (484.0)
denovo212 D114_AF174549 353 (493.0)
denovo212 D113_AF174557 353 (484.0)
denovo212 D112_AF174558 355 (490.5)
denovo212 D106_AF174559 353 (493.0)
denovo212 D111_AF174560 353 (492.5)
denovo212 D115_AF174562 353 (484.0)
denovo212 D107_AF174568 353 (493.0)
denovo212 D116_AF174571 353 (493.0)
denovo212 D124_EU074897 357 (496.0)
denovo212 D1.8_HE579037 355 (490.5)
denovo212 D3_AY686650 353 (493.0)
denovo212 D1.6_HQ630881 353 (484.0)
denovo212 D120_EU074900 353 (484.0)
denovo212 D121_EU074904 353 (484.0)
denovo212 D122_EU074905 353 (484.0)
denovo212 D1a.2_JF683339 359 (486.0)
denovo212 D1a.1_JF683338 357 (496.0)
denovo212 D2_AY686649 591 (556.0)
denovo212 D4_DQ865214 356 (490.0)
denovo212 D1a_AF499802 353 (493.0)
denovo212 D1a_JN558078 353 (493.0)
denovo212 D123_EU074895 356 (492.5)
denovo212 D108_AF174567 353 (502.0)
denovo212 D103_AF174575 358 (489.5)
denovo212 D100_AF411415 357 (487.5)
denovo212 D118_EF656435 351 (496.5)
denovo212 D101_AF411416 357 (472.5)
denovo212 D119_EU099832 356 (485.5)
denovo212 D102_AF174573 353 (496.0)
denovo212 D1_AF334660 353 (493.0)
denovo212 D1_JN558076 353 (493.0)
denovo212 D1.12_HE579041 345 (489.0)
denovo212 D1.1_AM748564 420 (524.0)
denovo212 D1.2_AM748617 422 (502.5)
denovo212 E111_EU074915 361 (475.0)
denovo212 E110_EU074914 362 (459.5)
denovo212 E114_EU074909 362 (459.5)
denovo212 E1_AF334659 363 (467.5)
denovo212 E105_EU074921 362 (477.5)
denovo212 E112_EU074916 362 (459.5)
denovo212 E104_EU074922 362 (468.5)
denovo212 E102_EU074924 362 (459.5)
denovo212 E103_EU074923 362 (468.5)
denovo212 E101_AY160123 367 (443.5)
denovo212 E109_EU074913 353 (479.0)
denovo212 E100_DQ011618 358 (482.5)
denovo212 E108_EU074912 359 (477.0)
denovo212 E113_EU074908 355 (487.0)
denovo212 E107_EU074910 359 (477.0)
denovo212 F1_JN558066 351 (649.0)
denovo212 F5.2d_AJ291530 330 (678.5)
denovo212 F104_AJ291531 330 (678.5)
denovo212 F5.2c_AM748596 330 (670.0)
denovo212 F5.2_AM748594 330 (669.5)
denovo212 F5.2a_AM748614 330 (669.5)
denovo212 F5.2b_AM748595 330 (669.5)
denovo212 F5.2e_AJ291533 330 (634.0)
denovo212 F5.2g_JN558072 330 (678.0)
denovo212 F5.2f_AJ291512 330 (669.0)
denovo212 F102_AJ291534 330 (669.0)
denovo212 F5.1c_AM748593 332 (693.0)
denovo212 F5.1d_JN558069 335 (655.5)
denovo212 F5.1b_AJ291535 331 (681.5)
denovo212 F5.1_AM748592 333 (678.0)
denovo212 F5.1a_AM748591 331 (681.5)
denovo212 F110_AJ291526 321 (742.0)
denovo212 F4.7_AM748587 323 (742.5)
denovo212 F4.5_AM748585 323 (728.5)
denovo212 F4.4a_AM748583 317 (758.5)
denovo212 F4.4_AM748582 322 (761.0)
denovo212 F4.4b_AM748584 315 (768.0)
denovo212 F4.1a_AM748573 325 (697.5)
denovo212 F112_AJ291528 322 (709.5)
denovo212 F4.1_AM748572 322 (709.5)
denovo212 F4.8b_AM748590 323 (755.0)
denovo212 F4.8_AM748588 323 (755.5)
denovo212 F4.8a_AM748589 323 (755.5)
denovo212 F109_AJ291527 327 (754.0)
denovo212 F4.6_AM748586 322 (718.0)
denovo212 F111_AJ311949 315 (756.5)
denovo212 F4.3c_AM748581 313 (759.5)
denovo212 F4.3a_AM748579 315 (766.5)
denovo212 F4.3b_AM748580 316 (750.5)
denovo212 F4.3_AM748578 316 (759.5)
denovo212 F4.2_AM748574 321 (769.0)
denovo212 F4.2a_AM748575 321 (745.5)
denovo212 F4.2c_AM748577 321 (742.0)
denovo212 F4.2b_AM748576 321 (754.5)
denovo212 F2b_AJ291521 334 (695.0)
denovo212 F2_AJ830908 330 (720.0)
denovo212 F2a_AJ830911 330 (715.5)
denovo212 F3.1a_AM748566 342 (685.5)
denovo212 F114_AJ291525 342 (695.0)
denovo212 F3.1_AM748565 342 (695.0)
denovo212 F3.2_AM748567 352 (725.0)
denovo212 F3.2a_AM748568 352 (717.5)
denovo212 F3.3_AM748569 342 (700.0)
denovo212 F3.4a_AM748571 345 (654.5)
denovo212 F3.4_AM748570 347 (661.0)
denovo212 F3.4b_AM748616 347 (661.0)
denovo212 G101_AJ291539 373 (505.5)
denovo212 G1_AM748597 373 (505.5)
denovo212 G2b_JN558087 379 (499.0)
denovo212 G2_AM748598 380 (501.5)
denovo212 G2a_AM748599 380 (492.5)
denovo212 G4_AM748601 354 (547.0)
denovo212 G3.4_LK392378 359 (499.5)
denovo212 G3_AM748600 357 (511.0)
denovo212 G3.2_KC597694 336 (454.0)
denovo212 G3.1_KC597688 356 (517.5)
denovo212 G100_AB253788 344 (509.5)
denovo212 G3.3_LK392377 347 (510.5)
denovo212 H6_AJ291520 638 (327.0)
denovo212 H3_AM748606 329 (538.5)
denovo212 H2_AM748605 337 (560.5)
denovo212 H4_AM748607 333 (551.5)
denovo212 H4a_AM748608 343 (550.0)
denovo212 H5a_AM748611 341 (530.5)
denovo212 H5b_AM748610 344 (529.0)
denovo212 H5_AJ621129 341 (530.5)
denovo212 H5_AM748609 341 (530.5)
denovo212 H100_AJ291513 341 (520.0)
denovo212 H1b_AM748604 341 (515.0)
denovo212 H1a_AM748612 341 (524.0)
denovo212 H1_AJ621152 341 (524.0)
denovo212 H1_AM748602 341 (524.0)
denovo212 I3_FN561561 347 (702.0)
denovo212 I4_FN561562 347 (702.0)
denovo212 I1_FN561559 346 (698.5)
denovo212 I2_FN561560 353 (700.0)

#---------------------------------------
#---------------------------------------
