denovo234 A136_DQ865210 332 (467.5)
denovo234 A133_DQ174725 362 (438.0)
denovo234 A115_AF180123 347 (433.0)
denovo234 A117_AF201746 345 (443.5)
denovo234 A134_DQ174723 352 (447.0)
denovo234 A114_AF184941 352 (447.0)
denovo234 A135_DQ174727 359 (449.5)
denovo234 A2_AF333506 354 (448.5)
denovo234 A101_AF427468 359 (440.5)
denovo234 A2_1_JN558097 359 (440.5)
denovo234 A2_2_JN558100 359 (440.5)
denovo234 A113_AF184948 339 (464.5)
denovo234 A112_AF184949 339 (437.5)
denovo234 A123_EF378618 349 (334.0)
denovo234 A137_EF378621 348 (303.0)
denovo234 A11_EU449041 347 (471.0)
denovo234 A121_DQ174722 344 (457.0)
denovo234 A15b_EU792886 346 (437.0)
denovo234 A15a_EU792885 349 (438.5)
denovo234 A15c_EU792887 349 (429.5)
denovo234 A15_EU792884 349 (430.0)
denovo234 A147_EU074937 347 (451.5)
denovo234 A154_EU074860 347 (451.5)
denovo234 A146_EU074936 348 (452.5)
denovo234 A150_EU074928 348 (453.5)
denovo234 A116_AF183575 348 (444.5)
denovo234 A141_EU074931 348 (453.5)
denovo234 A5_AF333508 342 (468.5)
denovo234 A3b_EU449043 347 (460.5)
denovo234 A151_EU074925 347 (450.5)
denovo234 A152_EU074927 350 (442.5)
denovo234 A149_EU074929 347 (451.5)
denovo234 A140_EU074930 349 (447.5)
denovo234 A142_EU074932 347 (442.5)
denovo234 A143_EU074933 350 (451.5)
denovo234 A144_EU074934 351 (444.5)
denovo234 A145_EU074935 350 (450.5)
denovo234 A148_EU074938 347 (442.5)
denovo234 A155_EU074856 347 (442.5)
denovo234 A156_EU074859 347 (442.5)
denovo234 A139_EU074962 347 (442.5)
denovo234 A6_AF186058 347 (451.5)
denovo234 A3_AF333507 347 (451.5)
denovo234 A3_JN558091 347 (451.5)
denovo234 A8_AY258468 349 (429.0)
denovo234 A7_AY239360 349 (438.5)
denovo234 A16_EU792888 349 (447.5)
denovo234 A4.3_FN429763 354 (432.0)
denovo234 A120_AF180122 345 (440.5)
denovo234 A4.2_FN429761 352 (441.0)
denovo234 A4_AF333509 352 (451.0)
denovo234 A4.1_FN429760 351 (446.0)
denovo234 A4a_AF499778 351 (458.0)
denovo234 A4a.1_FN429762 351 (458.0)
denovo234 A138_EF378620 348 (394.0)
denovo234 A122_EF378619 343 (427.0)
denovo234 A126_EF378615 346 (432.0)
denovo234 A10_EU792882 346 (432.0)
denovo234 A9_EU449028 345 (440.5)
denovo234 A105_AB207202 350 (453.5)
denovo234 A119_AF180121 347 (436.0)
denovo234 A12_EU792883 350 (454.5)
denovo234 A104_AB207203 344 (455.5)
denovo234 A1a_EU449030 348 (457.5)
denovo234 A1.3_HE578976 350 (445.0)
denovo234 A1.4_HE578977 350 (454.0)
denovo234 A13_AF333504 350 (453.0)
denovo234 A13_JN558094 350 (453.0)
denovo234 A110_AB190282 352 (441.0)
denovo234 A103_AB207206 352 (451.0)
denovo234 A130_EF656428 352 (450.0)
denovo234 A127_EF656429 352 (459.0)
denovo234 A128_EF656430 352 (450.0)
denovo234 A129_EF656431 353 (452.5)
denovo234 A131_EF656432 350 (454.0)
denovo234 A118_AF180120 351 (441.0)
denovo234 A1_AF333505 352 (450.0)
denovo234 A107_AB207199 351 (456.5)
denovo234 A111_AB190280 351 (456.5)
denovo234 A108_AB207197 358 (435.5)
denovo234 A106_AB207200 351 (456.0)
denovo234 A102_AB207209 351 (456.5)
denovo234 A1.2_AB207210 351 (456.5)
denovo234 A109_AB190285 351 (456.0)
denovo234 B4_AF333510 322 (1069.5)
denovo234 B23_EU449079 308 (1206.5)
denovo234 B30_GU907644 308 (1188.5)
denovo234 B11_AY239361 309 (1291.5)
denovo234 B17_AY258470 307 (1311.0)
denovo234 B1k_GU907638 308 (714.5)
denovo234 B1.V_Green2014 314 (1268.5)
denovo234 B1b_AF499780 307 (1242.5)
denovo234 B16_AY258469 307 (1320.0)
denovo234 B31a_GU907646 307 (1320.0)
denovo234 B32_GU907647 307 (1320.0)
denovo234 B31_GU907645 307 (1329.0)
denovo234 B1j_GU907637 307 (1320.0)
denovo234 B37_GU907650 309 (1318.5)
denovo234 B5a_AF499782 307 (1329.0)
denovo234 B5_AF499781 307 (1329.0)
denovo234 B24_GU907643 309 (1231.0)
denovo234 B117_AF180124 310 (1213.5)
denovo234 B10_AF499787 307 (1320.0)
denovo234 B20_GU907642 309 (1303.5)
denovo234 B1m_GU907640 307 (1329.0)
denovo234 B34_GU907649 307 (1339.0)
denovo234 B1d_GU907633 307 (1329.0)
denovo234 B1e_GU907634 307 (1329.0)
denovo234 B1i_GU907636 307 (1329.0)
denovo234 B1g_GU907635 308 (1310.0)
denovo234 B123_EU074872 307 (1320.0)
denovo234 B8_AF499785 308 (1319.0)
denovo234 B1l_GU907639 307 (1329.0)
denovo234 B1a_AF499779 307 (1329.0)
denovo234 B14_AY239362 309 (1331.0)
denovo234 B125_EU074865 307 (1329.0)
denovo234 B122_EU074871 307 (1329.0)
denovo234 B124_EU074874 307 (1329.0)
denovo234 B1.VII_Green2014 307 (1259.0)
denovo234 B1.III_Green2014 307 (1257.0)
denovo234 B1.I_Green2014 307 (1338.0)
denovo234 B1.II_Green2014 307 (1338.0)
denovo234 B1_JN558057 307 (1338.0)
denovo234 B1_AF333511 307 (1338.0)
denovo234 B1.IV_Green2014 317 (1323.5)
denovo234 B121_EU074870 307 (1329.0)
denovo234 B7_AF499784 307 (1329.0)
denovo234 B1.VI_Green2014 308 (1269.0)
denovo234 B3_AF333514 307 (1216.5)
denovo234 B9_AF499786 307 (1225.5)
denovo234 B19a_JN558055 311 (1110.5)
denovo234 B119_EU099825 316 (1151.0)
denovo234 B21_DQ865213 307 (1203.0)
denovo234 B38_GU907651 307 (1203.0)
denovo234 B18_AY258471 307 (1243.5)
denovo234 B18a_AY258472 307 (1234.5)
denovo234 B33_GU907648 307 (1234.5)
denovo234 B6_AF499783 312 (1240.0)
denovo234 B19_DQ865212 307 (1252.5)
denovo234 B19_GU907641 307 (1252.5)
denovo234 B2_AF333512 307 (1243.5)
denovo234 B2_JN558060 307 (1243.5)
denovo234 C33.1_AY258498 337 (615.5)
denovo234 C33.2_AY765400 337 (615.5)
denovo234 C33a_EF541147 337 (615.5)
denovo234 C34_AY258499 333 (597.5)
denovo234 C78_AY765413 328 (581.0)
denovo234 C15.29_KC597690 336 (551.0)
denovo234 C1131_DQ182650 342 (594.5)
denovo234 C1135_DQ182646 336 (595.5)
denovo234 C1134_DQ182647 338 (583.0)
denovo234 C1142_DQ182635 338 (592.0)
denovo234 C1136_DQ182644 335 (572.0)
denovo234 C1111_DQ182645 335 (581.5)
denovo234 C1236_EF473656 335 (581.5)
denovo234 C1138_DQ182642 332 (582.0)
denovo234 C1137_DQ182643 335 (572.5)
denovo234 C1133_DQ182648 335 (572.5)
denovo234 C1132_DQ182649 339 (575.0)
denovo234 C1143_DQ182634 335 (581.5)
denovo234 C1139_DQ182639 337 (580.5)
denovo234 C15.28_KC597687 332 (604.0)
denovo234 C1141_DQ182636 337 (589.5)
denovo234 C1144_DQ182637 337 (598.5)
denovo234 C1122_DQ182654 337 (607.5)
denovo234 C1127_DQ182652 337 (607.5)
denovo234 C15.30_JX394114 337 (590.5)
denovo234 C15.26_KC597686 333 (588.0)
denovo234 C1086_DQ182656 334 (591.0)
denovo234 C15.25_KC597685 334 (600.0)
denovo234 C1118_AF180127 339 (557.0)
denovo234 C1129_DQ182651 339 (585.5)
denovo234 C15.21_KC597683 329 (574.5)
denovo234 C56_AY589760 327 (598.0)
denovo234 C1140_DQ182638 339 (594.5)
denovo234 C1126_DQ182653 339 (585.5)
denovo234 C15c_AY258492 331 (600.5)
denovo234 C15d_AY258493 330 (607.0)
denovo234 C1098_DQ182641 329 (608.0)
denovo234 C15.27_KC597689 334 (591.0)
denovo234 C15.18_HE579024 333 (588.0)
denovo234 C15.16_HE579022 335 (612.5)
denovo234 C1101_AB253787 334 (582.0)
denovo234 C1083_AY237300 334 (591.0)
denovo234 C1088_DQ182640 337 (589.0)
denovo234 C15.6_FN563472 331 (598.0)
denovo234 C15.5_FJ461512 333 (594.5)
denovo234 C15.4_FJ461511 333 (603.5)
denovo234 C15.13_HE579019 332 (591.5)
denovo234 C15.12_HE579018 334 (591.0)
denovo234 C93a_AM748563 332 (612.5)
denovo234 C1094_AJ291514 332 (594.5)
denovo234 C93_AM748562 332 (603.5)
denovo234 C15.17_HE579023 333 (582.0)
denovo234 C15e_AY589742 336 (599.5)
denovo234 C15.22_KC597695 334 (600.0)
denovo234 C60_AY589764 334 (591.0)
denovo234 C15.1_FJ461508 334 (591.0)
denovo234 C15.2_FJ461509 334 (609.0)
denovo234 C15.9_FN563475 334 (608.5)
denovo234 C15.7_HE579015 333 (605.5)
denovo234 C15.8_HE579016 334 (591.0)
denovo234 C15.15_HE579021 334 (591.0)
denovo234 C15.19_HE579025 334 (600.0)
denovo234 C15.24_KC597696 331 (598.0)
denovo234 C15.3_FJ461510 336 (614.5)
denovo234 C1087_DQ182655 334 (600.0)
denovo234 C15.14_HE579020 335 (590.5)
denovo234 C15.23_KC597697 335 (590.5)
denovo234 C19_AY258479 333 (609.5)
denovo234 C1233_EU118166 331 (607.0)
denovo234 C15b_AY258491 334 (591.0)
denovo234 C15a_AY258476 336 (605.5)
denovo234 C1051_AF195153 334 (609.0)
denovo234 C2_AF333518 335 (608.0)
denovo234 C15.20_HE579026 335 (599.5)
denovo234 C15f_AY589743 336 (593.0)
denovo234 C55_AY589759 339 (600.0)
denovo234 C15_AY239369 334 (600.0)
denovo234 C32.1_JF683335 332 (555.0)
denovo234 C32.2_JF683336 332 (555.0)
denovo234 C21.23_KC597693 332 (555.0)
denovo234 C1193_EU099827 345 (582.5)
denovo234 C1195_EU099821 338 (600.0)
denovo234 C3q_GU907655 344 (567.5)
denovo234 C53_AY589758 343 (571.5)
denovo234 C73_AY765408 340 (586.0)
denovo234 C17.2.1_KC597684 337 (558.5)
denovo234 C32_AY258497 336 (565.0)
denovo234 C1189_EU099831 336 (566.5)
denovo234 C1191_EU099833 335 (573.0)
denovo234 C1196_EU099819 338 (554.5)
denovo234 C1192_EU099820 338 (554.5)
denovo234 C17.1_JF683322 336 (566.5)
denovo234 C26_b2_FN827164 341 (568.5)
denovo234 C26_b3_FN827165 337 (581.5)
denovo234 C31.9_HQ630879 338 (562.0)
denovo234 C31a_AY589746 335 (565.5)
denovo234 C30_AY589745 338 (549.5)
denovo234 C31.1_HQ630876 342 (551.0)
denovo234 C31.5_HQ630877 336 (561.5)
denovo234 C31.6_HQ630878 338 (558.5)
denovo234 C31.2_JF683332 338 (558.5)
denovo234 C31.3_JF683333 338 (549.5)
denovo234 C26/C35a_AY239378 334 (573.0)
denovo234 C35a_AY258501 334 (573.0)
denovo234 C35.2_AY258500 337 (566.0)
denovo234 C26_b1_FN827163 337 (566.0)
denovo234 C17_AY239370 336 (566.5)
denovo234 C17.2_FJ461513 338 (565.5)
denovo234 C31.10_HQ630880 338 (562.0)
denovo234 C31.4_JF683334 342 (547.0)
denovo234 C31_AY258496 338 (558.5)
denovo234 C25_AY239377 327 (616.5)
denovo234 C61_AY589765 333 (554.0)
denovo234 C1043_DQ072721 336 (554.5)
denovo234 C79_AY765414 335 (593.0)
denovo234 C69_AY589773 326 (575.0)
denovo234 C69a_AY686648 323 (582.0)
denovo234 C21.22_KC597692 339 (547.0)
denovo234 C51_AY589756 332 (592.0)
denovo234 C1aa_HM185739 336 (588.0)
denovo234 C1096_DQ068023 333 (576.0)
denovo234 C74_AY765409 342 (609.0)
denovo234 C1185_AB294629 346 (611.5)
denovo234 C1184_AB294630 344 (605.5)
denovo234 C1153_AB294625 344 (605.5)
denovo234 C1154_AB294626 343 (621.0)
denovo234 C1187_AB294627 344 (605.5)
denovo234 C1186_AB294628 344 (605.5)
denovo234 C57_AY589761 344 (614.5)
denovo234 C66_AY589771 344 (614.5)
denovo234 C5_AF499795 334 (591.0)
denovo234 C1167_AB294586 334 (591.0)
denovo234 C1164_AB294593 334 (591.0)
denovo234 C1183_AB294631 332 (618.5)
denovo234 C1067_DQ335381 333 (603.5)
denovo234 C1159_AB294613 333 (593.5)
denovo234 C1150_AB294622 333 (602.5)
denovo234 C90_AM748554 335 (614.0)
denovo234 C1168_AB294583 334 (600.5)
denovo234 C1156_AB294616 334 (609.0)
denovo234 C1151_AB294621 334 (618.0)
denovo234 C92a_AM748561 334 (618.0)
denovo234 C92_AM748560 334 (609.0)
denovo234 C1165_AB294581 334 (600.0)
denovo234 C1166_AB294584 334 (618.0)
denovo234 C1162_AB294594 334 (600.0)
denovo234 C1163_AB294596 334 (609.5)
denovo234 C1161_AB294606 334 (609.0)
denovo234 C1160_AB294608 338 (601.5)
denovo234 C1158_AB294614 334 (618.0)
denovo234 C1155_AB294617 334 (600.0)
denovo234 C1149_AB294620 334 (609.0)
denovo234 C1173_AB294662 334 (618.0)
denovo234 C1171_AB294663 334 (600.0)
denovo234 C1172_AB294665 334 (609.0)
denovo234 C91a_AM748556 334 (618.0)
denovo234 C91b_AM748557 334 (609.0)
denovo234 C91d_AM748559 333 (606.5)
denovo234 C91c_AM748558 333 (606.5)
denovo234 C91_AJ621543 334 (609.0)
denovo234 C91_AM748555 334 (609.0)
denovo234 C1023_DQ335330 325 (560.5)
denovo234 C1020_DQ335392 340 (590.0)
denovo234 C1018_DQ335408 336 (596.5)
denovo234 C1074_DQ335329 336 (587.5)
denovo234 C1030_DQ335353 336 (587.5)
denovo234 C1022_DQ335331 336 (587.5)
denovo234 C1027_DQ335360 336 (605.5)
denovo234 C1072_DQ335344 333 (603.5)
denovo234 C1039_AB190274 336 (596.5)
denovo234 C1033_DQ335350 341 (584.5)
denovo234 C1019_DQ335407 336 (596.5)
denovo234 C1194_EU099826 334 (591.0)
denovo234 C8b_AY258475 336 (571.5)
denovo234 C8_AY239367 339 (586.5)
denovo234 C8a_AY239368 341 (582.5)
denovo234 C54a_AY765406 333 (612.5)
denovo234 C3ff_HM185740 333 (621.5)
denovo234 C59_AY589763 340 (582.0)
denovo234 C3k_AY589737 333 (598.0)
denovo234 C3.24_HE579012 332 (604.5)
denovo234 C3.23_HE579011 333 (598.0)
denovo234 C35.1_AY765401 344 (601.0)
denovo234 C35.3_EF541145 337 (599.0)
denovo234 C76_AY765411 329 (598.5)
denovo234 C1107_DQ335359 332 (587.0)
denovo234 C3.22_HE579010 339 (570.5)
denovo234 C77_AY765412 333 (591.0)
denovo234 C20_AY239371 339 (595.5)
denovo234 C1055_DQ480640 334 (587.0)
denovo234 C27/C30_AY239379 337 (557.0)
denovo234 C27.1_FJ461517 337 (548.0)
denovo234 C40a_AY589747 341 (599.5)
denovo234 C40_AY258485 341 (599.5)
denovo234 C40b_AY589748 342 (590.5)
denovo234 C16_AY258477 339 (596.0)
denovo234 C16a_AY765399 339 (596.0)
denovo234 C1091_AB207186 336 (597.0)
denovo234 C1102_DQ335400 333 (604.0)
denovo234 C1069_DQ335375 333 (613.0)
denovo234 C1073_DQ335332 334 (607.0)
denovo234 C1066_DQ335382 331 (598.5)
denovo234 C1031_DQ335352 341 (602.5)
denovo234 C1026_DQ335366 341 (602.0)
denovo234 C70_AY589774 336 (606.0)
denovo234 C1082_AB190267 333 (604.0)
denovo234 C1078_AB190271 331 (615.5)
denovo234 C1090_AB207191 333 (613.0)
denovo234 C1071_DQ335302 333 (613.0)
denovo234 C1075_DQ335328 333 (613.0)
denovo234 C1068_DQ335379 333 (604.0)
denovo234 C1064_DQ335395 333 (604.0)
denovo234 C1063_DQ335403 330 (613.5)
denovo234 C62_AY589766 333 (613.0)
denovo234 C1077_DQ335316 330 (618.5)
denovo234 C1109_DQ335338 333 (604.0)
denovo234 C1110_DQ335340 333 (595.0)
denovo234 C1106_DQ335339 333 (595.0)
denovo234 C1112_DQ335319 336 (597.0)
denovo234 C1108_DQ335351 333 (595.0)
denovo234 C1105_DQ335394 333 (604.0)
denovo234 C1121_DQ335378 340 (606.0)
denovo234 C1116_AB190268 340 (615.0)
denovo234 C1115_AB190273 340 (615.0)
denovo234 C1124_DQ335323 333 (595.0)
denovo234 C1120_DQ335398 333 (595.0)
denovo234 C1119_DQ335404 333 (604.0)
denovo234 C1123_DQ335363 333 (604.0)
denovo234 C1004_DQ480635 336 (596.0)
denovo234 C1061_AY186568 337 (590.0)
denovo234 C1053_AY186569 336 (596.0)
denovo234 C1003_DQ480639 336 (596.0)
denovo234 C81_GU907657 327 (568.0)
denovo234 C22_AY239373 331 (598.5)
denovo234 C22a_AY239374 334 (590.0)
denovo234 C1232_EU118163 338 (593.5)
denovo234 C21.13_FJ461515 335 (582.0)
denovo234 C21.1_JF683323 334 (570.0)
denovo234 C21.3_JF683325 336 (575.5)
denovo234 C1.20_HE578993 336 (587.5)
denovo234 C1.22_HE578995 336 (578.5)
denovo234 C52_AY589757 335 (597.5)
denovo234 C1201_EU099793 337 (569.0)
denovo234 C14_AY589741 336 (606.0)
denovo234 C43_AY589749 336 (612.0)
denovo234 C50_AY589755 336 (597.0)
denovo234 C3.14_HQ630872 331 (618.0)
denovo234 C1m_AY765398 336 (606.0)
denovo234 C82_GU907658 344 (593.0)
denovo234 C82b_GU907660 344 (593.0)
denovo234 C64_AY589768 333 (605.0)
denovo234 C45a_AY765404 339 (604.5)
denovo234 C48_AY589753 336 (617.0)
denovo234 C1_v1b_FJ919244 336 (587.5)
denovo234 C1_v1a_FJ919243 336 (596.5)
denovo234 C3j_AY239366 333 (594.5)
denovo234 C3t_EF541149 339 (604.5)
denovo234 C9_AF499798 338 (602.5)
denovo234 C23_AY239375 337 (618.0)
denovo234 C37_AY258481 341 (593.0)
denovo234 C1048_DQ068026 339 (595.5)
denovo234 C21.4_JF683326 336 (575.5)
denovo234 C21.5_JF683327 336 (575.5)
denovo234 C1070_DQ335349 332 (603.5)
denovo234 C21.6_HQ630873 332 (582.5)
denovo234 C1224_EU074890 336 (614.5)
denovo234 C1.17_HE578990 336 (614.5)
denovo234 C21_b1_FN827162 338 (563.0)
denovo234 C21.9_JF683330 338 (572.0)
denovo234 C1085_AY624605 333 (589.0)
denovo234 C3p_GU907654 336 (581.5)
denovo234 C3f_AY589734 336 (605.5)
denovo234 C65a_AY589770 331 (615.5)
denovo234 C65_AY589769 334 (608.5)
denovo234 C71_AY589775 334 (599.5)
denovo234 C71a_AY589776 334 (599.5)
denovo234 C1178_AB294647 335 (588.0)
denovo234 C1225_EU074893 333 (615.0)
denovo234 C75_AY765410 335 (603.0)
denovo234 C21.10_JF683331 335 (572.5)
denovo234 C21.11_HQ630874 335 (572.5)
denovo234 C1065_DQ335388 336 (605.5)
denovo234 C1045_DQ068036 336 (614.5)
denovo234 C1h_AY258473 335 (602.0)
denovo234 C38_AY258482 335 (593.0)
denovo234 C1202_EU099799 337 (599.0)
denovo234 C7_AF499797 335 (602.0)
denovo234 C12_AF499801 337 (591.5)
denovo234 C38a_AY258483 334 (604.5)
denovo234 C1200_EU099800 323 (601.5)
denovo234 C44a_AY589751 336 (605.0)
denovo234 C47_AY589752 339 (613.5)
denovo234 C44_AY589750 339 (604.5)
denovo234 C1.15_HE578988 336 (596.5)
denovo234 C45.3_FJ461522 339 (595.5)
denovo234 C46a_AY765405 339 (595.5)
denovo234 C46_EU449108 339 (604.5)
denovo234 C3.12_FJ461507 339 (604.5)
denovo234 C1k_AY589733 339 (595.5)
denovo234 C67_AY686647 339 (604.5)
denovo234 C82a_GU907659 336 (596.5)
denovo234 C10a_AY589739 339 (604.5)
denovo234 C10_AF499799 339 (595.5)
denovo234 C13_AY589740 341 (598.5)
denovo234 C4_AF499794 339 (595.5)
denovo234 C1147_EF656433 339 (595.5)
denovo234 C1c/C45_AY239364 339 (604.5)
denovo234 C1c/C45_EU449103 339 (604.5)
denovo234 C21.19_HE579031 336 (575.5)
denovo234 C21.21_HE579033 336 (566.5)
denovo234 C21.20_HE579032 336 (575.5)
denovo234 C42b_AY765403 337 (615.0)
denovo234 C42_AY258487 337 (615.0)
denovo234 C1p_GU907652 333 (612.5)
denovo234 C1d_AY258488 336 (602.5)
denovo234 C42_AY765402 336 (611.5)
denovo234 C3ha_AY589736 336 (566.5)
denovo234 C63a_AY589767 338 (583.5)
denovo234 C21a_AY589744 336 (575.5)
denovo234 C3o_GU907653 335 (573.0)
denovo234 C21.16_HQ630875 336 (566.5)
denovo234 C21.2_JF683324 336 (566.5)
denovo234 C21.7_JF683328 335 (573.0)
denovo234 C21.8_JF683329 336 (575.5)
denovo234 C3h_AY239365 336 (566.5)
denovo234 C1203_EU099798 336 (566.5)
denovo234 C3.10_FJ461505 336 (614.5)
denovo234 C21.14_FJ461516 336 (584.5)
denovo234 C21.18_HE579030 342 (563.5)
denovo234 C3.17_HE579005 336 (596.5)
denovo234 C3.9_FJ461504 336 (593.5)
denovo234 C3.8_FJ461503 336 (605.5)
denovo234 C3.7_FJ461502 336 (596.5)
denovo234 C3.11_FJ461506 343 (608.0)
denovo234 C3.18_HE579006 336 (605.5)
denovo234 C3.19_HE579007 336 (596.5)
denovo234 C3.20_HE579008 336 (596.5)
denovo234 C3g_AY589735 339 (597.5)
denovo234 C3a_AF499790 334 (609.0)
denovo234 C3e_AF499793 336 (606.0)
denovo234 C6_AF499796 343 (616.5)
denovo234 C11_AF499800 336 (596.5)
denovo234 C36_AY258480 336 (614.5)
denovo234 C29_AY258494 336 (614.5)
denovo234 C1146_EF656434 337 (600.0)
denovo234 C1190_EU099841 336 (614.5)
denovo234 C131_JF320826 336 (605.5)
denovo234 C28_AY239380 344 (604.0)
denovo234 C1012_DQ480604 336 (596.5)
denovo234 C1181_AB294640 336 (581.5)
denovo234 C1180_AB294641 336 (599.5)
denovo234 C1179_AB294645 334 (585.0)
denovo234 C1176_AB294651 334 (594.0)
denovo234 C1175_AB294653 336 (581.5)
denovo234 C1174_AB294655 338 (587.0)
denovo234 C1177_AB294659 336 (590.5)
denovo234 C1040_AB190269 338 (602.0)
denovo234 C1182_AB294649 336 (596.5)
denovo234 C1089_AJ278598 336 (596.5)
denovo234 C1028_DQ335357 343 (607.5)
denovo234 C3.16_EU786015 332 (612.5)
denovo234 C1097_AJ311943 335 (590.0)
denovo234 C1170_AB294661 336 (590.5)
denovo234 C21.17_HE579029 336 (586.5)
denovo234 C21/3d/C3k_AY239372 336 (575.5)
denovo234 C58_AY589762 337 (575.0)
denovo234 C3L_AY589738 339 (601.0)
denovo234 C1169_AB294660 336 (590.5)
denovo234 C3.2_FJ461497 336 (599.5)
denovo234 C3.1_JF683321 333 (600.5)
denovo234 C1104_AF427469 333 (600.5)
denovo234 C3b_AF499791 336 (608.5)
denovo234 C83_GU907661 336 (608.0)
denovo234 C49_AY589754 362 (620.0)
denovo234 C3_AB778606 336 (605.5)
denovo234 C3_AF499789 336 (605.5)
denovo234 C3_HE579001 336 (605.5)
denovo234 C21.12_FJ461514 336 (584.5)
denovo234 C1229_EU074888 333 (592.5)
denovo234 C1230_EU074889 333 (601.0)
denovo234 C1114_AB207196 336 (587.5)
denovo234 C3.21_HE579009 336 (527.5)
denovo234 C1057_DQ480619 336 (596.5)
denovo234 C72_AY765407 330 (603.0)
denovo234 C1b.3_HE578999 336 (590.5)
denovo234 C93_AJ621536 336 (596.5)
denovo234 C94_AJ621539 336 (596.5)
denovo234 C1g_AY589730 336 (614.5)
denovo234 C1i_AY589731 330 (589.0)
denovo234 C1j_AY589732 343 (607.5)
denovo234 C1005_DQ480633 336 (596.5)
denovo234 C1.7_FJ461494 336 (596.5)
denovo234 C1.11_HE578984 336 (597.0)
denovo234 C1.12_HE578985 336 (596.5)
denovo234 C1.13_HE578986 336 (605.5)
denovo234 C1.14_HE578987 336 (605.5)
denovo234 C1.18_HE578991 336 (596.5)
denovo234 C1.19_HE578992 336 (596.5)
denovo234 C1199_EU099802 332 (588.5)
denovo234 C1188_EU099838 333 (597.0)
denovo234 C1002_DQ838544 336 (605.5)
denovo234 C1198_EU099810 336 (596.5)
denovo234 C24_AY239376 336 (596.5)
denovo234 C1f_AY258490 336 (605.5)
denovo234 C1006_DQ480629 336 (614.5)
denovo234 C1010_DQ480607 336 (596.5)
denovo234 C1007_DQ480624 336 (596.5)
denovo234 C1011_DQ480605 336 (596.5)
denovo234 C1009_DQ480608 340 (598.5)
denovo234 C1041_AY186548 336 (605.5)
denovo234 C1052_AY186570 336 (596.5)
denovo234 C1148_EU040178 336 (605.5)
denovo234 C1234_EU118165 333 (609.5)
denovo234 C1.5_EF634157 336 (605.5)
denovo234 C1059_DQ480609 336 (596.5)
denovo234 C1228_EU074883 336 (596.5)
denovo234 C1208_EU074963 336 (596.5)
denovo234 C1207_EU074964 336 (605.5)
denovo234 C1206_EU074965 336 (596.5)
denovo234 C1013_DQ480642 332 (612.5)
denovo234 C80_GU907656 343 (591.0)
denovo234 C1a_AF499788 333 (597.0)
denovo234 C41_AY258486 336 (605.5)
denovo234 C39_AY258484 321 (601.0)
denovo234 C1231_EU074878 336 (596.5)
denovo234 C1b.1_HE578997 336 (590.5)
denovo234 C18_AY258478 336 (605.5)
denovo234 C1.10_HE578983 335 (600.0)
denovo234 C1_JN558041 336 (605.5)
denovo234 C1_HE578979 336 (605.5)
denovo234 C1_AM748551 336 (605.5)
denovo234 C1_AF333515 336 (605.5)
denovo234 C1054_AY186565 335 (609.0)
denovo234 C1008_DQ480613 336 (596.5)
denovo234 C1103_AF427470 333 (600.5)
denovo234 C1226_EU074881 336 (608.5)
denovo234 C1b/C1e_AY239363 336 (599.5)
denovo234 C1044_DQ068038 336 (590.5)
denovo234 C1017_DQ174729 337 (589.5)
denovo234 C1.6_FJ461493 332 (612.5)
denovo234 C1b.2_HE578998 336 (599.5)
denovo234 C1060_DQ480600 336 (597.0)
denovo234 C1227_EU074882 332 (612.5)
denovo234 C1197_EU099814 334 (606.5)
denovo234 C1130_DQ480643 328 (582.5)
denovo234 D109_AB097465 363 (423.5)
denovo234 D1.11_HE579040 360 (424.0)
denovo234 D105_AF174570 361 (418.5)
denovo234 D104_AF174572 360 (415.0)
denovo234 D1.3_JF683337 361 (417.5)
denovo234 D1.10_HE579039 360 (415.0)
denovo234 D110_AF174561 360 (415.0)
denovo234 D117_AF174542 360 (415.0)
denovo234 D114_AF174549 360 (424.0)
denovo234 D113_AF174557 360 (415.0)
denovo234 D112_AF174558 362 (421.5)
denovo234 D106_AF174559 367 (426.5)
denovo234 D111_AF174560 360 (423.5)
denovo234 D115_AF174562 360 (415.0)
denovo234 D107_AF174568 359 (421.5)
denovo234 D116_AF174571 361 (425.0)
denovo234 D124_EU074897 357 (424.5)
denovo234 D1.8_HE579037 362 (421.5)
denovo234 D3_AY686650 360 (424.0)
denovo234 D1.6_HQ630881 360 (415.0)
denovo234 D120_EU074900 360 (424.0)
denovo234 D121_EU074904 365 (420.5)
denovo234 D122_EU074905 360 (415.0)
denovo234 D1a.2_JF683339 367 (419.5)
denovo234 D1a.1_JF683338 357 (424.5)
denovo234 D2_AY686649 593 (488.0)
denovo234 D4_DQ865214 363 (421.0)
denovo234 D1a_AF499802 360 (424.0)
denovo234 D1a_JN558078 360 (424.0)
denovo234 D123_EU074895 361 (426.5)
denovo234 D108_AF174567 356 (430.0)
denovo234 D103_AF174575 360 (424.0)
denovo234 D100_AF411415 360 (424.0)
denovo234 D118_EF656435 354 (433.0)
denovo234 D101_AF411416 360 (409.0)
denovo234 D119_EU099832 359 (414.5)
denovo234 D102_AF174573 360 (427.5)
denovo234 D1_AF334660 360 (424.0)
denovo234 D1_JN558076 360 (424.0)
denovo234 D1.12_HE579041 341 (422.0)
denovo234 D1.1_AM748564 421 (428.5)
denovo234 D1.2_AM748617 445 (435.5)
denovo234 E111_EU074915 352 (418.5)
denovo234 E110_EU074914 368 (424.0)
denovo234 E114_EU074909 368 (415.0)
denovo234 E1_AF334659 369 (414.0)
denovo234 E105_EU074921 368 (424.0)
denovo234 E112_EU074916 368 (406.0)
denovo234 E104_EU074922 368 (415.0)
denovo234 E102_EU074924 368 (406.0)
denovo234 E103_EU074923 368 (415.0)
denovo234 E101_AY160123 373 (390.0)
denovo234 E109_EU074913 355 (430.5)
denovo234 E100_DQ011618 360 (443.5)
denovo234 E108_EU074912 360 (434.5)
denovo234 E113_EU074908 356 (444.5)
denovo234 E107_EU074910 360 (434.5)
denovo234 F1_JN558066 331 (571.0)
denovo234 F5.2d_AJ291530 329 (602.0)
denovo234 F104_AJ291531 329 (602.0)
denovo234 F5.2c_AM748596 329 (593.5)
denovo234 F5.2_AM748594 329 (593.0)
denovo234 F5.2a_AM748614 329 (593.0)
denovo234 F5.2b_AM748595 329 (593.0)
denovo234 F5.2e_AJ291533 330 (582.5)
denovo234 F5.2g_JN558072 329 (601.5)
denovo234 F5.2f_AJ291512 329 (592.5)
denovo234 F102_AJ291534 329 (592.5)
denovo234 F5.1c_AM748593 331 (616.5)
denovo234 F5.1d_JN558069 334 (579.0)
denovo234 F5.1b_AJ291535 330 (605.0)
denovo234 F5.1_AM748592 332 (601.5)
denovo234 F5.1a_AM748591 330 (605.0)
denovo234 F110_AJ291526 322 (679.0)
denovo234 F4.7_AM748587 324 (661.5)
denovo234 F4.5_AM748585 323 (654.5)
denovo234 F4.4a_AM748583 319 (680.0)
denovo234 F4.4_AM748582 324 (682.5)
denovo234 F4.4b_AM748584 317 (699.0)
denovo234 F4.1a_AM748573 326 (634.5)
denovo234 F112_AJ291528 323 (628.5)
denovo234 F4.1_AM748572 323 (628.5)
denovo234 F4.8b_AM748590 325 (678.0)
denovo234 F4.8_AM748588 316 (678.5)
denovo234 F4.8a_AM748589 316 (678.5)
denovo234 F109_AJ291527 322 (683.0)
denovo234 F4.6_AM748586 323 (637.0)
denovo234 F111_AJ311949 316 (675.5)
denovo234 F4.3c_AM748581 317 (678.5)
denovo234 F4.3a_AM748579 316 (685.5)
denovo234 F4.3b_AM748580 317 (687.5)
denovo234 F4.3_AM748578 317 (678.5)
denovo234 F4.2_AM748574 323 (691.0)
denovo234 F4.2a_AM748575 323 (667.5)
denovo234 F4.2c_AM748577 323 (664.0)
denovo234 F4.2b_AM748576 323 (676.5)
denovo234 F2b_AJ291521 334 (622.5)
denovo234 F2_AJ830908 330 (647.5)
denovo234 F2a_AJ830911 330 (643.0)
denovo234 F3.1a_AM748566 341 (609.0)
denovo234 F114_AJ291525 341 (618.5)
denovo234 F3.1_AM748565 341 (618.5)
denovo234 F3.2_AM748567 348 (647.5)
denovo234 F3.2a_AM748568 348 (641.0)
denovo234 F3.3_AM748569 341 (632.5)
denovo234 F3.4a_AM748571 339 (581.5)
denovo234 F3.4_AM748570 335 (587.5)
denovo234 F3.4b_AM748616 335 (587.5)
denovo234 G101_AJ291539 371 (445.5)
denovo234 G1_AM748597 371 (445.5)
denovo234 G2b_JN558087 369 (439.5)
denovo234 G2_AM748598 370 (433.5)
denovo234 G2a_AM748599 370 (424.5)
denovo234 G4_AM748601 360 (475.0)
denovo234 G3.4_LK392378 359 (427.0)
denovo234 G3_AM748600 361 (449.5)
denovo234 G3.2_KC597694 356 (386.5)
denovo234 G3.1_KC597688 360 (454.0)
denovo234 G100_AB253788 360 (436.5)
denovo234 G3.3_LK392377 360 (444.5)
denovo234 H6_AJ291520 641 (311.0)
denovo234 H3_AM748606 328 (534.5)
denovo234 H2_AM748605 336 (557.0)
denovo234 H4_AM748607 332 (548.5)
denovo234 H4a_AM748608 342 (547.0)
denovo234 H5a_AM748611 340 (527.5)
denovo234 H5b_AM748610 343 (526.0)
denovo234 H5_AJ621129 340 (527.5)
denovo234 H5_AM748609 340 (527.5)
denovo234 H100_AJ291513 340 (516.5)
denovo234 H1b_AM748604 340 (511.5)
denovo234 H1a_AM748612 340 (520.5)
denovo234 H1_AJ621152 340 (520.5)
denovo234 H1_AM748602 340 (520.5)
denovo234 I3_FN561561 341 (657.5)
denovo234 I4_FN561562 341 (657.5)
denovo234 I1_FN561559 340 (654.0)
denovo234 I2_FN561560 343 (653.5)

#---------------------------------------
#---------------------------------------
