denovo81 A136_DQ865210 305 (505.5)
denovo81 A133_DQ174725 319 (480.0)
denovo81 A115_AF180123 323 (482.0)
denovo81 A117_AF201746 332 (487.0)
denovo81 A134_DQ174723 328 (493.0)
denovo81 A114_AF184941 328 (493.0)
denovo81 A135_DQ174727 330 (482.0)
denovo81 A2_AF333506 332 (485.5)
denovo81 A101_AF427468 330 (482.0)
denovo81 A2_1_JN558097 330 (482.0)
denovo81 A2_2_JN558100 330 (482.0)
denovo81 A113_AF184948 328 (471.0)
denovo81 A112_AF184949 325 (472.0)
denovo81 A123_EF378618 326 (310.5)
denovo81 A137_EF378621 334 (306.0)
denovo81 A11_EU449041 320 (509.0)
denovo81 A121_DQ174722 325 (489.0)
denovo81 A15b_EU792886 322 (457.0)
denovo81 A15a_EU792885 320 (466.5)
denovo81 A15c_EU792887 322 (466.0)
denovo81 A15_EU792884 322 (466.0)
denovo81 A147_EU074937 326 (480.0)
denovo81 A154_EU074860 327 (488.5)
denovo81 A146_EU074936 327 (488.5)
denovo81 A150_EU074928 327 (497.5)
denovo81 A116_AF183575 327 (506.5)
denovo81 A141_EU074931 327 (497.5)
denovo81 A5_AF333508 322 (490.0)
denovo81 A3b_EU449043 327 (482.5)
denovo81 A151_EU074925 327 (487.5)
denovo81 A152_EU074927 332 (487.0)
denovo81 A149_EU074929 326 (495.0)
denovo81 A140_EU074930 327 (479.5)
denovo81 A142_EU074932 326 (486.0)
denovo81 A143_EU074933 324 (489.0)
denovo81 A144_EU074934 327 (479.5)
denovo81 A145_EU074935 340 (485.5)
denovo81 A148_EU074938 327 (488.5)
denovo81 A155_EU074856 331 (483.5)
denovo81 A156_EU074859 327 (479.5)
denovo81 A139_EU074962 327 (479.5)
denovo81 A6_AF186058 327 (488.5)
denovo81 A3_AF333507 327 (488.5)
denovo81 A3_JN558091 327 (488.5)
denovo81 A8_AY258468 327 (461.5)
denovo81 A7_AY239360 327 (470.5)
denovo81 A16_EU792888 329 (469.0)
denovo81 A4.3_FN429763 314 (455.0)
denovo81 A120_AF180122 312 (458.5)
denovo81 A4.2_FN429761 315 (445.0)
denovo81 A4_AF333509 315 (473.0)
denovo81 A4.1_FN429760 314 (468.0)
denovo81 A4a_AF499778 328 (471.0)
denovo81 A4a.1_FN429762 328 (471.0)
denovo81 A138_EF378620 324 (429.5)
denovo81 A122_EF378619 327 (462.5)
denovo81 A126_EF378615 326 (463.5)
denovo81 A10_EU792882 326 (463.5)
denovo81 A9_EU449028 323 (466.0)
denovo81 A105_AB207202 330 (466.5)
denovo81 A119_AF180121 319 (468.0)
denovo81 A12_EU792883 328 (471.0)
denovo81 A104_AB207203 323 (474.5)
denovo81 A1a_EU449030 326 (483.0)
denovo81 A1.3_HE578976 330 (475.0)
denovo81 A1.4_HE578977 328 (480.0)
denovo81 A13_AF333504 329 (482.0)
denovo81 A13_JN558094 329 (482.0)
denovo81 A110_AB190282 322 (476.5)
denovo81 A103_AB207206 325 (478.5)
denovo81 A130_EF656428 330 (475.5)
denovo81 A127_EF656429 330 (484.5)
denovo81 A128_EF656430 330 (466.5)
denovo81 A129_EF656431 330 (475.5)
denovo81 A131_EF656432 328 (480.0)
denovo81 A118_AF180120 320 (474.0)
denovo81 A1_AF333505 330 (475.5)
denovo81 A107_AB207199 325 (487.0)
denovo81 A111_AB190280 325 (487.0)
denovo81 A108_AB207197 324 (469.5)
denovo81 A106_AB207200 325 (485.5)
denovo81 A102_AB207209 325 (478.0)
denovo81 A1.2_AB207210 325 (478.0)
denovo81 A109_AB190285 325 (477.5)
denovo81 B4_AF333510 321 (989.0)
denovo81 B23_EU449079 307 (1080.5)
denovo81 B30_GU907644 307 (1062.5)
denovo81 B11_AY239361 308 (1183.5)
denovo81 B17_AY258470 306 (1212.0)
denovo81 B1k_GU907638 308 (527.5)
denovo81 B1.V_Green2014 313 (1161.0)
denovo81 B1b_AF499780 306 (1125.5)
denovo81 B16_AY258469 306 (1203.0)
denovo81 B31a_GU907646 306 (1212.0)
denovo81 B32_GU907647 306 (1203.0)
denovo81 B31_GU907645 306 (1212.0)
denovo81 B1j_GU907637 306 (1203.0)
denovo81 B37_GU907650 308 (1201.5)
denovo81 B5a_AF499782 306 (1203.0)
denovo81 B5_AF499781 306 (1212.0)
denovo81 B24_GU907643 306 (1052.0)
denovo81 B117_AF180124 304 (1116.0)
denovo81 B10_AF499787 306 (1203.0)
denovo81 B20_GU907642 308 (1186.5)
denovo81 B1m_GU907640 306 (1212.0)
denovo81 B34_GU907649 306 (1212.0)
denovo81 B1d_GU907633 306 (1212.0)
denovo81 B1e_GU907634 306 (1212.0)
denovo81 B1i_GU907636 306 (1212.0)
denovo81 B1g_GU907635 307 (1193.0)
denovo81 B123_EU074872 306 (1221.0)
denovo81 B8_AF499785 307 (1202.0)
denovo81 B1l_GU907639 306 (1212.0)
denovo81 B1a_AF499779 306 (1212.0)
denovo81 B14_AY239362 307 (1202.0)
denovo81 B125_EU074865 306 (1212.0)
denovo81 B122_EU074871 306 (1212.0)
denovo81 B124_EU074874 306 (1212.0)
denovo81 B1.VII_Green2014 306 (1142.0)
denovo81 B1.III_Green2014 294 (1184.5)
denovo81 B1.I_Green2014 306 (1221.0)
denovo81 B1.II_Green2014 306 (1221.0)
denovo81 B1_JN558057 306 (1221.0)
denovo81 B1_AF333511 306 (1221.0)
denovo81 B1.IV_Green2014 316 (1206.5)
denovo81 B121_EU074870 306 (1212.0)
denovo81 B7_AF499784 306 (1212.0)
denovo81 B1.VI_Green2014 307 (1152.0)
denovo81 B3_AF333514 306 (1117.5)
denovo81 B9_AF499786 306 (1135.5)
denovo81 B19a_JN558055 289 (1102.0)
denovo81 B119_EU099825 315 (1043.0)
denovo81 B21_DQ865213 306 (1104.0)
denovo81 B38_GU907651 306 (1104.0)
denovo81 B18_AY258471 306 (1144.5)
denovo81 B18a_AY258472 306 (1135.5)
denovo81 B33_GU907648 306 (1144.5)
denovo81 B6_AF499783 311 (1141.5)
denovo81 B19_DQ865212 306 (1153.5)
denovo81 B19_GU907641 306 (1153.5)
denovo81 B2_AF333512 306 (1144.5)
denovo81 B2_JN558060 306 (1144.5)
denovo81 C33.1_AY258498 329 (587.5)
denovo81 C33.2_AY765400 329 (587.5)
denovo81 C33a_EF541147 329 (587.5)
denovo81 C34_AY258499 327 (591.0)
denovo81 C78_AY765413 329 (569.5)
denovo81 C15.29_KC597690 332 (549.5)
denovo81 C1131_DQ182650 334 (546.5)
denovo81 C1135_DQ182646 327 (545.0)
denovo81 C1134_DQ182647 329 (532.5)
denovo81 C1142_DQ182635 329 (541.5)
denovo81 C1136_DQ182644 327 (533.5)
denovo81 C1111_DQ182645 327 (533.5)
denovo81 C1236_EF473656 327 (524.5)
denovo81 C1138_DQ182642 324 (534.0)
denovo81 C1137_DQ182643 328 (535.5)
denovo81 C1133_DQ182648 327 (524.5)
denovo81 C1132_DQ182649 328 (527.0)
denovo81 C1143_DQ182634 327 (533.5)
denovo81 C1139_DQ182639 329 (541.5)
denovo81 C15.28_KC597687 329 (596.5)
denovo81 C1141_DQ182636 329 (550.5)
denovo81 C1144_DQ182637 329 (559.5)
denovo81 C1122_DQ182654 329 (568.5)
denovo81 C1127_DQ182652 324 (563.0)
denovo81 C15.30_JX394114 331 (592.0)
denovo81 C15.26_KC597686 333 (579.5)
denovo81 C1086_DQ182656 330 (581.0)
denovo81 C15.25_KC597685 330 (590.0)
denovo81 C1118_AF180127 328 (544.5)
denovo81 C1129_DQ182651 330 (535.0)
denovo81 C15.21_KC597683 328 (557.5)
denovo81 C56_AY589760 328 (574.5)
denovo81 C1140_DQ182638 330 (553.0)
denovo81 C1126_DQ182653 330 (544.0)
denovo81 C15c_AY258492 327 (590.5)
denovo81 C15d_AY258493 326 (597.0)
denovo81 C1098_DQ182641 328 (591.0)
denovo81 C15.27_KC597689 330 (581.0)
denovo81 C15.18_HE579024 330 (580.5)
denovo81 C15.16_HE579022 330 (608.0)
denovo81 C1101_AB253787 330 (572.0)
denovo81 C1083_AY237300 334 (582.5)
denovo81 C1088_DQ182640 330 (579.5)
denovo81 C15.6_FN563472 330 (581.0)
denovo81 C15.5_FJ461512 330 (572.0)
denovo81 C15.4_FJ461511 330 (581.0)
denovo81 C15.13_HE579019 330 (572.0)
denovo81 C15.12_HE579018 330 (581.0)
denovo81 C93a_AM748563 328 (602.5)
denovo81 C1094_AJ291514 328 (584.5)
denovo81 C93_AM748562 328 (593.5)
denovo81 C15.17_HE579023 329 (572.0)
denovo81 C15e_AY589742 337 (594.0)
denovo81 C15.22_KC597695 330 (581.0)
denovo81 C60_AY589764 330 (581.0)
denovo81 C15.1_FJ461508 330 (581.0)
denovo81 C15.2_FJ461509 330 (581.0)
denovo81 C15.9_FN563475 330 (590.0)
denovo81 C15.7_HE579015 329 (595.5)
denovo81 C15.8_HE579016 330 (581.0)
denovo81 C15.15_HE579021 330 (581.0)
denovo81 C15.19_HE579025 330 (590.0)
denovo81 C15.24_KC597696 330 (572.0)
denovo81 C15.3_FJ461510 330 (581.0)
denovo81 C1087_DQ182655 330 (590.0)
denovo81 C15.14_HE579020 331 (580.5)
denovo81 C15.23_KC597697 331 (580.5)
denovo81 C19_AY258479 324 (594.0)
denovo81 C1233_EU118166 330 (581.0)
denovo81 C15b_AY258491 330 (581.0)
denovo81 C15a_AY258476 330 (590.0)
denovo81 C1051_AF195153 330 (599.0)
denovo81 C2_AF333518 331 (598.5)
denovo81 C15.20_HE579026 331 (589.5)
denovo81 C15f_AY589743 332 (583.0)
denovo81 C55_AY589759 334 (588.0)
denovo81 C15_AY239369 330 (590.0)
denovo81 C32.1_JF683335 329 (547.0)
denovo81 C32.2_JF683336 329 (556.0)
denovo81 C21.23_KC597693 329 (556.0)
denovo81 C1193_EU099827 334 (570.5)
denovo81 C1195_EU099821 338 (559.5)
denovo81 C3q_GU907655 335 (552.5)
denovo81 C53_AY589758 326 (576.5)
denovo81 C73_AY765408 337 (554.5)
denovo81 C17.2.1_KC597684 335 (544.5)
denovo81 C32_AY258497 329 (548.0)
denovo81 C1189_EU099831 330 (551.0)
denovo81 C1191_EU099833 329 (557.5)
denovo81 C1196_EU099819 326 (537.5)
denovo81 C1192_EU099820 326 (537.5)
denovo81 C17.1_JF683322 330 (551.0)
denovo81 C26_b2_FN827164 328 (549.5)
denovo81 C26_b3_FN827165 331 (532.5)
denovo81 C31.9_HQ630879 332 (537.5)
denovo81 C31a_AY589746 332 (534.0)
denovo81 C30_AY589745 331 (538.5)
denovo81 C31.1_HQ630876 331 (538.5)
denovo81 C31.5_HQ630877 332 (543.0)
denovo81 C31.6_HQ630878 332 (543.0)
denovo81 C31.2_JF683332 332 (543.0)
denovo81 C31.3_JF683333 332 (534.0)
denovo81 C26/C35a_AY239378 331 (541.5)
denovo81 C35a_AY258501 331 (541.5)
denovo81 C35.2_AY258500 331 (550.5)
denovo81 C26_b1_FN827163 331 (550.5)
denovo81 C17_AY239370 330 (551.0)
denovo81 C17.2_FJ461513 332 (550.0)
denovo81 C31.10_HQ630880 332 (546.5)
denovo81 C31.4_JF683334 336 (531.5)
denovo81 C31_AY258496 332 (543.0)
denovo81 C25_AY239377 328 (595.5)
denovo81 C61_AY589765 331 (531.0)
denovo81 C1043_DQ072721 330 (557.0)
denovo81 C79_AY765414 340 (563.0)
denovo81 C69_AY589773 315 (581.0)
denovo81 C69a_AY686648 315 (572.0)
denovo81 C21.22_KC597692 328 (551.5)
denovo81 C51_AY589756 329 (560.5)
denovo81 C1aa_HM185739 321 (589.0)
denovo81 C1096_DQ068023 328 (564.0)
denovo81 C74_AY765409 335 (590.5)
denovo81 C1185_AB294629 335 (591.0)
denovo81 C1184_AB294630 335 (591.0)
denovo81 C1153_AB294625 335 (591.0)
denovo81 C1154_AB294626 334 (606.5)
denovo81 C1187_AB294627 335 (591.0)
denovo81 C1186_AB294628 335 (591.0)
denovo81 C57_AY589761 335 (600.0)
denovo81 C66_AY589771 335 (600.0)
denovo81 C5_AF499795 330 (581.0)
denovo81 C1167_AB294586 330 (581.0)
denovo81 C1164_AB294593 330 (581.0)
denovo81 C1183_AB294631 330 (590.0)
denovo81 C1067_DQ335381 325 (565.0)
denovo81 C1159_AB294613 329 (574.5)
denovo81 C1150_AB294622 329 (583.5)
denovo81 C90_AM748554 332 (598.0)
denovo81 C1168_AB294583 334 (582.5)
denovo81 C1156_AB294616 334 (591.5)
denovo81 C1151_AB294621 330 (599.0)
denovo81 C92a_AM748561 334 (600.5)
denovo81 C92_AM748560 334 (591.5)
denovo81 C1165_AB294581 328 (592.5)
denovo81 C1166_AB294584 330 (608.0)
denovo81 C1162_AB294594 334 (591.5)
denovo81 C1163_AB294596 330 (599.5)
denovo81 C1161_AB294606 330 (599.0)
denovo81 C1160_AB294608 333 (597.5)
denovo81 C1158_AB294614 330 (599.0)
denovo81 C1155_AB294617 330 (590.0)
denovo81 C1149_AB294620 330 (599.0)
denovo81 C1173_AB294662 330 (608.0)
denovo81 C1171_AB294663 330 (590.0)
denovo81 C1172_AB294665 330 (590.0)
denovo81 C91a_AM748556 330 (599.0)
denovo81 C91b_AM748557 330 (599.0)
denovo81 C91d_AM748559 330 (599.0)
denovo81 C91c_AM748558 330 (599.0)
denovo81 C91_AJ621543 330 (599.0)
denovo81 C91_AM748555 330 (599.0)
denovo81 C1023_DQ335330 289 (573.0)
denovo81 C1020_DQ335392 331 (574.5)
denovo81 C1018_DQ335408 328 (583.5)
denovo81 C1074_DQ335329 330 (572.0)
denovo81 C1030_DQ335353 330 (572.0)
denovo81 C1022_DQ335331 330 (572.0)
denovo81 C1027_DQ335360 325 (584.5)
denovo81 C1072_DQ335344 330 (572.0)
denovo81 C1039_AB190274 330 (581.0)
denovo81 C1033_DQ335350 335 (569.0)
denovo81 C1019_DQ335407 330 (581.0)
denovo81 C1194_EU099826 330 (566.0)
denovo81 C8b_AY258475 332 (562.5)
denovo81 C8_AY239367 333 (571.0)
denovo81 C8a_AY239368 330 (570.5)
denovo81 C54a_AY765406 330 (581.0)
denovo81 C3ff_HM185740 330 (590.0)
denovo81 C59_AY589763 334 (576.5)
denovo81 C3k_AY589737 332 (577.5)
denovo81 C3.24_HE579012 328 (584.0)
denovo81 C3.23_HE579011 332 (577.5)
denovo81 C35.1_AY765401 332 (595.5)
denovo81 C35.3_EF541145 330 (590.0)
denovo81 C76_AY765411 328 (590.0)
denovo81 C1107_DQ335359 327 (557.0)
denovo81 C3.22_HE579010 329 (568.5)
denovo81 C77_AY765412 331 (579.5)
denovo81 C20_AY239371 333 (580.0)
denovo81 C1055_DQ480640 331 (571.5)
denovo81 C27/C30_AY239379 331 (557.5)
denovo81 C27.1_FJ461517 331 (548.5)
denovo81 C40a_AY589747 332 (585.5)
denovo81 C40_AY258485 332 (585.5)
denovo81 C40b_AY589748 329 (582.0)
denovo81 C16_AY258477 333 (580.5)
denovo81 C16a_AY765399 333 (580.5)
denovo81 C1091_AB207186 330 (581.5)
denovo81 C1102_DQ335400 330 (563.5)
denovo81 C1069_DQ335375 326 (585.0)
denovo81 C1073_DQ335332 326 (576.5)
denovo81 C1066_DQ335382 331 (575.0)
denovo81 C1031_DQ335352 330 (590.5)
denovo81 C1026_DQ335366 330 (590.0)
denovo81 C70_AY589774 330 (590.5)
denovo81 C1082_AB190267 334 (574.0)
denovo81 C1078_AB190271 328 (584.0)
denovo81 C1090_AB207191 330 (581.5)
denovo81 C1071_DQ335302 330 (581.5)
denovo81 C1075_DQ335328 330 (581.5)
denovo81 C1068_DQ335379 331 (574.5)
denovo81 C1064_DQ335395 330 (590.5)
denovo81 C1063_DQ335403 332 (586.0)
denovo81 C62_AY589766 330 (581.5)
denovo81 C1077_DQ335316 327 (587.0)
denovo81 C1109_DQ335338 330 (572.5)
denovo81 C1110_DQ335340 330 (563.5)
denovo81 C1106_DQ335339 330 (563.5)
denovo81 C1112_DQ335319 330 (572.5)
denovo81 C1108_DQ335351 330 (563.5)
denovo81 C1105_DQ335394 330 (572.5)
denovo81 C1121_DQ335378 332 (569.0)
denovo81 C1116_AB190268 332 (578.0)
denovo81 C1115_AB190273 332 (578.0)
denovo81 C1124_DQ335323 330 (554.5)
denovo81 C1120_DQ335398 330 (554.5)
denovo81 C1119_DQ335404 330 (563.5)
denovo81 C1123_DQ335363 330 (563.5)
denovo81 C1004_DQ480635 330 (581.0)
denovo81 C1061_AY186568 330 (572.0)
denovo81 C1053_AY186569 330 (581.0)
denovo81 C1003_DQ480639 330 (581.0)
denovo81 C81_GU907657 311 (577.0)
denovo81 C22_AY239373 325 (584.0)
denovo81 C22a_AY239374 325 (592.5)
denovo81 C1232_EU118163 332 (577.5)
denovo81 C21.13_FJ461515 330 (541.5)
denovo81 C21.1_JF683323 324 (550.0)
denovo81 C21.3_JF683325 330 (560.0)
denovo81 C1.20_HE578993 330 (572.0)
denovo81 C1.22_HE578995 330 (563.0)
denovo81 C52_AY589757 333 (583.0)
denovo81 C1201_EU099793 331 (551.0)
denovo81 C14_AY589741 333 (574.5)
denovo81 C43_AY589749 333 (580.5)
denovo81 C50_AY589755 330 (581.0)
denovo81 C3.14_HQ630872 329 (586.5)
denovo81 C1m_AY765398 330 (581.5)
denovo81 C82_GU907658 332 (577.5)
denovo81 C82b_GU907660 332 (577.5)
denovo81 C64_AY589768 329 (586.5)
denovo81 C45a_AY765404 328 (583.5)
denovo81 C48_AY589753 330 (601.5)
denovo81 C1_v1b_FJ919244 326 (576.0)
denovo81 C1_v1a_FJ919243 330 (581.0)
denovo81 C3j_AY239366 330 (572.0)
denovo81 C3t_EF541149 330 (590.0)
denovo81 C9_AF499798 332 (587.0)
denovo81 C23_AY239375 331 (602.5)
denovo81 C37_AY258481 330 (590.0)
denovo81 C1048_DQ068026 331 (582.5)
denovo81 C21.4_JF683326 330 (551.0)
denovo81 C21.5_JF683327 330 (551.0)
denovo81 C1070_DQ335349 330 (590.0)
denovo81 C21.6_HQ630873 330 (569.0)
denovo81 C1224_EU074890 330 (599.0)
denovo81 C1.17_HE578990 330 (599.0)
denovo81 C21_b1_FN827162 328 (551.5)
denovo81 C21.9_JF683330 328 (560.5)
denovo81 C1085_AY624605 332 (577.0)
denovo81 C3p_GU907654 330 (566.0)
denovo81 C3f_AY589734 330 (590.0)
denovo81 C65a_AY589770 330 (581.0)
denovo81 C65_AY589769 330 (590.0)
denovo81 C71_AY589775 330 (590.0)
denovo81 C71a_AY589776 330 (581.0)
denovo81 C1178_AB294647 328 (588.0)
denovo81 C1225_EU074893 331 (592.5)
denovo81 C75_AY765410 329 (587.5)
denovo81 C21.10_JF683331 329 (557.0)
denovo81 C21.11_HQ630874 329 (557.0)
denovo81 C1065_DQ335388 330 (590.0)
denovo81 C1045_DQ068036 330 (599.0)
denovo81 C1h_AY258473 329 (586.5)
denovo81 C38_AY258482 329 (586.5)
denovo81 C1202_EU099799 329 (577.5)
denovo81 C7_AF499797 329 (586.5)
denovo81 C12_AF499801 331 (576.0)
denovo81 C38a_AY258483 330 (586.0)
denovo81 C1200_EU099800 319 (591.5)
denovo81 C44a_AY589751 333 (580.5)
denovo81 C47_AY589752 333 (598.0)
denovo81 C44_AY589750 333 (589.0)
denovo81 C1.15_HE578988 330 (581.0)
denovo81 C45.3_FJ461522 333 (580.0)
denovo81 C46a_AY765405 333 (580.0)
denovo81 C46_EU449108 333 (589.0)
denovo81 C3.12_FJ461507 333 (589.0)
denovo81 C1k_AY589733 333 (589.0)
denovo81 C67_AY686647 333 (589.0)
denovo81 C82a_GU907659 330 (581.0)
denovo81 C10a_AY589739 333 (589.0)
denovo81 C10_AF499799 333 (580.0)
denovo81 C13_AY589740 330 (577.5)
denovo81 C4_AF499794 333 (580.0)
denovo81 C1147_EF656433 333 (580.0)
denovo81 C1c/C45_AY239364 333 (589.0)
denovo81 C1c/C45_EU449103 333 (589.0)
denovo81 C21.19_HE579031 325 (554.5)
denovo81 C21.21_HE579033 325 (545.5)
denovo81 C21.20_HE579032 325 (554.5)
denovo81 C42b_AY765403 334 (574.5)
denovo81 C42_AY258487 334 (583.5)
denovo81 C1p_GU907652 330 (581.0)
denovo81 C1d_AY258488 331 (573.5)
denovo81 C42_AY765402 333 (580.0)
denovo81 C3ha_AY589736 334 (552.5)
denovo81 C63a_AY589767 332 (568.0)
denovo81 C21a_AY589744 330 (560.0)
denovo81 C3o_GU907653 329 (557.5)
denovo81 C21.16_HQ630875 326 (564.0)
denovo81 C21.2_JF683324 330 (551.0)
denovo81 C21.7_JF683328 329 (557.5)
denovo81 C21.8_JF683329 328 (562.5)
denovo81 C3h_AY239365 330 (551.0)
denovo81 C1203_EU099798 330 (551.0)
denovo81 C3.10_FJ461505 326 (594.5)
denovo81 C21.14_FJ461516 326 (564.5)
denovo81 C21.18_HE579030 336 (548.0)
denovo81 C3.17_HE579005 330 (581.0)
denovo81 C3.9_FJ461504 333 (578.0)
denovo81 C3.8_FJ461503 330 (590.0)
denovo81 C3.7_FJ461502 330 (581.0)
denovo81 C3.11_FJ461506 332 (595.5)
denovo81 C3.18_HE579006 330 (581.0)
denovo81 C3.19_HE579007 330 (581.0)
denovo81 C3.20_HE579008 330 (581.0)
denovo81 C3g_AY589735 334 (576.0)
denovo81 C3a_AF499790 324 (589.0)
denovo81 C3e_AF499793 330 (581.0)
denovo81 C6_AF499796 332 (604.5)
denovo81 C11_AF499800 328 (583.5)
denovo81 C36_AY258480 330 (599.0)
denovo81 C29_AY258494 330 (599.0)
denovo81 C1146_EF656434 331 (584.5)
denovo81 C1190_EU099841 330 (599.0)
denovo81 C131_JF320826 330 (581.0)
denovo81 C28_AY239380 333 (592.0)
denovo81 C1012_DQ480604 326 (585.0)
denovo81 C1181_AB294640 329 (581.5)
denovo81 C1180_AB294641 329 (599.5)
denovo81 C1179_AB294645 329 (590.5)
denovo81 C1176_AB294651 329 (590.5)
denovo81 C1175_AB294653 329 (581.5)
denovo81 C1174_AB294655 331 (587.0)
denovo81 C1177_AB294659 329 (590.5)
denovo81 C1040_AB190269 332 (586.5)
denovo81 C1182_AB294649 330 (581.0)
denovo81 C1089_AJ278598 330 (581.0)
denovo81 C1028_DQ335357 332 (595.5)
denovo81 C3.16_EU786015 330 (599.0)
denovo81 C1097_AJ311943 331 (580.0)
denovo81 C1170_AB294661 329 (590.5)
denovo81 C21.17_HE579029 330 (571.0)
denovo81 C21/3d/C3k_AY239372 330 (560.0)
denovo81 C58_AY589762 331 (559.5)
denovo81 C3L_AY589738 332 (583.0)
denovo81 C1169_AB294660 329 (590.5)
denovo81 C3.2_FJ461497 330 (584.0)
denovo81 C3.1_JF683321 329 (590.5)
denovo81 C1104_AF427469 331 (580.0)
denovo81 C3b_AF499791 329 (590.5)
denovo81 C83_GU907661 330 (592.5)
denovo81 C49_AY589754 356 (604.5)
denovo81 C3_AB778606 330 (590.0)
denovo81 C3_AF499789 330 (590.0)
denovo81 C3_HE579001 330 (590.0)
denovo81 C21.12_FJ461514 331 (544.0)
denovo81 C1229_EU074888 327 (576.5)
denovo81 C1230_EU074889 327 (585.5)
denovo81 C1114_AB207196 330 (572.0)
denovo81 C3.21_HE579009 334 (513.5)
denovo81 C1057_DQ480619 330 (581.0)
denovo81 C72_AY765407 327 (580.5)
denovo81 C1b.3_HE578999 330 (575.0)
denovo81 C93_AJ621536 330 (581.0)
denovo81 C94_AJ621539 330 (581.0)
denovo81 C1g_AY589730 330 (599.0)
denovo81 C1i_AY589731 327 (582.0)
denovo81 C1j_AY589732 332 (595.5)
denovo81 C1005_DQ480633 330 (581.0)
denovo81 C1.7_FJ461494 330 (581.0)
denovo81 C1.11_HE578984 330 (581.5)
denovo81 C1.12_HE578985 330 (581.0)
denovo81 C1.13_HE578986 330 (590.0)
denovo81 C1.14_HE578987 330 (590.0)
denovo81 C1.18_HE578991 330 (581.0)
denovo81 C1.19_HE578992 330 (581.0)
denovo81 C1199_EU099802 330 (574.5)
denovo81 C1188_EU099838 330 (589.5)
denovo81 C1002_DQ838544 330 (590.0)
denovo81 C1198_EU099810 330 (581.0)
denovo81 C24_AY239376 330 (581.0)
denovo81 C1f_AY258490 330 (590.0)
denovo81 C1006_DQ480629 330 (599.0)
denovo81 C1010_DQ480607 330 (581.0)
denovo81 C1007_DQ480624 330 (581.0)
denovo81 C1011_DQ480605 330 (581.0)
denovo81 C1009_DQ480608 334 (583.0)
denovo81 C1041_AY186548 330 (590.0)
denovo81 C1052_AY186570 331 (583.0)
denovo81 C1148_EU040178 330 (590.0)
denovo81 C1234_EU118165 331 (580.0)
denovo81 C1.5_EF634157 330 (590.0)
denovo81 C1059_DQ480609 330 (581.0)
denovo81 C1228_EU074883 330 (581.0)
denovo81 C1208_EU074963 330 (581.0)
denovo81 C1207_EU074964 330 (590.0)
denovo81 C1206_EU074965 330 (590.0)
denovo81 C1013_DQ480642 330 (581.0)
denovo81 C80_GU907656 340 (585.0)
denovo81 C1a_AF499788 330 (590.0)
denovo81 C41_AY258486 330 (590.0)
denovo81 C39_AY258484 316 (597.0)
denovo81 C1231_EU074878 330 (581.0)
denovo81 C1b.1_HE578997 330 (575.0)
denovo81 C18_AY258478 330 (590.0)
denovo81 C1.10_HE578983 329 (584.5)
denovo81 C1_JN558041 330 (590.0)
denovo81 C1_HE578979 330 (590.0)
denovo81 C1_AM748551 330 (590.0)
denovo81 C1_AF333515 330 (590.0)
denovo81 C1054_AY186565 329 (593.5)
denovo81 C1008_DQ480613 330 (581.0)
denovo81 C1103_AF427470 331 (580.0)
denovo81 C1226_EU074881 331 (580.0)
denovo81 C1b/C1e_AY239363 330 (584.0)
denovo81 C1044_DQ068038 330 (584.0)
denovo81 C1017_DQ174729 331 (574.0)
denovo81 C1.6_FJ461493 330 (599.0)
denovo81 C1b.2_HE578998 330 (575.0)
denovo81 C1060_DQ480600 330 (581.0)
denovo81 C1227_EU074882 330 (581.0)
denovo81 C1197_EU099814 330 (581.0)
denovo81 C1130_DQ480643 330 (484.5)
denovo81 D109_AB097465 335 (467.5)
denovo81 D1.11_HE579040 333 (460.0)
denovo81 D105_AF174570 338 (468.0)
denovo81 D104_AF174572 338 (467.0)
denovo81 D1.3_JF683337 338 (459.0)
denovo81 D1.10_HE579039 337 (464.0)
denovo81 D110_AF174561 337 (464.0)
denovo81 D117_AF174542 338 (459.0)
denovo81 D114_AF174549 339 (470.0)
denovo81 D113_AF174557 338 (459.0)
denovo81 D112_AF174558 340 (465.5)
denovo81 D106_AF174559 338 (468.0)
denovo81 D111_AF174560 338 (467.5)
denovo81 D115_AF174562 338 (459.0)
denovo81 D107_AF174568 337 (474.5)
denovo81 D116_AF174571 337 (455.0)
denovo81 D124_EU074897 335 (468.5)
denovo81 D1.8_HE579037 340 (465.5)
denovo81 D3_AY686650 338 (468.0)
denovo81 D1.6_HQ630881 338 (459.0)
denovo81 D120_EU074900 338 (459.0)
denovo81 D121_EU074904 337 (464.0)
denovo81 D122_EU074905 338 (467.0)
denovo81 D1a.2_JF683339 341 (460.5)
denovo81 D1a.1_JF683338 335 (468.5)
denovo81 D2_AY686649 572 (522.0)
denovo81 D4_DQ865214 341 (465.0)
denovo81 D1a_AF499802 338 (468.0)
denovo81 D1a_JN558078 338 (468.0)
denovo81 D123_EU074895 339 (470.5)
denovo81 D108_AF174567 334 (474.0)
denovo81 D103_AF174575 338 (468.0)
denovo81 D100_AF411415 338 (468.0)
denovo81 D118_EF656435 332 (477.0)
denovo81 D101_AF411416 338 (458.5)
denovo81 D119_EU099832 340 (448.0)
denovo81 D102_AF174573 338 (471.5)
denovo81 D1_AF334660 338 (468.0)
denovo81 D1_JN558076 338 (468.0)
denovo81 D1.12_HE579041 319 (466.0)
denovo81 D1.1_AM748564 408 (482.0)
denovo81 D1.2_AM748617 423 (494.0)
denovo81 E111_EU074915 341 (443.0)
denovo81 E110_EU074914 343 (448.5)
denovo81 E114_EU074909 343 (430.5)
denovo81 E1_AF334659 344 (438.5)
denovo81 E105_EU074921 343 (448.5)
denovo81 E112_EU074916 343 (430.5)
denovo81 E104_EU074922 343 (439.5)
denovo81 E102_EU074924 343 (430.5)
denovo81 E103_EU074923 343 (439.5)
denovo81 E101_AY160123 344 (430.0)
denovo81 E109_EU074913 340 (440.5)
denovo81 E100_DQ011618 343 (468.0)
denovo81 E108_EU074912 349 (458.5)
denovo81 E113_EU074908 348 (449.5)
denovo81 E107_EU074910 348 (455.5)
denovo81 F1_JN558066 340 (530.0)
denovo81 F5.2d_AJ291530 331 (548.5)
denovo81 F104_AJ291531 331 (548.5)
denovo81 F5.2c_AM748596 331 (540.0)
denovo81 F5.2_AM748594 331 (539.5)
denovo81 F5.2a_AM748614 331 (539.5)
denovo81 F5.2b_AM748595 331 (539.5)
denovo81 F5.2e_AJ291533 332 (525.0)
denovo81 F5.2g_JN558072 331 (548.0)
denovo81 F5.2f_AJ291512 331 (539.0)
denovo81 F102_AJ291534 331 (539.0)
denovo81 F5.1c_AM748593 336 (563.0)
denovo81 F5.1d_JN558069 336 (535.0)
denovo81 F5.1b_AJ291535 335 (552.0)
denovo81 F5.1_AM748592 337 (548.5)
denovo81 F5.1a_AM748591 335 (552.0)
denovo81 F110_AJ291526 330 (580.0)
denovo81 F4.7_AM748587 332 (562.5)
denovo81 F4.5_AM748585 324 (545.5)
denovo81 F4.4a_AM748583 319 (577.5)
denovo81 F4.4_AM748582 324 (580.0)
denovo81 F4.4b_AM748584 317 (596.5)
denovo81 F4.1a_AM748573 326 (550.0)
denovo81 F112_AJ291528 325 (549.0)
denovo81 F4.1_AM748572 325 (549.0)
denovo81 F4.8b_AM748590 327 (581.0)
denovo81 F4.8_AM748588 318 (581.5)
denovo81 F4.8a_AM748589 318 (581.5)
denovo81 F109_AJ291527 324 (586.0)
denovo81 F4.6_AM748586 323 (561.5)
denovo81 F111_AJ311949 323 (574.0)
denovo81 F4.3c_AM748581 324 (577.0)
denovo81 F4.3a_AM748579 323 (584.0)
denovo81 F4.3b_AM748580 324 (586.0)
denovo81 F4.3_AM748578 324 (577.0)
denovo81 F4.2_AM748574 323 (588.5)
denovo81 F4.2a_AM748575 323 (565.0)
denovo81 F4.2c_AM748577 323 (561.5)
denovo81 F4.2b_AM748576 323 (574.0)
denovo81 F2b_AJ291521 346 (536.0)
denovo81 F2_AJ830908 330 (560.5)
denovo81 F2a_AJ830911 331 (551.0)
denovo81 F3.1a_AM748566 339 (536.0)
denovo81 F114_AJ291525 340 (556.5)
denovo81 F3.1_AM748565 340 (556.5)
denovo81 F3.2_AM748567 329 (596.0)
denovo81 F3.2a_AM748568 325 (594.0)
denovo81 F3.3_AM748569 334 (553.5)
denovo81 F3.4a_AM748571 337 (524.5)
denovo81 F3.4_AM748570 345 (530.5)
denovo81 F3.4b_AM748616 345 (530.5)
denovo81 G101_AJ291539 353 (470.5)
denovo81 G1_AM748597 353 (470.5)
denovo81 G2b_JN558087 346 (476.5)
denovo81 G2_AM748598 346 (476.5)
denovo81 G2a_AM748599 343 (475.5)
denovo81 G4_AM748601 349 (517.5)
denovo81 G3.4_LK392378 349 (481.0)
denovo81 G3_AM748600 350 (493.0)
denovo81 G3.2_KC597694 345 (424.0)
denovo81 G3.1_KC597688 350 (502.5)
denovo81 G100_AB253788 353 (475.5)
denovo81 G3.3_LK392377 350 (493.0)
denovo81 H6_AJ291520 629 (285.0)
denovo81 H3_AM748606 337 (409.5)
denovo81 H2_AM748605 332 (422.5)
denovo81 H4_AM748607 343 (411.5)
denovo81 H4a_AM748608 344 (411.0)
denovo81 H5a_AM748611 341 (398.0)
denovo81 H5b_AM748610 347 (396.5)
denovo81 H5_AJ621129 341 (398.0)
denovo81 H5_AM748609 341 (398.0)
denovo81 H100_AJ291513 340 (367.0)
denovo81 H1b_AM748604 340 (362.0)
denovo81 H1a_AM748612 340 (371.0)
denovo81 H1_AJ621152 340 (371.0)
denovo81 H1_AM748602 340 (371.0)
denovo81 I3_FN561561 331 (619.5)
denovo81 I4_FN561562 331 (619.5)
denovo81 I1_FN561559 338 (612.5)
denovo81 I2_FN561560 333 (607.0)

#---------------------------------------
#---------------------------------------
