denovo168 A136_DQ865210 317 (412.5)
denovo168 A133_DQ174725 322 (369.5)
denovo168 A115_AF180123 323 (379.0)
denovo168 A117_AF201746 325 (391.5)
denovo168 A134_DQ174723 334 (392.5)
denovo168 A114_AF184941 325 (391.5)
denovo168 A135_DQ174727 330 (389.5)
denovo168 A2_AF333506 330 (386.0)
denovo168 A101_AF427468 330 (380.5)
denovo168 A2_1_JN558097 330 (380.5)
denovo168 A2_2_JN558100 330 (380.5)
denovo168 A113_AF184948 330 (382.5)
denovo168 A112_AF184949 317 (376.5)
denovo168 A123_EF378618 325 (294.0)
denovo168 A137_EF378621 307 (339.0)
denovo168 A11_EU449041 335 (398.0)
denovo168 A121_DQ174722 325 (395.5)
denovo168 A15b_EU792886 319 (355.5)
denovo168 A15a_EU792885 319 (373.5)
denovo168 A15c_EU792887 319 (364.0)
denovo168 A15_EU792884 319 (364.5)
denovo168 A147_EU074937 330 (400.0)
denovo168 A154_EU074860 330 (391.0)
denovo168 A146_EU074936 332 (386.5)
denovo168 A150_EU074928 332 (395.5)
denovo168 A116_AF183575 332 (386.5)
denovo168 A141_EU074931 332 (395.5)
denovo168 A5_AF333508 330 (387.5)
denovo168 A3b_EU449043 330 (391.0)
denovo168 A151_EU074925 330 (390.0)
denovo168 A152_EU074927 330 (391.0)
denovo168 A149_EU074929 330 (391.0)
denovo168 A140_EU074930 330 (382.0)
denovo168 A142_EU074932 330 (382.0)
denovo168 A143_EU074933 330 (391.0)
denovo168 A144_EU074934 330 (382.0)
denovo168 A145_EU074935 330 (390.5)
denovo168 A148_EU074938 330 (382.0)
denovo168 A155_EU074856 330 (382.0)
denovo168 A156_EU074859 330 (382.0)
denovo168 A139_EU074962 330 (391.0)
denovo168 A6_AF186058 330 (391.0)
denovo168 A3_AF333507 330 (391.0)
denovo168 A3_JN558091 330 (391.0)
denovo168 A8_AY258468 330 (364.0)
denovo168 A7_AY239360 330 (372.5)
denovo168 A16_EU792888 330 (382.0)
denovo168 A4.3_FN429763 329 (375.5)
denovo168 A120_AF180122 322 (371.5)
denovo168 A4.2_FN429761 322 (379.0)
denovo168 A4_AF333509 327 (385.5)
denovo168 A4.1_FN429760 325 (386.5)
denovo168 A4a_AF499778 334 (379.5)
denovo168 A4a.1_FN429762 334 (379.5)
denovo168 A138_EF378620 327 (400.5)
denovo168 A122_EF378619 327 (386.5)
denovo168 A126_EF378615 326 (387.5)
denovo168 A10_EU792882 326 (387.5)
denovo168 A9_EU449028 327 (400.5)
denovo168 A105_AB207202 330 (402.5)
denovo168 A119_AF180121 321 (391.0)
denovo168 A12_EU792883 325 (394.0)
denovo168 A104_AB207203 332 (391.5)
denovo168 A1a_EU449030 327 (409.5)
denovo168 A1.3_HE578976 334 (394.5)
denovo168 A1.4_HE578977 327 (400.5)
denovo168 A13_AF333504 327 (399.5)
denovo168 A13_JN558094 327 (399.5)
denovo168 A110_AB190282 327 (391.5)
denovo168 A103_AB207206 322 (403.0)
denovo168 A130_EF656428 327 (400.5)
denovo168 A127_EF656429 327 (409.5)
denovo168 A128_EF656430 327 (391.5)
denovo168 A129_EF656431 328 (403.0)
denovo168 A131_EF656432 327 (391.5)
denovo168 A118_AF180120 325 (407.0)
denovo168 A1_AF333505 327 (400.5)
denovo168 A107_AB207199 326 (409.0)
denovo168 A111_AB190280 326 (409.0)
denovo168 A108_AB207197 333 (379.0)
denovo168 A106_AB207200 326 (399.5)
denovo168 A102_AB207209 326 (400.0)
denovo168 A1.2_AB207210 326 (400.0)
denovo168 A109_AB190285 326 (399.5)
denovo168 B4_AF333510 321 (885.0)
denovo168 B23_EU449079 307 (1058.0)
denovo168 B30_GU907644 307 (1040.0)
denovo168 B11_AY239361 309 (1046.5)
denovo168 B17_AY258470 307 (1039.0)
denovo168 B1k_GU907638 277 (574.5)
denovo168 B1.V_Green2014 314 (1006.0)
denovo168 B1b_AF499780 306 (1013.0)
denovo168 B16_AY258469 307 (1048.0)
denovo168 B31a_GU907646 307 (1066.0)
denovo168 B32_GU907647 307 (1066.0)
denovo168 B31_GU907645 307 (1075.0)
denovo168 B1j_GU907637 307 (1057.0)
denovo168 B37_GU907650 309 (1046.5)
denovo168 B5a_AF499782 307 (1066.0)
denovo168 B5_AF499781 307 (1075.0)
denovo168 B24_GU907643 280 (1059.0)
denovo168 B117_AF180124 304 (976.5)
denovo168 B10_AF499787 307 (1048.0)
denovo168 B20_GU907642 309 (1031.5)
denovo168 B1m_GU907640 307 (1057.0)
denovo168 B34_GU907649 307 (1057.0)
denovo168 B1d_GU907633 307 (1057.0)
denovo168 B1e_GU907634 307 (1057.0)
denovo168 B1i_GU907636 307 (1057.0)
denovo168 B1g_GU907635 308 (1056.5)
denovo168 B123_EU074872 307 (1048.0)
denovo168 B8_AF499785 308 (1056.0)
denovo168 B1l_GU907639 307 (1066.0)
denovo168 B1a_AF499779 307 (1057.0)
denovo168 B14_AY239362 308 (1056.0)
denovo168 B125_EU074865 307 (1057.0)
denovo168 B122_EU074871 307 (1066.0)
denovo168 B124_EU074874 307 (1057.0)
denovo168 B1.VII_Green2014 296 (1062.5)
denovo168 B1.III_Green2014 307 (985.0)
denovo168 B1.I_Green2014 307 (1066.0)
denovo168 B1.II_Green2014 307 (1066.0)
denovo168 B1_JN558057 307 (1066.0)
denovo168 B1_AF333511 307 (1066.0)
denovo168 B1.IV_Green2014 317 (1051.5)
denovo168 B121_EU074870 307 (1057.0)
denovo168 B7_AF499784 307 (1057.0)
denovo168 B1.VI_Green2014 308 (997.0)
denovo168 B3_AF333514 306 (1086.0)
denovo168 B9_AF499786 306 (1095.0)
denovo168 B19a_JN558055 297 (986.0)
denovo168 B119_EU099825 315 (975.5)
denovo168 B21_DQ865213 306 (1063.5)
denovo168 B38_GU907651 306 (1063.5)
denovo168 B18_AY258471 306 (1104.0)
denovo168 B18a_AY258472 306 (1095.0)
denovo168 B33_GU907648 306 (1104.0)
denovo168 B6_AF499783 310 (1098.0)
denovo168 B19_DQ865212 306 (1113.0)
denovo168 B19_GU907641 306 (1113.0)
denovo168 B2_AF333512 306 (1104.0)
denovo168 B2_JN558060 306 (1104.0)
denovo168 C33.1_AY258498 331 (506.0)
denovo168 C33.2_AY765400 331 (506.0)
denovo168 C33a_EF541147 331 (506.0)
denovo168 C34_AY258499 324 (504.5)
denovo168 C78_AY765413 319 (506.5)
denovo168 C15.29_KC597690 322 (478.0)
denovo168 C1131_DQ182650 316 (488.0)
denovo168 C1135_DQ182646 314 (482.5)
denovo168 C1134_DQ182647 314 (482.5)
denovo168 C1142_DQ182635 314 (482.5)
denovo168 C1136_DQ182644 315 (455.5)
denovo168 C1111_DQ182645 312 (465.5)
denovo168 C1236_EF473656 312 (456.5)
denovo168 C1138_DQ182642 312 (474.5)
denovo168 C1137_DQ182643 312 (456.5)
denovo168 C1133_DQ182648 312 (456.5)
denovo168 C1132_DQ182649 316 (459.0)
denovo168 C1143_DQ182634 312 (465.5)
denovo168 C1139_DQ182639 317 (482.5)
denovo168 C15.28_KC597687 321 (513.0)
denovo168 C1141_DQ182636 321 (475.5)
denovo168 C1144_DQ182637 321 (475.5)
denovo168 C1122_DQ182654 319 (479.5)
denovo168 C1127_DQ182652 317 (491.5)
denovo168 C15.30_JX394114 323 (518.5)
denovo168 C15.26_KC597686 322 (515.5)
denovo168 C1086_DQ182656 319 (516.0)
denovo168 C15.25_KC597685 319 (525.0)
denovo168 C1118_AF180127 325 (477.5)
denovo168 C1129_DQ182651 316 (478.5)
denovo168 C15.21_KC597683 319 (507.5)
denovo168 C56_AY589760 316 (516.0)
denovo168 C1140_DQ182638 322 (478.5)
denovo168 C1126_DQ182653 322 (478.0)
denovo168 C15c_AY258492 315 (522.5)
denovo168 C15d_AY258493 315 (522.5)
denovo168 C1098_DQ182641 318 (511.0)
denovo168 C15.27_KC597689 319 (525.5)
denovo168 C15.18_HE579024 318 (513.5)
denovo168 C15.16_HE579022 324 (539.5)
denovo168 C1101_AB253787 319 (507.0)
denovo168 C1083_AY237300 319 (516.0)
denovo168 C1088_DQ182640 319 (516.0)
denovo168 C15.6_FN563472 319 (516.0)
denovo168 C15.5_FJ461512 323 (510.5)
denovo168 C15.4_FJ461511 322 (516.5)
denovo168 C15.13_HE579019 319 (507.0)
denovo168 C15.12_HE579018 319 (516.0)
denovo168 C93a_AM748563 319 (525.0)
denovo168 C1094_AJ291514 319 (516.0)
denovo168 C93_AM748562 319 (516.0)
denovo168 C15.17_HE579023 319 (528.5)
denovo168 C15e_AY589742 322 (518.5)
denovo168 C15.22_KC597695 319 (516.0)
denovo168 C60_AY589764 323 (518.0)
denovo168 C15.1_FJ461508 319 (525.0)
denovo168 C15.2_FJ461509 319 (516.0)
denovo168 C15.9_FN563475 319 (525.0)
denovo168 C15.7_HE579015 319 (516.0)
denovo168 C15.8_HE579016 319 (516.0)
denovo168 C15.15_HE579021 319 (525.0)
denovo168 C15.19_HE579025 319 (525.0)
denovo168 C15.24_KC597696 319 (516.0)
denovo168 C15.3_FJ461510 322 (516.5)
denovo168 C1087_DQ182655 319 (525.0)
denovo168 C15.14_HE579020 322 (521.5)
denovo168 C15.23_KC597697 322 (521.5)
denovo168 C19_AY258479 318 (534.5)
denovo168 C1233_EU118166 319 (516.0)
denovo168 C15b_AY258491 319 (525.0)
denovo168 C15a_AY258476 322 (525.5)
denovo168 C1051_AF195153 319 (525.0)
denovo168 C2_AF333518 320 (524.0)
denovo168 C15.20_HE579026 322 (530.5)
denovo168 C15f_AY589743 320 (524.5)
denovo168 C55_AY589759 325 (528.5)
denovo168 C15_AY239369 319 (525.0)
denovo168 C32.1_JF683335 326 (470.5)
denovo168 C32.2_JF683336 325 (476.5)
denovo168 C21.23_KC597693 325 (476.5)
denovo168 C1193_EU099827 332 (523.5)
denovo168 C1195_EU099821 335 (489.0)
denovo168 C3q_GU907655 330 (477.0)
denovo168 C53_AY589758 332 (510.5)
denovo168 C73_AY765408 323 (508.5)
denovo168 C17.2.1_KC597684 332 (476.5)
denovo168 C32_AY258497 327 (473.0)
denovo168 C1189_EU099831 320 (489.5)
denovo168 C1191_EU099833 320 (489.5)
denovo168 C1196_EU099819 320 (471.5)
denovo168 C1192_EU099820 320 (471.5)
denovo168 C17.1_JF683322 324 (492.5)
denovo168 C26_b2_FN827164 326 (496.0)
denovo168 C26_b3_FN827165 322 (475.5)
denovo168 C31.9_HQ630879 327 (492.0)
denovo168 C31a_AY589746 327 (489.0)
denovo168 C30_AY589745 327 (489.0)
denovo168 C31.1_HQ630876 327 (498.0)
denovo168 C31.5_HQ630877 327 (498.0)
denovo168 C31.6_HQ630878 327 (498.0)
denovo168 C31.2_JF683332 327 (498.0)
denovo168 C31.3_JF683333 327 (489.0)
denovo168 C26/C35a_AY239378 322 (484.5)
denovo168 C35a_AY258501 322 (484.5)
denovo168 C35.2_AY258500 322 (493.5)
denovo168 C26_b1_FN827163 322 (493.5)
denovo168 C17_AY239370 320 (489.5)
denovo168 C17.2_FJ461513 325 (488.5)
denovo168 C31.10_HQ630880 327 (492.5)
denovo168 C31.4_JF683334 331 (496.0)
denovo168 C31_AY258496 327 (498.0)
denovo168 C25_AY239377 327 (515.0)
denovo168 C61_AY589765 326 (466.5)
denovo168 C1043_DQ072721 327 (463.0)
denovo168 C79_AY765414 324 (505.0)
denovo168 C69_AY589773 317 (483.5)
denovo168 C69a_AY686648 317 (474.5)
denovo168 C21.22_KC597692 327 (492.5)
denovo168 C51_AY589756 325 (489.5)
denovo168 C1aa_HM185739 328 (516.0)
denovo168 C1096_DQ068023 322 (485.5)
denovo168 C74_AY765409 326 (505.5)
denovo168 C1185_AB294629 328 (503.0)
denovo168 C1184_AB294630 328 (503.0)
denovo168 C1153_AB294625 328 (512.0)
denovo168 C1154_AB294626 328 (512.0)
denovo168 C1187_AB294627 328 (503.0)
denovo168 C1186_AB294628 328 (503.0)
denovo168 C57_AY589761 322 (512.5)
denovo168 C66_AY589771 328 (512.0)
denovo168 C5_AF499795 326 (500.5)
denovo168 C1167_AB294586 322 (498.5)
denovo168 C1164_AB294593 322 (498.5)
denovo168 C1183_AB294631 322 (516.5)
denovo168 C1067_DQ335381 325 (499.5)
denovo168 C1159_AB294613 329 (505.0)
denovo168 C1150_AB294622 329 (514.0)
denovo168 C90_AM748554 324 (516.0)
denovo168 C1168_AB294583 327 (504.0)
denovo168 C1156_AB294616 325 (516.5)
denovo168 C1151_AB294621 325 (517.0)
denovo168 C92a_AM748561 327 (522.0)
denovo168 C92_AM748560 327 (513.0)
denovo168 C1165_AB294581 319 (508.0)
denovo168 C1166_AB294584 322 (516.5)
denovo168 C1162_AB294594 322 (507.5)
denovo168 C1163_AB294596 322 (525.5)
denovo168 C1161_AB294606 322 (516.5)
denovo168 C1160_AB294608 322 (516.5)
denovo168 C1158_AB294614 324 (522.0)
denovo168 C1155_AB294617 322 (507.5)
denovo168 C1149_AB294620 325 (525.5)
denovo168 C1173_AB294662 322 (516.5)
denovo168 C1171_AB294663 322 (507.5)
denovo168 C1172_AB294665 322 (525.0)
denovo168 C91a_AM748556 324 (522.0)
denovo168 C91b_AM748557 324 (521.5)
denovo168 C91d_AM748559 321 (514.0)
denovo168 C91c_AM748558 321 (514.0)
denovo168 C91_AJ621543 322 (516.5)
denovo168 C91_AM748555 322 (516.5)
denovo168 C1023_DQ335330 297 (475.0)
denovo168 C1020_DQ335392 329 (501.5)
denovo168 C1018_DQ335408 325 (508.0)
denovo168 C1074_DQ335329 325 (499.0)
denovo168 C1030_DQ335353 325 (508.0)
denovo168 C1022_DQ335331 325 (499.0)
denovo168 C1027_DQ335360 325 (517.0)
denovo168 C1072_DQ335344 325 (499.0)
denovo168 C1039_AB190274 325 (517.0)
denovo168 C1033_DQ335350 330 (496.0)
denovo168 C1019_DQ335407 325 (508.0)
denovo168 C1194_EU099826 326 (505.0)
denovo168 C8b_AY258475 323 (495.5)
denovo168 C8_AY239367 324 (495.0)
denovo168 C8a_AY239368 326 (491.0)
denovo168 C54a_AY765406 327 (513.0)
denovo168 C3ff_HM185740 327 (495.0)
denovo168 C59_AY589763 328 (490.5)
denovo168 C3k_AY589737 326 (508.0)
denovo168 C3.24_HE579012 326 (508.0)
denovo168 C3.23_HE579011 326 (508.0)
denovo168 C35.1_AY765401 325 (524.5)
denovo168 C35.3_EF541145 318 (522.5)
denovo168 C76_AY765411 324 (502.5)
denovo168 C1107_DQ335359 323 (496.0)
denovo168 C3.22_HE579010 327 (516.0)
denovo168 C77_AY765412 324 (502.0)
denovo168 C20_AY239371 318 (523.0)
denovo168 C1055_DQ480640 325 (503.0)
denovo168 C27/C30_AY239379 326 (505.0)
denovo168 C27.1_FJ461517 326 (496.0)
denovo168 C40a_AY589747 325 (508.0)
denovo168 C40_AY258485 325 (508.0)
denovo168 C40b_AY589748 322 (504.5)
denovo168 C16_AY258477 325 (508.5)
denovo168 C16a_AY765399 326 (510.5)
denovo168 C1091_AB207186 325 (535.0)
denovo168 C1102_DQ335400 325 (508.0)
denovo168 C1069_DQ335375 325 (508.0)
denovo168 C1073_DQ335332 325 (508.0)
denovo168 C1066_DQ335382 324 (504.0)
denovo168 C1031_DQ335352 330 (522.5)
denovo168 C1026_DQ335366 330 (513.5)
denovo168 C70_AY589774 325 (526.0)
denovo168 C1082_AB190267 325 (508.0)
denovo168 C1078_AB190271 321 (522.5)
denovo168 C1090_AB207191 325 (517.0)
denovo168 C1071_DQ335302 325 (517.0)
denovo168 C1075_DQ335328 325 (517.0)
denovo168 C1068_DQ335379 326 (510.0)
denovo168 C1064_DQ335395 325 (508.0)
denovo168 C1063_DQ335403 325 (526.0)
denovo168 C62_AY589766 325 (517.0)
denovo168 C1077_DQ335316 320 (516.5)
denovo168 C1109_DQ335338 325 (517.0)
denovo168 C1110_DQ335340 325 (508.5)
denovo168 C1106_DQ335339 325 (517.0)
denovo168 C1112_DQ335319 325 (526.0)
denovo168 C1108_DQ335351 325 (517.0)
denovo168 C1105_DQ335394 325 (526.0)
denovo168 C1121_DQ335378 332 (527.0)
denovo168 C1116_AB190268 332 (518.0)
denovo168 C1115_AB190273 332 (527.0)
denovo168 C1124_DQ335323 325 (516.0)
denovo168 C1120_DQ335398 325 (516.0)
denovo168 C1119_DQ335404 325 (525.0)
denovo168 C1123_DQ335363 325 (525.0)
denovo168 C1004_DQ480635 324 (504.0)
denovo168 C1061_AY186568 324 (504.0)
denovo168 C1053_AY186569 324 (504.0)
denovo168 C1003_DQ480639 324 (504.0)
denovo168 C81_GU907657 321 (486.5)
denovo168 C22_AY239373 320 (518.5)
denovo168 C22a_AY239374 322 (515.5)
denovo168 C1232_EU118163 325 (508.0)
denovo168 C21.13_FJ461515 325 (479.0)
denovo168 C21.1_JF683323 318 (492.0)
denovo168 C21.3_JF683325 320 (499.0)
denovo168 C1.20_HE578993 322 (497.5)
denovo168 C1.22_HE578995 322 (497.5)
denovo168 C52_AY589757 324 (516.5)
denovo168 C1201_EU099793 325 (467.5)
denovo168 C14_AY589741 324 (507.5)
denovo168 C43_AY589749 324 (513.0)
denovo168 C50_AY589755 325 (517.0)
denovo168 C3.14_HQ630872 325 (507.5)
denovo168 C1m_AY765398 324 (513.0)
denovo168 C82_GU907658 332 (518.5)
denovo168 C82b_GU907660 332 (518.5)
denovo168 C64_AY589768 325 (508.0)
denovo168 C45a_AY765404 324 (513.5)
denovo168 C48_AY589753 325 (537.5)
denovo168 C1_v1b_FJ919244 327 (504.5)
denovo168 C1_v1a_FJ919243 324 (504.0)
denovo168 C3j_AY239366 325 (499.0)
denovo168 C3t_EF541149 327 (504.0)
denovo168 C9_AF499798 324 (522.0)
denovo168 C23_AY239375 320 (518.0)
denovo168 C37_AY258481 331 (505.5)
denovo168 C1048_DQ068026 324 (504.0)
denovo168 C21.4_JF683326 320 (498.5)
denovo168 C21.5_JF683327 320 (498.5)
denovo168 C1070_DQ335349 325 (517.0)
denovo168 C21.6_HQ630873 320 (507.5)
denovo168 C1224_EU074890 323 (509.5)
denovo168 C1.17_HE578990 323 (509.5)
denovo168 C21_b1_FN827162 319 (494.5)
denovo168 C21.9_JF683330 319 (503.5)
denovo168 C1085_AY624605 325 (517.0)
denovo168 C3p_GU907654 324 (508.5)
denovo168 C3f_AY589734 325 (517.0)
denovo168 C65a_AY589770 325 (508.0)
denovo168 C65_AY589769 325 (517.0)
denovo168 C71_AY589775 325 (508.0)
denovo168 C71a_AY589776 325 (499.0)
denovo168 C1178_AB294647 325 (493.0)
denovo168 C1225_EU074893 322 (517.0)
denovo168 C75_AY765410 325 (507.0)
denovo168 C21.10_JF683331 325 (494.5)
denovo168 C21.11_HQ630874 327 (492.5)
denovo168 C1065_DQ335388 325 (526.0)
denovo168 C1045_DQ068036 325 (526.0)
denovo168 C1h_AY258473 324 (504.0)
denovo168 C38_AY258482 326 (501.0)
denovo168 C1202_EU099799 325 (499.0)
denovo168 C7_AF499797 325 (508.0)
denovo168 C12_AF499801 327 (507.0)
denovo168 C38a_AY258483 326 (506.0)
denovo168 C1200_EU099800 316 (505.5)
denovo168 C44a_AY589751 322 (517.0)
denovo168 C47_AY589752 324 (513.0)
denovo168 C44_AY589750 324 (513.0)
denovo168 C1.15_HE578988 324 (513.0)
denovo168 C45.3_FJ461522 324 (513.0)
denovo168 C46a_AY765405 324 (504.0)
denovo168 C46_EU449108 324 (504.0)
denovo168 C3.12_FJ461507 325 (517.0)
denovo168 C1k_AY589733 324 (504.0)
denovo168 C67_AY686647 319 (515.5)
denovo168 C82a_GU907659 324 (522.0)
denovo168 C10a_AY589739 324 (504.0)
denovo168 C10_AF499799 324 (504.0)
denovo168 C13_AY589740 327 (509.5)
denovo168 C4_AF499794 324 (504.0)
denovo168 C1147_EF656433 324 (504.0)
denovo168 C1c/C45_AY239364 324 (513.0)
denovo168 C1c/C45_EU449103 324 (513.0)
denovo168 C21.19_HE579031 320 (498.5)
denovo168 C21.21_HE579033 320 (489.5)
denovo168 C21.20_HE579032 320 (498.5)
denovo168 C42b_AY765403 324 (503.0)
denovo168 C42_AY258487 324 (503.0)
denovo168 C1p_GU907652 324 (504.0)
denovo168 C1d_AY258488 324 (495.0)
denovo168 C42_AY765402 324 (504.0)
denovo168 C3ha_AY589736 322 (505.5)
denovo168 C63a_AY589767 325 (497.5)
denovo168 C21a_AY589744 320 (498.5)
denovo168 C3o_GU907653 323 (497.5)
denovo168 C21.16_HQ630875 320 (498.0)
denovo168 C21.2_JF683324 328 (496.0)
denovo168 C21.7_JF683328 320 (489.5)
denovo168 C21.8_JF683329 320 (498.5)
denovo168 C3h_AY239365 320 (498.5)
denovo168 C1203_EU099798 320 (498.5)
denovo168 C3.10_FJ461505 325 (526.0)
denovo168 C21.14_FJ461516 320 (507.5)
denovo168 C21.18_HE579030 328 (493.0)
denovo168 C3.17_HE579005 325 (508.0)
denovo168 C3.9_FJ461504 325 (504.5)
denovo168 C3.8_FJ461503 325 (516.5)
denovo168 C3.7_FJ461502 325 (517.0)
denovo168 C3.11_FJ461506 332 (519.5)
denovo168 C3.18_HE579006 325 (508.0)
denovo168 C3.19_HE579007 325 (508.0)
denovo168 C3.20_HE579008 325 (517.0)
denovo168 C3g_AY589735 328 (508.5)
denovo168 C3a_AF499790 323 (519.5)
denovo168 C3e_AF499793 325 (508.0)
denovo168 C6_AF499796 328 (515.0)
denovo168 C11_AF499800 325 (508.0)
denovo168 C36_AY258480 325 (508.0)
denovo168 C29_AY258494 325 (517.0)
denovo168 C1146_EF656434 325 (508.0)
denovo168 C1190_EU099841 325 (517.0)
denovo168 C131_JF320826 325 (516.0)
denovo168 C28_AY239380 332 (521.5)
denovo168 C1012_DQ480604 328 (516.0)
denovo168 C1181_AB294640 325 (502.0)
denovo168 C1180_AB294641 325 (502.0)
denovo168 C1179_AB294645 324 (498.0)
denovo168 C1176_AB294651 323 (504.5)
denovo168 C1175_AB294653 325 (493.0)
denovo168 C1174_AB294655 318 (508.0)
denovo168 C1177_AB294659 326 (504.5)
denovo168 C1040_AB190269 325 (517.0)
denovo168 C1182_AB294649 325 (517.0)
denovo168 C1089_AJ278598 325 (508.0)
denovo168 C1028_DQ335357 332 (519.0)
denovo168 C3.16_EU786015 325 (526.0)
denovo168 C1097_AJ311943 323 (506.5)
denovo168 C1170_AB294661 325 (502.0)
denovo168 C21.17_HE579029 320 (500.5)
denovo168 C21/3d/C3k_AY239372 320 (498.5)
denovo168 C58_AY589762 326 (496.5)
denovo168 C3L_AY589738 328 (512.5)
denovo168 C1169_AB294660 325 (502.0)
denovo168 C3.2_FJ461497 325 (520.5)
denovo168 C3.1_JF683321 324 (516.0)
denovo168 C1104_AF427469 326 (507.0)
denovo168 C3b_AF499791 325 (520.0)
denovo168 C83_GU907661 325 (519.5)
denovo168 C49_AY589754 360 (522.0)
denovo168 C3_AB778606 325 (517.0)
denovo168 C3_AF499789 325 (517.0)
denovo168 C3_HE579001 325 (517.0)
denovo168 C21.12_FJ461514 320 (480.5)
denovo168 C1229_EU074888 318 (506.5)
denovo168 C1230_EU074889 318 (515.5)
denovo168 C1114_AB207196 325 (517.0)
denovo168 C3.21_HE579009 313 (520.0)
denovo168 C1057_DQ480619 326 (519.5)
denovo168 C72_AY765407 319 (506.5)
denovo168 C1b.3_HE578999 324 (507.5)
denovo168 C93_AJ621536 325 (517.0)
denovo168 C94_AJ621539 324 (513.0)
denovo168 C1g_AY589730 324 (513.0)
denovo168 C1i_AY589731 321 (523.0)
denovo168 C1j_AY589732 331 (515.0)
denovo168 C1005_DQ480633 324 (504.0)
denovo168 C1.7_FJ461494 324 (504.0)
denovo168 C1.11_HE578984 319 (514.5)
denovo168 C1.12_HE578985 320 (509.0)
denovo168 C1.13_HE578986 326 (510.5)
denovo168 C1.14_HE578987 326 (510.5)
denovo168 C1.18_HE578991 324 (513.0)
denovo168 C1.19_HE578992 324 (513.0)
denovo168 C1199_EU099802 323 (503.5)
denovo168 C1188_EU099838 324 (513.0)
denovo168 C1002_DQ838544 325 (517.0)
denovo168 C1198_EU099810 324 (504.0)
denovo168 C24_AY239376 324 (513.0)
denovo168 C1f_AY258490 324 (513.0)
denovo168 C1006_DQ480629 320 (518.5)
denovo168 C1010_DQ480607 324 (504.0)
denovo168 C1007_DQ480624 324 (504.0)
denovo168 C1011_DQ480605 326 (509.0)
denovo168 C1009_DQ480608 326 (509.0)
denovo168 C1041_AY186548 324 (513.5)
denovo168 C1052_AY186570 324 (504.0)
denovo168 C1148_EU040178 324 (513.0)
denovo168 C1234_EU118165 325 (503.0)
denovo168 C1.5_EF634157 321 (514.0)
denovo168 C1059_DQ480609 324 (513.0)
denovo168 C1228_EU074883 324 (512.5)
denovo168 C1208_EU074963 324 (504.0)
denovo168 C1207_EU074964 324 (513.5)
denovo168 C1206_EU074965 324 (504.0)
denovo168 C1013_DQ480642 326 (519.5)
denovo168 C80_GU907656 332 (510.5)
denovo168 C1a_AF499788 321 (514.0)
denovo168 C41_AY258486 324 (513.0)
denovo168 C39_AY258484 313 (510.5)
denovo168 C1231_EU074878 324 (513.0)
denovo168 C1b.1_HE578997 324 (516.5)
denovo168 C18_AY258478 324 (513.0)
denovo168 C1.10_HE578983 320 (508.0)
denovo168 C1_JN558041 324 (513.0)
denovo168 C1_HE578979 324 (513.0)
denovo168 C1_AM748551 324 (513.0)
denovo168 C1_AF333515 324 (513.0)
denovo168 C1054_AY186565 323 (507.5)
denovo168 C1008_DQ480613 324 (504.0)
denovo168 C1103_AF427470 325 (503.0)
denovo168 C1226_EU074881 325 (503.0)
denovo168 C1b/C1e_AY239363 324 (516.5)
denovo168 C1044_DQ068038 324 (498.0)
denovo168 C1017_DQ174729 325 (506.5)
denovo168 C1.6_FJ461493 324 (522.0)
denovo168 C1b.2_HE578998 324 (516.5)
denovo168 C1060_DQ480600 324 (504.0)
denovo168 C1227_EU074882 324 (513.0)
denovo168 C1197_EU099814 324 (504.0)
denovo168 C1130_DQ480643 302 (467.0)
denovo168 D109_AB097465 342 (385.5)
denovo168 D1.11_HE579040 348 (368.5)
denovo168 D105_AF174570 350 (364.5)
denovo168 D104_AF174572 340 (361.0)
denovo168 D1.3_JF683337 348 (359.5)
denovo168 D1.10_HE579039 344 (364.5)
denovo168 D110_AF174561 344 (364.5)
denovo168 D117_AF174542 348 (359.5)
denovo168 D114_AF174549 348 (368.5)
denovo168 D113_AF174557 342 (359.0)
denovo168 D112_AF174558 344 (365.0)
denovo168 D106_AF174559 348 (368.5)
denovo168 D111_AF174560 344 (364.5)
denovo168 D115_AF174562 348 (368.5)
denovo168 D107_AF174568 348 (369.5)
denovo168 D116_AF174571 348 (351.0)
denovo168 D124_EU074897 337 (370.0)
denovo168 D1.8_HE579037 348 (368.5)
denovo168 D3_AY686650 348 (368.5)
denovo168 D1.6_HQ630881 348 (359.5)
denovo168 D120_EU074900 342 (358.5)
denovo168 D121_EU074904 348 (360.0)
denovo168 D122_EU074905 348 (359.5)
denovo168 D1a.2_JF683339 339 (369.0)
denovo168 D1a.1_JF683338 337 (370.0)
denovo168 D2_AY686649 580 (430.0)
denovo168 D4_DQ865214 343 (367.0)
denovo168 D1a_AF499802 342 (367.5)
denovo168 D1a_JN558078 342 (367.5)
denovo168 D123_EU074895 343 (370.0)
denovo168 D108_AF174567 348 (368.5)
denovo168 D103_AF174575 342 (367.0)
denovo168 D100_AF411415 360 (359.5)
denovo168 D118_EF656435 337 (379.0)
denovo168 D101_AF411416 360 (344.5)
denovo168 D119_EU099832 355 (355.5)
denovo168 D102_AF174573 347 (369.0)
denovo168 D1_AF334660 348 (368.5)
denovo168 D1_JN558076 348 (368.5)
denovo168 D1.12_HE579041 324 (361.0)
denovo168 D1.1_AM748564 422 (386.0)
denovo168 D1.2_AM748617 425 (373.0)
denovo168 E111_EU074915 343 (373.5)
denovo168 E110_EU074914 348 (362.0)
denovo168 E114_EU074909 351 (353.0)
denovo168 E1_AF334659 350 (355.0)
denovo168 E105_EU074921 349 (365.0)
denovo168 E112_EU074916 348 (353.0)
denovo168 E104_EU074922 340 (363.5)
denovo168 E102_EU074924 348 (362.0)
denovo168 E103_EU074923 348 (362.0)
denovo168 E101_AY160123 353 (346.0)
denovo168 E109_EU074913 344 (385.5)
denovo168 E100_DQ011618 346 (398.0)
denovo168 E108_EU074912 350 (392.5)
denovo168 E113_EU074908 346 (402.5)
denovo168 E107_EU074910 350 (392.5)
denovo168 F1_JN558066 346 (516.0)
denovo168 F5.2d_AJ291530 330 (521.5)
denovo168 F104_AJ291531 330 (521.5)
denovo168 F5.2c_AM748596 329 (519.0)
denovo168 F5.2_AM748594 339 (521.0)
denovo168 F5.2a_AM748614 339 (521.0)
denovo168 F5.2b_AM748595 341 (526.5)
denovo168 F5.2e_AJ291533 339 (527.0)
denovo168 F5.2g_JN558072 337 (532.5)
denovo168 F5.2f_AJ291512 338 (517.0)
denovo168 F102_AJ291534 339 (529.0)
denovo168 F5.1c_AM748593 342 (530.5)
denovo168 F5.1d_JN558069 344 (517.5)
denovo168 F5.1b_AJ291535 344 (553.5)
denovo168 F5.1_AM748592 344 (544.5)
denovo168 F5.1a_AM748591 344 (553.5)
denovo168 F110_AJ291526 315 (584.0)
denovo168 F4.7_AM748587 314 (567.0)
denovo168 F4.5_AM748585 321 (557.5)
denovo168 F4.4a_AM748583 318 (586.5)
denovo168 F4.4_AM748582 316 (577.0)
denovo168 F4.4b_AM748584 316 (596.0)
denovo168 F4.1a_AM748573 316 (534.0)
denovo168 F112_AJ291528 314 (529.5)
denovo168 F4.1_AM748572 314 (529.5)
denovo168 F4.8b_AM748590 326 (571.5)
denovo168 F4.8_AM748588 317 (572.0)
denovo168 F4.8a_AM748589 317 (572.0)
denovo168 F109_AJ291527 323 (567.5)
denovo168 F4.6_AM748586 314 (538.5)
denovo168 F111_AJ311949 315 (572.5)
denovo168 F4.3c_AM748581 316 (576.0)
denovo168 F4.3a_AM748579 316 (585.0)
denovo168 F4.3b_AM748580 316 (585.0)
denovo168 F4.3_AM748578 316 (576.0)
denovo168 F4.2_AM748574 317 (582.5)
denovo168 F4.2a_AM748575 315 (571.5)
denovo168 F4.2c_AM748577 315 (568.0)
denovo168 F4.2b_AM748576 315 (580.5)
denovo168 F2b_AJ291521 332 (558.0)
denovo168 F2_AJ830908 325 (549.5)
denovo168 F2a_AJ830911 325 (548.5)
denovo168 F3.1a_AM748566 335 (510.0)
denovo168 F114_AJ291525 331 (525.5)
denovo168 F3.1_AM748565 331 (525.5)
denovo168 F3.2_AM748567 338 (552.5)
denovo168 F3.2a_AM748568 335 (554.5)
denovo168 F3.3_AM748569 329 (550.5)
denovo168 F3.4a_AM748571 331 (492.5)
denovo168 F3.4_AM748570 330 (499.0)
denovo168 F3.4b_AM748616 330 (499.0)
denovo168 G101_AJ291539 351 (383.0)
denovo168 G1_AM748597 351 (383.0)
denovo168 G2b_JN558087 351 (377.5)
denovo168 G2_AM748598 350 (365.0)
denovo168 G2a_AM748599 355 (362.0)
denovo168 G4_AM748601 356 (415.5)
denovo168 G3.4_LK392378 345 (383.0)
denovo168 G3_AM748600 359 (377.0)
denovo168 G3.2_KC597694 337 (351.5)
denovo168 G3.1_KC597688 359 (379.5)
denovo168 G100_AB253788 347 (379.5)
denovo168 G3.3_LK392377 345 (373.5)
denovo168 H6_AJ291520 634 (293.0)
denovo168 H3_AM748606 298 (516.5)
denovo168 H2_AM748605 299 (565.5)
denovo168 H4_AM748607 305 (550.5)
denovo168 H4a_AM748608 304 (544.0)
denovo168 H5a_AM748611 297 (544.5)
denovo168 H5b_AM748610 299 (540.0)
denovo168 H5_AJ621129 302 (541.5)
denovo168 H5_AM748609 302 (541.5)
denovo168 H100_AJ291513 301 (545.0)
denovo168 H1b_AM748604 301 (549.0)
denovo168 H1a_AM748612 301 (558.0)
denovo168 H1_AJ621152 301 (558.0)
denovo168 H1_AM748602 301 (558.0)
denovo168 I3_FN561561 336 (585.0)
denovo168 I4_FN561562 336 (585.0)
denovo168 I1_FN561559 340 (577.0)
denovo168 I2_FN561560 344 (590.5)

#---------------------------------------
#---------------------------------------
