denovo35 A136_DQ865210 328 (547.5)
denovo35 A133_DQ174725 357 (515.5)
denovo35 A115_AF180123 340 (505.5)
denovo35 A117_AF201746 340 (521.0)
denovo35 A134_DQ174723 344 (524.5)
denovo35 A114_AF184941 344 (524.5)
denovo35 A135_DQ174727 354 (527.0)
denovo35 A2_AF333506 346 (526.0)
denovo35 A101_AF427468 351 (518.0)
denovo35 A2_1_JN558097 351 (518.0)
denovo35 A2_2_JN558100 351 (518.0)
denovo35 A113_AF184948 335 (535.5)
denovo35 A112_AF184949 327 (512.5)
denovo35 A123_EF378618 348 (351.0)
denovo35 A137_EF378621 343 (344.5)
denovo35 A11_EU449041 344 (545.5)
denovo35 A121_DQ174722 339 (534.5)
denovo35 A15b_EU792886 346 (495.5)
denovo35 A15a_EU792885 346 (513.0)
denovo35 A15c_EU792887 346 (504.0)
denovo35 A15_EU792884 346 (504.5)
denovo35 A147_EU074937 344 (526.0)
denovo35 A154_EU074860 344 (526.0)
denovo35 A146_EU074936 345 (519.0)
denovo35 A150_EU074928 345 (528.0)
denovo35 A116_AF183575 345 (519.0)
denovo35 A141_EU074931 345 (528.0)
denovo35 A5_AF333508 338 (539.5)
denovo35 A3b_EU449043 344 (535.0)
denovo35 A151_EU074925 344 (525.0)
denovo35 A152_EU074927 347 (517.0)
denovo35 A149_EU074929 344 (526.0)
denovo35 A140_EU074930 344 (517.0)
denovo35 A142_EU074932 344 (517.0)
denovo35 A143_EU074933 345 (529.0)
denovo35 A144_EU074934 344 (517.0)
denovo35 A145_EU074935 347 (525.0)
denovo35 A148_EU074938 344 (517.0)
denovo35 A155_EU074856 344 (517.0)
denovo35 A156_EU074859 344 (517.0)
denovo35 A139_EU074962 344 (517.0)
denovo35 A6_AF186058 344 (526.0)
denovo35 A3_AF333507 344 (526.0)
denovo35 A3_JN558091 344 (526.0)
denovo35 A8_AY258468 346 (503.5)
denovo35 A7_AY239360 346 (513.0)
denovo35 A16_EU792888 346 (522.0)
denovo35 A4.3_FN429763 349 (509.5)
denovo35 A120_AF180122 344 (504.0)
denovo35 A4.2_FN429761 347 (500.5)
denovo35 A4_AF333509 347 (528.5)
denovo35 A4.1_FN429760 346 (523.5)
denovo35 A4a_AF499778 346 (535.5)
denovo35 A4a.1_FN429762 346 (535.5)
denovo35 A138_EF378620 343 (471.5)
denovo35 A122_EF378619 342 (508.5)
denovo35 A126_EF378615 341 (509.5)
denovo35 A10_EU792882 341 (509.5)
denovo35 A9_EU449028 343 (517.0)
denovo35 A105_AB207202 345 (531.0)
denovo35 A119_AF180121 342 (513.5)
denovo35 A12_EU792883 345 (523.0)
denovo35 A104_AB207203 340 (527.0)
denovo35 A1a_EU449030 343 (535.0)
denovo35 A1.3_HE578976 345 (522.5)
denovo35 A1.4_HE578977 345 (531.5)
denovo35 A13_AF333504 345 (530.5)
denovo35 A13_JN558094 345 (530.5)
denovo35 A110_AB190282 347 (518.5)
denovo35 A103_AB207206 347 (528.5)
denovo35 A130_EF656428 347 (527.5)
denovo35 A127_EF656429 347 (536.5)
denovo35 A128_EF656430 347 (518.5)
denovo35 A129_EF656431 348 (530.0)
denovo35 A131_EF656432 345 (531.5)
denovo35 A118_AF180120 346 (518.5)
denovo35 A1_AF333505 347 (527.5)
denovo35 A107_AB207199 346 (534.0)
denovo35 A111_AB190280 346 (534.0)
denovo35 A108_AB207197 353 (513.0)
denovo35 A106_AB207200 346 (533.5)
denovo35 A102_AB207209 346 (534.0)
denovo35 A1.2_AB207210 346 (534.0)
denovo35 A109_AB190285 346 (533.5)
denovo35 B4_AF333510 320 (1157.5)
denovo35 B23_EU449079 307 (1261.5)
denovo35 B30_GU907644 308 (1246.0)
denovo35 B11_AY239361 308 (1364.5)
denovo35 B17_AY258470 306 (1384.0)
denovo35 B1k_GU907638 307 (724.5)
denovo35 B1.V_Green2014 313 (1342.0)
denovo35 B1b_AF499780 305 (1331.0)
denovo35 B16_AY258469 306 (1393.0)
denovo35 B31a_GU907646 306 (1393.0)
denovo35 B32_GU907647 306 (1393.0)
denovo35 B31_GU907645 306 (1402.0)
denovo35 B1j_GU907637 306 (1393.0)
denovo35 B37_GU907650 308 (1391.5)
denovo35 B5a_AF499782 306 (1393.0)
denovo35 B5_AF499781 306 (1402.0)
denovo35 B24_GU907643 306 (1233.0)
denovo35 B117_AF180124 306 (1284.5)
denovo35 B10_AF499787 306 (1393.0)
denovo35 B20_GU907642 309 (1379.5)
denovo35 B1m_GU907640 306 (1402.0)
denovo35 B34_GU907649 306 (1411.0)
denovo35 B1d_GU907633 306 (1402.0)
denovo35 B1e_GU907634 306 (1402.0)
denovo35 B1i_GU907636 306 (1402.0)
denovo35 B1g_GU907635 307 (1383.0)
denovo35 B123_EU074872 306 (1393.0)
denovo35 B8_AF499785 307 (1392.0)
denovo35 B1l_GU907639 306 (1402.0)
denovo35 B1a_AF499779 306 (1402.0)
denovo35 B14_AY239362 307 (1392.0)
denovo35 B125_EU074865 306 (1402.0)
denovo35 B122_EU074871 306 (1402.0)
denovo35 B124_EU074874 306 (1402.0)
denovo35 B1.VII_Green2014 306 (1332.0)
denovo35 B1.III_Green2014 306 (1330.0)
denovo35 B1.I_Green2014 306 (1411.0)
denovo35 B1.II_Green2014 306 (1411.0)
denovo35 B1_JN558057 306 (1411.0)
denovo35 B1_AF333511 306 (1411.0)
denovo35 B1.IV_Green2014 316 (1406.0)
denovo35 B121_EU074870 306 (1402.0)
denovo35 B7_AF499784 306 (1402.0)
denovo35 B1.VI_Green2014 307 (1351.5)
denovo35 B3_AF333514 306 (1298.5)
denovo35 B9_AF499786 306 (1307.5)
denovo35 B19a_JN558055 310 (1192.5)
denovo35 B119_EU099825 315 (1233.0)
denovo35 B21_DQ865213 305 (1291.0)
denovo35 B38_GU907651 305 (1291.0)
denovo35 B18_AY258471 306 (1325.5)
denovo35 B18a_AY258472 306 (1316.5)
denovo35 B33_GU907648 306 (1316.5)
denovo35 B6_AF499783 311 (1322.0)
denovo35 B19_DQ865212 306 (1334.5)
denovo35 B19_GU907641 306 (1334.5)
denovo35 B2_AF333512 306 (1325.5)
denovo35 B2_JN558060 306 (1325.5)
denovo35 C33.1_AY258498 331 (701.5)
denovo35 C33.2_AY765400 331 (701.5)
denovo35 C33a_EF541147 331 (701.5)
denovo35 C34_AY258499 324 (699.5)
denovo35 C78_AY765413 327 (654.0)
denovo35 C15.29_KC597690 324 (645.5)
denovo35 C1131_DQ182650 325 (639.5)
denovo35 C1135_DQ182646 320 (643.5)
denovo35 C1134_DQ182647 320 (625.5)
denovo35 C1142_DQ182635 320 (634.5)
denovo35 C1136_DQ182644 318 (617.0)
denovo35 C1111_DQ182645 318 (626.5)
denovo35 C1236_EF473656 318 (617.5)
denovo35 C1138_DQ182642 317 (632.5)
denovo35 C1137_DQ182643 318 (617.5)
denovo35 C1133_DQ182648 318 (617.5)
denovo35 C1132_DQ182649 322 (620.0)
denovo35 C1143_DQ182634 318 (626.5)
denovo35 C1139_DQ182639 320 (634.5)
denovo35 C15.28_KC597687 324 (691.0)
denovo35 C1141_DQ182636 324 (645.5)
denovo35 C1144_DQ182637 324 (645.0)
denovo35 C1122_DQ182654 320 (661.5)
denovo35 C1127_DQ182652 320 (661.5)
denovo35 C15.30_JX394114 325 (685.0)
denovo35 C15.26_KC597686 324 (682.0)
denovo35 C1086_DQ182656 322 (685.5)
denovo35 C15.25_KC597685 322 (694.5)
denovo35 C1118_AF180127 326 (648.0)
denovo35 C1129_DQ182651 322 (630.5)
denovo35 C15.21_KC597683 322 (667.5)
denovo35 C56_AY589760 319 (676.5)
denovo35 C1140_DQ182638 326 (641.0)
denovo35 C1126_DQ182653 326 (632.0)
denovo35 C15c_AY258492 323 (687.5)
denovo35 C15d_AY258493 322 (694.0)
denovo35 C1098_DQ182641 320 (695.5)
denovo35 C15.27_KC597689 322 (685.5)
denovo35 C15.18_HE579024 321 (682.5)
denovo35 C15.16_HE579022 327 (709.0)
denovo35 C1101_AB253787 322 (676.5)
denovo35 C1083_AY237300 322 (685.5)
denovo35 C1088_DQ182640 325 (683.5)
denovo35 C15.6_FN563472 322 (685.5)
denovo35 C15.5_FJ461512 324 (682.0)
denovo35 C15.4_FJ461511 324 (691.0)
denovo35 C15.13_HE579019 322 (676.5)
denovo35 C15.12_HE579018 322 (685.5)
denovo35 C93a_AM748563 322 (703.5)
denovo35 C1094_AJ291514 322 (685.5)
denovo35 C93_AM748562 322 (694.5)
denovo35 C15.17_HE579023 321 (676.5)
denovo35 C15e_AY589742 324 (694.0)
denovo35 C15.22_KC597695 322 (685.5)
denovo35 C60_AY589764 326 (687.5)
denovo35 C15.1_FJ461508 322 (685.5)
denovo35 C15.2_FJ461509 322 (685.5)
denovo35 C15.9_FN563475 322 (703.0)
denovo35 C15.7_HE579015 321 (700.0)
denovo35 C15.8_HE579016 322 (685.5)
denovo35 C15.15_HE579021 322 (685.5)
denovo35 C15.19_HE579025 322 (694.5)
denovo35 C15.24_KC597696 322 (676.5)
denovo35 C15.3_FJ461510 324 (691.0)
denovo35 C1087_DQ182655 322 (694.5)
denovo35 C15.14_HE579020 323 (685.0)
denovo35 C15.23_KC597697 323 (685.0)
denovo35 C19_AY258479 322 (698.0)
denovo35 C1233_EU118166 322 (685.5)
denovo35 C15b_AY258491 322 (685.5)
denovo35 C15a_AY258476 324 (700.0)
denovo35 C1051_AF195153 322 (703.5)
denovo35 C2_AF333518 323 (702.5)
denovo35 C15.20_HE579026 323 (694.0)
denovo35 C15f_AY589743 323 (684.5)
denovo35 C55_AY589759 327 (694.5)
denovo35 C15_AY239369 322 (694.5)
denovo35 C32.1_JF683335 324 (642.0)
denovo35 C32.2_JF683336 324 (642.0)
denovo35 C21.23_KC597693 324 (642.0)
denovo35 C1193_EU099827 333 (676.5)
denovo35 C1195_EU099821 330 (662.0)
denovo35 C3q_GU907655 330 (656.5)
denovo35 C53_AY589758 340 (664.0)
denovo35 C73_AY765408 335 (666.0)
denovo35 C17.2.1_KC597684 323 (638.5)
denovo35 C32_AY258497 328 (652.0)
denovo35 C1189_EU099831 328 (653.5)
denovo35 C1191_EU099833 327 (660.0)
denovo35 C1196_EU099819 328 (635.5)
denovo35 C1192_EU099820 328 (635.5)
denovo35 C17.1_JF683322 328 (653.5)
denovo35 C26_b2_FN827164 333 (655.5)
denovo35 C26_b3_FN827165 329 (635.0)
denovo35 C31.9_HQ630879 324 (642.0)
denovo35 C31a_AY589746 324 (638.5)
denovo35 C30_AY589745 324 (638.5)
denovo35 C31.1_HQ630876 328 (640.0)
denovo35 C31.5_HQ630877 322 (650.5)
denovo35 C31.6_HQ630878 324 (647.5)
denovo35 C31.2_JF683332 324 (647.5)
denovo35 C31.3_JF683333 324 (638.5)
denovo35 C26/C35a_AY239378 329 (644.0)
denovo35 C35a_AY258501 329 (644.0)
denovo35 C35.2_AY258500 329 (653.0)
denovo35 C26_b1_FN827163 329 (653.0)
denovo35 C17_AY239370 328 (653.5)
denovo35 C17.2_FJ461513 324 (654.5)
denovo35 C31.10_HQ630880 324 (651.0)
denovo35 C31.4_JF683334 328 (636.0)
denovo35 C31_AY258496 324 (647.5)
denovo35 C25_AY239377 325 (695.5)
denovo35 C61_AY589765 325 (641.0)
denovo35 C1043_DQ072721 328 (642.5)
denovo35 C79_AY765414 331 (664.0)
denovo35 C69_AY589773 318 (662.0)
denovo35 C69a_AY686648 318 (653.0)
denovo35 C21.22_KC597692 330 (640.5)
denovo35 C51_AY589756 327 (663.0)
denovo35 C1aa_HM185739 327 (681.5)
denovo35 C1096_DQ068023 325 (663.0)
denovo35 C74_AY765409 334 (696.5)
denovo35 C1185_AB294629 336 (693.0)
denovo35 C1184_AB294630 336 (693.0)
denovo35 C1153_AB294625 336 (693.0)
denovo35 C1154_AB294626 335 (708.5)
denovo35 C1187_AB294627 336 (693.0)
denovo35 C1186_AB294628 336 (693.0)
denovo35 C57_AY589761 336 (701.5)
denovo35 C66_AY589771 336 (702.0)
denovo35 C5_AF499795 326 (678.0)
denovo35 C1167_AB294586 326 (678.0)
denovo35 C1164_AB294593 326 (678.0)
denovo35 C1183_AB294631 326 (696.0)
denovo35 C1067_DQ335381 328 (674.5)
denovo35 C1159_AB294613 325 (680.5)
denovo35 C1150_AB294622 325 (689.5)
denovo35 C90_AM748554 327 (701.0)
denovo35 C1168_AB294583 326 (687.0)
denovo35 C1156_AB294616 322 (703.0)
denovo35 C1151_AB294621 326 (705.0)
denovo35 C92a_AM748561 326 (705.0)
denovo35 C92_AM748560 326 (696.0)
denovo35 C1165_AB294581 326 (687.0)
denovo35 C1166_AB294584 326 (705.0)
denovo35 C1162_AB294594 326 (687.0)
denovo35 C1163_AB294596 322 (703.0)
denovo35 C1161_AB294606 326 (696.0)
denovo35 C1160_AB294608 330 (688.5)
denovo35 C1158_AB294614 326 (705.0)
denovo35 C1155_AB294617 326 (687.0)
denovo35 C1149_AB294620 326 (696.0)
denovo35 C1173_AB294662 326 (705.0)
denovo35 C1171_AB294663 326 (687.0)
denovo35 C1172_AB294665 326 (687.0)
denovo35 C91a_AM748556 326 (705.0)
denovo35 C91b_AM748557 326 (696.0)
denovo35 C91d_AM748559 325 (693.5)
denovo35 C91c_AM748558 325 (693.5)
denovo35 C91_AJ621543 326 (696.0)
denovo35 C91_AM748555 326 (696.0)
denovo35 C1023_DQ335330 317 (649.0)
denovo35 C1020_DQ335392 332 (677.0)
denovo35 C1018_DQ335408 328 (683.5)
denovo35 C1074_DQ335329 328 (674.5)
denovo35 C1030_DQ335353 328 (674.5)
denovo35 C1022_DQ335331 328 (674.5)
denovo35 C1027_DQ335360 328 (692.5)
denovo35 C1072_DQ335344 328 (674.5)
denovo35 C1039_AB190274 328 (683.5)
denovo35 C1033_DQ335350 333 (671.5)
denovo35 C1019_DQ335407 328 (683.5)
denovo35 C1194_EU099826 328 (668.5)
denovo35 C8b_AY258475 328 (658.5)
denovo35 C8_AY239367 331 (673.5)
denovo35 C8a_AY239368 333 (669.5)
denovo35 C54a_AY765406 328 (683.5)
denovo35 C3ff_HM185740 328 (692.5)
denovo35 C59_AY589763 332 (669.0)
denovo35 C3k_AY589737 325 (684.5)
denovo35 C3.24_HE579012 324 (691.0)
denovo35 C3.23_HE579011 325 (684.5)
denovo35 C35.1_AY765401 336 (688.0)
denovo35 C35.3_EF541145 329 (686.0)
denovo35 C76_AY765411 324 (678.5)
denovo35 C1107_DQ335359 323 (664.5)
denovo35 C3.22_HE579010 331 (657.5)
denovo35 C77_AY765412 324 (678.0)
denovo35 C20_AY239371 327 (690.0)
denovo35 C1055_DQ480640 326 (674.0)
denovo35 C27/C30_AY239379 328 (650.0)
denovo35 C27.1_FJ461517 328 (641.0)
denovo35 C40a_AY589747 333 (687.5)
denovo35 C40_AY258485 333 (687.5)
denovo35 C40b_AY589748 333 (684.0)
denovo35 C16_AY258477 331 (683.0)
denovo35 C16a_AY765399 331 (683.0)
denovo35 C1091_AB207186 324 (690.5)
denovo35 C1102_DQ335400 324 (672.5)
denovo35 C1069_DQ335375 328 (684.0)
denovo35 C1073_DQ335332 324 (681.5)
denovo35 C1066_DQ335382 321 (673.0)
denovo35 C1031_DQ335352 329 (696.0)
denovo35 C1026_DQ335366 333 (689.0)
denovo35 C70_AY589774 324 (699.5)
denovo35 C1082_AB190267 324 (681.5)
denovo35 C1078_AB190271 324 (699.5)
denovo35 C1090_AB207191 324 (690.5)
denovo35 C1071_DQ335302 324 (690.5)
denovo35 C1075_DQ335328 324 (690.5)
denovo35 C1068_DQ335379 324 (681.5)
denovo35 C1064_DQ335395 324 (681.5)
denovo35 C1063_DQ335403 324 (699.5)
denovo35 C62_AY589766 324 (690.5)
denovo35 C1077_DQ335316 325 (689.5)
denovo35 C1109_DQ335338 324 (681.5)
denovo35 C1110_DQ335340 324 (672.5)
denovo35 C1106_DQ335339 324 (672.5)
denovo35 C1112_DQ335319 324 (681.5)
denovo35 C1108_DQ335351 324 (672.5)
denovo35 C1105_DQ335394 324 (681.5)
denovo35 C1121_DQ335378 331 (674.5)
denovo35 C1116_AB190268 331 (683.5)
denovo35 C1115_AB190273 331 (683.5)
denovo35 C1124_DQ335323 324 (663.5)
denovo35 C1120_DQ335398 324 (663.5)
denovo35 C1119_DQ335404 324 (672.5)
denovo35 C1123_DQ335363 324 (672.5)
denovo35 C1004_DQ480635 328 (683.0)
denovo35 C1061_AY186568 328 (674.0)
denovo35 C1053_AY186569 328 (683.0)
denovo35 C1003_DQ480639 328 (683.0)
denovo35 C81_GU907657 319 (655.0)
denovo35 C22_AY239373 323 (685.5)
denovo35 C22a_AY239374 326 (677.0)
denovo35 C1232_EU118163 330 (680.0)
denovo35 C21.13_FJ461515 327 (642.0)
denovo35 C21.1_JF683323 326 (648.0)
denovo35 C21.3_JF683325 328 (662.5)
denovo35 C1.20_HE578993 328 (674.5)
denovo35 C1.22_HE578995 328 (665.5)
denovo35 C52_AY589757 323 (682.0)
denovo35 C1201_EU099793 329 (656.0)
denovo35 C14_AY589741 330 (683.5)
denovo35 C43_AY589749 330 (689.5)
denovo35 C50_AY589755 328 (683.5)
denovo35 C3.14_HQ630872 327 (689.0)
denovo35 C1m_AY765398 324 (690.5)
denovo35 C82_GU907658 335 (695.0)
denovo35 C82b_GU907660 335 (695.0)
denovo35 C64_AY589768 325 (692.0)
denovo35 C45a_AY765404 331 (691.5)
denovo35 C48_AY589753 328 (704.0)
denovo35 C1_v1b_FJ919244 328 (674.5)
denovo35 C1_v1a_FJ919243 328 (683.5)
denovo35 C3j_AY239366 328 (674.5)
denovo35 C3t_EF541149 331 (691.5)
denovo35 C9_AF499798 326 (696.0)
denovo35 C23_AY239375 327 (708.5)
denovo35 C37_AY258481 333 (680.0)
denovo35 C1048_DQ068026 331 (682.5)
denovo35 C21.4_JF683326 328 (653.5)
denovo35 C21.5_JF683327 328 (653.5)
denovo35 C1070_DQ335349 328 (692.5)
denovo35 C21.6_HQ630873 328 (671.5)
denovo35 C1224_EU074890 328 (701.5)
denovo35 C1.17_HE578990 328 (701.5)
denovo35 C21_b1_FN827162 329 (656.5)
denovo35 C21.9_JF683330 329 (665.5)
denovo35 C1085_AY624605 324 (690.5)
denovo35 C3p_GU907654 328 (668.5)
denovo35 C3f_AY589734 328 (692.5)
denovo35 C65a_AY589770 326 (686.5)
denovo35 C65_AY589769 326 (695.5)
denovo35 C71_AY589775 326 (686.5)
denovo35 C71a_AY589776 326 (677.5)
denovo35 C1178_AB294647 327 (675.0)
denovo35 C1225_EU074893 325 (702.0)
denovo35 C75_AY765410 327 (691.0)
denovo35 C21.10_JF683331 327 (659.5)
denovo35 C21.11_HQ630874 327 (659.5)
denovo35 C1065_DQ335388 328 (692.5)
denovo35 C1045_DQ068036 328 (701.5)
denovo35 C1h_AY258473 327 (689.0)
denovo35 C38_AY258482 327 (680.0)
denovo35 C1202_EU099799 327 (680.0)
denovo35 C7_AF499797 327 (689.0)
denovo35 C12_AF499801 329 (678.5)
denovo35 C38a_AY258483 326 (691.5)
denovo35 C1200_EU099800 315 (688.5)
denovo35 C44a_AY589751 328 (692.0)
denovo35 C47_AY589752 331 (700.5)
denovo35 C44_AY589750 331 (691.5)
denovo35 C1.15_HE578988 328 (683.5)
denovo35 C45.3_FJ461522 331 (682.5)
denovo35 C46a_AY765405 331 (682.5)
denovo35 C46_EU449108 331 (691.5)
denovo35 C3.12_FJ461507 331 (691.5)
denovo35 C1k_AY589733 331 (682.5)
denovo35 C67_AY686647 331 (691.5)
denovo35 C82a_GU907659 327 (698.5)
denovo35 C10a_AY589739 331 (691.5)
denovo35 C10_AF499799 331 (682.5)
denovo35 C13_AY589740 333 (685.5)
denovo35 C4_AF499794 331 (682.5)
denovo35 C1147_EF656433 331 (682.5)
denovo35 C1c/C45_AY239364 331 (691.5)
denovo35 C1c/C45_EU449103 331 (691.5)
denovo35 C21.19_HE579031 328 (662.5)
denovo35 C21.21_HE579033 328 (653.5)
denovo35 C21.20_HE579032 328 (662.5)
denovo35 C42b_AY765403 330 (680.5)
denovo35 C42_AY258487 330 (689.5)
denovo35 C1p_GU907652 328 (683.5)
denovo35 C1d_AY258488 331 (673.5)
denovo35 C42_AY765402 331 (682.5)
denovo35 C3ha_AY589736 328 (653.5)
denovo35 C63a_AY589767 324 (672.5)
denovo35 C21a_AY589744 328 (662.5)
denovo35 C3o_GU907653 327 (660.0)
denovo35 C21.16_HQ630875 328 (653.5)
denovo35 C21.2_JF683324 328 (653.5)
denovo35 C21.7_JF683328 327 (660.0)
denovo35 C21.8_JF683329 328 (662.5)
denovo35 C3h_AY239365 328 (653.5)
denovo35 C1203_EU099798 328 (653.5)
denovo35 C3.10_FJ461505 328 (701.5)
denovo35 C21.14_FJ461516 328 (671.5)
denovo35 C21.18_HE579030 324 (658.5)
denovo35 C3.17_HE579005 328 (683.5)
denovo35 C3.9_FJ461504 328 (680.5)
denovo35 C3.8_FJ461503 328 (692.5)
denovo35 C3.7_FJ461502 328 (683.5)
denovo35 C3.11_FJ461506 335 (695.0)
denovo35 C3.18_HE579006 328 (683.5)
denovo35 C3.19_HE579007 328 (683.5)
denovo35 C3.20_HE579008 328 (683.5)
denovo35 C3g_AY589735 331 (675.5)
denovo35 C3a_AF499790 326 (696.0)
denovo35 C3e_AF499793 328 (683.5)
denovo35 C6_AF499796 335 (703.5)
denovo35 C11_AF499800 328 (683.5)
denovo35 C36_AY258480 328 (701.5)
denovo35 C29_AY258494 328 (701.5)
denovo35 C1146_EF656434 329 (688.0)
denovo35 C1190_EU099841 328 (701.5)
denovo35 C131_JF320826 328 (683.5)
denovo35 C28_AY239380 330 (692.5)
denovo35 C1012_DQ480604 329 (687.0)
denovo35 C1181_AB294640 328 (668.5)
denovo35 C1180_AB294641 328 (686.5)
denovo35 C1179_AB294645 326 (672.0)
denovo35 C1176_AB294651 326 (681.0)
denovo35 C1175_AB294653 328 (668.5)
denovo35 C1174_AB294655 324 (676.0)
denovo35 C1177_AB294659 328 (677.5)
denovo35 C1040_AB190269 330 (689.0)
denovo35 C1182_AB294649 328 (683.5)
denovo35 C1089_AJ278598 328 (683.5)
denovo35 C1028_DQ335357 335 (694.5)
denovo35 C3.16_EU786015 328 (701.5)
denovo35 C1097_AJ311943 327 (677.0)
denovo35 C1170_AB294661 328 (677.5)
denovo35 C21.17_HE579029 328 (673.5)
denovo35 C21/3d/C3k_AY239372 328 (662.5)
denovo35 C58_AY589762 324 (666.0)
denovo35 C3L_AY589738 331 (688.0)
denovo35 C1169_AB294660 328 (677.5)
denovo35 C3.2_FJ461497 328 (686.5)
denovo35 C3.1_JF683321 325 (687.5)
denovo35 C1104_AF427469 329 (682.5)
denovo35 C3b_AF499791 328 (695.5)
denovo35 C83_GU907661 328 (695.0)
denovo35 C49_AY589754 353 (714.0)
denovo35 C3_AB778606 328 (692.5)
denovo35 C3_AF499789 328 (692.5)
denovo35 C3_HE579001 328 (692.5)
denovo35 C21.12_FJ461514 328 (644.5)
denovo35 C1229_EU074888 324 (685.5)
denovo35 C1230_EU074889 324 (694.5)
denovo35 C1114_AB207196 328 (674.5)
denovo35 C3.21_HE579009 328 (614.5)
denovo35 C1057_DQ480619 328 (683.5)
denovo35 C72_AY765407 325 (683.0)
denovo35 C1b.3_HE578999 328 (677.5)
denovo35 C93_AJ621536 328 (683.5)
denovo35 C94_AJ621539 328 (683.5)
denovo35 C1g_AY589730 328 (701.5)
denovo35 C1i_AY589731 321 (691.0)
denovo35 C1j_AY589732 335 (694.5)
denovo35 C1005_DQ480633 328 (683.5)
denovo35 C1.7_FJ461494 328 (683.5)
denovo35 C1.11_HE578984 324 (691.0)
denovo35 C1.12_HE578985 328 (683.5)
denovo35 C1.13_HE578986 328 (692.5)
denovo35 C1.14_HE578987 328 (692.5)
denovo35 C1.18_HE578991 328 (683.5)
denovo35 C1.19_HE578992 328 (683.5)
denovo35 C1199_EU099802 325 (669.0)
denovo35 C1188_EU099838 325 (684.0)
denovo35 C1002_DQ838544 328 (692.5)
denovo35 C1198_EU099810 328 (683.5)
denovo35 C24_AY239376 328 (683.5)
denovo35 C1f_AY258490 328 (692.5)
denovo35 C1006_DQ480629 328 (701.5)
denovo35 C1010_DQ480607 328 (683.5)
denovo35 C1007_DQ480624 328 (683.5)
denovo35 C1011_DQ480605 328 (683.5)
denovo35 C1009_DQ480608 332 (685.5)
denovo35 C1041_AY186548 328 (692.5)
denovo35 C1052_AY186570 328 (683.5)
denovo35 C1148_EU040178 328 (692.5)
denovo35 C1234_EU118165 329 (682.5)
denovo35 C1.5_EF634157 328 (692.5)
denovo35 C1059_DQ480609 328 (683.5)
denovo35 C1228_EU074883 328 (683.5)
denovo35 C1208_EU074963 328 (683.5)
denovo35 C1207_EU074964 328 (692.5)
denovo35 C1206_EU074965 328 (683.5)
denovo35 C1013_DQ480642 328 (683.5)
denovo35 C80_GU907656 335 (678.0)
denovo35 C1a_AF499788 325 (684.0)
denovo35 C41_AY258486 328 (692.5)
denovo35 C39_AY258484 313 (688.0)
denovo35 C1231_EU074878 328 (683.5)
denovo35 C1b.1_HE578997 328 (677.5)
denovo35 C18_AY258478 328 (692.5)
denovo35 C1.10_HE578983 327 (687.0)
denovo35 C1_JN558041 328 (692.5)
denovo35 C1_HE578979 328 (692.5)
denovo35 C1_AM748551 328 (692.5)
denovo35 C1_AF333515 328 (692.5)
denovo35 C1054_AY186565 327 (696.0)
denovo35 C1008_DQ480613 328 (683.5)
denovo35 C1103_AF427470 329 (682.5)
denovo35 C1226_EU074881 329 (682.5)
denovo35 C1b/C1e_AY239363 328 (686.5)
denovo35 C1044_DQ068038 328 (677.5)
denovo35 C1017_DQ174729 329 (676.5)
denovo35 C1.6_FJ461493 328 (701.5)
denovo35 C1b.2_HE578998 328 (677.5)
denovo35 C1060_DQ480600 328 (683.5)
denovo35 C1227_EU074882 328 (683.5)
denovo35 C1197_EU099814 328 (683.5)
denovo35 C1130_DQ480643 328 (578.0)
denovo35 D109_AB097465 359 (503.5)
denovo35 D1.11_HE579040 356 (513.0)
denovo35 D105_AF174570 357 (507.5)
denovo35 D104_AF174572 356 (504.0)
denovo35 D1.3_JF683337 357 (506.5)
denovo35 D1.10_HE579039 356 (504.0)
denovo35 D110_AF174561 356 (504.0)
denovo35 D117_AF174542 356 (504.0)
denovo35 D114_AF174549 356 (513.0)
denovo35 D113_AF174557 356 (504.0)
denovo35 D112_AF174558 358 (510.5)
denovo35 D106_AF174559 356 (513.0)
denovo35 D111_AF174560 356 (512.5)
denovo35 D115_AF174562 356 (504.0)
denovo35 D107_AF174568 355 (510.5)
denovo35 D116_AF174571 360 (497.5)
denovo35 D124_EU074897 350 (513.0)
denovo35 D1.8_HE579037 358 (510.5)
denovo35 D3_AY686650 356 (513.0)
denovo35 D1.6_HQ630881 356 (504.0)
denovo35 D120_EU074900 356 (504.0)
denovo35 D121_EU074904 360 (506.5)
denovo35 D122_EU074905 356 (504.0)
denovo35 D1a.2_JF683339 362 (505.5)
denovo35 D1a.1_JF683338 350 (513.0)
denovo35 D2_AY686649 589 (579.5)
denovo35 D4_DQ865214 359 (510.0)
denovo35 D1a_AF499802 356 (513.0)
denovo35 D1a_JN558078 356 (513.0)
denovo35 D123_EU074895 356 (513.0)
denovo35 D108_AF174567 352 (510.0)
denovo35 D103_AF174575 356 (513.0)
denovo35 D100_AF411415 352 (510.0)
denovo35 D118_EF656435 350 (522.0)
denovo35 D101_AF411416 352 (495.0)
denovo35 D119_EU099832 355 (503.5)
denovo35 D102_AF174573 355 (513.5)
denovo35 D1_AF334660 356 (513.0)
denovo35 D1_JN558076 356 (513.0)
denovo35 D1.12_HE579041 336 (508.0)
denovo35 D1.1_AM748564 416 (532.5)
denovo35 D1.2_AM748617 440 (531.0)
denovo35 E111_EU074915 355 (487.0)
denovo35 E110_EU074914 358 (495.5)
denovo35 E114_EU074909 358 (477.5)
denovo35 E1_AF334659 359 (485.5)
denovo35 E105_EU074921 358 (495.5)
denovo35 E112_EU074916 358 (477.5)
denovo35 E104_EU074922 358 (486.5)
denovo35 E102_EU074924 358 (477.5)
denovo35 E103_EU074923 358 (486.5)
denovo35 E101_AY160123 363 (461.5)
denovo35 E109_EU074913 351 (501.5)
denovo35 E100_DQ011618 355 (511.5)
denovo35 E108_EU074912 355 (502.5)
denovo35 E113_EU074908 351 (512.5)
denovo35 E107_EU074910 355 (502.5)
denovo35 F1_JN558066 330 (635.5)
denovo35 F5.2d_AJ291530 328 (666.5)
denovo35 F104_AJ291531 328 (666.5)
denovo35 F5.2c_AM748596 328 (658.0)
denovo35 F5.2_AM748594 328 (657.5)
denovo35 F5.2a_AM748614 328 (657.5)
denovo35 F5.2b_AM748595 328 (657.5)
denovo35 F5.2e_AJ291533 329 (643.0)
denovo35 F5.2g_JN558072 328 (666.0)
denovo35 F5.2f_AJ291512 328 (657.0)
denovo35 F102_AJ291534 328 (657.0)
denovo35 F5.1c_AM748593 330 (681.0)
denovo35 F5.1d_JN558069 333 (643.5)
denovo35 F5.1b_AJ291535 329 (669.5)
denovo35 F5.1_AM748592 331 (666.0)
denovo35 F5.1a_AM748591 329 (669.5)
denovo35 F110_AJ291526 321 (743.5)
denovo35 F4.7_AM748587 323 (726.0)
denovo35 F4.5_AM748585 322 (719.0)
denovo35 F4.4a_AM748583 318 (744.5)
denovo35 F4.4_AM748582 323 (747.0)
denovo35 F4.4b_AM748584 316 (763.5)
denovo35 F4.1a_AM748573 325 (699.0)
denovo35 F112_AJ291528 322 (693.0)
denovo35 F4.1_AM748572 322 (693.0)
denovo35 F4.8b_AM748590 324 (742.5)
denovo35 F4.8_AM748588 315 (743.0)
denovo35 F4.8a_AM748589 315 (743.0)
denovo35 F109_AJ291527 321 (747.5)
denovo35 F4.6_AM748586 322 (701.5)
denovo35 F111_AJ311949 312 (740.5)
denovo35 F4.3c_AM748581 314 (745.5)
denovo35 F4.3a_AM748579 315 (750.0)
denovo35 F4.3b_AM748580 316 (752.0)
denovo35 F4.3_AM748578 316 (743.0)
denovo35 F4.2_AM748574 322 (755.5)
denovo35 F4.2a_AM748575 322 (732.0)
denovo35 F4.2c_AM748577 322 (728.5)
denovo35 F4.2b_AM748576 322 (741.0)
denovo35 F2b_AJ291521 333 (687.0)
denovo35 F2_AJ830908 329 (712.0)
denovo35 F2a_AJ830911 329 (707.5)
denovo35 F3.1a_AM748566 340 (674.0)
denovo35 F114_AJ291525 340 (683.5)
denovo35 F3.1_AM748565 340 (683.5)
denovo35 F3.2_AM748567 348 (706.0)
denovo35 F3.2a_AM748568 348 (699.5)
denovo35 F3.3_AM748569 340 (688.0)
denovo35 F3.4a_AM748571 338 (646.0)
denovo35 F3.4_AM748570 334 (652.0)
denovo35 F3.4b_AM748616 334 (652.0)
denovo35 G101_AJ291539 366 (541.0)
denovo35 G1_AM748597 366 (541.0)
denovo35 G2b_JN558087 364 (535.5)
denovo35 G2_AM748598 365 (529.5)
denovo35 G2a_AM748599 365 (520.5)
denovo35 G4_AM748601 355 (570.0)
denovo35 G3.4_LK392378 354 (522.5)
denovo35 G3_AM748600 356 (545.0)
denovo35 G3.2_KC597694 351 (482.0)
denovo35 G3.1_KC597688 355 (549.5)
denovo35 G100_AB253788 355 (532.0)
denovo35 G3.3_LK392377 355 (540.0)
denovo35 H6_AJ291520 635 (315.5)
denovo35 H3_AM748606 324 (543.5)
denovo35 H2_AM748605 335 (566.5)
denovo35 H4_AM748607 332 (551.5)
denovo35 H4a_AM748608 342 (550.0)
denovo35 H5a_AM748611 340 (530.5)
denovo35 H5b_AM748610 343 (529.0)
denovo35 H5_AJ621129 340 (530.5)
denovo35 H5_AM748609 340 (530.5)
denovo35 H100_AJ291513 339 (526.0)
denovo35 H1b_AM748604 339 (521.5)
denovo35 H1a_AM748612 339 (530.0)
denovo35 H1_AJ621152 339 (530.0)
denovo35 H1_AM748602 339 (530.0)
denovo35 I3_FN561561 335 (749.5)
denovo35 I4_FN561562 335 (749.5)
denovo35 I1_FN561559 334 (746.0)
denovo35 I2_FN561560 339 (751.5)

#---------------------------------------
#---------------------------------------
