denovo39 A136_DQ865210 333 (507.0)
denovo39 A133_DQ174725 322 (517.5)
denovo39 A115_AF180123 340 (478.5)
denovo39 A117_AF201746 339 (537.0)
denovo39 A134_DQ174723 338 (542.5)
denovo39 A114_AF184941 339 (537.0)
denovo39 A135_DQ174727 345 (527.0)
denovo39 A2_AF333506 345 (550.5)
denovo39 A101_AF427468 345 (536.0)
denovo39 A2_1_JN558097 345 (536.0)
denovo39 A2_2_JN558100 345 (536.0)
denovo39 A113_AF184948 331 (517.0)
denovo39 A112_AF184949 332 (528.0)
denovo39 A123_EF378618 334 (384.5)
denovo39 A137_EF378621 334 (385.0)
denovo39 A11_EU449041 330 (528.5)
denovo39 A121_DQ174722 326 (519.5)
denovo39 A15b_EU792886 325 (493.0)
denovo39 A15a_EU792885 329 (506.0)
denovo39 A15c_EU792887 330 (509.0)
denovo39 A15_EU792884 325 (502.0)
denovo39 A147_EU074937 328 (537.5)
denovo39 A154_EU074860 328 (519.5)
denovo39 A146_EU074936 331 (536.5)
denovo39 A150_EU074928 331 (545.5)
denovo39 A116_AF183575 332 (540.5)
denovo39 A141_EU074931 331 (545.5)
denovo39 A5_AF333508 327 (541.0)
denovo39 A3b_EU449043 326 (541.5)
denovo39 A151_EU074925 330 (534.0)
denovo39 A152_EU074927 329 (531.5)
denovo39 A149_EU074929 328 (528.5)
denovo39 A140_EU074930 328 (528.5)
denovo39 A142_EU074932 328 (528.5)
denovo39 A143_EU074933 327 (534.0)
denovo39 A144_EU074934 328 (537.5)
denovo39 A145_EU074935 328 (546.5)
denovo39 A148_EU074938 331 (538.0)
denovo39 A155_EU074856 328 (537.5)
denovo39 A156_EU074859 328 (528.5)
denovo39 A139_EU074962 328 (546.5)
denovo39 A6_AF186058 328 (537.5)
denovo39 A3_AF333507 328 (537.5)
denovo39 A3_JN558091 328 (537.5)
denovo39 A8_AY258468 329 (533.0)
denovo39 A7_AY239360 324 (534.5)
denovo39 A16_EU792888 325 (538.5)
denovo39 A4.3_FN429763 339 (530.0)
denovo39 A120_AF180122 333 (532.5)
denovo39 A4.2_FN429761 337 (531.5)
denovo39 A4_AF333509 337 (550.5)
denovo39 A4.1_FN429760 336 (545.5)
denovo39 A4a_AF499778 337 (550.5)
denovo39 A4a.1_FN429762 337 (550.5)
denovo39 A138_EF378620 331 (521.5)
denovo39 A122_EF378619 331 (552.0)
denovo39 A126_EF378615 330 (553.0)
denovo39 A10_EU792882 330 (553.0)
denovo39 A9_EU449028 335 (536.0)
denovo39 A105_AB207202 334 (533.0)
denovo39 A119_AF180121 332 (545.0)
denovo39 A12_EU792883 336 (538.5)
denovo39 A104_AB207203 333 (547.0)
denovo39 A1a_EU449030 335 (544.5)
denovo39 A1.3_HE578976 335 (545.0)
denovo39 A1.4_HE578977 337 (541.5)
denovo39 A13_AF333504 335 (545.0)
denovo39 A13_JN558094 335 (545.0)
denovo39 A110_AB190282 339 (539.0)
denovo39 A103_AB207206 335 (545.0)
denovo39 A130_EF656428 335 (536.0)
denovo39 A127_EF656429 335 (545.0)
denovo39 A128_EF656430 335 (536.0)
denovo39 A129_EF656431 335 (536.0)
denovo39 A131_EF656432 340 (551.0)
denovo39 A118_AF180120 331 (536.5)
denovo39 A1_AF333505 335 (545.0)
denovo39 A107_AB207199 333 (548.0)
denovo39 A111_AB190280 333 (548.0)
denovo39 A108_AB207197 337 (526.5)
denovo39 A106_AB207200 332 (543.0)
denovo39 A102_AB207209 334 (541.5)
denovo39 A1.2_AB207210 334 (541.5)
denovo39 A109_AB190285 334 (550.5)
denovo39 B4_AF333510 318 (699.5)
denovo39 B23_EU449079 325 (600.0)
denovo39 B30_GU907644 336 (596.0)
denovo39 B11_AY239361 332 (646.0)
denovo39 B17_AY258470 336 (637.5)
denovo39 B1k_GU907638 303 (328.0)
denovo39 B1.V_Green2014 330 (614.0)
denovo39 B1b_AF499780 324 (634.5)
denovo39 B16_AY258469 325 (634.5)
denovo39 B31a_GU907646 330 (639.5)
denovo39 B32_GU907647 330 (639.5)
denovo39 B31_GU907645 330 (648.5)
denovo39 B1j_GU907637 330 (657.5)
denovo39 B37_GU907650 339 (649.5)
denovo39 B5a_AF499782 329 (636.0)
denovo39 B5_AF499781 329 (645.0)
denovo39 B24_GU907643 331 (526.5)
denovo39 B117_AF180124 331 (624.0)
denovo39 B10_AF499787 329 (646.0)
denovo39 B20_GU907642 330 (644.5)
denovo39 B1m_GU907640 330 (648.5)
denovo39 B34_GU907649 330 (648.5)
denovo39 B1d_GU907633 330 (649.0)
denovo39 B1e_GU907634 330 (649.0)
denovo39 B1i_GU907636 330 (648.5)
denovo39 B1g_GU907635 333 (635.0)
denovo39 B123_EU074872 330 (640.0)
denovo39 B8_AF499785 331 (639.0)
denovo39 B1l_GU907639 330 (639.5)
denovo39 B1a_AF499779 330 (648.5)
denovo39 B14_AY239362 331 (629.5)
denovo39 B125_EU074865 330 (639.5)
denovo39 B122_EU074871 330 (648.5)
denovo39 B124_EU074874 330 (639.5)
denovo39 B1.VII_Green2014 330 (578.0)
denovo39 B1.III_Green2014 326 (620.0)
denovo39 B1.I_Green2014 330 (648.5)
denovo39 B1.II_Green2014 330 (648.5)
denovo39 B1_JN558057 330 (648.5)
denovo39 B1_AF333511 330 (648.5)
denovo39 B1.IV_Green2014 341 (647.0)
denovo39 B121_EU074870 331 (650.5)
denovo39 B7_AF499784 330 (657.5)
denovo39 B1.VI_Green2014 326 (646.5)
denovo39 B3_AF333514 329 (641.5)
denovo39 B9_AF499786 325 (647.5)
denovo39 B19a_JN558055 322 (594.0)
denovo39 B119_EU099825 332 (603.0)
denovo39 B21_DQ865213 322 (617.5)
denovo39 B38_GU907651 322 (617.5)
denovo39 B18_AY258471 329 (632.5)
denovo39 B18a_AY258472 329 (632.5)
denovo39 B33_GU907648 325 (629.0)
denovo39 B6_AF499783 326 (632.0)
denovo39 B19_DQ865212 325 (630.0)
denovo39 B19_GU907641 325 (630.0)
denovo39 B2_AF333512 325 (639.0)
denovo39 B2_JN558060 325 (639.0)
denovo39 C33.1_AY258498 302 (1266.5)
denovo39 C33.2_AY765400 302 (1266.5)
denovo39 C33a_EF541147 302 (1266.5)
denovo39 C34_AY258499 302 (1275.5)
denovo39 C78_AY765413 302 (1239.5)
denovo39 C15.29_KC597690 304 (1253.5)
denovo39 C1131_DQ182650 302 (1193.5)
denovo39 C1135_DQ182646 302 (1184.5)
denovo39 C1134_DQ182647 302 (1184.5)
denovo39 C1142_DQ182635 302 (1193.5)
denovo39 C1136_DQ182644 302 (1155.0)
denovo39 C1111_DQ182645 302 (1155.0)
denovo39 C1236_EF473656 302 (1164.0)
denovo39 C1138_DQ182642 302 (1164.0)
denovo39 C1137_DQ182643 302 (1164.0)
denovo39 C1133_DQ182648 302 (1164.0)
denovo39 C1132_DQ182649 302 (1164.0)
denovo39 C1143_DQ182634 302 (1173.0)
denovo39 C1139_DQ182639 302 (1211.5)
denovo39 C15.28_KC597687 302 (1248.5)
denovo39 C1141_DQ182636 302 (1211.5)
denovo39 C1144_DQ182637 302 (1202.5)
denovo39 C1122_DQ182654 303 (1213.5)
denovo39 C1127_DQ182652 302 (1211.5)
denovo39 C15.30_JX394114 302 (1257.5)
denovo39 C15.26_KC597686 302 (1266.5)
denovo39 C1086_DQ182656 302 (1266.5)
denovo39 C15.25_KC597685 302 (1275.5)
denovo39 C1118_AF180127 302 (1172.5)
denovo39 C1129_DQ182651 302 (1238.5)
denovo39 C15.21_KC597683 302 (1284.5)
denovo39 C56_AY589760 302 (1275.5)
denovo39 C1140_DQ182638 302 (1238.5)
denovo39 C1126_DQ182653 302 (1229.5)
denovo39 C15c_AY258492 302 (1284.5)
denovo39 C15d_AY258493 302 (1275.5)
denovo39 C1098_DQ182641 302 (1255.0)
denovo39 C15.27_KC597689 302 (1284.5)
denovo39 C15.18_HE579024 302 (1284.5)
denovo39 C15.16_HE579022 302 (1284.5)
denovo39 C1101_AB253787 302 (1284.5)
denovo39 C1083_AY237300 302 (1284.5)
denovo39 C1088_DQ182640 302 (1284.5)
denovo39 C15.6_FN563472 302 (1293.5)
denovo39 C15.5_FJ461512 302 (1302.5)
denovo39 C15.4_FJ461511 302 (1302.5)
denovo39 C15.13_HE579019 302 (1284.5)
denovo39 C15.12_HE579018 302 (1293.5)
denovo39 C93a_AM748563 302 (1302.5)
denovo39 C1094_AJ291514 302 (1284.5)
denovo39 C93_AM748562 302 (1293.5)
denovo39 C15.17_HE579023 301 (1303.0)
denovo39 C15e_AY589742 302 (1278.5)
denovo39 C15.22_KC597695 302 (1293.5)
denovo39 C60_AY589764 302 (1293.5)
denovo39 C15.1_FJ461508 302 (1293.5)
denovo39 C15.2_FJ461509 302 (1293.5)
denovo39 C15.9_FN563475 302 (1293.5)
denovo39 C15.7_HE579015 302 (1293.5)
denovo39 C15.8_HE579016 302 (1293.5)
denovo39 C15.15_HE579021 302 (1293.5)
denovo39 C15.19_HE579025 302 (1293.5)
denovo39 C15.24_KC597696 302 (1293.5)
denovo39 C15.3_FJ461510 302 (1302.5)
denovo39 C1087_DQ182655 302 (1293.5)
denovo39 C15.14_HE579020 303 (1283.5)
denovo39 C15.23_KC597697 303 (1283.5)
denovo39 C19_AY258479 302 (1288.0)
denovo39 C1233_EU118166 302 (1293.5)
denovo39 C15b_AY258491 302 (1293.5)
denovo39 C15a_AY258476 302 (1311.5)
denovo39 C1051_AF195153 302 (1311.5)
denovo39 C2_AF333518 303 (1301.5)
denovo39 C15.20_HE579026 303 (1292.5)
denovo39 C15f_AY589743 303 (1292.5)
denovo39 C55_AY589759 306 (1291.0)
denovo39 C15_AY239369 302 (1302.5)
denovo39 C32.1_JF683335 301 (1197.5)
denovo39 C32.2_JF683336 304 (1213.5)
denovo39 C21.23_KC597693 304 (1213.5)
denovo39 C1193_EU099827 303 (1283.5)
denovo39 C1195_EU099821 310 (1244.0)
denovo39 C3q_GU907655 296 (1287.5)
denovo39 C53_AY589758 302 (1275.5)
denovo39 C73_AY765408 300 (1294.0)
denovo39 C17.2.1_KC597684 296 (1317.0)
denovo39 C32_AY258497 295 (1315.5)
denovo39 C1189_EU099831 295 (1324.5)
denovo39 C1191_EU099833 295 (1315.5)
denovo39 C1196_EU099819 295 (1324.5)
denovo39 C1192_EU099820 295 (1324.5)
denovo39 C17.1_JF683322 295 (1333.5)
denovo39 C26_b2_FN827164 295 (1339.0)
denovo39 C26_b3_FN827165 295 (1330.0)
denovo39 C31.9_HQ630879 296 (1344.0)
denovo39 C31a_AY589746 297 (1334.5)
denovo39 C30_AY589745 297 (1334.5)
denovo39 C31.1_HQ630876 297 (1334.5)
denovo39 C31.5_HQ630877 297 (1334.5)
denovo39 C31.6_HQ630878 297 (1334.5)
denovo39 C31.2_JF683332 297 (1334.5)
denovo39 C31.3_JF683333 297 (1334.5)
denovo39 C26/C35a_AY239378 295 (1339.0)
denovo39 C35a_AY258501 295 (1339.0)
denovo39 C35.2_AY258500 295 (1348.0)
denovo39 C26_b1_FN827163 295 (1348.0)
denovo39 C17_AY239370 295 (1342.5)
denovo39 C17.2_FJ461513 295 (1363.0)
denovo39 C31.10_HQ630880 296 (1353.0)
denovo39 C31.4_JF683334 301 (1332.0)
denovo39 C31_AY258496 297 (1343.5)
denovo39 C25_AY239377 304 (1265.0)
denovo39 C61_AY589765 297 (1272.0)
denovo39 C1043_DQ072721 302 (1288.5)
denovo39 C79_AY765414 302 (1284.5)
denovo39 C69_AY589773 303 (1197.0)
denovo39 C69a_AY686648 303 (1188.0)
denovo39 C21.22_KC597692 295 (1306.5)
denovo39 C51_AY589756 302 (1293.5)
denovo39 C1aa_HM185739 302 (1258.5)
denovo39 C1096_DQ068023 302 (1263.5)
denovo39 C74_AY765409 303 (1283.5)
denovo39 C1185_AB294629 303 (1292.5)
denovo39 C1184_AB294630 303 (1292.5)
denovo39 C1153_AB294625 303 (1292.5)
denovo39 C1154_AB294626 303 (1292.5)
denovo39 C1187_AB294627 303 (1292.5)
denovo39 C1186_AB294628 303 (1292.5)
denovo39 C57_AY589761 303 (1301.5)
denovo39 C66_AY589771 303 (1301.5)
denovo39 C5_AF499795 302 (1302.5)
denovo39 C1167_AB294586 302 (1302.5)
denovo39 C1164_AB294593 302 (1302.5)
denovo39 C1183_AB294631 302 (1302.5)
denovo39 C1067_DQ335381 302 (1302.5)
denovo39 C1159_AB294613 303 (1292.5)
denovo39 C1150_AB294622 303 (1301.5)
denovo39 C90_AM748554 304 (1319.0)
denovo39 C1168_AB294583 302 (1302.5)
denovo39 C1156_AB294616 302 (1302.5)
denovo39 C1151_AB294621 302 (1320.5)
denovo39 C92a_AM748561 302 (1302.5)
denovo39 C92_AM748560 302 (1311.5)
denovo39 C1165_AB294581 302 (1311.5)
denovo39 C1166_AB294584 302 (1311.5)
denovo39 C1162_AB294594 302 (1311.5)
denovo39 C1163_AB294596 302 (1311.5)
denovo39 C1161_AB294606 302 (1311.5)
denovo39 C1160_AB294608 302 (1311.5)
denovo39 C1158_AB294614 302 (1311.5)
denovo39 C1155_AB294617 302 (1311.5)
denovo39 C1149_AB294620 302 (1311.5)
denovo39 C1173_AB294662 302 (1311.5)
denovo39 C1171_AB294663 302 (1311.5)
denovo39 C1172_AB294665 302 (1311.5)
denovo39 C91a_AM748556 302 (1311.5)
denovo39 C91b_AM748557 302 (1311.5)
denovo39 C91d_AM748559 302 (1311.5)
denovo39 C91c_AM748558 302 (1311.5)
denovo39 C91_AJ621543 302 (1320.5)
denovo39 C91_AM748555 302 (1320.5)
denovo39 C1023_DQ335330 302 (1074.5)
denovo39 C1020_DQ335392 302 (1320.5)
denovo39 C1018_DQ335408 302 (1320.5)
denovo39 C1074_DQ335329 302 (1320.5)
denovo39 C1030_DQ335353 302 (1320.5)
denovo39 C1022_DQ335331 302 (1320.5)
denovo39 C1027_DQ335360 302 (1320.5)
denovo39 C1072_DQ335344 302 (1320.5)
denovo39 C1039_AB190274 302 (1320.5)
denovo39 C1033_DQ335350 307 (1317.5)
denovo39 C1019_DQ335407 302 (1329.5)
denovo39 C1194_EU099826 301 (1285.0)
denovo39 C8b_AY258475 302 (1269.5)
denovo39 C8_AY239367 302 (1293.5)
denovo39 C8a_AY239368 302 (1284.5)
denovo39 C54a_AY765406 302 (1320.5)
denovo39 C3ff_HM185740 302 (1320.5)
denovo39 C59_AY589763 304 (1273.5)
denovo39 C3k_AY589737 302 (1302.5)
denovo39 C3.24_HE579012 302 (1284.5)
denovo39 C3.23_HE579011 302 (1293.5)
denovo39 C35.1_AY765401 302 (1302.5)
denovo39 C35.3_EF541145 302 (1311.5)
denovo39 C76_AY765411 302 (1281.5)
denovo39 C1107_DQ335359 302 (1279.5)
denovo39 C3.22_HE579010 304 (1301.0)
denovo39 C77_AY765412 304 (1286.0)
denovo39 C20_AY239371 302 (1329.5)
denovo39 C1055_DQ480640 303 (1292.5)
denovo39 C27/C30_AY239379 295 (1339.0)
denovo39 C27.1_FJ461517 295 (1330.0)
denovo39 C40a_AY589747 302 (1311.5)
denovo39 C40_AY258485 302 (1320.5)
denovo39 C40b_AY589748 303 (1310.5)
denovo39 C16_AY258477 302 (1320.5)
denovo39 C16a_AY765399 302 (1311.5)
denovo39 C1091_AB207186 302 (1311.5)
denovo39 C1102_DQ335400 302 (1302.5)
denovo39 C1069_DQ335375 302 (1302.5)
denovo39 C1073_DQ335332 302 (1311.5)
denovo39 C1066_DQ335382 302 (1302.5)
denovo39 C1031_DQ335352 302 (1320.5)
denovo39 C1026_DQ335366 302 (1329.5)
denovo39 C70_AY589774 302 (1329.5)
denovo39 C1082_AB190267 302 (1311.5)
denovo39 C1078_AB190271 302 (1311.5)
denovo39 C1090_AB207191 302 (1311.5)
denovo39 C1071_DQ335302 302 (1311.5)
denovo39 C1075_DQ335328 302 (1311.5)
denovo39 C1068_DQ335379 302 (1311.5)
denovo39 C1064_DQ335395 302 (1311.5)
denovo39 C1063_DQ335403 302 (1311.5)
denovo39 C62_AY589766 302 (1320.5)
denovo39 C1077_DQ335316 302 (1326.0)
denovo39 C1109_DQ335338 302 (1320.5)
denovo39 C1110_DQ335340 302 (1311.5)
denovo39 C1106_DQ335339 302 (1302.5)
denovo39 C1112_DQ335319 302 (1311.5)
denovo39 C1108_DQ335351 302 (1302.5)
denovo39 C1105_DQ335394 302 (1311.5)
denovo39 C1121_DQ335378 302 (1293.5)
denovo39 C1116_AB190268 302 (1302.5)
denovo39 C1115_AB190273 302 (1293.5)
denovo39 C1124_DQ335323 302 (1293.5)
denovo39 C1120_DQ335398 302 (1293.5)
denovo39 C1119_DQ335404 302 (1293.5)
denovo39 C1123_DQ335363 302 (1302.5)
denovo39 C1004_DQ480635 302 (1302.5)
denovo39 C1061_AY186568 302 (1302.5)
denovo39 C1053_AY186569 302 (1302.5)
denovo39 C1003_DQ480639 302 (1311.5)
denovo39 C81_GU907657 306 (1169.5)
denovo39 C22_AY239373 302 (1292.0)
denovo39 C22a_AY239374 302 (1283.0)
denovo39 C1232_EU118163 302 (1311.5)
denovo39 C21.13_FJ461515 295 (1315.5)
denovo39 C21.1_JF683323 295 (1324.5)
denovo39 C21.3_JF683325 295 (1333.5)
denovo39 C1.20_HE578993 302 (1302.5)
denovo39 C1.22_HE578995 302 (1293.5)
denovo39 C52_AY589757 302 (1296.5)
denovo39 C1201_EU099793 304 (1276.5)
denovo39 C14_AY589741 301 (1285.0)
denovo39 C43_AY589749 302 (1293.5)
denovo39 C50_AY589755 302 (1320.5)
denovo39 C3.14_HQ630872 302 (1320.5)
denovo39 C1m_AY765398 302 (1311.5)
denovo39 C82_GU907658 302 (1293.5)
denovo39 C82b_GU907660 302 (1293.5)
denovo39 C64_AY589768 302 (1311.5)
denovo39 C45a_AY765404 302 (1293.5)
denovo39 C48_AY589753 304 (1319.0)
denovo39 C1_v1b_FJ919244 302 (1311.5)
denovo39 C1_v1a_FJ919243 302 (1320.5)
denovo39 C3j_AY239366 302 (1320.5)
denovo39 C3t_EF541149 302 (1329.5)
denovo39 C9_AF499798 302 (1302.5)
denovo39 C23_AY239375 302 (1311.5)
denovo39 C37_AY258481 302 (1302.5)
denovo39 C1048_DQ068026 302 (1302.5)
denovo39 C21.4_JF683326 295 (1333.5)
denovo39 C21.5_JF683327 295 (1342.5)
denovo39 C1070_DQ335349 302 (1320.5)
denovo39 C21.6_HQ630873 295 (1342.5)
denovo39 C1224_EU074890 302 (1311.5)
denovo39 C1.17_HE578990 302 (1320.5)
denovo39 C21_b1_FN827162 295 (1333.5)
denovo39 C21.9_JF683330 295 (1342.5)
denovo39 C1085_AY624605 302 (1320.5)
denovo39 C3p_GU907654 302 (1305.5)
denovo39 C3f_AY589734 302 (1329.5)
denovo39 C65a_AY589770 302 (1320.5)
denovo39 C65_AY589769 302 (1329.5)
denovo39 C71_AY589775 302 (1320.5)
denovo39 C71a_AY589776 302 (1311.5)
denovo39 C1178_AB294647 302 (1305.5)
denovo39 C1225_EU074893 302 (1320.5)
denovo39 C75_AY765410 302 (1320.5)
denovo39 C21.10_JF683331 295 (1333.5)
denovo39 C21.11_HQ630874 295 (1342.5)
denovo39 C1065_DQ335388 302 (1320.5)
denovo39 C1045_DQ068036 302 (1329.5)
denovo39 C1h_AY258473 302 (1320.5)
denovo39 C38_AY258482 302 (1320.5)
denovo39 C1202_EU099799 302 (1320.5)
denovo39 C7_AF499797 302 (1329.5)
denovo39 C12_AF499801 304 (1319.0)
denovo39 C38a_AY258483 303 (1310.5)
denovo39 C1200_EU099800 302 (1265.0)
denovo39 C44a_AY589751 302 (1302.5)
denovo39 C47_AY589752 302 (1302.5)
denovo39 C44_AY589750 302 (1311.5)
denovo39 C1.15_HE578988 302 (1320.5)
denovo39 C45.3_FJ461522 302 (1311.5)
denovo39 C46a_AY765405 302 (1311.5)
denovo39 C46_EU449108 302 (1311.5)
denovo39 C3.12_FJ461507 302 (1329.5)
denovo39 C1k_AY589733 302 (1311.5)
denovo39 C67_AY686647 302 (1311.5)
denovo39 C82a_GU907659 302 (1311.5)
denovo39 C10a_AY589739 302 (1302.5)
denovo39 C10_AF499799 302 (1311.5)
denovo39 C13_AY589740 308 (1299.0)
denovo39 C4_AF499794 302 (1311.5)
denovo39 C1147_EF656433 302 (1311.5)
denovo39 C1c/C45_AY239364 302 (1320.5)
denovo39 C1c/C45_EU449103 302 (1320.5)
denovo39 C21.19_HE579031 295 (1333.5)
denovo39 C21.21_HE579033 295 (1315.5)
denovo39 C21.20_HE579032 295 (1324.5)
denovo39 C42b_AY765403 302 (1293.5)
denovo39 C42_AY258487 302 (1302.5)
denovo39 C1p_GU907652 302 (1320.5)
denovo39 C1d_AY258488 302 (1302.5)
denovo39 C42_AY765402 302 (1311.5)
denovo39 C3ha_AY589736 295 (1333.5)
denovo39 C63a_AY589767 295 (1354.0)
denovo39 C21a_AY589744 295 (1342.5)
denovo39 C3o_GU907653 295 (1342.5)
denovo39 C21.16_HQ630875 295 (1342.5)
denovo39 C21.2_JF683324 295 (1342.5)
denovo39 C21.7_JF683328 295 (1342.5)
denovo39 C21.8_JF683329 295 (1342.5)
denovo39 C3h_AY239365 295 (1360.5)
denovo39 C1203_EU099798 295 (1342.5)
denovo39 C3.10_FJ461505 302 (1329.5)
denovo39 C21.14_FJ461516 295 (1342.5)
denovo39 C21.18_HE579030 299 (1351.5)
denovo39 C3.17_HE579005 302 (1329.5)
denovo39 C3.9_FJ461504 302 (1299.5)
denovo39 C3.8_FJ461503 302 (1329.5)
denovo39 C3.7_FJ461502 302 (1329.5)
denovo39 C3.11_FJ461506 302 (1329.5)
denovo39 C3.18_HE579006 302 (1329.5)
denovo39 C3.19_HE579007 302 (1329.5)
denovo39 C3.20_HE579008 302 (1329.5)
denovo39 C3g_AY589735 304 (1319.0)
denovo39 C3a_AF499790 302 (1329.5)
denovo39 C3e_AF499793 302 (1329.5)
denovo39 C6_AF499796 302 (1320.5)
denovo39 C11_AF499800 302 (1329.5)
denovo39 C36_AY258480 302 (1329.5)
denovo39 C29_AY258494 302 (1329.5)
denovo39 C1146_EF656434 302 (1329.5)
denovo39 C1190_EU099841 302 (1329.5)
denovo39 C131_JF320826 302 (1329.5)
denovo39 C28_AY239380 304 (1319.0)
denovo39 C1012_DQ480604 302 (1329.5)
denovo39 C1181_AB294640 302 (1314.5)
denovo39 C1180_AB294641 302 (1314.5)
denovo39 C1179_AB294645 302 (1314.5)
denovo39 C1176_AB294651 302 (1314.5)
denovo39 C1175_AB294653 302 (1314.5)
denovo39 C1174_AB294655 302 (1314.5)
denovo39 C1177_AB294659 302 (1314.5)
denovo39 C1040_AB190269 302 (1329.5)
denovo39 C1182_AB294649 302 (1329.5)
denovo39 C1089_AJ278598 302 (1329.5)
denovo39 C1028_DQ335357 302 (1329.5)
denovo39 C3.16_EU786015 302 (1329.5)
denovo39 C1097_AJ311943 303 (1319.5)
denovo39 C1170_AB294661 302 (1323.5)
denovo39 C21.17_HE579029 297 (1341.0)
denovo39 C21/3d/C3k_AY239372 295 (1351.5)
denovo39 C58_AY589762 296 (1341.5)
denovo39 C3L_AY589738 305 (1297.5)
denovo39 C1169_AB294660 302 (1323.5)
denovo39 C3.2_FJ461497 301 (1339.0)
denovo39 C3.1_JF683321 302 (1323.5)
denovo39 C1104_AF427469 303 (1328.5)
denovo39 C3b_AF499791 302 (1323.5)
denovo39 C83_GU907661 304 (1328.0)
denovo39 C49_AY589754 341 (1330.0)
denovo39 C3_AB778606 302 (1338.5)
denovo39 C3_AF499789 302 (1338.5)
denovo39 C3_HE579001 302 (1338.5)
denovo39 C21.12_FJ461514 295 (1333.5)
denovo39 C1229_EU074888 302 (1262.0)
denovo39 C1230_EU074889 302 (1271.0)
denovo39 C1114_AB207196 302 (1320.5)
denovo39 C3.21_HE579009 302 (1234.0)
denovo39 C1057_DQ480619 302 (1311.5)
denovo39 C72_AY765407 302 (1293.0)
denovo39 C1b.3_HE578999 301 (1321.0)
denovo39 C93_AJ621536 302 (1329.5)
denovo39 C94_AJ621539 302 (1320.5)
denovo39 C1g_AY589730 302 (1320.5)
denovo39 C1i_AY589731 302 (1311.5)
denovo39 C1j_AY589732 302 (1320.5)
denovo39 C1005_DQ480633 302 (1320.5)
denovo39 C1.7_FJ461494 302 (1320.5)
denovo39 C1.11_HE578984 302 (1320.5)
denovo39 C1.12_HE578985 302 (1320.5)
denovo39 C1.13_HE578986 302 (1320.5)
denovo39 C1.14_HE578987 302 (1320.5)
denovo39 C1.18_HE578991 302 (1320.5)
denovo39 C1.19_HE578992 302 (1320.5)
denovo39 C1199_EU099802 302 (1296.5)
denovo39 C1188_EU099838 302 (1311.5)
denovo39 C1002_DQ838544 302 (1329.5)
denovo39 C1198_EU099810 302 (1320.5)
denovo39 C24_AY239376 302 (1311.5)
denovo39 C1f_AY258490 302 (1320.5)
denovo39 C1006_DQ480629 302 (1320.5)
denovo39 C1010_DQ480607 302 (1320.5)
denovo39 C1007_DQ480624 302 (1311.5)
denovo39 C1011_DQ480605 302 (1320.5)
denovo39 C1009_DQ480608 302 (1320.5)
denovo39 C1041_AY186548 302 (1311.5)
denovo39 C1052_AY186570 302 (1320.5)
denovo39 C1148_EU040178 302 (1320.5)
denovo39 C1234_EU118165 303 (1310.5)
denovo39 C1.5_EF634157 302 (1320.5)
denovo39 C1059_DQ480609 302 (1320.5)
denovo39 C1228_EU074883 302 (1320.5)
denovo39 C1208_EU074963 302 (1320.5)
denovo39 C1207_EU074964 302 (1320.5)
denovo39 C1206_EU074965 302 (1320.5)
denovo39 C1013_DQ480642 302 (1311.5)
denovo39 C80_GU907656 312 (1306.0)
denovo39 C1a_AF499788 302 (1320.5)
denovo39 C41_AY258486 302 (1320.5)
denovo39 C39_AY258484 302 (1243.0)
denovo39 C1231_EU074878 302 (1320.5)
denovo39 C1b.1_HE578997 301 (1321.0)
denovo39 C18_AY258478 302 (1320.5)
denovo39 C1.10_HE578983 302 (1281.5)
denovo39 C1_JN558041 302 (1329.5)
denovo39 C1_HE578979 302 (1329.5)
denovo39 C1_AM748551 302 (1329.5)
denovo39 C1_AF333515 302 (1329.5)
denovo39 C1054_AY186565 303 (1319.5)
denovo39 C1008_DQ480613 302 (1320.5)
denovo39 C1103_AF427470 303 (1319.5)
denovo39 C1226_EU074881 303 (1319.5)
denovo39 C1b/C1e_AY239363 301 (1330.0)
denovo39 C1044_DQ068038 302 (1314.5)
denovo39 C1017_DQ174729 302 (1320.0)
denovo39 C1.6_FJ461493 302 (1320.5)
denovo39 C1b.2_HE578998 301 (1321.0)
denovo39 C1060_DQ480600 302 (1320.5)
denovo39 C1227_EU074882 302 (1320.5)
denovo39 C1197_EU099814 302 (1320.5)
denovo39 C1130_DQ480643 302 (1188.0)
denovo39 D109_AB097465 337 (552.0)
denovo39 D1.11_HE579040 336 (569.0)
denovo39 D105_AF174570 336 (568.5)
denovo39 D104_AF174572 341 (548.5)
denovo39 D1.3_JF683337 337 (563.0)
denovo39 D1.10_HE579039 337 (554.0)
denovo39 D110_AF174561 337 (554.0)
denovo39 D117_AF174542 337 (554.0)
denovo39 D114_AF174549 337 (563.0)
denovo39 D113_AF174557 341 (547.5)
denovo39 D112_AF174558 339 (560.0)
denovo39 D106_AF174559 338 (556.5)
denovo39 D111_AF174560 336 (568.5)
denovo39 D115_AF174562 337 (572.0)
denovo39 D107_AF174568 338 (565.0)
denovo39 D116_AF174571 336 (560.0)
denovo39 D124_EU074897 337 (545.5)
denovo39 D1.8_HE579037 337 (563.0)
denovo39 D3_AY686650 336 (569.5)
denovo39 D1.6_HQ630881 337 (554.0)
denovo39 D120_EU074900 337 (545.5)
denovo39 D121_EU074904 336 (569.0)
denovo39 D122_EU074905 337 (554.0)
denovo39 D1a.2_JF683339 337 (556.5)
denovo39 D1a.1_JF683338 337 (554.5)
denovo39 D2_AY686649 579 (610.5)
denovo39 D4_DQ865214 338 (554.0)
denovo39 D1a_AF499802 337 (554.5)
denovo39 D1a_JN558078 337 (554.5)
denovo39 D123_EU074895 343 (563.0)
denovo39 D108_AF174567 337 (554.5)
denovo39 D103_AF174575 337 (554.0)
denovo39 D100_AF411415 343 (553.5)
denovo39 D118_EF656435 343 (554.0)
denovo39 D101_AF411416 343 (538.5)
denovo39 D119_EU099832 342 (551.5)
denovo39 D102_AF174573 338 (560.0)
denovo39 D1_AF334660 337 (563.0)
denovo39 D1_JN558076 337 (563.0)
denovo39 D1.12_HE579041 328 (537.5)
denovo39 D1.1_AM748564 410 (578.0)
denovo39 D1.2_AM748617 404 (580.5)
denovo39 E111_EU074915 369 (453.0)
denovo39 E110_EU074914 365 (469.0)
denovo39 E114_EU074909 367 (465.5)
denovo39 E1_AF334659 368 (464.0)
denovo39 E105_EU074921 367 (474.0)
denovo39 E112_EU074916 365 (460.0)
denovo39 E104_EU074922 354 (462.5)
denovo39 E102_EU074924 365 (460.0)
denovo39 E103_EU074923 365 (469.0)
denovo39 E101_AY160123 366 (459.0)
denovo39 E109_EU074913 362 (451.5)
denovo39 E100_DQ011618 363 (468.5)
denovo39 E108_EU074912 363 (461.0)
denovo39 E113_EU074908 360 (455.5)
denovo39 E107_EU074910 363 (461.0)
denovo39 F1_JN558066 316 (1018.0)
denovo39 F5.2d_AJ291530 308 (1004.5)
denovo39 F104_AJ291531 308 (1004.5)
denovo39 F5.2c_AM748596 308 (1004.5)
denovo39 F5.2_AM748594 304 (1019.5)
denovo39 F5.2a_AM748614 304 (1019.5)
denovo39 F5.2b_AM748595 304 (1010.5)
denovo39 F5.2e_AJ291533 304 (957.5)
denovo39 F5.2g_JN558072 304 (1001.5)
denovo39 F5.2f_AJ291512 305 (1013.5)
denovo39 F102_AJ291534 306 (1007.0)
denovo39 F5.1c_AM748593 308 (1013.5)
denovo39 F5.1d_JN558069 310 (1028.5)
denovo39 F5.1b_AJ291535 310 (1019.5)
denovo39 F5.1_AM748592 310 (1028.5)
denovo39 F5.1a_AM748591 310 (1019.5)
denovo39 F110_AJ291526 318 (894.0)
denovo39 F4.7_AM748587 316 (928.0)
denovo39 F4.5_AM748585 309 (960.0)
denovo39 F4.4a_AM748583 308 (993.0)
denovo39 F4.4_AM748582 309 (992.5)
denovo39 F4.4b_AM748584 313 (979.0)
denovo39 F4.1a_AM748573 313 (934.5)
denovo39 F112_AJ291528 313 (925.5)
denovo39 F4.1_AM748572 313 (934.5)
denovo39 F4.8b_AM748590 309 (921.5)
denovo39 F4.8_AM748588 309 (921.5)
denovo39 F4.8a_AM748589 309 (921.5)
denovo39 F109_AJ291527 309 (899.5)
denovo39 F4.6_AM748586 313 (943.5)
denovo39 F111_AJ311949 309 (947.5)
denovo39 F4.3c_AM748581 309 (966.0)
denovo39 F4.3a_AM748579 310 (950.0)
denovo39 F4.3b_AM748580 310 (950.0)
denovo39 F4.3_AM748578 310 (959.0)
denovo39 F4.2_AM748574 310 (981.0)
denovo39 F4.2a_AM748575 308 (969.5)
denovo39 F4.2c_AM748577 309 (969.0)
denovo39 F4.2b_AM748576 308 (978.5)
denovo39 F2b_AJ291521 310 (1033.5)
denovo39 F2_AJ830908 310 (1015.5)
denovo39 F2a_AJ830911 312 (1008.0)
denovo39 F3.1a_AM748566 321 (960.0)
denovo39 F114_AJ291525 321 (978.0)
denovo39 F3.1_AM748565 321 (978.0)
denovo39 F3.2_AM748567 315 (1015.0)
denovo39 F3.2a_AM748568 317 (1029.5)
denovo39 F3.3_AM748569 308 (963.5)
denovo39 F3.4a_AM748571 317 (909.0)
denovo39 F3.4_AM748570 313 (905.5)
denovo39 F3.4b_AM748616 307 (906.0)
denovo39 G101_AJ291539 348 (577.0)
denovo39 G1_AM748597 348 (577.0)
denovo39 G2b_JN558087 348 (569.5)
denovo39 G2_AM748598 349 (572.5)
denovo39 G2a_AM748599 348 (578.5)
denovo39 G4_AM748601 343 (585.5)
denovo39 G3.4_LK392378 332 (557.0)
denovo39 G3_AM748600 335 (584.5)
denovo39 G3.2_KC597694 329 (499.0)
denovo39 G3.1_KC597688 337 (563.5)
denovo39 G100_AB253788 329 (567.0)
denovo39 G3.3_LK392377 330 (560.5)
denovo39 H6_AJ291520 626 (332.5)
denovo39 H3_AM748606 304 (892.5)
denovo39 H2_AM748605 306 (934.0)
denovo39 H4_AM748607 311 (861.5)
denovo39 H4a_AM748608 311 (876.5)
denovo39 H5a_AM748611 308 (868.0)
denovo39 H5b_AM748610 310 (872.5)
denovo39 H5_AJ621129 307 (875.0)
denovo39 H5_AM748609 307 (875.0)
denovo39 H100_AJ291513 318 (871.5)
denovo39 H1b_AM748604 313 (878.5)
denovo39 H1a_AM748612 313 (869.5)
denovo39 H1_AJ621152 313 (878.5)
denovo39 H1_AM748602 313 (878.5)
denovo39 I3_FN561561 338 (727.5)
denovo39 I4_FN561562 330 (722.0)
denovo39 I1_FN561559 332 (701.5)
denovo39 I2_FN561560 328 (717.0)

#---------------------------------------
#---------------------------------------
