denovo28 A136_DQ865210 296 (718.0)
denovo28 A133_DQ174725 283 (748.0)
denovo28 A115_AF180123 282 (669.5)
denovo28 A117_AF201746 289 (761.0)
denovo28 A134_DQ174723 289 (770.0)
denovo28 A114_AF184941 289 (770.0)
denovo28 A135_DQ174727 290 (772.0)
denovo28 A2_AF333506 291 (771.0)
denovo28 A101_AF427468 290 (772.0)
denovo28 A2_1_JN558097 290 (772.0)
denovo28 A2_2_JN558100 290 (772.0)
denovo28 A113_AF184948 281 (776.5)
denovo28 A112_AF184949 280 (792.0)
denovo28 A123_EF378618 274 (766.0)
denovo28 A137_EF378621 275 (860.5)
denovo28 A11_EU449041 272 (959.5)
denovo28 A121_DQ174722 272 (1007.5)
denovo28 A15b_EU792886 272 (965.5)
denovo28 A15a_EU792885 272 (983.5)
denovo28 A15c_EU792887 273 (968.5)
denovo28 A15_EU792884 272 (974.5)
denovo28 A147_EU074937 272 (1010.5)
denovo28 A154_EU074860 272 (1010.5)
denovo28 A146_EU074936 272 (1010.5)
denovo28 A150_EU074928 272 (1010.5)
denovo28 A116_AF183575 272 (1010.5)
denovo28 A141_EU074931 272 (1019.5)
denovo28 A5_AF333508 272 (1043.5)
denovo28 A3b_EU449043 272 (1028.5)
denovo28 A151_EU074925 272 (1019.5)
denovo28 A152_EU074927 272 (1019.5)
denovo28 A149_EU074929 272 (1019.5)
denovo28 A140_EU074930 272 (1019.5)
denovo28 A142_EU074932 272 (1019.5)
denovo28 A143_EU074933 272 (1019.5)
denovo28 A144_EU074934 272 (1019.5)
denovo28 A145_EU074935 273 (1022.5)
denovo28 A148_EU074938 272 (1019.5)
denovo28 A155_EU074856 272 (1028.5)
denovo28 A156_EU074859 272 (1019.5)
denovo28 A139_EU074962 272 (1028.5)
denovo28 A6_AF186058 272 (1028.5)
denovo28 A3_AF333507 272 (1028.5)
denovo28 A3_JN558091 272 (1028.5)
denovo28 A8_AY258468 272 (1001.5)
denovo28 A7_AY239360 272 (1001.5)
denovo28 A16_EU792888 272 (1001.5)
denovo28 A4.3_FN429763 274 (1104.5)
denovo28 A120_AF180122 273 (1055.5)
denovo28 A4.2_FN429761 272 (1096.0)
denovo28 A4_AF333509 272 (1133.0)
denovo28 A4.1_FN429760 272 (1121.5)
denovo28 A4a_AF499778 272 (1124.0)
denovo28 A4a.1_FN429762 272 (1124.0)
denovo28 A138_EF378620 272 (1024.0)
denovo28 A122_EF378619 271 (1052.0)
denovo28 A126_EF378615 270 (1071.0)
denovo28 A10_EU792882 270 (1071.0)
denovo28 A9_EU449028 272 (1061.0)
denovo28 A105_AB207202 272 (1061.0)
denovo28 A119_AF180121 273 (1007.5)
denovo28 A12_EU792883 272 (1070.0)
denovo28 A104_AB207203 272 (1070.0)
denovo28 A1a_EU449030 272 (1079.0)
denovo28 A1.3_HE578976 272 (1079.0)
denovo28 A1.4_HE578977 272 (1079.0)
denovo28 A13_AF333504 272 (1079.0)
denovo28 A13_JN558094 272 (1079.0)
denovo28 A110_AB190282 272 (1079.0)
denovo28 A103_AB207206 272 (1079.0)
denovo28 A130_EF656428 272 (1079.0)
denovo28 A127_EF656429 272 (1079.0)
denovo28 A128_EF656430 272 (1079.0)
denovo28 A129_EF656431 272 (1079.0)
denovo28 A131_EF656432 272 (1079.0)
denovo28 A118_AF180120 272 (1035.5)
denovo28 A1_AF333505 272 (1088.0)
denovo28 A107_AB207199 272 (1061.0)
denovo28 A111_AB190280 272 (1070.0)
denovo28 A108_AB207197 272 (1055.0)
denovo28 A106_AB207200 272 (1061.0)
denovo28 A102_AB207209 272 (1079.0)
denovo28 A1.2_AB207210 272 (1079.0)
denovo28 A109_AB190285 272 (1070.0)
denovo28 B4_AF333510 338 (503.0)
denovo28 B23_EU449079 334 (470.5)
denovo28 B30_GU907644 320 (471.5)
denovo28 B11_AY239361 338 (473.5)
denovo28 B17_AY258470 339 (483.0)
denovo28 B1k_GU907638 275 (252.0)
denovo28 B1.V_Green2014 345 (466.5)
denovo28 B1b_AF499780 330 (497.5)
denovo28 B16_AY258469 339 (474.0)
denovo28 B31a_GU907646 341 (480.5)
denovo28 B32_GU907647 341 (489.5)
denovo28 B31_GU907645 341 (480.5)
denovo28 B1j_GU907637 338 (489.0)
denovo28 B37_GU907650 338 (500.0)
denovo28 B5a_AF499782 339 (474.0)
denovo28 B5_AF499781 339 (483.0)
denovo28 B24_GU907643 339 (370.0)
denovo28 B117_AF180124 330 (486.0)
denovo28 B10_AF499787 338 (480.5)
denovo28 B20_GU907642 342 (480.5)
denovo28 B1m_GU907640 334 (477.5)
denovo28 B34_GU907649 339 (483.0)
denovo28 B1d_GU907633 339 (484.5)
denovo28 B1e_GU907634 339 (483.0)
denovo28 B1i_GU907636 334 (477.5)
denovo28 B1g_GU907635 340 (474.0)
denovo28 B123_EU074872 344 (481.0)
denovo28 B8_AF499785 341 (470.5)
denovo28 B1l_GU907639 339 (474.5)
denovo28 B1a_AF499779 339 (483.0)
denovo28 B14_AY239362 340 (464.0)
denovo28 B125_EU074865 348 (483.0)
denovo28 B122_EU074871 341 (480.5)
denovo28 B124_EU074874 339 (474.0)
denovo28 B1.VII_Green2014 338 (438.0)
denovo28 B1.III_Green2014 334 (478.5)
denovo28 B1.I_Green2014 339 (483.0)
denovo28 B1.II_Green2014 339 (483.0)
denovo28 B1_JN558057 339 (483.0)
denovo28 B1_AF333511 339 (483.0)
denovo28 B1.IV_Green2014 340 (479.0)
denovo28 B121_EU074870 339 (483.0)
denovo28 B7_AF499784 339 (483.0)
denovo28 B1.VI_Green2014 326 (473.0)
denovo28 B3_AF333514 325 (490.0)
denovo28 B9_AF499786 325 (490.0)
denovo28 B19a_JN558055 324 (480.0)
denovo28 B119_EU099825 329 (476.5)
denovo28 B21_DQ865213 324 (474.0)
denovo28 B38_GU907651 324 (474.0)
denovo28 B18_AY258471 330 (498.0)
denovo28 B18a_AY258472 330 (498.0)
denovo28 B33_GU907648 331 (481.0)
denovo28 B6_AF499783 339 (481.0)
denovo28 B19_DQ865212 325 (481.0)
denovo28 B19_GU907641 325 (481.0)
denovo28 B2_AF333512 325 (481.0)
denovo28 B2_JN558060 325 (481.0)
denovo28 C33.1_AY258498 334 (509.5)
denovo28 C33.2_AY765400 334 (509.5)
denovo28 C33a_EF541147 334 (509.5)
denovo28 C34_AY258499 334 (527.0)
denovo28 C78_AY765413 332 (503.5)
denovo28 C15.29_KC597690 335 (493.5)
denovo28 C1131_DQ182650 333 (478.0)
denovo28 C1135_DQ182646 330 (470.0)
denovo28 C1134_DQ182647 334 (472.0)
denovo28 C1142_DQ182635 333 (469.0)
denovo28 C1136_DQ182644 329 (473.5)
denovo28 C1111_DQ182645 333 (485.5)
denovo28 C1236_EF473656 333 (476.5)
denovo28 C1138_DQ182642 333 (476.5)
denovo28 C1137_DQ182643 331 (488.0)
denovo28 C1133_DQ182648 333 (476.5)
denovo28 C1132_DQ182649 333 (485.5)
denovo28 C1143_DQ182634 333 (485.5)
denovo28 C1139_DQ182639 333 (478.0)
denovo28 C15.28_KC597687 333 (524.0)
denovo28 C1141_DQ182636 333 (487.0)
denovo28 C1144_DQ182637 333 (487.0)
denovo28 C1122_DQ182654 333 (487.0)
denovo28 C1127_DQ182652 333 (487.0)
denovo28 C15.30_JX394114 342 (524.0)
denovo28 C15.26_KC597686 326 (513.0)
denovo28 C1086_DQ182656 333 (515.5)
denovo28 C15.25_KC597685 333 (524.5)
denovo28 C1118_AF180127 324 (505.5)
denovo28 C1129_DQ182651 333 (478.5)
denovo28 C15.21_KC597683 333 (506.5)
denovo28 C56_AY589760 333 (515.5)
denovo28 C1140_DQ182638 333 (487.5)
denovo28 C1126_DQ182653 333 (487.5)
denovo28 C15c_AY258492 333 (515.5)
denovo28 C15d_AY258493 333 (515.5)
denovo28 C1098_DQ182641 334 (507.5)
denovo28 C15.27_KC597689 333 (524.5)
denovo28 C15.18_HE579024 331 (509.5)
denovo28 C15.16_HE579022 333 (533.5)
denovo28 C1101_AB253787 333 (506.5)
denovo28 C1083_AY237300 335 (520.5)
denovo28 C1088_DQ182640 330 (525.5)
denovo28 C15.6_FN563472 333 (515.5)
denovo28 C15.5_FJ461512 334 (518.0)
denovo28 C15.4_FJ461511 334 (518.0)
denovo28 C15.13_HE579019 333 (506.5)
denovo28 C15.12_HE579018 333 (515.5)
denovo28 C93a_AM748563 333 (524.5)
denovo28 C1094_AJ291514 333 (506.5)
denovo28 C93_AM748562 333 (515.5)
denovo28 C15.17_HE579023 332 (525.0)
denovo28 C15e_AY589742 336 (527.0)
denovo28 C15.22_KC597695 333 (515.5)
denovo28 C60_AY589764 333 (524.5)
denovo28 C15.1_FJ461508 331 (519.5)
denovo28 C15.2_FJ461509 333 (515.5)
denovo28 C15.9_FN563475 330 (525.0)
denovo28 C15.7_HE579015 333 (515.5)
denovo28 C15.8_HE579016 333 (515.5)
denovo28 C15.15_HE579021 333 (515.5)
denovo28 C15.19_HE579025 333 (533.5)
denovo28 C15.24_KC597696 333 (516.0)
denovo28 C15.3_FJ461510 334 (518.0)
denovo28 C1087_DQ182655 332 (520.0)
denovo28 C15.14_HE579020 333 (521.0)
denovo28 C15.23_KC597697 333 (521.0)
denovo28 C19_AY258479 333 (519.0)
denovo28 C1233_EU118166 333 (515.5)
denovo28 C15b_AY258491 333 (515.5)
denovo28 C15a_AY258476 334 (527.0)
denovo28 C1051_AF195153 333 (533.5)
denovo28 C2_AF333518 333 (529.5)
denovo28 C15.20_HE579026 334 (524.0)
denovo28 C15f_AY589743 335 (517.5)
denovo28 C55_AY589759 338 (525.0)
denovo28 C15_AY239369 333 (524.5)
denovo28 C32.1_JF683335 326 (527.5)
denovo28 C32.2_JF683336 329 (536.5)
denovo28 C21.23_KC597693 329 (536.5)
denovo28 C1193_EU099827 333 (528.5)
denovo28 C1195_EU099821 341 (475.5)
denovo28 C3q_GU907655 322 (539.5)
denovo28 C53_AY589758 341 (502.0)
denovo28 C73_AY765408 333 (514.0)
denovo28 C17.2.1_KC597684 328 (522.5)
denovo28 C32_AY258497 324 (538.5)
denovo28 C1189_EU099831 329 (527.5)
denovo28 C1191_EU099833 329 (527.5)
denovo28 C1196_EU099819 326 (517.5)
denovo28 C1192_EU099820 326 (517.5)
denovo28 C17.1_JF683322 326 (526.5)
denovo28 C26_b2_FN827164 327 (526.0)
denovo28 C26_b3_FN827165 327 (508.0)
denovo28 C31.9_HQ630879 328 (522.5)
denovo28 C31a_AY589746 329 (512.5)
denovo28 C30_AY589745 329 (521.5)
denovo28 C31.1_HQ630876 329 (521.5)
denovo28 C31.5_HQ630877 327 (525.0)
denovo28 C31.6_HQ630878 325 (518.5)
denovo28 C31.2_JF683332 327 (516.0)
denovo28 C31.3_JF683333 328 (528.0)
denovo28 C26/C35a_AY239378 327 (517.0)
denovo28 C35a_AY258501 327 (517.0)
denovo28 C35.2_AY258500 327 (526.0)
denovo28 C26_b1_FN827163 327 (526.0)
denovo28 C17_AY239370 326 (526.5)
denovo28 C17.2_FJ461513 328 (525.5)
denovo28 C31.10_HQ630880 328 (531.5)
denovo28 C31.4_JF683334 333 (510.0)
denovo28 C31_AY258496 329 (521.5)
denovo28 C25_AY239377 335 (505.0)
denovo28 C61_AY589765 322 (530.0)
denovo28 C1043_DQ072721 330 (481.5)
denovo28 C79_AY765414 332 (511.0)
denovo28 C69_AY589773 321 (524.0)
denovo28 C69a_AY686648 321 (515.0)
denovo28 C21.22_KC597692 324 (531.0)
denovo28 C51_AY589756 330 (514.0)
denovo28 C1aa_HM185739 323 (520.5)
denovo28 C1096_DQ068023 331 (515.5)
denovo28 C74_AY765409 338 (525.5)
denovo28 C1185_AB294629 338 (525.5)
denovo28 C1184_AB294630 338 (525.5)
denovo28 C1153_AB294625 336 (529.5)
denovo28 C1154_AB294626 338 (534.5)
denovo28 C1187_AB294627 338 (525.5)
denovo28 C1186_AB294628 343 (532.0)
denovo28 C57_AY589761 338 (525.5)
denovo28 C66_AY589771 338 (534.5)
denovo28 C5_AF499795 333 (515.5)
denovo28 C1167_AB294586 330 (523.5)
denovo28 C1164_AB294593 332 (513.0)
denovo28 C1183_AB294631 333 (515.0)
denovo28 C1067_DQ335381 332 (520.5)
denovo28 C1159_AB294613 336 (529.5)
denovo28 C1150_AB294622 336 (520.5)
denovo28 C90_AM748554 331 (538.5)
denovo28 C1168_AB294583 335 (512.0)
denovo28 C1156_AB294616 333 (523.5)
denovo28 C1151_AB294621 335 (530.0)
denovo28 C92a_AM748561 335 (521.0)
denovo28 C92_AM748560 335 (521.0)
denovo28 C1165_AB294581 331 (526.0)
denovo28 C1166_AB294584 333 (533.5)
denovo28 C1162_AB294594 333 (524.5)
denovo28 C1163_AB294596 333 (515.5)
denovo28 C1161_AB294606 333 (524.5)
denovo28 C1160_AB294608 332 (529.0)
denovo28 C1158_AB294614 337 (527.5)
denovo28 C1155_AB294617 333 (515.5)
denovo28 C1149_AB294620 334 (527.0)
denovo28 C1173_AB294662 333 (524.5)
denovo28 C1171_AB294663 333 (515.5)
denovo28 C1172_AB294665 333 (515.5)
denovo28 C91a_AM748556 334 (517.5)
denovo28 C91b_AM748557 332 (529.0)
denovo28 C91d_AM748559 337 (519.0)
denovo28 C91c_AM748558 331 (517.5)
denovo28 C91_AJ621543 333 (524.5)
denovo28 C91_AM748555 333 (524.5)
denovo28 C1023_DQ335330 302 (510.5)
denovo28 C1020_DQ335392 332 (529.0)
denovo28 C1018_DQ335408 339 (524.0)
denovo28 C1074_DQ335329 332 (520.0)
denovo28 C1030_DQ335353 333 (531.5)
denovo28 C1022_DQ335331 332 (529.0)
denovo28 C1027_DQ335360 332 (529.0)
denovo28 C1072_DQ335344 332 (520.0)
denovo28 C1039_AB190274 332 (529.0)
denovo28 C1033_DQ335350 337 (517.0)
denovo28 C1019_DQ335407 332 (529.0)
denovo28 C1194_EU099826 333 (509.5)
denovo28 C8b_AY258475 329 (505.5)
denovo28 C8_AY239367 330 (514.0)
denovo28 C8a_AY239368 330 (514.0)
denovo28 C54a_AY765406 332 (520.0)
denovo28 C3ff_HM185740 325 (517.0)
denovo28 C59_AY589763 331 (529.0)
denovo28 C3k_AY589737 334 (527.0)
denovo28 C3.24_HE579012 335 (530.0)
denovo28 C3.23_HE579011 336 (523.5)
denovo28 C35.1_AY765401 333 (542.0)
denovo28 C35.3_EF541145 333 (542.0)
denovo28 C76_AY765411 328 (524.5)
denovo28 C1107_DQ335359 327 (491.0)
denovo28 C3.22_HE579010 335 (514.0)
denovo28 C77_AY765412 332 (517.5)
denovo28 C20_AY239371 332 (538.0)
denovo28 C1055_DQ480640 335 (518.0)
denovo28 C27/C30_AY239379 327 (526.0)
denovo28 C27.1_FJ461517 327 (517.0)
denovo28 C40a_AY589747 331 (526.0)
denovo28 C40_AY258485 331 (526.0)
denovo28 C40b_AY589748 332 (525.5)
denovo28 C16_AY258477 334 (518.0)
denovo28 C16a_AY765399 335 (521.0)
denovo28 C1091_AB207186 329 (512.0)
denovo28 C1102_DQ335400 329 (494.0)
denovo28 C1069_DQ335375 332 (511.5)
denovo28 C1073_DQ335332 328 (516.0)
denovo28 C1066_DQ335382 325 (516.5)
denovo28 C1031_DQ335352 330 (524.0)
denovo28 C1026_DQ335366 333 (532.0)
denovo28 C70_AY589774 329 (521.0)
denovo28 C1082_AB190267 328 (518.5)
denovo28 C1078_AB190271 329 (512.0)
denovo28 C1090_AB207191 330 (507.5)
denovo28 C1071_DQ335302 330 (507.5)
denovo28 C1075_DQ335328 336 (507.0)
denovo28 C1068_DQ335379 331 (510.0)
denovo28 C1064_DQ335395 329 (521.0)
denovo28 C1063_DQ335403 328 (507.0)
denovo28 C62_AY589766 329 (512.0)
denovo28 C1077_DQ335316 328 (513.0)
denovo28 C1109_DQ335338 329 (521.0)
denovo28 C1110_DQ335340 329 (521.0)
denovo28 C1106_DQ335339 329 (512.0)
denovo28 C1112_DQ335319 329 (521.0)
denovo28 C1108_DQ335351 329 (512.0)
denovo28 C1105_DQ335394 329 (521.0)
denovo28 C1121_DQ335378 329 (512.0)
denovo28 C1116_AB190268 329 (503.0)
denovo28 C1115_AB190273 329 (503.0)
denovo28 C1124_DQ335323 329 (503.0)
denovo28 C1120_DQ335398 328 (518.5)
denovo28 C1119_DQ335404 329 (521.0)
denovo28 C1123_DQ335363 329 (512.0)
denovo28 C1004_DQ480635 331 (527.0)
denovo28 C1061_AY186568 331 (518.0)
denovo28 C1053_AY186569 331 (527.0)
denovo28 C1003_DQ480639 331 (527.0)
denovo28 C81_GU907657 317 (522.5)
denovo28 C22_AY239373 332 (529.0)
denovo28 C22a_AY239374 329 (529.5)
denovo28 C1232_EU118163 330 (515.0)
denovo28 C21.13_FJ461515 326 (535.5)
denovo28 C21.1_JF683323 329 (527.5)
denovo28 C21.3_JF683325 328 (524.0)
denovo28 C1.20_HE578993 330 (532.5)
denovo28 C1.22_HE578995 332 (529.0)
denovo28 C52_AY589757 330 (510.5)
denovo28 C1201_EU099793 338 (480.0)
denovo28 C14_AY589741 322 (511.0)
denovo28 C43_AY589749 323 (510.5)
denovo28 C50_AY589755 334 (527.0)
denovo28 C3.14_HQ630872 332 (511.0)
denovo28 C1m_AY765398 331 (510.0)
denovo28 C82_GU907658 329 (511.0)
denovo28 C82b_GU907660 329 (511.0)
denovo28 C64_AY589768 328 (537.0)
denovo28 C45a_AY765404 331 (518.0)
denovo28 C48_AY589753 332 (540.5)
denovo28 C1_v1b_FJ919244 333 (524.5)
denovo28 C1_v1a_FJ919243 334 (518.0)
denovo28 C3j_AY239366 332 (511.0)
denovo28 C3t_EF541149 330 (540.5)
denovo28 C9_AF499798 330 (514.0)
denovo28 C23_AY239375 334 (509.5)
denovo28 C37_AY258481 332 (529.0)
denovo28 C1048_DQ068026 330 (514.0)
denovo28 C21.4_JF683326 327 (521.5)
denovo28 C21.5_JF683327 326 (526.5)
denovo28 C1070_DQ335349 332 (520.0)
denovo28 C21.6_HQ630873 326 (526.5)
denovo28 C1224_EU074890 330 (524.0)
denovo28 C1.17_HE578990 334 (527.0)
denovo28 C21_b1_FN827162 324 (520.0)
denovo28 C21.9_JF683330 324 (529.0)
denovo28 C1085_AY624605 325 (516.5)
denovo28 C3p_GU907654 334 (530.5)
denovo28 C3f_AY589734 334 (527.0)
denovo28 C65a_AY589770 334 (527.0)
denovo28 C65_AY589769 334 (536.0)
denovo28 C71_AY589775 334 (536.0)
denovo28 C71a_AY589776 334 (527.0)
denovo28 C1178_AB294647 337 (521.5)
denovo28 C1225_EU074893 338 (529.5)
denovo28 C75_AY765410 331 (526.0)
denovo28 C21.10_JF683331 328 (542.5)
denovo28 C21.11_HQ630874 325 (541.5)
denovo28 C1065_DQ335388 335 (519.0)
denovo28 C1045_DQ068036 334 (525.5)
denovo28 C1h_AY258473 331 (528.0)
denovo28 C38_AY258482 332 (530.5)
denovo28 C1202_EU099799 329 (521.0)
denovo28 C7_AF499797 329 (530.0)
denovo28 C12_AF499801 331 (519.5)
denovo28 C38a_AY258483 330 (538.5)
denovo28 C1200_EU099800 320 (539.5)
denovo28 C44a_AY589751 329 (521.0)
denovo28 C47_AY589752 330 (523.0)
denovo28 C44_AY589750 330 (523.0)
denovo28 C1.15_HE578988 332 (522.0)
denovo28 C45.3_FJ461522 328 (518.0)
denovo28 C46a_AY765405 334 (527.0)
denovo28 C46_EU449108 334 (527.0)
denovo28 C3.12_FJ461507 332 (529.0)
denovo28 C1k_AY589733 330 (523.0)
denovo28 C67_AY686647 330 (523.0)
denovo28 C82a_GU907659 328 (516.5)
denovo28 C10a_AY589739 330 (523.0)
denovo28 C10_AF499799 330 (523.0)
denovo28 C13_AY589740 336 (520.0)
denovo28 C4_AF499794 330 (514.0)
denovo28 C1147_EF656433 331 (526.5)
denovo28 C1c/C45_AY239364 330 (523.0)
denovo28 C1c/C45_EU449103 330 (523.0)
denovo28 C21.19_HE579031 326 (517.5)
denovo28 C21.21_HE579033 323 (509.5)
denovo28 C21.20_HE579032 323 (518.5)
denovo28 C42b_AY765403 325 (498.5)
denovo28 C42_AY258487 325 (507.5)
denovo28 C1p_GU907652 334 (518.0)
denovo28 C1d_AY258488 338 (511.5)
denovo28 C42_AY765402 330 (514.0)
denovo28 C3ha_AY589736 326 (526.5)
denovo28 C63a_AY589767 326 (529.0)
denovo28 C21a_AY589744 326 (535.5)
denovo28 C3o_GU907653 325 (532.5)
denovo28 C21.16_HQ630875 326 (544.5)
denovo28 C21.2_JF683324 326 (535.5)
denovo28 C21.7_JF683328 323 (536.5)
denovo28 C21.8_JF683329 325 (533.0)
denovo28 C3h_AY239365 326 (535.5)
denovo28 C1203_EU099798 326 (526.5)
denovo28 C3.10_FJ461505 332 (529.0)
denovo28 C21.14_FJ461516 326 (535.5)
denovo28 C21.18_HE579030 332 (523.5)
denovo28 C3.17_HE579005 332 (520.0)
denovo28 C3.9_FJ461504 329 (537.0)
denovo28 C3.8_FJ461503 331 (536.0)
denovo28 C3.7_FJ461502 332 (520.0)
denovo28 C3.11_FJ461506 332 (529.0)
denovo28 C3.18_HE579006 332 (520.0)
denovo28 C3.19_HE579007 341 (520.5)
denovo28 C3.20_HE579008 332 (520.0)
denovo28 C3g_AY589735 332 (531.0)
denovo28 C3a_AF499790 335 (530.0)
denovo28 C3e_AF499793 332 (520.0)
denovo28 C6_AF499796 325 (525.5)
denovo28 C11_AF499800 330 (532.0)
denovo28 C36_AY258480 331 (525.5)
denovo28 C29_AY258494 328 (527.0)
denovo28 C1146_EF656434 329 (530.0)
denovo28 C1190_EU099841 332 (538.0)
denovo28 C131_JF320826 332 (520.0)
denovo28 C28_AY239380 334 (519.0)
denovo28 C1012_DQ480604 334 (527.0)
denovo28 C1181_AB294640 333 (518.5)
denovo28 C1180_AB294641 333 (536.5)
denovo28 C1179_AB294645 333 (527.5)
denovo28 C1176_AB294651 337 (530.0)
denovo28 C1175_AB294653 333 (527.5)
denovo28 C1174_AB294655 338 (524.0)
denovo28 C1177_AB294659 333 (518.5)
denovo28 C1040_AB190269 332 (529.0)
denovo28 C1182_AB294649 332 (520.0)
denovo28 C1089_AJ278598 332 (520.0)
denovo28 C1028_DQ335357 332 (529.0)
denovo28 C3.16_EU786015 332 (538.0)
denovo28 C1097_AJ311943 334 (514.5)
denovo28 C1170_AB294661 333 (527.5)
denovo28 C21.17_HE579029 327 (540.5)
denovo28 C21/3d/C3k_AY239372 326 (535.5)
denovo28 C58_AY589762 327 (535.0)
denovo28 C3L_AY589738 329 (525.5)
denovo28 C1169_AB294660 333 (527.5)
denovo28 C3.2_FJ461497 331 (529.5)
denovo28 C3.1_JF683321 330 (527.5)
denovo28 C1104_AF427469 333 (519.0)
denovo28 C3b_AF499791 331 (529.5)
denovo28 C83_GU907661 332 (531.5)
denovo28 C49_AY589754 365 (548.0)
denovo28 C3_AB778606 332 (529.0)
denovo28 C3_AF499789 332 (529.0)
denovo28 C3_HE579001 332 (529.0)
denovo28 C21.12_FJ461514 326 (526.5)
denovo28 C1229_EU074888 321 (527.5)
denovo28 C1230_EU074889 321 (536.5)
denovo28 C1114_AB207196 332 (511.0)
denovo28 C3.21_HE579009 332 (461.0)
denovo28 C1057_DQ480619 335 (520.5)
denovo28 C72_AY765407 325 (516.5)
denovo28 C1b.3_HE578999 333 (518.5)
denovo28 C93_AJ621536 332 (520.0)
denovo28 C94_AJ621539 334 (518.0)
denovo28 C1g_AY589730 334 (536.0)
denovo28 C1i_AY589731 334 (518.0)
denovo28 C1j_AY589732 334 (527.0)
denovo28 C1005_DQ480633 334 (518.0)
denovo28 C1.7_FJ461494 334 (527.0)
denovo28 C1.11_HE578984 334 (518.5)
denovo28 C1.12_HE578985 333 (524.0)
denovo28 C1.13_HE578986 330 (532.0)
denovo28 C1.14_HE578987 335 (530.0)
denovo28 C1.18_HE578991 334 (518.0)
denovo28 C1.19_HE578992 334 (527.0)
denovo28 C1199_EU099802 329 (515.0)
denovo28 C1188_EU099838 329 (530.0)
denovo28 C1002_DQ838544 329 (530.0)
denovo28 C1198_EU099810 334 (518.0)
denovo28 C24_AY239376 333 (524.5)
denovo28 C1f_AY258490 334 (527.0)
denovo28 C1006_DQ480629 334 (527.0)
denovo28 C1010_DQ480607 334 (527.0)
denovo28 C1007_DQ480624 334 (518.0)
denovo28 C1011_DQ480605 332 (529.0)
denovo28 C1009_DQ480608 332 (530.0)
denovo28 C1041_AY186548 332 (529.5)
denovo28 C1052_AY186570 334 (527.0)
denovo28 C1148_EU040178 329 (530.0)
denovo28 C1234_EU118165 330 (520.0)
denovo28 C1.5_EF634157 339 (524.0)
denovo28 C1059_DQ480609 334 (518.0)
denovo28 C1228_EU074883 334 (527.0)
denovo28 C1208_EU074963 334 (527.0)
denovo28 C1207_EU074964 332 (529.5)
denovo28 C1206_EU074965 332 (530.5)
denovo28 C1013_DQ480642 334 (527.0)
denovo28 C80_GU907656 343 (528.0)
denovo28 C1a_AF499788 333 (524.5)
denovo28 C41_AY258486 333 (533.5)
denovo28 C39_AY258484 321 (528.5)
denovo28 C1231_EU074878 334 (518.0)
denovo28 C1b.1_HE578997 333 (518.5)
denovo28 C18_AY258478 331 (527.0)
denovo28 C1.10_HE578983 327 (530.0)
denovo28 C1_JN558041 334 (527.0)
denovo28 C1_HE578979 334 (527.0)
denovo28 C1_AM748551 334 (527.0)
denovo28 C1_AF333515 334 (527.0)
denovo28 C1054_AY186565 333 (529.0)
denovo28 C1008_DQ480613 334 (518.0)
denovo28 C1103_AF427470 335 (517.0)
denovo28 C1226_EU074881 335 (517.0)
denovo28 C1b/C1e_AY239363 333 (527.5)
denovo28 C1044_DQ068038 334 (512.0)
denovo28 C1017_DQ174729 334 (517.5)
denovo28 C1.6_FJ461493 334 (518.0)
denovo28 C1b.2_HE578998 333 (518.5)
denovo28 C1060_DQ480600 334 (518.0)
denovo28 C1227_EU074882 334 (518.0)
denovo28 C1197_EU099814 334 (518.0)
denovo28 C1130_DQ480643 334 (412.5)
denovo28 D109_AB097465 335 (431.5)
denovo28 D1.11_HE579040 324 (445.5)
denovo28 D105_AF174570 322 (447.5)
denovo28 D104_AF174572 326 (450.0)
denovo28 D1.3_JF683337 322 (440.0)
denovo28 D1.10_HE579039 332 (450.5)
denovo28 D110_AF174561 332 (450.5)
denovo28 D117_AF174542 324 (445.5)
denovo28 D114_AF174549 324 (454.5)
denovo28 D113_AF174557 332 (451.0)
denovo28 D112_AF174558 332 (451.0)
denovo28 D106_AF174559 324 (463.5)
denovo28 D111_AF174560 324 (454.5)
denovo28 D115_AF174562 324 (454.5)
denovo28 D107_AF174568 324 (445.5)
denovo28 D116_AF174571 324 (445.5)
denovo28 D124_EU074897 332 (442.0)
denovo28 D1.8_HE579037 329 (451.0)
denovo28 D3_AY686650 326 (451.0)
denovo28 D1.6_HQ630881 328 (456.5)
denovo28 D120_EU074900 332 (451.0)
denovo28 D121_EU074904 324 (454.5)
denovo28 D122_EU074905 324 (454.0)
denovo28 D1a.2_JF683339 328 (449.5)
denovo28 D1a.1_JF683338 332 (451.0)
denovo28 D2_AY686649 575 (510.0)
denovo28 D4_DQ865214 334 (453.0)
denovo28 D1a_AF499802 332 (451.0)
denovo28 D1a_JN558078 332 (451.0)
denovo28 D123_EU074895 324 (454.5)
denovo28 D108_AF174567 324 (454.5)
denovo28 D103_AF174575 324 (463.5)
denovo28 D100_AF411415 331 (457.5)
denovo28 D118_EF656435 334 (457.0)
denovo28 D101_AF411416 331 (442.5)
denovo28 D119_EU099832 322 (450.5)
denovo28 D102_AF174573 326 (454.0)
denovo28 D1_AF334660 324 (454.5)
denovo28 D1_JN558076 324 (454.5)
denovo28 D1.12_HE579041 317 (452.5)
denovo28 D1.1_AM748564 417 (476.0)
denovo28 D1.2_AM748617 416 (462.5)
denovo28 E111_EU074915 328 (467.5)
denovo28 E110_EU074914 324 (484.5)
denovo28 E114_EU074909 322 (479.5)
denovo28 E1_AF334659 326 (468.0)
denovo28 E105_EU074921 325 (478.0)
denovo28 E112_EU074916 322 (470.5)
denovo28 E104_EU074922 322 (479.5)
denovo28 E102_EU074924 322 (470.5)
denovo28 E103_EU074923 322 (479.5)
denovo28 E101_AY160123 317 (471.0)
denovo28 E109_EU074913 323 (481.5)
denovo28 E100_DQ011618 327 (490.5)
denovo28 E108_EU074912 322 (494.0)
denovo28 E113_EU074908 323 (491.5)
denovo28 E107_EU074910 323 (497.0)
denovo28 F1_JN558066 336 (506.0)
denovo28 F5.2d_AJ291530 329 (522.5)
denovo28 F104_AJ291531 329 (522.5)
denovo28 F5.2c_AM748596 329 (522.5)
denovo28 F5.2_AM748594 329 (522.5)
denovo28 F5.2a_AM748614 329 (522.5)
denovo28 F5.2b_AM748595 329 (522.5)
denovo28 F5.2e_AJ291533 332 (487.5)
denovo28 F5.2g_JN558072 329 (522.5)
denovo28 F5.2f_AJ291512 333 (525.5)
denovo28 F102_AJ291534 329 (531.5)
denovo28 F5.1c_AM748593 339 (507.5)
denovo28 F5.1d_JN558069 318 (515.5)
denovo28 F5.1b_AJ291535 337 (518.5)
denovo28 F5.1_AM748592 337 (519.0)
denovo28 F5.1a_AM748591 337 (527.5)
denovo28 F110_AJ291526 324 (516.0)
denovo28 F4.7_AM748587 323 (515.5)
denovo28 F4.5_AM748585 322 (536.0)
denovo28 F4.4a_AM748583 322 (528.5)
denovo28 F4.4_AM748582 327 (530.5)
denovo28 F4.4b_AM748584 327 (522.0)
denovo28 F4.1a_AM748573 312 (517.0)
denovo28 F112_AJ291528 312 (507.5)
denovo28 F4.1_AM748572 312 (507.5)
denovo28 F4.8b_AM748590 328 (500.5)
denovo28 F4.8_AM748588 325 (509.5)
denovo28 F4.8a_AM748589 325 (500.5)
denovo28 F109_AJ291527 330 (504.0)
denovo28 F4.6_AM748586 321 (507.5)
denovo28 F111_AJ311949 324 (495.5)
denovo28 F4.3c_AM748581 324 (512.5)
denovo28 F4.3a_AM748579 327 (513.5)
denovo28 F4.3b_AM748580 328 (515.5)
denovo28 F4.3_AM748578 326 (510.0)
denovo28 F4.2_AM748574 324 (506.0)
denovo28 F4.2a_AM748575 320 (525.5)
denovo28 F4.2c_AM748577 321 (525.0)
denovo28 F4.2b_AM748576 320 (517.0)
denovo28 F2b_AJ291521 327 (514.5)
denovo28 F2_AJ830908 333 (514.0)
denovo28 F2a_AJ830911 324 (510.0)
denovo28 F3.1a_AM748566 348 (499.0)
denovo28 F114_AJ291525 344 (505.5)
denovo28 F3.1_AM748565 344 (514.5)
denovo28 F3.2_AM748567 332 (531.0)
denovo28 F3.2a_AM748568 332 (523.0)
denovo28 F3.3_AM748569 339 (520.5)
denovo28 F3.4a_AM748571 340 (552.5)
denovo28 F3.4_AM748570 334 (535.0)
denovo28 F3.4b_AM748616 334 (535.0)
denovo28 G101_AJ291539 345 (441.5)
denovo28 G1_AM748597 344 (447.5)
denovo28 G2b_JN558087 348 (446.5)
denovo28 G2_AM748598 347 (444.0)
denovo28 G2a_AM748599 340 (449.5)
denovo28 G4_AM748601 340 (463.0)
denovo28 G3.4_LK392378 338 (455.5)
denovo28 G3_AM748600 337 (443.5)
denovo28 G3.2_KC597694 318 (419.5)
denovo28 G3.1_KC597688 338 (455.5)
denovo28 G100_AB253788 337 (460.5)
denovo28 G3.3_LK392377 337 (462.0)
denovo28 H6_AJ291520 643 (279.0)
denovo28 H3_AM748606 329 (359.5)
denovo28 H2_AM748605 320 (367.0)
denovo28 H4_AM748607 333 (364.0)
denovo28 H4a_AM748608 334 (363.5)
denovo28 H5a_AM748611 313 (388.0)
denovo28 H5b_AM748610 321 (374.0)
denovo28 H5_AJ621129 313 (379.0)
denovo28 H5_AM748609 313 (379.0)
denovo28 H100_AJ291513 317 (365.5)
denovo28 H1b_AM748604 318 (363.0)
denovo28 H1a_AM748612 317 (369.5)
denovo28 H1_AJ621152 317 (369.5)
denovo28 H1_AM748602 317 (369.5)
denovo28 I3_FN561561 345 (552.0)
denovo28 I4_FN561562 345 (552.0)
denovo28 I1_FN561559 351 (553.0)
denovo28 I2_FN561560 341 (548.5)

#---------------------------------------
#---------------------------------------
