denovo80 A136_DQ865210 320 (493.5)
denovo80 A133_DQ174725 315 (492.5)
denovo80 A115_AF180123 299 (469.5)
denovo80 A117_AF201746 314 (484.5)
denovo80 A134_DQ174723 316 (490.0)
denovo80 A114_AF184941 316 (490.0)
denovo80 A135_DQ174727 317 (493.0)
denovo80 A2_AF333506 324 (483.5)
denovo80 A101_AF427468 317 (484.0)
denovo80 A2_1_JN558097 317 (484.0)
denovo80 A2_2_JN558100 317 (484.0)
denovo80 A113_AF184948 300 (488.5)
denovo80 A112_AF184949 327 (474.0)
denovo80 A123_EF378618 303 (336.0)
denovo80 A137_EF378621 303 (327.0)
denovo80 A11_EU449041 307 (520.5)
denovo80 A121_DQ174722 297 (521.5)
denovo80 A15b_EU792886 309 (473.0)
denovo80 A15a_EU792885 309 (488.0)
denovo80 A15c_EU792887 309 (479.0)
denovo80 A15_EU792884 309 (479.5)
denovo80 A147_EU074937 307 (501.0)
denovo80 A154_EU074860 307 (501.0)
denovo80 A146_EU074936 308 (494.0)
denovo80 A150_EU074928 308 (503.0)
denovo80 A116_AF183575 308 (494.0)
denovo80 A141_EU074931 308 (503.0)
denovo80 A5_AF333508 297 (521.5)
denovo80 A3b_EU449043 307 (510.0)
denovo80 A151_EU074925 307 (500.0)
denovo80 A152_EU074927 310 (492.0)
denovo80 A149_EU074929 307 (501.0)
denovo80 A140_EU074930 307 (492.0)
denovo80 A142_EU074932 307 (492.0)
denovo80 A143_EU074933 307 (510.0)
denovo80 A144_EU074934 307 (492.0)
denovo80 A145_EU074935 310 (500.0)
denovo80 A148_EU074938 307 (492.0)
denovo80 A155_EU074856 307 (492.0)
denovo80 A156_EU074859 307 (492.0)
denovo80 A139_EU074962 307 (492.0)
denovo80 A6_AF186058 307 (501.0)
denovo80 A3_AF333507 307 (501.0)
denovo80 A3_JN558091 307 (501.0)
denovo80 A8_AY258468 309 (478.5)
denovo80 A7_AY239360 309 (496.0)
denovo80 A16_EU792888 305 (502.5)
denovo80 A4.3_FN429763 307 (487.5)
denovo80 A120_AF180122 302 (491.5)
denovo80 A4.2_FN429761 305 (478.5)
denovo80 A4_AF333509 305 (506.5)
denovo80 A4.1_FN429760 304 (501.5)
denovo80 A4a_AF499778 312 (500.5)
denovo80 A4a.1_FN429762 312 (500.5)
denovo80 A138_EF378620 303 (454.0)
denovo80 A122_EF378619 302 (491.0)
denovo80 A126_EF378615 301 (492.0)
denovo80 A10_EU792882 301 (492.0)
denovo80 A9_EU449028 301 (504.5)
denovo80 A105_AB207202 302 (514.5)
denovo80 A119_AF180121 298 (504.0)
denovo80 A12_EU792883 301 (513.5)
denovo80 A104_AB207203 304 (511.0)
denovo80 A1a_EU449030 303 (518.0)
denovo80 A1.3_HE578976 310 (512.0)
denovo80 A1.4_HE578977 301 (521.0)
denovo80 A13_AF333504 303 (517.0)
denovo80 A13_JN558094 303 (517.0)
denovo80 A110_AB190282 303 (509.0)
denovo80 A103_AB207206 304 (520.0)
denovo80 A130_EF656428 303 (518.0)
denovo80 A127_EF656429 303 (526.5)
denovo80 A128_EF656430 303 (509.0)
denovo80 A129_EF656431 304 (520.5)
denovo80 A131_EF656432 301 (513.0)
denovo80 A118_AF180120 302 (509.0)
denovo80 A1_AF333505 303 (518.0)
denovo80 A107_AB207199 304 (520.0)
denovo80 A111_AB190280 304 (520.0)
denovo80 A108_AB207197 311 (499.0)
denovo80 A106_AB207200 304 (519.5)
denovo80 A102_AB207209 304 (520.0)
denovo80 A1.2_AB207210 304 (520.0)
denovo80 A109_AB190285 304 (519.5)
denovo80 B4_AF333510 313 (988.5)
denovo80 B23_EU449079 311 (1001.0)
denovo80 B30_GU907644 311 (992.0)
denovo80 B11_AY239361 312 (1092.5)
denovo80 B17_AY258470 310 (1103.0)
denovo80 B1k_GU907638 261 (561.5)
denovo80 B1.V_Green2014 317 (1070.0)
denovo80 B1b_AF499780 303 (1104.0)
denovo80 B16_AY258469 310 (1121.0)
denovo80 B31a_GU907646 310 (1112.0)
denovo80 B32_GU907647 310 (1112.0)
denovo80 B31_GU907645 310 (1121.0)
denovo80 B1j_GU907637 310 (1112.0)
denovo80 B37_GU907650 312 (1110.5)
denovo80 B5a_AF499782 310 (1112.0)
denovo80 B5_AF499781 310 (1121.0)
denovo80 B24_GU907643 310 (961.0)
denovo80 B117_AF180124 308 (1025.0)
denovo80 B10_AF499787 310 (1112.0)
denovo80 B20_GU907642 312 (1114.0)
denovo80 B1m_GU907640 310 (1121.0)
denovo80 B34_GU907649 310 (1121.0)
denovo80 B1d_GU907633 310 (1130.0)
denovo80 B1e_GU907634 310 (1130.0)
denovo80 B1i_GU907636 310 (1121.0)
denovo80 B1g_GU907635 311 (1129.5)
denovo80 B123_EU074872 310 (1112.0)
denovo80 B8_AF499785 311 (1120.0)
denovo80 B1l_GU907639 310 (1130.0)
denovo80 B1a_AF499779 310 (1121.0)
denovo80 B14_AY239362 310 (1126.5)
denovo80 B125_EU074865 310 (1121.0)
denovo80 B122_EU074871 310 (1121.0)
denovo80 B124_EU074874 310 (1121.0)
denovo80 B1.VII_Green2014 310 (1051.0)
denovo80 B1.III_Green2014 310 (1049.0)
denovo80 B1.I_Green2014 310 (1130.0)
denovo80 B1.II_Green2014 310 (1130.0)
denovo80 B1_JN558057 310 (1130.0)
denovo80 B1_AF333511 310 (1130.0)
denovo80 B1.IV_Green2014 320 (1125.0)
denovo80 B121_EU074870 310 (1121.0)
denovo80 B7_AF499784 310 (1121.0)
denovo80 B1.VI_Green2014 311 (1070.5)
denovo80 B3_AF333514 310 (1017.5)
denovo80 B9_AF499786 310 (1026.5)
denovo80 B19a_JN558055 292 (933.5)
denovo80 B119_EU099825 319 (961.0)
denovo80 B21_DQ865213 306 (1037.5)
denovo80 B38_GU907651 306 (1037.5)
denovo80 B18_AY258471 310 (1044.5)
denovo80 B18a_AY258472 310 (1035.5)
denovo80 B33_GU907648 310 (1035.5)
denovo80 B6_AF499783 315 (1041.0)
denovo80 B19_DQ865212 310 (1053.5)
denovo80 B19_GU907641 310 (1053.5)
denovo80 B2_AF333512 310 (1044.5)
denovo80 B2_JN558060 310 (1044.5)
denovo80 C33.1_AY258498 329 (612.5)
denovo80 C33.2_AY765400 329 (612.5)
denovo80 C33a_EF541147 329 (612.5)
denovo80 C34_AY258499 321 (614.5)
denovo80 C78_AY765413 321 (580.5)
denovo80 C15.29_KC597690 322 (544.5)
denovo80 C1131_DQ182650 315 (551.0)
denovo80 C1135_DQ182646 309 (542.5)
denovo80 C1134_DQ182647 315 (551.0)
denovo80 C1142_DQ182635 309 (542.5)
denovo80 C1136_DQ182644 316 (541.5)
denovo80 C1111_DQ182645 316 (550.5)
denovo80 C1236_EF473656 316 (541.5)
denovo80 C1138_DQ182642 317 (554.5)
denovo80 C1137_DQ182643 316 (541.5)
denovo80 C1133_DQ182648 316 (541.5)
denovo80 C1132_DQ182649 320 (544.0)
denovo80 C1143_DQ182634 316 (550.5)
denovo80 C1139_DQ182639 318 (543.0)
denovo80 C15.28_KC597687 318 (606.5)
denovo80 C1141_DQ182636 318 (561.0)
denovo80 C1144_DQ182637 318 (561.0)
denovo80 C1122_DQ182654 318 (561.0)
denovo80 C1127_DQ182652 318 (570.0)
denovo80 C15.30_JX394114 318 (594.5)
denovo80 C15.26_KC597686 311 (584.0)
denovo80 C1086_DQ182656 318 (586.0)
denovo80 C15.25_KC597685 318 (595.0)
denovo80 C1118_AF180127 310 (568.0)
denovo80 C1129_DQ182651 319 (542.5)
denovo80 C15.21_KC597683 320 (566.5)
denovo80 C56_AY589760 318 (585.5)
denovo80 C1140_DQ182638 320 (548.0)
denovo80 C1126_DQ182653 320 (548.0)
denovo80 C15c_AY258492 320 (593.5)
denovo80 C15d_AY258493 314 (601.5)
denovo80 C1098_DQ182641 309 (594.0)
denovo80 C15.27_KC597689 316 (590.0)
denovo80 C15.18_HE579024 319 (581.5)
denovo80 C15.16_HE579022 325 (608.0)
denovo80 C1101_AB253787 320 (575.5)
denovo80 C1083_AY237300 320 (584.5)
denovo80 C1088_DQ182640 324 (585.5)
denovo80 C15.6_FN563472 320 (584.5)
denovo80 C15.5_FJ461512 322 (581.0)
denovo80 C15.4_FJ461511 322 (590.0)
denovo80 C15.13_HE579019 320 (575.5)
denovo80 C15.12_HE579018 320 (584.5)
denovo80 C93a_AM748563 315 (605.0)
denovo80 C1094_AJ291514 315 (587.0)
denovo80 C93_AM748562 315 (596.0)
denovo80 C15.17_HE579023 322 (575.0)
denovo80 C15e_AY589742 322 (593.0)
denovo80 C15.22_KC597695 320 (585.0)
denovo80 C60_AY589764 320 (593.5)
denovo80 C15.1_FJ461508 320 (584.5)
denovo80 C15.2_FJ461509 320 (584.5)
denovo80 C15.9_FN563475 320 (602.0)
denovo80 C15.7_HE579015 312 (596.0)
denovo80 C15.8_HE579016 320 (584.5)
denovo80 C15.15_HE579021 320 (584.5)
denovo80 C15.19_HE579025 320 (593.5)
denovo80 C15.24_KC597696 320 (578.0)
denovo80 C15.3_FJ461510 322 (590.0)
denovo80 C1087_DQ182655 320 (593.5)
denovo80 C15.14_HE579020 321 (592.5)
denovo80 C15.23_KC597697 321 (592.5)
denovo80 C19_AY258479 319 (603.0)
denovo80 C1233_EU118166 320 (587.0)
denovo80 C15b_AY258491 320 (584.5)
denovo80 C15a_AY258476 322 (599.0)
denovo80 C1051_AF195153 320 (602.5)
denovo80 C2_AF333518 321 (601.5)
denovo80 C15.20_HE579026 321 (593.0)
denovo80 C15f_AY589743 315 (593.0)
denovo80 C55_AY589759 325 (593.5)
denovo80 C15_AY239369 320 (593.5)
denovo80 C32.1_JF683335 319 (560.5)
denovo80 C32.2_JF683336 316 (567.5)
denovo80 C21.23_KC597693 316 (567.5)
denovo80 C1193_EU099827 328 (586.0)
denovo80 C1195_EU099821 323 (583.0)
denovo80 C3q_GU907655 321 (578.5)
denovo80 C53_AY589758 321 (603.0)
denovo80 C73_AY765408 326 (581.5)
denovo80 C17.2.1_KC597684 318 (554.5)
denovo80 C32_AY258497 323 (570.5)
denovo80 C1189_EU099831 313 (568.5)
denovo80 C1191_EU099833 312 (575.0)
denovo80 C1196_EU099819 314 (573.5)
denovo80 C1192_EU099820 314 (571.0)
denovo80 C17.1_JF683322 321 (573.0)
denovo80 C26_b2_FN827164 327 (578.5)
denovo80 C26_b3_FN827165 323 (560.5)
denovo80 C31.9_HQ630879 320 (559.5)
denovo80 C31a_AY589746 320 (558.5)
denovo80 C30_AY589745 320 (565.0)
denovo80 C31.1_HQ630876 319 (572.5)
denovo80 C31.5_HQ630877 317 (566.5)
denovo80 C31.6_HQ630878 320 (565.0)
denovo80 C31.2_JF683332 320 (565.0)
denovo80 C31.3_JF683333 320 (565.0)
denovo80 C26/C35a_AY239378 323 (569.5)
denovo80 C35a_AY258501 323 (569.5)
denovo80 C35.2_AY258500 323 (576.0)
denovo80 C26_b1_FN827163 323 (576.0)
denovo80 C17_AY239370 315 (573.0)
denovo80 C17.2_FJ461513 320 (572.0)
denovo80 C31.10_HQ630880 320 (568.5)
denovo80 C31.4_JF683334 324 (553.5)
denovo80 C31_AY258496 320 (565.0)
denovo80 C25_AY239377 323 (603.5)
denovo80 C61_AY589765 320 (559.5)
denovo80 C1043_DQ072721 315 (571.0)
denovo80 C79_AY765414 317 (598.0)
denovo80 C69_AY589773 305 (608.5)
denovo80 C69a_AY686648 305 (602.0)
denovo80 C21.22_KC597692 312 (566.0)
denovo80 C51_AY589756 316 (588.5)
denovo80 C1aa_HM185739 320 (619.5)
denovo80 C1096_DQ068023 320 (581.5)
denovo80 C74_AY765409 324 (601.0)
denovo80 C1185_AB294629 326 (597.5)
denovo80 C1184_AB294630 326 (597.5)
denovo80 C1153_AB294625 326 (597.5)
denovo80 C1154_AB294626 325 (613.0)
denovo80 C1187_AB294627 326 (597.5)
denovo80 C1186_AB294628 326 (597.5)
denovo80 C57_AY589761 326 (606.5)
denovo80 C66_AY589771 326 (606.5)
denovo80 C5_AF499795 320 (584.5)
denovo80 C1167_AB294586 320 (593.0)
denovo80 C1164_AB294593 320 (584.5)
denovo80 C1183_AB294631 320 (602.5)
denovo80 C1067_DQ335381 315 (594.0)
denovo80 C1159_AB294613 321 (592.5)
denovo80 C1150_AB294622 321 (601.5)
denovo80 C90_AM748554 321 (607.5)
denovo80 C1168_AB294583 312 (604.0)
denovo80 C1156_AB294616 312 (622.0)
denovo80 C1151_AB294621 320 (611.5)
denovo80 C92a_AM748561 312 (622.0)
denovo80 C92_AM748560 312 (613.0)
denovo80 C1165_AB294581 321 (594.5)
denovo80 C1166_AB294584 320 (611.5)
denovo80 C1162_AB294594 320 (601.5)
denovo80 C1163_AB294596 320 (602.5)
denovo80 C1161_AB294606 320 (602.5)
denovo80 C1160_AB294608 321 (604.5)
denovo80 C1158_AB294614 320 (611.5)
denovo80 C1155_AB294617 320 (593.5)
denovo80 C1149_AB294620 320 (602.5)
denovo80 C1173_AB294662 312 (603.5)
denovo80 C1171_AB294663 320 (593.5)
denovo80 C1172_AB294665 320 (593.5)
denovo80 C91a_AM748556 320 (611.5)
denovo80 C91b_AM748557 320 (602.5)
denovo80 C91d_AM748559 319 (600.0)
denovo80 C91c_AM748558 319 (600.0)
denovo80 C91_AJ621543 320 (602.5)
denovo80 C91_AM748555 320 (602.5)
denovo80 C1023_DQ335330 278 (617.0)
denovo80 C1020_DQ335392 319 (596.5)
denovo80 C1018_DQ335408 315 (603.0)
denovo80 C1074_DQ335329 315 (594.0)
denovo80 C1030_DQ335353 315 (594.0)
denovo80 C1022_DQ335331 315 (594.0)
denovo80 C1027_DQ335360 315 (612.0)
denovo80 C1072_DQ335344 315 (594.0)
denovo80 C1039_AB190274 315 (603.0)
denovo80 C1033_DQ335350 320 (591.0)
denovo80 C1019_DQ335407 315 (603.0)
denovo80 C1194_EU099826 315 (588.0)
denovo80 C8b_AY258475 313 (583.5)
denovo80 C8_AY239367 315 (594.0)
denovo80 C8a_AY239368 317 (590.0)
denovo80 C54a_AY765406 315 (614.5)
denovo80 C3ff_HM185740 315 (623.5)
denovo80 C59_AY589763 317 (592.5)
denovo80 C3k_AY589737 317 (602.5)
denovo80 C3.24_HE579012 317 (611.5)
denovo80 C3.23_HE579011 317 (602.5)
denovo80 C35.1_AY765401 322 (614.0)
denovo80 C35.3_EF541145 315 (612.0)
denovo80 C76_AY765411 321 (603.5)
denovo80 C1107_DQ335359 316 (583.5)
denovo80 C3.22_HE579010 318 (586.0)
denovo80 C77_AY765412 321 (593.0)
denovo80 C20_AY239371 313 (606.5)
denovo80 C1055_DQ480640 313 (593.0)
denovo80 C27/C30_AY239379 315 (578.5)
denovo80 C27.1_FJ461517 315 (569.5)
denovo80 C40a_AY589747 317 (609.0)
denovo80 C40_AY258485 317 (609.0)
denovo80 C40b_AY589748 319 (609.0)
denovo80 C16_AY258477 315 (603.0)
denovo80 C16a_AY765399 315 (603.0)
denovo80 C1091_AB207186 321 (603.5)
denovo80 C1102_DQ335400 321 (585.5)
denovo80 C1069_DQ335375 315 (603.0)
denovo80 C1073_DQ335332 315 (603.0)
denovo80 C1066_DQ335382 314 (601.0)
denovo80 C1031_DQ335352 326 (609.0)
denovo80 C1026_DQ335366 320 (608.5)
denovo80 C70_AY589774 321 (612.5)
denovo80 C1082_AB190267 321 (603.5)
denovo80 C1078_AB190271 320 (609.0)
denovo80 C1090_AB207191 321 (603.5)
denovo80 C1071_DQ335302 321 (603.5)
denovo80 C1075_DQ335328 321 (603.5)
denovo80 C1068_DQ335379 321 (594.5)
denovo80 C1064_DQ335395 321 (594.5)
denovo80 C1063_DQ335403 321 (612.5)
denovo80 C62_AY589766 321 (603.5)
denovo80 C1077_DQ335316 322 (603.0)
denovo80 C1109_DQ335338 321 (594.5)
denovo80 C1110_DQ335340 321 (585.5)
denovo80 C1106_DQ335339 321 (585.5)
denovo80 C1112_DQ335319 321 (594.5)
denovo80 C1108_DQ335351 321 (585.5)
denovo80 C1105_DQ335394 321 (594.5)
denovo80 C1121_DQ335378 328 (587.5)
denovo80 C1116_AB190268 328 (596.5)
denovo80 C1115_AB190273 328 (596.5)
denovo80 C1124_DQ335323 321 (576.5)
denovo80 C1120_DQ335398 321 (585.5)
denovo80 C1119_DQ335404 321 (585.5)
denovo80 C1123_DQ335363 321 (585.5)
denovo80 C1004_DQ480635 314 (601.0)
denovo80 C1061_AY186568 315 (594.5)
denovo80 C1053_AY186569 315 (603.5)
denovo80 C1003_DQ480639 315 (603.5)
denovo80 C81_GU907657 303 (584.0)
denovo80 C22_AY239373 310 (605.0)
denovo80 C22a_AY239374 309 (611.5)
denovo80 C1232_EU118163 321 (604.5)
denovo80 C21.13_FJ461515 315 (555.0)
denovo80 C21.1_JF683323 315 (573.0)
denovo80 C21.3_JF683325 314 (589.5)
denovo80 C1.20_HE578993 315 (603.0)
denovo80 C1.22_HE578995 315 (594.0)
denovo80 C52_AY589757 320 (595.5)
denovo80 C1201_EU099793 316 (575.5)
denovo80 C14_AY589741 321 (600.0)
denovo80 C43_AY589749 321 (606.0)
denovo80 C50_AY589755 315 (603.0)
denovo80 C3.14_HQ630872 320 (600.0)
denovo80 C1m_AY765398 321 (604.0)
denovo80 C82_GU907658 329 (609.0)
denovo80 C82b_GU907660 329 (609.0)
denovo80 C64_AY589768 320 (610.5)
denovo80 C45a_AY765404 316 (616.0)
denovo80 C48_AY589753 322 (619.5)
denovo80 C1_v1b_FJ919244 315 (594.0)
denovo80 C1_v1a_FJ919243 315 (603.0)
denovo80 C3j_AY239366 315 (594.0)
denovo80 C3t_EF541149 318 (620.0)
denovo80 C9_AF499798 320 (610.0)
denovo80 C23_AY239375 315 (630.0)
denovo80 C37_AY258481 319 (614.0)
denovo80 C1048_DQ068026 315 (603.0)
denovo80 C21.4_JF683326 315 (573.0)
denovo80 C21.5_JF683327 315 (573.0)
denovo80 C1070_DQ335349 315 (612.0)
denovo80 C21.6_HQ630873 315 (591.0)
denovo80 C1224_EU074890 315 (612.0)
denovo80 C1.17_HE578990 315 (612.0)
denovo80 C21_b1_FN827162 317 (578.0)
denovo80 C21.9_JF683330 317 (587.0)
denovo80 C1085_AY624605 321 (603.5)
denovo80 C3p_GU907654 315 (588.0)
denovo80 C3f_AY589734 315 (612.0)
denovo80 C65a_AY589770 312 (607.0)
denovo80 C65_AY589769 312 (613.5)
denovo80 C71_AY589775 312 (604.5)
denovo80 C71a_AY589776 312 (596.0)
denovo80 C1178_AB294647 314 (595.5)
denovo80 C1225_EU074893 315 (621.0)
denovo80 C75_AY765410 315 (612.5)
denovo80 C21.10_JF683331 322 (578.0)
denovo80 C21.11_HQ630874 322 (578.0)
denovo80 C1065_DQ335388 315 (612.0)
denovo80 C1045_DQ068036 315 (621.0)
denovo80 C1h_AY258473 317 (608.5)
denovo80 C38_AY258482 317 (599.5)
denovo80 C1202_EU099799 317 (599.5)
denovo80 C7_AF499797 317 (608.5)
denovo80 C12_AF499801 319 (598.0)
denovo80 C38a_AY258483 321 (610.0)
denovo80 C1200_EU099800 310 (607.0)
denovo80 C44a_AY589751 314 (610.5)
denovo80 C47_AY589752 322 (608.0)
denovo80 C44_AY589750 314 (610.0)
denovo80 C1.15_HE578988 315 (603.0)
denovo80 C45.3_FJ461522 315 (603.0)
denovo80 C46a_AY765405 314 (601.5)
denovo80 C46_EU449108 314 (610.5)
denovo80 C3.12_FJ461507 315 (612.0)
denovo80 C1k_AY589733 315 (603.0)
denovo80 C67_AY686647 315 (621.0)
denovo80 C82a_GU907659 321 (612.5)
denovo80 C10a_AY589739 321 (603.5)
denovo80 C10_AF499799 315 (612.0)
denovo80 C13_AY589740 317 (615.0)
denovo80 C4_AF499794 315 (603.0)
denovo80 C1147_EF656433 315 (621.0)
denovo80 C1c/C45_AY239364 315 (612.0)
denovo80 C1c/C45_EU449103 315 (612.0)
denovo80 C21.19_HE579031 315 (582.0)
denovo80 C21.21_HE579033 314 (571.0)
denovo80 C21.20_HE579032 314 (580.0)
denovo80 C42b_AY765403 315 (605.5)
denovo80 C42_AY258487 315 (614.5)
denovo80 C1p_GU907652 315 (605.5)
denovo80 C1d_AY258488 315 (605.5)
denovo80 C42_AY765402 315 (605.5)
denovo80 C3ha_AY589736 318 (581.0)
denovo80 C63a_AY589767 319 (579.5)
denovo80 C21a_AY589744 315 (582.0)
denovo80 C3o_GU907653 315 (582.5)
denovo80 C21.16_HQ630875 315 (573.0)
denovo80 C21.2_JF683324 315 (582.0)
denovo80 C21.7_JF683328 315 (582.0)
denovo80 C21.8_JF683329 315 (582.0)
denovo80 C3h_AY239365 315 (573.0)
denovo80 C1203_EU099798 315 (573.0)
denovo80 C3.10_FJ461505 315 (621.0)
denovo80 C21.14_FJ461516 315 (591.0)
denovo80 C21.18_HE579030 318 (579.0)
denovo80 C3.17_HE579005 315 (603.0)
denovo80 C3.9_FJ461504 315 (600.0)
denovo80 C3.8_FJ461503 315 (612.0)
denovo80 C3.7_FJ461502 315 (603.0)
denovo80 C3.11_FJ461506 322 (614.5)
denovo80 C3.18_HE579006 315 (603.0)
denovo80 C3.19_HE579007 315 (603.0)
denovo80 C3.20_HE579008 315 (603.0)
denovo80 C3g_AY589735 318 (595.0)
denovo80 C3a_AF499790 312 (614.0)
denovo80 C3e_AF499793 315 (603.0)
denovo80 C6_AF499796 322 (623.0)
denovo80 C11_AF499800 315 (612.0)
denovo80 C36_AY258480 315 (621.0)
denovo80 C29_AY258494 322 (616.5)
denovo80 C1146_EF656434 322 (608.0)
denovo80 C1190_EU099841 315 (621.0)
denovo80 C131_JF320826 315 (603.0)
denovo80 C28_AY239380 324 (613.5)
denovo80 C1012_DQ480604 315 (611.5)
denovo80 C1181_AB294640 315 (588.0)
denovo80 C1180_AB294641 315 (606.0)
denovo80 C1179_AB294645 314 (594.5)
denovo80 C1176_AB294651 312 (599.0)
denovo80 C1175_AB294653 315 (588.0)
denovo80 C1174_AB294655 322 (593.0)
denovo80 C1177_AB294659 315 (597.0)
denovo80 C1040_AB190269 315 (612.0)
denovo80 C1182_AB294649 315 (603.0)
denovo80 C1089_AJ278598 315 (603.0)
denovo80 C1028_DQ335357 322 (614.0)
denovo80 C3.16_EU786015 315 (621.0)
denovo80 C1097_AJ311943 313 (595.0)
denovo80 C1170_AB294661 315 (597.0)
denovo80 C21.17_HE579029 315 (593.0)
denovo80 C21/3d/C3k_AY239372 315 (582.0)
denovo80 C58_AY589762 315 (578.5)
denovo80 C3L_AY589738 324 (609.5)
denovo80 C1169_AB294660 315 (597.0)
denovo80 C3.2_FJ461497 315 (606.0)
denovo80 C3.1_JF683321 314 (612.5)
denovo80 C1104_AF427469 316 (602.0)
denovo80 C3b_AF499791 315 (615.0)
denovo80 C83_GU907661 317 (611.0)
denovo80 C49_AY589754 356 (609.5)
denovo80 C3_AB778606 315 (612.0)
denovo80 C3_AF499789 315 (612.0)
denovo80 C3_HE579001 315 (612.0)
denovo80 C21.12_FJ461514 315 (564.0)
denovo80 C1229_EU074888 304 (603.5)
denovo80 C1230_EU074889 304 (612.5)
denovo80 C1114_AB207196 315 (594.0)
denovo80 C3.21_HE579009 314 (548.5)
denovo80 C1057_DQ480619 315 (603.0)
denovo80 C72_AY765407 308 (601.5)
denovo80 C1b.3_HE578999 315 (597.0)
denovo80 C93_AJ621536 315 (603.0)
denovo80 C94_AJ621539 315 (603.0)
denovo80 C1g_AY589730 315 (621.0)
denovo80 C1i_AY589731 321 (603.5)
denovo80 C1j_AY589732 322 (614.0)
denovo80 C1005_DQ480633 315 (603.0)
denovo80 C1.7_FJ461494 315 (603.0)
denovo80 C1.11_HE578984 315 (612.0)
denovo80 C1.12_HE578985 322 (607.5)
denovo80 C1.13_HE578986 315 (612.0)
denovo80 C1.14_HE578987 315 (612.0)
denovo80 C1.18_HE578991 315 (603.0)
denovo80 C1.19_HE578992 315 (603.0)
denovo80 C1199_EU099802 314 (595.0)
denovo80 C1188_EU099838 314 (610.0)
denovo80 C1002_DQ838544 314 (610.0)
denovo80 C1198_EU099810 315 (603.0)
denovo80 C24_AY239376 315 (603.0)
denovo80 C1f_AY258490 315 (612.0)
denovo80 C1006_DQ480629 313 (616.0)
denovo80 C1010_DQ480607 315 (603.0)
denovo80 C1007_DQ480624 315 (603.0)
denovo80 C1011_DQ480605 314 (617.5)
denovo80 C1009_DQ480608 314 (610.5)
denovo80 C1041_AY186548 315 (612.0)
denovo80 C1052_AY186570 315 (603.0)
denovo80 C1148_EU040178 314 (610.0)
denovo80 C1234_EU118165 315 (600.0)
denovo80 C1.5_EF634157 315 (612.0)
denovo80 C1059_DQ480609 315 (603.0)
denovo80 C1228_EU074883 322 (617.0)
denovo80 C1208_EU074963 315 (603.0)
denovo80 C1207_EU074964 315 (612.0)
denovo80 C1206_EU074965 315 (603.0)
denovo80 C1013_DQ480642 315 (603.0)
denovo80 C80_GU907656 325 (597.0)
denovo80 C1a_AF499788 315 (603.0)
denovo80 C41_AY258486 315 (612.0)
denovo80 C39_AY258484 300 (608.5)
denovo80 C1231_EU074878 315 (603.0)
denovo80 C1b.1_HE578997 315 (597.0)
denovo80 C18_AY258478 314 (610.5)
denovo80 C1.10_HE578983 307 (623.0)
denovo80 C1_JN558041 315 (612.0)
denovo80 C1_HE578979 315 (612.0)
denovo80 C1_AM748551 315 (612.0)
denovo80 C1_AF333515 315 (612.0)
denovo80 C1054_AY186565 321 (611.5)
denovo80 C1008_DQ480613 315 (603.0)
denovo80 C1103_AF427470 316 (602.0)
denovo80 C1226_EU074881 315 (617.5)
denovo80 C1b/C1e_AY239363 315 (606.0)
denovo80 C1044_DQ068038 315 (597.0)
denovo80 C1017_DQ174729 316 (596.0)
denovo80 C1.6_FJ461493 315 (621.0)
denovo80 C1b.2_HE578998 315 (597.0)
denovo80 C1060_DQ480600 315 (603.0)
denovo80 C1227_EU074882 315 (603.0)
denovo80 C1197_EU099814 315 (603.0)
denovo80 C1130_DQ480643 315 (508.0)
denovo80 D109_AB097465 330 (448.0)
denovo80 D1.11_HE579040 334 (451.0)
denovo80 D105_AF174570 335 (445.5)
denovo80 D104_AF174572 334 (451.0)
denovo80 D1.3_JF683337 335 (444.5)
denovo80 D1.10_HE579039 334 (451.0)
denovo80 D110_AF174561 334 (451.0)
denovo80 D117_AF174542 334 (442.0)
denovo80 D114_AF174549 334 (451.0)
denovo80 D113_AF174557 323 (446.0)
denovo80 D112_AF174558 334 (442.0)
denovo80 D106_AF174559 327 (448.0)
denovo80 D111_AF174560 334 (451.0)
denovo80 D115_AF174562 334 (442.0)
denovo80 D107_AF174568 333 (448.5)
denovo80 D116_AF174571 335 (444.5)
denovo80 D124_EU074897 329 (445.5)
denovo80 D1.8_HE579037 334 (451.0)
denovo80 D3_AY686650 334 (451.0)
denovo80 D1.6_HQ630881 334 (442.0)
denovo80 D120_EU074900 334 (433.5)
denovo80 D121_EU074904 334 (451.0)
denovo80 D122_EU074905 340 (442.5)
denovo80 D1a.2_JF683339 336 (441.0)
denovo80 D1a.1_JF683338 334 (442.5)
denovo80 D2_AY686649 578 (515.0)
denovo80 D4_DQ865214 335 (441.5)
denovo80 D1a_AF499802 334 (442.5)
denovo80 D1a_JN558078 334 (442.5)
denovo80 D123_EU074895 334 (451.0)
denovo80 D108_AF174567 336 (448.5)
denovo80 D103_AF174575 340 (442.5)
denovo80 D100_AF411415 335 (445.5)
denovo80 D118_EF656435 334 (441.5)
denovo80 D101_AF411416 323 (433.5)
denovo80 D119_EU099832 333 (441.5)
denovo80 D102_AF174573 333 (451.5)
denovo80 D1_AF334660 334 (451.0)
denovo80 D1_JN558076 334 (451.0)
denovo80 D1.12_HE579041 316 (454.0)
denovo80 D1.1_AM748564 408 (455.5)
denovo80 D1.2_AM748617 424 (475.0)
denovo80 E111_EU074915 326 (465.0)
denovo80 E110_EU074914 324 (459.5)
denovo80 E114_EU074909 325 (444.0)
denovo80 E1_AF334659 325 (449.5)
denovo80 E105_EU074921 324 (459.5)
denovo80 E112_EU074916 324 (441.5)
denovo80 E104_EU074922 332 (447.5)
denovo80 E102_EU074924 324 (441.5)
denovo80 E103_EU074923 324 (450.5)
denovo80 E101_AY160123 329 (425.5)
denovo80 E109_EU074913 321 (469.5)
denovo80 E100_DQ011618 324 (477.0)
denovo80 E108_EU074912 327 (467.5)
denovo80 E113_EU074908 323 (477.5)
denovo80 E107_EU074910 327 (467.5)
denovo80 F1_JN558066 316 (608.0)
denovo80 F5.2d_AJ291530 319 (644.5)
denovo80 F104_AJ291531 319 (644.5)
denovo80 F5.2c_AM748596 319 (635.5)
denovo80 F5.2_AM748594 319 (636.0)
denovo80 F5.2a_AM748614 319 (636.0)
denovo80 F5.2b_AM748595 319 (644.5)
denovo80 F5.2e_AJ291533 321 (624.0)
denovo80 F5.2g_JN558072 320 (647.0)
denovo80 F5.2f_AJ291512 319 (626.0)
denovo80 F102_AJ291534 319 (635.0)
denovo80 F5.1c_AM748593 320 (657.0)
denovo80 F5.1d_JN558069 321 (631.0)
denovo80 F5.1b_AJ291535 322 (644.0)
denovo80 F5.1_AM748592 320 (647.0)
denovo80 F5.1a_AM748591 320 (647.0)
denovo80 F110_AJ291526 308 (685.5)
denovo80 F4.7_AM748587 308 (671.0)
denovo80 F4.5_AM748585 310 (673.0)
denovo80 F4.4a_AM748583 308 (686.5)
denovo80 F4.4_AM748582 304 (697.0)
denovo80 F4.4b_AM748584 303 (694.0)
denovo80 F4.1a_AM748573 310 (633.5)
denovo80 F112_AJ291528 309 (635.0)
denovo80 F4.1_AM748572 309 (635.0)
denovo80 F4.8b_AM748590 307 (681.0)
denovo80 F4.8_AM748588 307 (672.0)
denovo80 F4.8a_AM748589 307 (672.0)
denovo80 F109_AJ291527 307 (681.0)
denovo80 F4.6_AM748586 307 (646.5)
denovo80 F111_AJ311949 309 (679.0)
denovo80 F4.3c_AM748581 308 (670.5)
denovo80 F4.3a_AM748579 309 (676.5)
denovo80 F4.3b_AM748580 308 (671.0)
denovo80 F4.3_AM748578 310 (669.5)
denovo80 F4.2_AM748574 309 (679.5)
denovo80 F4.2a_AM748575 307 (677.0)
denovo80 F4.2c_AM748577 307 (673.5)
denovo80 F4.2b_AM748576 307 (686.0)
denovo80 F2b_AJ291521 321 (641.0)
denovo80 F2_AJ830908 317 (657.0)
denovo80 F2a_AJ830911 316 (662.5)
denovo80 F3.1a_AM748566 326 (613.5)
denovo80 F114_AJ291525 326 (623.0)
denovo80 F3.1_AM748565 326 (623.0)
denovo80 F3.2_AM748567 327 (642.5)
denovo80 F3.2a_AM748568 320 (658.5)
denovo80 F3.3_AM748569 318 (648.5)
denovo80 F3.4a_AM748571 317 (610.0)
denovo80 F3.4_AM748570 317 (610.0)
denovo80 F3.4b_AM748616 317 (619.0)
denovo80 G101_AJ291539 339 (483.5)
denovo80 G1_AM748597 339 (483.5)
denovo80 G2b_JN558087 342 (468.0)
denovo80 G2_AM748598 342 (468.0)
denovo80 G2a_AM748599 339 (467.0)
denovo80 G4_AM748601 339 (491.5)
denovo80 G3.4_LK392378 331 (469.0)
denovo80 G3_AM748600 333 (491.0)
denovo80 G3.2_KC597694 320 (422.0)
denovo80 G3.1_KC597688 334 (457.0)
denovo80 G100_AB253788 333 (453.5)
denovo80 G3.3_LK392377 337 (456.5)
denovo80 H6_AJ291520 627 (282.0)
denovo80 H3_AM748606 316 (480.5)
denovo80 H2_AM748605 320 (517.5)
denovo80 H4_AM748607 328 (491.0)
denovo80 H4a_AM748608 329 (490.0)
denovo80 H5a_AM748611 317 (487.5)
denovo80 H5b_AM748610 320 (485.5)
denovo80 H5_AJ621129 318 (489.5)
denovo80 H5_AM748609 318 (489.5)
denovo80 H100_AJ291513 326 (474.0)
denovo80 H1b_AM748604 326 (469.0)
denovo80 H1a_AM748612 324 (480.5)
denovo80 H1_AJ621152 326 (478.0)
denovo80 H1_AM748602 326 (478.0)
denovo80 I3_FN561561 315 (649.5)
denovo80 I4_FN561562 315 (649.5)
denovo80 I1_FN561559 317 (655.0)
denovo80 I2_FN561560 342 (646.5)

#---------------------------------------
#---------------------------------------
