denovo91 A136_DQ865210 337 (487.5)
denovo91 A133_DQ174725 336 (500.0)
denovo91 A115_AF180123 338 (464.5)
denovo91 A117_AF201746 343 (516.5)
denovo91 A134_DQ174723 342 (522.0)
denovo91 A114_AF184941 343 (516.5)
denovo91 A135_DQ174727 340 (496.5)
denovo91 A2_AF333506 340 (520.0)
denovo91 A101_AF427468 340 (505.5)
denovo91 A2_1_JN558097 340 (505.5)
denovo91 A2_2_JN558100 340 (505.5)
denovo91 A113_AF184948 336 (489.5)
denovo91 A112_AF184949 347 (496.0)
denovo91 A123_EF378618 341 (365.0)
denovo91 A137_EF378621 337 (343.5)
denovo91 A11_EU449041 329 (501.5)
denovo91 A121_DQ174722 336 (481.0)
denovo91 A15b_EU792886 327 (465.5)
denovo91 A15a_EU792885 327 (475.0)
denovo91 A15c_EU792887 327 (475.5)
denovo91 A15_EU792884 327 (474.5)
denovo91 A147_EU074937 334 (487.0)
denovo91 A154_EU074860 329 (471.5)
denovo91 A146_EU074936 329 (489.5)
denovo91 A150_EU074928 329 (507.5)
denovo91 A116_AF183575 325 (505.0)
denovo91 A141_EU074931 329 (498.5)
denovo91 A5_AF333508 334 (501.5)
denovo91 A3b_EU449043 334 (496.0)
denovo91 A151_EU074925 329 (489.5)
denovo91 A152_EU074927 335 (489.5)
denovo91 A149_EU074929 331 (486.0)
denovo91 A140_EU074930 329 (480.5)
denovo91 A142_EU074932 329 (480.5)
denovo91 A143_EU074933 329 (498.5)
denovo91 A144_EU074934 329 (489.5)
denovo91 A145_EU074935 334 (496.0)
denovo91 A148_EU074938 329 (489.5)
denovo91 A155_EU074856 334 (496.0)
denovo91 A156_EU074859 329 (480.5)
denovo91 A139_EU074962 329 (480.5)
denovo91 A6_AF186058 329 (489.5)
denovo91 A3_AF333507 329 (489.5)
denovo91 A3_JN558091 329 (489.5)
denovo91 A8_AY258468 334 (488.0)
denovo91 A7_AY239360 325 (505.0)
denovo91 A16_EU792888 329 (499.5)
denovo91 A4.3_FN429763 345 (489.0)
denovo91 A120_AF180122 340 (512.5)
denovo91 A4.2_FN429761 343 (490.5)
denovo91 A4_AF333509 343 (509.5)
denovo91 A4.1_FN429760 342 (504.5)
denovo91 A4a_AF499778 343 (510.0)
denovo91 A4a.1_FN429762 343 (510.0)
denovo91 A138_EF378620 334 (488.5)
denovo91 A122_EF378619 334 (519.5)
denovo91 A126_EF378615 333 (520.5)
denovo91 A10_EU792882 333 (520.5)
denovo91 A9_EU449028 338 (503.0)
denovo91 A105_AB207202 337 (500.0)
denovo91 A119_AF180121 332 (510.5)
denovo91 A12_EU792883 341 (503.5)
denovo91 A104_AB207203 338 (512.0)
denovo91 A1a_EU449030 342 (506.5)
denovo91 A1.3_HE578976 339 (505.5)
denovo91 A1.4_HE578977 340 (508.5)
denovo91 A13_AF333504 339 (505.5)
denovo91 A13_JN558094 339 (505.5)
denovo91 A110_AB190282 338 (503.0)
denovo91 A103_AB207206 338 (512.0)
denovo91 A130_EF656428 338 (503.0)
denovo91 A127_EF656429 338 (512.0)
denovo91 A128_EF656430 338 (503.0)
denovo91 A129_EF656431 339 (506.0)
denovo91 A131_EF656432 338 (512.0)
denovo91 A118_AF180120 332 (505.0)
denovo91 A1_AF333505 338 (512.0)
denovo91 A107_AB207199 338 (521.0)
denovo91 A111_AB190280 338 (521.0)
denovo91 A108_AB207197 339 (490.5)
denovo91 A106_AB207200 338 (513.0)
denovo91 A102_AB207209 338 (512.0)
denovo91 A1.2_AB207210 338 (512.0)
denovo91 A109_AB190285 335 (513.0)
denovo91 B4_AF333510 319 (687.0)
denovo91 B23_EU449079 329 (587.0)
denovo91 B30_GU907644 338 (586.0)
denovo91 B11_AY239361 330 (635.0)
denovo91 B17_AY258470 337 (626.5)
denovo91 B1k_GU907638 310 (315.5)
denovo91 B1.V_Green2014 335 (595.5)
denovo91 B1b_AF499780 320 (609.0)
denovo91 B16_AY258469 328 (628.5)
denovo91 B31a_GU907646 331 (627.5)
denovo91 B32_GU907647 331 (627.5)
denovo91 B31_GU907645 331 (636.5)
denovo91 B1j_GU907637 331 (654.5)
denovo91 B37_GU907650 340 (646.5)
denovo91 B5a_AF499782 330 (651.0)
denovo91 B5_AF499781 330 (642.0)
denovo91 B24_GU907643 330 (526.0)
denovo91 B117_AF180124 329 (631.0)
denovo91 B10_AF499787 330 (643.0)
denovo91 B20_GU907642 333 (638.0)
denovo91 B1m_GU907640 331 (645.5)
denovo91 B34_GU907649 331 (646.5)
denovo91 B1d_GU907633 331 (646.0)
denovo91 B1e_GU907634 331 (646.0)
denovo91 B1i_GU907636 331 (645.5)
denovo91 B1g_GU907635 334 (632.0)
denovo91 B123_EU074872 331 (636.5)
denovo91 B8_AF499785 332 (636.0)
denovo91 B1l_GU907639 331 (636.5)
denovo91 B1a_AF499779 331 (645.5)
denovo91 B14_AY239362 332 (636.0)
denovo91 B125_EU074865 331 (636.5)
denovo91 B122_EU074871 331 (636.5)
denovo91 B124_EU074874 331 (636.5)
denovo91 B1.VII_Green2014 331 (566.5)
denovo91 B1.III_Green2014 327 (617.0)
denovo91 B1.I_Green2014 331 (645.5)
denovo91 B1.II_Green2014 331 (645.5)
denovo91 B1_JN558057 331 (645.5)
denovo91 B1_AF333511 331 (645.5)
denovo91 B1.IV_Green2014 342 (644.0)
denovo91 B121_EU074870 332 (647.5)
denovo91 B7_AF499784 331 (654.5)
denovo91 B1.VI_Green2014 329 (640.0)
denovo91 B3_AF333514 330 (629.0)
denovo91 B9_AF499786 326 (617.0)
denovo91 B19a_JN558055 323 (590.5)
denovo91 B119_EU099825 339 (573.0)
denovo91 B21_DQ865213 323 (605.0)
denovo91 B38_GU907651 323 (605.0)
denovo91 B18_AY258471 330 (620.0)
denovo91 B18a_AY258472 330 (611.0)
denovo91 B33_GU907648 326 (607.0)
denovo91 B6_AF499783 331 (624.0)
denovo91 B19_DQ865212 326 (617.5)
denovo91 B19_GU907641 326 (617.5)
denovo91 B2_AF333512 326 (626.5)
denovo91 B2_JN558060 326 (626.5)
denovo91 C33.1_AY258498 300 (1301.0)
denovo91 C33.2_AY765400 300 (1301.0)
denovo91 C33a_EF541147 300 (1301.0)
denovo91 C34_AY258499 300 (1310.0)
denovo91 C78_AY765413 300 (1274.0)
denovo91 C15.29_KC597690 302 (1270.0)
denovo91 C1131_DQ182650 300 (1219.0)
denovo91 C1135_DQ182646 300 (1210.0)
denovo91 C1134_DQ182647 300 (1210.0)
denovo91 C1142_DQ182635 300 (1219.0)
denovo91 C1136_DQ182644 300 (1189.0)
denovo91 C1111_DQ182645 300 (1189.0)
denovo91 C1236_EF473656 300 (1198.0)
denovo91 C1138_DQ182642 300 (1198.0)
denovo91 C1137_DQ182643 300 (1198.0)
denovo91 C1133_DQ182648 300 (1198.0)
denovo91 C1132_DQ182649 300 (1198.0)
denovo91 C1143_DQ182634 300 (1207.0)
denovo91 C1139_DQ182639 300 (1228.0)
denovo91 C15.28_KC597687 300 (1265.0)
denovo91 C1141_DQ182636 300 (1237.0)
denovo91 C1144_DQ182637 300 (1228.0)
denovo91 C1122_DQ182654 300 (1237.0)
denovo91 C1127_DQ182652 300 (1237.0)
denovo91 C15.30_JX394114 300 (1283.0)
denovo91 C15.26_KC597686 300 (1283.0)
denovo91 C1086_DQ182656 300 (1283.0)
denovo91 C15.25_KC597685 300 (1292.0)
denovo91 C1118_AF180127 300 (1207.0)
denovo91 C1129_DQ182651 300 (1264.0)
denovo91 C15.21_KC597683 300 (1283.0)
denovo91 C56_AY589760 300 (1301.0)
denovo91 C1140_DQ182638 300 (1264.0)
denovo91 C1126_DQ182653 300 (1255.0)
denovo91 C15c_AY258492 300 (1301.0)
denovo91 C15d_AY258493 300 (1292.0)
denovo91 C1098_DQ182641 300 (1271.5)
denovo91 C15.27_KC597689 300 (1301.0)
denovo91 C15.18_HE579024 300 (1301.0)
denovo91 C15.16_HE579022 300 (1301.0)
denovo91 C1101_AB253787 300 (1301.0)
denovo91 C1083_AY237300 300 (1301.0)
denovo91 C1088_DQ182640 300 (1301.0)
denovo91 C15.6_FN563472 300 (1310.0)
denovo91 C15.5_FJ461512 300 (1310.0)
denovo91 C15.4_FJ461511 300 (1319.0)
denovo91 C15.13_HE579019 301 (1303.5)
denovo91 C15.12_HE579018 300 (1310.0)
denovo91 C93a_AM748563 300 (1319.0)
denovo91 C1094_AJ291514 300 (1301.0)
denovo91 C93_AM748562 300 (1310.0)
denovo91 C15.17_HE579023 300 (1295.0)
denovo91 C15e_AY589742 300 (1295.0)
denovo91 C15.22_KC597695 300 (1310.0)
denovo91 C60_AY589764 300 (1310.0)
denovo91 C15.1_FJ461508 300 (1310.0)
denovo91 C15.2_FJ461509 300 (1319.0)
denovo91 C15.9_FN563475 300 (1310.0)
denovo91 C15.7_HE579015 300 (1310.0)
denovo91 C15.8_HE579016 300 (1310.0)
denovo91 C15.15_HE579021 300 (1310.0)
denovo91 C15.19_HE579025 300 (1310.0)
denovo91 C15.24_KC597696 300 (1301.0)
denovo91 C15.3_FJ461510 300 (1328.0)
denovo91 C1087_DQ182655 300 (1310.0)
denovo91 C15.14_HE579020 301 (1300.0)
denovo91 C15.23_KC597697 301 (1300.0)
denovo91 C19_AY258479 300 (1304.0)
denovo91 C1233_EU118166 300 (1310.0)
denovo91 C15b_AY258491 300 (1310.0)
denovo91 C15a_AY258476 300 (1328.0)
denovo91 C1051_AF195153 300 (1328.0)
denovo91 C2_AF333518 301 (1318.0)
denovo91 C15.20_HE579026 301 (1309.0)
denovo91 C15f_AY589743 301 (1309.0)
denovo91 C55_AY589759 304 (1307.5)
denovo91 C15_AY239369 300 (1319.0)
denovo91 C32.1_JF683335 309 (1161.5)
denovo91 C32.2_JF683336 309 (1179.5)
denovo91 C21.23_KC597693 309 (1179.5)
denovo91 C1193_EU099827 301 (1282.0)
denovo91 C1195_EU099821 308 (1269.5)
denovo91 C3q_GU907655 301 (1243.0)
denovo91 C53_AY589758 300 (1292.0)
denovo91 C73_AY765408 305 (1249.5)
denovo91 C17.2.1_KC597684 302 (1247.5)
denovo91 C32_AY258497 300 (1271.0)
denovo91 C1189_EU099831 300 (1280.0)
denovo91 C1191_EU099833 300 (1271.0)
denovo91 C1196_EU099819 300 (1280.0)
denovo91 C1192_EU099820 300 (1280.0)
denovo91 C17.1_JF683322 300 (1289.0)
denovo91 C26_b2_FN827164 301 (1279.0)
denovo91 C26_b3_FN827165 301 (1279.0)
denovo91 C31.9_HQ630879 303 (1268.5)
denovo91 C31a_AY589746 303 (1265.0)
denovo91 C30_AY589745 303 (1265.0)
denovo91 C31.1_HQ630876 303 (1265.0)
denovo91 C31.5_HQ630877 303 (1265.0)
denovo91 C31.6_HQ630878 303 (1265.0)
denovo91 C31.2_JF683332 303 (1265.0)
denovo91 C31.3_JF683333 303 (1265.0)
denovo91 C26/C35a_AY239378 301 (1279.0)
denovo91 C35a_AY258501 301 (1279.0)
denovo91 C35.2_AY258500 301 (1288.0)
denovo91 C26_b1_FN827163 301 (1288.0)
denovo91 C17_AY239370 300 (1298.0)
denovo91 C17.2_FJ461513 302 (1287.5)
denovo91 C31.10_HQ630880 303 (1277.5)
denovo91 C31.4_JF683334 307 (1262.5)
denovo91 C31_AY258496 303 (1274.0)
denovo91 C25_AY239377 302 (1290.5)
denovo91 C61_AY589765 300 (1258.0)
denovo91 C1043_DQ072721 300 (1296.0)
denovo91 C79_AY765414 300 (1301.0)
denovo91 C69_AY589773 301 (1240.5)
denovo91 C69a_AY686648 301 (1231.5)
denovo91 C21.22_KC597692 300 (1262.0)
denovo91 C51_AY589756 300 (1310.0)
denovo91 C1aa_HM185739 300 (1311.0)
denovo91 C1096_DQ068023 300 (1280.0)
denovo91 C74_AY765409 301 (1291.0)
denovo91 C1185_AB294629 301 (1300.0)
denovo91 C1184_AB294630 301 (1300.0)
denovo91 C1153_AB294625 301 (1300.0)
denovo91 C1154_AB294626 301 (1300.0)
denovo91 C1187_AB294627 301 (1300.0)
denovo91 C1186_AB294628 301 (1300.0)
denovo91 C57_AY589761 301 (1309.0)
denovo91 C66_AY589771 301 (1309.0)
denovo91 C5_AF499795 300 (1319.0)
denovo91 C1167_AB294586 300 (1319.0)
denovo91 C1164_AB294593 300 (1319.0)
denovo91 C1183_AB294631 301 (1321.5)
denovo91 C1067_DQ335381 300 (1328.0)
denovo91 C1159_AB294613 301 (1300.0)
denovo91 C1150_AB294622 301 (1309.0)
denovo91 C90_AM748554 302 (1335.5)
denovo91 C1168_AB294583 300 (1319.0)
denovo91 C1156_AB294616 300 (1319.0)
denovo91 C1151_AB294621 300 (1337.0)
denovo91 C92a_AM748561 300 (1319.0)
denovo91 C92_AM748560 300 (1328.0)
denovo91 C1165_AB294581 300 (1328.0)
denovo91 C1166_AB294584 300 (1328.0)
denovo91 C1162_AB294594 300 (1328.0)
denovo91 C1163_AB294596 300 (1328.0)
denovo91 C1161_AB294606 300 (1328.0)
denovo91 C1160_AB294608 300 (1328.0)
denovo91 C1158_AB294614 300 (1328.0)
denovo91 C1155_AB294617 300 (1328.0)
denovo91 C1149_AB294620 300 (1328.0)
denovo91 C1173_AB294662 300 (1328.0)
denovo91 C1171_AB294663 300 (1328.0)
denovo91 C1172_AB294665 300 (1328.0)
denovo91 C91a_AM748556 300 (1328.0)
denovo91 C91b_AM748557 300 (1328.0)
denovo91 C91d_AM748559 300 (1328.0)
denovo91 C91c_AM748558 300 (1328.0)
denovo91 C91_AJ621543 300 (1337.0)
denovo91 C91_AM748555 300 (1337.0)
denovo91 C1023_DQ335330 300 (1109.0)
denovo91 C1020_DQ335392 300 (1337.0)
denovo91 C1018_DQ335408 300 (1337.0)
denovo91 C1074_DQ335329 300 (1337.0)
denovo91 C1030_DQ335353 300 (1337.0)
denovo91 C1022_DQ335331 300 (1337.0)
denovo91 C1027_DQ335360 300 (1337.0)
denovo91 C1072_DQ335344 300 (1346.0)
denovo91 C1039_AB190274 300 (1337.0)
denovo91 C1033_DQ335350 305 (1334.0)
denovo91 C1019_DQ335407 300 (1346.0)
denovo91 C1194_EU099826 301 (1306.5)
denovo91 C8b_AY258475 300 (1322.0)
denovo91 C8_AY239367 300 (1346.0)
denovo91 C8a_AY239368 300 (1337.0)
denovo91 C54a_AY765406 300 (1328.0)
denovo91 C3ff_HM185740 300 (1328.0)
denovo91 C59_AY589763 302 (1308.0)
denovo91 C3k_AY589737 300 (1319.0)
denovo91 C3.24_HE579012 300 (1301.0)
denovo91 C3.23_HE579011 300 (1310.0)
denovo91 C35.1_AY765401 300 (1319.0)
denovo91 C35.3_EF541145 300 (1328.0)
denovo91 C76_AY765411 300 (1298.0)
denovo91 C1107_DQ335359 300 (1305.0)
denovo91 C3.22_HE579010 302 (1317.5)
denovo91 C77_AY765412 302 (1302.5)
denovo91 C20_AY239371 300 (1337.0)
denovo91 C1055_DQ480640 301 (1327.0)
denovo91 C27/C30_AY239379 301 (1279.0)
denovo91 C27.1_FJ461517 301 (1270.0)
denovo91 C40a_AY589747 300 (1328.0)
denovo91 C40_AY258485 300 (1337.0)
denovo91 C40b_AY589748 301 (1327.0)
denovo91 C16_AY258477 300 (1337.0)
denovo91 C16a_AY765399 300 (1328.0)
denovo91 C1091_AB207186 300 (1328.0)
denovo91 C1102_DQ335400 300 (1328.0)
denovo91 C1069_DQ335375 300 (1328.0)
denovo91 C1073_DQ335332 300 (1337.0)
denovo91 C1066_DQ335382 300 (1328.0)
denovo91 C1031_DQ335352 300 (1337.0)
denovo91 C1026_DQ335366 300 (1346.0)
denovo91 C70_AY589774 300 (1346.0)
denovo91 C1082_AB190267 300 (1337.0)
denovo91 C1078_AB190271 300 (1337.0)
denovo91 C1090_AB207191 300 (1337.0)
denovo91 C1071_DQ335302 300 (1337.0)
denovo91 C1075_DQ335328 300 (1337.0)
denovo91 C1068_DQ335379 300 (1337.0)
denovo91 C1064_DQ335395 300 (1337.0)
denovo91 C1063_DQ335403 300 (1337.0)
denovo91 C62_AY589766 300 (1346.0)
denovo91 C1077_DQ335316 301 (1336.0)
denovo91 C1109_DQ335338 300 (1337.0)
denovo91 C1110_DQ335340 300 (1328.0)
denovo91 C1106_DQ335339 300 (1319.0)
denovo91 C1112_DQ335319 300 (1328.0)
denovo91 C1108_DQ335351 300 (1319.0)
denovo91 C1105_DQ335394 300 (1328.0)
denovo91 C1121_DQ335378 300 (1310.0)
denovo91 C1116_AB190268 300 (1328.0)
denovo91 C1115_AB190273 300 (1319.0)
denovo91 C1124_DQ335323 300 (1310.0)
denovo91 C1120_DQ335398 300 (1310.0)
denovo91 C1119_DQ335404 300 (1310.0)
denovo91 C1123_DQ335363 300 (1319.0)
denovo91 C1004_DQ480635 300 (1337.0)
denovo91 C1061_AY186568 300 (1337.0)
denovo91 C1053_AY186569 300 (1337.0)
denovo91 C1003_DQ480639 300 (1346.0)
denovo91 C81_GU907657 304 (1195.0)
denovo91 C22_AY239373 300 (1308.5)
denovo91 C22a_AY239374 300 (1299.5)
denovo91 C1232_EU118163 300 (1328.0)
denovo91 C21.13_FJ461515 300 (1280.0)
denovo91 C21.1_JF683323 300 (1280.0)
denovo91 C21.3_JF683325 300 (1289.0)
denovo91 C1.20_HE578993 300 (1337.0)
denovo91 C1.22_HE578995 300 (1328.0)
denovo91 C52_AY589757 300 (1313.0)
denovo91 C1201_EU099793 302 (1311.0)
denovo91 C14_AY589741 300 (1331.0)
denovo91 C43_AY589749 300 (1346.0)
denovo91 C50_AY589755 300 (1337.0)
denovo91 C3.14_HQ630872 300 (1337.0)
denovo91 C1m_AY765398 300 (1346.0)
denovo91 C82_GU907658 300 (1346.0)
denovo91 C82b_GU907660 300 (1346.0)
denovo91 C64_AY589768 300 (1328.0)
denovo91 C45a_AY765404 300 (1346.0)
denovo91 C48_AY589753 302 (1335.5)
denovo91 C1_v1b_FJ919244 300 (1346.0)
denovo91 C1_v1a_FJ919243 300 (1355.0)
denovo91 C3j_AY239366 300 (1337.0)
denovo91 C3t_EF541149 300 (1337.0)
denovo91 C9_AF499798 300 (1355.0)
denovo91 C23_AY239375 300 (1346.0)
denovo91 C37_AY258481 300 (1337.0)
denovo91 C1048_DQ068026 300 (1355.0)
denovo91 C21.4_JF683326 300 (1289.0)
denovo91 C21.5_JF683327 300 (1298.0)
denovo91 C1070_DQ335349 300 (1337.0)
denovo91 C21.6_HQ630873 300 (1298.0)
denovo91 C1224_EU074890 300 (1346.0)
denovo91 C1.17_HE578990 300 (1355.0)
denovo91 C21_b1_FN827162 300 (1289.0)
denovo91 C21.9_JF683330 300 (1298.0)
denovo91 C1085_AY624605 300 (1337.0)
denovo91 C3p_GU907654 300 (1322.0)
denovo91 C3f_AY589734 300 (1346.0)
denovo91 C65a_AY589770 300 (1337.0)
denovo91 C65_AY589769 300 (1346.0)
denovo91 C71_AY589775 300 (1337.0)
denovo91 C71a_AY589776 300 (1328.0)
denovo91 C1178_AB294647 300 (1322.0)
denovo91 C1225_EU074893 300 (1346.0)
denovo91 C75_AY765410 300 (1337.0)
denovo91 C21.10_JF683331 300 (1289.0)
denovo91 C21.11_HQ630874 300 (1298.0)
denovo91 C1065_DQ335388 300 (1337.0)
denovo91 C1045_DQ068036 300 (1346.0)
denovo91 C1h_AY258473 300 (1355.0)
denovo91 C38_AY258482 300 (1337.0)
denovo91 C1202_EU099799 300 (1337.0)
denovo91 C7_AF499797 300 (1346.0)
denovo91 C12_AF499801 302 (1335.5)
denovo91 C38a_AY258483 301 (1327.0)
denovo91 C1200_EU099800 300 (1290.5)
denovo91 C44a_AY589751 300 (1355.0)
denovo91 C47_AY589752 300 (1355.0)
denovo91 C44_AY589750 300 (1364.0)
denovo91 C1.15_HE578988 300 (1355.0)
denovo91 C45.3_FJ461522 300 (1364.0)
denovo91 C46a_AY765405 300 (1355.0)
denovo91 C46_EU449108 300 (1364.0)
denovo91 C3.12_FJ461507 300 (1364.0)
denovo91 C1k_AY589733 300 (1364.0)
denovo91 C67_AY686647 300 (1364.0)
denovo91 C82a_GU907659 300 (1364.0)
denovo91 C10a_AY589739 300 (1355.0)
denovo91 C10_AF499799 300 (1364.0)
denovo91 C13_AY589740 306 (1351.5)
denovo91 C4_AF499794 300 (1364.0)
denovo91 C1147_EF656433 300 (1364.0)
denovo91 C1c/C45_AY239364 300 (1373.0)
denovo91 C1c/C45_EU449103 300 (1373.0)
denovo91 C21.19_HE579031 300 (1289.0)
denovo91 C21.21_HE579033 300 (1271.0)
denovo91 C21.20_HE579032 300 (1280.0)
denovo91 C42b_AY765403 300 (1346.0)
denovo91 C42_AY258487 300 (1355.0)
denovo91 C1p_GU907652 300 (1355.0)
denovo91 C1d_AY258488 300 (1355.0)
denovo91 C42_AY765402 300 (1364.0)
denovo91 C3ha_AY589736 300 (1289.0)
denovo91 C63a_AY589767 302 (1278.5)
denovo91 C21a_AY589744 300 (1298.0)
denovo91 C3o_GU907653 300 (1298.0)
denovo91 C21.16_HQ630875 300 (1298.0)
denovo91 C21.2_JF683324 300 (1298.0)
denovo91 C21.7_JF683328 300 (1298.0)
denovo91 C21.8_JF683329 300 (1298.0)
denovo91 C3h_AY239365 300 (1298.0)
denovo91 C1203_EU099798 300 (1298.0)
denovo91 C3.10_FJ461505 300 (1346.0)
denovo91 C21.14_FJ461516 300 (1298.0)
denovo91 C21.18_HE579030 306 (1285.5)
denovo91 C3.17_HE579005 300 (1346.0)
denovo91 C3.9_FJ461504 300 (1316.0)
denovo91 C3.8_FJ461503 300 (1346.0)
denovo91 C3.7_FJ461502 300 (1346.0)
denovo91 C3.11_FJ461506 300 (1346.0)
denovo91 C3.18_HE579006 300 (1355.0)
denovo91 C3.19_HE579007 300 (1346.0)
denovo91 C3.20_HE579008 300 (1346.0)
denovo91 C3g_AY589735 302 (1335.5)
denovo91 C3a_AF499790 300 (1346.0)
denovo91 C3e_AF499793 300 (1346.0)
denovo91 C6_AF499796 300 (1337.0)
denovo91 C11_AF499800 300 (1346.0)
denovo91 C36_AY258480 300 (1346.0)
denovo91 C29_AY258494 300 (1346.0)
denovo91 C1146_EF656434 300 (1346.0)
denovo91 C1190_EU099841 300 (1346.0)
denovo91 C131_JF320826 300 (1346.0)
denovo91 C28_AY239380 302 (1335.5)
denovo91 C1012_DQ480604 300 (1346.0)
denovo91 C1181_AB294640 300 (1331.0)
denovo91 C1180_AB294641 300 (1331.0)
denovo91 C1179_AB294645 300 (1331.0)
denovo91 C1176_AB294651 300 (1331.0)
denovo91 C1175_AB294653 300 (1331.0)
denovo91 C1174_AB294655 300 (1331.0)
denovo91 C1177_AB294659 300 (1331.0)
denovo91 C1040_AB190269 300 (1346.0)
denovo91 C1182_AB294649 300 (1346.0)
denovo91 C1089_AJ278598 300 (1346.0)
denovo91 C1028_DQ335357 300 (1346.0)
denovo91 C3.16_EU786015 300 (1346.0)
denovo91 C1097_AJ311943 301 (1336.0)
denovo91 C1170_AB294661 300 (1331.0)
denovo91 C21.17_HE579029 300 (1309.0)
denovo91 C21/3d/C3k_AY239372 300 (1307.0)
denovo91 C58_AY589762 301 (1297.0)
denovo91 C3L_AY589738 303 (1314.0)
denovo91 C1169_AB294660 300 (1340.0)
denovo91 C3.2_FJ461497 300 (1340.0)
denovo91 C3.1_JF683321 300 (1340.0)
denovo91 C1104_AF427469 301 (1345.0)
denovo91 C3b_AF499791 300 (1340.0)
denovo91 C83_GU907661 302 (1344.5)
denovo91 C49_AY589754 341 (1325.0)
denovo91 C3_AB778606 300 (1355.0)
denovo91 C3_AF499789 300 (1355.0)
denovo91 C3_HE579001 300 (1355.0)
denovo91 C21.12_FJ461514 300 (1298.0)
denovo91 C1229_EU074888 300 (1287.0)
denovo91 C1230_EU074889 300 (1296.0)
denovo91 C1114_AB207196 300 (1337.0)
denovo91 C3.21_HE579009 300 (1250.0)
denovo91 C1057_DQ480619 300 (1346.0)
denovo91 C72_AY765407 300 (1318.0)
denovo91 C1b.3_HE578999 300 (1340.0)
denovo91 C93_AJ621536 300 (1346.0)
denovo91 C94_AJ621539 300 (1355.0)
denovo91 C1g_AY589730 300 (1355.0)
denovo91 C1i_AY589731 300 (1346.0)
denovo91 C1j_AY589732 300 (1355.0)
denovo91 C1005_DQ480633 300 (1355.0)
denovo91 C1.7_FJ461494 300 (1355.0)
denovo91 C1.11_HE578984 300 (1355.0)
denovo91 C1.12_HE578985 300 (1355.0)
denovo91 C1.13_HE578986 300 (1355.0)
denovo91 C1.14_HE578987 300 (1355.0)
denovo91 C1.18_HE578991 300 (1355.0)
denovo91 C1.19_HE578992 300 (1355.0)
denovo91 C1199_EU099802 300 (1331.0)
denovo91 C1188_EU099838 300 (1346.0)
denovo91 C1002_DQ838544 300 (1346.0)
denovo91 C1198_EU099810 300 (1355.0)
denovo91 C24_AY239376 300 (1346.0)
denovo91 C1f_AY258490 300 (1355.0)
denovo91 C1006_DQ480629 300 (1355.0)
denovo91 C1010_DQ480607 300 (1355.0)
denovo91 C1007_DQ480624 300 (1346.0)
denovo91 C1011_DQ480605 300 (1355.0)
denovo91 C1009_DQ480608 300 (1355.0)
denovo91 C1041_AY186548 300 (1346.0)
denovo91 C1052_AY186570 300 (1355.0)
denovo91 C1148_EU040178 300 (1355.0)
denovo91 C1234_EU118165 301 (1345.5)
denovo91 C1.5_EF634157 300 (1355.0)
denovo91 C1059_DQ480609 300 (1355.0)
denovo91 C1228_EU074883 300 (1355.0)
denovo91 C1208_EU074963 300 (1355.0)
denovo91 C1207_EU074964 300 (1355.0)
denovo91 C1206_EU074965 300 (1355.0)
denovo91 C1013_DQ480642 300 (1346.0)
denovo91 C80_GU907656 310 (1340.5)
denovo91 C1a_AF499788 300 (1355.0)
denovo91 C41_AY258486 300 (1355.0)
denovo91 C39_AY258484 300 (1286.5)
denovo91 C1231_EU074878 300 (1355.0)
denovo91 C1b.1_HE578997 300 (1340.0)
denovo91 C18_AY258478 300 (1355.0)
denovo91 C1.10_HE578983 300 (1316.0)
denovo91 C1_JN558041 300 (1364.0)
denovo91 C1_HE578979 300 (1364.0)
denovo91 C1_AM748551 300 (1364.0)
denovo91 C1_AF333515 300 (1364.0)
denovo91 C1054_AY186565 301 (1354.0)
denovo91 C1008_DQ480613 300 (1355.0)
denovo91 C1103_AF427470 301 (1354.0)
denovo91 C1226_EU074881 301 (1372.5)
denovo91 C1b/C1e_AY239363 300 (1349.0)
denovo91 C1044_DQ068038 300 (1349.0)
denovo91 C1017_DQ174729 301 (1339.0)
denovo91 C1.6_FJ461493 300 (1355.0)
denovo91 C1b.2_HE578998 300 (1340.0)
denovo91 C1060_DQ480600 300 (1355.0)
denovo91 C1227_EU074882 300 (1355.0)
denovo91 C1197_EU099814 300 (1364.0)
denovo91 C1130_DQ480643 299 (1256.0)
denovo91 D109_AB097465 348 (526.0)
denovo91 D1.11_HE579040 332 (534.0)
denovo91 D105_AF174570 343 (539.0)
denovo91 D104_AF174572 347 (525.0)
denovo91 D1.3_JF683337 341 (534.5)
denovo91 D1.10_HE579039 341 (525.5)
denovo91 D110_AF174561 341 (526.0)
denovo91 D117_AF174542 341 (525.5)
denovo91 D114_AF174549 341 (534.5)
denovo91 D113_AF174557 345 (519.0)
denovo91 D112_AF174558 349 (531.0)
denovo91 D106_AF174559 342 (528.0)
denovo91 D111_AF174560 340 (540.0)
denovo91 D115_AF174562 341 (525.5)
denovo91 D107_AF174568 342 (536.5)
denovo91 D116_AF174571 340 (540.0)
denovo91 D124_EU074897 349 (521.5)
denovo91 D1.8_HE579037 341 (534.5)
denovo91 D3_AY686650 340 (541.0)
denovo91 D1.6_HQ630881 341 (525.5)
denovo91 D120_EU074900 341 (517.0)
denovo91 D121_EU074904 340 (540.0)
denovo91 D122_EU074905 341 (525.5)
denovo91 D1a.2_JF683339 349 (532.5)
denovo91 D1a.1_JF683338 349 (530.5)
denovo91 D2_AY686649 589 (581.5)
denovo91 D4_DQ865214 348 (525.0)
denovo91 D1a_AF499802 341 (526.0)
denovo91 D1a_JN558078 341 (526.0)
denovo91 D123_EU074895 341 (534.5)
denovo91 D108_AF174567 348 (528.5)
denovo91 D103_AF174575 347 (533.5)
denovo91 D100_AF411415 350 (524.5)
denovo91 D118_EF656435 350 (525.0)
denovo91 D101_AF411416 350 (509.5)
denovo91 D119_EU099832 341 (527.5)
denovo91 D102_AF174573 341 (537.5)
denovo91 D1_AF334660 341 (534.5)
denovo91 D1_JN558076 341 (534.5)
denovo91 D1.12_HE579041 332 (509.0)
denovo91 D1.1_AM748564 428 (550.5)
denovo91 D1.2_AM748617 405 (540.5)
denovo91 E111_EU074915 359 (462.5)
denovo91 E110_EU074914 358 (477.0)
denovo91 E114_EU074909 358 (477.0)
denovo91 E1_AF334659 358 (473.5)
denovo91 E105_EU074921 357 (483.5)
denovo91 E112_EU074916 364 (469.5)
denovo91 E104_EU074922 365 (472.5)
denovo91 E102_EU074924 364 (469.5)
denovo91 E103_EU074923 364 (478.5)
denovo91 E101_AY160123 360 (463.0)
denovo91 E109_EU074913 363 (466.5)
denovo91 E100_DQ011618 370 (466.5)
denovo91 E108_EU074912 357 (464.5)
denovo91 E113_EU074908 363 (466.5)
denovo91 E107_EU074910 357 (464.5)
denovo91 F1_JN558066 309 (1009.0)
denovo91 F5.2d_AJ291530 306 (992.5)
denovo91 F104_AJ291531 306 (992.5)
denovo91 F5.2c_AM748596 306 (992.5)
denovo91 F5.2_AM748594 303 (1001.5)
denovo91 F5.2a_AM748614 303 (1001.5)
denovo91 F5.2b_AM748595 303 (992.5)
denovo91 F5.2e_AJ291533 303 (939.5)
denovo91 F5.2g_JN558072 303 (992.5)
denovo91 F5.2f_AJ291512 303 (1001.5)
denovo91 F102_AJ291534 303 (992.5)
denovo91 F5.1c_AM748593 308 (979.5)
denovo91 F5.1d_JN558069 308 (1006.5)
denovo91 F5.1b_AJ291535 306 (1002.5)
denovo91 F5.1_AM748592 308 (1006.5)
denovo91 F5.1a_AM748591 307 (1004.5)
denovo91 F110_AJ291526 317 (877.5)
denovo91 F4.7_AM748587 318 (910.5)
denovo91 F4.5_AM748585 306 (936.0)
denovo91 F4.4a_AM748583 304 (977.5)
denovo91 F4.4_AM748582 307 (974.5)
denovo91 F4.4b_AM748584 307 (974.0)
denovo91 F4.1a_AM748573 320 (896.0)
denovo91 F112_AJ291528 320 (878.0)
denovo91 F4.1_AM748572 320 (896.0)
denovo91 F4.8b_AM748590 311 (904.0)
denovo91 F4.8_AM748588 313 (901.5)
denovo91 F4.8a_AM748589 311 (904.0)
denovo91 F109_AJ291527 313 (879.5)
denovo91 F4.6_AM748586 316 (910.5)
denovo91 F111_AJ311949 312 (923.5)
denovo91 F4.3c_AM748581 315 (942.0)
denovo91 F4.3a_AM748579 312 (932.5)
denovo91 F4.3b_AM748580 312 (932.5)
denovo91 F4.3_AM748578 312 (941.5)
denovo91 F4.2_AM748574 309 (954.5)
denovo91 F4.2a_AM748575 308 (946.0)
denovo91 F4.2c_AM748577 309 (945.5)
denovo91 F4.2b_AM748576 308 (955.0)
denovo91 F2b_AJ291521 312 (988.0)
denovo91 F2_AJ830908 310 (972.5)
denovo91 F2a_AJ830911 311 (966.0)
denovo91 F3.1a_AM748566 316 (940.0)
denovo91 F114_AJ291525 316 (949.0)
denovo91 F3.1_AM748565 316 (967.0)
denovo91 F3.2_AM748567 313 (994.5)
denovo91 F3.2a_AM748568 315 (1018.0)
denovo91 F3.3_AM748569 305 (941.5)
denovo91 F3.4a_AM748571 315 (888.5)
denovo91 F3.4_AM748570 315 (879.5)
denovo91 F3.4b_AM748616 309 (880.0)
denovo91 G101_AJ291539 356 (540.5)
denovo91 G1_AM748597 356 (540.5)
denovo91 G2b_JN558087 344 (535.5)
denovo91 G2_AM748598 347 (527.0)
denovo91 G2a_AM748599 344 (535.5)
denovo91 G4_AM748601 339 (559.5)
denovo91 G3.4_LK392378 336 (546.0)
denovo91 G3_AM748600 332 (561.0)
denovo91 G3.2_KC597694 329 (467.5)
denovo91 G3.1_KC597688 336 (536.5)
denovo91 G100_AB253788 334 (531.5)
denovo91 G3.3_LK392377 334 (532.0)
denovo91 H6_AJ291520 645 (340.5)
denovo91 H3_AM748606 305 (889.0)
denovo91 H2_AM748605 306 (927.0)
denovo91 H4_AM748607 314 (855.5)
denovo91 H4a_AM748608 314 (870.5)
denovo91 H5a_AM748611 309 (849.0)
denovo91 H5b_AM748610 312 (856.5)
denovo91 H5_AJ621129 309 (858.0)
denovo91 H5_AM748609 309 (858.0)
denovo91 H100_AJ291513 312 (874.5)
denovo91 H1b_AM748604 317 (875.0)
denovo91 H1a_AM748612 317 (866.0)
denovo91 H1_AJ621152 317 (875.0)
denovo91 H1_AM748602 317 (875.0)
denovo91 I3_FN561561 341 (722.0)
denovo91 I4_FN561562 328 (729.5)
denovo91 I1_FN561559 327 (699.5)
denovo91 I2_FN561560 328 (720.5)

#---------------------------------------
#---------------------------------------
