denovo100 A136_DQ865210 342 (399.0)
denovo100 A133_DQ174725 349 (409.0)
denovo100 A115_AF180123 348 (392.5)
denovo100 A117_AF201746 352 (439.5)
denovo100 A134_DQ174723 351 (445.0)
denovo100 A114_AF184941 352 (439.5)
denovo100 A135_DQ174727 346 (421.5)
denovo100 A2_AF333506 352 (445.0)
denovo100 A101_AF427468 352 (430.5)
denovo100 A2_1_JN558097 352 (430.5)
denovo100 A2_2_JN558100 352 (430.5)
denovo100 A113_AF184948 344 (418.0)
denovo100 A112_AF184949 344 (419.5)
denovo100 A123_EF378618 357 (304.5)
denovo100 A137_EF378621 344 (373.0)
denovo100 A11_EU449041 327 (419.0)
denovo100 A121_DQ174722 337 (408.5)
denovo100 A15b_EU792886 331 (399.5)
denovo100 A15a_EU792885 331 (409.0)
denovo100 A15c_EU792887 331 (409.5)
denovo100 A15_EU792884 331 (408.5)
denovo100 A147_EU074937 341 (413.5)
denovo100 A154_EU074860 328 (412.5)
denovo100 A146_EU074936 325 (412.5)
denovo100 A150_EU074928 341 (422.0)
denovo100 A116_AF183575 326 (423.0)
denovo100 A141_EU074931 325 (421.5)
denovo100 A5_AF333508 331 (416.0)
denovo100 A3b_EU449043 327 (416.0)
denovo100 A151_EU074925 325 (412.5)
denovo100 A152_EU074927 328 (411.5)
denovo100 A149_EU074929 325 (412.5)
denovo100 A140_EU074930 325 (403.5)
denovo100 A142_EU074932 325 (403.5)
denovo100 A143_EU074933 326 (413.0)
denovo100 A144_EU074934 325 (412.5)
denovo100 A145_EU074935 339 (417.0)
denovo100 A148_EU074938 339 (408.0)
denovo100 A155_EU074856 325 (412.5)
denovo100 A156_EU074859 325 (403.5)
denovo100 A139_EU074962 325 (412.5)
denovo100 A6_AF186058 325 (412.5)
denovo100 A3_AF333507 325 (412.5)
denovo100 A3_JN558091 325 (412.5)
denovo100 A8_AY258468 336 (418.0)
denovo100 A7_AY239360 327 (425.0)
denovo100 A16_EU792888 336 (418.0)
denovo100 A4.3_FN429763 342 (421.5)
denovo100 A120_AF180122 337 (409.0)
denovo100 A4.2_FN429761 338 (426.5)
denovo100 A4_AF333509 338 (427.5)
denovo100 A4.1_FN429760 339 (428.5)
denovo100 A4a_AF499778 339 (421.0)
denovo100 A4a.1_FN429762 339 (421.0)
denovo100 A138_EF378620 339 (446.0)
denovo100 A122_EF378619 334 (434.5)
denovo100 A126_EF378615 333 (435.5)
denovo100 A10_EU792882 333 (435.5)
denovo100 A9_EU449028 345 (419.0)
denovo100 A105_AB207202 344 (416.0)
denovo100 A119_AF180121 336 (428.5)
denovo100 A12_EU792883 339 (421.5)
denovo100 A104_AB207203 336 (421.5)
denovo100 A1a_EU449030 335 (418.5)
denovo100 A1.3_HE578976 337 (423.5)
denovo100 A1.4_HE578977 342 (420.5)
denovo100 A13_AF333504 342 (420.5)
denovo100 A13_JN558094 342 (420.5)
denovo100 A110_AB190282 349 (416.5)
denovo100 A103_AB207206 342 (420.5)
denovo100 A130_EF656428 349 (413.5)
denovo100 A127_EF656429 342 (420.5)
denovo100 A128_EF656430 342 (411.5)
denovo100 A129_EF656431 342 (420.5)
denovo100 A131_EF656432 342 (420.5)
denovo100 A118_AF180120 340 (427.0)
denovo100 A1_AF333505 342 (420.5)
denovo100 A107_AB207199 339 (431.0)
denovo100 A111_AB190280 339 (431.0)
denovo100 A108_AB207197 339 (407.0)
denovo100 A106_AB207200 339 (423.0)
denovo100 A102_AB207209 339 (422.0)
denovo100 A1.2_AB207210 339 (422.0)
denovo100 A109_AB190285 340 (424.5)
denovo100 B4_AF333510 334 (608.5)
denovo100 B23_EU449079 341 (526.5)
denovo100 B30_GU907644 342 (520.5)
denovo100 B11_AY239361 342 (550.0)
denovo100 B17_AY258470 343 (541.0)
denovo100 B1k_GU907638 306 (320.0)
denovo100 B1.V_Green2014 349 (525.0)
denovo100 B1b_AF499780 335 (531.0)
denovo100 B16_AY258469 333 (558.0)
denovo100 B31a_GU907646 343 (542.0)
denovo100 B32_GU907647 343 (542.0)
denovo100 B31_GU907645 343 (551.0)
denovo100 B1j_GU907637 343 (569.0)
denovo100 B37_GU907650 345 (558.5)
denovo100 B5a_AF499782 342 (547.5)
denovo100 B5_AF499781 342 (556.5)
denovo100 B24_GU907643 331 (509.5)
denovo100 B117_AF180124 335 (547.0)
denovo100 B10_AF499787 343 (551.0)
denovo100 B20_GU907642 343 (556.0)
denovo100 B1m_GU907640 343 (560.0)
denovo100 B34_GU907649 343 (560.0)
denovo100 B1d_GU907633 340 (560.0)
denovo100 B1e_GU907634 343 (569.0)
denovo100 B1i_GU907636 343 (560.0)
denovo100 B1g_GU907635 353 (550.5)
denovo100 B123_EU074872 343 (551.0)
denovo100 B8_AF499785 348 (563.0)
denovo100 B1l_GU907639 348 (557.0)
denovo100 B1a_AF499779 348 (566.0)
denovo100 B14_AY239362 349 (546.0)
denovo100 B125_EU074865 343 (551.0)
denovo100 B122_EU074871 343 (551.0)
denovo100 B124_EU074874 343 (551.0)
denovo100 B1.VII_Green2014 340 (536.5)
denovo100 B1.III_Green2014 335 (537.0)
denovo100 B1.I_Green2014 343 (560.0)
denovo100 B1.II_Green2014 343 (560.0)
denovo100 B1_JN558057 343 (560.0)
denovo100 B1_AF333511 343 (560.0)
denovo100 B1.IV_Green2014 354 (566.5)
denovo100 B121_EU074870 344 (562.0)
denovo100 B7_AF499784 343 (569.0)
denovo100 B1.VI_Green2014 337 (552.5)
denovo100 B3_AF333514 336 (561.0)
denovo100 B9_AF499786 342 (543.5)
denovo100 B19a_JN558055 343 (510.5)
denovo100 B119_EU099825 355 (491.0)
denovo100 B21_DQ865213 331 (534.0)
denovo100 B38_GU907651 331 (534.0)
denovo100 B18_AY258471 341 (549.5)
denovo100 B18a_AY258472 341 (540.5)
denovo100 B33_GU907648 341 (531.0)
denovo100 B6_AF499783 342 (543.5)
denovo100 B19_DQ865212 341 (540.5)
denovo100 B19_GU907641 341 (540.5)
denovo100 B2_AF333512 341 (549.5)
denovo100 B2_JN558060 341 (549.5)
denovo100 C33.1_AY258498 305 (1195.0)
denovo100 C33.2_AY765400 305 (1195.0)
denovo100 C33a_EF541147 305 (1195.0)
denovo100 C34_AY258499 305 (1222.0)
denovo100 C78_AY765413 300 (1163.0)
denovo100 C15.29_KC597690 302 (1159.0)
denovo100 C1131_DQ182650 300 (1099.0)
denovo100 C1135_DQ182646 304 (1092.0)
denovo100 C1134_DQ182647 304 (1092.0)
denovo100 C1142_DQ182635 304 (1101.0)
denovo100 C1136_DQ182644 300 (1069.0)
denovo100 C1111_DQ182645 300 (1069.0)
denovo100 C1236_EF473656 300 (1078.0)
denovo100 C1138_DQ182642 300 (1078.0)
denovo100 C1137_DQ182643 300 (1078.0)
denovo100 C1133_DQ182648 300 (1078.0)
denovo100 C1132_DQ182649 300 (1078.0)
denovo100 C1143_DQ182634 300 (1087.0)
denovo100 C1139_DQ182639 302 (1122.0)
denovo100 C15.28_KC597687 300 (1154.0)
denovo100 C1141_DQ182636 300 (1117.0)
denovo100 C1144_DQ182637 300 (1108.0)
denovo100 C1122_DQ182654 300 (1117.0)
denovo100 C1127_DQ182652 300 (1135.0)
denovo100 C15.30_JX394114 300 (1172.0)
denovo100 C15.26_KC597686 300 (1190.0)
denovo100 C1086_DQ182656 300 (1172.0)
denovo100 C15.25_KC597685 300 (1181.0)
denovo100 C1118_AF180127 304 (1089.5)
denovo100 C1129_DQ182651 300 (1144.0)
denovo100 C15.21_KC597683 300 (1181.0)
denovo100 C56_AY589760 300 (1190.0)
denovo100 C1140_DQ182638 300 (1144.0)
denovo100 C1126_DQ182653 300 (1135.0)
denovo100 C15c_AY258492 300 (1190.0)
denovo100 C15d_AY258493 300 (1181.0)
denovo100 C1098_DQ182641 300 (1160.5)
denovo100 C15.27_KC597689 300 (1190.0)
denovo100 C15.18_HE579024 300 (1190.0)
denovo100 C15.16_HE579022 300 (1190.0)
denovo100 C1101_AB253787 300 (1190.0)
denovo100 C1083_AY237300 300 (1190.0)
denovo100 C1088_DQ182640 300 (1190.0)
denovo100 C15.6_FN563472 300 (1199.0)
denovo100 C15.5_FJ461512 300 (1199.0)
denovo100 C15.4_FJ461511 300 (1208.0)
denovo100 C15.13_HE579019 300 (1208.0)
denovo100 C15.12_HE579018 300 (1217.0)
denovo100 C93a_AM748563 300 (1208.0)
denovo100 C1094_AJ291514 300 (1190.0)
denovo100 C93_AM748562 300 (1199.0)
denovo100 C15.17_HE579023 300 (1184.0)
denovo100 C15e_AY589742 300 (1184.0)
denovo100 C15.22_KC597695 300 (1199.0)
denovo100 C60_AY589764 300 (1199.0)
denovo100 C15.1_FJ461508 300 (1199.0)
denovo100 C15.2_FJ461509 300 (1199.0)
denovo100 C15.9_FN563475 300 (1199.0)
denovo100 C15.7_HE579015 300 (1199.0)
denovo100 C15.8_HE579016 300 (1199.0)
denovo100 C15.15_HE579021 300 (1199.0)
denovo100 C15.19_HE579025 300 (1199.0)
denovo100 C15.24_KC597696 300 (1190.0)
denovo100 C15.3_FJ461510 300 (1208.0)
denovo100 C1087_DQ182655 300 (1199.0)
denovo100 C15.14_HE579020 301 (1189.0)
denovo100 C15.23_KC597697 301 (1189.0)
denovo100 C19_AY258479 300 (1211.0)
denovo100 C1233_EU118166 300 (1199.0)
denovo100 C15b_AY258491 300 (1199.0)
denovo100 C15a_AY258476 300 (1217.0)
denovo100 C1051_AF195153 300 (1217.0)
denovo100 C2_AF333518 301 (1207.0)
denovo100 C15.20_HE579026 301 (1198.0)
denovo100 C15f_AY589743 301 (1198.0)
denovo100 C55_AY589759 304 (1196.5)
denovo100 C15_AY239369 300 (1208.0)
denovo100 C32.1_JF683335 311 (1047.5)
denovo100 C32.2_JF683336 309 (1059.5)
denovo100 C21.23_KC597693 309 (1059.5)
denovo100 C1193_EU099827 301 (1189.0)
denovo100 C1195_EU099821 308 (1194.5)
denovo100 C3q_GU907655 301 (1150.0)
denovo100 C53_AY589758 300 (1208.0)
denovo100 C73_AY765408 305 (1138.5)
denovo100 C17.2.1_KC597684 302 (1136.5)
denovo100 C32_AY258497 300 (1160.0)
denovo100 C1189_EU099831 300 (1187.0)
denovo100 C1191_EU099833 300 (1178.0)
denovo100 C1196_EU099819 300 (1169.0)
denovo100 C1192_EU099820 300 (1169.0)
denovo100 C17.1_JF683322 300 (1178.0)
denovo100 C26_b2_FN827164 301 (1168.0)
denovo100 C26_b3_FN827165 301 (1159.0)
denovo100 C31.9_HQ630879 303 (1157.5)
denovo100 C31a_AY589746 303 (1154.0)
denovo100 C30_AY589745 303 (1154.0)
denovo100 C31.1_HQ630876 303 (1154.0)
denovo100 C31.5_HQ630877 303 (1154.0)
denovo100 C31.6_HQ630878 303 (1154.0)
denovo100 C31.2_JF683332 303 (1154.0)
denovo100 C31.3_JF683333 303 (1154.0)
denovo100 C26/C35a_AY239378 301 (1168.0)
denovo100 C35a_AY258501 301 (1168.0)
denovo100 C35.2_AY258500 301 (1177.0)
denovo100 C26_b1_FN827163 301 (1177.0)
denovo100 C17_AY239370 300 (1187.0)
denovo100 C17.2_FJ461513 302 (1176.5)
denovo100 C31.10_HQ630880 303 (1166.5)
denovo100 C31.4_JF683334 307 (1169.0)
denovo100 C31_AY258496 303 (1163.0)
denovo100 C25_AY239377 302 (1179.5)
denovo100 C61_AY589765 300 (1156.0)
denovo100 C1043_DQ072721 300 (1185.0)
denovo100 C79_AY765414 300 (1208.0)
denovo100 C69_AY589773 301 (1120.5)
denovo100 C69a_AY686648 301 (1111.5)
denovo100 C21.22_KC597692 300 (1151.0)
denovo100 C51_AY589756 300 (1199.0)
denovo100 C1aa_HM185739 300 (1209.0)
denovo100 C1096_DQ068023 300 (1169.0)
denovo100 C74_AY765409 301 (1180.0)
denovo100 C1185_AB294629 301 (1189.0)
denovo100 C1184_AB294630 301 (1189.0)
denovo100 C1153_AB294625 301 (1189.0)
denovo100 C1154_AB294626 301 (1189.0)
denovo100 C1187_AB294627 301 (1189.0)
denovo100 C1186_AB294628 301 (1189.0)
denovo100 C57_AY589761 301 (1198.0)
denovo100 C66_AY589771 301 (1198.0)
denovo100 C5_AF499795 300 (1199.0)
denovo100 C1167_AB294586 300 (1208.0)
denovo100 C1164_AB294593 300 (1208.0)
denovo100 C1183_AB294631 300 (1208.0)
denovo100 C1067_DQ335381 300 (1208.0)
denovo100 C1159_AB294613 301 (1189.0)
denovo100 C1150_AB294622 301 (1198.0)
denovo100 C90_AM748554 302 (1224.5)
denovo100 C1168_AB294583 300 (1208.0)
denovo100 C1156_AB294616 300 (1208.0)
denovo100 C1151_AB294621 300 (1226.0)
denovo100 C92a_AM748561 300 (1208.0)
denovo100 C92_AM748560 300 (1217.0)
denovo100 C1165_AB294581 300 (1217.0)
denovo100 C1166_AB294584 300 (1217.0)
denovo100 C1162_AB294594 300 (1217.0)
denovo100 C1163_AB294596 300 (1217.0)
denovo100 C1161_AB294606 300 (1217.0)
denovo100 C1160_AB294608 300 (1217.0)
denovo100 C1158_AB294614 300 (1217.0)
denovo100 C1155_AB294617 300 (1217.0)
denovo100 C1149_AB294620 300 (1217.0)
denovo100 C1173_AB294662 300 (1217.0)
denovo100 C1171_AB294663 300 (1217.0)
denovo100 C1172_AB294665 300 (1226.0)
denovo100 C91a_AM748556 300 (1217.0)
denovo100 C91b_AM748557 300 (1217.0)
denovo100 C91d_AM748559 300 (1217.0)
denovo100 C91c_AM748558 300 (1217.0)
denovo100 C91_AJ621543 300 (1226.0)
denovo100 C91_AM748555 300 (1226.0)
denovo100 C1023_DQ335330 300 (989.0)
denovo100 C1020_DQ335392 300 (1226.0)
denovo100 C1018_DQ335408 300 (1226.0)
denovo100 C1074_DQ335329 300 (1226.0)
denovo100 C1030_DQ335353 300 (1226.0)
denovo100 C1022_DQ335331 300 (1226.0)
denovo100 C1027_DQ335360 300 (1244.0)
denovo100 C1072_DQ335344 300 (1226.0)
denovo100 C1039_AB190274 300 (1226.0)
denovo100 C1033_DQ335350 305 (1223.0)
denovo100 C1019_DQ335407 300 (1235.0)
denovo100 C1194_EU099826 300 (1193.0)
denovo100 C8b_AY258475 300 (1211.0)
denovo100 C8_AY239367 300 (1235.0)
denovo100 C8a_AY239368 300 (1226.0)
denovo100 C54a_AY765406 300 (1217.0)
denovo100 C3ff_HM185740 300 (1217.0)
denovo100 C59_AY589763 302 (1197.0)
denovo100 C3k_AY589737 300 (1208.0)
denovo100 C3.24_HE579012 300 (1190.0)
denovo100 C3.23_HE579011 300 (1199.0)
denovo100 C35.1_AY765401 300 (1208.0)
denovo100 C35.3_EF541145 300 (1217.0)
denovo100 C76_AY765411 300 (1187.0)
denovo100 C1107_DQ335359 300 (1212.0)
denovo100 C3.22_HE579010 302 (1215.5)
denovo100 C77_AY765412 302 (1191.5)
denovo100 C20_AY239371 302 (1240.0)
denovo100 C1055_DQ480640 301 (1225.0)
denovo100 C27/C30_AY239379 301 (1168.0)
denovo100 C27.1_FJ461517 301 (1159.0)
denovo100 C40a_AY589747 300 (1217.0)
denovo100 C40_AY258485 300 (1226.0)
denovo100 C40b_AY589748 301 (1216.0)
denovo100 C16_AY258477 300 (1226.0)
denovo100 C16a_AY765399 300 (1217.0)
denovo100 C1091_AB207186 300 (1217.0)
denovo100 C1102_DQ335400 301 (1210.0)
denovo100 C1069_DQ335375 300 (1208.0)
denovo100 C1073_DQ335332 300 (1217.0)
denovo100 C1066_DQ335382 300 (1208.0)
denovo100 C1031_DQ335352 300 (1226.0)
denovo100 C1026_DQ335366 300 (1235.0)
denovo100 C70_AY589774 300 (1235.0)
denovo100 C1082_AB190267 300 (1217.0)
denovo100 C1078_AB190271 300 (1217.0)
denovo100 C1090_AB207191 300 (1217.0)
denovo100 C1071_DQ335302 300 (1217.0)
denovo100 C1075_DQ335328 300 (1217.0)
denovo100 C1068_DQ335379 300 (1217.0)
denovo100 C1064_DQ335395 300 (1217.0)
denovo100 C1063_DQ335403 300 (1217.0)
denovo100 C62_AY589766 300 (1226.0)
denovo100 C1077_DQ335316 301 (1216.0)
denovo100 C1109_DQ335338 302 (1231.0)
denovo100 C1110_DQ335340 302 (1222.0)
denovo100 C1106_DQ335339 302 (1213.0)
denovo100 C1112_DQ335319 302 (1222.0)
denovo100 C1108_DQ335351 302 (1213.0)
denovo100 C1105_DQ335394 302 (1222.0)
denovo100 C1121_DQ335378 302 (1204.0)
denovo100 C1116_AB190268 300 (1208.0)
denovo100 C1115_AB190273 300 (1199.0)
denovo100 C1124_DQ335323 302 (1204.0)
denovo100 C1120_DQ335398 302 (1204.0)
denovo100 C1119_DQ335404 302 (1204.0)
denovo100 C1123_DQ335363 302 (1213.0)
denovo100 C1004_DQ480635 300 (1226.0)
denovo100 C1061_AY186568 301 (1228.0)
denovo100 C1053_AY186569 300 (1226.0)
denovo100 C1003_DQ480639 300 (1235.0)
denovo100 C81_GU907657 304 (1102.0)
denovo100 C22_AY239373 300 (1197.5)
denovo100 C22a_AY239374 300 (1188.5)
denovo100 C1232_EU118163 300 (1217.0)
denovo100 C21.13_FJ461515 300 (1160.0)
denovo100 C21.1_JF683323 301 (1171.0)
denovo100 C21.3_JF683325 300 (1196.0)
denovo100 C1.20_HE578993 300 (1226.0)
denovo100 C1.22_HE578995 300 (1235.0)
denovo100 C52_AY589757 300 (1202.0)
denovo100 C1201_EU099793 302 (1200.0)
denovo100 C14_AY589741 300 (1220.0)
denovo100 C43_AY589749 300 (1235.0)
denovo100 C50_AY589755 300 (1226.0)
denovo100 C3.14_HQ630872 300 (1226.0)
denovo100 C1m_AY765398 300 (1235.0)
denovo100 C82_GU907658 300 (1235.0)
denovo100 C82b_GU907660 300 (1235.0)
denovo100 C64_AY589768 300 (1235.0)
denovo100 C45a_AY765404 300 (1289.0)
denovo100 C48_AY589753 302 (1224.5)
denovo100 C1_v1b_FJ919244 300 (1235.0)
denovo100 C1_v1a_FJ919243 300 (1244.0)
denovo100 C3j_AY239366 300 (1226.0)
denovo100 C3t_EF541149 300 (1226.0)
denovo100 C9_AF499798 300 (1244.0)
denovo100 C23_AY239375 300 (1235.0)
denovo100 C37_AY258481 300 (1226.0)
denovo100 C1048_DQ068026 300 (1244.0)
denovo100 C21.4_JF683326 301 (1180.0)
denovo100 C21.5_JF683327 301 (1189.0)
denovo100 C1070_DQ335349 300 (1226.0)
denovo100 C21.6_HQ630873 300 (1187.0)
denovo100 C1224_EU074890 300 (1235.0)
denovo100 C1.17_HE578990 300 (1244.0)
denovo100 C21_b1_FN827162 300 (1178.0)
denovo100 C21.9_JF683330 300 (1187.0)
denovo100 C1085_AY624605 300 (1226.0)
denovo100 C3p_GU907654 304 (1222.5)
denovo100 C3f_AY589734 300 (1235.0)
denovo100 C65a_AY589770 300 (1226.0)
denovo100 C65_AY589769 300 (1235.0)
denovo100 C71_AY589775 300 (1226.0)
denovo100 C71a_AY589776 300 (1217.0)
denovo100 C1178_AB294647 300 (1211.0)
denovo100 C1225_EU074893 300 (1235.0)
denovo100 C75_AY765410 300 (1226.0)
denovo100 C21.10_JF683331 300 (1178.0)
denovo100 C21.11_HQ630874 300 (1187.0)
denovo100 C1065_DQ335388 300 (1226.0)
denovo100 C1045_DQ068036 300 (1235.0)
denovo100 C1h_AY258473 300 (1244.0)
denovo100 C38_AY258482 300 (1226.0)
denovo100 C1202_EU099799 300 (1226.0)
denovo100 C7_AF499797 300 (1235.0)
denovo100 C12_AF499801 302 (1224.5)
denovo100 C38a_AY258483 301 (1216.0)
denovo100 C1200_EU099800 300 (1170.5)
denovo100 C44a_AY589751 300 (1262.0)
denovo100 C47_AY589752 300 (1262.0)
denovo100 C44_AY589750 300 (1271.0)
denovo100 C1.15_HE578988 300 (1244.0)
denovo100 C45.3_FJ461522 300 (1253.0)
denovo100 C46a_AY765405 300 (1244.0)
denovo100 C46_EU449108 300 (1253.0)
denovo100 C3.12_FJ461507 300 (1253.0)
denovo100 C1k_AY589733 300 (1253.0)
denovo100 C67_AY686647 300 (1253.0)
denovo100 C82a_GU907659 300 (1253.0)
denovo100 C10a_AY589739 300 (1244.0)
denovo100 C10_AF499799 300 (1253.0)
denovo100 C13_AY589740 306 (1240.5)
denovo100 C4_AF499794 300 (1253.0)
denovo100 C1147_EF656433 300 (1253.0)
denovo100 C1c/C45_AY239364 300 (1262.0)
denovo100 C1c/C45_EU449103 300 (1262.0)
denovo100 C21.19_HE579031 300 (1178.0)
denovo100 C21.21_HE579033 300 (1178.0)
denovo100 C21.20_HE579032 300 (1187.0)
denovo100 C42b_AY765403 301 (1237.0)
denovo100 C42_AY258487 300 (1244.0)
denovo100 C1p_GU907652 300 (1244.0)
denovo100 C1d_AY258488 300 (1244.0)
denovo100 C42_AY765402 300 (1253.0)
denovo100 C3ha_AY589736 300 (1178.0)
denovo100 C63a_AY589767 302 (1167.5)
denovo100 C21a_AY589744 300 (1187.0)
denovo100 C3o_GU907653 300 (1187.0)
denovo100 C21.16_HQ630875 300 (1187.0)
denovo100 C21.2_JF683324 300 (1187.0)
denovo100 C21.7_JF683328 300 (1187.0)
denovo100 C21.8_JF683329 300 (1187.0)
denovo100 C3h_AY239365 300 (1196.0)
denovo100 C1203_EU099798 300 (1205.0)
denovo100 C3.10_FJ461505 300 (1235.0)
denovo100 C21.14_FJ461516 300 (1187.0)
denovo100 C21.18_HE579030 306 (1174.5)
denovo100 C3.17_HE579005 300 (1235.0)
denovo100 C3.9_FJ461504 300 (1214.0)
denovo100 C3.8_FJ461503 300 (1235.0)
denovo100 C3.7_FJ461502 300 (1244.0)
denovo100 C3.11_FJ461506 300 (1235.0)
denovo100 C3.18_HE579006 300 (1235.0)
denovo100 C3.19_HE579007 300 (1235.0)
denovo100 C3.20_HE579008 300 (1235.0)
denovo100 C3g_AY589735 302 (1224.5)
denovo100 C3a_AF499790 300 (1235.0)
denovo100 C3e_AF499793 300 (1235.0)
denovo100 C6_AF499796 300 (1226.0)
denovo100 C11_AF499800 300 (1235.0)
denovo100 C36_AY258480 300 (1235.0)
denovo100 C29_AY258494 300 (1235.0)
denovo100 C1146_EF656434 300 (1235.0)
denovo100 C1190_EU099841 300 (1235.0)
denovo100 C131_JF320826 300 (1235.0)
denovo100 C28_AY239380 302 (1224.5)
denovo100 C1012_DQ480604 300 (1235.0)
denovo100 C1181_AB294640 300 (1220.0)
denovo100 C1180_AB294641 300 (1220.0)
denovo100 C1179_AB294645 300 (1220.0)
denovo100 C1176_AB294651 300 (1220.0)
denovo100 C1175_AB294653 300 (1220.0)
denovo100 C1174_AB294655 300 (1220.0)
denovo100 C1177_AB294659 300 (1220.0)
denovo100 C1040_AB190269 300 (1235.0)
denovo100 C1182_AB294649 300 (1244.0)
denovo100 C1089_AJ278598 300 (1235.0)
denovo100 C1028_DQ335357 300 (1235.0)
denovo100 C3.16_EU786015 300 (1235.0)
denovo100 C1097_AJ311943 301 (1225.0)
denovo100 C1170_AB294661 300 (1220.0)
denovo100 C21.17_HE579029 300 (1198.0)
denovo100 C21/3d/C3k_AY239372 300 (1196.0)
denovo100 C58_AY589762 301 (1186.0)
denovo100 C3L_AY589738 303 (1212.0)
denovo100 C1169_AB294660 300 (1229.0)
denovo100 C3.2_FJ461497 300 (1229.0)
denovo100 C3.1_JF683321 300 (1229.0)
denovo100 C1104_AF427469 301 (1234.0)
denovo100 C3b_AF499791 300 (1238.0)
denovo100 C83_GU907661 302 (1233.5)
denovo100 C49_AY589754 341 (1214.0)
denovo100 C3_AB778606 300 (1244.0)
denovo100 C3_AF499789 300 (1244.0)
denovo100 C3_HE579001 300 (1244.0)
denovo100 C21.12_FJ461514 300 (1178.0)
denovo100 C1229_EU074888 300 (1176.0)
denovo100 C1230_EU074889 300 (1185.0)
denovo100 C1114_AB207196 304 (1245.5)
denovo100 C3.21_HE579009 300 (1211.5)
denovo100 C1057_DQ480619 300 (1235.0)
denovo100 C72_AY765407 300 (1207.0)
denovo100 C1b.3_HE578999 300 (1229.0)
denovo100 C93_AJ621536 300 (1235.0)
denovo100 C94_AJ621539 300 (1244.0)
denovo100 C1g_AY589730 300 (1244.0)
denovo100 C1i_AY589731 300 (1235.0)
denovo100 C1j_AY589732 300 (1244.0)
denovo100 C1005_DQ480633 300 (1244.0)
denovo100 C1.7_FJ461494 300 (1244.0)
denovo100 C1.11_HE578984 300 (1262.0)
denovo100 C1.12_HE578985 300 (1244.0)
denovo100 C1.13_HE578986 300 (1244.0)
denovo100 C1.14_HE578987 300 (1244.0)
denovo100 C1.18_HE578991 300 (1244.0)
denovo100 C1.19_HE578992 303 (1252.0)
denovo100 C1199_EU099802 300 (1238.0)
denovo100 C1188_EU099838 300 (1253.0)
denovo100 C1002_DQ838544 300 (1253.0)
denovo100 C1198_EU099810 300 (1244.0)
denovo100 C24_AY239376 300 (1244.0)
denovo100 C1f_AY258490 300 (1244.0)
denovo100 C1006_DQ480629 300 (1244.0)
denovo100 C1010_DQ480607 300 (1244.0)
denovo100 C1007_DQ480624 300 (1235.0)
denovo100 C1011_DQ480605 300 (1244.0)
denovo100 C1009_DQ480608 300 (1244.0)
denovo100 C1041_AY186548 300 (1235.0)
denovo100 C1052_AY186570 300 (1244.0)
denovo100 C1148_EU040178 300 (1262.0)
denovo100 C1234_EU118165 301 (1252.0)
denovo100 C1.5_EF634157 300 (1244.0)
denovo100 C1059_DQ480609 300 (1244.0)
denovo100 C1228_EU074883 300 (1244.0)
denovo100 C1208_EU074963 300 (1244.0)
denovo100 C1207_EU074964 300 (1244.0)
denovo100 C1206_EU074965 300 (1244.0)
denovo100 C1013_DQ480642 300 (1253.0)
denovo100 C80_GU907656 310 (1229.5)
denovo100 C1a_AF499788 300 (1244.0)
denovo100 C41_AY258486 300 (1244.0)
denovo100 C39_AY258484 300 (1166.5)
denovo100 C1231_EU074878 300 (1244.0)
denovo100 C1b.1_HE578997 300 (1229.0)
denovo100 C18_AY258478 300 (1244.0)
denovo100 C1.10_HE578983 300 (1214.0)
denovo100 C1_JN558041 300 (1253.0)
denovo100 C1_HE578979 300 (1253.0)
denovo100 C1_AM748551 300 (1253.0)
denovo100 C1_AF333515 300 (1253.0)
denovo100 C1054_AY186565 301 (1243.0)
denovo100 C1008_DQ480613 300 (1244.0)
denovo100 C1103_AF427470 301 (1243.0)
denovo100 C1226_EU074881 301 (1243.0)
denovo100 C1b/C1e_AY239363 300 (1238.0)
denovo100 C1044_DQ068038 300 (1238.0)
denovo100 C1017_DQ174729 301 (1228.0)
denovo100 C1.6_FJ461493 300 (1244.0)
denovo100 C1b.2_HE578998 301 (1231.0)
denovo100 C1060_DQ480600 300 (1244.0)
denovo100 C1227_EU074882 300 (1262.0)
denovo100 C1197_EU099814 300 (1244.0)
denovo100 C1130_DQ480643 301 (1131.5)
denovo100 D109_AB097465 346 (461.0)
denovo100 D1.11_HE579040 338 (458.0)
denovo100 D105_AF174570 338 (457.5)
denovo100 D104_AF174572 343 (446.0)
denovo100 D1.3_JF683337 339 (452.0)
denovo100 D1.10_HE579039 339 (443.0)
denovo100 D110_AF174561 339 (443.0)
denovo100 D117_AF174542 339 (443.0)
denovo100 D114_AF174549 339 (452.0)
denovo100 D113_AF174557 349 (444.5)
denovo100 D112_AF174558 345 (451.5)
denovo100 D106_AF174559 339 (452.0)
denovo100 D111_AF174560 338 (457.5)
denovo100 D115_AF174562 339 (452.0)
denovo100 D107_AF174568 340 (454.0)
denovo100 D116_AF174571 338 (449.0)
denovo100 D124_EU074897 350 (458.5)
denovo100 D1.8_HE579037 339 (452.0)
denovo100 D3_AY686650 342 (452.0)
denovo100 D1.6_HQ630881 339 (443.0)
denovo100 D120_EU074900 345 (442.5)
denovo100 D121_EU074904 338 (458.0)
denovo100 D122_EU074905 339 (443.0)
denovo100 D1a.2_JF683339 345 (462.5)
denovo100 D1a.1_JF683338 345 (460.5)
denovo100 D2_AY686649 585 (510.5)
denovo100 D4_DQ865214 346 (451.0)
denovo100 D1a_AF499802 345 (451.5)
denovo100 D1a_JN558078 345 (451.5)
denovo100 D123_EU074895 343 (455.0)
denovo100 D108_AF174567 339 (452.0)
denovo100 D103_AF174575 345 (451.5)
denovo100 D100_AF411415 345 (452.0)
denovo100 D118_EF656435 345 (451.5)
denovo100 D101_AF411416 345 (437.0)
denovo100 D119_EU099832 341 (450.5)
denovo100 D102_AF174573 344 (461.0)
denovo100 D1_AF334660 339 (452.0)
denovo100 D1_JN558076 339 (452.0)
denovo100 D1.12_HE579041 328 (430.0)
denovo100 D1.1_AM748564 424 (485.5)
denovo100 D1.2_AM748617 401 (482.5)
denovo100 E111_EU074915 377 (353.5)
denovo100 E110_EU074914 376 (364.5)
denovo100 E114_EU074909 363 (363.0)
denovo100 E1_AF334659 376 (364.5)
denovo100 E105_EU074921 375 (374.5)
denovo100 E112_EU074916 378 (362.5)
denovo100 E104_EU074922 379 (365.5)
denovo100 E102_EU074924 379 (364.5)
denovo100 E103_EU074923 378 (371.5)
denovo100 E101_AY160123 375 (367.0)
denovo100 E109_EU074913 363 (364.0)
denovo100 E100_DQ011618 376 (372.0)
denovo100 E108_EU074912 362 (368.5)
denovo100 E113_EU074908 361 (369.0)
denovo100 E107_EU074910 362 (368.5)
denovo100 F1_JN558066 310 (901.0)
denovo100 F5.2d_AJ291530 307 (884.5)
denovo100 F104_AJ291531 307 (884.5)
denovo100 F5.2c_AM748596 307 (884.5)
denovo100 F5.2_AM748594 304 (893.5)
denovo100 F5.2a_AM748614 304 (893.5)
denovo100 F5.2b_AM748595 304 (884.5)
denovo100 F5.2e_AJ291533 308 (861.0)
denovo100 F5.2g_JN558072 304 (884.5)
denovo100 F5.2f_AJ291512 304 (893.5)
denovo100 F102_AJ291534 304 (884.5)
denovo100 F5.1c_AM748593 309 (871.5)
denovo100 F5.1d_JN558069 309 (898.5)
denovo100 F5.1b_AJ291535 307 (894.5)
denovo100 F5.1_AM748592 309 (898.5)
denovo100 F5.1a_AM748591 308 (896.5)
denovo100 F110_AJ291526 321 (777.0)
denovo100 F4.7_AM748587 317 (805.0)
denovo100 F4.5_AM748585 308 (831.0)
denovo100 F4.4a_AM748583 303 (871.5)
denovo100 F4.4_AM748582 306 (868.5)
denovo100 F4.4b_AM748584 308 (866.0)
denovo100 F4.1a_AM748573 325 (781.5)
denovo100 F112_AJ291528 322 (789.0)
denovo100 F4.1_AM748572 319 (790.5)
denovo100 F4.8b_AM748590 310 (798.5)
denovo100 F4.8_AM748588 312 (796.0)
denovo100 F4.8a_AM748589 310 (798.5)
denovo100 F109_AJ291527 317 (779.0)
denovo100 F4.6_AM748586 315 (805.0)
denovo100 F111_AJ311949 316 (832.0)
denovo100 F4.3c_AM748581 314 (836.5)
denovo100 F4.3a_AM748579 311 (827.0)
denovo100 F4.3b_AM748580 317 (827.0)
denovo100 F4.3_AM748578 311 (836.0)
denovo100 F4.2_AM748574 310 (846.5)
denovo100 F4.2a_AM748575 309 (838.0)
denovo100 F4.2c_AM748577 310 (837.5)
denovo100 F4.2b_AM748576 309 (847.0)
denovo100 F2b_AJ291521 314 (892.0)
denovo100 F2_AJ830908 315 (877.0)
denovo100 F2a_AJ830911 313 (870.0)
denovo100 F3.1a_AM748566 317 (832.0)
denovo100 F114_AJ291525 322 (855.0)
denovo100 F3.1_AM748565 317 (859.0)
denovo100 F3.2_AM748567 314 (886.5)
denovo100 F3.2a_AM748568 316 (910.0)
denovo100 F3.3_AM748569 306 (833.5)
denovo100 F3.4a_AM748571 317 (783.0)
denovo100 F3.4_AM748570 317 (774.0)
denovo100 F3.4b_AM748616 311 (774.5)
denovo100 G101_AJ291539 353 (483.0)
denovo100 G1_AM748597 353 (483.0)
denovo100 G2b_JN558087 344 (476.5)
denovo100 G2_AM748598 359 (468.0)
denovo100 G2a_AM748599 344 (476.5)
denovo100 G4_AM748601 350 (499.5)
denovo100 G3.4_LK392378 335 (493.0)
denovo100 G3_AM748600 346 (501.5)
denovo100 G3.2_KC597694 351 (412.5)
denovo100 G3.1_KC597688 352 (482.5)
denovo100 G100_AB253788 352 (482.5)
denovo100 G3.3_LK392377 358 (484.0)
denovo100 H6_AJ291520 651 (308.5)
denovo100 H3_AM748606 306 (862.0)
denovo100 H2_AM748605 307 (909.0)
denovo100 H4_AM748607 315 (837.5)
denovo100 H4a_AM748608 315 (852.5)
denovo100 H5a_AM748611 310 (831.0)
denovo100 H5b_AM748610 313 (838.5)
denovo100 H5_AJ621129 310 (840.0)
denovo100 H5_AM748609 310 (840.0)
denovo100 H100_AJ291513 313 (856.5)
denovo100 H1b_AM748604 318 (857.0)
denovo100 H1a_AM748612 318 (848.0)
denovo100 H1_AJ621152 318 (857.0)
denovo100 H1_AM748602 318 (857.0)
denovo100 I3_FN561561 346 (652.5)
denovo100 I4_FN561562 333 (651.0)
denovo100 I1_FN561559 337 (626.0)
denovo100 I2_FN561560 333 (651.0)

#---------------------------------------
#---------------------------------------
