denovo102 A136_DQ865210 304 (672.0)
denovo102 A133_DQ174725 284 (730.5)
denovo102 A115_AF180123 293 (606.5)
denovo102 A117_AF201746 289 (730.0)
denovo102 A134_DQ174723 289 (739.0)
denovo102 A114_AF184941 289 (739.0)
denovo102 A135_DQ174727 291 (743.5)
denovo102 A2_AF333506 292 (733.5)
denovo102 A101_AF427468 291 (743.5)
denovo102 A2_1_JN558097 291 (743.5)
denovo102 A2_2_JN558100 291 (743.5)
denovo102 A113_AF184948 289 (705.0)
denovo102 A112_AF184949 288 (729.5)
denovo102 A123_EF378618 279 (794.0)
denovo102 A137_EF378621 277 (888.5)
denovo102 A11_EU449041 276 (940.0)
denovo102 A121_DQ174722 275 (1021.5)
denovo102 A15b_EU792886 279 (964.0)
denovo102 A15a_EU792885 279 (982.0)
denovo102 A15c_EU792887 280 (967.0)
denovo102 A15_EU792884 279 (973.0)
denovo102 A147_EU074937 279 (991.0)
denovo102 A154_EU074860 279 (991.0)
denovo102 A146_EU074936 279 (991.0)
denovo102 A150_EU074928 275 (997.5)
denovo102 A116_AF183575 279 (991.0)
denovo102 A141_EU074931 279 (1000.0)
denovo102 A5_AF333508 275 (1021.5)
denovo102 A3b_EU449043 279 (1018.0)
denovo102 A151_EU074925 279 (1000.0)
denovo102 A152_EU074927 279 (1000.0)
denovo102 A149_EU074929 279 (1000.0)
denovo102 A140_EU074930 279 (1000.0)
denovo102 A142_EU074932 279 (1000.0)
denovo102 A143_EU074933 279 (1000.0)
denovo102 A144_EU074934 279 (1009.0)
denovo102 A145_EU074935 280 (1003.0)
denovo102 A148_EU074938 279 (1000.0)
denovo102 A155_EU074856 279 (1000.0)
denovo102 A156_EU074859 279 (1000.0)
denovo102 A139_EU074962 279 (1000.0)
denovo102 A6_AF186058 279 (1009.0)
denovo102 A3_AF333507 279 (1009.0)
denovo102 A3_JN558091 279 (1009.0)
denovo102 A8_AY258468 279 (1018.0)
denovo102 A7_AY239360 279 (991.0)
denovo102 A16_EU792888 279 (991.0)
denovo102 A4.3_FN429763 277 (1100.5)
denovo102 A120_AF180122 276 (1025.0)
denovo102 A4.2_FN429761 275 (1101.0)
denovo102 A4_AF333509 275 (1111.0)
denovo102 A4.1_FN429760 275 (1090.5)
denovo102 A4a_AF499778 275 (1102.0)
denovo102 A4a.1_FN429762 275 (1102.0)
denovo102 A138_EF378620 277 (1034.5)
denovo102 A122_EF378619 275 (1051.0)
denovo102 A126_EF378615 275 (1054.5)
denovo102 A10_EU792882 275 (1054.5)
denovo102 A9_EU449028 275 (1066.0)
denovo102 A105_AB207202 275 (1066.0)
denovo102 A119_AF180121 276 (994.5)
denovo102 A12_EU792883 275 (1057.0)
denovo102 A104_AB207203 275 (1066.0)
denovo102 A1a_EU449030 275 (1075.0)
denovo102 A1.3_HE578976 275 (1075.0)
denovo102 A1.4_HE578977 275 (1075.0)
denovo102 A13_AF333504 275 (1084.0)
denovo102 A13_JN558094 275 (1084.0)
denovo102 A110_AB190282 275 (1075.0)
denovo102 A103_AB207206 275 (1075.0)
denovo102 A130_EF656428 275 (1075.0)
denovo102 A127_EF656429 275 (1075.0)
denovo102 A128_EF656430 275 (1075.0)
denovo102 A129_EF656431 275 (1084.0)
denovo102 A131_EF656432 275 (1075.0)
denovo102 A118_AF180120 275 (1022.5)
denovo102 A1_AF333505 275 (1084.0)
denovo102 A107_AB207199 275 (1057.0)
denovo102 A111_AB190280 275 (1066.0)
denovo102 A108_AB207197 275 (1051.0)
denovo102 A106_AB207200 275 (1057.0)
denovo102 A102_AB207209 275 (1075.0)
denovo102 A1.2_AB207210 275 (1075.0)
denovo102 A109_AB190285 275 (1066.0)
denovo102 B4_AF333510 340 (431.5)
denovo102 B23_EU449079 343 (430.5)
denovo102 B30_GU907644 345 (419.0)
denovo102 B11_AY239361 353 (443.5)
denovo102 B17_AY258470 348 (416.5)
denovo102 B1k_GU907638 286 (256.5)
denovo102 B1.V_Green2014 352 (410.5)
denovo102 B1b_AF499780 346 (434.0)
denovo102 B16_AY258469 350 (423.0)
denovo102 B31a_GU907646 348 (426.5)
denovo102 B32_GU907647 352 (438.0)
denovo102 B31_GU907645 352 (429.5)
denovo102 B1j_GU907637 346 (438.0)
denovo102 B37_GU907650 348 (446.0)
denovo102 B5a_AF499782 351 (435.5)
denovo102 B5_AF499781 351 (435.5)
denovo102 B24_GU907643 351 (393.0)
denovo102 B117_AF180124 340 (410.0)
denovo102 B10_AF499787 351 (426.0)
denovo102 B20_GU907642 360 (430.5)
denovo102 B1m_GU907640 351 (435.0)
denovo102 B34_GU907649 351 (435.0)
denovo102 B1d_GU907633 347 (431.0)
denovo102 B1e_GU907634 346 (438.5)
denovo102 B1i_GU907636 351 (435.0)
denovo102 B1g_GU907635 347 (437.0)
denovo102 B123_EU074872 339 (417.0)
denovo102 B8_AF499785 349 (443.5)
denovo102 B1l_GU907639 348 (444.0)
denovo102 B1a_AF499779 346 (429.0)
denovo102 B14_AY239362 351 (422.5)
denovo102 B125_EU074865 356 (432.0)
denovo102 B122_EU074871 352 (429.5)
denovo102 B124_EU074874 351 (426.0)
denovo102 B1.VII_Green2014 351 (401.0)
denovo102 B1.III_Green2014 338 (423.5)
denovo102 B1.I_Green2014 351 (435.0)
denovo102 B1.II_Green2014 351 (435.0)
denovo102 B1_JN558057 351 (435.0)
denovo102 B1_AF333511 351 (435.0)
denovo102 B1.IV_Green2014 355 (430.0)
denovo102 B121_EU074870 351 (435.0)
denovo102 B7_AF499784 351 (435.0)
denovo102 B1.VI_Green2014 340 (430.0)
denovo102 B3_AF333514 339 (450.0)
denovo102 B9_AF499786 340 (426.0)
denovo102 B19a_JN558055 348 (413.0)
denovo102 B119_EU099825 335 (438.0)
denovo102 B21_DQ865213 344 (433.5)
denovo102 B38_GU907651 344 (433.5)
denovo102 B18_AY258471 340 (452.5)
denovo102 B18a_AY258472 341 (446.5)
denovo102 B33_GU907648 345 (440.5)
denovo102 B6_AF499783 341 (447.0)
denovo102 B19_DQ865212 340 (435.0)
denovo102 B19_GU907641 340 (435.0)
denovo102 B2_AF333512 340 (435.0)
denovo102 B2_JN558060 340 (435.0)
denovo102 C33.1_AY258498 340 (451.0)
denovo102 C33.2_AY765400 340 (451.0)
denovo102 C33a_EF541147 340 (451.0)
denovo102 C34_AY258499 343 (467.5)
denovo102 C78_AY765413 342 (439.0)
denovo102 C15.29_KC597690 338 (426.0)
denovo102 C1131_DQ182650 346 (431.5)
denovo102 C1135_DQ182646 334 (431.5)
denovo102 C1134_DQ182647 332 (426.0)
denovo102 C1142_DQ182635 332 (426.0)
denovo102 C1136_DQ182644 340 (431.5)
denovo102 C1111_DQ182645 334 (439.5)
denovo102 C1236_EF473656 334 (430.5)
denovo102 C1138_DQ182642 334 (430.5)
denovo102 C1137_DQ182643 335 (441.0)
denovo102 C1133_DQ182648 334 (430.5)
denovo102 C1132_DQ182649 334 (431.0)
denovo102 C1143_DQ182634 334 (439.5)
denovo102 C1139_DQ182639 329 (444.5)
denovo102 C15.28_KC597687 329 (463.0)
denovo102 C1141_DQ182636 328 (451.0)
denovo102 C1144_DQ182637 329 (444.5)
denovo102 C1122_DQ182654 331 (442.0)
denovo102 C1127_DQ182652 327 (447.5)
denovo102 C15.30_JX394114 332 (453.5)
denovo102 C15.26_KC597686 354 (466.0)
denovo102 C1086_DQ182656 336 (448.0)
denovo102 C15.25_KC597685 336 (457.0)
denovo102 C1118_AF180127 332 (450.5)
denovo102 C1129_DQ182651 347 (434.5)
denovo102 C15.21_KC597683 340 (443.5)
denovo102 C56_AY589760 345 (448.0)
denovo102 C1140_DQ182638 349 (441.5)
denovo102 C1126_DQ182653 344 (444.5)
denovo102 C15c_AY258492 349 (451.0)
denovo102 C15d_AY258493 345 (456.5)
denovo102 C1098_DQ182641 343 (448.0)
denovo102 C15.27_KC597689 336 (466.0)
denovo102 C15.18_HE579024 332 (453.5)
denovo102 C15.16_HE579022 346 (452.0)
denovo102 C1101_AB253787 349 (442.0)
denovo102 C1083_AY237300 345 (465.5)
denovo102 C1088_DQ182640 347 (463.5)
denovo102 C15.6_FN563472 349 (451.0)
denovo102 C15.5_FJ461512 336 (457.0)
denovo102 C15.4_FJ461511 336 (457.0)
denovo102 C15.13_HE579019 349 (450.5)
denovo102 C15.12_HE579018 349 (451.0)
denovo102 C93a_AM748563 349 (478.0)
denovo102 C1094_AJ291514 349 (460.0)
denovo102 C93_AM748562 349 (469.0)
denovo102 C15.17_HE579023 348 (460.5)
denovo102 C15e_AY589742 342 (459.0)
denovo102 C15.22_KC597695 349 (451.0)
denovo102 C60_AY589764 348 (466.5)
denovo102 C15.1_FJ461508 346 (469.0)
denovo102 C15.2_FJ461509 349 (469.0)
denovo102 C15.9_FN563475 339 (465.5)
denovo102 C15.7_HE579015 349 (459.5)
denovo102 C15.8_HE579016 349 (451.0)
denovo102 C15.15_HE579021 349 (451.0)
denovo102 C15.19_HE579025 340 (460.5)
denovo102 C15.24_KC597696 346 (451.5)
denovo102 C15.3_FJ461510 336 (475.0)
denovo102 C1087_DQ182655 349 (460.0)
denovo102 C15.14_HE579020 341 (461.0)
denovo102 C15.23_KC597697 341 (461.0)
denovo102 C19_AY258479 343 (463.5)
denovo102 C1233_EU118166 349 (451.0)
denovo102 C15b_AY258491 349 (451.0)
denovo102 C15a_AY258476 336 (466.0)
denovo102 C1051_AF195153 349 (469.0)
denovo102 C2_AF333518 350 (467.0)
denovo102 C15.20_HE579026 350 (459.5)
denovo102 C15f_AY589743 347 (459.5)
denovo102 C55_AY589759 345 (460.5)
denovo102 C15_AY239369 349 (460.0)
denovo102 C32.1_JF683335 339 (464.0)
denovo102 C32.2_JF683336 334 (467.0)
denovo102 C21.23_KC597693 334 (467.0)
denovo102 C1193_EU099827 339 (454.5)
denovo102 C1195_EU099821 350 (415.0)
denovo102 C3q_GU907655 330 (477.5)
denovo102 C53_AY589758 340 (468.0)
denovo102 C73_AY765408 329 (460.5)
denovo102 C17.2.1_KC597684 339 (472.0)
denovo102 C32_AY258497 330 (464.0)
denovo102 C1189_EU099831 326 (461.5)
denovo102 C1191_EU099833 326 (470.5)
denovo102 C1196_EU099819 342 (454.5)
denovo102 C1192_EU099820 342 (454.5)
denovo102 C17.1_JF683322 333 (465.0)
denovo102 C26_b2_FN827164 329 (476.0)
denovo102 C26_b3_FN827165 328 (473.0)
denovo102 C31.9_HQ630879 329 (469.5)
denovo102 C31a_AY589746 330 (468.0)
denovo102 C30_AY589745 343 (471.0)
denovo102 C31.1_HQ630876 333 (477.0)
denovo102 C31.5_HQ630877 326 (474.5)
denovo102 C31.6_HQ630878 326 (474.0)
denovo102 C31.2_JF683332 330 (477.0)
denovo102 C31.3_JF683333 330 (477.0)
denovo102 C26/C35a_AY239378 328 (464.0)
denovo102 C35a_AY258501 328 (464.0)
denovo102 C35.2_AY258500 328 (473.0)
denovo102 C26_b1_FN827163 328 (473.0)
denovo102 C17_AY239370 328 (467.0)
denovo102 C17.2_FJ461513 328 (478.0)
denovo102 C31.10_HQ630880 329 (478.5)
denovo102 C31.4_JF683334 334 (465.5)
denovo102 C31_AY258496 330 (477.0)
denovo102 C25_AY239377 338 (456.0)
denovo102 C61_AY589765 341 (457.5)
denovo102 C1043_DQ072721 335 (431.5)
denovo102 C79_AY765414 338 (462.5)
denovo102 C69_AY589773 323 (472.5)
denovo102 C69a_AY686648 323 (463.5)
denovo102 C21.22_KC597692 326 (486.5)
denovo102 C51_AY589756 339 (456.5)
denovo102 C1aa_HM185739 332 (482.0)
denovo102 C1096_DQ068023 334 (448.5)
denovo102 C74_AY765409 339 (478.0)
denovo102 C1185_AB294629 347 (474.5)
denovo102 C1184_AB294630 347 (474.5)
denovo102 C1153_AB294625 347 (492.5)
denovo102 C1154_AB294626 345 (487.0)
denovo102 C1187_AB294627 347 (474.5)
denovo102 C1186_AB294628 344 (484.5)
denovo102 C57_AY589761 343 (483.5)
denovo102 C66_AY589771 347 (483.5)
denovo102 C5_AF499795 337 (460.0)
denovo102 C1167_AB294586 339 (477.0)
denovo102 C1164_AB294593 352 (460.0)
denovo102 C1183_AB294631 336 (473.5)
denovo102 C1067_DQ335381 339 (476.5)
denovo102 C1159_AB294613 353 (485.5)
denovo102 C1150_AB294622 351 (480.5)
denovo102 C90_AM748554 335 (483.0)
denovo102 C1168_AB294583 352 (469.0)
denovo102 C1156_AB294616 348 (484.5)
denovo102 C1151_AB294621 352 (478.0)
denovo102 C92a_AM748561 352 (478.0)
denovo102 C92_AM748560 352 (478.0)
denovo102 C1165_AB294581 345 (475.0)
denovo102 C1166_AB294584 352 (478.0)
denovo102 C1162_AB294594 352 (469.0)
denovo102 C1163_AB294596 341 (462.5)
denovo102 C1161_AB294606 339 (466.0)
denovo102 C1160_AB294608 339 (475.0)
denovo102 C1158_AB294614 341 (471.5)
denovo102 C1155_AB294617 352 (460.0)
denovo102 C1149_AB294620 342 (474.5)
denovo102 C1173_AB294662 352 (469.0)
denovo102 C1171_AB294663 352 (460.0)
denovo102 C1172_AB294665 352 (460.0)
denovo102 C91a_AM748556 342 (465.5)
denovo102 C91b_AM748557 339 (465.5)
denovo102 C91d_AM748559 345 (466.0)
denovo102 C91c_AM748558 345 (466.0)
denovo102 C91_AJ621543 352 (469.0)
denovo102 C91_AM748555 352 (469.0)
denovo102 C1023_DQ335330 313 (468.0)
denovo102 C1020_DQ335392 336 (467.0)
denovo102 C1018_DQ335408 333 (475.0)
denovo102 C1074_DQ335329 338 (464.0)
denovo102 C1030_DQ335353 338 (473.0)
denovo102 C1022_DQ335331 332 (472.5)
denovo102 C1027_DQ335360 338 (482.0)
denovo102 C1072_DQ335344 338 (473.0)
denovo102 C1039_AB190274 338 (473.0)
denovo102 C1033_DQ335350 343 (461.0)
denovo102 C1019_DQ335407 338 (473.0)
denovo102 C1194_EU099826 337 (462.5)
denovo102 C8b_AY258475 334 (454.5)
denovo102 C8_AY239367 331 (460.0)
denovo102 C8a_AY239368 331 (451.5)
denovo102 C54a_AY765406 335 (481.5)
denovo102 C3ff_HM185740 338 (472.0)
denovo102 C59_AY589763 332 (464.5)
denovo102 C3k_AY589737 335 (463.5)
denovo102 C3.24_HE579012 343 (470.0)
denovo102 C3.23_HE579011 344 (463.5)
denovo102 C35.1_AY765401 335 (481.0)
denovo102 C35.3_EF541145 335 (481.0)
denovo102 C76_AY765411 339 (454.5)
denovo102 C1107_DQ335359 341 (449.0)
denovo102 C3.22_HE579010 343 (478.5)
denovo102 C77_AY765412 341 (468.0)
denovo102 C20_AY239371 335 (472.5)
denovo102 C1055_DQ480640 334 (464.0)
denovo102 C27/C30_AY239379 330 (478.5)
denovo102 C27.1_FJ461517 330 (469.5)
denovo102 C40a_AY589747 340 (469.5)
denovo102 C40_AY258485 340 (469.5)
denovo102 C40b_AY589748 341 (469.0)
denovo102 C16_AY258477 335 (463.5)
denovo102 C16a_AY765399 336 (466.5)
denovo102 C1091_AB207186 335 (463.5)
denovo102 C1102_DQ335400 335 (454.5)
denovo102 C1069_DQ335375 338 (473.0)
denovo102 C1073_DQ335332 338 (464.0)
denovo102 C1066_DQ335382 341 (461.5)
denovo102 C1031_DQ335352 333 (476.0)
denovo102 C1026_DQ335366 333 (476.0)
denovo102 C70_AY589774 335 (472.5)
denovo102 C1082_AB190267 337 (478.5)
denovo102 C1078_AB190271 335 (481.5)
denovo102 C1090_AB207191 338 (472.5)
denovo102 C1071_DQ335302 339 (466.0)
denovo102 C1075_DQ335328 340 (469.0)
denovo102 C1068_DQ335379 335 (472.5)
denovo102 C1064_DQ335395 335 (481.5)
denovo102 C1063_DQ335403 339 (466.5)
denovo102 C62_AY589766 335 (472.5)
denovo102 C1077_DQ335316 335 (477.5)
denovo102 C1109_DQ335338 335 (463.5)
denovo102 C1110_DQ335340 332 (463.5)
denovo102 C1106_DQ335339 335 (454.5)
denovo102 C1112_DQ335319 335 (472.5)
denovo102 C1108_DQ335351 335 (454.5)
denovo102 C1105_DQ335394 335 (463.5)
denovo102 C1121_DQ335378 335 (454.5)
denovo102 C1116_AB190268 335 (463.5)
denovo102 C1115_AB190273 335 (463.5)
denovo102 C1124_DQ335323 335 (445.5)
denovo102 C1120_DQ335398 335 (454.5)
denovo102 C1119_DQ335404 335 (463.5)
denovo102 C1123_DQ335363 335 (454.5)
denovo102 C1004_DQ480635 331 (469.0)
denovo102 C1061_AY186568 331 (469.0)
denovo102 C1053_AY186569 331 (469.0)
denovo102 C1003_DQ480639 331 (469.0)
denovo102 C81_GU907657 324 (476.5)
denovo102 C22_AY239373 333 (474.5)
denovo102 C22a_AY239374 331 (477.0)
denovo102 C1232_EU118163 340 (461.5)
denovo102 C21.13_FJ461515 330 (489.5)
denovo102 C21.1_JF683323 326 (478.0)
denovo102 C21.3_JF683325 338 (468.5)
denovo102 C1.20_HE578993 331 (469.0)
denovo102 C1.22_HE578995 331 (460.0)
denovo102 C52_AY589757 335 (457.5)
denovo102 C1201_EU099793 335 (422.0)
denovo102 C14_AY589741 341 (466.0)
denovo102 C43_AY589749 342 (456.5)
denovo102 C50_AY589755 335 (472.5)
denovo102 C3.14_HQ630872 335 (463.0)
denovo102 C1m_AY765398 331 (460.0)
denovo102 C82_GU907658 334 (470.0)
denovo102 C82b_GU907660 334 (470.0)
denovo102 C64_AY589768 334 (470.0)
denovo102 C45a_AY765404 342 (465.0)
denovo102 C48_AY589753 331 (480.0)
denovo102 C1_v1b_FJ919244 331 (460.0)
denovo102 C1_v1a_FJ919243 331 (460.0)
denovo102 C3j_AY239366 333 (458.0)
denovo102 C3t_EF541149 335 (490.5)
denovo102 C9_AF499798 334 (460.5)
denovo102 C23_AY239375 331 (459.5)
denovo102 C37_AY258481 330 (476.0)
denovo102 C1048_DQ068026 331 (460.0)
denovo102 C21.4_JF683326 328 (458.0)
denovo102 C21.5_JF683327 328 (467.0)
denovo102 C1070_DQ335349 335 (463.5)
denovo102 C21.6_HQ630873 328 (467.0)
denovo102 C1224_EU074890 327 (466.0)
denovo102 C1.17_HE578990 331 (469.0)
denovo102 C21_b1_FN827162 334 (466.0)
denovo102 C21.9_JF683330 334 (475.0)
denovo102 C1085_AY624605 341 (462.5)
denovo102 C3p_GU907654 335 (467.0)
denovo102 C3f_AY589734 335 (472.5)
denovo102 C65a_AY589770 335 (472.5)
denovo102 C65_AY589769 335 (481.5)
denovo102 C71_AY589775 335 (481.5)
denovo102 C71a_AY589776 335 (472.5)
denovo102 C1178_AB294647 334 (473.0)
denovo102 C1225_EU074893 335 (471.5)
denovo102 C75_AY765410 338 (472.0)
denovo102 C21.10_JF683331 330 (472.0)
denovo102 C21.11_HQ630874 328 (476.0)
denovo102 C1065_DQ335388 335 (463.0)
denovo102 C1045_DQ068036 335 (472.0)
denovo102 C1h_AY258473 329 (472.5)
denovo102 C38_AY258482 334 (478.5)
denovo102 C1202_EU099799 333 (467.0)
denovo102 C7_AF499797 333 (476.0)
denovo102 C12_AF499801 335 (465.5)
denovo102 C38a_AY258483 331 (475.5)
denovo102 C1200_EU099800 325 (478.5)
denovo102 C44a_AY589751 340 (469.0)
denovo102 C47_AY589752 338 (470.5)
denovo102 C44_AY589750 342 (465.0)
denovo102 C1.15_HE578988 328 (478.0)
denovo102 C45.3_FJ461522 328 (478.0)
denovo102 C46a_AY765405 340 (468.5)
denovo102 C46_EU449108 340 (468.5)
denovo102 C3.12_FJ461507 342 (474.0)
denovo102 C1k_AY589733 331 (469.0)
denovo102 C67_AY686647 336 (465.5)
denovo102 C82a_GU907659 342 (465.5)
denovo102 C10a_AY589739 333 (474.0)
denovo102 C10_AF499799 331 (469.0)
denovo102 C13_AY589740 334 (466.5)
denovo102 C4_AF499794 331 (460.0)
denovo102 C1147_EF656433 331 (469.0)
denovo102 C1c/C45_AY239364 331 (469.0)
denovo102 C1c/C45_EU449103 331 (469.0)
denovo102 C21.19_HE579031 328 (467.0)
denovo102 C21.21_HE579033 342 (454.5)
denovo102 C21.20_HE579032 342 (463.5)
denovo102 C42b_AY765403 334 (442.5)
denovo102 C42_AY258487 334 (451.5)
denovo102 C1p_GU907652 331 (460.0)
denovo102 C1d_AY258488 350 (453.5)
denovo102 C42_AY765402 331 (460.0)
denovo102 C3ha_AY589736 333 (472.5)
denovo102 C63a_AY589767 330 (484.5)
denovo102 C21a_AY589744 328 (476.0)
denovo102 C3o_GU907653 328 (467.0)
denovo102 C21.16_HQ630875 328 (476.0)
denovo102 C21.2_JF683324 334 (475.0)
denovo102 C21.7_JF683328 335 (478.0)
denovo102 C21.8_JF683329 326 (478.5)
denovo102 C3h_AY239365 328 (467.0)
denovo102 C1203_EU099798 328 (476.0)
denovo102 C3.10_FJ461505 335 (472.5)
denovo102 C21.14_FJ461516 328 (476.0)
denovo102 C21.18_HE579030 332 (475.5)
denovo102 C3.17_HE579005 335 (463.5)
denovo102 C3.9_FJ461504 331 (476.0)
denovo102 C3.8_FJ461503 333 (475.0)
denovo102 C3.7_FJ461502 335 (481.5)
denovo102 C3.11_FJ461506 332 (464.5)
denovo102 C3.18_HE579006 335 (472.5)
denovo102 C3.19_HE579007 335 (472.0)
denovo102 C3.20_HE579008 335 (463.5)
denovo102 C3g_AY589735 338 (473.5)
denovo102 C3a_AF499790 333 (475.0)
denovo102 C3e_AF499793 335 (463.5)
denovo102 C6_AF499796 338 (472.0)
denovo102 C11_AF499800 339 (474.5)
denovo102 C36_AY258480 337 (468.0)
denovo102 C29_AY258494 350 (472.0)
denovo102 C1146_EF656434 335 (481.5)
denovo102 C1190_EU099841 335 (481.5)
denovo102 C131_JF320826 335 (463.5)
denovo102 C28_AY239380 343 (472.0)
denovo102 C1012_DQ480604 335 (472.5)
denovo102 C1181_AB294640 341 (464.5)
denovo102 C1180_AB294641 341 (473.5)
denovo102 C1179_AB294645 341 (473.5)
denovo102 C1176_AB294651 338 (475.5)
denovo102 C1175_AB294653 341 (473.5)
denovo102 C1174_AB294655 346 (471.0)
denovo102 C1177_AB294659 342 (475.5)
denovo102 C1040_AB190269 335 (472.5)
denovo102 C1182_AB294649 335 (463.5)
denovo102 C1089_AJ278598 335 (463.5)
denovo102 C1028_DQ335357 335 (472.5)
denovo102 C3.16_EU786015 335 (463.5)
denovo102 C1097_AJ311943 342 (461.5)
denovo102 C1170_AB294661 341 (473.5)
denovo102 C21.17_HE579029 330 (475.0)
denovo102 C21/3d/C3k_AY239372 328 (476.0)
denovo102 C58_AY589762 335 (474.5)
denovo102 C3L_AY589738 332 (468.5)
denovo102 C1169_AB294660 341 (473.5)
denovo102 C3.2_FJ461497 334 (473.0)
denovo102 C3.1_JF683321 330 (479.0)
denovo102 C1104_AF427469 335 (469.0)
denovo102 C3b_AF499791 334 (473.0)
denovo102 C83_GU907661 342 (476.5)
denovo102 C49_AY589754 365 (481.0)
denovo102 C3_AB778606 335 (472.5)
denovo102 C3_AF499789 335 (472.5)
denovo102 C3_HE579001 335 (472.5)
denovo102 C21.12_FJ461514 328 (485.0)
denovo102 C1229_EU074888 337 (465.0)
denovo102 C1230_EU074889 337 (474.0)
denovo102 C1114_AB207196 336 (457.0)
denovo102 C3.21_HE579009 337 (420.0)
denovo102 C1057_DQ480619 331 (460.0)
denovo102 C72_AY765407 341 (454.0)
denovo102 C1b.3_HE578999 330 (460.5)
denovo102 C93_AJ621536 335 (463.5)
denovo102 C94_AJ621539 331 (460.0)
denovo102 C1g_AY589730 331 (478.0)
denovo102 C1i_AY589731 341 (462.5)
denovo102 C1j_AY589732 331 (469.0)
denovo102 C1005_DQ480633 331 (460.0)
denovo102 C1.7_FJ461494 331 (469.0)
denovo102 C1.11_HE578984 334 (460.5)
denovo102 C1.12_HE578985 331 (469.0)
denovo102 C1.13_HE578986 331 (469.0)
denovo102 C1.14_HE578987 332 (472.0)
denovo102 C1.18_HE578991 331 (460.0)
denovo102 C1.19_HE578992 331 (469.0)
denovo102 C1199_EU099802 341 (456.5)
denovo102 C1188_EU099838 341 (471.5)
denovo102 C1002_DQ838544 349 (469.0)
denovo102 C1198_EU099810 331 (460.0)
denovo102 C24_AY239376 331 (451.0)
denovo102 C1f_AY258490 331 (469.0)
denovo102 C1006_DQ480629 341 (463.0)
denovo102 C1010_DQ480607 331 (469.0)
denovo102 C1007_DQ480624 331 (460.0)
denovo102 C1011_DQ480605 333 (475.5)
denovo102 C1009_DQ480608 331 (469.5)
denovo102 C1041_AY186548 334 (468.5)
denovo102 C1052_AY186570 331 (469.0)
denovo102 C1148_EU040178 341 (462.5)
denovo102 C1234_EU118165 341 (468.0)
denovo102 C1.5_EF634157 335 (462.5)
denovo102 C1059_DQ480609 331 (460.0)
denovo102 C1228_EU074883 343 (469.0)
denovo102 C1208_EU074963 334 (468.0)
denovo102 C1207_EU074964 332 (472.5)
denovo102 C1206_EU074965 341 (471.5)
denovo102 C1013_DQ480642 332 (471.0)
denovo102 C80_GU907656 345 (466.0)
denovo102 C1a_AF499788 341 (462.5)
denovo102 C41_AY258486 331 (460.0)
denovo102 C39_AY258484 331 (464.5)
denovo102 C1231_EU074878 331 (460.0)
denovo102 C1b.1_HE578997 330 (460.5)
denovo102 C18_AY258478 341 (462.5)
denovo102 C1.10_HE578983 333 (464.0)
denovo102 C1_JN558041 331 (469.0)
denovo102 C1_HE578979 331 (469.0)
denovo102 C1_AM748551 331 (469.0)
denovo102 C1_AF333515 331 (469.0)
denovo102 C1054_AY186565 332 (468.5)
denovo102 C1008_DQ480613 331 (460.0)
denovo102 C1103_AF427470 331 (465.5)
denovo102 C1226_EU074881 331 (465.5)
denovo102 C1b/C1e_AY239363 330 (469.5)
denovo102 C1044_DQ068038 331 (454.0)
denovo102 C1017_DQ174729 331 (459.5)
denovo102 C1.6_FJ461493 331 (460.0)
denovo102 C1b.2_HE578998 330 (460.5)
denovo102 C1060_DQ480600 331 (460.0)
denovo102 C1227_EU074882 332 (462.0)
denovo102 C1197_EU099814 331 (460.0)
denovo102 C1130_DQ480643 331 (382.0)
denovo102 D109_AB097465 339 (376.0)
denovo102 D1.11_HE579040 332 (384.0)
denovo102 D105_AF174570 334 (391.0)
denovo102 D104_AF174572 335 (375.0)
denovo102 D1.3_JF683337 337 (372.0)
denovo102 D1.10_HE579039 335 (384.0)
denovo102 D110_AF174561 335 (384.0)
denovo102 D117_AF174542 335 (375.0)
denovo102 D114_AF174549 335 (384.0)
denovo102 D113_AF174557 335 (375.5)
denovo102 D112_AF174558 335 (375.5)
denovo102 D106_AF174559 334 (391.0)
denovo102 D111_AF174560 334 (382.0)
denovo102 D115_AF174562 340 (380.5)
denovo102 D107_AF174568 335 (375.0)
denovo102 D116_AF174571 319 (400.0)
denovo102 D124_EU074897 335 (375.5)
denovo102 D1.8_HE579037 339 (377.5)
denovo102 D3_AY686650 335 (384.0)
denovo102 D1.6_HQ630881 341 (383.5)
denovo102 D120_EU074900 335 (375.5)
denovo102 D121_EU074904 319 (391.0)
denovo102 D122_EU074905 335 (383.5)
denovo102 D1a.2_JF683339 337 (374.5)
denovo102 D1a.1_JF683338 335 (375.5)
denovo102 D2_AY686649 573 (436.5)
denovo102 D4_DQ865214 337 (377.5)
denovo102 D1a_AF499802 335 (375.5)
denovo102 D1a_JN558078 335 (375.5)
denovo102 D123_EU074895 335 (384.0)
denovo102 D108_AF174567 333 (387.5)
denovo102 D103_AF174575 334 (391.0)
denovo102 D100_AF411415 329 (384.5)
denovo102 D118_EF656435 339 (378.5)
denovo102 D101_AF411416 329 (369.5)
denovo102 D119_EU099832 336 (380.0)
denovo102 D102_AF174573 339 (381.0)
denovo102 D1_AF334660 335 (384.0)
denovo102 D1_JN558076 335 (384.0)
denovo102 D1.12_HE579041 316 (383.0)
denovo102 D1.1_AM748564 393 (422.5)
denovo102 D1.2_AM748617 406 (406.0)
denovo102 E111_EU074915 340 (436.5)
denovo102 E110_EU074914 340 (437.5)
denovo102 E114_EU074909 341 (439.5)
denovo102 E1_AF334659 341 (436.5)
denovo102 E105_EU074921 340 (446.5)
denovo102 E112_EU074916 340 (428.5)
denovo102 E104_EU074922 340 (437.5)
denovo102 E102_EU074924 340 (437.5)
denovo102 E103_EU074923 340 (437.5)
denovo102 E101_AY160123 333 (442.0)
denovo102 E109_EU074913 334 (445.0)
denovo102 E100_DQ011618 330 (450.0)
denovo102 E108_EU074912 332 (456.5)
denovo102 E113_EU074908 334 (457.5)
denovo102 E107_EU074910 329 (457.0)
denovo102 F1_JN558066 340 (468.5)
denovo102 F5.2d_AJ291530 343 (478.5)
denovo102 F104_AJ291531 343 (478.5)
denovo102 F5.2c_AM748596 343 (478.5)
denovo102 F5.2_AM748594 342 (474.5)
denovo102 F5.2a_AM748614 342 (474.5)
denovo102 F5.2b_AM748595 343 (478.5)
denovo102 F5.2e_AJ291533 357 (433.0)
denovo102 F5.2g_JN558072 341 (480.0)
denovo102 F5.2f_AJ291512 340 (477.5)
denovo102 F102_AJ291534 339 (483.0)
denovo102 F5.1c_AM748593 348 (473.5)
denovo102 F5.1d_JN558069 339 (474.0)
denovo102 F5.1b_AJ291535 346 (469.0)
denovo102 F5.1_AM748592 344 (472.0)
denovo102 F5.1a_AM748591 346 (477.5)
denovo102 F110_AJ291526 333 (511.0)
denovo102 F4.7_AM748587 332 (511.5)
denovo102 F4.5_AM748585 330 (512.0)
denovo102 F4.4a_AM748583 326 (518.5)
denovo102 F4.4_AM748582 329 (505.5)
denovo102 F4.4b_AM748584 328 (513.0)
denovo102 F4.1a_AM748573 325 (480.5)
denovo102 F112_AJ291528 327 (459.0)
denovo102 F4.1_AM748572 327 (477.0)
denovo102 F4.8b_AM748590 333 (509.0)
denovo102 F4.8_AM748588 330 (510.0)
denovo102 F4.8a_AM748589 330 (510.0)
denovo102 F109_AJ291527 329 (512.0)
denovo102 F4.6_AM748586 331 (487.5)
denovo102 F111_AJ311949 336 (473.5)
denovo102 F4.3c_AM748581 329 (488.0)
denovo102 F4.3a_AM748579 329 (488.5)
denovo102 F4.3b_AM748580 329 (488.0)
denovo102 F4.3_AM748578 329 (488.5)
denovo102 F4.2_AM748574 331 (488.5)
denovo102 F4.2a_AM748575 332 (494.5)
denovo102 F4.2c_AM748577 333 (494.5)
denovo102 F4.2b_AM748576 332 (494.5)
denovo102 F2b_AJ291521 340 (485.5)
denovo102 F2_AJ830908 344 (479.5)
denovo102 F2a_AJ830911 340 (477.0)
denovo102 F3.1a_AM748566 359 (482.0)
denovo102 F114_AJ291525 357 (484.5)
denovo102 F3.1_AM748565 357 (502.5)
denovo102 F3.2_AM748567 351 (494.5)
denovo102 F3.2a_AM748568 346 (516.0)
denovo102 F3.3_AM748569 352 (495.0)
denovo102 F3.4a_AM748571 343 (520.5)
denovo102 F3.4_AM748570 341 (505.0)
denovo102 F3.4b_AM748616 341 (505.0)
denovo102 G101_AJ291539 348 (409.5)
denovo102 G1_AM748597 351 (401.0)
denovo102 G2b_JN558087 344 (383.5)
denovo102 G2_AM748598 344 (383.5)
denovo102 G2a_AM748599 339 (386.5)
denovo102 G4_AM748601 352 (429.5)
denovo102 G3.4_LK392378 362 (372.5)
denovo102 G3_AM748600 360 (383.0)
denovo102 G3.2_KC597694 330 (380.5)
denovo102 G3.1_KC597688 346 (402.0)
denovo102 G100_AB253788 349 (403.0)
denovo102 G3.3_LK392377 344 (415.0)
denovo102 H6_AJ291520 633 (298.0)
denovo102 H3_AM748606 336 (378.5)
denovo102 H2_AM748605 322 (377.5)
denovo102 H4_AM748607 309 (370.5)
denovo102 H4a_AM748608 317 (381.0)
denovo102 H5a_AM748611 320 (402.5)
denovo102 H5b_AM748610 323 (392.0)
denovo102 H5_AJ621129 317 (394.0)
denovo102 H5_AM748609 317 (394.0)
denovo102 H100_AJ291513 322 (389.0)
denovo102 H1b_AM748604 322 (401.5)
denovo102 H1a_AM748612 321 (399.0)
denovo102 H1_AJ621152 322 (402.0)
denovo102 H1_AM748602 322 (402.0)
denovo102 I3_FN561561 356 (499.0)
denovo102 I4_FN561562 352 (497.0)
denovo102 I1_FN561559 349 (485.0)
denovo102 I2_FN561560 345 (481.5)

#---------------------------------------
#---------------------------------------
