denovo113 A136_DQ865210 304 (755.5)
denovo113 A133_DQ174725 282 (852.0)
denovo113 A115_AF180123 286 (715.5)
denovo113 A117_AF201746 286 (832.0)
denovo113 A134_DQ174723 286 (841.0)
denovo113 A114_AF184941 286 (841.0)
denovo113 A135_DQ174727 288 (845.5)
denovo113 A2_AF333506 289 (835.5)
denovo113 A101_AF427468 288 (845.5)
denovo113 A2_1_JN558097 288 (845.5)
denovo113 A2_2_JN558100 288 (845.5)
denovo113 A113_AF184948 280 (817.5)
denovo113 A112_AF184949 279 (842.0)
denovo113 A123_EF378618 275 (847.5)
denovo113 A137_EF378621 272 (948.0)
denovo113 A11_EU449041 272 (1056.5)
denovo113 A121_DQ174722 272 (1122.5)
denovo113 A15b_EU792886 272 (1071.5)
denovo113 A15a_EU792885 272 (1089.5)
denovo113 A15c_EU792887 273 (1074.5)
denovo113 A15_EU792884 272 (1080.5)
denovo113 A147_EU074937 272 (1107.5)
denovo113 A154_EU074860 272 (1107.5)
denovo113 A146_EU074936 272 (1107.5)
denovo113 A150_EU074928 272 (1107.5)
denovo113 A116_AF183575 272 (1107.5)
denovo113 A141_EU074931 272 (1116.5)
denovo113 A5_AF333508 272 (1149.5)
denovo113 A3b_EU449043 272 (1134.5)
denovo113 A151_EU074925 272 (1116.5)
denovo113 A152_EU074927 272 (1116.5)
denovo113 A149_EU074929 272 (1116.5)
denovo113 A140_EU074930 272 (1116.5)
denovo113 A142_EU074932 272 (1116.5)
denovo113 A143_EU074933 272 (1116.5)
denovo113 A144_EU074934 272 (1116.5)
denovo113 A145_EU074935 273 (1119.5)
denovo113 A148_EU074938 272 (1116.5)
denovo113 A155_EU074856 272 (1116.5)
denovo113 A156_EU074859 272 (1116.5)
denovo113 A139_EU074962 272 (1116.5)
denovo113 A6_AF186058 272 (1125.5)
denovo113 A3_AF333507 272 (1125.5)
denovo113 A3_JN558091 272 (1125.5)
denovo113 A8_AY258468 272 (1116.5)
denovo113 A7_AY239360 272 (1107.5)
denovo113 A16_EU792888 272 (1107.5)
denovo113 A4.3_FN429763 274 (1237.5)
denovo113 A120_AF180122 273 (1179.5)
denovo113 A4.2_FN429761 272 (1229.0)
denovo113 A4_AF333509 272 (1266.0)
denovo113 A4.1_FN429760 272 (1245.5)
denovo113 A4a_AF499778 272 (1257.0)
denovo113 A4a.1_FN429762 272 (1257.0)
denovo113 A138_EF378620 274 (1117.5)
denovo113 A122_EF378619 273 (1145.5)
denovo113 A126_EF378615 272 (1164.5)
denovo113 A10_EU792882 272 (1164.5)
denovo113 A9_EU449028 272 (1176.0)
denovo113 A105_AB207202 272 (1176.0)
denovo113 A119_AF180121 273 (1113.5)
denovo113 A12_EU792883 272 (1185.0)
denovo113 A104_AB207203 272 (1185.0)
denovo113 A1a_EU449030 272 (1194.0)
denovo113 A1.3_HE578976 272 (1194.0)
denovo113 A1.4_HE578977 272 (1194.0)
denovo113 A13_AF333504 272 (1194.0)
denovo113 A13_JN558094 272 (1194.0)
denovo113 A110_AB190282 272 (1194.0)
denovo113 A103_AB207206 272 (1194.0)
denovo113 A130_EF656428 272 (1194.0)
denovo113 A127_EF656429 272 (1194.0)
denovo113 A128_EF656430 272 (1194.0)
denovo113 A129_EF656431 272 (1194.0)
denovo113 A131_EF656432 272 (1194.0)
denovo113 A118_AF180120 272 (1141.5)
denovo113 A1_AF333505 272 (1203.0)
denovo113 A107_AB207199 272 (1176.0)
denovo113 A111_AB190280 272 (1185.0)
denovo113 A108_AB207197 272 (1170.0)
denovo113 A106_AB207200 272 (1176.0)
denovo113 A102_AB207209 272 (1194.0)
denovo113 A1.2_AB207210 272 (1194.0)
denovo113 A109_AB190285 272 (1185.0)
denovo113 B4_AF333510 338 (537.0)
denovo113 B23_EU449079 344 (498.5)
denovo113 B30_GU907644 344 (490.0)
denovo113 B11_AY239361 346 (514.5)
denovo113 B17_AY258470 341 (498.0)
denovo113 B1k_GU907638 285 (262.5)
denovo113 B1.V_Green2014 351 (483.0)
denovo113 B1b_AF499780 342 (515.0)
denovo113 B16_AY258469 344 (498.5)
denovo113 B31a_GU907646 340 (504.5)
denovo113 B32_GU907647 344 (516.0)
denovo113 B31_GU907645 344 (507.5)
denovo113 B1j_GU907637 339 (510.5)
denovo113 B37_GU907650 339 (521.5)
denovo113 B5a_AF499782 344 (498.5)
denovo113 B5_AF499781 344 (507.5)
denovo113 B24_GU907643 344 (384.0)
denovo113 B117_AF180124 337 (476.0)
denovo113 B10_AF499787 344 (498.5)
denovo113 B20_GU907642 349 (500.5)
denovo113 B1m_GU907640 344 (507.5)
denovo113 B34_GU907649 344 (507.5)
denovo113 B1d_GU907633 344 (507.5)
denovo113 B1e_GU907634 344 (507.5)
denovo113 B1i_GU907636 344 (507.5)
denovo113 B1g_GU907635 345 (498.5)
denovo113 B123_EU074872 344 (489.5)
denovo113 B8_AF499785 345 (498.5)
denovo113 B1l_GU907639 344 (499.0)
denovo113 B1a_AF499779 344 (507.5)
denovo113 B14_AY239362 345 (488.5)
denovo113 B125_EU074865 349 (504.5)
denovo113 B122_EU074871 344 (507.5)
denovo113 B124_EU074874 344 (498.5)
denovo113 B1.VII_Green2014 344 (456.0)
denovo113 B1.III_Green2014 331 (496.0)
denovo113 B1.I_Green2014 344 (507.5)
denovo113 B1.II_Green2014 344 (507.5)
denovo113 B1_JN558057 344 (507.5)
denovo113 B1_AF333511 344 (507.5)
denovo113 B1.IV_Green2014 354 (502.5)
denovo113 B121_EU074870 344 (507.5)
denovo113 B7_AF499784 344 (507.5)
denovo113 B1.VI_Green2014 339 (502.5)
denovo113 B3_AF333514 339 (515.5)
denovo113 B9_AF499786 339 (497.0)
denovo113 B19a_JN558055 323 (491.0)
denovo113 B119_EU099825 339 (505.5)
denovo113 B21_DQ865213 341 (498.0)
denovo113 B38_GU907651 341 (498.0)
denovo113 B18_AY258471 339 (524.0)
denovo113 B18a_AY258472 339 (524.0)
denovo113 B33_GU907648 344 (511.5)
denovo113 B6_AF499783 340 (518.0)
denovo113 B19_DQ865212 339 (506.0)
denovo113 B19_GU907641 339 (506.0)
denovo113 B2_AF333512 339 (506.0)
denovo113 B2_JN558060 339 (506.0)
denovo113 C33.1_AY258498 340 (533.0)
denovo113 C33.2_AY765400 340 (533.0)
denovo113 C33a_EF541147 340 (533.0)
denovo113 C34_AY258499 339 (548.5)
denovo113 C78_AY765413 342 (522.5)
denovo113 C15.29_KC597690 338 (509.0)
denovo113 C1131_DQ182650 329 (491.0)
denovo113 C1135_DQ182646 331 (497.0)
denovo113 C1134_DQ182647 328 (489.0)
denovo113 C1142_DQ182635 329 (491.0)
denovo113 C1136_DQ182644 338 (498.5)
denovo113 C1111_DQ182645 332 (506.5)
denovo113 C1236_EF473656 332 (497.5)
denovo113 C1138_DQ182642 332 (497.5)
denovo113 C1137_DQ182643 333 (508.0)
denovo113 C1133_DQ182648 332 (497.5)
denovo113 C1132_DQ182649 332 (506.5)
denovo113 C1143_DQ182634 332 (506.5)
denovo113 C1139_DQ182639 329 (500.0)
denovo113 C15.28_KC597687 330 (540.0)
denovo113 C1141_DQ182636 329 (500.0)
denovo113 C1144_DQ182637 330 (503.0)
denovo113 C1122_DQ182654 331 (506.0)
denovo113 C1127_DQ182652 329 (509.0)
denovo113 C15.30_JX394114 349 (542.0)
denovo113 C15.26_KC597686 340 (534.5)
denovo113 C1086_DQ182656 344 (535.5)
denovo113 C15.25_KC597685 344 (544.5)
denovo113 C1118_AF180127 330 (520.5)
denovo113 C1129_DQ182651 336 (494.0)
denovo113 C15.21_KC597683 340 (524.5)
denovo113 C56_AY589760 342 (531.0)
denovo113 C1140_DQ182638 341 (499.0)
denovo113 C1126_DQ182653 344 (508.0)
denovo113 C15c_AY258492 341 (536.0)
denovo113 C15d_AY258493 340 (542.5)
denovo113 C1098_DQ182641 343 (531.5)
denovo113 C15.27_KC597689 336 (549.0)
denovo113 C15.18_HE579024 342 (540.0)
denovo113 C15.16_HE579022 336 (549.0)
denovo113 C1101_AB253787 336 (522.0)
denovo113 C1083_AY237300 339 (540.5)
denovo113 C1088_DQ182640 336 (540.0)
denovo113 C15.6_FN563472 336 (531.0)
denovo113 C15.5_FJ461512 336 (540.0)
denovo113 C15.4_FJ461511 336 (540.0)
denovo113 C15.13_HE579019 336 (522.0)
denovo113 C15.12_HE579018 336 (531.0)
denovo113 C93a_AM748563 341 (545.0)
denovo113 C1094_AJ291514 341 (527.0)
denovo113 C93_AM748562 341 (536.0)
denovo113 C15.17_HE579023 335 (540.5)
denovo113 C15e_AY589742 342 (542.0)
denovo113 C15.22_KC597695 336 (531.0)
denovo113 C60_AY589764 341 (536.0)
denovo113 C15.1_FJ461508 336 (540.5)
denovo113 C15.2_FJ461509 336 (531.0)
denovo113 C15.9_FN563475 333 (540.0)
denovo113 C15.7_HE579015 336 (540.0)
denovo113 C15.8_HE579016 336 (531.0)
denovo113 C15.15_HE579021 336 (531.0)
denovo113 C15.19_HE579025 342 (549.0)
denovo113 C15.24_KC597696 336 (531.5)
denovo113 C15.3_FJ461510 336 (540.0)
denovo113 C1087_DQ182655 335 (546.0)
denovo113 C15.14_HE579020 337 (539.5)
denovo113 C15.23_KC597697 337 (539.5)
denovo113 C19_AY258479 340 (536.5)
denovo113 C1233_EU118166 336 (531.0)
denovo113 C15b_AY258491 336 (531.0)
denovo113 C15a_AY258476 336 (549.0)
denovo113 C1051_AF195153 336 (549.0)
denovo113 C2_AF333518 345 (545.5)
denovo113 C15.20_HE579026 337 (539.5)
denovo113 C15f_AY589743 342 (535.5)
denovo113 C55_AY589759 338 (540.5)
denovo113 C15_AY239369 336 (540.0)
denovo113 C32.1_JF683335 343 (548.0)
denovo113 C32.2_JF683336 343 (547.5)
denovo113 C21.23_KC597693 343 (547.5)
denovo113 C1193_EU099827 333 (526.5)
denovo113 C1195_EU099821 343 (495.0)
denovo113 C3q_GU907655 329 (548.0)
denovo113 C53_AY589758 342 (531.5)
denovo113 C73_AY765408 335 (543.0)
denovo113 C17.2.1_KC597684 339 (543.0)
denovo113 C32_AY258497 332 (543.5)
denovo113 C1189_EU099831 329 (544.5)
denovo113 C1191_EU099833 329 (553.5)
denovo113 C1196_EU099819 333 (536.0)
denovo113 C1192_EU099820 333 (536.0)
denovo113 C17.1_JF683322 334 (549.0)
denovo113 C26_b2_FN827164 330 (552.0)
denovo113 C26_b3_FN827165 330 (534.0)
denovo113 C31.9_HQ630879 336 (544.0)
denovo113 C31a_AY589746 337 (534.0)
denovo113 C30_AY589745 328 (543.0)
denovo113 C31.1_HQ630876 336 (549.5)
denovo113 C31.5_HQ630877 337 (543.0)
denovo113 C31.6_HQ630878 333 (540.0)
denovo113 C31.2_JF683332 332 (538.0)
denovo113 C31.3_JF683333 336 (549.5)
denovo113 C26/C35a_AY239378 330 (543.0)
denovo113 C35a_AY258501 330 (543.0)
denovo113 C35.2_AY258500 330 (552.0)
denovo113 C26_b1_FN827163 330 (552.0)
denovo113 C17_AY239370 334 (548.0)
denovo113 C17.2_FJ461513 336 (547.0)
denovo113 C31.10_HQ630880 336 (553.0)
denovo113 C31.4_JF683334 341 (531.5)
denovo113 C31_AY258496 337 (543.0)
denovo113 C25_AY239377 331 (527.5)
denovo113 C61_AY589765 333 (542.5)
denovo113 C1043_DQ072721 341 (504.0)
denovo113 C79_AY765414 335 (537.5)
denovo113 C69_AY589773 322 (551.5)
denovo113 C69a_AY686648 322 (542.5)
denovo113 C21.22_KC597692 325 (558.0)
denovo113 C51_AY589756 338 (535.5)
denovo113 C1aa_HM185739 343 (543.5)
denovo113 C1096_DQ068023 341 (525.0)
denovo113 C74_AY765409 336 (553.0)
denovo113 C1185_AB294629 344 (549.5)
denovo113 C1184_AB294630 344 (549.5)
denovo113 C1153_AB294625 344 (559.0)
denovo113 C1154_AB294626 343 (565.0)
denovo113 C1187_AB294627 344 (549.5)
denovo113 C1186_AB294628 341 (559.5)
denovo113 C57_AY589761 344 (558.5)
denovo113 C66_AY589771 344 (558.5)
denovo113 C5_AF499795 341 (536.0)
denovo113 C1167_AB294586 340 (551.5)
denovo113 C1164_AB294593 341 (536.0)
denovo113 C1183_AB294631 333 (539.0)
denovo113 C1067_DQ335381 336 (540.0)
denovo113 C1159_AB294613 345 (552.5)
denovo113 C1150_AB294622 343 (547.5)
denovo113 C90_AM748554 332 (557.0)
denovo113 C1168_AB294583 343 (542.0)
denovo113 C1156_AB294616 341 (553.5)
denovo113 C1151_AB294621 341 (554.0)
denovo113 C92a_AM748561 343 (551.0)
denovo113 C92_AM748560 343 (551.0)
denovo113 C1165_AB294581 340 (551.0)
denovo113 C1166_AB294584 341 (554.0)
denovo113 C1162_AB294594 340 (542.0)
denovo113 C1163_AB294596 340 (542.5)
denovo113 C1161_AB294606 336 (540.0)
denovo113 C1160_AB294608 341 (554.0)
denovo113 C1158_AB294614 338 (545.5)
denovo113 C1155_AB294617 341 (536.0)
denovo113 C1149_AB294620 333 (548.0)
denovo113 C1173_AB294662 343 (542.5)
denovo113 C1171_AB294663 341 (536.0)
denovo113 C1172_AB294665 341 (536.0)
denovo113 C91a_AM748556 333 (539.0)
denovo113 C91b_AM748557 342 (539.5)
denovo113 C91d_AM748559 340 (542.5)
denovo113 C91c_AM748558 340 (542.0)
denovo113 C91_AJ621543 341 (545.0)
denovo113 C91_AM748555 341 (545.0)
denovo113 C1023_DQ335330 313 (541.0)
denovo113 C1020_DQ335392 340 (550.5)
denovo113 C1018_DQ335408 332 (554.0)
denovo113 C1074_DQ335329 340 (541.5)
denovo113 C1030_DQ335353 340 (550.5)
denovo113 C1022_DQ335331 340 (550.5)
denovo113 C1027_DQ335360 340 (550.5)
denovo113 C1072_DQ335344 340 (541.5)
denovo113 C1039_AB190274 336 (549.0)
denovo113 C1033_DQ335350 345 (538.5)
denovo113 C1019_DQ335407 340 (550.5)
denovo113 C1194_EU099826 338 (530.0)
denovo113 C8b_AY258475 335 (522.0)
denovo113 C8_AY239367 332 (527.5)
denovo113 C8a_AY239368 332 (527.5)
denovo113 C54a_AY765406 333 (548.5)
denovo113 C3ff_HM185740 344 (545.0)
denovo113 C59_AY589763 342 (542.0)
denovo113 C3k_AY589737 336 (540.5)
denovo113 C3.24_HE579012 340 (544.0)
denovo113 C3.23_HE579011 341 (537.5)
denovo113 C35.1_AY765401 338 (563.0)
denovo113 C35.3_EF541145 338 (563.0)
denovo113 C76_AY765411 336 (545.0)
denovo113 C1107_DQ335359 341 (513.5)
denovo113 C3.22_HE579010 337 (544.5)
denovo113 C77_AY765412 338 (541.0)
denovo113 C20_AY239371 343 (542.0)
denovo113 C1055_DQ480640 330 (543.0)
denovo113 C27/C30_AY239379 334 (554.0)
denovo113 C27.1_FJ461517 334 (545.0)
denovo113 C40a_AY589747 341 (546.0)
denovo113 C40_AY258485 341 (546.0)
denovo113 C40b_AY589748 336 (543.0)
denovo113 C16_AY258477 336 (539.5)
denovo113 C16a_AY765399 337 (542.5)
denovo113 C1091_AB207186 330 (539.0)
denovo113 C1102_DQ335400 340 (523.5)
denovo113 C1069_DQ335375 330 (539.0)
denovo113 C1073_DQ335332 340 (541.5)
denovo113 C1066_DQ335382 340 (541.5)
denovo113 C1031_DQ335352 341 (553.5)
denovo113 C1026_DQ335366 341 (553.5)
denovo113 C70_AY589774 340 (550.5)
denovo113 C1082_AB190267 338 (535.0)
denovo113 C1078_AB190271 340 (541.5)
denovo113 C1090_AB207191 332 (545.0)
denovo113 C1071_DQ335302 332 (535.5)
denovo113 C1075_DQ335328 334 (541.5)
denovo113 C1068_DQ335379 340 (532.5)
denovo113 C1064_DQ335395 340 (550.5)
denovo113 C1063_DQ335403 340 (532.5)
denovo113 C62_AY589766 340 (541.5)
denovo113 C1077_DQ335316 341 (541.0)
denovo113 C1109_DQ335338 340 (532.5)
denovo113 C1110_DQ335340 340 (532.5)
denovo113 C1106_DQ335339 330 (521.0)
denovo113 C1112_DQ335319 330 (530.0)
denovo113 C1108_DQ335351 330 (521.0)
denovo113 C1105_DQ335394 330 (530.0)
denovo113 C1121_DQ335378 330 (521.0)
denovo113 C1116_AB190268 340 (532.5)
denovo113 C1115_AB190273 330 (530.0)
denovo113 C1124_DQ335323 330 (512.0)
denovo113 C1120_DQ335398 329 (527.0)
denovo113 C1119_DQ335404 332 (526.5)
denovo113 C1123_DQ335363 330 (521.0)
denovo113 C1004_DQ480635 331 (551.5)
denovo113 C1061_AY186568 332 (536.5)
denovo113 C1053_AY186569 332 (545.5)
denovo113 C1003_DQ480639 332 (545.5)
denovo113 C81_GU907657 328 (543.5)
denovo113 C22_AY239373 329 (553.0)
denovo113 C22a_AY239374 332 (553.5)
denovo113 C1232_EU118163 336 (540.0)
denovo113 C21.13_FJ461515 336 (553.0)
denovo113 C21.1_JF683323 326 (560.0)
denovo113 C21.3_JF683325 330 (546.0)
denovo113 C1.20_HE578993 332 (545.5)
denovo113 C1.22_HE578995 332 (536.5)
denovo113 C52_AY589757 332 (539.0)
denovo113 C1201_EU099793 336 (498.5)
denovo113 C14_AY589741 339 (542.0)
denovo113 C43_AY589749 340 (541.5)
denovo113 C50_AY589755 336 (549.0)
denovo113 C3.14_HQ630872 340 (542.0)
denovo113 C1m_AY765398 340 (532.5)
denovo113 C82_GU907658 343 (532.5)
denovo113 C82b_GU907660 343 (532.5)
denovo113 C64_AY589768 340 (551.0)
denovo113 C45a_AY765404 339 (539.0)
denovo113 C48_AY589753 330 (559.0)
denovo113 C1_v1b_FJ919244 332 (536.5)
denovo113 C1_v1a_FJ919243 332 (536.5)
denovo113 C3j_AY239366 340 (532.5)
denovo113 C3t_EF541149 341 (563.0)
denovo113 C9_AF499798 340 (532.5)
denovo113 C23_AY239375 340 (532.5)
denovo113 C37_AY258481 331 (552.0)
denovo113 C1048_DQ068026 330 (530.0)
denovo113 C21.4_JF683326 328 (539.0)
denovo113 C21.5_JF683327 334 (548.0)
denovo113 C1070_DQ335349 340 (541.5)
denovo113 C21.6_HQ630873 334 (548.0)
denovo113 C1224_EU074890 328 (542.5)
denovo113 C1.17_HE578990 332 (545.5)
denovo113 C21_b1_FN827162 335 (542.5)
denovo113 C21.9_JF683330 335 (551.5)
denovo113 C1085_AY624605 340 (550.5)
denovo113 C3p_GU907654 340 (545.0)
denovo113 C3f_AY589734 340 (550.5)
denovo113 C65a_AY589770 336 (549.0)
denovo113 C65_AY589769 336 (558.0)
denovo113 C71_AY589775 336 (558.0)
denovo113 C71a_AY589776 336 (549.0)
denovo113 C1178_AB294647 339 (550.0)
denovo113 C1225_EU074893 336 (548.0)
denovo113 C75_AY765410 339 (549.0)
denovo113 C21.10_JF683331 331 (548.5)
denovo113 C21.11_HQ630874 330 (555.5)
denovo113 C1065_DQ335388 340 (541.0)
denovo113 C1045_DQ068036 340 (550.0)
denovo113 C1h_AY258473 332 (545.5)
denovo113 C38_AY258482 337 (551.5)
denovo113 C1202_EU099799 340 (542.0)
denovo113 C7_AF499797 340 (551.0)
denovo113 C12_AF499801 342 (540.5)
denovo113 C38a_AY258483 341 (550.5)
denovo113 C1200_EU099800 332 (554.0)
denovo113 C44a_AY589751 332 (545.0)
denovo113 C47_AY589752 341 (536.0)
denovo113 C44_AY589750 340 (541.5)
denovo113 C1.15_HE578988 332 (546.0)
denovo113 C45.3_FJ461522 332 (537.0)
denovo113 C46a_AY765405 340 (541.5)
denovo113 C46_EU449108 340 (541.5)
denovo113 C3.12_FJ461507 340 (550.5)
denovo113 C1k_AY589733 340 (541.5)
denovo113 C67_AY686647 340 (541.5)
denovo113 C82a_GU907659 341 (536.0)
denovo113 C10a_AY589739 332 (536.5)
denovo113 C10_AF499799 339 (539.0)
denovo113 C13_AY589740 345 (536.0)
denovo113 C4_AF499794 340 (532.5)
denovo113 C1147_EF656433 334 (542.5)
denovo113 C1c/C45_AY239364 340 (541.5)
denovo113 C1c/C45_EU449103 340 (541.5)
denovo113 C21.19_HE579031 334 (539.0)
denovo113 C21.21_HE579033 334 (530.0)
denovo113 C21.20_HE579032 334 (539.0)
denovo113 C42b_AY765403 340 (523.5)
denovo113 C42_AY258487 340 (532.5)
denovo113 C1p_GU907652 332 (536.5)
denovo113 C1d_AY258488 339 (529.5)
denovo113 C42_AY765402 340 (532.5)
denovo113 C3ha_AY589736 334 (548.0)
denovo113 C63a_AY589767 331 (551.0)
denovo113 C21a_AY589744 334 (557.0)
denovo113 C3o_GU907653 334 (548.5)
denovo113 C21.16_HQ630875 328 (557.0)
denovo113 C21.2_JF683324 331 (557.0)
denovo113 C21.7_JF683328 336 (555.0)
denovo113 C21.8_JF683329 326 (560.5)
denovo113 C3h_AY239365 334 (548.0)
denovo113 C1203_EU099798 334 (548.0)
denovo113 C3.10_FJ461505 340 (550.5)
denovo113 C21.14_FJ461516 334 (557.0)
denovo113 C21.18_HE579030 331 (546.0)
denovo113 C3.17_HE579005 340 (541.5)
denovo113 C3.9_FJ461504 332 (552.5)
denovo113 C3.8_FJ461503 334 (551.5)
denovo113 C3.7_FJ461502 340 (541.5)
denovo113 C3.11_FJ461506 340 (550.5)
denovo113 C3.18_HE579006 340 (541.5)
denovo113 C3.19_HE579007 340 (550.0)
denovo113 C3.20_HE579008 340 (541.5)
denovo113 C3g_AY589735 343 (551.5)
denovo113 C3a_AF499790 332 (554.0)
denovo113 C3e_AF499793 340 (541.5)
denovo113 C6_AF499796 339 (549.0)
denovo113 C11_AF499800 338 (553.5)
denovo113 C36_AY258480 342 (546.0)
denovo113 C29_AY258494 339 (548.0)
denovo113 C1146_EF656434 336 (549.5)
denovo113 C1190_EU099841 340 (559.5)
denovo113 C131_JF320826 340 (541.5)
denovo113 C28_AY239380 342 (540.5)
denovo113 C1012_DQ480604 341 (545.0)
denovo113 C1181_AB294640 340 (543.5)
denovo113 C1180_AB294641 340 (561.5)
denovo113 C1179_AB294645 340 (552.5)
denovo113 C1176_AB294651 339 (552.0)
denovo113 C1175_AB294653 340 (552.5)
denovo113 C1174_AB294655 338 (547.0)
denovo113 C1177_AB294659 340 (543.5)
denovo113 C1040_AB190269 340 (550.5)
denovo113 C1182_AB294649 340 (541.5)
denovo113 C1089_AJ278598 340 (541.5)
denovo113 C1028_DQ335357 340 (550.5)
denovo113 C3.16_EU786015 340 (559.5)
denovo113 C1097_AJ311943 341 (540.5)
denovo113 C1170_AB294661 340 (552.5)
denovo113 C21.17_HE579029 335 (562.0)
denovo113 C21/3d/C3k_AY239372 334 (557.0)
denovo113 C58_AY589762 335 (556.5)
denovo113 C3L_AY589738 331 (547.5)
denovo113 C1169_AB294660 340 (552.5)
denovo113 C3.2_FJ461497 339 (551.0)
denovo113 C3.1_JF683321 331 (555.5)
denovo113 C1104_AF427469 341 (540.5)
denovo113 C3b_AF499791 339 (551.0)
denovo113 C83_GU907661 340 (553.0)
denovo113 C49_AY589754 364 (569.0)
denovo113 C3_AB778606 340 (550.5)
denovo113 C3_AF499789 340 (550.5)
denovo113 C3_HE579001 340 (550.5)
denovo113 C21.12_FJ461514 334 (548.0)
denovo113 C1229_EU074888 334 (538.0)
denovo113 C1230_EU074889 334 (547.0)
denovo113 C1114_AB207196 340 (532.5)
denovo113 C3.21_HE579009 335 (478.5)
denovo113 C1057_DQ480619 332 (536.5)
denovo113 C72_AY765407 336 (529.5)
denovo113 C1b.3_HE578999 331 (537.0)
denovo113 C93_AJ621536 340 (541.5)
denovo113 C94_AJ621539 332 (536.5)
denovo113 C1g_AY589730 332 (554.5)
denovo113 C1i_AY589731 341 (536.0)
denovo113 C1j_AY589732 332 (545.5)
denovo113 C1005_DQ480633 332 (536.5)
denovo113 C1.7_FJ461494 332 (545.5)
denovo113 C1.11_HE578984 340 (541.5)
denovo113 C1.12_HE578985 332 (545.5)
denovo113 C1.13_HE578986 332 (545.5)
denovo113 C1.14_HE578987 333 (548.5)
denovo113 C1.18_HE578991 332 (536.5)
denovo113 C1.19_HE578992 332 (545.5)
denovo113 C1199_EU099802 342 (534.0)
denovo113 C1188_EU099838 342 (549.0)
denovo113 C1002_DQ838544 340 (550.5)
denovo113 C1198_EU099810 332 (536.5)
denovo113 C24_AY239376 342 (530.5)
denovo113 C1f_AY258490 332 (545.5)
denovo113 C1006_DQ480629 332 (545.5)
denovo113 C1010_DQ480607 332 (545.5)
denovo113 C1007_DQ480624 332 (536.5)
denovo113 C1011_DQ480605 331 (552.0)
denovo113 C1009_DQ480608 332 (545.5)
denovo113 C1041_AY186548 334 (541.5)
denovo113 C1052_AY186570 332 (545.5)
denovo113 C1148_EU040178 340 (541.5)
denovo113 C1234_EU118165 341 (531.5)
denovo113 C1.5_EF634157 348 (539.5)
denovo113 C1059_DQ480609 332 (536.5)
denovo113 C1228_EU074883 339 (548.0)
denovo113 C1208_EU074963 335 (544.5)
denovo113 C1207_EU074964 332 (545.5)
denovo113 C1206_EU074965 340 (550.5)
denovo113 C1013_DQ480642 332 (545.5)
denovo113 C80_GU907656 344 (545.0)
denovo113 C1a_AF499788 340 (541.5)
denovo113 C41_AY258486 342 (539.5)
denovo113 C39_AY258484 330 (544.0)
denovo113 C1231_EU074878 332 (536.5)
denovo113 C1b.1_HE578997 331 (537.0)
denovo113 C18_AY258478 340 (541.5)
denovo113 C1.10_HE578983 332 (543.0)
denovo113 C1_JN558041 332 (545.5)
denovo113 C1_HE578979 332 (545.5)
denovo113 C1_AM748551 332 (545.5)
denovo113 C1_AF333515 332 (545.5)
denovo113 C1054_AY186565 333 (545.0)
denovo113 C1008_DQ480613 332 (536.5)
denovo113 C1103_AF427470 333 (535.5)
denovo113 C1226_EU074881 333 (535.5)
denovo113 C1b/C1e_AY239363 331 (546.0)
denovo113 C1044_DQ068038 332 (530.5)
denovo113 C1017_DQ174729 332 (536.0)
denovo113 C1.6_FJ461493 332 (536.5)
denovo113 C1b.2_HE578998 331 (537.0)
denovo113 C1060_DQ480600 332 (536.5)
denovo113 C1227_EU074882 332 (536.5)
denovo113 C1197_EU099814 332 (536.5)
denovo113 C1130_DQ480643 332 (431.0)
denovo113 D109_AB097465 334 (443.5)
denovo113 D1.11_HE579040 333 (452.0)
denovo113 D105_AF174570 332 (458.0)
denovo113 D104_AF174572 331 (445.5)
denovo113 D1.3_JF683337 338 (439.5)
denovo113 D1.10_HE579039 329 (448.5)
denovo113 D110_AF174561 330 (452.0)
denovo113 D117_AF174542 336 (442.5)
denovo113 D114_AF174549 336 (451.5)
denovo113 D113_AF174557 331 (446.0)
denovo113 D112_AF174558 331 (446.0)
denovo113 D106_AF174559 335 (458.5)
denovo113 D111_AF174560 335 (449.5)
denovo113 D115_AF174562 336 (442.5)
denovo113 D107_AF174568 336 (442.5)
denovo113 D116_AF174571 320 (449.5)
denovo113 D124_EU074897 331 (445.5)
denovo113 D1.8_HE579037 333 (452.5)
denovo113 D3_AY686650 332 (449.0)
denovo113 D1.6_HQ630881 342 (451.0)
denovo113 D120_EU074900 331 (446.0)
denovo113 D121_EU074904 320 (458.5)
denovo113 D122_EU074905 336 (451.0)
denovo113 D1a.2_JF683339 333 (445.0)
denovo113 D1a.1_JF683338 331 (446.0)
denovo113 D2_AY686649 577 (505.0)
denovo113 D4_DQ865214 340 (451.5)
denovo113 D1a_AF499802 331 (446.0)
denovo113 D1a_JN558078 331 (446.0)
denovo113 D123_EU074895 336 (451.5)
denovo113 D108_AF174567 333 (452.5)
denovo113 D103_AF174575 330 (460.5)
denovo113 D100_AF411415 327 (451.5)
denovo113 D118_EF656435 332 (449.0)
denovo113 D101_AF411416 327 (436.5)
denovo113 D119_EU099832 337 (447.5)
denovo113 D102_AF174573 333 (447.0)
denovo113 D1_AF334660 336 (451.5)
denovo113 D1_JN558076 336 (451.5)
denovo113 D1.12_HE579041 314 (450.0)
denovo113 D1.1_AM748564 393 (471.0)
denovo113 D1.2_AM748617 408 (468.0)
denovo113 E111_EU074915 333 (481.5)
denovo113 E110_EU074914 333 (500.5)
denovo113 E114_EU074909 333 (491.5)
denovo113 E1_AF334659 334 (481.5)
denovo113 E105_EU074921 333 (491.5)
denovo113 E112_EU074916 333 (482.5)
denovo113 E104_EU074922 333 (491.5)
denovo113 E102_EU074924 333 (482.5)
denovo113 E103_EU074923 333 (491.5)
denovo113 E101_AY160123 329 (494.5)
denovo113 E109_EU074913 329 (487.0)
denovo113 E100_DQ011618 335 (494.5)
denovo113 E108_EU074912 331 (492.0)
denovo113 E113_EU074908 328 (487.0)
denovo113 E107_EU074910 328 (492.5)
denovo113 F1_JN558066 334 (523.5)
denovo113 F5.2d_AJ291530 339 (531.0)
denovo113 F104_AJ291531 339 (531.0)
denovo113 F5.2c_AM748596 339 (531.0)
denovo113 F5.2_AM748594 339 (531.0)
denovo113 F5.2a_AM748614 339 (531.0)
denovo113 F5.2b_AM748595 339 (531.0)
denovo113 F5.2e_AJ291533 341 (492.5)
denovo113 F5.2g_JN558072 340 (533.5)
denovo113 F5.2f_AJ291512 341 (528.0)
denovo113 F102_AJ291534 340 (533.5)
denovo113 F5.1c_AM748593 340 (524.0)
denovo113 F5.1d_JN558069 350 (536.5)
denovo113 F5.1b_AJ291535 341 (555.5)
denovo113 F5.1_AM748592 341 (546.5)
denovo113 F5.1a_AM748591 341 (555.5)
denovo113 F110_AJ291526 334 (542.0)
denovo113 F4.7_AM748587 328 (544.5)
denovo113 F4.5_AM748585 328 (551.5)
denovo113 F4.4a_AM748583 324 (557.5)
denovo113 F4.4_AM748582 333 (547.0)
denovo113 F4.4b_AM748584 326 (543.0)
denovo113 F4.1a_AM748573 331 (543.0)
denovo113 F112_AJ291528 330 (513.0)
denovo113 F4.1_AM748572 330 (531.0)
denovo113 F4.8b_AM748590 326 (563.0)
denovo113 F4.8_AM748588 328 (569.0)
denovo113 F4.8a_AM748589 325 (568.0)
denovo113 F109_AJ291527 327 (565.5)
denovo113 F4.6_AM748586 332 (536.5)
denovo113 F111_AJ311949 322 (535.5)
denovo113 F4.3c_AM748581 324 (547.0)
denovo113 F4.3a_AM748579 325 (559.0)
denovo113 F4.3b_AM748580 324 (555.0)
denovo113 F4.3_AM748578 324 (555.0)
denovo113 F4.2_AM748574 334 (542.5)
denovo113 F4.2a_AM748575 329 (558.5)
denovo113 F4.2c_AM748577 330 (558.0)
denovo113 F4.2b_AM748576 327 (552.0)
denovo113 F2b_AJ291521 342 (511.5)
denovo113 F2_AJ830908 335 (509.0)
denovo113 F2a_AJ830911 328 (510.0)
denovo113 F3.1a_AM748566 341 (536.5)
denovo113 F114_AJ291525 350 (529.0)
denovo113 F3.1_AM748565 350 (547.0)
denovo113 F3.2_AM748567 352 (552.0)
denovo113 F3.2a_AM748568 344 (556.5)
denovo113 F3.3_AM748569 346 (567.5)
denovo113 F3.4a_AM748571 339 (591.0)
denovo113 F3.4_AM748570 339 (573.0)
denovo113 F3.4b_AM748616 339 (573.0)
denovo113 G101_AJ291539 339 (457.0)
denovo113 G1_AM748597 342 (448.5)
denovo113 G2b_JN558087 340 (463.0)
denovo113 G2_AM748598 338 (458.0)
denovo113 G2a_AM748599 340 (463.5)
denovo113 G4_AM748601 352 (477.5)
denovo113 G3.4_LK392378 348 (456.0)
denovo113 G3_AM748600 343 (458.0)
denovo113 G3.2_KC597694 321 (452.0)
denovo113 G3.1_KC597688 341 (478.5)
denovo113 G100_AB253788 341 (480.0)
denovo113 G3.3_LK392377 338 (489.0)
denovo113 H6_AJ291520 633 (273.0)
denovo113 H3_AM748606 339 (387.5)
denovo113 H2_AM748605 331 (380.5)
denovo113 H4_AM748607 342 (387.0)
denovo113 H4a_AM748608 342 (384.5)
denovo113 H5a_AM748611 334 (400.5)
denovo113 H5b_AM748610 334 (390.5)
denovo113 H5_AJ621129 334 (400.5)
denovo113 H5_AM748609 334 (400.5)
denovo113 H100_AJ291513 310 (385.0)
denovo113 H1b_AM748604 311 (382.5)
denovo113 H1a_AM748612 327 (379.5)
denovo113 H1_AJ621152 342 (382.0)
denovo113 H1_AM748602 342 (382.0)
denovo113 I3_FN561561 339 (557.5)
denovo113 I4_FN561562 353 (563.5)
denovo113 I1_FN561559 350 (572.0)
denovo113 I2_FN561560 335 (564.0)

#---------------------------------------
#---------------------------------------
