denovo246 A136_DQ865210 348 (358.5)
denovo246 A133_DQ174725 360 (341.5)
denovo246 A115_AF180123 347 (340.5)
denovo246 A117_AF201746 346 (348.5)
denovo246 A134_DQ174723 346 (348.5)
denovo246 A114_AF184941 346 (348.5)
denovo246 A135_DQ174727 349 (331.0)
denovo246 A2_AF333506 349 (336.0)
denovo246 A101_AF427468 346 (340.0)
denovo246 A2_1_JN558097 346 (340.0)
denovo246 A2_2_JN558100 346 (340.0)
denovo246 A113_AF184948 351 (335.5)
denovo246 A112_AF184949 364 (333.0)
denovo246 A123_EF378618 358 (232.5)
denovo246 A137_EF378621 353 (214.5)
denovo246 A11_EU449041 346 (361.5)
denovo246 A121_DQ174722 350 (341.0)
denovo246 A15b_EU792886 345 (336.5)
denovo246 A15a_EU792885 347 (335.5)
denovo246 A15c_EU792887 348 (329.5)
denovo246 A15_EU792884 348 (329.5)
denovo246 A147_EU074937 353 (334.0)
denovo246 A154_EU074860 353 (316.0)
denovo246 A146_EU074936 353 (333.5)
denovo246 A150_EU074928 351 (337.5)
denovo246 A116_AF183575 353 (334.5)
denovo246 A141_EU074931 353 (334.5)
denovo246 A5_AF333508 353 (331.0)
denovo246 A3b_EU449043 352 (331.5)
denovo246 A151_EU074925 349 (331.0)
denovo246 A152_EU074927 357 (328.0)
denovo246 A149_EU074929 350 (334.5)
denovo246 A140_EU074930 353 (325.0)
denovo246 A142_EU074932 353 (334.0)
denovo246 A143_EU074933 353 (325.0)
denovo246 A144_EU074934 353 (325.0)
denovo246 A145_EU074935 353 (334.0)
denovo246 A148_EU074938 353 (325.0)
denovo246 A155_EU074856 353 (325.0)
denovo246 A156_EU074859 353 (325.0)
denovo246 A139_EU074962 353 (334.0)
denovo246 A6_AF186058 353 (334.0)
denovo246 A3_AF333507 353 (334.0)
denovo246 A3_JN558091 353 (334.0)
denovo246 A8_AY258468 347 (317.5)
denovo246 A7_AY239360 352 (323.5)
denovo246 A16_EU792888 349 (323.0)
denovo246 A4.3_FN429763 354 (316.5)
denovo246 A120_AF180122 342 (313.0)
denovo246 A4.2_FN429761 357 (302.0)
denovo246 A4_AF333509 357 (321.0)
denovo246 A4.1_FN429760 357 (309.5)
denovo246 A4a_AF499778 357 (320.5)
denovo246 A4a.1_FN429762 357 (320.5)
denovo246 A138_EF378620 358 (276.0)
denovo246 A122_EF378619 354 (311.5)
denovo246 A126_EF378615 357 (316.5)
denovo246 A10_EU792882 357 (316.5)
denovo246 A9_EU449028 357 (317.0)
denovo246 A105_AB207202 353 (315.0)
denovo246 A119_AF180121 348 (317.5)
denovo246 A12_EU792883 356 (323.5)
denovo246 A104_AB207203 356 (314.5)
denovo246 A1a_EU449030 358 (320.0)
denovo246 A1.3_HE578976 359 (315.5)
denovo246 A1.4_HE578977 355 (320.5)
denovo246 A13_AF333504 358 (329.5)
denovo246 A13_JN558094 358 (329.5)
denovo246 A110_AB190282 358 (311.5)
denovo246 A103_AB207206 346 (313.0)
denovo246 A130_EF656428 358 (311.5)
denovo246 A127_EF656429 358 (320.5)
denovo246 A128_EF656430 358 (320.5)
denovo246 A129_EF656431 353 (324.0)
denovo246 A131_EF656432 345 (320.5)
denovo246 A118_AF180120 358 (306.0)
denovo246 A1_AF333505 358 (320.5)
denovo246 A107_AB207199 345 (320.0)
denovo246 A111_AB190280 343 (314.5)
denovo246 A108_AB207197 347 (319.0)
denovo246 A106_AB207200 353 (324.0)
denovo246 A102_AB207209 354 (318.0)
denovo246 A1.2_AB207210 354 (318.0)
denovo246 A109_AB190285 354 (318.0)
denovo246 B4_AF333510 378 (314.5)
denovo246 B23_EU449079 355 (325.0)
denovo246 B30_GU907644 355 (316.5)
denovo246 B11_AY239361 357 (332.0)
denovo246 B17_AY258470 363 (323.0)
denovo246 B1k_GU907638 318 (195.5)
denovo246 B1.V_Green2014 382 (315.5)
denovo246 B1b_AF499780 366 (332.5)
denovo246 B16_AY258469 366 (319.0)
denovo246 B31a_GU907646 365 (325.5)
denovo246 B32_GU907647 359 (320.0)
denovo246 B31_GU907645 366 (318.5)
denovo246 B1j_GU907637 365 (325.0)
denovo246 B37_GU907650 367 (324.0)
denovo246 B5a_AF499782 366 (318.5)
denovo246 B5_AF499781 366 (318.5)
denovo246 B24_GU907643 365 (262.5)
denovo246 B117_AF180124 365 (320.0)
denovo246 B10_AF499787 366 (327.0)
denovo246 B20_GU907642 368 (322.0)
denovo246 B1m_GU907640 366 (327.5)
denovo246 B34_GU907649 366 (328.5)
denovo246 B1d_GU907633 357 (331.5)
denovo246 B1e_GU907634 374 (325.5)
denovo246 B1i_GU907636 366 (328.0)
denovo246 B1g_GU907635 367 (328.0)
denovo246 B123_EU074872 366 (336.5)
denovo246 B8_AF499785 374 (330.5)
denovo246 B1l_GU907639 366 (327.5)
denovo246 B1a_AF499779 374 (325.5)
denovo246 B14_AY239362 368 (320.5)
denovo246 B125_EU074865 363 (323.0)
denovo246 B122_EU074871 366 (318.5)
denovo246 B124_EU074874 370 (332.5)
denovo246 B1.VII_Green2014 366 (293.5)
denovo246 B1.III_Green2014 355 (330.0)
denovo246 B1.I_Green2014 366 (327.5)
denovo246 B1.II_Green2014 366 (327.5)
denovo246 B1_JN558057 366 (327.5)
denovo246 B1_AF333511 366 (327.5)
denovo246 B1.IV_Green2014 378 (328.5)
denovo246 B121_EU074870 368 (324.0)
denovo246 B7_AF499784 366 (327.5)
denovo246 B1.VI_Green2014 361 (322.0)
denovo246 B3_AF333514 359 (324.0)
denovo246 B9_AF499786 360 (308.5)
denovo246 B19a_JN558055 350 (296.5)
denovo246 B119_EU099825 359 (320.5)
denovo246 B21_DQ865213 355 (326.5)
denovo246 B38_GU907651 355 (326.5)
denovo246 B18_AY258471 360 (317.5)
denovo246 B18a_AY258472 360 (317.5)
denovo246 B33_GU907648 360 (317.5)
denovo246 B6_AF499783 374 (316.0)
denovo246 B19_DQ865212 360 (317.5)
denovo246 B19_GU907641 360 (317.5)
denovo246 B2_AF333512 359 (324.0)
denovo246 B2_JN558060 359 (324.0)
denovo246 C33.1_AY258498 367 (330.0)
denovo246 C33.2_AY765400 367 (330.0)
denovo246 C33a_EF541147 367 (330.0)
denovo246 C34_AY258499 360 (312.5)
denovo246 C78_AY765413 352 (278.0)
denovo246 C15.29_KC597690 363 (266.5)
denovo246 C1131_DQ182650 360 (268.5)
denovo246 C1135_DQ182646 362 (256.5)
denovo246 C1134_DQ182647 362 (256.5)
denovo246 C1142_DQ182635 362 (256.5)
denovo246 C1136_DQ182644 360 (265.5)
denovo246 C1111_DQ182645 366 (258.0)
denovo246 C1236_EF473656 364 (260.5)
denovo246 C1138_DQ182642 367 (265.5)
denovo246 C1137_DQ182643 364 (251.5)
denovo246 C1133_DQ182648 365 (264.0)
denovo246 C1132_DQ182649 366 (266.5)
denovo246 C1143_DQ182634 364 (260.5)
denovo246 C1139_DQ182639 354 (254.0)
denovo246 C15.28_KC597687 361 (279.0)
denovo246 C1141_DQ182636 353 (277.5)
denovo246 C1144_DQ182637 359 (272.5)
denovo246 C1122_DQ182654 354 (271.5)
denovo246 C1127_DQ182652 353 (268.5)
denovo246 C15.30_JX394114 366 (280.5)
denovo246 C15.26_KC597686 366 (277.5)
denovo246 C1086_DQ182656 357 (276.0)
denovo246 C15.25_KC597685 359 (274.0)
denovo246 C1118_AF180127 365 (273.5)
denovo246 C1129_DQ182651 362 (269.0)
denovo246 C15.21_KC597683 359 (263.0)
denovo246 C56_AY589760 357 (276.0)
denovo246 C1140_DQ182638 360 (275.5)
denovo246 C1126_DQ182653 360 (275.5)
denovo246 C15c_AY258492 362 (272.5)
denovo246 C15d_AY258493 362 (272.5)
denovo246 C1098_DQ182641 366 (271.5)
denovo246 C15.27_KC597689 358 (271.0)
denovo246 C15.18_HE579024 375 (281.0)
denovo246 C15.16_HE579022 359 (283.0)
denovo246 C1101_AB253787 373 (257.5)
denovo246 C1083_AY237300 362 (273.5)
denovo246 C1088_DQ182640 359 (274.0)
denovo246 C15.6_FN563472 356 (272.0)
denovo246 C15.5_FJ461512 353 (273.0)
denovo246 C15.4_FJ461511 356 (272.0)
denovo246 C15.13_HE579019 357 (265.5)
denovo246 C15.12_HE579018 359 (265.0)
denovo246 C93a_AM748563 359 (283.0)
denovo246 C1094_AJ291514 359 (274.0)
denovo246 C93_AM748562 359 (283.0)
denovo246 C15.17_HE579023 359 (268.5)
denovo246 C15e_AY589742 362 (285.0)
denovo246 C15.22_KC597695 359 (274.0)
denovo246 C60_AY589764 361 (278.5)
denovo246 C15.1_FJ461508 359 (274.0)
denovo246 C15.2_FJ461509 359 (283.0)
denovo246 C15.9_FN563475 361 (271.5)
denovo246 C15.7_HE579015 362 (273.5)
denovo246 C15.8_HE579016 359 (265.0)
denovo246 C15.15_HE579021 359 (283.0)
denovo246 C15.19_HE579025 359 (283.0)
denovo246 C15.24_KC597696 357 (275.0)
denovo246 C15.3_FJ461510 359 (283.0)
denovo246 C1087_DQ182655 359 (273.5)
denovo246 C15.14_HE579020 362 (278.0)
denovo246 C15.23_KC597697 362 (278.0)
denovo246 C19_AY258479 365 (277.0)
denovo246 C1233_EU118166 356 (281.0)
denovo246 C15b_AY258491 363 (267.0)
denovo246 C15a_AY258476 359 (274.0)
denovo246 C1051_AF195153 359 (283.0)
denovo246 C2_AF333518 363 (286.5)
denovo246 C15.20_HE579026 362 (278.0)
denovo246 C15f_AY589743 361 (276.0)
denovo246 C55_AY589759 365 (285.0)
denovo246 C15_AY239369 359 (274.0)
denovo246 C32.1_JF683335 371 (288.5)
denovo246 C32.2_JF683336 357 (290.5)
denovo246 C21.23_KC597693 357 (290.5)
denovo246 C1193_EU099827 354 (283.5)
denovo246 C1195_EU099821 378 (280.5)
denovo246 C3q_GU907655 354 (282.0)
denovo246 C53_AY589758 364 (279.5)
denovo246 C73_AY765408 347 (280.0)
denovo246 C17.2.1_KC597684 359 (284.5)
denovo246 C32_AY258497 359 (273.0)
denovo246 C1189_EU099831 354 (266.0)
denovo246 C1191_EU099833 353 (263.5)
denovo246 C1196_EU099819 362 (270.5)
denovo246 C1192_EU099820 362 (270.5)
denovo246 C17.1_JF683322 351 (286.0)
denovo246 C26_b2_FN827164 356 (277.5)
denovo246 C26_b3_FN827165 356 (293.5)
denovo246 C31.9_HQ630879 353 (280.5)
denovo246 C31a_AY589746 356 (292.5)
denovo246 C30_AY589745 359 (276.5)
denovo246 C31.1_HQ630876 358 (282.5)
denovo246 C31.5_HQ630877 359 (276.5)
denovo246 C31.6_HQ630878 359 (277.0)
denovo246 C31.2_JF683332 359 (294.5)
denovo246 C31.3_JF683333 358 (291.5)
denovo246 C26/C35a_AY239378 353 (285.0)
denovo246 C35a_AY258501 353 (285.0)
denovo246 C35.2_AY258500 356 (278.0)
denovo246 C26_b1_FN827163 356 (278.0)
denovo246 C17_AY239370 353 (282.0)
denovo246 C17.2_FJ461513 352 (281.5)
denovo246 C31.10_HQ630880 353 (280.5)
denovo246 C31.4_JF683334 363 (274.0)
denovo246 C31_AY258496 359 (285.5)
denovo246 C25_AY239377 360 (300.5)
denovo246 C61_AY589765 361 (247.0)
denovo246 C1043_DQ072721 364 (299.0)
denovo246 C79_AY765414 358 (315.5)
denovo246 C69_AY589773 363 (296.5)
denovo246 C69a_AY686648 360 (303.5)
denovo246 C21.22_KC597692 358 (284.0)
denovo246 C51_AY589756 352 (285.0)
denovo246 C1aa_HM185739 357 (305.5)
denovo246 C1096_DQ068023 367 (268.0)
denovo246 C74_AY765409 356 (279.5)
denovo246 C1185_AB294629 362 (279.5)
denovo246 C1184_AB294630 360 (282.5)
denovo246 C1153_AB294625 360 (282.5)
denovo246 C1154_AB294626 359 (280.0)
denovo246 C1187_AB294627 361 (276.5)
denovo246 C1186_AB294628 361 (281.0)
denovo246 C57_AY589761 360 (291.0)
denovo246 C66_AY589771 360 (282.5)
denovo246 C5_AF499795 364 (270.0)
denovo246 C1167_AB294586 365 (282.5)
denovo246 C1164_AB294593 362 (283.0)
denovo246 C1183_AB294631 358 (286.0)
denovo246 C1067_DQ335381 357 (283.5)
denovo246 C1159_AB294613 363 (271.0)
denovo246 C1150_AB294622 363 (270.5)
denovo246 C90_AM748554 364 (282.0)
denovo246 C1168_AB294583 366 (276.5)
denovo246 C1156_AB294616 361 (290.0)
denovo246 C1151_AB294621 362 (278.5)
denovo246 C92a_AM748561 362 (283.5)
denovo246 C92_AM748560 362 (283.5)
denovo246 C1165_AB294581 362 (290.5)
denovo246 C1166_AB294584 360 (294.5)
denovo246 C1162_AB294594 363 (284.0)
denovo246 C1163_AB294596 360 (277.0)
denovo246 C1161_AB294606 365 (283.5)
denovo246 C1160_AB294608 359 (292.0)
denovo246 C1158_AB294614 355 (288.0)
denovo246 C1155_AB294617 360 (285.5)
denovo246 C1149_AB294620 362 (287.0)
denovo246 C1173_AB294662 360 (294.5)
denovo246 C1171_AB294663 360 (276.5)
denovo246 C1172_AB294665 360 (285.5)
denovo246 C91a_AM748556 360 (285.5)
denovo246 C91b_AM748557 360 (285.5)
denovo246 C91d_AM748559 360 (285.5)
denovo246 C91c_AM748558 360 (285.5)
denovo246 C91_AJ621543 360 (285.5)
denovo246 C91_AM748555 360 (285.5)
denovo246 C1023_DQ335330 338 (270.5)
denovo246 C1020_DQ335392 362 (300.5)
denovo246 C1018_DQ335408 360 (294.5)
denovo246 C1074_DQ335329 360 (285.5)
denovo246 C1030_DQ335353 360 (294.5)
denovo246 C1022_DQ335331 363 (286.5)
denovo246 C1027_DQ335360 360 (294.5)
denovo246 C1072_DQ335344 357 (301.5)
denovo246 C1039_AB190274 360 (285.5)
denovo246 C1033_DQ335350 374 (299.5)
denovo246 C1019_DQ335407 360 (294.5)
denovo246 C1194_EU099826 373 (288.0)
denovo246 C8b_AY258475 364 (283.5)
denovo246 C8_AY239367 365 (292.0)
denovo246 C8a_AY239368 365 (292.0)
denovo246 C54a_AY765406 357 (310.5)
denovo246 C3ff_HM185740 357 (301.5)
denovo246 C59_AY589763 369 (284.0)
denovo246 C3k_AY589737 360 (293.5)
denovo246 C3.24_HE579012 359 (291.0)
denovo246 C3.23_HE579011 360 (293.5)
denovo246 C35.1_AY765401 359 (309.5)
denovo246 C35.3_EF541145 359 (300.5)
denovo246 C76_AY765411 360 (299.0)
denovo246 C1107_DQ335359 354 (297.0)
denovo246 C3.22_HE579010 366 (278.0)
denovo246 C77_AY765412 355 (288.5)
denovo246 C20_AY239371 366 (295.0)
denovo246 C1055_DQ480640 353 (285.5)
denovo246 C27/C30_AY239379 349 (284.0)
denovo246 C27.1_FJ461517 349 (293.0)
denovo246 C40a_AY589747 360 (294.5)
denovo246 C40_AY258485 360 (294.5)
denovo246 C40b_AY589748 361 (294.0)
denovo246 C16_AY258477 357 (283.0)
denovo246 C16a_AY765399 360 (283.0)
denovo246 C1091_AB207186 360 (294.5)
denovo246 C1102_DQ335400 365 (288.5)
denovo246 C1069_DQ335375 356 (298.5)
denovo246 C1073_DQ335332 357 (293.0)
denovo246 C1066_DQ335382 357 (293.0)
denovo246 C1031_DQ335352 362 (291.5)
denovo246 C1026_DQ335366 362 (291.5)
denovo246 C70_AY589774 360 (294.5)
denovo246 C1082_AB190267 356 (298.5)
denovo246 C1078_AB190271 355 (305.5)
denovo246 C1090_AB207191 357 (301.5)
denovo246 C1071_DQ335302 357 (301.5)
denovo246 C1075_DQ335328 357 (301.5)
denovo246 C1068_DQ335379 357 (301.5)
denovo246 C1064_DQ335395 359 (299.0)
denovo246 C1063_DQ335403 357 (302.0)
denovo246 C62_AY589766 357 (301.5)
denovo246 C1077_DQ335316 356 (304.5)
denovo246 C1109_DQ335338 357 (310.5)
denovo246 C1110_DQ335340 354 (310.5)
denovo246 C1106_DQ335339 357 (301.5)
denovo246 C1112_DQ335319 360 (294.5)
denovo246 C1108_DQ335351 356 (306.5)
denovo246 C1105_DQ335394 357 (301.5)
denovo246 C1121_DQ335378 359 (306.5)
denovo246 C1116_AB190268 359 (306.5)
denovo246 C1115_AB190273 359 (297.5)
denovo246 C1124_DQ335323 362 (304.5)
denovo246 C1120_DQ335398 358 (303.5)
denovo246 C1119_DQ335404 359 (297.5)
denovo246 C1123_DQ335363 359 (297.5)
denovo246 C1004_DQ480635 374 (290.0)
denovo246 C1061_AY186568 375 (284.0)
denovo246 C1053_AY186569 375 (293.0)
denovo246 C1003_DQ480639 375 (293.0)
denovo246 C81_GU907657 357 (277.0)
denovo246 C22_AY239373 354 (294.5)
denovo246 C22a_AY239374 354 (303.5)
denovo246 C1232_EU118163 364 (278.5)
denovo246 C21.13_FJ461515 356 (299.0)
denovo246 C21.1_JF683323 359 (270.5)
denovo246 C21.3_JF683325 356 (290.0)
denovo246 C1.20_HE578993 353 (283.5)
denovo246 C1.22_HE578995 354 (276.5)
denovo246 C52_AY589757 359 (295.0)
denovo246 C1201_EU099793 361 (286.0)
denovo246 C14_AY589741 355 (318.0)
denovo246 C43_AY589749 356 (308.0)
denovo246 C50_AY589755 364 (287.5)
denovo246 C3.14_HQ630872 365 (290.0)
denovo246 C1m_AY765398 360 (294.5)
denovo246 C82_GU907658 367 (289.0)
denovo246 C82b_GU907660 367 (289.0)
denovo246 C64_AY589768 359 (283.0)
denovo246 C45a_AY765404 359 (292.0)
denovo246 C48_AY589753 359 (284.5)
denovo246 C1_v1b_FJ919244 360 (294.5)
denovo246 C1_v1a_FJ919243 360 (294.5)
denovo246 C3j_AY239366 356 (299.0)
denovo246 C3t_EF541149 360 (303.5)
denovo246 C9_AF499798 360 (303.5)
denovo246 C23_AY239375 360 (294.5)
denovo246 C37_AY258481 373 (296.0)
denovo246 C1048_DQ068026 360 (294.5)
denovo246 C21.4_JF683326 359 (280.0)
denovo246 C21.5_JF683327 359 (280.0)
denovo246 C1070_DQ335349 358 (307.0)
denovo246 C21.6_HQ630873 355 (296.0)
denovo246 C1224_EU074890 360 (286.0)
denovo246 C1.17_HE578990 360 (294.5)
denovo246 C21_b1_FN827162 356 (271.0)
denovo246 C21.9_JF683330 355 (278.0)
denovo246 C1085_AY624605 364 (296.5)
denovo246 C3p_GU907654 358 (292.0)
denovo246 C3f_AY589734 360 (294.5)
denovo246 C65a_AY589770 357 (302.0)
denovo246 C65_AY589769 360 (295.0)
denovo246 C71_AY589775 374 (289.5)
denovo246 C71a_AY589776 374 (289.5)
denovo246 C1178_AB294647 368 (281.5)
denovo246 C1225_EU074893 360 (276.5)
denovo246 C75_AY765410 360 (285.5)
denovo246 C21.10_JF683331 355 (278.0)
denovo246 C21.11_HQ630874 355 (278.0)
denovo246 C1065_DQ335388 363 (284.0)
denovo246 C1045_DQ068036 362 (291.0)
denovo246 C1h_AY258473 360 (294.5)
denovo246 C38_AY258482 360 (303.5)
denovo246 C1202_EU099799 362 (291.5)
denovo246 C7_AF499797 360 (294.5)
denovo246 C12_AF499801 364 (289.5)
denovo246 C38a_AY258483 363 (291.5)
denovo246 C1200_EU099800 357 (285.0)
denovo246 C44a_AY589751 355 (289.0)
denovo246 C47_AY589752 362 (283.5)
denovo246 C44_AY589750 359 (292.0)
denovo246 C1.15_HE578988 360 (294.5)
denovo246 C45.3_FJ461522 360 (294.5)
denovo246 C46a_AY765405 361 (298.0)
denovo246 C46_EU449108 359 (292.0)
denovo246 C3.12_FJ461507 360 (294.5)
denovo246 C1k_AY589733 372 (292.5)
denovo246 C67_AY686647 359 (292.0)
denovo246 C82a_GU907659 360 (294.5)
denovo246 C10a_AY589739 362 (292.5)
denovo246 C10_AF499799 359 (301.0)
denovo246 C13_AY589740 365 (307.0)
denovo246 C4_AF499794 360 (285.5)
denovo246 C1147_EF656433 360 (294.5)
denovo246 C1c/C45_AY239364 360 (294.5)
denovo246 C1c/C45_EU449103 360 (294.5)
denovo246 C21.19_HE579031 355 (278.5)
denovo246 C21.21_HE579033 354 (276.0)
denovo246 C21.20_HE579032 354 (276.0)
denovo246 C42b_AY765403 361 (285.5)
denovo246 C42_AY258487 357 (292.5)
denovo246 C1p_GU907652 357 (301.5)
denovo246 C1d_AY258488 357 (292.5)
denovo246 C42_AY765402 357 (301.5)
denovo246 C3ha_AY589736 355 (296.0)
denovo246 C63a_AY589767 354 (295.5)
denovo246 C21a_AY589744 355 (287.0)
denovo246 C3o_GU907653 355 (287.0)
denovo246 C21.16_HQ630875 355 (287.0)
denovo246 C21.2_JF683324 355 (287.0)
denovo246 C21.7_JF683328 355 (278.0)
denovo246 C21.8_JF683329 351 (281.5)
denovo246 C3h_AY239365 355 (287.0)
denovo246 C1203_EU099798 355 (278.0)
denovo246 C3.10_FJ461505 360 (294.5)
denovo246 C21.14_FJ461516 355 (287.0)
denovo246 C21.18_HE579030 357 (281.0)
denovo246 C3.17_HE579005 360 (285.5)
denovo246 C3.9_FJ461504 358 (287.0)
denovo246 C3.8_FJ461503 360 (285.5)
denovo246 C3.7_FJ461502 360 (285.5)
denovo246 C3.11_FJ461506 360 (294.5)
denovo246 C3.18_HE579006 360 (294.5)
denovo246 C3.19_HE579007 360 (303.5)
denovo246 C3.20_HE579008 360 (285.5)
denovo246 C3g_AY589735 362 (293.5)
denovo246 C3a_AF499790 356 (291.5)
denovo246 C3e_AF499793 360 (295.0)
denovo246 C6_AF499796 360 (294.5)
denovo246 C11_AF499800 360 (285.5)
denovo246 C36_AY258480 360 (294.5)
denovo246 C29_AY258494 358 (296.0)
denovo246 C1146_EF656434 360 (285.5)
denovo246 C1190_EU099841 360 (303.5)
denovo246 C131_JF320826 362 (290.5)
denovo246 C28_AY239380 362 (293.5)
denovo246 C1012_DQ480604 360 (294.5)
denovo246 C1181_AB294640 373 (299.0)
denovo246 C1180_AB294641 373 (299.0)
denovo246 C1179_AB294645 373 (290.0)
denovo246 C1176_AB294651 380 (284.5)
denovo246 C1175_AB294653 370 (290.0)
denovo246 C1174_AB294655 371 (285.0)
denovo246 C1177_AB294659 370 (291.0)
denovo246 C1040_AB190269 359 (292.0)
denovo246 C1182_AB294649 364 (287.0)
denovo246 C1089_AJ278598 361 (287.5)
denovo246 C1028_DQ335357 360 (303.5)
denovo246 C3.16_EU786015 360 (303.5)
denovo246 C1097_AJ311943 362 (287.0)
denovo246 C1170_AB294661 375 (287.0)
denovo246 C21.17_HE579029 356 (283.0)
denovo246 C21/3d/C3k_AY239372 355 (287.0)
denovo246 C58_AY589762 354 (281.0)
denovo246 C3L_AY589738 364 (293.5)
denovo246 C1169_AB294660 373 (290.0)
denovo246 C3.2_FJ461497 361 (301.5)
denovo246 C3.1_JF683321 359 (295.0)
denovo246 C1104_AF427469 357 (289.5)
denovo246 C3b_AF499791 359 (295.0)
denovo246 C83_GU907661 360 (296.5)
denovo246 C49_AY589754 380 (317.0)
denovo246 C3_AB778606 360 (294.5)
denovo246 C3_AF499789 360 (294.5)
denovo246 C3_HE579001 360 (294.5)
denovo246 C21.12_FJ461514 355 (296.0)
denovo246 C1229_EU074888 355 (284.0)
denovo246 C1230_EU074889 351 (291.0)
denovo246 C1114_AB207196 360 (294.5)
denovo246 C3.21_HE579009 359 (250.0)
denovo246 C1057_DQ480619 361 (287.5)
denovo246 C72_AY765407 353 (289.5)
denovo246 C1b.3_HE578999 361 (310.5)
denovo246 C93_AJ621536 360 (285.5)
denovo246 C94_AJ621539 360 (285.5)
denovo246 C1g_AY589730 360 (303.5)
denovo246 C1i_AY589731 360 (294.5)
denovo246 C1j_AY589732 360 (303.5)
denovo246 C1005_DQ480633 360 (294.5)
denovo246 C1.7_FJ461494 357 (294.5)
denovo246 C1.11_HE578984 360 (286.0)
denovo246 C1.12_HE578985 360 (285.5)
denovo246 C1.13_HE578986 354 (286.5)
denovo246 C1.14_HE578987 360 (294.5)
denovo246 C1.18_HE578991 360 (303.5)
denovo246 C1.19_HE578992 361 (296.5)
denovo246 C1199_EU099802 360 (279.5)
denovo246 C1188_EU099838 359 (292.0)
denovo246 C1002_DQ838544 359 (292.0)
denovo246 C1198_EU099810 360 (294.5)
denovo246 C24_AY239376 360 (285.5)
denovo246 C1f_AY258490 360 (294.5)
denovo246 C1006_DQ480629 360 (294.5)
denovo246 C1010_DQ480607 357 (295.5)
denovo246 C1007_DQ480624 360 (285.5)
denovo246 C1011_DQ480605 359 (300.5)
denovo246 C1009_DQ480608 360 (295.0)
denovo246 C1041_AY186548 362 (291.0)
denovo246 C1052_AY186570 360 (294.5)
denovo246 C1148_EU040178 359 (292.0)
denovo246 C1234_EU118165 356 (296.0)
denovo246 C1.5_EF634157 360 (294.5)
denovo246 C1059_DQ480609 360 (285.5)
denovo246 C1228_EU074883 360 (303.5)
denovo246 C1208_EU074963 360 (294.5)
denovo246 C1207_EU074964 360 (285.5)
denovo246 C1206_EU074965 374 (289.5)
denovo246 C1013_DQ480642 360 (303.5)
denovo246 C80_GU907656 370 (289.5)
denovo246 C1a_AF499788 360 (294.5)
denovo246 C41_AY258486 360 (294.5)
denovo246 C39_AY258484 359 (288.0)
denovo246 C1231_EU074878 360 (285.5)
denovo246 C1b.1_HE578997 361 (292.5)
denovo246 C18_AY258478 360 (285.5)
denovo246 C1.10_HE578983 356 (286.5)
denovo246 C1_JN558041 360 (294.5)
denovo246 C1_HE578979 360 (294.5)
denovo246 C1_AM748551 360 (294.5)
denovo246 C1_AF333515 360 (294.5)
denovo246 C1054_AY186565 359 (297.5)
denovo246 C1008_DQ480613 360 (294.5)
denovo246 C1103_AF427470 357 (289.5)
denovo246 C1226_EU074881 360 (297.5)
denovo246 C1b/C1e_AY239363 361 (301.5)
denovo246 C1044_DQ068038 370 (290.0)
denovo246 C1017_DQ174729 362 (301.5)
denovo246 C1.6_FJ461493 360 (303.5)
denovo246 C1b.2_HE578998 365 (294.5)
denovo246 C1060_DQ480600 364 (287.5)
denovo246 C1227_EU074882 360 (303.5)
denovo246 C1197_EU099814 358 (295.5)
denovo246 C1130_DQ480643 356 (256.0)
denovo246 D109_AB097465 368 (267.5)
denovo246 D1.11_HE579040 369 (273.0)
denovo246 D105_AF174570 369 (273.0)
denovo246 D104_AF174572 371 (278.0)
denovo246 D1.3_JF683337 368 (270.0)
denovo246 D1.10_HE579039 372 (273.0)
denovo246 D110_AF174561 372 (273.0)
denovo246 D117_AF174542 371 (269.5)
denovo246 D114_AF174549 369 (273.0)
denovo246 D113_AF174557 379 (266.5)
denovo246 D112_AF174558 340 (268.0)
denovo246 D106_AF174559 368 (271.5)
denovo246 D111_AF174560 371 (270.0)
denovo246 D115_AF174562 369 (273.0)
denovo246 D107_AF174568 369 (273.0)
denovo246 D116_AF174571 366 (279.5)
denovo246 D124_EU074897 371 (271.0)
denovo246 D1.8_HE579037 373 (267.0)
denovo246 D3_AY686650 372 (272.5)
denovo246 D1.6_HQ630881 369 (282.0)
denovo246 D120_EU074900 369 (273.0)
denovo246 D121_EU074904 370 (275.0)
denovo246 D122_EU074905 379 (275.5)
denovo246 D1a.2_JF683339 363 (274.5)
denovo246 D1a.1_JF683338 369 (273.0)
denovo246 D2_AY686649 584 (343.0)
denovo246 D4_DQ865214 369 (269.5)
denovo246 D1a_AF499802 369 (273.0)
denovo246 D1a_JN558078 369 (273.0)
denovo246 D123_EU074895 369 (264.0)
denovo246 D108_AF174567 370 (276.5)
denovo246 D103_AF174575 369 (273.0)
denovo246 D100_AF411415 367 (268.0)
denovo246 D118_EF656435 372 (264.5)
denovo246 D101_AF411416 366 (269.0)
denovo246 D119_EU099832 351 (274.0)
denovo246 D102_AF174573 368 (274.0)
denovo246 D1_AF334660 369 (273.0)
denovo246 D1_JN558076 369 (273.0)
denovo246 D1.12_HE579041 341 (260.5)
denovo246 D1.1_AM748564 420 (291.0)
denovo246 D1.2_AM748617 434 (337.0)
denovo246 E111_EU074915 366 (296.0)
denovo246 E110_EU074914 369 (316.5)
denovo246 E114_EU074909 374 (305.5)
denovo246 E1_AF334659 358 (297.5)
denovo246 E105_EU074921 357 (307.5)
denovo246 E112_EU074916 358 (319.5)
denovo246 E104_EU074922 358 (310.5)
denovo246 E102_EU074924 358 (301.5)
denovo246 E103_EU074923 358 (310.5)
denovo246 E101_AY160123 358 (308.0)
denovo246 E109_EU074913 365 (313.5)
denovo246 E100_DQ011618 366 (324.5)
denovo246 E108_EU074912 382 (309.0)
denovo246 E113_EU074908 370 (312.5)
denovo246 E107_EU074910 371 (312.0)
denovo246 F1_JN558066 359 (352.0)
denovo246 F5.2d_AJ291530 366 (345.0)
denovo246 F104_AJ291531 366 (345.0)
denovo246 F5.2c_AM748596 366 (345.0)
denovo246 F5.2_AM748594 366 (345.5)
denovo246 F5.2a_AM748614 366 (345.5)
denovo246 F5.2b_AM748595 366 (345.5)
denovo246 F5.2e_AJ291533 365 (325.5)
denovo246 F5.2g_JN558072 367 (346.5)
denovo246 F5.2f_AJ291512 361 (349.5)
denovo246 F102_AJ291534 366 (363.0)
denovo246 F5.1c_AM748593 370 (349.0)
denovo246 F5.1d_JN558069 363 (356.0)
denovo246 F5.1b_AJ291535 367 (350.0)
denovo246 F5.1_AM748592 367 (350.0)
denovo246 F5.1a_AM748591 367 (341.0)
denovo246 F110_AJ291526 357 (352.0)
denovo246 F4.7_AM748587 351 (366.0)
denovo246 F4.5_AM748585 352 (365.0)
denovo246 F4.4a_AM748583 352 (350.0)
denovo246 F4.4_AM748582 352 (364.5)
denovo246 F4.4b_AM748584 354 (362.0)
denovo246 F4.1a_AM748573 356 (342.5)
denovo246 F112_AJ291528 355 (357.5)
denovo246 F4.1_AM748572 355 (357.5)
denovo246 F4.8b_AM748590 356 (325.0)
denovo246 F4.8_AM748588 366 (317.5)
denovo246 F4.8a_AM748589 354 (319.0)
denovo246 F109_AJ291527 366 (317.0)
denovo246 F4.6_AM748586 357 (337.0)
denovo246 F111_AJ311949 375 (333.0)
denovo246 F4.3c_AM748581 355 (346.0)
denovo246 F4.3a_AM748579 362 (348.0)
denovo246 F4.3b_AM748580 361 (345.0)
denovo246 F4.3_AM748578 361 (354.0)
denovo246 F4.2_AM748574 358 (348.0)
denovo246 F4.2a_AM748575 355 (336.5)
denovo246 F4.2c_AM748577 358 (331.5)
denovo246 F4.2b_AM748576 355 (336.5)
denovo246 F2b_AJ291521 359 (340.0)
denovo246 F2_AJ830908 357 (350.5)
denovo246 F2a_AJ830911 356 (352.5)
denovo246 F3.1a_AM748566 364 (376.5)
denovo246 F114_AJ291525 368 (351.5)
denovo246 F3.1_AM748565 368 (360.5)
denovo246 F3.2_AM748567 368 (341.5)
denovo246 F3.2a_AM748568 367 (338.0)
denovo246 F3.3_AM748569 377 (329.0)
denovo246 F3.4a_AM748571 367 (316.5)
denovo246 F3.4_AM748570 368 (328.5)
denovo246 F3.4b_AM748616 368 (328.5)
denovo246 G101_AJ291539 379 (309.5)
denovo246 G1_AM748597 377 (311.0)
denovo246 G2b_JN558087 380 (300.0)
denovo246 G2_AM748598 364 (297.0)
denovo246 G2a_AM748599 380 (298.5)
denovo246 G4_AM748601 363 (298.0)
denovo246 G3.4_LK392378 373 (312.0)
denovo246 G3_AM748600 375 (318.5)
denovo246 G3.2_KC597694 371 (301.0)
denovo246 G3.1_KC597688 378 (316.5)
denovo246 G100_AB253788 375 (308.0)
denovo246 G3.3_LK392377 372 (308.5)
denovo246 H6_AJ291520 653 (288.5)
denovo246 H3_AM748606 367 (273.5)
denovo246 H2_AM748605 366 (266.5)
denovo246 H4_AM748607 350 (263.5)
denovo246 H4a_AM748608 358 (269.5)
denovo246 H5a_AM748611 363 (261.0)
denovo246 H5b_AM748610 360 (267.0)
denovo246 H5_AJ621129 360 (260.5)
denovo246 H5_AM748609 360 (260.5)
denovo246 H100_AJ291513 364 (255.0)
denovo246 H1b_AM748604 357 (243.0)
denovo246 H1a_AM748612 360 (252.0)
denovo246 H1_AJ621152 362 (248.5)
denovo246 H1_AM748602 362 (248.5)
denovo246 I3_FN561561 364 (359.5)
denovo246 I4_FN561562 364 (359.5)
denovo246 I1_FN561559 352 (370.5)
denovo246 I2_FN561560 369 (356.5)

#---------------------------------------
#---------------------------------------
