denovo12 A136_DQ865210 342 (529.5)
denovo12 A133_DQ174725 353 (510.0)
denovo12 A115_AF180123 346 (494.0)
denovo12 A117_AF201746 347 (519.5)
denovo12 A134_DQ174723 345 (522.5)
denovo12 A114_AF184941 347 (519.5)
denovo12 A135_DQ174727 348 (522.5)
denovo12 A2_AF333506 349 (521.5)
denovo12 A101_AF427468 348 (513.5)
denovo12 A2_1_JN558097 348 (513.5)
denovo12 A2_2_JN558100 348 (513.5)
denovo12 A113_AF184948 340 (520.5)
denovo12 A112_AF184949 340 (493.5)
denovo12 A123_EF378618 354 (338.5)
denovo12 A137_EF378621 351 (328.5)
denovo12 A11_EU449041 346 (520.0)
denovo12 A121_DQ174722 341 (519.0)
denovo12 A15b_EU792886 346 (500.5)
denovo12 A15a_EU792885 346 (500.5)
denovo12 A15c_EU792887 349 (500.0)
denovo12 A15_EU792884 346 (491.5)
denovo12 A147_EU074937 344 (513.5)
denovo12 A154_EU074860 344 (513.5)
denovo12 A146_EU074936 346 (509.5)
denovo12 A150_EU074928 346 (518.5)
denovo12 A116_AF183575 346 (509.5)
denovo12 A141_EU074931 346 (518.5)
denovo12 A5_AF333508 339 (530.5)
denovo12 A3b_EU449043 344 (522.5)
denovo12 A151_EU074925 344 (512.5)
denovo12 A152_EU074927 345 (507.5)
denovo12 A149_EU074929 344 (513.5)
denovo12 A140_EU074930 344 (504.5)
denovo12 A142_EU074932 344 (504.5)
denovo12 A143_EU074933 347 (513.5)
denovo12 A144_EU074934 344 (504.5)
denovo12 A145_EU074935 346 (519.0)
denovo12 A148_EU074938 344 (504.5)
denovo12 A155_EU074856 344 (504.5)
denovo12 A156_EU074859 344 (504.5)
denovo12 A139_EU074962 344 (504.5)
denovo12 A6_AF186058 344 (513.5)
denovo12 A3_AF333507 344 (513.5)
denovo12 A3_JN558091 344 (513.5)
denovo12 A8_AY258468 346 (491.0)
denovo12 A7_AY239360 346 (500.5)
denovo12 A16_EU792888 346 (509.5)
denovo12 A4.3_FN429763 350 (489.5)
denovo12 A120_AF180122 348 (486.0)
denovo12 A4.2_FN429761 351 (481.5)
denovo12 A4_AF333509 351 (509.5)
denovo12 A4.1_FN429760 350 (504.5)
denovo12 A4a_AF499778 350 (516.5)
denovo12 A4a.1_FN429762 350 (516.5)
denovo12 A138_EF378620 349 (458.5)
denovo12 A122_EF378619 350 (492.5)
denovo12 A126_EF378615 349 (493.5)
denovo12 A10_EU792882 349 (493.5)
denovo12 A9_EU449028 347 (499.0)
denovo12 A105_AB207202 353 (497.0)
denovo12 A119_AF180121 339 (490.0)
denovo12 A12_EU792883 352 (504.0)
denovo12 A104_AB207203 346 (514.0)
denovo12 A1a_EU449030 350 (516.0)
denovo12 A1.3_HE578976 352 (503.5)
denovo12 A1.4_HE578977 352 (512.5)
denovo12 A13_AF333504 352 (511.5)
denovo12 A13_JN558094 352 (511.5)
denovo12 A110_AB190282 354 (499.5)
denovo12 A103_AB207206 354 (509.5)
denovo12 A130_EF656428 354 (508.5)
denovo12 A127_EF656429 354 (517.5)
denovo12 A128_EF656430 354 (499.5)
denovo12 A129_EF656431 355 (511.0)
denovo12 A131_EF656432 352 (512.5)
denovo12 A118_AF180120 348 (501.0)
denovo12 A1_AF333505 354 (508.5)
denovo12 A107_AB207199 353 (515.0)
denovo12 A111_AB190280 353 (515.0)
denovo12 A108_AB207197 360 (494.0)
denovo12 A106_AB207200 349 (511.0)
denovo12 A102_AB207209 353 (515.0)
denovo12 A1.2_AB207210 353 (515.0)
denovo12 A109_AB190285 351 (518.5)
denovo12 B4_AF333510 321 (1094.5)
denovo12 B23_EU449079 307 (1222.5)
denovo12 B30_GU907644 307 (1204.5)
denovo12 B11_AY239361 308 (1298.5)
denovo12 B17_AY258470 306 (1318.0)
denovo12 B1k_GU907638 308 (633.5)
denovo12 B1.V_Green2014 313 (1284.5)
denovo12 B1b_AF499780 306 (1249.5)
denovo12 B16_AY258469 306 (1327.0)
denovo12 B31a_GU907646 306 (1327.0)
denovo12 B32_GU907647 306 (1327.0)
denovo12 B31_GU907645 306 (1336.0)
denovo12 B1j_GU907637 306 (1345.0)
denovo12 B37_GU907650 308 (1343.5)
denovo12 B5a_AF499782 306 (1327.0)
denovo12 B5_AF499781 306 (1336.0)
denovo12 B24_GU907643 306 (1167.0)
denovo12 B117_AF180124 307 (1239.0)
denovo12 B10_AF499787 306 (1327.0)
denovo12 B20_GU907642 308 (1319.5)
denovo12 B1m_GU907640 306 (1336.0)
denovo12 B34_GU907649 306 (1336.0)
denovo12 B1d_GU907633 306 (1336.0)
denovo12 B1e_GU907634 306 (1336.0)
denovo12 B1i_GU907636 306 (1336.0)
denovo12 B1g_GU907635 307 (1317.0)
denovo12 B123_EU074872 306 (1327.0)
denovo12 B8_AF499785 307 (1326.0)
denovo12 B1l_GU907639 306 (1336.0)
denovo12 B1a_AF499779 306 (1336.0)
denovo12 B14_AY239362 307 (1326.0)
denovo12 B125_EU074865 306 (1336.0)
denovo12 B122_EU074871 306 (1336.0)
denovo12 B124_EU074874 306 (1336.0)
denovo12 B1.VII_Green2014 306 (1266.0)
denovo12 B1.III_Green2014 306 (1264.0)
denovo12 B1.I_Green2014 306 (1345.0)
denovo12 B1.II_Green2014 306 (1345.0)
denovo12 B1_JN558057 306 (1345.0)
denovo12 B1_AF333511 306 (1345.0)
denovo12 B1.IV_Green2014 316 (1330.5)
denovo12 B121_EU074870 306 (1336.0)
denovo12 B7_AF499784 306 (1336.0)
denovo12 B1.VI_Green2014 307 (1276.0)
denovo12 B3_AF333514 306 (1241.5)
denovo12 B9_AF499786 306 (1250.5)
denovo12 B19a_JN558055 310 (1135.5)
denovo12 B119_EU099825 315 (1176.0)
denovo12 B21_DQ865213 306 (1228.0)
denovo12 B38_GU907651 306 (1228.0)
denovo12 B18_AY258471 306 (1268.5)
denovo12 B18a_AY258472 306 (1259.5)
denovo12 B33_GU907648 306 (1259.5)
denovo12 B6_AF499783 311 (1265.0)
denovo12 B19_DQ865212 306 (1277.5)
denovo12 B19_GU907641 306 (1277.5)
denovo12 B2_AF333512 306 (1268.5)
denovo12 B2_JN558060 306 (1268.5)
denovo12 C33.1_AY258498 332 (773.5)
denovo12 C33.2_AY765400 332 (773.5)
denovo12 C33a_EF541147 332 (773.5)
denovo12 C34_AY258499 325 (753.5)
denovo12 C78_AY765413 327 (741.0)
denovo12 C15.29_KC597690 328 (707.0)
denovo12 C1131_DQ182650 329 (701.0)
denovo12 C1135_DQ182646 322 (699.5)
denovo12 C1134_DQ182647 324 (687.0)
denovo12 C1142_DQ182635 324 (696.0)
denovo12 C1136_DQ182644 322 (678.5)
denovo12 C1111_DQ182645 322 (688.0)
denovo12 C1236_EF473656 322 (679.0)
denovo12 C1138_DQ182642 319 (688.5)
denovo12 C1137_DQ182643 322 (679.0)
denovo12 C1133_DQ182648 322 (679.0)
denovo12 C1132_DQ182649 326 (681.5)
denovo12 C1143_DQ182634 322 (688.0)
denovo12 C1139_DQ182639 324 (696.0)
denovo12 C15.28_KC597687 324 (760.0)
denovo12 C1141_DQ182636 324 (705.0)
denovo12 C1144_DQ182637 324 (714.0)
denovo12 C1122_DQ182654 324 (723.0)
denovo12 C1127_DQ182652 324 (723.0)
denovo12 C15.30_JX394114 329 (737.5)
denovo12 C15.26_KC597686 325 (744.0)
denovo12 C1086_DQ182656 326 (747.0)
denovo12 C15.25_KC597685 326 (756.0)
denovo12 C1118_AF180127 330 (692.5)
denovo12 C1129_DQ182651 326 (692.0)
denovo12 C15.21_KC597683 324 (732.5)
denovo12 C56_AY589760 323 (738.0)
denovo12 C1140_DQ182638 326 (710.0)
denovo12 C1126_DQ182653 326 (701.0)
denovo12 C15c_AY258492 323 (756.5)
denovo12 C15d_AY258493 322 (763.0)
denovo12 C1098_DQ182641 324 (766.0)
denovo12 C15.27_KC597689 326 (747.0)
denovo12 C15.18_HE579024 325 (744.0)
denovo12 C15.16_HE579022 331 (770.5)
denovo12 C1101_AB253787 326 (738.0)
denovo12 C1083_AY237300 326 (747.0)
denovo12 C1088_DQ182640 329 (745.0)
denovo12 C15.6_FN563472 326 (756.0)
denovo12 C15.5_FJ461512 328 (752.5)
denovo12 C15.4_FJ461511 328 (761.5)
denovo12 C15.13_HE579019 326 (738.0)
denovo12 C15.12_HE579018 326 (747.0)
denovo12 C93a_AM748563 324 (768.5)
denovo12 C1094_AJ291514 324 (750.5)
denovo12 C93_AM748562 324 (759.5)
denovo12 C15.17_HE579023 325 (738.0)
denovo12 C15e_AY589742 328 (746.5)
denovo12 C15.22_KC597695 326 (747.0)
denovo12 C60_AY589764 326 (747.0)
denovo12 C15.1_FJ461508 326 (747.0)
denovo12 C15.2_FJ461509 326 (747.0)
denovo12 C15.9_FN563475 326 (764.5)
denovo12 C15.7_HE579015 325 (761.5)
denovo12 C15.8_HE579016 326 (747.0)
denovo12 C15.15_HE579021 326 (747.0)
denovo12 C15.19_HE579025 326 (756.0)
denovo12 C15.24_KC597696 326 (756.0)
denovo12 C15.3_FJ461510 328 (752.5)
denovo12 C1087_DQ182655 326 (756.0)
denovo12 C15.14_HE579020 327 (746.5)
denovo12 C15.23_KC597697 327 (746.5)
denovo12 C19_AY258479 325 (765.5)
denovo12 C1233_EU118166 326 (765.0)
denovo12 C15b_AY258491 326 (747.0)
denovo12 C15a_AY258476 328 (761.5)
denovo12 C1051_AF195153 326 (765.0)
denovo12 C2_AF333518 327 (755.0)
denovo12 C15.20_HE579026 327 (755.5)
denovo12 C15f_AY589743 328 (749.0)
denovo12 C55_AY589759 331 (756.0)
denovo12 C15_AY239369 326 (756.0)
denovo12 C32.1_JF683335 324 (711.0)
denovo12 C32.2_JF683336 324 (711.0)
denovo12 C21.23_KC597693 324 (711.0)
denovo12 C1193_EU099827 337 (738.5)
denovo12 C1195_EU099821 333 (731.0)
denovo12 C3q_GU907655 336 (723.5)
denovo12 C53_AY589758 335 (727.5)
denovo12 C73_AY765408 335 (735.0)
denovo12 C17.2.1_KC597684 329 (705.5)
denovo12 C32_AY258497 325 (713.5)
denovo12 C1189_EU099831 328 (722.5)
denovo12 C1191_EU099833 327 (729.0)
denovo12 C1196_EU099819 328 (704.5)
denovo12 C1192_EU099820 328 (704.5)
denovo12 C17.1_JF683322 328 (722.5)
denovo12 C26_b2_FN827164 333 (724.5)
denovo12 C26_b3_FN827165 329 (722.0)
denovo12 C31.9_HQ630879 330 (709.0)
denovo12 C31a_AY589746 330 (723.5)
denovo12 C30_AY589745 330 (705.5)
denovo12 C31.1_HQ630876 334 (707.0)
denovo12 C31.5_HQ630877 328 (717.5)
denovo12 C31.6_HQ630878 330 (705.5)
denovo12 C31.2_JF683332 330 (714.5)
denovo12 C31.3_JF683333 330 (705.5)
denovo12 C26/C35a_AY239378 329 (731.0)
denovo12 C35a_AY258501 329 (731.0)
denovo12 C35.2_AY258500 329 (722.0)
denovo12 C26_b1_FN827163 329 (722.0)
denovo12 C17_AY239370 328 (722.5)
denovo12 C17.2_FJ461513 330 (721.5)
denovo12 C31.10_HQ630880 330 (718.0)
denovo12 C31.4_JF683334 334 (703.0)
denovo12 C31_AY258496 330 (714.5)
denovo12 C25_AY239377 326 (767.5)
denovo12 C61_AY589765 325 (701.0)
denovo12 C1043_DQ072721 328 (711.5)
denovo12 C79_AY765414 328 (725.5)
denovo12 C69_AY589773 315 (722.5)
denovo12 C69a_AY686648 315 (731.5)
denovo12 C21.22_KC597692 331 (694.0)
denovo12 C51_AY589756 327 (741.0)
denovo12 C1aa_HM185739 328 (744.0)
denovo12 C1096_DQ068023 325 (732.0)
denovo12 C74_AY765409 331 (756.5)
denovo12 C1185_AB294629 333 (753.0)
denovo12 C1184_AB294630 333 (753.0)
denovo12 C1153_AB294625 333 (753.0)
denovo12 C1154_AB294626 332 (768.5)
denovo12 C1187_AB294627 333 (753.0)
denovo12 C1186_AB294628 333 (753.0)
denovo12 C57_AY589761 333 (762.0)
denovo12 C66_AY589771 333 (762.0)
denovo12 C5_AF499795 326 (747.0)
denovo12 C1167_AB294586 326 (747.0)
denovo12 C1164_AB294593 326 (747.0)
denovo12 C1183_AB294631 326 (765.0)
denovo12 C1067_DQ335381 328 (743.5)
denovo12 C1159_AB294613 325 (749.5)
denovo12 C1150_AB294622 325 (758.5)
denovo12 C90_AM748554 327 (770.0)
denovo12 C1168_AB294583 326 (756.0)
denovo12 C1156_AB294616 326 (765.0)
denovo12 C1151_AB294621 326 (774.0)
denovo12 C92a_AM748561 326 (756.0)
denovo12 C92_AM748560 326 (765.0)
denovo12 C1165_AB294581 326 (756.0)
denovo12 C1166_AB294584 326 (774.0)
denovo12 C1162_AB294594 326 (756.0)
denovo12 C1163_AB294596 326 (765.5)
denovo12 C1161_AB294606 326 (765.0)
denovo12 C1160_AB294608 330 (757.5)
denovo12 C1158_AB294614 326 (774.0)
denovo12 C1155_AB294617 326 (756.0)
denovo12 C1149_AB294620 326 (765.0)
denovo12 C1173_AB294662 326 (774.0)
denovo12 C1171_AB294663 326 (756.0)
denovo12 C1172_AB294665 326 (756.0)
denovo12 C91a_AM748556 326 (774.0)
denovo12 C91b_AM748557 326 (765.0)
denovo12 C91d_AM748559 325 (762.5)
denovo12 C91c_AM748558 325 (762.5)
denovo12 C91_AJ621543 326 (765.0)
denovo12 C91_AM748555 326 (765.0)
denovo12 C1023_DQ335330 317 (716.5)
denovo12 C1020_DQ335392 332 (746.0)
denovo12 C1018_DQ335408 328 (752.5)
denovo12 C1074_DQ335329 328 (743.5)
denovo12 C1030_DQ335353 328 (743.5)
denovo12 C1022_DQ335331 328 (743.5)
denovo12 C1027_DQ335360 328 (761.5)
denovo12 C1072_DQ335344 328 (743.5)
denovo12 C1039_AB190274 328 (752.5)
denovo12 C1033_DQ335350 333 (740.5)
denovo12 C1019_DQ335407 328 (752.5)
denovo12 C1194_EU099826 328 (719.5)
denovo12 C8b_AY258475 328 (727.5)
denovo12 C8_AY239367 331 (742.5)
denovo12 C8a_AY239368 333 (738.5)
denovo12 C54a_AY765406 328 (770.5)
denovo12 C3ff_HM185740 328 (779.5)
denovo12 C59_AY589763 332 (738.0)
denovo12 C3k_AY589737 325 (753.5)
denovo12 C3.24_HE579012 324 (760.0)
denovo12 C3.23_HE579011 325 (753.5)
denovo12 C35.1_AY765401 336 (757.0)
denovo12 C35.3_EF541145 329 (755.0)
denovo12 C76_AY765411 328 (758.5)
denovo12 C1107_DQ335359 327 (727.0)
denovo12 C3.22_HE579010 331 (726.5)
denovo12 C77_AY765412 328 (749.0)
denovo12 C20_AY239371 331 (751.5)
denovo12 C1055_DQ480640 326 (743.0)
denovo12 C27/C30_AY239379 329 (713.0)
denovo12 C27.1_FJ461517 329 (704.0)
denovo12 C40a_AY589747 330 (748.0)
denovo12 C40_AY258485 330 (748.0)
denovo12 C40b_AY589748 331 (739.0)
denovo12 C16_AY258477 331 (752.0)
denovo12 C16a_AY765399 331 (752.0)
denovo12 C1091_AB207186 328 (753.0)
denovo12 C1102_DQ335400 328 (735.0)
denovo12 C1069_DQ335375 328 (753.0)
denovo12 C1073_DQ335332 329 (747.0)
denovo12 C1066_DQ335382 326 (738.5)
denovo12 C1031_DQ335352 333 (758.5)
denovo12 C1026_DQ335366 333 (758.0)
denovo12 C70_AY589774 328 (762.0)
denovo12 C1082_AB190267 328 (744.0)
denovo12 C1078_AB190271 326 (755.5)
denovo12 C1090_AB207191 328 (753.0)
denovo12 C1071_DQ335302 328 (753.0)
denovo12 C1075_DQ335328 328 (753.0)
denovo12 C1068_DQ335379 328 (744.0)
denovo12 C1064_DQ335395 328 (744.0)
denovo12 C1063_DQ335403 325 (753.5)
denovo12 C62_AY589766 328 (753.0)
denovo12 C1077_DQ335316 325 (758.5)
denovo12 C1109_DQ335338 328 (744.0)
denovo12 C1110_DQ335340 328 (735.0)
denovo12 C1106_DQ335339 328 (735.0)
denovo12 C1112_DQ335319 328 (744.0)
denovo12 C1108_DQ335351 328 (735.0)
denovo12 C1105_DQ335394 328 (744.0)
denovo12 C1121_DQ335378 335 (737.0)
denovo12 C1116_AB190268 335 (746.0)
denovo12 C1115_AB190273 335 (746.0)
denovo12 C1124_DQ335323 328 (726.0)
denovo12 C1120_DQ335398 328 (726.0)
denovo12 C1119_DQ335404 328 (735.0)
denovo12 C1123_DQ335363 328 (735.0)
denovo12 C1004_DQ480635 328 (752.0)
denovo12 C1061_AY186568 328 (743.0)
denovo12 C1053_AY186569 328 (743.0)
denovo12 C1003_DQ480639 328 (752.0)
denovo12 C81_GU907657 319 (724.0)
denovo12 C22_AY239373 323 (754.5)
denovo12 C22a_AY239374 326 (746.0)
denovo12 C1232_EU118163 330 (749.0)
denovo12 C21.13_FJ461515 327 (711.0)
denovo12 C21.1_JF683323 326 (717.0)
denovo12 C21.3_JF683325 328 (731.5)
denovo12 C1.20_HE578993 328 (743.5)
denovo12 C1.22_HE578995 328 (734.5)
denovo12 C52_AY589757 327 (744.5)
denovo12 C1201_EU099793 330 (708.5)
denovo12 C14_AY589741 331 (764.0)
denovo12 C43_AY589749 331 (770.0)
denovo12 C50_AY589755 328 (752.5)
denovo12 C3.14_HQ630872 327 (758.0)
denovo12 C1m_AY765398 328 (753.0)
denovo12 C82_GU907658 336 (749.0)
denovo12 C82b_GU907660 336 (749.0)
denovo12 C64_AY589768 325 (761.0)
denovo12 C45a_AY765404 331 (760.5)
denovo12 C48_AY589753 328 (773.0)
denovo12 C1_v1b_FJ919244 328 (743.5)
denovo12 C1_v1a_FJ919243 328 (752.5)
denovo12 C3j_AY239366 328 (752.5)
denovo12 C3t_EF541149 328 (752.5)
denovo12 C9_AF499798 330 (758.5)
denovo12 C23_AY239375 329 (774.0)
denovo12 C37_AY258481 333 (749.0)
denovo12 C1048_DQ068026 331 (751.5)
denovo12 C21.4_JF683326 328 (722.5)
denovo12 C21.5_JF683327 328 (722.5)
denovo12 C1070_DQ335349 328 (761.5)
denovo12 C21.6_HQ630873 328 (740.5)
denovo12 C1224_EU074890 328 (761.5)
denovo12 C1.17_HE578990 328 (770.5)
denovo12 C21_b1_FN827162 330 (719.0)
denovo12 C21.9_JF683330 330 (728.0)
denovo12 C1085_AY624605 325 (744.5)
denovo12 C3p_GU907654 328 (737.5)
denovo12 C3f_AY589734 328 (761.5)
denovo12 C65a_AY589770 326 (773.5)
denovo12 C65_AY589769 326 (764.5)
denovo12 C71_AY589775 326 (755.5)
denovo12 C71a_AY589776 326 (746.5)
denovo12 C1178_AB294647 327 (744.0)
denovo12 C1225_EU074893 325 (771.0)
denovo12 C75_AY765410 327 (759.0)
denovo12 C21.10_JF683331 327 (728.5)
denovo12 C21.11_HQ630874 327 (728.5)
denovo12 C1065_DQ335388 328 (761.5)
denovo12 C1045_DQ068036 328 (770.5)
denovo12 C1h_AY258473 327 (758.0)
denovo12 C38_AY258482 327 (749.0)
denovo12 C1202_EU099799 327 (749.0)
denovo12 C7_AF499797 327 (758.0)
denovo12 C12_AF499801 329 (747.5)
denovo12 C38a_AY258483 326 (760.5)
denovo12 C1200_EU099800 315 (757.5)
denovo12 C44a_AY589751 328 (761.0)
denovo12 C47_AY589752 331 (769.5)
denovo12 C44_AY589750 331 (760.5)
denovo12 C1.15_HE578988 328 (752.5)
denovo12 C45.3_FJ461522 331 (751.5)
denovo12 C46a_AY765405 331 (751.5)
denovo12 C46_EU449108 331 (760.5)
denovo12 C3.12_FJ461507 331 (760.5)
denovo12 C1k_AY589733 331 (751.5)
denovo12 C67_AY686647 331 (760.5)
denovo12 C82a_GU907659 328 (752.5)
denovo12 C10a_AY589739 331 (760.5)
denovo12 C10_AF499799 331 (751.5)
denovo12 C13_AY589740 333 (754.5)
denovo12 C4_AF499794 331 (751.5)
denovo12 C1147_EF656433 331 (751.5)
denovo12 C1c/C45_AY239364 331 (760.5)
denovo12 C1c/C45_EU449103 331 (760.5)
denovo12 C21.19_HE579031 328 (731.5)
denovo12 C21.21_HE579033 328 (722.5)
denovo12 C21.20_HE579032 328 (731.5)
denovo12 C42b_AY765403 332 (764.0)
denovo12 C42_AY258487 332 (773.0)
denovo12 C1p_GU907652 328 (770.5)
denovo12 C1d_AY258488 331 (760.5)
denovo12 C42_AY765402 331 (769.5)
denovo12 C3ha_AY589736 328 (722.5)
denovo12 C63a_AY589767 330 (739.5)
denovo12 C21a_AY589744 328 (731.5)
denovo12 C3o_GU907653 327 (729.0)
denovo12 C21.16_HQ630875 328 (722.5)
denovo12 C21.2_JF683324 328 (722.5)
denovo12 C21.7_JF683328 327 (729.0)
denovo12 C21.8_JF683329 328 (731.5)
denovo12 C3h_AY239365 328 (722.5)
denovo12 C1203_EU099798 328 (722.5)
denovo12 C3.10_FJ461505 328 (752.5)
denovo12 C21.14_FJ461516 328 (722.5)
denovo12 C21.18_HE579030 334 (719.5)
denovo12 C3.17_HE579005 328 (752.5)
denovo12 C3.9_FJ461504 328 (749.5)
denovo12 C3.8_FJ461503 328 (761.5)
denovo12 C3.7_FJ461502 328 (752.5)
denovo12 C3.11_FJ461506 335 (764.0)
denovo12 C3.18_HE579006 328 (752.5)
denovo12 C3.19_HE579007 328 (752.5)
denovo12 C3.20_HE579008 328 (752.5)
denovo12 C3g_AY589735 330 (742.0)
denovo12 C3a_AF499790 326 (765.0)
denovo12 C3e_AF499793 328 (752.5)
denovo12 C6_AF499796 335 (772.5)
denovo12 C11_AF499800 328 (752.5)
denovo12 C36_AY258480 328 (752.5)
denovo12 C29_AY258494 328 (770.5)
denovo12 C1146_EF656434 329 (756.0)
denovo12 C1190_EU099841 328 (770.5)
denovo12 C131_JF320826 328 (752.5)
denovo12 C28_AY239380 336 (760.0)
denovo12 C1012_DQ480604 328 (752.5)
denovo12 C1181_AB294640 328 (737.5)
denovo12 C1180_AB294641 328 (755.5)
denovo12 C1179_AB294645 326 (741.0)
denovo12 C1176_AB294651 326 (750.0)
denovo12 C1175_AB294653 328 (737.5)
denovo12 C1174_AB294655 330 (743.0)
denovo12 C1177_AB294659 328 (746.5)
denovo12 C1040_AB190269 330 (758.0)
denovo12 C1182_AB294649 328 (752.5)
denovo12 C1089_AJ278598 328 (752.5)
denovo12 C1028_DQ335357 335 (763.5)
denovo12 C3.16_EU786015 328 (770.5)
denovo12 C1097_AJ311943 327 (746.0)
denovo12 C1170_AB294661 328 (746.5)
denovo12 C21.17_HE579029 328 (742.5)
denovo12 C21/3d/C3k_AY239372 328 (731.5)
denovo12 C58_AY589762 329 (731.0)
denovo12 C3L_AY589738 331 (757.0)
denovo12 C1169_AB294660 328 (746.5)
denovo12 C3.2_FJ461497 328 (755.5)
denovo12 C3.1_JF683321 325 (756.5)
denovo12 C1104_AF427469 329 (751.5)
denovo12 C3b_AF499791 328 (764.5)
denovo12 C83_GU907661 328 (764.0)
denovo12 C49_AY589754 354 (776.0)
denovo12 C3_AB778606 328 (761.5)
denovo12 C3_AF499789 328 (761.5)
denovo12 C3_HE579001 328 (761.5)
denovo12 C21.12_FJ461514 328 (713.5)
denovo12 C1229_EU074888 325 (748.0)
denovo12 C1230_EU074889 325 (757.0)
denovo12 C1114_AB207196 328 (743.5)
denovo12 C3.21_HE579009 328 (683.5)
denovo12 C1057_DQ480619 328 (752.5)
denovo12 C72_AY765407 325 (761.0)
denovo12 C1b.3_HE578999 328 (746.5)
denovo12 C93_AJ621536 328 (752.5)
denovo12 C94_AJ621539 328 (752.5)
denovo12 C1g_AY589730 328 (770.5)
denovo12 C1i_AY589731 322 (745.0)
denovo12 C1j_AY589732 335 (763.5)
denovo12 C1005_DQ480633 328 (752.5)
denovo12 C1.7_FJ461494 328 (752.5)
denovo12 C1.11_HE578984 328 (753.0)
denovo12 C1.12_HE578985 328 (752.5)
denovo12 C1.13_HE578986 328 (761.5)
denovo12 C1.14_HE578987 328 (761.5)
denovo12 C1.18_HE578991 328 (752.5)
denovo12 C1.19_HE578992 328 (752.5)
denovo12 C1199_EU099802 325 (738.0)
denovo12 C1188_EU099838 325 (753.0)
denovo12 C1002_DQ838544 328 (761.5)
denovo12 C1198_EU099810 328 (752.5)
denovo12 C24_AY239376 328 (752.5)
denovo12 C1f_AY258490 328 (761.5)
denovo12 C1006_DQ480629 328 (770.5)
denovo12 C1010_DQ480607 328 (752.5)
denovo12 C1007_DQ480624 328 (743.5)
denovo12 C1011_DQ480605 328 (752.5)
denovo12 C1009_DQ480608 332 (754.5)
denovo12 C1041_AY186548 328 (761.5)
denovo12 C1052_AY186570 328 (752.5)
denovo12 C1148_EU040178 328 (761.5)
denovo12 C1234_EU118165 329 (751.5)
denovo12 C1.5_EF634157 328 (761.5)
denovo12 C1059_DQ480609 328 (752.5)
denovo12 C1228_EU074883 328 (752.5)
denovo12 C1208_EU074963 328 (752.5)
denovo12 C1207_EU074964 328 (761.5)
denovo12 C1206_EU074965 328 (752.5)
denovo12 C1013_DQ480642 328 (752.5)
denovo12 C80_GU907656 335 (738.5)
denovo12 C1a_AF499788 325 (753.0)
denovo12 C41_AY258486 328 (761.5)
denovo12 C39_AY258484 313 (757.0)
denovo12 C1231_EU074878 328 (752.5)
denovo12 C1b.1_HE578997 328 (746.5)
denovo12 C18_AY258478 328 (761.5)
denovo12 C1.10_HE578983 327 (756.0)
denovo12 C1_JN558041 328 (761.5)
denovo12 C1_HE578979 328 (761.5)
denovo12 C1_AM748551 328 (761.5)
denovo12 C1_AF333515 328 (761.5)
denovo12 C1054_AY186565 327 (765.0)
denovo12 C1008_DQ480613 328 (752.5)
denovo12 C1103_AF427470 329 (751.5)
denovo12 C1226_EU074881 332 (753.5)
denovo12 C1b/C1e_AY239363 328 (755.5)
denovo12 C1044_DQ068038 328 (746.5)
denovo12 C1017_DQ174729 329 (745.5)
denovo12 C1.6_FJ461493 328 (770.5)
denovo12 C1b.2_HE578998 328 (746.5)
denovo12 C1060_DQ480600 328 (752.5)
denovo12 C1227_EU074882 328 (752.5)
denovo12 C1197_EU099814 328 (752.5)
denovo12 C1130_DQ480643 328 (655.0)
denovo12 D109_AB097465 353 (481.5)
denovo12 D1.11_HE579040 358 (488.5)
denovo12 D105_AF174570 357 (494.5)
denovo12 D104_AF174572 358 (479.5)
denovo12 D1.3_JF683337 360 (485.0)
denovo12 D1.10_HE579039 358 (479.5)
denovo12 D110_AF174561 358 (479.5)
denovo12 D117_AF174542 358 (479.5)
denovo12 D114_AF174549 358 (488.5)
denovo12 D113_AF174557 353 (481.5)
denovo12 D112_AF174558 360 (486.0)
denovo12 D106_AF174559 365 (491.0)
denovo12 D111_AF174560 358 (488.0)
denovo12 D115_AF174562 358 (479.5)
denovo12 D107_AF174568 360 (485.5)
denovo12 D116_AF174571 363 (476.0)
denovo12 D124_EU074897 355 (489.0)
denovo12 D1.8_HE579037 360 (486.0)
denovo12 D3_AY686650 358 (488.5)
denovo12 D1.6_HQ630881 356 (483.0)
denovo12 D120_EU074900 358 (479.5)
denovo12 D121_EU074904 363 (485.0)
denovo12 D122_EU074905 358 (479.5)
denovo12 D1a.2_JF683339 365 (484.0)
denovo12 D1a.1_JF683338 355 (489.0)
denovo12 D2_AY686649 591 (546.0)
denovo12 D4_DQ865214 361 (485.5)
denovo12 D1a_AF499802 358 (488.5)
denovo12 D1a_JN558078 358 (488.5)
denovo12 D123_EU074895 359 (491.0)
denovo12 D108_AF174567 354 (494.5)
denovo12 D103_AF174575 358 (488.5)
denovo12 D100_AF411415 358 (488.5)
denovo12 D118_EF656435 352 (497.5)
denovo12 D101_AF411416 358 (473.5)
denovo12 D119_EU099832 355 (482.0)
denovo12 D102_AF174573 358 (492.0)
denovo12 D1_AF334660 358 (488.5)
denovo12 D1_JN558076 358 (488.5)
denovo12 D1.12_HE579041 339 (486.5)
denovo12 D1.1_AM748564 421 (526.5)
denovo12 D1.2_AM748617 437 (527.0)
denovo12 E111_EU074915 362 (466.5)
denovo12 E110_EU074914 368 (476.5)
denovo12 E114_EU074909 368 (458.5)
denovo12 E1_AF334659 369 (466.5)
denovo12 E105_EU074921 368 (476.5)
denovo12 E112_EU074916 368 (458.5)
denovo12 E104_EU074922 368 (458.5)
denovo12 E102_EU074924 368 (458.5)
denovo12 E103_EU074923 368 (467.5)
denovo12 E101_AY160123 373 (442.5)
denovo12 E109_EU074913 348 (471.5)
denovo12 E100_DQ011618 364 (489.0)
denovo12 E108_EU074912 357 (478.5)
denovo12 E113_EU074908 349 (485.5)
denovo12 E107_EU074910 353 (475.5)
denovo12 F1_JN558066 331 (671.0)
denovo12 F5.2d_AJ291530 329 (684.0)
denovo12 F104_AJ291531 329 (684.0)
denovo12 F5.2c_AM748596 329 (675.5)
denovo12 F5.2_AM748594 329 (675.0)
denovo12 F5.2a_AM748614 329 (675.0)
denovo12 F5.2b_AM748595 329 (675.0)
denovo12 F5.2e_AJ291533 330 (660.5)
denovo12 F5.2g_JN558072 329 (683.5)
denovo12 F5.2f_AJ291512 329 (692.5)
denovo12 F102_AJ291534 329 (674.5)
denovo12 F5.1c_AM748593 331 (680.5)
denovo12 F5.1d_JN558069 333 (677.0)
denovo12 F5.1b_AJ291535 330 (687.0)
denovo12 F5.1_AM748592 332 (683.5)
denovo12 F5.1a_AM748591 330 (687.0)
denovo12 F110_AJ291526 329 (771.0)
denovo12 F4.7_AM748587 331 (753.5)
denovo12 F4.5_AM748585 323 (736.5)
denovo12 F4.4a_AM748583 319 (762.0)
denovo12 F4.4_AM748582 324 (764.5)
denovo12 F4.4b_AM748584 317 (781.0)
denovo12 F4.1a_AM748573 330 (718.5)
denovo12 F112_AJ291528 327 (712.5)
denovo12 F4.1_AM748572 327 (712.5)
denovo12 F4.8b_AM748590 325 (751.0)
denovo12 F4.8_AM748588 316 (751.5)
denovo12 F4.8a_AM748589 316 (751.5)
denovo12 F109_AJ291527 322 (756.0)
denovo12 F4.6_AM748586 327 (721.0)
denovo12 F111_AJ311949 316 (766.5)
denovo12 F4.3c_AM748581 317 (769.5)
denovo12 F4.3a_AM748579 316 (776.5)
denovo12 F4.3b_AM748580 317 (778.5)
denovo12 F4.3_AM748578 317 (769.5)
denovo12 F4.2_AM748574 323 (782.0)
denovo12 F4.2a_AM748575 323 (758.5)
denovo12 F4.2c_AM748577 323 (755.0)
denovo12 F4.2b_AM748576 323 (767.5)
denovo12 F2b_AJ291521 334 (713.5)
denovo12 F2_AJ830908 330 (720.5)
denovo12 F2a_AJ830911 330 (716.0)
denovo12 F3.1a_AM748566 341 (691.0)
denovo12 F114_AJ291525 341 (700.5)
denovo12 F3.1_AM748565 341 (700.5)
denovo12 F3.2_AM748567 348 (729.5)
denovo12 F3.2a_AM748568 348 (723.0)
denovo12 F3.3_AM748569 341 (714.5)
denovo12 F3.4a_AM748571 339 (654.5)
denovo12 F3.4_AM748570 335 (660.5)
denovo12 F3.4b_AM748616 335 (660.5)
denovo12 G101_AJ291539 363 (547.0)
denovo12 G1_AM748597 363 (547.0)
denovo12 G2b_JN558087 361 (541.0)
denovo12 G2_AM748598 362 (535.0)
denovo12 G2a_AM748599 362 (526.0)
denovo12 G4_AM748601 353 (560.5)
denovo12 G3.4_LK392378 352 (539.0)
denovo12 G3_AM748600 355 (539.5)
denovo12 G3.2_KC597694 353 (485.5)
denovo12 G3.1_KC597688 356 (560.0)
denovo12 G100_AB253788 356 (542.5)
denovo12 G3.3_LK392377 356 (550.5)
denovo12 H6_AJ291520 646 (325.0)
denovo12 H3_AM748606 328 (588.5)
denovo12 H2_AM748605 336 (611.0)
denovo12 H4_AM748607 331 (582.0)
denovo12 H4a_AM748608 341 (580.5)
denovo12 H5a_AM748611 340 (581.5)
denovo12 H5b_AM748610 343 (580.0)
denovo12 H5_AJ621129 340 (581.5)
denovo12 H5_AM748609 340 (581.5)
denovo12 H100_AJ291513 340 (561.5)
denovo12 H1b_AM748604 340 (556.5)
denovo12 H1a_AM748612 340 (565.5)
denovo12 H1_AJ621152 340 (565.5)
denovo12 H1_AM748602 340 (565.5)
denovo12 I3_FN561561 339 (731.0)
denovo12 I4_FN561562 339 (731.0)
denovo12 I1_FN561559 340 (724.0)
denovo12 I2_FN561560 341 (727.0)

#---------------------------------------
#---------------------------------------
