denovo108 A136_DQ865210 338 (501.0)
denovo108 A133_DQ174725 360 (473.5)
denovo108 A115_AF180123 343 (463.5)
denovo108 A117_AF201746 349 (488.0)
denovo108 A134_DQ174723 356 (491.0)
denovo108 A114_AF184941 356 (491.0)
denovo108 A135_DQ174727 338 (481.5)
denovo108 A2_AF333506 350 (488.0)
denovo108 A101_AF427468 355 (480.0)
denovo108 A2_1_JN558097 355 (480.0)
denovo108 A2_2_JN558100 355 (480.0)
denovo108 A113_AF184948 335 (503.0)
denovo108 A112_AF184949 336 (479.0)
denovo108 A123_EF378618 352 (330.0)
denovo108 A137_EF378621 347 (315.5)
denovo108 A11_EU449041 342 (506.5)
denovo108 A121_DQ174722 343 (496.5)
denovo108 A15b_EU792886 342 (459.5)
denovo108 A15a_EU792885 344 (473.5)
denovo108 A15c_EU792887 345 (465.0)
denovo108 A15_EU792884 342 (466.0)
denovo108 A147_EU074937 341 (484.0)
denovo108 A154_EU074860 341 (484.0)
denovo108 A146_EU074936 344 (483.0)
denovo108 A150_EU074928 346 (489.0)
denovo108 A116_AF183575 344 (482.5)
denovo108 A141_EU074931 343 (489.0)
denovo108 A5_AF333508 341 (499.0)
denovo108 A3b_EU449043 341 (493.0)
denovo108 A151_EU074925 348 (477.5)
denovo108 A152_EU074927 342 (477.5)
denovo108 A149_EU074929 341 (484.0)
denovo108 A140_EU074930 341 (475.0)
denovo108 A142_EU074932 341 (475.0)
denovo108 A143_EU074933 342 (487.0)
denovo108 A144_EU074934 341 (475.0)
denovo108 A145_EU074935 344 (483.0)
denovo108 A148_EU074938 343 (480.0)
denovo108 A155_EU074856 341 (475.0)
denovo108 A156_EU074859 341 (475.0)
denovo108 A139_EU074962 341 (475.0)
denovo108 A6_AF186058 341 (484.0)
denovo108 A3_AF333507 341 (484.0)
denovo108 A3_JN558091 341 (484.0)
denovo108 A8_AY258468 345 (458.5)
denovo108 A7_AY239360 346 (470.0)
denovo108 A16_EU792888 345 (477.0)
denovo108 A4.3_FN429763 353 (471.0)
denovo108 A120_AF180122 348 (475.0)
denovo108 A4.2_FN429761 351 (462.0)
denovo108 A4_AF333509 351 (490.0)
denovo108 A4.1_FN429760 350 (485.0)
denovo108 A4a_AF499778 354 (482.0)
denovo108 A4a.1_FN429762 354 (482.0)
denovo108 A138_EF378620 347 (433.0)
denovo108 A122_EF378619 345 (476.5)
denovo108 A126_EF378615 345 (471.0)
denovo108 A10_EU792882 345 (471.0)
denovo108 A9_EU449028 347 (478.5)
denovo108 A105_AB207202 349 (492.5)
denovo108 A119_AF180121 346 (475.0)
denovo108 A12_EU792883 349 (484.5)
denovo108 A104_AB207203 344 (488.5)
denovo108 A1a_EU449030 347 (496.5)
denovo108 A1.3_HE578976 351 (488.0)
denovo108 A1.4_HE578977 349 (492.0)
denovo108 A13_AF333504 351 (488.0)
denovo108 A13_JN558094 351 (488.0)
denovo108 A110_AB190282 355 (483.0)
denovo108 A103_AB207206 350 (487.0)
denovo108 A130_EF656428 351 (489.0)
denovo108 A127_EF656429 351 (498.0)
denovo108 A128_EF656430 351 (480.0)
denovo108 A129_EF656431 352 (491.5)
denovo108 A131_EF656432 349 (484.0)
denovo108 A118_AF180120 350 (480.0)
denovo108 A1_AF333505 351 (489.0)
denovo108 A107_AB207199 350 (495.5)
denovo108 A111_AB190280 350 (495.5)
denovo108 A108_AB207197 350 (480.5)
denovo108 A106_AB207200 350 (495.0)
denovo108 A102_AB207209 350 (495.5)
denovo108 A1.2_AB207210 350 (495.5)
denovo108 A109_AB190285 350 (495.0)
denovo108 B4_AF333510 325 (1122.0)
denovo108 B23_EU449079 311 (1204.5)
denovo108 B30_GU907644 312 (1189.0)
denovo108 B11_AY239361 312 (1299.0)
denovo108 B17_AY258470 310 (1318.5)
denovo108 B1k_GU907638 314 (697.0)
denovo108 B1.V_Green2014 317 (1276.5)
denovo108 B1b_AF499780 309 (1265.5)
denovo108 B16_AY258469 310 (1345.5)
denovo108 B31a_GU907646 310 (1327.5)
denovo108 B32_GU907647 310 (1327.5)
denovo108 B31_GU907645 310 (1336.5)
denovo108 B1j_GU907637 310 (1327.5)
denovo108 B37_GU907650 312 (1326.0)
denovo108 B5a_AF499782 310 (1327.5)
denovo108 B5_AF499781 310 (1336.5)
denovo108 B24_GU907643 310 (1177.0)
denovo108 B117_AF180124 310 (1219.0)
denovo108 B10_AF499787 310 (1327.5)
denovo108 B20_GU907642 313 (1314.0)
denovo108 B1m_GU907640 310 (1336.5)
denovo108 B34_GU907649 310 (1336.5)
denovo108 B1d_GU907633 310 (1345.5)
denovo108 B1e_GU907634 310 (1336.5)
denovo108 B1i_GU907636 310 (1336.5)
denovo108 B1g_GU907635 311 (1317.5)
denovo108 B123_EU074872 310 (1327.5)
denovo108 B8_AF499785 311 (1326.5)
denovo108 B1l_GU907639 310 (1336.5)
denovo108 B1a_AF499779 310 (1336.5)
denovo108 B14_AY239362 310 (1333.0)
denovo108 B125_EU074865 310 (1336.5)
denovo108 B122_EU074871 310 (1336.5)
denovo108 B124_EU074874 310 (1336.5)
denovo108 B1.VII_Green2014 310 (1266.5)
denovo108 B1.III_Green2014 310 (1264.5)
denovo108 B1.I_Green2014 310 (1345.5)
denovo108 B1.II_Green2014 310 (1345.5)
denovo108 B1_JN558057 310 (1345.5)
denovo108 B1_AF333511 310 (1345.5)
denovo108 B1.IV_Green2014 320 (1340.5)
denovo108 B121_EU074870 310 (1336.5)
denovo108 B7_AF499784 310 (1336.5)
denovo108 B1.VI_Green2014 311 (1295.0)
denovo108 B3_AF333514 310 (1233.0)
denovo108 B9_AF499786 310 (1242.0)
denovo108 B19a_JN558055 314 (1127.0)
denovo108 B119_EU099825 319 (1167.5)
denovo108 B21_DQ865213 309 (1244.0)
denovo108 B38_GU907651 309 (1244.0)
denovo108 B18_AY258471 310 (1260.0)
denovo108 B18a_AY258472 310 (1251.0)
denovo108 B33_GU907648 310 (1251.0)
denovo108 B6_AF499783 315 (1256.5)
denovo108 B19_DQ865212 310 (1269.0)
denovo108 B19_GU907641 310 (1269.0)
denovo108 B2_AF333512 310 (1260.0)
denovo108 B2_JN558060 310 (1260.0)
denovo108 C33.1_AY258498 335 (675.0)
denovo108 C33.2_AY765400 335 (675.0)
denovo108 C33a_EF541147 335 (675.0)
denovo108 C34_AY258499 333 (666.5)
denovo108 C78_AY765413 337 (626.0)
denovo108 C15.29_KC597690 337 (605.0)
denovo108 C1131_DQ182650 334 (615.0)
denovo108 C1135_DQ182646 333 (612.0)
denovo108 C1134_DQ182647 333 (603.5)
denovo108 C1142_DQ182635 333 (612.5)
denovo108 C1136_DQ182644 331 (595.0)
denovo108 C1111_DQ182645 331 (604.5)
denovo108 C1236_EF473656 331 (595.5)
denovo108 C1138_DQ182642 327 (611.0)
denovo108 C1137_DQ182643 331 (595.5)
denovo108 C1133_DQ182648 331 (595.5)
denovo108 C1132_DQ182649 330 (610.5)
denovo108 C1143_DQ182634 331 (604.5)
denovo108 C1139_DQ182639 333 (612.5)
denovo108 C15.28_KC597687 333 (666.5)
denovo108 C1141_DQ182636 333 (639.0)
denovo108 C1144_DQ182637 333 (639.0)
denovo108 C1122_DQ182654 333 (639.5)
denovo108 C1127_DQ182652 330 (639.5)
denovo108 C15.30_JX394114 338 (644.5)
denovo108 C15.26_KC597686 334 (642.0)
denovo108 C1086_DQ182656 335 (645.0)
denovo108 C15.25_KC597685 335 (654.0)
denovo108 C1118_AF180127 330 (600.0)
denovo108 C1129_DQ182651 335 (608.5)
denovo108 C15.21_KC597683 335 (628.0)
denovo108 C56_AY589760 332 (636.0)
denovo108 C1140_DQ182638 335 (635.0)
denovo108 C1126_DQ182653 335 (626.0)
denovo108 C15c_AY258492 336 (656.5)
denovo108 C15d_AY258493 335 (663.0)
denovo108 C1098_DQ182641 334 (658.5)
denovo108 C15.27_KC597689 335 (645.0)
denovo108 C15.18_HE579024 334 (642.0)
denovo108 C15.16_HE579022 335 (663.5)
denovo108 C1101_AB253787 335 (636.0)
denovo108 C1083_AY237300 335 (645.0)
denovo108 C1088_DQ182640 335 (643.5)
denovo108 C15.6_FN563472 336 (648.5)
denovo108 C15.5_FJ461512 338 (645.0)
denovo108 C15.4_FJ461511 338 (654.0)
denovo108 C15.13_HE579019 336 (638.5)
denovo108 C15.12_HE579018 335 (645.0)
denovo108 C93a_AM748563 331 (669.5)
denovo108 C1094_AJ291514 331 (651.5)
denovo108 C93_AM748562 331 (660.5)
denovo108 C15.17_HE579023 331 (636.5)
denovo108 C15e_AY589742 337 (653.5)
denovo108 C15.22_KC597695 335 (663.0)
denovo108 C60_AY589764 335 (662.5)
denovo108 C15.1_FJ461508 335 (645.0)
denovo108 C15.2_FJ461509 335 (663.0)
denovo108 C15.9_FN563475 335 (662.5)
denovo108 C15.7_HE579015 334 (659.5)
denovo108 C15.8_HE579016 335 (645.0)
denovo108 C15.15_HE579021 335 (645.0)
denovo108 C15.19_HE579025 335 (654.0)
denovo108 C15.24_KC597696 335 (638.5)
denovo108 C15.3_FJ461510 337 (668.5)
denovo108 C1087_DQ182655 335 (654.0)
denovo108 C15.14_HE579020 336 (644.5)
denovo108 C15.23_KC597697 336 (644.5)
denovo108 C19_AY258479 331 (663.5)
denovo108 C1233_EU118166 335 (647.5)
denovo108 C15b_AY258491 335 (645.0)
denovo108 C15a_AY258476 337 (659.5)
denovo108 C1051_AF195153 335 (663.0)
denovo108 C2_AF333518 336 (662.0)
denovo108 C15.20_HE579026 336 (653.5)
denovo108 C15f_AY589743 332 (650.5)
denovo108 C55_AY589759 340 (654.0)
denovo108 C15_AY239369 335 (654.0)
denovo108 C32.1_JF683335 334 (612.0)
denovo108 C32.2_JF683336 334 (612.0)
denovo108 C21.23_KC597693 334 (612.0)
denovo108 C1193_EU099827 339 (651.5)
denovo108 C1195_EU099821 339 (630.5)
denovo108 C3q_GU907655 342 (613.5)
denovo108 C53_AY589758 340 (632.5)
denovo108 C73_AY765408 345 (638.5)
denovo108 C17.2.1_KC597684 332 (614.0)
denovo108 C32_AY258497 338 (622.0)
denovo108 C1189_EU099831 338 (623.5)
denovo108 C1191_EU099833 337 (630.0)
denovo108 C1196_EU099819 341 (609.0)
denovo108 C1192_EU099820 339 (608.5)
denovo108 C17.1_JF683322 335 (624.0)
denovo108 C26_b2_FN827164 332 (630.0)
denovo108 C26_b3_FN827165 333 (626.0)
denovo108 C31.9_HQ630879 333 (617.0)
denovo108 C31a_AY589746 333 (616.0)
denovo108 C30_AY589745 333 (613.5)
denovo108 C31.1_HQ630876 333 (613.5)
denovo108 C31.5_HQ630877 331 (625.5)
denovo108 C31.6_HQ630878 333 (622.5)
denovo108 C31.2_JF683332 333 (622.5)
denovo108 C31.3_JF683333 333 (613.5)
denovo108 C26/C35a_AY239378 333 (617.0)
denovo108 C35a_AY258501 333 (617.0)
denovo108 C35.2_AY258500 333 (623.5)
denovo108 C26_b1_FN827163 333 (623.5)
denovo108 C17_AY239370 338 (623.5)
denovo108 C17.2_FJ461513 333 (629.5)
denovo108 C31.10_HQ630880 333 (626.0)
denovo108 C31.4_JF683334 337 (611.0)
denovo108 C31_AY258496 333 (622.5)
denovo108 C25_AY239377 334 (665.0)
denovo108 C61_AY589765 335 (611.0)
denovo108 C1043_DQ072721 338 (612.5)
denovo108 C79_AY765414 340 (631.0)
denovo108 C69_AY589773 328 (632.0)
denovo108 C69a_AY686648 328 (625.5)
denovo108 C21.22_KC597692 336 (600.0)
denovo108 C51_AY589756 338 (636.5)
denovo108 C1aa_HM185739 333 (649.5)
denovo108 C1096_DQ068023 335 (633.0)
denovo108 C74_AY765409 339 (661.5)
denovo108 C1185_AB294629 342 (661.0)
denovo108 C1184_AB294630 341 (658.0)
denovo108 C1153_AB294625 341 (658.0)
denovo108 C1154_AB294626 340 (673.5)
denovo108 C1187_AB294627 341 (658.0)
denovo108 C1186_AB294628 341 (658.0)
denovo108 C57_AY589761 341 (667.0)
denovo108 C66_AY589771 341 (667.0)
denovo108 C5_AF499795 336 (648.0)
denovo108 C1167_AB294586 336 (648.0)
denovo108 C1164_AB294593 336 (648.0)
denovo108 C1183_AB294631 337 (668.5)
denovo108 C1067_DQ335381 338 (644.5)
denovo108 C1159_AB294613 330 (654.5)
denovo108 C1150_AB294622 330 (663.5)
denovo108 C90_AM748554 337 (671.0)
denovo108 C1168_AB294583 336 (657.0)
denovo108 C1156_AB294616 336 (675.0)
denovo108 C1151_AB294621 336 (675.0)
denovo108 C92a_AM748561 336 (675.0)
denovo108 C92_AM748560 336 (666.0)
denovo108 C1165_AB294581 336 (657.0)
denovo108 C1166_AB294584 336 (675.0)
denovo108 C1162_AB294594 336 (657.0)
denovo108 C1163_AB294596 331 (670.0)
denovo108 C1161_AB294606 336 (666.0)
denovo108 C1160_AB294608 340 (658.5)
denovo108 C1158_AB294614 336 (675.0)
denovo108 C1155_AB294617 336 (657.0)
denovo108 C1149_AB294620 336 (666.0)
denovo108 C1173_AB294662 336 (675.0)
denovo108 C1171_AB294663 336 (657.0)
denovo108 C1172_AB294665 336 (657.0)
denovo108 C91a_AM748556 336 (675.0)
denovo108 C91b_AM748557 336 (666.0)
denovo108 C91d_AM748559 335 (663.5)
denovo108 C91c_AM748558 335 (663.5)
denovo108 C91_AJ621543 336 (666.0)
denovo108 C91_AM748555 336 (666.0)
denovo108 C1023_DQ335330 320 (616.0)
denovo108 C1020_DQ335392 337 (659.5)
denovo108 C1018_DQ335408 338 (653.5)
denovo108 C1074_DQ335329 338 (644.5)
denovo108 C1030_DQ335353 338 (644.5)
denovo108 C1022_DQ335331 338 (644.5)
denovo108 C1027_DQ335360 335 (662.5)
denovo108 C1072_DQ335344 338 (644.5)
denovo108 C1039_AB190274 338 (653.5)
denovo108 C1033_DQ335350 343 (641.5)
denovo108 C1019_DQ335407 338 (653.5)
denovo108 C1194_EU099826 339 (641.0)
denovo108 C8b_AY258475 338 (628.5)
denovo108 C8_AY239367 341 (643.5)
denovo108 C8a_AY239368 338 (652.5)
denovo108 C54a_AY765406 338 (656.0)
denovo108 C3ff_HM185740 338 (665.0)
denovo108 C59_AY589763 341 (635.5)
denovo108 C3k_AY589737 335 (654.0)
denovo108 C3.24_HE579012 334 (660.5)
denovo108 C3.23_HE579011 335 (654.0)
denovo108 C35.1_AY765401 340 (659.0)
denovo108 C35.3_EF541145 338 (653.0)
denovo108 C76_AY765411 338 (653.0)
denovo108 C1107_DQ335359 334 (636.5)
denovo108 C3.22_HE579010 341 (627.5)
denovo108 C77_AY765412 339 (653.5)
denovo108 C20_AY239371 336 (656.5)
denovo108 C1055_DQ480640 336 (644.0)
denovo108 C27/C30_AY239379 333 (623.0)
denovo108 C27.1_FJ461517 333 (614.0)
denovo108 C40a_AY589747 341 (652.0)
denovo108 C40_AY258485 341 (652.0)
denovo108 C40b_AY589748 349 (644.5)
denovo108 C16_AY258477 340 (649.5)
denovo108 C16a_AY765399 340 (649.5)
denovo108 C1091_AB207186 333 (657.5)
denovo108 C1102_DQ335400 333 (639.5)
denovo108 C1069_DQ335375 337 (650.5)
denovo108 C1073_DQ335332 333 (648.5)
denovo108 C1066_DQ335382 330 (640.0)
denovo108 C1031_DQ335352 335 (663.0)
denovo108 C1026_DQ335366 340 (659.0)
denovo108 C70_AY589774 333 (666.5)
denovo108 C1082_AB190267 333 (648.5)
denovo108 C1078_AB190271 333 (666.0)
denovo108 C1090_AB207191 333 (657.5)
denovo108 C1071_DQ335302 333 (657.5)
denovo108 C1075_DQ335328 333 (657.5)
denovo108 C1068_DQ335379 333 (648.5)
denovo108 C1064_DQ335395 333 (648.5)
denovo108 C1063_DQ335403 333 (666.5)
denovo108 C62_AY589766 333 (657.5)
denovo108 C1077_DQ335316 333 (663.0)
denovo108 C1109_DQ335338 333 (648.5)
denovo108 C1110_DQ335340 333 (639.5)
denovo108 C1106_DQ335339 333 (639.5)
denovo108 C1112_DQ335319 333 (648.5)
denovo108 C1108_DQ335351 333 (639.5)
denovo108 C1105_DQ335394 333 (648.5)
denovo108 C1121_DQ335378 335 (645.5)
denovo108 C1116_AB190268 335 (654.5)
denovo108 C1115_AB190273 335 (654.5)
denovo108 C1124_DQ335323 333 (630.5)
denovo108 C1120_DQ335398 333 (630.5)
denovo108 C1119_DQ335404 333 (639.5)
denovo108 C1123_DQ335363 333 (639.5)
denovo108 C1004_DQ480635 338 (653.0)
denovo108 C1061_AY186568 338 (644.0)
denovo108 C1053_AY186569 338 (653.0)
denovo108 C1003_DQ480639 338 (653.0)
denovo108 C81_GU907657 326 (626.0)
denovo108 C22_AY239373 333 (655.5)
denovo108 C22a_AY239374 336 (647.0)
denovo108 C1232_EU118163 339 (647.0)
denovo108 C21.13_FJ461515 337 (630.0)
denovo108 C21.1_JF683323 336 (618.0)
denovo108 C21.3_JF683325 338 (632.5)
denovo108 C1.20_HE578993 338 (644.5)
denovo108 C1.22_HE578995 338 (635.5)
denovo108 C52_AY589757 332 (667.0)
denovo108 C1201_EU099793 339 (626.0)
denovo108 C14_AY589741 339 (652.5)
denovo108 C43_AY589749 339 (658.5)
denovo108 C50_AY589755 338 (653.5)
denovo108 C3.14_HQ630872 337 (659.0)
denovo108 C1m_AY765398 333 (675.5)
denovo108 C82_GU907658 331 (669.0)
denovo108 C82b_GU907660 331 (669.0)
denovo108 C64_AY589768 335 (662.0)
denovo108 C45a_AY765404 338 (661.5)
denovo108 C48_AY589753 338 (674.0)
denovo108 C1_v1b_FJ919244 338 (644.5)
denovo108 C1_v1a_FJ919243 338 (653.5)
denovo108 C3j_AY239366 339 (648.0)
denovo108 C3t_EF541149 341 (661.5)
denovo108 C9_AF499798 335 (663.0)
denovo108 C23_AY239375 336 (675.0)
denovo108 C37_AY258481 335 (653.0)
denovo108 C1048_DQ068026 341 (652.5)
denovo108 C21.4_JF683326 338 (623.5)
denovo108 C21.5_JF683327 338 (623.5)
denovo108 C1070_DQ335349 338 (662.5)
denovo108 C21.6_HQ630873 338 (641.5)
denovo108 C1224_EU074890 338 (671.5)
denovo108 C1.17_HE578990 338 (671.5)
denovo108 C21_b1_FN827162 338 (623.5)
denovo108 C21.9_JF683330 338 (632.5)
denovo108 C1085_AY624605 333 (657.5)
denovo108 C3p_GU907654 338 (638.5)
denovo108 C3f_AY589734 338 (662.5)
denovo108 C65a_AY589770 336 (659.0)
denovo108 C65_AY589769 336 (665.5)
denovo108 C71_AY589775 336 (656.5)
denovo108 C71a_AY589776 336 (665.5)
denovo108 C1178_AB294647 337 (645.0)
denovo108 C1225_EU074893 335 (672.0)
denovo108 C75_AY765410 337 (660.0)
denovo108 C21.10_JF683331 337 (629.5)
denovo108 C21.11_HQ630874 337 (629.5)
denovo108 C1065_DQ335388 338 (662.5)
denovo108 C1045_DQ068036 338 (671.5)
denovo108 C1h_AY258473 337 (659.0)
denovo108 C38_AY258482 337 (650.0)
denovo108 C1202_EU099799 337 (659.0)
denovo108 C7_AF499797 337 (659.0)
denovo108 C12_AF499801 339 (648.5)
denovo108 C38a_AY258483 336 (661.5)
denovo108 C1200_EU099800 325 (658.5)
denovo108 C44a_AY589751 338 (662.0)
denovo108 C47_AY589752 341 (670.5)
denovo108 C44_AY589750 341 (661.5)
denovo108 C1.15_HE578988 338 (653.5)
denovo108 C45.3_FJ461522 341 (652.5)
denovo108 C46a_AY765405 341 (652.5)
denovo108 C46_EU449108 341 (661.5)
denovo108 C3.12_FJ461507 341 (661.5)
denovo108 C1k_AY589733 341 (652.5)
denovo108 C67_AY686647 340 (658.5)
denovo108 C82a_GU907659 336 (665.5)
denovo108 C10a_AY589739 341 (661.5)
denovo108 C10_AF499799 341 (652.5)
denovo108 C13_AY589740 340 (655.5)
denovo108 C4_AF499794 341 (652.5)
denovo108 C1147_EF656433 341 (652.5)
denovo108 C1c/C45_AY239364 341 (661.5)
denovo108 C1c/C45_EU449103 341 (661.5)
denovo108 C21.19_HE579031 334 (629.5)
denovo108 C21.21_HE579033 334 (620.5)
denovo108 C21.20_HE579032 334 (629.5)
denovo108 C42b_AY765403 339 (649.5)
denovo108 C42_AY258487 339 (658.5)
denovo108 C1p_GU907652 338 (656.0)
denovo108 C1d_AY258488 341 (646.0)
denovo108 C42_AY765402 341 (655.0)
denovo108 C3ha_AY589736 338 (623.5)
denovo108 C63a_AY589767 333 (629.5)
denovo108 C21a_AY589744 338 (632.5)
denovo108 C3o_GU907653 337 (629.5)
denovo108 C21.16_HQ630875 338 (623.5)
denovo108 C21.2_JF683324 338 (623.5)
denovo108 C21.7_JF683328 337 (630.0)
denovo108 C21.8_JF683329 338 (632.5)
denovo108 C3h_AY239365 338 (623.5)
denovo108 C1203_EU099798 338 (623.5)
denovo108 C3.10_FJ461505 338 (671.5)
denovo108 C21.14_FJ461516 338 (641.5)
denovo108 C21.18_HE579030 333 (634.0)
denovo108 C3.17_HE579005 338 (653.5)
denovo108 C3.9_FJ461504 337 (648.0)
denovo108 C3.8_FJ461503 338 (662.5)
denovo108 C3.7_FJ461502 338 (653.5)
denovo108 C3.11_FJ461506 340 (669.0)
denovo108 C3.18_HE579006 338 (662.5)
denovo108 C3.19_HE579007 338 (653.5)
denovo108 C3.20_HE579008 338 (653.5)
denovo108 C3g_AY589735 341 (645.5)
denovo108 C3a_AF499790 336 (666.0)
denovo108 C3e_AF499793 338 (653.5)
denovo108 C6_AF499796 340 (677.5)
denovo108 C11_AF499800 338 (653.5)
denovo108 C36_AY258480 338 (671.5)
denovo108 C29_AY258494 338 (671.5)
denovo108 C1146_EF656434 340 (660.0)
denovo108 C1190_EU099841 338 (671.5)
denovo108 C131_JF320826 338 (653.5)
denovo108 C28_AY239380 337 (671.0)
denovo108 C1012_DQ480604 338 (662.5)
denovo108 C1181_AB294640 338 (638.5)
denovo108 C1180_AB294641 338 (656.5)
denovo108 C1179_AB294645 336 (642.0)
denovo108 C1176_AB294651 336 (651.0)
denovo108 C1175_AB294653 338 (638.5)
denovo108 C1174_AB294655 338 (647.0)
denovo108 C1177_AB294659 338 (647.5)
denovo108 C1040_AB190269 333 (657.5)
denovo108 C1182_AB294649 338 (653.5)
denovo108 C1089_AJ278598 338 (653.5)
denovo108 C1028_DQ335357 340 (668.5)
denovo108 C3.16_EU786015 338 (671.5)
denovo108 C1097_AJ311943 337 (647.0)
denovo108 C1170_AB294661 338 (647.5)
denovo108 C21.17_HE579029 338 (643.5)
denovo108 C21/3d/C3k_AY239372 338 (632.5)
denovo108 C58_AY589762 338 (638.0)
denovo108 C3L_AY589738 340 (655.5)
denovo108 C1169_AB294660 338 (647.5)
denovo108 C3.2_FJ461497 338 (656.5)
denovo108 C3.1_JF683321 335 (657.5)
denovo108 C1104_AF427469 339 (652.5)
denovo108 C3b_AF499791 337 (663.0)
denovo108 C83_GU907661 338 (665.0)
denovo108 C49_AY589754 366 (673.5)
denovo108 C3_AB778606 338 (662.5)
denovo108 C3_AF499789 338 (662.5)
denovo108 C3_HE579001 338 (662.5)
denovo108 C21.12_FJ461514 338 (632.5)
denovo108 C1229_EU074888 334 (655.0)
denovo108 C1230_EU074889 334 (664.0)
denovo108 C1114_AB207196 338 (644.5)
denovo108 C3.21_HE579009 338 (584.5)
denovo108 C1057_DQ480619 338 (653.5)
denovo108 C72_AY765407 335 (653.5)
denovo108 C1b.3_HE578999 338 (647.5)
denovo108 C93_AJ621536 338 (653.5)
denovo108 C94_AJ621539 338 (653.5)
denovo108 C1g_AY589730 338 (671.5)
denovo108 C1i_AY589731 330 (658.0)
denovo108 C1j_AY589732 340 (668.5)
denovo108 C1005_DQ480633 338 (653.5)
denovo108 C1.7_FJ461494 338 (653.5)
denovo108 C1.11_HE578984 333 (657.0)
denovo108 C1.12_HE578985 338 (653.5)
denovo108 C1.13_HE578986 338 (662.5)
denovo108 C1.14_HE578987 338 (662.5)
denovo108 C1.18_HE578991 338 (653.5)
denovo108 C1.19_HE578992 338 (653.5)
denovo108 C1199_EU099802 335 (639.0)
denovo108 C1188_EU099838 335 (654.0)
denovo108 C1002_DQ838544 338 (662.5)
denovo108 C1198_EU099810 338 (653.5)
denovo108 C24_AY239376 338 (653.5)
denovo108 C1f_AY258490 338 (662.5)
denovo108 C1006_DQ480629 338 (671.5)
denovo108 C1010_DQ480607 338 (653.5)
denovo108 C1007_DQ480624 338 (653.5)
denovo108 C1011_DQ480605 338 (653.5)
denovo108 C1009_DQ480608 338 (653.5)
denovo108 C1041_AY186548 338 (662.5)
denovo108 C1052_AY186570 338 (653.5)
denovo108 C1148_EU040178 338 (662.5)
denovo108 C1234_EU118165 338 (668.0)
denovo108 C1.5_EF634157 338 (662.5)
denovo108 C1059_DQ480609 338 (653.5)
denovo108 C1228_EU074883 338 (653.5)
denovo108 C1208_EU074963 338 (653.5)
denovo108 C1207_EU074964 338 (662.5)
denovo108 C1206_EU074965 338 (653.5)
denovo108 C1013_DQ480642 338 (653.5)
denovo108 C80_GU907656 345 (648.0)
denovo108 C1a_AF499788 335 (654.0)
denovo108 C41_AY258486 338 (662.5)
denovo108 C39_AY258484 323 (658.0)
denovo108 C1231_EU074878 338 (653.5)
denovo108 C1b.1_HE578997 338 (647.5)
denovo108 C18_AY258478 338 (662.5)
denovo108 C1.10_HE578983 337 (656.5)
denovo108 C1_JN558041 338 (662.5)
denovo108 C1_HE578979 338 (662.5)
denovo108 C1_AM748551 338 (662.5)
denovo108 C1_AF333515 338 (662.5)
denovo108 C1054_AY186565 337 (666.0)
denovo108 C1008_DQ480613 338 (653.5)
denovo108 C1103_AF427470 339 (652.5)
denovo108 C1226_EU074881 338 (659.0)
denovo108 C1b/C1e_AY239363 338 (656.5)
denovo108 C1044_DQ068038 338 (647.5)
denovo108 C1017_DQ174729 339 (646.5)
denovo108 C1.6_FJ461493 338 (671.5)
denovo108 C1b.2_HE578998 338 (647.5)
denovo108 C1060_DQ480600 338 (653.5)
denovo108 C1227_EU074882 338 (653.5)
denovo108 C1197_EU099814 338 (653.5)
denovo108 C1130_DQ480643 338 (576.5)
denovo108 D109_AB097465 363 (465.0)
denovo108 D1.11_HE579040 360 (474.5)
denovo108 D105_AF174570 361 (469.0)
denovo108 D104_AF174572 360 (465.5)
denovo108 D1.3_JF683337 361 (468.0)
denovo108 D1.10_HE579039 360 (465.5)
denovo108 D110_AF174561 360 (465.5)
denovo108 D117_AF174542 360 (465.5)
denovo108 D114_AF174549 360 (474.5)
denovo108 D113_AF174557 360 (465.5)
denovo108 D112_AF174558 362 (472.0)
denovo108 D106_AF174559 360 (474.5)
denovo108 D111_AF174560 360 (474.0)
denovo108 D115_AF174562 360 (465.5)
denovo108 D107_AF174568 359 (472.0)
denovo108 D116_AF174571 360 (483.5)
denovo108 D124_EU074897 354 (474.5)
denovo108 D1.8_HE579037 362 (472.0)
denovo108 D3_AY686650 360 (465.5)
denovo108 D1.6_HQ630881 360 (465.5)
denovo108 D120_EU074900 362 (471.0)
denovo108 D121_EU074904 360 (474.5)
denovo108 D122_EU074905 360 (465.5)
denovo108 D1a.2_JF683339 366 (466.5)
denovo108 D1a.1_JF683338 354 (474.5)
denovo108 D2_AY686649 593 (541.0)
denovo108 D4_DQ865214 363 (471.5)
denovo108 D1a_AF499802 360 (474.5)
denovo108 D1a_JN558078 360 (474.5)
denovo108 D123_EU074895 360 (474.5)
denovo108 D108_AF174567 358 (477.0)
denovo108 D103_AF174575 360 (474.5)
denovo108 D100_AF411415 356 (471.5)
denovo108 D118_EF656435 354 (483.5)
denovo108 D101_AF411416 356 (456.5)
denovo108 D119_EU099832 359 (465.0)
denovo108 D102_AF174573 359 (475.0)
denovo108 D1_AF334660 360 (474.5)
denovo108 D1_JN558076 360 (474.5)
denovo108 D1.12_HE579041 343 (470.0)
denovo108 D1.1_AM748564 420 (511.0)
denovo108 D1.2_AM748617 452 (488.5)
denovo108 E111_EU074915 351 (466.0)
denovo108 E110_EU074914 362 (464.5)
denovo108 E114_EU074909 363 (449.0)
denovo108 E1_AF334659 363 (454.5)
denovo108 E105_EU074921 362 (464.5)
denovo108 E112_EU074916 362 (446.5)
denovo108 E104_EU074922 349 (453.0)
denovo108 E102_EU074924 362 (446.5)
denovo108 E103_EU074923 362 (455.5)
denovo108 E101_AY160123 367 (430.0)
denovo108 E109_EU074913 356 (474.5)
denovo108 E100_DQ011618 359 (481.5)
denovo108 E108_EU074912 362 (472.5)
denovo108 E113_EU074908 358 (482.5)
denovo108 E107_EU074910 362 (472.5)
denovo108 F1_JN558066 329 (639.0)
denovo108 F5.2d_AJ291530 327 (661.0)
denovo108 F104_AJ291531 327 (661.0)
denovo108 F5.2c_AM748596 330 (661.0)
denovo108 F5.2_AM748594 332 (657.0)
denovo108 F5.2a_AM748614 332 (657.0)
denovo108 F5.2b_AM748595 332 (657.0)
denovo108 F5.2e_AJ291533 328 (637.5)
denovo108 F5.2g_JN558072 335 (664.0)
denovo108 F5.2f_AJ291512 330 (650.5)
denovo108 F102_AJ291534 333 (659.0)
denovo108 F5.1c_AM748593 331 (681.0)
denovo108 F5.1d_JN558069 332 (638.0)
denovo108 F5.1b_AJ291535 330 (669.0)
denovo108 F5.1_AM748592 331 (663.0)
denovo108 F5.1a_AM748591 330 (669.0)
denovo108 F110_AJ291526 318 (732.0)
denovo108 F4.7_AM748587 319 (711.0)
denovo108 F4.5_AM748585 331 (714.5)
denovo108 F4.4a_AM748583 323 (736.5)
denovo108 F4.4_AM748582 330 (736.5)
denovo108 F4.4b_AM748584 321 (746.5)
denovo108 F4.1a_AM748573 322 (687.5)
denovo108 F112_AJ291528 320 (683.5)
denovo108 F4.1_AM748572 320 (683.5)
denovo108 F4.8b_AM748590 319 (742.5)
denovo108 F4.8_AM748588 319 (734.0)
denovo108 F4.8a_AM748589 319 (734.0)
denovo108 F109_AJ291527 325 (738.5)
denovo108 F4.6_AM748586 319 (690.0)
denovo108 F111_AJ311949 323 (716.0)
denovo108 F4.3c_AM748581 324 (719.0)
denovo108 F4.3a_AM748579 326 (725.5)
denovo108 F4.3b_AM748580 327 (718.5)
denovo108 F4.3_AM748578 327 (718.5)
denovo108 F4.2_AM748574 319 (744.0)
denovo108 F4.2a_AM748575 319 (720.5)
denovo108 F4.2c_AM748577 319 (717.0)
denovo108 F4.2b_AM748576 319 (729.5)
denovo108 F2b_AJ291521 338 (672.0)
denovo108 F2_AJ830908 337 (696.0)
denovo108 F2a_AJ830911 337 (691.5)
denovo108 F3.1a_AM748566 346 (661.5)
denovo108 F114_AJ291525 346 (671.0)
denovo108 F3.1_AM748565 346 (671.0)
denovo108 F3.2_AM748567 354 (683.5)
denovo108 F3.2a_AM748568 354 (686.0)
denovo108 F3.3_AM748569 343 (666.5)
denovo108 F3.4a_AM748571 351 (626.5)
denovo108 F3.4_AM748570 347 (632.5)
denovo108 F3.4b_AM748616 347 (632.5)
denovo108 G101_AJ291539 370 (503.0)
denovo108 G1_AM748597 370 (503.0)
denovo108 G2b_JN558087 378 (492.0)
denovo108 G2_AM748598 379 (486.5)
denovo108 G2a_AM748599 377 (480.0)
denovo108 G4_AM748601 359 (522.0)
denovo108 G3.4_LK392378 360 (473.0)
denovo108 G3_AM748600 364 (501.0)
denovo108 G3.2_KC597694 355 (434.5)
denovo108 G3.1_KC597688 365 (494.0)
denovo108 G100_AB253788 361 (482.0)
denovo108 G3.3_LK392377 365 (485.0)
denovo108 H6_AJ291520 630 (326.5)
denovo108 H3_AM748606 326 (547.5)
denovo108 H2_AM748605 332 (564.5)
denovo108 H4_AM748607 336 (551.5)
denovo108 H4a_AM748608 336 (548.5)
denovo108 H5a_AM748611 334 (529.0)
denovo108 H5b_AM748610 337 (527.5)
denovo108 H5_AJ621129 334 (529.0)
denovo108 H5_AM748609 334 (529.0)
denovo108 H100_AJ291513 336 (524.0)
denovo108 H1b_AM748604 333 (528.5)
denovo108 H1a_AM748612 336 (528.0)
denovo108 H1_AJ621152 336 (528.0)
denovo108 H1_AM748602 336 (528.0)
denovo108 I3_FN561561 339 (711.0)
denovo108 I4_FN561562 339 (711.0)
denovo108 I1_FN561559 339 (701.5)
denovo108 I2_FN561560 342 (710.5)

#---------------------------------------
#---------------------------------------
