denovo111 A136_DQ865210 330 (437.0)
denovo111 A133_DQ174725 331 (390.5)
denovo111 A115_AF180123 346 (396.5)
denovo111 A117_AF201746 336 (418.5)
denovo111 A134_DQ174723 344 (416.5)
denovo111 A114_AF184941 336 (418.5)
denovo111 A135_DQ174727 344 (407.0)
denovo111 A2_AF333506 351 (398.5)
denovo111 A101_AF427468 344 (398.0)
denovo111 A2_1_JN558097 344 (398.0)
denovo111 A2_2_JN558100 344 (398.0)
denovo111 A113_AF184948 337 (404.5)
denovo111 A112_AF184949 339 (391.5)
denovo111 A123_EF378618 334 (279.0)
denovo111 A137_EF378621 319 (335.5)
denovo111 A11_EU449041 351 (403.5)
denovo111 A121_DQ174722 334 (408.0)
denovo111 A15b_EU792886 339 (373.0)
denovo111 A15a_EU792885 332 (389.0)
denovo111 A15c_EU792887 342 (382.0)
denovo111 A15_EU792884 339 (382.0)
denovo111 A147_EU074937 343 (406.0)
denovo111 A154_EU074860 344 (398.0)
denovo111 A146_EU074936 343 (395.0)
denovo111 A150_EU074928 343 (404.0)
denovo111 A116_AF183575 344 (397.5)
denovo111 A141_EU074931 343 (404.0)
denovo111 A5_AF333508 339 (406.5)
denovo111 A3b_EU449043 344 (398.0)
denovo111 A151_EU074925 344 (397.0)
denovo111 A152_EU074927 344 (398.0)
denovo111 A149_EU074929 344 (398.0)
denovo111 A140_EU074930 344 (389.0)
denovo111 A142_EU074932 344 (389.0)
denovo111 A143_EU074933 343 (403.5)
denovo111 A144_EU074934 344 (389.0)
denovo111 A145_EU074935 347 (398.0)
denovo111 A148_EU074938 346 (394.0)
denovo111 A155_EU074856 343 (393.0)
denovo111 A156_EU074859 344 (389.0)
denovo111 A139_EU074962 344 (398.0)
denovo111 A6_AF186058 344 (398.0)
denovo111 A3_AF333507 344 (398.0)
denovo111 A3_JN558091 344 (398.0)
denovo111 A8_AY258468 323 (379.0)
denovo111 A7_AY239360 330 (382.0)
denovo111 A16_EU792888 344 (380.0)
denovo111 A4.3_FN429763 326 (393.0)
denovo111 A120_AF180122 317 (394.0)
denovo111 A4.2_FN429761 316 (377.5)
denovo111 A4_AF333509 321 (403.5)
denovo111 A4.1_FN429760 319 (404.5)
denovo111 A4a_AF499778 328 (397.5)
denovo111 A4a.1_FN429762 328 (397.5)
denovo111 A138_EF378620 338 (385.0)
denovo111 A122_EF378619 337 (394.0)
denovo111 A126_EF378615 336 (395.0)
denovo111 A10_EU792882 336 (395.0)
denovo111 A9_EU449028 329 (403.5)
denovo111 A105_AB207202 329 (412.5)
denovo111 A119_AF180121 316 (406.0)
denovo111 A12_EU792883 329 (412.0)
denovo111 A104_AB207203 329 (403.0)
denovo111 A1a_EU449030 329 (421.5)
denovo111 A1.3_HE578976 336 (406.5)
denovo111 A1.4_HE578977 329 (412.5)
denovo111 A13_AF333504 329 (411.5)
denovo111 A13_JN558094 329 (411.5)
denovo111 A110_AB190282 327 (412.0)
denovo111 A103_AB207206 329 (421.5)
denovo111 A130_EF656428 329 (412.5)
denovo111 A127_EF656429 329 (421.5)
denovo111 A128_EF656430 329 (403.5)
denovo111 A129_EF656431 330 (415.0)
denovo111 A131_EF656432 329 (403.5)
denovo111 A118_AF180120 333 (417.5)
denovo111 A1_AF333505 329 (412.5)
denovo111 A107_AB207199 329 (421.0)
denovo111 A111_AB190280 329 (421.0)
denovo111 A108_AB207197 336 (391.0)
denovo111 A106_AB207200 329 (411.5)
denovo111 A102_AB207209 329 (412.0)
denovo111 A1.2_AB207210 329 (412.0)
denovo111 A109_AB190285 329 (411.5)
denovo111 B4_AF333510 320 (1013.0)
denovo111 B23_EU449079 306 (1177.0)
denovo111 B30_GU907644 306 (1159.0)
denovo111 B11_AY239361 308 (1174.5)
denovo111 B17_AY258470 306 (1167.0)
denovo111 B1k_GU907638 284 (669.5)
denovo111 B1.V_Green2014 313 (1134.0)
denovo111 B1b_AF499780 305 (1132.0)
denovo111 B16_AY258469 306 (1185.0)
denovo111 B31a_GU907646 306 (1194.0)
denovo111 B32_GU907647 306 (1194.0)
denovo111 B31_GU907645 306 (1203.0)
denovo111 B1j_GU907637 306 (1185.0)
denovo111 B37_GU907650 308 (1174.5)
denovo111 B5a_AF499782 306 (1194.0)
denovo111 B5_AF499781 306 (1203.0)
denovo111 B24_GU907643 283 (1136.0)
denovo111 B117_AF180124 305 (1092.0)
denovo111 B10_AF499787 306 (1176.0)
denovo111 B20_GU907642 308 (1159.5)
denovo111 B1m_GU907640 306 (1185.0)
denovo111 B34_GU907649 306 (1185.0)
denovo111 B1d_GU907633 306 (1185.0)
denovo111 B1e_GU907634 306 (1185.0)
denovo111 B1i_GU907636 306 (1185.0)
denovo111 B1g_GU907635 307 (1166.0)
denovo111 B123_EU074872 306 (1176.0)
denovo111 B8_AF499785 307 (1175.0)
denovo111 B1l_GU907639 306 (1185.0)
denovo111 B1a_AF499779 306 (1185.0)
denovo111 B14_AY239362 307 (1175.0)
denovo111 B125_EU074865 306 (1185.0)
denovo111 B122_EU074871 306 (1194.0)
denovo111 B124_EU074874 306 (1185.0)
denovo111 B1.VII_Green2014 295 (1190.5)
denovo111 B1.III_Green2014 306 (1113.0)
denovo111 B1.I_Green2014 306 (1194.0)
denovo111 B1.II_Green2014 306 (1194.0)
denovo111 B1_JN558057 306 (1194.0)
denovo111 B1_AF333511 306 (1194.0)
denovo111 B1.IV_Green2014 316 (1188.0)
denovo111 B121_EU074870 306 (1185.0)
denovo111 B7_AF499784 306 (1185.0)
denovo111 B1.VI_Green2014 307 (1125.0)
denovo111 B3_AF333514 305 (1205.0)
denovo111 B9_AF499786 305 (1223.0)
denovo111 B19a_JN558055 305 (1087.0)
denovo111 B119_EU099825 314 (1103.5)
denovo111 B21_DQ865213 305 (1191.5)
denovo111 B38_GU907651 305 (1191.5)
denovo111 B18_AY258471 305 (1223.0)
denovo111 B18a_AY258472 305 (1214.0)
denovo111 B33_GU907648 305 (1223.0)
denovo111 B6_AF499783 310 (1219.5)
denovo111 B19_DQ865212 305 (1241.0)
denovo111 B19_GU907641 305 (1241.0)
denovo111 B2_AF333512 305 (1232.0)
denovo111 B2_JN558060 305 (1232.0)
denovo111 C33.1_AY258498 333 (508.0)
denovo111 C33.2_AY765400 333 (508.0)
denovo111 C33a_EF541147 333 (508.0)
denovo111 C34_AY258499 326 (506.0)
denovo111 C78_AY765413 323 (505.0)
denovo111 C15.29_KC597690 325 (510.5)
denovo111 C1131_DQ182650 326 (486.0)
denovo111 C1135_DQ182646 321 (490.0)
denovo111 C1134_DQ182647 321 (499.0)
denovo111 C1142_DQ182635 321 (490.0)
denovo111 C1136_DQ182644 319 (464.0)
denovo111 C1111_DQ182645 319 (473.0)
denovo111 C1236_EF473656 319 (464.0)
denovo111 C1138_DQ182642 319 (482.0)
denovo111 C1137_DQ182643 319 (464.0)
denovo111 C1133_DQ182648 319 (464.0)
denovo111 C1132_DQ182649 323 (466.5)
denovo111 C1143_DQ182634 319 (473.0)
denovo111 C1139_DQ182639 321 (499.0)
denovo111 C15.28_KC597687 326 (541.0)
denovo111 C1141_DQ182636 325 (492.0)
denovo111 C1144_DQ182637 326 (495.0)
denovo111 C1122_DQ182654 321 (508.0)
denovo111 C1127_DQ182652 321 (508.0)
denovo111 C15.30_JX394114 324 (535.0)
denovo111 C15.26_KC597686 336 (533.5)
denovo111 C1086_DQ182656 323 (532.0)
denovo111 C15.25_KC597685 323 (541.0)
denovo111 C1118_AF180127 332 (501.5)
denovo111 C1129_DQ182651 323 (477.5)
denovo111 C15.21_KC597683 323 (524.0)
denovo111 C56_AY589760 320 (523.5)
denovo111 C1140_DQ182638 328 (491.5)
denovo111 C1126_DQ182653 328 (482.5)
denovo111 C15c_AY258492 323 (542.0)
denovo111 C15d_AY258493 322 (548.5)
denovo111 C1098_DQ182641 320 (521.0)
denovo111 C15.27_KC597689 323 (541.5)
denovo111 C15.18_HE579024 322 (529.5)
denovo111 C15.16_HE579022 328 (556.0)
denovo111 C1101_AB253787 323 (523.5)
denovo111 C1083_AY237300 323 (532.5)
denovo111 C1088_DQ182640 323 (532.5)
denovo111 C15.6_FN563472 323 (532.5)
denovo111 C15.5_FJ461512 324 (527.0)
denovo111 C15.4_FJ461511 323 (533.0)
denovo111 C15.13_HE579019 323 (523.5)
denovo111 C15.12_HE579018 323 (532.5)
denovo111 C93a_AM748563 323 (541.5)
denovo111 C1094_AJ291514 323 (541.5)
denovo111 C93_AM748562 323 (541.5)
denovo111 C15.17_HE579023 323 (545.0)
denovo111 C15e_AY589742 323 (535.5)
denovo111 C15.22_KC597695 323 (532.5)
denovo111 C60_AY589764 327 (534.5)
denovo111 C15.1_FJ461508 323 (541.5)
denovo111 C15.2_FJ461509 323 (532.5)
denovo111 C15.9_FN563475 323 (541.0)
denovo111 C15.7_HE579015 323 (532.5)
denovo111 C15.8_HE579016 323 (532.5)
denovo111 C15.15_HE579021 323 (541.5)
denovo111 C15.19_HE579025 323 (541.0)
denovo111 C15.24_KC597696 323 (532.5)
denovo111 C15.3_FJ461510 323 (533.0)
denovo111 C1087_DQ182655 323 (541.5)
denovo111 C15.14_HE579020 324 (531.5)
denovo111 C15.23_KC597697 324 (531.5)
denovo111 C19_AY258479 323 (545.0)
denovo111 C1233_EU118166 323 (532.5)
denovo111 C15b_AY258491 323 (541.5)
denovo111 C15a_AY258476 323 (542.0)
denovo111 C1051_AF195153 323 (541.5)
denovo111 C2_AF333518 324 (540.5)
denovo111 C15.20_HE579026 324 (540.5)
denovo111 C15f_AY589743 324 (531.5)
denovo111 C55_AY589759 327 (539.0)
denovo111 C15_AY239369 323 (541.5)
denovo111 C32.1_JF683335 324 (479.0)
denovo111 C32.2_JF683336 326 (484.0)
denovo111 C21.23_KC597693 326 (484.0)
denovo111 C1193_EU099827 335 (536.0)
denovo111 C1195_EU099821 331 (492.0)
denovo111 C3q_GU907655 333 (501.0)
denovo111 C53_AY589758 342 (516.0)
denovo111 C73_AY765408 331 (510.5)
denovo111 C17.2.1_KC597684 336 (494.0)
denovo111 C32_AY258497 325 (481.5)
denovo111 C1189_EU099831 324 (507.0)
denovo111 C1191_EU099833 323 (513.5)
denovo111 C1196_EU099819 324 (480.0)
denovo111 C1192_EU099820 324 (480.0)
denovo111 C17.1_JF683322 327 (497.5)
denovo111 C26_b2_FN827164 331 (496.5)
denovo111 C26_b3_FN827165 327 (476.0)
denovo111 C31.9_HQ630879 324 (496.5)
denovo111 C31a_AY589746 324 (502.0)
denovo111 C30_AY589745 324 (502.0)
denovo111 C31.1_HQ630876 324 (520.0)
denovo111 C31.5_HQ630877 323 (507.5)
denovo111 C31.6_HQ630878 324 (511.0)
denovo111 C31.2_JF683332 324 (511.0)
denovo111 C31.3_JF683333 324 (502.0)
denovo111 C26/C35a_AY239378 327 (485.0)
denovo111 C35a_AY258501 327 (485.0)
denovo111 C35.2_AY258500 327 (494.0)
denovo111 C26_b1_FN827163 327 (494.0)
denovo111 C17_AY239370 324 (498.0)
denovo111 C17.2_FJ461513 324 (500.0)
denovo111 C31.10_HQ630880 324 (505.5)
denovo111 C31.4_JF683334 338 (510.0)
denovo111 C31_AY258496 324 (511.0)
denovo111 C25_AY239377 326 (516.5)
denovo111 C61_AY589765 325 (478.0)
denovo111 C1043_DQ072721 324 (486.0)
denovo111 C79_AY765414 333 (499.0)
denovo111 C69_AY589773 337 (492.5)
denovo111 C69a_AY686648 337 (483.5)
denovo111 C21.22_KC597692 333 (486.0)
denovo111 C51_AY589756 323 (497.5)
denovo111 C1aa_HM185739 331 (512.0)
denovo111 C1096_DQ068023 324 (505.0)
denovo111 C74_AY765409 335 (518.0)
denovo111 C1185_AB294629 337 (515.0)
denovo111 C1184_AB294630 337 (516.0)
denovo111 C1153_AB294625 337 (524.0)
denovo111 C1154_AB294626 336 (530.5)
denovo111 C1187_AB294627 337 (515.0)
denovo111 C1186_AB294628 337 (515.0)
denovo111 C57_AY589761 337 (524.0)
denovo111 C66_AY589771 337 (524.0)
denovo111 C5_AF499795 324 (526.5)
denovo111 C1167_AB294586 324 (517.5)
denovo111 C1164_AB294593 324 (517.5)
denovo111 C1183_AB294631 324 (535.5)
denovo111 C1067_DQ335381 324 (509.0)
denovo111 C1159_AB294613 324 (523.0)
denovo111 C1150_AB294622 324 (532.0)
denovo111 C90_AM748554 326 (534.0)
denovo111 C1168_AB294583 331 (519.5)
denovo111 C1156_AB294616 330 (535.0)
denovo111 C1151_AB294621 324 (536.0)
denovo111 C92a_AM748561 331 (537.5)
denovo111 C92_AM748560 331 (528.5)
denovo111 C1165_AB294581 324 (526.5)
denovo111 C1166_AB294584 324 (535.5)
denovo111 C1162_AB294594 324 (526.5)
denovo111 C1163_AB294596 324 (544.5)
denovo111 C1161_AB294606 324 (535.5)
denovo111 C1160_AB294608 328 (537.0)
denovo111 C1158_AB294614 324 (544.0)
denovo111 C1155_AB294617 324 (526.5)
denovo111 C1149_AB294620 324 (535.5)
denovo111 C1173_AB294662 324 (544.5)
denovo111 C1171_AB294663 324 (526.5)
denovo111 C1172_AB294665 324 (526.5)
denovo111 C91a_AM748556 324 (535.5)
denovo111 C91b_AM748557 322 (538.0)
denovo111 C91d_AM748559 323 (532.5)
denovo111 C91c_AM748558 323 (532.5)
denovo111 C91_AJ621543 324 (535.5)
denovo111 C91_AM748555 324 (535.5)
denovo111 C1023_DQ335330 315 (479.5)
denovo111 C1020_DQ335392 328 (511.5)
denovo111 C1018_DQ335408 324 (518.0)
denovo111 C1074_DQ335329 324 (509.0)
denovo111 C1030_DQ335353 324 (518.0)
denovo111 C1022_DQ335331 324 (509.0)
denovo111 C1027_DQ335360 324 (527.0)
denovo111 C1072_DQ335344 324 (509.0)
denovo111 C1039_AB190274 324 (517.0)
denovo111 C1033_DQ335350 329 (506.0)
denovo111 C1019_DQ335407 324 (518.0)
denovo111 C1194_EU099826 325 (505.5)
denovo111 C8b_AY258475 325 (505.0)
denovo111 C8_AY239367 326 (504.5)
denovo111 C8a_AY239368 328 (500.5)
denovo111 C54a_AY765406 324 (527.0)
denovo111 C3ff_HM185740 324 (509.0)
denovo111 C59_AY589763 329 (497.0)
denovo111 C3k_AY589737 342 (518.5)
denovo111 C3.24_HE579012 341 (525.0)
denovo111 C3.23_HE579011 342 (518.5)
denovo111 C35.1_AY765401 328 (529.5)
denovo111 C35.3_EF541145 321 (527.5)
denovo111 C76_AY765411 329 (520.0)
denovo111 C1107_DQ335359 328 (507.0)
denovo111 C3.22_HE579010 336 (509.0)
denovo111 C77_AY765412 329 (519.5)
denovo111 C20_AY239371 331 (529.0)
denovo111 C1055_DQ480640 322 (517.5)
denovo111 C27/C30_AY239379 337 (495.5)
denovo111 C27.1_FJ461517 337 (486.5)
denovo111 C40a_AY589747 332 (513.5)
denovo111 C40_AY258485 332 (513.5)
denovo111 C40b_AY589748 331 (517.0)
denovo111 C16_AY258477 327 (517.5)
denovo111 C16a_AY765399 328 (519.5)
denovo111 C1091_AB207186 324 (535.0)
denovo111 C1102_DQ335400 324 (509.0)
denovo111 C1069_DQ335375 324 (518.0)
denovo111 C1073_DQ335332 324 (518.0)
denovo111 C1066_DQ335382 323 (514.5)
denovo111 C1031_DQ335352 329 (532.5)
denovo111 C1026_DQ335366 329 (523.5)
denovo111 C70_AY589774 324 (536.0)
denovo111 C1082_AB190267 328 (519.5)
denovo111 C1078_AB190271 323 (533.5)
denovo111 C1090_AB207191 324 (527.0)
denovo111 C1071_DQ335302 324 (527.0)
denovo111 C1075_DQ335328 324 (527.0)
denovo111 C1068_DQ335379 324 (536.0)
denovo111 C1064_DQ335395 324 (518.0)
denovo111 C1063_DQ335403 324 (527.0)
denovo111 C62_AY589766 324 (527.0)
denovo111 C1077_DQ335316 323 (530.0)
denovo111 C1109_DQ335338 324 (527.0)
denovo111 C1110_DQ335340 324 (518.5)
denovo111 C1106_DQ335339 324 (518.0)
denovo111 C1112_DQ335319 324 (526.0)
denovo111 C1108_DQ335351 324 (517.0)
denovo111 C1105_DQ335394 324 (526.0)
denovo111 C1121_DQ335378 331 (519.0)
denovo111 C1116_AB190268 331 (520.0)
denovo111 C1115_AB190273 331 (519.0)
denovo111 C1124_DQ335323 324 (508.0)
denovo111 C1120_DQ335398 324 (508.0)
denovo111 C1119_DQ335404 324 (517.0)
denovo111 C1123_DQ335363 324 (517.0)
denovo111 C1004_DQ480635 324 (517.5)
denovo111 C1061_AY186568 324 (508.5)
denovo111 C1053_AY186569 324 (517.5)
denovo111 C1003_DQ480639 324 (517.5)
denovo111 C81_GU907657 336 (508.5)
denovo111 C22_AY239373 319 (528.5)
denovo111 C22a_AY239374 321 (525.0)
denovo111 C1232_EU118163 327 (517.0)
denovo111 C21.13_FJ461515 324 (489.0)
denovo111 C21.1_JF683323 322 (492.0)
denovo111 C21.3_JF683325 324 (506.5)
denovo111 C1.20_HE578993 324 (500.0)
denovo111 C1.22_HE578995 324 (500.0)
denovo111 C52_AY589757 323 (526.5)
denovo111 C1201_EU099793 324 (478.5)
denovo111 C14_AY589741 328 (514.5)
denovo111 C43_AY589749 328 (520.0)
denovo111 C50_AY589755 324 (527.0)
denovo111 C3.14_HQ630872 324 (509.0)
denovo111 C1m_AY765398 323 (523.5)
denovo111 C82_GU907658 340 (520.0)
denovo111 C82b_GU907660 340 (520.0)
denovo111 C64_AY589768 343 (521.0)
denovo111 C45a_AY765404 341 (523.0)
denovo111 C48_AY589753 324 (537.5)
denovo111 C1_v1b_FJ919244 323 (514.5)
denovo111 C1_v1a_FJ919243 323 (514.5)
denovo111 C3j_AY239366 324 (509.0)
denovo111 C3t_EF541149 324 (518.0)
denovo111 C9_AF499798 326 (531.5)
denovo111 C23_AY239375 328 (520.5)
denovo111 C37_AY258481 338 (512.5)
denovo111 C1048_DQ068026 326 (513.5)
denovo111 C21.4_JF683326 324 (498.0)
denovo111 C21.5_JF683327 324 (498.0)
denovo111 C1070_DQ335349 324 (527.0)
denovo111 C21.6_HQ630873 324 (516.0)
denovo111 C1224_EU074890 323 (532.5)
denovo111 C1.17_HE578990 323 (532.5)
denovo111 C21_b1_FN827162 329 (493.5)
denovo111 C21.9_JF683330 329 (502.5)
denovo111 C1085_AY624605 324 (518.0)
denovo111 C3p_GU907654 323 (518.5)
denovo111 C3f_AY589734 324 (527.0)
denovo111 C65a_AY589770 323 (523.5)
denovo111 C65_AY589769 323 (532.5)
denovo111 C71_AY589775 323 (523.5)
denovo111 C71a_AY589776 323 (514.5)
denovo111 C1178_AB294647 323 (509.5)
denovo111 C1225_EU074893 321 (527.5)
denovo111 C75_AY765410 327 (517.5)
denovo111 C21.10_JF683331 325 (500.5)
denovo111 C21.11_HQ630874 325 (500.5)
denovo111 C1065_DQ335388 324 (536.0)
denovo111 C1045_DQ068036 324 (536.0)
denovo111 C1h_AY258473 343 (521.0)
denovo111 C38_AY258482 344 (524.5)
denovo111 C1202_EU099799 344 (515.5)
denovo111 C7_AF499797 344 (524.5)
denovo111 C12_AF499801 346 (523.5)
denovo111 C38a_AY258483 345 (523.0)
denovo111 C1200_EU099800 335 (522.5)
denovo111 C44a_AY589751 324 (526.5)
denovo111 C47_AY589752 326 (531.5)
denovo111 C44_AY589750 326 (522.5)
denovo111 C1.15_HE578988 323 (523.5)
denovo111 C45.3_FJ461522 326 (522.5)
denovo111 C46a_AY765405 326 (522.5)
denovo111 C46_EU449108 326 (522.5)
denovo111 C3.12_FJ461507 327 (526.0)
denovo111 C1k_AY589733 326 (513.5)
denovo111 C67_AY686647 328 (519.5)
denovo111 C82a_GU907659 332 (523.5)
denovo111 C10a_AY589739 326 (522.5)
denovo111 C10_AF499799 326 (513.5)
denovo111 C13_AY589740 329 (519.0)
denovo111 C4_AF499794 326 (522.5)
denovo111 C1147_EF656433 326 (513.5)
denovo111 C1c/C45_AY239364 326 (522.5)
denovo111 C1c/C45_EU449103 326 (522.5)
denovo111 C21.19_HE579031 324 (507.0)
denovo111 C21.21_HE579033 324 (498.0)
denovo111 C21.20_HE579032 324 (507.0)
denovo111 C42b_AY765403 330 (507.5)
denovo111 C42_AY258487 330 (516.5)
denovo111 C1p_GU907652 323 (514.5)
denovo111 C1d_AY258488 326 (504.5)
denovo111 C42_AY765402 326 (513.5)
denovo111 C3ha_AY589736 332 (503.5)
denovo111 C63a_AY589767 324 (518.0)
denovo111 C21a_AY589744 324 (507.0)
denovo111 C3o_GU907653 324 (507.0)
denovo111 C21.16_HQ630875 324 (506.5)
denovo111 C21.2_JF683324 324 (498.0)
denovo111 C21.7_JF683328 323 (504.5)
denovo111 C21.8_JF683329 324 (507.0)
denovo111 C3h_AY239365 324 (507.0)
denovo111 C1203_EU099798 324 (507.0)
denovo111 C3.10_FJ461505 324 (536.0)
denovo111 C21.14_FJ461516 324 (516.0)
denovo111 C21.18_HE579030 327 (503.5)
denovo111 C3.17_HE579005 324 (518.0)
denovo111 C3.9_FJ461504 324 (515.0)
denovo111 C3.8_FJ461503 324 (527.0)
denovo111 C3.7_FJ461502 324 (527.0)
denovo111 C3.11_FJ461506 331 (529.5)
denovo111 C3.18_HE579006 324 (518.0)
denovo111 C3.19_HE579007 324 (518.0)
denovo111 C3.20_HE579008 324 (527.0)
denovo111 C3g_AY589735 327 (510.0)
denovo111 C3a_AF499790 322 (530.0)
denovo111 C3e_AF499793 324 (518.0)
denovo111 C6_AF499796 331 (520.0)
denovo111 C11_AF499800 324 (518.0)
denovo111 C36_AY258480 324 (518.0)
denovo111 C29_AY258494 324 (536.0)
denovo111 C1146_EF656434 324 (518.0)
denovo111 C1190_EU099841 324 (527.0)
denovo111 C131_JF320826 324 (518.0)
denovo111 C28_AY239380 331 (531.5)
denovo111 C1012_DQ480604 328 (521.0)
denovo111 C1181_AB294640 324 (512.0)
denovo111 C1180_AB294641 324 (521.0)
denovo111 C1179_AB294645 325 (505.0)
denovo111 C1176_AB294651 322 (515.0)
denovo111 C1175_AB294653 324 (503.0)
denovo111 C1174_AB294655 324 (511.5)
denovo111 C1177_AB294659 325 (514.5)
denovo111 C1040_AB190269 328 (521.0)
denovo111 C1182_AB294649 324 (527.0)
denovo111 C1089_AJ278598 324 (518.0)
denovo111 C1028_DQ335357 331 (529.0)
denovo111 C3.16_EU786015 324 (536.0)
denovo111 C1097_AJ311943 325 (516.5)
denovo111 C1170_AB294661 324 (512.0)
denovo111 C21.17_HE579029 324 (509.0)
denovo111 C21/3d/C3k_AY239372 324 (507.0)
denovo111 C58_AY589762 324 (512.5)
denovo111 C3L_AY589738 327 (522.5)
denovo111 C1169_AB294660 324 (512.0)
denovo111 C3.2_FJ461497 324 (530.5)
denovo111 C3.1_JF683321 323 (526.5)
denovo111 C1104_AF427469 325 (517.0)
denovo111 C3b_AF499791 324 (530.0)
denovo111 C83_GU907661 324 (529.5)
denovo111 C49_AY589754 362 (540.5)
denovo111 C3_AB778606 324 (527.0)
denovo111 C3_AF499789 324 (527.0)
denovo111 C3_HE579001 324 (527.0)
denovo111 C21.12_FJ461514 324 (489.0)
denovo111 C1229_EU074888 322 (515.5)
denovo111 C1230_EU074889 322 (524.5)
denovo111 C1114_AB207196 324 (527.0)
denovo111 C3.21_HE579009 320 (526.5)
denovo111 C1057_DQ480619 324 (527.0)
denovo111 C72_AY765407 322 (511.5)
denovo111 C1b.3_HE578999 323 (518.0)
denovo111 C93_AJ621536 324 (527.0)
denovo111 C94_AJ621539 323 (523.5)
denovo111 C1g_AY589730 323 (523.5)
denovo111 C1i_AY589731 323 (523.5)
denovo111 C1j_AY589732 330 (525.5)
denovo111 C1005_DQ480633 323 (514.5)
denovo111 C1.7_FJ461494 323 (514.5)
denovo111 C1.11_HE578984 323 (523.5)
denovo111 C1.12_HE578985 323 (514.5)
denovo111 C1.13_HE578986 324 (518.0)
denovo111 C1.14_HE578987 323 (523.5)
denovo111 C1.18_HE578991 323 (523.5)
denovo111 C1.19_HE578992 323 (523.5)
denovo111 C1199_EU099802 323 (508.5)
denovo111 C1188_EU099838 323 (523.5)
denovo111 C1002_DQ838544 324 (527.0)
denovo111 C1198_EU099810 323 (514.5)
denovo111 C24_AY239376 323 (523.5)
denovo111 C1f_AY258490 323 (523.5)
denovo111 C1006_DQ480629 323 (532.5)
denovo111 C1010_DQ480607 323 (514.5)
denovo111 C1007_DQ480624 323 (532.5)
denovo111 C1011_DQ480605 333 (516.0)
denovo111 C1009_DQ480608 329 (523.0)
denovo111 C1041_AY186548 323 (523.5)
denovo111 C1052_AY186570 323 (532.5)
denovo111 C1148_EU040178 323 (523.5)
denovo111 C1234_EU118165 324 (513.5)
denovo111 C1.5_EF634157 323 (523.5)
denovo111 C1059_DQ480609 323 (523.5)
denovo111 C1228_EU074883 326 (522.5)
denovo111 C1208_EU074963 323 (514.5)
denovo111 C1207_EU074964 323 (523.5)
denovo111 C1206_EU074965 323 (514.5)
denovo111 C1013_DQ480642 321 (518.5)
denovo111 C80_GU907656 334 (521.0)
denovo111 C1a_AF499788 323 (523.5)
denovo111 C41_AY258486 323 (523.5)
denovo111 C39_AY258484 312 (521.0)
denovo111 C1231_EU074878 324 (517.0)
denovo111 C1b.1_HE578997 324 (520.5)
denovo111 C18_AY258478 323 (523.5)
denovo111 C1.10_HE578983 322 (518.0)
denovo111 C1_JN558041 323 (523.5)
denovo111 C1_HE578979 323 (523.5)
denovo111 C1_AM748551 323 (523.5)
denovo111 C1_AF333515 323 (523.5)
denovo111 C1054_AY186565 322 (527.0)
denovo111 C1008_DQ480613 323 (532.5)
denovo111 C1103_AF427470 324 (513.5)
denovo111 C1226_EU074881 324 (513.5)
denovo111 C1b/C1e_AY239363 323 (527.0)
denovo111 C1044_DQ068038 323 (508.5)
denovo111 C1017_DQ174729 324 (517.0)
denovo111 C1.6_FJ461493 323 (532.5)
denovo111 C1b.2_HE578998 323 (518.0)
denovo111 C1060_DQ480600 323 (514.5)
denovo111 C1227_EU074882 323 (514.5)
denovo111 C1197_EU099814 323 (514.5)
denovo111 C1130_DQ480643 305 (453.5)
denovo111 D109_AB097465 354 (388.0)
denovo111 D1.11_HE579040 355 (403.0)
denovo111 D105_AF174570 355 (393.5)
denovo111 D104_AF174572 349 (393.5)
denovo111 D1.3_JF683337 355 (394.0)
denovo111 D1.10_HE579039 351 (399.0)
denovo111 D110_AF174561 351 (399.0)
denovo111 D117_AF174542 355 (394.0)
denovo111 D114_AF174549 355 (403.0)
denovo111 D113_AF174557 353 (387.0)
denovo111 D112_AF174558 355 (394.0)
denovo111 D106_AF174559 355 (403.0)
denovo111 D111_AF174560 355 (403.0)
denovo111 D115_AF174562 355 (403.0)
denovo111 D107_AF174568 355 (403.0)
denovo111 D116_AF174571 354 (391.0)
denovo111 D124_EU074897 345 (398.5)
denovo111 D1.8_HE579037 355 (403.0)
denovo111 D3_AY686650 355 (403.0)
denovo111 D1.6_HQ630881 355 (394.0)
denovo111 D120_EU074900 353 (387.0)
denovo111 D121_EU074904 354 (400.0)
denovo111 D122_EU074905 355 (394.0)
denovo111 D1a.2_JF683339 356 (397.5)
denovo111 D1a.1_JF683338 345 (398.5)
denovo111 D2_AY686649 591 (467.5)
denovo111 D4_DQ865214 351 (395.5)
denovo111 D1a_AF499802 353 (396.0)
denovo111 D1a_JN558078 353 (396.0)
denovo111 D123_EU074895 351 (399.0)
denovo111 D108_AF174567 355 (403.0)
denovo111 D103_AF174575 350 (395.5)
denovo111 D100_AF411415 365 (395.5)
denovo111 D118_EF656435 345 (407.5)
denovo111 D101_AF411416 365 (380.5)
denovo111 D119_EU099832 355 (395.0)
denovo111 D102_AF174573 354 (403.5)
denovo111 D1_AF334660 355 (403.0)
denovo111 D1_JN558076 355 (403.0)
denovo111 D1.12_HE579041 331 (395.5)
denovo111 D1.1_AM748564 426 (417.5)
denovo111 D1.2_AM748617 436 (409.5)
denovo111 E111_EU074915 343 (405.0)
denovo111 E110_EU074914 339 (402.0)
denovo111 E114_EU074909 342 (384.0)
denovo111 E1_AF334659 341 (386.0)
denovo111 E105_EU074921 340 (396.0)
denovo111 E112_EU074916 339 (384.0)
denovo111 E104_EU074922 339 (401.5)
denovo111 E102_EU074924 339 (392.5)
denovo111 E103_EU074923 339 (393.0)
denovo111 E101_AY160123 344 (377.0)
denovo111 E109_EU074913 350 (407.5)
denovo111 E100_DQ011618 356 (415.0)
denovo111 E108_EU074912 356 (414.5)
denovo111 E113_EU074908 352 (424.5)
denovo111 E107_EU074910 356 (414.5)
denovo111 F1_JN558066 355 (492.0)
denovo111 F5.2d_AJ291530 338 (511.5)
denovo111 F104_AJ291531 338 (511.5)
denovo111 F5.2c_AM748596 338 (503.0)
denovo111 F5.2_AM748594 345 (505.0)
denovo111 F5.2a_AM748614 345 (505.0)
denovo111 F5.2b_AM748595 338 (502.5)
denovo111 F5.2e_AJ291533 352 (495.0)
denovo111 F5.2g_JN558072 356 (503.0)
denovo111 F5.2f_AJ291512 352 (498.5)
denovo111 F102_AJ291534 358 (499.5)
denovo111 F5.1c_AM748593 351 (506.5)
denovo111 F5.1d_JN558069 354 (496.0)
denovo111 F5.1b_AJ291535 351 (524.0)
denovo111 F5.1_AM748592 353 (520.5)
denovo111 F5.1a_AM748591 351 (524.0)
denovo111 F110_AJ291526 323 (585.5)
denovo111 F4.7_AM748587 322 (559.0)
denovo111 F4.5_AM748585 325 (555.0)
denovo111 F4.4a_AM748583 322 (575.0)
denovo111 F4.4_AM748582 323 (565.5)
denovo111 F4.4b_AM748584 320 (584.0)
denovo111 F4.1a_AM748573 331 (527.5)
denovo111 F112_AJ291528 329 (523.0)
denovo111 F4.1_AM748572 329 (523.0)
denovo111 F4.8b_AM748590 329 (575.0)
denovo111 F4.8_AM748588 320 (575.5)
denovo111 F4.8a_AM748589 320 (575.5)
denovo111 F109_AJ291527 326 (571.0)
denovo111 F4.6_AM748586 323 (532.0)
denovo111 F111_AJ311949 322 (565.5)
denovo111 F4.3c_AM748581 323 (582.5)
denovo111 F4.3a_AM748579 326 (582.5)
denovo111 F4.3b_AM748580 326 (582.5)
denovo111 F4.3_AM748578 326 (573.5)
denovo111 F4.2_AM748574 325 (583.0)
denovo111 F4.2a_AM748575 323 (563.0)
denovo111 F4.2c_AM748577 323 (559.5)
denovo111 F4.2b_AM748576 323 (572.0)
denovo111 F2b_AJ291521 345 (538.0)
denovo111 F2_AJ830908 333 (530.5)
denovo111 F2a_AJ830911 338 (526.5)
denovo111 F3.1a_AM748566 344 (487.0)
denovo111 F114_AJ291525 340 (502.5)
denovo111 F3.1_AM748565 340 (502.5)
denovo111 F3.2_AM748567 358 (528.0)
denovo111 F3.2a_AM748568 342 (525.5)
denovo111 F3.3_AM748569 336 (522.0)
denovo111 F3.4a_AM748571 361 (481.0)
denovo111 F3.4_AM748570 352 (488.0)
denovo111 F3.4b_AM748616 352 (488.0)
denovo111 G101_AJ291539 365 (427.5)
denovo111 G1_AM748597 365 (427.5)
denovo111 G2b_JN558087 371 (430.5)
denovo111 G2_AM748598 372 (423.5)
denovo111 G2a_AM748599 375 (415.0)
denovo111 G4_AM748601 359 (455.5)
denovo111 G3.4_LK392378 360 (430.5)
denovo111 G3_AM748600 367 (423.5)
denovo111 G3.2_KC597694 336 (392.0)
denovo111 G3.1_KC597688 358 (435.0)
denovo111 G100_AB253788 350 (429.5)
denovo111 G3.3_LK392377 348 (423.5)
denovo111 H6_AJ291520 632 (298.0)
denovo111 H3_AM748606 313 (487.5)
denovo111 H2_AM748605 315 (521.0)
denovo111 H4_AM748607 316 (500.0)
denovo111 H4a_AM748608 315 (493.5)
denovo111 H5a_AM748611 313 (500.0)
denovo111 H5b_AM748610 315 (495.5)
denovo111 H5_AJ621129 313 (491.0)
denovo111 H5_AM748609 313 (491.0)
denovo111 H100_AJ291513 317 (500.5)
denovo111 H1b_AM748604 317 (504.5)
denovo111 H1a_AM748612 317 (513.5)
denovo111 H1_AJ621152 317 (513.5)
denovo111 H1_AM748602 317 (513.5)
denovo111 I3_FN561561 349 (591.0)
denovo111 I4_FN561562 349 (591.0)
denovo111 I1_FN561559 357 (578.5)
denovo111 I2_FN561560 354 (587.0)

#---------------------------------------
#---------------------------------------
