denovo194 A136_DQ865210 315 (494.0)
denovo194 A133_DQ174725 333 (465.5)
denovo194 A115_AF180123 322 (448.0)
denovo194 A117_AF201746 322 (471.0)
denovo194 A134_DQ174723 322 (471.0)
denovo194 A114_AF184941 322 (471.0)
denovo194 A135_DQ174727 324 (475.5)
denovo194 A2_AF333506 329 (470.5)
denovo194 A101_AF427468 324 (466.5)
denovo194 A2_1_JN558097 324 (466.5)
denovo194 A2_2_JN558100 324 (466.5)
denovo194 A113_AF184948 323 (487.0)
denovo194 A112_AF184949 326 (467.0)
denovo194 A123_EF378618 334 (302.0)
denovo194 A137_EF378621 327 (319.0)
denovo194 A11_EU449041 331 (484.0)
denovo194 A121_DQ174722 325 (469.5)
denovo194 A15b_EU792886 337 (452.5)
denovo194 A15a_EU792885 333 (468.5)
denovo194 A15c_EU792887 340 (461.5)
denovo194 A15_EU792884 337 (461.5)
denovo194 A147_EU074937 332 (493.5)
denovo194 A154_EU074860 327 (478.5)
denovo194 A146_EU074936 327 (469.5)
denovo194 A150_EU074928 328 (481.5)
denovo194 A116_AF183575 327 (469.5)
denovo194 A141_EU074931 327 (478.5)
denovo194 A5_AF333508 327 (493.0)
denovo194 A3b_EU449043 327 (478.5)
denovo194 A151_EU074925 328 (472.5)
denovo194 A152_EU074927 330 (478.0)
denovo194 A149_EU074929 325 (473.0)
denovo194 A140_EU074930 327 (469.5)
denovo194 A142_EU074932 327 (469.5)
denovo194 A143_EU074933 327 (478.5)
denovo194 A144_EU074934 327 (469.5)
denovo194 A145_EU074935 327 (478.5)
denovo194 A148_EU074938 327 (469.5)
denovo194 A155_EU074856 327 (469.5)
denovo194 A156_EU074859 327 (469.5)
denovo194 A139_EU074962 327 (478.5)
denovo194 A6_AF186058 327 (478.5)
denovo194 A3_AF333507 327 (478.5)
denovo194 A3_JN558091 327 (478.5)
denovo194 A8_AY258468 327 (451.5)
denovo194 A7_AY239360 321 (461.0)
denovo194 A16_EU792888 327 (460.5)
denovo194 A4.3_FN429763 325 (470.5)
denovo194 A120_AF180122 318 (478.0)
denovo194 A4.2_FN429761 323 (461.5)
denovo194 A4_AF333509 323 (489.5)
denovo194 A4.1_FN429760 321 (500.0)
denovo194 A4a_AF499778 324 (482.5)
denovo194 A4a.1_FN429762 324 (482.5)
denovo194 A138_EF378620 335 (442.0)
denovo194 A122_EF378619 324 (467.5)
denovo194 A126_EF378615 323 (468.5)
denovo194 A10_EU792882 323 (468.5)
denovo194 A9_EU449028 325 (469.0)
denovo194 A105_AB207202 324 (492.0)
denovo194 A119_AF180121 321 (483.5)
denovo194 A12_EU792883 325 (468.5)
denovo194 A104_AB207203 326 (479.0)
denovo194 A1a_EU449030 325 (477.0)
denovo194 A1.3_HE578976 325 (477.0)
denovo194 A1.4_HE578977 324 (492.5)
denovo194 A13_AF333504 325 (477.0)
denovo194 A13_JN558094 325 (477.0)
denovo194 A110_AB190282 329 (480.0)
denovo194 A103_AB207206 329 (481.0)
denovo194 A130_EF656428 324 (483.5)
denovo194 A127_EF656429 324 (492.0)
denovo194 A128_EF656430 324 (474.5)
denovo194 A129_EF656431 324 (492.5)
denovo194 A131_EF656432 319 (486.5)
denovo194 A118_AF180120 325 (488.0)
denovo194 A1_AF333505 324 (483.5)
denovo194 A107_AB207199 315 (491.5)
denovo194 A111_AB190280 315 (491.5)
denovo194 A108_AB207197 324 (460.0)
denovo194 A106_AB207200 325 (483.5)
denovo194 A102_AB207209 324 (483.5)
denovo194 A1.2_AB207210 324 (483.5)
denovo194 A109_AB190285 325 (483.5)
denovo194 B4_AF333510 321 (1012.0)
denovo194 B23_EU449079 307 (1140.0)
denovo194 B30_GU907644 307 (1130.5)
denovo194 B11_AY239361 312 (1147.0)
denovo194 B17_AY258470 310 (1139.0)
denovo194 B1k_GU907638 285 (669.5)
denovo194 B1.V_Green2014 317 (1106.0)
denovo194 B1b_AF499780 308 (1101.0)
denovo194 B16_AY258469 310 (1148.0)
denovo194 B31a_GU907646 310 (1157.0)
denovo194 B32_GU907647 310 (1157.0)
denovo194 B31_GU907645 310 (1166.0)
denovo194 B1j_GU907637 310 (1148.0)
denovo194 B37_GU907650 310 (1168.0)
denovo194 B5a_AF499782 310 (1157.0)
denovo194 B5_AF499781 310 (1166.0)
denovo194 B24_GU907643 309 (1012.5)
denovo194 B117_AF180124 307 (1085.5)
denovo194 B10_AF499787 310 (1148.0)
denovo194 B20_GU907642 312 (1131.5)
denovo194 B1m_GU907640 310 (1157.0)
denovo194 B34_GU907649 310 (1157.0)
denovo194 B1d_GU907633 310 (1157.0)
denovo194 B1e_GU907634 310 (1157.0)
denovo194 B1i_GU907636 310 (1157.0)
denovo194 B1g_GU907635 311 (1138.0)
denovo194 B123_EU074872 310 (1148.0)
denovo194 B8_AF499785 311 (1147.0)
denovo194 B1l_GU907639 310 (1157.0)
denovo194 B1a_AF499779 310 (1157.0)
denovo194 B14_AY239362 311 (1147.0)
denovo194 B125_EU074865 310 (1157.0)
denovo194 B122_EU074871 310 (1166.0)
denovo194 B124_EU074874 310 (1157.0)
denovo194 B1.VII_Green2014 309 (1102.5)
denovo194 B1.III_Green2014 310 (1085.0)
denovo194 B1.I_Green2014 310 (1166.0)
denovo194 B1.II_Green2014 310 (1166.0)
denovo194 B1_JN558057 310 (1166.0)
denovo194 B1_AF333511 310 (1166.0)
denovo194 B1.IV_Green2014 320 (1151.5)
denovo194 B121_EU074870 310 (1157.0)
denovo194 B7_AF499784 310 (1157.0)
denovo194 B1.VI_Green2014 311 (1097.0)
denovo194 B3_AF333514 306 (1186.0)
denovo194 B9_AF499786 306 (1186.0)
denovo194 B19a_JN558055 306 (1059.0)
denovo194 B119_EU099825 299 (1190.0)
denovo194 B21_DQ865213 306 (1154.5)
denovo194 B38_GU907651 306 (1154.5)
denovo194 B18_AY258471 306 (1186.0)
denovo194 B18a_AY258472 306 (1186.0)
denovo194 B33_GU907648 306 (1195.0)
denovo194 B6_AF499783 311 (1182.5)
denovo194 B19_DQ865212 306 (1204.0)
denovo194 B19_GU907641 306 (1204.0)
denovo194 B2_AF333512 306 (1213.0)
denovo194 B2_JN558060 306 (1213.0)
denovo194 C33.1_AY258498 331 (589.0)
denovo194 C33.2_AY765400 331 (589.0)
denovo194 C33a_EF541147 331 (589.0)
denovo194 C34_AY258499 329 (582.0)
denovo194 C78_AY765413 327 (595.5)
denovo194 C15.29_KC597690 333 (529.5)
denovo194 C1131_DQ182650 334 (524.5)
denovo194 C1135_DQ182646 317 (528.0)
denovo194 C1134_DQ182647 334 (515.0)
denovo194 C1142_DQ182635 329 (519.5)
denovo194 C1136_DQ182644 327 (502.5)
denovo194 C1111_DQ182645 327 (520.5)
denovo194 C1236_EF473656 327 (520.5)
denovo194 C1138_DQ182642 318 (520.0)
denovo194 C1137_DQ182643 327 (502.5)
denovo194 C1133_DQ182648 316 (513.0)
denovo194 C1132_DQ182649 327 (511.5)
denovo194 C1143_DQ182634 327 (511.5)
denovo194 C1139_DQ182639 318 (531.0)
denovo194 C15.28_KC597687 329 (582.0)
denovo194 C1141_DQ182636 329 (537.5)
denovo194 C1144_DQ182637 329 (536.0)
denovo194 C1122_DQ182654 329 (546.5)
denovo194 C1127_DQ182652 320 (545.5)
denovo194 C15.30_JX394114 331 (571.0)
denovo194 C15.26_KC597686 325 (561.0)
denovo194 C1086_DQ182656 330 (568.0)
denovo194 C15.25_KC597685 330 (577.0)
denovo194 C1118_AF180127 323 (534.5)
denovo194 C1129_DQ182651 330 (513.5)
denovo194 C15.21_KC597683 321 (568.0)
denovo194 C56_AY589760 329 (556.5)
denovo194 C1140_DQ182638 330 (530.0)
denovo194 C1126_DQ182653 330 (539.0)
denovo194 C15c_AY258492 330 (576.0)
denovo194 C15d_AY258493 330 (585.0)
denovo194 C1098_DQ182641 327 (575.0)
denovo194 C15.27_KC597689 317 (574.5)
denovo194 C15.18_HE579024 329 (565.5)
denovo194 C15.16_HE579022 329 (592.0)
denovo194 C1101_AB253787 330 (559.5)
denovo194 C1083_AY237300 330 (568.5)
denovo194 C1088_DQ182640 330 (585.0)
denovo194 C15.6_FN563472 330 (568.5)
denovo194 C15.5_FJ461512 330 (576.5)
denovo194 C15.4_FJ461511 330 (569.0)
denovo194 C15.13_HE579019 330 (559.5)
denovo194 C15.12_HE579018 330 (568.5)
denovo194 C93a_AM748563 317 (592.5)
denovo194 C1094_AJ291514 317 (574.5)
denovo194 C93_AM748562 317 (583.5)
denovo194 C15.17_HE579023 329 (578.0)
denovo194 C15e_AY589742 330 (571.5)
denovo194 C15.22_KC597695 330 (568.5)
denovo194 C60_AY589764 330 (577.5)
denovo194 C15.1_FJ461508 318 (586.0)
denovo194 C15.2_FJ461509 330 (568.5)
denovo194 C15.9_FN563475 330 (577.0)
denovo194 C15.7_HE579015 331 (571.0)
denovo194 C15.8_HE579016 330 (568.5)
denovo194 C15.15_HE579021 330 (586.5)
denovo194 C15.19_HE579025 330 (577.0)
denovo194 C15.24_KC597696 318 (577.0)
denovo194 C15.3_FJ461510 330 (569.0)
denovo194 C1087_DQ182655 330 (577.5)
denovo194 C15.14_HE579020 320 (578.5)
denovo194 C15.23_KC597697 320 (578.5)
denovo194 C19_AY258479 322 (582.5)
denovo194 C1233_EU118166 330 (568.5)
denovo194 C15b_AY258491 330 (568.5)
denovo194 C15a_AY258476 330 (578.0)
denovo194 C1051_AF195153 330 (586.5)
denovo194 C2_AF333518 331 (585.5)
denovo194 C15.20_HE579026 331 (576.5)
denovo194 C15f_AY589743 331 (575.5)
denovo194 C55_AY589759 334 (575.0)
denovo194 C15_AY239369 330 (577.5)
denovo194 C32.1_JF683335 323 (562.0)
denovo194 C32.2_JF683336 325 (567.0)
denovo194 C21.23_KC597693 325 (567.0)
denovo194 C1193_EU099827 332 (586.5)
denovo194 C1195_EU099821 338 (544.0)
denovo194 C3q_GU907655 325 (572.0)
denovo194 C53_AY589758 332 (556.5)
denovo194 C73_AY765408 328 (586.0)
denovo194 C17.2.1_KC597684 326 (570.0)
denovo194 C32_AY258497 324 (564.5)
denovo194 C1189_EU099831 320 (580.0)
denovo194 C1191_EU099833 320 (589.0)
denovo194 C1196_EU099819 320 (562.0)
denovo194 C1192_EU099820 320 (562.0)
denovo194 C17.1_JF683322 328 (578.0)
denovo194 C26_b2_FN827164 317 (586.5)
denovo194 C26_b3_FN827165 320 (568.5)
denovo194 C31.9_HQ630879 330 (565.0)
denovo194 C31a_AY589746 325 (564.0)
denovo194 C30_AY589745 325 (564.0)
denovo194 C31.1_HQ630876 329 (565.5)
denovo194 C31.5_HQ630877 324 (569.5)
denovo194 C31.6_HQ630878 325 (573.0)
denovo194 C31.2_JF683332 325 (573.0)
denovo194 C31.3_JF683333 325 (564.0)
denovo194 C26/C35a_AY239378 320 (577.5)
denovo194 C35a_AY258501 320 (577.5)
denovo194 C35.2_AY258500 320 (586.5)
denovo194 C26_b1_FN827163 320 (586.5)
denovo194 C17_AY239370 320 (580.0)
denovo194 C17.2_FJ461513 330 (577.0)
denovo194 C31.10_HQ630880 330 (574.0)
denovo194 C31.4_JF683334 329 (562.0)
denovo194 C31_AY258496 325 (573.0)
denovo194 C25_AY239377 330 (569.5)
denovo194 C61_AY589765 327 (543.0)
denovo194 C1043_DQ072721 330 (535.5)
denovo194 C79_AY765414 330 (558.5)
denovo194 C69_AY589773 320 (546.0)
denovo194 C69a_AY686648 320 (537.0)
denovo194 C21.22_KC597692 328 (574.0)
denovo194 C51_AY589756 330 (567.5)
denovo194 C1aa_HM185739 326 (574.5)
denovo194 C1096_DQ068023 330 (555.5)
denovo194 C74_AY765409 329 (578.0)
denovo194 C1185_AB294629 331 (575.0)
denovo194 C1184_AB294630 331 (575.0)
denovo194 C1153_AB294625 325 (583.5)
denovo194 C1154_AB294626 331 (593.0)
denovo194 C1187_AB294627 331 (575.0)
denovo194 C1186_AB294628 331 (575.0)
denovo194 C57_AY589761 331 (583.5)
denovo194 C66_AY589771 331 (584.0)
denovo194 C5_AF499795 321 (576.5)
denovo194 C1167_AB294586 319 (579.0)
denovo194 C1164_AB294593 330 (567.0)
denovo194 C1183_AB294631 330 (585.0)
denovo194 C1067_DQ335381 330 (576.5)
denovo194 C1159_AB294613 321 (582.5)
denovo194 C1150_AB294622 321 (591.5)
denovo194 C90_AM748554 332 (583.5)
denovo194 C1168_AB294583 330 (567.5)
denovo194 C1156_AB294616 318 (577.5)
denovo194 C1151_AB294621 330 (585.5)
denovo194 C92a_AM748561 330 (585.5)
denovo194 C92_AM748560 330 (576.5)
denovo194 C1165_AB294581 330 (576.0)
denovo194 C1166_AB294584 330 (594.0)
denovo194 C1162_AB294594 330 (576.0)
denovo194 C1163_AB294596 321 (586.0)
denovo194 C1161_AB294606 330 (585.0)
denovo194 C1160_AB294608 334 (577.5)
denovo194 C1158_AB294614 330 (593.5)
denovo194 C1155_AB294617 330 (576.0)
denovo194 C1149_AB294620 330 (585.0)
denovo194 C1173_AB294662 330 (594.0)
denovo194 C1171_AB294663 330 (576.0)
denovo194 C1172_AB294665 330 (576.0)
denovo194 C91a_AM748556 330 (585.0)
denovo194 C91b_AM748557 328 (587.5)
denovo194 C91d_AM748559 329 (582.0)
denovo194 C91c_AM748558 329 (582.0)
denovo194 C91_AJ621543 330 (585.0)
denovo194 C91_AM748555 330 (585.0)
denovo194 C1023_DQ335330 299 (560.0)
denovo194 C1020_DQ335392 329 (583.5)
denovo194 C1018_DQ335408 330 (585.5)
denovo194 C1074_DQ335329 330 (576.5)
denovo194 C1030_DQ335353 330 (576.5)
denovo194 C1022_DQ335331 330 (585.5)
denovo194 C1027_DQ335360 330 (586.0)
denovo194 C1072_DQ335344 330 (576.5)
denovo194 C1039_AB190274 330 (584.5)
denovo194 C1033_DQ335350 335 (573.5)
denovo194 C1019_DQ335407 330 (585.5)
denovo194 C1194_EU099826 332 (557.5)
denovo194 C8b_AY258475 331 (554.5)
denovo194 C8_AY239367 332 (563.0)
denovo194 C8a_AY239368 331 (570.0)
denovo194 C54a_AY765406 330 (585.5)
denovo194 C3ff_HM185740 321 (576.5)
denovo194 C59_AY589763 335 (556.5)
denovo194 C3k_AY589737 328 (588.5)
denovo194 C3.24_HE579012 328 (597.5)
denovo194 C3.23_HE579011 328 (588.5)
denovo194 C35.1_AY765401 330 (595.5)
denovo194 C35.3_EF541145 328 (588.5)
denovo194 C76_AY765411 334 (567.0)
denovo194 C1107_DQ335359 330 (553.5)
denovo194 C3.22_HE579010 333 (550.5)
denovo194 C77_AY765412 341 (559.5)
denovo194 C20_AY239371 333 (584.5)
denovo194 C1055_DQ480640 328 (567.0)
denovo194 C27/C30_AY239379 320 (577.5)
denovo194 C27.1_FJ461517 320 (568.5)
denovo194 C40a_AY589747 332 (572.0)
denovo194 C40_AY258485 332 (572.0)
denovo194 C40b_AY589748 330 (563.5)
denovo194 C16_AY258477 333 (575.5)
denovo194 C16a_AY765399 334 (577.5)
denovo194 C1091_AB207186 330 (575.5)
denovo194 C1102_DQ335400 330 (558.5)
denovo194 C1069_DQ335375 330 (576.5)
denovo194 C1073_DQ335332 330 (576.5)
denovo194 C1066_DQ335382 329 (573.0)
denovo194 C1031_DQ335352 330 (585.5)
denovo194 C1026_DQ335366 330 (585.5)
denovo194 C70_AY589774 330 (585.5)
denovo194 C1082_AB190267 330 (567.5)
denovo194 C1078_AB190271 325 (580.0)
denovo194 C1090_AB207191 330 (576.5)
denovo194 C1071_DQ335302 330 (576.5)
denovo194 C1075_DQ335328 330 (576.5)
denovo194 C1068_DQ335379 331 (569.5)
denovo194 C1064_DQ335395 330 (567.5)
denovo194 C1063_DQ335403 324 (578.0)
denovo194 C62_AY589766 330 (576.5)
denovo194 C1077_DQ335316 331 (576.0)
denovo194 C1109_DQ335338 330 (576.5)
denovo194 C1110_DQ335340 328 (570.5)
denovo194 C1106_DQ335339 330 (566.5)
denovo194 C1112_DQ335319 330 (575.5)
denovo194 C1108_DQ335351 330 (566.5)
denovo194 C1105_DQ335394 330 (575.5)
denovo194 C1121_DQ335378 332 (573.5)
denovo194 C1116_AB190268 332 (574.5)
denovo194 C1115_AB190273 332 (573.5)
denovo194 C1124_DQ335323 330 (557.5)
denovo194 C1120_DQ335398 330 (557.5)
denovo194 C1119_DQ335404 330 (566.5)
denovo194 C1123_DQ335363 330 (566.5)
denovo194 C1004_DQ480635 330 (576.0)
denovo194 C1061_AY186568 330 (567.0)
denovo194 C1053_AY186569 330 (576.0)
denovo194 C1003_DQ480639 330 (576.0)
denovo194 C81_GU907657 320 (574.0)
denovo194 C22_AY239373 325 (587.0)
denovo194 C22a_AY239374 327 (583.5)
denovo194 C1232_EU118163 333 (584.5)
denovo194 C21.13_FJ461515 320 (562.0)
denovo194 C21.1_JF683323 318 (574.0)
denovo194 C21.3_JF683325 324 (574.5)
denovo194 C1.20_HE578993 330 (567.5)
denovo194 C1.22_HE578995 330 (558.5)
denovo194 C52_AY589757 329 (576.0)
denovo194 C1201_EU099793 330 (536.5)
denovo194 C14_AY589741 325 (573.5)
denovo194 C43_AY589749 326 (573.0)
denovo194 C50_AY589755 330 (585.5)
denovo194 C3.14_HQ630872 330 (567.5)
denovo194 C1m_AY765398 329 (573.0)
denovo194 C82_GU907658 330 (576.0)
denovo194 C82b_GU907660 330 (576.0)
denovo194 C64_AY589768 330 (584.5)
denovo194 C45a_AY765404 340 (568.0)
denovo194 C48_AY589753 331 (589.5)
denovo194 C1_v1b_FJ919244 329 (573.0)
denovo194 C1_v1a_FJ919243 329 (573.0)
denovo194 C3j_AY239366 330 (567.5)
denovo194 C3t_EF541149 330 (576.5)
denovo194 C9_AF499798 332 (581.0)
denovo194 C23_AY239375 329 (582.0)
denovo194 C37_AY258481 328 (571.0)
denovo194 C1048_DQ068026 332 (572.0)
denovo194 C21.4_JF683326 320 (580.0)
denovo194 C21.5_JF683327 320 (580.0)
denovo194 C1070_DQ335349 330 (594.5)
denovo194 C21.6_HQ630873 320 (598.0)
denovo194 C1224_EU074890 329 (591.0)
denovo194 C1.17_HE578990 329 (591.0)
denovo194 C21_b1_FN827162 321 (583.0)
denovo194 C21.9_JF683330 321 (592.0)
denovo194 C1085_AY624605 330 (576.5)
denovo194 C3p_GU907654 329 (586.5)
denovo194 C3f_AY589734 330 (585.5)
denovo194 C65a_AY589770 329 (582.0)
denovo194 C65_AY589769 329 (591.0)
denovo194 C71_AY589775 329 (582.0)
denovo194 C71a_AY589776 329 (573.0)
denovo194 C1178_AB294647 330 (570.5)
denovo194 C1225_EU074893 318 (586.0)
denovo194 C75_AY765410 330 (576.5)
denovo194 C21.10_JF683331 324 (583.5)
denovo194 C21.11_HQ630874 324 (583.5)
denovo194 C1065_DQ335388 330 (585.5)
denovo194 C1045_DQ068036 330 (594.5)
denovo194 C1h_AY258473 329 (591.0)
denovo194 C38_AY258482 331 (587.5)
denovo194 C1202_EU099799 330 (585.5)
denovo194 C7_AF499797 330 (594.5)
denovo194 C12_AF499801 332 (584.0)
denovo194 C38a_AY258483 331 (593.0)
denovo194 C1200_EU099800 321 (592.5)
denovo194 C44a_AY589751 331 (578.5)
denovo194 C47_AY589752 333 (574.5)
denovo194 C44_AY589750 333 (574.5)
denovo194 C1.15_HE578988 320 (582.0)
denovo194 C45.3_FJ461522 323 (581.0)
denovo194 C46a_AY765405 332 (581.0)
denovo194 C46_EU449108 332 (581.0)
denovo194 C3.12_FJ461507 333 (584.5)
denovo194 C1k_AY589733 333 (574.0)
denovo194 C67_AY686647 332 (581.0)
denovo194 C82a_GU907659 332 (581.0)
denovo194 C10a_AY589739 332 (572.0)
denovo194 C10_AF499799 332 (572.0)
denovo194 C13_AY589740 332 (578.5)
denovo194 C4_AF499794 332 (572.0)
denovo194 C1147_EF656433 332 (572.0)
denovo194 C1c/C45_AY239364 332 (581.0)
denovo194 C1c/C45_EU449103 332 (581.0)
denovo194 C21.19_HE579031 317 (580.0)
denovo194 C21.21_HE579033 318 (564.5)
denovo194 C21.20_HE579032 318 (573.5)
denovo194 C42b_AY765403 332 (563.0)
denovo194 C42_AY258487 332 (572.0)
denovo194 C1p_GU907652 329 (573.0)
denovo194 C1d_AY258488 332 (563.0)
denovo194 C42_AY765402 332 (572.0)
denovo194 C3ha_AY589736 320 (580.0)
denovo194 C63a_AY589767 330 (595.0)
denovo194 C21a_AY589744 320 (589.0)
denovo194 C3o_GU907653 320 (588.5)
denovo194 C21.16_HQ630875 320 (588.5)
denovo194 C21.2_JF683324 325 (587.0)
denovo194 C21.7_JF683328 320 (589.0)
denovo194 C21.8_JF683329 320 (589.0)
denovo194 C3h_AY239365 320 (589.0)
denovo194 C1203_EU099798 320 (580.0)
denovo194 C3.10_FJ461505 330 (594.5)
denovo194 C21.14_FJ461516 320 (598.0)
denovo194 C21.18_HE579030 328 (582.5)
denovo194 C3.17_HE579005 330 (576.5)
denovo194 C3.9_FJ461504 331 (569.0)
denovo194 C3.8_FJ461503 330 (585.5)
denovo194 C3.7_FJ461502 330 (576.5)
denovo194 C3.11_FJ461506 329 (583.5)
denovo194 C3.18_HE579006 330 (576.5)
denovo194 C3.19_HE579007 330 (576.5)
denovo194 C3.20_HE579008 330 (576.5)
denovo194 C3g_AY589735 332 (566.0)
denovo194 C3a_AF499790 328 (588.5)
denovo194 C3e_AF499793 330 (576.5)
denovo194 C6_AF499796 321 (586.0)
denovo194 C11_AF499800 330 (576.5)
denovo194 C36_AY258480 330 (576.5)
denovo194 C29_AY258494 330 (594.5)
denovo194 C1146_EF656434 331 (579.0)
denovo194 C1190_EU099841 330 (594.5)
denovo194 C131_JF320826 330 (576.5)
denovo194 C28_AY239380 333 (588.0)
denovo194 C1012_DQ480604 330 (585.5)
denovo194 C1181_AB294640 330 (579.5)
denovo194 C1180_AB294641 330 (579.5)
denovo194 C1179_AB294645 331 (563.5)
denovo194 C1176_AB294651 328 (573.5)
denovo194 C1175_AB294653 330 (561.5)
denovo194 C1174_AB294655 330 (570.5)
denovo194 C1177_AB294659 330 (570.5)
denovo194 C1040_AB190269 330 (585.5)
denovo194 C1182_AB294649 330 (576.5)
denovo194 C1089_AJ278598 330 (576.5)
denovo194 C1028_DQ335357 332 (592.5)
denovo194 C3.16_EU786015 330 (594.5)
denovo194 C1097_AJ311943 331 (575.0)
denovo194 C1170_AB294661 331 (564.5)
denovo194 C21.17_HE579029 321 (585.0)
denovo194 C21/3d/C3k_AY239372 320 (589.0)
denovo194 C58_AY589762 324 (589.0)
denovo194 C3L_AY589738 333 (583.0)
denovo194 C1169_AB294660 330 (570.5)
denovo194 C3.2_FJ461497 331 (582.5)
denovo194 C3.1_JF683321 329 (585.0)
denovo194 C1104_AF427469 331 (575.5)
denovo194 C3b_AF499791 331 (584.0)
denovo194 C83_GU907661 331 (581.5)
denovo194 C49_AY589754 353 (599.5)
denovo194 C3_AB778606 330 (585.5)
denovo194 C3_AF499789 330 (585.5)
denovo194 C3_HE579001 330 (585.5)
denovo194 C21.12_FJ461514 320 (571.0)
denovo194 C1229_EU074888 320 (577.5)
denovo194 C1230_EU074889 320 (586.5)
denovo194 C1114_AB207196 330 (567.5)
denovo194 C3.21_HE579009 329 (523.5)
denovo194 C1057_DQ480619 330 (576.5)
denovo194 C72_AY765407 324 (575.5)
denovo194 C1b.3_HE578999 330 (570.0)
denovo194 C93_AJ621536 330 (576.5)
denovo194 C94_AJ621539 329 (573.0)
denovo194 C1g_AY589730 329 (591.0)
denovo194 C1i_AY589731 329 (582.0)
denovo194 C1j_AY589732 331 (589.0)
denovo194 C1005_DQ480633 329 (583.0)
denovo194 C1.7_FJ461494 329 (573.0)
denovo194 C1.11_HE578984 329 (582.0)
denovo194 C1.12_HE578985 329 (582.0)
denovo194 C1.13_HE578986 330 (576.5)
denovo194 C1.14_HE578987 329 (582.0)
denovo194 C1.18_HE578991 329 (591.0)
denovo194 C1.19_HE578992 329 (582.0)
denovo194 C1199_EU099802 330 (560.5)
denovo194 C1188_EU099838 330 (575.5)
denovo194 C1002_DQ838544 331 (579.0)
denovo194 C1198_EU099810 329 (573.0)
denovo194 C24_AY239376 329 (573.0)
denovo194 C1f_AY258490 329 (582.0)
denovo194 C1006_DQ480629 329 (582.0)
denovo194 C1010_DQ480607 329 (574.0)
denovo194 C1007_DQ480624 329 (573.0)
denovo194 C1011_DQ480605 329 (573.0)
denovo194 C1009_DQ480608 333 (575.0)
denovo194 C1041_AY186548 329 (582.0)
denovo194 C1052_AY186570 329 (573.0)
denovo194 C1148_EU040178 330 (575.5)
denovo194 C1234_EU118165 331 (565.5)
denovo194 C1.5_EF634157 329 (582.0)
denovo194 C1059_DQ480609 329 (573.0)
denovo194 C1228_EU074883 329 (573.0)
denovo194 C1208_EU074963 329 (573.0)
denovo194 C1207_EU074964 329 (582.0)
denovo194 C1206_EU074965 329 (573.0)
denovo194 C1013_DQ480642 327 (577.0)
denovo194 C80_GU907656 343 (579.0)
denovo194 C1a_AF499788 329 (582.0)
denovo194 C41_AY258486 329 (582.0)
denovo194 C39_AY258484 318 (579.5)
denovo194 C1231_EU074878 329 (573.0)
denovo194 C1b.1_HE578997 330 (570.0)
denovo194 C18_AY258478 330 (575.5)
denovo194 C1.10_HE578983 329 (579.5)
denovo194 C1_JN558041 329 (582.0)
denovo194 C1_HE578979 329 (582.0)
denovo194 C1_AM748551 329 (582.0)
denovo194 C1_AF333515 329 (582.0)
denovo194 C1054_AY186565 329 (588.0)
denovo194 C1008_DQ480613 329 (573.0)
denovo194 C1103_AF427470 330 (572.0)
denovo194 C1226_EU074881 333 (574.0)
denovo194 C1b/C1e_AY239363 330 (579.0)
denovo194 C1044_DQ068038 329 (567.0)
denovo194 C1017_DQ174729 331 (569.0)
denovo194 C1.6_FJ461493 329 (591.0)
denovo194 C1b.2_HE578998 330 (570.0)
denovo194 C1060_DQ480600 329 (573.0)
denovo194 C1227_EU074882 329 (573.0)
denovo194 C1197_EU099814 329 (573.0)
denovo194 C1130_DQ480643 329 (475.5)
denovo194 D109_AB097465 351 (449.0)
denovo194 D1.11_HE579040 344 (456.0)
denovo194 D105_AF174570 339 (458.5)
denovo194 D104_AF174572 352 (451.0)
denovo194 D1.3_JF683337 363 (449.5)
denovo194 D1.10_HE579039 344 (447.0)
denovo194 D110_AF174561 344 (447.0)
denovo194 D117_AF174542 344 (447.0)
denovo194 D114_AF174549 344 (456.0)
denovo194 D113_AF174557 344 (455.5)
denovo194 D112_AF174558 351 (449.5)
denovo194 D106_AF174559 351 (458.5)
denovo194 D111_AF174560 344 (456.0)
denovo194 D115_AF174562 344 (456.0)
denovo194 D107_AF174568 344 (456.0)
denovo194 D116_AF174571 363 (440.5)
denovo194 D124_EU074897 349 (452.5)
denovo194 D1.8_HE579037 344 (456.0)
denovo194 D3_AY686650 344 (456.0)
denovo194 D1.6_HQ630881 363 (449.5)
denovo194 D120_EU074900 345 (440.5)
denovo194 D121_EU074904 363 (449.5)
denovo194 D122_EU074905 355 (451.0)
denovo194 D1a.2_JF683339 342 (452.0)
denovo194 D1a.1_JF683338 341 (455.5)
denovo194 D2_AY686649 580 (511.5)
denovo194 D4_DQ865214 360 (445.5)
denovo194 D1a_AF499802 345 (449.5)
denovo194 D1a_JN558078 345 (449.5)
denovo194 D123_EU074895 344 (456.0)
denovo194 D108_AF174567 363 (458.5)
denovo194 D103_AF174575 345 (449.5)
denovo194 D100_AF411415 344 (456.0)
denovo194 D118_EF656435 345 (458.0)
denovo194 D101_AF411416 348 (446.0)
denovo194 D119_EU099832 366 (442.5)
denovo194 D102_AF174573 343 (456.5)
denovo194 D1_AF334660 344 (456.0)
denovo194 D1_JN558076 344 (456.0)
denovo194 D1.12_HE579041 329 (448.5)
denovo194 D1.1_AM748564 415 (445.5)
denovo194 D1.2_AM748617 422 (455.5)
denovo194 E111_EU074915 351 (433.5)
denovo194 E110_EU074914 347 (438.0)
denovo194 E114_EU074909 342 (424.0)
denovo194 E1_AF334659 347 (425.5)
denovo194 E105_EU074921 346 (435.5)
denovo194 E112_EU074916 346 (417.5)
denovo194 E104_EU074922 346 (426.5)
denovo194 E102_EU074924 346 (417.5)
denovo194 E103_EU074923 346 (426.5)
denovo194 E101_AY160123 348 (411.5)
denovo194 E109_EU074913 339 (423.5)
denovo194 E100_DQ011618 333 (442.5)
denovo194 E108_EU074912 337 (444.5)
denovo194 E113_EU074908 337 (447.0)
denovo194 E107_EU074910 337 (444.5)
denovo194 F1_JN558066 325 (589.0)
denovo194 F5.2d_AJ291530 333 (595.5)
denovo194 F104_AJ291531 333 (595.5)
denovo194 F5.2c_AM748596 333 (595.5)
denovo194 F5.2_AM748594 323 (592.0)
denovo194 F5.2a_AM748614 323 (592.0)
denovo194 F5.2b_AM748595 333 (595.5)
denovo194 F5.2e_AJ291533 324 (587.5)
denovo194 F5.2g_JN558072 324 (612.5)
denovo194 F5.2f_AJ291512 324 (612.5)
denovo194 F102_AJ291534 324 (612.5)
denovo194 F5.1c_AM748593 334 (605.5)
denovo194 F5.1d_JN558069 337 (596.0)
denovo194 F5.1b_AJ291535 333 (629.5)
denovo194 F5.1_AM748592 333 (620.5)
denovo194 F5.1a_AM748591 333 (629.5)
denovo194 F110_AJ291526 322 (661.0)
denovo194 F4.7_AM748587 321 (643.5)
denovo194 F4.5_AM748585 320 (626.5)
denovo194 F4.4a_AM748583 313 (645.0)
denovo194 F4.4_AM748582 315 (638.0)
denovo194 F4.4b_AM748584 311 (654.5)
denovo194 F4.1a_AM748573 318 (613.5)
denovo194 F112_AJ291528 320 (611.5)
denovo194 F4.1_AM748572 320 (602.5)
denovo194 F4.8b_AM748590 318 (620.5)
denovo194 F4.8_AM748588 315 (621.0)
denovo194 F4.8a_AM748589 315 (621.0)
denovo194 F109_AJ291527 315 (635.5)
denovo194 F4.6_AM748586 320 (611.5)
denovo194 F111_AJ311949 313 (632.0)
denovo194 F4.3c_AM748581 313 (641.5)
denovo194 F4.3a_AM748579 313 (641.5)
denovo194 F4.3b_AM748580 313 (650.5)
denovo194 F4.3_AM748578 313 (641.5)
denovo194 F4.2_AM748574 320 (656.0)
denovo194 F4.2a_AM748575 321 (635.0)
denovo194 F4.2c_AM748577 321 (641.0)
denovo194 F4.2b_AM748576 321 (644.0)
denovo194 F2b_AJ291521 324 (619.0)
denovo194 F2_AJ830908 324 (610.5)
denovo194 F2a_AJ830911 324 (606.0)
denovo194 F3.1a_AM748566 343 (570.0)
denovo194 F114_AJ291525 343 (588.0)
denovo194 F3.1_AM748565 343 (579.0)
denovo194 F3.2_AM748567 338 (608.0)
denovo194 F3.2a_AM748568 333 (602.0)
denovo194 F3.3_AM748569 338 (614.5)
denovo194 F3.4a_AM748571 335 (578.0)
denovo194 F3.4_AM748570 335 (578.0)
denovo194 F3.4b_AM748616 333 (581.5)
denovo194 G101_AJ291539 346 (485.0)
denovo194 G1_AM748597 346 (485.0)
denovo194 G2b_JN558087 349 (478.5)
denovo194 G2_AM748598 348 (467.0)
denovo194 G2a_AM748599 348 (467.0)
denovo194 G4_AM748601 345 (509.5)
denovo194 G3.4_LK392378 343 (486.0)
denovo194 G3_AM748600 349 (476.5)
denovo194 G3.2_KC597694 328 (437.5)
denovo194 G3.1_KC597688 342 (493.0)
denovo194 G100_AB253788 336 (484.5)
denovo194 G3.3_LK392377 336 (484.0)
denovo194 H6_AJ291520 627 (294.0)
denovo194 H3_AM748606 321 (468.0)
denovo194 H2_AM748605 331 (478.5)
denovo194 H4_AM748607 328 (481.0)
denovo194 H4a_AM748608 329 (489.5)
denovo194 H5a_AM748611 333 (485.0)
denovo194 H5b_AM748610 336 (483.5)
denovo194 H5_AJ621129 333 (485.0)
denovo194 H5_AM748609 333 (485.0)
denovo194 H100_AJ291513 332 (473.5)
denovo194 H1b_AM748604 340 (473.5)
denovo194 H1a_AM748612 334 (483.5)
denovo194 H1_AJ621152 332 (477.5)
denovo194 H1_AM748602 332 (477.5)
denovo194 I3_FN561561 341 (672.0)
denovo194 I4_FN561562 341 (672.0)
denovo194 I1_FN561559 329 (663.5)
denovo194 I2_FN561560 337 (678.0)

#---------------------------------------
#---------------------------------------
