denovo123 A136_DQ865210 332 (521.0)
denovo123 A133_DQ174725 358 (506.0)
denovo123 A115_AF180123 341 (505.0)
denovo123 A117_AF201746 346 (518.0)
denovo123 A134_DQ174723 348 (523.5)
denovo123 A114_AF184941 348 (523.5)
denovo123 A135_DQ174727 345 (524.0)
denovo123 A2_AF333506 345 (520.0)
denovo123 A101_AF427468 345 (515.0)
denovo123 A2_1_JN558097 345 (515.0)
denovo123 A2_2_JN558100 345 (515.0)
denovo123 A113_AF184948 335 (523.5)
denovo123 A112_AF184949 347 (497.0)
denovo123 A123_EF378618 351 (338.0)
denovo123 A137_EF378621 344 (335.0)
denovo123 A11_EU449041 341 (533.0)
denovo123 A121_DQ174722 344 (519.0)
denovo123 A15b_EU792886 344 (484.5)
denovo123 A15a_EU792885 344 (502.0)
denovo123 A15c_EU792887 344 (493.0)
denovo123 A15_EU792884 344 (493.5)
denovo123 A147_EU074937 340 (519.0)
denovo123 A154_EU074860 340 (519.0)
denovo123 A146_EU074936 339 (514.5)
denovo123 A150_EU074928 346 (518.0)
denovo123 A116_AF183575 348 (521.5)
denovo123 A141_EU074931 339 (523.5)
denovo123 A5_AF333508 342 (530.5)
denovo123 A3b_EU449043 340 (528.0)
denovo123 A151_EU074925 347 (512.5)
denovo123 A152_EU074927 353 (511.0)
denovo123 A149_EU074929 340 (519.0)
denovo123 A140_EU074930 340 (510.0)
denovo123 A142_EU074932 340 (510.0)
denovo123 A143_EU074933 343 (519.0)
denovo123 A144_EU074934 340 (510.0)
denovo123 A145_EU074935 343 (518.0)
denovo123 A148_EU074938 348 (512.5)
denovo123 A155_EU074856 340 (510.0)
denovo123 A156_EU074859 340 (510.0)
denovo123 A139_EU074962 340 (510.0)
denovo123 A6_AF186058 340 (519.0)
denovo123 A3_AF333507 340 (519.0)
denovo123 A3_JN558091 340 (519.0)
denovo123 A8_AY258468 340 (492.0)
denovo123 A7_AY239360 340 (501.5)
denovo123 A16_EU792888 340 (510.5)
denovo123 A4.3_FN429763 350 (500.0)
denovo123 A120_AF180122 345 (494.5)
denovo123 A4.2_FN429761 348 (491.0)
denovo123 A4_AF333509 348 (519.0)
denovo123 A4.1_FN429760 347 (514.0)
denovo123 A4a_AF499778 347 (526.0)
denovo123 A4a.1_FN429762 347 (526.0)
denovo123 A138_EF378620 353 (462.5)
denovo123 A122_EF378619 352 (499.5)
denovo123 A126_EF378615 351 (500.5)
denovo123 A10_EU792882 351 (500.5)
denovo123 A9_EU449028 345 (502.5)
denovo123 A105_AB207202 348 (518.0)
denovo123 A119_AF180121 345 (501.0)
denovo123 A12_EU792883 350 (507.5)
denovo123 A104_AB207203 344 (517.5)
denovo123 A1a_EU449030 345 (519.5)
denovo123 A1.3_HE578976 352 (511.0)
denovo123 A1.4_HE578977 350 (516.0)
denovo123 A13_AF333504 350 (515.0)
denovo123 A13_JN558094 350 (515.0)
denovo123 A110_AB190282 344 (505.0)
denovo123 A103_AB207206 341 (515.0)
denovo123 A130_EF656428 352 (512.0)
denovo123 A127_EF656429 352 (521.0)
denovo123 A128_EF656430 352 (503.0)
denovo123 A129_EF656431 353 (514.5)
denovo123 A131_EF656432 350 (516.0)
denovo123 A118_AF180120 351 (503.0)
denovo123 A1_AF333505 352 (512.0)
denovo123 A107_AB207199 351 (518.5)
denovo123 A111_AB190280 351 (518.5)
denovo123 A108_AB207197 358 (497.5)
denovo123 A106_AB207200 351 (518.0)
denovo123 A102_AB207209 351 (518.5)
denovo123 A1.2_AB207210 351 (518.5)
denovo123 A109_AB190285 351 (518.0)
denovo123 B4_AF333510 321 (1148.5)
denovo123 B23_EU449079 307 (1258.5)
denovo123 B30_GU907644 307 (1240.5)
denovo123 B11_AY239361 308 (1370.5)
denovo123 B17_AY258470 306 (1390.0)
denovo123 B1k_GU907638 308 (705.5)
denovo123 B1.V_Green2014 313 (1347.5)
denovo123 B1b_AF499780 306 (1321.5)
denovo123 B16_AY258469 306 (1399.0)
denovo123 B31a_GU907646 306 (1399.0)
denovo123 B32_GU907647 306 (1399.0)
denovo123 B31_GU907645 306 (1408.0)
denovo123 B1j_GU907637 306 (1399.0)
denovo123 B37_GU907650 308 (1397.5)
denovo123 B5a_AF499782 306 (1399.0)
denovo123 B5_AF499781 306 (1408.0)
denovo123 B24_GU907643 306 (1239.0)
denovo123 B117_AF180124 306 (1290.5)
denovo123 B10_AF499787 306 (1399.0)
denovo123 B20_GU907642 308 (1382.5)
denovo123 B1m_GU907640 306 (1408.0)
denovo123 B34_GU907649 306 (1408.0)
denovo123 B1d_GU907633 306 (1408.0)
denovo123 B1e_GU907634 306 (1408.0)
denovo123 B1i_GU907636 306 (1408.0)
denovo123 B1g_GU907635 307 (1389.0)
denovo123 B123_EU074872 306 (1399.0)
denovo123 B8_AF499785 307 (1398.0)
denovo123 B1l_GU907639 306 (1408.0)
denovo123 B1a_AF499779 306 (1408.0)
denovo123 B14_AY239362 307 (1398.0)
denovo123 B125_EU074865 306 (1408.0)
denovo123 B122_EU074871 306 (1408.0)
denovo123 B124_EU074874 306 (1408.0)
denovo123 B1.VII_Green2014 306 (1338.0)
denovo123 B1.III_Green2014 306 (1336.0)
denovo123 B1.I_Green2014 306 (1417.0)
denovo123 B1.II_Green2014 306 (1417.0)
denovo123 B1_JN558057 306 (1417.0)
denovo123 B1_AF333511 306 (1417.0)
denovo123 B1.IV_Green2014 316 (1402.5)
denovo123 B121_EU074870 306 (1417.0)
denovo123 B7_AF499784 306 (1426.0)
denovo123 B1.VI_Green2014 307 (1357.0)
denovo123 B3_AF333514 306 (1295.5)
denovo123 B9_AF499786 306 (1304.5)
denovo123 B19a_JN558055 306 (1195.5)
denovo123 B119_EU099825 315 (1230.0)
denovo123 B21_DQ865213 306 (1282.0)
denovo123 B38_GU907651 306 (1282.0)
denovo123 B18_AY258471 306 (1322.5)
denovo123 B18a_AY258472 306 (1313.5)
denovo123 B33_GU907648 306 (1313.5)
denovo123 B6_AF499783 311 (1319.0)
denovo123 B19_DQ865212 306 (1331.5)
denovo123 B19_GU907641 306 (1331.5)
denovo123 B2_AF333512 306 (1322.5)
denovo123 B2_JN558060 306 (1322.5)
denovo123 C33.1_AY258498 325 (681.5)
denovo123 C33.2_AY765400 325 (681.5)
denovo123 C33a_EF541147 325 (681.5)
denovo123 C34_AY258499 325 (681.5)
denovo123 C78_AY765413 324 (659.5)
denovo123 C15.29_KC597690 328 (643.5)
denovo123 C1131_DQ182650 332 (637.0)
denovo123 C1135_DQ182646 325 (635.5)
denovo123 C1134_DQ182647 327 (623.0)
denovo123 C1142_DQ182635 327 (632.0)
denovo123 C1136_DQ182644 322 (614.5)
denovo123 C1111_DQ182645 325 (624.0)
denovo123 C1236_EF473656 325 (615.0)
denovo123 C1138_DQ182642 322 (624.5)
denovo123 C1137_DQ182643 325 (615.0)
denovo123 C1133_DQ182648 325 (615.0)
denovo123 C1132_DQ182649 325 (615.0)
denovo123 C1143_DQ182634 325 (624.0)
denovo123 C1139_DQ182639 327 (632.0)
denovo123 C15.28_KC597687 327 (696.0)
denovo123 C1141_DQ182636 327 (641.0)
denovo123 C1144_DQ182637 327 (650.0)
denovo123 C1122_DQ182654 327 (659.0)
denovo123 C1127_DQ182652 327 (659.0)
denovo123 C15.30_JX394114 325 (689.0)
denovo123 C15.26_KC597686 325 (680.5)
denovo123 C1086_DQ182656 329 (683.0)
denovo123 C15.25_KC597685 329 (692.0)
denovo123 C1118_AF180127 331 (631.5)
denovo123 C1129_DQ182651 326 (628.5)
denovo123 C15.21_KC597683 324 (660.0)
denovo123 C56_AY589760 323 (674.0)
denovo123 C1140_DQ182638 326 (646.5)
denovo123 C1126_DQ182653 326 (637.5)
denovo123 C15c_AY258492 323 (693.0)
denovo123 C15d_AY258493 322 (699.5)
denovo123 C1098_DQ182641 324 (693.5)
denovo123 C15.27_KC597689 326 (683.5)
denovo123 C15.18_HE579024 325 (680.0)
denovo123 C15.16_HE579022 326 (701.5)
denovo123 C1101_AB253787 326 (674.5)
denovo123 C1083_AY237300 326 (683.5)
denovo123 C1088_DQ182640 328 (688.5)
denovo123 C15.6_FN563472 326 (683.5)
denovo123 C15.5_FJ461512 326 (674.0)
denovo123 C15.4_FJ461511 326 (683.0)
denovo123 C15.13_HE579019 326 (674.5)
denovo123 C15.12_HE579018 326 (683.5)
denovo123 C93a_AM748563 324 (705.0)
denovo123 C1094_AJ291514 324 (687.0)
denovo123 C93_AM748562 324 (696.0)
denovo123 C15.17_HE579023 325 (674.5)
denovo123 C15e_AY589742 328 (692.0)
denovo123 C15.22_KC597695 326 (683.5)
denovo123 C60_AY589764 326 (683.5)
denovo123 C15.1_FJ461508 326 (683.5)
denovo123 C15.2_FJ461509 326 (683.5)
denovo123 C15.9_FN563475 326 (700.5)
denovo123 C15.7_HE579015 325 (698.0)
denovo123 C15.8_HE579016 326 (683.5)
denovo123 C15.15_HE579021 326 (683.5)
denovo123 C15.19_HE579025 326 (692.5)
denovo123 C15.24_KC597696 326 (674.5)
denovo123 C15.3_FJ461510 326 (683.0)
denovo123 C1087_DQ182655 326 (692.5)
denovo123 C15.14_HE579020 330 (682.5)
denovo123 C15.23_KC597697 330 (682.5)
denovo123 C19_AY258479 325 (702.0)
denovo123 C1233_EU118166 326 (683.5)
denovo123 C15b_AY258491 326 (683.5)
denovo123 C15a_AY258476 326 (692.0)
denovo123 C1051_AF195153 326 (701.5)
denovo123 C2_AF333518 327 (700.5)
denovo123 C15.20_HE579026 330 (691.5)
denovo123 C15f_AY589743 328 (685.5)
denovo123 C55_AY589759 332 (696.0)
denovo123 C15_AY239369 326 (692.5)
denovo123 C32.1_JF683335 327 (647.0)
denovo123 C32.2_JF683336 327 (647.0)
denovo123 C21.23_KC597693 327 (647.0)
denovo123 C1193_EU099827 337 (657.5)
denovo123 C1195_EU099821 334 (660.0)
denovo123 C3q_GU907655 333 (651.0)
denovo123 C53_AY589758 329 (655.5)
denovo123 C73_AY765408 333 (665.5)
denovo123 C17.2.1_KC597684 327 (636.0)
denovo123 C32_AY258497 331 (657.0)
denovo123 C1189_EU099831 326 (653.0)
denovo123 C1191_EU099833 325 (659.5)
denovo123 C1196_EU099819 326 (635.0)
denovo123 C1192_EU099820 326 (635.0)
denovo123 C17.1_JF683322 326 (653.0)
denovo123 C26_b2_FN827164 329 (648.5)
denovo123 C26_b3_FN827165 327 (634.5)
denovo123 C31.9_HQ630879 328 (639.5)
denovo123 C31a_AY589746 328 (636.0)
denovo123 C30_AY589745 328 (636.0)
denovo123 C31.1_HQ630876 332 (637.5)
denovo123 C31.5_HQ630877 328 (645.5)
denovo123 C31.6_HQ630878 328 (645.0)
denovo123 C31.2_JF683332 328 (645.0)
denovo123 C31.3_JF683333 328 (636.0)
denovo123 C26/C35a_AY239378 327 (643.5)
denovo123 C35a_AY258501 327 (643.5)
denovo123 C35.2_AY258500 327 (652.5)
denovo123 C26_b1_FN827163 327 (652.5)
denovo123 C17_AY239370 326 (653.0)
denovo123 C17.2_FJ461513 328 (652.0)
denovo123 C31.10_HQ630880 328 (648.5)
denovo123 C31.4_JF683334 332 (633.5)
denovo123 C31_AY258496 328 (645.0)
denovo123 C25_AY239377 326 (694.5)
denovo123 C61_AY589765 330 (643.0)
denovo123 C1043_DQ072721 326 (642.0)
denovo123 C79_AY765414 329 (663.5)
denovo123 C69_AY589773 321 (676.0)
denovo123 C69a_AY686648 321 (667.0)
denovo123 C21.22_KC597692 334 (639.0)
denovo123 C51_AY589756 325 (662.5)
denovo123 C1aa_HM185739 328 (671.0)
denovo123 C1096_DQ068023 327 (665.5)
denovo123 C74_AY765409 335 (695.0)
denovo123 C1185_AB294629 334 (692.0)
denovo123 C1184_AB294630 334 (692.0)
denovo123 C1153_AB294625 334 (692.0)
denovo123 C1154_AB294626 333 (707.5)
denovo123 C1187_AB294627 334 (692.0)
denovo123 C1186_AB294628 334 (692.0)
denovo123 C57_AY589761 334 (701.0)
denovo123 C66_AY589771 334 (701.0)
denovo123 C5_AF499795 329 (683.0)
denovo123 C1167_AB294586 326 (683.5)
denovo123 C1164_AB294593 326 (683.5)
denovo123 C1183_AB294631 326 (701.5)
denovo123 C1067_DQ335381 326 (674.0)
denovo123 C1159_AB294613 328 (685.5)
denovo123 C1150_AB294622 328 (694.5)
denovo123 C90_AM748554 330 (706.0)
denovo123 C1168_AB294583 329 (692.0)
denovo123 C1156_AB294616 329 (701.0)
denovo123 C1151_AB294621 329 (710.0)
denovo123 C92a_AM748561 329 (710.0)
denovo123 C92_AM748560 329 (701.0)
denovo123 C1165_AB294581 326 (692.5)
denovo123 C1166_AB294584 326 (710.5)
denovo123 C1162_AB294594 326 (692.5)
denovo123 C1163_AB294596 326 (702.0)
denovo123 C1161_AB294606 326 (701.5)
denovo123 C1160_AB294608 330 (694.0)
denovo123 C1158_AB294614 326 (702.0)
denovo123 C1155_AB294617 326 (692.5)
denovo123 C1149_AB294620 326 (710.5)
denovo123 C1173_AB294662 326 (710.5)
denovo123 C1171_AB294663 326 (692.5)
denovo123 C1172_AB294665 326 (692.5)
denovo123 C91a_AM748556 329 (710.0)
denovo123 C91b_AM748557 329 (701.0)
denovo123 C91d_AM748559 328 (698.5)
denovo123 C91c_AM748558 328 (698.5)
denovo123 C91_AJ621543 326 (701.5)
denovo123 C91_AM748555 326 (701.5)
denovo123 C1023_DQ335330 317 (653.5)
denovo123 C1020_DQ335392 326 (674.0)
denovo123 C1018_DQ335408 329 (683.0)
denovo123 C1074_DQ335329 326 (674.0)
denovo123 C1030_DQ335353 326 (674.0)
denovo123 C1022_DQ335331 326 (674.0)
denovo123 C1027_DQ335360 326 (692.0)
denovo123 C1072_DQ335344 326 (674.0)
denovo123 C1039_AB190274 330 (686.0)
denovo123 C1033_DQ335350 331 (671.0)
denovo123 C1019_DQ335407 326 (683.0)
denovo123 C1194_EU099826 328 (665.5)
denovo123 C8b_AY258475 327 (670.5)
denovo123 C8_AY239367 328 (679.0)
denovo123 C8a_AY239368 328 (670.0)
denovo123 C54a_AY765406 326 (683.0)
denovo123 C3ff_HM185740 326 (692.0)
denovo123 C59_AY589763 332 (674.5)
denovo123 C3k_AY589737 326 (683.5)
denovo123 C3.24_HE579012 325 (690.0)
denovo123 C3.23_HE579011 326 (683.5)
denovo123 C35.1_AY765401 329 (692.0)
denovo123 C35.3_EF541145 329 (692.0)
denovo123 C76_AY765411 329 (671.5)
denovo123 C1107_DQ335359 325 (657.5)
denovo123 C3.22_HE579010 329 (657.0)
denovo123 C77_AY765412 326 (670.5)
denovo123 C20_AY239371 329 (682.0)
denovo123 C1055_DQ480640 327 (673.0)
denovo123 C27/C30_AY239379 327 (643.5)
denovo123 C27.1_FJ461517 327 (634.5)
denovo123 C40a_AY589747 331 (686.0)
denovo123 C40_AY258485 331 (686.0)
denovo123 C40b_AY589748 332 (677.0)
denovo123 C16_AY258477 329 (682.5)
denovo123 C16a_AY765399 329 (682.5)
denovo123 C1091_AB207186 330 (686.5)
denovo123 C1102_DQ335400 326 (665.5)
denovo123 C1069_DQ335375 327 (686.5)
denovo123 C1073_DQ335332 327 (677.5)
denovo123 C1066_DQ335382 326 (674.5)
denovo123 C1031_DQ335352 326 (683.5)
denovo123 C1026_DQ335366 326 (683.0)
denovo123 C70_AY589774 326 (692.5)
denovo123 C1082_AB190267 326 (674.5)
denovo123 C1078_AB190271 324 (686.0)
denovo123 C1090_AB207191 326 (692.5)
denovo123 C1071_DQ335302 326 (683.5)
denovo123 C1075_DQ335328 326 (683.5)
denovo123 C1068_DQ335379 326 (674.5)
denovo123 C1064_DQ335395 326 (674.5)
denovo123 C1063_DQ335403 323 (684.0)
denovo123 C62_AY589766 326 (683.5)
denovo123 C1077_DQ335316 323 (689.0)
denovo123 C1109_DQ335338 326 (674.5)
denovo123 C1110_DQ335340 326 (665.5)
denovo123 C1106_DQ335339 330 (668.5)
denovo123 C1112_DQ335319 330 (677.5)
denovo123 C1108_DQ335351 330 (668.5)
denovo123 C1105_DQ335394 330 (677.5)
denovo123 C1121_DQ335378 330 (668.5)
denovo123 C1116_AB190268 326 (674.5)
denovo123 C1115_AB190273 330 (677.5)
denovo123 C1124_DQ335323 330 (659.5)
denovo123 C1120_DQ335398 330 (659.5)
denovo123 C1119_DQ335404 326 (674.5)
denovo123 C1123_DQ335363 330 (668.5)
denovo123 C1004_DQ480635 331 (680.0)
denovo123 C1061_AY186568 331 (671.0)
denovo123 C1053_AY186569 331 (680.0)
denovo123 C1003_DQ480639 331 (680.0)
denovo123 C81_GU907657 314 (664.0)
denovo123 C22_AY239373 323 (682.5)
denovo123 C22a_AY239374 323 (682.5)
denovo123 C1232_EU118163 328 (679.5)
denovo123 C21.13_FJ461515 325 (641.5)
denovo123 C21.1_JF683323 327 (647.0)
denovo123 C21.3_JF683325 326 (662.0)
denovo123 C1.20_HE578993 328 (671.5)
denovo123 C1.22_HE578995 328 (662.5)
denovo123 C52_AY589757 328 (675.0)
denovo123 C1201_EU099793 329 (653.0)
denovo123 C14_AY589741 331 (674.0)
denovo123 C43_AY589749 331 (680.0)
denovo123 C50_AY589755 326 (683.0)
denovo123 C3.14_HQ630872 325 (688.5)
denovo123 C1m_AY765398 328 (681.0)
denovo123 C82_GU907658 336 (668.0)
denovo123 C82b_GU907660 336 (668.0)
denovo123 C64_AY589768 325 (689.0)
denovo123 C45a_AY765404 331 (688.5)
denovo123 C48_AY589753 330 (706.5)
denovo123 C1_v1b_FJ919244 327 (677.0)
denovo123 C1_v1a_FJ919243 328 (680.5)
denovo123 C3j_AY239366 326 (674.0)
denovo123 C3t_EF541149 329 (691.0)
denovo123 C9_AF499798 330 (686.5)
denovo123 C23_AY239375 329 (702.0)
denovo123 C37_AY258481 333 (668.0)
denovo123 C1048_DQ068026 331 (679.5)
denovo123 C21.4_JF683326 329 (653.0)
denovo123 C21.5_JF683327 326 (653.0)
denovo123 C1070_DQ335349 326 (692.0)
denovo123 C21.6_HQ630873 326 (671.0)
denovo123 C1224_EU074890 328 (698.5)
denovo123 C1.17_HE578990 328 (698.5)
denovo123 C21_b1_FN827162 328 (649.5)
denovo123 C21.9_JF683330 328 (658.5)
denovo123 C1085_AY624605 323 (675.0)
denovo123 C3p_GU907654 329 (668.0)
denovo123 C3f_AY589734 329 (692.0)
denovo123 C65a_AY589770 326 (683.5)
denovo123 C65_AY589769 326 (692.5)
denovo123 C71_AY589775 326 (683.5)
denovo123 C71a_AY589776 326 (674.5)
denovo123 C1178_AB294647 325 (674.5)
denovo123 C1225_EU074893 325 (699.0)
denovo123 C75_AY765410 325 (689.5)
denovo123 C21.10_JF683331 325 (668.0)
denovo123 C21.11_HQ630874 325 (659.0)
denovo123 C1065_DQ335388 326 (692.0)
denovo123 C1045_DQ068036 326 (701.0)
denovo123 C1h_AY258473 327 (686.0)
denovo123 C38_AY258482 325 (679.5)
denovo123 C1202_EU099799 325 (679.5)
denovo123 C7_AF499797 325 (688.5)
denovo123 C12_AF499801 327 (678.0)
denovo123 C38a_AY258483 329 (696.5)
denovo123 C1200_EU099800 318 (693.5)
denovo123 C44a_AY589751 329 (691.0)
denovo123 C47_AY589752 331 (697.5)
denovo123 C44_AY589750 331 (688.5)
denovo123 C1.15_HE578988 328 (680.5)
denovo123 C45.3_FJ461522 331 (679.5)
denovo123 C46a_AY765405 331 (679.5)
denovo123 C46_EU449108 331 (688.5)
denovo123 C3.12_FJ461507 329 (691.0)
denovo123 C1k_AY589733 331 (679.5)
denovo123 C67_AY686647 331 (688.5)
denovo123 C82a_GU907659 328 (680.5)
denovo123 C10a_AY589739 331 (688.5)
denovo123 C10_AF499799 331 (679.5)
denovo123 C13_AY589740 333 (682.5)
denovo123 C4_AF499794 331 (679.5)
denovo123 C1147_EF656433 331 (679.5)
denovo123 C1c/C45_AY239364 331 (688.5)
denovo123 C1c/C45_EU449103 331 (688.5)
denovo123 C21.19_HE579031 326 (662.0)
denovo123 C21.21_HE579033 326 (653.0)
denovo123 C21.20_HE579032 326 (662.0)
denovo123 C42b_AY765403 332 (674.0)
denovo123 C42_AY258487 332 (683.0)
denovo123 C1p_GU907652 328 (680.5)
denovo123 C1d_AY258488 331 (670.5)
denovo123 C42_AY765402 331 (679.5)
denovo123 C3ha_AY589736 326 (653.0)
denovo123 C63a_AY589767 328 (670.0)
denovo123 C21a_AY589744 326 (662.0)
denovo123 C3o_GU907653 325 (659.5)
denovo123 C21.16_HQ630875 328 (659.0)
denovo123 C21.2_JF683324 326 (653.0)
denovo123 C21.7_JF683328 325 (659.5)
denovo123 C21.8_JF683329 329 (662.0)
denovo123 C3h_AY239365 326 (653.0)
denovo123 C1203_EU099798 326 (653.0)
denovo123 C3.10_FJ461505 326 (701.0)
denovo123 C21.14_FJ461516 326 (671.0)
denovo123 C21.18_HE579030 332 (650.0)
denovo123 C3.17_HE579005 326 (683.0)
denovo123 C3.9_FJ461504 326 (671.5)
denovo123 C3.8_FJ461503 326 (692.0)
denovo123 C3.7_FJ461502 326 (683.0)
denovo123 C3.11_FJ461506 326 (692.0)
denovo123 C3.18_HE579006 326 (683.0)
denovo123 C3.19_HE579007 326 (683.0)
denovo123 C3.20_HE579008 326 (683.0)
denovo123 C3g_AY589735 329 (675.0)
denovo123 C3a_AF499790 327 (695.0)
denovo123 C3e_AF499793 326 (683.0)
denovo123 C6_AF499796 326 (701.0)
denovo123 C11_AF499800 326 (683.0)
denovo123 C36_AY258480 326 (701.0)
denovo123 C29_AY258494 326 (701.0)
denovo123 C1146_EF656434 327 (686.5)
denovo123 C1190_EU099841 326 (701.0)
denovo123 C131_JF320826 326 (683.0)
denovo123 C28_AY239380 329 (684.5)
denovo123 C1012_DQ480604 326 (683.0)
denovo123 C1181_AB294640 326 (668.0)
denovo123 C1180_AB294641 326 (686.0)
denovo123 C1179_AB294645 328 (683.5)
denovo123 C1176_AB294651 326 (678.0)
denovo123 C1175_AB294653 326 (668.0)
denovo123 C1174_AB294655 328 (673.5)
denovo123 C1177_AB294659 326 (677.0)
denovo123 C1040_AB190269 328 (688.5)
denovo123 C1182_AB294649 326 (683.0)
denovo123 C1089_AJ278598 326 (683.0)
denovo123 C1028_DQ335357 326 (692.0)
denovo123 C3.16_EU786015 326 (701.0)
denovo123 C1097_AJ311943 327 (682.5)
denovo123 C1170_AB294661 326 (677.0)
denovo123 C21.17_HE579029 326 (673.0)
denovo123 C21/3d/C3k_AY239372 326 (662.0)
denovo123 C58_AY589762 327 (661.5)
denovo123 C3L_AY589738 332 (679.0)
denovo123 C1169_AB294660 326 (677.0)
denovo123 C3.2_FJ461497 326 (686.0)
denovo123 C3.1_JF683321 328 (692.5)
denovo123 C1104_AF427469 327 (682.0)
denovo123 C3b_AF499791 326 (686.5)
denovo123 C83_GU907661 326 (694.5)
denovo123 C49_AY589754 352 (706.5)
denovo123 C3_AB778606 326 (692.0)
denovo123 C3_AF499789 326 (692.0)
denovo123 C3_HE579001 326 (692.0)
denovo123 C21.12_FJ461514 326 (644.0)
denovo123 C1229_EU074888 325 (676.0)
denovo123 C1230_EU074889 325 (685.0)
denovo123 C1114_AB207196 326 (674.0)
denovo123 C3.21_HE579009 326 (614.0)
denovo123 C1057_DQ480619 329 (683.0)
denovo123 C72_AY765407 325 (680.0)
denovo123 C1b.3_HE578999 328 (674.5)
denovo123 C93_AJ621536 326 (683.0)
denovo123 C94_AJ621539 328 (680.5)
denovo123 C1g_AY589730 328 (698.5)
denovo123 C1i_AY589731 328 (681.0)
denovo123 C1j_AY589732 328 (689.5)
denovo123 C1005_DQ480633 328 (680.5)
denovo123 C1.7_FJ461494 328 (680.5)
denovo123 C1.11_HE578984 328 (681.0)
denovo123 C1.12_HE578985 328 (680.5)
denovo123 C1.13_HE578986 328 (689.5)
denovo123 C1.14_HE578987 328 (689.5)
denovo123 C1.18_HE578991 328 (680.5)
denovo123 C1.19_HE578992 328 (680.5)
denovo123 C1199_EU099802 325 (674.0)
denovo123 C1188_EU099838 325 (689.0)
denovo123 C1002_DQ838544 326 (692.0)
denovo123 C1198_EU099810 328 (680.5)
denovo123 C24_AY239376 328 (680.5)
denovo123 C1f_AY258490 328 (689.5)
denovo123 C1006_DQ480629 328 (698.5)
denovo123 C1010_DQ480607 328 (680.5)
denovo123 C1007_DQ480624 328 (680.5)
denovo123 C1011_DQ480605 328 (680.5)
denovo123 C1009_DQ480608 332 (682.5)
denovo123 C1041_AY186548 328 (689.5)
denovo123 C1052_AY186570 328 (680.5)
denovo123 C1148_EU040178 328 (689.5)
denovo123 C1234_EU118165 329 (679.5)
denovo123 C1.5_EF634157 328 (689.5)
denovo123 C1059_DQ480609 328 (680.5)
denovo123 C1228_EU074883 328 (680.5)
denovo123 C1208_EU074963 328 (680.5)
denovo123 C1207_EU074964 328 (689.5)
denovo123 C1206_EU074965 328 (680.5)
denovo123 C1013_DQ480642 328 (680.5)
denovo123 C80_GU907656 335 (683.5)
denovo123 C1a_AF499788 331 (689.0)
denovo123 C41_AY258486 328 (689.5)
denovo123 C39_AY258484 316 (693.0)
denovo123 C1231_EU074878 328 (680.5)
denovo123 C1b.1_HE578997 328 (674.5)
denovo123 C18_AY258478 328 (689.5)
denovo123 C1.10_HE578983 327 (684.0)
denovo123 C1_JN558041 328 (689.5)
denovo123 C1_HE578979 328 (689.5)
denovo123 C1_AM748551 328 (689.5)
denovo123 C1_AF333515 328 (689.5)
denovo123 C1054_AY186565 327 (693.0)
denovo123 C1008_DQ480613 328 (680.5)
denovo123 C1103_AF427470 329 (679.5)
denovo123 C1226_EU074881 329 (679.5)
denovo123 C1b/C1e_AY239363 328 (683.5)
denovo123 C1044_DQ068038 328 (674.5)
denovo123 C1017_DQ174729 329 (673.5)
denovo123 C1.6_FJ461493 328 (698.5)
denovo123 C1b.2_HE578998 328 (674.5)
denovo123 C1060_DQ480600 328 (680.5)
denovo123 C1227_EU074882 328 (680.5)
denovo123 C1197_EU099814 328 (680.5)
denovo123 C1130_DQ480643 328 (575.0)
denovo123 D109_AB097465 359 (491.0)
denovo123 D1.11_HE579040 362 (501.0)
denovo123 D105_AF174570 360 (495.0)
denovo123 D104_AF174572 362 (492.0)
denovo123 D1.3_JF683337 362 (492.0)
denovo123 D1.10_HE579039 368 (500.0)
denovo123 D110_AF174561 368 (500.0)
denovo123 D117_AF174542 362 (492.0)
denovo123 D114_AF174549 362 (501.0)
denovo123 D113_AF174557 362 (492.0)
denovo123 D112_AF174558 364 (498.5)
denovo123 D106_AF174559 369 (503.5)
denovo123 D111_AF174560 362 (500.5)
denovo123 D115_AF174562 362 (492.0)
denovo123 D107_AF174568 362 (501.0)
denovo123 D116_AF174571 367 (488.5)
denovo123 D124_EU074897 359 (501.5)
denovo123 D1.8_HE579037 368 (500.0)
denovo123 D3_AY686650 362 (501.0)
denovo123 D1.6_HQ630881 362 (492.5)
denovo123 D120_EU074900 362 (492.0)
denovo123 D121_EU074904 367 (497.5)
denovo123 D122_EU074905 363 (492.5)
denovo123 D1a.2_JF683339 369 (496.5)
denovo123 D1a.1_JF683338 359 (501.5)
denovo123 D2_AY686649 595 (567.5)
denovo123 D4_DQ865214 365 (498.0)
denovo123 D1a_AF499802 362 (501.0)
denovo123 D1a_JN558078 362 (501.0)
denovo123 D123_EU074895 363 (503.5)
denovo123 D108_AF174567 358 (507.0)
denovo123 D103_AF174575 362 (501.0)
denovo123 D100_AF411415 362 (501.0)
denovo123 D118_EF656435 356 (510.0)
denovo123 D101_AF411416 362 (486.0)
denovo123 D119_EU099832 363 (497.5)
denovo123 D102_AF174573 362 (504.5)
denovo123 D1_AF334660 362 (501.0)
denovo123 D1_JN558076 362 (501.0)
denovo123 D1.12_HE579041 343 (499.0)
denovo123 D1.1_AM748564 417 (514.5)
denovo123 D1.2_AM748617 414 (518.0)
denovo123 E111_EU074915 341 (467.5)
denovo123 E110_EU074914 364 (473.5)
denovo123 E114_EU074909 364 (455.5)
denovo123 E1_AF334659 365 (463.5)
denovo123 E105_EU074921 364 (473.5)
denovo123 E112_EU074916 364 (455.5)
denovo123 E104_EU074922 364 (464.5)
denovo123 E102_EU074924 364 (455.5)
denovo123 E103_EU074923 364 (464.5)
denovo123 E101_AY160123 369 (448.5)
denovo123 E109_EU074913 355 (473.5)
denovo123 E100_DQ011618 355 (490.0)
denovo123 E108_EU074912 359 (483.5)
denovo123 E113_EU074908 356 (487.5)
denovo123 E107_EU074910 359 (483.5)
denovo123 F1_JN558066 329 (638.0)
denovo123 F5.2d_AJ291530 327 (669.0)
denovo123 F104_AJ291531 327 (669.0)
denovo123 F5.2c_AM748596 327 (660.5)
denovo123 F5.2_AM748594 327 (660.0)
denovo123 F5.2a_AM748614 327 (660.0)
denovo123 F5.2b_AM748595 327 (660.0)
denovo123 F5.2e_AJ291533 328 (645.5)
denovo123 F5.2g_JN558072 327 (668.5)
denovo123 F5.2f_AJ291512 327 (659.5)
denovo123 F102_AJ291534 327 (659.5)
denovo123 F5.1c_AM748593 329 (683.5)
denovo123 F5.1d_JN558069 332 (646.0)
denovo123 F5.1b_AJ291535 328 (672.0)
denovo123 F5.1_AM748592 330 (668.5)
denovo123 F5.1a_AM748591 328 (672.0)
denovo123 F110_AJ291526 322 (752.0)
denovo123 F4.7_AM748587 324 (734.5)
denovo123 F4.5_AM748585 323 (727.5)
denovo123 F4.4a_AM748583 319 (753.0)
denovo123 F4.4_AM748582 324 (755.5)
denovo123 F4.4b_AM748584 317 (772.0)
denovo123 F4.1a_AM748573 325 (705.5)
denovo123 F112_AJ291528 323 (701.5)
denovo123 F4.1_AM748572 323 (701.5)
denovo123 F4.8b_AM748590 329 (753.0)
denovo123 F4.8_AM748588 320 (753.5)
denovo123 F4.8a_AM748589 320 (753.5)
denovo123 F109_AJ291527 326 (758.0)
denovo123 F4.6_AM748586 323 (710.0)
denovo123 F111_AJ311949 316 (748.5)
denovo123 F4.3c_AM748581 317 (751.5)
denovo123 F4.3a_AM748579 316 (758.5)
denovo123 F4.3b_AM748580 317 (760.5)
denovo123 F4.3_AM748578 317 (751.5)
denovo123 F4.2_AM748574 323 (764.0)
denovo123 F4.2a_AM748575 323 (740.5)
denovo123 F4.2c_AM748577 323 (737.0)
denovo123 F4.2b_AM748576 323 (749.5)
denovo123 F2b_AJ291521 330 (693.5)
denovo123 F2_AJ830908 330 (720.5)
denovo123 F2a_AJ830911 330 (716.0)
denovo123 F3.1a_AM748566 344 (681.0)
denovo123 F114_AJ291525 344 (690.5)
denovo123 F3.1_AM748565 344 (690.5)
denovo123 F3.2_AM748567 347 (726.5)
denovo123 F3.2a_AM748568 347 (719.0)
denovo123 F3.3_AM748569 344 (696.0)
denovo123 F3.4a_AM748571 342 (645.0)
denovo123 F3.4_AM748570 338 (651.0)
denovo123 F3.4b_AM748616 338 (651.0)
denovo123 G101_AJ291539 367 (540.5)
denovo123 G1_AM748597 367 (540.5)
denovo123 G2b_JN558087 365 (534.5)
denovo123 G2_AM748598 366 (528.5)
denovo123 G2a_AM748599 366 (519.5)
denovo123 G4_AM748601 355 (567.5)
denovo123 G3.4_LK392378 356 (524.5)
denovo123 G3_AM748600 357 (544.5)
denovo123 G3.2_KC597694 360 (470.5)
denovo123 G3.1_KC597688 355 (547.0)
denovo123 G100_AB253788 358 (529.0)
denovo123 G3.3_LK392377 355 (537.5)
denovo123 H6_AJ291520 638 (324.0)
denovo123 H3_AM748606 327 (542.0)
denovo123 H2_AM748605 336 (557.5)
denovo123 H4_AM748607 332 (549.0)
denovo123 H4a_AM748608 342 (547.5)
denovo123 H5a_AM748611 340 (528.0)
denovo123 H5b_AM748610 343 (526.5)
denovo123 H5_AJ621129 340 (528.0)
denovo123 H5_AM748609 340 (528.0)
denovo123 H100_AJ291513 340 (517.0)
denovo123 H1b_AM748604 340 (512.0)
denovo123 H1a_AM748612 340 (520.5)
denovo123 H1_AJ621152 340 (521.0)
denovo123 H1_AM748602 340 (521.0)
denovo123 I3_FN561561 337 (734.5)
denovo123 I4_FN561562 337 (734.5)
denovo123 I1_FN561559 336 (731.0)
denovo123 I2_FN561560 339 (730.5)

#---------------------------------------
#---------------------------------------
