denovo244 A136_DQ865210 338 (480.0)
denovo244 A133_DQ174725 336 (498.0)
denovo244 A115_AF180123 345 (486.0)
denovo244 A117_AF201746 345 (538.0)
denovo244 A134_DQ174723 344 (544.5)
denovo244 A114_AF184941 345 (538.5)
denovo244 A135_DQ174727 344 (524.5)
denovo244 A2_AF333506 344 (548.0)
denovo244 A101_AF427468 344 (533.5)
denovo244 A2_1_JN558097 344 (533.5)
denovo244 A2_2_JN558100 344 (533.5)
denovo244 A113_AF184948 335 (511.5)
denovo244 A112_AF184949 336 (523.0)
denovo244 A123_EF378618 347 (345.5)
denovo244 A137_EF378621 342 (368.5)
denovo244 A11_EU449041 336 (505.5)
denovo244 A121_DQ174722 343 (500.5)
denovo244 A15b_EU792886 330 (476.5)
denovo244 A15a_EU792885 334 (486.0)
denovo244 A15c_EU792887 332 (491.0)
denovo244 A15_EU792884 330 (485.5)
denovo244 A147_EU074937 342 (500.0)
denovo244 A154_EU074860 342 (482.0)
denovo244 A146_EU074936 342 (491.0)
denovo244 A150_EU074928 340 (503.5)
denovo244 A116_AF183575 328 (505.0)
denovo244 A141_EU074931 342 (500.0)
denovo244 A5_AF333508 340 (509.5)
denovo244 A3b_EU449043 340 (504.0)
denovo244 A151_EU074925 342 (500.0)
denovo244 A152_EU074927 343 (494.0)
denovo244 A149_EU074929 342 (491.0)
denovo244 A140_EU074930 342 (491.0)
denovo244 A142_EU074932 342 (491.0)
denovo244 A143_EU074933 332 (497.0)
denovo244 A144_EU074934 342 (500.0)
denovo244 A145_EU074935 342 (507.5)
denovo244 A148_EU074938 345 (500.5)
denovo244 A155_EU074856 342 (500.0)
denovo244 A156_EU074859 342 (491.0)
denovo244 A139_EU074962 342 (491.0)
denovo244 A6_AF186058 342 (500.0)
denovo244 A3_AF333507 342 (500.0)
denovo244 A3_JN558091 342 (500.0)
denovo244 A8_AY258468 336 (500.0)
denovo244 A7_AY239360 337 (505.5)
denovo244 A16_EU792888 334 (505.0)
denovo244 A4.3_FN429763 351 (515.0)
denovo244 A120_AF180122 341 (513.5)
denovo244 A4.2_FN429761 346 (506.5)
denovo244 A4_AF333509 346 (525.5)
denovo244 A4.1_FN429760 345 (520.5)
denovo244 A4a_AF499778 344 (529.5)
denovo244 A4a.1_FN429762 344 (529.5)
denovo244 A138_EF378620 344 (490.0)
denovo244 A122_EF378619 341 (522.0)
denovo244 A126_EF378615 340 (523.0)
denovo244 A10_EU792882 340 (523.0)
denovo244 A9_EU449028 340 (508.5)
denovo244 A105_AB207202 338 (510.5)
denovo244 A119_AF180121 332 (529.0)
denovo244 A12_EU792883 343 (516.5)
denovo244 A104_AB207203 343 (517.0)
denovo244 A1a_EU449030 343 (517.0)
denovo244 A1.3_HE578976 340 (526.5)
denovo244 A1.4_HE578977 340 (516.5)
denovo244 A13_AF333504 339 (523.0)
denovo244 A13_JN558094 339 (523.0)
denovo244 A110_AB190282 347 (519.0)
denovo244 A103_AB207206 338 (520.0)
denovo244 A130_EF656428 339 (514.0)
denovo244 A127_EF656429 346 (525.5)
denovo244 A128_EF656430 339 (514.0)
denovo244 A129_EF656431 341 (519.5)
denovo244 A131_EF656432 339 (523.0)
denovo244 A118_AF180120 334 (520.5)
denovo244 A1_AF333505 339 (523.0)
denovo244 A107_AB207199 342 (522.5)
denovo244 A111_AB190280 343 (526.0)
denovo244 A108_AB207197 338 (505.5)
denovo244 A106_AB207200 350 (519.0)
denovo244 A102_AB207209 350 (519.0)
denovo244 A1.2_AB207210 350 (519.0)
denovo244 A109_AB190285 350 (528.0)
denovo244 B4_AF333510 321 (691.5)
denovo244 B23_EU449079 338 (585.0)
denovo244 B30_GU907644 347 (584.0)
denovo244 B11_AY239361 340 (617.0)
denovo244 B17_AY258470 333 (630.5)
denovo244 B1k_GU907638 308 (307.5)
denovo244 B1.V_Green2014 346 (590.0)
denovo244 B1b_AF499780 338 (604.0)
denovo244 B16_AY258469 338 (610.5)
denovo244 B31a_GU907646 340 (615.0)
denovo244 B32_GU907647 340 (615.0)
denovo244 B31_GU907645 340 (624.0)
denovo244 B1j_GU907637 341 (636.5)
denovo244 B37_GU907650 343 (635.5)
denovo244 B5a_AF499782 340 (615.5)
denovo244 B5_AF499781 340 (624.5)
denovo244 B24_GU907643 340 (501.5)
denovo244 B117_AF180124 332 (611.0)
denovo244 B10_AF499787 340 (625.0)
denovo244 B20_GU907642 343 (620.0)
denovo244 B1m_GU907640 341 (627.5)
denovo244 B34_GU907649 341 (627.5)
denovo244 B1d_GU907633 341 (628.0)
denovo244 B1e_GU907634 341 (628.0)
denovo244 B1i_GU907636 341 (627.5)
denovo244 B1g_GU907635 349 (619.5)
denovo244 B123_EU074872 341 (619.0)
denovo244 B8_AF499785 347 (624.5)
denovo244 B1l_GU907639 348 (620.0)
denovo244 B1a_AF499779 347 (627.5)
denovo244 B14_AY239362 342 (608.5)
denovo244 B125_EU074865 341 (618.5)
denovo244 B122_EU074871 340 (624.0)
denovo244 B124_EU074874 341 (618.5)
denovo244 B1.VII_Green2014 340 (564.5)
denovo244 B1.III_Green2014 332 (619.0)
denovo244 B1.I_Green2014 341 (627.5)
denovo244 B1.II_Green2014 341 (627.5)
denovo244 B1_JN558057 341 (627.5)
denovo244 B1_AF333511 341 (627.5)
denovo244 B1.IV_Green2014 356 (627.5)
denovo244 B121_EU074870 335 (627.5)
denovo244 B7_AF499784 334 (634.5)
denovo244 B1.VI_Green2014 332 (620.0)
denovo244 B3_AF333514 340 (629.0)
denovo244 B9_AF499786 336 (617.0)
denovo244 B19a_JN558055 340 (594.5)
denovo244 B119_EU099825 342 (571.0)
denovo244 B21_DQ865213 333 (605.0)
denovo244 B38_GU907651 333 (605.0)
denovo244 B18_AY258471 340 (620.0)
denovo244 B18a_AY258472 340 (611.0)
denovo244 B33_GU907648 336 (607.5)
denovo244 B6_AF499783 337 (619.5)
denovo244 B19_DQ865212 336 (617.5)
denovo244 B19_GU907641 336 (617.5)
denovo244 B2_AF333512 336 (626.5)
denovo244 B2_JN558060 336 (626.5)
denovo244 C33.1_AY258498 302 (1278.5)
denovo244 C33.2_AY765400 302 (1278.5)
denovo244 C33a_EF541147 302 (1278.5)
denovo244 C34_AY258499 302 (1287.5)
denovo244 C78_AY765413 302 (1251.5)
denovo244 C15.29_KC597690 304 (1265.5)
denovo244 C1131_DQ182650 302 (1205.5)
denovo244 C1135_DQ182646 302 (1196.5)
denovo244 C1134_DQ182647 302 (1196.5)
denovo244 C1142_DQ182635 302 (1205.5)
denovo244 C1136_DQ182644 302 (1167.0)
denovo244 C1111_DQ182645 302 (1167.0)
denovo244 C1236_EF473656 302 (1176.0)
denovo244 C1138_DQ182642 302 (1176.0)
denovo244 C1137_DQ182643 302 (1176.0)
denovo244 C1133_DQ182648 302 (1176.0)
denovo244 C1132_DQ182649 302 (1176.0)
denovo244 C1143_DQ182634 302 (1185.0)
denovo244 C1139_DQ182639 302 (1214.5)
denovo244 C15.28_KC597687 302 (1260.5)
denovo244 C1141_DQ182636 302 (1223.5)
denovo244 C1144_DQ182637 302 (1214.5)
denovo244 C1122_DQ182654 302 (1223.5)
denovo244 C1127_DQ182652 302 (1223.5)
denovo244 C15.30_JX394114 302 (1269.5)
denovo244 C15.26_KC597686 302 (1278.5)
denovo244 C1086_DQ182656 302 (1278.5)
denovo244 C15.25_KC597685 302 (1287.5)
denovo244 C1118_AF180127 302 (1184.5)
denovo244 C1129_DQ182651 302 (1250.5)
denovo244 C15.21_KC597683 302 (1278.5)
denovo244 C56_AY589760 302 (1287.5)
denovo244 C1140_DQ182638 302 (1250.5)
denovo244 C1126_DQ182653 302 (1241.5)
denovo244 C15c_AY258492 302 (1296.5)
denovo244 C15d_AY258493 302 (1287.5)
denovo244 C1098_DQ182641 302 (1267.0)
denovo244 C15.27_KC597689 302 (1296.5)
denovo244 C15.18_HE579024 302 (1296.5)
denovo244 C15.16_HE579022 302 (1296.5)
denovo244 C1101_AB253787 302 (1296.5)
denovo244 C1083_AY237300 302 (1296.5)
denovo244 C1088_DQ182640 302 (1296.5)
denovo244 C15.6_FN563472 302 (1305.5)
denovo244 C15.5_FJ461512 302 (1305.5)
denovo244 C15.4_FJ461511 302 (1314.5)
denovo244 C15.13_HE579019 302 (1296.5)
denovo244 C15.12_HE579018 302 (1305.5)
denovo244 C93a_AM748563 302 (1314.5)
denovo244 C1094_AJ291514 302 (1296.5)
denovo244 C93_AM748562 302 (1305.5)
denovo244 C15.17_HE579023 302 (1290.5)
denovo244 C15e_AY589742 302 (1290.5)
denovo244 C15.22_KC597695 302 (1305.5)
denovo244 C60_AY589764 302 (1305.5)
denovo244 C15.1_FJ461508 302 (1305.5)
denovo244 C15.2_FJ461509 302 (1305.5)
denovo244 C15.9_FN563475 302 (1305.5)
denovo244 C15.7_HE579015 302 (1305.5)
denovo244 C15.8_HE579016 302 (1305.5)
denovo244 C15.15_HE579021 302 (1305.5)
denovo244 C15.19_HE579025 302 (1305.5)
denovo244 C15.24_KC597696 302 (1296.5)
denovo244 C15.3_FJ461510 302 (1314.5)
denovo244 C1087_DQ182655 302 (1305.5)
denovo244 C15.14_HE579020 303 (1295.5)
denovo244 C15.23_KC597697 303 (1295.5)
denovo244 C19_AY258479 302 (1299.5)
denovo244 C1233_EU118166 302 (1305.5)
denovo244 C15b_AY258491 302 (1305.5)
denovo244 C15a_AY258476 302 (1323.5)
denovo244 C1051_AF195153 302 (1323.5)
denovo244 C2_AF333518 303 (1313.5)
denovo244 C15.20_HE579026 303 (1304.5)
denovo244 C15f_AY589743 303 (1304.5)
denovo244 C55_AY589759 306 (1303.0)
denovo244 C15_AY239369 302 (1314.5)
denovo244 C32.1_JF683335 308 (1148.5)
denovo244 C32.2_JF683336 311 (1164.5)
denovo244 C21.23_KC597693 311 (1164.5)
denovo244 C1193_EU099827 303 (1277.5)
denovo244 C1195_EU099821 310 (1256.0)
denovo244 C3q_GU907655 303 (1238.5)
denovo244 C53_AY589758 302 (1296.5)
denovo244 C73_AY765408 307 (1245.0)
denovo244 C17.2.1_KC597684 304 (1243.0)
denovo244 C32_AY258497 302 (1266.5)
denovo244 C1189_EU099831 302 (1275.5)
denovo244 C1191_EU099833 302 (1266.5)
denovo244 C1196_EU099819 302 (1275.5)
denovo244 C1192_EU099820 302 (1275.5)
denovo244 C17.1_JF683322 302 (1284.5)
denovo244 C26_b2_FN827164 303 (1274.5)
denovo244 C26_b3_FN827165 303 (1265.5)
denovo244 C31.9_HQ630879 304 (1270.0)
denovo244 C31a_AY589746 304 (1266.5)
denovo244 C30_AY589745 304 (1266.5)
denovo244 C31.1_HQ630876 304 (1266.5)
denovo244 C31.5_HQ630877 304 (1266.5)
denovo244 C31.6_HQ630878 304 (1266.5)
denovo244 C31.2_JF683332 304 (1266.5)
denovo244 C31.3_JF683333 304 (1266.5)
denovo244 C26/C35a_AY239378 303 (1274.5)
denovo244 C35a_AY258501 303 (1274.5)
denovo244 C35.2_AY258500 303 (1283.5)
denovo244 C26_b1_FN827163 303 (1283.5)
denovo244 C17_AY239370 302 (1293.5)
denovo244 C17.2_FJ461513 304 (1283.0)
denovo244 C31.10_HQ630880 304 (1279.0)
denovo244 C31.4_JF683334 308 (1264.0)
denovo244 C31_AY258496 304 (1275.5)
denovo244 C25_AY239377 304 (1277.0)
denovo244 C61_AY589765 302 (1235.5)
denovo244 C1043_DQ072721 302 (1291.5)
denovo244 C79_AY765414 302 (1296.5)
denovo244 C69_AY589773 304 (1211.5)
denovo244 C69a_AY686648 304 (1202.5)
denovo244 C21.22_KC597692 302 (1293.5)
denovo244 C51_AY589756 302 (1305.5)
denovo244 C1aa_HM185739 302 (1279.5)
denovo244 C1096_DQ068023 302 (1275.5)
denovo244 C74_AY765409 303 (1286.5)
denovo244 C1185_AB294629 303 (1295.5)
denovo244 C1184_AB294630 303 (1295.5)
denovo244 C1153_AB294625 303 (1295.5)
denovo244 C1154_AB294626 303 (1295.5)
denovo244 C1187_AB294627 303 (1295.5)
denovo244 C1186_AB294628 303 (1304.5)
denovo244 C57_AY589761 303 (1304.5)
denovo244 C66_AY589771 303 (1304.5)
denovo244 C5_AF499795 302 (1305.5)
denovo244 C1167_AB294586 302 (1314.5)
denovo244 C1164_AB294593 302 (1323.5)
denovo244 C1183_AB294631 302 (1314.5)
denovo244 C1067_DQ335381 302 (1314.5)
denovo244 C1159_AB294613 303 (1295.5)
denovo244 C1150_AB294622 303 (1304.5)
denovo244 C90_AM748554 304 (1331.0)
denovo244 C1168_AB294583 302 (1314.5)
denovo244 C1156_AB294616 302 (1314.5)
denovo244 C1151_AB294621 302 (1332.5)
denovo244 C92a_AM748561 302 (1314.5)
denovo244 C92_AM748560 302 (1323.5)
denovo244 C1165_AB294581 302 (1323.5)
denovo244 C1166_AB294584 302 (1323.5)
denovo244 C1162_AB294594 302 (1323.5)
denovo244 C1163_AB294596 302 (1323.5)
denovo244 C1161_AB294606 302 (1323.5)
denovo244 C1160_AB294608 302 (1323.5)
denovo244 C1158_AB294614 302 (1323.5)
denovo244 C1155_AB294617 302 (1323.5)
denovo244 C1149_AB294620 302 (1323.5)
denovo244 C1173_AB294662 302 (1323.5)
denovo244 C1171_AB294663 302 (1323.5)
denovo244 C1172_AB294665 302 (1323.5)
denovo244 C91a_AM748556 302 (1323.5)
denovo244 C91b_AM748557 302 (1323.5)
denovo244 C91d_AM748559 302 (1323.5)
denovo244 C91c_AM748558 302 (1323.5)
denovo244 C91_AJ621543 302 (1332.5)
denovo244 C91_AM748555 302 (1332.5)
denovo244 C1023_DQ335330 302 (1086.5)
denovo244 C1020_DQ335392 302 (1332.5)
denovo244 C1018_DQ335408 302 (1332.5)
denovo244 C1074_DQ335329 302 (1332.5)
denovo244 C1030_DQ335353 302 (1332.5)
denovo244 C1022_DQ335331 302 (1332.5)
denovo244 C1027_DQ335360 302 (1332.5)
denovo244 C1072_DQ335344 302 (1332.5)
denovo244 C1039_AB190274 302 (1332.5)
denovo244 C1033_DQ335350 307 (1329.5)
denovo244 C1019_DQ335407 302 (1341.5)
denovo244 C1194_EU099826 302 (1281.5)
denovo244 C8b_AY258475 302 (1290.5)
denovo244 C8_AY239367 302 (1314.5)
denovo244 C8a_AY239368 302 (1305.5)
denovo244 C54a_AY765406 302 (1323.5)
denovo244 C3ff_HM185740 302 (1323.5)
denovo244 C59_AY589763 304 (1285.5)
denovo244 C3k_AY589737 302 (1314.5)
denovo244 C3.24_HE579012 302 (1296.5)
denovo244 C3.23_HE579011 302 (1305.5)
denovo244 C35.1_AY765401 302 (1314.5)
denovo244 C35.3_EF541145 302 (1323.5)
denovo244 C76_AY765411 302 (1293.5)
denovo244 C1107_DQ335359 302 (1309.5)
denovo244 C3.22_HE579010 302 (1398.0)
denovo244 C77_AY765412 304 (1298.0)
denovo244 C20_AY239371 302 (1341.5)
denovo244 C1055_DQ480640 303 (1313.5)
denovo244 C27/C30_AY239379 303 (1274.5)
denovo244 C27.1_FJ461517 303 (1265.5)
denovo244 C40a_AY589747 302 (1323.5)
denovo244 C40_AY258485 302 (1332.5)
denovo244 C40b_AY589748 303 (1322.5)
denovo244 C16_AY258477 302 (1332.5)
denovo244 C16a_AY765399 302 (1323.5)
denovo244 C1091_AB207186 302 (1332.5)
denovo244 C1102_DQ335400 302 (1314.5)
denovo244 C1069_DQ335375 302 (1314.5)
denovo244 C1073_DQ335332 302 (1323.5)
denovo244 C1066_DQ335382 302 (1314.5)
denovo244 C1031_DQ335352 302 (1332.5)
denovo244 C1026_DQ335366 302 (1341.5)
denovo244 C70_AY589774 302 (1341.5)
denovo244 C1082_AB190267 302 (1323.5)
denovo244 C1078_AB190271 302 (1323.5)
denovo244 C1090_AB207191 302 (1323.5)
denovo244 C1071_DQ335302 302 (1323.5)
denovo244 C1075_DQ335328 302 (1323.5)
denovo244 C1068_DQ335379 302 (1323.5)
denovo244 C1064_DQ335395 302 (1323.5)
denovo244 C1063_DQ335403 302 (1323.5)
denovo244 C62_AY589766 302 (1332.5)
denovo244 C1077_DQ335316 303 (1322.5)
denovo244 C1109_DQ335338 302 (1323.5)
denovo244 C1110_DQ335340 302 (1314.5)
denovo244 C1106_DQ335339 302 (1305.5)
denovo244 C1112_DQ335319 302 (1314.5)
denovo244 C1108_DQ335351 302 (1305.5)
denovo244 C1105_DQ335394 302 (1314.5)
denovo244 C1121_DQ335378 302 (1296.5)
denovo244 C1116_AB190268 302 (1314.5)
denovo244 C1115_AB190273 302 (1305.5)
denovo244 C1124_DQ335323 302 (1296.5)
denovo244 C1120_DQ335398 302 (1296.5)
denovo244 C1119_DQ335404 302 (1296.5)
denovo244 C1123_DQ335363 302 (1305.5)
denovo244 C1004_DQ480635 302 (1314.5)
denovo244 C1061_AY186568 302 (1314.5)
denovo244 C1053_AY186569 302 (1314.5)
denovo244 C1003_DQ480639 302 (1323.5)
denovo244 C81_GU907657 306 (1181.5)
denovo244 C22_AY239373 302 (1304.0)
denovo244 C22a_AY239374 302 (1295.0)
denovo244 C1232_EU118163 302 (1323.5)
denovo244 C21.13_FJ461515 302 (1266.5)
denovo244 C21.1_JF683323 302 (1275.5)
denovo244 C21.3_JF683325 302 (1293.0)
denovo244 C1.20_HE578993 302 (1314.5)
denovo244 C1.22_HE578995 302 (1305.5)
denovo244 C52_AY589757 302 (1308.5)
denovo244 C1201_EU099793 304 (1288.5)
denovo244 C14_AY589741 302 (1308.5)
denovo244 C43_AY589749 302 (1314.5)
denovo244 C50_AY589755 302 (1332.5)
denovo244 C3.14_HQ630872 302 (1332.5)
denovo244 C1m_AY765398 302 (1323.5)
denovo244 C82_GU907658 302 (1314.5)
denovo244 C82b_GU907660 302 (1314.5)
denovo244 C64_AY589768 302 (1323.5)
denovo244 C45a_AY765404 302 (1314.5)
denovo244 C48_AY589753 304 (1331.0)
denovo244 C1_v1b_FJ919244 302 (1323.5)
denovo244 C1_v1a_FJ919243 302 (1332.5)
denovo244 C3j_AY239366 302 (1332.5)
denovo244 C3t_EF541149 302 (1332.5)
denovo244 C9_AF499798 302 (1323.5)
denovo244 C23_AY239375 302 (1323.5)
denovo244 C37_AY258481 302 (1314.5)
denovo244 C1048_DQ068026 302 (1323.5)
denovo244 C21.4_JF683326 302 (1284.5)
denovo244 C21.5_JF683327 302 (1293.5)
denovo244 C1070_DQ335349 302 (1332.5)
denovo244 C21.6_HQ630873 302 (1293.5)
denovo244 C1224_EU074890 302 (1323.5)
denovo244 C1.17_HE578990 302 (1332.5)
denovo244 C21_b1_FN827162 302 (1284.5)
denovo244 C21.9_JF683330 302 (1293.5)
denovo244 C1085_AY624605 302 (1332.5)
denovo244 C3p_GU907654 302 (1317.5)
denovo244 C3f_AY589734 302 (1341.5)
denovo244 C65a_AY589770 302 (1332.5)
denovo244 C65_AY589769 302 (1341.5)
denovo244 C71_AY589775 302 (1332.5)
denovo244 C71a_AY589776 302 (1323.5)
denovo244 C1178_AB294647 302 (1317.5)
denovo244 C1225_EU074893 302 (1323.5)
denovo244 C75_AY765410 302 (1332.5)
denovo244 C21.10_JF683331 302 (1284.5)
denovo244 C21.11_HQ630874 302 (1293.5)
denovo244 C1065_DQ335388 302 (1332.5)
denovo244 C1045_DQ068036 302 (1341.5)
denovo244 C1h_AY258473 302 (1332.5)
denovo244 C38_AY258482 302 (1332.5)
denovo244 C1202_EU099799 302 (1332.5)
denovo244 C7_AF499797 302 (1341.5)
denovo244 C12_AF499801 304 (1331.0)
denovo244 C38a_AY258483 303 (1322.5)
denovo244 C1200_EU099800 302 (1277.0)
denovo244 C44a_AY589751 302 (1323.5)
denovo244 C47_AY589752 302 (1323.5)
denovo244 C44_AY589750 302 (1332.5)
denovo244 C1.15_HE578988 302 (1332.5)
denovo244 C45.3_FJ461522 302 (1332.5)
denovo244 C46a_AY765405 302 (1323.5)
denovo244 C46_EU449108 302 (1332.5)
denovo244 C3.12_FJ461507 302 (1350.5)
denovo244 C1k_AY589733 302 (1332.5)
denovo244 C67_AY686647 302 (1332.5)
denovo244 C82a_GU907659 302 (1332.5)
denovo244 C10a_AY589739 302 (1323.5)
denovo244 C10_AF499799 302 (1332.5)
denovo244 C13_AY589740 308 (1320.0)
denovo244 C4_AF499794 302 (1332.5)
denovo244 C1147_EF656433 302 (1332.5)
denovo244 C1c/C45_AY239364 302 (1341.5)
denovo244 C1c/C45_EU449103 302 (1341.5)
denovo244 C21.19_HE579031 302 (1284.5)
denovo244 C21.21_HE579033 302 (1266.5)
denovo244 C21.20_HE579032 302 (1275.5)
denovo244 C42b_AY765403 302 (1314.5)
denovo244 C42_AY258487 302 (1323.5)
denovo244 C1p_GU907652 302 (1332.5)
denovo244 C1d_AY258488 302 (1323.5)
denovo244 C42_AY765402 302 (1332.5)
denovo244 C3ha_AY589736 302 (1284.5)
denovo244 C63a_AY589767 304 (1274.0)
denovo244 C21a_AY589744 302 (1293.5)
denovo244 C3o_GU907653 302 (1293.5)
denovo244 C21.16_HQ630875 302 (1293.5)
denovo244 C21.2_JF683324 302 (1293.5)
denovo244 C21.7_JF683328 302 (1293.5)
denovo244 C21.8_JF683329 302 (1293.5)
denovo244 C3h_AY239365 302 (1293.5)
denovo244 C1203_EU099798 302 (1302.5)
denovo244 C3.10_FJ461505 302 (1341.5)
denovo244 C21.14_FJ461516 302 (1293.5)
denovo244 C21.18_HE579030 308 (1281.0)
denovo244 C3.17_HE579005 302 (1341.5)
denovo244 C3.9_FJ461504 302 (1311.5)
denovo244 C3.8_FJ461503 302 (1341.5)
denovo244 C3.7_FJ461502 302 (1341.5)
denovo244 C3.11_FJ461506 302 (1341.5)
denovo244 C3.18_HE579006 302 (1341.5)
denovo244 C3.19_HE579007 302 (1341.5)
denovo244 C3.20_HE579008 302 (1341.5)
denovo244 C3g_AY589735 304 (1331.0)
denovo244 C3a_AF499790 302 (1341.5)
denovo244 C3e_AF499793 302 (1341.5)
denovo244 C6_AF499796 302 (1332.5)
denovo244 C11_AF499800 302 (1341.5)
denovo244 C36_AY258480 302 (1341.5)
denovo244 C29_AY258494 302 (1341.5)
denovo244 C1146_EF656434 302 (1341.5)
denovo244 C1190_EU099841 302 (1341.5)
denovo244 C131_JF320826 302 (1341.5)
denovo244 C28_AY239380 304 (1331.0)
denovo244 C1012_DQ480604 302 (1341.5)
denovo244 C1181_AB294640 302 (1326.5)
denovo244 C1180_AB294641 302 (1326.5)
denovo244 C1179_AB294645 302 (1326.5)
denovo244 C1176_AB294651 302 (1326.5)
denovo244 C1175_AB294653 302 (1326.5)
denovo244 C1174_AB294655 302 (1326.5)
denovo244 C1177_AB294659 302 (1326.5)
denovo244 C1040_AB190269 302 (1341.5)
denovo244 C1182_AB294649 302 (1341.5)
denovo244 C1089_AJ278598 302 (1341.5)
denovo244 C1028_DQ335357 302 (1341.5)
denovo244 C3.16_EU786015 302 (1341.5)
denovo244 C1097_AJ311943 303 (1331.5)
denovo244 C1170_AB294661 302 (1326.5)
denovo244 C21.17_HE579029 302 (1304.5)
denovo244 C21/3d/C3k_AY239372 302 (1302.5)
denovo244 C58_AY589762 303 (1292.5)
denovo244 C3L_AY589738 305 (1309.5)
denovo244 C1169_AB294660 302 (1335.5)
denovo244 C3.2_FJ461497 302 (1335.5)
denovo244 C3.1_JF683321 302 (1335.5)
denovo244 C1104_AF427469 303 (1340.5)
denovo244 C3b_AF499791 302 (1335.5)
denovo244 C83_GU907661 304 (1340.0)
denovo244 C49_AY589754 343 (1320.5)
denovo244 C3_AB778606 302 (1350.5)
denovo244 C3_AF499789 302 (1350.5)
denovo244 C3_HE579001 302 (1350.5)
denovo244 C21.12_FJ461514 302 (1284.5)
denovo244 C1229_EU074888 302 (1264.5)
denovo244 C1230_EU074889 302 (1273.5)
denovo244 C1114_AB207196 304 (1338.0)
denovo244 C3.21_HE579009 302 (1264.0)
denovo244 C1057_DQ480619 302 (1323.5)
denovo244 C72_AY765407 302 (1295.5)
denovo244 C1b.3_HE578999 302 (1317.5)
denovo244 C93_AJ621536 302 (1341.5)
denovo244 C94_AJ621539 302 (1332.5)
denovo244 C1g_AY589730 302 (1332.5)
denovo244 C1i_AY589731 302 (1323.5)
denovo244 C1j_AY589732 302 (1332.5)
denovo244 C1005_DQ480633 302 (1332.5)
denovo244 C1.7_FJ461494 302 (1332.5)
denovo244 C1.11_HE578984 302 (1332.5)
denovo244 C1.12_HE578985 302 (1332.5)
denovo244 C1.13_HE578986 302 (1332.5)
denovo244 C1.14_HE578987 302 (1332.5)
denovo244 C1.18_HE578991 302 (1332.5)
denovo244 C1.19_HE578992 302 (1332.5)
denovo244 C1199_EU099802 302 (1308.5)
denovo244 C1188_EU099838 302 (1323.5)
denovo244 C1002_DQ838544 302 (1341.5)
denovo244 C1198_EU099810 302 (1332.5)
denovo244 C24_AY239376 302 (1332.0)
denovo244 C1f_AY258490 302 (1332.5)
denovo244 C1006_DQ480629 302 (1332.5)
denovo244 C1010_DQ480607 302 (1332.5)
denovo244 C1007_DQ480624 302 (1323.5)
denovo244 C1011_DQ480605 302 (1332.5)
denovo244 C1009_DQ480608 302 (1332.5)
denovo244 C1041_AY186548 302 (1323.5)
denovo244 C1052_AY186570 302 (1332.5)
denovo244 C1148_EU040178 302 (1332.5)
denovo244 C1234_EU118165 303 (1322.5)
denovo244 C1.5_EF634157 302 (1332.5)
denovo244 C1059_DQ480609 302 (1332.5)
denovo244 C1228_EU074883 302 (1332.5)
denovo244 C1208_EU074963 302 (1332.5)
denovo244 C1207_EU074964 302 (1332.5)
denovo244 C1206_EU074965 302 (1332.5)
denovo244 C1013_DQ480642 302 (1323.5)
denovo244 C80_GU907656 312 (1318.0)
denovo244 C1a_AF499788 302 (1332.5)
denovo244 C41_AY258486 302 (1332.5)
denovo244 C39_AY258484 302 (1255.0)
denovo244 C1231_EU074878 302 (1332.5)
denovo244 C1b.1_HE578997 302 (1317.5)
denovo244 C18_AY258478 302 (1332.5)
denovo244 C1.10_HE578983 302 (1293.5)
denovo244 C1_JN558041 302 (1341.5)
denovo244 C1_HE578979 302 (1341.5)
denovo244 C1_AM748551 302 (1341.5)
denovo244 C1_AF333515 302 (1341.5)
denovo244 C1054_AY186565 303 (1331.5)
denovo244 C1008_DQ480613 302 (1332.5)
denovo244 C1103_AF427470 303 (1331.5)
denovo244 C1226_EU074881 303 (1331.5)
denovo244 C1b/C1e_AY239363 302 (1326.5)
denovo244 C1044_DQ068038 302 (1326.5)
denovo244 C1017_DQ174729 303 (1316.5)
denovo244 C1.6_FJ461493 302 (1332.5)
denovo244 C1b.2_HE578998 302 (1317.5)
denovo244 C1060_DQ480600 302 (1332.5)
denovo244 C1227_EU074882 302 (1332.5)
denovo244 C1197_EU099814 302 (1332.5)
denovo244 C1130_DQ480643 302 (1200.0)
denovo244 D109_AB097465 350 (538.0)
denovo244 D1.11_HE579040 347 (550.0)
denovo244 D105_AF174570 344 (550.0)
denovo244 D104_AF174572 347 (532.0)
denovo244 D1.3_JF683337 348 (544.0)
denovo244 D1.10_HE579039 348 (535.0)
denovo244 D110_AF174561 348 (535.5)
denovo244 D117_AF174542 348 (535.0)
denovo244 D114_AF174549 348 (544.0)
denovo244 D113_AF174557 348 (534.5)
denovo244 D112_AF174558 347 (541.0)
denovo244 D106_AF174559 349 (537.5)
denovo244 D111_AF174560 348 (535.0)
denovo244 D115_AF174562 348 (535.0)
denovo244 D107_AF174568 346 (546.5)
denovo244 D116_AF174571 347 (541.0)
denovo244 D124_EU074897 347 (523.0)
denovo244 D1.8_HE579037 348 (544.0)
denovo244 D3_AY686650 347 (550.5)
denovo244 D1.6_HQ630881 346 (538.5)
denovo244 D120_EU074900 347 (532.0)
denovo244 D121_EU074904 347 (550.0)
denovo244 D122_EU074905 348 (535.0)
denovo244 D1a.2_JF683339 340 (532.0)
denovo244 D1a.1_JF683338 347 (532.0)
denovo244 D2_AY686649 595 (596.5)
denovo244 D4_DQ865214 348 (540.0)
denovo244 D1a_AF499802 347 (541.0)
denovo244 D1a_JN558078 347 (541.0)
denovo244 D123_EU074895 347 (549.5)
denovo244 D108_AF174567 348 (544.0)
denovo244 D103_AF174575 348 (535.0)
denovo244 D100_AF411415 349 (528.5)
denovo244 D118_EF656435 349 (528.5)
denovo244 D101_AF411416 349 (513.5)
denovo244 D119_EU099832 355 (530.0)
denovo244 D102_AF174573 348 (538.0)
denovo244 D1_AF334660 348 (544.0)
denovo244 D1_JN558076 348 (544.0)
denovo244 D1.12_HE579041 331 (512.5)
denovo244 D1.1_AM748564 399 (563.0)
denovo244 D1.2_AM748617 409 (543.0)
denovo244 E111_EU074915 361 (440.5)
denovo244 E110_EU074914 360 (446.0)
denovo244 E114_EU074909 360 (446.0)
denovo244 E1_AF334659 360 (442.5)
denovo244 E105_EU074921 359 (452.5)
denovo244 E112_EU074916 360 (437.0)
denovo244 E104_EU074922 361 (440.0)
denovo244 E102_EU074924 360 (437.0)
denovo244 E103_EU074923 360 (446.0)
denovo244 E101_AY160123 356 (439.0)
denovo244 E109_EU074913 364 (432.0)
denovo244 E100_DQ011618 371 (432.0)
denovo244 E108_EU074912 371 (424.5)
denovo244 E113_EU074908 371 (428.0)
denovo244 E107_EU074910 371 (424.5)
denovo244 F1_JN558066 316 (992.0)
denovo244 F5.2d_AJ291530 312 (982.0)
denovo244 F104_AJ291531 312 (982.0)
denovo244 F5.2c_AM748596 312 (982.0)
denovo244 F5.2_AM748594 309 (991.0)
denovo244 F5.2a_AM748614 309 (991.0)
denovo244 F5.2b_AM748595 309 (982.0)
denovo244 F5.2e_AJ291533 315 (929.5)
denovo244 F5.2g_JN558072 315 (982.5)
denovo244 F5.2f_AJ291512 309 (991.0)
denovo244 F102_AJ291534 309 (982.0)
denovo244 F5.1c_AM748593 320 (969.5)
denovo244 F5.1d_JN558069 310 (994.0)
denovo244 F5.1b_AJ291535 310 (994.0)
denovo244 F5.1_AM748592 310 (994.0)
denovo244 F5.1a_AM748591 309 (992.0)
denovo244 F110_AJ291526 316 (864.5)
denovo244 F4.7_AM748587 317 (897.5)
denovo244 F4.5_AM748585 314 (921.5)
denovo244 F4.4a_AM748583 308 (959.5)
denovo244 F4.4_AM748582 308 (957.0)
denovo244 F4.4b_AM748584 313 (954.0)
denovo244 F4.1a_AM748573 318 (897.5)
denovo244 F112_AJ291528 318 (879.5)
denovo244 F4.1_AM748572 318 (897.5)
denovo244 F4.8b_AM748590 315 (887.0)
denovo244 F4.8_AM748588 315 (888.0)
denovo244 F4.8a_AM748589 315 (887.0)
denovo244 F109_AJ291527 324 (866.5)
denovo244 F4.6_AM748586 315 (906.0)
denovo244 F111_AJ311949 312 (912.5)
denovo244 F4.3c_AM748581 315 (931.0)
denovo244 F4.3a_AM748579 312 (921.5)
denovo244 F4.3b_AM748580 312 (921.5)
denovo244 F4.3_AM748578 312 (930.5)
denovo244 F4.2_AM748574 310 (938.5)
denovo244 F4.2a_AM748575 309 (930.0)
denovo244 F4.2c_AM748577 310 (929.5)
denovo244 F4.2b_AM748576 309 (939.0)
denovo244 F2b_AJ291521 314 (984.0)
denovo244 F2_AJ830908 312 (960.0)
denovo244 F2a_AJ830911 315 (955.5)
denovo244 F3.1a_AM748566 318 (945.0)
denovo244 F114_AJ291525 318 (954.0)
denovo244 F3.1_AM748565 318 (972.0)
denovo244 F3.2_AM748567 315 (999.5)
denovo244 F3.2a_AM748568 318 (1016.5)
denovo244 F3.3_AM748569 308 (940.0)
denovo244 F3.4a_AM748571 317 (884.5)
denovo244 F3.4_AM748570 318 (878.0)
denovo244 F3.4b_AM748616 318 (878.0)
denovo244 G101_AJ291539 355 (555.0)
denovo244 G1_AM748597 355 (555.0)
denovo244 G2b_JN558087 335 (543.0)
denovo244 G2_AM748598 338 (534.5)
denovo244 G2a_AM748599 335 (543.0)
denovo244 G4_AM748601 347 (564.0)
denovo244 G3.4_LK392378 339 (544.0)
denovo244 G3_AM748600 341 (559.0)
denovo244 G3.2_KC597694 337 (479.0)
denovo244 G3.1_KC597688 336 (544.5)
denovo244 G100_AB253788 337 (538.5)
denovo244 G3.3_LK392377 342 (534.0)
denovo244 H6_AJ291520 660 (333.5)
denovo244 H3_AM748606 308 (880.0)
denovo244 H2_AM748605 310 (912.5)
denovo244 H4_AM748607 313 (852.5)
denovo244 H4a_AM748608 317 (861.5)
denovo244 H5a_AM748611 313 (842.5)
denovo244 H5b_AM748610 315 (847.5)
denovo244 H5_AJ621129 313 (851.5)
denovo244 H5_AM748609 313 (851.5)
denovo244 H100_AJ291513 315 (874.5)
denovo244 H1b_AM748604 315 (869.5)
denovo244 H1a_AM748612 315 (860.5)
denovo244 H1_AJ621152 315 (869.5)
denovo244 H1_AM748602 315 (869.5)
denovo244 I3_FN561561 341 (721.0)
denovo244 I4_FN561562 330 (724.5)
denovo244 I1_FN561559 331 (720.5)
denovo244 I2_FN561560 327 (717.0)

#---------------------------------------
#---------------------------------------
