denovo179 A136_DQ865210 346 (430.5)
denovo179 A133_DQ174725 358 (400.0)
denovo179 A115_AF180123 357 (376.5)
denovo179 A117_AF201746 338 (378.5)
denovo179 A134_DQ174723 346 (376.0)
denovo179 A114_AF184941 346 (376.0)
denovo179 A135_DQ174727 355 (376.0)
denovo179 A2_AF333506 361 (372.0)
denovo179 A101_AF427468 346 (376.0)
denovo179 A2_1_JN558097 346 (376.0)
denovo179 A2_2_JN558100 346 (376.0)
denovo179 A113_AF184948 357 (422.0)
denovo179 A112_AF184949 358 (417.0)
denovo179 A123_EF378618 343 (316.5)
denovo179 A137_EF378621 363 (268.0)
denovo179 A11_EU449041 348 (420.5)
denovo179 A121_DQ174722 343 (401.5)
denovo179 A15b_EU792886 339 (382.5)
denovo179 A15a_EU792885 339 (400.5)
denovo179 A15c_EU792887 339 (391.5)
denovo179 A15_EU792884 339 (391.5)
denovo179 A147_EU074937 340 (394.5)
denovo179 A154_EU074860 340 (403.5)
denovo179 A146_EU074936 340 (394.5)
denovo179 A150_EU074928 345 (408.0)
denovo179 A116_AF183575 340 (403.5)
denovo179 A141_EU074931 340 (403.5)
denovo179 A5_AF333508 340 (410.5)
denovo179 A3b_EU449043 339 (401.0)
denovo179 A151_EU074925 339 (400.0)
denovo179 A152_EU074927 340 (412.5)
denovo179 A149_EU074929 340 (403.5)
denovo179 A140_EU074930 340 (394.5)
denovo179 A142_EU074932 340 (403.5)
denovo179 A143_EU074933 340 (403.5)
denovo179 A144_EU074934 340 (394.5)
denovo179 A145_EU074935 340 (403.5)
denovo179 A148_EU074938 336 (410.0)
denovo179 A155_EU074856 343 (402.5)
denovo179 A156_EU074859 340 (394.5)
denovo179 A139_EU074962 340 (394.5)
denovo179 A6_AF186058 340 (403.5)
denovo179 A3_AF333507 340 (403.5)
denovo179 A3_JN558091 340 (403.5)
denovo179 A8_AY258468 347 (398.5)
denovo179 A7_AY239360 345 (401.0)
denovo179 A16_EU792888 338 (415.5)
denovo179 A4.3_FN429763 360 (387.5)
denovo179 A120_AF180122 358 (354.5)
denovo179 A4.2_FN429761 358 (377.5)
denovo179 A4_AF333509 358 (387.5)
denovo179 A4.1_FN429760 358 (367.0)
denovo179 A4a_AF499778 360 (394.0)
denovo179 A4a.1_FN429762 360 (394.0)
denovo179 A138_EF378620 346 (371.0)
denovo179 A122_EF378619 361 (383.0)
denovo179 A126_EF378615 359 (389.5)
denovo179 A10_EU792882 359 (389.5)
denovo179 A9_EU449028 357 (402.5)
denovo179 A105_AB207202 356 (400.0)
denovo179 A119_AF180121 354 (385.0)
denovo179 A12_EU792883 358 (422.5)
denovo179 A104_AB207203 355 (424.5)
denovo179 A1a_EU449030 357 (420.0)
denovo179 A1.3_HE578976 357 (421.0)
denovo179 A1.4_HE578977 358 (424.0)
denovo179 A13_AF333504 356 (417.5)
denovo179 A13_JN558094 356 (417.5)
denovo179 A110_AB190282 354 (421.0)
denovo179 A103_AB207206 356 (418.0)
denovo179 A130_EF656428 356 (409.0)
denovo179 A127_EF656429 356 (418.0)
denovo179 A128_EF656430 356 (427.0)
denovo179 A129_EF656431 357 (412.5)
denovo179 A131_EF656432 356 (418.0)
denovo179 A118_AF180120 357 (396.5)
denovo179 A1_AF333505 356 (418.0)
denovo179 A107_AB207199 355 (424.0)
denovo179 A111_AB190280 354 (420.5)
denovo179 A108_AB207197 356 (403.0)
denovo179 A106_AB207200 356 (417.5)
denovo179 A102_AB207209 356 (418.0)
denovo179 A1.2_AB207210 356 (418.0)
denovo179 A109_AB190285 356 (417.5)
denovo179 B4_AF333510 390 (371.5)
denovo179 B23_EU449079 362 (382.0)
denovo179 B30_GU907644 363 (366.0)
denovo179 B11_AY239361 377 (383.5)
denovo179 B17_AY258470 390 (376.5)
denovo179 B1k_GU907638 345 (195.0)
denovo179 B1.V_Green2014 382 (370.5)
denovo179 B1b_AF499780 382 (366.0)
denovo179 B16_AY258469 374 (363.5)
denovo179 B31a_GU907646 392 (383.5)
denovo179 B32_GU907647 385 (380.0)
denovo179 B31_GU907645 386 (383.0)
denovo179 B1j_GU907637 384 (367.0)
denovo179 B37_GU907650 384 (377.5)
denovo179 B5a_AF499782 373 (380.0)
denovo179 B5_AF499781 375 (376.0)
denovo179 B24_GU907643 379 (292.5)
denovo179 B117_AF180124 385 (374.0)
denovo179 B10_AF499787 387 (367.5)
denovo179 B20_GU907642 382 (367.0)
denovo179 B1m_GU907640 366 (367.0)
denovo179 B34_GU907649 384 (376.0)
denovo179 B1d_GU907633 379 (379.5)
denovo179 B1e_GU907634 381 (376.0)
denovo179 B1i_GU907636 375 (375.0)
denovo179 B1g_GU907635 381 (381.5)
denovo179 B123_EU074872 384 (375.5)
denovo179 B8_AF499785 383 (388.0)
denovo179 B1l_GU907639 383 (382.5)
denovo179 B1a_AF499779 379 (380.0)
denovo179 B14_AY239362 385 (384.5)
denovo179 B125_EU074865 384 (376.0)
denovo179 B122_EU074871 384 (376.0)
denovo179 B124_EU074874 383 (373.5)
denovo179 B1.VII_Green2014 383 (339.5)
denovo179 B1.III_Green2014 375 (377.0)
denovo179 B1.I_Green2014 384 (376.0)
denovo179 B1.II_Green2014 384 (376.0)
denovo179 B1_JN558057 384 (376.0)
denovo179 B1_AF333511 384 (376.0)
denovo179 B1.IV_Green2014 389 (383.0)
denovo179 B121_EU074870 376 (369.0)
denovo179 B7_AF499784 384 (376.0)
denovo179 B1.VI_Green2014 380 (375.0)
denovo179 B3_AF333514 363 (379.0)
denovo179 B9_AF499786 363 (381.5)
denovo179 B19a_JN558055 361 (364.5)
denovo179 B119_EU099825 365 (377.5)
denovo179 B21_DQ865213 363 (375.5)
denovo179 B38_GU907651 363 (375.5)
denovo179 B18_AY258471 365 (376.0)
denovo179 B18a_AY258472 365 (376.0)
denovo179 B33_GU907648 375 (381.0)
denovo179 B6_AF499783 379 (384.5)
denovo179 B19_DQ865212 374 (377.5)
denovo179 B19_GU907641 374 (377.5)
denovo179 B2_AF333512 375 (371.0)
denovo179 B2_JN558060 375 (371.0)
denovo179 C33.1_AY258498 356 (382.5)
denovo179 C33.2_AY765400 356 (382.5)
denovo179 C33a_EF541147 356 (382.5)
denovo179 C34_AY258499 363 (393.5)
denovo179 C78_AY765413 365 (362.0)
denovo179 C15.29_KC597690 372 (335.5)
denovo179 C1131_DQ182650 357 (347.0)
denovo179 C1135_DQ182646 365 (364.0)
denovo179 C1134_DQ182647 366 (357.5)
denovo179 C1142_DQ182635 365 (355.0)
denovo179 C1136_DQ182644 354 (356.0)
denovo179 C1111_DQ182645 363 (346.0)
denovo179 C1236_EF473656 355 (339.0)
denovo179 C1138_DQ182642 354 (353.5)
denovo179 C1137_DQ182643 355 (348.5)
denovo179 C1133_DQ182648 356 (349.5)
denovo179 C1132_DQ182649 353 (343.0)
denovo179 C1143_DQ182634 355 (348.0)
denovo179 C1139_DQ182639 357 (347.0)
denovo179 C15.28_KC597687 373 (360.0)
denovo179 C1141_DQ182636 364 (361.5)
denovo179 C1144_DQ182637 364 (361.5)
denovo179 C1122_DQ182654 357 (356.0)
denovo179 C1127_DQ182652 363 (355.0)
denovo179 C15.30_JX394114 366 (365.5)
denovo179 C15.26_KC597686 386 (371.5)
denovo179 C1086_DQ182656 373 (368.5)
denovo179 C15.25_KC597685 373 (359.5)
denovo179 C1118_AF180127 376 (332.5)
denovo179 C1129_DQ182651 355 (350.5)
denovo179 C15.21_KC597683 374 (343.0)
denovo179 C56_AY589760 363 (358.0)
denovo179 C1140_DQ182638 356 (363.0)
denovo179 C1126_DQ182653 352 (361.5)
denovo179 C15c_AY258492 354 (358.5)
denovo179 C15d_AY258493 353 (356.0)
denovo179 C1098_DQ182641 369 (362.5)
denovo179 C15.27_KC597689 372 (364.0)
denovo179 C15.18_HE579024 371 (362.5)
denovo179 C15.16_HE579022 361 (362.0)
denovo179 C1101_AB253787 370 (341.5)
denovo179 C1083_AY237300 373 (359.5)
denovo179 C1088_DQ182640 370 (367.0)
denovo179 C15.6_FN563472 370 (350.5)
denovo179 C15.5_FJ461512 371 (360.5)
denovo179 C15.4_FJ461511 370 (359.0)
denovo179 C15.13_HE579019 370 (350.5)
denovo179 C15.12_HE579018 370 (350.5)
denovo179 C93a_AM748563 362 (373.0)
denovo179 C1094_AJ291514 369 (363.5)
denovo179 C93_AM748562 362 (371.0)
denovo179 C15.17_HE579023 374 (365.0)
denovo179 C15e_AY589742 381 (351.5)
denovo179 C15.22_KC597695 370 (350.5)
denovo179 C60_AY589764 365 (361.5)
denovo179 C15.1_FJ461508 376 (367.5)
denovo179 C15.2_FJ461509 370 (368.5)
denovo179 C15.9_FN563475 370 (368.5)
denovo179 C15.7_HE579015 369 (365.5)
denovo179 C15.8_HE579016 370 (350.5)
denovo179 C15.15_HE579021 370 (359.5)
denovo179 C15.19_HE579025 374 (361.0)
denovo179 C15.24_KC597696 370 (359.5)
denovo179 C15.3_FJ461510 370 (377.0)
denovo179 C1087_DQ182655 372 (366.0)
denovo179 C15.14_HE579020 374 (358.0)
denovo179 C15.23_KC597697 374 (358.0)
denovo179 C19_AY258479 375 (359.0)
denovo179 C1233_EU118166 370 (350.5)
denovo179 C15b_AY258491 370 (350.5)
denovo179 C15a_AY258476 370 (368.0)
denovo179 C1051_AF195153 363 (367.0)
denovo179 C2_AF333518 364 (366.0)
denovo179 C15.20_HE579026 374 (358.0)
denovo179 C15f_AY589743 371 (359.0)
denovo179 C55_AY589759 373 (362.5)
denovo179 C15_AY239369 370 (359.5)
denovo179 C32.1_JF683335 365 (389.0)
denovo179 C32.2_JF683336 365 (380.0)
denovo179 C21.23_KC597693 365 (380.0)
denovo179 C1193_EU099827 370 (355.5)
denovo179 C1195_EU099821 368 (353.0)
denovo179 C3q_GU907655 356 (384.5)
denovo179 C53_AY589758 368 (365.5)
denovo179 C73_AY765408 359 (370.5)
denovo179 C17.2.1_KC597684 357 (389.0)
denovo179 C32_AY258497 354 (391.5)
denovo179 C1189_EU099831 354 (382.0)
denovo179 C1191_EU099833 354 (382.0)
denovo179 C1196_EU099819 354 (373.0)
denovo179 C1192_EU099820 354 (373.0)
denovo179 C17.1_JF683322 355 (384.5)
denovo179 C26_b2_FN827164 356 (374.5)
denovo179 C26_b3_FN827165 356 (374.5)
denovo179 C31.9_HQ630879 358 (383.5)
denovo179 C31a_AY589746 360 (376.5)
denovo179 C30_AY589745 361 (388.5)
denovo179 C31.1_HQ630876 362 (383.0)
denovo179 C31.5_HQ630877 363 (376.5)
denovo179 C31.6_HQ630878 359 (383.0)
denovo179 C31.2_JF683332 360 (385.5)
denovo179 C31.3_JF683333 361 (388.5)
denovo179 C26/C35a_AY239378 356 (365.5)
denovo179 C35a_AY258501 356 (365.5)
denovo179 C35.2_AY258500 356 (374.5)
denovo179 C26_b1_FN827163 356 (374.5)
denovo179 C17_AY239370 355 (384.5)
denovo179 C17.2_FJ461513 357 (383.5)
denovo179 C31.10_HQ630880 358 (383.5)
denovo179 C31.4_JF683334 366 (379.5)
denovo179 C31_AY258496 360 (385.5)
denovo179 C25_AY239377 358 (372.0)
denovo179 C61_AY589765 367 (364.0)
denovo179 C1043_DQ072721 360 (363.5)
denovo179 C79_AY765414 379 (351.5)
denovo179 C69_AY589773 353 (365.0)
denovo179 C69a_AY686648 353 (356.0)
denovo179 C21.22_KC597692 356 (396.5)
denovo179 C51_AY589756 366 (393.0)
denovo179 C1aa_HM185739 359 (374.5)
denovo179 C1096_DQ068023 359 (381.0)
denovo179 C74_AY765409 356 (379.0)
denovo179 C1185_AB294629 360 (381.5)
denovo179 C1184_AB294630 360 (387.0)
denovo179 C1153_AB294625 365 (395.5)
denovo179 C1154_AB294626 359 (388.0)
denovo179 C1187_AB294627 358 (385.0)
denovo179 C1186_AB294628 356 (398.5)
denovo179 C57_AY589761 360 (399.5)
denovo179 C66_AY589771 360 (390.5)
denovo179 C5_AF499795 363 (374.5)
denovo179 C1167_AB294586 360 (375.5)
denovo179 C1164_AB294593 355 (371.5)
denovo179 C1183_AB294631 359 (372.5)
denovo179 C1067_DQ335381 358 (380.0)
denovo179 C1159_AB294613 354 (399.5)
denovo179 C1150_AB294622 358 (392.5)
denovo179 C90_AM748554 363 (377.0)
denovo179 C1168_AB294583 363 (383.5)
denovo179 C1156_AB294616 358 (397.0)
denovo179 C1151_AB294621 359 (390.0)
denovo179 C92a_AM748561 359 (390.0)
denovo179 C92_AM748560 359 (390.0)
denovo179 C1165_AB294581 359 (372.5)
denovo179 C1166_AB294584 359 (381.5)
denovo179 C1162_AB294594 358 (370.0)
denovo179 C1163_AB294596 359 (363.5)
denovo179 C1161_AB294606 370 (370.5)
denovo179 C1160_AB294608 361 (370.0)
denovo179 C1158_AB294614 359 (372.5)
denovo179 C1155_AB294617 359 (363.5)
denovo179 C1149_AB294620 360 (366.0)
denovo179 C1173_AB294662 359 (372.5)
denovo179 C1171_AB294663 359 (381.5)
denovo179 C1172_AB294665 364 (368.5)
denovo179 C91a_AM748556 359 (381.0)
denovo179 C91b_AM748557 362 (372.0)
denovo179 C91d_AM748559 359 (363.5)
denovo179 C91c_AM748558 359 (363.5)
denovo179 C91_AJ621543 359 (372.5)
denovo179 C91_AM748555 359 (372.5)
denovo179 C1023_DQ335330 340 (342.0)
denovo179 C1020_DQ335392 356 (382.5)
denovo179 C1018_DQ335408 360 (393.5)
denovo179 C1074_DQ335329 358 (378.5)
denovo179 C1030_DQ335353 358 (387.5)
denovo179 C1022_DQ335331 358 (387.5)
denovo179 C1027_DQ335360 357 (384.0)
denovo179 C1072_DQ335344 356 (382.5)
denovo179 C1039_AB190274 362 (381.0)
denovo179 C1033_DQ335350 354 (405.0)
denovo179 C1019_DQ335407 358 (387.5)
denovo179 C1194_EU099826 374 (366.5)
denovo179 C8b_AY258475 352 (347.5)
denovo179 C8_AY239367 355 (361.0)
denovo179 C8a_AY239368 355 (352.0)
denovo179 C54a_AY765406 365 (363.5)
denovo179 C3ff_HM185740 361 (378.0)
denovo179 C59_AY589763 360 (396.0)
denovo179 C3k_AY589737 359 (380.0)
denovo179 C3.24_HE579012 373 (369.0)
denovo179 C3.23_HE579011 374 (371.5)
denovo179 C35.1_AY765401 364 (379.5)
denovo179 C35.3_EF541145 366 (375.5)
denovo179 C76_AY765411 360 (382.0)
denovo179 C1107_DQ335359 356 (383.0)
denovo179 C3.22_HE579010 359 (392.0)
denovo179 C77_AY765412 361 (374.5)
denovo179 C20_AY239371 364 (368.0)
denovo179 C1055_DQ480640 353 (379.0)
denovo179 C27/C30_AY239379 363 (387.5)
denovo179 C27.1_FJ461517 363 (396.5)
denovo179 C40a_AY589747 365 (389.0)
denovo179 C40_AY258485 361 (387.5)
denovo179 C40b_AY589748 362 (387.0)
denovo179 C16_AY258477 359 (382.0)
denovo179 C16a_AY765399 359 (382.0)
denovo179 C1091_AB207186 362 (372.0)
denovo179 C1102_DQ335400 356 (382.5)
denovo179 C1069_DQ335375 356 (373.5)
denovo179 C1073_DQ335332 360 (375.5)
denovo179 C1066_DQ335382 361 (369.0)
denovo179 C1031_DQ335352 357 (394.0)
denovo179 C1026_DQ335366 357 (394.0)
denovo179 C70_AY589774 358 (387.5)
denovo179 C1082_AB190267 356 (391.5)
denovo179 C1078_AB190271 356 (382.5)
denovo179 C1090_AB207191 364 (379.5)
denovo179 C1071_DQ335302 353 (382.5)
denovo179 C1075_DQ335328 352 (389.0)
denovo179 C1068_DQ335379 356 (373.5)
denovo179 C1064_DQ335395 352 (381.5)
denovo179 C1063_DQ335403 356 (373.5)
denovo179 C62_AY589766 356 (382.5)
denovo179 C1077_DQ335316 357 (382.0)
denovo179 C1109_DQ335338 356 (373.5)
denovo179 C1110_DQ335340 361 (378.5)
denovo179 C1106_DQ335339 360 (363.5)
denovo179 C1112_DQ335319 360 (367.0)
denovo179 C1108_DQ335351 360 (358.0)
denovo179 C1105_DQ335394 360 (367.0)
denovo179 C1121_DQ335378 360 (367.0)
denovo179 C1116_AB190268 356 (382.5)
denovo179 C1115_AB190273 360 (376.0)
denovo179 C1124_DQ335323 362 (372.0)
denovo179 C1120_DQ335398 363 (366.0)
denovo179 C1119_DQ335404 358 (369.0)
denovo179 C1123_DQ335363 362 (363.0)
denovo179 C1004_DQ480635 362 (384.5)
denovo179 C1061_AY186568 365 (374.0)
denovo179 C1053_AY186569 359 (375.0)
denovo179 C1003_DQ480639 360 (378.0)
denovo179 C81_GU907657 355 (406.0)
denovo179 C22_AY239373 364 (398.0)
denovo179 C22a_AY239374 364 (407.0)
denovo179 C1232_EU118163 365 (389.0)
denovo179 C21.13_FJ461515 354 (399.5)
denovo179 C21.1_JF683323 351 (400.0)
denovo179 C21.3_JF683325 352 (393.5)
denovo179 C1.20_HE578993 355 (379.0)
denovo179 C1.22_HE578995 355 (370.0)
denovo179 C52_AY589757 366 (370.0)
denovo179 C1201_EU099793 367 (363.0)
denovo179 C14_AY589741 359 (358.0)
denovo179 C43_AY589749 354 (358.5)
denovo179 C50_AY589755 365 (372.0)
denovo179 C3.14_HQ630872 357 (402.5)
denovo179 C1m_AY765398 358 (369.5)
denovo179 C82_GU907658 361 (359.0)
denovo179 C82b_GU907660 361 (359.0)
denovo179 C64_AY589768 361 (386.0)
denovo179 C45a_AY765404 364 (377.0)
denovo179 C48_AY589753 363 (377.5)
denovo179 C1_v1b_FJ919244 358 (396.5)
denovo179 C1_v1a_FJ919243 358 (387.5)
denovo179 C3j_AY239366 357 (385.0)
denovo179 C3t_EF541149 362 (381.5)
denovo179 C9_AF499798 364 (376.0)
denovo179 C23_AY239375 358 (377.0)
denovo179 C37_AY258481 364 (378.0)
denovo179 C1048_DQ068026 360 (374.5)
denovo179 C21.4_JF683326 355 (402.5)
denovo179 C21.5_JF683327 355 (402.5)
denovo179 C1070_DQ335349 360 (383.5)
denovo179 C21.6_HQ630873 359 (386.5)
denovo179 C1224_EU074890 357 (376.0)
denovo179 C1.17_HE578990 358 (378.5)
denovo179 C21_b1_FN827162 355 (375.5)
denovo179 C21.9_JF683330 355 (384.5)
denovo179 C1085_AY624605 357 (376.5)
denovo179 C3p_GU907654 356 (385.5)
denovo179 C3f_AY589734 358 (388.0)
denovo179 C65a_AY589770 359 (372.5)
denovo179 C65_AY589769 359 (381.5)
denovo179 C71_AY589775 359 (390.5)
denovo179 C71a_AY589776 359 (381.5)
denovo179 C1178_AB294647 356 (376.0)
denovo179 C1225_EU074893 362 (381.0)
denovo179 C75_AY765410 361 (386.5)
denovo179 C21.10_JF683331 350 (397.5)
denovo179 C21.11_HQ630874 354 (400.0)
denovo179 C1065_DQ335388 361 (379.5)
denovo179 C1045_DQ068036 361 (388.5)
denovo179 C1h_AY258473 358 (386.0)
denovo179 C38_AY258482 358 (386.0)
denovo179 C1202_EU099799 356 (390.0)
denovo179 C7_AF499797 358 (395.0)
denovo179 C12_AF499801 360 (384.5)
denovo179 C38a_AY258483 361 (392.0)
denovo179 C1200_EU099800 356 (388.5)
denovo179 C44a_AY589751 355 (369.5)
denovo179 C47_AY589752 361 (368.5)
denovo179 C44_AY589750 359 (372.0)
denovo179 C1.15_HE578988 364 (386.5)
denovo179 C45.3_FJ461522 366 (382.5)
denovo179 C46a_AY765405 360 (374.5)
denovo179 C46_EU449108 358 (378.5)
denovo179 C3.12_FJ461507 360 (383.5)
denovo179 C1k_AY589733 359 (381.0)
denovo179 C67_AY686647 363 (366.0)
denovo179 C82a_GU907659 361 (368.0)
denovo179 C10a_AY589739 359 (371.5)
denovo179 C10_AF499799 357 (375.0)
denovo179 C13_AY589740 363 (380.0)
denovo179 C4_AF499794 360 (365.5)
denovo179 C1147_EF656433 361 (378.5)
denovo179 C1c/C45_AY239364 360 (374.5)
denovo179 C1c/C45_EU449103 360 (374.5)
denovo179 C21.19_HE579031 355 (384.0)
denovo179 C21.21_HE579033 355 (375.0)
denovo179 C21.20_HE579032 355 (384.0)
denovo179 C42b_AY765403 357 (364.5)
denovo179 C42_AY258487 357 (364.5)
denovo179 C1p_GU907652 358 (369.5)
denovo179 C1d_AY258488 358 (369.0)
denovo179 C42_AY765402 360 (365.5)
denovo179 C3ha_AY589736 355 (393.5)
denovo179 C63a_AY589767 357 (392.5)
denovo179 C21a_AY589744 355 (393.5)
denovo179 C3o_GU907653 354 (390.5)
denovo179 C21.16_HQ630875 355 (402.5)
denovo179 C21.2_JF683324 355 (393.5)
denovo179 C21.7_JF683328 355 (393.5)
denovo179 C21.8_JF683329 351 (400.0)
denovo179 C3h_AY239365 355 (384.5)
denovo179 C1203_EU099798 355 (393.5)
denovo179 C3.10_FJ461505 358 (387.5)
denovo179 C21.14_FJ461516 355 (393.5)
denovo179 C21.18_HE579030 361 (381.5)
denovo179 C3.17_HE579005 358 (378.5)
denovo179 C3.9_FJ461504 365 (380.0)
denovo179 C3.8_FJ461503 365 (382.0)
denovo179 C3.7_FJ461502 358 (378.5)
denovo179 C3.11_FJ461506 356 (382.5)
denovo179 C3.18_HE579006 356 (391.5)
denovo179 C3.19_HE579007 360 (385.5)
denovo179 C3.20_HE579008 358 (396.5)
denovo179 C3g_AY589735 357 (396.0)
denovo179 C3a_AF499790 354 (385.0)
denovo179 C3e_AF499793 356 (382.5)
denovo179 C6_AF499796 355 (397.0)
denovo179 C11_AF499800 358 (396.5)
denovo179 C36_AY258480 359 (380.5)
denovo179 C29_AY258494 361 (387.5)
denovo179 C1146_EF656434 359 (389.5)
denovo179 C1190_EU099841 358 (396.5)
denovo179 C131_JF320826 360 (383.5)
denovo179 C28_AY239380 361 (396.5)
denovo179 C1012_DQ480604 358 (378.5)
denovo179 C1181_AB294640 357 (387.5)
denovo179 C1180_AB294641 357 (396.5)
denovo179 C1179_AB294645 368 (395.0)
denovo179 C1176_AB294651 357 (387.5)
denovo179 C1175_AB294653 361 (390.5)
denovo179 C1174_AB294655 358 (381.0)
denovo179 C1177_AB294659 359 (392.0)
denovo179 C1040_AB190269 358 (378.5)
denovo179 C1182_AB294649 358 (378.5)
denovo179 C1089_AJ278598 358 (378.5)
denovo179 C1028_DQ335357 356 (391.5)
denovo179 C3.16_EU786015 358 (396.5)
denovo179 C1097_AJ311943 359 (369.0)
denovo179 C1170_AB294661 357 (387.5)
denovo179 C21.17_HE579029 357 (392.5)
denovo179 C21/3d/C3k_AY239372 355 (393.5)
denovo179 C58_AY589762 356 (392.5)
denovo179 C3L_AY589738 361 (392.5)
denovo179 C1169_AB294660 357 (387.5)
denovo179 C3.2_FJ461497 364 (390.0)
denovo179 C3.1_JF683321 357 (388.0)
denovo179 C1104_AF427469 363 (380.0)
denovo179 C3b_AF499791 360 (387.5)
denovo179 C83_GU907661 361 (389.5)
denovo179 C49_AY589754 396 (394.0)
denovo179 C3_AB778606 358 (387.5)
denovo179 C3_AF499789 358 (387.5)
denovo179 C3_HE579001 358 (387.5)
denovo179 C21.12_FJ461514 355 (402.5)
denovo179 C1229_EU074888 358 (364.5)
denovo179 C1230_EU074889 354 (371.0)
denovo179 C1114_AB207196 359 (381.0)
denovo179 C3.21_HE579009 362 (331.0)
denovo179 C1057_DQ480619 366 (366.5)
denovo179 C72_AY765407 353 (363.5)
denovo179 C1b.3_HE578999 364 (372.0)
denovo179 C93_AJ621536 365 (380.0)
denovo179 C94_AJ621539 365 (371.0)
denovo179 C1g_AY589730 358 (387.5)
denovo179 C1i_AY589731 357 (367.0)
denovo179 C1j_AY589732 356 (382.5)
denovo179 C1005_DQ480633 359 (380.0)
denovo179 C1.7_FJ461494 362 (381.5)
denovo179 C1.11_HE578984 358 (369.5)
denovo179 C1.12_HE578985 358 (378.5)
denovo179 C1.13_HE578986 354 (376.0)
denovo179 C1.14_HE578987 362 (380.5)
denovo179 C1.18_HE578991 358 (378.5)
denovo179 C1.19_HE578992 358 (387.5)
denovo179 C1199_EU099802 365 (375.5)
denovo179 C1188_EU099838 362 (382.0)
denovo179 C1002_DQ838544 358 (387.5)
denovo179 C1198_EU099810 358 (379.5)
denovo179 C24_AY239376 358 (369.5)
denovo179 C1f_AY258490 362 (380.0)
denovo179 C1006_DQ480629 358 (378.5)
denovo179 C1010_DQ480607 362 (381.5)
denovo179 C1007_DQ480624 366 (368.0)
denovo179 C1011_DQ480605 362 (372.5)
denovo179 C1009_DQ480608 358 (378.5)
denovo179 C1041_AY186548 356 (383.0)
denovo179 C1052_AY186570 358 (369.5)
denovo179 C1148_EU040178 358 (378.5)
denovo179 C1234_EU118165 359 (378.0)
denovo179 C1.5_EF634157 366 (384.0)
denovo179 C1059_DQ480609 358 (369.5)
denovo179 C1228_EU074883 360 (376.0)
denovo179 C1208_EU074963 358 (378.5)
denovo179 C1207_EU074964 360 (385.0)
denovo179 C1206_EU074965 366 (375.5)
denovo179 C1013_DQ480642 371 (371.5)
denovo179 C80_GU907656 370 (379.0)
denovo179 C1a_AF499788 362 (371.5)
denovo179 C41_AY258486 358 (378.5)
denovo179 C39_AY258484 356 (368.0)
denovo179 C1231_EU074878 363 (374.0)
denovo179 C1b.1_HE578997 369 (376.5)
denovo179 C18_AY258478 357 (385.0)
denovo179 C1.10_HE578983 350 (379.5)
denovo179 C1_JN558041 358 (378.5)
denovo179 C1_HE578979 358 (378.5)
denovo179 C1_AM748551 358 (378.5)
denovo179 C1_AF333515 358 (378.5)
denovo179 C1054_AY186565 359 (378.0)
denovo179 C1008_DQ480613 358 (371.0)
denovo179 C1103_AF427470 363 (371.0)
denovo179 C1226_EU074881 358 (375.0)
denovo179 C1b/C1e_AY239363 364 (381.0)
denovo179 C1044_DQ068038 358 (363.5)
denovo179 C1017_DQ174729 364 (383.5)
denovo179 C1.6_FJ461493 362 (371.5)
denovo179 C1b.2_HE578998 364 (390.0)
denovo179 C1060_DQ480600 362 (372.0)
denovo179 C1227_EU074882 363 (374.5)
denovo179 C1197_EU099814 358 (369.5)
denovo179 C1130_DQ480643 356 (339.5)
denovo179 D109_AB097465 359 (315.0)
denovo179 D1.11_HE579040 375 (316.0)
denovo179 D105_AF174570 360 (320.0)
denovo179 D104_AF174572 375 (306.5)
denovo179 D1.3_JF683337 359 (323.5)
denovo179 D1.10_HE579039 360 (312.0)
denovo179 D110_AF174561 360 (311.5)
denovo179 D117_AF174542 360 (311.0)
denovo179 D114_AF174549 359 (323.5)
denovo179 D113_AF174557 354 (317.0)
denovo179 D112_AF174558 358 (314.0)
denovo179 D106_AF174559 360 (329.0)
denovo179 D111_AF174560 360 (320.0)
denovo179 D115_AF174562 361 (313.5)
denovo179 D107_AF174568 359 (323.5)
denovo179 D116_AF174571 361 (331.5)
denovo179 D124_EU074897 358 (332.0)
denovo179 D1.8_HE579037 360 (320.0)
denovo179 D3_AY686650 360 (320.5)
denovo179 D1.6_HQ630881 360 (320.0)
denovo179 D120_EU074900 362 (316.0)
denovo179 D121_EU074904 359 (326.5)
denovo179 D122_EU074905 363 (311.0)
denovo179 D1a.2_JF683339 368 (319.5)
denovo179 D1a.1_JF683338 358 (323.0)
denovo179 D2_AY686649 576 (362.5)
denovo179 D4_DQ865214 358 (320.0)
denovo179 D1a_AF499802 358 (314.0)
denovo179 D1a_JN558078 358 (314.0)
denovo179 D123_EU074895 361 (313.5)
denovo179 D108_AF174567 360 (320.0)
denovo179 D103_AF174575 375 (316.0)
denovo179 D100_AF411415 360 (321.0)
denovo179 D118_EF656435 358 (323.0)
denovo179 D101_AF411416 359 (321.0)
denovo179 D119_EU099832 354 (305.0)
denovo179 D102_AF174573 359 (311.0)
denovo179 D1_AF334660 360 (320.0)
denovo179 D1_JN558076 360 (320.0)
denovo179 D1.12_HE579041 355 (303.0)
denovo179 D1.1_AM748564 422 (384.5)
denovo179 D1.2_AM748617 429 (383.0)
denovo179 E111_EU074915 365 (381.5)
denovo179 E110_EU074914 362 (363.5)
denovo179 E114_EU074909 362 (354.5)
denovo179 E1_AF334659 363 (353.5)
denovo179 E105_EU074921 362 (363.5)
denovo179 E112_EU074916 362 (363.5)
denovo179 E104_EU074922 365 (363.0)
denovo179 E102_EU074924 362 (345.5)
denovo179 E103_EU074923 362 (354.5)
denovo179 E101_AY160123 362 (350.0)
denovo179 E109_EU074913 362 (374.0)
denovo179 E100_DQ011618 369 (383.0)
denovo179 E108_EU074912 369 (383.0)
denovo179 E113_EU074908 369 (378.5)
denovo179 E107_EU074910 369 (383.0)
denovo179 F1_JN558066 365 (447.5)
denovo179 F5.2d_AJ291530 361 (464.0)
denovo179 F104_AJ291531 361 (464.0)
denovo179 F5.2c_AM748596 361 (464.0)
denovo179 F5.2_AM748594 369 (460.5)
denovo179 F5.2a_AM748614 369 (460.5)
denovo179 F5.2b_AM748595 369 (460.5)
denovo179 F5.2e_AJ291533 365 (457.5)
denovo179 F5.2g_JN558072 360 (469.5)
denovo179 F5.2f_AJ291512 370 (473.0)
denovo179 F102_AJ291534 360 (469.5)
denovo179 F5.1c_AM748593 361 (471.5)
denovo179 F5.1d_JN558069 363 (460.0)
denovo179 F5.1b_AJ291535 358 (474.0)
denovo179 F5.1_AM748592 363 (478.0)
denovo179 F5.1a_AM748591 363 (469.0)
denovo179 F110_AJ291526 349 (443.5)
denovo179 F4.7_AM748587 348 (417.5)
denovo179 F4.5_AM748585 356 (418.5)
denovo179 F4.4a_AM748583 370 (410.0)
denovo179 F4.4_AM748582 355 (414.0)
denovo179 F4.4b_AM748584 372 (405.5)
denovo179 F4.1a_AM748573 356 (429.0)
denovo179 F112_AJ291528 355 (444.5)
denovo179 F4.1_AM748572 355 (444.5)
denovo179 F4.8b_AM748590 361 (408.5)
denovo179 F4.8_AM748588 363 (414.0)
denovo179 F4.8a_AM748589 363 (414.0)
denovo179 F109_AJ291527 359 (425.0)
denovo179 F4.6_AM748586 350 (412.5)
denovo179 F111_AJ311949 354 (433.0)
denovo179 F4.3c_AM748581 351 (438.0)
denovo179 F4.3a_AM748579 351 (437.5)
denovo179 F4.3b_AM748580 351 (420.0)
denovo179 F4.3_AM748578 351 (429.0)
denovo179 F4.2_AM748574 348 (424.0)
denovo179 F4.2a_AM748575 340 (422.0)
denovo179 F4.2c_AM748577 342 (424.5)
denovo179 F4.2b_AM748576 340 (422.0)
denovo179 F2b_AJ291521 352 (417.0)
denovo179 F2_AJ830908 352 (417.0)
denovo179 F2a_AJ830911 352 (417.0)
denovo179 F3.1a_AM748566 353 (430.5)
denovo179 F114_AJ291525 364 (429.0)
denovo179 F3.1_AM748565 364 (429.0)
denovo179 F3.2_AM748567 365 (474.5)
denovo179 F3.2a_AM748568 365 (465.5)
denovo179 F3.3_AM748569 365 (461.0)
denovo179 F3.4a_AM748571 365 (443.0)
denovo179 F3.4_AM748570 360 (448.0)
denovo179 F3.4b_AM748616 360 (448.0)
denovo179 G101_AJ291539 353 (409.0)
denovo179 G1_AM748597 353 (400.0)
denovo179 G2b_JN558087 360 (360.5)
denovo179 G2_AM748598 360 (360.0)
denovo179 G2a_AM748599 361 (354.5)
denovo179 G4_AM748601 365 (343.0)
denovo179 G3.4_LK392378 371 (362.5)
denovo179 G3_AM748600 366 (368.5)
denovo179 G3.2_KC597694 352 (331.5)
denovo179 G3.1_KC597688 374 (362.5)
denovo179 G100_AB253788 374 (362.5)
denovo179 G3.3_LK392377 374 (362.5)
denovo179 H6_AJ291520 632 (320.5)
denovo179 H3_AM748606 368 (339.0)
denovo179 H2_AM748605 352 (333.0)
denovo179 H4_AM748607 362 (341.5)
denovo179 H4a_AM748608 366 (340.5)
denovo179 H5a_AM748611 356 (350.5)
denovo179 H5b_AM748610 360 (351.5)
denovo179 H5_AJ621129 352 (356.0)
denovo179 H5_AM748609 352 (356.0)
denovo179 H100_AJ291513 370 (326.0)
denovo179 H1b_AM748604 370 (339.0)
denovo179 H1a_AM748612 370 (339.0)
denovo179 H1_AJ621152 370 (339.0)
denovo179 H1_AM748602 370 (339.0)
denovo179 I3_FN561561 366 (456.5)
denovo179 I4_FN561562 367 (460.0)
denovo179 I1_FN561559 371 (453.5)
denovo179 I2_FN561560 371 (463.0)

#---------------------------------------
#---------------------------------------
