denovo266 A136_DQ865210 336 (531.5)
denovo266 A133_DQ174725 358 (497.0)
denovo266 A115_AF180123 341 (487.0)
denovo266 A117_AF201746 335 (511.0)
denovo266 A134_DQ174723 337 (516.5)
denovo266 A114_AF184941 337 (516.5)
denovo266 A135_DQ174727 344 (511.5)
denovo266 A2_AF333506 339 (518.0)
denovo266 A101_AF427468 344 (510.0)
denovo266 A2_1_JN558097 344 (510.0)
denovo266 A2_2_JN558100 344 (510.0)
denovo266 A113_AF184948 335 (531.0)
denovo266 A112_AF184949 335 (504.0)
denovo266 A123_EF378618 349 (341.0)
denovo266 A137_EF378621 350 (334.0)
denovo266 A11_EU449041 343 (530.5)
denovo266 A121_DQ174722 340 (516.0)
denovo266 A15b_EU792886 349 (482.0)
denovo266 A15a_EU792885 349 (499.5)
denovo266 A15c_EU792887 349 (490.5)
denovo266 A15_EU792884 349 (491.0)
denovo266 A147_EU074937 343 (511.0)
denovo266 A154_EU074860 343 (511.0)
denovo266 A146_EU074936 344 (504.0)
denovo266 A150_EU074928 342 (514.0)
denovo266 A116_AF183575 344 (504.0)
denovo266 A141_EU074931 344 (513.0)
denovo266 A5_AF333508 338 (528.0)
denovo266 A3b_EU449043 343 (520.0)
denovo266 A151_EU074925 343 (510.0)
denovo266 A152_EU074927 361 (509.0)
denovo266 A149_EU074929 355 (517.0)
denovo266 A140_EU074930 343 (502.0)
denovo266 A142_EU074932 355 (507.0)
denovo266 A143_EU074933 346 (510.5)
denovo266 A144_EU074934 343 (502.0)
denovo266 A145_EU074935 346 (510.0)
denovo266 A148_EU074938 343 (502.0)
denovo266 A155_EU074856 343 (502.0)
denovo266 A156_EU074859 343 (502.0)
denovo266 A139_EU074962 343 (502.0)
denovo266 A6_AF186058 343 (511.0)
denovo266 A3_AF333507 343 (511.0)
denovo266 A3_JN558091 343 (511.0)
denovo266 A8_AY258468 349 (491.0)
denovo266 A7_AY239360 349 (500.5)
denovo266 A16_EU792888 349 (509.5)
denovo266 A4.3_FN429763 349 (497.5)
denovo266 A120_AF180122 346 (489.0)
denovo266 A4.2_FN429761 347 (488.5)
denovo266 A4_AF333509 347 (516.5)
denovo266 A4.1_FN429760 346 (511.5)
denovo266 A4a_AF499778 347 (517.0)
denovo266 A4a.1_FN429762 347 (517.0)
denovo266 A138_EF378620 350 (461.0)
denovo266 A122_EF378619 349 (498.0)
denovo266 A126_EF378615 348 (499.0)
denovo266 A10_EU792882 348 (499.0)
denovo266 A9_EU449028 341 (508.5)
denovo266 A105_AB207202 342 (520.0)
denovo266 A119_AF180121 342 (501.5)
denovo266 A12_EU792883 345 (510.0)
denovo266 A104_AB207203 340 (515.0)
denovo266 A1a_EU449030 347 (524.0)
denovo266 A1.3_HE578976 351 (510.5)
denovo266 A1.4_HE578977 352 (521.5)
denovo266 A13_AF333504 344 (515.5)
denovo266 A13_JN558094 344 (515.5)
denovo266 A110_AB190282 344 (507.5)
denovo266 A103_AB207206 348 (518.0)
denovo266 A130_EF656428 344 (516.5)
denovo266 A127_EF656429 344 (525.5)
denovo266 A128_EF656430 344 (507.5)
denovo266 A129_EF656431 345 (519.0)
denovo266 A131_EF656432 346 (512.5)
denovo266 A118_AF180120 343 (507.5)
denovo266 A1_AF333505 344 (516.5)
denovo266 A107_AB207199 346 (522.0)
denovo266 A111_AB190280 346 (522.0)
denovo266 A108_AB207197 350 (502.0)
denovo266 A106_AB207200 343 (522.5)
denovo266 A102_AB207209 343 (523.0)
denovo266 A1.2_AB207210 343 (523.0)
denovo266 A109_AB190285 343 (522.5)
denovo266 B4_AF333510 321 (1157.5)
denovo266 B23_EU449079 307 (1258.5)
denovo266 B30_GU907644 307 (1240.5)
denovo266 B11_AY239361 308 (1388.5)
denovo266 B17_AY258470 306 (1390.0)
denovo266 B1k_GU907638 311 (705.5)
denovo266 B1.V_Green2014 313 (1347.5)
denovo266 B1b_AF499780 306 (1321.5)
denovo266 B16_AY258469 306 (1399.0)
denovo266 B31a_GU907646 306 (1399.0)
denovo266 B32_GU907647 306 (1399.0)
denovo266 B31_GU907645 306 (1408.0)
denovo266 B1j_GU907637 306 (1399.0)
denovo266 B37_GU907650 308 (1397.5)
denovo266 B5a_AF499782 306 (1399.0)
denovo266 B5_AF499781 306 (1408.0)
denovo266 B24_GU907643 306 (1239.0)
denovo266 B117_AF180124 306 (1290.5)
denovo266 B10_AF499787 306 (1399.0)
denovo266 B20_GU907642 308 (1382.5)
denovo266 B1m_GU907640 306 (1408.0)
denovo266 B34_GU907649 306 (1408.0)
denovo266 B1d_GU907633 306 (1408.0)
denovo266 B1e_GU907634 306 (1408.0)
denovo266 B1i_GU907636 306 (1408.0)
denovo266 B1g_GU907635 307 (1389.0)
denovo266 B123_EU074872 306 (1399.0)
denovo266 B8_AF499785 307 (1398.0)
denovo266 B1l_GU907639 306 (1408.0)
denovo266 B1a_AF499779 306 (1408.0)
denovo266 B14_AY239362 307 (1398.0)
denovo266 B125_EU074865 306 (1408.0)
denovo266 B122_EU074871 306 (1408.0)
denovo266 B124_EU074874 306 (1408.0)
denovo266 B1.VII_Green2014 306 (1338.0)
denovo266 B1.III_Green2014 306 (1336.0)
denovo266 B1.I_Green2014 306 (1417.0)
denovo266 B1.II_Green2014 306 (1417.0)
denovo266 B1_JN558057 306 (1417.0)
denovo266 B1_AF333511 306 (1417.0)
denovo266 B1.IV_Green2014 316 (1402.5)
denovo266 B121_EU074870 306 (1408.0)
denovo266 B7_AF499784 306 (1408.0)
denovo266 B1.VI_Green2014 307 (1348.0)
denovo266 B3_AF333514 306 (1295.5)
denovo266 B9_AF499786 306 (1304.5)
denovo266 B19a_JN558055 310 (1189.5)
denovo266 B119_EU099825 315 (1230.0)
denovo266 B21_DQ865213 306 (1291.0)
denovo266 B38_GU907651 306 (1291.0)
denovo266 B18_AY258471 306 (1322.5)
denovo266 B18a_AY258472 306 (1313.5)
denovo266 B33_GU907648 306 (1313.5)
denovo266 B6_AF499783 311 (1319.0)
denovo266 B19_DQ865212 306 (1331.5)
denovo266 B19_GU907641 306 (1331.5)
denovo266 B2_AF333512 306 (1322.5)
denovo266 B2_JN558060 306 (1322.5)
denovo266 C33.1_AY258498 332 (691.0)
denovo266 C33.2_AY765400 332 (691.0)
denovo266 C33a_EF541147 332 (691.0)
denovo266 C34_AY258499 325 (689.0)
denovo266 C78_AY765413 327 (651.0)
denovo266 C15.29_KC597690 325 (644.0)
denovo266 C1131_DQ182650 326 (638.0)
denovo266 C1135_DQ182646 321 (642.0)
denovo266 C1134_DQ182647 321 (624.0)
denovo266 C1142_DQ182635 321 (633.0)
denovo266 C1136_DQ182644 319 (615.5)
denovo266 C1111_DQ182645 319 (625.0)
denovo266 C1236_EF473656 319 (616.0)
denovo266 C1138_DQ182642 319 (625.5)
denovo266 C1137_DQ182643 319 (616.0)
denovo266 C1133_DQ182648 319 (616.0)
denovo266 C1132_DQ182649 323 (618.5)
denovo266 C1143_DQ182634 319 (625.0)
denovo266 C1139_DQ182639 321 (633.0)
denovo266 C15.28_KC597687 325 (690.5)
denovo266 C1141_DQ182636 321 (642.0)
denovo266 C1144_DQ182637 325 (644.5)
denovo266 C1122_DQ182654 321 (660.0)
denovo266 C1127_DQ182652 321 (660.0)
denovo266 C15.30_JX394114 326 (683.5)
denovo266 C15.26_KC597686 326 (675.0)
denovo266 C1086_DQ182656 323 (684.0)
denovo266 C15.25_KC597685 323 (693.0)
denovo266 C1118_AF180127 328 (641.0)
denovo266 C1129_DQ182651 323 (629.0)
denovo266 C15.21_KC597683 323 (666.0)
denovo266 C56_AY589760 320 (675.0)
denovo266 C1140_DQ182638 327 (640.5)
denovo266 C1126_DQ182653 327 (631.5)
denovo266 C15c_AY258492 323 (693.0)
denovo266 C15d_AY258493 322 (699.5)
denovo266 C1098_DQ182641 321 (685.0)
denovo266 C15.27_KC597689 323 (684.0)
denovo266 C15.18_HE579024 322 (681.0)
denovo266 C15.16_HE579022 328 (707.5)
denovo266 C1101_AB253787 323 (675.0)
denovo266 C1083_AY237300 323 (684.0)
denovo266 C1088_DQ182640 327 (685.5)
denovo266 C15.6_FN563472 323 (684.0)
denovo266 C15.5_FJ461512 325 (680.5)
denovo266 C15.4_FJ461511 325 (689.5)
denovo266 C15.13_HE579019 323 (675.0)
denovo266 C15.12_HE579018 323 (684.0)
denovo266 C93a_AM748563 323 (711.0)
denovo266 C1094_AJ291514 323 (693.0)
denovo266 C93_AM748562 323 (702.0)
denovo266 C15.17_HE579023 325 (674.5)
denovo266 C15e_AY589742 325 (692.5)
denovo266 C15.22_KC597695 323 (684.0)
denovo266 C60_AY589764 323 (684.0)
denovo266 C15.1_FJ461508 323 (684.0)
denovo266 C15.2_FJ461509 323 (684.0)
denovo266 C15.9_FN563475 323 (701.5)
denovo266 C15.7_HE579015 324 (687.0)
denovo266 C15.8_HE579016 323 (684.0)
denovo266 C15.15_HE579021 323 (684.0)
denovo266 C15.19_HE579025 323 (693.0)
denovo266 C15.24_KC597696 323 (675.0)
denovo266 C15.3_FJ461510 325 (689.5)
denovo266 C1087_DQ182655 323 (693.0)
denovo266 C15.14_HE579020 324 (683.5)
denovo266 C15.23_KC597697 324 (683.5)
denovo266 C19_AY258479 324 (699.0)
denovo266 C1233_EU118166 323 (684.0)
denovo266 C15b_AY258491 323 (684.0)
denovo266 C15a_AY258476 325 (698.5)
denovo266 C1051_AF195153 323 (702.0)
denovo266 C2_AF333518 324 (701.0)
denovo266 C15.20_HE579026 324 (692.5)
denovo266 C15f_AY589743 323 (689.5)
denovo266 C55_AY589759 328 (693.0)
denovo266 C15_AY239369 323 (693.0)
denovo266 C32.1_JF683335 324 (648.0)
denovo266 C32.2_JF683336 324 (648.0)
denovo266 C21.23_KC597693 324 (648.0)
denovo266 C1193_EU099827 334 (667.0)
denovo266 C1195_EU099821 331 (652.0)
denovo266 C3q_GU907655 332 (658.0)
denovo266 C53_AY589758 334 (661.0)
denovo266 C73_AY765408 334 (668.5)
denovo266 C17.2.1_KC597684 329 (633.5)
denovo266 C32_AY258497 328 (658.0)
denovo266 C1189_EU099831 327 (656.0)
denovo266 C1191_EU099833 326 (662.5)
denovo266 C1196_EU099819 327 (638.0)
denovo266 C1192_EU099820 327 (638.0)
denovo266 C17.1_JF683322 327 (656.0)
denovo266 C26_b2_FN827164 328 (665.0)
denovo266 C26_b3_FN827165 324 (644.5)
denovo266 C31.9_HQ630879 329 (642.5)
denovo266 C31a_AY589746 329 (639.0)
denovo266 C30_AY589745 329 (639.0)
denovo266 C31.1_HQ630876 333 (640.5)
denovo266 C31.5_HQ630877 327 (651.0)
denovo266 C31.6_HQ630878 329 (648.0)
denovo266 C31.2_JF683332 329 (648.0)
denovo266 C31.3_JF683333 329 (639.0)
denovo266 C26/C35a_AY239378 324 (653.5)
denovo266 C35a_AY258501 324 (653.5)
denovo266 C35.2_AY258500 324 (662.5)
denovo266 C26_b1_FN827163 324 (662.5)
denovo266 C17_AY239370 327 (656.0)
denovo266 C17.2_FJ461513 329 (655.0)
denovo266 C31.10_HQ630880 329 (651.5)
denovo266 C31.4_JF683334 333 (636.5)
denovo266 C31_AY258496 329 (648.0)
denovo266 C25_AY239377 328 (673.5)
denovo266 C61_AY589765 325 (647.0)
denovo266 C1043_DQ072721 327 (645.0)
denovo266 C79_AY765414 330 (666.5)
denovo266 C69_AY589773 317 (664.5)
denovo266 C69a_AY686648 317 (655.5)
denovo266 C21.22_KC597692 329 (634.5)
denovo266 C51_AY589756 326 (665.5)
denovo266 C1aa_HM185739 330 (669.5)
denovo266 C1096_DQ068023 325 (669.0)
denovo266 C74_AY765409 333 (698.5)
denovo266 C1185_AB294629 335 (695.0)
denovo266 C1184_AB294630 335 (695.0)
denovo266 C1153_AB294625 335 (695.0)
denovo266 C1154_AB294626 334 (710.5)
denovo266 C1187_AB294627 335 (695.0)
denovo266 C1186_AB294628 335 (695.0)
denovo266 C57_AY589761 335 (704.0)
denovo266 C66_AY589771 335 (704.0)
denovo266 C5_AF499795 325 (680.5)
denovo266 C1167_AB294586 325 (680.5)
denovo266 C1164_AB294593 325 (680.5)
denovo266 C1183_AB294631 325 (698.5)
denovo266 C1067_DQ335381 327 (677.0)
denovo266 C1159_AB294613 326 (679.5)
denovo266 C1150_AB294622 326 (688.5)
denovo266 C90_AM748554 326 (703.5)
denovo266 C1168_AB294583 325 (689.5)
denovo266 C1156_AB294616 323 (702.0)
denovo266 C1151_AB294621 325 (707.5)
denovo266 C92a_AM748561 325 (707.5)
denovo266 C92_AM748560 325 (698.5)
denovo266 C1165_AB294581 325 (689.5)
denovo266 C1166_AB294584 325 (707.5)
denovo266 C1162_AB294594 325 (689.5)
denovo266 C1163_AB294596 323 (701.5)
denovo266 C1161_AB294606 325 (698.5)
denovo266 C1160_AB294608 329 (691.0)
denovo266 C1158_AB294614 325 (707.5)
denovo266 C1155_AB294617 325 (689.5)
denovo266 C1149_AB294620 325 (698.5)
denovo266 C1173_AB294662 325 (707.5)
denovo266 C1171_AB294663 325 (689.5)
denovo266 C1172_AB294665 325 (689.5)
denovo266 C91a_AM748556 325 (707.5)
denovo266 C91b_AM748557 325 (698.5)
denovo266 C91d_AM748559 324 (696.0)
denovo266 C91c_AM748558 324 (696.0)
denovo266 C91_AJ621543 325 (698.5)
denovo266 C91_AM748555 325 (698.5)
denovo266 C1023_DQ335330 316 (650.0)
denovo266 C1020_DQ335392 331 (679.5)
denovo266 C1018_DQ335408 327 (686.0)
denovo266 C1074_DQ335329 327 (677.0)
denovo266 C1030_DQ335353 327 (677.0)
denovo266 C1022_DQ335331 327 (677.0)
denovo266 C1027_DQ335360 327 (695.0)
denovo266 C1072_DQ335344 327 (677.0)
denovo266 C1039_AB190274 327 (686.0)
denovo266 C1033_DQ335350 332 (674.0)
denovo266 C1019_DQ335407 327 (686.0)
denovo266 C1194_EU099826 327 (671.0)
denovo266 C8b_AY258475 327 (661.0)
denovo266 C8_AY239367 330 (676.0)
denovo266 C8a_AY239368 332 (672.0)
denovo266 C54a_AY765406 327 (686.0)
denovo266 C3ff_HM185740 327 (686.0)
denovo266 C59_AY589763 332 (666.0)
denovo266 C3k_AY589737 325 (681.5)
denovo266 C3.24_HE579012 324 (688.0)
denovo266 C3.23_HE579011 325 (681.5)
denovo266 C35.1_AY765401 335 (690.5)
denovo266 C35.3_EF541145 328 (688.5)
denovo266 C76_AY765411 325 (677.5)
denovo266 C1107_DQ335359 328 (666.0)
denovo266 C3.22_HE579010 330 (660.0)
denovo266 C77_AY765412 325 (677.0)
denovo266 C20_AY239371 328 (688.5)
denovo266 C1055_DQ480640 325 (676.5)
denovo266 C27/C30_AY239379 326 (649.5)
denovo266 C27.1_FJ461517 326 (640.5)
denovo266 C40a_AY589747 332 (680.5)
denovo266 C40_AY258485 332 (689.0)
denovo266 C40b_AY589748 336 (681.0)
denovo266 C16_AY258477 330 (685.5)
denovo266 C16a_AY765399 330 (685.5)
denovo266 C1091_AB207186 325 (689.0)
denovo266 C1102_DQ335400 325 (671.0)
denovo266 C1069_DQ335375 327 (687.0)
denovo266 C1073_DQ335332 325 (680.0)
denovo266 C1066_DQ335382 322 (671.5)
denovo266 C1031_DQ335352 330 (694.5)
denovo266 C1026_DQ335366 332 (691.5)
denovo266 C70_AY589774 325 (698.0)
denovo266 C1082_AB190267 325 (680.0)
denovo266 C1078_AB190271 325 (698.0)
denovo266 C1090_AB207191 325 (689.0)
denovo266 C1071_DQ335302 325 (689.0)
denovo266 C1075_DQ335328 325 (689.0)
denovo266 C1068_DQ335379 325 (680.0)
denovo266 C1064_DQ335395 325 (680.0)
denovo266 C1063_DQ335403 325 (689.0)
denovo266 C62_AY589766 325 (689.0)
denovo266 C1077_DQ335316 326 (697.5)
denovo266 C1109_DQ335338 325 (680.0)
denovo266 C1110_DQ335340 325 (671.0)
denovo266 C1106_DQ335339 325 (671.0)
denovo266 C1112_DQ335319 325 (680.0)
denovo266 C1108_DQ335351 325 (671.0)
denovo266 C1105_DQ335394 325 (680.0)
denovo266 C1121_DQ335378 332 (673.0)
denovo266 C1116_AB190268 332 (682.0)
denovo266 C1115_AB190273 332 (682.0)
denovo266 C1124_DQ335323 325 (662.0)
denovo266 C1120_DQ335398 325 (662.0)
denovo266 C1119_DQ335404 325 (671.0)
denovo266 C1123_DQ335363 325 (671.0)
denovo266 C1004_DQ480635 327 (685.5)
denovo266 C1061_AY186568 327 (676.5)
denovo266 C1053_AY186569 327 (685.5)
denovo266 C1003_DQ480639 327 (685.5)
denovo266 C81_GU907657 319 (661.0)
denovo266 C22_AY239373 322 (688.0)
denovo266 C22a_AY239374 325 (679.5)
denovo266 C1232_EU118163 330 (677.0)
denovo266 C21.13_FJ461515 327 (638.0)
denovo266 C21.1_JF683323 325 (650.5)
denovo266 C21.3_JF683325 327 (665.0)
denovo266 C1.20_HE578993 327 (677.0)
denovo266 C1.22_HE578995 327 (668.0)
denovo266 C52_AY589757 324 (680.5)
denovo266 C1201_EU099793 328 (658.5)
denovo266 C14_AY589741 330 (679.5)
denovo266 C43_AY589749 330 (685.5)
denovo266 C50_AY589755 327 (686.0)
denovo266 C3.14_HQ630872 328 (680.0)
denovo266 C1m_AY765398 325 (689.0)
denovo266 C82_GU907658 336 (685.0)
denovo266 C82b_GU907660 336 (685.0)
denovo266 C64_AY589768 325 (698.0)
denovo266 C45a_AY765404 330 (694.0)
denovo266 C48_AY589753 327 (706.5)
denovo266 C1_v1b_FJ919244 327 (677.0)
denovo266 C1_v1a_FJ919243 327 (686.0)
denovo266 C3j_AY239366 327 (677.0)
denovo266 C3t_EF541149 330 (694.0)
denovo266 C9_AF499798 328 (689.0)
denovo266 C23_AY239375 328 (698.5)
denovo266 C37_AY258481 332 (682.5)
denovo266 C1048_DQ068026 330 (685.0)
denovo266 C21.4_JF683326 327 (656.0)
denovo266 C21.5_JF683327 327 (656.0)
denovo266 C1070_DQ335349 327 (695.0)
denovo266 C21.6_HQ630873 327 (674.0)
denovo266 C1224_EU074890 327 (704.0)
denovo266 C1.17_HE578990 327 (704.0)
denovo266 C21_b1_FN827162 327 (647.0)
denovo266 C21.9_JF683330 327 (656.0)
denovo266 C1085_AY624605 325 (680.0)
denovo266 C3p_GU907654 327 (671.0)
denovo266 C3f_AY589734 327 (695.0)
denovo266 C65a_AY589770 325 (689.0)
denovo266 C65_AY589769 325 (698.0)
denovo266 C71_AY589775 325 (689.0)
denovo266 C71a_AY589776 325 (680.0)
denovo266 C1178_AB294647 326 (677.5)
denovo266 C1225_EU074893 324 (704.5)
denovo266 C75_AY765410 327 (696.0)
denovo266 C21.10_JF683331 327 (665.5)
denovo266 C21.11_HQ630874 327 (665.5)
denovo266 C1065_DQ335388 327 (695.0)
denovo266 C1045_DQ068036 327 (704.0)
denovo266 C1h_AY258473 327 (695.0)
denovo266 C38_AY258482 327 (686.0)
denovo266 C1202_EU099799 327 (686.0)
denovo266 C7_AF499797 327 (695.0)
denovo266 C12_AF499801 329 (684.5)
denovo266 C38a_AY258483 326 (697.5)
denovo266 C1200_EU099800 315 (694.5)
denovo266 C44a_AY589751 327 (694.5)
denovo266 C47_AY589752 330 (703.0)
denovo266 C44_AY589750 330 (694.0)
denovo266 C1.15_HE578988 327 (686.0)
denovo266 C45.3_FJ461522 330 (685.0)
denovo266 C46a_AY765405 330 (685.0)
denovo266 C46_EU449108 330 (694.0)
denovo266 C3.12_FJ461507 330 (694.0)
denovo266 C1k_AY589733 330 (685.0)
denovo266 C67_AY686647 330 (694.0)
denovo266 C82a_GU907659 328 (688.5)
denovo266 C10a_AY589739 330 (694.0)
denovo266 C10_AF499799 330 (685.0)
denovo266 C13_AY589740 332 (688.0)
denovo266 C4_AF499794 330 (685.0)
denovo266 C1147_EF656433 330 (685.0)
denovo266 C1c/C45_AY239364 330 (694.0)
denovo266 C1c/C45_EU449103 330 (694.0)
denovo266 C21.19_HE579031 327 (665.0)
denovo266 C21.21_HE579033 327 (656.0)
denovo266 C21.20_HE579032 327 (665.0)
denovo266 C42b_AY765403 331 (670.5)
denovo266 C42_AY258487 331 (679.5)
denovo266 C1p_GU907652 327 (686.0)
denovo266 C1d_AY258488 330 (676.0)
denovo266 C42_AY765402 330 (685.0)
denovo266 C3ha_AY589736 327 (656.0)
denovo266 C63a_AY589767 329 (673.0)
denovo266 C21a_AY589744 327 (665.0)
denovo266 C3o_GU907653 327 (657.0)
denovo266 C21.16_HQ630875 327 (656.0)
denovo266 C21.2_JF683324 327 (656.0)
denovo266 C21.7_JF683328 326 (662.5)
denovo266 C21.8_JF683329 327 (665.0)
denovo266 C3h_AY239365 327 (656.0)
denovo266 C1203_EU099798 327 (656.0)
denovo266 C3.10_FJ461505 327 (704.0)
denovo266 C21.14_FJ461516 327 (674.0)
denovo266 C21.18_HE579030 328 (656.0)
denovo266 C3.17_HE579005 327 (686.0)
denovo266 C3.9_FJ461504 327 (683.0)
denovo266 C3.8_FJ461503 327 (695.0)
denovo266 C3.7_FJ461502 327 (686.0)
denovo266 C3.11_FJ461506 334 (697.5)
denovo266 C3.18_HE579006 327 (686.0)
denovo266 C3.19_HE579007 327 (686.0)
denovo266 C3.20_HE579008 327 (686.0)
denovo266 C3g_AY589735 330 (678.0)
denovo266 C3a_AF499790 325 (698.5)
denovo266 C3e_AF499793 327 (686.0)
denovo266 C6_AF499796 334 (697.0)
denovo266 C11_AF499800 327 (686.0)
denovo266 C36_AY258480 327 (704.0)
denovo266 C29_AY258494 327 (704.0)
denovo266 C1146_EF656434 331 (690.0)
denovo266 C1190_EU099841 327 (704.0)
denovo266 C131_JF320826 327 (686.0)
denovo266 C28_AY239380 332 (694.5)
denovo266 C1012_DQ480604 327 (686.0)
denovo266 C1181_AB294640 327 (671.0)
denovo266 C1180_AB294641 327 (689.0)
denovo266 C1179_AB294645 325 (674.5)
denovo266 C1176_AB294651 325 (683.5)
denovo266 C1175_AB294653 327 (671.0)
denovo266 C1174_AB294655 329 (676.5)
denovo266 C1177_AB294659 327 (680.0)
denovo266 C1040_AB190269 329 (691.5)
denovo266 C1182_AB294649 327 (686.0)
denovo266 C1089_AJ278598 327 (686.0)
denovo266 C1028_DQ335357 334 (697.0)
denovo266 C3.16_EU786015 327 (704.0)
denovo266 C1097_AJ311943 326 (679.5)
denovo266 C1170_AB294661 327 (680.0)
denovo266 C21.17_HE579029 327 (676.0)
denovo266 C21/3d/C3k_AY239372 327 (665.0)
denovo266 C58_AY589762 325 (665.0)
denovo266 C3L_AY589738 330 (682.5)
denovo266 C1169_AB294660 327 (680.0)
denovo266 C3.2_FJ461497 327 (689.0)
denovo266 C3.1_JF683321 324 (690.0)
denovo266 C1104_AF427469 328 (685.0)
denovo266 C3b_AF499791 327 (698.0)
denovo266 C83_GU907661 327 (697.5)
denovo266 C49_AY589754 356 (710.5)
denovo266 C3_AB778606 327 (695.0)
denovo266 C3_AF499789 327 (695.0)
denovo266 C3_HE579001 327 (695.0)
denovo266 C21.12_FJ461514 327 (647.0)
denovo266 C1229_EU074888 327 (682.5)
denovo266 C1230_EU074889 327 (691.5)
denovo266 C1114_AB207196 327 (677.0)
denovo266 C3.21_HE579009 327 (617.0)
denovo266 C1057_DQ480619 327 (686.0)
denovo266 C72_AY765407 324 (685.5)
denovo266 C1b.3_HE578999 327 (680.0)
denovo266 C93_AJ621536 327 (686.0)
denovo266 C94_AJ621539 327 (686.0)
denovo266 C1g_AY589730 327 (704.0)
denovo266 C1i_AY589731 322 (681.0)
denovo266 C1j_AY589732 334 (697.0)
denovo266 C1005_DQ480633 327 (686.0)
denovo266 C1.7_FJ461494 327 (686.0)
denovo266 C1.11_HE578984 325 (689.5)
denovo266 C1.12_HE578985 327 (686.0)
denovo266 C1.13_HE578986 327 (695.0)
denovo266 C1.14_HE578987 327 (695.0)
denovo266 C1.18_HE578991 327 (686.0)
denovo266 C1.19_HE578992 327 (686.0)
denovo266 C1199_EU099802 324 (671.5)
denovo266 C1188_EU099838 324 (686.5)
denovo266 C1002_DQ838544 327 (695.0)
denovo266 C1198_EU099810 327 (686.0)
denovo266 C24_AY239376 327 (686.0)
denovo266 C1f_AY258490 327 (686.5)
denovo266 C1006_DQ480629 327 (704.0)
denovo266 C1010_DQ480607 327 (686.0)
denovo266 C1007_DQ480624 327 (686.0)
denovo266 C1011_DQ480605 327 (686.0)
denovo266 C1009_DQ480608 331 (688.0)
denovo266 C1041_AY186548 327 (695.0)
denovo266 C1052_AY186570 327 (686.0)
denovo266 C1148_EU040178 327 (695.0)
denovo266 C1234_EU118165 328 (685.0)
denovo266 C1.5_EF634157 327 (695.0)
denovo266 C1059_DQ480609 327 (686.0)
denovo266 C1228_EU074883 327 (686.0)
denovo266 C1208_EU074963 327 (686.0)
denovo266 C1207_EU074964 327 (695.0)
denovo266 C1206_EU074965 327 (686.0)
denovo266 C1013_DQ480642 327 (686.0)
denovo266 C80_GU907656 334 (680.5)
denovo266 C1a_AF499788 324 (686.5)
denovo266 C41_AY258486 327 (695.0)
denovo266 C39_AY258484 312 (690.5)
denovo266 C1231_EU074878 327 (686.0)
denovo266 C1b.1_HE578997 327 (680.0)
denovo266 C18_AY258478 327 (695.0)
denovo266 C1.10_HE578983 326 (689.5)
denovo266 C1_JN558041 327 (695.0)
denovo266 C1_HE578979 327 (695.0)
denovo266 C1_AM748551 327 (695.0)
denovo266 C1_AF333515 327 (695.0)
denovo266 C1054_AY186565 326 (698.5)
denovo266 C1008_DQ480613 327 (686.0)
denovo266 C1103_AF427470 328 (685.0)
denovo266 C1226_EU074881 328 (685.0)
denovo266 C1b/C1e_AY239363 327 (689.0)
denovo266 C1044_DQ068038 327 (680.0)
denovo266 C1017_DQ174729 328 (679.0)
denovo266 C1.6_FJ461493 327 (704.0)
denovo266 C1b.2_HE578998 327 (680.0)
denovo266 C1060_DQ480600 327 (686.0)
denovo266 C1227_EU074882 327 (686.0)
denovo266 C1197_EU099814 327 (686.0)
denovo266 C1130_DQ480643 327 (580.5)
denovo266 D109_AB097465 358 (497.5)
denovo266 D1.11_HE579040 352 (506.5)
denovo266 D105_AF174570 353 (501.0)
denovo266 D104_AF174572 355 (498.0)
denovo266 D1.3_JF683337 353 (500.0)
denovo266 D1.10_HE579039 358 (498.0)
denovo266 D110_AF174561 358 (498.0)
denovo266 D117_AF174542 352 (497.5)
denovo266 D114_AF174549 352 (506.5)
denovo266 D113_AF174557 355 (498.0)
denovo266 D112_AF174558 357 (504.5)
denovo266 D106_AF174559 352 (506.5)
denovo266 D111_AF174560 352 (506.0)
denovo266 D115_AF174562 352 (497.5)
denovo266 D107_AF174568 351 (504.0)
denovo266 D116_AF174571 352 (488.5)
denovo266 D124_EU074897 352 (506.5)
denovo266 D1.8_HE579037 354 (504.0)
denovo266 D3_AY686650 352 (506.5)
denovo266 D1.6_HQ630881 352 (497.5)
denovo266 D120_EU074900 355 (498.0)
denovo266 D121_EU074904 352 (497.5)
denovo266 D122_EU074905 352 (497.5)
denovo266 D1a.2_JF683339 361 (499.0)
denovo266 D1a.1_JF683338 352 (506.5)
denovo266 D2_AY686649 589 (576.0)
denovo266 D4_DQ865214 358 (504.0)
denovo266 D1a_AF499802 355 (507.0)
denovo266 D1a_JN558078 355 (507.0)
denovo266 D123_EU074895 355 (507.0)
denovo266 D108_AF174567 352 (506.5)
denovo266 D103_AF174575 353 (509.5)
denovo266 D100_AF411415 352 (506.5)
denovo266 D118_EF656435 350 (509.5)
denovo266 D101_AF411416 352 (491.5)
denovo266 D119_EU099832 351 (497.0)
denovo266 D102_AF174573 351 (508.0)
denovo266 D1_AF334660 352 (506.5)
denovo266 D1_JN558076 352 (506.5)
denovo266 D1.12_HE579041 340 (498.5)
denovo266 D1.1_AM748564 424 (526.0)
denovo266 D1.2_AM748617 448 (525.5)
denovo266 E111_EU074915 369 (469.0)
denovo266 E110_EU074914 371 (477.5)
denovo266 E114_EU074909 372 (462.5)
denovo266 E1_AF334659 372 (467.5)
denovo266 E105_EU074921 371 (477.5)
denovo266 E112_EU074916 371 (459.5)
denovo266 E104_EU074922 371 (468.5)
denovo266 E102_EU074924 371 (459.5)
denovo266 E103_EU074923 371 (468.5)
denovo266 E101_AY160123 376 (443.5)
denovo266 E109_EU074913 353 (485.0)
denovo266 E100_DQ011618 358 (498.0)
denovo266 E108_EU074912 358 (489.0)
denovo266 E113_EU074908 354 (499.0)
denovo266 E107_EU074910 358 (489.0)
denovo266 F1_JN558066 331 (634.5)
denovo266 F5.2d_AJ291530 329 (666.0)
denovo266 F104_AJ291531 329 (666.0)
denovo266 F5.2c_AM748596 329 (657.5)
denovo266 F5.2_AM748594 337 (662.5)
denovo266 F5.2a_AM748614 337 (662.5)
denovo266 F5.2b_AM748595 345 (658.0)
denovo266 F5.2e_AJ291533 335 (640.0)
denovo266 F5.2g_JN558072 334 (663.0)
denovo266 F5.2f_AJ291512 344 (645.5)
denovo266 F102_AJ291534 334 (653.5)
denovo266 F5.1c_AM748593 337 (681.0)
denovo266 F5.1d_JN558069 337 (635.0)
denovo266 F5.1b_AJ291535 335 (666.0)
denovo266 F5.1_AM748592 336 (660.0)
denovo266 F5.1a_AM748591 335 (666.0)
denovo266 F110_AJ291526 329 (736.5)
denovo266 F4.7_AM748587 328 (719.0)
denovo266 F4.5_AM748585 324 (712.5)
denovo266 F4.4a_AM748583 323 (735.5)
denovo266 F4.4_AM748582 328 (739.5)
denovo266 F4.4b_AM748584 317 (753.5)
denovo266 F4.1a_AM748573 323 (690.0)
denovo266 F112_AJ291528 320 (683.5)
denovo266 F4.1_AM748572 320 (683.5)
denovo266 F4.8b_AM748590 325 (751.0)
denovo266 F4.8_AM748588 313 (751.5)
denovo266 F4.8a_AM748589 313 (751.5)
denovo266 F109_AJ291527 322 (756.0)
denovo266 F4.6_AM748586 322 (697.0)
denovo266 F111_AJ311949 318 (732.0)
denovo266 F4.3c_AM748581 319 (731.0)
denovo266 F4.3a_AM748579 314 (743.0)
denovo266 F4.3b_AM748580 314 (743.0)
denovo266 F4.3_AM748578 314 (734.0)
denovo266 F4.2_AM748574 328 (742.0)
denovo266 F4.2a_AM748575 320 (722.5)
denovo266 F4.2c_AM748577 320 (719.5)
denovo266 F4.2b_AM748576 320 (731.5)
denovo266 F2b_AJ291521 334 (686.5)
denovo266 F2_AJ830908 330 (711.5)
denovo266 F2a_AJ830911 330 (707.0)
denovo266 F3.1a_AM748566 338 (673.0)
denovo266 F114_AJ291525 338 (682.5)
denovo266 F3.1_AM748565 338 (682.5)
denovo266 F3.2_AM748567 347 (708.5)
denovo266 F3.2a_AM748568 347 (702.0)
denovo266 F3.3_AM748569 340 (701.5)
denovo266 F3.4a_AM748571 339 (654.5)
denovo266 F3.4_AM748570 335 (660.5)
denovo266 F3.4b_AM748616 335 (660.5)
denovo266 G101_AJ291539 372 (528.0)
denovo266 G1_AM748597 372 (528.0)
denovo266 G2b_JN558087 365 (517.0)
denovo266 G2_AM748598 365 (517.0)
denovo266 G2a_AM748599 372 (512.0)
denovo266 G4_AM748601 361 (558.0)
denovo266 G3.4_LK392378 359 (507.5)
denovo266 G3_AM748600 361 (530.0)
denovo266 G3.2_KC597694 340 (474.5)
denovo266 G3.1_KC597688 356 (531.0)
denovo266 G100_AB253788 345 (519.0)
denovo266 G3.3_LK392377 345 (527.0)
denovo266 H6_AJ291520 654 (326.0)
denovo266 H3_AM748606 325 (552.5)
denovo266 H2_AM748605 338 (572.0)
denovo266 H4_AM748607 333 (551.0)
denovo266 H4a_AM748608 344 (552.5)
denovo266 H5a_AM748611 335 (539.5)
denovo266 H5b_AM748610 335 (538.5)
denovo266 H5_AJ621129 340 (536.5)
denovo266 H5_AM748609 340 (536.5)
denovo266 H100_AJ291513 342 (531.5)
denovo266 H1b_AM748604 341 (531.0)
denovo266 H1a_AM748612 343 (537.0)
denovo266 H1_AJ621152 343 (537.0)
denovo266 H1_AM748602 343 (537.0)
denovo266 I3_FN561561 337 (752.5)
denovo266 I4_FN561562 337 (743.5)
denovo266 I1_FN561559 336 (740.0)
denovo266 I2_FN561560 343 (732.5)

#---------------------------------------
#---------------------------------------
