denovo85 A136_DQ865210 333 (503.0)
denovo85 A133_DQ174725 351 (482.5)
denovo85 A115_AF180123 331 (446.5)
denovo85 A117_AF201746 330 (486.0)
denovo85 A134_DQ174723 332 (491.5)
denovo85 A114_AF184941 332 (491.5)
denovo85 A135_DQ174727 339 (485.0)
denovo85 A2_AF333506 334 (493.0)
denovo85 A101_AF427468 339 (485.0)
denovo85 A2_1_JN558097 339 (485.0)
denovo85 A2_2_JN558100 339 (485.0)
denovo85 A113_AF184948 334 (500.5)
denovo85 A112_AF184949 334 (473.5)
denovo85 A123_EF378618 341 (333.0)
denovo85 A137_EF378621 346 (331.5)
denovo85 A11_EU449041 339 (498.5)
denovo85 A121_DQ174722 339 (482.5)
denovo85 A15b_EU792886 334 (453.5)
denovo85 A15a_EU792885 334 (471.0)
denovo85 A15c_EU792887 334 (462.0)
denovo85 A15_EU792884 334 (462.5)
denovo85 A147_EU074937 334 (489.0)
denovo85 A154_EU074860 334 (489.0)
denovo85 A146_EU074936 335 (482.0)
denovo85 A150_EU074928 338 (482.5)
denovo85 A116_AF183575 335 (482.0)
denovo85 A141_EU074931 335 (491.0)
denovo85 A5_AF333508 333 (492.0)
denovo85 A3b_EU449043 334 (498.0)
denovo85 A151_EU074925 334 (480.0)
denovo85 A152_EU074927 337 (480.0)
denovo85 A149_EU074929 337 (481.0)
denovo85 A140_EU074930 334 (480.0)
denovo85 A142_EU074932 334 (480.0)
denovo85 A143_EU074933 339 (486.0)
denovo85 A144_EU074934 334 (480.0)
denovo85 A145_EU074935 337 (488.0)
denovo85 A148_EU074938 334 (480.0)
denovo85 A155_EU074856 334 (480.0)
denovo85 A156_EU074859 334 (480.0)
denovo85 A139_EU074962 334 (480.0)
denovo85 A6_AF186058 334 (489.0)
denovo85 A3_AF333507 334 (489.0)
denovo85 A3_JN558091 334 (489.0)
denovo85 A8_AY258468 334 (471.0)
denovo85 A7_AY239360 334 (480.5)
denovo85 A16_EU792888 334 (489.5)
denovo85 A4.3_FN429763 341 (472.5)
denovo85 A120_AF180122 338 (463.5)
denovo85 A4.2_FN429761 339 (472.5)
denovo85 A4_AF333509 339 (491.5)
denovo85 A4.1_FN429760 338 (486.5)
denovo85 A4a_AF499778 339 (500.5)
denovo85 A4a.1_FN429762 339 (500.5)
denovo85 A138_EF378620 342 (445.5)
denovo85 A122_EF378619 341 (482.5)
denovo85 A126_EF378615 340 (483.5)
denovo85 A10_EU792882 340 (483.5)
denovo85 A9_EU449028 348 (474.0)
denovo85 A105_AB207202 336 (491.0)
denovo85 A119_AF180121 340 (475.0)
denovo85 A12_EU792883 336 (480.0)
denovo85 A104_AB207203 336 (491.0)
denovo85 A1a_EU449030 336 (482.5)
denovo85 A1.3_HE578976 338 (487.5)
denovo85 A1.4_HE578977 338 (496.5)
denovo85 A13_AF333504 338 (486.5)
denovo85 A13_JN558094 338 (486.5)
denovo85 A110_AB190282 338 (478.5)
denovo85 A103_AB207206 340 (493.5)
denovo85 A130_EF656428 338 (487.5)
denovo85 A127_EF656429 338 (496.5)
denovo85 A128_EF656430 338 (478.5)
denovo85 A129_EF656431 338 (487.5)
denovo85 A131_EF656432 338 (496.5)
denovo85 A118_AF180120 341 (472.5)
denovo85 A1_AF333505 338 (487.5)
denovo85 A107_AB207199 336 (489.0)
denovo85 A111_AB190280 335 (496.0)
denovo85 A108_AB207197 345 (475.5)
denovo85 A106_AB207200 337 (493.5)
denovo85 A102_AB207209 337 (494.0)
denovo85 A1.2_AB207210 337 (494.0)
denovo85 A109_AB190285 337 (493.5)
denovo85 B4_AF333510 333 (1065.0)
denovo85 B23_EU449079 319 (1157.5)
denovo85 B30_GU907644 319 (1139.5)
denovo85 B11_AY239361 320 (1260.0)
denovo85 B17_AY258470 318 (1288.5)
denovo85 B1k_GU907638 300 (714.5)
denovo85 B1.V_Green2014 325 (1237.0)
denovo85 B1b_AF499780 318 (1211.0)
denovo85 B16_AY258469 318 (1288.5)
denovo85 B31a_GU907646 318 (1288.5)
denovo85 B32_GU907647 318 (1288.5)
denovo85 B31_GU907645 318 (1297.5)
denovo85 B1j_GU907637 318 (1288.5)
denovo85 B37_GU907650 320 (1296.5)
denovo85 B5a_AF499782 318 (1288.5)
denovo85 B5_AF499781 318 (1297.5)
denovo85 B24_GU907643 318 (1137.5)
denovo85 B117_AF180124 316 (1201.5)
denovo85 B10_AF499787 318 (1297.5)
denovo85 B20_GU907642 320 (1272.0)
denovo85 B1m_GU907640 318 (1297.5)
denovo85 B34_GU907649 318 (1297.5)
denovo85 B1d_GU907633 318 (1297.5)
denovo85 B1e_GU907634 318 (1297.5)
denovo85 B1i_GU907636 318 (1297.5)
denovo85 B1g_GU907635 319 (1278.5)
denovo85 B123_EU074872 318 (1288.5)
denovo85 B8_AF499785 319 (1287.5)
denovo85 B1l_GU907639 318 (1297.5)
denovo85 B1a_AF499779 318 (1297.5)
denovo85 B14_AY239362 319 (1287.5)
denovo85 B125_EU074865 318 (1297.5)
denovo85 B122_EU074871 318 (1297.5)
denovo85 B124_EU074874 318 (1297.5)
denovo85 B1.VII_Green2014 318 (1227.5)
denovo85 B1.III_Green2014 318 (1225.5)
denovo85 B1.I_Green2014 318 (1306.5)
denovo85 B1.II_Green2014 318 (1306.5)
denovo85 B1_JN558057 318 (1306.5)
denovo85 B1_AF333511 318 (1306.5)
denovo85 B1.IV_Green2014 328 (1292.0)
denovo85 B121_EU074870 318 (1306.5)
denovo85 B7_AF499784 318 (1306.5)
denovo85 B1.VI_Green2014 310 (1301.0)
denovo85 B3_AF333514 318 (1185.0)
denovo85 B9_AF499786 318 (1194.0)
denovo85 B19a_JN558055 322 (1079.0)
denovo85 B119_EU099825 316 (1140.5)
denovo85 B21_DQ865213 318 (1171.5)
denovo85 B38_GU907651 318 (1171.5)
denovo85 B18_AY258471 318 (1212.0)
denovo85 B18a_AY258472 318 (1203.0)
denovo85 B33_GU907648 318 (1203.0)
denovo85 B6_AF499783 323 (1208.5)
denovo85 B19_DQ865212 318 (1221.0)
denovo85 B19_GU907641 318 (1221.0)
denovo85 B2_AF333512 318 (1212.0)
denovo85 B2_JN558060 318 (1212.0)
denovo85 C33.1_AY258498 333 (640.5)
denovo85 C33.2_AY765400 333 (640.5)
denovo85 C33a_EF541147 333 (640.5)
denovo85 C34_AY258499 333 (640.5)
denovo85 C78_AY765413 335 (610.0)
denovo85 C15.29_KC597690 336 (594.0)
denovo85 C1131_DQ182650 337 (588.0)
denovo85 C1135_DQ182646 330 (586.5)
denovo85 C1134_DQ182647 332 (574.0)
denovo85 C1142_DQ182635 332 (583.0)
denovo85 C1136_DQ182644 330 (565.5)
denovo85 C1111_DQ182645 330 (575.0)
denovo85 C1236_EF473656 330 (566.0)
denovo85 C1138_DQ182642 327 (575.5)
denovo85 C1137_DQ182643 330 (566.0)
denovo85 C1133_DQ182648 330 (566.0)
denovo85 C1132_DQ182649 330 (575.0)
denovo85 C1143_DQ182634 330 (575.0)
denovo85 C1139_DQ182639 332 (583.0)
denovo85 C15.28_KC597687 332 (647.0)
denovo85 C1141_DQ182636 332 (592.0)
denovo85 C1144_DQ182637 332 (601.0)
denovo85 C1122_DQ182654 332 (610.0)
denovo85 C1127_DQ182652 332 (601.0)
denovo85 C15.30_JX394114 337 (633.5)
denovo85 C15.26_KC597686 333 (631.0)
denovo85 C1086_DQ182656 334 (634.0)
denovo85 C15.25_KC597685 334 (643.0)
denovo85 C1118_AF180127 334 (594.5)
denovo85 C1129_DQ182651 334 (579.0)
denovo85 C15.21_KC597683 332 (610.5)
denovo85 C56_AY589760 331 (643.0)
denovo85 C1140_DQ182638 334 (597.0)
denovo85 C1126_DQ182653 334 (588.0)
denovo85 C15c_AY258492 331 (643.5)
denovo85 C15d_AY258493 330 (650.0)
denovo85 C1098_DQ182641 332 (644.0)
denovo85 C15.27_KC597689 334 (634.0)
denovo85 C15.18_HE579024 333 (631.0)
denovo85 C15.16_HE579022 334 (652.0)
denovo85 C1101_AB253787 334 (625.0)
denovo85 C1083_AY237300 334 (634.0)
denovo85 C1088_DQ182640 337 (632.0)
denovo85 C15.6_FN563472 334 (634.0)
denovo85 C15.5_FJ461512 336 (630.5)
denovo85 C15.4_FJ461511 336 (639.5)
denovo85 C15.13_HE579019 334 (625.0)
denovo85 C15.12_HE579018 334 (634.0)
denovo85 C93a_AM748563 332 (655.5)
denovo85 C1094_AJ291514 332 (637.5)
denovo85 C93_AM748562 332 (646.5)
denovo85 C15.17_HE579023 333 (625.0)
denovo85 C15e_AY589742 336 (642.5)
denovo85 C15.22_KC597695 334 (634.0)
denovo85 C60_AY589764 334 (634.0)
denovo85 C15.1_FJ461508 334 (634.0)
denovo85 C15.2_FJ461509 334 (634.0)
denovo85 C15.9_FN563475 334 (651.5)
denovo85 C15.7_HE579015 333 (648.5)
denovo85 C15.8_HE579016 334 (634.0)
denovo85 C15.15_HE579021 334 (634.0)
denovo85 C15.19_HE579025 334 (643.0)
denovo85 C15.24_KC597696 334 (625.0)
denovo85 C15.3_FJ461510 336 (639.5)
denovo85 C1087_DQ182655 334 (643.0)
denovo85 C15.14_HE579020 335 (633.5)
denovo85 C15.23_KC597697 335 (633.5)
denovo85 C19_AY258479 333 (643.5)
denovo85 C1233_EU118166 334 (634.0)
denovo85 C15b_AY258491 334 (634.0)
denovo85 C15a_AY258476 336 (648.5)
denovo85 C1051_AF195153 334 (652.0)
denovo85 C2_AF333518 335 (651.0)
denovo85 C15.20_HE579026 335 (642.5)
denovo85 C15f_AY589743 336 (636.0)
denovo85 C55_AY589759 339 (643.0)
denovo85 C15_AY239369 334 (643.0)
denovo85 C32.1_JF683335 332 (598.0)
denovo85 C32.2_JF683336 332 (598.0)
denovo85 C21.23_KC597693 332 (598.0)
denovo85 C1193_EU099827 340 (620.0)
denovo85 C1195_EU099821 342 (611.0)
denovo85 C3q_GU907655 323 (612.0)
denovo85 C53_AY589758 336 (612.5)
denovo85 C73_AY765408 329 (625.5)
denovo85 C17.2.1_KC597684 337 (592.5)
denovo85 C32_AY258497 336 (608.0)
denovo85 C1189_EU099831 322 (613.0)
denovo85 C1191_EU099833 321 (619.5)
denovo85 C1196_EU099819 322 (595.0)
denovo85 C1192_EU099820 322 (595.0)
denovo85 C17.1_JF683322 322 (613.0)
denovo85 C26_b2_FN827164 323 (612.5)
denovo85 C26_b3_FN827165 323 (594.5)
denovo85 C31.9_HQ630879 338 (596.0)
denovo85 C31a_AY589746 338 (592.5)
denovo85 C30_AY589745 338 (592.5)
denovo85 C31.1_HQ630876 342 (594.0)
denovo85 C31.5_HQ630877 336 (604.5)
denovo85 C31.6_HQ630878 338 (601.5)
denovo85 C31.2_JF683332 338 (601.5)
denovo85 C31.3_JF683333 338 (592.5)
denovo85 C26/C35a_AY239378 323 (603.5)
denovo85 C35a_AY258501 323 (603.5)
denovo85 C35.2_AY258500 323 (612.5)
denovo85 C26_b1_FN827163 323 (612.5)
denovo85 C17_AY239370 322 (613.0)
denovo85 C17.2_FJ461513 324 (612.0)
denovo85 C31.10_HQ630880 338 (605.0)
denovo85 C31.4_JF683334 342 (590.0)
denovo85 C31_AY258496 338 (601.5)
denovo85 C25_AY239377 334 (645.5)
denovo85 C61_AY589765 333 (597.0)
denovo85 C1043_DQ072721 336 (598.5)
denovo85 C79_AY765414 339 (620.0)
denovo85 C69_AY589773 326 (618.0)
denovo85 C69a_AY686648 326 (609.0)
denovo85 C21.22_KC597692 333 (591.0)
denovo85 C51_AY589756 335 (619.0)
denovo85 C1aa_HM185739 333 (631.5)
denovo85 C1096_DQ068023 333 (619.0)
denovo85 C74_AY765409 342 (652.0)
denovo85 C1185_AB294629 344 (648.5)
denovo85 C1184_AB294630 344 (648.5)
denovo85 C1153_AB294625 344 (648.5)
denovo85 C1154_AB294626 343 (664.0)
denovo85 C1187_AB294627 344 (648.5)
denovo85 C1186_AB294628 344 (648.5)
denovo85 C57_AY589761 344 (657.5)
denovo85 C66_AY589771 344 (657.5)
denovo85 C5_AF499795 334 (634.0)
denovo85 C1167_AB294586 334 (634.0)
denovo85 C1164_AB294593 334 (634.0)
denovo85 C1183_AB294631 334 (652.0)
denovo85 C1067_DQ335381 336 (630.5)
denovo85 C1159_AB294613 333 (636.5)
denovo85 C1150_AB294622 333 (645.5)
denovo85 C90_AM748554 335 (657.0)
denovo85 C1168_AB294583 334 (643.0)
denovo85 C1156_AB294616 334 (652.0)
denovo85 C1151_AB294621 334 (661.0)
denovo85 C92a_AM748561 334 (661.0)
denovo85 C92_AM748560 334 (652.0)
denovo85 C1165_AB294581 334 (643.0)
denovo85 C1166_AB294584 334 (661.0)
denovo85 C1162_AB294594 334 (643.0)
denovo85 C1163_AB294596 334 (652.5)
denovo85 C1161_AB294606 334 (652.0)
denovo85 C1160_AB294608 338 (644.5)
denovo85 C1158_AB294614 334 (661.0)
denovo85 C1155_AB294617 334 (643.0)
denovo85 C1149_AB294620 334 (652.0)
denovo85 C1173_AB294662 334 (661.0)
denovo85 C1171_AB294663 334 (643.0)
denovo85 C1172_AB294665 334 (643.0)
denovo85 C91a_AM748556 334 (661.0)
denovo85 C91b_AM748557 334 (652.0)
denovo85 C91d_AM748559 333 (649.5)
denovo85 C91c_AM748558 333 (649.5)
denovo85 C91_AJ621543 334 (652.0)
denovo85 C91_AM748555 334 (652.0)
denovo85 C1023_DQ335330 325 (603.5)
denovo85 C1020_DQ335392 336 (639.5)
denovo85 C1018_DQ335408 336 (639.5)
denovo85 C1074_DQ335329 336 (630.5)
denovo85 C1030_DQ335353 336 (630.5)
denovo85 C1022_DQ335331 336 (630.5)
denovo85 C1027_DQ335360 336 (639.5)
denovo85 C1072_DQ335344 336 (630.5)
denovo85 C1039_AB190274 336 (639.5)
denovo85 C1033_DQ335350 341 (627.5)
denovo85 C1019_DQ335407 336 (639.5)
denovo85 C1194_EU099826 336 (624.5)
denovo85 C8b_AY258475 336 (614.5)
denovo85 C8_AY239367 339 (629.5)
denovo85 C8a_AY239368 339 (629.5)
denovo85 C54a_AY765406 336 (639.5)
denovo85 C3ff_HM185740 336 (648.5)
denovo85 C59_AY589763 340 (625.0)
denovo85 C3k_AY589737 333 (640.5)
denovo85 C3.24_HE579012 332 (647.0)
denovo85 C3.23_HE579011 333 (640.5)
denovo85 C35.1_AY765401 337 (642.0)
denovo85 C35.3_EF541145 337 (642.0)
denovo85 C76_AY765411 336 (627.5)
denovo85 C1107_DQ335359 335 (614.0)
denovo85 C3.22_HE579010 339 (613.5)
denovo85 C77_AY765412 336 (627.0)
denovo85 C20_AY239371 339 (638.5)
denovo85 C1055_DQ480640 334 (630.0)
denovo85 C27/C30_AY239379 323 (603.5)
denovo85 C27.1_FJ461517 323 (594.5)
denovo85 C40a_AY589747 341 (642.5)
denovo85 C40_AY258485 341 (642.5)
denovo85 C40b_AY589748 342 (633.5)
denovo85 C16_AY258477 339 (639.0)
denovo85 C16a_AY765399 339 (639.0)
denovo85 C1091_AB207186 336 (640.0)
denovo85 C1102_DQ335400 336 (622.0)
denovo85 C1069_DQ335375 336 (640.0)
denovo85 C1073_DQ335332 337 (634.0)
denovo85 C1066_DQ335382 334 (625.5)
denovo85 C1031_DQ335352 336 (649.0)
denovo85 C1026_DQ335366 336 (648.5)
denovo85 C70_AY589774 336 (649.0)
denovo85 C1082_AB190267 336 (631.0)
denovo85 C1078_AB190271 334 (642.5)
denovo85 C1090_AB207191 336 (640.0)
denovo85 C1071_DQ335302 336 (640.0)
denovo85 C1075_DQ335328 336 (640.0)
denovo85 C1068_DQ335379 336 (631.0)
denovo85 C1064_DQ335395 336 (631.0)
denovo85 C1063_DQ335403 333 (640.5)
denovo85 C62_AY589766 336 (640.0)
denovo85 C1077_DQ335316 333 (645.5)
denovo85 C1109_DQ335338 336 (631.0)
denovo85 C1110_DQ335340 336 (622.0)
denovo85 C1106_DQ335339 336 (622.0)
denovo85 C1112_DQ335319 336 (631.0)
denovo85 C1108_DQ335351 336 (622.0)
denovo85 C1105_DQ335394 336 (631.0)
denovo85 C1121_DQ335378 336 (622.0)
denovo85 C1116_AB190268 336 (631.0)
denovo85 C1115_AB190273 336 (631.0)
denovo85 C1124_DQ335323 336 (613.0)
denovo85 C1120_DQ335398 336 (613.0)
denovo85 C1119_DQ335404 336 (622.0)
denovo85 C1123_DQ335363 336 (622.0)
denovo85 C1004_DQ480635 336 (639.0)
denovo85 C1061_AY186568 336 (630.0)
denovo85 C1053_AY186569 336 (639.0)
denovo85 C1003_DQ480639 336 (639.0)
denovo85 C81_GU907657 322 (614.5)
denovo85 C22_AY239373 331 (641.5)
denovo85 C22a_AY239374 334 (633.0)
denovo85 C1232_EU118163 338 (636.0)
denovo85 C21.13_FJ461515 322 (604.0)
denovo85 C21.1_JF683323 320 (607.5)
denovo85 C21.3_JF683325 336 (618.5)
denovo85 C1.20_HE578993 336 (630.5)
denovo85 C1.22_HE578995 336 (621.5)
denovo85 C52_AY589757 335 (631.5)
denovo85 C1201_EU099793 337 (612.0)
denovo85 C14_AY589741 339 (633.0)
denovo85 C43_AY589749 339 (639.0)
denovo85 C50_AY589755 336 (639.5)
denovo85 C3.14_HQ630872 335 (663.0)
denovo85 C1m_AY765398 336 (640.0)
denovo85 C82_GU907658 336 (639.5)
denovo85 C82b_GU907660 336 (639.5)
denovo85 C64_AY589768 333 (648.0)
denovo85 C45a_AY765404 339 (638.5)
denovo85 C48_AY589753 336 (660.0)
denovo85 C1_v1b_FJ919244 336 (630.5)
denovo85 C1_v1a_FJ919243 336 (639.5)
denovo85 C3j_AY239366 336 (630.5)
denovo85 C3t_EF541149 339 (647.5)
denovo85 C9_AF499798 338 (645.5)
denovo85 C23_AY239375 337 (661.0)
denovo85 C37_AY258481 336 (630.5)
denovo85 C1048_DQ068026 339 (638.5)
denovo85 C21.4_JF683326 322 (613.0)
denovo85 C21.5_JF683327 322 (613.0)
denovo85 C1070_DQ335349 336 (657.5)
denovo85 C21.6_HQ630873 322 (631.0)
denovo85 C1224_EU074890 336 (657.5)
denovo85 C1.17_HE578990 336 (657.5)
denovo85 C21_b1_FN827162 338 (606.0)
denovo85 C21.9_JF683330 338 (615.0)
denovo85 C1085_AY624605 333 (631.5)
denovo85 C3p_GU907654 336 (633.5)
denovo85 C3f_AY589734 336 (648.5)
denovo85 C65a_AY589770 334 (642.5)
denovo85 C65_AY589769 334 (651.5)
denovo85 C71_AY589775 334 (642.5)
denovo85 C71a_AY589776 334 (633.5)
denovo85 C1178_AB294647 335 (631.0)
denovo85 C1225_EU074893 333 (658.0)
denovo85 C75_AY765410 335 (646.0)
denovo85 C21.10_JF683331 335 (615.5)
denovo85 C21.11_HQ630874 335 (615.5)
denovo85 C1065_DQ335388 336 (648.5)
denovo85 C1045_DQ068036 336 (657.5)
denovo85 C1h_AY258473 335 (645.0)
denovo85 C38_AY258482 335 (636.0)
denovo85 C1202_EU099799 335 (636.0)
denovo85 C7_AF499797 335 (645.0)
denovo85 C12_AF499801 337 (634.5)
denovo85 C38a_AY258483 334 (647.5)
denovo85 C1200_EU099800 323 (644.5)
denovo85 C44a_AY589751 336 (648.0)
denovo85 C47_AY589752 339 (656.5)
denovo85 C44_AY589750 339 (647.5)
denovo85 C1.15_HE578988 336 (639.5)
denovo85 C45.3_FJ461522 339 (638.5)
denovo85 C46a_AY765405 339 (638.5)
denovo85 C46_EU449108 339 (647.5)
denovo85 C3.12_FJ461507 339 (647.5)
denovo85 C1k_AY589733 339 (638.5)
denovo85 C67_AY686647 339 (647.5)
denovo85 C82a_GU907659 336 (639.5)
denovo85 C10a_AY589739 339 (647.5)
denovo85 C10_AF499799 339 (638.5)
denovo85 C13_AY589740 345 (635.5)
denovo85 C4_AF499794 339 (638.5)
denovo85 C1147_EF656433 339 (638.5)
denovo85 C1c/C45_AY239364 339 (647.5)
denovo85 C1c/C45_EU449103 339 (647.5)
denovo85 C21.19_HE579031 322 (613.0)
denovo85 C21.21_HE579033 322 (604.0)
denovo85 C21.20_HE579032 322 (613.0)
denovo85 C42b_AY765403 340 (633.0)
denovo85 C42_AY258487 340 (642.0)
denovo85 C1p_GU907652 336 (639.5)
denovo85 C1d_AY258488 339 (629.5)
denovo85 C42_AY765402 339 (638.5)
denovo85 C3ha_AY589736 322 (613.0)
denovo85 C63a_AY589767 324 (630.0)
denovo85 C21a_AY589744 322 (622.0)
denovo85 C3o_GU907653 322 (621.5)
denovo85 C21.16_HQ630875 322 (613.0)
denovo85 C21.2_JF683324 322 (613.0)
denovo85 C21.7_JF683328 321 (619.5)
denovo85 C21.8_JF683329 322 (622.0)
denovo85 C3h_AY239365 322 (613.0)
denovo85 C1203_EU099798 322 (613.0)
denovo85 C3.10_FJ461505 336 (657.5)
denovo85 C21.14_FJ461516 322 (631.0)
denovo85 C21.18_HE579030 328 (610.0)
denovo85 C3.17_HE579005 336 (639.5)
denovo85 C3.9_FJ461504 335 (634.0)
denovo85 C3.8_FJ461503 336 (648.5)
denovo85 C3.7_FJ461502 336 (639.5)
denovo85 C3.11_FJ461506 336 (648.5)
denovo85 C3.18_HE579006 336 (639.5)
denovo85 C3.19_HE579007 336 (639.5)
denovo85 C3.20_HE579008 336 (639.5)
denovo85 C3g_AY589735 339 (631.5)
denovo85 C3a_AF499790 334 (652.0)
denovo85 C3e_AF499793 336 (639.5)
denovo85 C6_AF499796 336 (657.5)
denovo85 C11_AF499800 336 (639.5)
denovo85 C36_AY258480 336 (657.5)
denovo85 C29_AY258494 336 (657.5)
denovo85 C1146_EF656434 337 (643.0)
denovo85 C1190_EU099841 336 (657.5)
denovo85 C131_JF320826 336 (639.5)
denovo85 C28_AY239380 339 (641.5)
denovo85 C1012_DQ480604 336 (639.5)
denovo85 C1181_AB294640 336 (624.5)
denovo85 C1180_AB294641 336 (642.5)
denovo85 C1179_AB294645 334 (628.0)
denovo85 C1176_AB294651 334 (637.0)
denovo85 C1175_AB294653 336 (624.5)
denovo85 C1174_AB294655 338 (630.0)
denovo85 C1177_AB294659 336 (633.5)
denovo85 C1040_AB190269 338 (645.0)
denovo85 C1182_AB294649 336 (639.5)
denovo85 C1089_AJ278598 336 (639.5)
denovo85 C1028_DQ335357 336 (648.5)
denovo85 C3.16_EU786015 336 (657.5)
denovo85 C1097_AJ311943 335 (633.0)
denovo85 C1170_AB294661 336 (633.5)
denovo85 C21.17_HE579029 336 (629.5)
denovo85 C21/3d/C3k_AY239372 322 (622.0)
denovo85 C58_AY589762 323 (621.5)
denovo85 C3L_AY589738 338 (641.5)
denovo85 C1169_AB294660 336 (633.5)
denovo85 C3.2_FJ461497 336 (642.5)
denovo85 C3.1_JF683321 333 (643.5)
denovo85 C1104_AF427469 337 (638.5)
denovo85 C3b_AF499791 335 (649.0)
denovo85 C83_GU907661 336 (651.0)
denovo85 C49_AY589754 362 (663.0)
denovo85 C3_AB778606 336 (648.5)
denovo85 C3_AF499789 336 (648.5)
denovo85 C3_HE579001 336 (648.5)
denovo85 C21.12_FJ461514 322 (604.0)
denovo85 C1229_EU074888 333 (635.0)
denovo85 C1230_EU074889 333 (644.0)
denovo85 C1114_AB207196 336 (630.5)
denovo85 C3.21_HE579009 336 (570.5)
denovo85 C1057_DQ480619 336 (639.5)
denovo85 C72_AY765407 333 (639.0)
denovo85 C1b.3_HE578999 336 (633.5)
denovo85 C93_AJ621536 336 (639.5)
denovo85 C94_AJ621539 336 (639.5)
denovo85 C1g_AY589730 336 (657.5)
denovo85 C1i_AY589731 330 (632.0)
denovo85 C1j_AY589732 336 (648.5)
denovo85 C1005_DQ480633 336 (639.5)
denovo85 C1.7_FJ461494 336 (639.5)
denovo85 C1.11_HE578984 336 (640.0)
denovo85 C1.12_HE578985 336 (639.5)
denovo85 C1.13_HE578986 336 (648.5)
denovo85 C1.14_HE578987 336 (648.5)
denovo85 C1.18_HE578991 336 (639.5)
denovo85 C1.19_HE578992 336 (639.5)
denovo85 C1199_EU099802 333 (625.0)
denovo85 C1188_EU099838 333 (640.0)
denovo85 C1002_DQ838544 336 (648.5)
denovo85 C1198_EU099810 336 (639.5)
denovo85 C24_AY239376 336 (639.5)
denovo85 C1f_AY258490 336 (648.5)
denovo85 C1006_DQ480629 336 (657.5)
denovo85 C1010_DQ480607 336 (639.5)
denovo85 C1007_DQ480624 336 (639.5)
denovo85 C1011_DQ480605 336 (639.5)
denovo85 C1009_DQ480608 340 (641.5)
denovo85 C1041_AY186548 336 (648.5)
denovo85 C1052_AY186570 336 (639.5)
denovo85 C1148_EU040178 336 (648.5)
denovo85 C1234_EU118165 337 (638.5)
denovo85 C1.5_EF634157 336 (648.5)
denovo85 C1059_DQ480609 336 (639.5)
denovo85 C1228_EU074883 336 (639.5)
denovo85 C1208_EU074963 336 (639.5)
denovo85 C1207_EU074964 336 (648.5)
denovo85 C1206_EU074965 336 (639.5)
denovo85 C1013_DQ480642 336 (639.5)
denovo85 C80_GU907656 343 (634.0)
denovo85 C1a_AF499788 333 (640.0)
denovo85 C41_AY258486 336 (648.5)
denovo85 C39_AY258484 321 (644.0)
denovo85 C1231_EU074878 336 (639.5)
denovo85 C1b.1_HE578997 336 (633.5)
denovo85 C18_AY258478 336 (648.5)
denovo85 C1.10_HE578983 335 (643.0)
denovo85 C1_JN558041 336 (648.5)
denovo85 C1_HE578979 336 (648.5)
denovo85 C1_AM748551 336 (648.5)
denovo85 C1_AF333515 336 (648.5)
denovo85 C1054_AY186565 335 (652.0)
denovo85 C1008_DQ480613 336 (639.5)
denovo85 C1103_AF427470 337 (638.5)
denovo85 C1226_EU074881 337 (638.5)
denovo85 C1b/C1e_AY239363 336 (642.5)
denovo85 C1044_DQ068038 336 (633.5)
denovo85 C1017_DQ174729 337 (632.5)
denovo85 C1.6_FJ461493 336 (657.5)
denovo85 C1b.2_HE578998 336 (633.5)
denovo85 C1060_DQ480600 336 (639.5)
denovo85 C1227_EU074882 336 (639.5)
denovo85 C1197_EU099814 336 (639.5)
denovo85 C1130_DQ480643 336 (543.0)
denovo85 D109_AB097465 364 (441.5)
denovo85 D1.11_HE579040 361 (451.0)
denovo85 D105_AF174570 362 (445.5)
denovo85 D104_AF174572 361 (442.0)
denovo85 D1.3_JF683337 362 (444.5)
denovo85 D1.10_HE579039 361 (451.0)
denovo85 D110_AF174561 361 (451.0)
denovo85 D117_AF174542 361 (442.0)
denovo85 D114_AF174549 361 (451.0)
denovo85 D113_AF174557 361 (442.0)
denovo85 D112_AF174558 363 (448.5)
denovo85 D106_AF174559 368 (453.5)
denovo85 D111_AF174560 361 (450.5)
denovo85 D115_AF174562 361 (442.0)
denovo85 D107_AF174568 360 (448.5)
denovo85 D116_AF174571 366 (438.5)
denovo85 D124_EU074897 358 (451.5)
denovo85 D1.8_HE579037 363 (448.5)
denovo85 D3_AY686650 361 (451.0)
denovo85 D1.6_HQ630881 361 (442.0)
denovo85 D120_EU074900 361 (442.0)
denovo85 D121_EU074904 366 (447.5)
denovo85 D122_EU074905 361 (442.0)
denovo85 D1a.2_JF683339 368 (446.5)
denovo85 D1a.1_JF683338 358 (451.5)
denovo85 D2_AY686649 594 (517.5)
denovo85 D4_DQ865214 364 (448.0)
denovo85 D1a_AF499802 361 (451.0)
denovo85 D1a_JN558078 361 (451.0)
denovo85 D123_EU074895 362 (453.5)
denovo85 D108_AF174567 357 (457.0)
denovo85 D103_AF174575 361 (451.0)
denovo85 D100_AF411415 361 (451.0)
denovo85 D118_EF656435 355 (460.0)
denovo85 D101_AF411416 361 (436.0)
denovo85 D119_EU099832 360 (441.5)
denovo85 D102_AF174573 361 (454.5)
denovo85 D1_AF334660 361 (451.0)
denovo85 D1_JN558076 361 (451.0)
denovo85 D1.12_HE579041 342 (449.0)
denovo85 D1.1_AM748564 426 (468.0)
denovo85 D1.2_AM748617 439 (478.0)
denovo85 E111_EU074915 361 (441.5)
denovo85 E110_EU074914 359 (446.5)
denovo85 E114_EU074909 359 (428.5)
denovo85 E1_AF334659 361 (428.5)
denovo85 E105_EU074921 360 (438.5)
denovo85 E112_EU074916 360 (420.5)
denovo85 E104_EU074922 362 (426.5)
denovo85 E102_EU074924 360 (420.5)
denovo85 E103_EU074923 360 (429.5)
denovo85 E101_AY160123 361 (410.5)
denovo85 E109_EU074913 354 (439.0)
denovo85 E100_DQ011618 364 (444.0)
denovo85 E108_EU074912 353 (444.5)
denovo85 E113_EU074908 352 (445.5)
denovo85 E107_EU074910 353 (444.5)
denovo85 F1_JN558066 364 (614.0)
denovo85 F5.2d_AJ291530 331 (635.0)
denovo85 F104_AJ291531 331 (635.0)
denovo85 F5.2c_AM748596 331 (626.5)
denovo85 F5.2_AM748594 331 (626.0)
denovo85 F5.2a_AM748614 331 (626.0)
denovo85 F5.2b_AM748595 331 (626.0)
denovo85 F5.2e_AJ291533 331 (599.5)
denovo85 F5.2g_JN558072 331 (634.5)
denovo85 F5.2f_AJ291512 331 (625.5)
denovo85 F102_AJ291534 331 (625.5)
denovo85 F5.1c_AM748593 336 (658.0)
denovo85 F5.1d_JN558069 339 (620.5)
denovo85 F5.1b_AJ291535 335 (646.5)
denovo85 F5.1_AM748592 337 (643.0)
denovo85 F5.1a_AM748591 335 (646.5)
denovo85 F110_AJ291526 329 (690.0)
denovo85 F4.7_AM748587 331 (672.5)
denovo85 F4.5_AM748585 330 (665.5)
denovo85 F4.4a_AM748583 326 (691.0)
denovo85 F4.4_AM748582 331 (693.5)
denovo85 F4.4b_AM748584 324 (710.0)
denovo85 F4.1a_AM748573 332 (661.5)
denovo85 F112_AJ291528 330 (648.5)
denovo85 F4.1_AM748572 330 (648.5)
denovo85 F4.8b_AM748590 332 (689.0)
denovo85 F4.8_AM748588 323 (689.5)
denovo85 F4.8a_AM748589 323 (689.5)
denovo85 F109_AJ291527 329 (694.0)
denovo85 F4.6_AM748586 330 (648.0)
denovo85 F111_AJ311949 323 (686.5)
denovo85 F4.3c_AM748581 324 (689.5)
denovo85 F4.3a_AM748579 323 (696.5)
denovo85 F4.3b_AM748580 324 (698.5)
denovo85 F4.3_AM748578 324 (689.5)
denovo85 F4.2_AM748574 330 (702.0)
denovo85 F4.2a_AM748575 330 (687.5)
denovo85 F4.2c_AM748577 330 (684.0)
denovo85 F4.2b_AM748576 330 (687.5)
denovo85 F2b_AJ291521 337 (667.5)
denovo85 F2_AJ830908 337 (685.5)
denovo85 F2a_AJ830911 337 (681.0)
denovo85 F3.1a_AM748566 350 (635.5)
denovo85 F114_AJ291525 350 (645.0)
denovo85 F3.1_AM748565 350 (645.0)
denovo85 F3.2_AM748567 355 (676.5)
denovo85 F3.2a_AM748568 355 (670.0)
denovo85 F3.3_AM748569 348 (662.0)
denovo85 F3.4a_AM748571 346 (611.0)
denovo85 F3.4_AM748570 342 (617.0)
denovo85 F3.4b_AM748616 342 (617.0)
denovo85 G101_AJ291539 373 (485.5)
denovo85 G1_AM748597 373 (485.5)
denovo85 G2b_JN558087 370 (485.5)
denovo85 G2_AM748598 371 (479.5)
denovo85 G2a_AM748599 371 (470.5)
denovo85 G4_AM748601 365 (515.0)
denovo85 G3.4_LK392378 361 (476.0)
denovo85 G3_AM748600 363 (498.5)
denovo85 G3.2_KC597694 345 (458.0)
denovo85 G3.1_KC597688 362 (503.0)
denovo85 G100_AB253788 355 (491.0)
denovo85 G3.3_LK392377 362 (493.5)
denovo85 H6_AJ291520 646 (329.0)
denovo85 H3_AM748606 335 (491.0)
denovo85 H2_AM748605 343 (513.5)
denovo85 H4_AM748607 339 (505.0)
denovo85 H4a_AM748608 349 (503.5)
denovo85 H5a_AM748611 347 (484.0)
denovo85 H5b_AM748610 350 (482.5)
denovo85 H5_AJ621129 347 (484.0)
denovo85 H5_AM748609 347 (484.0)
denovo85 H100_AJ291513 333 (475.0)
denovo85 H1b_AM748604 347 (468.0)
denovo85 H1a_AM748612 347 (477.0)
denovo85 H1_AJ621152 347 (477.0)
denovo85 H1_AM748602 347 (477.0)
denovo85 I3_FN561561 344 (700.0)
denovo85 I4_FN561562 344 (700.0)
denovo85 I1_FN561559 343 (687.5)
denovo85 I2_FN561560 346 (687.0)

#---------------------------------------
#---------------------------------------
