denovo107 A136_DQ865210 351 (531.5)
denovo107 A133_DQ174725 361 (486.5)
denovo107 A115_AF180123 343 (483.0)
denovo107 A117_AF201746 345 (494.0)
denovo107 A134_DQ174723 352 (497.5)
denovo107 A114_AF184941 352 (497.0)
denovo107 A135_DQ174727 355 (488.5)
denovo107 A2_AF333506 349 (504.0)
denovo107 A101_AF427468 353 (492.5)
denovo107 A2_1_JN558097 353 (492.5)
denovo107 A2_2_JN558100 353 (492.5)
denovo107 A113_AF184948 339 (527.0)
denovo107 A112_AF184949 340 (493.5)
denovo107 A123_EF378618 347 (340.5)
denovo107 A137_EF378621 350 (332.5)
denovo107 A11_EU449041 339 (525.5)
denovo107 A121_DQ174722 342 (502.5)
denovo107 A15b_EU792886 341 (484.0)
denovo107 A15a_EU792885 341 (492.5)
denovo107 A15c_EU792887 341 (483.5)
denovo107 A15_EU792884 341 (484.0)
denovo107 A147_EU074937 337 (508.5)
denovo107 A154_EU074860 337 (508.5)
denovo107 A146_EU074936 339 (504.5)
denovo107 A150_EU074928 348 (505.0)
denovo107 A116_AF183575 340 (507.0)
denovo107 A141_EU074931 339 (513.5)
denovo107 A5_AF333508 339 (510.0)
denovo107 A3b_EU449043 337 (517.5)
denovo107 A151_EU074925 339 (505.0)
denovo107 A152_EU074927 347 (500.0)
denovo107 A149_EU074929 341 (510.0)
denovo107 A140_EU074930 337 (499.5)
denovo107 A142_EU074932 337 (499.5)
denovo107 A143_EU074933 339 (504.0)
denovo107 A144_EU074934 337 (508.5)
denovo107 A145_EU074935 340 (507.5)
denovo107 A148_EU074938 339 (504.5)
denovo107 A155_EU074856 337 (499.5)
denovo107 A156_EU074859 337 (499.5)
denovo107 A139_EU074962 337 (499.5)
denovo107 A6_AF186058 337 (508.5)
denovo107 A3_AF333507 337 (508.5)
denovo107 A3_JN558091 337 (508.5)
denovo107 A8_AY258468 341 (483.5)
denovo107 A7_AY239360 341 (493.0)
denovo107 A16_EU792888 341 (502.0)
denovo107 A4.3_FN429763 352 (478.5)
denovo107 A120_AF180122 349 (478.5)
denovo107 A4.2_FN429761 350 (478.5)
denovo107 A4_AF333509 350 (497.5)
denovo107 A4.1_FN429760 349 (492.5)
denovo107 A4a_AF499778 350 (506.5)
denovo107 A4a.1_FN429762 350 (506.5)
denovo107 A138_EF378620 347 (450.5)
denovo107 A122_EF378619 346 (487.5)
denovo107 A126_EF378615 345 (488.5)
denovo107 A10_EU792882 345 (488.5)
denovo107 A9_EU449028 342 (491.0)
denovo107 A105_AB207202 347 (504.0)
denovo107 A119_AF180121 343 (493.0)
denovo107 A12_EU792883 346 (494.0)
denovo107 A104_AB207203 341 (506.0)
denovo107 A1a_EU449030 342 (508.0)
denovo107 A1.3_HE578976 351 (497.5)
denovo107 A1.4_HE578977 347 (503.5)
denovo107 A13_AF333504 349 (501.5)
denovo107 A13_JN558094 349 (501.5)
denovo107 A110_AB190282 345 (496.5)
denovo107 A103_AB207206 338 (503.5)
denovo107 A130_EF656428 349 (500.5)
denovo107 A127_EF656429 349 (509.5)
denovo107 A128_EF656430 349 (491.5)
denovo107 A129_EF656431 348 (498.5)
denovo107 A131_EF656432 349 (502.5)
denovo107 A118_AF180120 346 (493.0)
denovo107 A1_AF333505 349 (500.5)
denovo107 A107_AB207199 343 (500.5)
denovo107 A111_AB190280 346 (502.0)
denovo107 A108_AB207197 349 (485.5)
denovo107 A106_AB207200 348 (506.5)
denovo107 A102_AB207209 348 (507.0)
denovo107 A1.2_AB207210 348 (507.0)
denovo107 A109_AB190285 348 (506.5)
denovo107 B4_AF333510 325 (1131.0)
denovo107 B23_EU449079 309 (1254.0)
denovo107 B30_GU907644 309 (1236.0)
denovo107 B11_AY239361 311 (1341.5)
denovo107 B17_AY258470 309 (1379.0)
denovo107 B1k_GU907638 311 (696.5)
denovo107 B1.V_Green2014 316 (1318.5)
denovo107 B1b_AF499780 309 (1292.5)
denovo107 B16_AY258469 309 (1370.0)
denovo107 B31a_GU907646 309 (1370.0)
denovo107 B32_GU907647 309 (1370.0)
denovo107 B31_GU907645 309 (1379.0)
denovo107 B1j_GU907637 309 (1370.0)
denovo107 B37_GU907650 311 (1368.5)
denovo107 B5a_AF499782 309 (1370.0)
denovo107 B5_AF499781 309 (1379.0)
denovo107 B24_GU907643 309 (1219.0)
denovo107 B117_AF180124 309 (1270.5)
denovo107 B10_AF499787 309 (1370.0)
denovo107 B20_GU907642 311 (1353.5)
denovo107 B1m_GU907640 309 (1379.0)
denovo107 B34_GU907649 309 (1379.0)
denovo107 B1d_GU907633 309 (1379.0)
denovo107 B1e_GU907634 309 (1379.0)
denovo107 B1i_GU907636 309 (1379.0)
denovo107 B1g_GU907635 310 (1360.0)
denovo107 B123_EU074872 309 (1370.0)
denovo107 B8_AF499785 310 (1369.0)
denovo107 B1l_GU907639 309 (1379.0)
denovo107 B1a_AF499779 309 (1379.0)
denovo107 B14_AY239362 310 (1369.0)
denovo107 B125_EU074865 309 (1379.0)
denovo107 B122_EU074871 309 (1379.0)
denovo107 B124_EU074874 309 (1379.0)
denovo107 B1.VII_Green2014 309 (1309.0)
denovo107 B1.III_Green2014 309 (1307.0)
denovo107 B1.I_Green2014 309 (1388.0)
denovo107 B1.II_Green2014 309 (1388.0)
denovo107 B1_JN558057 309 (1388.0)
denovo107 B1_AF333511 309 (1388.0)
denovo107 B1.IV_Green2014 319 (1373.5)
denovo107 B121_EU074870 309 (1379.0)
denovo107 B7_AF499784 309 (1379.0)
denovo107 B1.VI_Green2014 310 (1328.5)
denovo107 B3_AF333514 309 (1266.5)
denovo107 B9_AF499786 309 (1275.5)
denovo107 B19a_JN558055 313 (1169.5)
denovo107 B119_EU099825 317 (1216.5)
denovo107 B21_DQ865213 309 (1253.0)
denovo107 B38_GU907651 309 (1253.0)
denovo107 B18_AY258471 309 (1293.5)
denovo107 B18a_AY258472 309 (1284.5)
denovo107 B33_GU907648 309 (1284.5)
denovo107 B6_AF499783 314 (1299.0)
denovo107 B19_DQ865212 309 (1302.5)
denovo107 B19_GU907641 309 (1302.5)
denovo107 B2_AF333512 309 (1293.5)
denovo107 B2_JN558060 309 (1293.5)
denovo107 C33.1_AY258498 335 (673.0)
denovo107 C33.2_AY765400 335 (673.0)
denovo107 C33a_EF541147 335 (673.0)
denovo107 C34_AY258499 333 (658.5)
denovo107 C78_AY765413 337 (642.0)
denovo107 C15.29_KC597690 336 (620.5)
denovo107 C1131_DQ182650 338 (608.0)
denovo107 C1135_DQ182646 331 (606.5)
denovo107 C1134_DQ182647 333 (594.0)
denovo107 C1142_DQ182635 333 (603.0)
denovo107 C1136_DQ182644 332 (589.0)
denovo107 C1111_DQ182645 332 (598.0)
denovo107 C1236_EF473656 332 (589.0)
denovo107 C1138_DQ182642 329 (598.5)
denovo107 C1137_DQ182643 332 (589.0)
denovo107 C1133_DQ182648 332 (589.0)
denovo107 C1132_DQ182649 334 (594.5)
denovo107 C1143_DQ182634 332 (598.0)
denovo107 C1139_DQ182639 333 (603.0)
denovo107 C15.28_KC597687 333 (667.0)
denovo107 C1141_DQ182636 333 (612.0)
denovo107 C1144_DQ182637 333 (621.0)
denovo107 C1122_DQ182654 333 (630.0)
denovo107 C1127_DQ182652 329 (626.5)
denovo107 C15.30_JX394114 334 (659.5)
denovo107 C15.26_KC597686 333 (657.5)
denovo107 C1086_DQ182656 334 (660.5)
denovo107 C15.25_KC597685 334 (669.5)
denovo107 C1118_AF180127 334 (612.5)
denovo107 C1129_DQ182651 334 (605.5)
denovo107 C15.21_KC597683 332 (655.0)
denovo107 C56_AY589760 332 (645.5)
denovo107 C1140_DQ182638 334 (623.5)
denovo107 C1126_DQ182653 334 (614.5)
denovo107 C15c_AY258492 331 (661.0)
denovo107 C15d_AY258493 330 (667.5)
denovo107 C1098_DQ182641 332 (688.5)
denovo107 C15.27_KC597689 334 (660.5)
denovo107 C15.18_HE579024 334 (651.5)
denovo107 C15.16_HE579022 334 (669.5)
denovo107 C1101_AB253787 334 (651.5)
denovo107 C1083_AY237300 334 (660.5)
denovo107 C1088_DQ182640 337 (658.5)
denovo107 C15.6_FN563472 334 (678.5)
denovo107 C15.5_FJ461512 336 (675.5)
denovo107 C15.4_FJ461511 336 (684.5)
denovo107 C15.13_HE579019 334 (651.5)
denovo107 C15.12_HE579018 334 (660.5)
denovo107 C93a_AM748563 332 (682.0)
denovo107 C1094_AJ291514 332 (664.0)
denovo107 C93_AM748562 332 (673.0)
denovo107 C15.17_HE579023 333 (651.5)
denovo107 C15e_AY589742 336 (669.0)
denovo107 C15.22_KC597695 335 (663.5)
denovo107 C60_AY589764 334 (660.5)
denovo107 C15.1_FJ461508 334 (660.5)
denovo107 C15.2_FJ461509 334 (660.5)
denovo107 C15.9_FN563475 334 (669.5)
denovo107 C15.7_HE579015 333 (675.0)
denovo107 C15.8_HE579016 334 (660.5)
denovo107 C15.15_HE579021 334 (660.5)
denovo107 C15.19_HE579025 334 (670.0)
denovo107 C15.24_KC597696 334 (660.5)
denovo107 C15.3_FJ461510 336 (666.5)
denovo107 C1087_DQ182655 334 (669.5)
denovo107 C15.14_HE579020 335 (660.0)
denovo107 C15.23_KC597697 335 (660.0)
denovo107 C19_AY258479 329 (675.5)
denovo107 C1233_EU118166 334 (669.5)
denovo107 C15b_AY258491 334 (660.5)
denovo107 C15a_AY258476 336 (675.5)
denovo107 C1051_AF195153 334 (678.5)
denovo107 C2_AF333518 335 (677.5)
denovo107 C15.20_HE579026 335 (669.0)
denovo107 C15f_AY589743 336 (662.5)
denovo107 C55_AY589759 338 (667.5)
denovo107 C15_AY239369 334 (669.5)
denovo107 C32.1_JF683335 335 (616.0)
denovo107 C32.2_JF683336 332 (624.5)
denovo107 C21.23_KC597693 332 (624.5)
denovo107 C1193_EU099827 340 (656.0)
denovo107 C1195_EU099821 345 (647.0)
denovo107 C3q_GU907655 339 (632.0)
denovo107 C53_AY589758 338 (645.0)
denovo107 C73_AY765408 343 (640.0)
denovo107 C17.2.1_KC597684 337 (619.5)
denovo107 C32_AY258497 336 (626.0)
denovo107 C1189_EU099831 336 (636.5)
denovo107 C1191_EU099833 335 (643.0)
denovo107 C1196_EU099819 336 (618.5)
denovo107 C1192_EU099820 336 (618.5)
denovo107 C17.1_JF683322 336 (636.5)
denovo107 C26_b2_FN827164 333 (641.5)
denovo107 C26_b3_FN827165 337 (627.0)
denovo107 C31.9_HQ630879 338 (623.0)
denovo107 C31a_AY589746 338 (628.5)
denovo107 C30_AY589745 338 (619.5)
denovo107 C31.1_HQ630876 342 (621.0)
denovo107 C31.5_HQ630877 336 (622.5)
denovo107 C31.6_HQ630878 338 (628.5)
denovo107 C31.2_JF683332 336 (622.5)
denovo107 C31.3_JF683333 338 (619.5)
denovo107 C26/C35a_AY239378 337 (636.0)
denovo107 C35a_AY258501 337 (636.0)
denovo107 C35.2_AY258500 337 (636.0)
denovo107 C26_b1_FN827163 337 (636.0)
denovo107 C17_AY239370 336 (636.5)
denovo107 C17.2_FJ461513 338 (635.5)
denovo107 C31.10_HQ630880 338 (632.0)
denovo107 C31.4_JF683334 342 (617.0)
denovo107 C31_AY258496 338 (628.5)
denovo107 C25_AY239377 334 (672.5)
denovo107 C61_AY589765 333 (623.5)
denovo107 C1043_DQ072721 336 (624.5)
denovo107 C79_AY765414 339 (647.0)
denovo107 C69_AY589773 326 (636.5)
denovo107 C69a_AY686648 326 (636.5)
denovo107 C21.22_KC597692 334 (612.5)
denovo107 C51_AY589756 335 (664.0)
denovo107 C1aa_HM185739 333 (658.0)
denovo107 C1096_DQ068023 333 (645.5)
denovo107 C74_AY765409 342 (678.5)
denovo107 C1185_AB294629 344 (675.5)
denovo107 C1184_AB294630 344 (675.5)
denovo107 C1153_AB294625 344 (675.5)
denovo107 C1154_AB294626 343 (691.0)
denovo107 C1187_AB294627 344 (675.5)
denovo107 C1186_AB294628 344 (675.5)
denovo107 C57_AY589761 344 (684.5)
denovo107 C66_AY589771 344 (684.5)
denovo107 C5_AF499795 334 (660.5)
denovo107 C1167_AB294586 334 (660.5)
denovo107 C1164_AB294593 334 (660.5)
denovo107 C1183_AB294631 334 (670.0)
denovo107 C1067_DQ335381 336 (657.5)
denovo107 C1159_AB294613 333 (663.0)
denovo107 C1150_AB294622 333 (672.0)
denovo107 C90_AM748554 336 (677.5)
denovo107 C1168_AB294583 334 (669.5)
denovo107 C1156_AB294616 334 (678.5)
denovo107 C1151_AB294621 334 (687.5)
denovo107 C92a_AM748561 334 (687.5)
denovo107 C92_AM748560 334 (678.5)
denovo107 C1165_AB294581 334 (669.5)
denovo107 C1166_AB294584 334 (687.5)
denovo107 C1162_AB294594 334 (669.5)
denovo107 C1163_AB294596 334 (679.0)
denovo107 C1161_AB294606 334 (678.5)
denovo107 C1160_AB294608 338 (671.0)
denovo107 C1158_AB294614 334 (687.5)
denovo107 C1155_AB294617 334 (669.5)
denovo107 C1149_AB294620 334 (678.5)
denovo107 C1173_AB294662 334 (687.5)
denovo107 C1171_AB294663 334 (669.5)
denovo107 C1172_AB294665 334 (669.5)
denovo107 C91a_AM748556 334 (679.0)
denovo107 C91b_AM748557 334 (678.5)
denovo107 C91d_AM748559 334 (669.5)
denovo107 C91c_AM748558 334 (669.5)
denovo107 C91_AJ621543 334 (678.5)
denovo107 C91_AM748555 334 (678.5)
denovo107 C1023_DQ335330 325 (621.5)
denovo107 C1020_DQ335392 338 (663.0)
denovo107 C1018_DQ335408 336 (666.5)
denovo107 C1074_DQ335329 336 (657.5)
denovo107 C1030_DQ335353 336 (657.5)
denovo107 C1022_DQ335331 336 (657.5)
denovo107 C1027_DQ335360 332 (672.0)
denovo107 C1072_DQ335344 336 (657.5)
denovo107 C1039_AB190274 334 (660.5)
denovo107 C1033_DQ335350 341 (654.5)
denovo107 C1019_DQ335407 336 (666.5)
denovo107 C1194_EU099826 336 (642.5)
denovo107 C8b_AY258475 337 (635.0)
denovo107 C8_AY239367 339 (647.5)
denovo107 C8a_AY239368 336 (647.0)
denovo107 C54a_AY765406 336 (675.5)
denovo107 C3ff_HM185740 336 (684.5)
denovo107 C59_AY589763 340 (643.0)
denovo107 C3k_AY589737 333 (667.0)
denovo107 C3.24_HE579012 332 (673.5)
denovo107 C3.23_HE579011 333 (667.0)
denovo107 C35.1_AY765401 339 (674.5)
denovo107 C35.3_EF541145 337 (669.0)
denovo107 C76_AY765411 336 (645.5)
denovo107 C1107_DQ335359 335 (641.0)
denovo107 C3.22_HE579010 339 (640.5)
denovo107 C77_AY765412 336 (672.0)
denovo107 C20_AY239371 339 (665.5)
denovo107 C1055_DQ480640 336 (653.5)
denovo107 C27/C30_AY239379 337 (627.0)
denovo107 C27.1_FJ461517 337 (618.0)
denovo107 C40a_AY589747 341 (669.5)
denovo107 C40_AY258485 341 (669.5)
denovo107 C40b_AY589748 342 (660.5)
denovo107 C16_AY258477 339 (666.0)
denovo107 C16a_AY765399 339 (666.0)
denovo107 C1091_AB207186 334 (661.0)
denovo107 C1102_DQ335400 336 (649.0)
denovo107 C1069_DQ335375 336 (667.0)
denovo107 C1073_DQ335332 337 (661.0)
denovo107 C1066_DQ335382 337 (652.0)
denovo107 C1031_DQ335352 336 (676.0)
denovo107 C1026_DQ335366 336 (675.5)
denovo107 C70_AY589774 336 (676.0)
denovo107 C1082_AB190267 336 (658.0)
denovo107 C1078_AB190271 334 (669.5)
denovo107 C1090_AB207191 336 (667.0)
denovo107 C1071_DQ335302 336 (667.0)
denovo107 C1075_DQ335328 336 (667.0)
denovo107 C1068_DQ335379 336 (658.0)
denovo107 C1064_DQ335395 336 (658.0)
denovo107 C1063_DQ335403 333 (667.5)
denovo107 C62_AY589766 336 (667.0)
denovo107 C1077_DQ335316 333 (672.5)
denovo107 C1109_DQ335338 336 (658.0)
denovo107 C1110_DQ335340 336 (649.0)
denovo107 C1106_DQ335339 334 (643.0)
denovo107 C1112_DQ335319 334 (652.0)
denovo107 C1108_DQ335351 334 (643.0)
denovo107 C1105_DQ335394 334 (652.0)
denovo107 C1121_DQ335378 336 (648.5)
denovo107 C1116_AB190268 338 (663.5)
denovo107 C1115_AB190273 336 (657.5)
denovo107 C1124_DQ335323 334 (634.0)
denovo107 C1120_DQ335398 334 (634.0)
denovo107 C1119_DQ335404 335 (645.0)
denovo107 C1123_DQ335363 334 (643.0)
denovo107 C1004_DQ480635 340 (660.0)
denovo107 C1061_AY186568 340 (651.0)
denovo107 C1053_AY186569 340 (660.0)
denovo107 C1003_DQ480639 340 (660.0)
denovo107 C81_GU907657 322 (641.5)
denovo107 C22_AY239373 331 (668.5)
denovo107 C22a_AY239374 334 (659.5)
denovo107 C1232_EU118163 338 (663.0)
denovo107 C21.13_FJ461515 335 (625.0)
denovo107 C21.1_JF683323 334 (630.5)
denovo107 C21.3_JF683325 336 (645.5)
denovo107 C1.20_HE578993 336 (648.5)
denovo107 C1.22_HE578995 336 (639.5)
denovo107 C52_AY589757 336 (661.5)
denovo107 C1201_EU099793 337 (624.5)
denovo107 C14_AY589741 339 (660.0)
denovo107 C43_AY589749 339 (666.0)
denovo107 C50_AY589755 336 (666.5)
denovo107 C3.14_HQ630872 335 (672.0)
denovo107 C1m_AY765398 337 (661.0)
denovo107 C82_GU907658 337 (660.0)
denovo107 C82b_GU907660 337 (660.0)
denovo107 C64_AY589768 333 (666.0)
denovo107 C45a_AY765404 335 (662.0)
denovo107 C48_AY589753 334 (681.0)
denovo107 C1_v1b_FJ919244 337 (650.5)
denovo107 C1_v1a_FJ919243 336 (657.5)
denovo107 C3j_AY239366 336 (675.5)
denovo107 C3t_EF541149 339 (674.5)
denovo107 C9_AF499798 338 (663.5)
denovo107 C23_AY239375 337 (679.0)
denovo107 C37_AY258481 336 (657.5)
denovo107 C1048_DQ068026 339 (656.5)
denovo107 C21.4_JF683326 336 (636.5)
denovo107 C21.5_JF683327 336 (636.5)
denovo107 C1070_DQ335349 336 (675.5)
denovo107 C21.6_HQ630873 336 (654.5)
denovo107 C1224_EU074890 336 (675.5)
denovo107 C1.17_HE578990 336 (675.5)
denovo107 C21_b1_FN827162 338 (633.0)
denovo107 C21.9_JF683330 338 (642.0)
denovo107 C1085_AY624605 333 (658.5)
denovo107 C3p_GU907654 336 (651.5)
denovo107 C3f_AY589734 336 (675.5)
denovo107 C65a_AY589770 336 (675.5)
denovo107 C65_AY589769 336 (675.5)
denovo107 C71_AY589775 336 (666.5)
denovo107 C71a_AY589776 337 (660.5)
denovo107 C1178_AB294647 335 (658.0)
denovo107 C1225_EU074893 335 (681.5)
denovo107 C75_AY765410 335 (673.0)
denovo107 C21.10_JF683331 335 (642.5)
denovo107 C21.11_HQ630874 335 (642.5)
denovo107 C1065_DQ335388 336 (675.5)
denovo107 C1045_DQ068036 336 (684.5)
denovo107 C1h_AY258473 335 (663.0)
denovo107 C38_AY258482 335 (663.0)
denovo107 C1202_EU099799 335 (663.0)
denovo107 C7_AF499797 335 (672.0)
denovo107 C12_AF499801 337 (661.5)
denovo107 C38a_AY258483 334 (665.5)
denovo107 C1200_EU099800 323 (662.5)
denovo107 C44a_AY589751 338 (671.5)
denovo107 C47_AY589752 339 (674.5)
denovo107 C44_AY589750 339 (665.5)
denovo107 C1.15_HE578988 336 (657.5)
denovo107 C45.3_FJ461522 339 (656.5)
denovo107 C46a_AY765405 339 (656.5)
denovo107 C46_EU449108 339 (665.5)
denovo107 C3.12_FJ461507 339 (674.5)
denovo107 C1k_AY589733 339 (656.5)
denovo107 C67_AY686647 339 (665.5)
denovo107 C82a_GU907659 336 (657.5)
denovo107 C10a_AY589739 339 (665.5)
denovo107 C10_AF499799 339 (656.5)
denovo107 C13_AY589740 337 (656.0)
denovo107 C4_AF499794 339 (656.5)
denovo107 C1147_EF656433 339 (656.5)
denovo107 C1c/C45_AY239364 339 (665.5)
denovo107 C1c/C45_EU449103 339 (665.5)
denovo107 C21.19_HE579031 332 (642.0)
denovo107 C21.21_HE579033 332 (633.0)
denovo107 C21.20_HE579032 332 (642.0)
denovo107 C42b_AY765403 340 (660.0)
denovo107 C42_AY258487 340 (669.0)
denovo107 C1p_GU907652 336 (666.5)
denovo107 C1d_AY258488 339 (656.5)
denovo107 C42_AY765402 339 (665.5)
denovo107 C3ha_AY589736 334 (630.5)
denovo107 C63a_AY589767 336 (647.5)
denovo107 C21a_AY589744 336 (645.5)
denovo107 C3o_GU907653 335 (643.0)
denovo107 C21.16_HQ630875 336 (636.5)
denovo107 C21.2_JF683324 336 (636.5)
denovo107 C21.7_JF683328 335 (643.0)
denovo107 C21.8_JF683329 336 (645.5)
denovo107 C3h_AY239365 336 (636.5)
denovo107 C1203_EU099798 336 (636.5)
denovo107 C3.10_FJ461505 336 (684.5)
denovo107 C21.14_FJ461516 336 (654.5)
denovo107 C21.18_HE579030 342 (633.5)
denovo107 C3.17_HE579005 336 (666.5)
denovo107 C3.9_FJ461504 331 (667.0)
denovo107 C3.8_FJ461503 336 (675.5)
denovo107 C3.7_FJ461502 336 (666.5)
denovo107 C3.11_FJ461506 338 (681.5)
denovo107 C3.18_HE579006 336 (666.5)
denovo107 C3.19_HE579007 336 (666.5)
denovo107 C3.20_HE579008 336 (666.5)
denovo107 C3g_AY589735 339 (658.5)
denovo107 C3a_AF499790 334 (678.5)
denovo107 C3e_AF499793 336 (666.5)
denovo107 C6_AF499796 338 (690.0)
denovo107 C11_AF499800 336 (666.5)
denovo107 C36_AY258480 336 (684.5)
denovo107 C29_AY258494 336 (684.5)
denovo107 C1146_EF656434 337 (670.0)
denovo107 C1190_EU099841 336 (684.5)
denovo107 C131_JF320826 336 (666.5)
denovo107 C28_AY239380 339 (677.5)
denovo107 C1012_DQ480604 336 (666.5)
denovo107 C1181_AB294640 336 (651.5)
denovo107 C1180_AB294641 336 (669.5)
denovo107 C1179_AB294645 334 (654.5)
denovo107 C1176_AB294651 334 (663.5)
denovo107 C1175_AB294653 336 (651.5)
denovo107 C1174_AB294655 338 (657.0)
denovo107 C1177_AB294659 336 (660.5)
denovo107 C1040_AB190269 338 (672.0)
denovo107 C1182_AB294649 336 (666.5)
denovo107 C1089_AJ278598 336 (666.5)
denovo107 C1028_DQ335357 338 (681.0)
denovo107 C3.16_EU786015 336 (666.5)
denovo107 C1097_AJ311943 335 (659.5)
denovo107 C1170_AB294661 336 (660.5)
denovo107 C21.17_HE579029 336 (656.5)
denovo107 C21/3d/C3k_AY239372 336 (645.5)
denovo107 C58_AY589762 337 (645.0)
denovo107 C3L_AY589738 334 (674.5)
denovo107 C1169_AB294660 336 (660.5)
denovo107 C3.2_FJ461497 336 (669.5)
denovo107 C3.1_JF683321 333 (670.0)
denovo107 C1104_AF427469 337 (665.5)
denovo107 C3b_AF499791 331 (682.0)
denovo107 C83_GU907661 336 (678.0)
denovo107 C49_AY589754 362 (690.0)
denovo107 C3_AB778606 336 (675.5)
denovo107 C3_AF499789 336 (675.5)
denovo107 C3_HE579001 336 (675.5)
denovo107 C21.12_FJ461514 336 (627.5)
denovo107 C1229_EU074888 333 (653.0)
denovo107 C1230_EU074889 333 (662.0)
denovo107 C1114_AB207196 336 (657.5)
denovo107 C3.21_HE579009 336 (597.5)
denovo107 C1057_DQ480619 336 (657.5)
denovo107 C72_AY765407 333 (675.0)
denovo107 C1b.3_HE578999 336 (651.5)
denovo107 C93_AJ621536 336 (666.5)
denovo107 C94_AJ621539 336 (657.5)
denovo107 C1g_AY589730 336 (675.5)
denovo107 C1i_AY589731 332 (655.5)
denovo107 C1j_AY589732 338 (672.0)
denovo107 C1005_DQ480633 336 (657.5)
denovo107 C1.7_FJ461494 336 (657.5)
denovo107 C1.11_HE578984 336 (658.0)
denovo107 C1.12_HE578985 336 (657.5)
denovo107 C1.13_HE578986 336 (666.5)
denovo107 C1.14_HE578987 336 (666.5)
denovo107 C1.18_HE578991 336 (657.5)
denovo107 C1.19_HE578992 336 (657.5)
denovo107 C1199_EU099802 334 (645.5)
denovo107 C1188_EU099838 334 (660.5)
denovo107 C1002_DQ838544 336 (675.5)
denovo107 C1198_EU099810 336 (657.5)
denovo107 C24_AY239376 336 (657.5)
denovo107 C1f_AY258490 336 (666.5)
denovo107 C1006_DQ480629 336 (675.5)
denovo107 C1010_DQ480607 336 (657.5)
denovo107 C1007_DQ480624 336 (657.5)
denovo107 C1011_DQ480605 336 (657.5)
denovo107 C1009_DQ480608 340 (659.5)
denovo107 C1041_AY186548 336 (666.5)
denovo107 C1052_AY186570 336 (657.5)
denovo107 C1148_EU040178 336 (666.5)
denovo107 C1234_EU118165 337 (656.5)
denovo107 C1.5_EF634157 333 (667.0)
denovo107 C1059_DQ480609 336 (657.5)
denovo107 C1228_EU074883 336 (657.5)
denovo107 C1208_EU074963 336 (657.5)
denovo107 C1207_EU074964 336 (666.5)
denovo107 C1206_EU074965 336 (657.5)
denovo107 C1013_DQ480642 336 (657.5)
denovo107 C80_GU907656 345 (657.5)
denovo107 C1a_AF499788 335 (663.5)
denovo107 C41_AY258486 336 (666.5)
denovo107 C39_AY258484 321 (662.0)
denovo107 C1231_EU074878 336 (657.5)
denovo107 C1b.1_HE578997 336 (651.5)
denovo107 C18_AY258478 336 (666.5)
denovo107 C1.10_HE578983 335 (661.0)
denovo107 C1_JN558041 336 (666.5)
denovo107 C1_HE578979 336 (666.5)
denovo107 C1_AM748551 336 (666.5)
denovo107 C1_AF333515 336 (666.5)
denovo107 C1054_AY186565 335 (670.0)
denovo107 C1008_DQ480613 336 (657.5)
denovo107 C1103_AF427470 337 (656.5)
denovo107 C1226_EU074881 340 (658.5)
denovo107 C1b/C1e_AY239363 336 (660.5)
denovo107 C1044_DQ068038 336 (651.5)
denovo107 C1017_DQ174729 337 (650.5)
denovo107 C1.6_FJ461493 336 (675.5)
denovo107 C1b.2_HE578998 336 (651.5)
denovo107 C1060_DQ480600 336 (657.5)
denovo107 C1227_EU074882 336 (657.5)
denovo107 C1197_EU099814 336 (657.5)
denovo107 C1130_DQ480643 336 (551.0)
denovo107 D109_AB097465 358 (468.0)
denovo107 D1.11_HE579040 358 (477.5)
denovo107 D105_AF174570 357 (474.5)
denovo107 D104_AF174572 358 (468.5)
denovo107 D1.3_JF683337 359 (471.5)
denovo107 D1.10_HE579039 365 (471.0)
denovo107 D110_AF174561 359 (471.5)
denovo107 D117_AF174542 358 (468.5)
denovo107 D114_AF174549 358 (477.5)
denovo107 D113_AF174557 358 (468.5)
denovo107 D112_AF174558 360 (475.0)
denovo107 D106_AF174559 355 (478.0)
denovo107 D111_AF174560 358 (477.0)
denovo107 D115_AF174562 358 (468.5)
denovo107 D107_AF174568 358 (478.0)
denovo107 D116_AF174571 353 (463.0)
denovo107 D124_EU074897 355 (478.0)
denovo107 D1.8_HE579037 360 (475.0)
denovo107 D3_AY686650 358 (477.5)
denovo107 D1.6_HQ630881 358 (468.5)
denovo107 D120_EU074900 358 (468.5)
denovo107 D121_EU074904 353 (472.0)
denovo107 D122_EU074905 358 (468.5)
denovo107 D1a.2_JF683339 361 (470.0)
denovo107 D1a.1_JF683338 355 (478.0)
denovo107 D2_AY686649 591 (546.0)
denovo107 D4_DQ865214 361 (474.5)
denovo107 D1a_AF499802 358 (477.5)
denovo107 D1a_JN558078 358 (477.5)
denovo107 D123_EU074895 359 (480.0)
denovo107 D108_AF174567 354 (483.5)
denovo107 D103_AF174575 358 (477.5)
denovo107 D100_AF411415 358 (477.5)
denovo107 D118_EF656435 352 (486.5)
denovo107 D101_AF411416 358 (462.5)
denovo107 D119_EU099832 358 (480.5)
denovo107 D102_AF174573 358 (481.0)
denovo107 D1_AF334660 358 (477.5)
denovo107 D1_JN558076 358 (477.5)
denovo107 D1.12_HE579041 339 (475.5)
denovo107 D1.1_AM748564 412 (497.0)
denovo107 D1.2_AM748617 443 (506.0)
denovo107 E111_EU074915 344 (457.0)
denovo107 E110_EU074914 368 (466.0)
denovo107 E114_EU074909 368 (448.0)
denovo107 E1_AF334659 369 (456.0)
denovo107 E105_EU074921 368 (466.0)
denovo107 E112_EU074916 368 (448.0)
denovo107 E104_EU074922 368 (457.0)
denovo107 E102_EU074924 368 (448.0)
denovo107 E103_EU074923 368 (457.0)
denovo107 E101_AY160123 369 (438.0)
denovo107 E109_EU074913 353 (457.5)
denovo107 E100_DQ011618 357 (477.0)
denovo107 E108_EU074912 360 (467.5)
denovo107 E113_EU074908 360 (471.0)
denovo107 E107_EU074910 360 (467.5)
denovo107 F1_JN558066 347 (634.0)
denovo107 F5.2d_AJ291530 340 (659.5)
denovo107 F104_AJ291531 340 (659.5)
denovo107 F5.2c_AM748596 346 (651.0)
denovo107 F5.2_AM748594 340 (650.5)
denovo107 F5.2a_AM748614 340 (650.5)
denovo107 F5.2b_AM748595 340 (650.5)
denovo107 F5.2e_AJ291533 341 (627.0)
denovo107 F5.2g_JN558072 340 (659.0)
denovo107 F5.2f_AJ291512 338 (652.5)
denovo107 F102_AJ291534 338 (652.5)
denovo107 F5.1c_AM748593 356 (679.5)
denovo107 F5.1d_JN558069 342 (637.0)
denovo107 F5.1b_AJ291535 338 (663.0)
denovo107 F5.1_AM748592 340 (659.5)
denovo107 F5.1a_AM748591 338 (663.0)
denovo107 F110_AJ291526 325 (714.5)
denovo107 F4.7_AM748587 327 (697.0)
denovo107 F4.5_AM748585 331 (694.5)
denovo107 F4.4a_AM748583 322 (715.0)
denovo107 F4.4_AM748582 327 (717.5)
denovo107 F4.4b_AM748584 320 (734.0)
denovo107 F4.1a_AM748573 329 (679.0)
denovo107 F112_AJ291528 326 (673.0)
denovo107 F4.1_AM748572 326 (673.0)
denovo107 F4.8b_AM748590 328 (713.5)
denovo107 F4.8_AM748588 319 (714.0)
denovo107 F4.8a_AM748589 319 (714.0)
denovo107 F109_AJ291527 325 (718.5)
denovo107 F4.6_AM748586 326 (672.5)
denovo107 F111_AJ311949 319 (711.0)
denovo107 F4.3c_AM748581 320 (714.0)
denovo107 F4.3a_AM748579 319 (721.0)
denovo107 F4.3b_AM748580 320 (723.0)
denovo107 F4.3_AM748578 320 (714.0)
denovo107 F4.2_AM748574 326 (726.5)
denovo107 F4.2a_AM748575 326 (712.0)
denovo107 F4.2c_AM748577 326 (708.5)
denovo107 F4.2b_AM748576 326 (712.0)
denovo107 F2b_AJ291521 339 (681.0)
denovo107 F2_AJ830908 333 (700.0)
denovo107 F2a_AJ830911 333 (695.5)
denovo107 F3.1a_AM748566 346 (659.5)
denovo107 F114_AJ291525 346 (677.5)
denovo107 F3.1_AM748565 346 (677.5)
denovo107 F3.2_AM748567 345 (710.0)
denovo107 F3.2a_AM748568 348 (711.5)
denovo107 F3.3_AM748569 344 (695.0)
denovo107 F3.4a_AM748571 334 (638.0)
denovo107 F3.4_AM748570 338 (640.5)
denovo107 F3.4b_AM748616 338 (640.5)
denovo107 G101_AJ291539 362 (505.0)
denovo107 G1_AM748597 362 (505.0)
denovo107 G2b_JN558087 362 (507.0)
denovo107 G2_AM748598 363 (501.0)
denovo107 G2a_AM748599 363 (492.0)
denovo107 G4_AM748601 359 (550.5)
denovo107 G3.4_LK392378 359 (504.0)
denovo107 G3_AM748600 358 (528.5)
denovo107 G3.2_KC597694 354 (460.0)
denovo107 G3.1_KC597688 356 (531.0)
denovo107 G100_AB253788 362 (504.0)
denovo107 G3.3_LK392377 356 (521.5)
denovo107 H6_AJ291520 638 (308.0)
denovo107 H3_AM748606 331 (515.0)
denovo107 H2_AM748605 352 (538.5)
denovo107 H4_AM748607 335 (529.0)
denovo107 H4a_AM748608 345 (527.5)
denovo107 H5a_AM748611 343 (508.0)
denovo107 H5b_AM748610 346 (506.5)
denovo107 H5_AJ621129 343 (508.0)
denovo107 H5_AM748609 343 (508.0)
denovo107 H100_AJ291513 343 (497.0)
denovo107 H1b_AM748604 343 (492.0)
denovo107 H1a_AM748612 356 (501.5)
denovo107 H1_AJ621152 343 (501.0)
denovo107 H1_AM748602 343 (501.0)
denovo107 I3_FN561561 340 (705.5)
denovo107 I4_FN561562 340 (705.5)
denovo107 I1_FN561559 339 (702.0)
denovo107 I2_FN561560 342 (701.5)

#---------------------------------------
#---------------------------------------
