denovo65 A136_DQ865210 341 (472.5)
denovo65 A133_DQ174725 348 (461.5)
denovo65 A115_AF180123 342 (495.0)
denovo65 A117_AF201746 338 (492.0)
denovo65 A134_DQ174723 343 (498.0)
denovo65 A114_AF184941 343 (498.0)
denovo65 A135_DQ174727 342 (495.5)
denovo65 A2_AF333506 343 (477.0)
denovo65 A101_AF427468 342 (486.5)
denovo65 A2_1_JN558097 342 (486.5)
denovo65 A2_2_JN558100 342 (486.5)
denovo65 A113_AF184948 343 (491.5)
denovo65 A112_AF184949 347 (496.0)
denovo65 A123_EF378618 351 (312.0)
denovo65 A137_EF378621 333 (352.5)
denovo65 A11_EU449041 342 (480.0)
denovo65 A121_DQ174722 329 (506.5)
denovo65 A15b_EU792886 332 (454.5)
denovo65 A15a_EU792885 331 (470.0)
denovo65 A15c_EU792887 332 (463.5)
denovo65 A15_EU792884 332 (463.5)
denovo65 A147_EU074937 334 (469.0)
denovo65 A154_EU074860 333 (466.0)
denovo65 A146_EU074936 333 (475.0)
denovo65 A150_EU074928 331 (487.0)
denovo65 A116_AF183575 333 (475.0)
denovo65 A141_EU074931 333 (484.0)
denovo65 A5_AF333508 332 (495.5)
denovo65 A3b_EU449043 331 (487.0)
denovo65 A151_EU074925 333 (484.5)
denovo65 A152_EU074927 333 (484.0)
denovo65 A149_EU074929 333 (484.0)
denovo65 A140_EU074930 333 (475.0)
denovo65 A142_EU074932 333 (475.0)
denovo65 A143_EU074933 333 (484.0)
denovo65 A144_EU074934 333 (475.0)
denovo65 A145_EU074935 333 (484.0)
denovo65 A148_EU074938 333 (475.0)
denovo65 A155_EU074856 333 (475.5)
denovo65 A156_EU074859 333 (475.0)
denovo65 A139_EU074962 333 (484.0)
denovo65 A6_AF186058 333 (484.0)
denovo65 A3_AF333507 333 (484.0)
denovo65 A3_JN558091 333 (484.0)
denovo65 A8_AY258468 333 (476.0)
denovo65 A7_AY239360 333 (476.0)
denovo65 A16_EU792888 333 (485.0)
denovo65 A4.3_FN429763 338 (486.0)
denovo65 A120_AF180122 344 (469.0)
denovo65 A4.2_FN429761 336 (486.0)
denovo65 A4_AF333509 336 (505.0)
denovo65 A4.1_FN429760 335 (500.0)
denovo65 A4a_AF499778 336 (504.5)
denovo65 A4a.1_FN429762 336 (504.5)
denovo65 A138_EF378620 335 (467.5)
denovo65 A122_EF378619 335 (498.0)
denovo65 A126_EF378615 334 (499.0)
denovo65 A10_EU792882 334 (499.0)
denovo65 A9_EU449028 336 (487.5)
denovo65 A105_AB207202 331 (490.5)
denovo65 A119_AF180121 346 (475.5)
denovo65 A12_EU792883 348 (479.5)
denovo65 A104_AB207203 347 (494.5)
denovo65 A1a_EU449030 335 (493.5)
denovo65 A1.3_HE578976 332 (493.5)
denovo65 A1.4_HE578977 332 (503.0)
denovo65 A13_AF333504 348 (488.5)
denovo65 A13_JN558094 348 (488.5)
denovo65 A110_AB190282 331 (500.0)
denovo65 A103_AB207206 331 (499.5)
denovo65 A130_EF656428 332 (485.0)
denovo65 A127_EF656429 332 (503.0)
denovo65 A128_EF656430 332 (485.0)
denovo65 A129_EF656431 330 (489.0)
denovo65 A131_EF656432 332 (494.0)
denovo65 A118_AF180120 339 (473.0)
denovo65 A1_AF333505 332 (494.0)
denovo65 A107_AB207199 333 (496.5)
denovo65 A111_AB190280 332 (494.0)
denovo65 A108_AB207197 333 (481.5)
denovo65 A106_AB207200 338 (502.5)
denovo65 A102_AB207209 333 (496.5)
denovo65 A1.2_AB207210 333 (496.5)
denovo65 A109_AB190285 332 (503.5)
denovo65 B4_AF333510 365 (566.5)
denovo65 B23_EU449079 361 (519.0)
denovo65 B30_GU907644 361 (510.0)
denovo65 B11_AY239361 351 (540.5)
denovo65 B17_AY258470 355 (523.5)
denovo65 B1k_GU907638 324 (275.0)
denovo65 B1.V_Green2014 357 (531.0)
denovo65 B1b_AF499780 359 (513.0)
denovo65 B16_AY258469 355 (523.0)
denovo65 B31a_GU907646 357 (523.0)
denovo65 B32_GU907647 355 (523.0)
denovo65 B31_GU907645 355 (532.0)
denovo65 B1j_GU907637 360 (540.0)
denovo65 B37_GU907650 362 (539.0)
denovo65 B5a_AF499782 355 (523.0)
denovo65 B5_AF499781 355 (532.0)
denovo65 B24_GU907643 355 (417.5)
denovo65 B117_AF180124 353 (528.5)
denovo65 B10_AF499787 355 (532.0)
denovo65 B20_GU907642 361 (529.0)
denovo65 B1m_GU907640 355 (532.0)
denovo65 B34_GU907649 355 (532.0)
denovo65 B1d_GU907633 357 (529.0)
denovo65 B1e_GU907634 353 (534.5)
denovo65 B1i_GU907636 355 (532.0)
denovo65 B1g_GU907635 356 (513.0)
denovo65 B123_EU074872 356 (535.5)
denovo65 B8_AF499785 352 (528.0)
denovo65 B1l_GU907639 355 (523.0)
denovo65 B1a_AF499779 354 (528.0)
denovo65 B14_AY239362 356 (513.0)
denovo65 B125_EU074865 364 (535.0)
denovo65 B122_EU074871 355 (532.0)
denovo65 B124_EU074874 355 (523.0)
denovo65 B1.VII_Green2014 355 (470.5)
denovo65 B1.III_Green2014 350 (538.5)
denovo65 B1.I_Green2014 355 (532.0)
denovo65 B1.II_Green2014 355 (532.0)
denovo65 B1_JN558057 355 (532.0)
denovo65 B1_AF333511 355 (532.0)
denovo65 B1.IV_Green2014 365 (527.0)
denovo65 B121_EU074870 355 (532.0)
denovo65 B7_AF499784 355 (532.0)
denovo65 B1.VI_Green2014 347 (536.0)
denovo65 B3_AF333514 357 (528.0)
denovo65 B9_AF499786 355 (521.5)
denovo65 B19a_JN558055 348 (510.0)
denovo65 B119_EU099825 362 (515.5)
denovo65 B21_DQ865213 355 (526.5)
denovo65 B38_GU907651 355 (526.5)
denovo65 B18_AY258471 359 (515.5)
denovo65 B18a_AY258472 359 (515.5)
denovo65 B33_GU907648 351 (537.5)
denovo65 B6_AF499783 362 (534.0)
denovo65 B19_DQ865212 358 (530.5)
denovo65 B19_GU907641 358 (530.5)
denovo65 B2_AF333512 357 (537.0)
denovo65 B2_JN558060 357 (537.0)
denovo65 C33.1_AY258498 339 (526.5)
denovo65 C33.2_AY765400 339 (526.5)
denovo65 C33a_EF541147 339 (526.5)
denovo65 C34_AY258499 351 (528.0)
denovo65 C78_AY765413 342 (536.5)
denovo65 C15.29_KC597690 338 (530.0)
denovo65 C1131_DQ182650 338 (505.0)
denovo65 C1135_DQ182646 338 (505.0)
denovo65 C1134_DQ182647 340 (493.0)
denovo65 C1142_DQ182635 338 (496.0)
denovo65 C1136_DQ182644 337 (507.0)
denovo65 C1111_DQ182645 336 (506.5)
denovo65 C1236_EF473656 337 (491.5)
denovo65 C1138_DQ182642 336 (497.5)
denovo65 C1137_DQ182643 337 (500.0)
denovo65 C1133_DQ182648 336 (507.0)
denovo65 C1132_DQ182649 337 (491.5)
denovo65 C1143_DQ182634 337 (500.5)
denovo65 C1139_DQ182639 339 (507.5)
denovo65 C15.28_KC597687 339 (562.5)
denovo65 C1141_DQ182636 338 (513.5)
denovo65 C1144_DQ182637 339 (516.5)
denovo65 C1122_DQ182654 345 (517.5)
denovo65 C1127_DQ182652 339 (516.5)
denovo65 C15.30_JX394114 338 (550.5)
denovo65 C15.26_KC597686 345 (556.0)
denovo65 C1086_DQ182656 342 (547.0)
denovo65 C15.25_KC597685 339 (555.0)
denovo65 C1118_AF180127 332 (540.0)
denovo65 C1129_DQ182651 338 (505.0)
denovo65 C15.21_KC597683 339 (545.0)
denovo65 C56_AY589760 337 (548.0)
denovo65 C1140_DQ182638 338 (514.0)
denovo65 C1126_DQ182653 344 (505.0)
denovo65 C15c_AY258492 338 (569.0)
denovo65 C15d_AY258493 343 (566.0)
denovo65 C1098_DQ182641 338 (549.0)
denovo65 C15.27_KC597689 338 (551.0)
denovo65 C15.18_HE579024 337 (565.0)
denovo65 C15.16_HE579022 338 (560.0)
denovo65 C1101_AB253787 338 (542.0)
denovo65 C1083_AY237300 342 (554.5)
denovo65 C1088_DQ182640 337 (566.0)
denovo65 C15.6_FN563472 338 (551.0)
denovo65 C15.5_FJ461512 339 (553.5)
denovo65 C15.4_FJ461511 340 (547.5)
denovo65 C15.13_HE579019 338 (542.0)
denovo65 C15.12_HE579018 338 (551.0)
denovo65 C93a_AM748563 340 (566.0)
denovo65 C1094_AJ291514 340 (555.0)
denovo65 C93_AM748562 340 (564.0)
denovo65 C15.17_HE579023 337 (560.5)
denovo65 C15e_AY589742 339 (556.5)
denovo65 C15.22_KC597695 338 (551.0)
denovo65 C60_AY589764 337 (557.0)
denovo65 C15.1_FJ461508 337 (566.0)
denovo65 C15.2_FJ461509 338 (551.0)
denovo65 C15.9_FN563475 338 (559.5)
denovo65 C15.7_HE579015 343 (556.5)
denovo65 C15.8_HE579016 338 (569.0)
denovo65 C15.15_HE579021 338 (551.0)
denovo65 C15.19_HE579025 338 (560.0)
denovo65 C15.24_KC597696 338 (551.0)
denovo65 C15.3_FJ461510 340 (547.5)
denovo65 C1087_DQ182655 338 (560.5)
denovo65 C15.14_HE579020 339 (568.0)
denovo65 C15.23_KC597697 339 (568.0)
denovo65 C19_AY258479 337 (560.5)
denovo65 C1233_EU118166 338 (551.0)
denovo65 C15b_AY258491 338 (551.0)
denovo65 C15a_AY258476 340 (556.5)
denovo65 C1051_AF195153 338 (569.0)
denovo65 C2_AF333518 337 (570.5)
denovo65 C15.20_HE579026 339 (559.0)
denovo65 C15f_AY589743 339 (559.5)
denovo65 C55_AY589759 340 (560.5)
denovo65 C15_AY239369 338 (560.0)
denovo65 C32.1_JF683335 333 (553.0)
denovo65 C32.2_JF683336 333 (544.0)
denovo65 C21.23_KC597693 333 (544.0)
denovo65 C1193_EU099827 347 (565.5)
denovo65 C1195_EU099821 362 (542.5)
denovo65 C3q_GU907655 354 (557.0)
denovo65 C53_AY589758 346 (547.5)
denovo65 C73_AY765408 344 (561.0)
denovo65 C17.2.1_KC597684 337 (526.0)
denovo65 C32_AY258497 344 (558.5)
denovo65 C1189_EU099831 334 (553.0)
denovo65 C1191_EU099833 334 (562.0)
denovo65 C1196_EU099819 344 (542.5)
denovo65 C1192_EU099820 344 (542.5)
denovo65 C17.1_JF683322 333 (551.0)
denovo65 C26_b2_FN827164 335 (553.5)
denovo65 C26_b3_FN827165 335 (535.5)
denovo65 C31.9_HQ630879 337 (544.0)
denovo65 C31a_AY589746 341 (543.5)
denovo65 C30_AY589745 341 (552.5)
denovo65 C31.1_HQ630876 343 (549.5)
denovo65 C31.5_HQ630877 341 (552.5)
denovo65 C31.6_HQ630878 341 (552.5)
denovo65 C31.2_JF683332 346 (550.5)
denovo65 C31.3_JF683333 342 (555.0)
denovo65 C26/C35a_AY239378 335 (544.5)
denovo65 C35a_AY258501 335 (544.5)
denovo65 C35.2_AY258500 335 (553.5)
denovo65 C26_b1_FN827163 335 (553.5)
denovo65 C17_AY239370 333 (551.0)
denovo65 C17.2_FJ461513 335 (550.0)
denovo65 C31.10_HQ630880 337 (553.0)
denovo65 C31.4_JF683334 345 (541.0)
denovo65 C31_AY258496 341 (552.5)
denovo65 C25_AY239377 356 (545.0)
denovo65 C61_AY589765 331 (534.0)
denovo65 C1043_DQ072721 338 (534.5)
denovo65 C79_AY765414 340 (556.0)
denovo65 C69_AY589773 333 (564.0)
denovo65 C69a_AY686648 333 (555.0)
denovo65 C21.22_KC597692 330 (552.0)
denovo65 C51_AY589756 351 (538.5)
denovo65 C1aa_HM185739 352 (559.5)
denovo65 C1096_DQ068023 342 (523.5)
denovo65 C74_AY765409 342 (569.5)
denovo65 C1185_AB294629 342 (578.5)
denovo65 C1184_AB294630 342 (587.5)
denovo65 C1153_AB294625 344 (584.0)
denovo65 C1154_AB294626 338 (592.5)
denovo65 C1187_AB294627 342 (578.5)
denovo65 C1186_AB294628 342 (596.5)
denovo65 C57_AY589761 342 (587.5)
denovo65 C66_AY589771 342 (587.5)
denovo65 C5_AF499795 340 (556.0)
denovo65 C1167_AB294586 339 (580.5)
denovo65 C1164_AB294593 338 (569.0)
denovo65 C1183_AB294631 351 (557.0)
denovo65 C1067_DQ335381 340 (547.5)
denovo65 C1159_AB294613 339 (577.0)
denovo65 C1150_AB294622 339 (577.0)
denovo65 C90_AM748554 343 (567.5)
denovo65 C1168_AB294583 341 (560.0)
denovo65 C1156_AB294616 343 (566.0)
denovo65 C1151_AB294621 340 (574.5)
denovo65 C92a_AM748561 341 (560.0)
denovo65 C92_AM748560 341 (569.0)
denovo65 C1165_AB294581 337 (566.0)
denovo65 C1166_AB294584 338 (560.0)
denovo65 C1162_AB294594 351 (566.0)
denovo65 C1163_AB294596 337 (566.0)
denovo65 C1161_AB294606 338 (569.0)
denovo65 C1160_AB294608 336 (572.5)
denovo65 C1158_AB294614 346 (565.5)
denovo65 C1155_AB294617 338 (560.0)
denovo65 C1149_AB294620 339 (571.5)
denovo65 C1173_AB294662 338 (578.0)
denovo65 C1171_AB294663 338 (560.0)
denovo65 C1172_AB294665 338 (569.0)
denovo65 C91a_AM748556 338 (569.0)
denovo65 C91b_AM748557 338 (578.0)
denovo65 C91d_AM748559 338 (569.5)
denovo65 C91c_AM748558 338 (569.0)
denovo65 C91_AJ621543 338 (569.0)
denovo65 C91_AM748555 338 (569.0)
denovo65 C1023_DQ335330 326 (523.5)
denovo65 C1020_DQ335392 342 (552.5)
denovo65 C1018_DQ335408 345 (554.5)
denovo65 C1074_DQ335329 340 (547.5)
denovo65 C1030_DQ335353 340 (547.5)
denovo65 C1022_DQ335331 340 (547.5)
denovo65 C1027_DQ335360 340 (556.5)
denovo65 C1072_DQ335344 340 (547.5)
denovo65 C1039_AB190274 341 (550.5)
denovo65 C1033_DQ335350 340 (557.0)
denovo65 C1019_DQ335407 340 (556.5)
denovo65 C1194_EU099826 338 (545.0)
denovo65 C8b_AY258475 351 (549.0)
denovo65 C8_AY239367 352 (558.0)
denovo65 C8a_AY239368 352 (549.0)
denovo65 C54a_AY765406 338 (551.5)
denovo65 C3ff_HM185740 338 (560.5)
denovo65 C59_AY589763 348 (564.0)
denovo65 C3k_AY589737 339 (553.5)
denovo65 C3.24_HE579012 337 (566.0)
denovo65 C3.23_HE579011 337 (557.0)
denovo65 C35.1_AY765401 352 (567.0)
denovo65 C35.3_EF541145 352 (567.0)
denovo65 C76_AY765411 338 (576.5)
denovo65 C1107_DQ335359 342 (539.5)
denovo65 C3.22_HE579010 341 (552.5)
denovo65 C77_AY765412 347 (556.0)
denovo65 C20_AY239371 340 (565.5)
denovo65 C1055_DQ480640 337 (553.0)
denovo65 C27/C30_AY239379 338 (545.5)
denovo65 C27.1_FJ461517 338 (536.5)
denovo65 C40a_AY589747 352 (576.0)
denovo65 C40_AY258485 351 (574.5)
denovo65 C40b_AY589748 352 (573.5)
denovo65 C16_AY258477 348 (562.5)
denovo65 C16a_AY765399 348 (553.5)
denovo65 C1091_AB207186 343 (547.5)
denovo65 C1102_DQ335400 342 (535.5)
denovo65 C1069_DQ335375 342 (571.5)
denovo65 C1073_DQ335332 342 (553.5)
denovo65 C1066_DQ335382 347 (559.5)
denovo65 C1031_DQ335352 342 (562.5)
denovo65 C1026_DQ335366 340 (565.5)
denovo65 C70_AY589774 342 (562.5)
denovo65 C1082_AB190267 347 (560.5)
denovo65 C1078_AB190271 351 (547.0)
denovo65 C1090_AB207191 342 (553.5)
denovo65 C1071_DQ335302 347 (551.5)
denovo65 C1075_DQ335328 342 (553.5)
denovo65 C1068_DQ335379 342 (544.5)
denovo65 C1064_DQ335395 342 (553.5)
denovo65 C1063_DQ335403 342 (553.5)
denovo65 C62_AY589766 342 (553.5)
denovo65 C1077_DQ335316 343 (553.0)
denovo65 C1109_DQ335338 342 (553.5)
denovo65 C1110_DQ335340 334 (548.5)
denovo65 C1106_DQ335339 343 (547.5)
denovo65 C1112_DQ335319 343 (547.5)
denovo65 C1108_DQ335351 343 (538.5)
denovo65 C1105_DQ335394 343 (547.5)
denovo65 C1121_DQ335378 343 (538.5)
denovo65 C1116_AB190268 342 (544.5)
denovo65 C1115_AB190273 343 (538.5)
denovo65 C1124_DQ335323 343 (545.0)
denovo65 C1120_DQ335398 351 (546.0)
denovo65 C1119_DQ335404 354 (546.0)
denovo65 C1123_DQ335363 343 (538.5)
denovo65 C1004_DQ480635 344 (560.0)
denovo65 C1061_AY186568 344 (550.5)
denovo65 C1053_AY186569 344 (550.5)
denovo65 C1003_DQ480639 344 (559.5)
denovo65 C81_GU907657 337 (548.5)
denovo65 C22_AY239373 341 (541.5)
denovo65 C22a_AY239374 351 (547.0)
denovo65 C1232_EU118163 344 (560.5)
denovo65 C21.13_FJ461515 332 (538.5)
denovo65 C21.1_JF683323 338 (540.0)
denovo65 C21.3_JF683325 346 (556.0)
denovo65 C1.20_HE578993 345 (571.0)
denovo65 C1.22_HE578995 346 (564.0)
denovo65 C52_AY589757 341 (545.5)
denovo65 C1201_EU099793 341 (528.0)
denovo65 C14_AY589741 339 (566.0)
denovo65 C43_AY589749 339 (571.5)
denovo65 C50_AY589755 340 (547.5)
denovo65 C3.14_HQ630872 345 (553.0)
denovo65 C1m_AY765398 342 (553.5)
denovo65 C82_GU907658 340 (566.0)
denovo65 C82b_GU907660 340 (566.0)
denovo65 C64_AY589768 343 (576.0)
denovo65 C45a_AY765404 351 (573.5)
denovo65 C48_AY589753 342 (573.5)
denovo65 C1_v1b_FJ919244 343 (566.5)
denovo65 C1_v1a_FJ919243 343 (557.5)
denovo65 C3j_AY239366 340 (547.5)
denovo65 C3t_EF541149 337 (575.0)
denovo65 C9_AF499798 344 (568.0)
denovo65 C23_AY239375 337 (566.5)
denovo65 C37_AY258481 340 (556.0)
denovo65 C1048_DQ068026 340 (565.5)
denovo65 C21.4_JF683326 331 (554.5)
denovo65 C21.5_JF683327 333 (551.0)
denovo65 C1070_DQ335349 340 (574.5)
denovo65 C21.6_HQ630873 333 (569.0)
denovo65 C1224_EU074890 340 (565.5)
denovo65 C1.17_HE578990 340 (565.5)
denovo65 C21_b1_FN827162 334 (545.5)
denovo65 C21.9_JF683330 334 (554.5)
denovo65 C1085_AY624605 339 (562.5)
denovo65 C3p_GU907654 352 (561.0)
denovo65 C3f_AY589734 352 (567.0)
denovo65 C65a_AY589770 338 (560.0)
denovo65 C65_AY589769 338 (569.0)
denovo65 C71_AY589775 338 (560.0)
denovo65 C71a_AY589776 338 (551.0)
denovo65 C1178_AB294647 340 (551.0)
denovo65 C1225_EU074893 351 (554.5)
denovo65 C75_AY765410 339 (561.5)
denovo65 C21.10_JF683331 332 (557.5)
denovo65 C21.11_HQ630874 332 (557.5)
denovo65 C1065_DQ335388 340 (565.0)
denovo65 C1045_DQ068036 340 (574.0)
denovo65 C1h_AY258473 339 (571.5)
denovo65 C38_AY258482 339 (562.5)
denovo65 C1202_EU099799 339 (562.5)
denovo65 C7_AF499797 339 (571.5)
denovo65 C12_AF499801 341 (561.0)
denovo65 C38a_AY258483 352 (572.5)
denovo65 C1200_EU099800 342 (563.0)
denovo65 C44a_AY589751 340 (567.0)
denovo65 C47_AY589752 340 (576.0)
denovo65 C44_AY589750 340 (576.0)
denovo65 C1.15_HE578988 339 (571.5)
denovo65 C45.3_FJ461522 339 (580.5)
denovo65 C46a_AY765405 341 (577.0)
denovo65 C46_EU449108 341 (577.0)
denovo65 C3.12_FJ461507 340 (574.5)
denovo65 C1k_AY589733 340 (574.5)
denovo65 C67_AY686647 340 (565.5)
denovo65 C82a_GU907659 340 (566.0)
denovo65 C10a_AY589739 341 (568.0)
denovo65 C10_AF499799 341 (568.0)
denovo65 C13_AY589740 347 (573.5)
denovo65 C4_AF499794 340 (583.5)
denovo65 C1147_EF656433 340 (574.5)
denovo65 C1c/C45_AY239364 340 (574.5)
denovo65 C1c/C45_EU449103 340 (574.5)
denovo65 C21.19_HE579031 333 (551.0)
denovo65 C21.21_HE579033 338 (549.0)
denovo65 C21.20_HE579032 338 (558.0)
denovo65 C42b_AY765403 340 (557.0)
denovo65 C42_AY258487 340 (566.0)
denovo65 C1p_GU907652 340 (556.5)
denovo65 C1d_AY258488 343 (558.0)
denovo65 C42_AY765402 340 (565.5)
denovo65 C3ha_AY589736 345 (553.5)
denovo65 C63a_AY589767 343 (556.0)
denovo65 C21a_AY589744 333 (551.0)
denovo65 C3o_GU907653 334 (554.5)
denovo65 C21.16_HQ630875 333 (569.0)
denovo65 C21.2_JF683324 344 (551.5)
denovo65 C21.7_JF683328 333 (560.5)
denovo65 C21.8_JF683329 333 (560.0)
denovo65 C3h_AY239365 333 (560.0)
denovo65 C1203_EU099798 333 (551.0)
denovo65 C3.10_FJ461505 340 (556.5)
denovo65 C21.14_FJ461516 333 (551.0)
denovo65 C21.18_HE579030 337 (551.0)
denovo65 C3.17_HE579005 340 (556.5)
denovo65 C3.9_FJ461504 343 (564.5)
denovo65 C3.8_FJ461503 344 (570.0)
denovo65 C3.7_FJ461502 340 (556.5)
denovo65 C3.11_FJ461506 340 (556.5)
denovo65 C3.18_HE579006 340 (556.5)
denovo65 C3.19_HE579007 339 (562.0)
denovo65 C3.20_HE579008 340 (556.5)
denovo65 C3g_AY589735 338 (561.0)
denovo65 C3a_AF499790 340 (556.5)
denovo65 C3e_AF499793 340 (556.5)
denovo65 C6_AF499796 340 (565.5)
denovo65 C11_AF499800 345 (563.5)
denovo65 C36_AY258480 340 (556.5)
denovo65 C29_AY258494 340 (574.5)
denovo65 C1146_EF656434 339 (562.5)
denovo65 C1190_EU099841 340 (556.5)
denovo65 C131_JF320826 340 (556.5)
denovo65 C28_AY239380 341 (579.0)
denovo65 C1012_DQ480604 339 (562.5)
denovo65 C1181_AB294640 340 (542.0)
denovo65 C1180_AB294641 340 (542.0)
denovo65 C1179_AB294645 340 (560.0)
denovo65 C1176_AB294651 352 (543.0)
denovo65 C1175_AB294653 339 (548.0)
denovo65 C1174_AB294655 351 (542.5)
denovo65 C1177_AB294659 342 (548.5)
denovo65 C1040_AB190269 338 (560.5)
denovo65 C1182_AB294649 340 (556.5)
denovo65 C1089_AJ278598 340 (556.5)
denovo65 C1028_DQ335357 340 (565.5)
denovo65 C3.16_EU786015 340 (574.5)
denovo65 C1097_AJ311943 339 (559.0)
denovo65 C1170_AB294661 339 (557.0)
denovo65 C21.17_HE579029 335 (559.0)
denovo65 C21/3d/C3k_AY239372 333 (560.0)
denovo65 C58_AY589762 334 (559.5)
denovo65 C3L_AY589738 346 (563.0)
denovo65 C1169_AB294660 340 (551.0)
denovo65 C3.2_FJ461497 339 (566.0)
denovo65 C3.1_JF683321 345 (566.5)
denovo65 C1104_AF427469 341 (555.5)
denovo65 C3b_AF499791 339 (566.0)
denovo65 C83_GU907661 341 (570.5)
denovo65 C49_AY589754 374 (577.5)
denovo65 C3_AB778606 340 (565.5)
denovo65 C3_AF499789 340 (565.5)
denovo65 C3_HE579001 340 (565.5)
denovo65 C21.12_FJ461514 333 (542.0)
denovo65 C1229_EU074888 338 (555.5)
denovo65 C1230_EU074889 338 (564.5)
denovo65 C1114_AB207196 340 (547.5)
denovo65 C3.21_HE579009 351 (470.5)
denovo65 C1057_DQ480619 340 (556.5)
denovo65 C72_AY765407 353 (543.5)
denovo65 C1b.3_HE578999 339 (557.0)
denovo65 C93_AJ621536 340 (556.5)
denovo65 C94_AJ621539 340 (556.5)
denovo65 C1g_AY589730 340 (556.5)
denovo65 C1i_AY589731 338 (560.5)
denovo65 C1j_AY589732 340 (565.5)
denovo65 C1005_DQ480633 339 (572.0)
denovo65 C1.7_FJ461494 339 (562.5)
denovo65 C1.11_HE578984 340 (556.5)
denovo65 C1.12_HE578985 339 (571.5)
denovo65 C1.13_HE578986 348 (562.5)
denovo65 C1.14_HE578987 340 (574.5)
denovo65 C1.18_HE578991 340 (556.5)
denovo65 C1.19_HE578992 340 (574.5)
denovo65 C1199_EU099802 343 (560.0)
denovo65 C1188_EU099838 343 (575.0)
denovo65 C1002_DQ838544 345 (572.5)
denovo65 C1198_EU099810 340 (574.5)
denovo65 C24_AY239376 340 (565.5)
denovo65 C1f_AY258490 340 (565.5)
denovo65 C1006_DQ480629 340 (556.5)
denovo65 C1010_DQ480607 334 (566.5)
denovo65 C1007_DQ480624 341 (550.5)
denovo65 C1011_DQ480605 340 (556.5)
denovo65 C1009_DQ480608 349 (558.0)
denovo65 C1041_AY186548 340 (574.5)
denovo65 C1052_AY186570 340 (556.5)
denovo65 C1148_EU040178 340 (567.0)
denovo65 C1234_EU118165 341 (557.0)
denovo65 C1.5_EF634157 342 (562.5)
denovo65 C1059_DQ480609 340 (556.5)
denovo65 C1228_EU074883 341 (560.0)
denovo65 C1208_EU074963 338 (559.5)
denovo65 C1207_EU074964 340 (574.5)
denovo65 C1206_EU074965 340 (556.5)
denovo65 C1013_DQ480642 340 (556.5)
denovo65 C80_GU907656 344 (569.0)
denovo65 C1a_AF499788 338 (569.0)
denovo65 C41_AY258486 340 (574.5)
denovo65 C39_AY258484 332 (557.0)
denovo65 C1231_EU074878 340 (556.5)
denovo65 C1b.1_HE578997 339 (557.0)
denovo65 C18_AY258478 340 (565.5)
denovo65 C1.10_HE578983 345 (561.5)
denovo65 C1_JN558041 340 (565.5)
denovo65 C1_HE578979 340 (565.5)
denovo65 C1_AM748551 340 (565.5)
denovo65 C1_AF333515 340 (565.5)
denovo65 C1054_AY186565 341 (565.0)
denovo65 C1008_DQ480613 341 (559.5)
denovo65 C1103_AF427470 341 (555.5)
denovo65 C1226_EU074881 341 (555.5)
denovo65 C1b/C1e_AY239363 339 (566.0)
denovo65 C1044_DQ068038 340 (550.5)
denovo65 C1017_DQ174729 343 (557.5)
denovo65 C1.6_FJ461493 340 (574.5)
denovo65 C1b.2_HE578998 339 (557.0)
denovo65 C1060_DQ480600 340 (556.5)
denovo65 C1227_EU074882 340 (565.5)
denovo65 C1197_EU099814 340 (556.5)
denovo65 C1130_DQ480643 340 (460.0)
denovo65 D109_AB097465 352 (582.0)
denovo65 D1.11_HE579040 349 (593.0)
denovo65 D105_AF174570 344 (604.5)
denovo65 D104_AF174572 349 (592.0)
denovo65 D1.3_JF683337 351 (598.5)
denovo65 D1.10_HE579039 351 (589.5)
denovo65 D110_AF174561 351 (589.5)
denovo65 D117_AF174542 351 (589.5)
denovo65 D114_AF174549 351 (607.5)
denovo65 D113_AF174557 351 (598.5)
denovo65 D112_AF174558 351 (590.0)
denovo65 D106_AF174559 354 (599.0)
denovo65 D111_AF174560 346 (601.5)
denovo65 D115_AF174562 351 (598.5)
denovo65 D107_AF174568 344 (595.5)
denovo65 D116_AF174571 351 (589.5)
denovo65 D124_EU074897 351 (589.5)
denovo65 D1.8_HE579037 351 (598.5)
denovo65 D3_AY686650 351 (598.5)
denovo65 D1.6_HQ630881 351 (589.5)
denovo65 D120_EU074900 351 (589.5)
denovo65 D121_EU074904 351 (598.5)
denovo65 D122_EU074905 351 (598.5)
denovo65 D1a.2_JF683339 347 (607.0)
denovo65 D1a.1_JF683338 351 (598.5)
denovo65 D2_AY686649 596 (637.0)
denovo65 D4_DQ865214 351 (604.0)
denovo65 D1a_AF499802 351 (598.5)
denovo65 D1a_JN558078 351 (598.5)
denovo65 D123_EU074895 346 (593.5)
denovo65 D108_AF174567 352 (601.5)
denovo65 D103_AF174575 351 (607.0)
denovo65 D100_AF411415 351 (588.5)
denovo65 D118_EF656435 351 (589.5)
denovo65 D101_AF411416 351 (573.5)
denovo65 D119_EU099832 346 (586.0)
denovo65 D102_AF174573 350 (608.0)
denovo65 D1_AF334660 351 (598.5)
denovo65 D1_JN558076 351 (598.5)
denovo65 D1.12_HE579041 340 (568.5)
denovo65 D1.1_AM748564 423 (600.5)
denovo65 D1.2_AM748617 412 (617.5)
denovo65 E111_EU074915 349 (470.5)
denovo65 E110_EU074914 352 (444.0)
denovo65 E114_EU074909 347 (447.5)
denovo65 E1_AF334659 354 (445.0)
denovo65 E105_EU074921 354 (451.0)
denovo65 E112_EU074916 349 (460.0)
denovo65 E104_EU074922 349 (453.5)
denovo65 E102_EU074924 349 (444.5)
denovo65 E103_EU074923 349 (453.5)
denovo65 E101_AY160123 349 (459.0)
denovo65 E109_EU074913 354 (475.5)
denovo65 E100_DQ011618 352 (486.5)
denovo65 E108_EU074912 354 (474.5)
denovo65 E113_EU074908 354 (469.0)
denovo65 E107_EU074910 354 (474.5)
denovo65 F1_JN558066 341 (561.0)
denovo65 F5.2d_AJ291530 352 (586.5)
denovo65 F104_AJ291531 352 (586.5)
denovo65 F5.2c_AM748596 352 (586.5)
denovo65 F5.2_AM748594 340 (586.0)
denovo65 F5.2a_AM748614 340 (586.0)
denovo65 F5.2b_AM748595 345 (583.0)
denovo65 F5.2e_AJ291533 342 (556.5)
denovo65 F5.2g_JN558072 350 (579.5)
denovo65 F5.2f_AJ291512 348 (583.0)
denovo65 F102_AJ291534 347 (590.0)
denovo65 F5.1c_AM748593 351 (565.5)
denovo65 F5.1d_JN558069 343 (587.0)
denovo65 F5.1b_AJ291535 342 (574.5)
denovo65 F5.1_AM748592 341 (589.5)
denovo65 F5.1a_AM748591 341 (580.5)
denovo65 F110_AJ291526 335 (560.5)
denovo65 F4.7_AM748587 336 (583.5)
denovo65 F4.5_AM748585 340 (574.0)
denovo65 F4.4a_AM748583 342 (610.0)
denovo65 F4.4_AM748582 335 (630.0)
denovo65 F4.4b_AM748584 337 (610.5)
denovo65 F4.1a_AM748573 338 (579.5)
denovo65 F112_AJ291528 333 (590.5)
denovo65 F4.1_AM748572 333 (599.5)
denovo65 F4.8b_AM748590 339 (564.0)
denovo65 F4.8_AM748588 344 (559.5)
denovo65 F4.8a_AM748589 344 (559.5)
denovo65 F109_AJ291527 354 (551.0)
denovo65 F4.6_AM748586 338 (579.5)
denovo65 F111_AJ311949 332 (575.5)
denovo65 F4.3c_AM748581 337 (600.5)
denovo65 F4.3a_AM748579 338 (576.0)
denovo65 F4.3b_AM748580 339 (580.0)
denovo65 F4.3_AM748578 338 (585.0)
denovo65 F4.2_AM748574 332 (578.5)
denovo65 F4.2a_AM748575 343 (571.5)
denovo65 F4.2c_AM748577 345 (573.0)
denovo65 F4.2b_AM748576 341 (575.0)
denovo65 F2b_AJ291521 354 (596.5)
denovo65 F2_AJ830908 348 (597.0)
denovo65 F2a_AJ830911 350 (590.0)
denovo65 F3.1a_AM748566 371 (532.5)
denovo65 F114_AJ291525 364 (547.5)
denovo65 F3.1_AM748565 364 (556.5)
denovo65 F3.2_AM748567 345 (582.0)
denovo65 F3.2a_AM748568 347 (597.0)
denovo65 F3.3_AM748569 347 (539.5)
denovo65 F3.4a_AM748571 354 (560.5)
denovo65 F3.4_AM748570 353 (558.0)
denovo65 F3.4b_AM748616 356 (558.0)
denovo65 G101_AJ291539 317 (982.0)
denovo65 G1_AM748597 318 (975.0)
denovo65 G2b_JN558087 320 (957.5)
denovo65 G2_AM748598 320 (975.5)
denovo65 G2a_AM748599 320 (966.5)
denovo65 G4_AM748601 323 (952.0)
denovo65 G3.4_LK392378 316 (1223.0)
denovo65 G3_AM748600 316 (1277.0)
denovo65 G3.2_KC597694 309 (1199.5)
denovo65 G3.1_KC597688 314 (1317.0)
denovo65 G100_AB253788 314 (1317.0)
denovo65 G3.3_LK392377 314 (1335.0)
denovo65 H6_AJ291520 638 (339.5)
denovo65 H3_AM748606 352 (376.0)
denovo65 H2_AM748605 340 (436.5)
denovo65 H4_AM748607 341 (460.5)
denovo65 H4a_AM748608 342 (452.0)
denovo65 H5a_AM748611 336 (445.0)
denovo65 H5b_AM748610 340 (437.0)
denovo65 H5_AJ621129 336 (445.0)
denovo65 H5_AM748609 336 (445.0)
denovo65 H100_AJ291513 340 (429.0)
denovo65 H1b_AM748604 360 (428.5)
denovo65 H1a_AM748612 357 (420.0)
denovo65 H1_AJ621152 357 (429.0)
denovo65 H1_AM748602 357 (429.0)
denovo65 I3_FN561561 353 (613.5)
denovo65 I4_FN561562 346 (610.5)
denovo65 I1_FN561559 353 (612.0)
denovo65 I2_FN561560 348 (615.5)

#---------------------------------------
#---------------------------------------
