denovo260 A136_DQ865210 333 (492.0)
denovo260 A133_DQ174725 356 (467.5)
denovo260 A115_AF180123 336 (478.0)
denovo260 A117_AF201746 338 (465.0)
denovo260 A134_DQ174723 343 (470.5)
denovo260 A114_AF184941 340 (470.0)
denovo260 A135_DQ174727 344 (480.0)
denovo260 A2_AF333506 345 (470.0)
denovo260 A101_AF427468 344 (471.0)
denovo260 A2_1_JN558097 344 (471.0)
denovo260 A2_2_JN558100 344 (471.0)
denovo260 A113_AF184948 327 (512.5)
denovo260 A112_AF184949 327 (486.0)
denovo260 A123_EF378618 342 (321.5)
denovo260 A137_EF378621 343 (317.5)
denovo260 A11_EU449041 342 (505.5)
denovo260 A121_DQ174722 338 (487.0)
denovo260 A15b_EU792886 335 (445.5)
denovo260 A15a_EU792885 335 (463.0)
denovo260 A15c_EU792887 335 (454.0)
denovo260 A15_EU792884 335 (454.5)
denovo260 A147_EU074937 343 (487.5)
denovo260 A154_EU074860 343 (487.5)
denovo260 A146_EU074936 344 (480.5)
denovo260 A150_EU074928 344 (489.5)
denovo260 A116_AF183575 344 (480.5)
denovo260 A141_EU074931 344 (489.5)
denovo260 A5_AF333508 339 (489.5)
denovo260 A3b_EU449043 343 (487.5)
denovo260 A151_EU074925 342 (484.5)
denovo260 A152_EU074927 346 (478.5)
denovo260 A149_EU074929 343 (487.5)
denovo260 A140_EU074930 343 (478.5)
denovo260 A142_EU074932 343 (496.5)
denovo260 A143_EU074933 344 (490.5)
denovo260 A144_EU074934 343 (478.5)
denovo260 A145_EU074935 346 (486.5)
denovo260 A148_EU074938 343 (478.5)
denovo260 A155_EU074856 343 (478.5)
denovo260 A156_EU074859 343 (478.5)
denovo260 A139_EU074962 343 (478.5)
denovo260 A6_AF186058 343 (487.5)
denovo260 A3_AF333507 343 (487.5)
denovo260 A3_JN558091 343 (487.5)
denovo260 A8_AY258468 343 (460.5)
denovo260 A7_AY239360 343 (470.0)
denovo260 A16_EU792888 343 (479.0)
denovo260 A4.3_FN429763 347 (460.0)
denovo260 A120_AF180122 349 (458.0)
denovo260 A4.2_FN429761 345 (460.0)
denovo260 A4_AF333509 345 (479.0)
denovo260 A4.1_FN429760 344 (474.0)
denovo260 A4a_AF499778 348 (478.5)
denovo260 A4a.1_FN429762 348 (478.5)
denovo260 A138_EF378620 343 (435.5)
denovo260 A122_EF378619 342 (472.5)
denovo260 A126_EF378615 341 (473.5)
denovo260 A10_EU792882 341 (473.5)
denovo260 A9_EU449028 340 (482.5)
denovo260 A105_AB207202 339 (488.0)
denovo260 A119_AF180121 336 (469.0)
denovo260 A12_EU792883 339 (471.5)
denovo260 A104_AB207203 341 (485.5)
denovo260 A1a_EU449030 340 (491.5)
denovo260 A1.3_HE578976 347 (476.5)
denovo260 A1.4_HE578977 340 (482.5)
denovo260 A13_AF333504 340 (482.0)
denovo260 A13_JN558094 340 (482.0)
denovo260 A110_AB190282 336 (487.5)
denovo260 A103_AB207206 340 (482.5)
denovo260 A130_EF656428 340 (482.5)
denovo260 A127_EF656429 340 (491.0)
denovo260 A128_EF656430 340 (473.5)
denovo260 A129_EF656431 341 (485.0)
denovo260 A131_EF656432 344 (475.0)
denovo260 A118_AF180120 334 (474.5)
denovo260 A1_AF333505 340 (482.5)
denovo260 A107_AB207199 340 (491.5)
denovo260 A111_AB190280 340 (491.5)
denovo260 A108_AB207197 347 (470.0)
denovo260 A106_AB207200 340 (490.5)
denovo260 A102_AB207209 340 (491.0)
denovo260 A1.2_AB207210 340 (491.0)
denovo260 A109_AB190285 340 (490.5)
denovo260 B4_AF333510 317 (1106.0)
denovo260 B23_EU449079 303 (1234.0)
denovo260 B30_GU907644 303 (1216.0)
denovo260 B11_AY239361 308 (1258.5)
denovo260 B17_AY258470 306 (1250.5)
denovo260 B1k_GU907638 307 (669.5)
denovo260 B1.V_Green2014 313 (1217.0)
denovo260 B1b_AF499780 304 (1212.5)
denovo260 B16_AY258469 306 (1259.5)
denovo260 B31a_GU907646 306 (1268.5)
denovo260 B32_GU907647 306 (1268.5)
denovo260 B31_GU907645 306 (1277.5)
denovo260 B1j_GU907637 306 (1259.5)
denovo260 B37_GU907650 308 (1258.0)
denovo260 B5a_AF499782 306 (1277.5)
denovo260 B5_AF499781 306 (1286.5)
denovo260 B24_GU907643 306 (1108.5)
denovo260 B117_AF180124 306 (1151.0)
denovo260 B10_AF499787 306 (1259.5)
denovo260 B20_GU907642 308 (1243.0)
denovo260 B1m_GU907640 306 (1268.5)
denovo260 B34_GU907649 306 (1268.5)
denovo260 B1d_GU907633 306 (1268.5)
denovo260 B1e_GU907634 306 (1268.5)
denovo260 B1i_GU907636 306 (1268.5)
denovo260 B1g_GU907635 307 (1249.5)
denovo260 B123_EU074872 306 (1259.5)
denovo260 B8_AF499785 307 (1258.5)
denovo260 B1l_GU907639 306 (1268.5)
denovo260 B1a_AF499779 306 (1268.5)
denovo260 B14_AY239362 307 (1276.5)
denovo260 B125_EU074865 306 (1268.5)
denovo260 B122_EU074871 306 (1286.0)
denovo260 B124_EU074874 306 (1286.5)
denovo260 B1.VII_Green2014 306 (1216.5)
denovo260 B1.III_Green2014 306 (1205.5)
denovo260 B1.I_Green2014 306 (1277.5)
denovo260 B1.II_Green2014 306 (1277.5)
denovo260 B1_JN558057 306 (1277.5)
denovo260 B1_AF333511 306 (1277.5)
denovo260 B1.IV_Green2014 316 (1271.5)
denovo260 B121_EU074870 306 (1268.5)
denovo260 B7_AF499784 306 (1268.5)
denovo260 B1.VI_Green2014 307 (1208.5)
denovo260 B3_AF333514 302 (1271.0)
denovo260 B9_AF499786 302 (1280.0)
denovo260 B19a_JN558055 302 (1162.0)
denovo260 B119_EU099825 311 (1178.0)
denovo260 B21_DQ865213 302 (1266.5)
denovo260 B38_GU907651 302 (1266.5)
denovo260 B18_AY258471 302 (1289.0)
denovo260 B18a_AY258472 302 (1298.0)
denovo260 B33_GU907648 302 (1289.0)
denovo260 B6_AF499783 307 (1285.5)
denovo260 B19_DQ865212 302 (1307.0)
denovo260 B19_GU907641 302 (1307.0)
denovo260 B2_AF333512 302 (1298.0)
denovo260 B2_JN558060 302 (1298.0)
denovo260 C33.1_AY258498 317 (627.5)
denovo260 C33.2_AY765400 317 (627.5)
denovo260 C33a_EF541147 317 (627.5)
denovo260 C34_AY258499 317 (627.5)
denovo260 C78_AY765413 338 (599.0)
denovo260 C15.29_KC597690 323 (570.5)
denovo260 C1131_DQ182650 324 (564.5)
denovo260 C1135_DQ182646 329 (554.5)
denovo260 C1134_DQ182647 319 (550.5)
denovo260 C1142_DQ182635 319 (559.5)
denovo260 C1136_DQ182644 317 (542.5)
denovo260 C1111_DQ182645 317 (560.5)
denovo260 C1236_EF473656 317 (542.5)
denovo260 C1138_DQ182642 315 (555.0)
denovo260 C1137_DQ182643 317 (542.5)
denovo260 C1133_DQ182648 317 (542.5)
denovo260 C1132_DQ182649 321 (545.0)
denovo260 C1143_DQ182634 317 (551.5)
denovo260 C1139_DQ182639 319 (577.5)
denovo260 C15.28_KC597687 316 (624.5)
denovo260 C1141_DQ182636 319 (577.5)
denovo260 C1144_DQ182637 316 (578.5)
denovo260 C1122_DQ182654 319 (586.5)
denovo260 C1127_DQ182652 319 (586.5)
denovo260 C15.30_JX394114 324 (610.0)
denovo260 C15.26_KC597686 321 (610.5)
denovo260 C1086_DQ182656 321 (610.5)
denovo260 C15.25_KC597685 321 (619.5)
denovo260 C1118_AF180127 329 (567.5)
denovo260 C1129_DQ182651 321 (555.5)
denovo260 C15.21_KC597683 321 (610.5)
denovo260 C56_AY589760 320 (617.0)
denovo260 C1140_DQ182638 318 (574.5)
denovo260 C1126_DQ182653 318 (565.5)
denovo260 C15c_AY258492 318 (621.0)
denovo260 C15d_AY258493 317 (627.5)
denovo260 C1098_DQ182641 323 (604.0)
denovo260 C15.27_KC597689 321 (610.5)
denovo260 C15.18_HE579024 318 (611.5)
denovo260 C15.16_HE579022 326 (634.0)
denovo260 C1101_AB253787 321 (601.5)
denovo260 C1083_AY237300 321 (619.5)
denovo260 C1088_DQ182640 322 (603.0)
denovo260 C15.6_FN563472 321 (610.5)
denovo260 C15.5_FJ461512 323 (616.5)
denovo260 C15.4_FJ461511 323 (616.5)
denovo260 C15.13_HE579019 321 (601.5)
denovo260 C15.12_HE579018 321 (610.5)
denovo260 C93a_AM748563 323 (634.5)
denovo260 C1094_AJ291514 323 (616.5)
denovo260 C93_AM748562 323 (625.5)
denovo260 C15.17_HE579023 321 (622.5)
denovo260 C15e_AY589742 323 (619.0)
denovo260 C15.22_KC597695 321 (610.5)
denovo260 C60_AY589764 321 (619.5)
denovo260 C15.1_FJ461508 321 (619.5)
denovo260 C15.2_FJ461509 321 (610.5)
denovo260 C15.9_FN563475 321 (619.5)
denovo260 C15.7_HE579015 321 (610.5)
denovo260 C15.8_HE579016 321 (610.5)
denovo260 C15.15_HE579021 321 (610.5)
denovo260 C15.19_HE579025 321 (619.5)
denovo260 C15.24_KC597696 321 (610.5)
denovo260 C15.3_FJ461510 323 (616.5)
denovo260 C1087_DQ182655 321 (619.5)
denovo260 C15.14_HE579020 322 (610.0)
denovo260 C15.23_KC597697 322 (610.0)
denovo260 C19_AY258479 320 (629.0)
denovo260 C1233_EU118166 321 (610.5)
denovo260 C15b_AY258491 321 (610.5)
denovo260 C15a_AY258476 323 (625.5)
denovo260 C1051_AF195153 321 (628.5)
denovo260 C2_AF333518 322 (627.5)
denovo260 C15.20_HE579026 322 (619.0)
denovo260 C15f_AY589743 323 (613.0)
denovo260 C55_AY589759 325 (617.5)
denovo260 C15_AY239369 321 (619.5)
denovo260 C32.1_JF683335 320 (595.5)
denovo260 C32.2_JF683336 322 (600.5)
denovo260 C21.23_KC597693 322 (600.5)
denovo260 C1193_EU099827 326 (613.0)
denovo260 C1195_EU099821 329 (587.5)
denovo260 C3q_GU907655 330 (602.0)
denovo260 C53_AY589758 322 (597.0)
denovo260 C73_AY765408 327 (619.0)
denovo260 C17.2.1_KC597684 320 (596.0)
denovo260 C32_AY258497 321 (597.0)
denovo260 C1189_EU099831 320 (606.5)
denovo260 C1191_EU099833 319 (613.0)
denovo260 C1196_EU099819 320 (588.5)
denovo260 C1192_EU099820 320 (588.5)
denovo260 C17.1_JF683322 320 (606.0)
denovo260 C26_b2_FN827164 325 (608.0)
denovo260 C26_b3_FN827165 321 (587.5)
denovo260 C31.9_HQ630879 320 (605.0)
denovo260 C31a_AY589746 320 (610.5)
denovo260 C30_AY589745 320 (610.5)
denovo260 C31.1_HQ630876 324 (612.0)
denovo260 C31.5_HQ630877 319 (616.0)
denovo260 C31.6_HQ630878 320 (619.5)
denovo260 C31.2_JF683332 320 (619.5)
denovo260 C31.3_JF683333 321 (613.5)
denovo260 C26/C35a_AY239378 321 (596.5)
denovo260 C35a_AY258501 321 (596.5)
denovo260 C35.2_AY258500 321 (605.5)
denovo260 C26_b1_FN827163 321 (605.5)
denovo260 C17_AY239370 320 (606.5)
denovo260 C17.2_FJ461513 320 (608.5)
denovo260 C31.10_HQ630880 320 (614.0)
denovo260 C31.4_JF683334 324 (608.0)
denovo260 C31_AY258496 320 (619.5)
denovo260 C25_AY239377 319 (617.0)
denovo260 C61_AY589765 322 (588.5)
denovo260 C1043_DQ072721 320 (577.0)
denovo260 C79_AY765414 323 (598.5)
denovo260 C69_AY589773 314 (600.0)
denovo260 C69a_AY686648 314 (591.0)
denovo260 C21.22_KC597692 319 (585.0)
denovo260 C51_AY589756 319 (597.5)
denovo260 C1aa_HM185739 332 (607.5)
denovo260 C1096_DQ068023 323 (594.5)
denovo260 C74_AY765409 326 (630.0)
denovo260 C1185_AB294629 328 (627.0)
denovo260 C1184_AB294630 328 (627.0)
denovo260 C1153_AB294625 328 (636.0)
denovo260 C1154_AB294626 327 (642.5)
denovo260 C1187_AB294627 328 (627.0)
denovo260 C1186_AB294628 328 (627.0)
denovo260 C57_AY589761 328 (635.5)
denovo260 C66_AY589771 328 (636.0)
denovo260 C5_AF499795 320 (627.0)
denovo260 C1167_AB294586 319 (615.0)
denovo260 C1164_AB294593 318 (612.0)
denovo260 C1183_AB294631 320 (627.0)
denovo260 C1067_DQ335381 320 (609.0)
denovo260 C1159_AB294613 321 (626.0)
denovo260 C1150_AB294622 321 (635.0)
denovo260 C90_AM748554 321 (631.0)
denovo260 C1168_AB294583 320 (618.0)
denovo260 C1156_AB294616 325 (631.5)
denovo260 C1151_AB294621 320 (636.0)
denovo260 C92a_AM748561 320 (636.0)
denovo260 C92_AM748560 320 (627.0)
denovo260 C1165_AB294581 318 (639.0)
denovo260 C1166_AB294584 318 (639.0)
denovo260 C1162_AB294594 315 (622.0)
denovo260 C1163_AB294596 318 (639.0)
denovo260 C1161_AB294606 318 (630.0)
denovo260 C1160_AB294608 318 (621.0)
denovo260 C1158_AB294614 318 (639.0)
denovo260 C1155_AB294617 318 (621.0)
denovo260 C1149_AB294620 318 (630.0)
denovo260 C1173_AB294662 318 (639.0)
denovo260 C1171_AB294663 318 (621.0)
denovo260 C1172_AB294665 318 (621.0)
denovo260 C91a_AM748556 318 (630.5)
denovo260 C91b_AM748557 318 (630.0)
denovo260 C91d_AM748559 317 (627.5)
denovo260 C91c_AM748558 317 (627.5)
denovo260 C91_AJ621543 318 (630.0)
denovo260 C91_AM748555 318 (630.0)
denovo260 C1023_DQ335330 323 (575.0)
denovo260 C1020_DQ335392 324 (611.5)
denovo260 C1018_DQ335408 320 (618.0)
denovo260 C1074_DQ335329 320 (609.0)
denovo260 C1030_DQ335353 320 (609.0)
denovo260 C1022_DQ335331 331 (614.5)
denovo260 C1027_DQ335360 320 (627.0)
denovo260 C1072_DQ335344 320 (609.0)
denovo260 C1039_AB190274 322 (614.5)
denovo260 C1033_DQ335350 325 (615.0)
denovo260 C1019_DQ335407 320 (618.0)
denovo260 C1194_EU099826 320 (594.0)
denovo260 C8b_AY258475 316 (583.0)
denovo260 C8_AY239367 317 (591.5)
denovo260 C8a_AY239368 319 (587.5)
denovo260 C54a_AY765406 320 (618.0)
denovo260 C3ff_HM185740 322 (613.5)
denovo260 C59_AY589763 329 (589.5)
denovo260 C3k_AY589737 322 (621.5)
denovo260 C3.24_HE579012 321 (628.0)
denovo260 C3.23_HE579011 322 (621.5)
denovo260 C35.1_AY765401 321 (620.0)
denovo260 C35.3_EF541145 321 (620.0)
denovo260 C76_AY765411 321 (618.5)
denovo260 C1107_DQ335359 321 (596.5)
denovo260 C3.22_HE579010 323 (592.0)
denovo260 C77_AY765412 322 (619.5)
denovo260 C20_AY239371 320 (618.0)
denovo260 C1055_DQ480640 318 (608.5)
denovo260 C27/C30_AY239379 320 (602.0)
denovo260 C27.1_FJ461517 320 (593.0)
denovo260 C40a_AY589747 325 (621.0)
denovo260 C40_AY258485 325 (621.0)
denovo260 C40b_AY589748 326 (611.0)
denovo260 C16_AY258477 323 (617.5)
denovo260 C16a_AY765399 323 (617.5)
denovo260 C1091_AB207186 322 (623.5)
denovo260 C1102_DQ335400 320 (627.0)
denovo260 C1069_DQ335375 320 (618.0)
denovo260 C1073_DQ335332 320 (618.0)
denovo260 C1066_DQ335382 317 (609.5)
denovo260 C1031_DQ335352 325 (632.5)
denovo260 C1026_DQ335366 325 (623.5)
denovo260 C70_AY589774 320 (636.0)
denovo260 C1082_AB190267 320 (618.0)
denovo260 C1078_AB190271 320 (626.5)
denovo260 C1090_AB207191 320 (627.0)
denovo260 C1071_DQ335302 320 (627.0)
denovo260 C1075_DQ335328 320 (627.0)
denovo260 C1068_DQ335379 320 (618.0)
denovo260 C1064_DQ335395 320 (618.0)
denovo260 C1063_DQ335403 320 (636.0)
denovo260 C62_AY589766 320 (627.0)
denovo260 C1077_DQ335316 320 (632.0)
denovo260 C1109_DQ335338 320 (618.0)
denovo260 C1110_DQ335340 320 (609.0)
denovo260 C1106_DQ335339 322 (605.5)
denovo260 C1112_DQ335319 322 (614.5)
denovo260 C1108_DQ335351 322 (605.5)
denovo260 C1105_DQ335394 322 (614.5)
denovo260 C1121_DQ335378 322 (605.5)
denovo260 C1116_AB190268 320 (618.0)
denovo260 C1115_AB190273 322 (614.5)
denovo260 C1124_DQ335323 322 (596.5)
denovo260 C1120_DQ335398 323 (599.5)
denovo260 C1119_DQ335404 322 (605.5)
denovo260 C1123_DQ335363 322 (605.5)
denovo260 C1004_DQ480635 320 (617.5)
denovo260 C1061_AY186568 320 (608.5)
denovo260 C1053_AY186569 320 (617.5)
denovo260 C1003_DQ480639 320 (617.5)
denovo260 C81_GU907657 335 (588.5)
denovo260 C22_AY239373 315 (620.0)
denovo260 C22a_AY239374 317 (616.5)
denovo260 C1232_EU118163 323 (617.0)
denovo260 C21.13_FJ461515 320 (588.5)
denovo260 C21.1_JF683323 320 (624.5)
denovo260 C21.3_JF683325 321 (609.0)
denovo260 C1.20_HE578993 321 (603.0)
denovo260 C1.22_HE578995 321 (594.0)
denovo260 C52_AY589757 319 (618.5)
denovo260 C1201_EU099793 318 (582.0)
denovo260 C14_AY589741 321 (606.5)
denovo260 C43_AY589749 317 (609.5)
denovo260 C50_AY589755 320 (618.0)
denovo260 C3.14_HQ630872 320 (609.0)
denovo260 C1m_AY765398 317 (618.5)
denovo260 C82_GU907658 317 (617.5)
denovo260 C82b_GU907660 317 (617.5)
denovo260 C64_AY589768 347 (615.5)
denovo260 C45a_AY765404 317 (609.5)
denovo260 C48_AY589753 322 (635.0)
denovo260 C1_v1b_FJ919244 319 (605.5)
denovo260 C1_v1a_FJ919243 317 (609.5)
denovo260 C3j_AY239366 320 (609.0)
denovo260 C3t_EF541149 323 (626.0)
denovo260 C9_AF499798 317 (618.5)
denovo260 C23_AY239375 326 (608.0)
denovo260 C37_AY258481 322 (606.0)
denovo260 C1048_DQ068026 317 (600.5)
denovo260 C21.4_JF683326 320 (624.5)
denovo260 C21.5_JF683327 320 (624.5)
denovo260 C1070_DQ335349 320 (627.0)
denovo260 C21.6_HQ630873 320 (624.5)
denovo260 C1224_EU074890 317 (627.5)
denovo260 C1.17_HE578990 317 (627.5)
denovo260 C21_b1_FN827162 320 (606.0)
denovo260 C21.9_JF683330 320 (615.0)
denovo260 C1085_AY624605 320 (627.0)
denovo260 C3p_GU907654 320 (603.0)
denovo260 C3f_AY589734 320 (627.0)
denovo260 C65a_AY589770 319 (623.5)
denovo260 C65_AY589769 319 (632.5)
denovo260 C71_AY589775 319 (623.5)
denovo260 C71a_AY589776 319 (614.5)
denovo260 C1178_AB294647 319 (609.5)
denovo260 C1225_EU074893 317 (627.5)
denovo260 C75_AY765410 323 (617.0)
denovo260 C21.10_JF683331 320 (613.5)
denovo260 C21.11_HQ630874 320 (613.5)
denovo260 C1065_DQ335388 320 (627.0)
denovo260 C1045_DQ068036 320 (636.0)
denovo260 C1h_AY258473 345 (610.5)
denovo260 C38_AY258482 348 (610.0)
denovo260 C1202_EU099799 348 (610.0)
denovo260 C7_AF499797 348 (619.0)
denovo260 C12_AF499801 350 (608.5)
denovo260 C38a_AY258483 347 (612.5)
denovo260 C1200_EU099800 337 (612.0)
denovo260 C44a_AY589751 317 (618.5)
denovo260 C47_AY589752 317 (618.5)
denovo260 C44_AY589750 317 (609.5)
denovo260 C1.15_HE578988 317 (618.5)
denovo260 C45.3_FJ461522 317 (609.5)
denovo260 C46a_AY765405 317 (609.5)
denovo260 C46_EU449108 317 (609.5)
denovo260 C3.12_FJ461507 320 (618.0)
denovo260 C1k_AY589733 317 (600.5)
denovo260 C67_AY686647 320 (608.5)
denovo260 C82a_GU907659 317 (618.5)
denovo260 C10a_AY589739 321 (612.0)
denovo260 C10_AF499799 321 (603.0)
denovo260 C13_AY589740 323 (597.0)
denovo260 C4_AF499794 317 (600.5)
denovo260 C1147_EF656433 317 (600.5)
denovo260 C1c/C45_AY239364 317 (609.5)
denovo260 C1c/C45_EU449103 317 (609.5)
denovo260 C21.19_HE579031 320 (615.5)
denovo260 C21.21_HE579033 320 (606.5)
denovo260 C21.20_HE579032 320 (615.5)
denovo260 C42b_AY765403 321 (593.0)
denovo260 C42_AY258487 321 (593.0)
denovo260 C1p_GU907652 317 (609.5)
denovo260 C1d_AY258488 315 (595.0)
denovo260 C42_AY765402 317 (600.5)
denovo260 C3ha_AY589736 320 (606.5)
denovo260 C63a_AY589767 320 (626.5)
denovo260 C21a_AY589744 320 (615.5)
denovo260 C3o_GU907653 320 (615.5)
denovo260 C21.16_HQ630875 320 (606.5)
denovo260 C21.2_JF683324 320 (606.5)
denovo260 C21.7_JF683328 319 (613.0)
denovo260 C21.8_JF683329 320 (615.5)
denovo260 C3h_AY239365 320 (606.5)
denovo260 C1203_EU099798 320 (606.5)
denovo260 C3.10_FJ461505 320 (636.0)
denovo260 C21.14_FJ461516 320 (624.5)
denovo260 C21.18_HE579030 320 (612.5)
denovo260 C3.17_HE579005 320 (618.0)
denovo260 C3.9_FJ461504 320 (615.0)
denovo260 C3.8_FJ461503 320 (627.0)
denovo260 C3.7_FJ461502 320 (618.0)
denovo260 C3.11_FJ461506 320 (627.0)
denovo260 C3.18_HE579006 320 (618.0)
denovo260 C3.19_HE579007 320 (618.0)
denovo260 C3.20_HE579008 320 (618.0)
denovo260 C3g_AY589735 323 (610.0)
denovo260 C3a_AF499790 318 (630.0)
denovo260 C3e_AF499793 320 (618.0)
denovo260 C6_AF499796 322 (622.5)
denovo260 C11_AF499800 320 (618.0)
denovo260 C36_AY258480 320 (636.0)
denovo260 C29_AY258494 320 (636.0)
denovo260 C1146_EF656434 320 (618.0)
denovo260 C1190_EU099841 320 (636.0)
denovo260 C131_JF320826 320 (618.0)
denovo260 C28_AY239380 326 (628.5)
denovo260 C1012_DQ480604 325 (622.5)
denovo260 C1181_AB294640 320 (603.0)
denovo260 C1180_AB294641 320 (621.0)
denovo260 C1179_AB294645 320 (603.0)
denovo260 C1176_AB294651 318 (615.0)
denovo260 C1175_AB294653 320 (612.0)
denovo260 C1174_AB294655 320 (611.5)
denovo260 C1177_AB294659 320 (611.5)
denovo260 C1040_AB190269 325 (622.0)
denovo260 C1182_AB294649 320 (618.0)
denovo260 C1089_AJ278598 320 (618.0)
denovo260 C1028_DQ335357 320 (627.0)
denovo260 C3.16_EU786015 320 (636.0)
denovo260 C1097_AJ311943 319 (611.0)
denovo260 C1170_AB294661 320 (612.0)
denovo260 C21.17_HE579029 320 (626.0)
denovo260 C21/3d/C3k_AY239372 320 (615.5)
denovo260 C58_AY589762 320 (620.5)
denovo260 C3L_AY589738 323 (622.5)
denovo260 C1169_AB294660 320 (612.0)
denovo260 C3.2_FJ461497 320 (621.0)
denovo260 C3.1_JF683321 321 (624.0)
denovo260 C1104_AF427469 321 (617.0)
denovo260 C3b_AF499791 320 (630.0)
denovo260 C83_GU907661 320 (629.5)
denovo260 C49_AY589754 354 (638.5)
denovo260 C3_AB778606 320 (627.0)
denovo260 C3_AF499789 320 (627.0)
denovo260 C3_HE579001 320 (627.0)
denovo260 C21.12_FJ461514 320 (597.5)
denovo260 C1229_EU074888 317 (612.5)
denovo260 C1230_EU074889 317 (621.5)
denovo260 C1114_AB207196 320 (609.0)
denovo260 C3.21_HE579009 320 (549.0)
denovo260 C1057_DQ480619 317 (609.5)
denovo260 C72_AY765407 317 (609.0)
denovo260 C1b.3_HE578999 317 (603.5)
denovo260 C93_AJ621536 320 (618.0)
denovo260 C94_AJ621539 317 (609.5)
denovo260 C1g_AY589730 317 (627.5)
denovo260 C1i_AY589731 317 (627.5)
denovo260 C1j_AY589732 317 (618.5)
denovo260 C1005_DQ480633 317 (609.5)
denovo260 C1.7_FJ461494 317 (618.5)
denovo260 C1.11_HE578984 320 (617.0)
denovo260 C1.12_HE578985 317 (609.5)
denovo260 C1.13_HE578986 320 (618.0)
denovo260 C1.14_HE578987 317 (618.5)
denovo260 C1.18_HE578991 317 (609.5)
denovo260 C1.19_HE578992 317 (609.5)
denovo260 C1199_EU099802 315 (607.0)
denovo260 C1188_EU099838 315 (622.0)
denovo260 C1002_DQ838544 320 (627.0)
denovo260 C1198_EU099810 317 (609.5)
denovo260 C24_AY239376 317 (609.5)
denovo260 C1f_AY258490 317 (618.5)
denovo260 C1006_DQ480629 317 (627.5)
denovo260 C1010_DQ480607 317 (609.5)
denovo260 C1007_DQ480624 317 (609.5)
denovo260 C1011_DQ480605 317 (609.5)
denovo260 C1009_DQ480608 321 (611.5)
denovo260 C1041_AY186548 317 (618.5)
denovo260 C1052_AY186570 317 (609.5)
denovo260 C1148_EU040178 317 (618.5)
denovo260 C1234_EU118165 318 (608.5)
denovo260 C1.5_EF634157 317 (618.5)
denovo260 C1059_DQ480609 317 (609.5)
denovo260 C1228_EU074883 317 (609.5)
denovo260 C1208_EU074963 317 (609.5)
denovo260 C1207_EU074964 317 (618.5)
denovo260 C1206_EU074965 317 (609.5)
denovo260 C1013_DQ480642 320 (609.0)
denovo260 C80_GU907656 327 (612.5)
denovo260 C1a_AF499788 317 (618.5)
denovo260 C41_AY258486 317 (618.5)
denovo260 C39_AY258484 306 (616.0)
denovo260 C1231_EU074878 317 (609.5)
denovo260 C1b.1_HE578997 317 (603.5)
denovo260 C18_AY258478 317 (618.5)
denovo260 C1.10_HE578983 316 (613.0)
denovo260 C1_JN558041 317 (618.5)
denovo260 C1_HE578979 317 (618.5)
denovo260 C1_AM748551 317 (618.5)
denovo260 C1_AF333515 317 (618.5)
denovo260 C1054_AY186565 316 (622.0)
denovo260 C1008_DQ480613 317 (609.5)
denovo260 C1103_AF427470 318 (608.5)
denovo260 C1226_EU074881 318 (608.5)
denovo260 C1b/C1e_AY239363 317 (612.5)
denovo260 C1044_DQ068038 317 (603.5)
denovo260 C1017_DQ174729 318 (602.5)
denovo260 C1.6_FJ461493 317 (627.5)
denovo260 C1b.2_HE578998 317 (621.5)
denovo260 C1060_DQ480600 317 (609.5)
denovo260 C1227_EU074882 317 (609.5)
denovo260 C1197_EU099814 317 (609.5)
denovo260 C1130_DQ480643 317 (513.0)
denovo260 D109_AB097465 364 (446.0)
denovo260 D1.11_HE579040 357 (455.0)
denovo260 D105_AF174570 358 (449.0)
denovo260 D104_AF174572 350 (460.5)
denovo260 D1.3_JF683337 356 (452.5)
denovo260 D1.10_HE579039 359 (451.0)
denovo260 D110_AF174561 359 (451.0)
denovo260 D117_AF174542 359 (442.0)
denovo260 D114_AF174549 359 (452.5)
denovo260 D113_AF174557 346 (448.5)
denovo260 D112_AF174558 362 (451.5)
denovo260 D106_AF174559 363 (454.5)
denovo260 D111_AF174560 355 (456.5)
denovo260 D115_AF174562 359 (442.0)
denovo260 D107_AF174568 358 (457.5)
denovo260 D116_AF174571 361 (439.5)
denovo260 D124_EU074897 345 (454.5)
denovo260 D1.8_HE579037 359 (451.5)
denovo260 D3_AY686650 359 (451.0)
denovo260 D1.6_HQ630881 360 (446.5)
denovo260 D120_EU074900 350 (442.5)
denovo260 D121_EU074904 361 (448.5)
denovo260 D122_EU074905 360 (455.0)
denovo260 D1a.2_JF683339 349 (450.0)
denovo260 D1a.1_JF683338 345 (454.5)
denovo260 D2_AY686649 599 (519.0)
denovo260 D4_DQ865214 353 (456.5)
denovo260 D1a_AF499802 350 (451.5)
denovo260 D1a_JN558078 350 (451.5)
denovo260 D123_EU074895 360 (455.5)
denovo260 D108_AF174567 357 (454.5)
denovo260 D103_AF174575 357 (454.0)
denovo260 D100_AF411415 364 (448.5)
denovo260 D118_EF656435 345 (463.5)
denovo260 D101_AF411416 363 (434.5)
denovo260 D119_EU099832 351 (446.5)
denovo260 D102_AF174573 361 (452.5)
denovo260 D1_AF334660 359 (451.0)
denovo260 D1_JN558076 359 (451.0)
denovo260 D1.12_HE579041 339 (456.0)
denovo260 D1.1_AM748564 429 (490.0)
denovo260 D1.2_AM748617 415 (500.0)
denovo260 E111_EU074915 358 (433.5)
denovo260 E110_EU074914 360 (447.5)
denovo260 E114_EU074909 361 (425.0)
denovo260 E1_AF334659 361 (429.5)
denovo260 E105_EU074921 360 (439.5)
denovo260 E112_EU074916 360 (430.5)
denovo260 E104_EU074922 360 (439.5)
denovo260 E102_EU074924 360 (430.5)
denovo260 E103_EU074923 360 (439.5)
denovo260 E101_AY160123 364 (420.5)
denovo260 E109_EU074913 354 (457.5)
denovo260 E100_DQ011618 354 (472.5)
denovo260 E108_EU074912 359 (461.5)
denovo260 E113_EU074908 355 (471.5)
denovo260 E107_EU074910 359 (461.5)
denovo260 F1_JN558066 355 (630.5)
denovo260 F5.2d_AJ291530 343 (655.5)
denovo260 F104_AJ291531 343 (655.5)
denovo260 F5.2c_AM748596 341 (650.0)
denovo260 F5.2_AM748594 345 (652.5)
denovo260 F5.2a_AM748614 345 (652.5)
denovo260 F5.2b_AM748595 345 (652.5)
denovo260 F5.2e_AJ291533 342 (636.0)
denovo260 F5.2g_JN558072 341 (641.0)
denovo260 F5.2f_AJ291512 342 (634.5)
denovo260 F102_AJ291534 341 (641.0)
denovo260 F5.1c_AM748593 346 (656.0)
denovo260 F5.1d_JN558069 343 (621.0)
denovo260 F5.1b_AJ291535 341 (652.0)
denovo260 F5.1_AM748592 342 (646.0)
denovo260 F5.1a_AM748591 341 (652.0)
denovo260 F110_AJ291526 328 (702.0)
denovo260 F4.7_AM748587 328 (669.5)
denovo260 F4.5_AM748585 320 (687.5)
denovo260 F4.4a_AM748583 317 (715.5)
denovo260 F4.4_AM748582 326 (702.5)
denovo260 F4.4b_AM748584 317 (722.5)
denovo260 F4.1a_AM748573 322 (657.0)
denovo260 F112_AJ291528 320 (652.5)
denovo260 F4.1_AM748572 320 (652.5)
denovo260 F4.8b_AM748590 327 (696.5)
denovo260 F4.8_AM748588 325 (699.5)
denovo260 F4.8a_AM748589 325 (699.5)
denovo260 F109_AJ291527 325 (704.5)
denovo260 F4.6_AM748586 320 (661.5)
denovo260 F111_AJ311949 323 (684.5)
denovo260 F4.3c_AM748581 324 (687.5)
denovo260 F4.3a_AM748579 324 (687.5)
denovo260 F4.3b_AM748580 324 (696.5)
denovo260 F4.3_AM748578 324 (687.5)
denovo260 F4.2_AM748574 322 (712.0)
denovo260 F4.2a_AM748575 320 (683.0)
denovo260 F4.2c_AM748577 320 (679.5)
denovo260 F4.2b_AM748576 320 (692.0)
denovo260 F2b_AJ291521 330 (643.5)
denovo260 F2_AJ830908 331 (656.0)
denovo260 F2a_AJ830911 331 (647.5)
denovo260 F3.1a_AM748566 345 (618.0)
denovo260 F114_AJ291525 343 (623.0)
denovo260 F3.1_AM748565 343 (623.0)
denovo260 F3.2_AM748567 346 (638.5)
denovo260 F3.2a_AM748568 354 (655.5)
denovo260 F3.3_AM748569 336 (651.0)
denovo260 F3.4a_AM748571 332 (602.0)
denovo260 F3.4_AM748570 332 (611.0)
denovo260 F3.4b_AM748616 332 (611.0)
denovo260 G101_AJ291539 365 (492.0)
denovo260 G1_AM748597 365 (492.0)
denovo260 G2b_JN558087 371 (478.0)
denovo260 G2_AM748598 371 (469.0)
denovo260 G2a_AM748599 370 (466.0)
denovo260 G4_AM748601 354 (516.0)
denovo260 G3.4_LK392378 346 (465.0)
denovo260 G3_AM748600 359 (482.5)
denovo260 G3.2_KC597694 340 (434.0)
denovo260 G3.1_KC597688 356 (474.0)
denovo260 G100_AB253788 342 (469.0)
denovo260 G3.3_LK392377 346 (471.0)
denovo260 H6_AJ291520 641 (300.5)
denovo260 H3_AM748606 321 (510.0)
denovo260 H2_AM748605 337 (519.0)
denovo260 H4_AM748607 335 (499.5)
denovo260 H4a_AM748608 346 (501.0)
denovo260 H5a_AM748611 342 (501.0)
denovo260 H5b_AM748610 345 (499.5)
denovo260 H5_AJ621129 342 (501.0)
denovo260 H5_AM748609 342 (501.0)
denovo260 H100_AJ291513 346 (492.5)
denovo260 H1b_AM748604 345 (494.0)
denovo260 H1a_AM748612 346 (496.5)
denovo260 H1_AJ621152 346 (496.5)
denovo260 H1_AM748602 346 (496.5)
denovo260 I3_FN561561 333 (708.0)
denovo260 I4_FN561562 333 (717.0)
denovo260 I1_FN561559 336 (698.5)
denovo260 I2_FN561560 336 (699.0)

#---------------------------------------
#---------------------------------------
