denovo112 A136_DQ865210 317 (512.5)
denovo112 A133_DQ174725 322 (469.5)
denovo112 A115_AF180123 323 (479.5)
denovo112 A117_AF201746 325 (491.5)
denovo112 A134_DQ174723 334 (492.5)
denovo112 A114_AF184941 325 (491.5)
denovo112 A135_DQ174727 330 (489.5)
denovo112 A2_AF333506 330 (486.0)
denovo112 A101_AF427468 330 (480.5)
denovo112 A2_1_JN558097 330 (480.5)
denovo112 A2_2_JN558100 330 (480.5)
denovo112 A113_AF184948 330 (482.5)
denovo112 A112_AF184949 317 (476.5)
denovo112 A123_EF378618 330 (309.0)
denovo112 A137_EF378621 326 (342.5)
denovo112 A11_EU449041 335 (498.0)
denovo112 A121_DQ174722 325 (495.5)
denovo112 A15b_EU792886 334 (448.0)
denovo112 A15a_EU792885 334 (466.0)
denovo112 A15c_EU792887 334 (456.5)
denovo112 A15_EU792884 334 (457.0)
denovo112 A147_EU074937 330 (509.0)
denovo112 A154_EU074860 330 (491.0)
denovo112 A146_EU074936 332 (486.5)
denovo112 A150_EU074928 332 (495.5)
denovo112 A116_AF183575 332 (486.5)
denovo112 A141_EU074931 332 (495.5)
denovo112 A5_AF333508 330 (487.5)
denovo112 A3b_EU449043 330 (491.0)
denovo112 A151_EU074925 330 (490.0)
denovo112 A152_EU074927 330 (491.0)
denovo112 A149_EU074929 330 (491.0)
denovo112 A140_EU074930 330 (482.0)
denovo112 A142_EU074932 330 (482.0)
denovo112 A143_EU074933 330 (491.0)
denovo112 A144_EU074934 330 (482.0)
denovo112 A145_EU074935 330 (490.5)
denovo112 A148_EU074938 330 (482.0)
denovo112 A155_EU074856 330 (482.0)
denovo112 A156_EU074859 330 (482.0)
denovo112 A139_EU074962 330 (491.0)
denovo112 A6_AF186058 330 (491.0)
denovo112 A3_AF333507 330 (491.0)
denovo112 A3_JN558091 330 (491.0)
denovo112 A8_AY258468 330 (455.0)
denovo112 A7_AY239360 330 (472.5)
denovo112 A16_EU792888 330 (482.0)
denovo112 A4.3_FN429763 329 (466.5)
denovo112 A120_AF180122 322 (481.0)
denovo112 A4.2_FN429761 327 (457.5)
denovo112 A4_AF333509 327 (485.5)
denovo112 A4.1_FN429760 325 (496.0)
denovo112 A4a_AF499778 334 (479.5)
denovo112 A4a.1_FN429762 334 (479.5)
denovo112 A138_EF378620 330 (455.0)
denovo112 A122_EF378619 326 (482.5)
denovo112 A126_EF378615 325 (483.5)
denovo112 A10_EU792882 325 (483.5)
denovo112 A9_EU449028 327 (491.5)
denovo112 A105_AB207202 330 (493.5)
denovo112 A119_AF180121 321 (500.5)
denovo112 A12_EU792883 325 (494.0)
denovo112 A104_AB207203 332 (491.5)
denovo112 A1a_EU449030 327 (509.5)
denovo112 A1.3_HE578976 334 (494.5)
denovo112 A1.4_HE578977 327 (500.5)
denovo112 A13_AF333504 327 (499.5)
denovo112 A13_JN558094 327 (499.5)
denovo112 A110_AB190282 327 (491.5)
denovo112 A103_AB207206 322 (503.0)
denovo112 A130_EF656428 327 (500.5)
denovo112 A127_EF656429 327 (509.5)
denovo112 A128_EF656430 327 (491.5)
denovo112 A129_EF656431 328 (503.0)
denovo112 A131_EF656432 327 (491.5)
denovo112 A118_AF180120 325 (516.5)
denovo112 A1_AF333505 327 (500.5)
denovo112 A107_AB207199 326 (509.0)
denovo112 A111_AB190280 326 (509.0)
denovo112 A108_AB207197 333 (479.0)
denovo112 A106_AB207200 326 (499.5)
denovo112 A102_AB207209 326 (500.0)
denovo112 A1.2_AB207210 326 (500.0)
denovo112 A109_AB190285 326 (499.5)
denovo112 B4_AF333510 321 (1021.0)
denovo112 B23_EU449079 307 (1203.0)
denovo112 B30_GU907644 307 (1185.0)
denovo112 B11_AY239361 309 (1191.5)
denovo112 B17_AY258470 307 (1184.0)
denovo112 B1k_GU907638 307 (574.5)
denovo112 B1.V_Green2014 314 (1151.0)
denovo112 B1b_AF499780 306 (1158.0)
denovo112 B16_AY258469 307 (1193.0)
denovo112 B31a_GU907646 307 (1211.0)
denovo112 B32_GU907647 307 (1211.0)
denovo112 B31_GU907645 307 (1220.0)
denovo112 B1j_GU907637 307 (1193.0)
denovo112 B37_GU907650 309 (1191.5)
denovo112 B5a_AF499782 307 (1211.0)
denovo112 B5_AF499781 307 (1220.0)
denovo112 B24_GU907643 306 (1075.5)
denovo112 B117_AF180124 304 (1122.0)
denovo112 B10_AF499787 307 (1193.0)
denovo112 B20_GU907642 309 (1176.5)
denovo112 B1m_GU907640 307 (1202.0)
denovo112 B34_GU907649 307 (1202.0)
denovo112 B1d_GU907633 307 (1202.0)
denovo112 B1e_GU907634 307 (1202.0)
denovo112 B1i_GU907636 307 (1202.0)
denovo112 B1g_GU907635 308 (1201.5)
denovo112 B123_EU074872 307 (1193.0)
denovo112 B8_AF499785 308 (1201.0)
denovo112 B1l_GU907639 307 (1211.0)
denovo112 B1a_AF499779 307 (1202.0)
denovo112 B14_AY239362 308 (1192.0)
denovo112 B125_EU074865 307 (1202.0)
denovo112 B122_EU074871 307 (1211.0)
denovo112 B124_EU074874 307 (1202.0)
denovo112 B1.VII_Green2014 306 (1147.5)
denovo112 B1.III_Green2014 307 (1130.0)
denovo112 B1.I_Green2014 307 (1211.0)
denovo112 B1.II_Green2014 307 (1211.0)
denovo112 B1_JN558057 307 (1211.0)
denovo112 B1_AF333511 307 (1211.0)
denovo112 B1.IV_Green2014 317 (1196.5)
denovo112 B121_EU074870 307 (1202.0)
denovo112 B7_AF499784 307 (1202.0)
denovo112 B1.VI_Green2014 308 (1142.0)
denovo112 B3_AF333514 306 (1231.0)
denovo112 B9_AF499786 306 (1240.0)
denovo112 B19a_JN558055 297 (1131.0)
denovo112 B119_EU099825 315 (1120.5)
denovo112 B21_DQ865213 306 (1208.5)
denovo112 B38_GU907651 306 (1208.5)
denovo112 B18_AY258471 306 (1249.0)
denovo112 B18a_AY258472 306 (1240.0)
denovo112 B33_GU907648 306 (1249.0)
denovo112 B6_AF499783 310 (1243.0)
denovo112 B19_DQ865212 306 (1258.0)
denovo112 B19_GU907641 306 (1258.0)
denovo112 B2_AF333512 306 (1249.0)
denovo112 B2_JN558060 306 (1249.0)
denovo112 C33.1_AY258498 331 (624.0)
denovo112 C33.2_AY765400 331 (624.0)
denovo112 C33a_EF541147 331 (624.0)
denovo112 C34_AY258499 324 (622.5)
denovo112 C78_AY765413 319 (597.5)
denovo112 C15.29_KC597690 322 (578.0)
denovo112 C1131_DQ182650 319 (561.5)
denovo112 C1135_DQ182646 317 (547.0)
denovo112 C1134_DQ182647 317 (547.0)
denovo112 C1142_DQ182635 317 (547.0)
denovo112 C1136_DQ182644 318 (529.0)
denovo112 C1111_DQ182645 315 (539.0)
denovo112 C1236_EF473656 315 (530.0)
denovo112 C1138_DQ182642 315 (548.0)
denovo112 C1137_DQ182643 315 (530.0)
denovo112 C1133_DQ182648 315 (530.0)
denovo112 C1132_DQ182649 319 (532.5)
denovo112 C1143_DQ182634 315 (539.0)
denovo112 C1139_DQ182639 317 (556.0)
denovo112 C15.28_KC597687 321 (604.0)
denovo112 C1141_DQ182636 321 (558.0)
denovo112 C1144_DQ182637 321 (558.0)
denovo112 C1122_DQ182654 319 (562.0)
denovo112 C1127_DQ182652 317 (574.0)
denovo112 C15.30_JX394114 323 (609.5)
denovo112 C15.26_KC597686 322 (606.5)
denovo112 C1086_DQ182656 319 (607.0)
denovo112 C15.25_KC597685 319 (616.0)
denovo112 C1118_AF180127 325 (569.0)
denovo112 C1129_DQ182651 319 (552.0)
denovo112 C15.21_KC597683 319 (598.5)
denovo112 C56_AY589760 316 (598.5)
denovo112 C1140_DQ182638 322 (561.0)
denovo112 C1126_DQ182653 322 (560.5)
denovo112 C15c_AY258492 315 (613.5)
denovo112 C15d_AY258493 315 (613.5)
denovo112 C1098_DQ182641 318 (602.0)
denovo112 C15.27_KC597689 319 (616.5)
denovo112 C15.18_HE579024 318 (604.5)
denovo112 C15.16_HE579022 324 (630.5)
denovo112 C1101_AB253787 319 (598.0)
denovo112 C1083_AY237300 319 (607.0)
denovo112 C1088_DQ182640 319 (607.0)
denovo112 C15.6_FN563472 319 (607.0)
denovo112 C15.5_FJ461512 323 (601.5)
denovo112 C15.4_FJ461511 322 (607.5)
denovo112 C15.13_HE579019 319 (598.0)
denovo112 C15.12_HE579018 319 (607.0)
denovo112 C93a_AM748563 319 (625.0)
denovo112 C1094_AJ291514 319 (616.0)
denovo112 C93_AM748562 319 (625.0)
denovo112 C15.17_HE579023 319 (619.5)
denovo112 C15e_AY589742 322 (609.5)
denovo112 C15.22_KC597695 319 (607.0)
denovo112 C60_AY589764 323 (609.0)
denovo112 C15.1_FJ461508 319 (616.0)
denovo112 C15.2_FJ461509 319 (607.0)
denovo112 C15.9_FN563475 319 (616.0)
denovo112 C15.7_HE579015 319 (607.0)
denovo112 C15.8_HE579016 319 (607.0)
denovo112 C15.15_HE579021 319 (625.0)
denovo112 C15.19_HE579025 319 (616.0)
denovo112 C15.24_KC597696 319 (607.0)
denovo112 C15.3_FJ461510 322 (607.5)
denovo112 C1087_DQ182655 319 (616.0)
denovo112 C15.14_HE579020 322 (612.5)
denovo112 C15.23_KC597697 322 (612.5)
denovo112 C19_AY258479 318 (625.5)
denovo112 C1233_EU118166 319 (607.0)
denovo112 C15b_AY258491 319 (607.0)
denovo112 C15a_AY258476 322 (616.5)
denovo112 C1051_AF195153 319 (625.0)
denovo112 C2_AF333518 320 (624.0)
denovo112 C15.20_HE579026 322 (621.5)
denovo112 C15f_AY589743 320 (615.5)
denovo112 C55_AY589759 325 (619.5)
denovo112 C15_AY239369 319 (616.0)
denovo112 C32.1_JF683335 326 (570.5)
denovo112 C32.2_JF683336 325 (576.5)
denovo112 C21.23_KC597693 325 (576.5)
denovo112 C1193_EU099827 332 (623.5)
denovo112 C1195_EU099821 335 (580.5)
denovo112 C3q_GU907655 330 (577.0)
denovo112 C53_AY589758 332 (592.5)
denovo112 C73_AY765408 323 (608.5)
denovo112 C17.2.1_KC597684 328 (576.5)
denovo112 C32_AY258497 327 (573.0)
denovo112 C1189_EU099831 320 (580.5)
denovo112 C1191_EU099833 320 (580.5)
denovo112 C1196_EU099819 320 (571.5)
denovo112 C1192_EU099820 320 (571.5)
denovo112 C17.1_JF683322 324 (592.5)
denovo112 C26_b2_FN827164 326 (596.0)
denovo112 C26_b3_FN827165 322 (575.5)
denovo112 C31.9_HQ630879 327 (583.5)
denovo112 C31a_AY589746 327 (589.0)
denovo112 C30_AY589745 327 (589.0)
denovo112 C31.1_HQ630876 327 (598.0)
denovo112 C31.5_HQ630877 327 (598.0)
denovo112 C31.6_HQ630878 327 (598.0)
denovo112 C31.2_JF683332 327 (598.0)
denovo112 C31.3_JF683333 327 (589.0)
denovo112 C26/C35a_AY239378 322 (584.5)
denovo112 C35a_AY258501 322 (584.5)
denovo112 C35.2_AY258500 322 (593.5)
denovo112 C26_b1_FN827163 322 (593.5)
denovo112 C17_AY239370 320 (589.5)
denovo112 C17.2_FJ461513 325 (588.5)
denovo112 C31.10_HQ630880 327 (592.5)
denovo112 C31.4_JF683334 331 (587.0)
denovo112 C31_AY258496 327 (598.0)
denovo112 C25_AY239377 327 (606.5)
denovo112 C61_AY589765 326 (557.5)
denovo112 C1043_DQ072721 327 (572.0)
denovo112 C79_AY765414 324 (596.0)
denovo112 C69_AY589773 317 (583.5)
denovo112 C69a_AY686648 317 (574.5)
denovo112 C21.22_KC597692 327 (592.5)
denovo112 C51_AY589756 325 (581.0)
denovo112 C1aa_HM185739 328 (616.0)
denovo112 C1096_DQ068023 322 (585.5)
denovo112 C74_AY765409 326 (605.5)
denovo112 C1185_AB294629 328 (603.0)
denovo112 C1184_AB294630 328 (604.0)
denovo112 C1153_AB294625 328 (612.0)
denovo112 C1154_AB294626 328 (612.0)
denovo112 C1187_AB294627 328 (603.0)
denovo112 C1186_AB294628 328 (603.0)
denovo112 C57_AY589761 322 (612.5)
denovo112 C66_AY589771 328 (612.0)
denovo112 C5_AF499795 326 (600.5)
denovo112 C1167_AB294586 322 (598.5)
denovo112 C1164_AB294593 322 (598.5)
denovo112 C1183_AB294631 322 (616.5)
denovo112 C1067_DQ335381 325 (599.5)
denovo112 C1159_AB294613 329 (605.0)
denovo112 C1150_AB294622 329 (614.0)
denovo112 C90_AM748554 324 (616.0)
denovo112 C1168_AB294583 327 (604.0)
denovo112 C1156_AB294616 325 (616.5)
denovo112 C1151_AB294621 325 (617.0)
denovo112 C92a_AM748561 327 (622.0)
denovo112 C92_AM748560 327 (613.0)
denovo112 C1165_AB294581 319 (608.0)
denovo112 C1166_AB294584 322 (625.5)
denovo112 C1162_AB294594 322 (607.5)
denovo112 C1163_AB294596 322 (625.5)
denovo112 C1161_AB294606 322 (616.5)
denovo112 C1160_AB294608 322 (616.5)
denovo112 C1158_AB294614 324 (622.0)
denovo112 C1155_AB294617 322 (607.5)
denovo112 C1149_AB294620 325 (625.5)
denovo112 C1173_AB294662 322 (616.5)
denovo112 C1171_AB294663 322 (607.5)
denovo112 C1172_AB294665 322 (607.5)
denovo112 C91a_AM748556 324 (622.0)
denovo112 C91b_AM748557 324 (621.5)
denovo112 C91d_AM748559 321 (614.0)
denovo112 C91c_AM748558 321 (614.0)
denovo112 C91_AJ621543 322 (616.5)
denovo112 C91_AM748555 322 (616.5)
denovo112 C1023_DQ335330 297 (575.0)
denovo112 C1020_DQ335392 329 (601.5)
denovo112 C1018_DQ335408 325 (608.0)
denovo112 C1074_DQ335329 325 (599.0)
denovo112 C1030_DQ335353 325 (599.0)
denovo112 C1022_DQ335331 325 (599.0)
denovo112 C1027_DQ335360 325 (617.0)
denovo112 C1072_DQ335344 325 (599.0)
denovo112 C1039_AB190274 325 (617.0)
denovo112 C1033_DQ335350 330 (596.0)
denovo112 C1019_DQ335407 325 (608.0)
denovo112 C1194_EU099826 326 (605.0)
denovo112 C8b_AY258475 323 (586.5)
denovo112 C8_AY239367 324 (595.0)
denovo112 C8a_AY239368 326 (591.0)
denovo112 C54a_AY765406 327 (613.0)
denovo112 C3ff_HM185740 327 (595.0)
denovo112 C59_AY589763 328 (590.5)
denovo112 C3k_AY589737 326 (608.0)
denovo112 C3.24_HE579012 326 (608.0)
denovo112 C3.23_HE579011 326 (608.0)
denovo112 C35.1_AY765401 325 (624.5)
denovo112 C35.3_EF541145 318 (622.5)
denovo112 C76_AY765411 324 (602.5)
denovo112 C1107_DQ335359 323 (588.0)
denovo112 C3.22_HE579010 328 (600.0)
denovo112 C77_AY765412 324 (602.0)
denovo112 C20_AY239371 318 (623.0)
denovo112 C1055_DQ480640 325 (594.0)
denovo112 C27/C30_AY239379 326 (605.0)
denovo112 C27.1_FJ461517 326 (596.0)
denovo112 C40a_AY589747 325 (608.0)
denovo112 C40_AY258485 325 (608.0)
denovo112 C40b_AY589748 322 (604.5)
denovo112 C16_AY258477 325 (608.5)
denovo112 C16a_AY765399 326 (610.5)
denovo112 C1091_AB207186 325 (626.0)
denovo112 C1102_DQ335400 325 (599.0)
denovo112 C1069_DQ335375 325 (608.0)
denovo112 C1073_DQ335332 325 (608.0)
denovo112 C1066_DQ335382 324 (604.0)
denovo112 C1031_DQ335352 330 (622.5)
denovo112 C1026_DQ335366 330 (613.5)
denovo112 C70_AY589774 325 (626.0)
denovo112 C1082_AB190267 325 (608.0)
denovo112 C1078_AB190271 321 (622.5)
denovo112 C1090_AB207191 325 (617.0)
denovo112 C1071_DQ335302 325 (617.0)
denovo112 C1075_DQ335328 325 (617.0)
denovo112 C1068_DQ335379 326 (610.0)
denovo112 C1064_DQ335395 325 (608.0)
denovo112 C1063_DQ335403 325 (626.0)
denovo112 C62_AY589766 325 (617.0)
denovo112 C1077_DQ335316 320 (616.5)
denovo112 C1109_DQ335338 325 (617.0)
denovo112 C1110_DQ335340 325 (608.5)
denovo112 C1106_DQ335339 325 (618.0)
denovo112 C1112_DQ335319 325 (626.0)
denovo112 C1108_DQ335351 325 (617.0)
denovo112 C1105_DQ335394 325 (626.0)
denovo112 C1121_DQ335378 332 (619.0)
denovo112 C1116_AB190268 332 (610.0)
denovo112 C1115_AB190273 332 (619.0)
denovo112 C1124_DQ335323 325 (608.0)
denovo112 C1120_DQ335398 325 (608.0)
denovo112 C1119_DQ335404 325 (617.0)
denovo112 C1123_DQ335363 325 (617.0)
denovo112 C1004_DQ480635 324 (604.0)
denovo112 C1061_AY186568 324 (595.0)
denovo112 C1053_AY186569 324 (604.0)
denovo112 C1003_DQ480639 324 (604.0)
denovo112 C81_GU907657 321 (586.5)
denovo112 C22_AY239373 320 (618.5)
denovo112 C22a_AY239374 322 (615.5)
denovo112 C1232_EU118163 325 (608.0)
denovo112 C21.13_FJ461515 325 (579.0)
denovo112 C21.1_JF683323 318 (583.0)
denovo112 C21.3_JF683325 320 (599.0)
denovo112 C1.20_HE578993 322 (597.5)
denovo112 C1.22_HE578995 322 (588.5)
denovo112 C52_AY589757 324 (616.5)
denovo112 C1201_EU099793 325 (568.0)
denovo112 C14_AY589741 324 (607.5)
denovo112 C43_AY589749 324 (613.0)
denovo112 C50_AY589755 325 (617.0)
denovo112 C3.14_HQ630872 325 (599.0)
denovo112 C1m_AY765398 324 (613.0)
denovo112 C82_GU907658 332 (618.5)
denovo112 C82b_GU907660 332 (618.5)
denovo112 C64_AY589768 325 (608.0)
denovo112 C45a_AY765404 324 (613.5)
denovo112 C48_AY589753 325 (637.5)
denovo112 C1_v1b_FJ919244 327 (604.5)
denovo112 C1_v1a_FJ919243 324 (604.0)
denovo112 C3j_AY239366 325 (599.0)
denovo112 C3t_EF541149 327 (604.0)
denovo112 C9_AF499798 324 (622.0)
denovo112 C23_AY239375 320 (618.0)
denovo112 C37_AY258481 331 (605.5)
denovo112 C1048_DQ068026 324 (604.0)
denovo112 C21.4_JF683326 320 (589.5)
denovo112 C21.5_JF683327 320 (589.5)
denovo112 C1070_DQ335349 325 (617.0)
denovo112 C21.6_HQ630873 320 (607.5)
denovo112 C1224_EU074890 323 (609.5)
denovo112 C1.17_HE578990 323 (609.5)
denovo112 C21_b1_FN827162 319 (594.5)
denovo112 C21.9_JF683330 319 (603.5)
denovo112 C1085_AY624605 325 (617.0)
denovo112 C3p_GU907654 324 (609.0)
denovo112 C3f_AY589734 325 (617.0)
denovo112 C65a_AY589770 325 (608.0)
denovo112 C65_AY589769 325 (617.0)
denovo112 C71_AY589775 325 (608.0)
denovo112 C71a_AY589776 325 (599.0)
denovo112 C1178_AB294647 325 (593.0)
denovo112 C1225_EU074893 322 (617.0)
denovo112 C75_AY765410 325 (607.0)
denovo112 C21.10_JF683331 325 (594.5)
denovo112 C21.11_HQ630874 327 (592.5)
denovo112 C1065_DQ335388 325 (617.0)
denovo112 C1045_DQ068036 325 (626.0)
denovo112 C1h_AY258473 324 (604.0)
denovo112 C38_AY258482 326 (601.0)
denovo112 C1202_EU099799 325 (599.0)
denovo112 C7_AF499797 325 (608.0)
denovo112 C12_AF499801 327 (597.5)
denovo112 C38a_AY258483 326 (606.0)
denovo112 C1200_EU099800 316 (605.5)
denovo112 C44a_AY589751 322 (617.0)
denovo112 C47_AY589752 324 (613.0)
denovo112 C44_AY589750 324 (613.0)
denovo112 C1.15_HE578988 324 (613.0)
denovo112 C45.3_FJ461522 324 (613.0)
denovo112 C46a_AY765405 324 (604.0)
denovo112 C46_EU449108 324 (604.0)
denovo112 C3.12_FJ461507 325 (617.0)
denovo112 C1k_AY589733 324 (604.0)
denovo112 C67_AY686647 319 (615.5)
denovo112 C82a_GU907659 324 (622.0)
denovo112 C10a_AY589739 324 (604.0)
denovo112 C10_AF499799 324 (604.0)
denovo112 C13_AY589740 327 (609.5)
denovo112 C4_AF499794 324 (604.0)
denovo112 C1147_EF656433 324 (604.0)
denovo112 C1c/C45_AY239364 324 (613.0)
denovo112 C1c/C45_EU449103 324 (613.0)
denovo112 C21.19_HE579031 320 (598.5)
denovo112 C21.21_HE579033 320 (589.5)
denovo112 C21.20_HE579032 320 (598.5)
denovo112 C42b_AY765403 324 (594.0)
denovo112 C42_AY258487 324 (603.0)
denovo112 C1p_GU907652 324 (604.0)
denovo112 C1d_AY258488 324 (595.0)
denovo112 C42_AY765402 324 (604.0)
denovo112 C3ha_AY589736 322 (605.5)
denovo112 C63a_AY589767 325 (597.5)
denovo112 C21a_AY589744 320 (598.5)
denovo112 C3o_GU907653 323 (597.5)
denovo112 C21.16_HQ630875 320 (598.0)
denovo112 C21.2_JF683324 328 (596.0)
denovo112 C21.7_JF683328 320 (589.5)
denovo112 C21.8_JF683329 320 (598.5)
denovo112 C3h_AY239365 320 (598.5)
denovo112 C1203_EU099798 320 (589.5)
denovo112 C3.10_FJ461505 325 (626.0)
denovo112 C21.14_FJ461516 320 (607.5)
denovo112 C21.18_HE579030 328 (593.0)
denovo112 C3.17_HE579005 325 (608.0)
denovo112 C3.9_FJ461504 325 (604.5)
denovo112 C3.8_FJ461503 325 (616.5)
denovo112 C3.7_FJ461502 325 (608.0)
denovo112 C3.11_FJ461506 332 (619.5)
denovo112 C3.18_HE579006 325 (608.0)
denovo112 C3.19_HE579007 325 (608.0)
denovo112 C3.20_HE579008 325 (608.0)
denovo112 C3g_AY589735 328 (600.0)
denovo112 C3a_AF499790 323 (619.5)
denovo112 C3e_AF499793 325 (608.0)
denovo112 C6_AF499796 328 (615.0)
denovo112 C11_AF499800 325 (608.0)
denovo112 C36_AY258480 325 (608.0)
denovo112 C29_AY258494 325 (617.0)
denovo112 C1146_EF656434 325 (608.0)
denovo112 C1190_EU099841 325 (626.0)
denovo112 C131_JF320826 325 (608.0)
denovo112 C28_AY239380 332 (621.5)
denovo112 C1012_DQ480604 328 (616.0)
denovo112 C1181_AB294640 325 (611.0)
denovo112 C1180_AB294641 325 (611.0)
denovo112 C1179_AB294645 324 (598.0)
denovo112 C1176_AB294651 323 (604.5)
denovo112 C1175_AB294653 325 (593.0)
denovo112 C1174_AB294655 318 (608.0)
denovo112 C1177_AB294659 326 (604.5)
denovo112 C1040_AB190269 325 (617.0)
denovo112 C1182_AB294649 325 (608.0)
denovo112 C1089_AJ278598 325 (608.0)
denovo112 C1028_DQ335357 332 (619.0)
denovo112 C3.16_EU786015 325 (626.0)
denovo112 C1097_AJ311943 323 (606.5)
denovo112 C1170_AB294661 325 (602.0)
denovo112 C21.17_HE579029 320 (600.5)
denovo112 C21/3d/C3k_AY239372 320 (598.5)
denovo112 C58_AY589762 326 (596.5)
denovo112 C3L_AY589738 328 (612.5)
denovo112 C1169_AB294660 325 (602.0)
denovo112 C3.2_FJ461497 325 (620.5)
denovo112 C3.1_JF683321 324 (616.0)
denovo112 C1104_AF427469 326 (607.0)
denovo112 C3b_AF499791 325 (620.0)
denovo112 C83_GU907661 325 (619.5)
denovo112 C49_AY589754 360 (622.0)
denovo112 C3_AB778606 325 (617.0)
denovo112 C3_AF499789 325 (617.0)
denovo112 C3_HE579001 325 (617.0)
denovo112 C21.12_FJ461514 320 (580.5)
denovo112 C1229_EU074888 318 (606.5)
denovo112 C1230_EU074889 318 (615.5)
denovo112 C1114_AB207196 325 (599.0)
denovo112 C3.21_HE579009 326 (560.0)
denovo112 C1057_DQ480619 326 (610.5)
denovo112 C72_AY765407 319 (606.5)
denovo112 C1b.3_HE578999 324 (607.5)
denovo112 C93_AJ621536 325 (608.0)
denovo112 C94_AJ621539 324 (604.0)
denovo112 C1g_AY589730 324 (622.0)
denovo112 C1i_AY589731 321 (623.0)
denovo112 C1j_AY589732 331 (615.0)
denovo112 C1005_DQ480633 324 (604.0)
denovo112 C1.7_FJ461494 324 (604.0)
denovo112 C1.11_HE578984 319 (614.5)
denovo112 C1.12_HE578985 320 (609.0)
denovo112 C1.13_HE578986 326 (610.5)
denovo112 C1.14_HE578987 326 (610.5)
denovo112 C1.18_HE578991 324 (622.0)
denovo112 C1.19_HE578992 324 (613.0)
denovo112 C1199_EU099802 324 (598.0)
denovo112 C1188_EU099838 324 (613.0)
denovo112 C1002_DQ838544 325 (617.0)
denovo112 C1198_EU099810 324 (604.0)
denovo112 C24_AY239376 324 (604.0)
denovo112 C1f_AY258490 324 (613.0)
denovo112 C1006_DQ480629 320 (618.5)
denovo112 C1010_DQ480607 324 (604.0)
denovo112 C1007_DQ480624 324 (622.0)
denovo112 C1011_DQ480605 326 (609.0)
denovo112 C1009_DQ480608 326 (609.0)
denovo112 C1041_AY186548 324 (613.5)
denovo112 C1052_AY186570 324 (604.0)
denovo112 C1148_EU040178 324 (613.0)
denovo112 C1234_EU118165 325 (603.0)
denovo112 C1.5_EF634157 321 (614.0)
denovo112 C1059_DQ480609 324 (604.0)
denovo112 C1228_EU074883 324 (612.5)
denovo112 C1208_EU074963 324 (604.0)
denovo112 C1207_EU074964 324 (613.5)
denovo112 C1206_EU074965 324 (604.0)
denovo112 C1013_DQ480642 326 (610.5)
denovo112 C80_GU907656 332 (610.5)
denovo112 C1a_AF499788 321 (614.0)
denovo112 C41_AY258486 324 (613.0)
denovo112 C39_AY258484 313 (610.5)
denovo112 C1231_EU074878 324 (604.0)
denovo112 C1b.1_HE578997 324 (607.5)
denovo112 C18_AY258478 324 (613.0)
denovo112 C1.10_HE578983 320 (608.0)
denovo112 C1_JN558041 324 (613.0)
denovo112 C1_HE578979 324 (613.0)
denovo112 C1_AM748551 324 (613.0)
denovo112 C1_AF333515 324 (613.0)
denovo112 C1054_AY186565 323 (607.5)
denovo112 C1008_DQ480613 324 (622.0)
denovo112 C1103_AF427470 325 (603.0)
denovo112 C1226_EU074881 325 (603.0)
denovo112 C1b/C1e_AY239363 324 (616.5)
denovo112 C1044_DQ068038 324 (598.0)
denovo112 C1017_DQ174729 325 (606.5)
denovo112 C1.6_FJ461493 324 (622.0)
denovo112 C1b.2_HE578998 324 (607.5)
denovo112 C1060_DQ480600 324 (604.0)
denovo112 C1227_EU074882 324 (604.0)
denovo112 C1197_EU099814 324 (604.0)
denovo112 C1130_DQ480643 324 (498.5)
denovo112 D109_AB097465 342 (467.5)
denovo112 D1.11_HE579040 348 (468.5)
denovo112 D105_AF174570 350 (464.5)
denovo112 D104_AF174572 340 (461.0)
denovo112 D1.3_JF683337 348 (459.5)
denovo112 D1.10_HE579039 344 (464.5)
denovo112 D110_AF174561 344 (464.5)
denovo112 D117_AF174542 348 (459.5)
denovo112 D114_AF174549 348 (468.5)
denovo112 D113_AF174557 342 (459.0)
denovo112 D112_AF174558 344 (465.0)
denovo112 D106_AF174559 348 (468.5)
denovo112 D111_AF174560 344 (464.5)
denovo112 D115_AF174562 348 (468.5)
denovo112 D107_AF174568 348 (469.5)
denovo112 D116_AF174571 348 (451.0)
denovo112 D124_EU074897 337 (470.0)
denovo112 D1.8_HE579037 348 (468.5)
denovo112 D3_AY686650 348 (468.5)
denovo112 D1.6_HQ630881 348 (459.5)
denovo112 D120_EU074900 342 (458.5)
denovo112 D121_EU074904 348 (460.0)
denovo112 D122_EU074905 348 (459.5)
denovo112 D1a.2_JF683339 339 (469.0)
denovo112 D1a.1_JF683338 337 (470.0)
denovo112 D2_AY686649 581 (533.0)
denovo112 D4_DQ865214 343 (467.0)
denovo112 D1a_AF499802 342 (467.5)
denovo112 D1a_JN558078 342 (467.5)
denovo112 D123_EU074895 343 (470.0)
denovo112 D108_AF174567 348 (468.5)
denovo112 D103_AF174575 342 (467.0)
denovo112 D100_AF411415 360 (459.5)
denovo112 D118_EF656435 337 (479.0)
denovo112 D101_AF411416 360 (444.5)
denovo112 D119_EU099832 355 (455.5)
denovo112 D102_AF174573 347 (469.0)
denovo112 D1_AF334660 348 (468.5)
denovo112 D1_JN558076 348 (468.5)
denovo112 D1.12_HE579041 324 (461.0)
denovo112 D1.1_AM748564 422 (495.0)
denovo112 D1.2_AM748617 425 (482.0)
denovo112 E111_EU074915 343 (446.5)
denovo112 E110_EU074914 348 (444.0)
denovo112 E114_EU074909 351 (426.0)
denovo112 E1_AF334659 350 (428.0)
denovo112 E105_EU074921 349 (438.0)
denovo112 E112_EU074916 348 (426.0)
denovo112 E104_EU074922 340 (436.5)
denovo112 E102_EU074924 348 (426.0)
denovo112 E103_EU074923 348 (435.0)
denovo112 E101_AY160123 355 (415.5)
denovo112 E109_EU074913 344 (458.5)
denovo112 E100_DQ011618 346 (471.0)
denovo112 E108_EU074912 350 (465.5)
denovo112 E113_EU074908 346 (475.5)
denovo112 E107_EU074910 350 (465.5)
denovo112 F1_JN558066 346 (589.5)
denovo112 F5.2d_AJ291530 330 (595.0)
denovo112 F104_AJ291531 330 (595.0)
denovo112 F5.2c_AM748596 329 (592.5)
denovo112 F5.2_AM748594 339 (594.5)
denovo112 F5.2a_AM748614 339 (594.5)
denovo112 F5.2b_AM748595 341 (600.0)
denovo112 F5.2e_AJ291533 342 (587.0)
denovo112 F5.2g_JN558072 337 (606.0)
denovo112 F5.2f_AJ291512 338 (590.5)
denovo112 F102_AJ291534 339 (602.5)
denovo112 F5.1c_AM748593 342 (604.0)
denovo112 F5.1d_JN558069 344 (591.0)
denovo112 F5.1b_AJ291535 344 (627.0)
denovo112 F5.1_AM748592 344 (618.0)
denovo112 F5.1a_AM748591 344 (627.0)
denovo112 F110_AJ291526 315 (667.0)
denovo112 F4.7_AM748587 314 (640.5)
denovo112 F4.5_AM748585 321 (631.0)
denovo112 F4.4a_AM748583 318 (660.0)
denovo112 F4.4_AM748582 316 (650.5)
denovo112 F4.4b_AM748584 316 (669.5)
denovo112 F4.1a_AM748573 316 (607.5)
denovo112 F112_AJ291528 314 (612.0)
denovo112 F4.1_AM748572 314 (603.0)
denovo112 F4.8b_AM748590 326 (645.0)
denovo112 F4.8_AM748588 317 (645.5)
denovo112 F4.8a_AM748589 317 (645.5)
denovo112 F109_AJ291527 323 (650.0)
denovo112 F4.6_AM748586 315 (614.0)
denovo112 F111_AJ311949 315 (655.0)
denovo112 F4.3c_AM748581 316 (649.5)
denovo112 F4.3a_AM748579 316 (658.5)
denovo112 F4.3b_AM748580 316 (658.5)
denovo112 F4.3_AM748578 316 (649.5)
denovo112 F4.2_AM748574 317 (656.0)
denovo112 F4.2a_AM748575 315 (645.0)
denovo112 F4.2c_AM748577 315 (641.5)
denovo112 F4.2b_AM748576 315 (654.0)
denovo112 F2b_AJ291521 332 (631.5)
denovo112 F2_AJ830908 325 (623.0)
denovo112 F2a_AJ830911 325 (622.0)
denovo112 F3.1a_AM748566 335 (583.5)
denovo112 F114_AJ291525 331 (608.0)
denovo112 F3.1_AM748565 331 (599.0)
denovo112 F3.2_AM748567 338 (626.0)
denovo112 F3.2a_AM748568 335 (628.0)
denovo112 F3.3_AM748569 329 (624.0)
denovo112 F3.4a_AM748571 331 (566.0)
denovo112 F3.4_AM748570 330 (572.5)
denovo112 F3.4b_AM748616 330 (572.5)
denovo112 G101_AJ291539 351 (492.0)
denovo112 G1_AM748597 351 (492.0)
denovo112 G2b_JN558087 351 (486.5)
denovo112 G2_AM748598 350 (474.0)
denovo112 G2a_AM748599 355 (471.0)
denovo112 G4_AM748601 356 (524.5)
denovo112 G3.4_LK392378 345 (492.0)
denovo112 G3_AM748600 359 (486.0)
denovo112 G3.2_KC597694 349 (436.5)
denovo112 G3.1_KC597688 359 (488.5)
denovo112 G100_AB253788 347 (488.5)
denovo112 G3.3_LK392377 345 (482.5)
denovo112 H6_AJ291520 645 (308.0)
denovo112 H3_AM748606 326 (489.5)
denovo112 H2_AM748605 327 (538.5)
denovo112 H4_AM748607 333 (523.5)
denovo112 H4a_AM748608 332 (517.0)
denovo112 H5a_AM748611 325 (517.5)
denovo112 H5b_AM748610 327 (513.0)
denovo112 H5_AJ621129 330 (514.5)
denovo112 H5_AM748609 330 (514.5)
denovo112 H100_AJ291513 329 (518.0)
denovo112 H1b_AM748604 329 (522.0)
denovo112 H1a_AM748612 329 (531.0)
denovo112 H1_AJ621152 329 (531.0)
denovo112 H1_AM748602 329 (531.0)
denovo112 I3_FN561561 336 (658.0)
denovo112 I4_FN561562 336 (658.0)
denovo112 I1_FN561559 340 (650.0)
denovo112 I2_FN561560 344 (663.5)

#---------------------------------------
#---------------------------------------
