denovo67 A136_DQ865210 338 (465.5)
denovo67 A133_DQ174725 358 (443.0)
denovo67 A115_AF180123 348 (444.0)
denovo67 A117_AF201746 337 (446.0)
denovo67 A134_DQ174723 339 (451.5)
denovo67 A114_AF184941 339 (451.5)
denovo67 A135_DQ174727 355 (445.5)
denovo67 A2_AF333506 341 (453.0)
denovo67 A101_AF427468 346 (445.0)
denovo67 A2_1_JN558097 346 (445.0)
denovo67 A2_2_JN558100 346 (445.0)
denovo67 A113_AF184948 335 (469.5)
denovo67 A112_AF184949 335 (442.5)
denovo67 A123_EF378618 351 (319.5)
denovo67 A137_EF378621 347 (327.0)
denovo67 A11_EU449041 337 (476.0)
denovo67 A121_DQ174722 342 (458.5)
denovo67 A15b_EU792886 343 (420.5)
denovo67 A15a_EU792885 343 (438.0)
denovo67 A15c_EU792887 343 (429.0)
denovo67 A15_EU792884 343 (429.5)
denovo67 A147_EU074937 341 (449.0)
denovo67 A154_EU074860 341 (440.0)
denovo67 A146_EU074936 342 (442.0)
denovo67 A150_EU074928 342 (450.5)
denovo67 A116_AF183575 355 (444.0)
denovo67 A141_EU074931 342 (451.0)
denovo67 A5_AF333508 340 (470.0)
denovo67 A3b_EU449043 341 (458.0)
denovo67 A151_EU074925 343 (447.0)
denovo67 A152_EU074927 344 (440.0)
denovo67 A149_EU074929 343 (447.5)
denovo67 A140_EU074930 341 (440.0)
denovo67 A142_EU074932 341 (440.0)
denovo67 A143_EU074933 346 (447.5)
denovo67 A144_EU074934 341 (440.0)
denovo67 A145_EU074935 344 (448.0)
denovo67 A148_EU074938 341 (440.0)
denovo67 A155_EU074856 341 (440.0)
denovo67 A156_EU074859 341 (440.0)
denovo67 A139_EU074962 342 (442.5)
denovo67 A6_AF186058 341 (449.0)
denovo67 A3_AF333507 341 (449.0)
denovo67 A3_JN558091 341 (449.0)
denovo67 A8_AY258468 341 (431.0)
denovo67 A7_AY239360 341 (440.5)
denovo67 A16_EU792888 341 (449.5)
denovo67 A4.3_FN429763 349 (435.0)
denovo67 A120_AF180122 349 (434.0)
denovo67 A4.2_FN429761 347 (435.0)
denovo67 A4_AF333509 347 (454.0)
denovo67 A4.1_FN429760 347 (451.5)
denovo67 A4a_AF499778 347 (463.0)
denovo67 A4a.1_FN429762 347 (463.0)
denovo67 A138_EF378620 350 (417.0)
denovo67 A122_EF378619 349 (435.5)
denovo67 A126_EF378615 348 (436.5)
denovo67 A10_EU792882 348 (436.5)
denovo67 A9_EU449028 343 (442.0)
denovo67 A105_AB207202 348 (455.0)
denovo67 A119_AF180121 344 (443.5)
denovo67 A12_EU792883 348 (447.0)
denovo67 A104_AB207203 342 (457.0)
denovo67 A1a_EU449030 346 (459.0)
denovo67 A1.3_HE578976 346 (450.0)
denovo67 A1.4_HE578977 346 (459.0)
denovo67 A13_AF333504 346 (458.0)
denovo67 A13_JN558094 346 (458.0)
denovo67 A110_AB190282 350 (442.5)
denovo67 A103_AB207206 348 (456.0)
denovo67 A130_EF656428 350 (451.5)
denovo67 A127_EF656429 350 (460.5)
denovo67 A128_EF656430 350 (442.5)
denovo67 A129_EF656431 346 (459.0)
denovo67 A131_EF656432 346 (459.0)
denovo67 A118_AF180120 348 (448.5)
denovo67 A1_AF333505 350 (451.5)
denovo67 A107_AB207199 347 (461.5)
denovo67 A111_AB190280 343 (458.5)
denovo67 A108_AB207197 347 (436.5)
denovo67 A106_AB207200 349 (457.5)
denovo67 A102_AB207209 349 (458.0)
denovo67 A1.2_AB207210 349 (458.0)
denovo67 A109_AB190285 349 (457.5)
denovo67 B4_AF333510 321 (1085.5)
denovo67 B23_EU449079 307 (1204.5)
denovo67 B30_GU907644 307 (1186.5)
denovo67 B11_AY239361 308 (1307.5)
denovo67 B17_AY258470 306 (1336.0)
denovo67 B1k_GU907638 308 (714.5)
denovo67 B1.V_Green2014 313 (1293.5)
denovo67 B1b_AF499780 306 (1258.5)
denovo67 B16_AY258469 306 (1336.0)
denovo67 B31a_GU907646 306 (1336.0)
denovo67 B32_GU907647 306 (1336.0)
denovo67 B31_GU907645 306 (1345.0)
denovo67 B1j_GU907637 306 (1345.0)
denovo67 B37_GU907650 308 (1334.5)
denovo67 B5a_AF499782 306 (1336.0)
denovo67 B5_AF499781 306 (1345.0)
denovo67 B24_GU907643 306 (1212.0)
denovo67 B117_AF180124 307 (1230.0)
denovo67 B10_AF499787 306 (1336.0)
denovo67 B20_GU907642 308 (1319.5)
denovo67 B1m_GU907640 306 (1345.0)
denovo67 B34_GU907649 306 (1345.0)
denovo67 B1d_GU907633 306 (1345.0)
denovo67 B1e_GU907634 306 (1345.0)
denovo67 B1i_GU907636 306 (1345.0)
denovo67 B1g_GU907635 307 (1326.0)
denovo67 B123_EU074872 306 (1336.0)
denovo67 B8_AF499785 307 (1335.0)
denovo67 B1l_GU907639 306 (1345.0)
denovo67 B1a_AF499779 306 (1345.0)
denovo67 B14_AY239362 307 (1344.0)
denovo67 B125_EU074865 306 (1345.0)
denovo67 B122_EU074871 306 (1345.0)
denovo67 B124_EU074874 306 (1345.0)
denovo67 B1.VII_Green2014 307 (1277.5)
denovo67 B1.III_Green2014 306 (1273.0)
denovo67 B1.I_Green2014 306 (1354.0)
denovo67 B1.II_Green2014 306 (1354.0)
denovo67 B1_JN558057 306 (1354.0)
denovo67 B1_AF333511 306 (1354.0)
denovo67 B1.IV_Green2014 316 (1339.5)
denovo67 B121_EU074870 306 (1345.0)
denovo67 B7_AF499784 306 (1345.0)
denovo67 B1.VI_Green2014 307 (1285.0)
denovo67 B3_AF333514 306 (1241.5)
denovo67 B9_AF499786 306 (1241.5)
denovo67 B19a_JN558055 310 (1135.5)
denovo67 B119_EU099825 315 (1167.0)
denovo67 B21_DQ865213 306 (1219.0)
denovo67 B38_GU907651 306 (1219.0)
denovo67 B18_AY258471 306 (1259.5)
denovo67 B18a_AY258472 306 (1250.5)
denovo67 B33_GU907648 306 (1250.5)
denovo67 B6_AF499783 311 (1256.0)
denovo67 B19_DQ865212 306 (1268.5)
denovo67 B19_GU907641 306 (1268.5)
denovo67 B2_AF333512 306 (1259.5)
denovo67 B2_JN558060 306 (1259.5)
denovo67 C33.1_AY258498 332 (611.5)
denovo67 C33.2_AY765400 332 (611.5)
denovo67 C33a_EF541147 332 (611.5)
denovo67 C34_AY258499 332 (611.5)
denovo67 C78_AY765413 334 (590.0)
denovo67 C15.29_KC597690 335 (583.0)
denovo67 C1131_DQ182650 336 (586.0)
denovo67 C1135_DQ182646 329 (584.5)
denovo67 C1134_DQ182647 331 (572.0)
denovo67 C1142_DQ182635 331 (581.0)
denovo67 C1136_DQ182644 329 (563.5)
denovo67 C1111_DQ182645 329 (573.0)
denovo67 C1236_EF473656 329 (564.0)
denovo67 C1138_DQ182642 326 (573.5)
denovo67 C1137_DQ182643 329 (564.0)
denovo67 C1133_DQ182648 329 (564.0)
denovo67 C1132_DQ182649 322 (571.0)
denovo67 C1143_DQ182634 329 (573.0)
denovo67 C1139_DQ182639 331 (590.0)
denovo67 C15.28_KC597687 331 (636.0)
denovo67 C1141_DQ182636 331 (590.0)
denovo67 C1144_DQ182637 331 (599.0)
denovo67 C1122_DQ182654 331 (608.0)
denovo67 C1127_DQ182652 324 (606.0)
denovo67 C15.30_JX394114 336 (622.5)
denovo67 C15.26_KC597686 332 (620.0)
denovo67 C1086_DQ182656 333 (623.0)
denovo67 C15.25_KC597685 333 (632.0)
denovo67 C1118_AF180127 334 (586.0)
denovo67 C1129_DQ182651 333 (577.0)
denovo67 C15.21_KC597683 331 (599.5)
denovo67 C56_AY589760 330 (614.0)
denovo67 C1140_DQ182638 333 (595.0)
denovo67 C1126_DQ182653 333 (586.0)
denovo67 C15c_AY258492 330 (632.5)
denovo67 C15d_AY258493 329 (639.0)
denovo67 C1098_DQ182641 331 (633.0)
denovo67 C15.27_KC597689 333 (623.0)
denovo67 C15.18_HE579024 332 (620.0)
denovo67 C15.16_HE579022 333 (641.0)
denovo67 C1101_AB253787 333 (614.0)
denovo67 C1083_AY237300 333 (623.0)
denovo67 C1088_DQ182640 336 (621.0)
denovo67 C15.6_FN563472 333 (623.0)
denovo67 C15.5_FJ461512 335 (619.5)
denovo67 C15.4_FJ461511 335 (628.5)
denovo67 C15.13_HE579019 333 (614.0)
denovo67 C15.12_HE579018 333 (623.0)
denovo67 C93a_AM748563 331 (635.5)
denovo67 C1094_AJ291514 331 (626.5)
denovo67 C93_AM748562 331 (626.5)
denovo67 C15.17_HE579023 332 (614.0)
denovo67 C15e_AY589742 335 (631.5)
denovo67 C15.22_KC597695 333 (623.0)
denovo67 C60_AY589764 333 (623.0)
denovo67 C15.1_FJ461508 333 (623.0)
denovo67 C15.2_FJ461509 333 (632.0)
denovo67 C15.9_FN563475 333 (640.5)
denovo67 C15.7_HE579015 332 (637.5)
denovo67 C15.8_HE579016 333 (623.0)
denovo67 C15.15_HE579021 333 (623.0)
denovo67 C15.19_HE579025 333 (632.0)
denovo67 C15.24_KC597696 333 (614.0)
denovo67 C15.3_FJ461510 335 (637.5)
denovo67 C1087_DQ182655 333 (632.0)
denovo67 C15.14_HE579020 334 (622.5)
denovo67 C15.23_KC597697 334 (622.5)
denovo67 C19_AY258479 325 (639.5)
denovo67 C1233_EU118166 333 (623.0)
denovo67 C15b_AY258491 333 (623.0)
denovo67 C15a_AY258476 335 (637.5)
denovo67 C1051_AF195153 333 (632.0)
denovo67 C2_AF333518 334 (631.0)
denovo67 C15.20_HE579026 334 (631.5)
denovo67 C15f_AY589743 335 (625.0)
denovo67 C55_AY589759 338 (632.0)
denovo67 C15_AY239369 333 (632.0)
denovo67 C32.1_JF683335 331 (578.0)
denovo67 C32.2_JF683336 331 (578.0)
denovo67 C21.23_KC597693 331 (578.0)
denovo67 C1193_EU099827 333 (600.0)
denovo67 C1195_EU099821 341 (591.0)
denovo67 C3q_GU907655 336 (588.5)
denovo67 C53_AY589758 335 (601.5)
denovo67 C73_AY765408 342 (602.0)
denovo67 C17.2.1_KC597684 336 (572.5)
denovo67 C32_AY258497 335 (588.0)
denovo67 C1189_EU099831 335 (589.5)
denovo67 C1191_EU099833 334 (596.0)
denovo67 C1196_EU099819 335 (571.5)
denovo67 C1192_EU099820 335 (571.5)
denovo67 C17.1_JF683322 335 (589.5)
denovo67 C26_b2_FN827164 333 (589.5)
denovo67 C26_b3_FN827165 336 (580.0)
denovo67 C31.9_HQ630879 337 (576.0)
denovo67 C31a_AY589746 337 (572.5)
denovo67 C30_AY589745 337 (572.5)
denovo67 C31.1_HQ630876 341 (574.0)
denovo67 C31.5_HQ630877 335 (584.5)
denovo67 C31.6_HQ630878 337 (581.5)
denovo67 C31.2_JF683332 337 (581.5)
denovo67 C31.3_JF683333 337 (572.5)
denovo67 C26/C35a_AY239378 336 (580.0)
denovo67 C35a_AY258501 336 (580.0)
denovo67 C35.2_AY258500 336 (589.0)
denovo67 C26_b1_FN827163 336 (589.0)
denovo67 C17_AY239370 335 (589.5)
denovo67 C17.2_FJ461513 337 (588.5)
denovo67 C31.10_HQ630880 337 (585.0)
denovo67 C31.4_JF683334 341 (579.0)
denovo67 C31_AY258496 337 (581.5)
denovo67 C25_AY239377 333 (616.5)
denovo67 C61_AY589765 332 (577.0)
denovo67 C1043_DQ072721 335 (578.5)
denovo67 C79_AY765414 339 (602.0)
denovo67 C69_AY589773 325 (598.0)
denovo67 C69a_AY686648 325 (589.0)
denovo67 C21.22_KC597692 338 (570.0)
denovo67 C51_AY589756 334 (599.0)
denovo67 C1aa_HM185739 329 (611.5)
denovo67 C1096_DQ068023 332 (599.0)
denovo67 C74_AY765409 341 (632.0)
denovo67 C1185_AB294629 343 (628.5)
denovo67 C1184_AB294630 343 (628.5)
denovo67 C1153_AB294625 343 (628.5)
denovo67 C1154_AB294626 342 (644.0)
denovo67 C1187_AB294627 343 (628.5)
denovo67 C1186_AB294628 343 (628.5)
denovo67 C57_AY589761 343 (637.5)
denovo67 C66_AY589771 343 (637.5)
denovo67 C5_AF499795 333 (614.0)
denovo67 C1167_AB294586 333 (614.0)
denovo67 C1164_AB294593 333 (614.0)
denovo67 C1183_AB294631 333 (632.0)
denovo67 C1067_DQ335381 335 (610.5)
denovo67 C1159_AB294613 327 (620.0)
denovo67 C1150_AB294622 327 (629.0)
denovo67 C90_AM748554 334 (637.0)
denovo67 C1168_AB294583 333 (623.0)
denovo67 C1156_AB294616 333 (632.0)
denovo67 C1151_AB294621 333 (641.0)
denovo67 C92a_AM748561 333 (641.0)
denovo67 C92_AM748560 333 (632.0)
denovo67 C1165_AB294581 333 (623.0)
denovo67 C1166_AB294584 333 (641.0)
denovo67 C1162_AB294594 333 (623.0)
denovo67 C1163_AB294596 333 (632.5)
denovo67 C1161_AB294606 333 (632.0)
denovo67 C1160_AB294608 337 (624.5)
denovo67 C1158_AB294614 333 (641.0)
denovo67 C1155_AB294617 333 (632.0)
denovo67 C1149_AB294620 333 (632.0)
denovo67 C1173_AB294662 333 (641.0)
denovo67 C1171_AB294663 333 (623.0)
denovo67 C1172_AB294665 334 (625.0)
denovo67 C91a_AM748556 333 (641.0)
denovo67 C91b_AM748557 333 (632.0)
denovo67 C91d_AM748559 332 (629.5)
denovo67 C91c_AM748558 332 (629.5)
denovo67 C91_AJ621543 333 (632.0)
denovo67 C91_AM748555 333 (632.0)
denovo67 C1023_DQ335330 324 (583.5)
denovo67 C1020_DQ335392 328 (617.5)
denovo67 C1018_DQ335408 335 (619.5)
denovo67 C1074_DQ335329 335 (610.5)
denovo67 C1030_DQ335353 335 (610.5)
denovo67 C1022_DQ335331 335 (610.5)
denovo67 C1027_DQ335360 328 (626.5)
denovo67 C1072_DQ335344 335 (610.5)
denovo67 C1039_AB190274 335 (619.5)
denovo67 C1033_DQ335350 340 (607.5)
denovo67 C1019_DQ335407 335 (619.5)
denovo67 C1194_EU099826 335 (604.5)
denovo67 C8b_AY258475 335 (594.5)
denovo67 C8_AY239367 338 (609.5)
denovo67 C8a_AY239368 333 (613.0)
denovo67 C54a_AY765406 335 (619.5)
denovo67 C3ff_HM185740 335 (628.5)
denovo67 C59_AY589763 339 (605.0)
denovo67 C3k_AY589737 332 (620.5)
denovo67 C3.24_HE579012 331 (627.0)
denovo67 C3.23_HE579011 332 (620.5)
denovo67 C35.1_AY765401 336 (622.0)
denovo67 C35.3_EF541145 336 (622.0)
denovo67 C76_AY765411 335 (607.5)
denovo67 C1107_DQ335359 334 (594.0)
denovo67 C3.22_HE579010 338 (593.5)
denovo67 C77_AY765412 335 (607.0)
denovo67 C20_AY239371 338 (618.5)
denovo67 C1055_DQ480640 333 (610.0)
denovo67 C27/C30_AY239379 336 (580.0)
denovo67 C27.1_FJ461517 336 (571.0)
denovo67 C40a_AY589747 340 (622.5)
denovo67 C40_AY258485 340 (622.5)
denovo67 C40b_AY589748 341 (613.5)
denovo67 C16_AY258477 338 (619.0)
denovo67 C16a_AY765399 338 (619.0)
denovo67 C1091_AB207186 335 (620.0)
denovo67 C1102_DQ335400 335 (611.0)
denovo67 C1069_DQ335375 335 (620.0)
denovo67 C1073_DQ335332 336 (614.0)
denovo67 C1066_DQ335382 333 (605.5)
denovo67 C1031_DQ335352 335 (620.0)
denovo67 C1026_DQ335366 335 (619.5)
denovo67 C70_AY589774 335 (629.0)
denovo67 C1082_AB190267 335 (611.0)
denovo67 C1078_AB190271 333 (622.5)
denovo67 C1090_AB207191 335 (620.0)
denovo67 C1071_DQ335302 335 (620.0)
denovo67 C1075_DQ335328 335 (620.0)
denovo67 C1068_DQ335379 335 (611.0)
denovo67 C1064_DQ335395 335 (611.0)
denovo67 C1063_DQ335403 332 (620.5)
denovo67 C62_AY589766 335 (620.0)
denovo67 C1077_DQ335316 332 (625.5)
denovo67 C1109_DQ335338 335 (611.0)
denovo67 C1110_DQ335340 335 (602.0)
denovo67 C1106_DQ335339 335 (602.0)
denovo67 C1112_DQ335319 335 (611.0)
denovo67 C1108_DQ335351 335 (602.0)
denovo67 C1105_DQ335394 335 (611.0)
denovo67 C1121_DQ335378 335 (602.0)
denovo67 C1116_AB190268 335 (611.0)
denovo67 C1115_AB190273 335 (611.0)
denovo67 C1124_DQ335323 335 (593.0)
denovo67 C1120_DQ335398 335 (593.0)
denovo67 C1119_DQ335404 335 (602.0)
denovo67 C1123_DQ335363 335 (602.0)
denovo67 C1004_DQ480635 335 (619.0)
denovo67 C1061_AY186568 335 (610.0)
denovo67 C1053_AY186569 335 (619.0)
denovo67 C1003_DQ480639 335 (619.0)
denovo67 C81_GU907657 321 (594.5)
denovo67 C22_AY239373 330 (621.5)
denovo67 C22a_AY239374 333 (613.0)
denovo67 C1232_EU118163 337 (616.0)
denovo67 C21.13_FJ461515 334 (587.0)
denovo67 C21.1_JF683323 333 (593.0)
denovo67 C21.3_JF683325 335 (598.5)
denovo67 C1.20_HE578993 335 (610.5)
denovo67 C1.22_HE578995 335 (601.5)
denovo67 C52_AY589757 334 (611.5)
denovo67 C1201_EU099793 337 (584.5)
denovo67 C14_AY589741 338 (613.0)
denovo67 C43_AY589749 338 (619.0)
denovo67 C50_AY589755 335 (619.5)
denovo67 C3.14_HQ630872 334 (625.0)
denovo67 C1m_AY765398 335 (620.0)
denovo67 C82_GU907658 335 (619.5)
denovo67 C82b_GU907660 335 (619.5)
denovo67 C64_AY589768 332 (628.0)
denovo67 C45a_AY765404 331 (625.5)
denovo67 C48_AY589753 335 (640.0)
denovo67 C1_v1b_FJ919244 335 (610.5)
denovo67 C1_v1a_FJ919243 335 (619.5)
denovo67 C3j_AY239366 335 (610.5)
denovo67 C3t_EF541149 338 (627.5)
denovo67 C9_AF499798 337 (625.5)
denovo67 C23_AY239375 336 (641.0)
denovo67 C37_AY258481 329 (610.5)
denovo67 C1048_DQ068026 338 (618.5)
denovo67 C21.4_JF683326 335 (598.5)
denovo67 C21.5_JF683327 335 (598.5)
denovo67 C1070_DQ335349 335 (628.5)
denovo67 C21.6_HQ630873 335 (607.5)
denovo67 C1224_EU074890 335 (637.5)
denovo67 C1.17_HE578990 335 (637.5)
denovo67 C21_b1_FN827162 337 (586.0)
denovo67 C21.9_JF683330 337 (595.0)
denovo67 C1085_AY624605 332 (611.5)
denovo67 C3p_GU907654 336 (607.0)
denovo67 C3f_AY589734 335 (628.5)
denovo67 C65a_AY589770 333 (622.5)
denovo67 C65_AY589769 333 (631.5)
denovo67 C71_AY589775 333 (622.5)
denovo67 C71a_AY589776 333 (613.5)
denovo67 C1178_AB294647 334 (611.0)
denovo67 C1225_EU074893 332 (638.0)
denovo67 C75_AY765410 334 (626.0)
denovo67 C21.10_JF683331 334 (595.5)
denovo67 C21.11_HQ630874 334 (595.5)
denovo67 C1065_DQ335388 335 (628.5)
denovo67 C1045_DQ068036 335 (637.5)
denovo67 C1h_AY258473 334 (625.0)
denovo67 C38_AY258482 334 (616.0)
denovo67 C1202_EU099799 334 (616.0)
denovo67 C7_AF499797 334 (625.0)
denovo67 C12_AF499801 336 (614.5)
denovo67 C38a_AY258483 333 (627.5)
denovo67 C1200_EU099800 322 (624.5)
denovo67 C44a_AY589751 335 (628.0)
denovo67 C47_AY589752 338 (636.5)
denovo67 C44_AY589750 338 (627.5)
denovo67 C1.15_HE578988 335 (619.5)
denovo67 C45.3_FJ461522 338 (618.5)
denovo67 C46a_AY765405 338 (618.5)
denovo67 C46_EU449108 338 (627.5)
denovo67 C3.12_FJ461507 338 (627.5)
denovo67 C1k_AY589733 338 (618.5)
denovo67 C67_AY686647 338 (627.5)
denovo67 C82a_GU907659 335 (619.5)
denovo67 C10a_AY589739 338 (627.5)
denovo67 C10_AF499799 338 (618.5)
denovo67 C13_AY589740 333 (619.5)
denovo67 C4_AF499794 338 (618.5)
denovo67 C1147_EF656433 338 (618.5)
denovo67 C1c/C45_AY239364 338 (627.5)
denovo67 C1c/C45_EU449103 338 (627.5)
denovo67 C21.19_HE579031 328 (596.5)
denovo67 C21.21_HE579033 328 (596.5)
denovo67 C21.20_HE579032 328 (596.5)
denovo67 C42b_AY765403 339 (631.0)
denovo67 C42_AY258487 339 (622.0)
denovo67 C1p_GU907652 335 (619.5)
denovo67 C1d_AY258488 338 (609.5)
denovo67 C42_AY765402 338 (618.5)
denovo67 C3ha_AY589736 335 (589.5)
denovo67 C63a_AY589767 337 (606.5)
denovo67 C21a_AY589744 335 (598.5)
denovo67 C3o_GU907653 334 (596.0)
denovo67 C21.16_HQ630875 335 (589.5)
denovo67 C21.2_JF683324 335 (589.5)
denovo67 C21.7_JF683328 334 (596.0)
denovo67 C21.8_JF683329 335 (598.5)
denovo67 C3h_AY239365 335 (589.5)
denovo67 C1203_EU099798 335 (589.5)
denovo67 C3.10_FJ461505 335 (637.5)
denovo67 C21.14_FJ461516 335 (607.5)
denovo67 C21.18_HE579030 341 (586.5)
denovo67 C3.17_HE579005 335 (619.5)
denovo67 C3.9_FJ461504 328 (614.5)
denovo67 C3.8_FJ461503 335 (628.5)
denovo67 C3.7_FJ461502 335 (637.5)
denovo67 C3.11_FJ461506 328 (626.5)
denovo67 C3.18_HE579006 335 (628.5)
denovo67 C3.19_HE579007 335 (619.5)
denovo67 C3.20_HE579008 335 (628.5)
denovo67 C3g_AY589735 338 (611.5)
denovo67 C3a_AF499790 333 (632.0)
denovo67 C3e_AF499793 335 (619.5)
denovo67 C6_AF499796 335 (637.5)
denovo67 C11_AF499800 335 (619.5)
denovo67 C36_AY258480 335 (637.5)
denovo67 C29_AY258494 335 (637.5)
denovo67 C1146_EF656434 336 (623.0)
denovo67 C1190_EU099841 335 (637.5)
denovo67 C131_JF320826 335 (619.5)
denovo67 C28_AY239380 336 (625.0)
denovo67 C1012_DQ480604 335 (619.5)
denovo67 C1181_AB294640 335 (604.5)
denovo67 C1180_AB294641 335 (622.5)
denovo67 C1179_AB294645 333 (608.0)
denovo67 C1176_AB294651 333 (617.0)
denovo67 C1175_AB294653 335 (604.5)
denovo67 C1174_AB294655 337 (610.0)
denovo67 C1177_AB294659 335 (613.5)
denovo67 C1040_AB190269 337 (625.0)
denovo67 C1182_AB294649 335 (619.5)
denovo67 C1089_AJ278598 335 (619.5)
denovo67 C1028_DQ335357 335 (628.5)
denovo67 C3.16_EU786015 335 (637.5)
denovo67 C1097_AJ311943 334 (613.0)
denovo67 C1170_AB294661 335 (613.5)
denovo67 C21.17_HE579029 335 (609.5)
denovo67 C21/3d/C3k_AY239372 335 (598.5)
denovo67 C58_AY589762 336 (598.0)
denovo67 C3L_AY589738 331 (622.0)
denovo67 C1169_AB294660 335 (613.5)
denovo67 C3.2_FJ461497 335 (622.5)
denovo67 C3.1_JF683321 332 (623.5)
denovo67 C1104_AF427469 336 (618.5)
denovo67 C3b_AF499791 328 (629.5)
denovo67 C83_GU907661 335 (631.0)
denovo67 C49_AY589754 361 (643.0)
denovo67 C3_AB778606 335 (628.5)
denovo67 C3_AF499789 335 (628.5)
denovo67 C3_HE579001 335 (628.5)
denovo67 C21.12_FJ461514 335 (589.5)
denovo67 C1229_EU074888 332 (615.0)
denovo67 C1230_EU074889 332 (624.0)
denovo67 C1114_AB207196 335 (610.5)
denovo67 C3.21_HE579009 335 (569.0)
denovo67 C1057_DQ480619 335 (619.5)
denovo67 C72_AY765407 332 (619.0)
denovo67 C1b.3_HE578999 335 (622.5)
denovo67 C93_AJ621536 335 (628.5)
denovo67 C94_AJ621539 335 (628.5)
denovo67 C1g_AY589730 335 (637.5)
denovo67 C1i_AY589731 329 (612.0)
denovo67 C1j_AY589732 335 (628.5)
denovo67 C1005_DQ480633 335 (619.5)
denovo67 C1.7_FJ461494 335 (619.5)
denovo67 C1.11_HE578984 335 (620.0)
denovo67 C1.12_HE578985 335 (619.5)
denovo67 C1.13_HE578986 335 (628.5)
denovo67 C1.14_HE578987 335 (628.5)
denovo67 C1.18_HE578991 335 (619.5)
denovo67 C1.19_HE578992 335 (619.5)
denovo67 C1199_EU099802 332 (605.0)
denovo67 C1188_EU099838 332 (620.0)
denovo67 C1002_DQ838544 335 (628.5)
denovo67 C1198_EU099810 335 (619.5)
denovo67 C24_AY239376 335 (619.5)
denovo67 C1f_AY258490 335 (628.5)
denovo67 C1006_DQ480629 335 (637.5)
denovo67 C1010_DQ480607 335 (619.5)
denovo67 C1007_DQ480624 335 (619.5)
denovo67 C1011_DQ480605 335 (619.5)
denovo67 C1009_DQ480608 339 (621.5)
denovo67 C1041_AY186548 335 (628.5)
denovo67 C1052_AY186570 335 (619.5)
denovo67 C1148_EU040178 335 (628.5)
denovo67 C1234_EU118165 336 (618.5)
denovo67 C1.5_EF634157 335 (628.5)
denovo67 C1059_DQ480609 335 (619.5)
denovo67 C1228_EU074883 335 (619.5)
denovo67 C1208_EU074963 335 (619.5)
denovo67 C1207_EU074964 335 (628.5)
denovo67 C1206_EU074965 335 (619.5)
denovo67 C1013_DQ480642 336 (621.5)
denovo67 C80_GU907656 342 (614.0)
denovo67 C1a_AF499788 332 (620.0)
denovo67 C41_AY258486 335 (628.5)
denovo67 C39_AY258484 320 (624.0)
denovo67 C1231_EU074878 335 (619.5)
denovo67 C1b.1_HE578997 335 (613.5)
denovo67 C18_AY258478 335 (628.5)
denovo67 C1.10_HE578983 334 (623.0)
denovo67 C1_JN558041 335 (628.5)
denovo67 C1_HE578979 335 (628.5)
denovo67 C1_AM748551 335 (628.5)
denovo67 C1_AF333515 335 (628.5)
denovo67 C1054_AY186565 334 (632.0)
denovo67 C1008_DQ480613 335 (619.5)
denovo67 C1103_AF427470 336 (618.5)
denovo67 C1226_EU074881 336 (618.5)
denovo67 C1b/C1e_AY239363 335 (622.5)
denovo67 C1044_DQ068038 335 (613.5)
denovo67 C1017_DQ174729 336 (612.5)
denovo67 C1.6_FJ461493 335 (637.5)
denovo67 C1b.2_HE578998 335 (622.5)
denovo67 C1060_DQ480600 335 (619.5)
denovo67 C1227_EU074882 336 (621.5)
denovo67 C1197_EU099814 335 (619.5)
denovo67 C1130_DQ480643 335 (541.0)
denovo67 D109_AB097465 360 (430.5)
denovo67 D1.11_HE579040 357 (440.0)
denovo67 D105_AF174570 358 (434.5)
denovo67 D104_AF174572 357 (431.0)
denovo67 D1.3_JF683337 358 (433.5)
denovo67 D1.10_HE579039 357 (431.0)
denovo67 D110_AF174561 357 (431.0)
denovo67 D117_AF174542 357 (431.0)
denovo67 D114_AF174549 357 (440.0)
denovo67 D113_AF174557 357 (431.0)
denovo67 D112_AF174558 359 (437.5)
denovo67 D106_AF174559 364 (442.5)
denovo67 D111_AF174560 357 (439.5)
denovo67 D115_AF174562 357 (431.0)
denovo67 D107_AF174568 356 (437.5)
denovo67 D116_AF174571 362 (436.5)
denovo67 D124_EU074897 354 (440.5)
denovo67 D1.8_HE579037 359 (437.5)
denovo67 D3_AY686650 357 (440.0)
denovo67 D1.6_HQ630881 357 (431.0)
denovo67 D120_EU074900 357 (431.0)
denovo67 D121_EU074904 362 (436.5)
denovo67 D122_EU074905 357 (431.0)
denovo67 D1a.2_JF683339 364 (435.5)
denovo67 D1a.1_JF683338 354 (440.5)
denovo67 D2_AY686649 590 (507.0)
denovo67 D4_DQ865214 360 (437.0)
denovo67 D1a_AF499802 357 (440.0)
denovo67 D1a_JN558078 357 (440.0)
denovo67 D123_EU074895 358 (442.5)
denovo67 D108_AF174567 353 (446.0)
denovo67 D103_AF174575 357 (440.0)
denovo67 D100_AF411415 357 (440.0)
denovo67 D118_EF656435 351 (449.0)
denovo67 D101_AF411416 357 (425.0)
denovo67 D119_EU099832 356 (430.5)
denovo67 D102_AF174573 357 (443.5)
denovo67 D1_AF334660 357 (440.0)
denovo67 D1_JN558076 357 (440.0)
denovo67 D1.12_HE579041 338 (438.0)
denovo67 D1.1_AM748564 418 (445.5)
denovo67 D1.2_AM748617 441 (458.5)
denovo67 E111_EU074915 348 (432.0)
denovo67 E110_EU074914 364 (437.5)
denovo67 E114_EU074909 364 (419.5)
denovo67 E1_AF334659 365 (427.5)
denovo67 E105_EU074921 364 (437.5)
denovo67 E112_EU074916 364 (419.5)
denovo67 E104_EU074922 364 (428.5)
denovo67 E102_EU074924 364 (419.5)
denovo67 E103_EU074923 364 (428.5)
denovo67 E101_AY160123 368 (409.5)
denovo67 E109_EU074913 351 (444.0)
denovo67 E100_DQ011618 356 (457.0)
denovo67 E108_EU074912 356 (448.0)
denovo67 E113_EU074908 352 (458.0)
denovo67 E107_EU074910 356 (448.0)
denovo67 F1_JN558066 326 (567.0)
denovo67 F5.2d_AJ291530 324 (598.0)
denovo67 F104_AJ291531 324 (598.0)
denovo67 F5.2c_AM748596 324 (589.5)
denovo67 F5.2_AM748594 324 (589.0)
denovo67 F5.2a_AM748614 324 (589.0)
denovo67 F5.2b_AM748595 324 (589.0)
denovo67 F5.2e_AJ291533 325 (592.5)
denovo67 F5.2g_JN558072 324 (597.5)
denovo67 F5.2f_AJ291512 324 (588.5)
denovo67 F102_AJ291534 324 (588.5)
denovo67 F5.1c_AM748593 326 (612.5)
denovo67 F5.1d_JN558069 329 (575.0)
denovo67 F5.1b_AJ291535 325 (601.0)
denovo67 F5.1_AM748592 327 (597.5)
denovo67 F5.1a_AM748591 325 (601.0)
denovo67 F110_AJ291526 322 (671.0)
denovo67 F4.7_AM748587 324 (653.5)
denovo67 F4.5_AM748585 323 (646.5)
denovo67 F4.4a_AM748583 319 (672.0)
denovo67 F4.4_AM748582 324 (674.5)
denovo67 F4.4b_AM748584 317 (691.0)
denovo67 F4.1a_AM748573 326 (626.5)
denovo67 F112_AJ291528 323 (611.5)
denovo67 F4.1_AM748572 323 (620.5)
denovo67 F4.8b_AM748590 325 (670.0)
denovo67 F4.8_AM748588 316 (670.5)
denovo67 F4.8a_AM748589 316 (670.5)
denovo67 F109_AJ291527 322 (666.0)
denovo67 F4.6_AM748586 323 (647.0)
denovo67 F111_AJ311949 316 (658.5)
denovo67 F4.3c_AM748581 317 (670.5)
denovo67 F4.3a_AM748579 316 (677.5)
denovo67 F4.3b_AM748580 317 (679.5)
denovo67 F4.3_AM748578 317 (670.5)
denovo67 F4.2_AM748574 323 (683.0)
denovo67 F4.2a_AM748575 323 (659.5)
denovo67 F4.2c_AM748577 323 (656.0)
denovo67 F4.2b_AM748576 323 (668.5)
denovo67 F2b_AJ291521 334 (614.5)
denovo67 F2_AJ830908 330 (639.5)
denovo67 F2a_AJ830911 330 (635.0)
denovo67 F3.1a_AM748566 341 (601.0)
denovo67 F114_AJ291525 341 (601.5)
denovo67 F3.1_AM748565 341 (610.5)
denovo67 F3.2_AM748567 348 (639.5)
denovo67 F3.2a_AM748568 348 (633.0)
denovo67 F3.3_AM748569 341 (624.5)
denovo67 F3.4a_AM748571 339 (582.5)
denovo67 F3.4_AM748570 335 (588.5)
denovo67 F3.4b_AM748616 335 (588.5)
denovo67 G101_AJ291539 367 (468.5)
denovo67 G1_AM748597 367 (468.5)
denovo67 G2b_JN558087 365 (462.5)
denovo67 G2_AM748598 366 (456.5)
denovo67 G2a_AM748599 366 (447.5)
denovo67 G4_AM748601 356 (497.5)
denovo67 G3.4_LK392378 355 (450.0)
denovo67 G3_AM748600 357 (472.5)
denovo67 G3.2_KC597694 352 (418.5)
denovo67 G3.1_KC597688 356 (477.0)
denovo67 G100_AB253788 356 (459.5)
denovo67 G3.3_LK392377 356 (467.5)
denovo67 H6_AJ291520 625 (327.5)
denovo67 H3_AM748606 328 (516.5)
denovo67 H2_AM748605 336 (539.0)
denovo67 H4_AM748607 332 (530.5)
denovo67 H4a_AM748608 342 (529.0)
denovo67 H5a_AM748611 340 (509.5)
denovo67 H5b_AM748610 343 (508.0)
denovo67 H5_AJ621129 340 (509.5)
denovo67 H5_AM748609 340 (509.5)
denovo67 H100_AJ291513 340 (498.5)
denovo67 H1b_AM748604 340 (493.5)
denovo67 H1a_AM748612 340 (493.5)
denovo67 H1_AJ621152 340 (502.5)
denovo67 H1_AM748602 340 (502.5)
denovo67 I3_FN561561 337 (680.5)
denovo67 I4_FN561562 337 (680.5)
denovo67 I1_FN561559 334 (671.5)
denovo67 I2_FN561560 337 (671.0)

#---------------------------------------
#---------------------------------------
