denovo0 A136_DQ865210 329 (547.5)
denovo0 A133_DQ174725 358 (515.0)
denovo0 A115_AF180123 345 (499.0)
denovo0 A117_AF201746 344 (521.0)
denovo0 A134_DQ174723 349 (526.5)
denovo0 A114_AF184941 346 (526.0)
denovo0 A135_DQ174727 352 (526.5)
denovo0 A2_AF333506 350 (525.5)
denovo0 A101_AF427468 352 (517.5)
denovo0 A2_1_JN558097 352 (517.5)
denovo0 A2_2_JN558100 352 (517.5)
denovo0 A113_AF184948 334 (548.0)
denovo0 A112_AF184949 334 (521.5)
denovo0 A123_EF378618 350 (361.0)
denovo0 A137_EF378621 350 (352.0)
denovo0 A11_EU449041 343 (557.0)
denovo0 A121_DQ174722 340 (543.0)
denovo0 A15b_EU792886 345 (507.0)
denovo0 A15a_EU792885 345 (524.5)
denovo0 A15c_EU792887 345 (515.5)
denovo0 A15_EU792884 345 (516.0)
denovo0 A147_EU074937 343 (537.5)
denovo0 A154_EU074860 343 (519.5)
denovo0 A146_EU074936 344 (530.5)
denovo0 A150_EU074928 344 (539.5)
denovo0 A116_AF183575 344 (530.5)
denovo0 A141_EU074931 344 (539.5)
denovo0 A5_AF333508 338 (554.5)
denovo0 A3b_EU449043 343 (546.5)
denovo0 A151_EU074925 343 (536.5)
denovo0 A152_EU074927 346 (528.5)
denovo0 A149_EU074929 343 (537.5)
denovo0 A140_EU074930 343 (528.5)
denovo0 A142_EU074932 343 (528.5)
denovo0 A143_EU074933 346 (537.5)
denovo0 A144_EU074934 343 (537.5)
denovo0 A145_EU074935 346 (536.5)
denovo0 A148_EU074938 343 (528.5)
denovo0 A155_EU074856 343 (528.5)
denovo0 A156_EU074859 343 (528.5)
denovo0 A139_EU074962 343 (528.5)
denovo0 A6_AF186058 343 (537.5)
denovo0 A3_AF333507 343 (537.5)
denovo0 A3_JN558091 343 (537.5)
denovo0 A8_AY258468 345 (515.0)
denovo0 A7_AY239360 345 (524.5)
denovo0 A16_EU792888 345 (533.5)
denovo0 A4.3_FN429763 346 (515.0)
denovo0 A120_AF180122 341 (509.5)
denovo0 A4.2_FN429761 344 (515.0)
denovo0 A4_AF333509 344 (534.0)
denovo0 A4.1_FN429760 343 (529.0)
denovo0 A4a_AF499778 343 (541.0)
denovo0 A4a.1_FN429762 343 (541.0)
denovo0 A138_EF378620 350 (479.0)
denovo0 A122_EF378619 349 (516.0)
denovo0 A126_EF378615 348 (517.0)
denovo0 A10_EU792882 348 (517.0)
denovo0 A9_EU449028 341 (526.5)
denovo0 A105_AB207202 346 (539.5)
denovo0 A119_AF180121 343 (522.0)
denovo0 A12_EU792883 346 (531.5)
denovo0 A104_AB207203 340 (541.5)
denovo0 A1a_EU449030 344 (543.5)
denovo0 A1.3_HE578976 346 (531.0)
denovo0 A1.4_HE578977 346 (540.0)
denovo0 A13_AF333504 346 (539.0)
denovo0 A13_JN558094 346 (539.0)
denovo0 A110_AB190282 348 (527.0)
denovo0 A103_AB207206 348 (537.0)
denovo0 A130_EF656428 348 (527.0)
denovo0 A127_EF656429 348 (545.0)
denovo0 A128_EF656430 348 (527.0)
denovo0 A129_EF656431 349 (538.5)
denovo0 A131_EF656432 346 (540.0)
denovo0 A118_AF180120 347 (527.0)
denovo0 A1_AF333505 348 (536.0)
denovo0 A107_AB207199 347 (542.5)
denovo0 A111_AB190280 347 (542.5)
denovo0 A108_AB207197 354 (521.5)
denovo0 A106_AB207200 347 (542.0)
denovo0 A102_AB207209 347 (542.5)
denovo0 A1.2_AB207210 347 (542.5)
denovo0 A109_AB190285 347 (542.0)
denovo0 B4_AF333510 321 (1103.5)
denovo0 B23_EU449079 307 (1204.5)
denovo0 B30_GU907644 307 (1186.5)
denovo0 B11_AY239361 308 (1316.5)
denovo0 B17_AY258470 306 (1336.0)
denovo0 B1k_GU907638 308 (705.5)
denovo0 B1.V_Green2014 313 (1293.5)
denovo0 B1b_AF499780 306 (1267.5)
denovo0 B16_AY258469 306 (1345.0)
denovo0 B31a_GU907646 306 (1345.0)
denovo0 B32_GU907647 306 (1345.0)
denovo0 B31_GU907645 306 (1354.0)
denovo0 B1j_GU907637 306 (1354.0)
denovo0 B37_GU907650 308 (1343.5)
denovo0 B5a_AF499782 306 (1345.0)
denovo0 B5_AF499781 306 (1354.0)
denovo0 B24_GU907643 306 (1221.0)
denovo0 B117_AF180124 306 (1236.5)
denovo0 B10_AF499787 306 (1345.0)
denovo0 B20_GU907642 308 (1328.5)
denovo0 B1m_GU907640 306 (1354.0)
denovo0 B34_GU907649 306 (1363.0)
denovo0 B1d_GU907633 306 (1354.0)
denovo0 B1e_GU907634 306 (1354.0)
denovo0 B1i_GU907636 306 (1354.0)
denovo0 B1g_GU907635 307 (1335.0)
denovo0 B123_EU074872 306 (1345.0)
denovo0 B8_AF499785 307 (1344.0)
denovo0 B1l_GU907639 306 (1354.0)
denovo0 B1a_AF499779 306 (1354.0)
denovo0 B14_AY239362 307 (1344.0)
denovo0 B125_EU074865 306 (1354.0)
denovo0 B122_EU074871 306 (1354.0)
denovo0 B124_EU074874 306 (1354.0)
denovo0 B1.VII_Green2014 306 (1284.0)
denovo0 B1.III_Green2014 306 (1282.0)
denovo0 B1.I_Green2014 306 (1363.0)
denovo0 B1.II_Green2014 306 (1363.0)
denovo0 B1_JN558057 306 (1363.0)
denovo0 B1_AF333511 306 (1363.0)
denovo0 B1.IV_Green2014 316 (1348.5)
denovo0 B121_EU074870 306 (1354.0)
denovo0 B7_AF499784 306 (1354.0)
denovo0 B1.VI_Green2014 307 (1294.0)
denovo0 B3_AF333514 306 (1241.5)
denovo0 B9_AF499786 306 (1268.5)
denovo0 B19a_JN558055 308 (1147.0)
denovo0 B119_EU099825 315 (1176.0)
denovo0 B21_DQ865213 306 (1228.0)
denovo0 B38_GU907651 306 (1228.0)
denovo0 B18_AY258471 306 (1268.5)
denovo0 B18a_AY258472 306 (1259.5)
denovo0 B33_GU907648 306 (1259.5)
denovo0 B6_AF499783 311 (1265.0)
denovo0 B19_DQ865212 306 (1277.5)
denovo0 B19_GU907641 306 (1277.5)
denovo0 B2_AF333512 306 (1268.5)
denovo0 B2_JN558060 306 (1268.5)
denovo0 C33.1_AY258498 329 (711.0)
denovo0 C33.2_AY765400 329 (711.0)
denovo0 C33a_EF541147 329 (711.0)
denovo0 C34_AY258499 322 (709.0)
denovo0 C78_AY765413 324 (696.5)
denovo0 C15.29_KC597690 328 (707.0)
denovo0 C1131_DQ182650 329 (701.0)
denovo0 C1135_DQ182646 322 (699.5)
denovo0 C1134_DQ182647 324 (687.0)
denovo0 C1142_DQ182635 324 (696.0)
denovo0 C1136_DQ182644 322 (678.5)
denovo0 C1111_DQ182645 322 (688.0)
denovo0 C1236_EF473656 322 (679.0)
denovo0 C1138_DQ182642 319 (688.5)
denovo0 C1137_DQ182643 322 (679.0)
denovo0 C1133_DQ182648 322 (679.0)
denovo0 C1132_DQ182649 326 (681.5)
denovo0 C1143_DQ182634 322 (688.0)
denovo0 C1139_DQ182639 324 (696.0)
denovo0 C15.28_KC597687 324 (760.0)
denovo0 C1141_DQ182636 324 (705.0)
denovo0 C1144_DQ182637 324 (714.0)
denovo0 C1122_DQ182654 324 (723.0)
denovo0 C1127_DQ182652 324 (723.0)
denovo0 C15.30_JX394114 325 (744.5)
denovo0 C15.26_KC597686 325 (744.0)
denovo0 C1086_DQ182656 326 (747.0)
denovo0 C15.25_KC597685 326 (756.0)
denovo0 C1118_AF180127 331 (704.0)
denovo0 C1129_DQ182651 326 (692.0)
denovo0 C15.21_KC597683 324 (723.5)
denovo0 C56_AY589760 323 (738.0)
denovo0 C1140_DQ182638 326 (710.0)
denovo0 C1126_DQ182653 326 (701.0)
denovo0 C15c_AY258492 323 (747.5)
denovo0 C15d_AY258493 322 (754.0)
denovo0 C1098_DQ182641 324 (757.0)
denovo0 C15.27_KC597689 326 (747.0)
denovo0 C15.18_HE579024 325 (744.0)
denovo0 C15.16_HE579022 331 (752.5)
denovo0 C1101_AB253787 326 (738.0)
denovo0 C1083_AY237300 326 (747.0)
denovo0 C1088_DQ182640 325 (743.5)
denovo0 C15.6_FN563472 326 (747.0)
denovo0 C15.5_FJ461512 326 (738.0)
denovo0 C15.4_FJ461511 326 (747.0)
denovo0 C15.13_HE579019 326 (738.0)
denovo0 C15.12_HE579018 326 (747.0)
denovo0 C93a_AM748563 324 (768.5)
denovo0 C1094_AJ291514 324 (750.5)
denovo0 C93_AM748562 324 (759.5)
denovo0 C15.17_HE579023 325 (738.0)
denovo0 C15e_AY589742 328 (755.5)
denovo0 C15.22_KC597695 326 (747.0)
denovo0 C60_AY589764 326 (747.0)
denovo0 C15.1_FJ461508 326 (747.0)
denovo0 C15.2_FJ461509 326 (747.0)
denovo0 C15.9_FN563475 326 (764.5)
denovo0 C15.7_HE579015 325 (761.5)
denovo0 C15.8_HE579016 326 (747.0)
denovo0 C15.15_HE579021 326 (747.0)
denovo0 C15.19_HE579025 326 (756.0)
denovo0 C15.24_KC597696 326 (738.0)
denovo0 C15.3_FJ461510 326 (747.0)
denovo0 C1087_DQ182655 326 (756.0)
denovo0 C15.14_HE579020 327 (746.5)
denovo0 C15.23_KC597697 327 (746.5)
denovo0 C19_AY258479 325 (765.5)
denovo0 C1233_EU118166 326 (747.0)
denovo0 C15b_AY258491 326 (747.0)
denovo0 C15a_AY258476 326 (756.0)
denovo0 C1051_AF195153 326 (765.0)
denovo0 C2_AF333518 327 (764.0)
denovo0 C15.20_HE579026 327 (755.5)
denovo0 C15f_AY589743 328 (749.0)
denovo0 C55_AY589759 330 (754.0)
denovo0 C15_AY239369 326 (756.0)
denovo0 C32.1_JF683335 324 (711.0)
denovo0 C32.2_JF683336 324 (711.0)
denovo0 C21.23_KC597693 324 (711.0)
denovo0 C1193_EU099827 335 (732.5)
denovo0 C1195_EU099821 334 (715.0)
denovo0 C3q_GU907655 336 (723.5)
denovo0 C53_AY589758 332 (719.0)
denovo0 C73_AY765408 333 (729.0)
denovo0 C17.2.1_KC597684 327 (682.0)
denovo0 C32_AY258497 328 (721.0)
denovo0 C1189_EU099831 326 (717.0)
denovo0 C1191_EU099833 325 (723.5)
denovo0 C1196_EU099819 326 (699.0)
denovo0 C1192_EU099820 326 (699.0)
denovo0 C17.1_JF683322 326 (717.0)
denovo0 C26_b2_FN827164 331 (719.0)
denovo0 C26_b3_FN827165 327 (698.5)
denovo0 C31.9_HQ630879 328 (703.5)
denovo0 C31a_AY589746 328 (700.0)
denovo0 C30_AY589745 328 (700.0)
denovo0 C31.1_HQ630876 332 (701.5)
denovo0 C31.5_HQ630877 328 (717.5)
denovo0 C31.6_HQ630878 328 (709.0)
denovo0 C31.2_JF683332 328 (709.0)
denovo0 C31.3_JF683333 328 (700.0)
denovo0 C26/C35a_AY239378 327 (707.5)
denovo0 C35a_AY258501 327 (707.5)
denovo0 C35.2_AY258500 327 (716.5)
denovo0 C26_b1_FN827163 327 (716.5)
denovo0 C17_AY239370 326 (717.0)
denovo0 C17.2_FJ461513 328 (716.0)
denovo0 C31.10_HQ630880 328 (712.5)
denovo0 C31.4_JF683334 332 (697.5)
denovo0 C31_AY258496 328 (709.0)
denovo0 C25_AY239377 323 (749.0)
denovo0 C61_AY589765 325 (710.0)
denovo0 C1043_DQ072721 326 (706.0)
denovo0 C79_AY765414 331 (724.0)
denovo0 C69_AY589773 318 (722.0)
denovo0 C69a_AY686648 318 (713.0)
denovo0 C21.22_KC597692 331 (703.0)
denovo0 C51_AY589756 325 (726.5)
denovo0 C1aa_HM185739 328 (744.0)
denovo0 C1096_DQ068023 325 (723.0)
denovo0 C74_AY765409 334 (765.0)
denovo0 C1185_AB294629 334 (756.0)
denovo0 C1184_AB294630 334 (756.0)
denovo0 C1153_AB294625 334 (756.0)
denovo0 C1154_AB294626 333 (771.5)
denovo0 C1187_AB294627 334 (756.0)
denovo0 C1186_AB294628 334 (756.0)
denovo0 C57_AY589761 334 (765.0)
denovo0 C66_AY589771 334 (765.0)
denovo0 C5_AF499795 326 (747.0)
denovo0 C1167_AB294586 326 (747.0)
denovo0 C1164_AB294593 326 (747.0)
denovo0 C1183_AB294631 326 (765.0)
denovo0 C1067_DQ335381 328 (734.5)
denovo0 C1159_AB294613 325 (749.5)
denovo0 C1150_AB294622 325 (758.5)
denovo0 C90_AM748554 327 (770.0)
denovo0 C1168_AB294583 326 (756.0)
denovo0 C1156_AB294616 326 (765.0)
denovo0 C1151_AB294621 326 (774.0)
denovo0 C92a_AM748561 326 (774.0)
denovo0 C92_AM748560 326 (765.0)
denovo0 C1165_AB294581 326 (756.0)
denovo0 C1166_AB294584 326 (756.0)
denovo0 C1162_AB294594 326 (756.0)
denovo0 C1163_AB294596 326 (765.5)
denovo0 C1161_AB294606 326 (765.0)
denovo0 C1160_AB294608 330 (757.5)
denovo0 C1158_AB294614 326 (756.0)
denovo0 C1155_AB294617 326 (756.0)
denovo0 C1149_AB294620 326 (765.0)
denovo0 C1173_AB294662 326 (774.0)
denovo0 C1171_AB294663 326 (756.0)
denovo0 C1172_AB294665 326 (756.0)
denovo0 C91a_AM748556 326 (774.0)
denovo0 C91b_AM748557 326 (765.0)
denovo0 C91d_AM748559 325 (762.5)
denovo0 C91c_AM748558 325 (762.5)
denovo0 C91_AJ621543 326 (765.0)
denovo0 C91_AM748555 326 (765.0)
denovo0 C1023_DQ335330 317 (707.5)
denovo0 C1020_DQ335392 330 (740.5)
denovo0 C1018_DQ335408 326 (747.0)
denovo0 C1074_DQ335329 326 (738.0)
denovo0 C1030_DQ335353 326 (738.0)
denovo0 C1022_DQ335331 326 (738.0)
denovo0 C1027_DQ335360 326 (756.0)
denovo0 C1072_DQ335344 326 (738.0)
denovo0 C1039_AB190274 327 (749.0)
denovo0 C1033_DQ335350 331 (735.0)
denovo0 C1019_DQ335407 326 (747.0)
denovo0 C1194_EU099826 327 (734.5)
denovo0 C8b_AY258475 327 (725.5)
denovo0 C8_AY239367 328 (734.0)
denovo0 C8a_AY239368 330 (730.0)
denovo0 C54a_AY765406 328 (743.5)
denovo0 C3ff_HM185740 326 (756.0)
denovo0 C59_AY589763 329 (729.5)
denovo0 C3k_AY589737 325 (753.5)
denovo0 C3.24_HE579012 324 (760.0)
denovo0 C3.23_HE579011 325 (753.5)
denovo0 C35.1_AY765401 333 (749.0)
denovo0 C35.3_EF541145 326 (747.0)
denovo0 C76_AY765411 329 (717.5)
denovo0 C1107_DQ335359 325 (721.5)
denovo0 C3.22_HE579010 328 (718.5)
denovo0 C77_AY765412 326 (734.5)
denovo0 C20_AY239371 329 (746.0)
denovo0 C1055_DQ480640 326 (743.0)
denovo0 C27/C30_AY239379 327 (707.5)
denovo0 C27.1_FJ461517 327 (698.5)
denovo0 C40a_AY589747 331 (750.0)
denovo0 C40_AY258485 331 (750.0)
denovo0 C40b_AY589748 332 (741.0)
denovo0 C16_AY258477 329 (746.5)
denovo0 C16a_AY765399 329 (746.5)
denovo0 C1091_AB207186 327 (749.5)
denovo0 C1102_DQ335400 326 (729.5)
denovo0 C1069_DQ335375 326 (747.0)
denovo0 C1073_DQ335332 327 (741.5)
denovo0 C1066_DQ335382 326 (738.5)
denovo0 C1031_DQ335352 331 (753.0)
denovo0 C1026_DQ335366 331 (752.5)
denovo0 C70_AY589774 326 (756.5)
denovo0 C1082_AB190267 326 (738.5)
denovo0 C1078_AB190271 324 (750.0)
denovo0 C1090_AB207191 326 (747.0)
denovo0 C1071_DQ335302 326 (747.0)
denovo0 C1075_DQ335328 326 (747.5)
denovo0 C1068_DQ335379 326 (738.5)
denovo0 C1064_DQ335395 326 (738.5)
denovo0 C1063_DQ335403 323 (748.0)
denovo0 C62_AY589766 326 (747.5)
denovo0 C1077_DQ335316 323 (753.0)
denovo0 C1109_DQ335338 326 (738.5)
denovo0 C1110_DQ335340 326 (729.5)
denovo0 C1106_DQ335339 327 (731.5)
denovo0 C1112_DQ335319 327 (740.5)
denovo0 C1108_DQ335351 327 (731.5)
denovo0 C1105_DQ335394 327 (740.5)
denovo0 C1121_DQ335378 334 (733.5)
denovo0 C1116_AB190268 333 (740.5)
denovo0 C1115_AB190273 334 (742.5)
denovo0 C1124_DQ335323 327 (722.5)
denovo0 C1120_DQ335398 327 (722.5)
denovo0 C1119_DQ335404 327 (731.5)
denovo0 C1123_DQ335363 327 (731.5)
denovo0 C1004_DQ480635 325 (744.0)
denovo0 C1061_AY186568 325 (735.0)
denovo0 C1053_AY186569 325 (744.0)
denovo0 C1003_DQ480639 325 (744.0)
denovo0 C81_GU907657 319 (715.0)
denovo0 C22_AY239373 326 (746.0)
denovo0 C22a_AY239374 326 (746.0)
denovo0 C1232_EU118163 328 (743.5)
denovo0 C21.13_FJ461515 325 (705.5)
denovo0 C21.1_JF683323 326 (717.0)
denovo0 C21.3_JF683325 326 (726.0)
denovo0 C1.20_HE578993 328 (734.5)
denovo0 C1.22_HE578995 328 (725.5)
denovo0 C52_AY589757 325 (739.0)
denovo0 C1201_EU099793 326 (716.5)
denovo0 C14_AY589741 328 (737.5)
denovo0 C43_AY589749 328 (743.5)
denovo0 C50_AY589755 328 (743.5)
denovo0 C3.14_HQ630872 325 (752.5)
denovo0 C1m_AY765398 325 (744.5)
denovo0 C82_GU907658 333 (740.5)
denovo0 C82b_GU907660 333 (740.5)
denovo0 C64_AY589768 325 (761.0)
denovo0 C45a_AY765404 328 (752.0)
denovo0 C48_AY589753 327 (769.5)
denovo0 C1_v1b_FJ919244 327 (740.0)
denovo0 C1_v1a_FJ919243 325 (744.0)
denovo0 C3j_AY239366 326 (738.0)
denovo0 C3t_EF541149 329 (755.0)
denovo0 C9_AF499798 327 (750.0)
denovo0 C23_AY239375 326 (765.5)
denovo0 C37_AY258481 330 (740.5)
denovo0 C1048_DQ068026 328 (743.0)
denovo0 C21.4_JF683326 326 (717.0)
denovo0 C21.5_JF683327 326 (717.0)
denovo0 C1070_DQ335349 326 (738.0)
denovo0 C21.6_HQ630873 326 (717.0)
denovo0 C1224_EU074890 325 (762.0)
denovo0 C1.17_HE578990 325 (762.0)
denovo0 C21_b1_FN827162 328 (713.5)
denovo0 C21.9_JF683330 328 (722.5)
denovo0 C1085_AY624605 323 (739.0)
denovo0 C3p_GU907654 326 (732.0)
denovo0 C3f_AY589734 326 (756.0)
denovo0 C65a_AY589770 326 (755.5)
denovo0 C65_AY589769 326 (764.5)
denovo0 C71_AY589775 326 (755.5)
denovo0 C71a_AY589776 326 (746.5)
denovo0 C1178_AB294647 325 (738.5)
denovo0 C1225_EU074893 325 (771.0)
denovo0 C75_AY765410 325 (753.5)
denovo0 C21.10_JF683331 325 (723.0)
denovo0 C21.11_HQ630874 325 (723.0)
denovo0 C1065_DQ335388 326 (756.0)
denovo0 C1045_DQ068036 326 (765.0)
denovo0 C1h_AY258473 324 (749.5)
denovo0 C38_AY258482 325 (743.5)
denovo0 C1202_EU099799 325 (743.5)
denovo0 C7_AF499797 325 (752.5)
denovo0 C12_AF499801 327 (742.0)
denovo0 C38a_AY258483 326 (760.5)
denovo0 C1200_EU099800 315 (757.5)
denovo0 C44a_AY589751 328 (761.0)
denovo0 C47_AY589752 328 (761.0)
denovo0 C44_AY589750 328 (752.0)
denovo0 C1.15_HE578988 325 (744.0)
denovo0 C45.3_FJ461522 328 (743.0)
denovo0 C46a_AY765405 328 (743.0)
denovo0 C46_EU449108 328 (752.0)
denovo0 C3.12_FJ461507 329 (755.0)
denovo0 C1k_AY589733 328 (743.0)
denovo0 C67_AY686647 328 (752.0)
denovo0 C82a_GU907659 325 (744.0)
denovo0 C10a_AY589739 328 (752.0)
denovo0 C10_AF499799 328 (743.0)
denovo0 C13_AY589740 330 (746.0)
denovo0 C4_AF499794 328 (743.0)
denovo0 C1147_EF656433 328 (743.0)
denovo0 C1c/C45_AY239364 328 (752.0)
denovo0 C1c/C45_EU449103 328 (752.0)
denovo0 C21.19_HE579031 326 (726.0)
denovo0 C21.21_HE579033 326 (717.0)
denovo0 C21.20_HE579032 326 (726.0)
denovo0 C42b_AY765403 329 (737.5)
denovo0 C42_AY258487 329 (746.5)
denovo0 C1p_GU907652 325 (744.0)
denovo0 C1d_AY258488 328 (734.0)
denovo0 C42_AY765402 328 (743.0)
denovo0 C3ha_AY589736 326 (717.0)
denovo0 C63a_AY589767 328 (734.0)
denovo0 C21a_AY589744 326 (717.0)
denovo0 C3o_GU907653 325 (723.5)
denovo0 C21.16_HQ630875 328 (722.0)
denovo0 C21.2_JF683324 326 (717.0)
denovo0 C21.7_JF683328 325 (723.5)
denovo0 C21.8_JF683329 326 (726.0)
denovo0 C3h_AY239365 326 (717.0)
denovo0 C1203_EU099798 326 (717.0)
denovo0 C3.10_FJ461505 326 (765.0)
denovo0 C21.14_FJ461516 326 (735.0)
denovo0 C21.18_HE579030 332 (714.0)
denovo0 C3.17_HE579005 326 (747.0)
denovo0 C3.9_FJ461504 326 (744.0)
denovo0 C3.8_FJ461503 326 (756.0)
denovo0 C3.7_FJ461502 326 (747.0)
denovo0 C3.11_FJ461506 333 (758.5)
denovo0 C3.18_HE579006 326 (747.0)
denovo0 C3.19_HE579007 326 (747.0)
denovo0 C3.20_HE579008 326 (747.0)
denovo0 C3g_AY589735 329 (739.0)
denovo0 C3a_AF499790 326 (765.0)
denovo0 C3e_AF499793 326 (747.0)
denovo0 C6_AF499796 333 (767.0)
denovo0 C11_AF499800 326 (747.0)
denovo0 C36_AY258480 326 (765.0)
denovo0 C29_AY258494 326 (765.0)
denovo0 C1146_EF656434 327 (750.5)
denovo0 C1190_EU099841 326 (747.0)
denovo0 C131_JF320826 326 (747.0)
denovo0 C28_AY239380 334 (754.5)
denovo0 C1012_DQ480604 326 (747.0)
denovo0 C1181_AB294640 326 (732.0)
denovo0 C1180_AB294641 326 (732.0)
denovo0 C1179_AB294645 326 (741.0)
denovo0 C1176_AB294651 326 (750.0)
denovo0 C1175_AB294653 326 (732.0)
denovo0 C1174_AB294655 328 (737.5)
denovo0 C1177_AB294659 326 (741.0)
denovo0 C1040_AB190269 328 (752.5)
denovo0 C1182_AB294649 326 (747.0)
denovo0 C1089_AJ278598 326 (747.0)
denovo0 C1028_DQ335357 333 (758.0)
denovo0 C3.16_EU786015 326 (747.0)
denovo0 C1097_AJ311943 327 (746.0)
denovo0 C1170_AB294661 326 (741.0)
denovo0 C21.17_HE579029 326 (737.0)
denovo0 C21/3d/C3k_AY239372 326 (726.0)
denovo0 C58_AY589762 327 (725.5)
denovo0 C3L_AY589738 329 (751.5)
denovo0 C1169_AB294660 326 (741.0)
denovo0 C3.2_FJ461497 326 (750.0)
denovo0 C3.1_JF683321 325 (756.5)
denovo0 C1104_AF427469 327 (746.0)
denovo0 C3b_AF499791 326 (759.0)
denovo0 C83_GU907661 326 (758.5)
denovo0 C49_AY589754 352 (770.5)
denovo0 C3_AB778606 326 (756.0)
denovo0 C3_AF499789 326 (756.0)
denovo0 C3_HE579001 326 (756.0)
denovo0 C21.12_FJ461514 326 (708.0)
denovo0 C1229_EU074888 322 (739.5)
denovo0 C1230_EU074889 322 (748.5)
denovo0 C1114_AB207196 326 (738.0)
denovo0 C3.21_HE579009 326 (651.0)
denovo0 C1057_DQ480619 326 (747.0)
denovo0 C72_AY765407 322 (743.5)
denovo0 C1b.3_HE578999 325 (738.0)
denovo0 C93_AJ621536 326 (747.0)
denovo0 C94_AJ621539 325 (744.0)
denovo0 C1g_AY589730 325 (744.0)
denovo0 C1i_AY589731 322 (745.0)
denovo0 C1j_AY589732 332 (755.0)
denovo0 C1005_DQ480633 325 (744.0)
denovo0 C1.7_FJ461494 325 (744.0)
denovo0 C1.11_HE578984 325 (744.5)
denovo0 C1.12_HE578985 325 (744.0)
denovo0 C1.13_HE578986 328 (752.5)
denovo0 C1.14_HE578987 325 (753.0)
denovo0 C1.18_HE578991 325 (744.0)
denovo0 C1.19_HE578992 325 (744.0)
denovo0 C1199_EU099802 325 (738.0)
denovo0 C1188_EU099838 325 (753.0)
denovo0 C1002_DQ838544 326 (756.0)
denovo0 C1198_EU099810 325 (744.0)
denovo0 C24_AY239376 325 (744.0)
denovo0 C1f_AY258490 325 (753.0)
denovo0 C1006_DQ480629 325 (762.0)
denovo0 C1010_DQ480607 325 (744.0)
denovo0 C1007_DQ480624 325 (744.0)
denovo0 C1011_DQ480605 325 (744.0)
denovo0 C1009_DQ480608 329 (746.0)
denovo0 C1041_AY186548 325 (753.0)
denovo0 C1052_AY186570 325 (744.0)
denovo0 C1148_EU040178 325 (753.0)
denovo0 C1234_EU118165 326 (743.0)
denovo0 C1.5_EF634157 325 (753.0)
denovo0 C1059_DQ480609 325 (744.0)
denovo0 C1228_EU074883 325 (744.0)
denovo0 C1208_EU074963 325 (744.0)
denovo0 C1207_EU074964 325 (753.0)
denovo0 C1206_EU074965 325 (744.0)
denovo0 C1013_DQ480642 328 (743.5)
denovo0 C80_GU907656 335 (747.0)
denovo0 C1a_AF499788 325 (753.0)
denovo0 C41_AY258486 325 (753.0)
denovo0 C39_AY258484 313 (757.0)
denovo0 C1231_EU074878 325 (744.0)
denovo0 C1b.1_HE578997 325 (738.0)
denovo0 C18_AY258478 325 (753.0)
denovo0 C1.10_HE578983 324 (747.5)
denovo0 C1_JN558041 325 (753.0)
denovo0 C1_HE578979 325 (753.0)
denovo0 C1_AM748551 325 (753.0)
denovo0 C1_AF333515 325 (753.0)
denovo0 C1054_AY186565 324 (756.5)
denovo0 C1008_DQ480613 325 (744.0)
denovo0 C1103_AF427470 326 (743.0)
denovo0 C1226_EU074881 326 (743.0)
denovo0 C1b/C1e_AY239363 325 (747.0)
denovo0 C1044_DQ068038 325 (738.0)
denovo0 C1017_DQ174729 326 (737.0)
denovo0 C1.6_FJ461493 325 (744.0)
denovo0 C1b.2_HE578998 325 (738.0)
denovo0 C1060_DQ480600 325 (744.0)
denovo0 C1227_EU074882 325 (744.0)
denovo0 C1197_EU099814 325 (744.0)
denovo0 C1130_DQ480643 325 (611.5)
denovo0 D109_AB097465 353 (518.5)
denovo0 D1.11_HE579040 354 (531.0)
denovo0 D105_AF174570 357 (522.0)
denovo0 D104_AF174572 354 (522.0)
denovo0 D1.3_JF683337 354 (522.0)
denovo0 D1.10_HE579039 354 (522.0)
denovo0 D110_AF174561 354 (522.0)
denovo0 D117_AF174542 354 (522.0)
denovo0 D114_AF174549 354 (531.0)
denovo0 D113_AF174557 355 (524.5)
denovo0 D112_AF174558 356 (528.5)
denovo0 D106_AF174559 361 (533.5)
denovo0 D111_AF174560 354 (530.5)
denovo0 D115_AF174562 354 (522.0)
denovo0 D107_AF174568 362 (528.0)
denovo0 D116_AF174571 359 (518.5)
denovo0 D124_EU074897 351 (531.5)
denovo0 D1.8_HE579037 356 (528.5)
denovo0 D3_AY686650 354 (531.0)
denovo0 D1.6_HQ630881 354 (522.0)
denovo0 D120_EU074900 354 (522.0)
denovo0 D121_EU074904 359 (527.5)
denovo0 D122_EU074905 354 (522.0)
denovo0 D1a.2_JF683339 361 (526.5)
denovo0 D1a.1_JF683338 351 (531.5)
denovo0 D2_AY686649 587 (597.5)
denovo0 D4_DQ865214 357 (528.0)
denovo0 D1a_AF499802 354 (531.0)
denovo0 D1a_JN558078 354 (531.0)
denovo0 D123_EU074895 355 (533.5)
denovo0 D108_AF174567 350 (537.0)
denovo0 D103_AF174575 354 (531.0)
denovo0 D100_AF411415 354 (531.0)
denovo0 D118_EF656435 348 (540.0)
denovo0 D101_AF411416 354 (516.0)
denovo0 D119_EU099832 365 (522.0)
denovo0 D102_AF174573 354 (534.5)
denovo0 D1_AF334660 354 (531.0)
denovo0 D1_JN558076 354 (531.0)
denovo0 D1.12_HE579041 335 (529.0)
denovo0 D1.1_AM748564 420 (551.0)
denovo0 D1.2_AM748617 445 (543.5)
denovo0 E111_EU074915 361 (501.0)
denovo0 E110_EU074914 364 (491.5)
denovo0 E114_EU074909 364 (491.5)
denovo0 E1_AF334659 365 (499.5)
denovo0 E105_EU074921 364 (509.5)
denovo0 E112_EU074916 364 (491.5)
denovo0 E104_EU074922 364 (500.5)
denovo0 E102_EU074924 364 (491.5)
denovo0 E103_EU074923 364 (500.5)
denovo0 E101_AY160123 369 (475.5)
denovo0 E109_EU074913 351 (507.0)
denovo0 E100_DQ011618 356 (520.0)
denovo0 E108_EU074912 365 (511.5)
denovo0 E113_EU074908 352 (521.0)
denovo0 E107_EU074910 356 (511.0)
denovo0 F1_JN558066 331 (698.0)
denovo0 F5.2d_AJ291530 329 (729.0)
denovo0 F104_AJ291531 329 (729.0)
denovo0 F5.2c_AM748596 329 (720.5)
denovo0 F5.2_AM748594 329 (720.0)
denovo0 F5.2a_AM748614 329 (720.0)
denovo0 F5.2b_AM748595 329 (720.0)
denovo0 F5.2e_AJ291533 329 (675.5)
denovo0 F5.2g_JN558072 329 (728.5)
denovo0 F5.2f_AJ291512 329 (719.5)
denovo0 F102_AJ291534 329 (719.5)
denovo0 F5.1c_AM748593 331 (743.5)
denovo0 F5.1d_JN558069 334 (706.0)
denovo0 F5.1b_AJ291535 330 (732.0)
denovo0 F5.1_AM748592 332 (728.5)
denovo0 F5.1a_AM748591 330 (732.0)
denovo0 F110_AJ291526 320 (765.0)
denovo0 F4.7_AM748587 322 (783.5)
denovo0 F4.5_AM748585 322 (769.5)
denovo0 F4.4a_AM748583 317 (801.5)
denovo0 F4.4_AM748582 322 (804.0)
denovo0 F4.4b_AM748584 315 (821.0)
denovo0 F4.1a_AM748573 324 (756.5)
denovo0 F112_AJ291528 321 (732.5)
denovo0 F4.1_AM748572 321 (750.5)
denovo0 F4.8b_AM748590 325 (805.0)
denovo0 F4.8_AM748588 316 (805.5)
denovo0 F4.8a_AM748589 316 (805.5)
denovo0 F109_AJ291527 322 (792.0)
denovo0 F4.6_AM748586 321 (759.0)
denovo0 F111_AJ311949 314 (779.5)
denovo0 F4.3c_AM748581 315 (800.5)
denovo0 F4.3a_AM748579 314 (807.5)
denovo0 F4.3b_AM748580 315 (809.5)
denovo0 F4.3_AM748578 315 (800.5)
denovo0 F4.2_AM748574 321 (812.5)
denovo0 F4.2a_AM748575 321 (789.0)
denovo0 F4.2c_AM748577 321 (785.5)
denovo0 F4.2b_AM748576 321 (798.0)
denovo0 F2b_AJ291521 334 (749.5)
denovo0 F2_AJ830908 330 (774.5)
denovo0 F2a_AJ830911 330 (770.0)
denovo0 F3.1a_AM748566 341 (736.0)
denovo0 F114_AJ291525 341 (727.5)
denovo0 F3.1_AM748565 341 (745.5)
denovo0 F3.2_AM748567 344 (772.5)
denovo0 F3.2a_AM748568 347 (765.5)
denovo0 F3.3_AM748569 341 (759.5)
denovo0 F3.4a_AM748571 339 (708.5)
denovo0 F3.4_AM748570 335 (714.5)
denovo0 F3.4b_AM748616 335 (714.5)
denovo0 G101_AJ291539 365 (552.5)
denovo0 G1_AM748597 365 (552.5)
denovo0 G2b_JN558087 364 (549.5)
denovo0 G2_AM748598 365 (543.5)
denovo0 G2a_AM748599 365 (534.5)
denovo0 G4_AM748601 355 (594.5)
denovo0 G3.4_LK392378 360 (545.5)
denovo0 G3_AM748600 357 (571.5)
denovo0 G3.2_KC597694 352 (508.5)
denovo0 G3.1_KC597688 356 (576.0)
denovo0 G100_AB253788 356 (558.5)
denovo0 G3.3_LK392377 356 (566.5)
denovo0 H6_AJ291520 660 (318.5)
denovo0 H3_AM748606 327 (551.0)
denovo0 H2_AM748605 336 (575.0)
denovo0 H4_AM748607 332 (566.5)
denovo0 H4a_AM748608 342 (565.0)
denovo0 H5a_AM748611 340 (545.5)
denovo0 H5b_AM748610 343 (544.0)
denovo0 H5_AJ621129 340 (545.5)
denovo0 H5_AM748609 340 (545.5)
denovo0 H100_AJ291513 340 (534.5)
denovo0 H1b_AM748604 340 (529.5)
denovo0 H1a_AM748612 340 (538.5)
denovo0 H1_AJ621152 340 (538.5)
denovo0 H1_AM748602 340 (538.5)
denovo0 I3_FN561561 337 (761.5)
denovo0 I4_FN561562 337 (761.5)
denovo0 I1_FN561559 336 (758.0)
denovo0 I2_FN561560 339 (757.5)

#---------------------------------------
#---------------------------------------
