denovo83 A136_DQ865210 325 (514.5)
denovo83 A133_DQ174725 351 (490.5)
denovo83 A115_AF180123 338 (449.5)
denovo83 A117_AF201746 336 (485.0)
denovo83 A134_DQ174723 334 (488.5)
denovo83 A114_AF184941 334 (488.5)
denovo83 A135_DQ174727 334 (488.0)
denovo83 A2_AF333506 335 (496.0)
denovo83 A101_AF427468 334 (488.0)
denovo83 A2_1_JN558097 334 (488.0)
denovo83 A2_2_JN558100 334 (488.0)
denovo83 A113_AF184948 340 (500.5)
denovo83 A112_AF184949 357 (479.0)
denovo83 A123_EF378618 339 (335.0)
denovo83 A137_EF378621 345 (346.0)
denovo83 A11_EU449041 332 (504.0)
denovo83 A121_DQ174722 342 (482.0)
denovo83 A15b_EU792886 336 (467.0)
denovo83 A15a_EU792885 337 (470.5)
denovo83 A15c_EU792887 336 (476.0)
denovo83 A15_EU792884 336 (476.0)
denovo83 A147_EU074937 337 (488.5)
denovo83 A154_EU074860 337 (488.5)
denovo83 A146_EU074936 330 (485.5)
denovo83 A150_EU074928 333 (486.0)
denovo83 A116_AF183575 330 (485.5)
denovo83 A141_EU074931 330 (494.5)
denovo83 A5_AF333508 336 (491.5)
denovo83 A3b_EU449043 337 (497.5)
denovo83 A151_EU074925 337 (479.5)
denovo83 A152_EU074927 335 (481.5)
denovo83 A149_EU074929 340 (480.5)
denovo83 A140_EU074930 337 (479.5)
denovo83 A142_EU074932 337 (479.5)
denovo83 A143_EU074933 342 (485.5)
denovo83 A144_EU074934 337 (479.5)
denovo83 A145_EU074935 336 (494.0)
denovo83 A148_EU074938 347 (482.5)
denovo83 A155_EU074856 337 (479.5)
denovo83 A156_EU074859 337 (479.5)
denovo83 A139_EU074962 337 (479.5)
denovo83 A6_AF186058 337 (488.5)
denovo83 A3_AF333507 337 (488.5)
denovo83 A3_JN558091 337 (488.5)
denovo83 A8_AY258468 337 (470.5)
denovo83 A7_AY239360 337 (480.0)
denovo83 A16_EU792888 337 (489.0)
denovo83 A4.3_FN429763 340 (487.0)
denovo83 A120_AF180122 337 (478.0)
denovo83 A4.2_FN429761 338 (487.0)
denovo83 A4_AF333509 338 (506.0)
denovo83 A4.1_FN429760 337 (501.0)
denovo83 A4a_AF499778 338 (515.0)
denovo83 A4a.1_FN429762 338 (515.0)
denovo83 A138_EF378620 341 (460.0)
denovo83 A122_EF378619 340 (497.0)
denovo83 A126_EF378615 339 (498.0)
denovo83 A10_EU792882 339 (498.0)
denovo83 A9_EU449028 347 (488.5)
denovo83 A105_AB207202 335 (505.5)
denovo83 A119_AF180121 339 (489.5)
denovo83 A12_EU792883 335 (494.5)
denovo83 A104_AB207203 335 (505.5)
denovo83 A1a_EU449030 335 (497.0)
denovo83 A1.3_HE578976 337 (502.0)
denovo83 A1.4_HE578977 337 (511.0)
denovo83 A13_AF333504 337 (501.0)
denovo83 A13_JN558094 337 (501.0)
denovo83 A110_AB190282 337 (493.0)
denovo83 A103_AB207206 339 (508.0)
denovo83 A130_EF656428 337 (502.0)
denovo83 A127_EF656429 337 (511.0)
denovo83 A128_EF656430 337 (493.0)
denovo83 A129_EF656431 337 (502.0)
denovo83 A131_EF656432 337 (511.0)
denovo83 A118_AF180120 340 (487.0)
denovo83 A1_AF333505 337 (502.0)
denovo83 A107_AB207199 335 (503.5)
denovo83 A111_AB190280 334 (510.5)
denovo83 A108_AB207197 344 (490.0)
denovo83 A106_AB207200 336 (499.5)
denovo83 A102_AB207209 336 (508.5)
denovo83 A1.2_AB207210 336 (508.5)
denovo83 A109_AB190285 336 (499.5)
denovo83 B4_AF333510 339 (1056.0)
denovo83 B23_EU449079 325 (1148.5)
denovo83 B30_GU907644 325 (1130.5)
denovo83 B11_AY239361 326 (1251.0)
denovo83 B17_AY258470 324 (1279.5)
denovo83 B1k_GU907638 306 (705.5)
denovo83 B1.V_Green2014 329 (1231.0)
denovo83 B1b_AF499780 324 (1202.0)
denovo83 B16_AY258469 324 (1279.5)
denovo83 B31a_GU907646 324 (1279.5)
denovo83 B32_GU907647 324 (1279.5)
denovo83 B31_GU907645 324 (1288.5)
denovo83 B1j_GU907637 324 (1279.5)
denovo83 B37_GU907650 326 (1287.5)
denovo83 B5a_AF499782 324 (1279.5)
denovo83 B5_AF499781 324 (1288.5)
denovo83 B24_GU907643 324 (1128.5)
denovo83 B117_AF180124 322 (1192.5)
denovo83 B10_AF499787 324 (1288.5)
denovo83 B20_GU907642 326 (1263.0)
denovo83 B1m_GU907640 324 (1288.5)
denovo83 B34_GU907649 324 (1288.5)
denovo83 B1d_GU907633 324 (1288.5)
denovo83 B1e_GU907634 324 (1288.5)
denovo83 B1i_GU907636 324 (1288.5)
denovo83 B1g_GU907635 325 (1269.5)
denovo83 B123_EU074872 324 (1279.5)
denovo83 B8_AF499785 325 (1278.5)
denovo83 B1l_GU907639 324 (1288.5)
denovo83 B1a_AF499779 324 (1288.5)
denovo83 B14_AY239362 325 (1278.5)
denovo83 B125_EU074865 324 (1288.5)
denovo83 B122_EU074871 324 (1288.5)
denovo83 B124_EU074874 324 (1288.5)
denovo83 B1.VII_Green2014 324 (1218.5)
denovo83 B1.III_Green2014 324 (1216.5)
denovo83 B1.I_Green2014 324 (1297.5)
denovo83 B1.II_Green2014 324 (1297.5)
denovo83 B1_JN558057 324 (1297.5)
denovo83 B1_AF333511 324 (1297.5)
denovo83 B1.IV_Green2014 334 (1283.0)
denovo83 B121_EU074870 324 (1297.5)
denovo83 B7_AF499784 324 (1297.5)
denovo83 B1.VI_Green2014 316 (1292.0)
denovo83 B3_AF333514 324 (1176.0)
denovo83 B9_AF499786 324 (1185.0)
denovo83 B19a_JN558055 328 (1070.0)
denovo83 B119_EU099825 321 (1137.5)
denovo83 B21_DQ865213 324 (1162.5)
denovo83 B38_GU907651 324 (1162.5)
denovo83 B18_AY258471 324 (1203.0)
denovo83 B18a_AY258472 324 (1194.0)
denovo83 B33_GU907648 324 (1194.0)
denovo83 B6_AF499783 328 (1205.5)
denovo83 B19_DQ865212 324 (1212.0)
denovo83 B19_GU907641 324 (1212.0)
denovo83 B2_AF333512 324 (1203.0)
denovo83 B2_JN558060 324 (1203.0)
denovo83 C33.1_AY258498 339 (630.5)
denovo83 C33.2_AY765400 339 (630.5)
denovo83 C33a_EF541147 339 (630.5)
denovo83 C34_AY258499 339 (630.5)
denovo83 C78_AY765413 341 (600.0)
denovo83 C15.29_KC597690 342 (593.5)
denovo83 C1131_DQ182650 343 (578.0)
denovo83 C1135_DQ182646 336 (576.5)
denovo83 C1134_DQ182647 338 (564.0)
denovo83 C1142_DQ182635 338 (573.0)
denovo83 C1136_DQ182644 336 (555.5)
denovo83 C1111_DQ182645 336 (556.5)
denovo83 C1236_EF473656 336 (556.0)
denovo83 C1138_DQ182642 333 (565.5)
denovo83 C1137_DQ182643 336 (556.0)
denovo83 C1133_DQ182648 336 (556.0)
denovo83 C1132_DQ182649 336 (565.0)
denovo83 C1143_DQ182634 336 (565.0)
denovo83 C1139_DQ182639 338 (573.0)
denovo83 C15.28_KC597687 338 (637.0)
denovo83 C1141_DQ182636 338 (582.0)
denovo83 C1144_DQ182637 338 (591.0)
denovo83 C1122_DQ182654 338 (600.0)
denovo83 C1127_DQ182652 338 (591.0)
denovo83 C15.30_JX394114 343 (623.5)
denovo83 C15.26_KC597686 339 (621.0)
denovo83 C1086_DQ182656 340 (624.0)
denovo83 C15.25_KC597685 340 (633.0)
denovo83 C1118_AF180127 340 (584.5)
denovo83 C1129_DQ182651 340 (569.0)
denovo83 C15.21_KC597683 338 (600.5)
denovo83 C56_AY589760 337 (633.0)
denovo83 C1140_DQ182638 340 (587.0)
denovo83 C1126_DQ182653 340 (578.0)
denovo83 C15c_AY258492 337 (633.5)
denovo83 C15d_AY258493 336 (640.0)
denovo83 C1098_DQ182641 338 (634.0)
denovo83 C15.27_KC597689 340 (624.0)
denovo83 C15.18_HE579024 339 (621.0)
denovo83 C15.16_HE579022 340 (642.0)
denovo83 C1101_AB253787 340 (615.0)
denovo83 C1083_AY237300 340 (624.0)
denovo83 C1088_DQ182640 343 (622.0)
denovo83 C15.6_FN563472 340 (624.0)
denovo83 C15.5_FJ461512 342 (620.5)
denovo83 C15.4_FJ461511 342 (629.5)
denovo83 C15.13_HE579019 340 (615.0)
denovo83 C15.12_HE579018 340 (624.0)
denovo83 C93a_AM748563 338 (645.5)
denovo83 C1094_AJ291514 338 (628.5)
denovo83 C93_AM748562 338 (637.5)
denovo83 C15.17_HE579023 339 (615.0)
denovo83 C15e_AY589742 342 (632.5)
denovo83 C15.22_KC597695 340 (624.0)
denovo83 C60_AY589764 340 (624.0)
denovo83 C15.1_FJ461508 340 (624.0)
denovo83 C15.2_FJ461509 340 (624.0)
denovo83 C15.9_FN563475 340 (641.5)
denovo83 C15.7_HE579015 339 (638.5)
denovo83 C15.8_HE579016 340 (624.0)
denovo83 C15.15_HE579021 340 (624.0)
denovo83 C15.19_HE579025 340 (633.0)
denovo83 C15.24_KC597696 340 (615.0)
denovo83 C15.3_FJ461510 342 (629.5)
denovo83 C1087_DQ182655 340 (633.0)
denovo83 C15.14_HE579020 341 (623.5)
denovo83 C15.23_KC597697 341 (623.5)
denovo83 C19_AY258479 339 (633.5)
denovo83 C1233_EU118166 340 (624.0)
denovo83 C15b_AY258491 340 (624.0)
denovo83 C15a_AY258476 342 (638.5)
denovo83 C1051_AF195153 340 (642.0)
denovo83 C2_AF333518 341 (641.0)
denovo83 C15.20_HE579026 341 (632.5)
denovo83 C15f_AY589743 342 (626.0)
denovo83 C55_AY589759 345 (633.0)
denovo83 C15_AY239369 340 (633.0)
denovo83 C32.1_JF683335 338 (588.0)
denovo83 C32.2_JF683336 338 (588.0)
denovo83 C21.23_KC597693 338 (588.0)
denovo83 C1193_EU099827 346 (610.0)
denovo83 C1195_EU099821 342 (610.5)
denovo83 C3q_GU907655 329 (602.0)
denovo83 C53_AY589758 342 (602.5)
denovo83 C73_AY765408 335 (615.5)
denovo83 C17.2.1_KC597684 343 (582.5)
denovo83 C32_AY258497 342 (598.0)
denovo83 C1189_EU099831 328 (603.0)
denovo83 C1191_EU099833 327 (609.5)
denovo83 C1196_EU099819 328 (585.0)
denovo83 C1192_EU099820 328 (585.0)
denovo83 C17.1_JF683322 328 (603.0)
denovo83 C26_b2_FN827164 329 (602.5)
denovo83 C26_b3_FN827165 329 (584.5)
denovo83 C31.9_HQ630879 344 (586.0)
denovo83 C31a_AY589746 344 (582.5)
denovo83 C30_AY589745 344 (582.5)
denovo83 C31.1_HQ630876 348 (584.0)
denovo83 C31.5_HQ630877 342 (594.5)
denovo83 C31.6_HQ630878 344 (591.5)
denovo83 C31.2_JF683332 344 (591.5)
denovo83 C31.3_JF683333 344 (582.5)
denovo83 C26/C35a_AY239378 329 (593.5)
denovo83 C35a_AY258501 329 (593.5)
denovo83 C35.2_AY258500 329 (602.5)
denovo83 C26_b1_FN827163 329 (602.5)
denovo83 C17_AY239370 328 (603.0)
denovo83 C17.2_FJ461513 330 (602.0)
denovo83 C31.10_HQ630880 344 (595.0)
denovo83 C31.4_JF683334 348 (580.0)
denovo83 C31_AY258496 344 (591.5)
denovo83 C25_AY239377 340 (635.5)
denovo83 C61_AY589765 339 (587.0)
denovo83 C1043_DQ072721 342 (594.0)
denovo83 C79_AY765414 345 (610.0)
denovo83 C69_AY589773 332 (608.0)
denovo83 C69a_AY686648 332 (599.0)
denovo83 C21.22_KC597692 339 (581.0)
denovo83 C51_AY589756 341 (609.0)
denovo83 C1aa_HM185739 339 (621.5)
denovo83 C1096_DQ068023 339 (610.0)
denovo83 C74_AY765409 348 (642.0)
denovo83 C1185_AB294629 350 (638.5)
denovo83 C1184_AB294630 350 (638.5)
denovo83 C1153_AB294625 350 (638.5)
denovo83 C1154_AB294626 349 (654.0)
denovo83 C1187_AB294627 350 (638.5)
denovo83 C1186_AB294628 350 (638.5)
denovo83 C57_AY589761 350 (647.5)
denovo83 C66_AY589771 350 (647.5)
denovo83 C5_AF499795 340 (624.0)
denovo83 C1167_AB294586 340 (624.0)
denovo83 C1164_AB294593 340 (624.0)
denovo83 C1183_AB294631 340 (642.0)
denovo83 C1067_DQ335381 342 (620.5)
denovo83 C1159_AB294613 339 (626.5)
denovo83 C1150_AB294622 339 (635.5)
denovo83 C90_AM748554 341 (647.0)
denovo83 C1168_AB294583 340 (633.0)
denovo83 C1156_AB294616 340 (642.0)
denovo83 C1151_AB294621 340 (651.0)
denovo83 C92a_AM748561 340 (651.0)
denovo83 C92_AM748560 340 (642.0)
denovo83 C1165_AB294581 340 (633.0)
denovo83 C1166_AB294584 340 (651.0)
denovo83 C1162_AB294594 340 (633.0)
denovo83 C1163_AB294596 340 (642.5)
denovo83 C1161_AB294606 340 (642.0)
denovo83 C1160_AB294608 344 (634.5)
denovo83 C1158_AB294614 340 (651.0)
denovo83 C1155_AB294617 340 (633.0)
denovo83 C1149_AB294620 340 (642.0)
denovo83 C1173_AB294662 340 (651.0)
denovo83 C1171_AB294663 340 (633.0)
denovo83 C1172_AB294665 340 (633.0)
denovo83 C91a_AM748556 340 (651.0)
denovo83 C91b_AM748557 340 (642.0)
denovo83 C91d_AM748559 339 (639.5)
denovo83 C91c_AM748558 339 (639.5)
denovo83 C91_AJ621543 340 (642.0)
denovo83 C91_AM748555 340 (642.0)
denovo83 C1023_DQ335330 331 (593.5)
denovo83 C1020_DQ335392 342 (629.5)
denovo83 C1018_DQ335408 342 (629.5)
denovo83 C1074_DQ335329 342 (620.5)
denovo83 C1030_DQ335353 342 (620.5)
denovo83 C1022_DQ335331 342 (620.5)
denovo83 C1027_DQ335360 342 (629.5)
denovo83 C1072_DQ335344 342 (620.5)
denovo83 C1039_AB190274 342 (629.5)
denovo83 C1033_DQ335350 342 (648.5)
denovo83 C1019_DQ335407 342 (629.5)
denovo83 C1194_EU099826 342 (614.5)
denovo83 C8b_AY258475 342 (604.5)
denovo83 C8_AY239367 345 (619.5)
denovo83 C8a_AY239368 345 (619.5)
denovo83 C54a_AY765406 342 (629.5)
denovo83 C3ff_HM185740 342 (638.5)
denovo83 C59_AY589763 346 (615.0)
denovo83 C3k_AY589737 339 (630.5)
denovo83 C3.24_HE579012 338 (637.0)
denovo83 C3.23_HE579011 339 (630.5)
denovo83 C35.1_AY765401 343 (632.0)
denovo83 C35.3_EF541145 343 (632.0)
denovo83 C76_AY765411 342 (617.5)
denovo83 C1107_DQ335359 341 (604.0)
denovo83 C3.22_HE579010 345 (603.5)
denovo83 C77_AY765412 342 (617.0)
denovo83 C20_AY239371 345 (628.5)
denovo83 C1055_DQ480640 340 (620.0)
denovo83 C27/C30_AY239379 329 (593.5)
denovo83 C27.1_FJ461517 329 (584.5)
denovo83 C40a_AY589747 347 (632.5)
denovo83 C40_AY258485 347 (632.5)
denovo83 C40b_AY589748 348 (623.5)
denovo83 C16_AY258477 345 (629.0)
denovo83 C16a_AY765399 345 (629.0)
denovo83 C1091_AB207186 342 (630.0)
denovo83 C1102_DQ335400 342 (612.0)
denovo83 C1069_DQ335375 342 (630.0)
denovo83 C1073_DQ335332 343 (624.0)
denovo83 C1066_DQ335382 340 (615.5)
denovo83 C1031_DQ335352 342 (639.0)
denovo83 C1026_DQ335366 342 (638.5)
denovo83 C70_AY589774 342 (639.0)
denovo83 C1082_AB190267 342 (621.0)
denovo83 C1078_AB190271 340 (632.5)
denovo83 C1090_AB207191 342 (630.0)
denovo83 C1071_DQ335302 342 (630.0)
denovo83 C1075_DQ335328 342 (630.0)
denovo83 C1068_DQ335379 342 (621.0)
denovo83 C1064_DQ335395 342 (621.0)
denovo83 C1063_DQ335403 339 (630.5)
denovo83 C62_AY589766 342 (630.0)
denovo83 C1077_DQ335316 339 (635.5)
denovo83 C1109_DQ335338 342 (621.0)
denovo83 C1110_DQ335340 342 (612.0)
denovo83 C1106_DQ335339 342 (612.0)
denovo83 C1112_DQ335319 342 (621.0)
denovo83 C1108_DQ335351 342 (612.0)
denovo83 C1105_DQ335394 342 (621.0)
denovo83 C1121_DQ335378 342 (612.0)
denovo83 C1116_AB190268 342 (621.0)
denovo83 C1115_AB190273 342 (621.0)
denovo83 C1124_DQ335323 342 (603.0)
denovo83 C1120_DQ335398 342 (603.0)
denovo83 C1119_DQ335404 342 (612.0)
denovo83 C1123_DQ335363 342 (612.0)
denovo83 C1004_DQ480635 342 (629.0)
denovo83 C1061_AY186568 342 (620.0)
denovo83 C1053_AY186569 342 (629.0)
denovo83 C1003_DQ480639 342 (629.0)
denovo83 C81_GU907657 328 (604.5)
denovo83 C22_AY239373 337 (631.5)
denovo83 C22a_AY239374 340 (623.0)
denovo83 C1232_EU118163 344 (626.0)
denovo83 C21.13_FJ461515 328 (594.0)
denovo83 C21.1_JF683323 326 (597.5)
denovo83 C21.3_JF683325 342 (608.5)
denovo83 C1.20_HE578993 342 (620.5)
denovo83 C1.22_HE578995 342 (611.5)
denovo83 C52_AY589757 341 (621.5)
denovo83 C1201_EU099793 343 (603.0)
denovo83 C14_AY589741 345 (623.0)
denovo83 C43_AY589749 345 (629.0)
denovo83 C50_AY589755 342 (629.5)
denovo83 C3.14_HQ630872 341 (653.0)
denovo83 C1m_AY765398 342 (630.0)
denovo83 C82_GU907658 342 (629.5)
denovo83 C82b_GU907660 342 (629.5)
denovo83 C64_AY589768 339 (638.0)
denovo83 C45a_AY765404 345 (628.5)
denovo83 C48_AY589753 342 (650.0)
denovo83 C1_v1b_FJ919244 342 (620.5)
denovo83 C1_v1a_FJ919243 342 (629.5)
denovo83 C3j_AY239366 342 (620.5)
denovo83 C3t_EF541149 345 (637.5)
denovo83 C9_AF499798 344 (635.5)
denovo83 C23_AY239375 343 (651.0)
denovo83 C37_AY258481 342 (620.5)
denovo83 C1048_DQ068026 345 (628.5)
denovo83 C21.4_JF683326 328 (603.0)
denovo83 C21.5_JF683327 328 (603.0)
denovo83 C1070_DQ335349 342 (647.5)
denovo83 C21.6_HQ630873 328 (621.0)
denovo83 C1224_EU074890 342 (647.5)
denovo83 C1.17_HE578990 342 (647.5)
denovo83 C21_b1_FN827162 344 (596.0)
denovo83 C21.9_JF683330 344 (605.0)
denovo83 C1085_AY624605 339 (621.5)
denovo83 C3p_GU907654 342 (623.5)
denovo83 C3f_AY589734 342 (638.5)
denovo83 C65a_AY589770 340 (632.5)
denovo83 C65_AY589769 340 (641.5)
denovo83 C71_AY589775 340 (632.5)
denovo83 C71a_AY589776 340 (623.5)
denovo83 C1178_AB294647 341 (621.0)
denovo83 C1225_EU074893 339 (648.0)
denovo83 C75_AY765410 341 (636.0)
denovo83 C21.10_JF683331 341 (605.5)
denovo83 C21.11_HQ630874 341 (605.5)
denovo83 C1065_DQ335388 342 (630.0)
denovo83 C1045_DQ068036 342 (639.0)
denovo83 C1h_AY258473 341 (635.0)
denovo83 C38_AY258482 341 (626.0)
denovo83 C1202_EU099799 341 (626.0)
denovo83 C7_AF499797 341 (635.0)
denovo83 C12_AF499801 343 (624.5)
denovo83 C38a_AY258483 340 (637.5)
denovo83 C1200_EU099800 329 (634.5)
denovo83 C44a_AY589751 342 (638.0)
denovo83 C47_AY589752 345 (646.5)
denovo83 C44_AY589750 345 (637.5)
denovo83 C1.15_HE578988 342 (629.5)
denovo83 C45.3_FJ461522 345 (628.5)
denovo83 C46a_AY765405 345 (628.5)
denovo83 C46_EU449108 345 (637.5)
denovo83 C3.12_FJ461507 345 (637.5)
denovo83 C1k_AY589733 345 (628.5)
denovo83 C67_AY686647 345 (637.5)
denovo83 C82a_GU907659 342 (629.5)
denovo83 C10a_AY589739 345 (637.5)
denovo83 C10_AF499799 345 (628.5)
denovo83 C13_AY589740 351 (625.5)
denovo83 C4_AF499794 345 (628.5)
denovo83 C1147_EF656433 345 (628.5)
denovo83 C1c/C45_AY239364 345 (637.5)
denovo83 C1c/C45_EU449103 345 (637.5)
denovo83 C21.19_HE579031 328 (603.0)
denovo83 C21.21_HE579033 328 (594.0)
denovo83 C21.20_HE579032 328 (603.0)
denovo83 C42b_AY765403 346 (623.0)
denovo83 C42_AY258487 346 (632.0)
denovo83 C1p_GU907652 342 (629.5)
denovo83 C1d_AY258488 345 (619.5)
denovo83 C42_AY765402 345 (628.5)
denovo83 C3ha_AY589736 328 (603.0)
denovo83 C63a_AY589767 330 (620.0)
denovo83 C21a_AY589744 328 (612.0)
denovo83 C3o_GU907653 328 (611.5)
denovo83 C21.16_HQ630875 328 (603.0)
denovo83 C21.2_JF683324 328 (603.0)
denovo83 C21.7_JF683328 327 (609.5)
denovo83 C21.8_JF683329 328 (612.0)
denovo83 C3h_AY239365 328 (603.0)
denovo83 C1203_EU099798 328 (603.0)
denovo83 C3.10_FJ461505 342 (647.5)
denovo83 C21.14_FJ461516 328 (621.0)
denovo83 C21.18_HE579030 334 (600.0)
denovo83 C3.17_HE579005 342 (629.5)
denovo83 C3.9_FJ461504 341 (624.0)
denovo83 C3.8_FJ461503 342 (638.5)
denovo83 C3.7_FJ461502 342 (629.5)
denovo83 C3.11_FJ461506 342 (638.5)
denovo83 C3.18_HE579006 342 (629.5)
denovo83 C3.19_HE579007 342 (630.0)
denovo83 C3.20_HE579008 342 (629.5)
denovo83 C3g_AY589735 345 (621.5)
denovo83 C3a_AF499790 340 (642.0)
denovo83 C3e_AF499793 342 (629.5)
denovo83 C6_AF499796 342 (647.5)
denovo83 C11_AF499800 342 (629.5)
denovo83 C36_AY258480 342 (647.5)
denovo83 C29_AY258494 342 (647.5)
denovo83 C1146_EF656434 343 (633.0)
denovo83 C1190_EU099841 342 (647.5)
denovo83 C131_JF320826 342 (629.5)
denovo83 C28_AY239380 345 (631.5)
denovo83 C1012_DQ480604 342 (629.5)
denovo83 C1181_AB294640 342 (614.5)
denovo83 C1180_AB294641 342 (632.5)
denovo83 C1179_AB294645 340 (618.0)
denovo83 C1176_AB294651 340 (627.0)
denovo83 C1175_AB294653 342 (614.5)
denovo83 C1174_AB294655 344 (620.0)
denovo83 C1177_AB294659 342 (623.5)
denovo83 C1040_AB190269 344 (635.0)
denovo83 C1182_AB294649 342 (629.5)
denovo83 C1089_AJ278598 342 (629.5)
denovo83 C1028_DQ335357 342 (638.5)
denovo83 C3.16_EU786015 342 (647.5)
denovo83 C1097_AJ311943 341 (623.0)
denovo83 C1170_AB294661 342 (623.5)
denovo83 C21.17_HE579029 342 (619.5)
denovo83 C21/3d/C3k_AY239372 328 (612.0)
denovo83 C58_AY589762 329 (611.5)
denovo83 C3L_AY589738 344 (631.5)
denovo83 C1169_AB294660 342 (623.5)
denovo83 C3.2_FJ461497 342 (632.5)
denovo83 C3.1_JF683321 339 (633.5)
denovo83 C1104_AF427469 343 (628.5)
denovo83 C3b_AF499791 341 (639.0)
denovo83 C83_GU907661 342 (641.0)
denovo83 C49_AY589754 368 (653.0)
denovo83 C3_AB778606 342 (638.5)
denovo83 C3_AF499789 342 (638.5)
denovo83 C3_HE579001 342 (638.5)
denovo83 C21.12_FJ461514 328 (594.0)
denovo83 C1229_EU074888 339 (625.0)
denovo83 C1230_EU074889 339 (634.0)
denovo83 C1114_AB207196 342 (620.5)
denovo83 C3.21_HE579009 342 (560.5)
denovo83 C1057_DQ480619 342 (629.5)
denovo83 C72_AY765407 339 (629.0)
denovo83 C1b.3_HE578999 342 (623.5)
denovo83 C93_AJ621536 342 (629.5)
denovo83 C94_AJ621539 342 (629.5)
denovo83 C1g_AY589730 342 (647.5)
denovo83 C1i_AY589731 336 (622.0)
denovo83 C1j_AY589732 342 (638.5)
denovo83 C1005_DQ480633 342 (629.5)
denovo83 C1.7_FJ461494 342 (629.5)
denovo83 C1.11_HE578984 342 (630.0)
denovo83 C1.12_HE578985 342 (629.5)
denovo83 C1.13_HE578986 342 (638.5)
denovo83 C1.14_HE578987 342 (638.5)
denovo83 C1.18_HE578991 342 (629.5)
denovo83 C1.19_HE578992 342 (629.5)
denovo83 C1199_EU099802 339 (615.0)
denovo83 C1188_EU099838 339 (630.0)
denovo83 C1002_DQ838544 342 (638.5)
denovo83 C1198_EU099810 342 (629.5)
denovo83 C24_AY239376 342 (629.5)
denovo83 C1f_AY258490 342 (638.5)
denovo83 C1006_DQ480629 342 (647.5)
denovo83 C1010_DQ480607 342 (629.5)
denovo83 C1007_DQ480624 342 (629.5)
denovo83 C1011_DQ480605 342 (629.5)
denovo83 C1009_DQ480608 346 (631.5)
denovo83 C1041_AY186548 342 (638.5)
denovo83 C1052_AY186570 342 (629.5)
denovo83 C1148_EU040178 342 (638.5)
denovo83 C1234_EU118165 343 (628.5)
denovo83 C1.5_EF634157 342 (638.5)
denovo83 C1059_DQ480609 342 (629.5)
denovo83 C1228_EU074883 342 (629.5)
denovo83 C1208_EU074963 342 (629.5)
denovo83 C1207_EU074964 342 (638.5)
denovo83 C1206_EU074965 342 (629.5)
denovo83 C1013_DQ480642 342 (629.5)
denovo83 C80_GU907656 349 (624.0)
denovo83 C1a_AF499788 339 (630.0)
denovo83 C41_AY258486 342 (638.5)
denovo83 C39_AY258484 327 (634.0)
denovo83 C1231_EU074878 342 (629.5)
denovo83 C1b.1_HE578997 342 (623.5)
denovo83 C18_AY258478 342 (638.5)
denovo83 C1.10_HE578983 341 (633.0)
denovo83 C1_JN558041 342 (638.5)
denovo83 C1_HE578979 342 (638.5)
denovo83 C1_AM748551 342 (638.5)
denovo83 C1_AF333515 342 (638.5)
denovo83 C1054_AY186565 341 (642.0)
denovo83 C1008_DQ480613 342 (629.5)
denovo83 C1103_AF427470 343 (628.5)
denovo83 C1226_EU074881 343 (628.5)
denovo83 C1b/C1e_AY239363 342 (632.5)
denovo83 C1044_DQ068038 342 (624.5)
denovo83 C1017_DQ174729 343 (622.5)
denovo83 C1.6_FJ461493 342 (647.5)
denovo83 C1b.2_HE578998 342 (623.5)
denovo83 C1060_DQ480600 342 (629.5)
denovo83 C1227_EU074882 342 (629.5)
denovo83 C1197_EU099814 342 (629.5)
denovo83 C1130_DQ480643 342 (533.0)
denovo83 D109_AB097465 370 (441.5)
denovo83 D1.11_HE579040 365 (453.5)
denovo83 D105_AF174570 365 (454.0)
denovo83 D104_AF174572 378 (447.0)
denovo83 D1.3_JF683337 360 (447.0)
denovo83 D1.10_HE579039 363 (457.5)
denovo83 D110_AF174561 367 (451.0)
denovo83 D117_AF174542 365 (445.0)
denovo83 D114_AF174549 365 (454.0)
denovo83 D113_AF174557 360 (447.5)
denovo83 D112_AF174558 369 (448.5)
denovo83 D106_AF174559 353 (455.0)
denovo83 D111_AF174560 367 (450.5)
denovo83 D115_AF174562 365 (445.0)
denovo83 D107_AF174568 366 (448.5)
denovo83 D116_AF174571 365 (445.0)
denovo83 D124_EU074897 364 (451.5)
denovo83 D1.8_HE579037 369 (448.5)
denovo83 D3_AY686650 365 (463.0)
denovo83 D1.6_HQ630881 365 (454.0)
denovo83 D120_EU074900 367 (442.0)
denovo83 D121_EU074904 365 (454.0)
denovo83 D122_EU074905 370 (450.0)
denovo83 D1a.2_JF683339 364 (453.5)
denovo83 D1a.1_JF683338 362 (454.5)
denovo83 D2_AY686649 601 (511.5)
denovo83 D4_DQ865214 362 (451.0)
denovo83 D1a_AF499802 367 (451.0)
denovo83 D1a_JN558078 367 (451.0)
denovo83 D123_EU074895 365 (454.0)
denovo83 D108_AF174567 365 (463.0)
denovo83 D103_AF174575 367 (451.0)
denovo83 D100_AF411415 362 (453.5)
denovo83 D118_EF656435 361 (460.0)
denovo83 D101_AF411416 362 (438.5)
denovo83 D119_EU099832 361 (443.5)
denovo83 D102_AF174573 365 (458.0)
denovo83 D1_AF334660 365 (454.0)
denovo83 D1_JN558076 365 (454.0)
denovo83 D1.12_HE579041 348 (449.0)
denovo83 D1.1_AM748564 420 (493.5)
denovo83 D1.2_AM748617 434 (507.0)
denovo83 E111_EU074915 364 (441.5)
denovo83 E110_EU074914 357 (449.5)
denovo83 E114_EU074909 357 (431.5)
denovo83 E1_AF334659 359 (431.5)
denovo83 E105_EU074921 358 (441.5)
denovo83 E112_EU074916 358 (423.5)
denovo83 E104_EU074922 394 (427.0)
denovo83 E102_EU074924 358 (423.5)
denovo83 E103_EU074923 358 (432.5)
denovo83 E101_AY160123 395 (417.5)
denovo83 E109_EU074913 357 (439.0)
denovo83 E100_DQ011618 357 (446.5)
denovo83 E108_EU074912 356 (444.0)
denovo83 E113_EU074908 355 (445.5)
denovo83 E107_EU074910 356 (444.5)
denovo83 F1_JN558066 370 (604.0)
denovo83 F5.2d_AJ291530 337 (625.0)
denovo83 F104_AJ291531 337 (625.0)
denovo83 F5.2c_AM748596 337 (616.5)
denovo83 F5.2_AM748594 337 (616.0)
denovo83 F5.2a_AM748614 337 (616.0)
denovo83 F5.2b_AM748595 337 (616.0)
denovo83 F5.2e_AJ291533 337 (589.5)
denovo83 F5.2g_JN558072 337 (624.5)
denovo83 F5.2f_AJ291512 337 (615.5)
denovo83 F102_AJ291534 337 (615.5)
denovo83 F5.1c_AM748593 342 (648.0)
denovo83 F5.1d_JN558069 345 (610.5)
denovo83 F5.1b_AJ291535 341 (636.5)
denovo83 F5.1_AM748592 343 (633.0)
denovo83 F5.1a_AM748591 341 (636.5)
denovo83 F110_AJ291526 336 (691.5)
denovo83 F4.7_AM748587 338 (674.0)
denovo83 F4.5_AM748585 337 (667.0)
denovo83 F4.4a_AM748583 333 (692.5)
denovo83 F4.4_AM748582 338 (695.0)
denovo83 F4.4b_AM748584 331 (711.5)
denovo83 F4.1a_AM748573 339 (663.0)
denovo83 F112_AJ291528 337 (650.0)
denovo83 F4.1_AM748572 337 (650.0)
denovo83 F4.8b_AM748590 338 (688.0)
denovo83 F4.8_AM748588 329 (688.5)
denovo83 F4.8a_AM748589 329 (688.5)
denovo83 F109_AJ291527 335 (693.0)
denovo83 F4.6_AM748586 337 (649.5)
denovo83 F111_AJ311949 330 (688.0)
denovo83 F4.3c_AM748581 331 (691.0)
denovo83 F4.3a_AM748579 330 (698.0)
denovo83 F4.3b_AM748580 331 (700.0)
denovo83 F4.3_AM748578 331 (691.0)
denovo83 F4.2_AM748574 336 (701.0)
denovo83 F4.2a_AM748575 336 (686.5)
denovo83 F4.2c_AM748577 336 (683.0)
denovo83 F4.2b_AM748576 336 (686.5)
denovo83 F2b_AJ291521 343 (657.5)
denovo83 F2_AJ830908 343 (675.5)
denovo83 F2a_AJ830911 343 (671.0)
denovo83 F3.1a_AM748566 356 (625.5)
denovo83 F114_AJ291525 356 (635.0)
denovo83 F3.1_AM748565 356 (635.0)
denovo83 F3.2_AM748567 361 (666.5)
denovo83 F3.2a_AM748568 361 (660.0)
denovo83 F3.3_AM748569 354 (652.0)
denovo83 F3.4a_AM748571 352 (601.0)
denovo83 F3.4_AM748570 348 (607.0)
denovo83 F3.4b_AM748616 348 (607.0)
denovo83 G101_AJ291539 379 (485.5)
denovo83 G1_AM748597 374 (487.5)
denovo83 G2b_JN558087 376 (485.5)
denovo83 G2_AM748598 377 (479.5)
denovo83 G2a_AM748599 377 (470.5)
denovo83 G4_AM748601 371 (515.0)
denovo83 G3.4_LK392378 364 (484.0)
denovo83 G3_AM748600 366 (499.0)
denovo83 G3.2_KC597694 345 (458.5)
denovo83 G3.1_KC597688 366 (507.5)
denovo83 G100_AB253788 359 (495.5)
denovo83 G3.3_LK392377 366 (498.0)
denovo83 H6_AJ291520 626 (335.5)
denovo83 H3_AM748606 341 (481.0)
denovo83 H2_AM748605 349 (503.5)
denovo83 H4_AM748607 342 (495.5)
denovo83 H4a_AM748608 352 (494.0)
denovo83 H5a_AM748611 350 (483.5)
denovo83 H5b_AM748610 353 (473.0)
denovo83 H5_AJ621129 350 (483.5)
denovo83 H5_AM748609 350 (483.5)
denovo83 H100_AJ291513 336 (465.5)
denovo83 H1b_AM748604 350 (458.5)
denovo83 H1a_AM748612 350 (467.5)
denovo83 H1_AJ621152 350 (467.5)
denovo83 H1_AM748602 350 (467.5)
denovo83 I3_FN561561 367 (703.0)
denovo83 I4_FN561562 367 (703.0)
denovo83 I1_FN561559 374 (688.0)
denovo83 I2_FN561560 369 (690.0)

#---------------------------------------
#---------------------------------------
