denovo18 A136_DQ865210 349 (313.0)
denovo18 A133_DQ174725 342 (320.5)
denovo18 A115_AF180123 344 (295.5)
denovo18 A117_AF201746 358 (299.0)
denovo18 A134_DQ174723 358 (299.0)
denovo18 A114_AF184941 358 (299.0)
denovo18 A135_DQ174727 364 (299.5)
denovo18 A2_AF333506 351 (301.0)
denovo18 A101_AF427468 353 (293.0)
denovo18 A2_1_JN558097 353 (293.0)
denovo18 A2_2_JN558100 353 (293.0)
denovo18 A113_AF184948 363 (289.5)
denovo18 A112_AF184949 352 (293.5)
denovo18 A123_EF378618 355 (220.5)
denovo18 A137_EF378621 379 (188.0)
denovo18 A11_EU449041 351 (298.5)
denovo18 A121_DQ174722 354 (282.5)
denovo18 A15b_EU792886 335 (284.5)
denovo18 A15a_EU792885 338 (277.5)
denovo18 A15c_EU792887 338 (277.5)
denovo18 A15_EU792884 338 (277.5)
denovo18 A147_EU074937 364 (281.0)
denovo18 A154_EU074860 364 (263.0)
denovo18 A146_EU074936 341 (282.5)
denovo18 A150_EU074928 341 (283.5)
denovo18 A116_AF183575 358 (280.0)
denovo18 A141_EU074931 341 (283.5)
denovo18 A5_AF333508 344 (279.5)
denovo18 A3b_EU449043 341 (275.5)
denovo18 A151_EU074925 359 (283.5)
denovo18 A152_EU074927 358 (280.5)
denovo18 A149_EU074929 359 (284.0)
denovo18 A140_EU074930 366 (277.0)
denovo18 A142_EU074932 364 (281.0)
denovo18 A143_EU074933 359 (275.5)
denovo18 A144_EU074934 368 (274.0)
denovo18 A145_EU074935 364 (281.0)
denovo18 A148_EU074938 358 (280.0)
denovo18 A155_EU074856 342 (278.0)
denovo18 A156_EU074859 364 (272.0)
denovo18 A139_EU074962 364 (281.0)
denovo18 A6_AF186058 364 (281.0)
denovo18 A3_AF333507 364 (281.0)
denovo18 A3_JN558091 364 (281.0)
denovo18 A8_AY258468 345 (262.5)
denovo18 A7_AY239360 366 (273.0)
denovo18 A16_EU792888 344 (278.0)
denovo18 A4.3_FN429763 364 (276.5)
denovo18 A120_AF180122 361 (268.0)
denovo18 A4.2_FN429761 364 (273.5)
denovo18 A4_AF333509 364 (283.5)
denovo18 A4.1_FN429760 364 (272.0)
denovo18 A4a_AF499778 364 (283.5)
denovo18 A4a.1_FN429762 364 (283.5)
denovo18 A138_EF378620 366 (225.0)
denovo18 A122_EF378619 346 (258.5)
denovo18 A126_EF378615 349 (263.5)
denovo18 A10_EU792882 349 (263.5)
denovo18 A9_EU449028 343 (265.5)
denovo18 A105_AB207202 355 (266.0)
denovo18 A119_AF180121 354 (261.0)
denovo18 A12_EU792883 354 (272.5)
denovo18 A104_AB207203 342 (280.0)
denovo18 A1a_EU449030 340 (266.5)
denovo18 A1.3_HE578976 343 (265.5)
denovo18 A1.4_HE578977 350 (268.5)
denovo18 A13_AF333504 350 (277.5)
denovo18 A13_JN558094 350 (277.5)
denovo18 A110_AB190282 362 (269.0)
denovo18 A103_AB207206 343 (265.5)
denovo18 A130_EF656428 350 (259.5)
denovo18 A127_EF656429 350 (268.5)
denovo18 A128_EF656430 350 (268.5)
denovo18 A129_EF656431 345 (271.5)
denovo18 A131_EF656432 344 (277.0)
denovo18 A118_AF180120 356 (261.5)
denovo18 A1_AF333505 350 (268.5)
denovo18 A107_AB207199 349 (274.0)
denovo18 A111_AB190280 349 (274.0)
denovo18 A108_AB207197 341 (281.0)
denovo18 A106_AB207200 361 (274.0)
denovo18 A102_AB207209 349 (274.0)
denovo18 A1.2_AB207210 349 (274.0)
denovo18 A109_AB190285 349 (274.0)
denovo18 B4_AF333510 374 (313.0)
denovo18 B23_EU449079 366 (304.0)
denovo18 B30_GU907644 369 (318.5)
denovo18 B11_AY239361 355 (340.5)
denovo18 B17_AY258470 349 (320.0)
denovo18 B1k_GU907638 319 (195.0)
denovo18 B1.V_Green2014 360 (308.5)
denovo18 B1b_AF499780 359 (340.5)
denovo18 B16_AY258469 347 (321.5)
denovo18 B31a_GU907646 346 (327.5)
denovo18 B32_GU907647 346 (336.5)
denovo18 B31_GU907645 346 (336.5)
denovo18 B1j_GU907637 347 (330.5)
denovo18 B37_GU907650 349 (329.5)
denovo18 B5a_AF499782 349 (327.5)
denovo18 B5_AF499781 349 (327.5)
denovo18 B24_GU907643 350 (262.0)
denovo18 B117_AF180124 358 (309.0)
denovo18 B10_AF499787 345 (326.0)
denovo18 B20_GU907642 364 (326.5)
denovo18 B1m_GU907640 349 (337.0)
denovo18 B34_GU907649 347 (331.5)
denovo18 B1d_GU907633 347 (330.5)
denovo18 B1e_GU907634 347 (321.5)
denovo18 B1i_GU907636 352 (328.5)
denovo18 B1g_GU907635 347 (327.5)
denovo18 B123_EU074872 348 (323.5)
denovo18 B8_AF499785 350 (336.0)
denovo18 B1l_GU907639 348 (334.0)
denovo18 B1a_AF499779 347 (330.5)
denovo18 B14_AY239362 349 (323.5)
denovo18 B125_EU074865 363 (328.0)
denovo18 B122_EU074871 346 (337.5)
denovo18 B124_EU074874 348 (336.0)
denovo18 B1.VII_Green2014 347 (296.5)
denovo18 B1.III_Green2014 332 (333.0)
denovo18 B1.I_Green2014 347 (330.5)
denovo18 B1.II_Green2014 347 (330.5)
denovo18 B1_JN558057 347 (330.5)
denovo18 B1_AF333511 347 (330.5)
denovo18 B1.IV_Green2014 357 (325.0)
denovo18 B121_EU074870 347 (331.0)
denovo18 B7_AF499784 347 (330.5)
denovo18 B1.VI_Green2014 342 (317.0)
denovo18 B3_AF333514 364 (311.5)
denovo18 B9_AF499786 363 (306.0)
denovo18 B19a_JN558055 345 (290.0)
denovo18 B119_EU099825 357 (306.5)
denovo18 B21_DQ865213 365 (292.5)
denovo18 B38_GU907651 365 (292.5)
denovo18 B18_AY258471 367 (308.5)
denovo18 B18a_AY258472 362 (305.5)
denovo18 B33_GU907648 367 (308.5)
denovo18 B6_AF499783 360 (305.0)
denovo18 B19_DQ865212 367 (308.5)
denovo18 B19_GU907641 367 (308.5)
denovo18 B2_AF333512 367 (317.5)
denovo18 B2_JN558060 367 (317.5)
denovo18 C33.1_AY258498 366 (315.0)
denovo18 C33.2_AY765400 366 (315.0)
denovo18 C33a_EF541147 366 (315.0)
denovo18 C34_AY258499 373 (292.5)
denovo18 C78_AY765413 361 (308.5)
denovo18 C15.29_KC597690 382 (272.5)
denovo18 C1131_DQ182650 368 (286.0)
denovo18 C1135_DQ182646 376 (274.0)
denovo18 C1134_DQ182647 379 (274.0)
denovo18 C1142_DQ182635 379 (274.0)
denovo18 C1136_DQ182644 360 (296.0)
denovo18 C1111_DQ182645 367 (271.5)
denovo18 C1236_EF473656 363 (278.5)
denovo18 C1138_DQ182642 359 (284.5)
denovo18 C1137_DQ182643 359 (276.0)
denovo18 C1133_DQ182648 363 (278.5)
denovo18 C1132_DQ182649 364 (273.0)
denovo18 C1143_DQ182634 363 (278.5)
denovo18 C1139_DQ182639 384 (262.5)
denovo18 C15.28_KC597687 369 (292.5)
denovo18 C1141_DQ182636 374 (278.0)
denovo18 C1144_DQ182637 374 (287.0)
denovo18 C1122_DQ182654 381 (271.5)
denovo18 C1127_DQ182652 384 (271.5)
denovo18 C15.30_JX394114 372 (273.5)
denovo18 C15.26_KC597686 380 (273.5)
denovo18 C1086_DQ182656 357 (276.0)
denovo18 C15.25_KC597685 357 (276.0)
denovo18 C1118_AF180127 354 (262.5)
denovo18 C1129_DQ182651 376 (274.0)
denovo18 C15.21_KC597683 349 (274.5)
denovo18 C56_AY589760 365 (289.5)
denovo18 C1140_DQ182638 365 (286.0)
denovo18 C1126_DQ182653 365 (286.0)
denovo18 C15c_AY258492 366 (282.0)
denovo18 C15d_AY258493 364 (284.5)
denovo18 C1098_DQ182641 364 (263.0)
denovo18 C15.27_KC597689 361 (275.0)
denovo18 C15.18_HE579024 367 (294.5)
denovo18 C15.16_HE579022 367 (286.5)
denovo18 C1101_AB253787 371 (270.5)
denovo18 C1083_AY237300 362 (279.5)
denovo18 C1088_DQ182640 365 (287.0)
denovo18 C15.6_FN563472 368 (277.5)
denovo18 C15.5_FJ461512 357 (270.5)
denovo18 C15.4_FJ461511 368 (268.5)
denovo18 C15.13_HE579019 369 (271.0)
denovo18 C15.12_HE579018 371 (270.5)
denovo18 C93a_AM748563 371 (288.5)
denovo18 C1094_AJ291514 376 (279.0)
denovo18 C93_AM748562 376 (288.0)
denovo18 C15.17_HE579023 369 (277.5)
denovo18 C15e_AY589742 380 (273.0)
denovo18 C15.22_KC597695 371 (279.5)
denovo18 C60_AY589764 360 (282.5)
denovo18 C15.1_FJ461508 359 (278.5)
denovo18 C15.2_FJ461509 371 (288.5)
denovo18 C15.9_FN563475 371 (270.5)
denovo18 C15.7_HE579015 360 (282.5)
denovo18 C15.8_HE579016 371 (270.5)
denovo18 C15.15_HE579021 371 (288.5)
denovo18 C15.19_HE579025 363 (274.0)
denovo18 C15.24_KC597696 368 (295.5)
denovo18 C15.3_FJ461510 371 (279.5)
denovo18 C1087_DQ182655 373 (276.5)
denovo18 C15.14_HE579020 364 (281.5)
denovo18 C15.23_KC597697 364 (281.5)
denovo18 C19_AY258479 370 (280.0)
denovo18 C1233_EU118166 368 (286.5)
denovo18 C15b_AY258491 375 (272.5)
denovo18 C15a_AY258476 371 (270.5)
denovo18 C1051_AF195153 371 (288.5)
denovo18 C2_AF333518 371 (285.5)
denovo18 C15.20_HE579026 372 (279.0)
denovo18 C15f_AY589743 360 (279.5)
denovo18 C55_AY589759 375 (277.5)
denovo18 C15_AY239369 371 (279.5)
denovo18 C32.1_JF683335 349 (317.5)
denovo18 C32.2_JF683336 345 (315.0)
denovo18 C21.23_KC597693 345 (315.0)
denovo18 C1193_EU099827 371 (276.0)
denovo18 C1195_EU099821 367 (286.0)
denovo18 C3q_GU907655 361 (279.5)
denovo18 C53_AY589758 364 (286.5)
denovo18 C73_AY765408 358 (281.5)
denovo18 C17.2.1_KC597684 369 (296.5)
denovo18 C32_AY258497 363 (280.5)
denovo18 C1189_EU099831 348 (278.5)
denovo18 C1191_EU099833 359 (285.5)
denovo18 C1196_EU099819 357 (289.5)
denovo18 C1192_EU099820 357 (289.5)
denovo18 C17.1_JF683322 354 (279.5)
denovo18 C26_b2_FN827164 355 (288.5)
denovo18 C26_b3_FN827165 355 (304.0)
denovo18 C31.9_HQ630879 356 (284.5)
denovo18 C31a_AY589746 355 (294.5)
denovo18 C30_AY589745 356 (289.5)
denovo18 C31.1_HQ630876 361 (287.0)
denovo18 C31.5_HQ630877 361 (287.0)
denovo18 C31.6_HQ630878 363 (285.0)
denovo18 C31.2_JF683332 359 (289.5)
denovo18 C31.3_JF683333 352 (295.5)
denovo18 C26/C35a_AY239378 352 (295.5)
denovo18 C35a_AY258501 352 (295.5)
denovo18 C35.2_AY258500 355 (288.5)
denovo18 C26_b1_FN827163 355 (288.5)
denovo18 C17_AY239370 355 (283.5)
denovo18 C17.2_FJ461513 355 (285.5)
denovo18 C31.10_HQ630880 356 (284.5)
denovo18 C31.4_JF683334 362 (276.0)
denovo18 C31_AY258496 358 (287.5)
denovo18 C25_AY239377 358 (305.0)
denovo18 C61_AY589765 368 (263.0)
denovo18 C1043_DQ072721 373 (288.5)
denovo18 C79_AY765414 361 (306.5)
denovo18 C69_AY589773 362 (290.0)
denovo18 C69a_AY686648 359 (297.0)
denovo18 C21.22_KC597692 360 (288.0)
denovo18 C51_AY589756 366 (280.0)
denovo18 C1aa_HM185739 369 (275.0)
denovo18 C1096_DQ068023 374 (296.0)
denovo18 C74_AY765409 380 (294.5)
denovo18 C1185_AB294629 382 (291.5)
denovo18 C1184_AB294630 380 (285.5)
denovo18 C1153_AB294625 366 (296.0)
denovo18 C1154_AB294626 380 (303.5)
denovo18 C1187_AB294627 381 (288.5)
denovo18 C1186_AB294628 380 (294.5)
denovo18 C57_AY589761 380 (294.5)
denovo18 C66_AY589771 380 (294.5)
denovo18 C5_AF499795 372 (272.5)
denovo18 C1167_AB294586 364 (294.0)
denovo18 C1164_AB294593 371 (279.5)
denovo18 C1183_AB294631 369 (288.5)
denovo18 C1067_DQ335381 372 (281.0)
denovo18 C1159_AB294613 369 (277.5)
denovo18 C1150_AB294622 372 (277.5)
denovo18 C90_AM748554 371 (281.5)
denovo18 C1168_AB294583 377 (280.0)
denovo18 C1156_AB294616 377 (288.5)
denovo18 C1151_AB294621 371 (287.5)
denovo18 C92a_AM748561 382 (285.5)
denovo18 C92_AM748560 377 (288.5)
denovo18 C1165_AB294581 367 (294.5)
denovo18 C1166_AB294584 371 (297.5)
denovo18 C1162_AB294594 371 (297.5)
denovo18 C1163_AB294596 371 (288.5)
denovo18 C1161_AB294606 371 (288.5)
denovo18 C1160_AB294608 370 (286.0)
denovo18 C1158_AB294614 376 (285.5)
denovo18 C1155_AB294617 371 (288.5)
denovo18 C1149_AB294620 371 (288.5)
denovo18 C1173_AB294662 371 (288.5)
denovo18 C1171_AB294663 371 (279.5)
denovo18 C1172_AB294665 371 (288.5)
denovo18 C91a_AM748556 369 (290.5)
denovo18 C91b_AM748557 368 (288.0)
denovo18 C91d_AM748559 367 (285.5)
denovo18 C91c_AM748558 371 (288.0)
denovo18 C91_AJ621543 371 (288.5)
denovo18 C91_AM748555 371 (288.5)
denovo18 C1023_DQ335330 343 (265.5)
denovo18 C1020_DQ335392 371 (271.5)
denovo18 C1018_DQ335408 367 (285.5)
denovo18 C1074_DQ335329 370 (268.0)
denovo18 C1030_DQ335353 370 (277.0)
denovo18 C1022_DQ335331 365 (270.0)
denovo18 C1027_DQ335360 370 (277.0)
denovo18 C1072_DQ335344 367 (284.0)
denovo18 C1039_AB190274 370 (277.0)
denovo18 C1033_DQ335350 375 (283.5)
denovo18 C1019_DQ335407 370 (277.0)
denovo18 C1194_EU099826 365 (271.0)
denovo18 C8b_AY258475 353 (282.0)
denovo18 C8_AY239367 354 (290.0)
denovo18 C8a_AY239368 358 (284.5)
denovo18 C54a_AY765406 359 (297.5)
denovo18 C3ff_HM185740 369 (298.5)
denovo18 C59_AY589763 368 (288.5)
denovo18 C3k_AY589737 366 (282.5)
denovo18 C3.24_HE579012 369 (291.5)
denovo18 C3.23_HE579011 366 (291.5)
denovo18 C35.1_AY765401 374 (297.0)
denovo18 C35.3_EF541145 374 (288.0)
denovo18 C76_AY765411 364 (300.5)
denovo18 C1107_DQ335359 377 (271.0)
denovo18 C3.22_HE579010 375 (275.5)
denovo18 C77_AY765412 364 (288.5)
denovo18 C20_AY239371 372 (292.0)
denovo18 C1055_DQ480640 368 (284.5)
denovo18 C27/C30_AY239379 360 (293.0)
denovo18 C27.1_FJ461517 361 (290.0)
denovo18 C40a_AY589747 376 (286.5)
denovo18 C40_AY258485 376 (286.5)
denovo18 C40b_AY589748 377 (286.0)
denovo18 C16_AY258477 371 (280.0)
denovo18 C16a_AY765399 371 (280.0)
denovo18 C1091_AB207186 370 (295.0)
denovo18 C1102_DQ335400 368 (296.0)
denovo18 C1069_DQ335375 368 (294.5)
denovo18 C1073_DQ335332 361 (293.0)
denovo18 C1066_DQ335382 364 (292.5)
denovo18 C1031_DQ335352 371 (279.5)
denovo18 C1026_DQ335366 371 (279.5)
denovo18 C70_AY589774 370 (286.0)
denovo18 C1082_AB190267 367 (293.0)
denovo18 C1078_AB190271 363 (289.5)
denovo18 C1090_AB207191 370 (292.5)
denovo18 C1071_DQ335302 367 (302.0)
denovo18 C1075_DQ335328 364 (301.5)
denovo18 C1068_DQ335379 367 (293.0)
denovo18 C1064_DQ335395 365 (295.5)
denovo18 C1063_DQ335403 362 (295.5)
denovo18 C62_AY589766 367 (293.0)
denovo18 C1077_DQ335316 367 (289.5)
denovo18 C1109_DQ335338 367 (302.0)
denovo18 C1110_DQ335340 367 (311.0)
denovo18 C1106_DQ335339 367 (293.0)
denovo18 C1112_DQ335319 370 (295.0)
denovo18 C1108_DQ335351 367 (311.0)
denovo18 C1105_DQ335394 367 (302.0)
denovo18 C1121_DQ335378 367 (311.0)
denovo18 C1116_AB190268 367 (302.0)
denovo18 C1115_AB190273 367 (302.0)
denovo18 C1124_DQ335323 367 (311.0)
denovo18 C1120_DQ335398 364 (310.5)
denovo18 C1119_DQ335404 370 (301.5)
denovo18 C1123_DQ335363 367 (302.0)
denovo18 C1004_DQ480635 374 (289.0)
denovo18 C1061_AY186568 375 (283.0)
denovo18 C1053_AY186569 372 (290.5)
denovo18 C1003_DQ480639 374 (289.0)
denovo18 C81_GU907657 354 (282.0)
denovo18 C22_AY239373 370 (286.0)
denovo18 C22a_AY239374 370 (286.0)
denovo18 C1232_EU118163 365 (280.0)
denovo18 C21.13_FJ461515 356 (304.0)
denovo18 C21.1_JF683323 351 (289.5)
denovo18 C21.3_JF683325 358 (291.0)
denovo18 C1.20_HE578993 368 (297.0)
denovo18 C1.22_HE578995 369 (290.0)
denovo18 C52_AY589757 376 (289.5)
denovo18 C1201_EU099793 368 (284.5)
denovo18 C14_AY589741 362 (299.0)
denovo18 C43_AY589749 363 (298.5)
denovo18 C50_AY589755 363 (276.0)
denovo18 C3.14_HQ630872 360 (293.0)
denovo18 C1m_AY765398 368 (288.0)
denovo18 C82_GU907658 366 (283.5)
denovo18 C82b_GU907660 366 (283.5)
denovo18 C64_AY589768 372 (290.5)
denovo18 C45a_AY765404 372 (293.0)
denovo18 C48_AY589753 375 (293.0)
denovo18 C1_v1b_FJ919244 378 (284.5)
denovo18 C1_v1a_FJ919243 373 (287.5)
denovo18 C3j_AY239366 366 (290.5)
denovo18 C3t_EF541149 373 (285.0)
denovo18 C9_AF499798 366 (292.0)
denovo18 C23_AY239375 367 (284.5)
denovo18 C37_AY258481 370 (294.0)
denovo18 C1048_DQ068026 366 (292.0)
denovo18 C21.4_JF683326 356 (295.0)
denovo18 C21.5_JF683327 356 (286.0)
denovo18 C1070_DQ335349 365 (290.5)
denovo18 C21.6_HQ630873 352 (293.0)
denovo18 C1224_EU074890 355 (293.0)
denovo18 C1.17_HE578990 355 (293.0)
denovo18 C21_b1_FN827162 360 (278.5)
denovo18 C21.9_JF683330 359 (285.5)
denovo18 C1085_AY624605 364 (277.5)
denovo18 C3p_GU907654 372 (277.5)
denovo18 C3f_AY589734 373 (286.0)
denovo18 C65a_AY589770 364 (301.5)
denovo18 C65_AY589769 367 (294.5)
denovo18 C71_AY589775 367 (294.5)
denovo18 C71a_AY589776 367 (294.5)
denovo18 C1178_AB294647 376 (287.0)
denovo18 C1225_EU074893 366 (291.0)
denovo18 C75_AY765410 365 (288.0)
denovo18 C21.10_JF683331 356 (295.0)
denovo18 C21.11_HQ630874 356 (286.0)
denovo18 C1065_DQ335388 372 (272.0)
denovo18 C1045_DQ068036 371 (279.0)
denovo18 C1h_AY258473 368 (297.0)
denovo18 C38_AY258482 370 (304.0)
denovo18 C1202_EU099799 372 (292.0)
denovo18 C7_AF499797 370 (295.0)
denovo18 C12_AF499801 374 (290.0)
denovo18 C38a_AY258483 374 (294.0)
denovo18 C1200_EU099800 362 (297.0)
denovo18 C44a_AY589751 368 (289.0)
denovo18 C47_AY589752 368 (280.0)
denovo18 C44_AY589750 368 (289.0)
denovo18 C1.15_HE578988 363 (290.0)
denovo18 C45.3_FJ461522 361 (294.0)
denovo18 C46a_AY765405 349 (294.0)
denovo18 C46_EU449108 366 (292.0)
denovo18 C3.12_FJ461507 371 (289.5)
denovo18 C1k_AY589733 363 (301.0)
denovo18 C67_AY686647 366 (292.0)
denovo18 C82a_GU907659 366 (292.5)
denovo18 C10a_AY589739 364 (286.0)
denovo18 C10_AF499799 364 (295.0)
denovo18 C13_AY589740 366 (288.0)
denovo18 C4_AF499794 366 (283.0)
denovo18 C1147_EF656433 367 (294.0)
denovo18 C1c/C45_AY239364 366 (292.0)
denovo18 C1c/C45_EU449103 366 (292.0)
denovo18 C21.19_HE579031 356 (268.0)
denovo18 C21.21_HE579033 361 (265.0)
denovo18 C21.20_HE579032 361 (265.0)
denovo18 C42b_AY765403 363 (299.0)
denovo18 C42_AY258487 363 (299.0)
denovo18 C1p_GU907652 365 (295.0)
denovo18 C1d_AY258488 363 (308.0)
denovo18 C42_AY765402 363 (299.0)
denovo18 C3ha_AY589736 359 (285.0)
denovo18 C63a_AY589767 361 (293.0)
denovo18 C21a_AY589744 356 (286.0)
denovo18 C3o_GU907653 356 (286.0)
denovo18 C21.16_HQ630875 344 (284.5)
denovo18 C21.2_JF683324 358 (292.0)
denovo18 C21.7_JF683328 359 (285.5)
denovo18 C21.8_JF683329 344 (293.5)
denovo18 C3h_AY239365 356 (286.0)
denovo18 C1203_EU099798 356 (277.0)
denovo18 C3.10_FJ461505 375 (283.0)
denovo18 C21.14_FJ461516 361 (283.0)
denovo18 C21.18_HE579030 360 (285.0)
denovo18 C3.17_HE579005 370 (277.0)
denovo18 C3.9_FJ461504 373 (284.0)
denovo18 C3.8_FJ461503 370 (286.0)
denovo18 C3.7_FJ461502 370 (277.0)
denovo18 C3.11_FJ461506 370 (295.0)
denovo18 C3.18_HE579006 370 (286.0)
denovo18 C3.19_HE579007 366 (292.5)
denovo18 C3.20_HE579008 370 (277.0)
denovo18 C3g_AY589735 372 (285.0)
denovo18 C3a_AF499790 370 (286.0)
denovo18 C3e_AF499793 370 (286.5)
denovo18 C6_AF499796 370 (295.0)
denovo18 C11_AF499800 373 (285.5)
denovo18 C36_AY258480 371 (288.5)
denovo18 C29_AY258494 373 (286.0)
denovo18 C1146_EF656434 370 (286.0)
denovo18 C1190_EU099841 370 (295.0)
denovo18 C131_JF320826 370 (286.0)
denovo18 C28_AY239380 372 (276.0)
denovo18 C1012_DQ480604 370 (286.0)
denovo18 C1181_AB294640 374 (293.0)
denovo18 C1180_AB294641 374 (293.0)
denovo18 C1179_AB294645 377 (283.5)
denovo18 C1176_AB294651 374 (284.0)
denovo18 C1175_AB294653 374 (275.0)
denovo18 C1174_AB294655 376 (280.5)
denovo18 C1177_AB294659 368 (283.5)
denovo18 C1040_AB190269 364 (285.5)
denovo18 C1182_AB294649 374 (278.5)
denovo18 C1089_AJ278598 371 (279.0)
denovo18 C1028_DQ335357 370 (295.0)
denovo18 C3.16_EU786015 366 (293.0)
denovo18 C1097_AJ311943 372 (287.5)
denovo18 C1170_AB294661 374 (284.0)
denovo18 C21.17_HE579029 358 (295.0)
denovo18 C21/3d/C3k_AY239372 356 (286.0)
denovo18 C58_AY589762 355 (287.5)
denovo18 C3L_AY589738 368 (284.5)
denovo18 C1169_AB294660 374 (284.0)
denovo18 C3.2_FJ461497 364 (289.0)
denovo18 C3.1_JF683321 369 (295.0)
denovo18 C1104_AF427469 367 (281.0)
denovo18 C3b_AF499791 369 (286.5)
denovo18 C83_GU907661 367 (287.5)
denovo18 C49_AY589754 387 (308.5)
denovo18 C3_AB778606 370 (286.0)
denovo18 C3_AF499789 370 (286.0)
denovo18 C3_HE579001 370 (286.0)
denovo18 C21.12_FJ461514 356 (295.0)
denovo18 C1229_EU074888 346 (271.5)
denovo18 C1230_EU074889 346 (280.0)
denovo18 C1114_AB207196 370 (286.0)
denovo18 C3.21_HE579009 375 (241.5)
denovo18 C1057_DQ480619 356 (286.0)
denovo18 C72_AY765407 363 (289.0)
denovo18 C1b.3_HE578999 351 (302.5)
denovo18 C93_AJ621536 370 (277.0)
denovo18 C94_AJ621539 368 (279.0)
denovo18 C1g_AY589730 368 (297.0)
denovo18 C1i_AY589731 368 (297.5)
denovo18 C1j_AY589732 368 (297.0)
denovo18 C1005_DQ480633 351 (289.5)
denovo18 C1.7_FJ461494 368 (279.0)
denovo18 C1.11_HE578984 368 (288.0)
denovo18 C1.12_HE578985 351 (290.5)
denovo18 C1.13_HE578986 368 (288.0)
denovo18 C1.14_HE578987 368 (288.0)
denovo18 C1.18_HE578991 368 (297.0)
denovo18 C1.19_HE578992 369 (290.0)
denovo18 C1199_EU099802 353 (282.0)
denovo18 C1188_EU099838 354 (290.5)
denovo18 C1002_DQ838544 375 (283.0)
denovo18 C1198_EU099810 368 (279.0)
denovo18 C24_AY239376 365 (278.5)
denovo18 C1f_AY258490 368 (288.0)
denovo18 C1006_DQ480629 355 (293.0)
denovo18 C1010_DQ480607 368 (288.0)
denovo18 C1007_DQ480624 369 (282.0)
denovo18 C1011_DQ480605 375 (292.0)
denovo18 C1009_DQ480608 370 (285.5)
denovo18 C1041_AY186548 365 (288.0)
denovo18 C1052_AY186570 368 (288.0)
denovo18 C1148_EU040178 370 (285.0)
denovo18 C1234_EU118165 367 (289.0)
denovo18 C1.5_EF634157 368 (288.0)
denovo18 C1059_DQ480609 368 (279.0)
denovo18 C1228_EU074883 356 (286.5)
denovo18 C1208_EU074963 364 (294.0)
denovo18 C1207_EU074964 357 (289.5)
denovo18 C1206_EU074965 368 (288.0)
denovo18 C1013_DQ480642 357 (294.5)
denovo18 C80_GU907656 378 (301.0)
denovo18 C1a_AF499788 368 (297.0)
denovo18 C41_AY258486 365 (287.5)
denovo18 C39_AY258484 360 (286.5)
denovo18 C1231_EU074878 368 (279.0)
denovo18 C1b.1_HE578997 351 (284.5)
denovo18 C18_AY258478 368 (288.0)
denovo18 C1.10_HE578983 361 (291.5)
denovo18 C1_JN558041 368 (288.0)
denovo18 C1_HE578979 368 (288.0)
denovo18 C1_AM748551 368 (288.0)
denovo18 C1_AF333515 368 (288.0)
denovo18 C1054_AY186565 373 (290.5)
denovo18 C1008_DQ480613 368 (279.0)
denovo18 C1103_AF427470 365 (283.0)
denovo18 C1226_EU074881 368 (291.0)
denovo18 C1b/C1e_AY239363 351 (293.5)
denovo18 C1044_DQ068038 368 (291.0)
denovo18 C1017_DQ174729 352 (283.5)
denovo18 C1.6_FJ461493 364 (295.0)
denovo18 C1b.2_HE578998 351 (293.5)
denovo18 C1060_DQ480600 368 (279.5)
denovo18 C1227_EU074882 364 (295.0)
denovo18 C1197_EU099814 366 (289.0)
denovo18 C1130_DQ480643 360 (265.0)
denovo18 D109_AB097465 388 (279.0)
denovo18 D1.11_HE579040 381 (263.5)
denovo18 D105_AF174570 384 (273.5)
denovo18 D104_AF174572 387 (259.0)
denovo18 D1.3_JF683337 377 (278.5)
denovo18 D1.10_HE579039 381 (272.5)
denovo18 D110_AF174561 381 (272.5)
denovo18 D117_AF174542 381 (281.0)
denovo18 D114_AF174549 381 (272.5)
denovo18 D113_AF174557 388 (271.0)
denovo18 D112_AF174558 380 (269.0)
denovo18 D106_AF174559 384 (272.0)
denovo18 D111_AF174560 381 (272.5)
denovo18 D115_AF174562 381 (272.5)
denovo18 D107_AF174568 386 (265.0)
denovo18 D116_AF174571 375 (270.0)
denovo18 D124_EU074897 380 (277.0)
denovo18 D1.8_HE579037 380 (269.0)
denovo18 D3_AY686650 381 (272.5)
denovo18 D1.6_HQ630881 381 (278.5)
denovo18 D120_EU074900 381 (272.5)
denovo18 D121_EU074904 379 (265.5)
denovo18 D122_EU074905 387 (268.0)
denovo18 D1a.2_JF683339 383 (271.0)
denovo18 D1a.1_JF683338 381 (272.5)
denovo18 D2_AY686649 597 (329.0)
denovo18 D4_DQ865214 381 (268.5)
denovo18 D1a_AF499802 381 (272.5)
denovo18 D1a_JN558078 381 (272.5)
denovo18 D123_EU074895 381 (272.5)
denovo18 D108_AF174567 381 (272.5)
denovo18 D103_AF174575 381 (272.5)
denovo18 D100_AF411415 371 (268.5)
denovo18 D118_EF656435 381 (272.5)
denovo18 D101_AF411416 370 (271.0)
denovo18 D119_EU099832 389 (275.5)
denovo18 D102_AF174573 380 (273.0)
denovo18 D1_AF334660 381 (272.5)
denovo18 D1_JN558076 381 (272.5)
denovo18 D1.12_HE579041 351 (255.0)
denovo18 D1.1_AM748564 442 (293.0)
denovo18 D1.2_AM748617 448 (284.5)
denovo18 E111_EU074915 356 (304.5)
denovo18 E110_EU074914 374 (295.0)
denovo18 E114_EU074909 374 (286.0)
denovo18 E1_AF334659 375 (276.0)
denovo18 E105_EU074921 374 (286.0)
denovo18 E112_EU074916 374 (294.5)
denovo18 E104_EU074922 374 (286.0)
denovo18 E102_EU074924 374 (277.0)
denovo18 E103_EU074923 374 (286.0)
denovo18 E101_AY160123 371 (300.5)
denovo18 E109_EU074913 359 (304.0)
denovo18 E100_DQ011618 366 (304.5)
denovo18 E108_EU074912 389 (285.0)
denovo18 E113_EU074908 388 (294.5)
denovo18 E107_EU074910 389 (294.0)
denovo18 F1_JN558066 360 (336.0)
denovo18 F5.2d_AJ291530 357 (317.5)
denovo18 F104_AJ291531 357 (317.5)
denovo18 F5.2c_AM748596 356 (324.0)
denovo18 F5.2_AM748594 355 (321.5)
denovo18 F5.2a_AM748614 355 (321.5)
denovo18 F5.2b_AM748595 344 (316.0)
denovo18 F5.2e_AJ291533 368 (306.0)
denovo18 F5.2g_JN558072 364 (330.0)
denovo18 F5.2f_AJ291512 358 (330.5)
denovo18 F102_AJ291534 361 (339.0)
denovo18 F5.1c_AM748593 346 (329.5)
denovo18 F5.1d_JN558069 354 (345.0)
denovo18 F5.1b_AJ291535 351 (337.0)
denovo18 F5.1_AM748592 351 (337.5)
denovo18 F5.1a_AM748591 351 (337.0)
denovo18 F110_AJ291526 355 (354.5)
denovo18 F4.7_AM748587 355 (349.5)
denovo18 F4.5_AM748585 352 (365.5)
denovo18 F4.4a_AM748583 345 (356.0)
denovo18 F4.4_AM748582 348 (360.0)
denovo18 F4.4b_AM748584 349 (364.5)
denovo18 F4.1a_AM748573 342 (355.0)
denovo18 F112_AJ291528 356 (358.5)
denovo18 F4.1_AM748572 356 (358.5)
denovo18 F4.8b_AM748590 352 (357.0)
denovo18 F4.8_AM748588 343 (358.5)
denovo18 F4.8a_AM748589 352 (366.0)
denovo18 F109_AJ291527 350 (341.5)
denovo18 F4.6_AM748586 338 (352.5)
denovo18 F111_AJ311949 346 (333.5)
denovo18 F4.3c_AM748581 351 (341.0)
denovo18 F4.3a_AM748579 346 (334.5)
denovo18 F4.3b_AM748580 346 (343.5)
denovo18 F4.3_AM748578 346 (343.5)
denovo18 F4.2_AM748574 347 (342.5)
denovo18 F4.2a_AM748575 340 (353.0)
denovo18 F4.2c_AM748577 341 (352.5)
denovo18 F4.2b_AM748576 340 (353.0)
denovo18 F2b_AJ291521 361 (354.5)
denovo18 F2_AJ830908 351 (345.0)
denovo18 F2a_AJ830911 351 (345.0)
denovo18 F3.1a_AM748566 365 (369.5)
denovo18 F114_AJ291525 365 (351.5)
denovo18 F3.1_AM748565 365 (360.5)
denovo18 F3.2_AM748567 377 (344.5)
denovo18 F3.2a_AM748568 355 (351.5)
denovo18 F3.3_AM748569 385 (353.5)
denovo18 F3.4a_AM748571 372 (350.0)
denovo18 F3.4_AM748570 372 (350.0)
denovo18 F3.4b_AM748616 374 (346.5)
denovo18 G101_AJ291539 364 (291.5)
denovo18 G1_AM748597 372 (288.5)
denovo18 G2b_JN558087 348 (293.0)
denovo18 G2_AM748598 348 (293.0)
denovo18 G2a_AM748599 349 (287.0)
denovo18 G4_AM748601 375 (279.0)
denovo18 G3.4_LK392378 368 (288.0)
denovo18 G3_AM748600 363 (292.0)
denovo18 G3.2_KC597694 365 (261.0)
denovo18 G3.1_KC597688 365 (277.5)
denovo18 G100_AB253788 375 (281.0)
denovo18 G3.3_LK392377 372 (271.5)
denovo18 H6_AJ291520 619 (292.0)
denovo18 H3_AM748606 361 (274.5)
denovo18 H2_AM748605 368 (266.5)
denovo18 H4_AM748607 361 (266.0)
denovo18 H4a_AM748608 359 (264.5)
denovo18 H5a_AM748611 359 (261.5)
denovo18 H5b_AM748610 359 (261.5)
denovo18 H5_AJ621129 368 (260.5)
denovo18 H5_AM748609 368 (260.5)
denovo18 H100_AJ291513 352 (265.0)
denovo18 H1b_AM748604 349 (268.0)
denovo18 H1a_AM748612 339 (265.0)
denovo18 H1_AJ621152 351 (265.0)
denovo18 H1_AM748602 351 (265.0)
denovo18 I3_FN561561 364 (355.5)
denovo18 I4_FN561562 364 (355.5)
denovo18 I1_FN561559 367 (382.0)
denovo18 I2_FN561560 367 (364.0)

#---------------------------------------
#---------------------------------------
