denovo62 A136_DQ865210 328 (526.5)
denovo62 A133_DQ174725 362 (489.5)
denovo62 A115_AF180123 341 (487.0)
denovo62 A117_AF201746 347 (495.0)
denovo62 A134_DQ174723 349 (500.5)
denovo62 A114_AF184941 349 (500.5)
denovo62 A135_DQ174727 356 (503.0)
denovo62 A2_AF333506 351 (502.0)
denovo62 A101_AF427468 356 (494.0)
denovo62 A2_1_JN558097 356 (494.0)
denovo62 A2_2_JN558100 356 (494.0)
denovo62 A113_AF184948 335 (514.5)
denovo62 A112_AF184949 335 (487.5)
denovo62 A123_EF378618 349 (341.5)
denovo62 A137_EF378621 349 (330.5)
denovo62 A11_EU449041 343 (521.0)
denovo62 A121_DQ174722 342 (502.5)
denovo62 A15b_EU792886 345 (471.0)
denovo62 A15a_EU792885 345 (488.5)
denovo62 A15c_EU792887 345 (479.5)
denovo62 A15_EU792884 345 (480.0)
denovo62 A147_EU074937 341 (494.0)
denovo62 A154_EU074860 341 (476.0)
denovo62 A146_EU074936 342 (487.0)
denovo62 A150_EU074928 345 (496.0)
denovo62 A116_AF183575 355 (498.0)
denovo62 A141_EU074931 342 (496.0)
denovo62 A5_AF333508 338 (509.5)
denovo62 A3b_EU449043 341 (503.0)
denovo62 A151_EU074925 344 (494.0)
denovo62 A152_EU074927 360 (488.0)
denovo62 A149_EU074929 343 (492.5)
denovo62 A140_EU074930 341 (485.0)
denovo62 A142_EU074932 354 (486.0)
denovo62 A143_EU074933 347 (494.0)
denovo62 A144_EU074934 341 (485.0)
denovo62 A145_EU074935 344 (493.0)
denovo62 A148_EU074938 355 (489.5)
denovo62 A155_EU074856 341 (485.0)
denovo62 A156_EU074859 341 (485.0)
denovo62 A139_EU074962 342 (487.5)
denovo62 A6_AF186058 341 (494.0)
denovo62 A3_AF333507 341 (494.0)
denovo62 A3_JN558091 341 (494.0)
denovo62 A8_AY258468 345 (479.0)
denovo62 A7_AY239360 345 (488.5)
denovo62 A16_EU792888 345 (497.5)
denovo62 A4.3_FN429763 350 (482.0)
denovo62 A120_AF180122 345 (485.5)
denovo62 A4.2_FN429761 348 (473.0)
denovo62 A4_AF333509 348 (501.0)
denovo62 A4.1_FN429760 347 (505.0)
denovo62 A4a_AF499778 347 (508.0)
denovo62 A4a.1_FN429762 347 (508.0)
denovo62 A138_EF378620 347 (443.5)
denovo62 A122_EF378619 346 (480.0)
denovo62 A126_EF378615 345 (481.0)
denovo62 A10_EU792882 345 (481.0)
denovo62 A9_EU449028 347 (489.5)
denovo62 A105_AB207202 346 (504.0)
denovo62 A119_AF180121 343 (495.0)
denovo62 A12_EU792883 346 (495.0)
denovo62 A104_AB207203 344 (498.5)
denovo62 A1a_EU449030 347 (507.0)
denovo62 A1.3_HE578976 346 (495.0)
denovo62 A1.4_HE578977 346 (504.0)
denovo62 A13_AF333504 346 (503.0)
denovo62 A13_JN558094 346 (503.0)
denovo62 A110_AB190282 348 (491.5)
denovo62 A103_AB207206 348 (501.0)
denovo62 A130_EF656428 348 (491.5)
denovo62 A127_EF656429 348 (509.5)
denovo62 A128_EF656430 348 (491.5)
denovo62 A129_EF656431 349 (503.0)
denovo62 A131_EF656432 346 (504.0)
denovo62 A118_AF180120 347 (500.5)
denovo62 A1_AF333505 348 (500.5)
denovo62 A107_AB207199 347 (507.0)
denovo62 A111_AB190280 347 (507.0)
denovo62 A108_AB207197 354 (486.0)
denovo62 A106_AB207200 347 (506.5)
denovo62 A102_AB207209 347 (507.0)
denovo62 A1.2_AB207210 347 (507.0)
denovo62 A109_AB190285 347 (506.5)
denovo62 B4_AF333510 321 (1103.5)
denovo62 B23_EU449079 307 (1204.5)
denovo62 B30_GU907644 307 (1186.5)
denovo62 B11_AY239361 308 (1307.5)
denovo62 B17_AY258470 306 (1327.0)
denovo62 B1k_GU907638 308 (714.5)
denovo62 B1.V_Green2014 313 (1284.5)
denovo62 B1b_AF499780 306 (1267.5)
denovo62 B16_AY258469 306 (1336.0)
denovo62 B31a_GU907646 306 (1336.0)
denovo62 B32_GU907647 306 (1336.0)
denovo62 B31_GU907645 306 (1345.0)
denovo62 B1j_GU907637 306 (1345.0)
denovo62 B37_GU907650 308 (1334.5)
denovo62 B5a_AF499782 306 (1336.0)
denovo62 B5_AF499781 306 (1345.0)
denovo62 B24_GU907643 306 (1212.0)
denovo62 B117_AF180124 306 (1236.5)
denovo62 B10_AF499787 306 (1336.0)
denovo62 B20_GU907642 308 (1319.5)
denovo62 B1m_GU907640 306 (1345.0)
denovo62 B34_GU907649 306 (1354.0)
denovo62 B1d_GU907633 306 (1345.0)
denovo62 B1e_GU907634 306 (1345.0)
denovo62 B1i_GU907636 306 (1345.0)
denovo62 B1g_GU907635 307 (1326.0)
denovo62 B123_EU074872 306 (1336.0)
denovo62 B8_AF499785 307 (1335.0)
denovo62 B1l_GU907639 306 (1345.0)
denovo62 B1a_AF499779 306 (1345.0)
denovo62 B14_AY239362 307 (1335.0)
denovo62 B125_EU074865 306 (1345.0)
denovo62 B122_EU074871 306 (1345.0)
denovo62 B124_EU074874 306 (1345.0)
denovo62 B1.VII_Green2014 306 (1293.0)
denovo62 B1.III_Green2014 306 (1273.0)
denovo62 B1.I_Green2014 306 (1354.0)
denovo62 B1.II_Green2014 306 (1354.0)
denovo62 B1_JN558057 306 (1354.0)
denovo62 B1_AF333511 306 (1354.0)
denovo62 B1.IV_Green2014 316 (1339.5)
denovo62 B121_EU074870 306 (1345.0)
denovo62 B7_AF499784 306 (1345.0)
denovo62 B1.VI_Green2014 307 (1285.0)
denovo62 B3_AF333514 306 (1241.5)
denovo62 B9_AF499786 306 (1250.5)
denovo62 B19a_JN558055 310 (1126.5)
denovo62 B119_EU099825 315 (1176.0)
denovo62 B21_DQ865213 306 (1228.0)
denovo62 B38_GU907651 306 (1228.0)
denovo62 B18_AY258471 306 (1268.5)
denovo62 B18a_AY258472 306 (1259.5)
denovo62 B33_GU907648 306 (1259.5)
denovo62 B6_AF499783 311 (1265.0)
denovo62 B19_DQ865212 306 (1277.5)
denovo62 B19_GU907641 306 (1277.5)
denovo62 B2_AF333512 306 (1268.5)
denovo62 B2_JN558060 306 (1268.5)
denovo62 C33.1_AY258498 332 (656.5)
denovo62 C33.2_AY765400 332 (656.5)
denovo62 C33a_EF541147 332 (656.5)
denovo62 C34_AY258499 325 (654.5)
denovo62 C78_AY765413 327 (660.0)
denovo62 C15.29_KC597690 328 (644.0)
denovo62 C1131_DQ182650 329 (647.0)
denovo62 C1135_DQ182646 322 (645.5)
denovo62 C1134_DQ182647 324 (633.0)
denovo62 C1142_DQ182635 324 (642.0)
denovo62 C1136_DQ182644 322 (624.5)
denovo62 C1111_DQ182645 322 (634.0)
denovo62 C1236_EF473656 322 (625.0)
denovo62 C1138_DQ182642 319 (634.5)
denovo62 C1137_DQ182643 322 (625.0)
denovo62 C1133_DQ182648 322 (625.0)
denovo62 C1132_DQ182649 326 (627.5)
denovo62 C1143_DQ182634 322 (634.0)
denovo62 C1139_DQ182639 324 (642.0)
denovo62 C15.28_KC597687 324 (697.0)
denovo62 C1141_DQ182636 324 (651.0)
denovo62 C1144_DQ182637 324 (660.0)
denovo62 C1122_DQ182654 324 (669.0)
denovo62 C1127_DQ182652 324 (669.0)
denovo62 C15.30_JX394114 329 (683.5)
denovo62 C15.26_KC597686 325 (681.0)
denovo62 C1086_DQ182656 326 (684.0)
denovo62 C15.25_KC597685 326 (693.0)
denovo62 C1118_AF180127 331 (650.0)
denovo62 C1129_DQ182651 326 (638.0)
denovo62 C15.21_KC597683 324 (660.5)
denovo62 C56_AY589760 323 (675.0)
denovo62 C1140_DQ182638 326 (656.0)
denovo62 C1126_DQ182653 326 (647.0)
denovo62 C15c_AY258492 323 (693.5)
denovo62 C15d_AY258493 322 (700.0)
denovo62 C1098_DQ182641 324 (694.0)
denovo62 C15.27_KC597689 326 (684.0)
denovo62 C15.18_HE579024 325 (681.0)
denovo62 C15.16_HE579022 331 (707.5)
denovo62 C1101_AB253787 326 (675.0)
denovo62 C1083_AY237300 326 (684.0)
denovo62 C1088_DQ182640 329 (682.0)
denovo62 C15.6_FN563472 326 (684.0)
denovo62 C15.5_FJ461512 328 (680.5)
denovo62 C15.4_FJ461511 328 (689.5)
denovo62 C15.13_HE579019 326 (675.0)
denovo62 C15.12_HE579018 326 (684.0)
denovo62 C93a_AM748563 324 (705.5)
denovo62 C1094_AJ291514 324 (687.5)
denovo62 C93_AM748562 324 (696.5)
denovo62 C15.17_HE579023 325 (684.0)
denovo62 C15e_AY589742 328 (692.5)
denovo62 C15.22_KC597695 326 (684.0)
denovo62 C60_AY589764 326 (684.0)
denovo62 C15.1_FJ461508 326 (684.0)
denovo62 C15.2_FJ461509 326 (684.0)
denovo62 C15.9_FN563475 326 (701.5)
denovo62 C15.7_HE579015 325 (698.5)
denovo62 C15.8_HE579016 326 (702.0)
denovo62 C15.15_HE579021 326 (684.0)
denovo62 C15.19_HE579025 326 (693.0)
denovo62 C15.24_KC597696 326 (675.0)
denovo62 C15.3_FJ461510 328 (689.5)
denovo62 C1087_DQ182655 326 (693.0)
denovo62 C15.14_HE579020 327 (683.5)
denovo62 C15.23_KC597697 327 (683.5)
denovo62 C19_AY258479 325 (702.5)
denovo62 C1233_EU118166 326 (684.0)
denovo62 C15b_AY258491 326 (684.0)
denovo62 C15a_AY258476 328 (698.5)
denovo62 C1051_AF195153 326 (702.0)
denovo62 C2_AF333518 327 (701.0)
denovo62 C15.20_HE579026 327 (692.5)
denovo62 C15f_AY589743 328 (686.0)
denovo62 C55_AY589759 331 (693.0)
denovo62 C15_AY239369 326 (693.0)
denovo62 C32.1_JF683335 324 (657.0)
denovo62 C32.2_JF683336 324 (657.0)
denovo62 C21.23_KC597693 324 (657.0)
denovo62 C1193_EU099827 339 (680.5)
denovo62 C1195_EU099821 334 (679.0)
denovo62 C3q_GU907655 336 (669.5)
denovo62 C53_AY589758 335 (664.5)
denovo62 C73_AY765408 335 (681.0)
denovo62 C17.2.1_KC597684 329 (633.5)
denovo62 C32_AY258497 328 (667.0)
denovo62 C1189_EU099831 328 (686.5)
denovo62 C1191_EU099833 327 (693.0)
denovo62 C1196_EU099819 328 (650.5)
denovo62 C1192_EU099820 328 (650.5)
denovo62 C17.1_JF683322 328 (668.5)
denovo62 C26_b2_FN827164 333 (670.5)
denovo62 C26_b3_FN827165 329 (650.0)
denovo62 C31.9_HQ630879 330 (655.0)
denovo62 C31a_AY589746 330 (651.5)
denovo62 C30_AY589745 330 (651.5)
denovo62 C31.1_HQ630876 334 (653.0)
denovo62 C31.5_HQ630877 328 (663.5)
denovo62 C31.6_HQ630878 330 (660.5)
denovo62 C31.2_JF683332 330 (660.5)
denovo62 C31.3_JF683333 330 (651.5)
denovo62 C26/C35a_AY239378 329 (659.0)
denovo62 C35a_AY258501 329 (659.0)
denovo62 C35.2_AY258500 329 (668.0)
denovo62 C26_b1_FN827163 329 (668.0)
denovo62 C17_AY239370 328 (668.5)
denovo62 C17.2_FJ461513 330 (667.5)
denovo62 C31.10_HQ630880 330 (664.0)
denovo62 C31.4_JF683334 334 (649.0)
denovo62 C31_AY258496 330 (660.5)
denovo62 C25_AY239377 326 (686.5)
denovo62 C61_AY589765 325 (656.0)
denovo62 C1043_DQ072721 328 (648.5)
denovo62 C79_AY765414 331 (670.0)
denovo62 C69_AY589773 318 (659.0)
denovo62 C69a_AY686648 318 (650.0)
denovo62 C21.22_KC597692 331 (649.0)
denovo62 C51_AY589756 327 (669.0)
denovo62 C1aa_HM185739 328 (681.0)
denovo62 C1096_DQ068023 325 (660.0)
denovo62 C74_AY765409 334 (702.0)
denovo62 C1185_AB294629 336 (698.5)
denovo62 C1184_AB294630 336 (698.5)
denovo62 C1153_AB294625 336 (698.5)
denovo62 C1154_AB294626 335 (714.0)
denovo62 C1187_AB294627 336 (698.5)
denovo62 C1186_AB294628 336 (698.5)
denovo62 C57_AY589761 336 (707.5)
denovo62 C66_AY589771 336 (707.5)
denovo62 C5_AF499795 326 (684.0)
denovo62 C1167_AB294586 326 (684.0)
denovo62 C1164_AB294593 326 (684.0)
denovo62 C1183_AB294631 326 (702.0)
denovo62 C1067_DQ335381 328 (680.5)
denovo62 C1159_AB294613 325 (686.5)
denovo62 C1150_AB294622 325 (695.5)
denovo62 C90_AM748554 327 (707.0)
denovo62 C1168_AB294583 326 (693.0)
denovo62 C1156_AB294616 326 (702.0)
denovo62 C1151_AB294621 326 (711.0)
denovo62 C92a_AM748561 326 (711.0)
denovo62 C92_AM748560 326 (702.0)
denovo62 C1165_AB294581 326 (693.0)
denovo62 C1166_AB294584 326 (693.0)
denovo62 C1162_AB294594 326 (693.0)
denovo62 C1163_AB294596 326 (702.5)
denovo62 C1161_AB294606 326 (702.0)
denovo62 C1160_AB294608 330 (694.5)
denovo62 C1158_AB294614 326 (711.0)
denovo62 C1155_AB294617 326 (693.0)
denovo62 C1149_AB294620 326 (702.0)
denovo62 C1173_AB294662 326 (711.0)
denovo62 C1171_AB294663 326 (693.0)
denovo62 C1172_AB294665 326 (693.0)
denovo62 C91a_AM748556 326 (711.0)
denovo62 C91b_AM748557 326 (702.0)
denovo62 C91d_AM748559 325 (699.5)
denovo62 C91c_AM748558 325 (699.5)
denovo62 C91_AJ621543 326 (702.0)
denovo62 C91_AM748555 326 (702.0)
denovo62 C1023_DQ335330 317 (653.5)
denovo62 C1020_DQ335392 332 (683.0)
denovo62 C1018_DQ335408 328 (689.5)
denovo62 C1074_DQ335329 328 (680.5)
denovo62 C1030_DQ335353 328 (680.5)
denovo62 C1022_DQ335331 328 (680.5)
denovo62 C1027_DQ335360 328 (698.5)
denovo62 C1072_DQ335344 328 (680.5)
denovo62 C1039_AB190274 328 (689.5)
denovo62 C1033_DQ335350 333 (677.5)
denovo62 C1019_DQ335407 328 (689.5)
denovo62 C1194_EU099826 328 (674.5)
denovo62 C8b_AY258475 328 (664.5)
denovo62 C8_AY239367 331 (679.5)
denovo62 C8a_AY239368 333 (675.5)
denovo62 C54a_AY765406 328 (689.5)
denovo62 C3ff_HM185740 328 (698.5)
denovo62 C59_AY589763 332 (675.0)
denovo62 C3k_AY589737 325 (690.5)
denovo62 C3.24_HE579012 324 (697.0)
denovo62 C3.23_HE579011 325 (690.5)
denovo62 C35.1_AY765401 336 (694.0)
denovo62 C35.3_EF541145 329 (692.0)
denovo62 C76_AY765411 328 (677.5)
denovo62 C1107_DQ335359 327 (664.0)
denovo62 C3.22_HE579010 330 (661.0)
denovo62 C77_AY765412 328 (677.0)
denovo62 C20_AY239371 331 (688.5)
denovo62 C1055_DQ480640 326 (680.0)
denovo62 C27/C30_AY239379 329 (659.0)
denovo62 C27.1_FJ461517 329 (650.0)
denovo62 C40a_AY589747 333 (692.5)
denovo62 C40_AY258485 333 (692.5)
denovo62 C40b_AY589748 334 (683.5)
denovo62 C16_AY258477 331 (689.0)
denovo62 C16a_AY765399 331 (689.0)
denovo62 C1091_AB207186 328 (690.0)
denovo62 C1102_DQ335400 328 (672.0)
denovo62 C1069_DQ335375 328 (690.0)
denovo62 C1073_DQ335332 329 (684.0)
denovo62 C1066_DQ335382 326 (675.5)
denovo62 C1031_DQ335352 333 (695.5)
denovo62 C1026_DQ335366 333 (695.0)
denovo62 C70_AY589774 328 (699.0)
denovo62 C1082_AB190267 328 (681.0)
denovo62 C1078_AB190271 326 (692.5)
denovo62 C1090_AB207191 328 (690.0)
denovo62 C1071_DQ335302 328 (690.0)
denovo62 C1075_DQ335328 328 (690.0)
denovo62 C1068_DQ335379 328 (681.0)
denovo62 C1064_DQ335395 328 (681.0)
denovo62 C1063_DQ335403 325 (690.5)
denovo62 C62_AY589766 328 (690.0)
denovo62 C1077_DQ335316 325 (695.5)
denovo62 C1109_DQ335338 328 (681.0)
denovo62 C1110_DQ335340 328 (672.0)
denovo62 C1106_DQ335339 328 (672.0)
denovo62 C1112_DQ335319 328 (681.0)
denovo62 C1108_DQ335351 328 (672.0)
denovo62 C1105_DQ335394 328 (681.0)
denovo62 C1121_DQ335378 335 (674.0)
denovo62 C1116_AB190268 335 (683.0)
denovo62 C1115_AB190273 335 (683.0)
denovo62 C1124_DQ335323 328 (663.0)
denovo62 C1120_DQ335398 328 (663.0)
denovo62 C1119_DQ335404 328 (672.0)
denovo62 C1123_DQ335363 328 (672.0)
denovo62 C1004_DQ480635 328 (689.0)
denovo62 C1061_AY186568 328 (680.0)
denovo62 C1053_AY186569 328 (689.0)
denovo62 C1003_DQ480639 328 (689.0)
denovo62 C81_GU907657 319 (661.0)
denovo62 C22_AY239373 323 (691.5)
denovo62 C22a_AY239374 326 (683.0)
denovo62 C1232_EU118163 330 (686.0)
denovo62 C21.13_FJ461515 327 (657.0)
denovo62 C21.1_JF683323 326 (663.0)
denovo62 C21.3_JF683325 328 (677.5)
denovo62 C1.20_HE578993 328 (680.5)
denovo62 C1.22_HE578995 328 (689.5)
denovo62 C52_AY589757 327 (681.5)
denovo62 C1201_EU099793 330 (654.5)
denovo62 C14_AY589741 331 (683.0)
denovo62 C43_AY589749 331 (689.0)
denovo62 C50_AY589755 328 (689.5)
denovo62 C3.14_HQ630872 327 (695.0)
denovo62 C1m_AY765398 328 (690.0)
denovo62 C82_GU907658 336 (686.0)
denovo62 C82b_GU907660 336 (686.0)
denovo62 C64_AY589768 325 (698.0)
denovo62 C45a_AY765404 331 (697.5)
denovo62 C48_AY589753 328 (710.0)
denovo62 C1_v1b_FJ919244 328 (680.5)
denovo62 C1_v1a_FJ919243 328 (689.5)
denovo62 C3j_AY239366 328 (680.5)
denovo62 C3t_EF541149 331 (697.5)
denovo62 C9_AF499798 330 (695.5)
denovo62 C23_AY239375 329 (711.0)
denovo62 C37_AY258481 333 (686.0)
denovo62 C1048_DQ068026 331 (688.5)
denovo62 C21.4_JF683326 328 (668.5)
denovo62 C21.5_JF683327 328 (668.5)
denovo62 C1070_DQ335349 328 (698.5)
denovo62 C21.6_HQ630873 328 (686.5)
denovo62 C1224_EU074890 328 (707.5)
denovo62 C1.17_HE578990 328 (707.5)
denovo62 C21_b1_FN827162 330 (665.0)
denovo62 C21.9_JF683330 330 (674.0)
denovo62 C1085_AY624605 325 (681.5)
denovo62 C3p_GU907654 328 (683.5)
denovo62 C3f_AY589734 328 (698.5)
denovo62 C65a_AY589770 326 (692.5)
denovo62 C65_AY589769 326 (701.5)
denovo62 C71_AY589775 326 (692.5)
denovo62 C71a_AY589776 326 (683.5)
denovo62 C1178_AB294647 327 (681.0)
denovo62 C1225_EU074893 325 (708.0)
denovo62 C75_AY765410 327 (696.0)
denovo62 C21.10_JF683331 327 (674.5)
denovo62 C21.11_HQ630874 327 (674.5)
denovo62 C1065_DQ335388 328 (698.5)
denovo62 C1045_DQ068036 328 (707.5)
denovo62 C1h_AY258473 327 (695.0)
denovo62 C38_AY258482 327 (686.0)
denovo62 C1202_EU099799 327 (695.0)
denovo62 C7_AF499797 327 (695.0)
denovo62 C12_AF499801 329 (684.5)
denovo62 C38a_AY258483 326 (697.5)
denovo62 C1200_EU099800 315 (694.5)
denovo62 C44a_AY589751 328 (698.0)
denovo62 C47_AY589752 331 (706.5)
denovo62 C44_AY589750 331 (697.5)
denovo62 C1.15_HE578988 328 (689.5)
denovo62 C45.3_FJ461522 331 (688.5)
denovo62 C46a_AY765405 333 (693.5)
denovo62 C46_EU449108 331 (697.5)
denovo62 C3.12_FJ461507 331 (697.5)
denovo62 C1k_AY589733 331 (688.5)
denovo62 C67_AY686647 331 (697.5)
denovo62 C82a_GU907659 328 (689.5)
denovo62 C10a_AY589739 331 (697.5)
denovo62 C10_AF499799 331 (688.5)
denovo62 C13_AY589740 333 (691.5)
denovo62 C4_AF499794 331 (706.5)
denovo62 C1147_EF656433 331 (688.5)
denovo62 C1c/C45_AY239364 331 (697.5)
denovo62 C1c/C45_EU449103 331 (697.5)
denovo62 C21.19_HE579031 328 (677.5)
denovo62 C21.21_HE579033 328 (668.5)
denovo62 C21.20_HE579032 328 (677.5)
denovo62 C42b_AY765403 332 (683.0)
denovo62 C42_AY258487 332 (692.0)
denovo62 C1p_GU907652 328 (689.5)
denovo62 C1d_AY258488 331 (679.5)
denovo62 C42_AY765402 331 (688.5)
denovo62 C3ha_AY589736 328 (668.5)
denovo62 C63a_AY589767 330 (685.5)
denovo62 C21a_AY589744 328 (668.5)
denovo62 C3o_GU907653 327 (675.0)
denovo62 C21.16_HQ630875 328 (668.5)
denovo62 C21.2_JF683324 328 (668.5)
denovo62 C21.7_JF683328 327 (675.0)
denovo62 C21.8_JF683329 328 (677.5)
denovo62 C3h_AY239365 328 (668.5)
denovo62 C1203_EU099798 328 (668.5)
denovo62 C3.10_FJ461505 328 (707.5)
denovo62 C21.14_FJ461516 328 (686.5)
denovo62 C21.18_HE579030 334 (665.5)
denovo62 C3.17_HE579005 328 (689.5)
denovo62 C3.9_FJ461504 328 (686.5)
denovo62 C3.8_FJ461503 328 (698.5)
denovo62 C3.7_FJ461502 328 (689.5)
denovo62 C3.11_FJ461506 335 (701.0)
denovo62 C3.18_HE579006 328 (689.5)
denovo62 C3.19_HE579007 328 (689.5)
denovo62 C3.20_HE579008 328 (689.5)
denovo62 C3g_AY589735 331 (681.5)
denovo62 C3a_AF499790 326 (702.0)
denovo62 C3e_AF499793 328 (707.5)
denovo62 C6_AF499796 335 (709.5)
denovo62 C11_AF499800 328 (689.5)
denovo62 C36_AY258480 328 (707.5)
denovo62 C29_AY258494 328 (707.5)
denovo62 C1146_EF656434 329 (693.0)
denovo62 C1190_EU099841 328 (689.5)
denovo62 C131_JF320826 328 (689.5)
denovo62 C28_AY239380 336 (697.0)
denovo62 C1012_DQ480604 328 (689.5)
denovo62 C1181_AB294640 328 (674.5)
denovo62 C1180_AB294641 328 (674.5)
denovo62 C1179_AB294645 326 (678.0)
denovo62 C1176_AB294651 326 (687.0)
denovo62 C1175_AB294653 328 (674.5)
denovo62 C1174_AB294655 330 (680.0)
denovo62 C1177_AB294659 328 (683.5)
denovo62 C1040_AB190269 330 (695.0)
denovo62 C1182_AB294649 328 (689.5)
denovo62 C1089_AJ278598 328 (689.5)
denovo62 C1028_DQ335357 335 (700.5)
denovo62 C3.16_EU786015 328 (707.5)
denovo62 C1097_AJ311943 327 (683.0)
denovo62 C1170_AB294661 328 (683.5)
denovo62 C21.17_HE579029 328 (688.5)
denovo62 C21/3d/C3k_AY239372 328 (677.5)
denovo62 C58_AY589762 329 (677.0)
denovo62 C3L_AY589738 331 (694.0)
denovo62 C1169_AB294660 328 (683.5)
denovo62 C3.2_FJ461497 328 (692.5)
denovo62 C3.1_JF683321 325 (693.5)
denovo62 C1104_AF427469 329 (688.5)
denovo62 C3b_AF499791 328 (701.5)
denovo62 C83_GU907661 328 (701.0)
denovo62 C49_AY589754 354 (713.0)
denovo62 C3_AB778606 328 (698.5)
denovo62 C3_AF499789 328 (698.5)
denovo62 C3_HE579001 328 (698.5)
denovo62 C21.12_FJ461514 328 (659.5)
denovo62 C1229_EU074888 325 (685.0)
denovo62 C1230_EU074889 325 (694.0)
denovo62 C1114_AB207196 328 (680.5)
denovo62 C3.21_HE579009 328 (602.5)
denovo62 C1057_DQ480619 328 (689.5)
denovo62 C72_AY765407 325 (689.0)
denovo62 C1b.3_HE578999 328 (683.5)
denovo62 C93_AJ621536 328 (689.5)
denovo62 C94_AJ621539 328 (689.5)
denovo62 C1g_AY589730 328 (689.5)
denovo62 C1i_AY589731 322 (682.0)
denovo62 C1j_AY589732 335 (700.5)
denovo62 C1005_DQ480633 328 (689.5)
denovo62 C1.7_FJ461494 328 (689.5)
denovo62 C1.11_HE578984 328 (690.0)
denovo62 C1.12_HE578985 328 (689.5)
denovo62 C1.13_HE578986 328 (698.5)
denovo62 C1.14_HE578987 328 (698.5)
denovo62 C1.18_HE578991 328 (689.5)
denovo62 C1.19_HE578992 328 (689.5)
denovo62 C1199_EU099802 325 (675.0)
denovo62 C1188_EU099838 325 (690.0)
denovo62 C1002_DQ838544 328 (698.5)
denovo62 C1198_EU099810 328 (689.5)
denovo62 C24_AY239376 328 (689.5)
denovo62 C1f_AY258490 328 (698.5)
denovo62 C1006_DQ480629 328 (707.5)
denovo62 C1010_DQ480607 328 (689.5)
denovo62 C1007_DQ480624 328 (689.5)
denovo62 C1011_DQ480605 328 (689.5)
denovo62 C1009_DQ480608 332 (691.5)
denovo62 C1041_AY186548 328 (698.5)
denovo62 C1052_AY186570 328 (689.5)
denovo62 C1148_EU040178 328 (698.5)
denovo62 C1234_EU118165 329 (697.5)
denovo62 C1.5_EF634157 328 (698.5)
denovo62 C1059_DQ480609 328 (689.5)
denovo62 C1228_EU074883 328 (689.5)
denovo62 C1208_EU074963 328 (689.5)
denovo62 C1207_EU074964 328 (698.5)
denovo62 C1206_EU074965 328 (689.5)
denovo62 C1013_DQ480642 328 (689.5)
denovo62 C80_GU907656 335 (684.0)
denovo62 C1a_AF499788 325 (690.0)
denovo62 C41_AY258486 328 (698.5)
denovo62 C39_AY258484 313 (694.0)
denovo62 C1231_EU074878 328 (689.5)
denovo62 C1b.1_HE578997 328 (683.5)
denovo62 C18_AY258478 328 (698.5)
denovo62 C1.10_HE578983 327 (693.0)
denovo62 C1_JN558041 328 (698.5)
denovo62 C1_HE578979 328 (698.5)
denovo62 C1_AM748551 328 (698.5)
denovo62 C1_AF333515 328 (698.5)
denovo62 C1054_AY186565 327 (702.0)
denovo62 C1008_DQ480613 328 (689.5)
denovo62 C1103_AF427470 329 (688.5)
denovo62 C1226_EU074881 329 (688.5)
denovo62 C1b/C1e_AY239363 328 (692.5)
denovo62 C1044_DQ068038 328 (683.5)
denovo62 C1017_DQ174729 329 (682.5)
denovo62 C1.6_FJ461493 328 (707.5)
denovo62 C1b.2_HE578998 328 (683.5)
denovo62 C1060_DQ480600 328 (689.5)
denovo62 C1227_EU074882 328 (689.5)
denovo62 C1197_EU099814 328 (689.5)
denovo62 C1130_DQ480643 328 (584.0)
denovo62 D109_AB097465 358 (569.0)
denovo62 D1.11_HE579040 355 (578.5)
denovo62 D105_AF174570 356 (573.0)
denovo62 D104_AF174572 355 (569.5)
denovo62 D1.3_JF683337 356 (572.0)
denovo62 D1.10_HE579039 355 (569.5)
denovo62 D110_AF174561 355 (569.5)
denovo62 D117_AF174542 355 (569.5)
denovo62 D114_AF174549 355 (578.5)
denovo62 D113_AF174557 355 (569.5)
denovo62 D112_AF174558 353 (573.5)
denovo62 D106_AF174559 362 (581.0)
denovo62 D111_AF174560 355 (578.0)
denovo62 D115_AF174562 355 (569.5)
denovo62 D107_AF174568 354 (576.0)
denovo62 D116_AF174571 360 (566.0)
denovo62 D124_EU074897 352 (579.0)
denovo62 D1.8_HE579037 353 (573.0)
denovo62 D3_AY686650 355 (578.5)
denovo62 D1.6_HQ630881 355 (569.5)
denovo62 D120_EU074900 355 (569.5)
denovo62 D121_EU074904 360 (575.0)
denovo62 D122_EU074905 355 (569.5)
denovo62 D1a.2_JF683339 362 (574.0)
denovo62 D1a.1_JF683338 352 (579.0)
denovo62 D2_AY686649 591 (636.0)
denovo62 D4_DQ865214 355 (575.5)
denovo62 D1a_AF499802 355 (578.5)
denovo62 D1a_JN558078 355 (578.5)
denovo62 D123_EU074895 356 (581.0)
denovo62 D108_AF174567 351 (584.5)
denovo62 D103_AF174575 355 (578.5)
denovo62 D100_AF411415 355 (578.5)
denovo62 D118_EF656435 349 (587.5)
denovo62 D101_AF411416 355 (563.5)
denovo62 D119_EU099832 354 (569.0)
denovo62 D102_AF174573 355 (582.0)
denovo62 D1_AF334660 355 (578.5)
denovo62 D1_JN558076 355 (578.5)
denovo62 D1.12_HE579041 336 (576.5)
denovo62 D1.1_AM748564 419 (546.5)
denovo62 D1.2_AM748617 439 (560.5)
denovo62 E111_EU074915 348 (531.0)
denovo62 E110_EU074914 364 (518.5)
denovo62 E114_EU074909 364 (518.5)
denovo62 E1_AF334659 365 (526.5)
denovo62 E105_EU074921 364 (536.5)
denovo62 E112_EU074916 364 (518.5)
denovo62 E104_EU074922 364 (527.5)
denovo62 E102_EU074924 364 (518.5)
denovo62 E103_EU074923 364 (527.5)
denovo62 E101_AY160123 369 (502.5)
denovo62 E109_EU074913 351 (543.0)
denovo62 E100_DQ011618 354 (550.0)
denovo62 E108_EU074912 356 (556.0)
denovo62 E113_EU074908 352 (566.0)
denovo62 E107_EU074910 356 (556.0)
denovo62 F1_JN558066 331 (644.0)
denovo62 F5.2d_AJ291530 329 (675.0)
denovo62 F104_AJ291531 329 (675.0)
denovo62 F5.2c_AM748596 329 (666.5)
denovo62 F5.2_AM748594 329 (666.0)
denovo62 F5.2a_AM748614 329 (666.0)
denovo62 F5.2b_AM748595 329 (666.0)
denovo62 F5.2e_AJ291533 330 (642.5)
denovo62 F5.2g_JN558072 329 (674.5)
denovo62 F5.2f_AJ291512 329 (665.5)
denovo62 F102_AJ291534 329 (665.5)
denovo62 F5.1c_AM748593 331 (689.5)
denovo62 F5.1d_JN558069 334 (652.0)
denovo62 F5.1b_AJ291535 330 (678.0)
denovo62 F5.1_AM748592 332 (674.5)
denovo62 F5.1a_AM748591 330 (678.0)
denovo62 F110_AJ291526 325 (724.5)
denovo62 F4.7_AM748587 326 (740.0)
denovo62 F4.5_AM748585 323 (727.5)
denovo62 F4.4a_AM748583 319 (752.5)
denovo62 F4.4_AM748582 324 (755.5)
denovo62 F4.4b_AM748584 317 (772.0)
denovo62 F4.1a_AM748573 327 (701.5)
denovo62 F112_AJ291528 324 (677.5)
denovo62 F4.1_AM748572 324 (695.5)
denovo62 F4.8b_AM748590 326 (745.0)
denovo62 F4.8_AM748588 315 (748.5)
denovo62 F4.8a_AM748589 317 (745.5)
denovo62 F109_AJ291527 321 (735.0)
denovo62 F4.6_AM748586 324 (704.0)
denovo62 F111_AJ311949 316 (723.0)
denovo62 F4.3c_AM748581 317 (744.0)
denovo62 F4.3a_AM748579 317 (752.5)
denovo62 F4.3b_AM748580 317 (753.0)
denovo62 F4.3_AM748578 317 (744.0)
denovo62 F4.2_AM748574 323 (755.0)
denovo62 F4.2a_AM748575 324 (734.5)
denovo62 F4.2c_AM748577 324 (731.0)
denovo62 F4.2b_AM748576 324 (743.5)
denovo62 F2b_AJ291521 334 (695.5)
denovo62 F2_AJ830908 330 (720.5)
denovo62 F2a_AJ830911 330 (716.0)
denovo62 F3.1a_AM748566 341 (682.0)
denovo62 F114_AJ291525 341 (673.5)
denovo62 F3.1_AM748565 341 (691.5)
denovo62 F3.2_AM748567 348 (720.5)
denovo62 F3.2a_AM748568 348 (714.0)
denovo62 F3.3_AM748569 342 (700.0)
denovo62 F3.4a_AM748571 339 (645.5)
denovo62 F3.4_AM748570 335 (651.5)
denovo62 F3.4b_AM748616 335 (651.5)
denovo62 G101_AJ291539 367 (567.5)
denovo62 G1_AM748597 367 (567.5)
denovo62 G2b_JN558087 365 (561.5)
denovo62 G2_AM748598 366 (555.5)
denovo62 G2a_AM748599 366 (546.5)
denovo62 G4_AM748601 356 (597.0)
denovo62 G3.4_LK392378 359 (552.0)
denovo62 G3_AM748600 360 (572.5)
denovo62 G3.2_KC597694 353 (501.5)
denovo62 G3.1_KC597688 357 (578.0)
denovo62 G100_AB253788 356 (558.0)
denovo62 G3.3_LK392377 357 (568.5)
denovo62 H6_AJ291520 638 (325.0)
denovo62 H3_AM748606 328 (543.5)
denovo62 H2_AM748605 335 (563.5)
denovo62 H4_AM748607 332 (557.5)
denovo62 H4a_AM748608 342 (556.0)
denovo62 H5a_AM748611 340 (536.5)
denovo62 H5b_AM748610 343 (535.0)
denovo62 H5_AJ621129 340 (536.5)
denovo62 H5_AM748609 340 (536.5)
denovo62 H100_AJ291513 340 (525.5)
denovo62 H1b_AM748604 340 (520.5)
denovo62 H1a_AM748612 340 (529.5)
denovo62 H1_AJ621152 340 (529.5)
denovo62 H1_AM748602 340 (529.5)
denovo62 I3_FN561561 336 (740.5)
denovo62 I4_FN561562 336 (740.5)
denovo62 I1_FN561559 339 (731.5)
denovo62 I2_FN561560 336 (731.0)

#---------------------------------------
#---------------------------------------
