denovo195 A136_DQ865210 327 (498.0)
denovo195 A133_DQ174725 341 (480.0)
denovo195 A115_AF180123 348 (456.0)
denovo195 A117_AF201746 341 (469.0)
denovo195 A134_DQ174723 332 (477.0)
denovo195 A114_AF184941 332 (477.0)
denovo195 A135_DQ174727 330 (470.0)
denovo195 A2_AF333506 337 (469.0)
denovo195 A101_AF427468 330 (470.0)
denovo195 A2_1_JN558097 330 (470.0)
denovo195 A2_2_JN558100 330 (470.0)
denovo195 A113_AF184948 332 (506.0)
denovo195 A112_AF184949 334 (502.5)
denovo195 A123_EF378618 339 (347.0)
denovo195 A137_EF378621 329 (361.5)
denovo195 A11_EU449041 340 (495.5)
denovo195 A121_DQ174722 336 (512.0)
denovo195 A15b_EU792886 340 (466.0)
denovo195 A15a_EU792885 340 (475.0)
denovo195 A15c_EU792887 336 (472.0)
denovo195 A15_EU792884 340 (475.0)
denovo195 A147_EU074937 333 (480.0)
denovo195 A154_EU074860 335 (477.0)
denovo195 A146_EU074936 332 (495.0)
denovo195 A150_EU074928 337 (500.0)
denovo195 A116_AF183575 331 (510.0)
denovo195 A141_EU074931 331 (501.0)
denovo195 A5_AF333508 333 (502.0)
denovo195 A3b_EU449043 335 (495.0)
denovo195 A151_EU074925 341 (502.5)
denovo195 A152_EU074927 323 (494.5)
denovo195 A149_EU074929 335 (504.0)
denovo195 A140_EU074930 335 (486.0)
denovo195 A142_EU074932 335 (486.0)
denovo195 A143_EU074933 336 (487.5)
denovo195 A144_EU074934 335 (486.0)
denovo195 A145_EU074935 331 (492.0)
denovo195 A148_EU074938 335 (495.0)
denovo195 A155_EU074856 342 (497.0)
denovo195 A156_EU074859 335 (486.0)
denovo195 A139_EU074962 336 (488.5)
denovo195 A6_AF186058 335 (495.0)
denovo195 A3_AF333507 335 (495.0)
denovo195 A3_JN558091 335 (495.0)
denovo195 A8_AY258468 337 (482.5)
denovo195 A7_AY239360 341 (484.5)
denovo195 A16_EU792888 341 (484.5)
denovo195 A4.3_FN429763 333 (468.5)
denovo195 A120_AF180122 328 (472.5)
denovo195 A4.2_FN429761 333 (456.5)
denovo195 A4_AF333509 333 (484.5)
denovo195 A4.1_FN429760 332 (488.5)
denovo195 A4a_AF499778 329 (480.5)
denovo195 A4a.1_FN429762 329 (480.5)
denovo195 A138_EF378620 336 (465.5)
denovo195 A122_EF378619 335 (502.0)
denovo195 A126_EF378615 334 (503.0)
denovo195 A10_EU792882 334 (503.0)
denovo195 A9_EU449028 334 (478.0)
denovo195 A105_AB207202 334 (487.0)
denovo195 A119_AF180121 331 (487.0)
denovo195 A12_EU792883 333 (484.5)
denovo195 A104_AB207203 337 (497.0)
denovo195 A1a_EU449030 337 (487.5)
denovo195 A1.3_HE578976 334 (496.0)
denovo195 A1.4_HE578977 334 (496.0)
denovo195 A13_AF333504 332 (490.5)
denovo195 A13_JN558094 332 (490.5)
denovo195 A110_AB190282 334 (487.0)
denovo195 A103_AB207206 334 (496.0)
denovo195 A130_EF656428 334 (487.0)
denovo195 A127_EF656429 334 (505.0)
denovo195 A128_EF656430 334 (487.0)
denovo195 A129_EF656431 334 (496.0)
denovo195 A131_EF656432 334 (496.0)
denovo195 A118_AF180120 330 (496.5)
denovo195 A1_AF333505 334 (496.0)
denovo195 A107_AB207199 330 (511.5)
denovo195 A111_AB190280 330 (502.5)
denovo195 A108_AB207197 337 (480.0)
denovo195 A106_AB207200 333 (484.0)
denovo195 A102_AB207209 330 (493.5)
denovo195 A1.2_AB207210 330 (493.5)
denovo195 A109_AB190285 334 (487.5)
denovo195 B4_AF333510 351 (538.5)
denovo195 B23_EU449079 344 (506.5)
denovo195 B30_GU907644 355 (494.0)
denovo195 B11_AY239361 351 (519.0)
denovo195 B17_AY258470 353 (513.0)
denovo195 B1k_GU907638 314 (239.5)
denovo195 B1.V_Green2014 368 (486.5)
denovo195 B1b_AF499780 352 (514.5)
denovo195 B16_AY258469 350 (522.5)
denovo195 B31a_GU907646 352 (521.0)
denovo195 B32_GU907647 352 (511.5)
denovo195 B31_GU907645 352 (520.5)
denovo195 B1j_GU907637 353 (523.0)
denovo195 B37_GU907650 355 (522.0)
denovo195 B5a_AF499782 352 (520.5)
denovo195 B5_AF499781 352 (529.5)
denovo195 B24_GU907643 354 (392.0)
denovo195 B117_AF180124 344 (489.0)
denovo195 B10_AF499787 356 (513.5)
denovo195 B20_GU907642 359 (527.0)
denovo195 B1m_GU907640 353 (523.0)
denovo195 B34_GU907649 353 (523.0)
denovo195 B1d_GU907633 356 (531.0)
denovo195 B1e_GU907634 353 (523.0)
denovo195 B1i_GU907636 352 (528.5)
denovo195 B1g_GU907635 364 (524.5)
denovo195 B123_EU074872 355 (511.0)
denovo195 B8_AF499785 361 (525.0)
denovo195 B1l_GU907639 363 (525.0)
denovo195 B1a_AF499779 350 (531.5)
denovo195 B14_AY239362 354 (504.0)
denovo195 B125_EU074865 353 (523.0)
denovo195 B122_EU074871 352 (520.5)
denovo195 B124_EU074874 353 (514.0)
denovo195 B1.VII_Green2014 353 (462.0)
denovo195 B1.III_Green2014 352 (511.5)
denovo195 B1.I_Green2014 353 (523.0)
denovo195 B1.II_Green2014 353 (523.0)
denovo195 B1_JN558057 353 (523.0)
denovo195 B1_AF333511 353 (523.0)
denovo195 B1.IV_Green2014 361 (538.5)
denovo195 B121_EU074870 353 (523.0)
denovo195 B7_AF499784 353 (523.0)
denovo195 B1.VI_Green2014 346 (503.5)
denovo195 B3_AF333514 356 (528.0)
denovo195 B9_AF499786 352 (490.0)
denovo195 B19a_JN558055 338 (502.0)
denovo195 B119_EU099825 351 (511.5)
denovo195 B21_DQ865213 348 (519.0)
denovo195 B38_GU907651 348 (519.0)
denovo195 B18_AY258471 343 (517.0)
denovo195 B18a_AY258472 343 (517.0)
denovo195 B33_GU907648 353 (519.5)
denovo195 B6_AF499783 357 (505.5)
denovo195 B19_DQ865212 352 (517.0)
denovo195 B19_GU907641 352 (517.0)
denovo195 B2_AF333512 356 (519.5)
denovo195 B2_JN558060 356 (519.5)
denovo195 C33.1_AY258498 335 (563.5)
denovo195 C33.2_AY765400 335 (563.5)
denovo195 C33a_EF541147 335 (563.5)
denovo195 C34_AY258499 335 (563.5)
denovo195 C78_AY765413 350 (563.0)
denovo195 C15.29_KC597690 330 (547.5)
denovo195 C1131_DQ182650 331 (533.0)
denovo195 C1135_DQ182646 331 (533.0)
denovo195 C1134_DQ182647 331 (523.5)
denovo195 C1142_DQ182635 331 (524.0)
denovo195 C1136_DQ182644 327 (519.0)
denovo195 C1111_DQ182645 329 (534.0)
denovo195 C1236_EF473656 329 (516.0)
denovo195 C1138_DQ182642 336 (526.5)
denovo195 C1137_DQ182643 338 (524.5)
denovo195 C1133_DQ182648 329 (525.0)
denovo195 C1132_DQ182649 329 (516.0)
denovo195 C1143_DQ182634 329 (525.0)
denovo195 C1139_DQ182639 334 (532.5)
denovo195 C15.28_KC597687 334 (578.5)
denovo195 C1141_DQ182636 332 (544.0)
denovo195 C1144_DQ182637 334 (541.5)
denovo195 C1122_DQ182654 330 (539.0)
denovo195 C1127_DQ182652 334 (541.5)
denovo195 C15.30_JX394114 327 (568.0)
denovo195 C15.26_KC597686 332 (572.0)
denovo195 C1086_DQ182656 325 (579.5)
denovo195 C15.25_KC597685 325 (588.5)
denovo195 C1118_AF180127 333 (573.0)
denovo195 C1129_DQ182651 334 (541.5)
denovo195 C15.21_KC597683 339 (575.5)
denovo195 C56_AY589760 330 (567.0)
denovo195 C1140_DQ182638 330 (548.0)
denovo195 C1126_DQ182653 343 (540.5)
denovo195 C15c_AY258492 330 (594.0)
denovo195 C15d_AY258493 331 (587.5)
denovo195 C1098_DQ182641 335 (579.0)
denovo195 C15.27_KC597689 338 (572.0)
denovo195 C15.18_HE579024 330 (576.0)
denovo195 C15.16_HE579022 333 (594.0)
denovo195 C1101_AB253787 330 (567.0)
denovo195 C1083_AY237300 330 (585.0)
denovo195 C1088_DQ182640 330 (594.0)
denovo195 C15.6_FN563472 331 (579.0)
denovo195 C15.5_FJ461512 337 (578.5)
denovo195 C15.4_FJ461511 331 (579.0)
denovo195 C15.13_HE579019 330 (567.0)
denovo195 C15.12_HE579018 330 (576.0)
denovo195 C93a_AM748563 330 (594.0)
denovo195 C1094_AJ291514 330 (576.0)
denovo195 C93_AM748562 330 (585.0)
denovo195 C15.17_HE579023 335 (585.0)
denovo195 C15e_AY589742 330 (579.0)
denovo195 C15.22_KC597695 330 (594.0)
denovo195 C60_AY589764 328 (587.5)
denovo195 C15.1_FJ461508 336 (584.5)
denovo195 C15.2_FJ461509 330 (576.0)
denovo195 C15.9_FN563475 329 (591.0)
denovo195 C15.7_HE579015 330 (594.0)
denovo195 C15.8_HE579016 330 (594.0)
denovo195 C15.15_HE579021 330 (576.0)
denovo195 C15.19_HE579025 324 (585.5)
denovo195 C15.24_KC597696 330 (585.0)
denovo195 C15.3_FJ461510 330 (576.0)
denovo195 C1087_DQ182655 330 (585.0)
denovo195 C15.14_HE579020 354 (580.5)
denovo195 C15.23_KC597697 354 (580.5)
denovo195 C19_AY258479 327 (588.5)
denovo195 C1233_EU118166 330 (576.0)
denovo195 C15b_AY258491 330 (576.0)
denovo195 C15a_AY258476 330 (585.0)
denovo195 C1051_AF195153 330 (594.0)
denovo195 C2_AF333518 334 (593.0)
denovo195 C15.20_HE579026 339 (581.5)
denovo195 C15f_AY589743 331 (584.0)
denovo195 C55_AY589759 330 (580.0)
denovo195 C15_AY239369 330 (585.0)
denovo195 C32.1_JF683335 351 (600.0)
denovo195 C32.2_JF683336 352 (584.5)
denovo195 C21.23_KC597693 352 (584.5)
denovo195 C1193_EU099827 341 (577.5)
denovo195 C1195_EU099821 355 (584.0)
denovo195 C3q_GU907655 339 (577.0)
denovo195 C53_AY589758 341 (562.5)
denovo195 C73_AY765408 347 (568.0)
denovo195 C17.2.1_KC597684 334 (557.0)
denovo195 C32_AY258497 342 (590.0)
denovo195 C1189_EU099831 334 (594.0)
denovo195 C1191_EU099833 334 (585.0)
denovo195 C1196_EU099819 335 (570.0)
denovo195 C1192_EU099820 335 (570.0)
denovo195 C17.1_JF683322 334 (585.0)
denovo195 C26_b2_FN827164 343 (590.0)
denovo195 C26_b3_FN827165 344 (565.5)
denovo195 C31.9_HQ630879 337 (574.5)
denovo195 C31a_AY589746 342 (576.5)
denovo195 C30_AY589745 342 (576.5)
denovo195 C31.1_HQ630876 343 (587.5)
denovo195 C31.5_HQ630877 342 (585.5)
denovo195 C31.6_HQ630878 342 (585.5)
denovo195 C31.2_JF683332 337 (589.0)
denovo195 C31.3_JF683333 342 (594.5)
denovo195 C26/C35a_AY239378 344 (574.5)
denovo195 C35a_AY258501 344 (574.5)
denovo195 C35.2_AY258500 344 (583.5)
denovo195 C26_b1_FN827163 344 (583.5)
denovo195 C17_AY239370 334 (585.0)
denovo195 C17.2_FJ461513 336 (584.0)
denovo195 C31.10_HQ630880 337 (583.5)
denovo195 C31.4_JF683334 346 (574.0)
denovo195 C31_AY258496 342 (585.5)
denovo195 C25_AY239377 337 (572.0)
denovo195 C61_AY589765 356 (555.5)
denovo195 C1043_DQ072721 348 (550.5)
denovo195 C79_AY765414 345 (575.0)
denovo195 C69_AY589773 337 (570.0)
denovo195 C69a_AY686648 337 (561.0)
denovo195 C21.22_KC597692 352 (592.5)
denovo195 C51_AY589756 346 (568.0)
denovo195 C1aa_HM185739 343 (587.5)
denovo195 C1096_DQ068023 343 (548.5)
denovo195 C74_AY765409 340 (564.5)
denovo195 C1185_AB294629 341 (576.5)
denovo195 C1184_AB294630 340 (573.5)
denovo195 C1153_AB294625 352 (591.0)
denovo195 C1154_AB294626 340 (573.5)
denovo195 C1187_AB294627 340 (573.5)
denovo195 C1186_AB294628 340 (582.5)
denovo195 C57_AY589761 350 (585.5)
denovo195 C66_AY589771 340 (582.5)
denovo195 C5_AF499795 351 (583.5)
denovo195 C1167_AB294586 343 (604.5)
denovo195 C1164_AB294593 346 (586.0)
denovo195 C1183_AB294631 340 (586.5)
denovo195 C1067_DQ335381 343 (577.5)
denovo195 C1159_AB294613 341 (596.0)
denovo195 C1150_AB294622 340 (602.0)
denovo195 C90_AM748554 342 (595.5)
denovo195 C1168_AB294583 341 (580.5)
denovo195 C1156_AB294616 341 (589.5)
denovo195 C1151_AB294621 341 (589.5)
denovo195 C92a_AM748561 341 (598.5)
denovo195 C92_AM748560 341 (589.5)
denovo195 C1165_AB294581 343 (586.5)
denovo195 C1166_AB294584 343 (586.5)
denovo195 C1162_AB294594 343 (586.5)
denovo195 C1163_AB294596 343 (595.5)
denovo195 C1161_AB294606 343 (586.5)
denovo195 C1160_AB294608 345 (592.5)
denovo195 C1158_AB294614 343 (604.5)
denovo195 C1155_AB294617 343 (586.5)
denovo195 C1149_AB294620 342 (601.5)
denovo195 C1173_AB294662 343 (595.0)
denovo195 C1171_AB294663 343 (586.5)
denovo195 C1172_AB294665 343 (586.5)
denovo195 C91a_AM748556 344 (599.0)
denovo195 C91b_AM748557 342 (602.0)
denovo195 C91d_AM748559 343 (595.5)
denovo195 C91c_AM748558 338 (599.0)
denovo195 C91_AJ621543 343 (595.5)
denovo195 C91_AM748555 343 (595.5)
denovo195 C1023_DQ335330 327 (528.0)
denovo195 C1020_DQ335392 343 (586.5)
denovo195 C1018_DQ335408 351 (592.5)
denovo195 C1074_DQ335329 343 (586.5)
denovo195 C1030_DQ335353 343 (586.5)
denovo195 C1022_DQ335331 343 (586.5)
denovo195 C1027_DQ335360 343 (595.5)
denovo195 C1072_DQ335344 343 (586.5)
denovo195 C1039_AB190274 347 (589.5)
denovo195 C1033_DQ335350 348 (584.0)
denovo195 C1019_DQ335407 343 (595.5)
denovo195 C1194_EU099826 340 (589.5)
denovo195 C8b_AY258475 343 (580.5)
denovo195 C8_AY239367 344 (589.0)
denovo195 C8a_AY239368 344 (580.0)
denovo195 C54a_AY765406 348 (574.0)
denovo195 C3ff_HM185740 347 (580.0)
denovo195 C59_AY589763 344 (582.0)
denovo195 C3k_AY589737 343 (577.5)
denovo195 C3.24_HE579012 343 (568.5)
denovo195 C3.23_HE579011 343 (577.5)
denovo195 C35.1_AY765401 339 (584.5)
denovo195 C35.3_EF541145 339 (584.5)
denovo195 C76_AY765411 343 (583.5)
denovo195 C1107_DQ335359 343 (572.5)
denovo195 C3.22_HE579010 348 (575.0)
denovo195 C77_AY765412 345 (588.5)
denovo195 C20_AY239371 350 (580.5)
denovo195 C1055_DQ480640 344 (577.0)
denovo195 C27/C30_AY239379 340 (599.0)
denovo195 C27.1_FJ461517 340 (590.0)
denovo195 C40a_AY589747 343 (587.0)
denovo195 C40_AY258485 343 (586.5)
denovo195 C40b_AY589748 343 (592.0)
denovo195 C16_AY258477 343 (586.5)
denovo195 C16a_AY765399 343 (577.5)
denovo195 C1091_AB207186 339 (585.0)
denovo195 C1102_DQ335400 335 (573.0)
denovo195 C1069_DQ335375 335 (581.5)
denovo195 C1073_DQ335332 335 (590.5)
denovo195 C1066_DQ335382 330 (594.0)
denovo195 C1031_DQ335352 338 (591.0)
denovo195 C1026_DQ335366 346 (586.5)
denovo195 C70_AY589774 335 (600.0)
denovo195 C1082_AB190267 336 (593.5)
denovo195 C1078_AB190271 329 (591.0)
denovo195 C1090_AB207191 335 (591.0)
denovo195 C1071_DQ335302 333 (594.0)
denovo195 C1075_DQ335328 333 (594.0)
denovo195 C1068_DQ335379 335 (582.0)
denovo195 C1064_DQ335395 335 (591.0)
denovo195 C1063_DQ335403 335 (600.0)
denovo195 C62_AY589766 335 (591.0)
denovo195 C1077_DQ335316 336 (590.5)
denovo195 C1109_DQ335338 335 (582.0)
denovo195 C1110_DQ335340 335 (573.0)
denovo195 C1106_DQ335339 339 (567.0)
denovo195 C1112_DQ335319 339 (576.0)
denovo195 C1108_DQ335351 339 (567.0)
denovo195 C1105_DQ335394 339 (576.0)
denovo195 C1121_DQ335378 339 (567.0)
denovo195 C1116_AB190268 335 (582.0)
denovo195 C1115_AB190273 339 (576.0)
denovo195 C1124_DQ335323 339 (558.0)
denovo195 C1120_DQ335398 339 (576.0)
denovo195 C1119_DQ335404 335 (573.5)
denovo195 C1123_DQ335363 339 (567.0)
denovo195 C1004_DQ480635 337 (587.5)
denovo195 C1061_AY186568 337 (578.5)
denovo195 C1053_AY186569 337 (578.5)
denovo195 C1003_DQ480639 337 (587.5)
denovo195 C81_GU907657 331 (561.5)
denovo195 C22_AY239373 339 (574.0)
denovo195 C22a_AY239374 338 (571.0)
denovo195 C1232_EU118163 343 (586.5)
denovo195 C21.13_FJ461515 336 (572.5)
denovo195 C21.1_JF683323 334 (567.0)
denovo195 C21.3_JF683325 345 (580.0)
denovo195 C1.20_HE578993 341 (616.5)
denovo195 C1.22_HE578995 341 (625.5)
denovo195 C52_AY589757 339 (597.5)
denovo195 C1201_EU099793 345 (570.5)
denovo195 C14_AY589741 341 (593.0)
denovo195 C43_AY589749 346 (586.5)
denovo195 C50_AY589755 343 (577.5)
denovo195 C3.14_HQ630872 335 (591.0)
denovo195 C1m_AY765398 335 (609.0)
denovo195 C82_GU907658 335 (609.0)
denovo195 C82b_GU907660 335 (609.0)
denovo195 C64_AY589768 336 (593.5)
denovo195 C45a_AY765404 345 (582.5)
denovo195 C48_AY589753 348 (585.5)
denovo195 C1_v1b_FJ919244 343 (595.5)
denovo195 C1_v1a_FJ919243 343 (586.5)
denovo195 C3j_AY239366 344 (580.5)
denovo195 C3t_EF541149 351 (591.0)
denovo195 C9_AF499798 338 (598.0)
denovo195 C23_AY239375 335 (599.5)
denovo195 C37_AY258481 342 (592.5)
denovo195 C1048_DQ068026 349 (586.5)
denovo195 C21.4_JF683326 342 (582.0)
denovo195 C21.5_JF683327 334 (585.0)
denovo195 C1070_DQ335349 343 (595.5)
denovo195 C21.6_HQ630873 334 (603.0)
denovo195 C1224_EU074890 349 (595.0)
denovo195 C1.17_HE578990 349 (595.0)
denovo195 C21_b1_FN827162 329 (579.0)
denovo195 C21.9_JF683330 329 (588.0)
denovo195 C1085_AY624605 335 (590.5)
denovo195 C3p_GU907654 342 (578.0)
denovo195 C3f_AY589734 342 (593.0)
denovo195 C65a_AY589770 351 (583.5)
denovo195 C65_AY589769 351 (592.5)
denovo195 C71_AY589775 351 (583.5)
denovo195 C71a_AY589776 351 (592.5)
denovo195 C1178_AB294647 350 (574.5)
denovo195 C1225_EU074893 341 (581.5)
denovo195 C75_AY765410 342 (592.0)
denovo195 C21.10_JF683331 351 (590.0)
denovo195 C21.11_HQ630874 343 (593.0)
denovo195 C1065_DQ335388 343 (586.5)
denovo195 C1045_DQ068036 343 (595.5)
denovo195 C1h_AY258473 335 (600.0)
denovo195 C38_AY258482 335 (600.0)
denovo195 C1202_EU099799 335 (600.0)
denovo195 C7_AF499797 335 (600.0)
denovo195 C12_AF499801 337 (589.5)
denovo195 C38a_AY258483 335 (605.0)
denovo195 C1200_EU099800 329 (599.5)
denovo195 C44a_AY589751 345 (582.5)
denovo195 C47_AY589752 345 (591.5)
denovo195 C44_AY589750 345 (591.5)
denovo195 C1.15_HE578988 343 (595.5)
denovo195 C45.3_FJ461522 344 (598.0)
denovo195 C46a_AY765405 342 (593.0)
denovo195 C46_EU449108 344 (598.0)
denovo195 C3.12_FJ461507 344 (598.0)
denovo195 C1k_AY589733 344 (598.0)
denovo195 C67_AY686647 344 (598.5)
denovo195 C82a_GU907659 336 (602.5)
denovo195 C10a_AY589739 344 (598.0)
denovo195 C10_AF499799 344 (598.0)
denovo195 C13_AY589740 350 (595.0)
denovo195 C4_AF499794 344 (607.0)
denovo195 C1147_EF656433 343 (595.0)
denovo195 C1c/C45_AY239364 344 (598.0)
denovo195 C1c/C45_EU449103 344 (598.0)
denovo195 C21.19_HE579031 335 (588.0)
denovo195 C21.21_HE579033 336 (572.5)
denovo195 C21.20_HE579032 336 (581.5)
denovo195 C42b_AY765403 336 (584.0)
denovo195 C42_AY258487 336 (593.0)
denovo195 C1p_GU907652 343 (586.5)
denovo195 C1d_AY258488 344 (580.0)
denovo195 C42_AY765402 344 (589.0)
denovo195 C3ha_AY589736 336 (590.5)
denovo195 C63a_AY589767 329 (590.5)
denovo195 C21a_AY589744 334 (585.0)
denovo195 C3o_GU907653 337 (593.0)
denovo195 C21.16_HQ630875 334 (603.0)
denovo195 C21.2_JF683324 341 (596.0)
denovo195 C21.7_JF683328 334 (585.0)
denovo195 C21.8_JF683329 333 (591.0)
denovo195 C3h_AY239365 334 (585.0)
denovo195 C1203_EU099798 334 (585.0)
denovo195 C3.10_FJ461505 343 (604.5)
denovo195 C21.14_FJ461516 334 (603.0)
denovo195 C21.18_HE579030 340 (582.0)
denovo195 C3.17_HE579005 343 (586.5)
denovo195 C3.9_FJ461504 343 (602.5)
denovo195 C3.8_FJ461503 343 (604.5)
denovo195 C3.7_FJ461502 343 (586.5)
denovo195 C3.11_FJ461506 346 (586.5)
denovo195 C3.18_HE579006 343 (586.5)
denovo195 C3.19_HE579007 346 (595.0)
denovo195 C3.20_HE579008 343 (586.5)
denovo195 C3g_AY589735 345 (594.5)
denovo195 C3a_AF499790 343 (586.5)
denovo195 C3e_AF499793 343 (604.5)
denovo195 C6_AF499796 342 (592.5)
denovo195 C11_AF499800 343 (586.5)
denovo195 C36_AY258480 345 (600.5)
denovo195 C29_AY258494 343 (595.5)
denovo195 C1146_EF656434 344 (598.5)
denovo195 C1190_EU099841 343 (586.5)
denovo195 C131_JF320826 343 (586.5)
denovo195 C28_AY239380 345 (603.5)
denovo195 C1012_DQ480604 343 (595.5)
denovo195 C1181_AB294640 350 (583.5)
denovo195 C1180_AB294641 350 (583.5)
denovo195 C1179_AB294645 358 (589.5)
denovo195 C1176_AB294651 350 (583.5)
denovo195 C1175_AB294653 350 (592.5)
denovo195 C1174_AB294655 350 (592.5)
denovo195 C1177_AB294659 342 (597.0)
denovo195 C1040_AB190269 343 (595.5)
denovo195 C1182_AB294649 343 (586.5)
denovo195 C1089_AJ278598 343 (586.5)
denovo195 C1028_DQ335357 343 (595.5)
denovo195 C3.16_EU786015 343 (604.5)
denovo195 C1097_AJ311943 344 (585.5)
denovo195 C1170_AB294661 348 (587.5)
denovo195 C21.17_HE579029 336 (593.0)
denovo195 C21/3d/C3k_AY239372 334 (594.0)
denovo195 C58_AY589762 335 (593.5)
denovo195 C3L_AY589738 341 (596.0)
denovo195 C1169_AB294660 350 (592.5)
denovo195 C3.2_FJ461497 342 (596.0)
denovo195 C3.1_JF683321 337 (590.5)
denovo195 C1104_AF427469 344 (585.5)
denovo195 C3b_AF499791 341 (593.5)
denovo195 C83_GU907661 344 (600.5)
denovo195 C49_AY589754 370 (613.5)
denovo195 C3_AB778606 343 (595.5)
denovo195 C3_AF499789 343 (595.5)
denovo195 C3_HE579001 343 (595.5)
denovo195 C21.12_FJ461514 334 (576.0)
denovo195 C1229_EU074888 334 (591.5)
denovo195 C1230_EU074889 334 (600.5)
denovo195 C1114_AB207196 343 (577.5)
denovo195 C3.21_HE579009 343 (517.5)
denovo195 C1057_DQ480619 348 (584.0)
denovo195 C72_AY765407 339 (592.0)
denovo195 C1b.3_HE578999 342 (587.0)
denovo195 C93_AJ621536 343 (586.5)
denovo195 C94_AJ621539 343 (586.5)
denovo195 C1g_AY589730 343 (586.5)
denovo195 C1i_AY589731 335 (600.0)
denovo195 C1j_AY589732 343 (595.5)
denovo195 C1005_DQ480633 335 (591.0)
denovo195 C1.7_FJ461494 343 (595.5)
denovo195 C1.11_HE578984 343 (604.5)
denovo195 C1.12_HE578985 343 (604.5)
denovo195 C1.13_HE578986 341 (598.5)
denovo195 C1.14_HE578987 343 (586.5)
denovo195 C1.18_HE578991 343 (586.5)
denovo195 C1.19_HE578992 343 (586.5)
denovo195 C1199_EU099802 344 (574.0)
denovo195 C1188_EU099838 344 (589.0)
denovo195 C1002_DQ838544 344 (589.0)
denovo195 C1198_EU099810 343 (604.5)
denovo195 C24_AY239376 343 (586.5)
denovo195 C1f_AY258490 343 (596.0)
denovo195 C1006_DQ480629 343 (595.5)
denovo195 C1010_DQ480607 343 (595.5)
denovo195 C1007_DQ480624 343 (577.5)
denovo195 C1011_DQ480605 343 (604.5)
denovo195 C1009_DQ480608 341 (589.5)
denovo195 C1041_AY186548 343 (595.5)
denovo195 C1052_AY186570 343 (586.5)
denovo195 C1148_EU040178 344 (589.0)
denovo195 C1234_EU118165 345 (588.0)
denovo195 C1.5_EF634157 348 (592.5)
denovo195 C1059_DQ480609 343 (586.5)
denovo195 C1228_EU074883 343 (595.5)
denovo195 C1208_EU074963 350 (589.0)
denovo195 C1207_EU074964 343 (595.5)
denovo195 C1206_EU074965 343 (587.0)
denovo195 C1013_DQ480642 343 (577.5)
denovo195 C80_GU907656 352 (595.5)
denovo195 C1a_AF499788 343 (595.5)
denovo195 C41_AY258486 343 (595.5)
denovo195 C39_AY258484 334 (592.0)
denovo195 C1231_EU074878 343 (586.5)
denovo195 C1b.1_HE578997 342 (587.0)
denovo195 C18_AY258478 343 (586.5)
denovo195 C1.10_HE578983 340 (584.5)
denovo195 C1_JN558041 343 (595.5)
denovo195 C1_HE578979 343 (595.5)
denovo195 C1_AM748551 343 (595.5)
denovo195 C1_AF333515 343 (595.5)
denovo195 C1054_AY186565 343 (601.5)
denovo195 C1008_DQ480613 343 (586.5)
denovo195 C1103_AF427470 344 (585.5)
denovo195 C1226_EU074881 344 (586.5)
denovo195 C1b/C1e_AY239363 342 (596.0)
denovo195 C1044_DQ068038 343 (580.5)
denovo195 C1017_DQ174729 343 (586.0)
denovo195 C1.6_FJ461493 343 (604.5)
denovo195 C1b.2_HE578998 342 (587.0)
denovo195 C1060_DQ480600 343 (586.5)
denovo195 C1227_EU074882 343 (586.5)
denovo195 C1197_EU099814 343 (586.5)
denovo195 C1130_DQ480643 343 (489.0)
denovo195 D109_AB097465 298 (1280.5)
denovo195 D1.11_HE579040 298 (1310.0)
denovo195 D105_AF174570 298 (1310.0)
denovo195 D104_AF174572 298 (1319.0)
denovo195 D1.3_JF683337 298 (1310.0)
denovo195 D1.10_HE579039 298 (1319.0)
denovo195 D110_AF174561 298 (1319.0)
denovo195 D117_AF174542 298 (1319.0)
denovo195 D114_AF174549 298 (1319.0)
denovo195 D113_AF174557 298 (1328.0)
denovo195 D112_AF174558 298 (1328.0)
denovo195 D106_AF174559 298 (1319.0)
denovo195 D111_AF174560 298 (1319.0)
denovo195 D115_AF174562 298 (1319.0)
denovo195 D107_AF174568 298 (1319.0)
denovo195 D116_AF174571 298 (1310.0)
denovo195 D124_EU074897 298 (1337.0)
denovo195 D1.8_HE579037 298 (1319.0)
denovo195 D3_AY686650 298 (1319.0)
denovo195 D1.6_HQ630881 298 (1319.0)
denovo195 D120_EU074900 298 (1328.0)
denovo195 D121_EU074904 298 (1319.0)
denovo195 D122_EU074905 298 (1319.0)
denovo195 D1a.2_JF683339 300 (1335.5)
denovo195 D1a.1_JF683338 298 (1346.0)
denovo195 D2_AY686649 543 (1347.0)
denovo195 D4_DQ865214 299 (1327.0)
denovo195 D1a_AF499802 298 (1337.0)
denovo195 D1a_JN558078 298 (1337.0)
denovo195 D123_EU074895 298 (1319.0)
denovo195 D108_AF174567 298 (1319.0)
denovo195 D103_AF174575 298 (1319.0)
denovo195 D100_AF411415 304 (1273.0)
denovo195 D118_EF656435 298 (1337.0)
denovo195 D101_AF411416 304 (1258.0)
denovo195 D119_EU099832 301 (1283.0)
denovo195 D102_AF174573 298 (1313.0)
denovo195 D1_AF334660 298 (1328.0)
denovo195 D1_JN558076 298 (1328.0)
denovo195 D1.12_HE579041 298 (1193.5)
denovo195 D1.1_AM748564 430 (609.0)
denovo195 D1.2_AM748617 436 (598.0)
denovo195 E111_EU074915 351 (479.5)
denovo195 E110_EU074914 352 (482.5)
denovo195 E114_EU074909 362 (478.0)
denovo195 E1_AF334659 353 (481.5)
denovo195 E105_EU074921 352 (491.5)
denovo195 E112_EU074916 352 (482.5)
denovo195 E104_EU074922 350 (494.0)
denovo195 E102_EU074924 352 (482.5)
denovo195 E103_EU074923 352 (491.5)
denovo195 E101_AY160123 354 (485.0)
denovo195 E109_EU074913 343 (501.5)
denovo195 E100_DQ011618 347 (511.5)
denovo195 E108_EU074912 349 (517.5)
denovo195 E113_EU074908 347 (506.5)
denovo195 E107_EU074910 349 (508.5)
denovo195 F1_JN558066 329 (653.5)
denovo195 F5.2d_AJ291530 327 (647.5)
denovo195 F104_AJ291531 327 (647.5)
denovo195 F5.2c_AM748596 329 (644.0)
denovo195 F5.2_AM748594 327 (657.0)
denovo195 F5.2a_AM748614 327 (657.0)
denovo195 F5.2b_AM748595 327 (648.0)
denovo195 F5.2e_AJ291533 329 (610.5)
denovo195 F5.2g_JN558072 328 (642.0)
denovo195 F5.2f_AJ291512 331 (640.5)
denovo195 F102_AJ291534 328 (651.0)
denovo195 F5.1c_AM748593 332 (644.5)
denovo195 F5.1d_JN558069 329 (644.5)
denovo195 F5.1b_AJ291535 334 (641.0)
denovo195 F5.1_AM748592 330 (648.0)
denovo195 F5.1a_AM748591 330 (648.0)
denovo195 F110_AJ291526 346 (623.5)
denovo195 F4.7_AM748587 345 (651.0)
denovo195 F4.5_AM748585 335 (645.0)
denovo195 F4.4a_AM748583 327 (678.0)
denovo195 F4.4_AM748582 327 (683.0)
denovo195 F4.4b_AM748584 332 (671.5)
denovo195 F4.1a_AM748573 348 (630.5)
denovo195 F112_AJ291528 336 (622.0)
denovo195 F4.1_AM748572 336 (640.0)
denovo195 F4.8b_AM748590 334 (650.0)
denovo195 F4.8_AM748588 341 (643.5)
denovo195 F4.8a_AM748589 332 (644.5)
denovo195 F109_AJ291527 336 (634.5)
denovo195 F4.6_AM748586 333 (658.0)
denovo195 F111_AJ311949 339 (641.5)
denovo195 F4.3c_AM748581 337 (657.5)
denovo195 F4.3a_AM748579 338 (650.5)
denovo195 F4.3b_AM748580 338 (652.0)
denovo195 F4.3_AM748578 337 (657.5)
denovo195 F4.2_AM748574 334 (660.5)
denovo195 F4.2a_AM748575 338 (656.0)
denovo195 F4.2c_AM748577 337 (659.5)
denovo195 F4.2b_AM748576 335 (657.0)
denovo195 F2b_AJ291521 339 (654.5)
denovo195 F2_AJ830908 327 (646.5)
denovo195 F2a_AJ830911 327 (651.5)
denovo195 F3.1a_AM748566 343 (635.0)
denovo195 F114_AJ291525 335 (621.0)
denovo195 F3.1_AM748565 335 (639.0)
denovo195 F3.2_AM748567 334 (661.5)
denovo195 F3.2a_AM748568 329 (664.5)
denovo195 F3.3_AM748569 345 (654.0)
denovo195 F3.4a_AM748571 341 (640.0)
denovo195 F3.4_AM748570 340 (628.0)
denovo195 F3.4b_AM748616 342 (625.5)
denovo195 G101_AJ291539 359 (607.0)
denovo195 G1_AM748597 359 (607.0)
denovo195 G2b_JN558087 370 (588.5)
denovo195 G2_AM748598 370 (597.5)
denovo195 G2a_AM748599 372 (594.5)
denovo195 G4_AM748601 347 (607.0)
denovo195 G3.4_LK392378 344 (614.5)
denovo195 G3_AM748600 343 (630.0)
denovo195 G3.2_KC597694 354 (505.5)
denovo195 G3.1_KC597688 354 (590.0)
denovo195 G100_AB253788 354 (590.0)
denovo195 G3.3_LK392377 354 (599.0)
denovo195 H6_AJ291520 640 (306.0)
denovo195 H3_AM748606 344 (454.5)
denovo195 H2_AM748605 348 (464.5)
denovo195 H4_AM748607 342 (459.5)
denovo195 H4a_AM748608 343 (459.0)
denovo195 H5a_AM748611 345 (469.0)
denovo195 H5b_AM748610 351 (467.0)
denovo195 H5_AJ621129 347 (474.5)
denovo195 H5_AM748609 347 (474.5)
denovo195 H100_AJ291513 345 (466.5)
denovo195 H1b_AM748604 349 (463.5)
denovo195 H1a_AM748612 348 (459.5)
denovo195 H1_AJ621152 347 (466.5)
denovo195 H1_AM748602 347 (466.5)
denovo195 I3_FN561561 340 (648.5)
denovo195 I4_FN561562 342 (644.5)
denovo195 I1_FN561559 338 (661.0)
denovo195 I2_FN561560 339 (654.5)

#---------------------------------------
#---------------------------------------
