denovo216 A136_DQ865210 328 (540.5)
denovo216 A133_DQ174725 354 (498.0)
denovo216 A115_AF180123 339 (494.5)
denovo216 A117_AF201746 336 (511.5)
denovo216 A134_DQ174723 343 (514.5)
denovo216 A114_AF184941 343 (514.5)
denovo216 A135_DQ174727 343 (514.0)
denovo216 A2_AF333506 339 (515.0)
denovo216 A101_AF427468 344 (507.0)
denovo216 A2_1_JN558097 344 (507.0)
denovo216 A2_2_JN558100 344 (507.0)
denovo216 A113_AF184948 338 (526.0)
denovo216 A112_AF184949 333 (502.0)
denovo216 A123_EF378618 346 (353.5)
denovo216 A137_EF378621 342 (333.0)
denovo216 A11_EU449041 344 (528.5)
denovo216 A121_DQ174722 338 (523.0)
denovo216 A15b_EU792886 338 (482.0)
denovo216 A15a_EU792885 338 (499.5)
denovo216 A15c_EU792887 338 (490.5)
denovo216 A15_EU792884 338 (491.0)
denovo216 A147_EU074937 338 (508.5)
denovo216 A154_EU074860 338 (490.5)
denovo216 A146_EU074936 339 (501.5)
denovo216 A150_EU074928 339 (510.0)
denovo216 A116_AF183575 339 (501.5)
denovo216 A141_EU074931 339 (510.5)
denovo216 A5_AF333508 341 (522.0)
denovo216 A3b_EU449043 338 (517.5)
denovo216 A151_EU074925 347 (506.5)
denovo216 A152_EU074927 341 (499.5)
denovo216 A149_EU074929 345 (511.0)
denovo216 A140_EU074930 338 (499.5)
denovo216 A142_EU074932 338 (499.5)
denovo216 A143_EU074933 346 (514.0)
denovo216 A144_EU074934 338 (508.5)
denovo216 A145_EU074935 341 (507.5)
denovo216 A148_EU074938 338 (499.5)
denovo216 A155_EU074856 338 (499.5)
denovo216 A156_EU074859 338 (499.5)
denovo216 A139_EU074962 338 (499.5)
denovo216 A6_AF186058 338 (508.5)
denovo216 A3_AF333507 338 (508.5)
denovo216 A3_JN558091 338 (508.5)
denovo216 A8_AY258468 338 (490.5)
denovo216 A7_AY239360 340 (504.5)
denovo216 A16_EU792888 332 (509.0)
denovo216 A4.3_FN429763 345 (508.5)
denovo216 A120_AF180122 342 (491.0)
denovo216 A4.2_FN429761 343 (499.5)
denovo216 A4_AF333509 343 (518.5)
denovo216 A4.1_FN429760 342 (513.5)
denovo216 A4a_AF499778 343 (519.0)
denovo216 A4a.1_FN429762 343 (519.0)
denovo216 A138_EF378620 345 (461.5)
denovo216 A122_EF378619 344 (498.5)
denovo216 A126_EF378615 343 (499.5)
denovo216 A10_EU792882 343 (499.5)
denovo216 A9_EU449028 343 (508.5)
denovo216 A105_AB207202 341 (521.0)
denovo216 A119_AF180121 338 (503.5)
denovo216 A12_EU792883 343 (509.5)
denovo216 A104_AB207203 343 (517.5)
denovo216 A1a_EU449030 343 (526.5)
denovo216 A1.3_HE578976 342 (523.5)
denovo216 A1.4_HE578977 342 (523.5)
denovo216 A13_AF333504 342 (523.0)
denovo216 A13_JN558094 342 (523.0)
denovo216 A110_AB190282 343 (508.5)
denovo216 A103_AB207206 344 (520.5)
denovo216 A130_EF656428 343 (508.5)
denovo216 A127_EF656429 343 (526.5)
denovo216 A128_EF656430 343 (508.5)
denovo216 A129_EF656431 344 (520.0)
denovo216 A131_EF656432 342 (523.5)
denovo216 A118_AF180120 342 (508.5)
denovo216 A1_AF333505 343 (517.5)
denovo216 A107_AB207199 342 (524.5)
denovo216 A111_AB190280 342 (524.5)
denovo216 A108_AB207197 349 (503.0)
denovo216 A106_AB207200 342 (523.5)
denovo216 A102_AB207209 342 (524.0)
denovo216 A1.2_AB207210 342 (524.0)
denovo216 A109_AB190285 342 (523.5)
denovo216 B4_AF333510 317 (1115.0)
denovo216 B23_EU449079 303 (1243.0)
denovo216 B30_GU907644 303 (1225.0)
denovo216 B11_AY239361 308 (1285.5)
denovo216 B17_AY258470 306 (1277.5)
denovo216 B1k_GU907638 304 (705.5)
denovo216 B1.V_Green2014 313 (1235.0)
denovo216 B1b_AF499780 304 (1239.5)
denovo216 B16_AY258469 306 (1286.5)
denovo216 B31a_GU907646 306 (1295.5)
denovo216 B32_GU907647 306 (1295.5)
denovo216 B31_GU907645 306 (1304.5)
denovo216 B1j_GU907637 306 (1295.5)
denovo216 B37_GU907650 308 (1285.0)
denovo216 B5a_AF499782 306 (1304.5)
denovo216 B5_AF499781 306 (1313.5)
denovo216 B24_GU907643 306 (1162.5)
denovo216 B117_AF180124 306 (1178.0)
denovo216 B10_AF499787 306 (1286.5)
denovo216 B20_GU907642 308 (1270.0)
denovo216 B1m_GU907640 306 (1295.5)
denovo216 B34_GU907649 306 (1304.5)
denovo216 B1d_GU907633 306 (1295.5)
denovo216 B1e_GU907634 306 (1295.5)
denovo216 B1i_GU907636 306 (1295.5)
denovo216 B1g_GU907635 307 (1276.5)
denovo216 B123_EU074872 306 (1286.5)
denovo216 B8_AF499785 307 (1285.5)
denovo216 B1l_GU907639 306 (1295.5)
denovo216 B1a_AF499779 306 (1295.5)
denovo216 B14_AY239362 307 (1285.5)
denovo216 B125_EU074865 306 (1295.5)
denovo216 B122_EU074871 306 (1304.5)
denovo216 B124_EU074874 306 (1295.5)
denovo216 B1.VII_Green2014 306 (1225.5)
denovo216 B1.III_Green2014 306 (1223.5)
denovo216 B1.I_Green2014 306 (1304.5)
denovo216 B1.II_Green2014 306 (1304.5)
denovo216 B1_JN558057 306 (1304.5)
denovo216 B1_AF333511 306 (1304.5)
denovo216 B1.IV_Green2014 316 (1290.0)
denovo216 B121_EU074870 306 (1295.5)
denovo216 B7_AF499784 306 (1295.5)
denovo216 B1.VI_Green2014 307 (1235.5)
denovo216 B3_AF333514 302 (1280.0)
denovo216 B9_AF499786 302 (1307.0)
denovo216 B19a_JN558055 306 (1165.0)
denovo216 B119_EU099825 311 (1187.0)
denovo216 B21_DQ865213 302 (1266.5)
denovo216 B38_GU907651 302 (1266.5)
denovo216 B18_AY258471 302 (1298.0)
denovo216 B18a_AY258472 302 (1289.0)
denovo216 B33_GU907648 302 (1298.0)
denovo216 B6_AF499783 307 (1303.5)
denovo216 B19_DQ865212 302 (1316.0)
denovo216 B19_GU907641 302 (1316.0)
denovo216 B2_AF333512 302 (1307.0)
denovo216 B2_JN558060 302 (1307.0)
denovo216 C33.1_AY258498 327 (710.0)
denovo216 C33.2_AY765400 327 (710.0)
denovo216 C33a_EF541147 327 (710.0)
denovo216 C34_AY258499 320 (690.0)
denovo216 C78_AY765413 324 (672.0)
denovo216 C15.29_KC597690 321 (682.5)
denovo216 C1131_DQ182650 322 (667.5)
denovo216 C1135_DQ182646 317 (662.5)
denovo216 C1134_DQ182647 317 (653.5)
denovo216 C1142_DQ182635 317 (662.5)
denovo216 C1136_DQ182644 315 (645.0)
denovo216 C1111_DQ182645 315 (654.5)
denovo216 C1236_EF473656 315 (645.5)
denovo216 C1138_DQ182642 315 (663.5)
denovo216 C1137_DQ182643 315 (645.5)
denovo216 C1133_DQ182648 315 (645.5)
denovo216 C1132_DQ182649 319 (648.0)
denovo216 C1143_DQ182634 315 (654.5)
denovo216 C1139_DQ182639 317 (662.5)
denovo216 C15.28_KC597687 321 (720.0)
denovo216 C1141_DQ182636 321 (673.5)
denovo216 C1144_DQ182637 321 (674.0)
denovo216 C1122_DQ182654 317 (689.5)
denovo216 C1127_DQ182652 317 (689.5)
denovo216 C15.30_JX394114 322 (713.0)
denovo216 C15.26_KC597686 322 (713.0)
denovo216 C1086_DQ182656 319 (713.5)
denovo216 C15.25_KC597685 319 (722.5)
denovo216 C1118_AF180127 324 (679.0)
denovo216 C1129_DQ182651 319 (658.5)
denovo216 C15.21_KC597683 321 (701.0)
denovo216 C56_AY589760 316 (704.5)
denovo216 C1140_DQ182638 323 (670.0)
denovo216 C1126_DQ182653 323 (661.0)
denovo216 C15c_AY258492 318 (711.0)
denovo216 C15d_AY258493 317 (717.5)
denovo216 C1098_DQ182641 317 (705.5)
denovo216 C15.27_KC597689 319 (722.5)
denovo216 C15.18_HE579024 318 (710.5)
denovo216 C15.16_HE579022 324 (719.0)
denovo216 C1101_AB253787 319 (704.5)
denovo216 C1083_AY237300 319 (713.5)
denovo216 C1088_DQ182640 323 (706.0)
denovo216 C15.6_FN563472 319 (713.5)
denovo216 C15.5_FJ461512 321 (710.0)
denovo216 C15.4_FJ461511 321 (719.0)
denovo216 C15.13_HE579019 319 (704.5)
denovo216 C15.12_HE579018 319 (713.5)
denovo216 C93a_AM748563 318 (738.0)
denovo216 C1094_AJ291514 318 (720.0)
denovo216 C93_AM748562 318 (729.0)
denovo216 C15.17_HE579023 320 (710.5)
denovo216 C15e_AY589742 321 (722.0)
denovo216 C15.22_KC597695 319 (713.5)
denovo216 C60_AY589764 323 (715.5)
denovo216 C15.1_FJ461508 319 (722.5)
denovo216 C15.2_FJ461509 319 (713.5)
denovo216 C15.9_FN563475 319 (731.0)
denovo216 C15.7_HE579015 319 (713.5)
denovo216 C15.8_HE579016 319 (713.5)
denovo216 C15.15_HE579021 319 (713.5)
denovo216 C15.19_HE579025 319 (722.5)
denovo216 C15.24_KC597696 319 (704.5)
denovo216 C15.3_FJ461510 321 (719.0)
denovo216 C1087_DQ182655 319 (722.5)
denovo216 C15.14_HE579020 320 (713.0)
denovo216 C15.23_KC597697 320 (713.0)
denovo216 C19_AY258479 320 (728.5)
denovo216 C1233_EU118166 319 (713.5)
denovo216 C15b_AY258491 319 (713.5)
denovo216 C15a_AY258476 321 (728.0)
denovo216 C1051_AF195153 319 (731.5)
denovo216 C2_AF333518 320 (730.5)
denovo216 C15.20_HE579026 320 (722.0)
denovo216 C15f_AY589743 319 (719.0)
denovo216 C55_AY589759 324 (722.5)
denovo216 C15_AY239369 319 (722.5)
denovo216 C32.1_JF683335 321 (671.0)
denovo216 C32.2_JF683336 321 (671.0)
denovo216 C21.23_KC597693 321 (671.0)
denovo216 C1193_EU099827 334 (707.0)
denovo216 C1195_EU099821 333 (672.0)
denovo216 C3q_GU907655 328 (687.5)
denovo216 C53_AY589758 330 (690.5)
denovo216 C73_AY765408 330 (698.5)
denovo216 C17.2.1_KC597684 325 (654.5)
denovo216 C32_AY258497 325 (681.0)
denovo216 C1189_EU099831 323 (686.0)
denovo216 C1191_EU099833 322 (692.5)
denovo216 C1196_EU099819 323 (668.0)
denovo216 C1192_EU099820 323 (668.0)
denovo216 C17.1_JF683322 323 (686.0)
denovo216 C26_b2_FN827164 324 (695.0)
denovo216 C26_b3_FN827165 320 (674.5)
denovo216 C31.9_HQ630879 325 (681.5)
denovo216 C31a_AY589746 325 (687.0)
denovo216 C30_AY589745 325 (687.0)
denovo216 C31.1_HQ630876 329 (688.5)
denovo216 C31.5_HQ630877 323 (699.0)
denovo216 C31.6_HQ630878 325 (696.0)
denovo216 C31.2_JF683332 325 (696.0)
denovo216 C31.3_JF683333 325 (687.0)
denovo216 C26/C35a_AY239378 320 (683.5)
denovo216 C35a_AY258501 320 (683.5)
denovo216 C35.2_AY258500 320 (692.5)
denovo216 C26_b1_FN827163 320 (692.5)
denovo216 C17_AY239370 323 (686.0)
denovo216 C17.2_FJ461513 325 (685.0)
denovo216 C31.10_HQ630880 325 (690.5)
denovo216 C31.4_JF683334 329 (684.5)
denovo216 C31_AY258496 325 (696.0)
denovo216 C25_AY239377 322 (707.5)
denovo216 C61_AY589765 322 (669.5)
denovo216 C1043_DQ072721 324 (677.0)
denovo216 C79_AY765414 323 (697.0)
denovo216 C69_AY589773 313 (685.0)
denovo216 C69a_AY686648 313 (676.0)
denovo216 C21.22_KC597692 331 (664.5)
denovo216 C51_AY589756 322 (695.0)
denovo216 C1aa_HM185739 332 (696.5)
denovo216 C1096_DQ068023 322 (682.5)
denovo216 C74_AY765409 329 (728.0)
denovo216 C1185_AB294629 331 (724.5)
denovo216 C1184_AB294630 331 (724.5)
denovo216 C1153_AB294625 331 (733.5)
denovo216 C1154_AB294626 330 (740.0)
denovo216 C1187_AB294627 331 (724.5)
denovo216 C1186_AB294628 331 (724.5)
denovo216 C57_AY589761 331 (733.5)
denovo216 C66_AY589771 331 (733.5)
denovo216 C5_AF499795 321 (710.0)
denovo216 C1167_AB294586 321 (710.0)
denovo216 C1164_AB294593 321 (710.0)
denovo216 C1183_AB294631 321 (728.0)
denovo216 C1067_DQ335381 323 (706.5)
denovo216 C1159_AB294613 323 (711.5)
denovo216 C1150_AB294622 323 (720.5)
denovo216 C90_AM748554 322 (733.0)
denovo216 C1168_AB294583 321 (719.0)
denovo216 C1156_AB294616 319 (731.5)
denovo216 C1151_AB294621 321 (737.0)
denovo216 C92a_AM748561 321 (737.0)
denovo216 C92_AM748560 321 (728.0)
denovo216 C1165_AB294581 321 (719.0)
denovo216 C1166_AB294584 321 (719.0)
denovo216 C1162_AB294594 321 (719.0)
denovo216 C1163_AB294596 319 (731.5)
denovo216 C1161_AB294606 321 (728.0)
denovo216 C1160_AB294608 325 (720.5)
denovo216 C1158_AB294614 321 (737.0)
denovo216 C1155_AB294617 321 (719.0)
denovo216 C1149_AB294620 321 (728.0)
denovo216 C1173_AB294662 321 (737.0)
denovo216 C1171_AB294663 321 (719.0)
denovo216 C1172_AB294665 321 (719.0)
denovo216 C91a_AM748556 321 (737.0)
denovo216 C91b_AM748557 321 (728.0)
denovo216 C91d_AM748559 320 (725.5)
denovo216 C91c_AM748558 320 (725.5)
denovo216 C91_AJ621543 321 (728.0)
denovo216 C91_AM748555 321 (728.0)
denovo216 C1023_DQ335330 312 (679.5)
denovo216 C1020_DQ335392 327 (709.0)
denovo216 C1018_DQ335408 323 (715.5)
denovo216 C1074_DQ335329 323 (706.5)
denovo216 C1030_DQ335353 323 (706.5)
denovo216 C1022_DQ335331 323 (706.5)
denovo216 C1027_DQ335360 323 (724.5)
denovo216 C1072_DQ335344 323 (706.5)
denovo216 C1039_AB190274 323 (715.5)
denovo216 C1033_DQ335350 328 (703.5)
denovo216 C1019_DQ335407 323 (715.5)
denovo216 C1194_EU099826 323 (700.5)
denovo216 C8b_AY258475 323 (690.5)
denovo216 C8_AY239367 326 (705.5)
denovo216 C8a_AY239368 328 (701.5)
denovo216 C54a_AY765406 323 (715.5)
denovo216 C3ff_HM185740 323 (706.5)
denovo216 C59_AY589763 328 (695.0)
denovo216 C3k_AY589737 321 (718.5)
denovo216 C3.24_HE579012 320 (725.0)
denovo216 C3.23_HE579011 321 (718.5)
denovo216 C35.1_AY765401 328 (721.0)
denovo216 C35.3_EF541145 321 (719.0)
denovo216 C76_AY765411 321 (689.0)
denovo216 C1107_DQ335359 325 (689.0)
denovo216 C3.22_HE579010 325 (687.0)
denovo216 C77_AY765412 321 (706.5)
denovo216 C20_AY239371 323 (716.0)
denovo216 C1055_DQ480640 321 (706.0)
denovo216 C27/C30_AY239379 320 (683.0)
denovo216 C27.1_FJ461517 320 (674.0)
denovo216 C40a_AY589747 328 (718.5)
denovo216 C40_AY258485 328 (718.5)
denovo216 C40b_AY589748 332 (710.5)
denovo216 C16_AY258477 326 (715.0)
denovo216 C16a_AY765399 326 (715.0)
denovo216 C1091_AB207186 321 (719.0)
denovo216 C1102_DQ335400 321 (701.0)
denovo216 C1069_DQ335375 323 (716.0)
denovo216 C1073_DQ335332 321 (710.0)
denovo216 C1066_DQ335382 318 (701.5)
denovo216 C1031_DQ335352 326 (724.5)
denovo216 C1026_DQ335366 328 (721.0)
denovo216 C70_AY589774 321 (728.0)
denovo216 C1082_AB190267 321 (710.0)
denovo216 C1078_AB190271 321 (728.0)
denovo216 C1090_AB207191 321 (719.0)
denovo216 C1071_DQ335302 321 (719.0)
denovo216 C1075_DQ335328 321 (719.0)
denovo216 C1068_DQ335379 321 (710.0)
denovo216 C1064_DQ335395 321 (710.0)
denovo216 C1063_DQ335403 320 (726.0)
denovo216 C62_AY589766 321 (719.0)
denovo216 C1077_DQ335316 320 (722.0)
denovo216 C1109_DQ335338 321 (710.0)
denovo216 C1110_DQ335340 321 (701.0)
denovo216 C1106_DQ335339 321 (701.0)
denovo216 C1112_DQ335319 321 (710.0)
denovo216 C1108_DQ335351 321 (701.0)
denovo216 C1105_DQ335394 321 (710.0)
denovo216 C1121_DQ335378 328 (703.0)
denovo216 C1116_AB190268 328 (712.0)
denovo216 C1115_AB190273 328 (712.0)
denovo216 C1124_DQ335323 321 (692.0)
denovo216 C1120_DQ335398 321 (692.0)
denovo216 C1119_DQ335404 321 (701.0)
denovo216 C1123_DQ335363 321 (701.0)
denovo216 C1004_DQ480635 323 (715.0)
denovo216 C1061_AY186568 323 (706.0)
denovo216 C1053_AY186569 323 (715.0)
denovo216 C1003_DQ480639 323 (715.0)
denovo216 C81_GU907657 333 (682.5)
denovo216 C22_AY239373 318 (717.5)
denovo216 C22a_AY239374 321 (709.0)
denovo216 C1232_EU118163 326 (714.0)
denovo216 C21.13_FJ461515 323 (677.0)
denovo216 C21.1_JF683323 321 (680.5)
denovo216 C21.3_JF683325 323 (694.5)
denovo216 C1.20_HE578993 323 (706.5)
denovo216 C1.22_HE578995 323 (697.5)
denovo216 C52_AY589757 320 (710.5)
denovo216 C1201_EU099793 324 (688.5)
denovo216 C14_AY589741 326 (719.0)
denovo216 C43_AY589749 326 (724.5)
denovo216 C50_AY589755 323 (715.5)
denovo216 C3.14_HQ630872 323 (706.5)
denovo216 C1m_AY765398 321 (719.0)
denovo216 C82_GU907658 331 (721.5)
denovo216 C82b_GU907660 331 (721.5)
denovo216 C64_AY589768 339 (719.5)
denovo216 C45a_AY765404 326 (723.5)
denovo216 C48_AY589753 323 (736.0)
denovo216 C1_v1b_FJ919244 323 (706.5)
denovo216 C1_v1a_FJ919243 323 (715.5)
denovo216 C3j_AY239366 323 (706.5)
denovo216 C3t_EF541149 326 (723.5)
denovo216 C9_AF499798 324 (727.0)
denovo216 C23_AY239375 324 (718.5)
denovo216 C37_AY258481 328 (712.0)
denovo216 C1048_DQ068026 326 (714.5)
denovo216 C21.4_JF683326 323 (686.0)
denovo216 C21.5_JF683327 323 (686.0)
denovo216 C1070_DQ335349 323 (706.5)
denovo216 C21.6_HQ630873 323 (686.0)
denovo216 C1224_EU074890 323 (733.5)
denovo216 C1.17_HE578990 323 (733.5)
denovo216 C21_b1_FN827162 320 (687.0)
denovo216 C21.9_JF683330 320 (696.0)
denovo216 C1085_AY624605 320 (717.0)
denovo216 C3p_GU907654 323 (700.5)
denovo216 C3f_AY589734 323 (724.5)
denovo216 C65a_AY589770 321 (718.5)
denovo216 C65_AY589769 321 (727.5)
denovo216 C71_AY589775 321 (718.5)
denovo216 C71a_AY589776 321 (709.5)
denovo216 C1178_AB294647 322 (707.0)
denovo216 C1225_EU074893 320 (725.0)
denovo216 C75_AY765410 326 (715.0)
denovo216 C21.10_JF683331 324 (688.5)
denovo216 C21.11_HQ630874 324 (688.5)
denovo216 C1065_DQ335388 323 (724.5)
denovo216 C1045_DQ068036 323 (733.5)
denovo216 C1h_AY258473 341 (716.5)
denovo216 C38_AY258482 341 (707.5)
denovo216 C1202_EU099799 341 (707.5)
denovo216 C7_AF499797 341 (716.5)
denovo216 C12_AF499801 343 (706.0)
denovo216 C38a_AY258483 340 (719.0)
denovo216 C1200_EU099800 329 (716.0)
denovo216 C44a_AY589751 323 (724.0)
denovo216 C47_AY589752 326 (732.5)
denovo216 C44_AY589750 326 (723.5)
denovo216 C1.15_HE578988 323 (724.5)
denovo216 C45.3_FJ461522 326 (723.5)
denovo216 C46a_AY765405 326 (714.5)
denovo216 C46_EU449108 326 (723.5)
denovo216 C3.12_FJ461507 326 (723.5)
denovo216 C1k_AY589733 326 (714.5)
denovo216 C67_AY686647 326 (723.5)
denovo216 C82a_GU907659 323 (725.0)
denovo216 C10a_AY589739 326 (723.5)
denovo216 C10_AF499799 326 (714.5)
denovo216 C13_AY589740 328 (717.5)
denovo216 C4_AF499794 326 (714.5)
denovo216 C1147_EF656433 326 (714.5)
denovo216 C1c/C45_AY239364 326 (723.5)
denovo216 C1c/C45_EU449103 326 (723.5)
denovo216 C21.19_HE579031 323 (695.0)
denovo216 C21.21_HE579033 323 (686.0)
denovo216 C21.20_HE579032 323 (695.0)
denovo216 C42b_AY765403 326 (706.0)
denovo216 C42_AY258487 326 (715.0)
denovo216 C1p_GU907652 323 (715.5)
denovo216 C1d_AY258488 326 (705.5)
denovo216 C42_AY765402 326 (714.5)
denovo216 C3ha_AY589736 323 (686.0)
denovo216 C63a_AY589767 325 (703.0)
denovo216 C21a_AY589744 323 (686.0)
denovo216 C3o_GU907653 323 (694.5)
denovo216 C21.16_HQ630875 323 (686.0)
denovo216 C21.2_JF683324 323 (686.0)
denovo216 C21.7_JF683328 322 (692.5)
denovo216 C21.8_JF683329 323 (695.0)
denovo216 C3h_AY239365 323 (686.0)
denovo216 C1203_EU099798 323 (686.0)
denovo216 C3.10_FJ461505 323 (733.5)
denovo216 C21.14_FJ461516 323 (704.0)
denovo216 C21.18_HE579030 327 (686.5)
denovo216 C3.17_HE579005 323 (715.5)
denovo216 C3.9_FJ461504 323 (712.5)
denovo216 C3.8_FJ461503 323 (724.5)
denovo216 C3.7_FJ461502 323 (715.5)
denovo216 C3.11_FJ461506 330 (727.0)
denovo216 C3.18_HE579006 323 (715.5)
denovo216 C3.19_HE579007 323 (715.5)
denovo216 C3.20_HE579008 323 (715.5)
denovo216 C3g_AY589735 326 (707.5)
denovo216 C3a_AF499790 321 (728.0)
denovo216 C3e_AF499793 323 (715.5)
denovo216 C6_AF499796 330 (717.5)
denovo216 C11_AF499800 323 (715.5)
denovo216 C36_AY258480 323 (733.5)
denovo216 C29_AY258494 323 (733.5)
denovo216 C1146_EF656434 323 (715.5)
denovo216 C1190_EU099841 323 (715.5)
denovo216 C131_JF320826 323 (715.5)
denovo216 C28_AY239380 328 (723.5)
denovo216 C1012_DQ480604 323 (715.5)
denovo216 C1181_AB294640 323 (700.5)
denovo216 C1180_AB294641 323 (700.5)
denovo216 C1179_AB294645 321 (704.0)
denovo216 C1176_AB294651 321 (713.0)
denovo216 C1175_AB294653 323 (700.5)
denovo216 C1174_AB294655 325 (706.0)
denovo216 C1177_AB294659 323 (709.0)
denovo216 C1040_AB190269 325 (721.0)
denovo216 C1182_AB294649 323 (715.5)
denovo216 C1089_AJ278598 323 (715.5)
denovo216 C1028_DQ335357 330 (726.5)
denovo216 C3.16_EU786015 323 (715.5)
denovo216 C1097_AJ311943 322 (709.0)
denovo216 C1170_AB294661 323 (709.5)
denovo216 C21.17_HE579029 323 (697.0)
denovo216 C21/3d/C3k_AY239372 323 (695.0)
denovo216 C58_AY589762 321 (695.0)
denovo216 C3L_AY589738 326 (720.0)
denovo216 C1169_AB294660 323 (709.5)
denovo216 C3.2_FJ461497 323 (718.5)
denovo216 C3.1_JF683321 320 (719.5)
denovo216 C1104_AF427469 324 (714.5)
denovo216 C3b_AF499791 323 (727.5)
denovo216 C83_GU907661 323 (727.0)
denovo216 C49_AY589754 356 (734.0)
denovo216 C3_AB778606 323 (724.5)
denovo216 C3_AF499789 323 (724.5)
denovo216 C3_HE579001 323 (724.5)
denovo216 C21.12_FJ461514 323 (677.0)
denovo216 C1229_EU074888 320 (720.0)
denovo216 C1230_EU074889 320 (729.0)
denovo216 C1114_AB207196 323 (706.5)
denovo216 C3.21_HE579009 323 (619.5)
denovo216 C1057_DQ480619 323 (715.5)
denovo216 C72_AY765407 320 (715.0)
denovo216 C1b.3_HE578999 323 (709.5)
denovo216 C93_AJ621536 323 (715.5)
denovo216 C94_AJ621539 323 (715.5)
denovo216 C1g_AY589730 323 (715.5)
denovo216 C1i_AY589731 317 (717.5)
denovo216 C1j_AY589732 330 (726.5)
denovo216 C1005_DQ480633 323 (715.5)
denovo216 C1.7_FJ461494 323 (715.5)
denovo216 C1.11_HE578984 327 (719.0)
denovo216 C1.12_HE578985 323 (715.5)
denovo216 C1.13_HE578986 323 (724.5)
denovo216 C1.14_HE578987 323 (724.5)
denovo216 C1.18_HE578991 323 (715.5)
denovo216 C1.19_HE578992 323 (715.5)
denovo216 C1199_EU099802 320 (701.0)
denovo216 C1188_EU099838 320 (716.0)
denovo216 C1002_DQ838544 323 (724.5)
denovo216 C1198_EU099810 323 (715.5)
denovo216 C24_AY239376 323 (715.5)
denovo216 C1f_AY258490 323 (724.5)
denovo216 C1006_DQ480629 323 (733.5)
denovo216 C1010_DQ480607 323 (715.5)
denovo216 C1007_DQ480624 323 (715.5)
denovo216 C1011_DQ480605 323 (715.5)
denovo216 C1009_DQ480608 327 (717.5)
denovo216 C1041_AY186548 323 (724.5)
denovo216 C1052_AY186570 323 (715.5)
denovo216 C1148_EU040178 323 (724.5)
denovo216 C1234_EU118165 324 (714.5)
denovo216 C1.5_EF634157 323 (724.5)
denovo216 C1059_DQ480609 323 (715.5)
denovo216 C1228_EU074883 323 (715.5)
denovo216 C1208_EU074963 323 (715.5)
denovo216 C1207_EU074964 323 (724.5)
denovo216 C1206_EU074965 323 (715.5)
denovo216 C1013_DQ480642 323 (715.5)
denovo216 C80_GU907656 330 (710.0)
denovo216 C1a_AF499788 320 (716.0)
denovo216 C41_AY258486 323 (724.5)
denovo216 C39_AY258484 308 (720.0)
denovo216 C1231_EU074878 323 (715.5)
denovo216 C1b.1_HE578997 323 (709.5)
denovo216 C18_AY258478 323 (724.5)
denovo216 C1.10_HE578983 322 (719.0)
denovo216 C1_JN558041 323 (724.5)
denovo216 C1_HE578979 323 (724.5)
denovo216 C1_AM748551 323 (724.5)
denovo216 C1_AF333515 323 (724.5)
denovo216 C1054_AY186565 322 (728.0)
denovo216 C1008_DQ480613 323 (715.5)
denovo216 C1103_AF427470 324 (714.5)
denovo216 C1226_EU074881 324 (714.5)
denovo216 C1b/C1e_AY239363 323 (718.5)
denovo216 C1044_DQ068038 323 (709.5)
denovo216 C1017_DQ174729 324 (708.5)
denovo216 C1.6_FJ461493 323 (715.5)
denovo216 C1b.2_HE578998 323 (709.5)
denovo216 C1060_DQ480600 323 (715.5)
denovo216 C1227_EU074882 323 (715.5)
denovo216 C1197_EU099814 323 (715.5)
denovo216 C1130_DQ480643 323 (583.0)
denovo216 D109_AB097465 355 (511.0)
denovo216 D1.11_HE579040 352 (520.5)
denovo216 D105_AF174570 353 (515.0)
denovo216 D104_AF174572 349 (513.0)
denovo216 D1.3_JF683337 353 (514.0)
denovo216 D1.10_HE579039 352 (520.5)
denovo216 D110_AF174561 352 (520.5)
denovo216 D117_AF174542 352 (511.5)
denovo216 D114_AF174549 352 (520.5)
denovo216 D113_AF174557 353 (506.5)
denovo216 D112_AF174558 353 (515.5)
denovo216 D106_AF174559 355 (521.5)
denovo216 D111_AF174560 352 (521.0)
denovo216 D115_AF174562 352 (511.5)
denovo216 D107_AF174568 351 (518.0)
denovo216 D116_AF174571 353 (506.5)
denovo216 D124_EU074897 353 (524.5)
denovo216 D1.8_HE579037 355 (520.5)
denovo216 D3_AY686650 352 (520.5)
denovo216 D1.6_HQ630881 352 (511.5)
denovo216 D120_EU074900 353 (506.5)
denovo216 D121_EU074904 353 (515.5)
denovo216 D122_EU074905 352 (511.5)
denovo216 D1a.2_JF683339 355 (523.5)
denovo216 D1a.1_JF683338 353 (524.5)
denovo216 D2_AY686649 586 (580.5)
denovo216 D4_DQ865214 351 (515.0)
denovo216 D1a_AF499802 353 (515.5)
denovo216 D1a_JN558078 353 (515.5)
denovo216 D123_EU074895 352 (520.5)
denovo216 D108_AF174567 352 (520.5)
denovo216 D103_AF174575 353 (515.5)
denovo216 D100_AF411415 364 (511.5)
denovo216 D118_EF656435 349 (530.0)
denovo216 D101_AF411416 364 (496.5)
denovo216 D119_EU099832 351 (511.0)
denovo216 D102_AF174573 351 (521.0)
denovo216 D1_AF334660 352 (520.5)
denovo216 D1_JN558076 352 (520.5)
denovo216 D1.12_HE579041 332 (517.0)
denovo216 D1.1_AM748564 420 (555.0)
denovo216 D1.2_AM748617 441 (535.5)
denovo216 E111_EU074915 346 (485.0)
denovo216 E110_EU074914 363 (475.5)
denovo216 E114_EU074909 363 (475.5)
denovo216 E1_AF334659 364 (474.5)
denovo216 E105_EU074921 363 (484.5)
denovo216 E112_EU074916 363 (475.5)
denovo216 E104_EU074922 363 (484.5)
denovo216 E102_EU074924 363 (475.5)
denovo216 E103_EU074923 363 (484.5)
denovo216 E101_AY160123 368 (459.5)
denovo216 E109_EU074913 349 (506.0)
denovo216 E100_DQ011618 354 (510.0)
denovo216 E108_EU074912 356 (506.5)
denovo216 E113_EU074908 352 (516.5)
denovo216 E107_EU074910 356 (506.5)
denovo216 F1_JN558066 342 (673.0)
denovo216 F5.2d_AJ291530 330 (699.5)
denovo216 F104_AJ291531 330 (699.5)
denovo216 F5.2c_AM748596 330 (691.0)
denovo216 F5.2_AM748594 334 (693.5)
denovo216 F5.2a_AM748614 334 (693.5)
denovo216 F5.2b_AM748595 330 (690.5)
denovo216 F5.2e_AJ291533 341 (643.0)
denovo216 F5.2g_JN558072 344 (696.5)
denovo216 F5.2f_AJ291512 341 (687.0)
denovo216 F102_AJ291534 348 (689.0)
denovo216 F5.1c_AM748593 342 (709.5)
denovo216 F5.1d_JN558069 343 (683.0)
denovo216 F5.1b_AJ291535 342 (717.0)
denovo216 F5.1_AM748592 342 (708.0)
denovo216 F5.1a_AM748591 342 (717.0)
denovo216 F110_AJ291526 321 (753.5)
denovo216 F4.7_AM748587 320 (763.0)
denovo216 F4.5_AM748585 321 (753.5)
denovo216 F4.4a_AM748583 319 (793.5)
denovo216 F4.4_AM748582 320 (785.0)
denovo216 F4.4b_AM748584 317 (803.5)
denovo216 F4.1a_AM748573 321 (735.5)
denovo216 F112_AJ291528 319 (713.0)
denovo216 F4.1_AM748572 319 (731.0)
denovo216 F4.8b_AM748590 322 (774.0)
denovo216 F4.8_AM748588 313 (775.0)
denovo216 F4.8a_AM748589 313 (774.5)
denovo216 F109_AJ291527 319 (761.5)
denovo216 F4.6_AM748586 319 (740.0)
denovo216 F111_AJ311949 314 (757.5)
denovo216 F4.3c_AM748581 315 (778.5)
denovo216 F4.3a_AM748579 315 (787.5)
denovo216 F4.3b_AM748580 315 (787.5)
denovo216 F4.3_AM748578 315 (778.5)
denovo216 F4.2_AM748574 321 (790.5)
denovo216 F4.2a_AM748575 319 (770.5)
denovo216 F4.2c_AM748577 319 (767.0)
denovo216 F4.2b_AM748576 319 (779.5)
denovo216 F2b_AJ291521 332 (720.5)
denovo216 F2_AJ830908 328 (745.5)
denovo216 F2a_AJ830911 328 (741.0)
denovo216 F3.1a_AM748566 340 (712.0)
denovo216 F114_AJ291525 338 (697.5)
denovo216 F3.1_AM748565 338 (715.5)
denovo216 F3.2_AM748567 347 (722.5)
denovo216 F3.2a_AM748568 336 (717.5)
denovo216 F3.3_AM748569 337 (735.5)
denovo216 F3.4a_AM748571 336 (670.5)
denovo216 F3.4_AM748570 332 (674.5)
denovo216 F3.4b_AM748616 332 (674.5)
denovo216 G101_AJ291539 368 (548.0)
denovo216 G1_AM748597 368 (548.0)
denovo216 G2b_JN558087 368 (541.0)
denovo216 G2_AM748598 369 (534.0)
denovo216 G2a_AM748599 372 (525.5)
denovo216 G4_AM748601 354 (595.5)
denovo216 G3.4_LK392378 349 (538.0)
denovo216 G3_AM748600 360 (560.5)
denovo216 G3.2_KC597694 339 (502.5)
denovo216 G3.1_KC597688 354 (557.5)
denovo216 G100_AB253788 341 (547.5)
denovo216 G3.3_LK392377 343 (552.0)
denovo216 H6_AJ291520 649 (305.5)
denovo216 H3_AM748606 321 (527.0)
denovo216 H2_AM748605 332 (541.5)
denovo216 H4_AM748607 330 (539.5)
denovo216 H4a_AM748608 338 (532.0)
denovo216 H5a_AM748611 331 (523.0)
denovo216 H5b_AM748610 333 (518.5)
denovo216 H5_AJ621129 336 (520.0)
denovo216 H5_AM748609 336 (520.0)
denovo216 H100_AJ291513 335 (524.5)
denovo216 H1b_AM748604 335 (528.5)
denovo216 H1a_AM748612 335 (537.5)
denovo216 H1_AJ621152 335 (537.5)
denovo216 H1_AM748602 335 (537.5)
denovo216 I3_FN561561 331 (730.5)
denovo216 I4_FN561562 331 (730.5)
denovo216 I1_FN561559 334 (730.5)
denovo216 I2_FN561560 339 (735.5)

#---------------------------------------
#---------------------------------------
