denovo147 A136_DQ865210 327 (533.5)
denovo147 A133_DQ174725 359 (500.5)
denovo147 A115_AF180123 337 (502.0)
denovo147 A117_AF201746 338 (513.0)
denovo147 A134_DQ174723 340 (518.5)
denovo147 A114_AF184941 340 (518.5)
denovo147 A135_DQ174727 352 (518.0)
denovo147 A2_AF333506 342 (520.0)
denovo147 A101_AF427468 347 (512.0)
denovo147 A2_1_JN558097 347 (512.0)
denovo147 A2_2_JN558100 347 (512.0)
denovo147 A113_AF184948 335 (532.5)
denovo147 A112_AF184949 335 (505.5)
denovo147 A123_EF378618 349 (340.5)
denovo147 A137_EF378621 340 (340.5)
denovo147 A11_EU449041 343 (539.0)
denovo147 A121_DQ174722 340 (525.0)
denovo147 A15b_EU792886 345 (489.0)
denovo147 A15a_EU792885 345 (506.5)
denovo147 A15c_EU792887 345 (497.5)
denovo147 A15_EU792884 345 (498.0)
denovo147 A147_EU074937 343 (519.5)
denovo147 A154_EU074860 343 (519.5)
denovo147 A146_EU074936 344 (512.5)
denovo147 A150_EU074928 344 (521.5)
denovo147 A116_AF183575 344 (512.5)
denovo147 A141_EU074931 344 (521.5)
denovo147 A5_AF333508 338 (536.5)
denovo147 A3b_EU449043 343 (528.5)
denovo147 A151_EU074925 343 (518.5)
denovo147 A152_EU074927 346 (510.5)
denovo147 A149_EU074929 343 (519.5)
denovo147 A140_EU074930 343 (510.5)
denovo147 A142_EU074932 343 (510.5)
denovo147 A143_EU074933 346 (519.5)
denovo147 A144_EU074934 343 (510.5)
denovo147 A145_EU074935 346 (518.5)
denovo147 A148_EU074938 343 (510.5)
denovo147 A155_EU074856 343 (510.5)
denovo147 A156_EU074859 343 (510.5)
denovo147 A139_EU074962 343 (510.5)
denovo147 A6_AF186058 343 (519.5)
denovo147 A3_AF333507 343 (519.5)
denovo147 A3_JN558091 343 (519.5)
denovo147 A8_AY258468 345 (497.0)
denovo147 A7_AY239360 345 (506.5)
denovo147 A16_EU792888 345 (515.5)
denovo147 A4.3_FN429763 350 (500.0)
denovo147 A120_AF180122 345 (494.5)
denovo147 A4.2_FN429761 348 (491.0)
denovo147 A4_AF333509 348 (519.0)
denovo147 A4.1_FN429760 347 (514.0)
denovo147 A4a_AF499778 347 (517.0)
denovo147 A4a.1_FN429762 347 (517.0)
denovo147 A138_EF378620 340 (467.5)
denovo147 A122_EF378619 339 (504.5)
denovo147 A126_EF378615 338 (505.5)
denovo147 A10_EU792882 338 (505.5)
denovo147 A9_EU449028 341 (508.5)
denovo147 A105_AB207202 346 (521.5)
denovo147 A119_AF180121 343 (504.0)
denovo147 A12_EU792883 346 (513.5)
denovo147 A104_AB207203 340 (523.5)
denovo147 A1a_EU449030 347 (525.5)
denovo147 A1.3_HE578976 355 (512.0)
denovo147 A1.4_HE578977 346 (521.0)
denovo147 A13_AF333504 348 (517.0)
denovo147 A13_JN558094 348 (517.0)
denovo147 A110_AB190282 340 (510.5)
denovo147 A103_AB207206 349 (521.0)
denovo147 A130_EF656428 348 (518.0)
denovo147 A127_EF656429 348 (527.0)
denovo147 A128_EF656430 348 (509.0)
denovo147 A129_EF656431 349 (520.5)
denovo147 A131_EF656432 344 (514.5)
denovo147 A118_AF180120 345 (510.5)
denovo147 A1_AF333505 348 (518.0)
denovo147 A107_AB207199 347 (524.5)
denovo147 A111_AB190280 347 (524.5)
denovo147 A108_AB207197 354 (503.5)
denovo147 A106_AB207200 347 (524.0)
denovo147 A102_AB207209 347 (524.5)
denovo147 A1.2_AB207210 347 (524.5)
denovo147 A109_AB190285 347 (524.0)
denovo147 B4_AF333510 321 (1175.0)
denovo147 B23_EU449079 307 (1267.5)
denovo147 B30_GU907644 307 (1249.5)
denovo147 B11_AY239361 308 (1379.5)
denovo147 B17_AY258470 306 (1399.0)
denovo147 B1k_GU907638 308 (705.5)
denovo147 B1.V_Green2014 313 (1356.5)
denovo147 B1b_AF499780 306 (1330.5)
denovo147 B16_AY258469 306 (1408.0)
denovo147 B31a_GU907646 306 (1408.0)
denovo147 B32_GU907647 306 (1408.0)
denovo147 B31_GU907645 306 (1417.0)
denovo147 B1j_GU907637 306 (1408.0)
denovo147 B37_GU907650 308 (1406.5)
denovo147 B5a_AF499782 306 (1408.0)
denovo147 B5_AF499781 306 (1417.0)
denovo147 B24_GU907643 306 (1248.0)
denovo147 B117_AF180124 306 (1299.5)
denovo147 B10_AF499787 306 (1408.0)
denovo147 B20_GU907642 308 (1391.5)
denovo147 B1m_GU907640 306 (1417.0)
denovo147 B34_GU907649 306 (1417.0)
denovo147 B1d_GU907633 306 (1435.0)
denovo147 B1e_GU907634 306 (1417.0)
denovo147 B1i_GU907636 306 (1417.0)
denovo147 B1g_GU907635 307 (1398.0)
denovo147 B123_EU074872 306 (1408.0)
denovo147 B8_AF499785 307 (1407.0)
denovo147 B1l_GU907639 306 (1417.0)
denovo147 B1a_AF499779 306 (1417.0)
denovo147 B14_AY239362 307 (1407.0)
denovo147 B125_EU074865 306 (1417.0)
denovo147 B122_EU074871 306 (1417.0)
denovo147 B124_EU074874 306 (1417.0)
denovo147 B1.VII_Green2014 306 (1347.0)
denovo147 B1.III_Green2014 306 (1345.0)
denovo147 B1.I_Green2014 306 (1426.0)
denovo147 B1.II_Green2014 306 (1426.0)
denovo147 B1_JN558057 306 (1426.0)
denovo147 B1_AF333511 306 (1426.0)
denovo147 B1.IV_Green2014 316 (1411.5)
denovo147 B121_EU074870 306 (1417.0)
denovo147 B7_AF499784 306 (1417.0)
denovo147 B1.VI_Green2014 307 (1357.0)
denovo147 B3_AF333514 306 (1304.5)
denovo147 B9_AF499786 306 (1313.5)
denovo147 B19a_JN558055 310 (1198.5)
denovo147 B119_EU099825 315 (1239.0)
denovo147 B21_DQ865213 306 (1300.0)
denovo147 B38_GU907651 306 (1300.0)
denovo147 B18_AY258471 306 (1331.5)
denovo147 B18a_AY258472 306 (1322.5)
denovo147 B33_GU907648 306 (1322.5)
denovo147 B6_AF499783 311 (1328.0)
denovo147 B19_DQ865212 306 (1340.5)
denovo147 B19_GU907641 306 (1340.5)
denovo147 B2_AF333512 306 (1331.5)
denovo147 B2_JN558060 306 (1331.5)
denovo147 C33.1_AY258498 332 (692.5)
denovo147 C33.2_AY765400 332 (692.5)
denovo147 C33a_EF541147 332 (692.5)
denovo147 C34_AY258499 325 (690.5)
denovo147 C78_AY765413 328 (653.5)
denovo147 C15.29_KC597690 328 (635.5)
denovo147 C1131_DQ182650 329 (629.5)
denovo147 C1135_DQ182646 324 (624.5)
denovo147 C1134_DQ182647 324 (615.5)
denovo147 C1142_DQ182635 324 (624.5)
denovo147 C1136_DQ182644 322 (607.0)
denovo147 C1111_DQ182645 322 (616.5)
denovo147 C1236_EF473656 322 (607.5)
denovo147 C1138_DQ182642 318 (623.0)
denovo147 C1137_DQ182643 322 (607.5)
denovo147 C1133_DQ182648 322 (607.5)
denovo147 C1132_DQ182649 326 (610.0)
denovo147 C1143_DQ182634 322 (616.5)
denovo147 C1139_DQ182639 324 (624.5)
denovo147 C15.28_KC597687 321 (688.5)
denovo147 C1141_DQ182636 324 (633.5)
denovo147 C1144_DQ182637 321 (642.5)
denovo147 C1122_DQ182654 324 (651.5)
denovo147 C1127_DQ182652 324 (651.5)
denovo147 C15.30_JX394114 329 (675.0)
denovo147 C15.26_KC597686 325 (672.0)
denovo147 C1086_DQ182656 326 (675.5)
denovo147 C15.25_KC597685 326 (684.5)
denovo147 C1118_AF180127 330 (638.0)
denovo147 C1129_DQ182651 326 (620.5)
denovo147 C15.21_KC597683 325 (654.0)
denovo147 C56_AY589760 323 (666.5)
denovo147 C1140_DQ182638 323 (638.5)
denovo147 C1126_DQ182653 323 (629.5)
denovo147 C15c_AY258492 323 (693.5)
denovo147 C15d_AY258493 322 (700.0)
denovo147 C1098_DQ182641 324 (685.5)
denovo147 C15.27_KC597689 326 (675.5)
denovo147 C15.18_HE579024 325 (672.5)
denovo147 C15.16_HE579022 331 (699.0)
denovo147 C1101_AB253787 326 (666.5)
denovo147 C1083_AY237300 326 (675.5)
denovo147 C1088_DQ182640 326 (674.0)
denovo147 C15.6_FN563472 326 (675.5)
denovo147 C15.5_FJ461512 328 (672.0)
denovo147 C15.4_FJ461511 328 (681.0)
denovo147 C15.13_HE579019 326 (666.5)
denovo147 C15.12_HE579018 326 (675.5)
denovo147 C93a_AM748563 323 (702.5)
denovo147 C1094_AJ291514 323 (684.5)
denovo147 C93_AM748562 323 (693.5)
denovo147 C15.17_HE579023 322 (667.0)
denovo147 C15e_AY589742 328 (684.0)
denovo147 C15.22_KC597695 326 (675.5)
denovo147 C60_AY589764 326 (675.5)
denovo147 C15.1_FJ461508 326 (675.5)
denovo147 C15.2_FJ461509 326 (675.5)
denovo147 C15.9_FN563475 326 (693.0)
denovo147 C15.7_HE579015 325 (690.0)
denovo147 C15.8_HE579016 326 (675.5)
denovo147 C15.15_HE579021 326 (675.5)
denovo147 C15.19_HE579025 326 (684.5)
denovo147 C15.24_KC597696 326 (666.5)
denovo147 C15.3_FJ461510 328 (681.0)
denovo147 C1087_DQ182655 326 (684.5)
denovo147 C15.14_HE579020 327 (675.0)
denovo147 C15.23_KC597697 327 (675.0)
denovo147 C19_AY258479 325 (694.0)
denovo147 C1233_EU118166 326 (675.5)
denovo147 C15b_AY258491 326 (675.5)
denovo147 C15a_AY258476 328 (690.0)
denovo147 C1051_AF195153 326 (693.5)
denovo147 C2_AF333518 327 (692.5)
denovo147 C15.20_HE579026 327 (684.0)
denovo147 C15f_AY589743 323 (681.0)
denovo147 C55_AY589759 331 (684.5)
denovo147 C15_AY239369 326 (684.5)
denovo147 C32.1_JF683335 325 (642.0)
denovo147 C32.2_JF683336 325 (642.0)
denovo147 C21.23_KC597693 325 (642.0)
denovo147 C1193_EU099827 337 (667.0)
denovo147 C1195_EU099821 334 (652.0)
denovo147 C3q_GU907655 336 (660.5)
denovo147 C53_AY589758 335 (656.0)
denovo147 C73_AY765408 335 (663.5)
denovo147 C17.2.1_KC597684 329 (634.0)
denovo147 C32_AY258497 329 (652.0)
denovo147 C1189_EU099831 328 (651.0)
denovo147 C1191_EU099833 327 (657.5)
denovo147 C1196_EU099819 328 (633.0)
denovo147 C1192_EU099820 328 (633.0)
denovo147 C17.1_JF683322 328 (651.0)
denovo147 C26_b2_FN827164 333 (653.0)
denovo147 C26_b3_FN827165 329 (632.5)
denovo147 C31.9_HQ630879 330 (637.5)
denovo147 C31a_AY589746 330 (634.0)
denovo147 C30_AY589745 330 (634.0)
denovo147 C31.1_HQ630876 334 (635.5)
denovo147 C31.5_HQ630877 328 (646.0)
denovo147 C31.6_HQ630878 330 (643.0)
denovo147 C31.2_JF683332 330 (643.0)
denovo147 C31.3_JF683333 330 (634.0)
denovo147 C26/C35a_AY239378 329 (641.5)
denovo147 C35a_AY258501 329 (641.5)
denovo147 C35.2_AY258500 329 (650.5)
denovo147 C26_b1_FN827163 329 (650.5)
denovo147 C17_AY239370 328 (651.0)
denovo147 C17.2_FJ461513 330 (650.0)
denovo147 C31.10_HQ630880 330 (646.5)
denovo147 C31.4_JF683334 334 (631.5)
denovo147 C31_AY258496 330 (643.0)
denovo147 C25_AY239377 326 (686.5)
denovo147 C61_AY589765 326 (641.0)
denovo147 C1043_DQ072721 328 (640.0)
denovo147 C79_AY765414 331 (661.5)
denovo147 C69_AY589773 318 (659.5)
denovo147 C69a_AY686648 318 (650.5)
denovo147 C21.22_KC597692 332 (634.0)
denovo147 C51_AY589756 327 (660.5)
denovo147 C1aa_HM185739 332 (676.0)
denovo147 C1096_DQ068023 326 (663.0)
denovo147 C74_AY765409 334 (693.5)
denovo147 C1185_AB294629 336 (690.0)
denovo147 C1184_AB294630 336 (690.0)
denovo147 C1153_AB294625 336 (690.0)
denovo147 C1154_AB294626 335 (705.5)
denovo147 C1187_AB294627 336 (690.0)
denovo147 C1186_AB294628 336 (690.0)
denovo147 C57_AY589761 336 (699.0)
denovo147 C66_AY589771 336 (699.0)
denovo147 C5_AF499795 326 (675.5)
denovo147 C1167_AB294586 326 (675.5)
denovo147 C1164_AB294593 326 (675.5)
denovo147 C1183_AB294631 326 (693.5)
denovo147 C1067_DQ335381 328 (672.0)
denovo147 C1159_AB294613 325 (678.0)
denovo147 C1150_AB294622 325 (687.0)
denovo147 C90_AM748554 327 (698.5)
denovo147 C1168_AB294583 326 (684.5)
denovo147 C1156_AB294616 326 (693.5)
denovo147 C1151_AB294621 326 (702.5)
denovo147 C92a_AM748561 326 (702.5)
denovo147 C92_AM748560 326 (693.5)
denovo147 C1165_AB294581 326 (684.5)
denovo147 C1166_AB294584 326 (702.5)
denovo147 C1162_AB294594 326 (684.5)
denovo147 C1163_AB294596 323 (694.0)
denovo147 C1161_AB294606 326 (693.5)
denovo147 C1160_AB294608 330 (686.0)
denovo147 C1158_AB294614 326 (702.5)
denovo147 C1155_AB294617 326 (684.5)
denovo147 C1149_AB294620 326 (693.5)
denovo147 C1173_AB294662 326 (702.5)
denovo147 C1171_AB294663 326 (684.5)
denovo147 C1172_AB294665 326 (684.5)
denovo147 C91a_AM748556 326 (702.5)
denovo147 C91b_AM748557 326 (693.5)
denovo147 C91d_AM748559 325 (691.0)
denovo147 C91c_AM748558 325 (691.0)
denovo147 C91_AJ621543 326 (693.5)
denovo147 C91_AM748555 326 (693.5)
denovo147 C1023_DQ335330 317 (645.5)
denovo147 C1020_DQ335392 332 (674.5)
denovo147 C1018_DQ335408 328 (681.0)
denovo147 C1074_DQ335329 328 (672.0)
denovo147 C1030_DQ335353 328 (672.0)
denovo147 C1022_DQ335331 328 (672.0)
denovo147 C1027_DQ335360 328 (690.0)
denovo147 C1072_DQ335344 328 (672.0)
denovo147 C1039_AB190274 328 (681.0)
denovo147 C1033_DQ335350 333 (669.0)
denovo147 C1019_DQ335407 328 (681.0)
denovo147 C1194_EU099826 328 (666.0)
denovo147 C8b_AY258475 328 (656.0)
denovo147 C8_AY239367 331 (671.0)
denovo147 C8a_AY239368 333 (667.0)
denovo147 C54a_AY765406 328 (681.0)
denovo147 C3ff_HM185740 328 (690.0)
denovo147 C59_AY589763 332 (666.5)
denovo147 C3k_AY589737 326 (684.0)
denovo147 C3.24_HE579012 325 (690.5)
denovo147 C3.23_HE579011 326 (684.0)
denovo147 C35.1_AY765401 336 (685.5)
denovo147 C35.3_EF541145 329 (683.5)
denovo147 C76_AY765411 328 (669.0)
denovo147 C1107_DQ335359 326 (660.5)
denovo147 C3.22_HE579010 331 (655.0)
denovo147 C77_AY765412 328 (668.5)
denovo147 C20_AY239371 328 (680.5)
denovo147 C1055_DQ480640 326 (671.5)
denovo147 C27/C30_AY239379 325 (647.0)
denovo147 C27.1_FJ461517 325 (638.0)
denovo147 C40a_AY589747 333 (684.0)
denovo147 C40_AY258485 333 (684.0)
denovo147 C40b_AY589748 335 (678.0)
denovo147 C16_AY258477 331 (680.5)
denovo147 C16a_AY765399 331 (680.5)
denovo147 C1091_AB207186 325 (681.5)
denovo147 C1102_DQ335400 325 (663.5)
denovo147 C1069_DQ335375 328 (681.0)
denovo147 C1073_DQ335332 329 (675.0)
denovo147 C1066_DQ335382 326 (666.5)
denovo147 C1031_DQ335352 330 (687.0)
denovo147 C1026_DQ335366 333 (686.5)
denovo147 C70_AY589774 325 (690.5)
denovo147 C1082_AB190267 325 (672.5)
denovo147 C1078_AB190271 325 (690.0)
denovo147 C1090_AB207191 325 (681.5)
denovo147 C1071_DQ335302 325 (681.5)
denovo147 C1075_DQ335328 325 (681.5)
denovo147 C1068_DQ335379 325 (672.5)
denovo147 C1064_DQ335395 325 (672.5)
denovo147 C1063_DQ335403 325 (690.5)
denovo147 C62_AY589766 325 (681.5)
denovo147 C1077_DQ335316 325 (695.5)
denovo147 C1109_DQ335338 325 (672.5)
denovo147 C1110_DQ335340 325 (663.5)
denovo147 C1106_DQ335339 325 (663.5)
denovo147 C1112_DQ335319 325 (672.5)
denovo147 C1108_DQ335351 325 (663.5)
denovo147 C1105_DQ335394 325 (672.5)
denovo147 C1121_DQ335378 332 (665.5)
denovo147 C1116_AB190268 332 (674.5)
denovo147 C1115_AB190273 332 (674.5)
denovo147 C1124_DQ335323 325 (654.5)
denovo147 C1120_DQ335398 325 (654.5)
denovo147 C1119_DQ335404 325 (663.5)
denovo147 C1123_DQ335363 325 (663.5)
denovo147 C1004_DQ480635 328 (680.5)
denovo147 C1061_AY186568 328 (671.5)
denovo147 C1053_AY186569 328 (680.5)
denovo147 C1003_DQ480639 328 (680.5)
denovo147 C81_GU907657 319 (652.5)
denovo147 C22_AY239373 323 (683.0)
denovo147 C22a_AY239374 326 (674.5)
denovo147 C1232_EU118163 331 (679.5)
denovo147 C21.13_FJ461515 327 (639.5)
denovo147 C21.1_JF683323 326 (645.5)
denovo147 C21.3_JF683325 328 (660.0)
denovo147 C1.20_HE578993 328 (672.0)
denovo147 C1.22_HE578995 328 (663.0)
denovo147 C52_AY589757 324 (673.0)
denovo147 C1201_EU099793 329 (653.5)
denovo147 C14_AY589741 328 (674.5)
denovo147 C43_AY589749 328 (680.5)
denovo147 C50_AY589755 328 (681.0)
denovo147 C3.14_HQ630872 327 (686.5)
denovo147 C1m_AY765398 325 (681.5)
denovo147 C82_GU907658 336 (686.0)
denovo147 C82b_GU907660 336 (686.0)
denovo147 C64_AY589768 325 (689.5)
denovo147 C45a_AY765404 331 (689.0)
denovo147 C48_AY589753 328 (701.5)
denovo147 C1_v1b_FJ919244 328 (672.0)
denovo147 C1_v1a_FJ919243 328 (681.0)
denovo147 C3j_AY239366 328 (672.0)
denovo147 C3t_EF541149 331 (689.0)
denovo147 C9_AF499798 330 (695.0)
denovo147 C23_AY239375 329 (702.0)
denovo147 C37_AY258481 333 (677.5)
denovo147 C1048_DQ068026 331 (680.0)
denovo147 C21.4_JF683326 328 (651.0)
denovo147 C21.5_JF683327 328 (651.0)
denovo147 C1070_DQ335349 328 (690.0)
denovo147 C21.6_HQ630873 328 (669.0)
denovo147 C1224_EU074890 328 (699.0)
denovo147 C1.17_HE578990 328 (699.0)
denovo147 C21_b1_FN827162 330 (647.0)
denovo147 C21.9_JF683330 330 (656.0)
denovo147 C1085_AY624605 325 (681.5)
denovo147 C3p_GU907654 328 (666.0)
denovo147 C3f_AY589734 328 (690.0)
denovo147 C65a_AY589770 326 (684.0)
denovo147 C65_AY589769 326 (693.0)
denovo147 C71_AY589775 326 (684.0)
denovo147 C71a_AY589776 326 (675.0)
denovo147 C1178_AB294647 327 (672.5)
denovo147 C1225_EU074893 325 (699.5)
denovo147 C75_AY765410 328 (690.0)
denovo147 C21.10_JF683331 328 (659.5)
denovo147 C21.11_HQ630874 328 (659.5)
denovo147 C1065_DQ335388 328 (690.0)
denovo147 C1045_DQ068036 328 (699.0)
denovo147 C1h_AY258473 327 (686.5)
denovo147 C38_AY258482 327 (677.5)
denovo147 C1202_EU099799 327 (677.5)
denovo147 C7_AF499797 327 (686.5)
denovo147 C12_AF499801 329 (676.0)
denovo147 C38a_AY258483 326 (689.0)
denovo147 C1200_EU099800 315 (686.0)
denovo147 C44a_AY589751 328 (689.5)
denovo147 C47_AY589752 331 (698.0)
denovo147 C44_AY589750 331 (689.0)
denovo147 C1.15_HE578988 328 (681.0)
denovo147 C45.3_FJ461522 331 (680.0)
denovo147 C46a_AY765405 331 (680.0)
denovo147 C46_EU449108 331 (689.0)
denovo147 C3.12_FJ461507 331 (689.0)
denovo147 C1k_AY589733 331 (680.0)
denovo147 C67_AY686647 331 (689.0)
denovo147 C82a_GU907659 328 (689.5)
denovo147 C10a_AY589739 331 (689.0)
denovo147 C10_AF499799 331 (680.0)
denovo147 C13_AY589740 333 (683.0)
denovo147 C4_AF499794 331 (680.0)
denovo147 C1147_EF656433 331 (680.0)
denovo147 C1c/C45_AY239364 331 (689.0)
denovo147 C1c/C45_EU449103 331 (689.0)
denovo147 C21.19_HE579031 328 (660.0)
denovo147 C21.21_HE579033 328 (651.0)
denovo147 C21.20_HE579032 328 (660.0)
denovo147 C42b_AY765403 332 (674.0)
denovo147 C42_AY258487 332 (683.0)
denovo147 C1p_GU907652 328 (681.0)
denovo147 C1d_AY258488 331 (671.0)
denovo147 C42_AY765402 331 (680.0)
denovo147 C3ha_AY589736 328 (651.0)
denovo147 C63a_AY589767 330 (668.0)
denovo147 C21a_AY589744 328 (660.0)
denovo147 C3o_GU907653 328 (659.5)
denovo147 C21.16_HQ630875 328 (651.0)
denovo147 C21.2_JF683324 328 (651.0)
denovo147 C21.7_JF683328 327 (657.5)
denovo147 C21.8_JF683329 328 (660.0)
denovo147 C3h_AY239365 328 (651.0)
denovo147 C1203_EU099798 328 (651.0)
denovo147 C3.10_FJ461505 328 (699.0)
denovo147 C21.14_FJ461516 328 (669.0)
denovo147 C21.18_HE579030 326 (651.0)
denovo147 C3.17_HE579005 328 (681.0)
denovo147 C3.9_FJ461504 328 (678.0)
denovo147 C3.8_FJ461503 328 (690.0)
denovo147 C3.7_FJ461502 328 (681.0)
denovo147 C3.11_FJ461506 335 (692.5)
denovo147 C3.18_HE579006 328 (681.0)
denovo147 C3.19_HE579007 328 (681.0)
denovo147 C3.20_HE579008 328 (681.0)
denovo147 C3g_AY589735 331 (673.0)
denovo147 C3a_AF499790 326 (693.5)
denovo147 C3e_AF499793 328 (681.0)
denovo147 C6_AF499796 335 (701.0)
denovo147 C11_AF499800 328 (681.0)
denovo147 C36_AY258480 328 (699.0)
denovo147 C29_AY258494 328 (699.0)
denovo147 C1146_EF656434 329 (693.0)
denovo147 C1190_EU099841 328 (699.0)
denovo147 C131_JF320826 328 (681.0)
denovo147 C28_AY239380 336 (697.0)
denovo147 C1012_DQ480604 328 (681.0)
denovo147 C1181_AB294640 328 (666.0)
denovo147 C1180_AB294641 328 (684.0)
denovo147 C1179_AB294645 326 (669.5)
denovo147 C1176_AB294651 326 (678.5)
denovo147 C1175_AB294653 328 (666.0)
denovo147 C1174_AB294655 330 (671.5)
denovo147 C1177_AB294659 328 (675.0)
denovo147 C1040_AB190269 330 (686.5)
denovo147 C1182_AB294649 328 (681.0)
denovo147 C1089_AJ278598 328 (681.0)
denovo147 C1028_DQ335357 335 (692.0)
denovo147 C3.16_EU786015 328 (699.0)
denovo147 C1097_AJ311943 327 (674.5)
denovo147 C1170_AB294661 328 (675.0)
denovo147 C21.17_HE579029 328 (671.0)
denovo147 C21/3d/C3k_AY239372 328 (660.0)
denovo147 C58_AY589762 329 (659.5)
denovo147 C3L_AY589738 331 (685.5)
denovo147 C1169_AB294660 328 (675.0)
denovo147 C3.2_FJ461497 328 (684.0)
denovo147 C3.1_JF683321 325 (685.0)
denovo147 C1104_AF427469 329 (680.0)
denovo147 C3b_AF499791 328 (693.0)
denovo147 C83_GU907661 328 (692.5)
denovo147 C49_AY589754 360 (704.5)
denovo147 C3_AB778606 328 (690.0)
denovo147 C3_AF499789 328 (690.0)
denovo147 C3_HE579001 328 (690.0)
denovo147 C21.12_FJ461514 328 (642.0)
denovo147 C1229_EU074888 325 (676.5)
denovo147 C1230_EU074889 325 (685.5)
denovo147 C1114_AB207196 328 (672.0)
denovo147 C3.21_HE579009 328 (612.0)
denovo147 C1057_DQ480619 328 (681.0)
denovo147 C72_AY765407 325 (680.5)
denovo147 C1b.3_HE578999 328 (675.0)
denovo147 C93_AJ621536 328 (681.0)
denovo147 C94_AJ621539 328 (681.0)
denovo147 C1g_AY589730 328 (699.0)
denovo147 C1i_AY589731 322 (682.0)
denovo147 C1j_AY589732 335 (692.0)
denovo147 C1005_DQ480633 328 (681.0)
denovo147 C1.7_FJ461494 328 (681.0)
denovo147 C1.11_HE578984 328 (681.0)
denovo147 C1.12_HE578985 328 (681.0)
denovo147 C1.13_HE578986 328 (690.0)
denovo147 C1.14_HE578987 328 (690.0)
denovo147 C1.18_HE578991 328 (681.0)
denovo147 C1.19_HE578992 328 (681.0)
denovo147 C1199_EU099802 325 (666.5)
denovo147 C1188_EU099838 325 (681.5)
denovo147 C1002_DQ838544 328 (690.0)
denovo147 C1198_EU099810 328 (681.0)
denovo147 C24_AY239376 328 (681.0)
denovo147 C1f_AY258490 328 (690.0)
denovo147 C1006_DQ480629 328 (699.0)
denovo147 C1010_DQ480607 328 (681.0)
denovo147 C1007_DQ480624 328 (681.0)
denovo147 C1011_DQ480605 328 (681.0)
denovo147 C1009_DQ480608 332 (683.0)
denovo147 C1041_AY186548 328 (690.0)
denovo147 C1052_AY186570 328 (681.0)
denovo147 C1148_EU040178 328 (690.0)
denovo147 C1234_EU118165 329 (680.0)
denovo147 C1.5_EF634157 328 (690.0)
denovo147 C1059_DQ480609 328 (681.0)
denovo147 C1228_EU074883 328 (681.0)
denovo147 C1208_EU074963 328 (681.0)
denovo147 C1207_EU074964 328 (690.0)
denovo147 C1206_EU074965 328 (681.0)
denovo147 C1013_DQ480642 328 (681.0)
denovo147 C80_GU907656 335 (675.5)
denovo147 C1a_AF499788 325 (681.5)
denovo147 C41_AY258486 328 (690.0)
denovo147 C39_AY258484 313 (685.5)
denovo147 C1231_EU074878 328 (681.0)
denovo147 C1b.1_HE578997 328 (675.0)
denovo147 C18_AY258478 328 (690.0)
denovo147 C1.10_HE578983 327 (684.5)
denovo147 C1_JN558041 328 (690.0)
denovo147 C1_HE578979 328 (690.0)
denovo147 C1_AM748551 328 (690.0)
denovo147 C1_AF333515 328 (690.0)
denovo147 C1054_AY186565 327 (693.5)
denovo147 C1008_DQ480613 328 (681.0)
denovo147 C1103_AF427470 329 (680.0)
denovo147 C1226_EU074881 329 (680.0)
denovo147 C1b/C1e_AY239363 328 (684.0)
denovo147 C1044_DQ068038 328 (675.0)
denovo147 C1017_DQ174729 329 (674.0)
denovo147 C1.6_FJ461493 328 (699.0)
denovo147 C1b.2_HE578998 328 (675.0)
denovo147 C1060_DQ480600 328 (681.0)
denovo147 C1227_EU074882 328 (681.0)
denovo147 C1197_EU099814 328 (681.0)
denovo147 C1130_DQ480643 328 (575.5)
denovo147 D109_AB097465 355 (496.5)
denovo147 D1.11_HE579040 352 (506.0)
denovo147 D105_AF174570 353 (500.5)
denovo147 D104_AF174572 352 (497.0)
denovo147 D1.3_JF683337 353 (499.5)
denovo147 D1.10_HE579039 362 (499.0)
denovo147 D110_AF174561 362 (499.0)
denovo147 D117_AF174542 352 (497.0)
denovo147 D114_AF174549 352 (506.0)
denovo147 D113_AF174557 352 (497.0)
denovo147 D112_AF174558 354 (503.5)
denovo147 D106_AF174559 352 (506.0)
denovo147 D111_AF174560 352 (505.5)
denovo147 D115_AF174562 352 (497.0)
denovo147 D107_AF174568 351 (503.5)
denovo147 D116_AF174571 352 (488.0)
denovo147 D124_EU074897 356 (509.0)
denovo147 D1.8_HE579037 354 (503.5)
denovo147 D3_AY686650 352 (506.0)
denovo147 D1.6_HQ630881 352 (497.0)
denovo147 D120_EU074900 352 (497.0)
denovo147 D121_EU074904 352 (497.0)
denovo147 D122_EU074905 352 (497.0)
denovo147 D1a.2_JF683339 358 (499.0)
denovo147 D1a.1_JF683338 356 (509.0)
denovo147 D2_AY686649 590 (569.0)
denovo147 D4_DQ865214 355 (503.0)
denovo147 D1a_AF499802 352 (506.0)
denovo147 D1a_JN558078 352 (506.0)
denovo147 D123_EU074895 355 (505.5)
denovo147 D108_AF174567 352 (515.0)
denovo147 D103_AF174575 357 (502.5)
denovo147 D100_AF411415 356 (500.5)
denovo147 D118_EF656435 350 (509.5)
denovo147 D101_AF411416 356 (485.5)
denovo147 D119_EU099832 351 (496.5)
denovo147 D102_AF174573 352 (509.0)
denovo147 D1_AF334660 352 (506.0)
denovo147 D1_JN558076 352 (506.0)
denovo147 D1.12_HE579041 344 (502.0)
denovo147 D1.1_AM748564 420 (515.0)
denovo147 D1.2_AM748617 439 (515.0)
denovo147 E111_EU074915 348 (477.0)
denovo147 E110_EU074914 364 (482.5)
denovo147 E114_EU074909 364 (464.5)
denovo147 E1_AF334659 365 (472.5)
denovo147 E105_EU074921 364 (482.5)
denovo147 E112_EU074916 364 (464.5)
denovo147 E104_EU074922 364 (473.5)
denovo147 E102_EU074924 364 (464.5)
denovo147 E103_EU074923 364 (473.5)
denovo147 E101_AY160123 369 (448.5)
denovo147 E109_EU074913 354 (489.0)
denovo147 E100_DQ011618 356 (493.0)
denovo147 E108_EU074912 360 (487.0)
denovo147 E113_EU074908 356 (497.0)
denovo147 E107_EU074910 360 (487.0)
denovo147 F1_JN558066 331 (644.0)
denovo147 F5.2d_AJ291530 329 (675.0)
denovo147 F104_AJ291531 329 (675.0)
denovo147 F5.2c_AM748596 329 (666.5)
denovo147 F5.2_AM748594 329 (666.0)
denovo147 F5.2a_AM748614 329 (666.0)
denovo147 F5.2b_AM748595 329 (666.0)
denovo147 F5.2e_AJ291533 330 (651.5)
denovo147 F5.2g_JN558072 329 (674.5)
denovo147 F5.2f_AJ291512 329 (665.5)
denovo147 F102_AJ291534 329 (665.5)
denovo147 F5.1c_AM748593 331 (689.5)
denovo147 F5.1d_JN558069 334 (652.0)
denovo147 F5.1b_AJ291535 330 (678.0)
denovo147 F5.1_AM748592 332 (674.5)
denovo147 F5.1a_AM748591 330 (678.0)
denovo147 F110_AJ291526 322 (752.0)
denovo147 F4.7_AM748587 324 (734.5)
denovo147 F4.5_AM748585 323 (727.5)
denovo147 F4.4a_AM748583 319 (753.0)
denovo147 F4.4_AM748582 324 (755.5)
denovo147 F4.4b_AM748584 317 (763.0)
denovo147 F4.1a_AM748573 326 (689.5)
denovo147 F112_AJ291528 323 (701.5)
denovo147 F4.1_AM748572 323 (701.5)
denovo147 F4.8b_AM748590 316 (751.0)
denovo147 F4.8_AM748588 316 (751.5)
denovo147 F4.8a_AM748589 316 (751.5)
denovo147 F109_AJ291527 320 (750.0)
denovo147 F4.6_AM748586 323 (710.0)
denovo147 F111_AJ311949 316 (748.5)
denovo147 F4.3c_AM748581 314 (751.5)
denovo147 F4.3a_AM748579 316 (758.5)
denovo147 F4.3b_AM748580 317 (742.5)
denovo147 F4.3_AM748578 317 (751.5)
denovo147 F4.2_AM748574 323 (764.0)
denovo147 F4.2a_AM748575 323 (740.5)
denovo147 F4.2c_AM748577 323 (737.0)
denovo147 F4.2b_AM748576 323 (749.5)
denovo147 F2b_AJ291521 332 (689.5)
denovo147 F2_AJ830908 328 (714.5)
denovo147 F2a_AJ830911 328 (710.0)
denovo147 F3.1a_AM748566 341 (682.0)
denovo147 F114_AJ291525 341 (691.5)
denovo147 F3.1_AM748565 341 (691.5)
denovo147 F3.2_AM748567 348 (711.5)
denovo147 F3.2a_AM748568 337 (706.5)
denovo147 F3.3_AM748569 341 (696.5)
denovo147 F3.4a_AM748571 339 (645.5)
denovo147 F3.4_AM748570 335 (651.5)
denovo147 F3.4b_AM748616 335 (651.5)
denovo147 G101_AJ291539 364 (530.5)
denovo147 G1_AM748597 364 (530.5)
denovo147 G2b_JN558087 372 (520.5)
denovo147 G2_AM748598 373 (523.0)
denovo147 G2a_AM748599 373 (514.0)
denovo147 G4_AM748601 356 (561.0)
denovo147 G3.4_LK392378 357 (511.0)
denovo147 G3_AM748600 359 (533.5)
denovo147 G3.2_KC597694 338 (476.5)
denovo147 G3.1_KC597688 357 (534.0)
denovo147 G100_AB253788 344 (524.0)
denovo147 G3.3_LK392377 348 (527.0)
denovo147 H6_AJ291520 650 (323.5)
denovo147 H3_AM748606 328 (552.0)
denovo147 H2_AM748605 336 (575.0)
denovo147 H4_AM748607 332 (566.0)
denovo147 H4a_AM748608 342 (564.5)
denovo147 H5a_AM748611 340 (545.0)
denovo147 H5b_AM748610 343 (543.5)
denovo147 H5_AJ621129 340 (545.0)
denovo147 H5_AM748609 340 (545.0)
denovo147 H100_AJ291513 340 (534.5)
denovo147 H1b_AM748604 340 (529.5)
denovo147 H1a_AM748612 340 (538.5)
denovo147 H1_AJ621152 340 (538.5)
denovo147 H1_AM748602 340 (538.5)
denovo147 I3_FN561561 337 (734.5)
denovo147 I4_FN561562 337 (734.5)
denovo147 I1_FN561559 336 (731.0)
denovo147 I2_FN561560 343 (732.5)

#---------------------------------------
#---------------------------------------
