denovo269 A136_DQ865210 329 (502.5)
denovo269 A133_DQ174725 364 (461.5)
denovo269 A115_AF180123 346 (457.0)
denovo269 A117_AF201746 341 (484.0)
denovo269 A134_DQ174723 341 (484.0)
denovo269 A114_AF184941 341 (484.0)
denovo269 A135_DQ174727 356 (485.0)
denovo269 A2_AF333506 351 (484.0)
denovo269 A101_AF427468 356 (476.0)
denovo269 A2_1_JN558097 356 (476.0)
denovo269 A2_2_JN558100 356 (476.0)
denovo269 A113_AF184948 335 (496.5)
denovo269 A112_AF184949 335 (469.5)
denovo269 A123_EF378618 347 (298.5)
denovo269 A137_EF378621 348 (319.5)
denovo269 A11_EU449041 350 (487.0)
denovo269 A121_DQ174722 343 (480.0)
denovo269 A15b_EU792886 348 (461.5)
denovo269 A15a_EU792885 348 (461.5)
denovo269 A15c_EU792887 348 (452.0)
denovo269 A15_EU792884 348 (452.5)
denovo269 A147_EU074937 346 (474.5)
denovo269 A154_EU074860 346 (492.5)
denovo269 A146_EU074936 348 (470.0)
denovo269 A150_EU074928 348 (479.0)
denovo269 A116_AF183575 356 (474.0)
denovo269 A141_EU074931 348 (479.0)
denovo269 A5_AF333508 341 (491.5)
denovo269 A3b_EU449043 346 (483.5)
denovo269 A151_EU074925 346 (473.5)
denovo269 A152_EU074927 346 (474.5)
denovo269 A149_EU074929 346 (474.5)
denovo269 A140_EU074930 346 (465.5)
denovo269 A142_EU074932 346 (465.5)
denovo269 A143_EU074933 349 (474.5)
denovo269 A144_EU074934 346 (465.5)
denovo269 A145_EU074935 346 (474.0)
denovo269 A148_EU074938 345 (468.5)
denovo269 A155_EU074856 346 (465.5)
denovo269 A156_EU074859 346 (465.5)
denovo269 A139_EU074962 346 (465.5)
denovo269 A6_AF186058 346 (474.5)
denovo269 A3_AF333507 346 (474.5)
denovo269 A3_JN558091 346 (474.5)
denovo269 A8_AY258468 348 (452.0)
denovo269 A7_AY239360 348 (461.5)
denovo269 A16_EU792888 348 (470.5)
denovo269 A4.3_FN429763 351 (458.0)
denovo269 A120_AF180122 339 (451.0)
denovo269 A4.2_FN429761 349 (449.0)
denovo269 A4_AF333509 349 (477.0)
denovo269 A4.1_FN429760 348 (472.0)
denovo269 A4a_AF499778 348 (484.0)
denovo269 A4a.1_FN429762 348 (484.0)
denovo269 A138_EF378620 349 (423.0)
denovo269 A122_EF378619 347 (457.0)
denovo269 A126_EF378615 346 (458.0)
denovo269 A10_EU792882 346 (458.0)
denovo269 A9_EU449028 344 (463.5)
denovo269 A105_AB207202 346 (477.0)
denovo269 A119_AF180121 340 (459.0)
denovo269 A12_EU792883 349 (468.5)
denovo269 A104_AB207203 343 (478.5)
denovo269 A1a_EU449030 347 (480.5)
denovo269 A1.3_HE578976 349 (468.0)
denovo269 A1.4_HE578977 349 (477.0)
denovo269 A13_AF333504 349 (476.0)
denovo269 A13_JN558094 349 (476.0)
denovo269 A110_AB190282 351 (464.0)
denovo269 A103_AB207206 351 (474.0)
denovo269 A130_EF656428 351 (473.0)
denovo269 A127_EF656429 351 (482.0)
denovo269 A128_EF656430 351 (464.0)
denovo269 A129_EF656431 352 (475.5)
denovo269 A131_EF656432 349 (477.0)
denovo269 A118_AF180120 349 (469.0)
denovo269 A1_AF333505 351 (473.0)
denovo269 A107_AB207199 350 (479.5)
denovo269 A111_AB190280 350 (479.5)
denovo269 A108_AB207197 357 (458.5)
denovo269 A106_AB207200 350 (479.0)
denovo269 A102_AB207209 350 (479.5)
denovo269 A1.2_AB207210 350 (479.5)
denovo269 A109_AB190285 350 (479.0)
denovo269 B4_AF333510 321 (1112.5)
denovo269 B23_EU449079 307 (1258.5)
denovo269 B30_GU907644 307 (1240.5)
denovo269 B11_AY239361 308 (1334.5)
denovo269 B17_AY258470 306 (1354.0)
denovo269 B1k_GU907638 308 (696.5)
denovo269 B1.V_Green2014 313 (1311.5)
denovo269 B1b_AF499780 306 (1285.5)
denovo269 B16_AY258469 306 (1363.0)
denovo269 B31a_GU907646 306 (1363.0)
denovo269 B32_GU907647 306 (1363.0)
denovo269 B31_GU907645 306 (1372.0)
denovo269 B1j_GU907637 306 (1363.0)
denovo269 B37_GU907650 308 (1361.5)
denovo269 B5a_AF499782 306 (1363.0)
denovo269 B5_AF499781 306 (1372.0)
denovo269 B24_GU907643 306 (1221.0)
denovo269 B117_AF180124 306 (1263.5)
denovo269 B10_AF499787 306 (1363.0)
denovo269 B20_GU907642 308 (1346.5)
denovo269 B1m_GU907640 306 (1372.0)
denovo269 B34_GU907649 306 (1372.0)
denovo269 B1d_GU907633 306 (1372.0)
denovo269 B1e_GU907634 306 (1372.0)
denovo269 B1i_GU907636 306 (1372.0)
denovo269 B1g_GU907635 307 (1353.0)
denovo269 B123_EU074872 306 (1363.0)
denovo269 B8_AF499785 307 (1362.0)
denovo269 B1l_GU907639 306 (1372.0)
denovo269 B1a_AF499779 306 (1372.0)
denovo269 B14_AY239362 307 (1362.0)
denovo269 B125_EU074865 306 (1372.0)
denovo269 B122_EU074871 306 (1372.0)
denovo269 B124_EU074874 306 (1372.0)
denovo269 B1.VII_Green2014 306 (1311.0)
denovo269 B1.III_Green2014 306 (1300.0)
denovo269 B1.I_Green2014 306 (1381.0)
denovo269 B1.II_Green2014 306 (1381.0)
denovo269 B1_JN558057 306 (1381.0)
denovo269 B1_AF333511 306 (1381.0)
denovo269 B1.IV_Green2014 316 (1366.5)
denovo269 B121_EU074870 306 (1372.0)
denovo269 B7_AF499784 306 (1372.0)
denovo269 B1.VI_Green2014 307 (1312.0)
denovo269 B3_AF333514 306 (1277.5)
denovo269 B9_AF499786 306 (1286.5)
denovo269 B19a_JN558055 310 (1171.5)
denovo269 B119_EU099825 315 (1212.0)
denovo269 B21_DQ865213 306 (1264.0)
denovo269 B38_GU907651 306 (1264.0)
denovo269 B18_AY258471 306 (1304.5)
denovo269 B18a_AY258472 306 (1295.5)
denovo269 B33_GU907648 306 (1295.5)
denovo269 B6_AF499783 311 (1301.0)
denovo269 B19_DQ865212 306 (1313.5)
denovo269 B19_GU907641 306 (1313.5)
denovo269 B2_AF333512 306 (1304.5)
denovo269 B2_JN558060 306 (1304.5)
denovo269 C33.1_AY258498 332 (665.5)
denovo269 C33.2_AY765400 332 (665.5)
denovo269 C33a_EF541147 332 (665.5)
denovo269 C34_AY258499 325 (645.5)
denovo269 C78_AY765413 327 (651.0)
denovo269 C15.29_KC597690 328 (626.0)
denovo269 C1131_DQ182650 329 (611.0)
denovo269 C1135_DQ182646 322 (609.5)
denovo269 C1134_DQ182647 324 (597.0)
denovo269 C1142_DQ182635 324 (606.0)
denovo269 C1136_DQ182644 322 (588.5)
denovo269 C1111_DQ182645 322 (598.0)
denovo269 C1236_EF473656 322 (589.0)
denovo269 C1138_DQ182642 319 (598.5)
denovo269 C1137_DQ182643 322 (589.0)
denovo269 C1133_DQ182648 322 (589.0)
denovo269 C1132_DQ182649 326 (591.5)
denovo269 C1143_DQ182634 322 (598.0)
denovo269 C1139_DQ182639 324 (606.0)
denovo269 C15.28_KC597687 324 (670.0)
denovo269 C1141_DQ182636 324 (615.0)
denovo269 C1144_DQ182637 324 (624.0)
denovo269 C1122_DQ182654 324 (633.0)
denovo269 C1127_DQ182652 324 (633.0)
denovo269 C15.30_JX394114 329 (656.5)
denovo269 C15.26_KC597686 325 (654.0)
denovo269 C1086_DQ182656 326 (657.0)
denovo269 C15.25_KC597685 326 (666.0)
denovo269 C1118_AF180127 330 (602.5)
denovo269 C1129_DQ182651 326 (602.0)
denovo269 C15.21_KC597683 324 (642.5)
denovo269 C56_AY589760 323 (648.0)
denovo269 C1140_DQ182638 326 (620.0)
denovo269 C1126_DQ182653 326 (611.0)
denovo269 C15c_AY258492 323 (666.5)
denovo269 C15d_AY258493 322 (673.0)
denovo269 C1098_DQ182641 324 (676.0)
denovo269 C15.27_KC597689 326 (657.0)
denovo269 C15.18_HE579024 325 (654.0)
denovo269 C15.16_HE579022 331 (680.5)
denovo269 C1101_AB253787 326 (648.0)
denovo269 C1083_AY237300 326 (657.0)
denovo269 C1088_DQ182640 329 (655.0)
denovo269 C15.6_FN563472 326 (666.0)
denovo269 C15.5_FJ461512 328 (662.5)
denovo269 C15.4_FJ461511 328 (671.5)
denovo269 C15.13_HE579019 326 (648.0)
denovo269 C15.12_HE579018 326 (657.0)
denovo269 C93a_AM748563 324 (678.5)
denovo269 C1094_AJ291514 324 (660.5)
denovo269 C93_AM748562 324 (669.5)
denovo269 C15.17_HE579023 325 (648.0)
denovo269 C15e_AY589742 328 (656.5)
denovo269 C15.22_KC597695 326 (657.0)
denovo269 C60_AY589764 326 (657.0)
denovo269 C15.1_FJ461508 326 (657.0)
denovo269 C15.2_FJ461509 326 (657.0)
denovo269 C15.9_FN563475 326 (674.5)
denovo269 C15.7_HE579015 325 (671.5)
denovo269 C15.8_HE579016 326 (657.0)
denovo269 C15.15_HE579021 326 (657.0)
denovo269 C15.19_HE579025 326 (666.0)
denovo269 C15.24_KC597696 326 (666.0)
denovo269 C15.3_FJ461510 328 (662.5)
denovo269 C1087_DQ182655 326 (666.0)
denovo269 C15.14_HE579020 327 (656.5)
denovo269 C15.23_KC597697 327 (656.5)
denovo269 C19_AY258479 325 (675.5)
denovo269 C1233_EU118166 326 (675.0)
denovo269 C15b_AY258491 326 (657.0)
denovo269 C15a_AY258476 328 (671.5)
denovo269 C1051_AF195153 326 (675.0)
denovo269 C2_AF333518 327 (674.0)
denovo269 C15.20_HE579026 327 (665.5)
denovo269 C15f_AY589743 328 (659.0)
denovo269 C55_AY589759 331 (666.0)
denovo269 C15_AY239369 326 (666.0)
denovo269 C32.1_JF683335 324 (621.0)
denovo269 C32.2_JF683336 324 (621.0)
denovo269 C21.23_KC597693 324 (621.0)
denovo269 C1193_EU099827 337 (648.5)
denovo269 C1195_EU099821 333 (650.0)
denovo269 C3q_GU907655 336 (633.5)
denovo269 C53_AY589758 335 (637.5)
denovo269 C73_AY765408 335 (645.0)
denovo269 C17.2.1_KC597684 329 (597.5)
denovo269 C32_AY258497 325 (623.5)
denovo269 C1189_EU099831 328 (632.5)
denovo269 C1191_EU099833 327 (639.0)
denovo269 C1196_EU099819 328 (614.5)
denovo269 C1192_EU099820 328 (614.5)
denovo269 C17.1_JF683322 328 (632.5)
denovo269 C26_b2_FN827164 333 (634.5)
denovo269 C26_b3_FN827165 329 (632.0)
denovo269 C31.9_HQ630879 330 (619.0)
denovo269 C31a_AY589746 330 (633.5)
denovo269 C30_AY589745 330 (615.5)
denovo269 C31.1_HQ630876 334 (617.0)
denovo269 C31.5_HQ630877 328 (627.5)
denovo269 C31.6_HQ630878 330 (624.5)
denovo269 C31.2_JF683332 330 (624.5)
denovo269 C31.3_JF683333 330 (615.5)
denovo269 C26/C35a_AY239378 329 (641.0)
denovo269 C35a_AY258501 329 (641.0)
denovo269 C35.2_AY258500 329 (632.0)
denovo269 C26_b1_FN827163 329 (632.0)
denovo269 C17_AY239370 328 (632.5)
denovo269 C17.2_FJ461513 330 (631.5)
denovo269 C31.10_HQ630880 330 (628.0)
denovo269 C31.4_JF683334 334 (613.0)
denovo269 C31_AY258496 330 (624.5)
denovo269 C25_AY239377 326 (677.5)
denovo269 C61_AY589765 325 (611.0)
denovo269 C1043_DQ072721 328 (621.5)
denovo269 C79_AY765414 328 (635.5)
denovo269 C69_AY589773 328 (625.5)
denovo269 C69a_AY686648 328 (634.5)
denovo269 C21.22_KC597692 331 (613.0)
denovo269 C51_AY589756 327 (651.0)
denovo269 C1aa_HM185739 328 (654.0)
denovo269 C1096_DQ068023 327 (647.5)
denovo269 C74_AY765409 331 (666.5)
denovo269 C1185_AB294629 333 (663.0)
denovo269 C1184_AB294630 333 (663.0)
denovo269 C1153_AB294625 333 (663.0)
denovo269 C1154_AB294626 332 (678.5)
denovo269 C1187_AB294627 333 (663.0)
denovo269 C1186_AB294628 333 (663.0)
denovo269 C57_AY589761 333 (672.0)
denovo269 C66_AY589771 333 (672.0)
denovo269 C5_AF499795 326 (657.0)
denovo269 C1167_AB294586 326 (657.0)
denovo269 C1164_AB294593 326 (657.0)
denovo269 C1183_AB294631 326 (675.0)
denovo269 C1067_DQ335381 328 (653.5)
denovo269 C1159_AB294613 325 (659.5)
denovo269 C1150_AB294622 325 (668.5)
denovo269 C90_AM748554 327 (680.0)
denovo269 C1168_AB294583 326 (666.0)
denovo269 C1156_AB294616 326 (675.0)
denovo269 C1151_AB294621 326 (684.0)
denovo269 C92a_AM748561 326 (684.0)
denovo269 C92_AM748560 326 (675.0)
denovo269 C1165_AB294581 326 (666.0)
denovo269 C1166_AB294584 326 (666.0)
denovo269 C1162_AB294594 326 (666.0)
denovo269 C1163_AB294596 326 (675.5)
denovo269 C1161_AB294606 326 (675.0)
denovo269 C1160_AB294608 330 (667.5)
denovo269 C1158_AB294614 326 (684.0)
denovo269 C1155_AB294617 326 (666.0)
denovo269 C1149_AB294620 326 (675.0)
denovo269 C1173_AB294662 326 (684.0)
denovo269 C1171_AB294663 326 (666.0)
denovo269 C1172_AB294665 326 (666.0)
denovo269 C91a_AM748556 326 (684.0)
denovo269 C91b_AM748557 326 (675.0)
denovo269 C91d_AM748559 325 (672.5)
denovo269 C91c_AM748558 325 (672.5)
denovo269 C91_AJ621543 326 (675.0)
denovo269 C91_AM748555 326 (675.0)
denovo269 C1023_DQ335330 317 (626.5)
denovo269 C1020_DQ335392 332 (656.0)
denovo269 C1018_DQ335408 328 (662.5)
denovo269 C1074_DQ335329 328 (653.5)
denovo269 C1030_DQ335353 328 (653.5)
denovo269 C1022_DQ335331 328 (653.5)
denovo269 C1027_DQ335360 328 (671.5)
denovo269 C1072_DQ335344 328 (653.5)
denovo269 C1039_AB190274 328 (662.5)
denovo269 C1033_DQ335350 333 (650.5)
denovo269 C1019_DQ335407 328 (662.5)
denovo269 C1194_EU099826 328 (647.5)
denovo269 C8b_AY258475 328 (637.5)
denovo269 C8_AY239367 331 (652.5)
denovo269 C8a_AY239368 333 (648.5)
denovo269 C54a_AY765406 328 (680.5)
denovo269 C3ff_HM185740 328 (689.5)
denovo269 C59_AY589763 332 (648.0)
denovo269 C3k_AY589737 325 (663.5)
denovo269 C3.24_HE579012 324 (670.0)
denovo269 C3.23_HE579011 325 (663.5)
denovo269 C35.1_AY765401 336 (667.0)
denovo269 C35.3_EF541145 329 (665.0)
denovo269 C76_AY765411 328 (668.5)
denovo269 C1107_DQ335359 327 (637.0)
denovo269 C3.22_HE579010 330 (634.0)
denovo269 C77_AY765412 328 (659.0)
denovo269 C20_AY239371 331 (661.5)
denovo269 C1055_DQ480640 326 (653.0)
denovo269 C27/C30_AY239379 329 (623.0)
denovo269 C27.1_FJ461517 329 (614.0)
denovo269 C40a_AY589747 330 (658.0)
denovo269 C40_AY258485 330 (658.0)
denovo269 C40b_AY589748 331 (649.0)
denovo269 C16_AY258477 331 (662.0)
denovo269 C16a_AY765399 331 (662.0)
denovo269 C1091_AB207186 328 (663.0)
denovo269 C1102_DQ335400 328 (645.0)
denovo269 C1069_DQ335375 328 (663.0)
denovo269 C1073_DQ335332 329 (657.0)
denovo269 C1066_DQ335382 326 (648.5)
denovo269 C1031_DQ335352 333 (668.5)
denovo269 C1026_DQ335366 333 (668.0)
denovo269 C70_AY589774 328 (672.0)
denovo269 C1082_AB190267 328 (654.0)
denovo269 C1078_AB190271 326 (665.5)
denovo269 C1090_AB207191 328 (663.0)
denovo269 C1071_DQ335302 328 (663.0)
denovo269 C1075_DQ335328 328 (663.0)
denovo269 C1068_DQ335379 328 (672.0)
denovo269 C1064_DQ335395 328 (654.0)
denovo269 C1063_DQ335403 325 (663.5)
denovo269 C62_AY589766 328 (663.0)
denovo269 C1077_DQ335316 325 (668.5)
denovo269 C1109_DQ335338 328 (654.0)
denovo269 C1110_DQ335340 328 (645.0)
denovo269 C1106_DQ335339 328 (645.0)
denovo269 C1112_DQ335319 328 (654.0)
denovo269 C1108_DQ335351 328 (645.0)
denovo269 C1105_DQ335394 328 (654.0)
denovo269 C1121_DQ335378 335 (647.0)
denovo269 C1116_AB190268 335 (656.0)
denovo269 C1115_AB190273 335 (656.0)
denovo269 C1124_DQ335323 328 (636.0)
denovo269 C1120_DQ335398 328 (636.0)
denovo269 C1119_DQ335404 328 (645.0)
denovo269 C1123_DQ335363 328 (645.0)
denovo269 C1004_DQ480635 328 (662.0)
denovo269 C1061_AY186568 328 (653.0)
denovo269 C1053_AY186569 328 (662.0)
denovo269 C1003_DQ480639 328 (662.0)
denovo269 C81_GU907657 319 (634.0)
denovo269 C22_AY239373 323 (664.5)
denovo269 C22a_AY239374 326 (656.0)
denovo269 C1232_EU118163 330 (659.0)
denovo269 C21.13_FJ461515 327 (621.0)
denovo269 C21.1_JF683323 326 (627.0)
denovo269 C21.3_JF683325 328 (641.5)
denovo269 C1.20_HE578993 328 (653.5)
denovo269 C1.22_HE578995 328 (644.5)
denovo269 C52_AY589757 327 (654.5)
denovo269 C1201_EU099793 329 (626.0)
denovo269 C14_AY589741 331 (674.0)
denovo269 C43_AY589749 331 (680.0)
denovo269 C50_AY589755 328 (662.5)
denovo269 C3.14_HQ630872 327 (668.0)
denovo269 C1m_AY765398 328 (663.0)
denovo269 C82_GU907658 336 (659.0)
denovo269 C82b_GU907660 336 (659.0)
denovo269 C64_AY589768 325 (671.0)
denovo269 C45a_AY765404 331 (670.5)
denovo269 C48_AY589753 328 (683.0)
denovo269 C1_v1b_FJ919244 328 (653.5)
denovo269 C1_v1a_FJ919243 328 (662.5)
denovo269 C3j_AY239366 328 (662.5)
denovo269 C3t_EF541149 328 (662.5)
denovo269 C9_AF499798 330 (668.5)
denovo269 C23_AY239375 329 (684.0)
denovo269 C37_AY258481 333 (659.0)
denovo269 C1048_DQ068026 331 (661.5)
denovo269 C21.4_JF683326 328 (632.5)
denovo269 C21.5_JF683327 328 (632.5)
denovo269 C1070_DQ335349 328 (671.5)
denovo269 C21.6_HQ630873 328 (650.5)
denovo269 C1224_EU074890 328 (680.5)
denovo269 C1.17_HE578990 328 (680.5)
denovo269 C21_b1_FN827162 330 (629.0)
denovo269 C21.9_JF683330 330 (638.0)
denovo269 C1085_AY624605 325 (654.5)
denovo269 C3p_GU907654 328 (647.5)
denovo269 C3f_AY589734 328 (671.5)
denovo269 C65a_AY589770 326 (683.5)
denovo269 C65_AY589769 326 (674.5)
denovo269 C71_AY589775 326 (665.5)
denovo269 C71a_AY589776 326 (656.5)
denovo269 C1178_AB294647 327 (654.0)
denovo269 C1225_EU074893 325 (681.0)
denovo269 C75_AY765410 327 (669.0)
denovo269 C21.10_JF683331 327 (638.5)
denovo269 C21.11_HQ630874 327 (638.5)
denovo269 C1065_DQ335388 328 (671.5)
denovo269 C1045_DQ068036 328 (680.5)
denovo269 C1h_AY258473 327 (668.0)
denovo269 C38_AY258482 327 (668.0)
denovo269 C1202_EU099799 327 (659.0)
denovo269 C7_AF499797 327 (668.0)
denovo269 C12_AF499801 329 (657.5)
denovo269 C38a_AY258483 326 (670.5)
denovo269 C1200_EU099800 315 (667.5)
denovo269 C44a_AY589751 328 (671.0)
denovo269 C47_AY589752 331 (679.5)
denovo269 C44_AY589750 331 (670.5)
denovo269 C1.15_HE578988 328 (662.5)
denovo269 C45.3_FJ461522 331 (661.5)
denovo269 C46a_AY765405 331 (661.5)
denovo269 C46_EU449108 331 (670.5)
denovo269 C3.12_FJ461507 331 (670.5)
denovo269 C1k_AY589733 331 (661.5)
denovo269 C67_AY686647 331 (670.5)
denovo269 C82a_GU907659 328 (662.5)
denovo269 C10a_AY589739 331 (670.5)
denovo269 C10_AF499799 331 (661.5)
denovo269 C13_AY589740 333 (664.5)
denovo269 C4_AF499794 331 (661.5)
denovo269 C1147_EF656433 331 (661.5)
denovo269 C1c/C45_AY239364 331 (670.5)
denovo269 C1c/C45_EU449103 331 (670.5)
denovo269 C21.19_HE579031 328 (641.5)
denovo269 C21.21_HE579033 328 (632.5)
denovo269 C21.20_HE579032 328 (641.5)
denovo269 C42b_AY765403 332 (674.0)
denovo269 C42_AY258487 332 (683.0)
denovo269 C1p_GU907652 328 (680.5)
denovo269 C1d_AY258488 331 (670.5)
denovo269 C42_AY765402 331 (679.5)
denovo269 C3ha_AY589736 328 (632.5)
denovo269 C63a_AY589767 330 (649.5)
denovo269 C21a_AY589744 328 (632.5)
denovo269 C3o_GU907653 327 (639.0)
denovo269 C21.16_HQ630875 328 (632.5)
denovo269 C21.2_JF683324 328 (632.5)
denovo269 C21.7_JF683328 327 (639.0)
denovo269 C21.8_JF683329 328 (641.5)
denovo269 C3h_AY239365 328 (632.5)
denovo269 C1203_EU099798 328 (632.5)
denovo269 C3.10_FJ461505 328 (680.5)
denovo269 C21.14_FJ461516 328 (650.5)
denovo269 C21.18_HE579030 334 (629.5)
denovo269 C3.17_HE579005 328 (662.5)
denovo269 C3.9_FJ461504 328 (659.5)
denovo269 C3.8_FJ461503 328 (671.5)
denovo269 C3.7_FJ461502 328 (662.5)
denovo269 C3.11_FJ461506 335 (674.0)
denovo269 C3.18_HE579006 328 (662.5)
denovo269 C3.19_HE579007 328 (662.5)
denovo269 C3.20_HE579008 328 (662.5)
denovo269 C3g_AY589735 331 (654.5)
denovo269 C3a_AF499790 326 (675.0)
denovo269 C3e_AF499793 328 (662.5)
denovo269 C6_AF499796 335 (682.5)
denovo269 C11_AF499800 328 (662.5)
denovo269 C36_AY258480 328 (662.5)
denovo269 C29_AY258494 328 (680.5)
denovo269 C1146_EF656434 329 (666.0)
denovo269 C1190_EU099841 328 (662.5)
denovo269 C131_JF320826 328 (662.5)
denovo269 C28_AY239380 336 (670.0)
denovo269 C1012_DQ480604 328 (662.5)
denovo269 C1181_AB294640 328 (647.5)
denovo269 C1180_AB294641 328 (665.5)
denovo269 C1179_AB294645 326 (651.0)
denovo269 C1176_AB294651 326 (660.0)
denovo269 C1175_AB294653 328 (647.5)
denovo269 C1174_AB294655 330 (653.0)
denovo269 C1177_AB294659 328 (656.5)
denovo269 C1040_AB190269 330 (668.0)
denovo269 C1182_AB294649 328 (662.5)
denovo269 C1089_AJ278598 328 (662.5)
denovo269 C1028_DQ335357 335 (673.5)
denovo269 C3.16_EU786015 328 (680.5)
denovo269 C1097_AJ311943 327 (656.0)
denovo269 C1170_AB294661 328 (656.5)
denovo269 C21.17_HE579029 328 (652.5)
denovo269 C21/3d/C3k_AY239372 328 (641.5)
denovo269 C58_AY589762 329 (641.0)
denovo269 C3L_AY589738 331 (667.0)
denovo269 C1169_AB294660 328 (656.5)
denovo269 C3.2_FJ461497 328 (665.5)
denovo269 C3.1_JF683321 325 (666.5)
denovo269 C1104_AF427469 329 (661.5)
denovo269 C3b_AF499791 328 (674.5)
denovo269 C83_GU907661 328 (674.0)
denovo269 C49_AY589754 354 (686.0)
denovo269 C3_AB778606 328 (671.5)
denovo269 C3_AF499789 328 (671.5)
denovo269 C3_HE579001 328 (671.5)
denovo269 C21.12_FJ461514 328 (623.5)
denovo269 C1229_EU074888 325 (658.0)
denovo269 C1230_EU074889 325 (667.0)
denovo269 C1114_AB207196 328 (671.5)
denovo269 C3.21_HE579009 328 (593.5)
denovo269 C1057_DQ480619 328 (662.5)
denovo269 C72_AY765407 325 (671.0)
denovo269 C1b.3_HE578999 328 (656.5)
denovo269 C93_AJ621536 328 (662.5)
denovo269 C94_AJ621539 328 (662.5)
denovo269 C1g_AY589730 328 (662.5)
denovo269 C1i_AY589731 322 (655.0)
denovo269 C1j_AY589732 335 (673.5)
denovo269 C1005_DQ480633 328 (662.5)
denovo269 C1.7_FJ461494 328 (662.5)
denovo269 C1.11_HE578984 328 (663.0)
denovo269 C1.12_HE578985 328 (662.5)
denovo269 C1.13_HE578986 328 (671.5)
denovo269 C1.14_HE578987 328 (671.5)
denovo269 C1.18_HE578991 328 (662.5)
denovo269 C1.19_HE578992 328 (662.5)
denovo269 C1199_EU099802 325 (648.0)
denovo269 C1188_EU099838 325 (663.0)
denovo269 C1002_DQ838544 328 (671.5)
denovo269 C1198_EU099810 328 (662.5)
denovo269 C24_AY239376 328 (662.5)
denovo269 C1f_AY258490 328 (671.5)
denovo269 C1006_DQ480629 328 (680.5)
denovo269 C1010_DQ480607 328 (662.5)
denovo269 C1007_DQ480624 328 (662.5)
denovo269 C1011_DQ480605 328 (662.5)
denovo269 C1009_DQ480608 332 (664.5)
denovo269 C1041_AY186548 328 (671.5)
denovo269 C1052_AY186570 328 (680.5)
denovo269 C1148_EU040178 328 (671.5)
denovo269 C1234_EU118165 329 (661.5)
denovo269 C1.5_EF634157 328 (671.5)
denovo269 C1059_DQ480609 328 (662.5)
denovo269 C1228_EU074883 328 (662.5)
denovo269 C1208_EU074963 328 (662.5)
denovo269 C1207_EU074964 328 (671.5)
denovo269 C1206_EU074965 328 (662.5)
denovo269 C1013_DQ480642 328 (662.5)
denovo269 C80_GU907656 338 (665.5)
denovo269 C1a_AF499788 325 (663.0)
denovo269 C41_AY258486 328 (671.5)
denovo269 C39_AY258484 313 (667.0)
denovo269 C1231_EU074878 328 (662.5)
denovo269 C1b.1_HE578997 328 (656.5)
denovo269 C18_AY258478 328 (671.5)
denovo269 C1.10_HE578983 327 (666.0)
denovo269 C1_JN558041 328 (671.5)
denovo269 C1_HE578979 328 (671.5)
denovo269 C1_AM748551 328 (671.5)
denovo269 C1_AF333515 328 (671.5)
denovo269 C1054_AY186565 327 (675.0)
denovo269 C1008_DQ480613 328 (662.5)
denovo269 C1103_AF427470 329 (661.5)
denovo269 C1226_EU074881 332 (663.5)
denovo269 C1b/C1e_AY239363 328 (665.5)
denovo269 C1044_DQ068038 328 (656.5)
denovo269 C1017_DQ174729 329 (655.5)
denovo269 C1.6_FJ461493 328 (680.5)
denovo269 C1b.2_HE578998 328 (656.5)
denovo269 C1060_DQ480600 328 (662.5)
denovo269 C1227_EU074882 328 (662.5)
denovo269 C1197_EU099814 328 (662.5)
denovo269 C1130_DQ480643 328 (565.0)
denovo269 D109_AB097465 355 (470.5)
denovo269 D1.11_HE579040 356 (483.0)
denovo269 D105_AF174570 360 (477.0)
denovo269 D104_AF174572 356 (474.0)
denovo269 D1.3_JF683337 357 (476.5)
denovo269 D1.10_HE579039 356 (474.0)
denovo269 D110_AF174561 356 (474.0)
denovo269 D117_AF174542 356 (474.0)
denovo269 D114_AF174549 356 (483.0)
denovo269 D113_AF174557 356 (474.0)
denovo269 D112_AF174558 358 (480.5)
denovo269 D106_AF174559 363 (485.5)
denovo269 D111_AF174560 356 (482.5)
denovo269 D115_AF174562 356 (474.0)
denovo269 D107_AF174568 358 (480.0)
denovo269 D116_AF174571 361 (470.5)
denovo269 D124_EU074897 353 (483.5)
denovo269 D1.8_HE579037 358 (480.5)
denovo269 D3_AY686650 356 (483.0)
denovo269 D1.6_HQ630881 356 (474.0)
denovo269 D120_EU074900 356 (474.0)
denovo269 D121_EU074904 361 (479.5)
denovo269 D122_EU074905 356 (474.0)
denovo269 D1a.2_JF683339 363 (478.5)
denovo269 D1a.1_JF683338 353 (483.5)
denovo269 D2_AY686649 589 (551.5)
denovo269 D4_DQ865214 359 (480.0)
denovo269 D1a_AF499802 356 (483.0)
denovo269 D1a_JN558078 356 (483.0)
denovo269 D123_EU074895 357 (485.5)
denovo269 D108_AF174567 352 (489.0)
denovo269 D103_AF174575 356 (483.0)
denovo269 D100_AF411415 356 (483.0)
denovo269 D118_EF656435 350 (492.0)
denovo269 D101_AF411416 356 (468.0)
denovo269 D119_EU099832 355 (473.0)
denovo269 D102_AF174573 356 (486.5)
denovo269 D1_AF334660 356 (483.0)
denovo269 D1_JN558076 356 (483.0)
denovo269 D1.12_HE579041 337 (481.0)
denovo269 D1.1_AM748564 417 (505.5)
denovo269 D1.2_AM748617 439 (507.0)
denovo269 E111_EU074915 348 (477.0)
denovo269 E110_EU074914 345 (468.5)
denovo269 E114_EU074909 345 (450.5)
denovo269 E1_AF334659 346 (458.5)
denovo269 E105_EU074921 345 (468.5)
denovo269 E112_EU074916 345 (450.5)
denovo269 E104_EU074922 367 (455.5)
denovo269 E102_EU074924 345 (450.5)
denovo269 E103_EU074923 345 (459.5)
denovo269 E101_AY160123 350 (443.5)
denovo269 E109_EU074913 351 (489.0)
denovo269 E100_DQ011618 359 (492.5)
denovo269 E108_EU074912 356 (493.0)
denovo269 E113_EU074908 352 (503.0)
denovo269 E107_EU074910 356 (493.0)
denovo269 F1_JN558066 331 (608.0)
denovo269 F5.2d_AJ291530 329 (639.0)
denovo269 F104_AJ291531 329 (639.0)
denovo269 F5.2c_AM748596 329 (630.5)
denovo269 F5.2_AM748594 329 (630.0)
denovo269 F5.2a_AM748614 329 (630.0)
denovo269 F5.2b_AM748595 329 (630.0)
denovo269 F5.2e_AJ291533 330 (615.5)
denovo269 F5.2g_JN558072 329 (638.5)
denovo269 F5.2f_AJ291512 329 (629.5)
denovo269 F102_AJ291534 329 (629.5)
denovo269 F5.1c_AM748593 331 (635.5)
denovo269 F5.1d_JN558069 333 (614.0)
denovo269 F5.1b_AJ291535 330 (642.0)
denovo269 F5.1_AM748592 332 (638.5)
denovo269 F5.1a_AM748591 330 (642.0)
denovo269 F110_AJ291526 322 (698.0)
denovo269 F4.7_AM748587 324 (680.5)
denovo269 F4.5_AM748585 323 (682.5)
denovo269 F4.4a_AM748583 319 (699.0)
denovo269 F4.4_AM748582 324 (701.5)
denovo269 F4.4b_AM748584 317 (718.0)
denovo269 F4.1a_AM748573 326 (653.5)
denovo269 F112_AJ291528 323 (647.5)
denovo269 F4.1_AM748572 323 (647.5)
denovo269 F4.8b_AM748590 325 (697.0)
denovo269 F4.8_AM748588 316 (697.5)
denovo269 F4.8a_AM748589 316 (697.5)
denovo269 F109_AJ291527 322 (702.0)
denovo269 F4.6_AM748586 323 (656.0)
denovo269 F111_AJ311949 316 (694.5)
denovo269 F4.3c_AM748581 317 (697.5)
denovo269 F4.3a_AM748579 316 (704.5)
denovo269 F4.3b_AM748580 317 (706.5)
denovo269 F4.3_AM748578 317 (697.5)
denovo269 F4.2_AM748574 323 (710.0)
denovo269 F4.2a_AM748575 323 (686.5)
denovo269 F4.2c_AM748577 323 (683.0)
denovo269 F4.2b_AM748576 323 (695.5)
denovo269 F2b_AJ291521 335 (660.5)
denovo269 F2_AJ830908 331 (667.5)
denovo269 F2a_AJ830911 331 (663.0)
denovo269 F3.1a_AM748566 341 (628.0)
denovo269 F114_AJ291525 341 (637.5)
denovo269 F3.1_AM748565 341 (637.5)
denovo269 F3.2_AM748567 359 (672.0)
denovo269 F3.2a_AM748568 351 (667.5)
denovo269 F3.3_AM748569 341 (651.5)
denovo269 F3.4a_AM748571 353 (605.0)
denovo269 F3.4_AM748570 349 (611.0)
denovo269 F3.4b_AM748616 349 (611.0)
denovo269 G101_AJ291539 363 (511.0)
denovo269 G1_AM748597 363 (511.0)
denovo269 G2b_JN558087 361 (505.0)
denovo269 G2_AM748598 362 (499.0)
denovo269 G2a_AM748599 362 (490.0)
denovo269 G4_AM748601 369 (538.0)
denovo269 G3.4_LK392378 355 (504.0)
denovo269 G3_AM748600 360 (509.5)
denovo269 G3.2_KC597694 352 (454.5)
denovo269 G3.1_KC597688 361 (522.0)
denovo269 G100_AB253788 362 (506.5)
denovo269 G3.3_LK392377 361 (512.5)
denovo269 H6_AJ291520 648 (320.5)
denovo269 H3_AM748606 328 (525.5)
denovo269 H2_AM748605 336 (548.0)
denovo269 H4_AM748607 332 (539.5)
denovo269 H4a_AM748608 342 (538.0)
denovo269 H5a_AM748611 340 (518.5)
denovo269 H5b_AM748610 343 (517.0)
denovo269 H5_AJ621129 340 (518.5)
denovo269 H5_AM748609 340 (518.5)
denovo269 H100_AJ291513 340 (507.5)
denovo269 H1b_AM748604 340 (502.5)
denovo269 H1a_AM748612 340 (511.5)
denovo269 H1_AJ621152 340 (511.5)
denovo269 H1_AM748602 340 (511.5)
denovo269 I3_FN561561 339 (677.5)
denovo269 I4_FN561562 339 (677.5)
denovo269 I1_FN561559 336 (668.0)
denovo269 I2_FN561560 341 (673.5)

#---------------------------------------
#---------------------------------------
