denovo10 A136_DQ865210 346 (429.5)
denovo10 A133_DQ174725 330 (442.0)
denovo10 A115_AF180123 347 (425.0)
denovo10 A117_AF201746 360 (463.0)
denovo10 A134_DQ174723 359 (468.5)
denovo10 A114_AF184941 360 (463.0)
denovo10 A135_DQ174727 348 (445.0)
denovo10 A2_AF333506 360 (468.5)
denovo10 A101_AF427468 360 (454.0)
denovo10 A2_1_JN558097 360 (454.0)
denovo10 A2_2_JN558100 360 (454.0)
denovo10 A113_AF184948 355 (441.5)
denovo10 A112_AF184949 346 (444.0)
denovo10 A123_EF378618 338 (343.5)
denovo10 A137_EF378621 335 (352.0)
denovo10 A11_EU449041 339 (446.0)
denovo10 A121_DQ174722 346 (426.0)
denovo10 A15b_EU792886 334 (409.5)
denovo10 A15a_EU792885 334 (419.0)
denovo10 A15c_EU792887 343 (420.5)
denovo10 A15_EU792884 334 (418.5)
denovo10 A147_EU074937 347 (440.5)
denovo10 A154_EU074860 343 (437.5)
denovo10 A146_EU074936 350 (439.5)
denovo10 A150_EU074928 349 (454.5)
denovo10 A116_AF183575 334 (446.5)
denovo10 A141_EU074931 350 (448.5)
denovo10 A5_AF333508 344 (446.5)
denovo10 A3b_EU449043 345 (444.0)
denovo10 A151_EU074925 349 (437.0)
denovo10 A152_EU074927 335 (441.0)
denovo10 A149_EU074929 333 (436.0)
denovo10 A140_EU074930 347 (440.5)
denovo10 A142_EU074932 347 (431.5)
denovo10 A143_EU074933 342 (444.0)
denovo10 A144_EU074934 343 (447.0)
denovo10 A145_EU074935 347 (449.5)
denovo10 A148_EU074938 344 (440.5)
denovo10 A155_EU074856 347 (440.5)
denovo10 A156_EU074859 347 (431.5)
denovo10 A139_EU074962 347 (440.5)
denovo10 A6_AF186058 347 (440.5)
denovo10 A3_AF333507 347 (440.5)
denovo10 A3_JN558091 347 (440.5)
denovo10 A8_AY258468 341 (451.0)
denovo10 A7_AY239360 335 (448.5)
denovo10 A16_EU792888 345 (445.0)
denovo10 A4.3_FN429763 355 (434.0)
denovo10 A120_AF180122 350 (438.5)
denovo10 A4.2_FN429761 348 (457.0)
denovo10 A4_AF333509 353 (454.5)
denovo10 A4.1_FN429760 351 (455.5)
denovo10 A4a_AF499778 353 (455.0)
denovo10 A4a.1_FN429762 353 (455.0)
denovo10 A138_EF378620 337 (467.5)
denovo10 A122_EF378619 342 (458.0)
denovo10 A126_EF378615 341 (459.0)
denovo10 A10_EU792882 341 (459.0)
denovo10 A9_EU449028 344 (444.5)
denovo10 A105_AB207202 343 (441.5)
denovo10 A119_AF180121 341 (461.0)
denovo10 A12_EU792883 348 (457.0)
denovo10 A104_AB207203 345 (457.0)
denovo10 A1a_EU449030 345 (448.0)
denovo10 A1.3_HE578976 339 (448.0)
denovo10 A1.4_HE578977 348 (447.0)
denovo10 A13_AF333504 344 (445.0)
denovo10 A13_JN558094 344 (445.0)
denovo10 A110_AB190282 351 (448.5)
denovo10 A103_AB207206 346 (450.5)
denovo10 A130_EF656428 346 (441.5)
denovo10 A127_EF656429 347 (452.5)
denovo10 A128_EF656430 346 (450.5)
denovo10 A129_EF656431 344 (445.0)
denovo10 A131_EF656432 346 (450.5)
denovo10 A118_AF180120 339 (451.5)
denovo10 A1_AF333505 346 (450.5)
denovo10 A107_AB207199 345 (466.0)
denovo10 A111_AB190280 345 (466.0)
denovo10 A108_AB207197 344 (439.0)
denovo10 A106_AB207200 345 (458.0)
denovo10 A102_AB207209 345 (457.0)
denovo10 A1.2_AB207210 345 (457.0)
denovo10 A109_AB190285 342 (458.0)
denovo10 B4_AF333510 323 (659.0)
denovo10 B23_EU449079 330 (568.0)
denovo10 B30_GU907644 339 (567.0)
denovo10 B11_AY239361 334 (607.0)
denovo10 B17_AY258470 335 (598.5)
denovo10 B1k_GU907638 301 (323.0)
denovo10 B1.V_Green2014 341 (574.0)
denovo10 B1b_AF499780 324 (581.0)
denovo10 B16_AY258469 332 (600.5)
denovo10 B31a_GU907646 335 (599.5)
denovo10 B32_GU907647 335 (599.5)
denovo10 B31_GU907645 335 (608.5)
denovo10 B1j_GU907637 331 (624.5)
denovo10 B37_GU907650 337 (616.0)
denovo10 B5a_AF499782 334 (605.0)
denovo10 B5_AF499781 334 (614.0)
denovo10 B24_GU907643 331 (545.5)
denovo10 B117_AF180124 329 (601.5)
denovo10 B10_AF499787 335 (608.5)
denovo10 B20_GU907642 337 (610.0)
denovo10 B1m_GU907640 335 (617.5)
denovo10 B34_GU907649 335 (617.5)
denovo10 B1d_GU907633 335 (618.0)
denovo10 B1e_GU907634 335 (618.0)
denovo10 B1i_GU907636 335 (617.5)
denovo10 B1g_GU907635 338 (604.0)
denovo10 B123_EU074872 335 (608.5)
denovo10 B8_AF499785 336 (608.0)
denovo10 B1l_GU907639 335 (608.5)
denovo10 B1a_AF499779 335 (617.5)
denovo10 B14_AY239362 337 (619.0)
denovo10 B125_EU074865 335 (608.5)
denovo10 B122_EU074871 335 (608.5)
denovo10 B124_EU074874 335 (608.5)
denovo10 B1.VII_Green2014 331 (563.0)
denovo10 B1.III_Green2014 330 (585.5)
denovo10 B1.I_Green2014 335 (617.5)
denovo10 B1.II_Green2014 335 (617.5)
denovo10 B1_JN558057 335 (617.5)
denovo10 B1_AF333511 335 (617.5)
denovo10 B1.IV_Green2014 346 (616.0)
denovo10 B121_EU074870 336 (619.5)
denovo10 B7_AF499784 335 (626.5)
denovo10 B1.VI_Green2014 333 (603.0)
denovo10 B3_AF333514 333 (606.5)
denovo10 B9_AF499786 337 (582.5)
denovo10 B19a_JN558055 327 (562.5)
denovo10 B119_EU099825 336 (542.0)
denovo10 B21_DQ865213 326 (582.5)
denovo10 B38_GU907651 326 (582.5)
denovo10 B18_AY258471 333 (597.5)
denovo10 B18a_AY258472 333 (588.5)
denovo10 B33_GU907648 329 (585.5)
denovo10 B6_AF499783 330 (598.0)
denovo10 B19_DQ865212 329 (595.0)
denovo10 B19_GU907641 329 (595.0)
denovo10 B2_AF333512 329 (604.0)
denovo10 B2_JN558060 329 (604.0)
denovo10 C33.1_AY258498 304 (1228.0)
denovo10 C33.2_AY765400 304 (1228.0)
denovo10 C33a_EF541147 304 (1228.0)
denovo10 C34_AY258499 304 (1237.0)
denovo10 C78_AY765413 304 (1210.0)
denovo10 C15.29_KC597690 302 (1204.0)
denovo10 C1131_DQ182650 301 (1164.0)
denovo10 C1135_DQ182646 304 (1163.0)
denovo10 C1134_DQ182647 304 (1163.0)
denovo10 C1142_DQ182635 304 (1172.0)
denovo10 C1136_DQ182644 301 (1134.0)
denovo10 C1111_DQ182645 301 (1134.0)
denovo10 C1236_EF473656 301 (1143.0)
denovo10 C1138_DQ182642 301 (1143.0)
denovo10 C1137_DQ182643 301 (1143.0)
denovo10 C1133_DQ182648 301 (1143.0)
denovo10 C1132_DQ182649 301 (1143.0)
denovo10 C1143_DQ182634 301 (1152.0)
denovo10 C1139_DQ182639 302 (1184.0)
denovo10 C15.28_KC597687 300 (1199.0)
denovo10 C1141_DQ182636 301 (1182.0)
denovo10 C1144_DQ182637 301 (1173.0)
denovo10 C1122_DQ182654 301 (1182.0)
denovo10 C1127_DQ182652 301 (1200.0)
denovo10 C15.30_JX394114 300 (1217.0)
denovo10 C15.26_KC597686 300 (1235.0)
denovo10 C1086_DQ182656 300 (1217.0)
denovo10 C15.25_KC597685 300 (1226.0)
denovo10 C1118_AF180127 304 (1134.5)
denovo10 C1129_DQ182651 301 (1209.0)
denovo10 C15.21_KC597683 300 (1217.0)
denovo10 C56_AY589760 300 (1235.0)
denovo10 C1140_DQ182638 301 (1209.0)
denovo10 C1126_DQ182653 301 (1200.0)
denovo10 C15c_AY258492 301 (1246.0)
denovo10 C15d_AY258493 301 (1237.0)
denovo10 C1098_DQ182641 300 (1205.5)
denovo10 C15.27_KC597689 300 (1235.0)
denovo10 C15.18_HE579024 300 (1235.0)
denovo10 C15.16_HE579022 300 (1244.0)
denovo10 C1101_AB253787 300 (1235.0)
denovo10 C1083_AY237300 300 (1235.0)
denovo10 C1088_DQ182640 300 (1235.0)
denovo10 C15.6_FN563472 300 (1244.0)
denovo10 C15.5_FJ461512 300 (1244.0)
denovo10 C15.4_FJ461511 300 (1253.0)
denovo10 C15.13_HE579019 300 (1235.0)
denovo10 C15.12_HE579018 300 (1244.0)
denovo10 C93a_AM748563 300 (1235.0)
denovo10 C1094_AJ291514 300 (1235.0)
denovo10 C93_AM748562 300 (1226.0)
denovo10 C15.17_HE579023 300 (1229.0)
denovo10 C15e_AY589742 300 (1229.0)
denovo10 C15.22_KC597695 300 (1244.0)
denovo10 C60_AY589764 300 (1244.0)
denovo10 C15.1_FJ461508 300 (1244.0)
denovo10 C15.2_FJ461509 300 (1253.0)
denovo10 C15.9_FN563475 300 (1244.0)
denovo10 C15.7_HE579015 300 (1244.0)
denovo10 C15.8_HE579016 300 (1244.0)
denovo10 C15.15_HE579021 300 (1244.0)
denovo10 C15.19_HE579025 300 (1244.0)
denovo10 C15.24_KC597696 300 (1235.0)
denovo10 C15.3_FJ461510 300 (1262.0)
denovo10 C1087_DQ182655 300 (1244.0)
denovo10 C15.14_HE579020 301 (1234.0)
denovo10 C15.23_KC597697 301 (1234.0)
denovo10 C19_AY258479 300 (1256.0)
denovo10 C1233_EU118166 300 (1244.0)
denovo10 C15b_AY258491 300 (1244.0)
denovo10 C15a_AY258476 300 (1262.0)
denovo10 C1051_AF195153 300 (1244.0)
denovo10 C2_AF333518 301 (1234.0)
denovo10 C15.20_HE579026 301 (1243.0)
denovo10 C15f_AY589743 301 (1243.0)
denovo10 C55_AY589759 304 (1241.5)
denovo10 C15_AY239369 300 (1253.0)
denovo10 C32.1_JF683335 311 (1074.5)
denovo10 C32.2_JF683336 309 (1086.5)
denovo10 C21.23_KC597693 309 (1086.5)
denovo10 C1193_EU099827 301 (1216.0)
denovo10 C1195_EU099821 309 (1232.5)
denovo10 C3q_GU907655 301 (1177.0)
denovo10 C53_AY589758 300 (1235.0)
denovo10 C73_AY765408 305 (1165.5)
denovo10 C17.2.1_KC597684 302 (1163.5)
denovo10 C32_AY258497 300 (1187.0)
denovo10 C1189_EU099831 306 (1204.0)
denovo10 C1191_EU099833 306 (1195.0)
denovo10 C1196_EU099819 300 (1196.0)
denovo10 C1192_EU099820 300 (1196.0)
denovo10 C17.1_JF683322 300 (1205.0)
denovo10 C26_b2_FN827164 301 (1195.0)
denovo10 C26_b3_FN827165 301 (1195.0)
denovo10 C31.9_HQ630879 303 (1184.5)
denovo10 C31a_AY589746 303 (1181.0)
denovo10 C30_AY589745 303 (1181.0)
denovo10 C31.1_HQ630876 303 (1181.0)
denovo10 C31.5_HQ630877 303 (1181.0)
denovo10 C31.6_HQ630878 303 (1181.0)
denovo10 C31.2_JF683332 303 (1181.0)
denovo10 C31.3_JF683333 303 (1181.0)
denovo10 C26/C35a_AY239378 301 (1195.0)
denovo10 C35a_AY258501 301 (1195.0)
denovo10 C35.2_AY258500 301 (1204.0)
denovo10 C26_b1_FN827163 301 (1204.0)
denovo10 C17_AY239370 300 (1214.0)
denovo10 C17.2_FJ461513 302 (1203.5)
denovo10 C31.10_HQ630880 303 (1193.5)
denovo10 C31.4_JF683334 307 (1196.0)
denovo10 C31_AY258496 303 (1190.0)
denovo10 C25_AY239377 312 (1208.0)
denovo10 C61_AY589765 300 (1174.0)
denovo10 C1043_DQ072721 300 (1212.0)
denovo10 C79_AY765414 300 (1217.0)
denovo10 C69_AY589773 301 (1147.5)
denovo10 C69a_AY686648 301 (1138.5)
denovo10 C21.22_KC597692 300 (1178.0)
denovo10 C51_AY589756 301 (1228.0)
denovo10 C1aa_HM185739 300 (1236.0)
denovo10 C1096_DQ068023 300 (1196.0)
denovo10 C74_AY765409 301 (1207.0)
denovo10 C1185_AB294629 301 (1216.0)
denovo10 C1184_AB294630 301 (1216.0)
denovo10 C1153_AB294625 301 (1216.0)
denovo10 C1154_AB294626 301 (1216.0)
denovo10 C1187_AB294627 301 (1216.0)
denovo10 C1186_AB294628 301 (1216.0)
denovo10 C57_AY589761 301 (1225.0)
denovo10 C66_AY589771 301 (1225.0)
denovo10 C5_AF499795 300 (1226.0)
denovo10 C1167_AB294586 300 (1235.0)
denovo10 C1164_AB294593 300 (1235.0)
denovo10 C1183_AB294631 300 (1235.0)
denovo10 C1067_DQ335381 300 (1235.0)
denovo10 C1159_AB294613 301 (1216.0)
denovo10 C1150_AB294622 301 (1225.0)
denovo10 C90_AM748554 302 (1251.5)
denovo10 C1168_AB294583 300 (1235.0)
denovo10 C1156_AB294616 300 (1235.0)
denovo10 C1151_AB294621 300 (1253.0)
denovo10 C92a_AM748561 300 (1235.0)
denovo10 C92_AM748560 300 (1244.0)
denovo10 C1165_AB294581 300 (1244.0)
denovo10 C1166_AB294584 300 (1244.0)
denovo10 C1162_AB294594 300 (1244.0)
denovo10 C1163_AB294596 300 (1244.0)
denovo10 C1161_AB294606 300 (1244.0)
denovo10 C1160_AB294608 300 (1244.0)
denovo10 C1158_AB294614 300 (1244.0)
denovo10 C1155_AB294617 300 (1244.0)
denovo10 C1149_AB294620 300 (1244.0)
denovo10 C1173_AB294662 300 (1244.0)
denovo10 C1171_AB294663 300 (1244.0)
denovo10 C1172_AB294665 302 (1249.0)
denovo10 C91a_AM748556 300 (1244.0)
denovo10 C91b_AM748557 300 (1244.0)
denovo10 C91d_AM748559 300 (1244.0)
denovo10 C91c_AM748558 300 (1244.0)
denovo10 C91_AJ621543 300 (1253.0)
denovo10 C91_AM748555 300 (1253.0)
denovo10 C1023_DQ335330 300 (1016.0)
denovo10 C1020_DQ335392 300 (1253.0)
denovo10 C1018_DQ335408 300 (1253.0)
denovo10 C1074_DQ335329 300 (1253.0)
denovo10 C1030_DQ335353 306 (1261.0)
denovo10 C1022_DQ335331 300 (1253.0)
denovo10 C1027_DQ335360 300 (1271.0)
denovo10 C1072_DQ335344 300 (1253.0)
denovo10 C1039_AB190274 300 (1253.0)
denovo10 C1033_DQ335350 305 (1250.0)
denovo10 C1019_DQ335407 300 (1262.0)
denovo10 C1194_EU099826 300 (1220.0)
denovo10 C8b_AY258475 300 (1238.0)
denovo10 C8_AY239367 300 (1262.0)
denovo10 C8a_AY239368 300 (1253.0)
denovo10 C54a_AY765406 300 (1244.0)
denovo10 C3ff_HM185740 300 (1244.0)
denovo10 C59_AY589763 302 (1224.0)
denovo10 C3k_AY589737 300 (1235.0)
denovo10 C3.24_HE579012 300 (1217.0)
denovo10 C3.23_HE579011 300 (1226.0)
denovo10 C35.1_AY765401 300 (1235.0)
denovo10 C35.3_EF541145 300 (1244.0)
denovo10 C76_AY765411 300 (1223.0)
denovo10 C1107_DQ335359 300 (1212.0)
denovo10 C3.22_HE579010 302 (1233.5)
denovo10 C77_AY765412 302 (1218.5)
denovo10 C20_AY239371 303 (1270.0)
denovo10 C1055_DQ480640 301 (1243.0)
denovo10 C27/C30_AY239379 301 (1195.0)
denovo10 C27.1_FJ461517 301 (1186.0)
denovo10 C40a_AY589747 300 (1244.0)
denovo10 C40_AY258485 300 (1253.0)
denovo10 C40b_AY589748 301 (1243.0)
denovo10 C16_AY258477 300 (1253.0)
denovo10 C16a_AY765399 300 (1244.0)
denovo10 C1091_AB207186 300 (1244.0)
denovo10 C1102_DQ335400 300 (1253.0)
denovo10 C1069_DQ335375 300 (1235.0)
denovo10 C1073_DQ335332 300 (1244.0)
denovo10 C1066_DQ335382 300 (1235.0)
denovo10 C1031_DQ335352 300 (1253.0)
denovo10 C1026_DQ335366 300 (1262.0)
denovo10 C70_AY589774 300 (1262.0)
denovo10 C1082_AB190267 300 (1244.0)
denovo10 C1078_AB190271 300 (1244.0)
denovo10 C1090_AB207191 300 (1244.0)
denovo10 C1071_DQ335302 300 (1244.0)
denovo10 C1075_DQ335328 300 (1244.0)
denovo10 C1068_DQ335379 300 (1244.0)
denovo10 C1064_DQ335395 300 (1244.0)
denovo10 C1063_DQ335403 300 (1244.0)
denovo10 C62_AY589766 300 (1253.0)
denovo10 C1077_DQ335316 301 (1243.0)
denovo10 C1109_DQ335338 303 (1261.0)
denovo10 C1110_DQ335340 303 (1252.0)
denovo10 C1106_DQ335339 303 (1243.0)
denovo10 C1112_DQ335319 303 (1252.0)
denovo10 C1108_DQ335351 303 (1243.0)
denovo10 C1105_DQ335394 303 (1252.0)
denovo10 C1121_DQ335378 303 (1234.0)
denovo10 C1116_AB190268 300 (1235.0)
denovo10 C1115_AB190273 300 (1226.0)
denovo10 C1124_DQ335323 303 (1234.0)
denovo10 C1120_DQ335398 303 (1234.0)
denovo10 C1119_DQ335404 303 (1234.0)
denovo10 C1123_DQ335363 303 (1243.0)
denovo10 C1004_DQ480635 300 (1253.0)
denovo10 C1061_AY186568 310 (1254.5)
denovo10 C1053_AY186569 300 (1253.0)
denovo10 C1003_DQ480639 300 (1262.0)
denovo10 C81_GU907657 304 (1138.0)
denovo10 C22_AY239373 300 (1224.5)
denovo10 C22a_AY239374 300 (1215.5)
denovo10 C1232_EU118163 300 (1244.0)
denovo10 C21.13_FJ461515 300 (1196.0)
denovo10 C21.1_JF683323 300 (1214.0)
denovo10 C21.3_JF683325 300 (1205.0)
denovo10 C1.20_HE578993 300 (1253.0)
denovo10 C1.22_HE578995 306 (1252.0)
denovo10 C52_AY589757 300 (1229.0)
denovo10 C1201_EU099793 302 (1227.0)
denovo10 C14_AY589741 300 (1247.0)
denovo10 C43_AY589749 300 (1262.0)
denovo10 C50_AY589755 300 (1253.0)
denovo10 C3.14_HQ630872 300 (1253.0)
denovo10 C1m_AY765398 300 (1262.0)
denovo10 C82_GU907658 300 (1262.0)
denovo10 C82b_GU907660 300 (1262.0)
denovo10 C64_AY589768 300 (1262.0)
denovo10 C45a_AY765404 300 (1298.0)
denovo10 C48_AY589753 302 (1251.5)
denovo10 C1_v1b_FJ919244 300 (1262.0)
denovo10 C1_v1a_FJ919243 300 (1271.0)
denovo10 C3j_AY239366 300 (1253.0)
denovo10 C3t_EF541149 300 (1253.0)
denovo10 C9_AF499798 300 (1271.0)
denovo10 C23_AY239375 300 (1262.0)
denovo10 C37_AY258481 300 (1253.0)
denovo10 C1048_DQ068026 300 (1271.0)
denovo10 C21.4_JF683326 300 (1223.0)
denovo10 C21.5_JF683327 300 (1232.0)
denovo10 C1070_DQ335349 300 (1271.0)
denovo10 C21.6_HQ630873 300 (1232.0)
denovo10 C1224_EU074890 300 (1262.0)
denovo10 C1.17_HE578990 300 (1271.0)
denovo10 C21_b1_FN827162 300 (1205.0)
denovo10 C21.9_JF683330 300 (1214.0)
denovo10 C1085_AY624605 300 (1253.0)
denovo10 C3p_GU907654 305 (1252.5)
denovo10 C3f_AY589734 300 (1262.0)
denovo10 C65a_AY589770 300 (1253.0)
denovo10 C65_AY589769 300 (1262.0)
denovo10 C71_AY589775 300 (1253.0)
denovo10 C71a_AY589776 300 (1244.0)
denovo10 C1178_AB294647 300 (1238.0)
denovo10 C1225_EU074893 300 (1262.0)
denovo10 C75_AY765410 300 (1253.0)
denovo10 C21.10_JF683331 300 (1205.0)
denovo10 C21.11_HQ630874 300 (1214.0)
denovo10 C1065_DQ335388 300 (1253.0)
denovo10 C1045_DQ068036 300 (1262.0)
denovo10 C1h_AY258473 300 (1271.0)
denovo10 C38_AY258482 300 (1253.0)
denovo10 C1202_EU099799 300 (1262.0)
denovo10 C7_AF499797 300 (1262.0)
denovo10 C12_AF499801 302 (1251.5)
denovo10 C38a_AY258483 301 (1243.0)
denovo10 C1200_EU099800 300 (1197.5)
denovo10 C44a_AY589751 300 (1289.0)
denovo10 C47_AY589752 300 (1289.0)
denovo10 C44_AY589750 300 (1298.0)
denovo10 C1.15_HE578988 300 (1271.0)
denovo10 C45.3_FJ461522 300 (1280.0)
denovo10 C46a_AY765405 300 (1271.0)
denovo10 C46_EU449108 300 (1280.0)
denovo10 C3.12_FJ461507 300 (1280.0)
denovo10 C1k_AY589733 300 (1280.0)
denovo10 C67_AY686647 300 (1280.0)
denovo10 C82a_GU907659 300 (1280.0)
denovo10 C10a_AY589739 300 (1271.0)
denovo10 C10_AF499799 300 (1280.0)
denovo10 C13_AY589740 306 (1267.5)
denovo10 C4_AF499794 300 (1280.0)
denovo10 C1147_EF656433 300 (1280.0)
denovo10 C1c/C45_AY239364 300 (1289.0)
denovo10 C1c/C45_EU449103 300 (1289.0)
denovo10 C21.19_HE579031 300 (1205.0)
denovo10 C21.21_HE579033 300 (1205.0)
denovo10 C21.20_HE579032 300 (1214.0)
denovo10 C42b_AY765403 300 (1271.0)
denovo10 C42_AY258487 300 (1271.0)
denovo10 C1p_GU907652 300 (1271.0)
denovo10 C1d_AY258488 300 (1271.0)
denovo10 C42_AY765402 300 (1280.0)
denovo10 C3ha_AY589736 300 (1205.0)
denovo10 C63a_AY589767 302 (1194.5)
denovo10 C21a_AY589744 300 (1214.0)
denovo10 C3o_GU907653 300 (1214.0)
denovo10 C21.16_HQ630875 300 (1214.0)
denovo10 C21.2_JF683324 300 (1214.0)
denovo10 C21.7_JF683328 300 (1214.0)
denovo10 C21.8_JF683329 300 (1214.0)
denovo10 C3h_AY239365 304 (1225.0)
denovo10 C1203_EU099798 300 (1214.0)
denovo10 C3.10_FJ461505 300 (1262.0)
denovo10 C21.14_FJ461516 300 (1214.0)
denovo10 C21.18_HE579030 306 (1201.5)
denovo10 C3.17_HE579005 300 (1262.0)
denovo10 C3.9_FJ461504 300 (1241.0)
denovo10 C3.8_FJ461503 300 (1262.0)
denovo10 C3.7_FJ461502 300 (1271.0)
denovo10 C3.11_FJ461506 300 (1262.0)
denovo10 C3.18_HE579006 300 (1271.0)
denovo10 C3.19_HE579007 300 (1262.0)
denovo10 C3.20_HE579008 300 (1262.0)
denovo10 C3g_AY589735 303 (1253.5)
denovo10 C3a_AF499790 300 (1262.0)
denovo10 C3e_AF499793 300 (1280.0)
denovo10 C6_AF499796 300 (1253.0)
denovo10 C11_AF499800 300 (1262.0)
denovo10 C36_AY258480 300 (1262.0)
denovo10 C29_AY258494 300 (1262.0)
denovo10 C1146_EF656434 300 (1262.0)
denovo10 C1190_EU099841 300 (1262.0)
denovo10 C131_JF320826 300 (1262.0)
denovo10 C28_AY239380 302 (1251.5)
denovo10 C1012_DQ480604 300 (1262.0)
denovo10 C1181_AB294640 300 (1247.0)
denovo10 C1180_AB294641 309 (1254.5)
denovo10 C1179_AB294645 300 (1247.0)
denovo10 C1176_AB294651 300 (1247.0)
denovo10 C1175_AB294653 300 (1247.0)
denovo10 C1174_AB294655 300 (1247.0)
denovo10 C1177_AB294659 300 (1247.0)
denovo10 C1040_AB190269 300 (1262.0)
denovo10 C1182_AB294649 300 (1262.0)
denovo10 C1089_AJ278598 300 (1262.0)
denovo10 C1028_DQ335357 300 (1262.0)
denovo10 C3.16_EU786015 300 (1271.0)
denovo10 C1097_AJ311943 301 (1252.0)
denovo10 C1170_AB294661 300 (1247.0)
denovo10 C21.17_HE579029 300 (1225.0)
denovo10 C21/3d/C3k_AY239372 300 (1223.0)
denovo10 C58_AY589762 301 (1213.0)
denovo10 C3L_AY589738 303 (1239.0)
denovo10 C1169_AB294660 300 (1256.0)
denovo10 C3.2_FJ461497 300 (1256.0)
denovo10 C3.1_JF683321 300 (1256.0)
denovo10 C1104_AF427469 301 (1261.0)
denovo10 C3b_AF499791 300 (1265.0)
denovo10 C83_GU907661 302 (1260.5)
denovo10 C49_AY589754 341 (1241.0)
denovo10 C3_AB778606 300 (1271.0)
denovo10 C3_AF499789 300 (1271.0)
denovo10 C3_HE579001 300 (1271.0)
denovo10 C21.12_FJ461514 300 (1214.0)
denovo10 C1229_EU074888 300 (1203.0)
denovo10 C1230_EU074889 300 (1212.0)
denovo10 C1114_AB207196 300 (1253.0)
denovo10 C3.21_HE579009 300 (1202.5)
denovo10 C1057_DQ480619 300 (1262.0)
denovo10 C72_AY765407 300 (1234.0)
denovo10 C1b.3_HE578999 300 (1256.0)
denovo10 C93_AJ621536 300 (1280.0)
denovo10 C94_AJ621539 300 (1289.0)
denovo10 C1g_AY589730 300 (1271.0)
denovo10 C1i_AY589731 300 (1262.0)
denovo10 C1j_AY589732 300 (1271.0)
denovo10 C1005_DQ480633 300 (1271.0)
denovo10 C1.7_FJ461494 300 (1271.0)
denovo10 C1.11_HE578984 300 (1271.0)
denovo10 C1.12_HE578985 300 (1271.0)
denovo10 C1.13_HE578986 300 (1271.0)
denovo10 C1.14_HE578987 300 (1271.0)
denovo10 C1.18_HE578991 300 (1271.0)
denovo10 C1.19_HE578992 303 (1279.0)
denovo10 C1199_EU099802 300 (1265.0)
denovo10 C1188_EU099838 300 (1280.0)
denovo10 C1002_DQ838544 300 (1280.0)
denovo10 C1198_EU099810 300 (1271.0)
denovo10 C24_AY239376 300 (1262.0)
denovo10 C1f_AY258490 300 (1271.0)
denovo10 C1006_DQ480629 300 (1271.0)
denovo10 C1010_DQ480607 300 (1271.0)
denovo10 C1007_DQ480624 300 (1262.0)
denovo10 C1011_DQ480605 300 (1271.0)
denovo10 C1009_DQ480608 300 (1271.0)
denovo10 C1041_AY186548 300 (1262.0)
denovo10 C1052_AY186570 300 (1271.0)
denovo10 C1148_EU040178 300 (1289.0)
denovo10 C1234_EU118165 301 (1288.0)
denovo10 C1.5_EF634157 300 (1271.0)
denovo10 C1059_DQ480609 304 (1273.0)
denovo10 C1228_EU074883 300 (1271.0)
denovo10 C1208_EU074963 300 (1271.0)
denovo10 C1207_EU074964 300 (1271.0)
denovo10 C1206_EU074965 300 (1271.0)
denovo10 C1013_DQ480642 300 (1262.0)
denovo10 C80_GU907656 310 (1256.5)
denovo10 C1a_AF499788 300 (1271.0)
denovo10 C41_AY258486 300 (1271.0)
denovo10 C39_AY258484 300 (1193.5)
denovo10 C1231_EU074878 306 (1279.0)
denovo10 C1b.1_HE578997 306 (1264.0)
denovo10 C18_AY258478 300 (1271.0)
denovo10 C1.10_HE578983 300 (1232.0)
denovo10 C1_JN558041 300 (1280.0)
denovo10 C1_HE578979 300 (1280.0)
denovo10 C1_AM748551 300 (1280.0)
denovo10 C1_AF333515 300 (1280.0)
denovo10 C1054_AY186565 301 (1270.0)
denovo10 C1008_DQ480613 300 (1271.0)
denovo10 C1103_AF427470 301 (1270.0)
denovo10 C1226_EU074881 301 (1270.0)
denovo10 C1b/C1e_AY239363 300 (1265.0)
denovo10 C1044_DQ068038 300 (1265.0)
denovo10 C1017_DQ174729 301 (1255.0)
denovo10 C1.6_FJ461493 300 (1289.0)
denovo10 C1b.2_HE578998 300 (1274.0)
denovo10 C1060_DQ480600 300 (1271.0)
denovo10 C1227_EU074882 300 (1271.0)
denovo10 C1197_EU099814 300 (1271.0)
denovo10 C1130_DQ480643 303 (1210.0)
denovo10 D109_AB097465 351 (502.0)
denovo10 D1.11_HE579040 342 (514.5)
denovo10 D105_AF174570 342 (514.0)
denovo10 D104_AF174572 349 (499.0)
denovo10 D1.3_JF683337 343 (508.5)
denovo10 D1.10_HE579039 343 (499.5)
denovo10 D110_AF174561 343 (499.5)
denovo10 D117_AF174542 343 (499.5)
denovo10 D114_AF174549 343 (508.5)
denovo10 D113_AF174557 347 (493.0)
denovo10 D112_AF174558 351 (505.0)
denovo10 D106_AF174559 343 (508.5)
denovo10 D111_AF174560 342 (514.0)
denovo10 D115_AF174562 343 (508.5)
denovo10 D107_AF174568 344 (510.5)
denovo10 D116_AF174571 342 (514.5)
denovo10 D124_EU074897 351 (495.5)
denovo10 D1.8_HE579037 343 (508.5)
denovo10 D3_AY686650 346 (508.5)
denovo10 D1.6_HQ630881 343 (499.5)
denovo10 D120_EU074900 343 (491.0)
denovo10 D121_EU074904 342 (514.5)
denovo10 D122_EU074905 343 (499.5)
denovo10 D1a.2_JF683339 351 (506.5)
denovo10 D1a.1_JF683338 351 (504.5)
denovo10 D2_AY686649 591 (555.5)
denovo10 D4_DQ865214 350 (499.0)
denovo10 D1a_AF499802 343 (500.0)
denovo10 D1a_JN558078 343 (500.0)
denovo10 D123_EU074895 343 (508.5)
denovo10 D108_AF174567 350 (502.5)
denovo10 D103_AF174575 349 (507.5)
denovo10 D100_AF411415 351 (505.0)
denovo10 D118_EF656435 352 (499.0)
denovo10 D101_AF411416 351 (490.0)
denovo10 D119_EU099832 347 (494.5)
denovo10 D102_AF174573 343 (511.5)
denovo10 D1_AF334660 343 (508.5)
denovo10 D1_JN558076 343 (508.5)
denovo10 D1.12_HE579041 334 (483.0)
denovo10 D1.1_AM748564 420 (505.0)
denovo10 D1.2_AM748617 402 (511.5)
denovo10 E111_EU074915 365 (441.5)
denovo10 E110_EU074914 368 (467.5)
denovo10 E114_EU074909 364 (456.0)
denovo10 E1_AF334659 364 (452.5)
denovo10 E105_EU074921 363 (462.5)
denovo10 E112_EU074916 364 (447.0)
denovo10 E104_EU074922 365 (450.0)
denovo10 E102_EU074924 368 (449.5)
denovo10 E103_EU074923 364 (456.0)
denovo10 E101_AY160123 361 (442.5)
denovo10 E109_EU074913 368 (442.0)
denovo10 E100_DQ011618 371 (448.0)
denovo10 E108_EU074912 361 (446.0)
denovo10 E113_EU074908 360 (446.5)
denovo10 E107_EU074910 361 (446.0)
denovo10 F1_JN558066 310 (928.0)
denovo10 F5.2d_AJ291530 307 (911.5)
denovo10 F104_AJ291531 307 (911.5)
denovo10 F5.2c_AM748596 307 (911.5)
denovo10 F5.2_AM748594 304 (920.5)
denovo10 F5.2a_AM748614 304 (920.5)
denovo10 F5.2b_AM748595 304 (911.5)
denovo10 F5.2e_AJ291533 305 (906.5)
denovo10 F5.2g_JN558072 304 (911.5)
denovo10 F5.2f_AJ291512 304 (920.5)
denovo10 F102_AJ291534 304 (911.5)
denovo10 F5.1c_AM748593 309 (898.5)
denovo10 F5.1d_JN558069 309 (925.5)
denovo10 F5.1b_AJ291535 307 (921.5)
denovo10 F5.1_AM748592 309 (925.5)
denovo10 F5.1a_AM748591 308 (923.5)
denovo10 F110_AJ291526 327 (821.5)
denovo10 F4.7_AM748587 317 (832.0)
denovo10 F4.5_AM748585 308 (858.0)
denovo10 F4.4a_AM748583 303 (898.5)
denovo10 F4.4_AM748582 306 (895.5)
denovo10 F4.4b_AM748584 308 (893.0)
denovo10 F4.1a_AM748573 319 (808.5)
denovo10 F112_AJ291528 322 (825.5)
denovo10 F4.1_AM748572 319 (817.5)
denovo10 F4.8b_AM748590 310 (825.5)
denovo10 F4.8_AM748588 312 (823.0)
denovo10 F4.8a_AM748589 310 (825.5)
denovo10 F109_AJ291527 316 (812.0)
denovo10 F4.6_AM748586 315 (832.0)
denovo10 F111_AJ311949 315 (856.0)
denovo10 F4.3c_AM748581 314 (863.5)
denovo10 F4.3a_AM748579 311 (854.0)
denovo10 F4.3b_AM748580 311 (854.0)
denovo10 F4.3_AM748578 311 (863.0)
denovo10 F4.2_AM748574 310 (873.5)
denovo10 F4.2a_AM748575 309 (865.0)
denovo10 F4.2c_AM748577 310 (864.5)
denovo10 F4.2b_AM748576 309 (874.0)
denovo10 F2b_AJ291521 317 (918.0)
denovo10 F2_AJ830908 315 (902.5)
denovo10 F2a_AJ830911 316 (896.0)
denovo10 F3.1a_AM748566 317 (859.0)
denovo10 F114_AJ291525 321 (888.0)
denovo10 F3.1_AM748565 317 (886.0)
denovo10 F3.2_AM748567 314 (913.5)
denovo10 F3.2a_AM748568 316 (937.0)
denovo10 F3.3_AM748569 306 (851.5)
denovo10 F3.4a_AM748571 316 (807.5)
denovo10 F3.4_AM748570 316 (798.5)
denovo10 F3.4b_AM748616 310 (799.0)
denovo10 G101_AJ291539 356 (519.5)
denovo10 G1_AM748597 356 (519.5)
denovo10 G2b_JN558087 337 (519.0)
denovo10 G2_AM748598 340 (510.5)
denovo10 G2a_AM748599 337 (519.0)
denovo10 G4_AM748601 347 (535.0)
denovo10 G3.4_LK392378 336 (534.0)
denovo10 G3_AM748600 345 (544.0)
denovo10 G3.2_KC597694 329 (437.0)
denovo10 G3.1_KC597688 337 (518.5)
denovo10 G100_AB253788 343 (518.5)
denovo10 G3.3_LK392377 335 (514.0)
denovo10 H6_AJ291520 653 (321.5)
denovo10 H3_AM748606 306 (880.0)
denovo10 H2_AM748605 307 (927.0)
denovo10 H4_AM748607 315 (855.5)
denovo10 H4a_AM748608 315 (870.5)
denovo10 H5a_AM748611 310 (849.0)
denovo10 H5b_AM748610 313 (856.5)
denovo10 H5_AJ621129 310 (858.0)
denovo10 H5_AM748609 310 (858.0)
denovo10 H100_AJ291513 313 (874.5)
denovo10 H1b_AM748604 318 (875.0)
denovo10 H1a_AM748612 318 (866.0)
denovo10 H1_AJ621152 318 (875.0)
denovo10 H1_AM748602 318 (875.0)
denovo10 I3_FN561561 345 (704.0)
denovo10 I4_FN561562 332 (711.5)
denovo10 I1_FN561559 336 (686.5)
denovo10 I2_FN561560 332 (711.5)

#---------------------------------------
#---------------------------------------
