denovo5 A136_DQ865210 335 (460.5)
denovo5 A133_DQ174725 343 (471.0)
denovo5 A115_AF180123 335 (462.5)
denovo5 A117_AF201746 336 (501.0)
denovo5 A134_DQ174723 336 (509.0)
denovo5 A114_AF184941 336 (500.0)
denovo5 A135_DQ174727 343 (494.0)
denovo5 A2_AF333506 343 (509.0)
denovo5 A101_AF427468 343 (494.5)
denovo5 A2_1_JN558097 343 (494.5)
denovo5 A2_2_JN558100 343 (494.5)
denovo5 A113_AF184948 340 (468.5)
denovo5 A112_AF184949 334 (470.5)
denovo5 A123_EF378618 342 (329.5)
denovo5 A137_EF378621 341 (380.5)
denovo5 A11_EU449041 326 (481.0)
denovo5 A121_DQ174722 336 (469.0)
denovo5 A15b_EU792886 322 (456.5)
denovo5 A15a_EU792885 332 (469.0)
denovo5 A15c_EU792887 329 (468.0)
denovo5 A15_EU792884 322 (465.5)
denovo5 A147_EU074937 335 (478.0)
denovo5 A154_EU074860 339 (462.0)
denovo5 A146_EU074936 336 (470.5)
denovo5 A150_EU074928 336 (479.0)
denovo5 A116_AF183575 327 (480.5)
denovo5 A141_EU074931 336 (479.5)
denovo5 A5_AF333508 335 (483.5)
denovo5 A3b_EU449043 335 (487.0)
denovo5 A151_EU074925 337 (474.5)
denovo5 A152_EU074927 336 (472.0)
denovo5 A149_EU074929 338 (469.0)
denovo5 A140_EU074930 335 (469.0)
denovo5 A142_EU074932 335 (469.0)
denovo5 A143_EU074933 330 (481.0)
denovo5 A144_EU074934 335 (478.0)
denovo5 A145_EU074935 337 (483.0)
denovo5 A148_EU074938 339 (472.0)
denovo5 A155_EU074856 335 (487.0)
denovo5 A156_EU074859 335 (469.0)
denovo5 A139_EU074962 336 (471.5)
denovo5 A6_AF186058 335 (478.0)
denovo5 A3_AF333507 335 (478.0)
denovo5 A3_JN558091 335 (478.0)
denovo5 A8_AY258468 335 (488.0)
denovo5 A7_AY239360 326 (487.5)
denovo5 A16_EU792888 335 (488.0)
denovo5 A4.3_FN429763 343 (472.0)
denovo5 A120_AF180122 343 (472.5)
denovo5 A4.2_FN429761 341 (463.0)
denovo5 A4_AF333509 341 (482.0)
denovo5 A4.1_FN429760 340 (486.0)
denovo5 A4a_AF499778 341 (482.5)
denovo5 A4a.1_FN429762 341 (482.5)
denovo5 A138_EF378620 335 (480.5)
denovo5 A122_EF378619 334 (490.5)
denovo5 A126_EF378615 333 (491.5)
denovo5 A10_EU792882 333 (491.5)
denovo5 A9_EU449028 339 (476.0)
denovo5 A105_AB207202 338 (473.0)
denovo5 A119_AF180121 334 (495.5)
denovo5 A12_EU792883 342 (476.5)
denovo5 A104_AB207203 339 (485.0)
denovo5 A1a_EU449030 343 (479.5)
denovo5 A1.3_HE578976 336 (476.5)
denovo5 A1.4_HE578977 341 (481.5)
denovo5 A13_AF333504 340 (479.0)
denovo5 A13_JN558094 340 (479.0)
denovo5 A110_AB190282 339 (476.0)
denovo5 A103_AB207206 339 (485.0)
denovo5 A130_EF656428 339 (476.0)
denovo5 A127_EF656429 339 (485.0)
denovo5 A128_EF656430 339 (476.0)
denovo5 A129_EF656431 339 (485.0)
denovo5 A131_EF656432 339 (485.0)
denovo5 A118_AF180120 333 (487.0)
denovo5 A1_AF333505 339 (485.0)
denovo5 A107_AB207199 339 (494.0)
denovo5 A111_AB190280 339 (494.0)
denovo5 A108_AB207197 339 (461.0)
denovo5 A106_AB207200 339 (486.0)
denovo5 A102_AB207209 339 (485.0)
denovo5 A1.2_AB207210 339 (485.0)
denovo5 A109_AB190285 339 (486.0)
denovo5 B4_AF333510 321 (662.5)
denovo5 B23_EU449079 328 (572.5)
denovo5 B30_GU907644 337 (571.5)
denovo5 B11_AY239361 330 (614.0)
denovo5 B17_AY258470 337 (605.5)
denovo5 B1k_GU907638 301 (349.5)
denovo5 B1.V_Green2014 335 (574.5)
denovo5 B1b_AF499780 320 (596.5)
denovo5 B16_AY258469 328 (607.5)
denovo5 B31a_GU907646 331 (606.5)
denovo5 B32_GU907647 331 (606.5)
denovo5 B31_GU907645 331 (615.5)
denovo5 B1j_GU907637 331 (633.5)
denovo5 B37_GU907650 340 (625.5)
denovo5 B5a_AF499782 330 (612.0)
denovo5 B5_AF499781 330 (621.0)
denovo5 B24_GU907643 331 (527.5)
denovo5 B117_AF180124 331 (607.5)
denovo5 B10_AF499787 330 (622.0)
denovo5 B20_GU907642 333 (617.0)
denovo5 B1m_GU907640 331 (624.5)
denovo5 B34_GU907649 331 (624.5)
denovo5 B1d_GU907633 331 (625.0)
denovo5 B1e_GU907634 331 (625.0)
denovo5 B1i_GU907636 331 (624.5)
denovo5 B1g_GU907635 334 (611.0)
denovo5 B123_EU074872 331 (615.5)
denovo5 B8_AF499785 332 (615.0)
denovo5 B1l_GU907639 331 (615.5)
denovo5 B1a_AF499779 331 (624.5)
denovo5 B14_AY239362 332 (605.5)
denovo5 B125_EU074865 331 (615.5)
denovo5 B122_EU074871 331 (615.5)
denovo5 B124_EU074874 331 (615.5)
denovo5 B1.VII_Green2014 333 (578.0)
denovo5 B1.III_Green2014 327 (596.0)
denovo5 B1.I_Green2014 331 (624.5)
denovo5 B1.II_Green2014 331 (624.5)
denovo5 B1_JN558057 331 (624.5)
denovo5 B1_AF333511 331 (624.5)
denovo5 B1.IV_Green2014 342 (623.0)
denovo5 B121_EU074870 332 (626.5)
denovo5 B7_AF499784 331 (633.5)
denovo5 B1.VI_Green2014 331 (615.5)
denovo5 B3_AF333514 330 (617.0)
denovo5 B9_AF499786 326 (596.0)
denovo5 B19a_JN558055 323 (578.5)
denovo5 B119_EU099825 339 (552.0)
denovo5 B21_DQ865213 323 (584.0)
denovo5 B38_GU907651 323 (584.0)
denovo5 B18_AY258471 330 (599.0)
denovo5 B18a_AY258472 330 (590.0)
denovo5 B33_GU907648 326 (586.0)
denovo5 B6_AF499783 331 (603.0)
denovo5 B19_DQ865212 326 (596.5)
denovo5 B19_GU907641 326 (596.5)
denovo5 B2_AF333512 326 (605.5)
denovo5 B2_JN558060 326 (605.5)
denovo5 C33.1_AY258498 300 (1235.0)
denovo5 C33.2_AY765400 300 (1235.0)
denovo5 C33a_EF541147 300 (1235.0)
denovo5 C34_AY258499 300 (1244.0)
denovo5 C78_AY765413 300 (1208.0)
denovo5 C15.29_KC597690 302 (1204.0)
denovo5 C1131_DQ182650 300 (1144.0)
denovo5 C1135_DQ182646 300 (1135.0)
denovo5 C1134_DQ182647 300 (1135.0)
denovo5 C1142_DQ182635 300 (1144.0)
denovo5 C1136_DQ182644 300 (1114.0)
denovo5 C1111_DQ182645 300 (1114.0)
denovo5 C1236_EF473656 300 (1123.0)
denovo5 C1138_DQ182642 300 (1123.0)
denovo5 C1137_DQ182643 300 (1123.0)
denovo5 C1133_DQ182648 300 (1123.0)
denovo5 C1132_DQ182649 300 (1123.0)
denovo5 C1143_DQ182634 300 (1132.0)
denovo5 C1139_DQ182639 300 (1171.0)
denovo5 C15.28_KC597687 300 (1199.0)
denovo5 C1141_DQ182636 300 (1162.0)
denovo5 C1144_DQ182637 300 (1153.0)
denovo5 C1122_DQ182654 300 (1162.0)
denovo5 C1127_DQ182652 300 (1180.0)
denovo5 C15.30_JX394114 300 (1217.0)
denovo5 C15.26_KC597686 300 (1217.0)
denovo5 C1086_DQ182656 300 (1217.0)
denovo5 C15.25_KC597685 300 (1226.0)
denovo5 C1118_AF180127 300 (1141.0)
denovo5 C1129_DQ182651 300 (1189.0)
denovo5 C15.21_KC597683 300 (1217.0)
denovo5 C56_AY589760 300 (1235.0)
denovo5 C1140_DQ182638 300 (1189.0)
denovo5 C1126_DQ182653 300 (1180.0)
denovo5 C15c_AY258492 300 (1235.0)
denovo5 C15d_AY258493 300 (1226.0)
denovo5 C1098_DQ182641 300 (1205.5)
denovo5 C15.27_KC597689 300 (1235.0)
denovo5 C15.18_HE579024 300 (1235.0)
denovo5 C15.16_HE579022 300 (1235.0)
denovo5 C1101_AB253787 300 (1235.0)
denovo5 C1083_AY237300 300 (1235.0)
denovo5 C1088_DQ182640 300 (1235.0)
denovo5 C15.6_FN563472 300 (1244.0)
denovo5 C15.5_FJ461512 300 (1244.0)
denovo5 C15.4_FJ461511 300 (1253.0)
denovo5 C15.13_HE579019 300 (1235.0)
denovo5 C15.12_HE579018 300 (1244.0)
denovo5 C93a_AM748563 300 (1253.0)
denovo5 C1094_AJ291514 300 (1235.0)
denovo5 C93_AM748562 300 (1244.0)
denovo5 C15.17_HE579023 300 (1229.0)
denovo5 C15e_AY589742 300 (1229.0)
denovo5 C15.22_KC597695 300 (1244.0)
denovo5 C60_AY589764 300 (1244.0)
denovo5 C15.1_FJ461508 300 (1244.0)
denovo5 C15.2_FJ461509 300 (1244.0)
denovo5 C15.9_FN563475 300 (1244.0)
denovo5 C15.7_HE579015 300 (1244.0)
denovo5 C15.8_HE579016 300 (1244.0)
denovo5 C15.15_HE579021 300 (1244.0)
denovo5 C15.19_HE579025 300 (1244.0)
denovo5 C15.24_KC597696 300 (1235.0)
denovo5 C15.3_FJ461510 300 (1253.0)
denovo5 C1087_DQ182655 300 (1244.0)
denovo5 C15.14_HE579020 301 (1234.0)
denovo5 C15.23_KC597697 301 (1234.0)
denovo5 C19_AY258479 300 (1256.0)
denovo5 C1233_EU118166 300 (1244.0)
denovo5 C15b_AY258491 300 (1244.0)
denovo5 C15a_AY258476 300 (1262.0)
denovo5 C1051_AF195153 300 (1262.0)
denovo5 C2_AF333518 301 (1252.0)
denovo5 C15.20_HE579026 301 (1243.0)
denovo5 C15f_AY589743 301 (1243.0)
denovo5 C55_AY589759 304 (1241.5)
denovo5 C15_AY239369 300 (1253.0)
denovo5 C32.1_JF683335 309 (1104.5)
denovo5 C32.2_JF683336 309 (1122.5)
denovo5 C21.23_KC597693 309 (1122.5)
denovo5 C1193_EU099827 301 (1216.0)
denovo5 C1195_EU099821 308 (1212.5)
denovo5 C3q_GU907655 301 (1186.0)
denovo5 C53_AY589758 300 (1235.0)
denovo5 C73_AY765408 305 (1192.5)
denovo5 C17.2.1_KC597684 302 (1190.5)
denovo5 C32_AY258497 300 (1214.0)
denovo5 C1189_EU099831 300 (1223.0)
denovo5 C1191_EU099833 300 (1214.0)
denovo5 C1196_EU099819 300 (1223.0)
denovo5 C1192_EU099820 300 (1223.0)
denovo5 C17.1_JF683322 300 (1232.0)
denovo5 C26_b2_FN827164 301 (1222.0)
denovo5 C26_b3_FN827165 301 (1213.0)
denovo5 C31.9_HQ630879 303 (1211.5)
denovo5 C31a_AY589746 302 (1214.5)
denovo5 C30_AY589745 302 (1214.5)
denovo5 C31.1_HQ630876 302 (1214.5)
denovo5 C31.5_HQ630877 302 (1214.5)
denovo5 C31.6_HQ630878 302 (1223.5)
denovo5 C31.2_JF683332 302 (1214.5)
denovo5 C31.3_JF683333 302 (1214.5)
denovo5 C26/C35a_AY239378 301 (1222.0)
denovo5 C35a_AY258501 301 (1222.0)
denovo5 C35.2_AY258500 301 (1231.0)
denovo5 C26_b1_FN827163 301 (1231.0)
denovo5 C17_AY239370 300 (1241.0)
denovo5 C17.2_FJ461513 302 (1230.5)
denovo5 C31.10_HQ630880 303 (1220.5)
denovo5 C31.4_JF683334 306 (1221.0)
denovo5 C31_AY258496 302 (1223.5)
denovo5 C25_AY239377 302 (1224.5)
denovo5 C61_AY589765 300 (1201.0)
denovo5 C1043_DQ072721 300 (1230.0)
denovo5 C79_AY765414 300 (1235.0)
denovo5 C69_AY589773 301 (1174.5)
denovo5 C69a_AY686648 301 (1165.5)
denovo5 C21.22_KC597692 300 (1205.0)
denovo5 C51_AY589756 300 (1244.0)
denovo5 C1aa_HM185739 300 (1254.0)
denovo5 C1096_DQ068023 300 (1214.0)
denovo5 C74_AY765409 301 (1225.0)
denovo5 C1185_AB294629 301 (1234.0)
denovo5 C1184_AB294630 301 (1234.0)
denovo5 C1153_AB294625 301 (1234.0)
denovo5 C1154_AB294626 301 (1234.0)
denovo5 C1187_AB294627 301 (1234.0)
denovo5 C1186_AB294628 301 (1234.0)
denovo5 C57_AY589761 301 (1243.0)
denovo5 C66_AY589771 301 (1243.0)
denovo5 C5_AF499795 300 (1253.0)
denovo5 C1167_AB294586 300 (1253.0)
denovo5 C1164_AB294593 300 (1253.0)
denovo5 C1183_AB294631 300 (1253.0)
denovo5 C1067_DQ335381 300 (1253.0)
denovo5 C1159_AB294613 301 (1234.0)
denovo5 C1150_AB294622 301 (1243.0)
denovo5 C90_AM748554 302 (1269.5)
denovo5 C1168_AB294583 300 (1253.0)
denovo5 C1156_AB294616 300 (1253.0)
denovo5 C1151_AB294621 300 (1271.0)
denovo5 C92a_AM748561 300 (1253.0)
denovo5 C92_AM748560 300 (1262.0)
denovo5 C1165_AB294581 300 (1262.0)
denovo5 C1166_AB294584 300 (1262.0)
denovo5 C1162_AB294594 300 (1262.0)
denovo5 C1163_AB294596 300 (1262.0)
denovo5 C1161_AB294606 300 (1262.0)
denovo5 C1160_AB294608 300 (1262.0)
denovo5 C1158_AB294614 300 (1262.0)
denovo5 C1155_AB294617 300 (1262.0)
denovo5 C1149_AB294620 300 (1262.0)
denovo5 C1173_AB294662 300 (1262.0)
denovo5 C1171_AB294663 300 (1262.0)
denovo5 C1172_AB294665 300 (1262.0)
denovo5 C91a_AM748556 300 (1262.0)
denovo5 C91b_AM748557 300 (1262.0)
denovo5 C91d_AM748559 300 (1262.0)
denovo5 C91c_AM748558 300 (1262.0)
denovo5 C91_AJ621543 300 (1271.0)
denovo5 C91_AM748555 300 (1271.0)
denovo5 C1023_DQ335330 300 (1043.0)
denovo5 C1020_DQ335392 300 (1271.0)
denovo5 C1018_DQ335408 300 (1271.0)
denovo5 C1074_DQ335329 300 (1271.0)
denovo5 C1030_DQ335353 300 (1289.0)
denovo5 C1022_DQ335331 300 (1271.0)
denovo5 C1027_DQ335360 300 (1289.0)
denovo5 C1072_DQ335344 300 (1271.0)
denovo5 C1039_AB190274 300 (1271.0)
denovo5 C1033_DQ335350 305 (1268.0)
denovo5 C1019_DQ335407 300 (1280.0)
denovo5 C1194_EU099826 300 (1247.0)
denovo5 C8b_AY258475 300 (1256.0)
denovo5 C8_AY239367 300 (1280.0)
denovo5 C8a_AY239368 300 (1271.0)
denovo5 C54a_AY765406 300 (1262.0)
denovo5 C3ff_HM185740 300 (1262.0)
denovo5 C59_AY589763 302 (1242.0)
denovo5 C3k_AY589737 300 (1253.0)
denovo5 C3.24_HE579012 300 (1235.0)
denovo5 C3.23_HE579011 300 (1244.0)
denovo5 C35.1_AY765401 300 (1253.0)
denovo5 C35.3_EF541145 300 (1262.0)
denovo5 C76_AY765411 300 (1232.0)
denovo5 C1107_DQ335359 300 (1239.0)
denovo5 C3.22_HE579010 302 (1260.5)
denovo5 C77_AY765412 302 (1236.5)
denovo5 C20_AY239371 300 (1271.0)
denovo5 C1055_DQ480640 301 (1261.0)
denovo5 C27/C30_AY239379 301 (1222.0)
denovo5 C27.1_FJ461517 301 (1213.0)
denovo5 C40a_AY589747 300 (1262.0)
denovo5 C40_AY258485 300 (1271.0)
denovo5 C40b_AY589748 301 (1261.0)
denovo5 C16_AY258477 300 (1271.0)
denovo5 C16a_AY765399 300 (1262.0)
denovo5 C1091_AB207186 300 (1262.0)
denovo5 C1102_DQ335400 300 (1253.0)
denovo5 C1069_DQ335375 300 (1253.0)
denovo5 C1073_DQ335332 300 (1262.0)
denovo5 C1066_DQ335382 300 (1253.0)
denovo5 C1031_DQ335352 300 (1271.0)
denovo5 C1026_DQ335366 300 (1280.0)
denovo5 C70_AY589774 300 (1280.0)
denovo5 C1082_AB190267 300 (1262.0)
denovo5 C1078_AB190271 300 (1262.0)
denovo5 C1090_AB207191 300 (1262.0)
denovo5 C1071_DQ335302 300 (1262.0)
denovo5 C1075_DQ335328 300 (1262.0)
denovo5 C1068_DQ335379 300 (1262.0)
denovo5 C1064_DQ335395 300 (1262.0)
denovo5 C1063_DQ335403 300 (1262.0)
denovo5 C62_AY589766 300 (1271.0)
denovo5 C1077_DQ335316 301 (1261.0)
denovo5 C1109_DQ335338 300 (1262.0)
denovo5 C1110_DQ335340 300 (1253.0)
denovo5 C1106_DQ335339 300 (1244.0)
denovo5 C1112_DQ335319 300 (1253.0)
denovo5 C1108_DQ335351 300 (1244.0)
denovo5 C1105_DQ335394 300 (1253.0)
denovo5 C1121_DQ335378 300 (1235.0)
denovo5 C1116_AB190268 300 (1253.0)
denovo5 C1115_AB190273 300 (1244.0)
denovo5 C1124_DQ335323 300 (1235.0)
denovo5 C1120_DQ335398 300 (1235.0)
denovo5 C1119_DQ335404 300 (1235.0)
denovo5 C1123_DQ335363 300 (1244.0)
denovo5 C1004_DQ480635 300 (1271.0)
denovo5 C1061_AY186568 300 (1271.0)
denovo5 C1053_AY186569 300 (1271.0)
denovo5 C1003_DQ480639 300 (1280.0)
denovo5 C81_GU907657 304 (1129.0)
denovo5 C22_AY239373 300 (1242.5)
denovo5 C22a_AY239374 300 (1233.5)
denovo5 C1232_EU118163 300 (1262.0)
denovo5 C21.13_FJ461515 300 (1214.0)
denovo5 C21.1_JF683323 300 (1223.0)
denovo5 C21.3_JF683325 300 (1232.0)
denovo5 C1.20_HE578993 300 (1271.0)
denovo5 C1.22_HE578995 300 (1262.0)
denovo5 C52_AY589757 300 (1247.0)
denovo5 C1201_EU099793 302 (1245.0)
denovo5 C14_AY589741 300 (1265.0)
denovo5 C43_AY589749 300 (1280.0)
denovo5 C50_AY589755 300 (1271.0)
denovo5 C3.14_HQ630872 300 (1271.0)
denovo5 C1m_AY765398 300 (1280.0)
denovo5 C82_GU907658 300 (1280.0)
denovo5 C82b_GU907660 300 (1280.0)
denovo5 C64_AY589768 300 (1262.0)
denovo5 C45a_AY765404 300 (1298.0)
denovo5 C48_AY589753 302 (1269.5)
denovo5 C1_v1b_FJ919244 300 (1280.0)
denovo5 C1_v1a_FJ919243 300 (1289.0)
denovo5 C3j_AY239366 300 (1271.0)
denovo5 C3t_EF541149 300 (1271.0)
denovo5 C9_AF499798 300 (1289.0)
denovo5 C23_AY239375 300 (1280.0)
denovo5 C37_AY258481 300 (1271.0)
denovo5 C1048_DQ068026 300 (1289.0)
denovo5 C21.4_JF683326 300 (1232.0)
denovo5 C21.5_JF683327 300 (1241.0)
denovo5 C1070_DQ335349 300 (1271.0)
denovo5 C21.6_HQ630873 300 (1241.0)
denovo5 C1224_EU074890 300 (1289.0)
denovo5 C1.17_HE578990 300 (1289.0)
denovo5 C21_b1_FN827162 300 (1232.0)
denovo5 C21.9_JF683330 300 (1241.0)
denovo5 C1085_AY624605 300 (1271.0)
denovo5 C3p_GU907654 300 (1265.0)
denovo5 C3f_AY589734 300 (1280.0)
denovo5 C65a_AY589770 300 (1271.0)
denovo5 C65_AY589769 300 (1280.0)
denovo5 C71_AY589775 300 (1271.0)
denovo5 C71a_AY589776 300 (1262.0)
denovo5 C1178_AB294647 300 (1256.0)
denovo5 C1225_EU074893 300 (1280.0)
denovo5 C75_AY765410 300 (1271.0)
denovo5 C21.10_JF683331 300 (1232.0)
denovo5 C21.11_HQ630874 300 (1241.0)
denovo5 C1065_DQ335388 300 (1271.0)
denovo5 C1045_DQ068036 300 (1280.0)
denovo5 C1h_AY258473 300 (1289.0)
denovo5 C38_AY258482 300 (1271.0)
denovo5 C1202_EU099799 300 (1271.0)
denovo5 C7_AF499797 300 (1280.0)
denovo5 C12_AF499801 302 (1269.5)
denovo5 C38a_AY258483 301 (1261.0)
denovo5 C1200_EU099800 300 (1224.5)
denovo5 C44a_AY589751 300 (1289.0)
denovo5 C47_AY589752 300 (1289.0)
denovo5 C44_AY589750 300 (1298.0)
denovo5 C1.15_HE578988 300 (1289.0)
denovo5 C45.3_FJ461522 300 (1298.0)
denovo5 C46a_AY765405 300 (1289.0)
denovo5 C46_EU449108 300 (1298.0)
denovo5 C3.12_FJ461507 300 (1298.0)
denovo5 C1k_AY589733 300 (1298.0)
denovo5 C67_AY686647 300 (1298.0)
denovo5 C82a_GU907659 300 (1298.0)
denovo5 C10a_AY589739 300 (1289.0)
denovo5 C10_AF499799 300 (1298.0)
denovo5 C13_AY589740 306 (1285.5)
denovo5 C4_AF499794 300 (1298.0)
denovo5 C1147_EF656433 300 (1298.0)
denovo5 C1c/C45_AY239364 300 (1307.0)
denovo5 C1c/C45_EU449103 300 (1307.0)
denovo5 C21.19_HE579031 300 (1232.0)
denovo5 C21.21_HE579033 300 (1214.0)
denovo5 C21.20_HE579032 300 (1223.0)
denovo5 C42b_AY765403 300 (1280.0)
denovo5 C42_AY258487 300 (1289.0)
denovo5 C1p_GU907652 300 (1289.0)
denovo5 C1d_AY258488 300 (1289.0)
denovo5 C42_AY765402 300 (1298.0)
denovo5 C3ha_AY589736 300 (1232.0)
denovo5 C63a_AY589767 302 (1221.5)
denovo5 C21a_AY589744 300 (1241.0)
denovo5 C3o_GU907653 300 (1241.0)
denovo5 C21.16_HQ630875 300 (1241.0)
denovo5 C21.2_JF683324 300 (1241.0)
denovo5 C21.7_JF683328 300 (1241.0)
denovo5 C21.8_JF683329 300 (1241.0)
denovo5 C3h_AY239365 300 (1241.0)
denovo5 C1203_EU099798 300 (1259.0)
denovo5 C3.10_FJ461505 300 (1280.0)
denovo5 C21.14_FJ461516 300 (1241.0)
denovo5 C21.18_HE579030 306 (1228.5)
denovo5 C3.17_HE579005 300 (1280.0)
denovo5 C3.9_FJ461504 300 (1259.0)
denovo5 C3.8_FJ461503 300 (1280.0)
denovo5 C3.7_FJ461502 300 (1289.0)
denovo5 C3.11_FJ461506 300 (1280.0)
denovo5 C3.18_HE579006 300 (1280.0)
denovo5 C3.19_HE579007 300 (1280.0)
denovo5 C3.20_HE579008 300 (1280.0)
denovo5 C3g_AY589735 302 (1269.5)
denovo5 C3a_AF499790 300 (1280.0)
denovo5 C3e_AF499793 300 (1280.0)
denovo5 C6_AF499796 300 (1271.0)
denovo5 C11_AF499800 300 (1280.0)
denovo5 C36_AY258480 300 (1280.0)
denovo5 C29_AY258494 300 (1280.0)
denovo5 C1146_EF656434 300 (1280.0)
denovo5 C1190_EU099841 300 (1280.0)
denovo5 C131_JF320826 300 (1280.0)
denovo5 C28_AY239380 302 (1269.5)
denovo5 C1012_DQ480604 300 (1280.0)
denovo5 C1181_AB294640 300 (1265.0)
denovo5 C1180_AB294641 300 (1265.0)
denovo5 C1179_AB294645 300 (1265.0)
denovo5 C1176_AB294651 300 (1265.0)
denovo5 C1175_AB294653 300 (1265.0)
denovo5 C1174_AB294655 300 (1265.0)
denovo5 C1177_AB294659 300 (1265.0)
denovo5 C1040_AB190269 300 (1280.0)
denovo5 C1182_AB294649 300 (1280.0)
denovo5 C1089_AJ278598 300 (1280.0)
denovo5 C1028_DQ335357 300 (1280.0)
denovo5 C3.16_EU786015 300 (1280.0)
denovo5 C1097_AJ311943 301 (1270.0)
denovo5 C1170_AB294661 300 (1274.0)
denovo5 C21.17_HE579029 300 (1252.0)
denovo5 C21/3d/C3k_AY239372 300 (1250.0)
denovo5 C58_AY589762 301 (1240.0)
denovo5 C3L_AY589738 303 (1257.0)
denovo5 C1169_AB294660 300 (1274.0)
denovo5 C3.2_FJ461497 300 (1283.0)
denovo5 C3.1_JF683321 300 (1274.0)
denovo5 C1104_AF427469 301 (1279.0)
denovo5 C3b_AF499791 300 (1283.0)
denovo5 C83_GU907661 302 (1278.5)
denovo5 C49_AY589754 341 (1259.0)
denovo5 C3_AB778606 300 (1289.0)
denovo5 C3_AF499789 300 (1289.0)
denovo5 C3_HE579001 300 (1289.0)
denovo5 C21.12_FJ461514 300 (1232.0)
denovo5 C1229_EU074888 300 (1221.0)
denovo5 C1230_EU074889 300 (1230.0)
denovo5 C1114_AB207196 300 (1289.0)
denovo5 C3.21_HE579009 300 (1229.5)
denovo5 C1057_DQ480619 300 (1280.0)
denovo5 C72_AY765407 300 (1252.0)
denovo5 C1b.3_HE578999 300 (1283.0)
denovo5 C93_AJ621536 300 (1280.0)
denovo5 C94_AJ621539 300 (1289.0)
denovo5 C1g_AY589730 300 (1289.0)
denovo5 C1i_AY589731 300 (1280.0)
denovo5 C1j_AY589732 300 (1289.0)
denovo5 C1005_DQ480633 300 (1289.0)
denovo5 C1.7_FJ461494 300 (1289.0)
denovo5 C1.11_HE578984 300 (1289.0)
denovo5 C1.12_HE578985 300 (1289.0)
denovo5 C1.13_HE578986 300 (1289.0)
denovo5 C1.14_HE578987 300 (1289.0)
denovo5 C1.18_HE578991 300 (1289.0)
denovo5 C1.19_HE578992 300 (1289.0)
denovo5 C1199_EU099802 300 (1265.0)
denovo5 C1188_EU099838 300 (1280.0)
denovo5 C1002_DQ838544 300 (1280.0)
denovo5 C1198_EU099810 300 (1289.0)
denovo5 C24_AY239376 300 (1280.0)
denovo5 C1f_AY258490 300 (1289.0)
denovo5 C1006_DQ480629 300 (1289.0)
denovo5 C1010_DQ480607 300 (1289.0)
denovo5 C1007_DQ480624 300 (1280.0)
denovo5 C1011_DQ480605 300 (1289.0)
denovo5 C1009_DQ480608 300 (1289.0)
denovo5 C1041_AY186548 300 (1280.0)
denovo5 C1052_AY186570 300 (1289.0)
denovo5 C1148_EU040178 300 (1289.0)
denovo5 C1234_EU118165 301 (1279.0)
denovo5 C1.5_EF634157 300 (1289.0)
denovo5 C1059_DQ480609 300 (1289.0)
denovo5 C1228_EU074883 300 (1289.0)
denovo5 C1208_EU074963 300 (1289.0)
denovo5 C1207_EU074964 300 (1289.0)
denovo5 C1206_EU074965 300 (1289.0)
denovo5 C1013_DQ480642 300 (1280.0)
denovo5 C80_GU907656 310 (1274.5)
denovo5 C1a_AF499788 300 (1289.0)
denovo5 C41_AY258486 300 (1289.0)
denovo5 C39_AY258484 300 (1220.5)
denovo5 C1231_EU074878 300 (1289.0)
denovo5 C1b.1_HE578997 300 (1283.0)
denovo5 C18_AY258478 300 (1289.0)
denovo5 C1.10_HE578983 300 (1250.0)
denovo5 C1_JN558041 300 (1298.0)
denovo5 C1_HE578979 300 (1298.0)
denovo5 C1_AM748551 300 (1298.0)
denovo5 C1_AF333515 300 (1298.0)
denovo5 C1054_AY186565 301 (1288.0)
denovo5 C1008_DQ480613 300 (1289.0)
denovo5 C1103_AF427470 301 (1288.0)
denovo5 C1226_EU074881 301 (1288.0)
denovo5 C1b/C1e_AY239363 300 (1292.0)
denovo5 C1044_DQ068038 300 (1283.0)
denovo5 C1017_DQ174729 301 (1282.0)
denovo5 C1.6_FJ461493 300 (1289.0)
denovo5 C1b.2_HE578998 300 (1283.0)
denovo5 C1060_DQ480600 300 (1289.0)
denovo5 C1227_EU074882 300 (1289.0)
denovo5 C1197_EU099814 300 (1289.0)
denovo5 C1130_DQ480643 300 (1156.5)
denovo5 D109_AB097465 353 (493.0)
denovo5 D1.11_HE579040 340 (500.0)
denovo5 D105_AF174570 344 (502.5)
denovo5 D104_AF174572 355 (491.0)
denovo5 D1.3_JF683337 349 (500.5)
denovo5 D1.10_HE579039 351 (497.5)
denovo5 D110_AF174561 348 (497.5)
denovo5 D117_AF174542 349 (491.5)
denovo5 D114_AF174549 349 (500.5)
denovo5 D113_AF174557 344 (486.0)
denovo5 D112_AF174558 357 (497.5)
denovo5 D106_AF174559 350 (494.0)
denovo5 D111_AF174560 348 (506.0)
denovo5 D115_AF174562 353 (493.5)
denovo5 D107_AF174568 340 (500.5)
denovo5 D116_AF174571 348 (497.0)
denovo5 D124_EU074897 357 (487.5)
denovo5 D1.8_HE579037 349 (500.5)
denovo5 D3_AY686650 349 (500.5)
denovo5 D1.6_HQ630881 349 (491.5)
denovo5 D120_EU074900 349 (483.0)
denovo5 D121_EU074904 348 (506.0)
denovo5 D122_EU074905 349 (491.5)
denovo5 D1a.2_JF683339 357 (498.5)
denovo5 D1a.1_JF683338 357 (496.5)
denovo5 D2_AY686649 597 (548.0)
denovo5 D4_DQ865214 356 (491.5)
denovo5 D1a_AF499802 349 (492.0)
denovo5 D1a_JN558078 349 (492.0)
denovo5 D123_EU074895 349 (500.5)
denovo5 D108_AF174567 356 (494.5)
denovo5 D103_AF174575 355 (499.5)
denovo5 D100_AF411415 358 (490.5)
denovo5 D118_EF656435 358 (491.0)
denovo5 D101_AF411416 358 (475.5)
denovo5 D119_EU099832 352 (492.5)
denovo5 D102_AF174573 349 (503.5)
denovo5 D1_AF334660 349 (500.5)
denovo5 D1_JN558076 349 (500.5)
denovo5 D1.12_HE579041 340 (475.0)
denovo5 D1.1_AM748564 431 (519.5)
denovo5 D1.2_AM748617 408 (519.5)
denovo5 E111_EU074915 356 (432.5)
denovo5 E110_EU074914 355 (438.0)
denovo5 E114_EU074909 355 (438.0)
denovo5 E1_AF334659 355 (434.5)
denovo5 E105_EU074921 354 (444.5)
denovo5 E112_EU074916 361 (430.5)
denovo5 E104_EU074922 362 (433.5)
denovo5 E102_EU074924 361 (430.5)
denovo5 E103_EU074923 361 (439.5)
denovo5 E101_AY160123 361 (427.0)
denovo5 E109_EU074913 360 (436.0)
denovo5 E100_DQ011618 358 (427.5)
denovo5 E108_EU074912 358 (436.5)
denovo5 E113_EU074908 357 (437.0)
denovo5 E107_EU074910 358 (436.5)
denovo5 F1_JN558066 306 (970.0)
denovo5 F5.2d_AJ291530 308 (958.5)
denovo5 F104_AJ291531 308 (958.5)
denovo5 F5.2c_AM748596 308 (958.5)
denovo5 F5.2_AM748594 305 (967.5)
denovo5 F5.2a_AM748614 305 (967.5)
denovo5 F5.2b_AM748595 305 (958.5)
denovo5 F5.2e_AJ291533 305 (909.5)
denovo5 F5.2g_JN558072 305 (958.5)
denovo5 F5.2f_AJ291512 305 (967.5)
denovo5 F102_AJ291534 305 (958.5)
denovo5 F5.1c_AM748593 305 (940.5)
denovo5 F5.1d_JN558069 305 (967.5)
denovo5 F5.1b_AJ291535 303 (963.5)
denovo5 F5.1_AM748592 305 (967.5)
denovo5 F5.1a_AM748591 304 (965.5)
denovo5 F110_AJ291526 312 (834.0)
denovo5 F4.7_AM748587 313 (867.0)
denovo5 F4.5_AM748585 307 (909.0)
denovo5 F4.4a_AM748583 305 (959.5)
denovo5 F4.4_AM748582 308 (956.5)
denovo5 F4.4b_AM748584 308 (956.0)
denovo5 F4.1a_AM748573 321 (851.0)
denovo5 F112_AJ291528 315 (842.5)
denovo5 F4.1_AM748572 315 (860.5)
denovo5 F4.8b_AM748590 312 (877.0)
denovo5 F4.8_AM748588 314 (874.5)
denovo5 F4.8a_AM748589 312 (877.0)
denovo5 F109_AJ291527 314 (852.5)
denovo5 F4.6_AM748586 315 (878.5)
denovo5 F111_AJ311949 311 (891.5)
denovo5 F4.3c_AM748581 314 (910.0)
denovo5 F4.3a_AM748579 311 (900.5)
denovo5 F4.3b_AM748580 311 (900.5)
denovo5 F4.3_AM748578 311 (909.5)
denovo5 F4.2_AM748574 310 (919.0)
denovo5 F4.2a_AM748575 309 (910.0)
denovo5 F4.2c_AM748577 309 (915.5)
denovo5 F4.2b_AM748576 309 (919.0)
denovo5 F2b_AJ291521 313 (970.0)
denovo5 F2_AJ830908 311 (954.5)
denovo5 F2a_AJ830911 312 (948.0)
denovo5 F3.1a_AM748566 318 (897.5)
denovo5 F114_AJ291525 318 (906.5)
denovo5 F3.1_AM748565 318 (924.5)
denovo5 F3.2_AM748567 315 (952.0)
denovo5 F3.2a_AM748568 317 (975.5)
denovo5 F3.3_AM748569 306 (905.5)
denovo5 F3.4a_AM748571 316 (861.5)
denovo5 F3.4_AM748570 316 (852.5)
denovo5 F3.4b_AM748616 310 (853.0)
denovo5 G101_AJ291539 358 (515.5)
denovo5 G1_AM748597 357 (512.5)
denovo5 G2b_JN558087 347 (505.5)
denovo5 G2_AM748598 348 (500.0)
denovo5 G2a_AM748599 347 (505.5)
denovo5 G4_AM748601 337 (541.5)
denovo5 G3.4_LK392378 336 (516.0)
denovo5 G3_AM748600 332 (540.0)
denovo5 G3.2_KC597694 330 (457.0)
denovo5 G3.1_KC597688 335 (521.0)
denovo5 G100_AB253788 331 (518.5)
denovo5 G3.3_LK392377 331 (518.5)
denovo5 H6_AJ291520 662 (331.0)
denovo5 H3_AM748606 306 (880.0)
denovo5 H2_AM748605 306 (915.5)
denovo5 H4_AM748607 316 (840.0)
denovo5 H4a_AM748608 316 (855.0)
denovo5 H5a_AM748611 311 (825.0)
denovo5 H5b_AM748610 314 (832.5)
denovo5 H5_AJ621129 311 (834.0)
denovo5 H5_AM748609 311 (834.0)
denovo5 H100_AJ291513 313 (847.5)
denovo5 H1b_AM748604 318 (848.0)
denovo5 H1a_AM748612 318 (848.0)
denovo5 H1_AJ621152 318 (848.0)
denovo5 H1_AM748602 318 (848.0)
denovo5 I3_FN561561 341 (692.0)
denovo5 I4_FN561562 328 (699.5)
denovo5 I1_FN561559 323 (657.5)
denovo5 I2_FN561560 328 (681.5)

#---------------------------------------
#---------------------------------------
